2025-10-31 00:15:56,960 : INFO : root : Loading config.
2025-10-31 00:15:56,961 : INFO : YamlMultifileConfigLoader : Machine config file #1: config.yaml
2025-10-31 00:15:56,962 : INFO : ConfigProcessor : Loading config from cache: /var/folders/m3/0d4y64_n3fn8tnkv3ydlhztw0000gn/T/5ca32a6c950d03116abbed96ca44d372.mpf_cache
2025-10-31 00:15:56,985 : INFO : ConfigProcessor : Loading config from cache: /var/folders/m3/0d4y64_n3fn8tnkv3ydlhztw0000gn/T/01c495fa7450a81b4be96cb699872531.mpf_cache
2025-10-31 00:15:56,986 : INFO : ConfigProcessor : Loading config from cache: /var/folders/m3/0d4y64_n3fn8tnkv3ydlhztw0000gn/T/bfde29b5bb803376b0637bb8f0da27a7.mpf_cache
2025-10-31 00:15:56,986 : INFO : ConfigProcessor : Loading config from cache: /var/folders/m3/0d4y64_n3fn8tnkv3ydlhztw0000gn/T/01c495fa7450a81b4be96cb699872531.mpf_cache
2025-10-31 00:15:56,986 : INFO : ConfigProcessor : Loading config from cache: /var/folders/m3/0d4y64_n3fn8tnkv3ydlhztw0000gn/T/3ae89e09515ff8d8b11d68f672b2cc51.mpf_cache
2025-10-31 00:15:56,986 : INFO : ConfigProcessor : Loading config from cache: /var/folders/m3/0d4y64_n3fn8tnkv3ydlhztw0000gn/T/4c420229fa75118c2461cfc9ff5a44e2.mpf_cache
2025-10-31 00:15:56,986 : INFO : Machine : Mission Pinball Framework Core Engine v0.80.0.dev10
2025-10-31 00:15:56,986 : INFO : Machine : Command line arguments: {'no_load_cache': False, 'create_config_cache': True, 'bcp': True, 'configfile': ['config.yaml'], 'force_assets_load': False, 'platform_integration_test': False, 'jsonlogging': False, 'logfile': 'logs/2025-10-31-00-15-56-mpf-mac.home.log', 'pause': False, 'production': False, 'text_ui': False, 'loglevel': 15, 'consoleloglevel': 20, 'force_platform': 'virtual', 'syslog_address': None, 'full_logfile_path': '/Users/didiergilbin/Desktop/Homebrew_CSI/logs/2025-10-31-00-15-56-mpf-mac.home.log'}
2025-10-31 00:15:56,986 : INFO : Machine : MPF path: /Users/didiergilbin/mpfenv/lib/python3.13/site-packages/mpf
2025-10-31 00:15:56,986 : INFO : Machine : Machine path: /Users/didiergilbin/Desktop/Homebrew_CSI
2025-10-31 00:15:56,986 : INFO : Machine : Platform: darwin
2025-10-31 00:15:56,986 : INFO : Machine : Python executable location: /Users/didiergilbin/mpfenv/bin/python3.13
2025-10-31 00:15:56,986 : INFO : Machine : Python version: 3.13.7 (64-bit)
2025-10-31 00:15:56,987 : INFO : Machine : Initializing MPF...
2025-10-31 00:15:57,011 : INFO : EventManager : Event: ======'machine_var_credits_string'====== Args={'value': 'FREE PLAY', 'prev_value': None, 'change': True}
2025-10-31 00:15:57,016 : INFO : EventManager : Event: ======'machine_var_master_volume'====== Args={'value': 0.5, 'prev_value': None, 'change': True}
2025-10-31 00:15:57,016 : INFO : EventManager : Event: ======'machine_var_player1_score'====== Args={'value': 0, 'prev_value': None, 'change': True}
2025-10-31 00:15:57,016 : INFO : EventManager : Event: ======'machine_var_player2_score'====== Args={'value': 0, 'prev_value': None, 'change': True}
2025-10-31 00:15:57,016 : INFO : EventManager : Event: ======'machine_var_mpf_version'====== Args={'value': 'Mission Pinball Framework v0.80.0.dev10', 'prev_value': None, 'change': True}
2025-10-31 00:15:57,016 : INFO : EventManager : Event: ======'machine_var_mpf_extended_version'====== Args={'value': 'Mission Pinball Framework v0.80.0.dev10, Config version:6, Show version: 6, BCP version:1.1', 'prev_value': None, 'change': True}
2025-10-31 00:15:57,016 : INFO : EventManager : Event: ======'machine_var_python_version'====== Args={'value': '3.13.7', 'prev_value': None, 'change': True}
2025-10-31 00:15:57,022 : INFO : EventManager : Event: ======'machine_var_platform'====== Args={'value': 'macOS-15.6.1-arm64-arm-64bit-Mach-O', 'prev_value': None, 'change': True}
2025-10-31 00:15:57,023 : INFO : EventManager : Event: ======'machine_var_platform_system'====== Args={'value': 'Darwin', 'prev_value': None, 'change': True}
2025-10-31 00:15:57,023 : INFO : EventManager : Event: ======'machine_var_platform_release'====== Args={'value': '24.6.0', 'prev_value': None, 'change': True}
2025-10-31 00:15:57,023 : INFO : EventManager : Event: ======'machine_var_platform_version'====== Args={'value': 'Darwin Kernel Version 24.6.0: Mon Jul 14 11:30:40 PDT 2025; root:xnu-11417.140.69~1/RELEASE_ARM64_T8132', 'prev_value': None, 'change': True}
2025-10-31 00:15:57,023 : INFO : EventManager : Event: ======'machine_var_platform_machine'====== Args={'value': 'arm64', 'prev_value': None, 'change': True}
2025-10-31 00:15:57,023 : INFO : EventManager : Event: ======'machine_var_log_file_path'====== Args={'value': '/Users/didiergilbin/Desktop/Homebrew_CSI/logs/2025-10-31-00-15-56-mpf-mac.home.log', 'prev_value': None, 'change': True}
2025-10-31 00:15:57,023 : INFO : EventManager : Event: ======'init_phase_1'====== Args={}
2025-10-31 00:15:57,028 : INFO : EventManager : Event: ======'init_phase_2'====== Args={}
2025-10-31 00:15:57,028 : INFO : SwitchController : Found active switch: ('2', <Platform.Virtual>) <switch.s_trough1>
2025-10-31 00:15:57,028 : INFO : SwitchController : Found active switch: ('3', <Platform.Virtual>) <switch.s_trough2>
2025-10-31 00:15:57,028 : INFO : SwitchController : Found active switch: ('4', <Platform.Virtual>) <switch.s_trough3>
2025-10-31 00:15:57,028 : INFO : SwitchController : Found active switch: ('5', <Platform.Virtual>) <switch.s_trough4>
2025-10-31 00:15:57,029 : INFO : EventManager : Event: ======'bcp_connection_attempt'====== Args={'name': 'local_display', 'host': 'localhost', 'port': 5050}
2025-10-31 00:15:57,030 : INFO : BCPClientSocket : Connecting BCP to 'local_display' at localhost:5050...
2025-10-31 00:15:57,032 : INFO : BCPClientSocket : Connected BCP to 'local_display' localhost:5050
2025-10-31 00:15:57,032 : INFO : EventManager : Event: ======'bcp_clients_connected'====== Args={}
2025-10-31 00:15:57,032 : INFO : ball_device.bd_drain : BCH: Initial count: 0
2025-10-31 00:15:57,032 : INFO : ball_device.bd_drain : State: idle
2025-10-31 00:15:57,033 : INFO : ball_device.bd_trough : BCH: Initial count: 4
2025-10-31 00:15:57,033 : INFO : ball_device.bd_trough : State: idle
2025-10-31 00:15:57,033 : INFO : ball_device.bd_plunger : BCH: Initial count: 0
2025-10-31 00:15:57,033 : INFO : ball_device.bd_plunger : State: idle
2025-10-31 00:15:57,036 : INFO : EventManager : Event: ======'init_phase_3'====== Args={}
2025-10-31 00:15:57,037 : INFO : EventManager : Event: ======'init_phase_4'====== Args={}
2025-10-31 00:15:57,037 : INFO : BallController : Initial balls found: 4
2025-10-31 00:15:57,037 : INFO : EventManager : Event: ======'machine_var_audits_events_game_ended'====== Args={'value': 24, 'prev_value': None, 'change': True}
2025-10-31 00:15:57,037 : INFO : EventManager : Event: ======'machine_var_audits_events_game_started'====== Args={'value': 218, 'prev_value': None, 'change': True}
2025-10-31 00:15:57,037 : INFO : EventManager : Event: ======'machine_var_audits_missing_switches_s_launch_button'====== Args={'value': 218, 'prev_value': None, 'change': True}
2025-10-31 00:15:57,037 : INFO : EventManager : Event: ======'machine_var_audits_missing_switches_s_left_flipper'====== Args={'value': 26, 'prev_value': None, 'change': True}
2025-10-31 00:15:57,037 : INFO : EventManager : Event: ======'machine_var_audits_missing_switches_s_popbumper1'====== Args={'value': 2, 'prev_value': None, 'change': True}
2025-10-31 00:15:57,037 : INFO : EventManager : Event: ======'machine_var_audits_missing_switches_s_popbumper2'====== Args={'value': 2, 'prev_value': None, 'change': True}
2025-10-31 00:15:57,037 : INFO : EventManager : Event: ======'machine_var_audits_missing_switches_s_popbumper3'====== Args={'value': 8, 'prev_value': None, 'change': True}
2025-10-31 00:15:57,037 : INFO : EventManager : Event: ======'machine_var_audits_missing_switches_s_right_flipper'====== Args={'value': 26, 'prev_value': None, 'change': True}
2025-10-31 00:15:57,037 : INFO : EventManager : Event: ======'machine_var_audits_missing_switches_s_scoop'====== Args={'value': 36, 'prev_value': None, 'change': True}
2025-10-31 00:15:57,037 : INFO : EventManager : Event: ======'machine_var_audits_missing_switches_s_sling_left'====== Args={'value': 218, 'prev_value': None, 'change': True}
2025-10-31 00:15:57,037 : INFO : EventManager : Event: ======'machine_var_audits_missing_switches_s_sling_right'====== Args={'value': 218, 'prev_value': None, 'change': True}
2025-10-31 00:15:57,037 : INFO : EventManager : Event: ======'machine_var_audits_missing_switches_s_trough3'====== Args={'value': 218, 'prev_value': None, 'change': True}
2025-10-31 00:15:57,037 : INFO : EventManager : Event: ======'machine_var_audits_missing_switches_s_trough4'====== Args={'value': 218, 'prev_value': None, 'change': True}
2025-10-31 00:15:57,037 : INFO : EventManager : Event: ======'machine_var_audits_missing_switches_s_trough_jam'====== Args={'value': 47, 'prev_value': None, 'change': True}
2025-10-31 00:15:57,037 : INFO : EventManager : Event: ======'machine_var_audits_player_score'====== Args={'value': {'average': 375949, 'top': [10210000, 1550000, 1070000, 1070000, 810000, 640000, 410000, 380000, 370000, 330000], 'total': 52}, 'prev_value': None, 'change': True}
2025-10-31 00:15:57,037 : INFO : EventManager : Event: ======'machine_var_audits_shots_bumper1'====== Args={'value': 3005, 'prev_value': None, 'change': True}
2025-10-31 00:15:57,037 : INFO : EventManager : Event: ======'machine_var_audits_shots_bumper2'====== Args={'value': 2995, 'prev_value': None, 'change': True}
2025-10-31 00:15:57,037 : INFO : EventManager : Event: ======'machine_var_audits_shots_bumper3'====== Args={'value': 2627, 'prev_value': None, 'change': True}
2025-10-31 00:15:57,037 : INFO : EventManager : Event: ======'machine_var_audits_switches_s_drain'====== Args={'value': 234, 'prev_value': None, 'change': True}
2025-10-31 00:15:57,037 : INFO : EventManager : Event: ======'machine_var_audits_switches_s_launch_button'====== Args={'value': 0, 'prev_value': None, 'change': True}
2025-10-31 00:15:57,037 : INFO : EventManager : Event: ======'machine_var_audits_switches_s_left_flipper'====== Args={'value': 16, 'prev_value': None, 'change': True}
2025-10-31 00:15:57,037 : INFO : EventManager : Event: ======'machine_var_audits_switches_s_plunger_lane'====== Args={'value': 377, 'prev_value': None, 'change': True}
2025-10-31 00:15:57,037 : INFO : EventManager : Event: ======'machine_var_audits_switches_s_popbumper1'====== Args={'value': 3005, 'prev_value': None, 'change': True}
2025-10-31 00:15:57,037 : INFO : EventManager : Event: ======'machine_var_audits_switches_s_popbumper2'====== Args={'value': 2995, 'prev_value': None, 'change': True}
2025-10-31 00:15:57,037 : INFO : EventManager : Event: ======'machine_var_audits_switches_s_popbumper3'====== Args={'value': 2627, 'prev_value': None, 'change': True}
2025-10-31 00:15:57,037 : INFO : EventManager : Event: ======'machine_var_audits_switches_s_right_flipper'====== Args={'value': 32, 'prev_value': None, 'change': True}
2025-10-31 00:15:57,037 : INFO : EventManager : Event: ======'machine_var_audits_switches_s_scoop'====== Args={'value': 48, 'prev_value': None, 'change': True}
2025-10-31 00:15:57,037 : INFO : EventManager : Event: ======'machine_var_audits_switches_s_sling_left'====== Args={'value': 0, 'prev_value': None, 'change': True}
2025-10-31 00:15:57,037 : INFO : EventManager : Event: ======'machine_var_audits_switches_s_sling_right'====== Args={'value': 0, 'prev_value': None, 'change': True}
2025-10-31 00:15:57,037 : INFO : EventManager : Event: ======'machine_var_audits_switches_s_start'====== Args={'value': 488, 'prev_value': None, 'change': True}
2025-10-31 00:15:57,038 : INFO : EventManager : Event: ======'machine_var_audits_switches_s_trough1'====== Args={'value': 154, 'prev_value': None, 'change': True}
2025-10-31 00:15:57,038 : INFO : EventManager : Event: ======'machine_var_audits_switches_s_trough2'====== Args={'value': 7, 'prev_value': None, 'change': True}
2025-10-31 00:15:57,038 : INFO : EventManager : Event: ======'machine_var_audits_switches_s_trough3'====== Args={'value': 0, 'prev_value': None, 'change': True}
2025-10-31 00:15:57,038 : INFO : EventManager : Event: ======'machine_var_audits_switches_s_trough4'====== Args={'value': 0, 'prev_value': None, 'change': True}
2025-10-31 00:15:57,038 : INFO : EventManager : Event: ======'machine_var_audits_switches_s_trough_jam'====== Args={'value': 2, 'prev_value': None, 'change': True}
2025-10-31 00:15:57,038 : INFO : EventManager : Event: ======'init_phase_5'====== Args={}
2025-10-31 00:15:57,038 : INFO : EventManager : Event: ======'init_done'====== Args={}
2025-10-31 00:15:57,038 : INFO : EventManager : Event: ======'machine_reset_phase_1'====== Args={}
2025-10-31 00:15:57,041 : INFO : EventManager : Event: ======'machine_reset_phase_2'====== Args={}
2025-10-31 00:15:57,041 : INFO : EventManager : Event: ======'machine_reset_phase_3'====== Args={}
2025-10-31 00:15:57,042 : INFO : EventManager : Event: ======'reset_complete'====== Args={}
2025-10-31 00:15:57,042 : INFO : EventManager : Event: ======'mode_attract_will_start'====== Args={}
2025-10-31 00:15:57,042 : INFO : Timer.attract_carousel_timer : Starting Timer.
2025-10-31 00:15:57,042 : INFO : EventManager : Event: ======'timer_attract_carousel_timer_started'====== Args={'ticks': 0, 'ticks_remaining': 1}
2025-10-31 00:15:57,042 : INFO : EventManager : Event: ======'timer_attract_carousel_timer_tick'====== Args={'ticks': 0, 'ticks_remaining': 1}
2025-10-31 00:15:57,042 : INFO : EventManager : Event: ======'mode_attract_starting'====== Args={}
2025-10-31 00:15:57,042 : INFO : Mode.attract : Started. Priority: 10
2025-10-31 00:15:57,042 : INFO : EventManager : Event: ======'modes_active_modes_changed'====== Args={}
2025-10-31 00:15:57,042 : INFO : EventManager : Event: ======'mode_attract_started'====== Args={}
2025-10-31 00:15:57,042 : INFO : EventManager : Event: ======'collecting_balls_complete'====== Args={}
2025-10-31 00:15:57,043 : INFO : EventManager : Event: ======'carousel_item_highlighted'====== Args={'carousel': 'attract', 'direction': None, 'item': 'title'}
2025-10-31 00:15:57,043 : INFO : Machine : Starting the main run loop with active modes: [<Mode.attract>]
2025-10-31 00:15:57,492 : INFO : EventManager : Event: ======'slide_attract_created'====== Args={'_from_bcp': True}
2025-10-31 00:15:57,492 : INFO : EventManager : Event: ======'slide__removed'====== Args={'_from_bcp': True}
2025-10-31 00:15:57,492 : INFO : EventManager : Event: ======'slide_attract_active'====== Args={'original_context': 'attract', 'original_calling_context': 'mode_attract_started', 'priority': 10.0, 'cmd': 'slides_play', '_from_bcp': True}
2025-10-31 00:15:57,574 : INFO : BcpServer : New client connected.
2025-10-31 00:16:02,043 : INFO : Timer.attract_carousel_timer : Timer Complete
2025-10-31 00:16:02,043 : INFO : Timer.attract_carousel_timer : Stopping Timer
2025-10-31 00:16:02,043 : INFO : EventManager : Event: ======'timer_attract_carousel_timer_stopped'====== Args={'ticks': 1, 'ticks_remaining': 1}
2025-10-31 00:16:02,044 : INFO : EventManager : Event: ======'timer_attract_carousel_timer_complete'====== Args={'ticks': 1, 'ticks_remaining': 1}
2025-10-31 00:16:02,044 : INFO : EventManager : Event: ======'carousel_item_highlighted'====== Args={'carousel': 'attract', 'direction': 'forwards', 'item': 'credits'}
2025-10-31 00:16:19,792 : INFO : SwitchController : <<<<<<< 's_start' active >>>>>>>
2025-10-31 00:16:19,874 : INFO : SwitchController : <<<<<<< 's_start' inactive >>>>>>>
2025-10-31 00:16:19,875 : INFO : EventManager : Event: ======'request_to_start_game'====== Args={}
2025-10-31 00:16:19,876 : INFO : EventManager : Event: ======'game_start'====== Args={'buttons': [], 'hold_time': 0.08268670795951039}
2025-10-31 00:16:19,876 : INFO : EventManager : Event: ======'mode_game_will_start'====== Args={'buttons': [], 'hold_time': 0.08268670795951039}
2025-10-31 00:16:19,877 : INFO : EventManager : Event: ======'mode_game_starting'====== Args={'buttons': [], 'hold_time': 0.08268670795951039}
2025-10-31 00:16:19,878 : INFO : EventManager : Event: ======'mode_attract_will_stop'====== Args={}
2025-10-31 00:16:19,878 : INFO : EventManager : Event: ======'mode_attract_stopping'====== Args={}
2025-10-31 00:16:19,878 : INFO : Mode.attract : Stopped.
2025-10-31 00:16:19,878 : INFO : EventManager : Event: ======'modes_active_modes_changed'====== Args={}
2025-10-31 00:16:19,879 : INFO : EventManager : Event: ======'mode_attract_stopped'====== Args={}
2025-10-31 00:16:19,879 : INFO : EventManager : Event: ======'clear'====== Args={'key': 'attract'}
2025-10-31 00:16:19,879 : INFO : Timer.attract_carousel_timer : Stopping Timer
2025-10-31 00:16:19,879 : INFO : EventManager : Event: ======'timer_attract_carousel_timer_stopped'====== Args={'ticks': 1, 'ticks_remaining': 1}
2025-10-31 00:16:19,879 : INFO : Mode.game : Started. Priority: 20
2025-10-31 00:16:19,879 : INFO : EventManager : Event: ======'modes_active_modes_changed'====== Args={}
2025-10-31 00:16:19,880 : INFO : EventManager : Event: ======'mode_game_started'====== Args={'buttons': [], 'hold_time': 0.08268670795951039}
2025-10-31 00:16:19,881 : INFO : EventManager : Event: ======'game_will_start'====== Args={}
2025-10-31 00:16:19,881 : INFO : EventManager : Event: ======'game_starting'====== Args={'game': <Mode.game>}
2025-10-31 00:16:19,882 : INFO : EventManager : Unordered handler for class <Auditor> on event game_ended with priority 1. Handlers: [RegisteredHandler(callback=<bound method Auditor.disable of <Auditor>>, priority=1, kwargs={}, key=UUID('b194a5df-35d4-4e93-bc76-6fef988ae4ef'), condition=None, blocking_facility=None), RegisteredHandler(callback=<bound method Auditor._save_audits of <Auditor>>, priority=1, kwargs={}, key=UUID('fb8e0c75-4fd1-417b-af7f-bdaa8a1eadba'), condition=None, blocking_facility=None)]. The order of those handlers is not defined and they will be executed in random order. This might lead to race conditions and potential bugs.
2025-10-31 00:16:19,882 : INFO : EventManager : Event: ======'player_add_request'====== Args={}
2025-10-31 00:16:19,883 : INFO : EventManager : Event: ======'player_will_add'====== Args={'number': 1}
2025-10-31 00:16:19,883 : INFO : EventManager : Event: ======'player_adding'====== Args={'player': <Player 1>, 'number': 1}
2025-10-31 00:16:19,883 : INFO : EventManager : Event: ======'player_added'====== Args={'player': <Player 1>, 'num': 1}
2025-10-31 00:16:19,883 : INFO : Mode.game : Player added successfully. Total players: 1
2025-10-31 00:16:19,884 : INFO : EventManager : Event: ======'player_index'====== Args={'value': 0, 'prev_value': 0, 'change': 0, 'player_num': 1}
2025-10-31 00:16:19,884 : INFO : EventManager : Event: ======'player_number'====== Args={'value': 1, 'prev_value': 1, 'change': 0, 'player_num': 1}
2025-10-31 00:16:19,884 : INFO : EventManager : Event: ======'player_score'====== Args={'value': 0, 'prev_value': 0, 'change': 0, 'player_num': 1}
2025-10-31 00:16:19,885 : INFO : EventManager : Event: ======'game_started'====== Args={}
2025-10-31 00:16:19,885 : INFO : EventManager : Event: ======'player_turn_will_start'====== Args={'player': <Player 1>, 'number': 1}
2025-10-31 00:16:19,885 : INFO : EventManager : Event: ======'player_turn_starting'====== Args={'player': <Player 1>, 'number': 1}
2025-10-31 00:16:19,890 : INFO : EventManager : Event: ======'player_ball'====== Args={'value': 1, 'prev_value': 0, 'change': 1, 'player_num': 1}
2025-10-31 00:16:19,891 : INFO : EventManager : Event: ======'player_turn_started'====== Args={'player': <Player 1>, 'number': 1}
2025-10-31 00:16:19,892 : INFO : EventManager : Event: ======'ball_will_start'====== Args={'player': 1, 'ball': 1, 'balls_remaining': 2, 'is_extra_ball': False}
2025-10-31 00:16:19,892 : INFO : EventManager : Event: ======'ball_starting'====== Args={'player': 1, 'ball': 1, 'balls_remaining': 2, 'is_extra_ball': False}
2025-10-31 00:16:19,893 : INFO : EventManager : Event: ======'mode_base_will_start'====== Args={'queue': <QueuedEvent>, 'player': 1, 'ball': 1, 'balls_remaining': 2, 'is_extra_ball': False}
2025-10-31 00:16:19,893 : INFO : EventManager : Event: ======'player_base_player_added_timer_tick'====== Args={'value': 0, 'prev_value': 0, 'change': 0, 'player_num': 1}
2025-10-31 00:16:19,893 : INFO : Timer.player_added_timer : Starting Timer.
2025-10-31 00:16:19,893 : INFO : EventManager : Event: ======'timer_player_added_timer_started'====== Args={'ticks': 0, 'ticks_remaining': 1}
2025-10-31 00:16:19,894 : INFO : EventManager : Event: ======'timer_player_added_timer_tick'====== Args={'ticks': 0, 'ticks_remaining': 1}
2025-10-31 00:16:19,894 : INFO : EventManager : Event: ======'mode_base_starting'====== Args={'queue': <QueuedEvent>, 'player': 1, 'ball': 1, 'balls_remaining': 2, 'is_extra_ball': False}
2025-10-31 00:16:19,895 : INFO : Mode.base : Started. Priority: 100
2025-10-31 00:16:19,895 : INFO : EventManager : Event: ======'modes_active_modes_changed'====== Args={}
2025-10-31 00:16:19,895 : INFO : EventManager : Event: ======'mode_base_started'====== Args={'queue': <QueuedEvent>, 'player': 1, 'ball': 1, 'balls_remaining': 2, 'is_extra_ball': False}
2025-10-31 00:16:19,895 : INFO : EventManager : Event: ======'start_mode_bumpers'====== Args={'priority': 0}
2025-10-31 00:16:19,895 : INFO : EventManager : Event: ======'mode_bumpers_will_start'====== Args={'priority': 0}
2025-10-31 00:16:19,896 : INFO : EventManager : Event: ======'player_shot_bumper1_enabled'====== Args={'value': True, 'prev_value': 0, 'change': 1, 'player_num': 1}
2025-10-31 00:16:19,896 : INFO : EventManager : Event: ======'player_shot_bumper2_enabled'====== Args={'value': True, 'prev_value': 0, 'change': 1, 'player_num': 1}
2025-10-31 00:16:19,896 : INFO : EventManager : Event: ======'player_shot_bumper3_enabled'====== Args={'value': True, 'prev_value': 0, 'change': 1, 'player_num': 1}
2025-10-31 00:16:19,897 : INFO : EventManager : Event: ======'bumpers_complete'====== Args={'state': 'unlit'}
2025-10-31 00:16:19,897 : INFO : EventManager : Event: ======'bumpers_unlit_complete'====== Args={}
2025-10-31 00:16:19,898 : INFO : EventManager : Event: ======'mode_bumpers_starting'====== Args={'priority': 0}
2025-10-31 00:16:19,898 : INFO : Mode.bumpers : Started. Priority: 200
2025-10-31 00:16:19,898 : INFO : EventManager : Event: ======'modes_active_modes_changed'====== Args={}
2025-10-31 00:16:19,898 : INFO : EventManager : Event: ======'mode_bumpers_started'====== Args={'priority': 0}
2025-10-31 00:16:19,898 : INFO : EventManager : Event: ======'balls_in_play'====== Args={'balls': 1}
2025-10-31 00:16:19,899 : INFO : EventManager : Event: ======'ball_started'====== Args={'player': 1, 'ball': 1, 'balls_remaining': 2, 'is_extra_ball': False}
2025-10-31 00:16:19,899 : INFO : EventManager : Event: ======'single_player_ball_started'====== Args={}
2025-10-31 00:16:19,900 : INFO : EventManager : Event: ======'ball_start_target'====== Args={'target': 'playfield'}
2025-10-31 00:16:19,900 : INFO : ball_device.bd_trough : Setting up player-controlled eject. Balls: 1, Target: <playfield.playfield>, player_controlled_eject_event: None
2025-10-31 00:16:19,900 : INFO : ball_device.bd_trough : Adding 1 ball(s) to the eject_queue with target <playfield.playfield>.
2025-10-31 00:16:19,901 : INFO : EventManager : Event: ======'balldevice_balls_available'====== Args={}
2025-10-31 00:16:19,901 : INFO : ball_device.bd_trough : State: waiting_for_target_ready
2025-10-31 00:16:19,901 : INFO : EventManager : Event: ======'balldevice_bd_trough_ball_eject_attempt'====== Args={'balls': 1, 'target': <ball_device.bd_plunger>, 'source': <ball_device.bd_trough>, 'mechanical_eject': False, 'num_attempts': 0}
2025-10-31 00:16:19,902 : INFO : ball_device.bd_plunger : State: waiting_for_ball
2025-10-31 00:16:19,902 : INFO : ball_device.bd_trough : State: ejecting
2025-10-31 00:16:19,902 : INFO : ball_device.bd_trough : Ejecting ball to <ball_device.bd_plunger>
2025-10-31 00:16:19,902 : INFO : EventManager : Event: ======'balldevice_bd_trough_ejecting_ball'====== Args={'balls': 1, 'target': <ball_device.bd_plunger>, 'source': <ball_device.bd_trough>, 'mechanical_eject': False, 'num_attempts': 0}
2025-10-31 00:16:19,903 : INFO : ball_device.bd_trough : Wait for ball to leave device
2025-10-31 00:16:19,903 : INFO : coil.c_trough_eject : Pulsing Driver for 20ms (1.0 pulse_power)
2025-10-31 00:16:20,129 : INFO : EventManager : Event: ======'slide_base_slide_created'====== Args={'_from_bcp': True}
2025-10-31 00:16:20,129 : INFO : EventManager : Event: ======'slide_attract_inactive'====== Args={'is_removing': True, '_from_bcp': True}
2025-10-31 00:16:20,130 : INFO : EventManager : Event: ======'slide_base_slide_active'====== Args={'original_context': 'base', 'original_calling_context': 'mode_base_started', 'priority': 100.0, 'queue': '<QueuedEvent>', 'player': 1.0, 'ball': 1.0, 'balls_remaining': 2.0, 'is_extra_ball': False, 'cmd': 'slides_play', '_from_bcp': True}
2025-10-31 00:16:20,130 : INFO : EventManager : Event: ======'slide_attract_removed'====== Args={'_from_bcp': True}
2025-10-31 00:16:20,595 : INFO : EventManager : Event: ======'player_base_player_added_timer_tick'====== Args={'value': 1, 'prev_value': 0, 'change': 1, 'player_num': 1}
2025-10-31 00:16:20,596 : INFO : Timer.player_added_timer : Timer Complete
2025-10-31 00:16:20,596 : INFO : Timer.player_added_timer : Stopping Timer
2025-10-31 00:16:20,596 : INFO : EventManager : Event: ======'timer_player_added_timer_stopped'====== Args={'ticks': 1, 'ticks_remaining': 1}
2025-10-31 00:16:20,596 : INFO : EventManager : Event: ======'timer_player_added_timer_complete'====== Args={'ticks': 1, 'ticks_remaining': 1}
2025-10-31 00:16:22,904 : INFO : EventManager : Event: ======'balldevice_bd_trough_ball_eject_failed'====== Args={'target': <ball_device.bd_plunger>, 'balls': 1, 'retry': True, 'num_attempts': 1}
2025-10-31 00:16:22,906 : INFO : ball_device.bd_trough : State: waiting_for_target_ready
2025-10-31 00:16:22,906 : INFO : EventManager : Event: ======'balldevice_bd_trough_ball_eject_attempt'====== Args={'balls': 1, 'target': <ball_device.bd_plunger>, 'source': <ball_device.bd_trough>, 'mechanical_eject': False, 'num_attempts': 1}
2025-10-31 00:16:22,908 : INFO : ball_device.bd_trough : State: ejecting
2025-10-31 00:16:22,908 : INFO : ball_device.bd_trough : Ejecting ball to <ball_device.bd_plunger>
2025-10-31 00:16:22,908 : INFO : EventManager : Event: ======'balldevice_bd_trough_ejecting_ball'====== Args={'balls': 1, 'target': <ball_device.bd_plunger>, 'source': <ball_device.bd_trough>, 'mechanical_eject': False, 'num_attempts': 1}
2025-10-31 00:16:22,909 : INFO : ball_device.bd_trough : Wait for ball to leave device
2025-10-31 00:16:22,909 : INFO : coil.c_trough_eject : Pulsing Driver for 20ms (1.0 pulse_power)
2025-10-31 00:16:25,910 : INFO : EventManager : Event: ======'balldevice_bd_trough_ball_eject_failed'====== Args={'target': <ball_device.bd_plunger>, 'balls': 1, 'retry': True, 'num_attempts': 2}
2025-10-31 00:16:25,911 : INFO : ball_device.bd_trough : State: waiting_for_target_ready
2025-10-31 00:16:25,912 : INFO : EventManager : Event: ======'balldevice_bd_trough_ball_eject_attempt'====== Args={'balls': 1, 'target': <ball_device.bd_plunger>, 'source': <ball_device.bd_trough>, 'mechanical_eject': False, 'num_attempts': 2}
2025-10-31 00:16:25,912 : INFO : ball_device.bd_trough : State: ejecting
2025-10-31 00:16:25,912 : INFO : ball_device.bd_trough : Ejecting ball to <ball_device.bd_plunger>
2025-10-31 00:16:25,912 : INFO : EventManager : Event: ======'balldevice_bd_trough_ejecting_ball'====== Args={'balls': 1, 'target': <ball_device.bd_plunger>, 'source': <ball_device.bd_trough>, 'mechanical_eject': False, 'num_attempts': 2}
2025-10-31 00:16:25,913 : INFO : ball_device.bd_trough : Wait for ball to leave device
2025-10-31 00:16:25,913 : INFO : coil.c_trough_eject : Pulsing Driver for 20ms (1.0 pulse_power)
2025-10-31 00:16:28,914 : INFO : EventManager : Event: ======'balldevice_bd_trough_ball_eject_failed'====== Args={'target': <ball_device.bd_plunger>, 'balls': 1, 'retry': True, 'num_attempts': 3}
2025-10-31 00:16:28,916 : INFO : ball_device.bd_trough : State: waiting_for_target_ready
2025-10-31 00:16:28,916 : INFO : EventManager : Event: ======'balldevice_bd_trough_ball_eject_attempt'====== Args={'balls': 1, 'target': <ball_device.bd_plunger>, 'source': <ball_device.bd_trough>, 'mechanical_eject': False, 'num_attempts': 3}
2025-10-31 00:16:28,917 : INFO : ball_device.bd_trough : State: ejecting
2025-10-31 00:16:28,917 : INFO : ball_device.bd_trough : Ejecting ball to <ball_device.bd_plunger>
2025-10-31 00:16:28,917 : INFO : EventManager : Event: ======'balldevice_bd_trough_ejecting_ball'====== Args={'balls': 1, 'target': <ball_device.bd_plunger>, 'source': <ball_device.bd_trough>, 'mechanical_eject': False, 'num_attempts': 3}
2025-10-31 00:16:28,917 : INFO : ball_device.bd_trough : Wait for ball to leave device
2025-10-31 00:16:28,917 : INFO : coil.c_trough_eject : Pulsing Driver for 20ms (1.0 pulse_power)
2025-10-31 00:16:31,919 : INFO : EventManager : Event: ======'balldevice_bd_trough_ball_eject_failed'====== Args={'target': <ball_device.bd_plunger>, 'balls': 1, 'retry': True, 'num_attempts': 4}
2025-10-31 00:16:31,920 : INFO : ball_device.bd_trough : State: waiting_for_target_ready
2025-10-31 00:16:31,920 : INFO : EventManager : Event: ======'balldevice_bd_trough_ball_eject_attempt'====== Args={'balls': 1, 'target': <ball_device.bd_plunger>, 'source': <ball_device.bd_trough>, 'mechanical_eject': False, 'num_attempts': 4}
2025-10-31 00:16:31,921 : INFO : ball_device.bd_trough : State: ejecting
2025-10-31 00:16:31,921 : INFO : ball_device.bd_trough : Ejecting ball to <ball_device.bd_plunger>
2025-10-31 00:16:31,921 : INFO : EventManager : Event: ======'balldevice_bd_trough_ejecting_ball'====== Args={'balls': 1, 'target': <ball_device.bd_plunger>, 'source': <ball_device.bd_trough>, 'mechanical_eject': False, 'num_attempts': 4}
2025-10-31 00:16:31,922 : INFO : ball_device.bd_trough : Wait for ball to leave device
2025-10-31 00:16:31,922 : INFO : coil.c_trough_eject : Pulsing Driver for 20ms (1.0 pulse_power)
2025-10-31 00:16:34,923 : INFO : EventManager : Event: ======'balldevice_bd_trough_ball_eject_failed'====== Args={'target': <ball_device.bd_plunger>, 'balls': 1, 'retry': True, 'num_attempts': 5}
2025-10-31 00:16:34,925 : INFO : ball_device.bd_trough : State: waiting_for_target_ready
2025-10-31 00:16:34,925 : INFO : EventManager : Event: ======'balldevice_bd_trough_ball_eject_attempt'====== Args={'balls': 1, 'target': <ball_device.bd_plunger>, 'source': <ball_device.bd_trough>, 'mechanical_eject': False, 'num_attempts': 5}
2025-10-31 00:16:34,926 : INFO : ball_device.bd_trough : State: ejecting
2025-10-31 00:16:34,926 : INFO : ball_device.bd_trough : Ejecting ball to <ball_device.bd_plunger>
2025-10-31 00:16:34,926 : INFO : EventManager : Event: ======'balldevice_bd_trough_ejecting_ball'====== Args={'balls': 1, 'target': <ball_device.bd_plunger>, 'source': <ball_device.bd_trough>, 'mechanical_eject': False, 'num_attempts': 5}
2025-10-31 00:16:34,927 : INFO : ball_device.bd_trough : Wait for ball to leave device
2025-10-31 00:16:34,927 : INFO : coil.c_trough_eject : Pulsing Driver for 20ms (1.0 pulse_power)
2025-10-31 00:16:37,927 : INFO : EventManager : Event: ======'balldevice_bd_trough_ball_eject_failed'====== Args={'target': <ball_device.bd_plunger>, 'balls': 1, 'retry': True, 'num_attempts': 6}
2025-10-31 00:16:37,928 : INFO : ball_device.bd_trough : State: waiting_for_target_ready
2025-10-31 00:16:37,928 : INFO : EventManager : Event: ======'balldevice_bd_trough_ball_eject_attempt'====== Args={'balls': 1, 'target': <ball_device.bd_plunger>, 'source': <ball_device.bd_trough>, 'mechanical_eject': False, 'num_attempts': 6}
2025-10-31 00:16:37,928 : INFO : ball_device.bd_trough : State: ejecting
2025-10-31 00:16:37,928 : INFO : ball_device.bd_trough : Ejecting ball to <ball_device.bd_plunger>
2025-10-31 00:16:37,928 : INFO : EventManager : Event: ======'balldevice_bd_trough_ejecting_ball'====== Args={'balls': 1, 'target': <ball_device.bd_plunger>, 'source': <ball_device.bd_trough>, 'mechanical_eject': False, 'num_attempts': 6}
2025-10-31 00:16:37,928 : INFO : ball_device.bd_trough : Wait for ball to leave device
2025-10-31 00:16:37,928 : INFO : coil.c_trough_eject : Pulsing Driver for 20ms (1.0 pulse_power)
2025-10-31 00:16:40,930 : INFO : EventManager : Event: ======'balldevice_bd_trough_ball_eject_failed'====== Args={'target': <ball_device.bd_plunger>, 'balls': 1, 'retry': True, 'num_attempts': 7}
2025-10-31 00:16:40,930 : INFO : ball_device.bd_trough : State: waiting_for_target_ready
2025-10-31 00:16:40,930 : INFO : EventManager : Event: ======'balldevice_bd_trough_ball_eject_attempt'====== Args={'balls': 1, 'target': <ball_device.bd_plunger>, 'source': <ball_device.bd_trough>, 'mechanical_eject': False, 'num_attempts': 7}
2025-10-31 00:16:40,931 : INFO : ball_device.bd_trough : State: ejecting
2025-10-31 00:16:40,931 : INFO : ball_device.bd_trough : Ejecting ball to <ball_device.bd_plunger>
2025-10-31 00:16:40,931 : INFO : EventManager : Event: ======'balldevice_bd_trough_ejecting_ball'====== Args={'balls': 1, 'target': <ball_device.bd_plunger>, 'source': <ball_device.bd_trough>, 'mechanical_eject': False, 'num_attempts': 7}
2025-10-31 00:16:40,931 : INFO : ball_device.bd_trough : Wait for ball to leave device
2025-10-31 00:16:40,932 : INFO : coil.c_trough_eject : Pulsing Driver for 20ms (1.0 pulse_power)
2025-10-31 00:16:43,932 : INFO : EventManager : Event: ======'balldevice_bd_trough_ball_eject_failed'====== Args={'target': <ball_device.bd_plunger>, 'balls': 1, 'retry': True, 'num_attempts': 8}
2025-10-31 00:16:43,934 : INFO : ball_device.bd_trough : State: waiting_for_target_ready
2025-10-31 00:16:43,935 : INFO : EventManager : Event: ======'balldevice_bd_trough_ball_eject_attempt'====== Args={'balls': 1, 'target': <ball_device.bd_plunger>, 'source': <ball_device.bd_trough>, 'mechanical_eject': False, 'num_attempts': 8}
2025-10-31 00:16:43,935 : INFO : ball_device.bd_trough : State: ejecting
2025-10-31 00:16:43,936 : INFO : ball_device.bd_trough : Ejecting ball to <ball_device.bd_plunger>
2025-10-31 00:16:43,936 : INFO : EventManager : Event: ======'balldevice_bd_trough_ejecting_ball'====== Args={'balls': 1, 'target': <ball_device.bd_plunger>, 'source': <ball_device.bd_trough>, 'mechanical_eject': False, 'num_attempts': 8}
2025-10-31 00:16:43,936 : INFO : ball_device.bd_trough : Wait for ball to leave device
2025-10-31 00:16:43,936 : INFO : coil.c_trough_eject : Pulsing Driver for 20ms (1.0 pulse_power)
2025-10-31 00:16:46,938 : INFO : EventManager : Event: ======'balldevice_bd_trough_ball_eject_failed'====== Args={'target': <ball_device.bd_plunger>, 'balls': 1, 'retry': True, 'num_attempts': 9}
2025-10-31 00:16:46,939 : INFO : ball_device.bd_trough : State: waiting_for_target_ready
2025-10-31 00:16:46,940 : INFO : EventManager : Event: ======'balldevice_bd_trough_ball_eject_attempt'====== Args={'balls': 1, 'target': <ball_device.bd_plunger>, 'source': <ball_device.bd_trough>, 'mechanical_eject': False, 'num_attempts': 9}
2025-10-31 00:16:46,941 : INFO : ball_device.bd_trough : State: ejecting
2025-10-31 00:16:46,941 : INFO : ball_device.bd_trough : Ejecting ball to <ball_device.bd_plunger>
2025-10-31 00:16:46,941 : INFO : EventManager : Event: ======'balldevice_bd_trough_ejecting_ball'====== Args={'balls': 1, 'target': <ball_device.bd_plunger>, 'source': <ball_device.bd_trough>, 'mechanical_eject': False, 'num_attempts': 9}
2025-10-31 00:16:46,942 : INFO : ball_device.bd_trough : Wait for ball to leave device
2025-10-31 00:16:46,942 : INFO : coil.c_trough_eject : Pulsing Driver for 20ms (1.0 pulse_power)
2025-10-31 00:16:49,943 : INFO : EventManager : Event: ======'balldevice_bd_trough_ball_eject_failed'====== Args={'target': <ball_device.bd_plunger>, 'balls': 1, 'retry': True, 'num_attempts': 10}
2025-10-31 00:16:49,945 : INFO : ball_device.bd_trough : State: waiting_for_target_ready
2025-10-31 00:16:49,946 : INFO : EventManager : Event: ======'balldevice_bd_trough_ball_eject_attempt'====== Args={'balls': 1, 'target': <ball_device.bd_plunger>, 'source': <ball_device.bd_trough>, 'mechanical_eject': False, 'num_attempts': 10}
2025-10-31 00:16:49,946 : INFO : ball_device.bd_trough : State: ejecting
2025-10-31 00:16:49,946 : INFO : ball_device.bd_trough : Ejecting ball to <ball_device.bd_plunger>
2025-10-31 00:16:49,946 : INFO : EventManager : Event: ======'balldevice_bd_trough_ejecting_ball'====== Args={'balls': 1, 'target': <ball_device.bd_plunger>, 'source': <ball_device.bd_trough>, 'mechanical_eject': False, 'num_attempts': 10}
2025-10-31 00:16:49,947 : INFO : ball_device.bd_trough : Wait for ball to leave device
2025-10-31 00:16:49,947 : INFO : coil.c_trough_eject : Pulsing Driver for 20ms (1.0 pulse_power)
2025-10-31 00:16:52,949 : INFO : EventManager : Event: ======'balldevice_bd_trough_ball_eject_failed'====== Args={'target': <ball_device.bd_plunger>, 'balls': 1, 'retry': True, 'num_attempts': 11}
2025-10-31 00:16:52,950 : INFO : ball_device.bd_trough : State: waiting_for_target_ready
2025-10-31 00:16:52,951 : INFO : EventManager : Event: ======'balldevice_bd_trough_ball_eject_attempt'====== Args={'balls': 1, 'target': <ball_device.bd_plunger>, 'source': <ball_device.bd_trough>, 'mechanical_eject': False, 'num_attempts': 11}
2025-10-31 00:16:52,951 : INFO : ball_device.bd_trough : State: ejecting
2025-10-31 00:16:52,951 : INFO : ball_device.bd_trough : Ejecting ball to <ball_device.bd_plunger>
2025-10-31 00:16:52,951 : INFO : EventManager : Event: ======'balldevice_bd_trough_ejecting_ball'====== Args={'balls': 1, 'target': <ball_device.bd_plunger>, 'source': <ball_device.bd_trough>, 'mechanical_eject': False, 'num_attempts': 11}
2025-10-31 00:16:52,952 : INFO : ball_device.bd_trough : Wait for ball to leave device
2025-10-31 00:16:52,952 : INFO : coil.c_trough_eject : Pulsing Driver for 20ms (1.0 pulse_power)
2025-10-31 00:16:55,953 : INFO : EventManager : Event: ======'balldevice_bd_trough_ball_eject_failed'====== Args={'target': <ball_device.bd_plunger>, 'balls': 1, 'retry': True, 'num_attempts': 12}
2025-10-31 00:16:55,954 : INFO : ball_device.bd_trough : State: waiting_for_target_ready
2025-10-31 00:16:55,954 : INFO : EventManager : Event: ======'balldevice_bd_trough_ball_eject_attempt'====== Args={'balls': 1, 'target': <ball_device.bd_plunger>, 'source': <ball_device.bd_trough>, 'mechanical_eject': False, 'num_attempts': 12}
2025-10-31 00:16:55,955 : INFO : ball_device.bd_trough : State: ejecting
2025-10-31 00:16:55,955 : INFO : ball_device.bd_trough : Ejecting ball to <ball_device.bd_plunger>
2025-10-31 00:16:55,955 : INFO : EventManager : Event: ======'balldevice_bd_trough_ejecting_ball'====== Args={'balls': 1, 'target': <ball_device.bd_plunger>, 'source': <ball_device.bd_trough>, 'mechanical_eject': False, 'num_attempts': 12}
2025-10-31 00:16:55,956 : INFO : ball_device.bd_trough : Wait for ball to leave device
2025-10-31 00:16:55,956 : INFO : coil.c_trough_eject : Pulsing Driver for 20ms (1.0 pulse_power)
2025-10-31 00:16:58,957 : INFO : EventManager : Event: ======'balldevice_bd_trough_ball_eject_failed'====== Args={'target': <ball_device.bd_plunger>, 'balls': 1, 'retry': True, 'num_attempts': 13}
2025-10-31 00:16:58,958 : INFO : ball_device.bd_trough : State: waiting_for_target_ready
2025-10-31 00:16:58,958 : INFO : EventManager : Event: ======'balldevice_bd_trough_ball_eject_attempt'====== Args={'balls': 1, 'target': <ball_device.bd_plunger>, 'source': <ball_device.bd_trough>, 'mechanical_eject': False, 'num_attempts': 13}
2025-10-31 00:16:58,959 : INFO : ball_device.bd_trough : State: ejecting
2025-10-31 00:16:58,959 : INFO : ball_device.bd_trough : Ejecting ball to <ball_device.bd_plunger>
2025-10-31 00:16:58,960 : INFO : EventManager : Event: ======'balldevice_bd_trough_ejecting_ball'====== Args={'balls': 1, 'target': <ball_device.bd_plunger>, 'source': <ball_device.bd_trough>, 'mechanical_eject': False, 'num_attempts': 13}
2025-10-31 00:16:58,960 : INFO : ball_device.bd_trough : Wait for ball to leave device
2025-10-31 00:16:58,960 : INFO : coil.c_trough_eject : Pulsing Driver for 20ms (1.0 pulse_power)
2025-10-31 00:17:01,962 : INFO : EventManager : Event: ======'balldevice_bd_trough_ball_eject_failed'====== Args={'target': <ball_device.bd_plunger>, 'balls': 1, 'retry': True, 'num_attempts': 14}
2025-10-31 00:17:01,963 : INFO : ball_device.bd_trough : State: waiting_for_target_ready
2025-10-31 00:17:01,964 : INFO : EventManager : Event: ======'balldevice_bd_trough_ball_eject_attempt'====== Args={'balls': 1, 'target': <ball_device.bd_plunger>, 'source': <ball_device.bd_trough>, 'mechanical_eject': False, 'num_attempts': 14}
2025-10-31 00:17:01,964 : INFO : ball_device.bd_trough : State: ejecting
2025-10-31 00:17:01,965 : INFO : ball_device.bd_trough : Ejecting ball to <ball_device.bd_plunger>
2025-10-31 00:17:01,965 : INFO : EventManager : Event: ======'balldevice_bd_trough_ejecting_ball'====== Args={'balls': 1, 'target': <ball_device.bd_plunger>, 'source': <ball_device.bd_trough>, 'mechanical_eject': False, 'num_attempts': 14}
2025-10-31 00:17:01,965 : INFO : ball_device.bd_trough : Wait for ball to leave device
2025-10-31 00:17:01,965 : INFO : coil.c_trough_eject : Pulsing Driver for 20ms (1.0 pulse_power)
2025-10-31 00:17:04,967 : INFO : EventManager : Event: ======'balldevice_bd_trough_ball_eject_failed'====== Args={'target': <ball_device.bd_plunger>, 'balls': 1, 'retry': True, 'num_attempts': 15}
2025-10-31 00:17:04,968 : INFO : ball_device.bd_trough : State: waiting_for_target_ready
2025-10-31 00:17:04,969 : INFO : EventManager : Event: ======'balldevice_bd_trough_ball_eject_attempt'====== Args={'balls': 1, 'target': <ball_device.bd_plunger>, 'source': <ball_device.bd_trough>, 'mechanical_eject': False, 'num_attempts': 15}
2025-10-31 00:17:04,969 : INFO : ball_device.bd_trough : State: ejecting
2025-10-31 00:17:04,970 : INFO : ball_device.bd_trough : Ejecting ball to <ball_device.bd_plunger>
2025-10-31 00:17:04,970 : INFO : EventManager : Event: ======'balldevice_bd_trough_ejecting_ball'====== Args={'balls': 1, 'target': <ball_device.bd_plunger>, 'source': <ball_device.bd_trough>, 'mechanical_eject': False, 'num_attempts': 15}
2025-10-31 00:17:04,970 : INFO : ball_device.bd_trough : Wait for ball to leave device
2025-10-31 00:17:04,971 : INFO : coil.c_trough_eject : Pulsing Driver for 20ms (1.0 pulse_power)
2025-10-31 00:17:07,972 : INFO : EventManager : Event: ======'balldevice_bd_trough_ball_eject_failed'====== Args={'target': <ball_device.bd_plunger>, 'balls': 1, 'retry': True, 'num_attempts': 16}
2025-10-31 00:17:07,974 : INFO : ball_device.bd_trough : State: waiting_for_target_ready
2025-10-31 00:17:07,974 : INFO : EventManager : Event: ======'balldevice_bd_trough_ball_eject_attempt'====== Args={'balls': 1, 'target': <ball_device.bd_plunger>, 'source': <ball_device.bd_trough>, 'mechanical_eject': False, 'num_attempts': 16}
2025-10-31 00:17:07,975 : INFO : ball_device.bd_trough : State: ejecting
2025-10-31 00:17:07,975 : INFO : ball_device.bd_trough : Ejecting ball to <ball_device.bd_plunger>
2025-10-31 00:17:07,975 : INFO : EventManager : Event: ======'balldevice_bd_trough_ejecting_ball'====== Args={'balls': 1, 'target': <ball_device.bd_plunger>, 'source': <ball_device.bd_trough>, 'mechanical_eject': False, 'num_attempts': 16}
2025-10-31 00:17:07,976 : INFO : ball_device.bd_trough : Wait for ball to leave device
2025-10-31 00:17:07,976 : INFO : coil.c_trough_eject : Pulsing Driver for 20ms (1.0 pulse_power)
2025-10-31 00:17:10,977 : INFO : EventManager : Event: ======'balldevice_bd_trough_ball_eject_failed'====== Args={'target': <ball_device.bd_plunger>, 'balls': 1, 'retry': True, 'num_attempts': 17}
2025-10-31 00:17:10,979 : INFO : ball_device.bd_trough : State: waiting_for_target_ready
2025-10-31 00:17:10,980 : INFO : EventManager : Event: ======'balldevice_bd_trough_ball_eject_attempt'====== Args={'balls': 1, 'target': <ball_device.bd_plunger>, 'source': <ball_device.bd_trough>, 'mechanical_eject': False, 'num_attempts': 17}
2025-10-31 00:17:10,980 : INFO : ball_device.bd_trough : State: ejecting
2025-10-31 00:17:10,980 : INFO : ball_device.bd_trough : Ejecting ball to <ball_device.bd_plunger>
2025-10-31 00:17:10,980 : INFO : EventManager : Event: ======'balldevice_bd_trough_ejecting_ball'====== Args={'balls': 1, 'target': <ball_device.bd_plunger>, 'source': <ball_device.bd_trough>, 'mechanical_eject': False, 'num_attempts': 17}
2025-10-31 00:17:10,981 : INFO : ball_device.bd_trough : Wait for ball to leave device
2025-10-31 00:17:10,981 : INFO : coil.c_trough_eject : Pulsing Driver for 20ms (1.0 pulse_power)
2025-10-31 00:17:13,982 : INFO : EventManager : Event: ======'balldevice_bd_trough_ball_eject_failed'====== Args={'target': <ball_device.bd_plunger>, 'balls': 1, 'retry': True, 'num_attempts': 18}
2025-10-31 00:17:13,983 : INFO : ball_device.bd_trough : State: waiting_for_target_ready
2025-10-31 00:17:13,983 : INFO : EventManager : Event: ======'balldevice_bd_trough_ball_eject_attempt'====== Args={'balls': 1, 'target': <ball_device.bd_plunger>, 'source': <ball_device.bd_trough>, 'mechanical_eject': False, 'num_attempts': 18}
2025-10-31 00:17:13,984 : INFO : ball_device.bd_trough : State: ejecting
2025-10-31 00:17:13,984 : INFO : ball_device.bd_trough : Ejecting ball to <ball_device.bd_plunger>
2025-10-31 00:17:13,984 : INFO : EventManager : Event: ======'balldevice_bd_trough_ejecting_ball'====== Args={'balls': 1, 'target': <ball_device.bd_plunger>, 'source': <ball_device.bd_trough>, 'mechanical_eject': False, 'num_attempts': 18}
2025-10-31 00:17:13,984 : INFO : ball_device.bd_trough : Wait for ball to leave device
2025-10-31 00:17:13,984 : INFO : coil.c_trough_eject : Pulsing Driver for 20ms (1.0 pulse_power)
2025-10-31 00:17:16,986 : INFO : EventManager : Event: ======'balldevice_bd_trough_ball_eject_failed'====== Args={'target': <ball_device.bd_plunger>, 'balls': 1, 'retry': True, 'num_attempts': 19}
2025-10-31 00:17:16,987 : INFO : ball_device.bd_trough : State: waiting_for_target_ready
2025-10-31 00:17:16,988 : INFO : EventManager : Event: ======'balldevice_bd_trough_ball_eject_attempt'====== Args={'balls': 1, 'target': <ball_device.bd_plunger>, 'source': <ball_device.bd_trough>, 'mechanical_eject': False, 'num_attempts': 19}
2025-10-31 00:17:16,988 : INFO : ball_device.bd_trough : State: ejecting
2025-10-31 00:17:16,988 : INFO : ball_device.bd_trough : Ejecting ball to <ball_device.bd_plunger>
2025-10-31 00:17:16,988 : INFO : EventManager : Event: ======'balldevice_bd_trough_ejecting_ball'====== Args={'balls': 1, 'target': <ball_device.bd_plunger>, 'source': <ball_device.bd_trough>, 'mechanical_eject': False, 'num_attempts': 19}
2025-10-31 00:17:16,989 : INFO : ball_device.bd_trough : Wait for ball to leave device
2025-10-31 00:17:16,989 : INFO : coil.c_trough_eject : Pulsing Driver for 20ms (1.0 pulse_power)
2025-10-31 00:17:19,990 : INFO : EventManager : Event: ======'balldevice_bd_trough_ball_eject_failed'====== Args={'target': <ball_device.bd_plunger>, 'balls': 1, 'retry': True, 'num_attempts': 20}
2025-10-31 00:17:19,992 : INFO : ball_device.bd_trough : State: waiting_for_target_ready
2025-10-31 00:17:19,993 : INFO : EventManager : Event: ======'balldevice_bd_trough_ball_eject_attempt'====== Args={'balls': 1, 'target': <ball_device.bd_plunger>, 'source': <ball_device.bd_trough>, 'mechanical_eject': False, 'num_attempts': 20}
2025-10-31 00:17:19,993 : INFO : ball_device.bd_trough : State: ejecting
2025-10-31 00:17:19,994 : INFO : ball_device.bd_trough : Ejecting ball to <ball_device.bd_plunger>
2025-10-31 00:17:19,994 : INFO : EventManager : Event: ======'balldevice_bd_trough_ejecting_ball'====== Args={'balls': 1, 'target': <ball_device.bd_plunger>, 'source': <ball_device.bd_trough>, 'mechanical_eject': False, 'num_attempts': 20}
2025-10-31 00:17:19,994 : INFO : ball_device.bd_trough : Wait for ball to leave device
2025-10-31 00:17:19,994 : INFO : coil.c_trough_eject : Pulsing Driver for 20ms (1.0 pulse_power)
2025-10-31 00:17:22,341 : INFO : SwitchController : <<<<<<< 's_start' active >>>>>>>
2025-10-31 00:17:22,341 : INFO : EventManager : Event: ======'sw_start'====== Args={}
2025-10-31 00:17:22,342 : INFO : EventManager : Event: ======'machine_var_audits_switches_s_start'====== Args={'value': 489, 'prev_value': 488, 'change': 1}
2025-10-31 00:17:22,343 : INFO : EventManager : Event: ======'player_add_request'====== Args={}
2025-10-31 00:17:22,343 : INFO : EventManager : Event: ======'player_will_add'====== Args={'number': 2}
2025-10-31 00:17:22,344 : INFO : EventManager : Event: ======'player_adding'====== Args={'player': <Player 2>, 'number': 2}
2025-10-31 00:17:22,344 : INFO : EventManager : Event: ======'player_added'====== Args={'player': <Player 2>, 'num': 2}
2025-10-31 00:17:22,350 : INFO : Mode.game : Player added successfully. Total players: 2
2025-10-31 00:17:22,350 : INFO : EventManager : Event: ======'multiplayer_game'====== Args={}
2025-10-31 00:17:22,353 : INFO : EventManager : Event: ======'player_base_player_added_timer_tick'====== Args={'value': 0, 'prev_value': 1, 'change': -1, 'player_num': 1}
2025-10-31 00:17:22,353 : INFO : Timer.player_added_timer : Starting Timer.
2025-10-31 00:17:22,353 : INFO : EventManager : Event: ======'timer_player_added_timer_started'====== Args={'ticks': 0, 'ticks_remaining': 1}
2025-10-31 00:17:22,353 : INFO : EventManager : Event: ======'timer_player_added_timer_tick'====== Args={'ticks': 0, 'ticks_remaining': 1}
2025-10-31 00:17:22,353 : INFO : EventManager : Event: ======'player_index'====== Args={'value': 1, 'prev_value': 1, 'change': 0, 'player_num': 2}
2025-10-31 00:17:22,354 : INFO : EventManager : Event: ======'player_number'====== Args={'value': 2, 'prev_value': 2, 'change': 0, 'player_num': 2}
2025-10-31 00:17:22,354 : INFO : EventManager : Event: ======'player_score'====== Args={'value': 0, 'prev_value': 0, 'change': 0, 'player_num': 2}
2025-10-31 00:17:22,383 : INFO : EventManager : Event: ======'widget_player_addded_widget_active'====== Args={'original_context': 'base', 'original_calling_context': 'player_added', 'priority': 100.0, 'player': '<Player 2>', 'num': 2.0, 'cmd': 'widgets_play', '_from_bcp': True}
2025-10-31 00:17:22,474 : INFO : SwitchController : <<<<<<< 's_start' inactive >>>>>>>
2025-10-31 00:17:22,995 : INFO : EventManager : Event: ======'balldevice_bd_trough_ball_eject_failed'====== Args={'target': <ball_device.bd_plunger>, 'balls': 1, 'retry': True, 'num_attempts': 21}
2025-10-31 00:17:22,997 : INFO : ball_device.bd_trough : State: waiting_for_target_ready
2025-10-31 00:17:22,997 : INFO : EventManager : Event: ======'balldevice_bd_trough_ball_eject_attempt'====== Args={'balls': 1, 'target': <ball_device.bd_plunger>, 'source': <ball_device.bd_trough>, 'mechanical_eject': False, 'num_attempts': 21}
2025-10-31 00:17:22,998 : INFO : ball_device.bd_trough : State: ejecting
2025-10-31 00:17:22,998 : INFO : ball_device.bd_trough : Ejecting ball to <ball_device.bd_plunger>
2025-10-31 00:17:22,998 : INFO : EventManager : Event: ======'balldevice_bd_trough_ejecting_ball'====== Args={'balls': 1, 'target': <ball_device.bd_plunger>, 'source': <ball_device.bd_trough>, 'mechanical_eject': False, 'num_attempts': 21}
2025-10-31 00:17:22,999 : INFO : ball_device.bd_trough : Wait for ball to leave device
2025-10-31 00:17:22,999 : INFO : coil.c_trough_eject : Pulsing Driver for 20ms (1.0 pulse_power)
2025-10-31 00:17:23,054 : INFO : EventManager : Event: ======'player_base_player_added_timer_tick'====== Args={'value': 1, 'prev_value': 0, 'change': 1, 'player_num': 1}
2025-10-31 00:17:23,055 : INFO : Timer.player_added_timer : Timer Complete
2025-10-31 00:17:23,055 : INFO : Timer.player_added_timer : Stopping Timer
2025-10-31 00:17:23,055 : INFO : EventManager : Event: ======'timer_player_added_timer_stopped'====== Args={'ticks': 1, 'ticks_remaining': 1}
2025-10-31 00:17:23,056 : INFO : EventManager : Event: ======'timer_player_added_timer_complete'====== Args={'ticks': 1, 'ticks_remaining': 1}
2025-10-31 00:17:23,074 : INFO : EventManager : Event: ======'widget_player_addded_widget_removed'====== Args={'_from_bcp': True}
2025-10-31 00:17:26,001 : INFO : EventManager : Event: ======'balldevice_bd_trough_ball_eject_failed'====== Args={'target': <ball_device.bd_plunger>, 'balls': 1, 'retry': True, 'num_attempts': 22}
2025-10-31 00:17:26,003 : INFO : ball_device.bd_trough : State: waiting_for_target_ready
2025-10-31 00:17:26,003 : INFO : EventManager : Event: ======'balldevice_bd_trough_ball_eject_attempt'====== Args={'balls': 1, 'target': <ball_device.bd_plunger>, 'source': <ball_device.bd_trough>, 'mechanical_eject': False, 'num_attempts': 22}
2025-10-31 00:17:26,004 : INFO : ball_device.bd_trough : State: ejecting
2025-10-31 00:17:26,004 : INFO : ball_device.bd_trough : Ejecting ball to <ball_device.bd_plunger>
2025-10-31 00:17:26,004 : INFO : EventManager : Event: ======'balldevice_bd_trough_ejecting_ball'====== Args={'balls': 1, 'target': <ball_device.bd_plunger>, 'source': <ball_device.bd_trough>, 'mechanical_eject': False, 'num_attempts': 22}
2025-10-31 00:17:26,005 : INFO : ball_device.bd_trough : Wait for ball to leave device
2025-10-31 00:17:26,005 : INFO : coil.c_trough_eject : Pulsing Driver for 20ms (1.0 pulse_power)
2025-10-31 00:17:29,005 : INFO : EventManager : Event: ======'balldevice_bd_trough_ball_eject_failed'====== Args={'target': <ball_device.bd_plunger>, 'balls': 1, 'retry': True, 'num_attempts': 23}
2025-10-31 00:17:29,007 : INFO : ball_device.bd_trough : State: waiting_for_target_ready
2025-10-31 00:17:29,008 : INFO : EventManager : Event: ======'balldevice_bd_trough_ball_eject_attempt'====== Args={'balls': 1, 'target': <ball_device.bd_plunger>, 'source': <ball_device.bd_trough>, 'mechanical_eject': False, 'num_attempts': 23}
2025-10-31 00:17:29,008 : INFO : ball_device.bd_trough : State: ejecting
2025-10-31 00:17:29,009 : INFO : ball_device.bd_trough : Ejecting ball to <ball_device.bd_plunger>
2025-10-31 00:17:29,009 : INFO : EventManager : Event: ======'balldevice_bd_trough_ejecting_ball'====== Args={'balls': 1, 'target': <ball_device.bd_plunger>, 'source': <ball_device.bd_trough>, 'mechanical_eject': False, 'num_attempts': 23}
2025-10-31 00:17:29,010 : INFO : ball_device.bd_trough : Wait for ball to leave device
2025-10-31 00:17:29,010 : INFO : coil.c_trough_eject : Pulsing Driver for 20ms (1.0 pulse_power)
2025-10-31 00:17:31,558 : INFO : SwitchController : <<<<<<< 's_drain' active >>>>>>>
2025-10-31 00:17:31,558 : INFO : EventManager : Event: ======'machine_var_audits_switches_s_drain'====== Args={'value': 235, 'prev_value': 234, 'change': 1}
2025-10-31 00:17:32,011 : INFO : EventManager : Event: ======'balldevice_bd_trough_ball_eject_failed'====== Args={'target': <ball_device.bd_plunger>, 'balls': 1, 'retry': True, 'num_attempts': 24}
2025-10-31 00:17:32,013 : INFO : ball_device.bd_trough : State: waiting_for_target_ready
2025-10-31 00:17:32,013 : INFO : EventManager : Event: ======'balldevice_bd_trough_ball_eject_attempt'====== Args={'balls': 1, 'target': <ball_device.bd_plunger>, 'source': <ball_device.bd_trough>, 'mechanical_eject': False, 'num_attempts': 24}
2025-10-31 00:17:32,014 : INFO : ball_device.bd_trough : State: ejecting
2025-10-31 00:17:32,014 : INFO : ball_device.bd_trough : Ejecting ball to <ball_device.bd_plunger>
2025-10-31 00:17:32,015 : INFO : EventManager : Event: ======'balldevice_bd_trough_ejecting_ball'====== Args={'balls': 1, 'target': <ball_device.bd_plunger>, 'source': <ball_device.bd_trough>, 'mechanical_eject': False, 'num_attempts': 24}
2025-10-31 00:17:32,015 : INFO : ball_device.bd_trough : Wait for ball to leave device
2025-10-31 00:17:32,016 : INFO : coil.c_trough_eject : Pulsing Driver for 20ms (1.0 pulse_power)
2025-10-31 00:17:32,058 : INFO : EventManager : Event: ======'balldevice_bd_drain_ball_count_changed'====== Args={'balls': 1}
2025-10-31 00:17:32,059 : INFO : ball_device.bd_drain : Received unexpected ball
2025-10-31 00:17:32,059 : INFO : EventManager : Event: ======'balldevice_captured_from_playfield'====== Args={'balls': 1}
2025-10-31 00:17:32,059 : INFO : EventManager : Event: ======'sw_playfield_active'====== Args={'balls': 1}
2025-10-31 00:17:32,060 : INFO : EventManager : Event: ======'playfield_active'====== Args={'source': None}
2025-10-31 00:17:32,060 : INFO : EventManager : Event: ======'unexpected_ball_on_playfield'====== Args={}
2025-10-31 00:17:32,060 : INFO : EventManager : Event: ======'playfield_ball_count_change'====== Args={'balls': -1, 'change': -1}
2025-10-31 00:17:32,061 : INFO : EventManager : Event: ======'balldevice_playfield_ball_enter'====== Args={'new_balls': 1, 'unclaimed_balls': 1, 'device': <playfield.playfield>}
2025-10-31 00:17:32,061 : INFO : EventManager : Event: ======'playfield_ball_count_change'====== Args={'balls': 0, 'change': 1}
2025-10-31 00:17:32,061 : INFO : BallController : Found a new ball which was captured from playfield. Known balls: 5
2025-10-31 00:17:32,061 : INFO : EventManager : Event: ======'found_new_ball'====== Args={}
2025-10-31 00:17:32,061 : INFO : EventManager : Event: ======'balldevice_bd_drain_ball_enter'====== Args={'new_balls': 1, 'unclaimed_balls': 1, 'new_available_balls': 1, 'device': <ball_device.bd_drain>}
2025-10-31 00:17:32,062 : INFO : EventManager : Event: ======'ball_drain'====== Args={'device': <ball_device.bd_drain>, 'balls': 1}
2025-10-31 00:17:32,062 : INFO : EventManager : Event: ======'ball_will_end'====== Args={}
2025-10-31 00:17:32,063 : INFO : EventManager : Event: ======'balldevice_balls_available'====== Args={}
2025-10-31 00:17:32,063 : INFO : EventManager : Event: ======'balldevice_balls_available'====== Args={}
2025-10-31 00:17:32,063 : INFO : EventManager : Event: ======'balldevice_bd_drain_ball_entered'====== Args={'new_balls': 1, 'device': <ball_device.bd_drain>}
2025-10-31 00:17:32,063 : INFO : EventManager : Event: ======'mode_base_will_stop'====== Args={}
2025-10-31 00:17:32,063 : INFO : EventManager : Event: ======'mode_base_stopping'====== Args={}
2025-10-31 00:17:32,064 : INFO : EventManager : Event: ======'stop_mode_bumpers'====== Args={'priority': 0}
2025-10-31 00:17:32,064 : INFO : EventManager : Event: ======'mode_bumpers_will_stop'====== Args={}
2025-10-31 00:17:32,064 : INFO : EventManager : Event: ======'mode_bumpers_stopping'====== Args={}
2025-10-31 00:17:32,064 : INFO : Mode.base : Stopped.
2025-10-31 00:17:32,065 : INFO : EventManager : Event: ======'modes_active_modes_changed'====== Args={}
2025-10-31 00:17:32,065 : INFO : EventManager : Event: ======'mode_base_stopped'====== Args={}
2025-10-31 00:17:32,065 : INFO : EventManager : Event: ======'clear'====== Args={'key': 'base'}
2025-10-31 00:17:32,065 : INFO : Timer.player_added_timer : Stopping Timer
2025-10-31 00:17:32,065 : INFO : EventManager : Event: ======'timer_player_added_timer_stopped'====== Args={'ticks': 1, 'ticks_remaining': 1}
2025-10-31 00:17:32,065 : INFO : Mode.bumpers : Stopped.
2025-10-31 00:17:32,065 : INFO : EventManager : Event: ======'modes_active_modes_changed'====== Args={}
2025-10-31 00:17:32,066 : INFO : EventManager : Event: ======'mode_bumpers_stopped'====== Args={}
2025-10-31 00:17:32,066 : INFO : EventManager : Event: ======'clear'====== Args={'key': 'bumpers'}
2025-10-31 00:17:32,066 : INFO : EventManager : Event: ======'ball_ending'====== Args={}
2025-10-31 00:17:32,067 : INFO : EventManager : Event: ======'ball_ended'====== Args={}
2025-10-31 00:17:32,067 : INFO : EventManager : Event: ======'player_turn_will_end'====== Args={'player': <Player 1>, 'number': 1}
2025-10-31 00:17:32,067 : INFO : ball_device.bd_drain : State: waiting_for_target_ready
2025-10-31 00:17:32,067 : INFO : EventManager : Event: ======'balldevice_bd_drain_ball_eject_attempt'====== Args={'balls': 1, 'target': <ball_device.bd_trough>, 'source': <ball_device.bd_drain>, 'mechanical_eject': False, 'num_attempts': 0}
2025-10-31 00:17:32,067 : INFO : ball_device.bd_drain : State: ejecting
2025-10-31 00:17:32,068 : INFO : ball_device.bd_drain : Ejecting ball to <ball_device.bd_trough>
2025-10-31 00:17:32,068 : INFO : EventManager : Event: ======'balldevice_bd_drain_ejecting_ball'====== Args={'balls': 1, 'target': <ball_device.bd_trough>, 'source': <ball_device.bd_drain>, 'mechanical_eject': False, 'num_attempts': 0}
2025-10-31 00:17:32,068 : INFO : EventManager : Event: ======'player_turn_ending'====== Args={'player': <Player 1>, 'number': 1}
2025-10-31 00:17:32,068 : INFO : EventManager : Event: ======'player_turn_ended'====== Args={'player': <Player 1>, 'number': 1}
2025-10-31 00:17:32,068 : INFO : EventManager : Event: ======'player_turn_will_start'====== Args={'player': <Player 2>, 'number': 2}
2025-10-31 00:17:32,068 : INFO : ball_device.bd_drain : Wait for ball to leave device
2025-10-31 00:17:32,068 : INFO : coil.c_drain_eject : Pulsing Driver for 20ms (1.0 pulse_power)
2025-10-31 00:17:32,069 : INFO : EventManager : Event: ======'player_turn_starting'====== Args={'player': <Player 2>, 'number': 2}
2025-10-31 00:17:32,069 : INFO : EventManager : Event: ======'player_ball'====== Args={'value': 1, 'prev_value': 0, 'change': 1, 'player_num': 2}
2025-10-31 00:17:32,070 : INFO : EventManager : Event: ======'player_turn_started'====== Args={'player': <Player 2>, 'number': 2}
2025-10-31 00:17:32,070 : INFO : EventManager : Event: ======'ball_will_start'====== Args={'player': 2, 'ball': 1, 'balls_remaining': 2, 'is_extra_ball': False}
2025-10-31 00:17:32,070 : INFO : BallController : Found 1 ball(s) on playfield.
2025-10-31 00:17:32,070 : WARNING : BallController : Playfields still contain balls. Waiting for those to drain.
2025-10-31 00:17:32,257 : INFO : SwitchController : <<<<<<< 's_drain' inactive >>>>>>>
2025-10-31 00:17:32,258 : INFO : ball_device.bd_drain : State: ball_left
2025-10-31 00:17:32,258 : INFO : ball_device.bd_drain : Ball left
2025-10-31 00:17:32,259 : INFO : ball_device.bd_drain : Wait for confirm with timeout 10.0
2025-10-31 00:17:33,071 : INFO : BallController : Found 1 ball(s) on playfield.
2025-10-31 00:17:33,071 : WARNING : BallController : Playfields still contain balls. Waiting for those to drain.
2025-10-31 00:17:33,924 : INFO : SwitchController : <<<<<<< 's_drain' active >>>>>>>
2025-10-31 00:17:33,925 : INFO : EventManager : Event: ======'machine_var_audits_switches_s_drain'====== Args={'value': 236, 'prev_value': 235, 'change': 1}
2025-10-31 00:17:34,072 : INFO : BallController : Found 1 ball(s) on playfield.
2025-10-31 00:17:34,072 : WARNING : BallController : Playfields still contain balls. Waiting for those to drain.
2025-10-31 00:17:34,775 : INFO : SwitchController : <<<<<<< 's_drain' inactive >>>>>>>
2025-10-31 00:17:35,016 : INFO : EventManager : Event: ======'balldevice_bd_trough_ball_eject_failed'====== Args={'target': <ball_device.bd_plunger>, 'balls': 1, 'retry': True, 'num_attempts': 25}
2025-10-31 00:17:35,018 : INFO : ball_device.bd_trough : State: waiting_for_target_ready
2025-10-31 00:17:35,019 : INFO : EventManager : Event: ======'balldevice_bd_trough_ball_eject_attempt'====== Args={'balls': 1, 'target': <ball_device.bd_plunger>, 'source': <ball_device.bd_trough>, 'mechanical_eject': False, 'num_attempts': 25}
2025-10-31 00:17:35,019 : INFO : ball_device.bd_trough : State: ejecting
2025-10-31 00:17:35,020 : INFO : ball_device.bd_trough : Ejecting ball to <ball_device.bd_plunger>
2025-10-31 00:17:35,020 : INFO : EventManager : Event: ======'balldevice_bd_trough_ejecting_ball'====== Args={'balls': 1, 'target': <ball_device.bd_plunger>, 'source': <ball_device.bd_trough>, 'mechanical_eject': False, 'num_attempts': 25}
2025-10-31 00:17:35,021 : INFO : ball_device.bd_trough : Wait for ball to leave device
2025-10-31 00:17:35,021 : INFO : coil.c_trough_eject : Pulsing Driver for 20ms (1.0 pulse_power)
2025-10-31 00:17:35,074 : INFO : BallController : Found 1 ball(s) on playfield.
2025-10-31 00:17:35,074 : WARNING : BallController : Playfields still contain balls. Waiting for those to drain.
2025-10-31 00:17:36,075 : INFO : BallController : Found 1 ball(s) on playfield.
2025-10-31 00:17:36,076 : WARNING : BallController : Playfields still contain balls. Waiting for those to drain.
2025-10-31 00:17:37,077 : INFO : BallController : Found 1 ball(s) on playfield.
2025-10-31 00:17:37,077 : WARNING : BallController : Playfields still contain balls. Waiting for those to drain.
2025-10-31 00:17:37,091 : INFO : SwitchController : <<<<<<< 's_drain' active >>>>>>>
2025-10-31 00:17:37,091 : INFO : EventManager : Event: ======'machine_var_audits_switches_s_drain'====== Args={'value': 237, 'prev_value': 236, 'change': 1}
2025-10-31 00:17:38,022 : INFO : EventManager : Event: ======'balldevice_bd_trough_ball_eject_failed'====== Args={'target': <ball_device.bd_plunger>, 'balls': 1, 'retry': True, 'num_attempts': 26}
2025-10-31 00:17:38,024 : INFO : ball_device.bd_trough : State: waiting_for_target_ready
2025-10-31 00:17:38,024 : INFO : EventManager : Event: ======'balldevice_bd_trough_ball_eject_attempt'====== Args={'balls': 1, 'target': <ball_device.bd_plunger>, 'source': <ball_device.bd_trough>, 'mechanical_eject': False, 'num_attempts': 26}
2025-10-31 00:17:38,026 : INFO : ball_device.bd_trough : State: ejecting
2025-10-31 00:17:38,026 : INFO : ball_device.bd_trough : Ejecting ball to <ball_device.bd_plunger>
2025-10-31 00:17:38,026 : INFO : EventManager : Event: ======'balldevice_bd_trough_ejecting_ball'====== Args={'balls': 1, 'target': <ball_device.bd_plunger>, 'source': <ball_device.bd_trough>, 'mechanical_eject': False, 'num_attempts': 26}
2025-10-31 00:17:38,027 : INFO : ball_device.bd_trough : Wait for ball to leave device
2025-10-31 00:17:38,027 : INFO : coil.c_trough_eject : Pulsing Driver for 20ms (1.0 pulse_power)
2025-10-31 00:17:38,078 : INFO : BallController : Found 1 ball(s) on playfield.
2025-10-31 00:17:38,078 : WARNING : BallController : Playfields still contain balls. Waiting for those to drain.
2025-10-31 00:17:38,591 : INFO : SwitchController : <<<<<<< 's_drain' inactive >>>>>>>
2025-10-31 00:17:39,079 : INFO : BallController : Found 1 ball(s) on playfield.
2025-10-31 00:17:39,080 : WARNING : BallController : Playfields still contain balls. Waiting for those to drain.
2025-10-31 00:17:40,080 : INFO : BallController : Found 1 ball(s) on playfield.
2025-10-31 00:17:40,081 : WARNING : BallController : Playfields still contain balls. Waiting for those to drain.
2025-10-31 00:17:41,028 : INFO : EventManager : Event: ======'balldevice_bd_trough_ball_eject_failed'====== Args={'target': <ball_device.bd_plunger>, 'balls': 1, 'retry': True, 'num_attempts': 27}
2025-10-31 00:17:41,029 : INFO : ball_device.bd_trough : State: waiting_for_target_ready
2025-10-31 00:17:41,029 : INFO : EventManager : Event: ======'balldevice_bd_trough_ball_eject_attempt'====== Args={'balls': 1, 'target': <ball_device.bd_plunger>, 'source': <ball_device.bd_trough>, 'mechanical_eject': False, 'num_attempts': 27}
2025-10-31 00:17:41,030 : INFO : ball_device.bd_trough : State: ejecting
2025-10-31 00:17:41,030 : INFO : ball_device.bd_trough : Ejecting ball to <ball_device.bd_plunger>
2025-10-31 00:17:41,030 : INFO : EventManager : Event: ======'balldevice_bd_trough_ejecting_ball'====== Args={'balls': 1, 'target': <ball_device.bd_plunger>, 'source': <ball_device.bd_trough>, 'mechanical_eject': False, 'num_attempts': 27}
2025-10-31 00:17:41,031 : INFO : ball_device.bd_trough : Wait for ball to leave device
2025-10-31 00:17:41,031 : INFO : coil.c_trough_eject : Pulsing Driver for 20ms (1.0 pulse_power)
2025-10-31 00:17:41,082 : INFO : BallController : Found 1 ball(s) on playfield.
2025-10-31 00:17:41,082 : WARNING : BallController : Playfields still contain balls. Waiting for those to drain.
2025-10-31 00:17:42,082 : INFO : BallController : Found 1 ball(s) on playfield.
2025-10-31 00:17:42,083 : WARNING : BallController : Playfields still contain balls. Waiting for those to drain.
2025-10-31 00:17:42,260 : INFO : ball_device.bd_drain : State: failed_confirm
2025-10-31 00:17:42,260 : INFO : ball_device.bd_drain : Got timeout (10.0s) before confirm from <ball_device.bd_trough>
2025-10-31 00:17:43,084 : INFO : BallController : Found 1 ball(s) on playfield.
2025-10-31 00:17:43,084 : WARNING : BallController : Playfields still contain balls. Waiting for those to drain.
2025-10-31 00:17:43,690 : INFO : SwitchController : <<<<<<< 's_drain' active >>>>>>>
2025-10-31 00:17:43,691 : INFO : EventManager : Event: ======'machine_var_audits_switches_s_drain'====== Args={'value': 238, 'prev_value': 237, 'change': 1}
2025-10-31 00:17:44,032 : INFO : EventManager : Event: ======'balldevice_bd_trough_ball_eject_failed'====== Args={'target': <ball_device.bd_plunger>, 'balls': 1, 'retry': True, 'num_attempts': 28}
2025-10-31 00:17:44,034 : INFO : ball_device.bd_trough : State: waiting_for_target_ready
2025-10-31 00:17:44,034 : INFO : EventManager : Event: ======'balldevice_bd_trough_ball_eject_attempt'====== Args={'balls': 1, 'target': <ball_device.bd_plunger>, 'source': <ball_device.bd_trough>, 'mechanical_eject': False, 'num_attempts': 28}
2025-10-31 00:17:44,035 : INFO : ball_device.bd_trough : State: ejecting
2025-10-31 00:17:44,035 : INFO : ball_device.bd_trough : Ejecting ball to <ball_device.bd_plunger>
2025-10-31 00:17:44,035 : INFO : EventManager : Event: ======'balldevice_bd_trough_ejecting_ball'====== Args={'balls': 1, 'target': <ball_device.bd_plunger>, 'source': <ball_device.bd_trough>, 'mechanical_eject': False, 'num_attempts': 28}
2025-10-31 00:17:44,036 : INFO : ball_device.bd_trough : Wait for ball to leave device
2025-10-31 00:17:44,036 : INFO : coil.c_trough_eject : Pulsing Driver for 20ms (1.0 pulse_power)
2025-10-31 00:17:44,084 : INFO : BallController : Found 1 ball(s) on playfield.
2025-10-31 00:17:44,084 : WARNING : BallController : Playfields still contain balls. Waiting for those to drain.
2025-10-31 00:17:44,190 : INFO : ball_device.bd_drain : Got unknown balls. Assuming a ball returned.
2025-10-31 00:17:44,191 : INFO : EventManager : Event: ======'balldevice_bd_drain_ball_eject_failed'====== Args={'target': <ball_device.bd_trough>, 'balls': 1, 'retry': True, 'num_attempts': 1}
2025-10-31 00:17:44,193 : INFO : ball_device.bd_drain : State: waiting_for_target_ready
2025-10-31 00:17:44,193 : INFO : EventManager : Event: ======'balldevice_bd_drain_ball_eject_attempt'====== Args={'balls': 1, 'target': <ball_device.bd_trough>, 'source': <ball_device.bd_drain>, 'mechanical_eject': False, 'num_attempts': 1}
2025-10-31 00:17:44,194 : INFO : ball_device.bd_drain : State: ejecting
2025-10-31 00:17:44,194 : INFO : ball_device.bd_drain : Ejecting ball to <ball_device.bd_trough>
2025-10-31 00:17:44,194 : INFO : EventManager : Event: ======'balldevice_bd_drain_ejecting_ball'====== Args={'balls': 1, 'target': <ball_device.bd_trough>, 'source': <ball_device.bd_drain>, 'mechanical_eject': False, 'num_attempts': 1}
2025-10-31 00:17:44,195 : INFO : ball_device.bd_drain : Wait for ball to leave device
2025-10-31 00:17:44,195 : INFO : coil.c_drain_eject : Pulsing Driver for 20ms (1.0 pulse_power)
2025-10-31 00:17:45,086 : INFO : BallController : Found 1 ball(s) on playfield.
2025-10-31 00:17:45,086 : WARNING : BallController : Playfields still contain balls. Waiting for those to drain.
2025-10-31 00:17:45,524 : INFO : SwitchController : <<<<<<< 's_drain' inactive >>>>>>>
2025-10-31 00:17:45,525 : INFO : ball_device.bd_drain : State: ball_left
2025-10-31 00:17:45,526 : INFO : ball_device.bd_drain : Ball left
2025-10-31 00:17:45,526 : INFO : ball_device.bd_drain : Wait for confirm with timeout 10.0
2025-10-31 00:17:46,087 : INFO : BallController : Found 1 ball(s) on playfield.
2025-10-31 00:17:46,087 : WARNING : BallController : Playfields still contain balls. Waiting for those to drain.
2025-10-31 00:17:46,908 : INFO : SwitchController : <<<<<<< 's_drain' active >>>>>>>
2025-10-31 00:17:46,908 : INFO : EventManager : Event: ======'machine_var_audits_switches_s_drain'====== Args={'value': 239, 'prev_value': 238, 'change': 1}
2025-10-31 00:17:47,037 : INFO : EventManager : Event: ======'balldevice_bd_trough_ball_eject_failed'====== Args={'target': <ball_device.bd_plunger>, 'balls': 1, 'retry': True, 'num_attempts': 29}
2025-10-31 00:17:47,039 : INFO : ball_device.bd_trough : State: waiting_for_target_ready
2025-10-31 00:17:47,039 : INFO : EventManager : Event: ======'balldevice_bd_trough_ball_eject_attempt'====== Args={'balls': 1, 'target': <ball_device.bd_plunger>, 'source': <ball_device.bd_trough>, 'mechanical_eject': False, 'num_attempts': 29}
2025-10-31 00:17:47,040 : INFO : ball_device.bd_trough : State: ejecting
2025-10-31 00:17:47,040 : INFO : ball_device.bd_trough : Ejecting ball to <ball_device.bd_plunger>
2025-10-31 00:17:47,041 : INFO : EventManager : Event: ======'balldevice_bd_trough_ejecting_ball'====== Args={'balls': 1, 'target': <ball_device.bd_plunger>, 'source': <ball_device.bd_trough>, 'mechanical_eject': False, 'num_attempts': 29}
2025-10-31 00:17:47,042 : INFO : ball_device.bd_trough : Wait for ball to leave device
2025-10-31 00:17:47,042 : INFO : coil.c_trough_eject : Pulsing Driver for 20ms (1.0 pulse_power)
2025-10-31 00:17:47,088 : INFO : BallController : Found 1 ball(s) on playfield.
2025-10-31 00:17:47,088 : WARNING : BallController : Playfields still contain balls. Waiting for those to drain.
2025-10-31 00:17:47,091 : INFO : SwitchController : <<<<<<< 's_drain' inactive >>>>>>>
2025-10-31 00:17:47,158 : INFO : SwitchController : <<<<<<< 's_drain' active >>>>>>>
2025-10-31 00:17:47,158 : INFO : EventManager : Event: ======'machine_var_audits_switches_s_drain'====== Args={'value': 240, 'prev_value': 239, 'change': 1}
2025-10-31 00:17:47,291 : INFO : SwitchController : <<<<<<< 's_drain' inactive >>>>>>>
2025-10-31 00:17:47,341 : INFO : SwitchController : <<<<<<< 's_drain' active >>>>>>>
2025-10-31 00:17:47,342 : INFO : EventManager : Event: ======'machine_var_audits_switches_s_drain'====== Args={'value': 241, 'prev_value': 240, 'change': 1}
2025-10-31 00:17:47,641 : INFO : SwitchController : <<<<<<< 's_drain' inactive >>>>>>>
2025-10-31 00:17:47,741 : INFO : SwitchController : <<<<<<< 's_drain' active >>>>>>>
2025-10-31 00:17:47,742 : INFO : EventManager : Event: ======'machine_var_audits_switches_s_drain'====== Args={'value': 242, 'prev_value': 241, 'change': 1}
2025-10-31 00:17:47,841 : INFO : SwitchController : <<<<<<< 's_drain' inactive >>>>>>>
2025-10-31 00:17:47,941 : INFO : SwitchController : <<<<<<< 's_drain' active >>>>>>>
2025-10-31 00:17:47,942 : INFO : EventManager : Event: ======'machine_var_audits_switches_s_drain'====== Args={'value': 243, 'prev_value': 242, 'change': 1}
2025-10-31 00:17:48,058 : INFO : SwitchController : <<<<<<< 's_drain' inactive >>>>>>>
2025-10-31 00:17:48,089 : INFO : BallController : Found 1 ball(s) on playfield.
2025-10-31 00:17:48,089 : WARNING : BallController : Playfields still contain balls. Waiting for those to drain.
2025-10-31 00:17:48,125 : INFO : SwitchController : <<<<<<< 's_drain' active >>>>>>>
2025-10-31 00:17:48,125 : INFO : EventManager : Event: ======'machine_var_audits_switches_s_drain'====== Args={'value': 244, 'prev_value': 243, 'change': 1}
2025-10-31 00:17:48,224 : INFO : SwitchController : <<<<<<< 's_drain' inactive >>>>>>>
2025-10-31 00:17:49,090 : INFO : BallController : Found 1 ball(s) on playfield.
2025-10-31 00:17:49,090 : WARNING : BallController : Playfields still contain balls. Waiting for those to drain.
2025-10-31 00:17:50,043 : INFO : EventManager : Event: ======'balldevice_bd_trough_ball_eject_failed'====== Args={'target': <ball_device.bd_plunger>, 'balls': 1, 'retry': True, 'num_attempts': 30}
2025-10-31 00:17:50,044 : INFO : ball_device.bd_trough : State: waiting_for_target_ready
2025-10-31 00:17:50,045 : INFO : EventManager : Event: ======'balldevice_bd_trough_ball_eject_attempt'====== Args={'balls': 1, 'target': <ball_device.bd_plunger>, 'source': <ball_device.bd_trough>, 'mechanical_eject': False, 'num_attempts': 30}
2025-10-31 00:17:50,045 : INFO : ball_device.bd_trough : State: ejecting
2025-10-31 00:17:50,045 : INFO : ball_device.bd_trough : Ejecting ball to <ball_device.bd_plunger>
2025-10-31 00:17:50,046 : INFO : EventManager : Event: ======'balldevice_bd_trough_ejecting_ball'====== Args={'balls': 1, 'target': <ball_device.bd_plunger>, 'source': <ball_device.bd_trough>, 'mechanical_eject': False, 'num_attempts': 30}
2025-10-31 00:17:50,046 : INFO : ball_device.bd_trough : Wait for ball to leave device
2025-10-31 00:17:50,046 : INFO : coil.c_trough_eject : Pulsing Driver for 20ms (1.0 pulse_power)
2025-10-31 00:17:50,091 : INFO : BallController : Found 1 ball(s) on playfield.
2025-10-31 00:17:50,092 : WARNING : BallController : Playfields still contain balls. Waiting for those to drain.
2025-10-31 00:17:51,092 : INFO : BallController : Found 1 ball(s) on playfield.
2025-10-31 00:17:51,092 : WARNING : BallController : Playfields still contain balls. Waiting for those to drain.
2025-10-31 00:17:52,094 : INFO : BallController : Found 1 ball(s) on playfield.
2025-10-31 00:17:52,094 : WARNING : BallController : Playfields still contain balls. Waiting for those to drain.
2025-10-31 00:17:53,048 : INFO : EventManager : Event: ======'balldevice_bd_trough_ball_eject_failed'====== Args={'target': <ball_device.bd_plunger>, 'balls': 1, 'retry': True, 'num_attempts': 31}
2025-10-31 00:17:53,049 : INFO : ball_device.bd_trough : State: waiting_for_target_ready
2025-10-31 00:17:53,049 : INFO : EventManager : Event: ======'balldevice_bd_trough_ball_eject_attempt'====== Args={'balls': 1, 'target': <ball_device.bd_plunger>, 'source': <ball_device.bd_trough>, 'mechanical_eject': False, 'num_attempts': 31}
2025-10-31 00:17:53,049 : INFO : ball_device.bd_trough : State: ejecting
2025-10-31 00:17:53,050 : INFO : ball_device.bd_trough : Ejecting ball to <ball_device.bd_plunger>
2025-10-31 00:17:53,050 : INFO : EventManager : Event: ======'balldevice_bd_trough_ejecting_ball'====== Args={'balls': 1, 'target': <ball_device.bd_plunger>, 'source': <ball_device.bd_trough>, 'mechanical_eject': False, 'num_attempts': 31}
2025-10-31 00:17:53,050 : INFO : ball_device.bd_trough : Wait for ball to leave device
2025-10-31 00:17:53,050 : INFO : coil.c_trough_eject : Pulsing Driver for 20ms (1.0 pulse_power)
2025-10-31 00:17:53,094 : INFO : BallController : Found 1 ball(s) on playfield.
2025-10-31 00:17:53,094 : WARNING : BallController : Playfields still contain balls. Waiting for those to drain.
2025-10-31 00:17:54,096 : INFO : BallController : Found 1 ball(s) on playfield.
2025-10-31 00:17:54,096 : WARNING : BallController : Playfields still contain balls. Waiting for those to drain.
2025-10-31 00:17:55,097 : INFO : BallController : Found 1 ball(s) on playfield.
2025-10-31 00:17:55,097 : WARNING : BallController : Playfields still contain balls. Waiting for those to drain.
2025-10-31 00:17:55,527 : INFO : ball_device.bd_drain : State: failed_confirm
2025-10-31 00:17:55,528 : INFO : ball_device.bd_drain : Got timeout (10.0s) before confirm from <ball_device.bd_trough>
2025-10-31 00:17:56,051 : INFO : EventManager : Event: ======'balldevice_bd_trough_ball_eject_failed'====== Args={'target': <ball_device.bd_plunger>, 'balls': 1, 'retry': True, 'num_attempts': 32}
2025-10-31 00:17:56,052 : INFO : ball_device.bd_trough : State: waiting_for_target_ready
2025-10-31 00:17:56,053 : INFO : EventManager : Event: ======'balldevice_bd_trough_ball_eject_attempt'====== Args={'balls': 1, 'target': <ball_device.bd_plunger>, 'source': <ball_device.bd_trough>, 'mechanical_eject': False, 'num_attempts': 32}
2025-10-31 00:17:56,054 : INFO : ball_device.bd_trough : State: ejecting
2025-10-31 00:17:56,054 : INFO : ball_device.bd_trough : Ejecting ball to <ball_device.bd_plunger>
2025-10-31 00:17:56,054 : INFO : EventManager : Event: ======'balldevice_bd_trough_ejecting_ball'====== Args={'balls': 1, 'target': <ball_device.bd_plunger>, 'source': <ball_device.bd_trough>, 'mechanical_eject': False, 'num_attempts': 32}
2025-10-31 00:17:56,055 : INFO : ball_device.bd_trough : Wait for ball to leave device
2025-10-31 00:17:56,055 : INFO : coil.c_trough_eject : Pulsing Driver for 20ms (1.0 pulse_power)
2025-10-31 00:17:56,099 : INFO : BallController : Found 1 ball(s) on playfield.
2025-10-31 00:17:56,099 : WARNING : BallController : Playfields still contain balls. Waiting for those to drain.
2025-10-31 00:17:57,099 : INFO : BallController : Found 1 ball(s) on playfield.
2025-10-31 00:17:57,099 : WARNING : BallController : Playfields still contain balls. Waiting for those to drain.
2025-10-31 00:17:58,100 : INFO : BallController : Found 1 ball(s) on playfield.
2025-10-31 00:17:58,100 : WARNING : BallController : Playfields still contain balls. Waiting for those to drain.
2025-10-31 00:17:59,056 : INFO : EventManager : Event: ======'balldevice_bd_trough_ball_eject_failed'====== Args={'target': <ball_device.bd_plunger>, 'balls': 1, 'retry': True, 'num_attempts': 33}
2025-10-31 00:17:59,058 : INFO : ball_device.bd_trough : State: waiting_for_target_ready
2025-10-31 00:17:59,058 : INFO : EventManager : Event: ======'balldevice_bd_trough_ball_eject_attempt'====== Args={'balls': 1, 'target': <ball_device.bd_plunger>, 'source': <ball_device.bd_trough>, 'mechanical_eject': False, 'num_attempts': 33}
2025-10-31 00:17:59,059 : INFO : ball_device.bd_trough : State: ejecting
2025-10-31 00:17:59,059 : INFO : ball_device.bd_trough : Ejecting ball to <ball_device.bd_plunger>
2025-10-31 00:17:59,060 : INFO : EventManager : Event: ======'balldevice_bd_trough_ejecting_ball'====== Args={'balls': 1, 'target': <ball_device.bd_plunger>, 'source': <ball_device.bd_trough>, 'mechanical_eject': False, 'num_attempts': 33}
2025-10-31 00:17:59,061 : INFO : ball_device.bd_trough : Wait for ball to leave device
2025-10-31 00:17:59,061 : INFO : coil.c_trough_eject : Pulsing Driver for 20ms (1.0 pulse_power)
2025-10-31 00:17:59,101 : INFO : BallController : Found 1 ball(s) on playfield.
2025-10-31 00:17:59,102 : WARNING : BallController : Playfields still contain balls. Waiting for those to drain.
2025-10-31 00:17:59,293 : INFO : Machine : Shutting down...
2025-10-31 00:17:59,293 : INFO : EventManager : Event: ======'shutdown'====== Args={}
2025-10-31 00:17:59,296 : INFO : EventManager : Event: ======'mode_game_will_stop'====== Args={}
2025-10-31 00:17:59,296 : INFO : EventManager : Event: ======'mode_game_stopping'====== Args={}
2025-10-31 00:17:59,297 : INFO : Mode.game : Stopped.
2025-10-31 00:17:59,297 : INFO : EventManager : Event: ======'modes_active_modes_changed'====== Args={}
2025-10-31 00:17:59,297 : INFO : EventManager : Event: ======'mode_game_stopped'====== Args={}
2025-10-31 00:17:59,297 : INFO : EventManager : Event: ======'clear'====== Args={'key': 'game'}
2025-10-31 00:17:59,311 : INFO : root : MPF run loop ended.
