2025-10-11 00:48:55,352 : INFO : root : Loading config.
2025-10-11 00:48:55,353 : INFO : YamlMultifileConfigLoader : Machine config file #1: config.yaml
2025-10-11 00:48:55,353 : INFO : ConfigProcessor : Loading config from cache: /var/folders/m3/0d4y64_n3fn8tnkv3ydlhztw0000gn/T/5ca32a6c950d03116abbed96ca44d372.mpf_cache
2025-10-11 00:48:55,365 : INFO : ConfigProcessor : Loading config from cache: /var/folders/m3/0d4y64_n3fn8tnkv3ydlhztw0000gn/T/01c495fa7450a81b4be96cb699872531.mpf_cache
2025-10-11 00:48:55,365 : INFO : ConfigProcessor : Loading config from cache: /var/folders/m3/0d4y64_n3fn8tnkv3ydlhztw0000gn/T/bfde29b5bb803376b0637bb8f0da27a7.mpf_cache
2025-10-11 00:48:55,365 : INFO : ConfigProcessor : Loading config from cache: /var/folders/m3/0d4y64_n3fn8tnkv3ydlhztw0000gn/T/01c495fa7450a81b4be96cb699872531.mpf_cache
2025-10-11 00:48:55,365 : INFO : ConfigProcessor : Loading config from cache: /var/folders/m3/0d4y64_n3fn8tnkv3ydlhztw0000gn/T/3ae89e09515ff8d8b11d68f672b2cc51.mpf_cache
2025-10-11 00:48:55,365 : INFO : Machine : Mission Pinball Framework Core Engine v0.80.0.dev10
2025-10-11 00:48:55,365 : INFO : Machine : Command line arguments: {'no_load_cache': False, 'create_config_cache': True, 'bcp': True, 'configfile': ['config.yaml'], 'force_assets_load': False, 'platform_integration_test': False, 'jsonlogging': False, 'logfile': 'logs/2025-10-11-00-48-55-mpf-mac.home.log', 'pause': False, 'production': False, 'text_ui': True, 'loglevel': 15, 'consoleloglevel': 20, 'force_platform': 'virtual', 'syslog_address': None, 'full_logfile_path': '/Users/didiergilbin/Desktop/Homebrew_CSI/logs/2025-10-11-00-48-55-mpf-mac.home.log'}
2025-10-11 00:48:55,365 : INFO : Machine : MPF path: /Users/didiergilbin/mpfenv/lib/python3.13/site-packages/mpf
2025-10-11 00:48:55,365 : INFO : Machine : Machine path: /Users/didiergilbin/Desktop/Homebrew_CSI
2025-10-11 00:48:55,365 : INFO : Machine : Platform: darwin
2025-10-11 00:48:55,365 : INFO : Machine : Python executable location: /Users/didiergilbin/mpfenv/bin/python3.13
2025-10-11 00:48:55,365 : INFO : Machine : Python version: 3.13.7 (64-bit)
2025-10-11 00:48:55,365 : INFO : Machine : Initializing MPF...
2025-10-11 00:48:55,379 : INFO : EventManager : Event: ======'machine_var_credits_string'====== Args={'value': 'FREE PLAY', 'prev_value': None, 'change': True}
2025-10-11 00:48:55,382 : INFO : EventManager : Event: ======'machine_var_master_volume'====== Args={'value': 0.5, 'prev_value': None, 'change': True}
2025-10-11 00:48:55,382 : INFO : EventManager : Event: ======'machine_var_mpf_version'====== Args={'value': 'Mission Pinball Framework v0.80.0.dev10', 'prev_value': None, 'change': True}
2025-10-11 00:48:55,382 : INFO : EventManager : Event: ======'machine_var_mpf_extended_version'====== Args={'value': 'Mission Pinball Framework v0.80.0.dev10, Config version:6, Show version: 6, BCP version:1.1', 'prev_value': None, 'change': True}
2025-10-11 00:48:55,382 : INFO : EventManager : Event: ======'machine_var_python_version'====== Args={'value': '3.13.7', 'prev_value': None, 'change': True}
2025-10-11 00:48:55,387 : INFO : EventManager : Event: ======'machine_var_platform'====== Args={'value': 'macOS-15.6.1-arm64-arm-64bit-Mach-O', 'prev_value': None, 'change': True}
2025-10-11 00:48:55,387 : INFO : EventManager : Event: ======'machine_var_platform_system'====== Args={'value': 'Darwin', 'prev_value': None, 'change': True}
2025-10-11 00:48:55,387 : INFO : EventManager : Event: ======'machine_var_platform_release'====== Args={'value': '24.6.0', 'prev_value': None, 'change': True}
2025-10-11 00:48:55,387 : INFO : EventManager : Event: ======'machine_var_platform_version'====== Args={'value': 'Darwin Kernel Version 24.6.0: Mon Jul 14 11:30:40 PDT 2025; root:xnu-11417.140.69~1/RELEASE_ARM64_T8132', 'prev_value': None, 'change': True}
2025-10-11 00:48:55,387 : INFO : EventManager : Event: ======'machine_var_platform_machine'====== Args={'value': 'arm64', 'prev_value': None, 'change': True}
2025-10-11 00:48:55,387 : INFO : EventManager : Event: ======'machine_var_log_file_path'====== Args={'value': '/Users/didiergilbin/Desktop/Homebrew_CSI/logs/2025-10-11-00-48-55-mpf-mac.home.log', 'prev_value': None, 'change': True}
2025-10-11 00:48:55,387 : INFO : EventManager : Event: ======'init_phase_1'====== Args={}
2025-10-11 00:48:55,390 : INFO : EventManager : Event: ======'init_phase_2'====== Args={}
2025-10-11 00:48:55,390 : INFO : EventManager : Event: ======'bcp_connection_attempt'====== Args={'name': 'local_display', 'host': 'localhost', 'port': 5050}
2025-10-11 00:48:55,391 : INFO : BCPClientSocket : Connecting BCP to 'local_display' at localhost:5050...
2025-10-11 16:23:31,585 : ERROR : asyncio : Exception in callback DelayManager._process_delay_callback()()
handle: <TimerHandle when=235965.66861216602 DelayManager._process_delay_callback()()>
Traceback (most recent call last):
  File "/Library/Frameworks/Python.framework/Versions/3.13/lib/python3.13/asyncio/events.py", line 89, in _run
    self._context.run(self._callback, *self._args)
    ~~~~~~~~~~~~~~~~~^^^^^^^^^^^^^^^^^^^^^^^^^^^^^
  File "/Users/didiergilbin/mpfenv/lib/python3.13/site-packages/mpf/core/delays.py", line 189, in _process_delay_callback
    callback(**kwargs)
    ~~~~~~~~^^^^^^^^^^
  File "/Users/didiergilbin/mpfenv/lib/python3.13/site-packages/mpf/core/text_ui.py", line 442, in _draw_screen
    self.screen.draw_next_frame()
    ~~~~~~~~~~~~~~~~~~~~~~~~~~~^^
  File "/Users/didiergilbin/mpfenv/lib/python3.13/site-packages/asciimatics/screen.py", line 1690, in draw_next_frame
    event = scene.process_event(event)
  File "/Users/didiergilbin/mpfenv/lib/python3.13/site-packages/asciimatics/scene.py", line 98, in process_event
    event = effect.process_event(event)
  File "/Users/didiergilbin/mpfenv/lib/python3.13/site-packages/asciimatics/widgets/frame.py", line 699, in process_event
    claimed_focus, quit_now = self._handle_desktop_ordering(event)
                              ~~~~~~~~~~~~~~~~~~~~~~~~~~~~~^^^^^^^
  File "/Users/didiergilbin/mpfenv/lib/python3.13/site-packages/asciimatics/widgets/frame.py", line 677, in _handle_desktop_ordering
    effect.blur()
    ~~~~~~~~~~~^^
  File "/Users/didiergilbin/mpfenv/lib/python3.13/site-packages/asciimatics/widgets/frame.py", line 540, in blur
    self._layouts[self._focus].blur()
    ~~~~~~~~~~~~~^^^^^^^^^^^^^
IndexError: list index out of range
2025-10-11 16:23:31,593 : INFO : Machine : Starting the main run loop with active modes: []
2025-10-11 16:23:31,593 : WARNING : Machine : Attract mode is not active, game will not be playable. Please check your attract mode configuration.
2025-10-11 16:23:31,596 : INFO : Machine : Shutting down...
2025-10-11 16:23:31,596 : INFO : EventManager : Event: ======'shutdown'====== Args={}
2025-10-11 16:23:32,599 : ERROR : Machine : Runtime Exception
Traceback (most recent call last):
  File "/Users/didiergilbin/mpfenv/lib/python3.13/site-packages/mpf/core/machine.py", line 810, in _run_loop
    raise self._exception['exception']
  File "/Library/Frameworks/Python.framework/Versions/3.13/lib/python3.13/asyncio/events.py", line 89, in _run
    self._context.run(self._callback, *self._args)
    ~~~~~~~~~~~~~~~~~^^^^^^^^^^^^^^^^^^^^^^^^^^^^^
  File "/Users/didiergilbin/mpfenv/lib/python3.13/site-packages/mpf/core/delays.py", line 189, in _process_delay_callback
    callback(**kwargs)
    ~~~~~~~~^^^^^^^^^^
  File "/Users/didiergilbin/mpfenv/lib/python3.13/site-packages/mpf/core/text_ui.py", line 442, in _draw_screen
    self.screen.draw_next_frame()
    ~~~~~~~~~~~~~~~~~~~~~~~~~~~^^
  File "/Users/didiergilbin/mpfenv/lib/python3.13/site-packages/asciimatics/screen.py", line 1690, in draw_next_frame
    event = scene.process_event(event)
  File "/Users/didiergilbin/mpfenv/lib/python3.13/site-packages/asciimatics/scene.py", line 98, in process_event
    event = effect.process_event(event)
  File "/Users/didiergilbin/mpfenv/lib/python3.13/site-packages/asciimatics/widgets/frame.py", line 699, in process_event
    claimed_focus, quit_now = self._handle_desktop_ordering(event)
                              ~~~~~~~~~~~~~~~~~~~~~~~~~~~~~^^^^^^^
  File "/Users/didiergilbin/mpfenv/lib/python3.13/site-packages/asciimatics/widgets/frame.py", line 677, in _handle_desktop_ordering
    effect.blur()
    ~~~~~~~~~~~^^
  File "/Users/didiergilbin/mpfenv/lib/python3.13/site-packages/asciimatics/widgets/frame.py", line 540, in blur
    self._layouts[self._focus].blur()
    ~~~~~~~~~~~~~^^^^^^^^^^^^^
IndexError: list index out of range
2025-10-11 16:23:32,603 : INFO : root : MPF run loop ended.
