2025-11-04 22:33:08,923 : INFO : root : Loading config.
2025-11-04 22:33:08,924 : INFO : YamlMultifileConfigLoader : Machine config file #1: config.yaml
2025-11-04 22:33:08,925 : INFO : ConfigProcessor : Loading config from cache: /var/folders/m3/0d4y64_n3fn8tnkv3ydlhztw0000gn/T/5ca32a6c950d03116abbed96ca44d372.mpf_cache
2025-11-04 22:33:08,936 : INFO : ConfigProcessor : Loading config from cache: /var/folders/m3/0d4y64_n3fn8tnkv3ydlhztw0000gn/T/01c495fa7450a81b4be96cb699872531.mpf_cache
2025-11-04 22:33:08,936 : INFO : ConfigProcessor : Loading config from cache: /var/folders/m3/0d4y64_n3fn8tnkv3ydlhztw0000gn/T/bfde29b5bb803376b0637bb8f0da27a7.mpf_cache
2025-11-04 22:33:08,936 : INFO : ConfigProcessor : Loading config from cache: /var/folders/m3/0d4y64_n3fn8tnkv3ydlhztw0000gn/T/01c495fa7450a81b4be96cb699872531.mpf_cache
2025-11-04 22:33:08,937 : WARNING : ConfigProcessor : Config file in cache changed: /Users/didiergilbin/Desktop/Homebrew_CSI/modes/base/config/base.yaml
2025-11-04 22:33:08,937 : INFO : ConfigProcessor : Loading config from file /Users/didiergilbin/Desktop/Homebrew_CSI/modes/base/config/base.yaml.
2025-11-04 22:33:08,940 : INFO : ConfigProcessor : Loading config: /Users/didiergilbin/Desktop/Homebrew_CSI/modes/base/config/base.yaml
2025-11-04 22:33:08,940 : INFO : ConfigProcessor : Config file cache created: /var/folders/m3/0d4y64_n3fn8tnkv3ydlhztw0000gn/T/3ae89e09515ff8d8b11d68f672b2cc51.mpf_cache
2025-11-04 22:33:08,940 : INFO : ConfigProcessor : Loading config from cache: /var/folders/m3/0d4y64_n3fn8tnkv3ydlhztw0000gn/T/4c420229fa75118c2461cfc9ff5a44e2.mpf_cache
2025-11-04 22:33:08,940 : INFO : ConfigProcessor : Loading config from cache: /var/folders/m3/0d4y64_n3fn8tnkv3ydlhztw0000gn/T/f5ee6852f1764324c8553249cc53c871.mpf_cache
2025-11-04 22:33:08,940 : INFO : Machine : Mission Pinball Framework Core Engine v0.80.0.dev10
2025-11-04 22:33:08,940 : INFO : Machine : Command line arguments: {'no_load_cache': False, 'create_config_cache': True, 'bcp': True, 'configfile': ['config.yaml'], 'force_assets_load': False, 'platform_integration_test': False, 'jsonlogging': False, 'logfile': 'logs/2025-11-04-22-33-08-mpf-mac.home.log', 'pause': False, 'production': False, 'text_ui': False, 'loglevel': 15, 'consoleloglevel': 20, 'force_platform': 'smart_virtual', 'syslog_address': None, 'full_logfile_path': '/Users/didiergilbin/Desktop/Homebrew_CSI/logs/2025-11-04-22-33-08-mpf-mac.home.log'}
2025-11-04 22:33:08,940 : INFO : Machine : MPF path: /Users/didiergilbin/mpfenv/lib/python3.13/site-packages/mpf
2025-11-04 22:33:08,940 : INFO : Machine : Machine path: /Users/didiergilbin/Desktop/Homebrew_CSI
2025-11-04 22:33:08,940 : INFO : Machine : Platform: darwin
2025-11-04 22:33:08,940 : INFO : Machine : Python executable location: /Users/didiergilbin/mpfenv/bin/python3.13
2025-11-04 22:33:08,940 : INFO : Machine : Python version: 3.13.7 (64-bit)
2025-11-04 22:33:08,940 : INFO : Machine : Initializing MPF...
2025-11-04 22:33:08,952 : INFO : EventManager : Event: ======'machine_var_credits_string'====== Args={'value': 'FREE PLAY', 'prev_value': None, 'change': True}
2025-11-04 22:33:08,955 : INFO : EventManager : Event: ======'machine_var_master_volume'====== Args={'value': 0.5, 'prev_value': None, 'change': True}
2025-11-04 22:33:08,955 : INFO : EventManager : Event: ======'machine_var_player1_score'====== Args={'value': 0, 'prev_value': None, 'change': True}
2025-11-04 22:33:08,956 : INFO : EventManager : Event: ======'machine_var_mpf_version'====== Args={'value': 'Mission Pinball Framework v0.80.0.dev10', 'prev_value': None, 'change': True}
2025-11-04 22:33:08,956 : INFO : EventManager : Event: ======'machine_var_mpf_extended_version'====== Args={'value': 'Mission Pinball Framework v0.80.0.dev10, Config version:6, Show version: 6, BCP version:1.1', 'prev_value': None, 'change': True}
2025-11-04 22:33:08,956 : INFO : EventManager : Event: ======'machine_var_python_version'====== Args={'value': '3.13.7', 'prev_value': None, 'change': True}
2025-11-04 22:33:08,961 : INFO : EventManager : Event: ======'machine_var_platform'====== Args={'value': 'macOS-15.6.1-arm64-arm-64bit-Mach-O', 'prev_value': None, 'change': True}
2025-11-04 22:33:08,961 : INFO : EventManager : Event: ======'machine_var_platform_system'====== Args={'value': 'Darwin', 'prev_value': None, 'change': True}
2025-11-04 22:33:08,961 : INFO : EventManager : Event: ======'machine_var_platform_release'====== Args={'value': '24.6.0', 'prev_value': None, 'change': True}
2025-11-04 22:33:08,961 : INFO : EventManager : Event: ======'machine_var_platform_version'====== Args={'value': 'Darwin Kernel Version 24.6.0: Mon Jul 14 11:30:40 PDT 2025; root:xnu-11417.140.69~1/RELEASE_ARM64_T8132', 'prev_value': None, 'change': True}
2025-11-04 22:33:08,961 : INFO : EventManager : Event: ======'machine_var_platform_machine'====== Args={'value': 'arm64', 'prev_value': None, 'change': True}
2025-11-04 22:33:08,961 : INFO : EventManager : Event: ======'machine_var_log_file_path'====== Args={'value': '/Users/didiergilbin/Desktop/Homebrew_CSI/logs/2025-11-04-22-33-08-mpf-mac.home.log', 'prev_value': None, 'change': True}
2025-11-04 22:33:08,961 : INFO : EventManager : Event: ======'init_phase_1'====== Args={}
2025-11-04 22:33:08,967 : INFO : EventManager : Event: ======'init_phase_2'====== Args={}
2025-11-04 22:33:08,967 : INFO : SwitchController : Found active switch: ('2', <Platform.SmartVirtual>) <switch.s_trough1>
2025-11-04 22:33:08,967 : INFO : SwitchController : Found active switch: ('3', <Platform.SmartVirtual>) <switch.s_trough2>
2025-11-04 22:33:08,967 : INFO : SwitchController : Found active switch: ('4', <Platform.SmartVirtual>) <switch.s_trough3>
2025-11-04 22:33:08,967 : INFO : SwitchController : Found active switch: ('5', <Platform.SmartVirtual>) <switch.s_trough4>
2025-11-04 22:33:08,968 : INFO : EventManager : Event: ======'bcp_connection_attempt'====== Args={'name': 'local_display', 'host': 'localhost', 'port': 5050}
2025-11-04 22:33:08,968 : INFO : BCPClientSocket : Connecting BCP to 'local_display' at localhost:5050...
2025-11-04 22:33:08,970 : INFO : BCPClientSocket : Connected BCP to 'local_display' localhost:5050
2025-11-04 22:33:08,970 : INFO : EventManager : Event: ======'bcp_clients_connected'====== Args={}
2025-11-04 22:33:08,970 : INFO : ball_device.bd_drain : BCH: Initial count: 0
2025-11-04 22:33:08,970 : INFO : ball_device.bd_drain : State: idle
2025-11-04 22:33:08,971 : INFO : ball_device.bd_trough : BCH: Initial count: 4
2025-11-04 22:33:08,971 : INFO : ball_device.bd_trough : State: idle
2025-11-04 22:33:08,971 : INFO : ball_device.bd_plunger : BCH: Initial count: 0
2025-11-04 22:33:08,971 : INFO : ball_device.bd_plunger : State: idle
2025-11-04 22:33:08,974 : INFO : EventManager : Event: ======'init_phase_3'====== Args={}
2025-11-04 22:33:08,974 : INFO : EventManager : Event: ======'init_phase_4'====== Args={}
2025-11-04 22:33:08,975 : INFO : BallController : Initial balls found: 4
2025-11-04 22:33:08,975 : INFO : EventManager : Event: ======'machine_var_audits_events_game_ended'====== Args={'value': 51, 'prev_value': None, 'change': True}
2025-11-04 22:33:08,975 : INFO : EventManager : Event: ======'machine_var_audits_events_game_started'====== Args={'value': 364, 'prev_value': None, 'change': True}
2025-11-04 22:33:08,975 : INFO : EventManager : Event: ======'machine_var_audits_missing_switches_s_drain'====== Args={'value': 10, 'prev_value': None, 'change': True}
2025-11-04 22:33:08,975 : INFO : EventManager : Event: ======'machine_var_audits_missing_switches_s_launch_button'====== Args={'value': 11, 'prev_value': None, 'change': True}
2025-11-04 22:33:08,975 : INFO : EventManager : Event: ======'machine_var_audits_missing_switches_s_left_flipper'====== Args={'value': 1, 'prev_value': None, 'change': True}
2025-11-04 22:33:08,975 : INFO : EventManager : Event: ======'machine_var_audits_missing_switches_s_left_outlane'====== Args={'value': 9, 'prev_value': None, 'change': True}
2025-11-04 22:33:08,975 : INFO : EventManager : Event: ======'machine_var_audits_missing_switches_s_popbumper1'====== Args={'value': 2, 'prev_value': None, 'change': True}
2025-11-04 22:33:08,975 : INFO : EventManager : Event: ======'machine_var_audits_missing_switches_s_popbumper2'====== Args={'value': 2, 'prev_value': None, 'change': True}
2025-11-04 22:33:08,975 : INFO : EventManager : Event: ======'machine_var_audits_missing_switches_s_popbumper3'====== Args={'value': 2, 'prev_value': None, 'change': True}
2025-11-04 22:33:08,975 : INFO : EventManager : Event: ======'machine_var_audits_missing_switches_s_right_inlane'====== Args={'value': 2, 'prev_value': None, 'change': True}
2025-11-04 22:33:08,975 : INFO : EventManager : Event: ======'machine_var_audits_missing_switches_s_right_outlane'====== Args={'value': 7, 'prev_value': None, 'change': True}
2025-11-04 22:33:08,975 : INFO : EventManager : Event: ======'machine_var_audits_missing_switches_s_scoop'====== Args={'value': 2, 'prev_value': None, 'change': True}
2025-11-04 22:33:08,975 : INFO : EventManager : Event: ======'machine_var_audits_missing_switches_s_sling_left'====== Args={'value': 364, 'prev_value': None, 'change': True}
2025-11-04 22:33:08,975 : INFO : EventManager : Event: ======'machine_var_audits_missing_switches_s_sling_right'====== Args={'value': 364, 'prev_value': None, 'change': True}
2025-11-04 22:33:08,975 : INFO : EventManager : Event: ======'machine_var_audits_missing_switches_s_start'====== Args={'value': 2, 'prev_value': None, 'change': True}
2025-11-04 22:33:08,975 : INFO : EventManager : Event: ======'machine_var_audits_missing_switches_s_trough1'====== Args={'value': 10, 'prev_value': None, 'change': True}
2025-11-04 22:33:08,975 : INFO : EventManager : Event: ======'machine_var_audits_missing_switches_s_trough2'====== Args={'value': 11, 'prev_value': None, 'change': True}
2025-11-04 22:33:08,975 : INFO : EventManager : Event: ======'machine_var_audits_missing_switches_s_trough3'====== Args={'value': 142, 'prev_value': None, 'change': True}
2025-11-04 22:33:08,975 : INFO : EventManager : Event: ======'machine_var_audits_missing_switches_s_trough4'====== Args={'value': 142, 'prev_value': None, 'change': True}
2025-11-04 22:33:08,975 : INFO : EventManager : Event: ======'machine_var_audits_missing_switches_s_trough_jam'====== Args={'value': 78, 'prev_value': None, 'change': True}
2025-11-04 22:33:08,975 : INFO : EventManager : Event: ======'machine_var_audits_player_score'====== Args={'value': {'average': 221066, 'top': [10210000, 1550000, 1070000, 1070000, 810000, 710000, 640000, 570000, 530000, 480000], 'total': 110}, 'prev_value': None, 'change': True}
2025-11-04 22:33:08,975 : INFO : EventManager : Event: ======'machine_var_audits_shots_bumper1'====== Args={'value': 3313, 'prev_value': None, 'change': True}
2025-11-04 22:33:08,975 : INFO : EventManager : Event: ======'machine_var_audits_shots_bumper2'====== Args={'value': 3268, 'prev_value': None, 'change': True}
2025-11-04 22:33:08,975 : INFO : EventManager : Event: ======'machine_var_audits_shots_bumper3'====== Args={'value': 2988, 'prev_value': None, 'change': True}
2025-11-04 22:33:08,975 : INFO : EventManager : Event: ======'machine_var_audits_shots_c_shot'====== Args={'value': 33, 'prev_value': None, 'change': True}
2025-11-04 22:33:08,975 : INFO : EventManager : Event: ======'machine_var_audits_shots_csi_shot'====== Args={'value': 9, 'prev_value': None, 'change': True}
2025-11-04 22:33:08,975 : INFO : EventManager : Event: ======'machine_var_audits_shots_i_shot'====== Args={'value': 18, 'prev_value': None, 'change': True}
2025-11-04 22:33:08,975 : INFO : EventManager : Event: ======'machine_var_audits_shots_s_shot'====== Args={'value': 32, 'prev_value': None, 'change': True}
2025-11-04 22:33:08,975 : INFO : EventManager : Event: ======'machine_var_audits_shots_switch_shot'====== Args={'value': 83, 'prev_value': None, 'change': True}
2025-11-04 22:33:08,975 : INFO : EventManager : Event: ======'machine_var_audits_switches_s_drain'====== Args={'value': 506, 'prev_value': None, 'change': True}
2025-11-04 22:33:08,975 : INFO : EventManager : Event: ======'machine_var_audits_switches_s_launch_button'====== Args={'value': 1, 'prev_value': None, 'change': True}
2025-11-04 22:33:08,975 : INFO : EventManager : Event: ======'machine_var_audits_switches_s_left_flipper'====== Args={'value': 345, 'prev_value': None, 'change': True}
2025-11-04 22:33:08,975 : INFO : EventManager : Event: ======'machine_var_audits_switches_s_left_inlane1'====== Args={'value': 36, 'prev_value': None, 'change': True}
2025-11-04 22:33:08,975 : INFO : EventManager : Event: ======'machine_var_audits_switches_s_left_inlane2'====== Args={'value': 35, 'prev_value': None, 'change': True}
2025-11-04 22:33:08,975 : INFO : EventManager : Event: ======'machine_var_audits_switches_s_left_outlane'====== Args={'value': 0, 'prev_value': None, 'change': True}
2025-11-04 22:33:08,975 : INFO : EventManager : Event: ======'machine_var_audits_switches_s_plunger_lane'====== Args={'value': 722, 'prev_value': None, 'change': True}
2025-11-04 22:33:08,975 : INFO : EventManager : Event: ======'machine_var_audits_switches_s_popbumper1'====== Args={'value': 3357, 'prev_value': None, 'change': True}
2025-11-04 22:33:08,975 : INFO : EventManager : Event: ======'machine_var_audits_switches_s_popbumper2'====== Args={'value': 3309, 'prev_value': None, 'change': True}
2025-11-04 22:33:08,975 : INFO : EventManager : Event: ======'machine_var_audits_switches_s_popbumper3'====== Args={'value': 3030, 'prev_value': None, 'change': True}
2025-11-04 22:33:08,975 : INFO : EventManager : Event: ======'machine_var_audits_switches_s_right_flipper'====== Args={'value': 600, 'prev_value': None, 'change': True}
2025-11-04 22:33:08,975 : INFO : EventManager : Event: ======'machine_var_audits_switches_s_right_inlane'====== Args={'value': 21, 'prev_value': None, 'change': True}
2025-11-04 22:33:08,975 : INFO : EventManager : Event: ======'machine_var_audits_switches_s_right_outlane'====== Args={'value': 2, 'prev_value': None, 'change': True}
2025-11-04 22:33:08,975 : INFO : EventManager : Event: ======'machine_var_audits_switches_s_scoop'====== Args={'value': 347, 'prev_value': None, 'change': True}
2025-11-04 22:33:08,975 : INFO : EventManager : Event: ======'machine_var_audits_switches_s_sling_left'====== Args={'value': 0, 'prev_value': None, 'change': True}
2025-11-04 22:33:08,975 : INFO : EventManager : Event: ======'machine_var_audits_switches_s_sling_right'====== Args={'value': 0, 'prev_value': None, 'change': True}
2025-11-04 22:33:08,975 : INFO : EventManager : Event: ======'machine_var_audits_switches_s_start'====== Args={'value': 637, 'prev_value': None, 'change': True}
2025-11-04 22:33:08,975 : INFO : EventManager : Event: ======'machine_var_audits_switches_s_trough1'====== Args={'value': 355, 'prev_value': None, 'change': True}
2025-11-04 22:33:08,975 : INFO : EventManager : Event: ======'machine_var_audits_switches_s_trough2'====== Args={'value': 16, 'prev_value': None, 'change': True}
2025-11-04 22:33:08,975 : INFO : EventManager : Event: ======'machine_var_audits_switches_s_trough3'====== Args={'value': 1, 'prev_value': None, 'change': True}
2025-11-04 22:33:08,975 : INFO : EventManager : Event: ======'machine_var_audits_switches_s_trough4'====== Args={'value': 1, 'prev_value': None, 'change': True}
2025-11-04 22:33:08,975 : INFO : EventManager : Event: ======'machine_var_audits_switches_s_trough_jam'====== Args={'value': 8, 'prev_value': None, 'change': True}
2025-11-04 22:33:08,976 : INFO : EventManager : Event: ======'init_phase_5'====== Args={}
2025-11-04 22:33:08,976 : INFO : EventManager : Event: ======'init_done'====== Args={}
2025-11-04 22:33:08,976 : INFO : EventManager : Event: ======'machine_reset_phase_1'====== Args={}
2025-11-04 22:33:08,977 : INFO : EventManager : Event: ======'machine_reset_phase_2'====== Args={}
2025-11-04 22:33:08,977 : INFO : EventManager : Event: ======'machine_reset_phase_3'====== Args={}
2025-11-04 22:33:08,978 : INFO : EventManager : Event: ======'reset_complete'====== Args={}
2025-11-04 22:33:08,978 : INFO : EventManager : Event: ======'mode_attract_will_start'====== Args={}
2025-11-04 22:33:08,978 : INFO : Timer.attract_carousel_timer : Starting Timer.
2025-11-04 22:33:08,978 : INFO : EventManager : Event: ======'timer_attract_carousel_timer_started'====== Args={'ticks': 0, 'ticks_remaining': 1}
2025-11-04 22:33:08,978 : INFO : EventManager : Event: ======'timer_attract_carousel_timer_tick'====== Args={'ticks': 0, 'ticks_remaining': 1}
2025-11-04 22:33:08,978 : INFO : EventManager : Event: ======'mode_attract_starting'====== Args={}
2025-11-04 22:33:08,978 : INFO : Mode.attract : Started. Priority: 10
2025-11-04 22:33:08,978 : INFO : EventManager : Event: ======'modes_active_modes_changed'====== Args={}
2025-11-04 22:33:08,978 : INFO : EventManager : Event: ======'mode_attract_started'====== Args={}
2025-11-04 22:33:08,978 : INFO : EventManager : Event: ======'collecting_balls_complete'====== Args={}
2025-11-04 22:33:08,978 : INFO : EventManager : Event: ======'carousel_item_highlighted'====== Args={'carousel': 'attract', 'direction': None, 'item': 'title'}
2025-11-04 22:33:08,978 : INFO : Machine : Starting the main run loop with active modes: [<Mode.attract>]
2025-11-04 22:33:09,380 : INFO : BcpServer : New client connected.
2025-11-04 22:33:09,398 : INFO : EventManager : Event: ======'slide_attract_created'====== Args={'_from_bcp': True}
2025-11-04 22:33:09,399 : INFO : EventManager : Event: ======'slide__removed'====== Args={'_from_bcp': True}
2025-11-04 22:33:09,399 : INFO : EventManager : Event: ======'slide_attract_active'====== Args={'original_context': 'attract', 'original_calling_context': 'mode_attract_started', 'priority': 10.0, 'cmd': 'slides_play', '_from_bcp': True}
2025-11-04 22:33:11,379 : INFO : SwitchController : <<<<<<< 's_start' active >>>>>>>
2025-11-04 22:33:11,478 : INFO : SwitchController : <<<<<<< 's_start' inactive >>>>>>>
2025-11-04 22:33:11,478 : INFO : EventManager : Event: ======'request_to_start_game'====== Args={}
2025-11-04 22:33:11,479 : INFO : EventManager : Event: ======'game_start'====== Args={'buttons': [], 'hold_time': 0.0989039579872042}
2025-11-04 22:33:11,480 : INFO : EventManager : Event: ======'mode_game_will_start'====== Args={'buttons': [], 'hold_time': 0.0989039579872042}
2025-11-04 22:33:11,481 : INFO : EventManager : Event: ======'mode_game_starting'====== Args={'buttons': [], 'hold_time': 0.0989039579872042}
2025-11-04 22:33:11,481 : INFO : EventManager : Event: ======'mode_attract_will_stop'====== Args={}
2025-11-04 22:33:11,482 : INFO : EventManager : Event: ======'mode_attract_stopping'====== Args={}
2025-11-04 22:33:11,482 : INFO : Mode.attract : Stopped.
2025-11-04 22:33:11,482 : INFO : EventManager : Event: ======'modes_active_modes_changed'====== Args={}
2025-11-04 22:33:11,483 : INFO : EventManager : Event: ======'mode_attract_stopped'====== Args={}
2025-11-04 22:33:11,483 : INFO : EventManager : Event: ======'clear'====== Args={'key': 'attract'}
2025-11-04 22:33:11,484 : INFO : Timer.attract_carousel_timer : Stopping Timer
2025-11-04 22:33:11,484 : INFO : EventManager : Event: ======'timer_attract_carousel_timer_stopped'====== Args={'ticks': 0, 'ticks_remaining': 1}
2025-11-04 22:33:11,485 : INFO : Mode.game : Started. Priority: 20
2025-11-04 22:33:11,485 : INFO : EventManager : Event: ======'modes_active_modes_changed'====== Args={}
2025-11-04 22:33:11,485 : INFO : EventManager : Event: ======'mode_game_started'====== Args={'buttons': [], 'hold_time': 0.0989039579872042}
2025-11-04 22:33:11,486 : INFO : EventManager : Event: ======'game_will_start'====== Args={}
2025-11-04 22:33:11,486 : INFO : EventManager : Event: ======'game_starting'====== Args={'game': <Mode.game>}
2025-11-04 22:33:11,487 : INFO : EventManager : Unordered handler for class <Auditor> on event game_ended with priority 1. Handlers: [RegisteredHandler(callback=<bound method Auditor.disable of <Auditor>>, priority=1, kwargs={}, key=UUID('829214cb-b146-4db0-9f09-4ecdab9de4b9'), condition=None, blocking_facility=None), RegisteredHandler(callback=<bound method Auditor._save_audits of <Auditor>>, priority=1, kwargs={}, key=UUID('3318a7f5-0720-4389-b537-70ad5ee125d9'), condition=None, blocking_facility=None)]. The order of those handlers is not defined and they will be executed in random order. This might lead to race conditions and potential bugs.
2025-11-04 22:33:11,487 : INFO : EventManager : Event: ======'player_add_request'====== Args={}
2025-11-04 22:33:11,488 : INFO : EventManager : Event: ======'player_will_add'====== Args={'number': 1}
2025-11-04 22:33:11,488 : INFO : EventManager : Event: ======'player_adding'====== Args={'player': <Player 1>, 'number': 1}
2025-11-04 22:33:11,488 : INFO : EventManager : Event: ======'player_added'====== Args={'player': <Player 1>, 'num': 1}
2025-11-04 22:33:11,488 : INFO : Mode.game : Player added successfully. Total players: 1
2025-11-04 22:33:11,489 : INFO : EventManager : Event: ======'player_index'====== Args={'value': 0, 'prev_value': 0, 'change': 0, 'player_num': 1}
2025-11-04 22:33:11,489 : INFO : EventManager : Event: ======'player_number'====== Args={'value': 1, 'prev_value': 1, 'change': 0, 'player_num': 1}
2025-11-04 22:33:11,489 : INFO : EventManager : Event: ======'player_score'====== Args={'value': 0, 'prev_value': 0, 'change': 0, 'player_num': 1}
2025-11-04 22:33:11,490 : INFO : EventManager : Event: ======'game_started'====== Args={}
2025-11-04 22:33:11,490 : INFO : EventManager : Event: ======'player_turn_will_start'====== Args={'player': <Player 1>, 'number': 1}
2025-11-04 22:33:11,490 : INFO : EventManager : Event: ======'player_turn_starting'====== Args={'player': <Player 1>, 'number': 1}
2025-11-04 22:33:11,497 : INFO : EventManager : Event: ======'player_ball'====== Args={'value': 1, 'prev_value': 0, 'change': 1, 'player_num': 1}
2025-11-04 22:33:11,498 : INFO : EventManager : Event: ======'player_turn_started'====== Args={'player': <Player 1>, 'number': 1}
2025-11-04 22:33:11,498 : INFO : EventManager : Event: ======'ball_will_start'====== Args={'player': 1, 'ball': 1, 'balls_remaining': 2, 'is_extra_ball': False}
2025-11-04 22:33:11,498 : INFO : EventManager : Event: ======'ball_starting'====== Args={'player': 1, 'ball': 1, 'balls_remaining': 2, 'is_extra_ball': False}
2025-11-04 22:33:11,499 : INFO : EventManager : Event: ======'mode_base_will_start'====== Args={'queue': <QueuedEvent>, 'player': 1, 'ball': 1, 'balls_remaining': 2, 'is_extra_ball': False}
2025-11-04 22:33:11,499 : INFO : EventManager : Event: ======'player_base_player_added_timer_tick'====== Args={'value': 0, 'prev_value': 0, 'change': 0, 'player_num': 1}
2025-11-04 22:33:11,499 : INFO : Timer.player_added_timer : Starting Timer.
2025-11-04 22:33:11,499 : INFO : EventManager : Event: ======'timer_player_added_timer_started'====== Args={'ticks': 0, 'ticks_remaining': 1}
2025-11-04 22:33:11,499 : INFO : EventManager : Event: ======'timer_player_added_timer_tick'====== Args={'ticks': 0, 'ticks_remaining': 1}
2025-11-04 22:33:11,500 : INFO : EventManager : Event: ======'player_shot_switch_shot_enabled'====== Args={'value': True, 'prev_value': 0, 'change': 1, 'player_num': 1}
2025-11-04 22:33:11,500 : INFO : EventManager : Event: ======'player_shot_c_shot_enabled'====== Args={'value': True, 'prev_value': 0, 'change': 1, 'player_num': 1}
2025-11-04 22:33:11,501 : INFO : EventManager : Event: ======'player_shot_s_shot_enabled'====== Args={'value': True, 'prev_value': 0, 'change': 1, 'player_num': 1}
2025-11-04 22:33:11,501 : INFO : EventManager : Event: ======'player_shot_i_shot_enabled'====== Args={'value': True, 'prev_value': 0, 'change': 1, 'player_num': 1}
2025-11-04 22:33:11,502 : INFO : EventManager : Event: ======'csi_shots_complete'====== Args={'state': 'unlit'}
2025-11-04 22:33:11,502 : INFO : EventManager : Event: ======'csi_shots_unlit_complete'====== Args={}
2025-11-04 22:33:11,503 : INFO : EventManager : Event: ======'mode_base_starting'====== Args={'queue': <QueuedEvent>, 'player': 1, 'ball': 1, 'balls_remaining': 2, 'is_extra_ball': False}
2025-11-04 22:33:11,504 : INFO : Mode.base : Started. Priority: 100
2025-11-04 22:33:11,504 : INFO : EventManager : Event: ======'modes_active_modes_changed'====== Args={}
2025-11-04 22:33:11,504 : INFO : EventManager : Event: ======'mode_base_started'====== Args={'queue': <QueuedEvent>, 'player': 1, 'ball': 1, 'balls_remaining': 2, 'is_extra_ball': False}
2025-11-04 22:33:11,504 : INFO : EventManager : Event: ======'start_mode_bumpers'====== Args={'priority': 0}
2025-11-04 22:33:11,504 : INFO : EventManager : Event: ======'mode_bumpers_will_start'====== Args={'priority': 0}
2025-11-04 22:33:11,505 : INFO : EventManager : Event: ======'player_shot_bumper1_enabled'====== Args={'value': True, 'prev_value': 0, 'change': 1, 'player_num': 1}
2025-11-04 22:33:11,505 : INFO : EventManager : Event: ======'player_shot_bumper2_enabled'====== Args={'value': True, 'prev_value': 0, 'change': 1, 'player_num': 1}
2025-11-04 22:33:11,506 : INFO : EventManager : Event: ======'player_shot_bumper3_enabled'====== Args={'value': True, 'prev_value': 0, 'change': 1, 'player_num': 1}
2025-11-04 22:33:11,506 : INFO : EventManager : Event: ======'bumpers_complete'====== Args={'state': 'unlit'}
2025-11-04 22:33:11,506 : INFO : EventManager : Event: ======'bumpers_unlit_complete'====== Args={}
2025-11-04 22:33:11,507 : INFO : EventManager : Event: ======'mode_bumpers_starting'====== Args={'priority': 0}
2025-11-04 22:33:11,507 : INFO : Mode.bumpers : Started. Priority: 200
2025-11-04 22:33:11,507 : INFO : EventManager : Event: ======'modes_active_modes_changed'====== Args={}
2025-11-04 22:33:11,507 : INFO : EventManager : Event: ======'mode_bumpers_started'====== Args={'priority': 0}
2025-11-04 22:33:11,508 : INFO : EventManager : Event: ======'balls_in_play'====== Args={'balls': 1}
2025-11-04 22:33:11,508 : INFO : EventManager : Event: ======'ball_started'====== Args={'player': 1, 'ball': 1, 'balls_remaining': 2, 'is_extra_ball': False}
2025-11-04 22:33:11,509 : INFO : EventManager : Event: ======'single_player_ball_started'====== Args={}
2025-11-04 22:33:11,509 : INFO : EventManager : Event: ======'ball_start_target'====== Args={'target': 'playfield'}
2025-11-04 22:33:11,509 : INFO : ball_device.bd_trough : Setting up player-controlled eject. Balls: 1, Target: <playfield.playfield>, player_controlled_eject_event: None
2025-11-04 22:33:11,509 : INFO : ball_device.bd_trough : Adding 1 ball(s) to the eject_queue with target <playfield.playfield>.
2025-11-04 22:33:11,509 : INFO : EventManager : Event: ======'balldevice_balls_available'====== Args={}
2025-11-04 22:33:11,510 : INFO : ball_device.bd_trough : State: waiting_for_target_ready
2025-11-04 22:33:11,510 : INFO : EventManager : Event: ======'balldevice_bd_trough_ball_eject_attempt'====== Args={'balls': 1, 'target': <ball_device.bd_plunger>, 'source': <ball_device.bd_trough>, 'mechanical_eject': False, 'num_attempts': 0}
2025-11-04 22:33:11,510 : INFO : ball_device.bd_plunger : State: waiting_for_ball
2025-11-04 22:33:11,510 : INFO : ball_device.bd_trough : State: ejecting
2025-11-04 22:33:11,510 : INFO : ball_device.bd_trough : Ejecting ball to <ball_device.bd_plunger>
2025-11-04 22:33:11,511 : INFO : EventManager : Event: ======'balldevice_bd_trough_ejecting_ball'====== Args={'balls': 1, 'target': <ball_device.bd_plunger>, 'source': <ball_device.bd_trough>, 'mechanical_eject': False, 'num_attempts': 0}
2025-11-04 22:33:11,511 : INFO : ball_device.bd_trough : Wait for ball to leave device
2025-11-04 22:33:11,511 : INFO : coil.c_trough_eject : Pulsing Driver for 20ms (1.0 pulse_power)
2025-11-04 22:33:11,511 : INFO : SwitchController : <<<<<<< 's_trough1' inactive >>>>>>>
2025-11-04 22:33:11,512 : INFO : ball_device.bd_trough : State: ball_left
2025-11-04 22:33:11,512 : INFO : ball_device.bd_trough : Ball left
2025-11-04 22:33:11,512 : INFO : ball_device.bd_trough : Wait for confirm with timeout 3.0
2025-11-04 22:33:11,612 : INFO : SwitchController : <<<<<<< 's_plunger_lane' active >>>>>>>
2025-11-04 22:33:11,613 : INFO : EventManager : Event: ======'machine_var_audits_switches_s_plunger_lane'====== Args={'value': 723, 'prev_value': 722, 'change': 1}
2025-11-04 22:33:11,665 : INFO : EventManager : Event: ======'slide_base_slide_created'====== Args={'_from_bcp': True}
2025-11-04 22:33:11,665 : INFO : EventManager : Event: ======'slide_attract_inactive'====== Args={'is_removing': True, '_from_bcp': True}
2025-11-04 22:33:11,665 : INFO : EventManager : Event: ======'slide_base_slide_active'====== Args={'original_context': 'base', 'original_calling_context': 'mode_base_started', 'priority': 100.0, 'queue': '<QueuedEvent>', 'player': 1.0, 'ball': 1.0, 'balls_remaining': 2.0, 'is_extra_ball': False, 'cmd': 'slides_play', '_from_bcp': True}
2025-11-04 22:33:11,666 : INFO : EventManager : Event: ======'slide_attract_removed'====== Args={'_from_bcp': True}
2025-11-04 22:33:12,114 : INFO : ball_device.bd_plunger : Received ball from <ball_device.bd_trough>
2025-11-04 22:33:12,114 : INFO : EventManager : Event: ======'balldevice_bd_plunger_ball_enter'====== Args={'new_balls': 1, 'unclaimed_balls': 0, 'new_available_balls': 0, 'device': <ball_device.bd_plunger>}
2025-11-04 22:33:12,115 : INFO : EventManager : Event: ======'balldevice_bd_plunger_ball_entered'====== Args={'new_balls': 0, 'device': <ball_device.bd_plunger>}
2025-11-04 22:33:12,116 : INFO : EventManager : Event: ======'balldevice_bd_plunger_ball_count_changed'====== Args={'balls': 1}
2025-11-04 22:33:12,117 : INFO : ball_device.bd_trough : Got eject confirm
2025-11-04 22:33:12,117 : INFO : ball_device.bd_trough : Eject successful
2025-11-04 22:33:12,117 : INFO : EventManager : Event: ======'balldevice_bd_trough_ball_eject_success'====== Args={'balls': 1, 'target': <ball_device.bd_plunger>}
2025-11-04 22:33:12,117 : INFO : EventManager : Event: ======'balldevice_bd_trough_ball_count_changed'====== Args={'balls': 3}
2025-11-04 22:33:12,117 : INFO : ball_device.bd_trough : State: idle
2025-11-04 22:33:12,118 : INFO : ball_device.bd_plunger : State: waiting_for_target_ready
2025-11-04 22:33:12,118 : INFO : EventManager : Event: ======'balldevice_bd_plunger_ball_eject_attempt'====== Args={'balls': 1, 'target': <playfield.playfield>, 'source': <ball_device.bd_plunger>, 'mechanical_eject': False, 'num_attempts': 0}
2025-11-04 22:33:12,118 : INFO : ball_device.bd_plunger : State: ejecting
2025-11-04 22:33:12,118 : INFO : ball_device.bd_plunger : Ejecting ball to <playfield.playfield>
2025-11-04 22:33:12,119 : INFO : EventManager : Event: ======'balldevice_bd_plunger_ejecting_ball'====== Args={'balls': 1, 'target': <playfield.playfield>, 'source': <ball_device.bd_plunger>, 'mechanical_eject': False, 'num_attempts': 0}
2025-11-04 22:33:12,120 : INFO : ball_device.bd_plunger : Wait for ball to leave device
2025-11-04 22:33:12,120 : INFO : coil.c_plunger : Pulsing Driver for 20ms (1.0 pulse_power)
2025-11-04 22:33:12,120 : INFO : SwitchController : <<<<<<< 's_plunger_lane' inactive >>>>>>>
2025-11-04 22:33:12,121 : INFO : ball_device.bd_plunger : State: ball_left
2025-11-04 22:33:12,121 : INFO : ball_device.bd_plunger : Ball left
2025-11-04 22:33:12,121 : INFO : ball_device.bd_plunger : Wait for confirm with timeout 3.0
2025-11-04 22:33:12,200 : INFO : EventManager : Event: ======'player_base_player_added_timer_tick'====== Args={'value': 1, 'prev_value': 0, 'change': 1, 'player_num': 1}
2025-11-04 22:33:12,201 : INFO : Timer.player_added_timer : Timer Complete
2025-11-04 22:33:12,201 : INFO : Timer.player_added_timer : Stopping Timer
2025-11-04 22:33:12,201 : INFO : EventManager : Event: ======'timer_player_added_timer_stopped'====== Args={'ticks': 1, 'ticks_remaining': 1}
2025-11-04 22:33:12,201 : INFO : EventManager : Event: ======'timer_player_added_timer_complete'====== Args={'ticks': 1, 'ticks_remaining': 1}
2025-11-04 22:33:14,228 : INFO : SwitchController : <<<<<<< 's_popbumper2' active >>>>>>>
2025-11-04 22:33:14,228 : INFO : EventManager : Event: ======'playfield_active'====== Args={'source': 'bumper2'}
2025-11-04 22:33:14,229 : INFO : EventManager : Event: ======'s_popbumper2_active'====== Args={}
2025-11-04 22:33:14,230 : INFO : EventManager : Event: ======'playfield_active'====== Args={'source': 'ac_popbumper2'}
2025-11-04 22:33:14,230 : INFO : EventManager : Event: ======'machine_var_audits_switches_s_popbumper2'====== Args={'value': 3310, 'prev_value': 3309, 'change': 1}
2025-11-04 22:33:14,231 : INFO : EventManager : Event: ======'player_shot_bumper2'====== Args={'value': 1, 'prev_value': 0, 'change': 1, 'player_num': 1}
2025-11-04 22:33:14,239 : INFO : EventManager : Event: ======'machine_var_audits_shots_bumper2'====== Args={'value': 3269, 'prev_value': 3268, 'change': 1}
2025-11-04 22:33:14,239 : INFO : EventManager : Event: ======'bumper2_hit'====== Args={'profile': 'default', 'state': 'unlit', 'advancing': True}
2025-11-04 22:33:14,240 : INFO : EventManager : Event: ======'bumper2_default_hit'====== Args={'profile': 'default', 'state': 'unlit', 'advancing': True}
2025-11-04 22:33:14,240 : INFO : EventManager : Event: ======'bumper2_default_unlit_hit'====== Args={'profile': 'default', 'state': 'unlit', 'advancing': True}
2025-11-04 22:33:14,240 : INFO : EventManager : Event: ======'bumper2_unlit_hit'====== Args={'profile': 'default', 'state': 'unlit', 'advancing': True}
2025-11-04 22:33:14,240 : INFO : EventManager : Event: ======'bumpers_hit'====== Args={'shot': 'bumper2'}
2025-11-04 22:33:14,241 : INFO : EventManager : Event: ======'bumpers_unlit_hit'====== Args={'shot': 'bumper2'}
2025-11-04 22:33:14,241 : INFO : EventManager : Event: ======'player_score'====== Args={'value': 10000, 'prev_value': 0, 'change': 10000, 'player_num': 1, 'source': 'bumpers'}
2025-11-04 22:33:14,241 : INFO : ball_device.bd_plunger : Got eject confirm
2025-11-04 22:33:14,241 : INFO : ball_device.bd_plunger : Eject successful
2025-11-04 22:33:14,241 : INFO : EventManager : Event: ======'balldevice_bd_plunger_ball_eject_success'====== Args={'balls': 1, 'target': <playfield.playfield>}
2025-11-04 22:33:14,242 : INFO : EventManager : Event: ======'balldevice_playfield_ball_enter'====== Args={'new_balls': 1, 'unclaimed_balls': 1, 'device': <playfield.playfield>}
2025-11-04 22:33:14,242 : INFO : EventManager : Event: ======'playfield_ball_count_change'====== Args={'balls': 1, 'change': 1}
2025-11-04 22:33:14,242 : INFO : EventManager : Event: ======'balldevice_bd_plunger_ball_count_changed'====== Args={'balls': 0}
2025-11-04 22:33:14,243 : INFO : ball_device.bd_plunger : State: idle
2025-11-04 22:33:14,294 : INFO : SwitchController : <<<<<<< 's_popbumper1' active >>>>>>>
2025-11-04 22:33:14,294 : INFO : EventManager : Event: ======'s_popbumper1_active'====== Args={}
2025-11-04 22:33:14,294 : INFO : EventManager : Event: ======'machine_var_audits_switches_s_popbumper1'====== Args={'value': 3358, 'prev_value': 3357, 'change': 1}
2025-11-04 22:33:14,294 : INFO : EventManager : Event: ======'player_shot_bumper1'====== Args={'value': 1, 'prev_value': 0, 'change': 1, 'player_num': 1}
2025-11-04 22:33:14,294 : INFO : EventManager : Event: ======'machine_var_audits_shots_bumper1'====== Args={'value': 3314, 'prev_value': 3313, 'change': 1}
2025-11-04 22:33:14,294 : INFO : EventManager : Event: ======'bumper1_hit'====== Args={'profile': 'default', 'state': 'unlit', 'advancing': True}
2025-11-04 22:33:14,295 : INFO : EventManager : Event: ======'bumper1_default_hit'====== Args={'profile': 'default', 'state': 'unlit', 'advancing': True}
2025-11-04 22:33:14,295 : INFO : EventManager : Event: ======'bumper1_default_unlit_hit'====== Args={'profile': 'default', 'state': 'unlit', 'advancing': True}
2025-11-04 22:33:14,295 : INFO : EventManager : Event: ======'bumper1_unlit_hit'====== Args={'profile': 'default', 'state': 'unlit', 'advancing': True}
2025-11-04 22:33:14,295 : INFO : EventManager : Event: ======'bumpers_hit'====== Args={'shot': 'bumper1'}
2025-11-04 22:33:14,295 : INFO : EventManager : Event: ======'bumpers_unlit_hit'====== Args={'shot': 'bumper1'}
2025-11-04 22:33:14,295 : INFO : EventManager : Event: ======'player_score'====== Args={'value': 20000, 'prev_value': 10000, 'change': 10000, 'player_num': 1, 'source': 'bumpers'}
2025-11-04 22:33:14,410 : INFO : SwitchController : <<<<<<< 's_popbumper2' inactive >>>>>>>
2025-11-04 22:33:14,460 : INFO : SwitchController : <<<<<<< 's_popbumper1' inactive >>>>>>>
2025-11-04 22:33:14,511 : INFO : SwitchController : <<<<<<< 's_popbumper1' active >>>>>>>
2025-11-04 22:33:14,511 : INFO : EventManager : Event: ======'s_popbumper1_active'====== Args={}
2025-11-04 22:33:14,512 : INFO : EventManager : Event: ======'machine_var_audits_switches_s_popbumper1'====== Args={'value': 3359, 'prev_value': 3358, 'change': 1}
2025-11-04 22:33:14,512 : INFO : EventManager : Event: ======'machine_var_audits_shots_bumper1'====== Args={'value': 3315, 'prev_value': 3314, 'change': 1}
2025-11-04 22:33:14,513 : INFO : EventManager : Event: ======'bumper1_hit'====== Args={'profile': 'default', 'state': 'lit', 'advancing': False}
2025-11-04 22:33:14,513 : INFO : EventManager : Event: ======'bumper1_default_hit'====== Args={'profile': 'default', 'state': 'lit', 'advancing': False}
2025-11-04 22:33:14,513 : INFO : EventManager : Event: ======'bumper1_default_lit_hit'====== Args={'profile': 'default', 'state': 'lit', 'advancing': False}
2025-11-04 22:33:14,514 : INFO : EventManager : Event: ======'bumper1_lit_hit'====== Args={'profile': 'default', 'state': 'lit', 'advancing': False}
2025-11-04 22:33:14,514 : INFO : EventManager : Event: ======'bumpers_hit'====== Args={'shot': 'bumper1'}
2025-11-04 22:33:14,514 : INFO : EventManager : Event: ======'bumpers_lit_hit'====== Args={'shot': 'bumper1'}
2025-11-04 22:33:14,514 : INFO : EventManager : Event: ======'player_score'====== Args={'value': 30000, 'prev_value': 20000, 'change': 10000, 'player_num': 1, 'source': 'bumpers'}
2025-11-04 22:33:14,560 : INFO : SwitchController : <<<<<<< 's_popbumper3' active >>>>>>>
2025-11-04 22:33:14,561 : INFO : EventManager : Event: ======'s_popbumper3_active'====== Args={}
2025-11-04 22:33:14,561 : INFO : EventManager : Event: ======'machine_var_audits_switches_s_popbumper3'====== Args={'value': 3031, 'prev_value': 3030, 'change': 1}
2025-11-04 22:33:14,561 : INFO : EventManager : Event: ======'player_shot_bumper3'====== Args={'value': 1, 'prev_value': 0, 'change': 1, 'player_num': 1}
2025-11-04 22:33:14,561 : INFO : EventManager : Event: ======'machine_var_audits_shots_bumper3'====== Args={'value': 2989, 'prev_value': 2988, 'change': 1}
2025-11-04 22:33:14,561 : INFO : EventManager : Event: ======'bumper3_hit'====== Args={'profile': 'default', 'state': 'unlit', 'advancing': True}
2025-11-04 22:33:14,561 : INFO : EventManager : Event: ======'bumper3_default_hit'====== Args={'profile': 'default', 'state': 'unlit', 'advancing': True}
2025-11-04 22:33:14,562 : INFO : EventManager : Event: ======'bumper3_default_unlit_hit'====== Args={'profile': 'default', 'state': 'unlit', 'advancing': True}
2025-11-04 22:33:14,562 : INFO : EventManager : Event: ======'bumper3_unlit_hit'====== Args={'profile': 'default', 'state': 'unlit', 'advancing': True}
2025-11-04 22:33:14,562 : INFO : EventManager : Event: ======'bumpers_complete'====== Args={'state': 'lit'}
2025-11-04 22:33:14,562 : INFO : EventManager : Event: ======'bumpers_lit_complete'====== Args={}
2025-11-04 22:33:14,562 : INFO : EventManager : Event: ======'bumpers_hit'====== Args={'shot': 'bumper3'}
2025-11-04 22:33:14,562 : INFO : EventManager : Event: ======'bumpers_unlit_hit'====== Args={'shot': 'bumper3'}
2025-11-04 22:33:14,562 : INFO : EventManager : Event: ======'player_score'====== Args={'value': 40000, 'prev_value': 30000, 'change': 10000, 'player_num': 1, 'source': 'bumpers'}
2025-11-04 22:33:14,778 : INFO : SwitchController : <<<<<<< 's_popbumper3' inactive >>>>>>>
2025-11-04 22:33:14,827 : INFO : SwitchController : <<<<<<< 's_popbumper1' inactive >>>>>>>
2025-11-04 22:33:22,530 : INFO : SwitchController : <<<<<<< 's_left_inlane1' active >>>>>>>
2025-11-04 22:33:22,531 : INFO : EventManager : Event: ======'s_left_inlane1_active'====== Args={}
2025-11-04 22:33:22,531 : INFO : EventManager : Event: ======'sw_playfield_active'====== Args={}
2025-11-04 22:33:22,531 : INFO : EventManager : Event: ======'machine_var_audits_switches_s_left_inlane1'====== Args={'value': 37, 'prev_value': 36, 'change': 1}
2025-11-04 22:33:22,531 : INFO : EventManager : Event: ======'player_shot_switch_shot'====== Args={'value': 1, 'prev_value': 0, 'change': 1, 'player_num': 1}
2025-11-04 22:33:22,534 : INFO : EventManager : Event: ======'machine_var_audits_shots_switch_shot'====== Args={'value': 84, 'prev_value': 83, 'change': 1}
2025-11-04 22:33:22,534 : INFO : EventManager : Event: ======'switch_shot_hit'====== Args={'profile': 'default', 'state': 'unlit', 'advancing': True}
2025-11-04 22:33:22,534 : INFO : EventManager : Event: ======'switch_shot_default_hit'====== Args={'profile': 'default', 'state': 'unlit', 'advancing': True}
2025-11-04 22:33:22,534 : INFO : EventManager : Event: ======'switch_shot_default_unlit_hit'====== Args={'profile': 'default', 'state': 'unlit', 'advancing': True}
2025-11-04 22:33:22,535 : INFO : EventManager : Event: ======'switch_shot_unlit_hit'====== Args={'profile': 'default', 'state': 'unlit', 'advancing': True}
2025-11-04 22:33:22,535 : INFO : EventManager : Event: ======'player_shot_c_shot'====== Args={'value': 1, 'prev_value': 0, 'change': 1, 'player_num': 1}
2025-11-04 22:33:22,535 : INFO : EventManager : Event: ======'machine_var_audits_shots_c_shot'====== Args={'value': 34, 'prev_value': 33, 'change': 1}
2025-11-04 22:33:22,535 : INFO : EventManager : Event: ======'c_shot_hit'====== Args={'profile': 'csi_shot_profile', 'state': 'unlit', 'advancing': True}
2025-11-04 22:33:22,535 : INFO : EventManager : Event: ======'c_shot_csi_shot_profile_hit'====== Args={'profile': 'csi_shot_profile', 'state': 'unlit', 'advancing': True}
2025-11-04 22:33:22,535 : INFO : EventManager : Event: ======'c_shot_csi_shot_profile_unlit_hit'====== Args={'profile': 'csi_shot_profile', 'state': 'unlit', 'advancing': True}
2025-11-04 22:33:22,535 : INFO : EventManager : Event: ======'c_shot_unlit_hit'====== Args={'profile': 'csi_shot_profile', 'state': 'unlit', 'advancing': True}
2025-11-04 22:33:22,535 : INFO : EventManager : Event: ======'player_score'====== Args={'value': 40100, 'prev_value': 40000, 'change': 100, 'player_num': 1, 'source': 'base'}
2025-11-04 22:33:22,535 : INFO : EventManager : Event: ======'csi_shots_hit'====== Args={'shot': 'c_shot'}
2025-11-04 22:33:22,535 : INFO : EventManager : Event: ======'csi_shots_unlit_hit'====== Args={'shot': 'c_shot'}
2025-11-04 22:33:22,535 : INFO : EventManager : Event: ======'player_score'====== Args={'value': 41100, 'prev_value': 40100, 'change': 1000, 'player_num': 1, 'source': 'base'}
2025-11-04 22:33:22,614 : INFO : SwitchController : <<<<<<< 's_left_inlane1' inactive >>>>>>>
2025-11-04 22:33:23,881 : INFO : SwitchController : <<<<<<< 's_left_inlane2' active >>>>>>>
2025-11-04 22:33:23,882 : INFO : EventManager : Event: ======'s_left_inlane2_active'====== Args={}
2025-11-04 22:33:23,882 : INFO : EventManager : Event: ======'sw_playfield_active'====== Args={}
2025-11-04 22:33:23,882 : INFO : EventManager : Event: ======'machine_var_audits_switches_s_left_inlane2'====== Args={'value': 36, 'prev_value': 35, 'change': 1}
2025-11-04 22:33:23,883 : INFO : EventManager : Event: ======'machine_var_audits_shots_switch_shot'====== Args={'value': 85, 'prev_value': 84, 'change': 1}
2025-11-04 22:33:23,883 : INFO : EventManager : Event: ======'switch_shot_hit'====== Args={'profile': 'default', 'state': 'lit', 'advancing': False}
2025-11-04 22:33:23,883 : INFO : EventManager : Event: ======'switch_shot_default_hit'====== Args={'profile': 'default', 'state': 'lit', 'advancing': False}
2025-11-04 22:33:23,884 : INFO : EventManager : Event: ======'switch_shot_default_lit_hit'====== Args={'profile': 'default', 'state': 'lit', 'advancing': False}
2025-11-04 22:33:23,884 : INFO : EventManager : Event: ======'switch_shot_lit_hit'====== Args={'profile': 'default', 'state': 'lit', 'advancing': False}
2025-11-04 22:33:23,884 : INFO : EventManager : Event: ======'player_shot_s_shot'====== Args={'value': 1, 'prev_value': 0, 'change': 1, 'player_num': 1}
2025-11-04 22:33:23,885 : INFO : EventManager : Event: ======'machine_var_audits_shots_s_shot'====== Args={'value': 33, 'prev_value': 32, 'change': 1}
2025-11-04 22:33:23,885 : INFO : EventManager : Event: ======'s_shot_hit'====== Args={'profile': 'csi_shot_profile', 'state': 'unlit', 'advancing': True}
2025-11-04 22:33:23,885 : INFO : EventManager : Event: ======'s_shot_csi_shot_profile_hit'====== Args={'profile': 'csi_shot_profile', 'state': 'unlit', 'advancing': True}
2025-11-04 22:33:23,885 : INFO : EventManager : Event: ======'s_shot_csi_shot_profile_unlit_hit'====== Args={'profile': 'csi_shot_profile', 'state': 'unlit', 'advancing': True}
2025-11-04 22:33:23,886 : INFO : EventManager : Event: ======'s_shot_unlit_hit'====== Args={'profile': 'csi_shot_profile', 'state': 'unlit', 'advancing': True}
2025-11-04 22:33:23,886 : INFO : EventManager : Event: ======'player_score'====== Args={'value': 41200, 'prev_value': 41100, 'change': 100, 'player_num': 1, 'source': 'base'}
2025-11-04 22:33:23,886 : INFO : EventManager : Event: ======'csi_shots_hit'====== Args={'shot': 's_shot'}
2025-11-04 22:33:23,886 : INFO : EventManager : Event: ======'csi_shots_unlit_hit'====== Args={'shot': 's_shot'}
2025-11-04 22:33:23,887 : INFO : EventManager : Event: ======'player_score'====== Args={'value': 42200, 'prev_value': 41200, 'change': 1000, 'player_num': 1, 'source': 'base'}
2025-11-04 22:33:23,982 : INFO : SwitchController : <<<<<<< 's_left_inlane2' inactive >>>>>>>
2025-11-04 22:33:26,115 : INFO : SwitchController : <<<<<<< 's_right_inlane' active >>>>>>>
2025-11-04 22:33:26,115 : INFO : EventManager : Event: ======'s_right_inlane_active'====== Args={}
2025-11-04 22:33:26,116 : INFO : EventManager : Event: ======'sw_playfield_active'====== Args={}
2025-11-04 22:33:26,116 : INFO : EventManager : Event: ======'machine_var_audits_switches_s_right_inlane'====== Args={'value': 22, 'prev_value': 21, 'change': 1}
2025-11-04 22:33:26,117 : INFO : EventManager : Event: ======'machine_var_audits_shots_switch_shot'====== Args={'value': 86, 'prev_value': 85, 'change': 1}
2025-11-04 22:33:26,122 : INFO : EventManager : Event: ======'switch_shot_hit'====== Args={'profile': 'default', 'state': 'lit', 'advancing': False}
2025-11-04 22:33:26,123 : INFO : EventManager : Event: ======'switch_shot_default_hit'====== Args={'profile': 'default', 'state': 'lit', 'advancing': False}
2025-11-04 22:33:26,123 : INFO : EventManager : Event: ======'switch_shot_default_lit_hit'====== Args={'profile': 'default', 'state': 'lit', 'advancing': False}
2025-11-04 22:33:26,123 : INFO : EventManager : Event: ======'switch_shot_lit_hit'====== Args={'profile': 'default', 'state': 'lit', 'advancing': False}
2025-11-04 22:33:26,123 : INFO : EventManager : Event: ======'player_shot_i_shot'====== Args={'value': 1, 'prev_value': 0, 'change': 1, 'player_num': 1}
2025-11-04 22:33:26,124 : INFO : EventManager : Event: ======'machine_var_audits_shots_i_shot'====== Args={'value': 19, 'prev_value': 18, 'change': 1}
2025-11-04 22:33:26,124 : INFO : EventManager : Event: ======'i_shot_hit'====== Args={'profile': 'csi_shot_profile', 'state': 'unlit', 'advancing': True}
2025-11-04 22:33:26,124 : INFO : EventManager : Event: ======'i_shot_csi_shot_profile_hit'====== Args={'profile': 'csi_shot_profile', 'state': 'unlit', 'advancing': True}
2025-11-04 22:33:26,124 : INFO : EventManager : Event: ======'i_shot_csi_shot_profile_unlit_hit'====== Args={'profile': 'csi_shot_profile', 'state': 'unlit', 'advancing': True}
2025-11-04 22:33:26,125 : INFO : EventManager : Event: ======'i_shot_unlit_hit'====== Args={'profile': 'csi_shot_profile', 'state': 'unlit', 'advancing': True}
2025-11-04 22:33:26,125 : INFO : EventManager : Event: ======'player_score'====== Args={'value': 42300, 'prev_value': 42200, 'change': 100, 'player_num': 1, 'source': 'base'}
2025-11-04 22:33:26,125 : INFO : EventManager : Event: ======'csi_shots_complete'====== Args={'state': 'lit'}
2025-11-04 22:33:26,125 : INFO : EventManager : Event: ======'csi_shots_lit_complete'====== Args={}
2025-11-04 22:33:26,125 : INFO : EventManager : Event: ======'csi_shots_hit'====== Args={'shot': 'i_shot'}
2025-11-04 22:33:26,126 : INFO : EventManager : Event: ======'csi_shots_unlit_hit'====== Args={'shot': 'i_shot'}
2025-11-04 22:33:26,126 : INFO : EventManager : Event: ======'player_score'====== Args={'value': 43300, 'prev_value': 42300, 'change': 1000, 'player_num': 1, 'source': 'base'}
2025-11-04 22:33:26,230 : INFO : SwitchController : <<<<<<< 's_right_inlane' inactive >>>>>>>
2025-11-04 22:34:29,174 : INFO : Machine : Shutting down...
2025-11-04 22:34:29,175 : INFO : EventManager : Event: ======'shutdown'====== Args={}
2025-11-04 22:34:29,177 : INFO : EventManager : Event: ======'mode_game_will_stop'====== Args={}
2025-11-04 22:34:29,177 : INFO : EventManager : Event: ======'mode_game_stopping'====== Args={}
2025-11-04 22:34:29,178 : INFO : EventManager : Event: ======'mode_bumpers_will_stop'====== Args={}
2025-11-04 22:34:29,178 : INFO : EventManager : Event: ======'mode_bumpers_stopping'====== Args={}
2025-11-04 22:34:29,178 : INFO : EventManager : Event: ======'mode_base_will_stop'====== Args={}
2025-11-04 22:34:29,178 : INFO : EventManager : Event: ======'mode_base_stopping'====== Args={}
2025-11-04 22:34:29,178 : INFO : EventManager : Event: ======'stop_mode_bumpers'====== Args={'priority': 0}
2025-11-04 22:34:29,178 : INFO : Mode.base : Stopped.
2025-11-04 22:34:29,178 : INFO : EventManager : Event: ======'modes_active_modes_changed'====== Args={}
2025-11-04 22:34:29,178 : INFO : EventManager : Event: ======'mode_base_stopped'====== Args={}
2025-11-04 22:34:29,178 : INFO : EventManager : Event: ======'clear'====== Args={'key': 'base'}
2025-11-04 22:34:29,179 : INFO : Timer.player_added_timer : Stopping Timer
2025-11-04 22:34:29,179 : INFO : EventManager : Event: ======'timer_player_added_timer_stopped'====== Args={'ticks': 1, 'ticks_remaining': 1}
2025-11-04 22:34:29,179 : INFO : Mode.bumpers : Stopped.
2025-11-04 22:34:29,179 : INFO : EventManager : Event: ======'modes_active_modes_changed'====== Args={}
2025-11-04 22:34:29,179 : INFO : EventManager : Event: ======'mode_bumpers_stopped'====== Args={}
2025-11-04 22:34:29,179 : INFO : EventManager : Event: ======'clear'====== Args={'key': 'bumpers'}
2025-11-04 22:34:29,180 : INFO : Mode.game : Stopped.
2025-11-04 22:34:29,180 : INFO : EventManager : Event: ======'modes_active_modes_changed'====== Args={}
2025-11-04 22:34:29,180 : INFO : EventManager : Event: ======'mode_game_stopped'====== Args={}
2025-11-04 22:34:29,180 : INFO : EventManager : Event: ======'clear'====== Args={'key': 'game'}
2025-11-04 22:34:29,182 : INFO : root : MPF run loop ended.
