2025-10-20 22:42:54,179 : INFO : root : Loading config.
2025-10-20 22:42:54,180 : INFO : YamlMultifileConfigLoader : Machine config file #1: config.yaml
2025-10-20 22:42:54,180 : INFO : ConfigProcessor : Loading config from cache: /var/folders/m3/0d4y64_n3fn8tnkv3ydlhztw0000gn/T/5ca32a6c950d03116abbed96ca44d372.mpf_cache
2025-10-20 22:42:54,191 : INFO : ConfigProcessor : Loading config from cache: /var/folders/m3/0d4y64_n3fn8tnkv3ydlhztw0000gn/T/01c495fa7450a81b4be96cb699872531.mpf_cache
2025-10-20 22:42:54,192 : INFO : ConfigProcessor : Loading config from cache: /var/folders/m3/0d4y64_n3fn8tnkv3ydlhztw0000gn/T/bfde29b5bb803376b0637bb8f0da27a7.mpf_cache
2025-10-20 22:42:54,192 : INFO : ConfigProcessor : Loading config from cache: /var/folders/m3/0d4y64_n3fn8tnkv3ydlhztw0000gn/T/01c495fa7450a81b4be96cb699872531.mpf_cache
2025-10-20 22:42:54,192 : INFO : ConfigProcessor : Loading config from cache: /var/folders/m3/0d4y64_n3fn8tnkv3ydlhztw0000gn/T/3ae89e09515ff8d8b11d68f672b2cc51.mpf_cache
2025-10-20 22:42:54,192 : INFO : ConfigProcessor : Loading config from cache: /var/folders/m3/0d4y64_n3fn8tnkv3ydlhztw0000gn/T/4c420229fa75118c2461cfc9ff5a44e2.mpf_cache
2025-10-20 22:42:54,192 : INFO : Machine : Mission Pinball Framework Core Engine v0.80.0.dev10
2025-10-20 22:42:54,192 : INFO : Machine : Command line arguments: {'no_load_cache': False, 'create_config_cache': True, 'bcp': True, 'configfile': ['config.yaml'], 'force_assets_load': False, 'platform_integration_test': False, 'jsonlogging': False, 'logfile': 'logs/2025-10-20-22-42-54-mpf-mac.home.log', 'pause': False, 'production': False, 'text_ui': False, 'loglevel': 15, 'consoleloglevel': 20, 'force_platform': 'smart_virtual', 'syslog_address': None, 'full_logfile_path': '/Users/didiergilbin/Desktop/Homebrew_CSI/logs/2025-10-20-22-42-54-mpf-mac.home.log'}
2025-10-20 22:42:54,192 : INFO : Machine : MPF path: /Users/didiergilbin/mpfenv/lib/python3.13/site-packages/mpf
2025-10-20 22:42:54,192 : INFO : Machine : Machine path: /Users/didiergilbin/Desktop/Homebrew_CSI
2025-10-20 22:42:54,192 : INFO : Machine : Platform: darwin
2025-10-20 22:42:54,192 : INFO : Machine : Python executable location: /Users/didiergilbin/mpfenv/bin/python3.13
2025-10-20 22:42:54,192 : INFO : Machine : Python version: 3.13.7 (64-bit)
2025-10-20 22:42:54,192 : INFO : Machine : Initializing MPF...
2025-10-20 22:42:54,205 : INFO : EventManager : Event: ======'machine_var_credits_string'====== Args={'value': 'FREE PLAY', 'prev_value': None, 'change': True}
2025-10-20 22:42:54,207 : INFO : EventManager : Event: ======'machine_var_master_volume'====== Args={'value': 0.5, 'prev_value': None, 'change': True}
2025-10-20 22:42:54,207 : INFO : EventManager : Event: ======'machine_var_mpf_version'====== Args={'value': 'Mission Pinball Framework v0.80.0.dev10', 'prev_value': None, 'change': True}
2025-10-20 22:42:54,207 : INFO : EventManager : Event: ======'machine_var_mpf_extended_version'====== Args={'value': 'Mission Pinball Framework v0.80.0.dev10, Config version:6, Show version: 6, BCP version:1.1', 'prev_value': None, 'change': True}
2025-10-20 22:42:54,207 : INFO : EventManager : Event: ======'machine_var_python_version'====== Args={'value': '3.13.7', 'prev_value': None, 'change': True}
2025-10-20 22:42:54,213 : INFO : EventManager : Event: ======'machine_var_platform'====== Args={'value': 'macOS-15.6.1-arm64-arm-64bit-Mach-O', 'prev_value': None, 'change': True}
2025-10-20 22:42:54,213 : INFO : EventManager : Event: ======'machine_var_platform_system'====== Args={'value': 'Darwin', 'prev_value': None, 'change': True}
2025-10-20 22:42:54,213 : INFO : EventManager : Event: ======'machine_var_platform_release'====== Args={'value': '24.6.0', 'prev_value': None, 'change': True}
2025-10-20 22:42:54,213 : INFO : EventManager : Event: ======'machine_var_platform_version'====== Args={'value': 'Darwin Kernel Version 24.6.0: Mon Jul 14 11:30:40 PDT 2025; root:xnu-11417.140.69~1/RELEASE_ARM64_T8132', 'prev_value': None, 'change': True}
2025-10-20 22:42:54,213 : INFO : EventManager : Event: ======'machine_var_platform_machine'====== Args={'value': 'arm64', 'prev_value': None, 'change': True}
2025-10-20 22:42:54,213 : INFO : EventManager : Event: ======'machine_var_log_file_path'====== Args={'value': '/Users/didiergilbin/Desktop/Homebrew_CSI/logs/2025-10-20-22-42-54-mpf-mac.home.log', 'prev_value': None, 'change': True}
2025-10-20 22:42:54,213 : INFO : EventManager : Event: ======'init_phase_1'====== Args={}
2025-10-20 22:42:54,217 : INFO : EventManager : Event: ======'init_phase_2'====== Args={}
2025-10-20 22:42:54,217 : INFO : SwitchController : Found active switch: ('2', <Platform.SmartVirtual>) <switch.s_trough1>
2025-10-20 22:42:54,217 : INFO : SwitchController : Found active switch: ('3', <Platform.SmartVirtual>) <switch.s_trough2>
2025-10-20 22:42:54,217 : INFO : SwitchController : Found active switch: ('4', <Platform.SmartVirtual>) <switch.s_trough3>
2025-10-20 22:42:54,217 : INFO : SwitchController : Found active switch: ('5', <Platform.SmartVirtual>) <switch.s_trough4>
2025-10-20 22:42:54,218 : INFO : EventManager : Event: ======'bcp_connection_attempt'====== Args={'name': 'local_display', 'host': 'localhost', 'port': 5050}
2025-10-20 22:42:54,218 : INFO : BCPClientSocket : Connecting BCP to 'local_display' at localhost:5050...
2025-10-20 22:42:54,220 : INFO : BCPClientSocket : Connected BCP to 'local_display' localhost:5050
2025-10-20 22:42:54,221 : INFO : EventManager : Event: ======'bcp_clients_connected'====== Args={}
2025-10-20 22:42:54,221 : INFO : ball_device.bd_trough : BCH: Initial count: 4
2025-10-20 22:42:54,221 : INFO : ball_device.bd_trough : State: idle
2025-10-20 22:42:54,221 : INFO : ball_device.bd_plunger : BCH: Initial count: 0
2025-10-20 22:42:54,221 : INFO : ball_device.bd_plunger : State: idle
2025-10-20 22:42:54,224 : INFO : EventManager : Event: ======'init_phase_3'====== Args={}
2025-10-20 22:42:54,224 : INFO : EventManager : Event: ======'init_phase_4'====== Args={}
2025-10-20 22:42:54,225 : INFO : BallController : Initial balls found: 4
2025-10-20 22:42:54,225 : INFO : EventManager : Event: ======'machine_var_audits_events_game_ended'====== Args={'value': 0, 'prev_value': None, 'change': True}
2025-10-20 22:42:54,225 : INFO : EventManager : Event: ======'machine_var_audits_events_game_started'====== Args={'value': 17, 'prev_value': None, 'change': True}
2025-10-20 22:42:54,225 : INFO : EventManager : Event: ======'machine_var_audits_missing_switches_s_launch_button'====== Args={'value': 17, 'prev_value': None, 'change': True}
2025-10-20 22:42:54,225 : INFO : EventManager : Event: ======'machine_var_audits_missing_switches_s_left_flipper'====== Args={'value': 6, 'prev_value': None, 'change': True}
2025-10-20 22:42:54,225 : INFO : EventManager : Event: ======'machine_var_audits_missing_switches_s_popbumper1'====== Args={'value': 3, 'prev_value': None, 'change': True}
2025-10-20 22:42:54,225 : INFO : EventManager : Event: ======'machine_var_audits_missing_switches_s_popbumper2'====== Args={'value': 3, 'prev_value': None, 'change': True}
2025-10-20 22:42:54,225 : INFO : EventManager : Event: ======'machine_var_audits_missing_switches_s_popbumper3'====== Args={'value': 3, 'prev_value': None, 'change': True}
2025-10-20 22:42:54,225 : INFO : EventManager : Event: ======'machine_var_audits_missing_switches_s_right_flipper'====== Args={'value': 6, 'prev_value': None, 'change': True}
2025-10-20 22:42:54,225 : INFO : EventManager : Event: ======'machine_var_audits_missing_switches_s_scoop'====== Args={'value': 3, 'prev_value': None, 'change': True}
2025-10-20 22:42:54,225 : INFO : EventManager : Event: ======'machine_var_audits_missing_switches_s_sling_left'====== Args={'value': 17, 'prev_value': None, 'change': True}
2025-10-20 22:42:54,225 : INFO : EventManager : Event: ======'machine_var_audits_missing_switches_s_sling_right'====== Args={'value': 17, 'prev_value': None, 'change': True}
2025-10-20 22:42:54,225 : INFO : EventManager : Event: ======'machine_var_audits_missing_switches_s_start'====== Args={'value': 1, 'prev_value': None, 'change': True}
2025-10-20 22:42:54,225 : INFO : EventManager : Event: ======'machine_var_audits_missing_switches_s_trough1'====== Args={'value': 17, 'prev_value': None, 'change': True}
2025-10-20 22:42:54,225 : INFO : EventManager : Event: ======'machine_var_audits_missing_switches_s_trough2'====== Args={'value': 17, 'prev_value': None, 'change': True}
2025-10-20 22:42:54,225 : INFO : EventManager : Event: ======'machine_var_audits_missing_switches_s_trough3'====== Args={'value': 17, 'prev_value': None, 'change': True}
2025-10-20 22:42:54,225 : INFO : EventManager : Event: ======'machine_var_audits_missing_switches_s_trough4'====== Args={'value': 17, 'prev_value': None, 'change': True}
2025-10-20 22:42:54,225 : INFO : EventManager : Event: ======'machine_var_audits_missing_switches_s_trough_jam'====== Args={'value': 17, 'prev_value': None, 'change': True}
2025-10-20 22:42:54,225 : INFO : EventManager : Event: ======'machine_var_audits_player_score'====== Args={'value': {'average': 0, 'top': [], 'total': 0}, 'prev_value': None, 'change': True}
2025-10-20 22:42:54,225 : INFO : EventManager : Event: ======'machine_var_audits_shots_bumper1'====== Args={'value': 110, 'prev_value': None, 'change': True}
2025-10-20 22:42:54,225 : INFO : EventManager : Event: ======'machine_var_audits_shots_bumper2'====== Args={'value': 147, 'prev_value': None, 'change': True}
2025-10-20 22:42:54,225 : INFO : EventManager : Event: ======'machine_var_audits_shots_bumper3'====== Args={'value': 102, 'prev_value': None, 'change': True}
2025-10-20 22:42:54,225 : INFO : EventManager : Event: ======'machine_var_audits_switches_s_launch_button'====== Args={'value': 0, 'prev_value': None, 'change': True}
2025-10-20 22:42:54,225 : INFO : EventManager : Event: ======'machine_var_audits_switches_s_left_flipper'====== Args={'value': 5, 'prev_value': None, 'change': True}
2025-10-20 22:42:54,225 : INFO : EventManager : Event: ======'machine_var_audits_switches_s_plunger_lane'====== Args={'value': 17, 'prev_value': None, 'change': True}
2025-10-20 22:42:54,225 : INFO : EventManager : Event: ======'machine_var_audits_switches_s_popbumper1'====== Args={'value': 110, 'prev_value': None, 'change': True}
2025-10-20 22:42:54,225 : INFO : EventManager : Event: ======'machine_var_audits_switches_s_popbumper2'====== Args={'value': 147, 'prev_value': None, 'change': True}
2025-10-20 22:42:54,225 : INFO : EventManager : Event: ======'machine_var_audits_switches_s_popbumper3'====== Args={'value': 102, 'prev_value': None, 'change': True}
2025-10-20 22:42:54,225 : INFO : EventManager : Event: ======'machine_var_audits_switches_s_right_flipper'====== Args={'value': 7, 'prev_value': None, 'change': True}
2025-10-20 22:42:54,225 : INFO : EventManager : Event: ======'machine_var_audits_switches_s_scoop'====== Args={'value': 43, 'prev_value': None, 'change': True}
2025-10-20 22:42:54,225 : INFO : EventManager : Event: ======'machine_var_audits_switches_s_sling_left'====== Args={'value': 0, 'prev_value': None, 'change': True}
2025-10-20 22:42:54,225 : INFO : EventManager : Event: ======'machine_var_audits_switches_s_sling_right'====== Args={'value': 0, 'prev_value': None, 'change': True}
2025-10-20 22:42:54,225 : INFO : EventManager : Event: ======'machine_var_audits_switches_s_start'====== Args={'value': 41, 'prev_value': None, 'change': True}
2025-10-20 22:42:54,225 : INFO : EventManager : Event: ======'machine_var_audits_switches_s_trough1'====== Args={'value': 0, 'prev_value': None, 'change': True}
2025-10-20 22:42:54,225 : INFO : EventManager : Event: ======'machine_var_audits_switches_s_trough2'====== Args={'value': 0, 'prev_value': None, 'change': True}
2025-10-20 22:42:54,225 : INFO : EventManager : Event: ======'machine_var_audits_switches_s_trough3'====== Args={'value': 0, 'prev_value': None, 'change': True}
2025-10-20 22:42:54,225 : INFO : EventManager : Event: ======'machine_var_audits_switches_s_trough4'====== Args={'value': 0, 'prev_value': None, 'change': True}
2025-10-20 22:42:54,225 : INFO : EventManager : Event: ======'machine_var_audits_switches_s_trough_jam'====== Args={'value': 0, 'prev_value': None, 'change': True}
2025-10-20 22:42:54,225 : INFO : EventManager : Event: ======'init_phase_5'====== Args={}
2025-10-20 22:42:54,226 : INFO : EventManager : Event: ======'init_done'====== Args={}
2025-10-20 22:42:54,226 : INFO : EventManager : Event: ======'machine_reset_phase_1'====== Args={}
2025-10-20 22:42:54,255 : INFO : EventManager : Event: ======'machine_reset_phase_2'====== Args={}
2025-10-20 22:42:54,255 : INFO : EventManager : Event: ======'machine_reset_phase_3'====== Args={}
2025-10-20 22:42:54,255 : INFO : EventManager : Event: ======'reset_complete'====== Args={}
2025-10-20 22:42:54,255 : INFO : EventManager : Event: ======'mode_attract_will_start'====== Args={}
2025-10-20 22:42:54,255 : INFO : Timer.attract_carousel_timer : Starting Timer.
2025-10-20 22:42:54,255 : INFO : EventManager : Event: ======'timer_attract_carousel_timer_started'====== Args={'ticks': 0, 'ticks_remaining': 1}
2025-10-20 22:42:54,255 : INFO : EventManager : Event: ======'timer_attract_carousel_timer_tick'====== Args={'ticks': 0, 'ticks_remaining': 1}
2025-10-20 22:42:54,256 : INFO : EventManager : Event: ======'mode_attract_starting'====== Args={}
2025-10-20 22:42:54,256 : INFO : Mode.attract : Started. Priority: 10
2025-10-20 22:42:54,256 : INFO : EventManager : Event: ======'modes_active_modes_changed'====== Args={}
2025-10-20 22:42:54,256 : INFO : EventManager : Event: ======'mode_attract_started'====== Args={}
2025-10-20 22:42:54,256 : INFO : EventManager : Event: ======'collecting_balls_complete'====== Args={}
2025-10-20 22:42:54,256 : INFO : EventManager : Event: ======'carousel_item_highlighted'====== Args={'carousel': 'attract', 'direction': None, 'item': 'title'}
2025-10-20 22:42:54,257 : INFO : Machine : Starting the main run loop with active modes: [<Mode.attract>]
2025-10-20 22:42:54,294 : INFO : EventManager : Event: ======'slide_attract_created'====== Args={'_from_bcp': True}
2025-10-20 22:42:54,294 : INFO : EventManager : Event: ======'slide__removed'====== Args={'_from_bcp': True}
2025-10-20 22:42:54,294 : INFO : EventManager : Event: ======'slide_attract_active'====== Args={'original_context': 'attract', 'original_calling_context': 'mode_attract_started', 'priority': 10.0, 'cmd': 'slides_play', '_from_bcp': True}
2025-10-20 22:42:59,257 : INFO : Timer.attract_carousel_timer : Timer Complete
2025-10-20 22:42:59,257 : INFO : Timer.attract_carousel_timer : Stopping Timer
2025-10-20 22:42:59,257 : INFO : EventManager : Event: ======'timer_attract_carousel_timer_stopped'====== Args={'ticks': 1, 'ticks_remaining': 1}
2025-10-20 22:42:59,257 : INFO : EventManager : Event: ======'timer_attract_carousel_timer_complete'====== Args={'ticks': 1, 'ticks_remaining': 1}
2025-10-20 22:42:59,258 : INFO : EventManager : Event: ======'carousel_item_highlighted'====== Args={'carousel': 'attract', 'direction': 'forwards', 'item': 'credits'}
2025-10-20 22:43:03,073 : INFO : SwitchController : <<<<<<< 's_right_flipper' active >>>>>>>
2025-10-20 22:43:03,073 : INFO : EventManager : Event: ======'s_right_flipper_active'====== Args={}
2025-10-20 22:43:03,074 : INFO : EventManager : Event: ======'carousel_item_highlighted'====== Args={'carousel': 'attract', 'direction': 'forwards', 'item': 'logo'}
2025-10-20 22:43:03,173 : INFO : SwitchController : <<<<<<< 's_right_flipper' inactive >>>>>>>
2025-10-20 22:43:03,306 : INFO : SwitchController : <<<<<<< 's_right_flipper' active >>>>>>>
2025-10-20 22:43:03,306 : INFO : EventManager : Event: ======'s_right_flipper_active'====== Args={}
2025-10-20 22:43:03,307 : INFO : EventManager : Event: ======'carousel_item_highlighted'====== Args={'carousel': 'attract', 'direction': 'forwards', 'item': 'title'}
2025-10-20 22:43:03,406 : INFO : SwitchController : <<<<<<< 's_right_flipper' inactive >>>>>>>
2025-10-20 22:43:04,189 : INFO : SwitchController : <<<<<<< 's_start' active >>>>>>>
2025-10-20 22:43:04,222 : INFO : SwitchController : <<<<<<< 's_start' inactive >>>>>>>
2025-10-20 22:43:04,223 : INFO : EventManager : Event: ======'request_to_start_game'====== Args={}
2025-10-20 22:43:04,223 : INFO : EventManager : Event: ======'game_start'====== Args={'buttons': [], 'hold_time': 0.03312812499962092}
2025-10-20 22:43:04,224 : INFO : EventManager : Event: ======'mode_game_will_start'====== Args={'buttons': [], 'hold_time': 0.03312812499962092}
2025-10-20 22:43:04,225 : INFO : EventManager : Event: ======'mode_game_starting'====== Args={'buttons': [], 'hold_time': 0.03312812499962092}
2025-10-20 22:43:04,225 : INFO : EventManager : Event: ======'mode_attract_will_stop'====== Args={}
2025-10-20 22:43:04,225 : INFO : EventManager : Event: ======'mode_attract_stopping'====== Args={}
2025-10-20 22:43:04,225 : INFO : Mode.attract : Stopped.
2025-10-20 22:43:04,225 : INFO : EventManager : Event: ======'modes_active_modes_changed'====== Args={}
2025-10-20 22:43:04,226 : INFO : EventManager : Event: ======'mode_attract_stopped'====== Args={}
2025-10-20 22:43:04,226 : INFO : EventManager : Event: ======'clear'====== Args={'key': 'attract'}
2025-10-20 22:43:04,226 : INFO : Timer.attract_carousel_timer : Stopping Timer
2025-10-20 22:43:04,226 : INFO : EventManager : Event: ======'timer_attract_carousel_timer_stopped'====== Args={'ticks': 1, 'ticks_remaining': 1}
2025-10-20 22:43:04,226 : INFO : Mode.game : Started. Priority: 20
2025-10-20 22:43:04,226 : INFO : EventManager : Event: ======'modes_active_modes_changed'====== Args={}
2025-10-20 22:43:04,226 : INFO : EventManager : Event: ======'mode_game_started'====== Args={'buttons': [], 'hold_time': 0.03312812499962092}
2025-10-20 22:43:04,227 : INFO : EventManager : Event: ======'game_will_start'====== Args={}
2025-10-20 22:43:04,227 : INFO : EventManager : Event: ======'game_starting'====== Args={'game': <Mode.game>}
2025-10-20 22:43:04,228 : INFO : EventManager : Unordered handler for class <Auditor> on event game_ended with priority 1. Handlers: [RegisteredHandler(callback=<bound method Auditor.disable of <Auditor>>, priority=1, kwargs={}, key=UUID('0b9bbcaf-3722-48ee-a506-2157c8823ee6'), condition=None, blocking_facility=None), RegisteredHandler(callback=<bound method Auditor._save_audits of <Auditor>>, priority=1, kwargs={}, key=UUID('31545e85-d9ea-465d-bbaf-16a3b1775ccd'), condition=None, blocking_facility=None)]. The order of those handlers is not defined and they will be executed in random order. This might lead to race conditions and potential bugs.
2025-10-20 22:43:04,228 : INFO : EventManager : Event: ======'player_add_request'====== Args={}
2025-10-20 22:43:04,229 : INFO : EventManager : Event: ======'player_will_add'====== Args={'number': 1}
2025-10-20 22:43:04,229 : INFO : EventManager : Event: ======'player_adding'====== Args={'player': <Player 1>, 'number': 1}
2025-10-20 22:43:04,229 : INFO : EventManager : Event: ======'player_added'====== Args={'player': <Player 1>, 'num': 1}
2025-10-20 22:43:04,229 : INFO : Mode.game : Player added successfully. Total players: 1
2025-10-20 22:43:04,229 : INFO : EventManager : Event: ======'player_index'====== Args={'value': 0, 'prev_value': 0, 'change': 0, 'player_num': 1}
2025-10-20 22:43:04,230 : INFO : EventManager : Event: ======'player_number'====== Args={'value': 1, 'prev_value': 1, 'change': 0, 'player_num': 1}
2025-10-20 22:43:04,230 : INFO : EventManager : Event: ======'player_score'====== Args={'value': 0, 'prev_value': 0, 'change': 0, 'player_num': 1}
2025-10-20 22:43:04,230 : INFO : EventManager : Event: ======'game_started'====== Args={}
2025-10-20 22:43:04,231 : INFO : EventManager : Event: ======'player_turn_will_start'====== Args={'player': <Player 1>, 'number': 1}
2025-10-20 22:43:04,231 : INFO : EventManager : Event: ======'player_turn_starting'====== Args={'player': <Player 1>, 'number': 1}
2025-10-20 22:43:04,231 : INFO : EventManager : Event: ======'player_ball'====== Args={'value': 1, 'prev_value': 0, 'change': 1, 'player_num': 1}
2025-10-20 22:43:04,236 : INFO : EventManager : Event: ======'player_turn_started'====== Args={'player': <Player 1>, 'number': 1}
2025-10-20 22:43:04,236 : INFO : EventManager : Event: ======'ball_will_start'====== Args={'player': 1, 'ball': 1, 'balls_remaining': 2, 'is_extra_ball': False}
2025-10-20 22:43:04,236 : INFO : EventManager : Event: ======'ball_starting'====== Args={'player': 1, 'ball': 1, 'balls_remaining': 2, 'is_extra_ball': False}
2025-10-20 22:43:04,236 : INFO : EventManager : Event: ======'mode_base_will_start'====== Args={'queue': <QueuedEvent>, 'player': 1, 'ball': 1, 'balls_remaining': 2, 'is_extra_ball': False}
2025-10-20 22:43:04,237 : INFO : EventManager : Event: ======'mode_base_starting'====== Args={'queue': <QueuedEvent>, 'player': 1, 'ball': 1, 'balls_remaining': 2, 'is_extra_ball': False}
2025-10-20 22:43:04,237 : INFO : Mode.base : Started. Priority: 100
2025-10-20 22:43:04,237 : INFO : EventManager : Event: ======'modes_active_modes_changed'====== Args={}
2025-10-20 22:43:04,238 : INFO : EventManager : Event: ======'mode_base_started'====== Args={'queue': <QueuedEvent>, 'player': 1, 'ball': 1, 'balls_remaining': 2, 'is_extra_ball': False}
2025-10-20 22:43:04,238 : INFO : EventManager : Event: ======'start_mode_bumpers'====== Args={'priority': 0}
2025-10-20 22:43:04,238 : INFO : EventManager : Event: ======'mode_bumpers_will_start'====== Args={'priority': 0}
2025-10-20 22:43:04,238 : INFO : EventManager : Event: ======'player_shot_bumper1_enabled'====== Args={'value': True, 'prev_value': 0, 'change': 1, 'player_num': 1}
2025-10-20 22:43:04,239 : INFO : EventManager : Event: ======'player_shot_bumper2_enabled'====== Args={'value': True, 'prev_value': 0, 'change': 1, 'player_num': 1}
2025-10-20 22:43:04,239 : INFO : EventManager : Event: ======'player_shot_bumper3_enabled'====== Args={'value': True, 'prev_value': 0, 'change': 1, 'player_num': 1}
2025-10-20 22:43:04,240 : INFO : EventManager : Event: ======'bumpers_complete'====== Args={'state': 'unlit'}
2025-10-20 22:43:04,240 : INFO : EventManager : Event: ======'bumpers_unlit_complete'====== Args={}
2025-10-20 22:43:04,241 : INFO : EventManager : Event: ======'mode_bumpers_starting'====== Args={'priority': 0}
2025-10-20 22:43:04,241 : INFO : Mode.bumpers : Started. Priority: 200
2025-10-20 22:43:04,241 : INFO : EventManager : Event: ======'modes_active_modes_changed'====== Args={}
2025-10-20 22:43:04,241 : INFO : EventManager : Event: ======'mode_bumpers_started'====== Args={'priority': 0}
2025-10-20 22:43:04,242 : INFO : EventManager : Event: ======'balls_in_play'====== Args={'balls': 1}
2025-10-20 22:43:04,242 : INFO : EventManager : Event: ======'ball_started'====== Args={'player': 1, 'ball': 1, 'balls_remaining': 2, 'is_extra_ball': False}
2025-10-20 22:43:04,242 : INFO : EventManager : Event: ======'single_player_ball_started'====== Args={}
2025-10-20 22:43:04,242 : INFO : EventManager : Event: ======'ball_start_target'====== Args={'target': 'playfield'}
2025-10-20 22:43:04,242 : INFO : ball_device.bd_trough : Setting up player-controlled eject. Balls: 1, Target: <playfield.playfield>, player_controlled_eject_event: None
2025-10-20 22:43:04,242 : INFO : ball_device.bd_trough : Adding 1 ball(s) to the eject_queue with target <playfield.playfield>.
2025-10-20 22:43:04,243 : INFO : EventManager : Event: ======'balldevice_balls_available'====== Args={}
2025-10-20 22:43:04,243 : INFO : ball_device.bd_trough : State: waiting_for_target_ready
2025-10-20 22:43:04,243 : INFO : EventManager : Event: ======'balldevice_bd_trough_ball_eject_attempt'====== Args={'balls': 1, 'target': <ball_device.bd_plunger>, 'source': <ball_device.bd_trough>, 'mechanical_eject': False, 'num_attempts': 0}
2025-10-20 22:43:04,243 : INFO : ball_device.bd_plunger : State: waiting_for_ball
2025-10-20 22:43:04,244 : INFO : ball_device.bd_trough : State: ejecting
2025-10-20 22:43:04,244 : INFO : ball_device.bd_trough : Ejecting ball to <ball_device.bd_plunger>
2025-10-20 22:43:04,244 : INFO : EventManager : Event: ======'balldevice_bd_trough_ejecting_ball'====== Args={'balls': 1, 'target': <ball_device.bd_plunger>, 'source': <ball_device.bd_trough>, 'mechanical_eject': False, 'num_attempts': 0}
2025-10-20 22:43:04,244 : INFO : ball_device.bd_trough : Wait for ball to leave device
2025-10-20 22:43:04,244 : INFO : coil.c_trough_eject : Pulsing Driver for 20ms (1.0 pulse_power)
2025-10-20 22:43:04,244 : INFO : SwitchController : <<<<<<< 's_trough1' inactive >>>>>>>
2025-10-20 22:43:04,245 : INFO : ball_device.bd_trough : State: ball_left
2025-10-20 22:43:04,245 : INFO : ball_device.bd_trough : Ball left
2025-10-20 22:43:04,245 : INFO : ball_device.bd_trough : Wait for confirm with timeout 3.0
2025-10-20 22:43:04,265 : INFO : EventManager : Event: ======'slide_base_slide_created'====== Args={'_from_bcp': True}
2025-10-20 22:43:04,266 : INFO : EventManager : Event: ======'slide_attract_inactive'====== Args={'is_removing': True, '_from_bcp': True}
2025-10-20 22:43:04,266 : INFO : EventManager : Event: ======'slide_base_slide_active'====== Args={'original_context': 'base', 'original_calling_context': 'mode_base_started', 'priority': 100.0, 'queue': '<QueuedEvent>', 'player': 1.0, 'ball': 1.0, 'balls_remaining': 2.0, 'is_extra_ball': False, 'cmd': 'slides_play', '_from_bcp': True}
2025-10-20 22:43:04,267 : INFO : EventManager : Event: ======'slide_attract_removed'====== Args={'_from_bcp': True}
2025-10-20 22:43:04,346 : INFO : SwitchController : <<<<<<< 's_plunger_lane' active >>>>>>>
2025-10-20 22:43:04,346 : INFO : EventManager : Event: ======'machine_var_audits_switches_s_plunger_lane'====== Args={'value': 18, 'prev_value': 17, 'change': 1}
2025-10-20 22:43:04,847 : INFO : ball_device.bd_plunger : Received ball from <ball_device.bd_trough>
2025-10-20 22:43:04,848 : INFO : EventManager : Event: ======'balldevice_bd_plunger_ball_enter'====== Args={'new_balls': 1, 'unclaimed_balls': 0, 'new_available_balls': 0, 'device': <ball_device.bd_plunger>}
2025-10-20 22:43:04,849 : INFO : EventManager : Event: ======'balldevice_bd_plunger_ball_entered'====== Args={'new_balls': 0, 'device': <ball_device.bd_plunger>}
2025-10-20 22:43:04,849 : INFO : EventManager : Event: ======'balldevice_bd_plunger_ball_count_changed'====== Args={'balls': 1}
2025-10-20 22:43:04,849 : INFO : ball_device.bd_trough : Got eject confirm
2025-10-20 22:43:04,849 : INFO : ball_device.bd_trough : Eject successful
2025-10-20 22:43:04,849 : INFO : EventManager : Event: ======'balldevice_bd_trough_ball_eject_success'====== Args={'balls': 1, 'target': <ball_device.bd_plunger>}
2025-10-20 22:43:04,850 : INFO : ball_device.bd_plunger : State: waiting_for_target_ready
2025-10-20 22:43:04,850 : INFO : EventManager : Event: ======'balldevice_bd_plunger_ball_eject_attempt'====== Args={'balls': 1, 'target': <playfield.playfield>, 'source': <ball_device.bd_plunger>, 'mechanical_eject': False, 'num_attempts': 0}
2025-10-20 22:43:04,850 : INFO : EventManager : Event: ======'balldevice_bd_trough_ball_count_changed'====== Args={'balls': 3}
2025-10-20 22:43:04,850 : INFO : ball_device.bd_trough : State: idle
2025-10-20 22:43:04,851 : INFO : ball_device.bd_plunger : State: ejecting
2025-10-20 22:43:04,851 : INFO : ball_device.bd_plunger : Ejecting ball to <playfield.playfield>
2025-10-20 22:43:04,851 : INFO : EventManager : Event: ======'balldevice_bd_plunger_ejecting_ball'====== Args={'balls': 1, 'target': <playfield.playfield>, 'source': <ball_device.bd_plunger>, 'mechanical_eject': False, 'num_attempts': 0}
2025-10-20 22:43:04,852 : INFO : ball_device.bd_plunger : Wait for ball to leave device
2025-10-20 22:43:04,852 : INFO : coil.c_plunger : Pulsing Driver for 20ms (1.0 pulse_power)
2025-10-20 22:43:04,852 : INFO : SwitchController : <<<<<<< 's_plunger_lane' inactive >>>>>>>
2025-10-20 22:43:04,853 : INFO : ball_device.bd_plunger : State: ball_left
2025-10-20 22:43:04,853 : INFO : ball_device.bd_plunger : Ball left
2025-10-20 22:43:04,854 : INFO : ball_device.bd_plunger : Wait for confirm with timeout 3.0
2025-10-20 22:43:07,855 : INFO : ball_device.bd_plunger : State: failed_confirm
2025-10-20 22:43:07,855 : INFO : ball_device.bd_plunger : Got timeout (3.0s) before confirm from <playfield.playfield>
2025-10-20 22:43:07,957 : INFO : ball_device.bd_plunger : Confirming eject because target is playfield and ball did not return.
2025-10-20 22:43:07,957 : INFO : ball_device.bd_plunger : Eject successful
2025-10-20 22:43:07,957 : INFO : EventManager : Event: ======'balldevice_bd_plunger_ball_eject_success'====== Args={'balls': 1, 'target': <playfield.playfield>}
2025-10-20 22:43:07,958 : INFO : EventManager : Event: ======'balldevice_playfield_ball_enter'====== Args={'new_balls': 1, 'unclaimed_balls': 1, 'device': <playfield.playfield>}
2025-10-20 22:43:07,958 : INFO : EventManager : Event: ======'playfield_ball_count_change'====== Args={'balls': 1, 'change': 1}
2025-10-20 22:43:07,958 : INFO : EventManager : Event: ======'balldevice_bd_plunger_ball_count_changed'====== Args={'balls': 0}
2025-10-20 22:43:07,959 : INFO : ball_device.bd_plunger : State: idle
2025-10-20 22:43:09,239 : INFO : SwitchController : <<<<<<< 's_popbumper1' active >>>>>>>
2025-10-20 22:43:09,239 : INFO : EventManager : Event: ======'s_popbumper1_active'====== Args={}
2025-10-20 22:43:09,239 : INFO : EventManager : Event: ======'machine_var_audits_switches_s_popbumper1'====== Args={'value': 111, 'prev_value': 110, 'change': 1}
2025-10-20 22:43:09,240 : INFO : EventManager : Event: ======'player_shot_bumper1'====== Args={'value': 1, 'prev_value': 0, 'change': 1, 'player_num': 1}
2025-10-20 22:43:09,241 : INFO : EventManager : Event: ======'machine_var_audits_shots_bumper1'====== Args={'value': 111, 'prev_value': 110, 'change': 1}
2025-10-20 22:43:09,241 : INFO : EventManager : Event: ======'bumper1_hit'====== Args={'profile': 'default', 'state': 'unlit', 'advancing': True}
2025-10-20 22:43:09,242 : INFO : EventManager : Event: ======'bumper1_default_hit'====== Args={'profile': 'default', 'state': 'unlit', 'advancing': True}
2025-10-20 22:43:09,242 : INFO : EventManager : Event: ======'bumper1_default_unlit_hit'====== Args={'profile': 'default', 'state': 'unlit', 'advancing': True}
2025-10-20 22:43:09,242 : INFO : EventManager : Event: ======'bumper1_unlit_hit'====== Args={'profile': 'default', 'state': 'unlit', 'advancing': True}
2025-10-20 22:43:09,242 : INFO : EventManager : Event: ======'bumpers_hit'====== Args={'shot': 'bumper1'}
2025-10-20 22:43:09,242 : INFO : EventManager : Event: ======'bumpers_unlit_hit'====== Args={'shot': 'bumper1'}
2025-10-20 22:43:09,242 : INFO : EventManager : Event: ======'player_score'====== Args={'value': 1000, 'prev_value': 0, 'change': 1000, 'player_num': 1, 'source': 'bumpers'}
2025-10-20 22:43:09,339 : INFO : SwitchController : <<<<<<< 's_popbumper1' inactive >>>>>>>
2025-10-20 22:43:09,689 : INFO : SwitchController : <<<<<<< 's_popbumper2' active >>>>>>>
2025-10-20 22:43:09,689 : INFO : EventManager : Event: ======'s_popbumper2_active'====== Args={}
2025-10-20 22:43:09,689 : INFO : EventManager : Event: ======'machine_var_audits_switches_s_popbumper2'====== Args={'value': 148, 'prev_value': 147, 'change': 1}
2025-10-20 22:43:09,690 : INFO : EventManager : Event: ======'player_shot_bumper2'====== Args={'value': 1, 'prev_value': 0, 'change': 1, 'player_num': 1}
2025-10-20 22:43:09,691 : INFO : EventManager : Event: ======'machine_var_audits_shots_bumper2'====== Args={'value': 148, 'prev_value': 147, 'change': 1}
2025-10-20 22:43:09,691 : INFO : EventManager : Event: ======'bumper2_hit'====== Args={'profile': 'default', 'state': 'unlit', 'advancing': True}
2025-10-20 22:43:09,691 : INFO : EventManager : Event: ======'bumper2_default_hit'====== Args={'profile': 'default', 'state': 'unlit', 'advancing': True}
2025-10-20 22:43:09,691 : INFO : EventManager : Event: ======'bumper2_default_unlit_hit'====== Args={'profile': 'default', 'state': 'unlit', 'advancing': True}
2025-10-20 22:43:09,691 : INFO : EventManager : Event: ======'bumper2_unlit_hit'====== Args={'profile': 'default', 'state': 'unlit', 'advancing': True}
2025-10-20 22:43:09,691 : INFO : EventManager : Event: ======'bumpers_hit'====== Args={'shot': 'bumper2'}
2025-10-20 22:43:09,692 : INFO : EventManager : Event: ======'bumpers_unlit_hit'====== Args={'shot': 'bumper2'}
2025-10-20 22:43:09,692 : INFO : EventManager : Event: ======'player_score'====== Args={'value': 2000, 'prev_value': 1000, 'change': 1000, 'player_num': 1, 'source': 'bumpers'}
2025-10-20 22:43:09,839 : INFO : SwitchController : <<<<<<< 's_popbumper2' inactive >>>>>>>
2025-10-20 22:43:10,006 : INFO : SwitchController : <<<<<<< 's_popbumper3' active >>>>>>>
2025-10-20 22:43:10,006 : INFO : EventManager : Event: ======'s_popbumper3_active'====== Args={}
2025-10-20 22:43:10,006 : INFO : EventManager : Event: ======'machine_var_audits_switches_s_popbumper3'====== Args={'value': 103, 'prev_value': 102, 'change': 1}
2025-10-20 22:43:10,007 : INFO : EventManager : Event: ======'player_shot_bumper3'====== Args={'value': 1, 'prev_value': 0, 'change': 1, 'player_num': 1}
2025-10-20 22:43:10,007 : INFO : EventManager : Event: ======'machine_var_audits_shots_bumper3'====== Args={'value': 103, 'prev_value': 102, 'change': 1}
2025-10-20 22:43:10,008 : INFO : EventManager : Event: ======'bumper3_hit'====== Args={'profile': 'default', 'state': 'unlit', 'advancing': True}
2025-10-20 22:43:10,008 : INFO : EventManager : Event: ======'bumper3_default_hit'====== Args={'profile': 'default', 'state': 'unlit', 'advancing': True}
2025-10-20 22:43:10,008 : INFO : EventManager : Event: ======'bumper3_default_unlit_hit'====== Args={'profile': 'default', 'state': 'unlit', 'advancing': True}
2025-10-20 22:43:10,008 : INFO : EventManager : Event: ======'bumper3_unlit_hit'====== Args={'profile': 'default', 'state': 'unlit', 'advancing': True}
2025-10-20 22:43:10,008 : INFO : EventManager : Event: ======'bumpers_complete'====== Args={'state': 'lit'}
2025-10-20 22:43:10,008 : INFO : EventManager : Event: ======'bumpers_lit_complete'====== Args={}
2025-10-20 22:43:10,008 : INFO : EventManager : Event: ======'bumpers_hit'====== Args={'shot': 'bumper3'}
2025-10-20 22:43:10,008 : INFO : EventManager : Event: ======'bumpers_unlit_hit'====== Args={'shot': 'bumper3'}
2025-10-20 22:43:10,008 : INFO : EventManager : Event: ======'player_score'====== Args={'value': 3000, 'prev_value': 2000, 'change': 1000, 'player_num': 1, 'source': 'bumpers'}
2025-10-20 22:43:10,189 : INFO : SwitchController : <<<<<<< 's_popbumper3' inactive >>>>>>>
2025-10-20 22:43:11,356 : INFO : SwitchController : <<<<<<< 's_start' active >>>>>>>
2025-10-20 22:43:11,356 : INFO : EventManager : Event: ======'sw_start'====== Args={}
2025-10-20 22:43:11,356 : INFO : EventManager : Event: ======'machine_var_audits_switches_s_start'====== Args={'value': 42, 'prev_value': 41, 'change': 1}
2025-10-20 22:43:11,357 : INFO : EventManager : Event: ======'player_add_request'====== Args={}
2025-10-20 22:43:11,357 : INFO : EventManager : Event: ======'player_will_add'====== Args={'number': 2}
2025-10-20 22:43:11,357 : INFO : EventManager : Event: ======'player_adding'====== Args={'player': <Player 2>, 'number': 2}
2025-10-20 22:43:11,357 : INFO : EventManager : Event: ======'player_added'====== Args={'player': <Player 2>, 'num': 2}
2025-10-20 22:43:11,357 : INFO : Mode.game : Player added successfully. Total players: 2
2025-10-20 22:43:11,357 : INFO : EventManager : Event: ======'multiplayer_game'====== Args={}
2025-10-20 22:43:11,358 : INFO : EventManager : Event: ======'player_index'====== Args={'value': 1, 'prev_value': 1, 'change': 0, 'player_num': 2}
2025-10-20 22:43:11,365 : INFO : EventManager : Event: ======'player_number'====== Args={'value': 2, 'prev_value': 2, 'change': 0, 'player_num': 2}
2025-10-20 22:43:11,365 : INFO : EventManager : Event: ======'player_score'====== Args={'value': 0, 'prev_value': 0, 'change': 0, 'player_num': 2}
2025-10-20 22:43:11,439 : INFO : SwitchController : <<<<<<< 's_start' inactive >>>>>>>
2025-10-20 22:43:12,739 : INFO : SwitchController : <<<<<<< 's_popbumper1' active >>>>>>>
2025-10-20 22:43:12,739 : INFO : EventManager : Event: ======'s_popbumper1_active'====== Args={}
2025-10-20 22:43:12,739 : INFO : EventManager : Event: ======'machine_var_audits_switches_s_popbumper1'====== Args={'value': 112, 'prev_value': 111, 'change': 1}
2025-10-20 22:43:12,740 : INFO : EventManager : Event: ======'machine_var_audits_shots_bumper1'====== Args={'value': 112, 'prev_value': 111, 'change': 1}
2025-10-20 22:43:12,740 : INFO : EventManager : Event: ======'bumper1_hit'====== Args={'profile': 'default', 'state': 'lit', 'advancing': False}
2025-10-20 22:43:12,740 : INFO : EventManager : Event: ======'bumper1_default_hit'====== Args={'profile': 'default', 'state': 'lit', 'advancing': False}
2025-10-20 22:43:12,740 : INFO : EventManager : Event: ======'bumper1_default_lit_hit'====== Args={'profile': 'default', 'state': 'lit', 'advancing': False}
2025-10-20 22:43:12,740 : INFO : EventManager : Event: ======'bumper1_lit_hit'====== Args={'profile': 'default', 'state': 'lit', 'advancing': False}
2025-10-20 22:43:12,740 : INFO : EventManager : Event: ======'bumpers_hit'====== Args={'shot': 'bumper1'}
2025-10-20 22:43:12,741 : INFO : EventManager : Event: ======'bumpers_lit_hit'====== Args={'shot': 'bumper1'}
2025-10-20 22:43:12,741 : INFO : EventManager : Event: ======'player_score'====== Args={'value': 4000, 'prev_value': 3000, 'change': 1000, 'player_num': 1, 'source': 'bumpers'}
2025-10-20 22:43:12,855 : INFO : SwitchController : <<<<<<< 's_popbumper1' inactive >>>>>>>
2025-10-20 22:43:13,073 : INFO : SwitchController : <<<<<<< 's_popbumper2' active >>>>>>>
2025-10-20 22:43:13,073 : INFO : EventManager : Event: ======'s_popbumper2_active'====== Args={}
2025-10-20 22:43:13,073 : INFO : EventManager : Event: ======'machine_var_audits_switches_s_popbumper2'====== Args={'value': 149, 'prev_value': 148, 'change': 1}
2025-10-20 22:43:13,074 : INFO : EventManager : Event: ======'machine_var_audits_shots_bumper2'====== Args={'value': 149, 'prev_value': 148, 'change': 1}
2025-10-20 22:43:13,074 : INFO : EventManager : Event: ======'bumper2_hit'====== Args={'profile': 'default', 'state': 'lit', 'advancing': False}
2025-10-20 22:43:13,074 : INFO : EventManager : Event: ======'bumper2_default_hit'====== Args={'profile': 'default', 'state': 'lit', 'advancing': False}
2025-10-20 22:43:13,074 : INFO : EventManager : Event: ======'bumper2_default_lit_hit'====== Args={'profile': 'default', 'state': 'lit', 'advancing': False}
2025-10-20 22:43:13,074 : INFO : EventManager : Event: ======'bumper2_lit_hit'====== Args={'profile': 'default', 'state': 'lit', 'advancing': False}
2025-10-20 22:43:13,074 : INFO : EventManager : Event: ======'bumpers_hit'====== Args={'shot': 'bumper2'}
2025-10-20 22:43:13,075 : INFO : EventManager : Event: ======'bumpers_lit_hit'====== Args={'shot': 'bumper2'}
2025-10-20 22:43:13,075 : INFO : EventManager : Event: ======'player_score'====== Args={'value': 5000, 'prev_value': 4000, 'change': 1000, 'player_num': 1, 'source': 'bumpers'}
2025-10-20 22:43:13,239 : INFO : SwitchController : <<<<<<< 's_popbumper2' inactive >>>>>>>
2025-10-20 22:43:13,506 : INFO : SwitchController : <<<<<<< 's_popbumper1' active >>>>>>>
2025-10-20 22:43:13,506 : INFO : EventManager : Event: ======'s_popbumper1_active'====== Args={}
2025-10-20 22:43:13,506 : INFO : EventManager : Event: ======'machine_var_audits_switches_s_popbumper1'====== Args={'value': 113, 'prev_value': 112, 'change': 1}
2025-10-20 22:43:13,507 : INFO : EventManager : Event: ======'machine_var_audits_shots_bumper1'====== Args={'value': 113, 'prev_value': 112, 'change': 1}
2025-10-20 22:43:13,507 : INFO : EventManager : Event: ======'bumper1_hit'====== Args={'profile': 'default', 'state': 'lit', 'advancing': False}
2025-10-20 22:43:13,507 : INFO : EventManager : Event: ======'bumper1_default_hit'====== Args={'profile': 'default', 'state': 'lit', 'advancing': False}
2025-10-20 22:43:13,508 : INFO : EventManager : Event: ======'bumper1_default_lit_hit'====== Args={'profile': 'default', 'state': 'lit', 'advancing': False}
2025-10-20 22:43:13,508 : INFO : EventManager : Event: ======'bumper1_lit_hit'====== Args={'profile': 'default', 'state': 'lit', 'advancing': False}
2025-10-20 22:43:13,508 : INFO : EventManager : Event: ======'bumpers_hit'====== Args={'shot': 'bumper1'}
2025-10-20 22:43:13,508 : INFO : EventManager : Event: ======'bumpers_lit_hit'====== Args={'shot': 'bumper1'}
2025-10-20 22:43:13,508 : INFO : EventManager : Event: ======'player_score'====== Args={'value': 6000, 'prev_value': 5000, 'change': 1000, 'player_num': 1, 'source': 'bumpers'}
2025-10-20 22:43:13,606 : INFO : SwitchController : <<<<<<< 's_popbumper1' inactive >>>>>>>
2025-10-20 22:43:13,739 : INFO : SwitchController : <<<<<<< 's_popbumper2' active >>>>>>>
2025-10-20 22:43:13,739 : INFO : EventManager : Event: ======'s_popbumper2_active'====== Args={}
2025-10-20 22:43:13,739 : INFO : EventManager : Event: ======'machine_var_audits_switches_s_popbumper2'====== Args={'value': 150, 'prev_value': 149, 'change': 1}
2025-10-20 22:43:13,740 : INFO : EventManager : Event: ======'machine_var_audits_shots_bumper2'====== Args={'value': 150, 'prev_value': 149, 'change': 1}
2025-10-20 22:43:13,740 : INFO : EventManager : Event: ======'bumper2_hit'====== Args={'profile': 'default', 'state': 'lit', 'advancing': False}
2025-10-20 22:43:13,741 : INFO : EventManager : Event: ======'bumper2_default_hit'====== Args={'profile': 'default', 'state': 'lit', 'advancing': False}
2025-10-20 22:43:13,741 : INFO : EventManager : Event: ======'bumper2_default_lit_hit'====== Args={'profile': 'default', 'state': 'lit', 'advancing': False}
2025-10-20 22:43:13,741 : INFO : EventManager : Event: ======'bumper2_lit_hit'====== Args={'profile': 'default', 'state': 'lit', 'advancing': False}
2025-10-20 22:43:13,741 : INFO : EventManager : Event: ======'bumpers_hit'====== Args={'shot': 'bumper2'}
2025-10-20 22:43:13,741 : INFO : EventManager : Event: ======'bumpers_lit_hit'====== Args={'shot': 'bumper2'}
2025-10-20 22:43:13,741 : INFO : EventManager : Event: ======'player_score'====== Args={'value': 7000, 'prev_value': 6000, 'change': 1000, 'player_num': 1, 'source': 'bumpers'}
2025-10-20 22:43:13,939 : INFO : SwitchController : <<<<<<< 's_popbumper2' inactive >>>>>>>
2025-10-20 22:43:14,089 : INFO : SwitchController : <<<<<<< 's_popbumper3' active >>>>>>>
2025-10-20 22:43:14,089 : INFO : EventManager : Event: ======'s_popbumper3_active'====== Args={}
2025-10-20 22:43:14,089 : INFO : EventManager : Event: ======'machine_var_audits_switches_s_popbumper3'====== Args={'value': 104, 'prev_value': 103, 'change': 1}
2025-10-20 22:43:14,090 : INFO : EventManager : Event: ======'machine_var_audits_shots_bumper3'====== Args={'value': 104, 'prev_value': 103, 'change': 1}
2025-10-20 22:43:14,090 : INFO : EventManager : Event: ======'bumper3_hit'====== Args={'profile': 'default', 'state': 'lit', 'advancing': False}
2025-10-20 22:43:14,090 : INFO : EventManager : Event: ======'bumper3_default_hit'====== Args={'profile': 'default', 'state': 'lit', 'advancing': False}
2025-10-20 22:43:14,091 : INFO : EventManager : Event: ======'bumper3_default_lit_hit'====== Args={'profile': 'default', 'state': 'lit', 'advancing': False}
2025-10-20 22:43:14,091 : INFO : EventManager : Event: ======'bumper3_lit_hit'====== Args={'profile': 'default', 'state': 'lit', 'advancing': False}
2025-10-20 22:43:14,091 : INFO : EventManager : Event: ======'bumpers_hit'====== Args={'shot': 'bumper3'}
2025-10-20 22:43:14,091 : INFO : EventManager : Event: ======'bumpers_lit_hit'====== Args={'shot': 'bumper3'}
2025-10-20 22:43:14,091 : INFO : EventManager : Event: ======'player_score'====== Args={'value': 8000, 'prev_value': 7000, 'change': 1000, 'player_num': 1, 'source': 'bumpers'}
2025-10-20 22:43:14,256 : INFO : SwitchController : <<<<<<< 's_popbumper3' inactive >>>>>>>
2025-10-20 22:43:14,356 : INFO : SwitchController : <<<<<<< 's_popbumper3' active >>>>>>>
2025-10-20 22:43:14,356 : INFO : EventManager : Event: ======'s_popbumper3_active'====== Args={}
2025-10-20 22:43:14,356 : INFO : EventManager : Event: ======'machine_var_audits_switches_s_popbumper3'====== Args={'value': 105, 'prev_value': 104, 'change': 1}
2025-10-20 22:43:14,357 : INFO : EventManager : Event: ======'machine_var_audits_shots_bumper3'====== Args={'value': 105, 'prev_value': 104, 'change': 1}
2025-10-20 22:43:14,357 : INFO : EventManager : Event: ======'bumper3_hit'====== Args={'profile': 'default', 'state': 'lit', 'advancing': False}
2025-10-20 22:43:14,357 : INFO : EventManager : Event: ======'bumper3_default_hit'====== Args={'profile': 'default', 'state': 'lit', 'advancing': False}
2025-10-20 22:43:14,357 : INFO : EventManager : Event: ======'bumper3_default_lit_hit'====== Args={'profile': 'default', 'state': 'lit', 'advancing': False}
2025-10-20 22:43:14,357 : INFO : EventManager : Event: ======'bumper3_lit_hit'====== Args={'profile': 'default', 'state': 'lit', 'advancing': False}
2025-10-20 22:43:14,357 : INFO : EventManager : Event: ======'bumpers_hit'====== Args={'shot': 'bumper3'}
2025-10-20 22:43:14,357 : INFO : EventManager : Event: ======'bumpers_lit_hit'====== Args={'shot': 'bumper3'}
2025-10-20 22:43:14,357 : INFO : EventManager : Event: ======'player_score'====== Args={'value': 9000, 'prev_value': 8000, 'change': 1000, 'player_num': 1, 'source': 'bumpers'}
2025-10-20 22:43:14,489 : INFO : SwitchController : <<<<<<< 's_popbumper3' inactive >>>>>>>
2025-10-20 22:43:15,540 : INFO : SwitchController : <<<<<<< 's_start' active >>>>>>>
2025-10-20 22:43:15,540 : INFO : EventManager : Event: ======'sw_start'====== Args={}
2025-10-20 22:43:15,541 : INFO : EventManager : Event: ======'machine_var_audits_switches_s_start'====== Args={'value': 43, 'prev_value': 42, 'change': 1}
2025-10-20 22:43:15,541 : INFO : EventManager : Event: ======'player_add_request'====== Args={}
2025-10-20 22:43:15,541 : INFO : EventManager : Event: ======'player_will_add'====== Args={'number': 3}
2025-10-20 22:43:15,542 : INFO : EventManager : Event: ======'player_adding'====== Args={'player': <Player 3>, 'number': 3}
2025-10-20 22:43:15,542 : INFO : EventManager : Event: ======'player_added'====== Args={'player': <Player 3>, 'num': 3}
2025-10-20 22:43:15,542 : INFO : Mode.game : Player added successfully. Total players: 3
2025-10-20 22:43:15,542 : INFO : EventManager : Event: ======'player_index'====== Args={'value': 2, 'prev_value': 2, 'change': 0, 'player_num': 3}
2025-10-20 22:43:15,543 : INFO : EventManager : Event: ======'player_number'====== Args={'value': 3, 'prev_value': 3, 'change': 0, 'player_num': 3}
2025-10-20 22:43:15,543 : INFO : EventManager : Event: ======'player_score'====== Args={'value': 0, 'prev_value': 0, 'change': 0, 'player_num': 3}
2025-10-20 22:43:15,605 : INFO : SwitchController : <<<<<<< 's_start' inactive >>>>>>>
2025-10-20 22:43:18,606 : INFO : SwitchController : <<<<<<< 's_start' active >>>>>>>
2025-10-20 22:43:18,606 : INFO : EventManager : Event: ======'sw_start'====== Args={}
2025-10-20 22:43:18,606 : INFO : EventManager : Event: ======'machine_var_audits_switches_s_start'====== Args={'value': 44, 'prev_value': 43, 'change': 1}
2025-10-20 22:43:18,607 : INFO : EventManager : Event: ======'player_add_request'====== Args={}
2025-10-20 22:43:18,607 : INFO : EventManager : Event: ======'player_will_add'====== Args={'number': 4}
2025-10-20 22:43:18,607 : INFO : EventManager : Event: ======'player_adding'====== Args={'player': <Player 4>, 'number': 4}
2025-10-20 22:43:18,607 : INFO : EventManager : Event: ======'player_added'====== Args={'player': <Player 4>, 'num': 4}
2025-10-20 22:43:18,607 : INFO : Mode.game : Player added successfully. Total players: 4
2025-10-20 22:43:18,608 : INFO : EventManager : Event: ======'player_index'====== Args={'value': 3, 'prev_value': 3, 'change': 0, 'player_num': 4}
2025-10-20 22:43:18,615 : INFO : EventManager : Event: ======'player_number'====== Args={'value': 4, 'prev_value': 4, 'change': 0, 'player_num': 4}
2025-10-20 22:43:18,615 : INFO : EventManager : Event: ======'player_score'====== Args={'value': 0, 'prev_value': 0, 'change': 0, 'player_num': 4}
2025-10-20 22:43:18,706 : INFO : SwitchController : <<<<<<< 's_start' inactive >>>>>>>
2025-10-20 22:44:33,244 : INFO : Machine : Shutting down...
2025-10-20 22:44:33,244 : INFO : EventManager : Event: ======'shutdown'====== Args={}
2025-10-20 22:44:33,245 : INFO : EventManager : Event: ======'mode_game_will_stop'====== Args={}
2025-10-20 22:44:33,246 : INFO : EventManager : Event: ======'mode_game_stopping'====== Args={}
2025-10-20 22:44:33,246 : INFO : EventManager : Event: ======'mode_bumpers_will_stop'====== Args={}
2025-10-20 22:44:33,246 : INFO : EventManager : Event: ======'mode_bumpers_stopping'====== Args={}
2025-10-20 22:44:33,246 : INFO : EventManager : Event: ======'mode_base_will_stop'====== Args={}
2025-10-20 22:44:33,246 : INFO : EventManager : Event: ======'mode_base_stopping'====== Args={}
2025-10-20 22:44:33,246 : INFO : EventManager : Event: ======'stop_mode_bumpers'====== Args={'priority': 0}
2025-10-20 22:44:33,246 : INFO : Mode.base : Stopped.
2025-10-20 22:44:33,247 : INFO : EventManager : Event: ======'modes_active_modes_changed'====== Args={}
2025-10-20 22:44:33,247 : INFO : EventManager : Event: ======'mode_base_stopped'====== Args={}
2025-10-20 22:44:33,247 : INFO : EventManager : Event: ======'clear'====== Args={'key': 'base'}
2025-10-20 22:44:33,247 : INFO : Mode.bumpers : Stopped.
2025-10-20 22:44:33,247 : INFO : EventManager : Event: ======'modes_active_modes_changed'====== Args={}
2025-10-20 22:44:33,247 : INFO : EventManager : Event: ======'mode_bumpers_stopped'====== Args={}
2025-10-20 22:44:33,247 : INFO : EventManager : Event: ======'clear'====== Args={'key': 'bumpers'}
2025-10-20 22:44:33,247 : INFO : Mode.game : Stopped.
2025-10-20 22:44:33,248 : INFO : EventManager : Event: ======'modes_active_modes_changed'====== Args={}
2025-10-20 22:44:33,248 : INFO : EventManager : Event: ======'mode_game_stopped'====== Args={}
2025-10-20 22:44:33,248 : INFO : EventManager : Event: ======'clear'====== Args={'key': 'game'}
2025-10-20 22:44:33,249 : INFO : root : MPF run loop ended.
