2025-11-05 22:50:50,760 : INFO : root : Loading config.
2025-11-05 22:50:50,761 : INFO : YamlMultifileConfigLoader : Machine config file #1: config.yaml
2025-11-05 22:50:50,761 : INFO : ConfigProcessor : Loading config from cache: /var/folders/m3/0d4y64_n3fn8tnkv3ydlhztw0000gn/T/5ca32a6c950d03116abbed96ca44d372.mpf_cache
2025-11-05 22:50:50,773 : INFO : ConfigProcessor : Loading config from cache: /var/folders/m3/0d4y64_n3fn8tnkv3ydlhztw0000gn/T/01c495fa7450a81b4be96cb699872531.mpf_cache
2025-11-05 22:50:50,773 : INFO : ConfigProcessor : Loading config from cache: /var/folders/m3/0d4y64_n3fn8tnkv3ydlhztw0000gn/T/bfde29b5bb803376b0637bb8f0da27a7.mpf_cache
2025-11-05 22:50:50,773 : INFO : ConfigProcessor : Loading config from cache: /var/folders/m3/0d4y64_n3fn8tnkv3ydlhztw0000gn/T/01c495fa7450a81b4be96cb699872531.mpf_cache
2025-11-05 22:50:50,773 : INFO : ConfigProcessor : Loading config from cache: /var/folders/m3/0d4y64_n3fn8tnkv3ydlhztw0000gn/T/3ae89e09515ff8d8b11d68f672b2cc51.mpf_cache
2025-11-05 22:50:50,773 : INFO : ConfigProcessor : Loading config from cache: /var/folders/m3/0d4y64_n3fn8tnkv3ydlhztw0000gn/T/4c420229fa75118c2461cfc9ff5a44e2.mpf_cache
2025-11-05 22:50:50,773 : INFO : ConfigProcessor : Loading config from cache: /var/folders/m3/0d4y64_n3fn8tnkv3ydlhztw0000gn/T/f5ee6852f1764324c8553249cc53c871.mpf_cache
2025-11-05 22:50:50,773 : WARNING : ConfigProcessor : Config file in cache changed: /Users/didiergilbin/Desktop/Homebrew_CSI/modes/csi_lanes/config/csi_lanes.yaml
2025-11-05 22:50:50,773 : INFO : ConfigProcessor : Loading config from file /Users/didiergilbin/Desktop/Homebrew_CSI/modes/csi_lanes/config/csi_lanes.yaml.
2025-11-05 22:50:50,776 : INFO : ConfigProcessor : Loading config: /Users/didiergilbin/Desktop/Homebrew_CSI/modes/csi_lanes/config/csi_lanes.yaml
2025-11-05 22:50:50,776 : INFO : ConfigProcessor : Config file cache created: /var/folders/m3/0d4y64_n3fn8tnkv3ydlhztw0000gn/T/97c87487bc6ae826da86d36a6e042c78.mpf_cache
2025-11-05 22:50:50,777 : INFO : Machine : Mission Pinball Framework Core Engine v0.80.0.dev10
2025-11-05 22:50:50,777 : INFO : Machine : Command line arguments: {'no_load_cache': False, 'create_config_cache': True, 'bcp': True, 'configfile': ['config.yaml'], 'force_assets_load': False, 'platform_integration_test': False, 'jsonlogging': False, 'logfile': 'logs/2025-11-05-22-50-50-mpf-mac.home.log', 'pause': False, 'production': False, 'text_ui': False, 'loglevel': 15, 'consoleloglevel': 20, 'force_platform': 'smart_virtual', 'syslog_address': None, 'full_logfile_path': '/Users/didiergilbin/Desktop/Homebrew_CSI/logs/2025-11-05-22-50-50-mpf-mac.home.log'}
2025-11-05 22:50:50,777 : INFO : Machine : MPF path: /Users/didiergilbin/mpfenv/lib/python3.13/site-packages/mpf
2025-11-05 22:50:50,777 : INFO : Machine : Machine path: /Users/didiergilbin/Desktop/Homebrew_CSI
2025-11-05 22:50:50,777 : INFO : Machine : Platform: darwin
2025-11-05 22:50:50,777 : INFO : Machine : Python executable location: /Users/didiergilbin/mpfenv/bin/python3.13
2025-11-05 22:50:50,777 : INFO : Machine : Python version: 3.13.7 (64-bit)
2025-11-05 22:50:50,777 : INFO : Machine : Initializing MPF...
2025-11-05 22:50:50,789 : INFO : EventManager : Event: ======'machine_var_credits_string'====== Args={'value': 'FREE PLAY', 'prev_value': None, 'change': True}
2025-11-05 22:50:50,792 : INFO : EventManager : Event: ======'machine_var_master_volume'====== Args={'value': 0.5, 'prev_value': None, 'change': True}
2025-11-05 22:50:50,792 : INFO : EventManager : Event: ======'machine_var_player1_score'====== Args={'value': 208000, 'prev_value': None, 'change': True}
2025-11-05 22:50:50,792 : INFO : EventManager : Event: ======'machine_var_mpf_version'====== Args={'value': 'Mission Pinball Framework v0.80.0.dev10', 'prev_value': None, 'change': True}
2025-11-05 22:50:50,792 : INFO : EventManager : Event: ======'machine_var_mpf_extended_version'====== Args={'value': 'Mission Pinball Framework v0.80.0.dev10, Config version:6, Show version: 6, BCP version:1.1', 'prev_value': None, 'change': True}
2025-11-05 22:50:50,792 : INFO : EventManager : Event: ======'machine_var_python_version'====== Args={'value': '3.13.7', 'prev_value': None, 'change': True}
2025-11-05 22:50:50,798 : INFO : EventManager : Event: ======'machine_var_platform'====== Args={'value': 'macOS-15.6.1-arm64-arm-64bit-Mach-O', 'prev_value': None, 'change': True}
2025-11-05 22:50:50,798 : INFO : EventManager : Event: ======'machine_var_platform_system'====== Args={'value': 'Darwin', 'prev_value': None, 'change': True}
2025-11-05 22:50:50,798 : INFO : EventManager : Event: ======'machine_var_platform_release'====== Args={'value': '24.6.0', 'prev_value': None, 'change': True}
2025-11-05 22:50:50,798 : INFO : EventManager : Event: ======'machine_var_platform_version'====== Args={'value': 'Darwin Kernel Version 24.6.0: Mon Jul 14 11:30:40 PDT 2025; root:xnu-11417.140.69~1/RELEASE_ARM64_T8132', 'prev_value': None, 'change': True}
2025-11-05 22:50:50,798 : INFO : EventManager : Event: ======'machine_var_platform_machine'====== Args={'value': 'arm64', 'prev_value': None, 'change': True}
2025-11-05 22:50:50,798 : INFO : EventManager : Event: ======'machine_var_log_file_path'====== Args={'value': '/Users/didiergilbin/Desktop/Homebrew_CSI/logs/2025-11-05-22-50-50-mpf-mac.home.log', 'prev_value': None, 'change': True}
2025-11-05 22:50:50,798 : INFO : EventManager : Event: ======'init_phase_1'====== Args={}
2025-11-05 22:50:50,804 : INFO : EventManager : Event: ======'init_phase_2'====== Args={}
2025-11-05 22:50:50,804 : INFO : SwitchController : Found active switch: ('2', <Platform.SmartVirtual>) <switch.s_trough1>
2025-11-05 22:50:50,804 : INFO : SwitchController : Found active switch: ('3', <Platform.SmartVirtual>) <switch.s_trough2>
2025-11-05 22:50:50,804 : INFO : SwitchController : Found active switch: ('4', <Platform.SmartVirtual>) <switch.s_trough3>
2025-11-05 22:50:50,804 : INFO : SwitchController : Found active switch: ('5', <Platform.SmartVirtual>) <switch.s_trough4>
2025-11-05 22:50:50,805 : INFO : EventManager : Event: ======'bcp_connection_attempt'====== Args={'name': 'local_display', 'host': 'localhost', 'port': 5050}
2025-11-05 22:50:50,805 : INFO : BCPClientSocket : Connecting BCP to 'local_display' at localhost:5050...
2025-11-05 22:50:50,807 : INFO : BCPClientSocket : Connected BCP to 'local_display' localhost:5050
2025-11-05 22:50:50,807 : INFO : EventManager : Event: ======'bcp_clients_connected'====== Args={}
2025-11-05 22:50:50,807 : INFO : ball_device.bd_drain : BCH: Initial count: 0
2025-11-05 22:50:50,807 : INFO : ball_device.bd_drain : State: idle
2025-11-05 22:50:50,808 : INFO : ball_device.bd_trough : BCH: Initial count: 4
2025-11-05 22:50:50,808 : INFO : ball_device.bd_trough : State: idle
2025-11-05 22:50:50,808 : INFO : ball_device.bd_plunger : BCH: Initial count: 0
2025-11-05 22:50:50,808 : INFO : ball_device.bd_plunger : State: idle
2025-11-05 22:50:50,811 : INFO : EventManager : Event: ======'init_phase_3'====== Args={}
2025-11-05 22:50:50,811 : INFO : EventManager : Event: ======'init_phase_4'====== Args={}
2025-11-05 22:50:50,811 : INFO : BallController : Initial balls found: 4
2025-11-05 22:50:50,812 : INFO : EventManager : Event: ======'machine_var_audits_events_game_ended'====== Args={'value': 52, 'prev_value': None, 'change': True}
2025-11-05 22:50:50,812 : INFO : EventManager : Event: ======'machine_var_audits_events_game_started'====== Args={'value': 396, 'prev_value': None, 'change': True}
2025-11-05 22:50:50,812 : INFO : EventManager : Event: ======'machine_var_audits_missing_switches_s_drain'====== Args={'value': 12, 'prev_value': None, 'change': True}
2025-11-05 22:50:50,812 : INFO : EventManager : Event: ======'machine_var_audits_missing_switches_s_launch_button'====== Args={'value': 43, 'prev_value': None, 'change': True}
2025-11-05 22:50:50,812 : INFO : EventManager : Event: ======'machine_var_audits_missing_switches_s_left_flipper'====== Args={'value': 4, 'prev_value': None, 'change': True}
2025-11-05 22:50:50,812 : INFO : EventManager : Event: ======'machine_var_audits_missing_switches_s_left_outlane'====== Args={'value': 11, 'prev_value': None, 'change': True}
2025-11-05 22:50:50,812 : INFO : EventManager : Event: ======'machine_var_audits_missing_switches_s_popbumper1'====== Args={'value': 4, 'prev_value': None, 'change': True}
2025-11-05 22:50:50,812 : INFO : EventManager : Event: ======'machine_var_audits_missing_switches_s_popbumper2'====== Args={'value': 4, 'prev_value': None, 'change': True}
2025-11-05 22:50:50,812 : INFO : EventManager : Event: ======'machine_var_audits_missing_switches_s_popbumper3'====== Args={'value': 8, 'prev_value': None, 'change': True}
2025-11-05 22:50:50,812 : INFO : EventManager : Event: ======'machine_var_audits_missing_switches_s_right_flipper'====== Args={'value': 1, 'prev_value': None, 'change': True}
2025-11-05 22:50:50,812 : INFO : EventManager : Event: ======'machine_var_audits_missing_switches_s_right_outlane'====== Args={'value': 11, 'prev_value': None, 'change': True}
2025-11-05 22:50:50,812 : INFO : EventManager : Event: ======'machine_var_audits_missing_switches_s_sling_left'====== Args={'value': 396, 'prev_value': None, 'change': True}
2025-11-05 22:50:50,812 : INFO : EventManager : Event: ======'machine_var_audits_missing_switches_s_sling_right'====== Args={'value': 396, 'prev_value': None, 'change': True}
2025-11-05 22:50:50,812 : INFO : EventManager : Event: ======'machine_var_audits_missing_switches_s_start'====== Args={'value': 1, 'prev_value': None, 'change': True}
2025-11-05 22:50:50,812 : INFO : EventManager : Event: ======'machine_var_audits_missing_switches_s_trough1'====== Args={'value': 12, 'prev_value': None, 'change': True}
2025-11-05 22:50:50,812 : INFO : EventManager : Event: ======'machine_var_audits_missing_switches_s_trough2'====== Args={'value': 17, 'prev_value': None, 'change': True}
2025-11-05 22:50:50,812 : INFO : EventManager : Event: ======'machine_var_audits_missing_switches_s_trough3'====== Args={'value': 174, 'prev_value': None, 'change': True}
2025-11-05 22:50:50,812 : INFO : EventManager : Event: ======'machine_var_audits_missing_switches_s_trough4'====== Args={'value': 174, 'prev_value': None, 'change': True}
2025-11-05 22:50:50,812 : INFO : EventManager : Event: ======'machine_var_audits_missing_switches_s_trough_jam'====== Args={'value': 110, 'prev_value': None, 'change': True}
2025-11-05 22:50:50,812 : INFO : EventManager : Event: ======'machine_var_audits_player_score'====== Args={'value': {'average': 220948, 'top': [10210000, 1550000, 1070000, 1070000, 810000, 710000, 640000, 570000, 530000, 480000], 'total': 111}, 'prev_value': None, 'change': True}
2025-11-05 22:50:50,812 : INFO : EventManager : Event: ======'machine_var_audits_shots_bumper1'====== Args={'value': 3513, 'prev_value': None, 'change': True}
2025-11-05 22:50:50,812 : INFO : EventManager : Event: ======'machine_var_audits_shots_bumper2'====== Args={'value': 3530, 'prev_value': None, 'change': True}
2025-11-05 22:50:50,812 : INFO : EventManager : Event: ======'machine_var_audits_shots_bumper3'====== Args={'value': 3364, 'prev_value': None, 'change': True}
2025-11-05 22:50:50,812 : INFO : EventManager : Event: ======'machine_var_audits_shots_c_shot'====== Args={'value': 114, 'prev_value': None, 'change': True}
2025-11-05 22:50:50,812 : INFO : EventManager : Event: ======'machine_var_audits_shots_csi_shot'====== Args={'value': 9, 'prev_value': None, 'change': True}
2025-11-05 22:50:50,812 : INFO : EventManager : Event: ======'machine_var_audits_shots_i_shot'====== Args={'value': 92, 'prev_value': None, 'change': True}
2025-11-05 22:50:50,812 : INFO : EventManager : Event: ======'machine_var_audits_shots_s_shot'====== Args={'value': 105, 'prev_value': None, 'change': True}
2025-11-05 22:50:50,812 : INFO : EventManager : Event: ======'machine_var_audits_shots_switch_shot'====== Args={'value': 245, 'prev_value': None, 'change': True}
2025-11-05 22:50:50,812 : INFO : EventManager : Event: ======'machine_var_audits_switches_s_drain'====== Args={'value': 515, 'prev_value': None, 'change': True}
2025-11-05 22:50:50,812 : INFO : EventManager : Event: ======'machine_var_audits_switches_s_launch_button'====== Args={'value': 1, 'prev_value': None, 'change': True}
2025-11-05 22:50:50,812 : INFO : EventManager : Event: ======'machine_var_audits_switches_s_left_flipper'====== Args={'value': 356, 'prev_value': None, 'change': True}
2025-11-05 22:50:50,812 : INFO : EventManager : Event: ======'machine_var_audits_switches_s_left_inlane1'====== Args={'value': 124, 'prev_value': None, 'change': True}
2025-11-05 22:50:50,812 : INFO : EventManager : Event: ======'machine_var_audits_switches_s_left_inlane2'====== Args={'value': 112, 'prev_value': None, 'change': True}
2025-11-05 22:50:50,812 : INFO : EventManager : Event: ======'machine_var_audits_switches_s_left_outlane'====== Args={'value': 1, 'prev_value': None, 'change': True}
2025-11-05 22:50:50,812 : INFO : EventManager : Event: ======'machine_var_audits_switches_s_plunger_lane'====== Args={'value': 758, 'prev_value': None, 'change': True}
2025-11-05 22:50:50,812 : INFO : EventManager : Event: ======'machine_var_audits_switches_s_popbumper1'====== Args={'value': 3557, 'prev_value': None, 'change': True}
2025-11-05 22:50:50,812 : INFO : EventManager : Event: ======'machine_var_audits_switches_s_popbumper2'====== Args={'value': 3571, 'prev_value': None, 'change': True}
2025-11-05 22:50:50,812 : INFO : EventManager : Event: ======'machine_var_audits_switches_s_popbumper3'====== Args={'value': 3406, 'prev_value': None, 'change': True}
2025-11-05 22:50:50,812 : INFO : EventManager : Event: ======'machine_var_audits_switches_s_right_flipper'====== Args={'value': 618, 'prev_value': None, 'change': True}
2025-11-05 22:50:50,812 : INFO : EventManager : Event: ======'machine_var_audits_switches_s_right_inlane'====== Args={'value': 98, 'prev_value': None, 'change': True}
2025-11-05 22:50:50,812 : INFO : EventManager : Event: ======'machine_var_audits_switches_s_right_outlane'====== Args={'value': 5, 'prev_value': None, 'change': True}
2025-11-05 22:50:50,812 : INFO : EventManager : Event: ======'machine_var_audits_switches_s_scoop'====== Args={'value': 372, 'prev_value': None, 'change': True}
2025-11-05 22:50:50,812 : INFO : EventManager : Event: ======'machine_var_audits_switches_s_sling_left'====== Args={'value': 0, 'prev_value': None, 'change': True}
2025-11-05 22:50:50,812 : INFO : EventManager : Event: ======'machine_var_audits_switches_s_sling_right'====== Args={'value': 0, 'prev_value': None, 'change': True}
2025-11-05 22:50:50,812 : INFO : EventManager : Event: ======'machine_var_audits_switches_s_start'====== Args={'value': 650, 'prev_value': None, 'change': True}
2025-11-05 22:50:50,812 : INFO : EventManager : Event: ======'machine_var_audits_switches_s_trough1'====== Args={'value': 363, 'prev_value': None, 'change': True}
2025-11-05 22:50:50,812 : INFO : EventManager : Event: ======'machine_var_audits_switches_s_trough2'====== Args={'value': 16, 'prev_value': None, 'change': True}
2025-11-05 22:50:50,812 : INFO : EventManager : Event: ======'machine_var_audits_switches_s_trough3'====== Args={'value': 1, 'prev_value': None, 'change': True}
2025-11-05 22:50:50,812 : INFO : EventManager : Event: ======'machine_var_audits_switches_s_trough4'====== Args={'value': 1, 'prev_value': None, 'change': True}
2025-11-05 22:50:50,812 : INFO : EventManager : Event: ======'machine_var_audits_switches_s_trough_jam'====== Args={'value': 8, 'prev_value': None, 'change': True}
2025-11-05 22:50:50,812 : INFO : EventManager : Event: ======'init_phase_5'====== Args={}
2025-11-05 22:50:50,813 : INFO : EventManager : Event: ======'init_done'====== Args={}
2025-11-05 22:50:50,813 : INFO : EventManager : Event: ======'machine_reset_phase_1'====== Args={}
2025-11-05 22:50:50,818 : INFO : EventManager : Event: ======'machine_reset_phase_2'====== Args={}
2025-11-05 22:50:50,818 : INFO : EventManager : Event: ======'machine_reset_phase_3'====== Args={}
2025-11-05 22:50:50,819 : INFO : EventManager : Event: ======'reset_complete'====== Args={}
2025-11-05 22:50:50,819 : INFO : EventManager : Event: ======'mode_attract_will_start'====== Args={}
2025-11-05 22:50:50,819 : INFO : Timer.attract_carousel_timer : Starting Timer.
2025-11-05 22:50:50,819 : INFO : EventManager : Event: ======'timer_attract_carousel_timer_started'====== Args={'ticks': 0, 'ticks_remaining': 1}
2025-11-05 22:50:50,819 : INFO : EventManager : Event: ======'timer_attract_carousel_timer_tick'====== Args={'ticks': 0, 'ticks_remaining': 1}
2025-11-05 22:50:50,819 : INFO : EventManager : Event: ======'mode_attract_starting'====== Args={}
2025-11-05 22:50:50,819 : INFO : Mode.attract : Started. Priority: 10
2025-11-05 22:50:50,819 : INFO : EventManager : Event: ======'modes_active_modes_changed'====== Args={}
2025-11-05 22:50:50,819 : INFO : EventManager : Event: ======'mode_attract_started'====== Args={}
2025-11-05 22:50:50,819 : INFO : EventManager : Event: ======'collecting_balls_complete'====== Args={}
2025-11-05 22:50:50,819 : INFO : EventManager : Event: ======'carousel_item_highlighted'====== Args={'carousel': 'attract', 'direction': None, 'item': 'title'}
2025-11-05 22:50:50,820 : INFO : Machine : Starting the main run loop with active modes: [<Mode.attract>]
2025-11-05 22:50:51,062 : INFO : BcpServer : New client connected.
2025-11-05 22:50:51,199 : INFO : EventManager : Event: ======'slide_attract_created'====== Args={'_from_bcp': True}
2025-11-05 22:50:51,199 : INFO : EventManager : Event: ======'slide__removed'====== Args={'_from_bcp': True}
2025-11-05 22:50:51,199 : INFO : EventManager : Event: ======'slide_attract_active'====== Args={'original_context': 'attract', 'original_calling_context': 'mode_attract_started', 'priority': 10.0, 'cmd': 'slides_play', '_from_bcp': True}
2025-11-05 22:50:52,850 : INFO : SwitchController : <<<<<<< 's_start' active >>>>>>>
2025-11-05 22:50:52,984 : INFO : SwitchController : <<<<<<< 's_start' inactive >>>>>>>
2025-11-05 22:50:52,984 : INFO : EventManager : Event: ======'request_to_start_game'====== Args={}
2025-11-05 22:50:52,985 : INFO : EventManager : Event: ======'game_start'====== Args={'buttons': [], 'hold_time': 0.13309508399106562}
2025-11-05 22:50:52,986 : INFO : EventManager : Event: ======'mode_game_will_start'====== Args={'buttons': [], 'hold_time': 0.13309508399106562}
2025-11-05 22:50:52,987 : INFO : EventManager : Event: ======'mode_game_starting'====== Args={'buttons': [], 'hold_time': 0.13309508399106562}
2025-11-05 22:50:52,987 : INFO : EventManager : Event: ======'mode_attract_will_stop'====== Args={}
2025-11-05 22:50:52,988 : INFO : EventManager : Event: ======'mode_attract_stopping'====== Args={}
2025-11-05 22:50:52,988 : INFO : Mode.attract : Stopped.
2025-11-05 22:50:52,988 : INFO : EventManager : Event: ======'modes_active_modes_changed'====== Args={}
2025-11-05 22:50:52,989 : INFO : EventManager : Event: ======'mode_attract_stopped'====== Args={}
2025-11-05 22:50:52,989 : INFO : EventManager : Event: ======'clear'====== Args={'key': 'attract'}
2025-11-05 22:50:52,990 : INFO : Timer.attract_carousel_timer : Stopping Timer
2025-11-05 22:50:52,990 : INFO : EventManager : Event: ======'timer_attract_carousel_timer_stopped'====== Args={'ticks': 0, 'ticks_remaining': 1}
2025-11-05 22:50:52,991 : INFO : Mode.game : Started. Priority: 20
2025-11-05 22:50:52,991 : INFO : EventManager : Event: ======'modes_active_modes_changed'====== Args={}
2025-11-05 22:50:52,991 : INFO : EventManager : Event: ======'mode_game_started'====== Args={'buttons': [], 'hold_time': 0.13309508399106562}
2025-11-05 22:50:52,992 : INFO : EventManager : Event: ======'game_will_start'====== Args={}
2025-11-05 22:50:52,992 : INFO : EventManager : Event: ======'game_starting'====== Args={'game': <Mode.game>}
2025-11-05 22:50:52,993 : INFO : EventManager : Unordered handler for class <Auditor> on event game_ended with priority 1. Handlers: [RegisteredHandler(callback=<bound method Auditor.disable of <Auditor>>, priority=1, kwargs={}, key=UUID('c5dbb45c-1edd-4977-9ed0-27ff7331f47f'), condition=None, blocking_facility=None), RegisteredHandler(callback=<bound method Auditor._save_audits of <Auditor>>, priority=1, kwargs={}, key=UUID('fb6c3b4d-3464-4fdb-a231-427021473b47'), condition=None, blocking_facility=None)]. The order of those handlers is not defined and they will be executed in random order. This might lead to race conditions and potential bugs.
2025-11-05 22:50:52,993 : INFO : EventManager : Event: ======'player_add_request'====== Args={}
2025-11-05 22:50:52,994 : INFO : EventManager : Event: ======'player_will_add'====== Args={'number': 1}
2025-11-05 22:50:52,994 : INFO : EventManager : Event: ======'player_adding'====== Args={'player': <Player 1>, 'number': 1}
2025-11-05 22:50:52,994 : INFO : EventManager : Event: ======'player_added'====== Args={'player': <Player 1>, 'num': 1}
2025-11-05 22:50:52,995 : INFO : Mode.game : Player added successfully. Total players: 1
2025-11-05 22:50:52,995 : INFO : EventManager : Event: ======'player_index'====== Args={'value': 0, 'prev_value': 0, 'change': 0, 'player_num': 1}
2025-11-05 22:50:52,995 : INFO : EventManager : Event: ======'player_number'====== Args={'value': 1, 'prev_value': 1, 'change': 0, 'player_num': 1}
2025-11-05 22:50:52,996 : INFO : EventManager : Event: ======'player_multiplier'====== Args={'value': 1, 'prev_value': 1, 'change': 0, 'player_num': 1}
2025-11-05 22:50:52,996 : INFO : EventManager : Event: ======'player_score'====== Args={'value': 0, 'prev_value': 0, 'change': 0, 'player_num': 1}
2025-11-05 22:50:52,996 : INFO : EventManager : Event: ======'game_started'====== Args={}
2025-11-05 22:50:52,997 : INFO : EventManager : Event: ======'player_turn_will_start'====== Args={'player': <Player 1>, 'number': 1}
2025-11-05 22:50:52,997 : INFO : EventManager : Event: ======'player_turn_starting'====== Args={'player': <Player 1>, 'number': 1}
2025-11-05 22:50:53,003 : INFO : EventManager : Event: ======'player_ball'====== Args={'value': 1, 'prev_value': 0, 'change': 1, 'player_num': 1}
2025-11-05 22:50:53,004 : INFO : EventManager : Event: ======'player_turn_started'====== Args={'player': <Player 1>, 'number': 1}
2025-11-05 22:50:53,004 : INFO : EventManager : Event: ======'ball_will_start'====== Args={'player': 1, 'ball': 1, 'balls_remaining': 2, 'is_extra_ball': False}
2025-11-05 22:50:53,005 : INFO : EventManager : Event: ======'ball_starting'====== Args={'player': 1, 'ball': 1, 'balls_remaining': 2, 'is_extra_ball': False}
2025-11-05 22:50:53,005 : INFO : EventManager : Event: ======'mode_base_will_start'====== Args={'queue': <QueuedEvent>, 'player': 1, 'ball': 1, 'balls_remaining': 2, 'is_extra_ball': False}
2025-11-05 22:50:53,005 : INFO : EventManager : Event: ======'player_base_player_added_timer_tick'====== Args={'value': 0, 'prev_value': 0, 'change': 0, 'player_num': 1}
2025-11-05 22:50:53,006 : INFO : Timer.player_added_timer : Starting Timer.
2025-11-05 22:50:53,006 : INFO : EventManager : Event: ======'timer_player_added_timer_started'====== Args={'ticks': 0, 'ticks_remaining': 1}
2025-11-05 22:50:53,006 : INFO : EventManager : Event: ======'timer_player_added_timer_tick'====== Args={'ticks': 0, 'ticks_remaining': 1}
2025-11-05 22:50:53,007 : INFO : EventManager : Event: ======'mode_base_starting'====== Args={'queue': <QueuedEvent>, 'player': 1, 'ball': 1, 'balls_remaining': 2, 'is_extra_ball': False}
2025-11-05 22:50:53,007 : INFO : Mode.base : Started. Priority: 100
2025-11-05 22:50:53,007 : INFO : EventManager : Event: ======'modes_active_modes_changed'====== Args={}
2025-11-05 22:50:53,007 : INFO : EventManager : Event: ======'mode_base_started'====== Args={'queue': <QueuedEvent>, 'player': 1, 'ball': 1, 'balls_remaining': 2, 'is_extra_ball': False}
2025-11-05 22:50:53,007 : INFO : EventManager : Event: ======'start_mode_bumpers'====== Args={'priority': 0}
2025-11-05 22:50:53,007 : INFO : EventManager : Event: ======'start_mode_csi_lanes'====== Args={'priority': 0}
2025-11-05 22:50:53,007 : INFO : EventManager : Event: ======'mode_bumpers_will_start'====== Args={'priority': 0}
2025-11-05 22:50:53,008 : INFO : EventManager : Event: ======'player_shot_bumper1_enabled'====== Args={'value': True, 'prev_value': 0, 'change': 1, 'player_num': 1}
2025-11-05 22:50:53,008 : INFO : EventManager : Event: ======'player_shot_bumper2_enabled'====== Args={'value': True, 'prev_value': 0, 'change': 1, 'player_num': 1}
2025-11-05 22:50:53,008 : INFO : EventManager : Event: ======'player_shot_bumper3_enabled'====== Args={'value': True, 'prev_value': 0, 'change': 1, 'player_num': 1}
2025-11-05 22:50:53,008 : INFO : EventManager : Event: ======'bumpers_complete'====== Args={'state': 'unlit'}
2025-11-05 22:50:53,009 : INFO : EventManager : Event: ======'bumpers_unlit_complete'====== Args={}
2025-11-05 22:50:53,009 : INFO : EventManager : Event: ======'mode_bumpers_starting'====== Args={'priority': 0}
2025-11-05 22:50:53,009 : INFO : EventManager : Event: ======'mode_csi_lanes_will_start'====== Args={'priority': 0}
2025-11-05 22:50:53,009 : INFO : EventManager : Event: ======'player_shot_c_shot_enabled'====== Args={'value': True, 'prev_value': 0, 'change': 1, 'player_num': 1}
2025-11-05 22:50:53,010 : INFO : EventManager : Event: ======'player_shot_s_shot_enabled'====== Args={'value': True, 'prev_value': 0, 'change': 1, 'player_num': 1}
2025-11-05 22:50:53,010 : INFO : EventManager : Event: ======'player_shot_i_shot_enabled'====== Args={'value': True, 'prev_value': 0, 'change': 1, 'player_num': 1}
2025-11-05 22:50:53,011 : INFO : EventManager : Event: ======'csi_shots_complete'====== Args={'state': 'unlit'}
2025-11-05 22:50:53,011 : INFO : EventManager : Event: ======'csi_shots_unlit_complete'====== Args={}
2025-11-05 22:50:53,012 : INFO : EventManager : Event: ======'player_csi_lanes_csi_lanes_timer_tick'====== Args={'value': 0, 'prev_value': 0, 'change': 0, 'player_num': 1}
2025-11-05 22:50:53,012 : INFO : Timer.csi_lanes_timer : Starting Timer.
2025-11-05 22:50:53,012 : INFO : EventManager : Event: ======'timer_csi_lanes_timer_started'====== Args={'ticks': 0, 'ticks_remaining': 1}
2025-11-05 22:50:53,012 : INFO : EventManager : Event: ======'timer_csi_lanes_timer_tick'====== Args={'ticks': 0, 'ticks_remaining': 1}
2025-11-05 22:50:53,013 : INFO : EventManager : Event: ======'mode_csi_lanes_starting'====== Args={'priority': 0}
2025-11-05 22:50:53,013 : INFO : Mode.bumpers : Started. Priority: 200
2025-11-05 22:50:53,013 : INFO : EventManager : Event: ======'modes_active_modes_changed'====== Args={}
2025-11-05 22:50:53,013 : INFO : EventManager : Event: ======'mode_bumpers_started'====== Args={'priority': 0}
2025-11-05 22:50:53,014 : INFO : EventManager : Event: ======'balls_in_play'====== Args={'balls': 1}
2025-11-05 22:50:53,014 : INFO : EventManager : Event: ======'ball_started'====== Args={'player': 1, 'ball': 1, 'balls_remaining': 2, 'is_extra_ball': False}
2025-11-05 22:50:53,014 : INFO : EventManager : Event: ======'logicblock_csi_lanes_validated_updated'====== Args={'value': 0, 'enabled': True}
2025-11-05 22:50:53,015 : INFO : EventManager : Event: ======'logicblock_csi_lanes_validated_updated'====== Args={'value': 0, 'enabled': True}
2025-11-05 22:50:53,015 : INFO : Mode.csi_lanes : Started. Priority: 200
2025-11-05 22:50:53,015 : INFO : EventManager : Event: ======'modes_active_modes_changed'====== Args={}
2025-11-05 22:50:53,015 : INFO : EventManager : Event: ======'mode_csi_lanes_started'====== Args={'priority': 0}
2025-11-05 22:50:53,015 : INFO : EventManager : Event: ======'single_player_ball_started'====== Args={}
2025-11-05 22:50:53,015 : INFO : EventManager : Event: ======'ball_start_target'====== Args={'target': 'playfield'}
2025-11-05 22:50:53,016 : INFO : ball_device.bd_trough : Setting up player-controlled eject. Balls: 1, Target: <playfield.playfield>, player_controlled_eject_event: None
2025-11-05 22:50:53,016 : INFO : ball_device.bd_trough : Adding 1 ball(s) to the eject_queue with target <playfield.playfield>.
2025-11-05 22:50:53,016 : INFO : EventManager : Event: ======'balldevice_balls_available'====== Args={}
2025-11-05 22:50:53,016 : INFO : ball_device.bd_trough : State: waiting_for_target_ready
2025-11-05 22:50:53,016 : INFO : EventManager : Event: ======'balldevice_bd_trough_ball_eject_attempt'====== Args={'balls': 1, 'target': <ball_device.bd_plunger>, 'source': <ball_device.bd_trough>, 'mechanical_eject': False, 'num_attempts': 0}
2025-11-05 22:50:53,017 : INFO : ball_device.bd_plunger : State: waiting_for_ball
2025-11-05 22:50:53,017 : INFO : ball_device.bd_trough : State: ejecting
2025-11-05 22:50:53,017 : INFO : ball_device.bd_trough : Ejecting ball to <ball_device.bd_plunger>
2025-11-05 22:50:53,017 : INFO : EventManager : Event: ======'balldevice_bd_trough_ejecting_ball'====== Args={'balls': 1, 'target': <ball_device.bd_plunger>, 'source': <ball_device.bd_trough>, 'mechanical_eject': False, 'num_attempts': 0}
2025-11-05 22:50:53,017 : INFO : ball_device.bd_trough : Wait for ball to leave device
2025-11-05 22:50:53,017 : INFO : coil.c_trough_eject : Pulsing Driver for 20ms (1.0 pulse_power)
2025-11-05 22:50:53,017 : INFO : SwitchController : <<<<<<< 's_trough1' inactive >>>>>>>
2025-11-05 22:50:53,018 : INFO : ball_device.bd_trough : State: ball_left
2025-11-05 22:50:53,018 : INFO : ball_device.bd_trough : Ball left
2025-11-05 22:50:53,018 : INFO : ball_device.bd_trough : Wait for confirm with timeout 3.0
2025-11-05 22:50:53,119 : INFO : SwitchController : <<<<<<< 's_plunger_lane' active >>>>>>>
2025-11-05 22:50:53,119 : INFO : EventManager : Event: ======'machine_var_audits_switches_s_plunger_lane'====== Args={'value': 759, 'prev_value': 758, 'change': 1}
2025-11-05 22:50:53,178 : INFO : EventManager : Event: ======'slide_base_slide_created'====== Args={'_from_bcp': True}
2025-11-05 22:50:53,178 : INFO : EventManager : Event: ======'slide_attract_inactive'====== Args={'is_removing': True, '_from_bcp': True}
2025-11-05 22:50:53,178 : INFO : EventManager : Event: ======'slide_base_slide_active'====== Args={'original_context': 'base', 'original_calling_context': 'mode_base_started', 'priority': 100.0, 'queue': '<QueuedEvent>', 'player': 1.0, 'ball': 1.0, 'balls_remaining': 2.0, 'is_extra_ball': False, 'cmd': 'slides_play', '_from_bcp': True}
2025-11-05 22:50:53,179 : INFO : EventManager : Event: ======'slide_attract_removed'====== Args={'_from_bcp': True}
2025-11-05 22:50:53,620 : INFO : ball_device.bd_plunger : Received ball from <ball_device.bd_trough>
2025-11-05 22:50:53,621 : INFO : EventManager : Event: ======'balldevice_bd_plunger_ball_enter'====== Args={'new_balls': 1, 'unclaimed_balls': 0, 'new_available_balls': 0, 'device': <ball_device.bd_plunger>}
2025-11-05 22:50:53,622 : INFO : EventManager : Event: ======'balldevice_bd_plunger_ball_entered'====== Args={'new_balls': 0, 'device': <ball_device.bd_plunger>}
2025-11-05 22:50:53,622 : INFO : EventManager : Event: ======'balldevice_bd_plunger_ball_count_changed'====== Args={'balls': 1}
2025-11-05 22:50:53,623 : INFO : ball_device.bd_trough : Got eject confirm
2025-11-05 22:50:53,623 : INFO : ball_device.bd_trough : Eject successful
2025-11-05 22:50:53,623 : INFO : EventManager : Event: ======'balldevice_bd_trough_ball_eject_success'====== Args={'balls': 1, 'target': <ball_device.bd_plunger>}
2025-11-05 22:50:53,624 : INFO : EventManager : Event: ======'balldevice_bd_trough_ball_count_changed'====== Args={'balls': 3}
2025-11-05 22:50:53,624 : INFO : ball_device.bd_trough : State: idle
2025-11-05 22:50:53,625 : INFO : ball_device.bd_plunger : State: waiting_for_target_ready
2025-11-05 22:50:53,625 : INFO : EventManager : Event: ======'balldevice_bd_plunger_ball_eject_attempt'====== Args={'balls': 1, 'target': <playfield.playfield>, 'source': <ball_device.bd_plunger>, 'mechanical_eject': False, 'num_attempts': 0}
2025-11-05 22:50:53,626 : INFO : ball_device.bd_plunger : State: ejecting
2025-11-05 22:50:53,626 : INFO : ball_device.bd_plunger : Ejecting ball to <playfield.playfield>
2025-11-05 22:50:53,626 : INFO : EventManager : Event: ======'balldevice_bd_plunger_ejecting_ball'====== Args={'balls': 1, 'target': <playfield.playfield>, 'source': <ball_device.bd_plunger>, 'mechanical_eject': False, 'num_attempts': 0}
2025-11-05 22:50:53,627 : INFO : ball_device.bd_plunger : Wait for ball to leave device
2025-11-05 22:50:53,627 : INFO : coil.c_plunger : Pulsing Driver for 20ms (1.0 pulse_power)
2025-11-05 22:50:53,628 : INFO : SwitchController : <<<<<<< 's_plunger_lane' inactive >>>>>>>
2025-11-05 22:50:53,629 : INFO : ball_device.bd_plunger : State: ball_left
2025-11-05 22:50:53,629 : INFO : ball_device.bd_plunger : Ball left
2025-11-05 22:50:53,629 : INFO : ball_device.bd_plunger : Wait for confirm with timeout 3.0
2025-11-05 22:50:53,707 : INFO : EventManager : Event: ======'player_base_player_added_timer_tick'====== Args={'value': 1, 'prev_value': 0, 'change': 1, 'player_num': 1}
2025-11-05 22:50:53,707 : INFO : Timer.player_added_timer : Timer Complete
2025-11-05 22:50:53,707 : INFO : Timer.player_added_timer : Stopping Timer
2025-11-05 22:50:53,707 : INFO : EventManager : Event: ======'timer_player_added_timer_stopped'====== Args={'ticks': 1, 'ticks_remaining': 1}
2025-11-05 22:50:53,708 : INFO : EventManager : Event: ======'timer_player_added_timer_complete'====== Args={'ticks': 1, 'ticks_remaining': 1}
2025-11-05 22:50:53,712 : INFO : EventManager : Event: ======'player_csi_lanes_csi_lanes_timer_tick'====== Args={'value': 1, 'prev_value': 0, 'change': 1, 'player_num': 1}
2025-11-05 22:50:53,713 : INFO : Timer.csi_lanes_timer : Timer Complete
2025-11-05 22:50:53,713 : INFO : Timer.csi_lanes_timer : Stopping Timer
2025-11-05 22:50:53,713 : INFO : EventManager : Event: ======'timer_csi_lanes_timer_stopped'====== Args={'ticks': 1, 'ticks_remaining': 1}
2025-11-05 22:50:53,713 : INFO : EventManager : Event: ======'timer_csi_lanes_timer_complete'====== Args={'ticks': 1, 'ticks_remaining': 1}
2025-11-05 22:50:56,630 : INFO : ball_device.bd_plunger : State: failed_confirm
2025-11-05 22:50:56,631 : INFO : ball_device.bd_plunger : Got timeout (3.0s) before confirm from <playfield.playfield>
2025-11-05 22:50:56,732 : INFO : ball_device.bd_plunger : Confirming eject because target is playfield and ball did not return.
2025-11-05 22:50:56,733 : INFO : ball_device.bd_plunger : Eject successful
2025-11-05 22:50:56,733 : INFO : EventManager : Event: ======'balldevice_bd_plunger_ball_eject_success'====== Args={'balls': 1, 'target': <playfield.playfield>}
2025-11-05 22:50:56,734 : INFO : EventManager : Event: ======'balldevice_playfield_ball_enter'====== Args={'new_balls': 1, 'unclaimed_balls': 1, 'device': <playfield.playfield>}
2025-11-05 22:50:56,735 : INFO : EventManager : Event: ======'playfield_ball_count_change'====== Args={'balls': 1, 'change': 1}
2025-11-05 22:50:56,736 : INFO : EventManager : Event: ======'balldevice_bd_plunger_ball_count_changed'====== Args={'balls': 0}
2025-11-05 22:50:56,736 : INFO : ball_device.bd_plunger : State: idle
2025-11-05 22:50:58,550 : INFO : SwitchController : <<<<<<< 's_start' active >>>>>>>
2025-11-05 22:50:58,550 : INFO : EventManager : Event: ======'sw_start'====== Args={}
2025-11-05 22:50:58,551 : INFO : EventManager : Event: ======'machine_var_audits_switches_s_start'====== Args={'value': 651, 'prev_value': 650, 'change': 1}
2025-11-05 22:50:58,552 : INFO : EventManager : Event: ======'player_add_request'====== Args={}
2025-11-05 22:50:58,552 : INFO : EventManager : Event: ======'player_will_add'====== Args={'number': 2}
2025-11-05 22:50:58,553 : INFO : EventManager : Event: ======'player_adding'====== Args={'player': <Player 2>, 'number': 2}
2025-11-05 22:50:58,553 : INFO : EventManager : Event: ======'player_added'====== Args={'player': <Player 2>, 'num': 2}
2025-11-05 22:50:58,554 : INFO : Mode.game : Player added successfully. Total players: 2
2025-11-05 22:50:58,554 : INFO : EventManager : Event: ======'multiplayer_game'====== Args={}
2025-11-05 22:50:58,564 : INFO : EventManager : Event: ======'player_base_player_added_timer_tick'====== Args={'value': 0, 'prev_value': 1, 'change': -1, 'player_num': 1}
2025-11-05 22:50:58,565 : INFO : Timer.player_added_timer : Starting Timer.
2025-11-05 22:50:58,565 : INFO : EventManager : Event: ======'timer_player_added_timer_started'====== Args={'ticks': 0, 'ticks_remaining': 1}
2025-11-05 22:50:58,565 : INFO : EventManager : Event: ======'timer_player_added_timer_tick'====== Args={'ticks': 0, 'ticks_remaining': 1}
2025-11-05 22:50:58,565 : INFO : EventManager : Event: ======'player_index'====== Args={'value': 1, 'prev_value': 1, 'change': 0, 'player_num': 2}
2025-11-05 22:50:58,566 : INFO : EventManager : Event: ======'player_number'====== Args={'value': 2, 'prev_value': 2, 'change': 0, 'player_num': 2}
2025-11-05 22:50:58,567 : INFO : EventManager : Event: ======'player_multiplier'====== Args={'value': 1, 'prev_value': 1, 'change': 0, 'player_num': 2}
2025-11-05 22:50:58,568 : INFO : EventManager : Event: ======'player_score'====== Args={'value': 0, 'prev_value': 0, 'change': 0, 'player_num': 2}
2025-11-05 22:50:58,575 : INFO : EventManager : Event: ======'widget_player_addded_widget_active'====== Args={'original_context': 'base', 'original_calling_context': 'player_added', 'priority': 100.0, 'player': '<Player 2>', 'num': 2.0, 'cmd': 'widgets_play', '_from_bcp': True}
2025-11-05 22:50:58,616 : INFO : SwitchController : <<<<<<< 's_start' inactive >>>>>>>
2025-11-05 22:50:59,265 : INFO : EventManager : Event: ======'player_base_player_added_timer_tick'====== Args={'value': 1, 'prev_value': 0, 'change': 1, 'player_num': 1}
2025-11-05 22:50:59,266 : INFO : Timer.player_added_timer : Timer Complete
2025-11-05 22:50:59,267 : INFO : Timer.player_added_timer : Stopping Timer
2025-11-05 22:50:59,267 : INFO : EventManager : Event: ======'timer_player_added_timer_stopped'====== Args={'ticks': 1, 'ticks_remaining': 1}
2025-11-05 22:50:59,268 : INFO : EventManager : Event: ======'timer_player_added_timer_complete'====== Args={'ticks': 1, 'ticks_remaining': 1}
2025-11-05 22:50:59,317 : INFO : EventManager : Event: ======'widget_player_addded_widget_removed'====== Args={'_from_bcp': True}
2025-11-05 22:51:03,388 : INFO : SwitchController : <<<<<<< 's_left_inlane1' active >>>>>>>
2025-11-05 22:51:03,388 : INFO : EventManager : Event: ======'s_left_inlane1_active'====== Args={}
2025-11-05 22:51:03,388 : INFO : EventManager : Event: ======'sw_playfield_active'====== Args={}
2025-11-05 22:51:03,388 : INFO : EventManager : Event: ======'machine_var_audits_switches_s_left_inlane1'====== Args={'value': 125, 'prev_value': 124, 'change': 1}
2025-11-05 22:51:03,389 : INFO : EventManager : Event: ======'player_shot_c_shot'====== Args={'value': 1, 'prev_value': 0, 'change': 1, 'player_num': 1}
2025-11-05 22:51:03,395 : INFO : EventManager : Event: ======'machine_var_audits_shots_c_shot'====== Args={'value': 115, 'prev_value': 114, 'change': 1}
2025-11-05 22:51:03,396 : INFO : EventManager : Event: ======'c_shot_hit'====== Args={'profile': 'csi_shot_profile', 'state': 'unlit', 'advancing': True}
2025-11-05 22:51:03,396 : INFO : EventManager : Event: ======'c_shot_csi_shot_profile_hit'====== Args={'profile': 'csi_shot_profile', 'state': 'unlit', 'advancing': True}
2025-11-05 22:51:03,396 : INFO : EventManager : Event: ======'c_shot_csi_shot_profile_unlit_hit'====== Args={'profile': 'csi_shot_profile', 'state': 'unlit', 'advancing': True}
2025-11-05 22:51:03,396 : INFO : EventManager : Event: ======'c_shot_unlit_hit'====== Args={'profile': 'csi_shot_profile', 'state': 'unlit', 'advancing': True}
2025-11-05 22:51:03,396 : INFO : EventManager : Event: ======'csi_shots_hit'====== Args={'shot': 'c_shot'}
2025-11-05 22:51:03,397 : INFO : EventManager : Event: ======'csi_shots_unlit_hit'====== Args={'shot': 'c_shot'}
2025-11-05 22:51:03,397 : INFO : EventManager : Event: ======'player_score'====== Args={'value': 1000, 'prev_value': 0, 'change': 1000, 'player_num': 1, 'source': 'csi_lanes'}
2025-11-05 22:51:03,487 : INFO : SwitchController : <<<<<<< 's_left_inlane1' inactive >>>>>>>
2025-11-05 22:51:04,321 : INFO : SwitchController : <<<<<<< 's_left_inlane2' active >>>>>>>
2025-11-05 22:51:04,322 : INFO : EventManager : Event: ======'s_left_inlane2_active'====== Args={}
2025-11-05 22:51:04,322 : INFO : EventManager : Event: ======'sw_playfield_active'====== Args={}
2025-11-05 22:51:04,322 : INFO : EventManager : Event: ======'machine_var_audits_switches_s_left_inlane2'====== Args={'value': 113, 'prev_value': 112, 'change': 1}
2025-11-05 22:51:04,323 : INFO : EventManager : Event: ======'player_shot_s_shot'====== Args={'value': 1, 'prev_value': 0, 'change': 1, 'player_num': 1}
2025-11-05 22:51:04,323 : INFO : EventManager : Event: ======'machine_var_audits_shots_s_shot'====== Args={'value': 106, 'prev_value': 105, 'change': 1}
2025-11-05 22:51:04,324 : INFO : EventManager : Event: ======'s_shot_hit'====== Args={'profile': 'csi_shot_profile', 'state': 'unlit', 'advancing': True}
2025-11-05 22:51:04,324 : INFO : EventManager : Event: ======'s_shot_csi_shot_profile_hit'====== Args={'profile': 'csi_shot_profile', 'state': 'unlit', 'advancing': True}
2025-11-05 22:51:04,324 : INFO : EventManager : Event: ======'s_shot_csi_shot_profile_unlit_hit'====== Args={'profile': 'csi_shot_profile', 'state': 'unlit', 'advancing': True}
2025-11-05 22:51:04,324 : INFO : EventManager : Event: ======'s_shot_unlit_hit'====== Args={'profile': 'csi_shot_profile', 'state': 'unlit', 'advancing': True}
2025-11-05 22:51:04,324 : INFO : EventManager : Event: ======'csi_shots_hit'====== Args={'shot': 's_shot'}
2025-11-05 22:51:04,325 : INFO : EventManager : Event: ======'csi_shots_unlit_hit'====== Args={'shot': 's_shot'}
2025-11-05 22:51:04,325 : INFO : EventManager : Event: ======'player_score'====== Args={'value': 2000, 'prev_value': 1000, 'change': 1000, 'player_num': 1, 'source': 'csi_lanes'}
2025-11-05 22:51:04,420 : INFO : SwitchController : <<<<<<< 's_left_inlane2' inactive >>>>>>>
2025-11-05 22:51:05,754 : INFO : SwitchController : <<<<<<< 's_right_inlane' active >>>>>>>
2025-11-05 22:51:05,754 : INFO : EventManager : Event: ======'s_right_inlane_active'====== Args={}
2025-11-05 22:51:05,755 : INFO : EventManager : Event: ======'sw_playfield_active'====== Args={}
2025-11-05 22:51:05,755 : INFO : EventManager : Event: ======'machine_var_audits_switches_s_right_inlane'====== Args={'value': 99, 'prev_value': 98, 'change': 1}
2025-11-05 22:51:05,756 : INFO : EventManager : Event: ======'player_shot_i_shot'====== Args={'value': 1, 'prev_value': 0, 'change': 1, 'player_num': 1}
2025-11-05 22:51:05,762 : INFO : EventManager : Event: ======'machine_var_audits_shots_i_shot'====== Args={'value': 93, 'prev_value': 92, 'change': 1}
2025-11-05 22:51:05,762 : INFO : EventManager : Event: ======'i_shot_hit'====== Args={'profile': 'csi_shot_profile', 'state': 'unlit', 'advancing': True}
2025-11-05 22:51:05,762 : INFO : EventManager : Event: ======'i_shot_csi_shot_profile_hit'====== Args={'profile': 'csi_shot_profile', 'state': 'unlit', 'advancing': True}
2025-11-05 22:51:05,763 : INFO : EventManager : Event: ======'i_shot_csi_shot_profile_unlit_hit'====== Args={'profile': 'csi_shot_profile', 'state': 'unlit', 'advancing': True}
2025-11-05 22:51:05,763 : INFO : EventManager : Event: ======'i_shot_unlit_hit'====== Args={'profile': 'csi_shot_profile', 'state': 'unlit', 'advancing': True}
2025-11-05 22:51:05,763 : INFO : EventManager : Event: ======'csi_shots_complete'====== Args={'state': 'lit'}
2025-11-05 22:51:05,763 : INFO : EventManager : Event: ======'csi_shots_lit_complete'====== Args={}
2025-11-05 22:51:05,763 : INFO : EventManager : Event: ======'logicblock_csi_lanes_validated_updated'====== Args={'value': 1, 'enabled': True}
2025-11-05 22:51:05,764 : INFO : EventManager : Event: ======'logicblock_csi_lanes_validated_hit'====== Args={'step': 1}
2025-11-05 22:51:05,764 : INFO : EventManager : Event: ======'csi_shots_hit'====== Args={'shot': 'i_shot'}
2025-11-05 22:51:05,764 : INFO : EventManager : Event: ======'csi_shots_unlit_hit'====== Args={'shot': 'i_shot'}
2025-11-05 22:51:05,764 : INFO : EventManager : Event: ======'player_score'====== Args={'value': 3000, 'prev_value': 2000, 'change': 1000, 'player_num': 1, 'source': 'csi_lanes'}
2025-11-05 22:51:05,886 : INFO : SwitchController : <<<<<<< 's_right_inlane' inactive >>>>>>>
2025-11-05 22:51:08,204 : INFO : SwitchController : <<<<<<< 's_scoop' active >>>>>>>
2025-11-05 22:51:08,204 : INFO : EventManager : Event: ======'s_scoop_active'====== Args={}
2025-11-05 22:51:08,205 : INFO : EventManager : Event: ======'machine_var_audits_switches_s_scoop'====== Args={'value': 373, 'prev_value': 372, 'change': 1}
2025-11-05 22:51:08,205 : INFO : EventManager : Event: ======'logicblock_csi_lanes_validated_updated'====== Args={'value': 2, 'enabled': True}
2025-11-05 22:51:08,205 : INFO : EventManager : Event: ======'logicblock_csi_lanes_validated_hit'====== Args={'step': 2}
2025-11-05 22:51:08,211 : INFO : EventManager : Event: ======'csi_done'====== Args={}
2025-11-05 22:51:08,212 : INFO : EventManager : Event: ======'logicblock_csi_lanes_validated_updated'====== Args={'value': 0, 'enabled': True}
2025-11-05 22:51:08,212 : INFO : EventManager : Event: ======'player_score'====== Args={'value': 103000, 'prev_value': 3000, 'change': 100000, 'player_num': 1, 'source': 'csi_lanes'}
2025-11-05 22:51:08,212 : INFO : EventManager : Event: ======'player_multiplier'====== Args={'value': 2, 'prev_value': 1, 'change': 1, 'player_num': 1, 'source': 'csi_lanes'}
2025-11-05 22:51:08,236 : INFO : EventManager : Event: ======'widget_csi_lanes_widget_active'====== Args={'original_context': 'csi_lanes', 'original_calling_context': 'csi_done', 'priority': 200.0, 'cmd': 'widgets_play', '_from_bcp': True}
2025-11-05 22:51:08,319 : INFO : SwitchController : <<<<<<< 's_scoop' inactive >>>>>>>
2025-11-05 22:51:09,214 : INFO : EventManager : Event: ======'player_shot_c_shot'====== Args={'value': 0, 'prev_value': 1, 'change': -1, 'player_num': 1}
2025-11-05 22:51:09,215 : INFO : EventManager : Event: ======'player_shot_s_shot'====== Args={'value': 0, 'prev_value': 1, 'change': -1, 'player_num': 1}
2025-11-05 22:51:09,216 : INFO : EventManager : Event: ======'player_shot_i_shot'====== Args={'value': 0, 'prev_value': 1, 'change': -1, 'player_num': 1}
2025-11-05 22:51:09,217 : INFO : EventManager : Event: ======'csi_shots_complete'====== Args={'state': 'unlit'}
2025-11-05 22:51:09,218 : INFO : EventManager : Event: ======'csi_shots_unlit_complete'====== Args={}
2025-11-05 22:51:11,838 : INFO : SwitchController : <<<<<<< 's_left_inlane1' active >>>>>>>
2025-11-05 22:51:11,838 : INFO : EventManager : Event: ======'s_left_inlane1_active'====== Args={}
2025-11-05 22:51:11,838 : INFO : EventManager : Event: ======'sw_playfield_active'====== Args={}
2025-11-05 22:51:11,838 : INFO : EventManager : Event: ======'machine_var_audits_switches_s_left_inlane1'====== Args={'value': 126, 'prev_value': 125, 'change': 1}
2025-11-05 22:51:11,839 : INFO : EventManager : Event: ======'player_shot_c_shot'====== Args={'value': 1, 'prev_value': 0, 'change': 1, 'player_num': 1}
2025-11-05 22:51:11,845 : INFO : EventManager : Event: ======'machine_var_audits_shots_c_shot'====== Args={'value': 116, 'prev_value': 115, 'change': 1}
2025-11-05 22:51:11,845 : INFO : EventManager : Event: ======'c_shot_hit'====== Args={'profile': 'csi_shot_profile', 'state': 'unlit', 'advancing': True}
2025-11-05 22:51:11,845 : INFO : EventManager : Event: ======'c_shot_csi_shot_profile_hit'====== Args={'profile': 'csi_shot_profile', 'state': 'unlit', 'advancing': True}
2025-11-05 22:51:11,845 : INFO : EventManager : Event: ======'c_shot_csi_shot_profile_unlit_hit'====== Args={'profile': 'csi_shot_profile', 'state': 'unlit', 'advancing': True}
2025-11-05 22:51:11,846 : INFO : EventManager : Event: ======'c_shot_unlit_hit'====== Args={'profile': 'csi_shot_profile', 'state': 'unlit', 'advancing': True}
2025-11-05 22:51:11,846 : INFO : EventManager : Event: ======'csi_shots_hit'====== Args={'shot': 'c_shot'}
2025-11-05 22:51:11,846 : INFO : EventManager : Event: ======'csi_shots_unlit_hit'====== Args={'shot': 'c_shot'}
2025-11-05 22:51:11,846 : INFO : EventManager : Event: ======'player_score'====== Args={'value': 105000, 'prev_value': 103000, 'change': 2000, 'player_num': 1, 'source': 'csi_lanes'}
2025-11-05 22:51:11,913 : INFO : SwitchController : <<<<<<< 's_left_inlane1' inactive >>>>>>>
2025-11-05 22:51:12,538 : INFO : SwitchController : <<<<<<< 's_left_inlane2' active >>>>>>>
2025-11-05 22:51:12,538 : INFO : EventManager : Event: ======'s_left_inlane2_active'====== Args={}
2025-11-05 22:51:12,538 : INFO : EventManager : Event: ======'sw_playfield_active'====== Args={}
2025-11-05 22:51:12,539 : INFO : EventManager : Event: ======'machine_var_audits_switches_s_left_inlane2'====== Args={'value': 114, 'prev_value': 113, 'change': 1}
2025-11-05 22:51:12,539 : INFO : EventManager : Event: ======'player_shot_s_shot'====== Args={'value': 1, 'prev_value': 0, 'change': 1, 'player_num': 1}
2025-11-05 22:51:12,540 : INFO : EventManager : Event: ======'machine_var_audits_shots_s_shot'====== Args={'value': 107, 'prev_value': 106, 'change': 1}
2025-11-05 22:51:12,540 : INFO : EventManager : Event: ======'s_shot_hit'====== Args={'profile': 'csi_shot_profile', 'state': 'unlit', 'advancing': True}
2025-11-05 22:51:12,541 : INFO : EventManager : Event: ======'s_shot_csi_shot_profile_hit'====== Args={'profile': 'csi_shot_profile', 'state': 'unlit', 'advancing': True}
2025-11-05 22:51:12,541 : INFO : EventManager : Event: ======'s_shot_csi_shot_profile_unlit_hit'====== Args={'profile': 'csi_shot_profile', 'state': 'unlit', 'advancing': True}
2025-11-05 22:51:12,541 : INFO : EventManager : Event: ======'s_shot_unlit_hit'====== Args={'profile': 'csi_shot_profile', 'state': 'unlit', 'advancing': True}
2025-11-05 22:51:12,541 : INFO : EventManager : Event: ======'csi_shots_hit'====== Args={'shot': 's_shot'}
2025-11-05 22:51:12,541 : INFO : EventManager : Event: ======'csi_shots_unlit_hit'====== Args={'shot': 's_shot'}
2025-11-05 22:51:12,542 : INFO : EventManager : Event: ======'player_score'====== Args={'value': 107000, 'prev_value': 105000, 'change': 2000, 'player_num': 1, 'source': 'csi_lanes'}
2025-11-05 22:51:12,654 : INFO : SwitchController : <<<<<<< 's_left_inlane2' inactive >>>>>>>
2025-11-05 22:51:14,071 : INFO : SwitchController : <<<<<<< 's_right_inlane' active >>>>>>>
2025-11-05 22:51:14,071 : INFO : EventManager : Event: ======'s_right_inlane_active'====== Args={}
2025-11-05 22:51:14,071 : INFO : EventManager : Event: ======'sw_playfield_active'====== Args={}
2025-11-05 22:51:14,071 : INFO : EventManager : Event: ======'machine_var_audits_switches_s_right_inlane'====== Args={'value': 100, 'prev_value': 99, 'change': 1}
2025-11-05 22:51:14,072 : INFO : EventManager : Event: ======'player_shot_i_shot'====== Args={'value': 1, 'prev_value': 0, 'change': 1, 'player_num': 1}
2025-11-05 22:51:14,078 : INFO : EventManager : Event: ======'machine_var_audits_shots_i_shot'====== Args={'value': 94, 'prev_value': 93, 'change': 1}
2025-11-05 22:51:14,079 : INFO : EventManager : Event: ======'i_shot_hit'====== Args={'profile': 'csi_shot_profile', 'state': 'unlit', 'advancing': True}
2025-11-05 22:51:14,079 : INFO : EventManager : Event: ======'i_shot_csi_shot_profile_hit'====== Args={'profile': 'csi_shot_profile', 'state': 'unlit', 'advancing': True}
2025-11-05 22:51:14,079 : INFO : EventManager : Event: ======'i_shot_csi_shot_profile_unlit_hit'====== Args={'profile': 'csi_shot_profile', 'state': 'unlit', 'advancing': True}
2025-11-05 22:51:14,079 : INFO : EventManager : Event: ======'i_shot_unlit_hit'====== Args={'profile': 'csi_shot_profile', 'state': 'unlit', 'advancing': True}
2025-11-05 22:51:14,079 : INFO : EventManager : Event: ======'csi_shots_complete'====== Args={'state': 'lit'}
2025-11-05 22:51:14,080 : INFO : EventManager : Event: ======'csi_shots_lit_complete'====== Args={}
2025-11-05 22:51:14,080 : INFO : EventManager : Event: ======'logicblock_csi_lanes_validated_updated'====== Args={'value': 1, 'enabled': True}
2025-11-05 22:51:14,080 : INFO : EventManager : Event: ======'logicblock_csi_lanes_validated_hit'====== Args={'step': 1}
2025-11-05 22:51:14,080 : INFO : EventManager : Event: ======'csi_shots_hit'====== Args={'shot': 'i_shot'}
2025-11-05 22:51:14,080 : INFO : EventManager : Event: ======'csi_shots_unlit_hit'====== Args={'shot': 'i_shot'}
2025-11-05 22:51:14,080 : INFO : EventManager : Event: ======'player_score'====== Args={'value': 109000, 'prev_value': 107000, 'change': 2000, 'player_num': 1, 'source': 'csi_lanes'}
2025-11-05 22:51:14,170 : INFO : SwitchController : <<<<<<< 's_right_inlane' inactive >>>>>>>
2025-11-05 22:51:15,938 : INFO : SwitchController : <<<<<<< 's_scoop' active >>>>>>>
2025-11-05 22:51:15,938 : INFO : EventManager : Event: ======'s_scoop_active'====== Args={}
2025-11-05 22:51:15,938 : INFO : EventManager : Event: ======'machine_var_audits_switches_s_scoop'====== Args={'value': 374, 'prev_value': 373, 'change': 1}
2025-11-05 22:51:15,939 : INFO : EventManager : Event: ======'logicblock_csi_lanes_validated_updated'====== Args={'value': 2, 'enabled': True}
2025-11-05 22:51:15,939 : INFO : EventManager : Event: ======'logicblock_csi_lanes_validated_hit'====== Args={'step': 2}
2025-11-05 22:51:15,939 : INFO : EventManager : Event: ======'csi_done'====== Args={}
2025-11-05 22:51:15,940 : INFO : EventManager : Event: ======'logicblock_csi_lanes_validated_updated'====== Args={'value': 0, 'enabled': True}
2025-11-05 22:51:15,940 : INFO : EventManager : Event: ======'player_score'====== Args={'value': 309000, 'prev_value': 109000, 'change': 200000, 'player_num': 1, 'source': 'csi_lanes'}
2025-11-05 22:51:15,940 : INFO : EventManager : Event: ======'player_multiplier'====== Args={'value': 3, 'prev_value': 2, 'change': 1, 'player_num': 1, 'source': 'csi_lanes'}
2025-11-05 22:51:16,086 : INFO : SwitchController : <<<<<<< 's_scoop' inactive >>>>>>>
2025-11-05 22:51:16,941 : INFO : EventManager : Event: ======'player_shot_c_shot'====== Args={'value': 0, 'prev_value': 1, 'change': -1, 'player_num': 1}
2025-11-05 22:51:16,942 : INFO : EventManager : Event: ======'player_shot_s_shot'====== Args={'value': 0, 'prev_value': 1, 'change': -1, 'player_num': 1}
2025-11-05 22:51:16,942 : INFO : EventManager : Event: ======'player_shot_i_shot'====== Args={'value': 0, 'prev_value': 1, 'change': -1, 'player_num': 1}
2025-11-05 22:51:16,943 : INFO : EventManager : Event: ======'csi_shots_complete'====== Args={'state': 'unlit'}
2025-11-05 22:51:16,943 : INFO : EventManager : Event: ======'csi_shots_unlit_complete'====== Args={}
2025-11-05 22:51:29,480 : INFO : Machine : Shutting down...
2025-11-05 22:51:29,480 : INFO : EventManager : Event: ======'shutdown'====== Args={}
2025-11-05 22:51:29,482 : INFO : EventManager : Event: ======'mode_game_will_stop'====== Args={}
2025-11-05 22:51:29,482 : INFO : EventManager : Event: ======'mode_game_stopping'====== Args={}
2025-11-05 22:51:29,482 : INFO : EventManager : Event: ======'mode_bumpers_will_stop'====== Args={}
2025-11-05 22:51:29,482 : INFO : EventManager : Event: ======'mode_bumpers_stopping'====== Args={}
2025-11-05 22:51:29,483 : INFO : EventManager : Event: ======'mode_base_will_stop'====== Args={}
2025-11-05 22:51:29,483 : INFO : EventManager : Event: ======'mode_base_stopping'====== Args={}
2025-11-05 22:51:29,483 : INFO : EventManager : Event: ======'mode_csi_lanes_will_stop'====== Args={}
2025-11-05 22:51:29,483 : INFO : EventManager : Event: ======'mode_csi_lanes_stopping'====== Args={}
2025-11-05 22:51:29,483 : INFO : EventManager : Event: ======'stop_mode_bumpers'====== Args={'priority': 0}
2025-11-05 22:51:29,483 : INFO : EventManager : Event: ======'stop_mode_csi_lanes'====== Args={'priority': 0}
2025-11-05 22:51:29,483 : INFO : Mode.csi_lanes : Stopped.
2025-11-05 22:51:29,484 : INFO : EventManager : Event: ======'modes_active_modes_changed'====== Args={}
2025-11-05 22:51:29,484 : INFO : EventManager : Event: ======'mode_csi_lanes_stopped'====== Args={}
2025-11-05 22:51:29,484 : INFO : EventManager : Event: ======'clear'====== Args={'key': 'csi_lanes'}
2025-11-05 22:51:29,484 : INFO : Timer.csi_lanes_timer : Stopping Timer
2025-11-05 22:51:29,484 : INFO : EventManager : Event: ======'timer_csi_lanes_timer_stopped'====== Args={'ticks': 1, 'ticks_remaining': 1}
2025-11-05 22:51:29,485 : INFO : Mode.base : Stopped.
2025-11-05 22:51:29,485 : INFO : EventManager : Event: ======'modes_active_modes_changed'====== Args={}
2025-11-05 22:51:29,485 : INFO : EventManager : Event: ======'mode_base_stopped'====== Args={}
2025-11-05 22:51:29,485 : INFO : EventManager : Event: ======'clear'====== Args={'key': 'base'}
2025-11-05 22:51:29,485 : INFO : Timer.player_added_timer : Stopping Timer
2025-11-05 22:51:29,485 : INFO : EventManager : Event: ======'timer_player_added_timer_stopped'====== Args={'ticks': 1, 'ticks_remaining': 1}
2025-11-05 22:51:29,485 : INFO : Mode.bumpers : Stopped.
2025-11-05 22:51:29,485 : INFO : EventManager : Event: ======'modes_active_modes_changed'====== Args={}
2025-11-05 22:51:29,485 : INFO : EventManager : Event: ======'mode_bumpers_stopped'====== Args={}
2025-11-05 22:51:29,485 : INFO : EventManager : Event: ======'clear'====== Args={'key': 'bumpers'}
2025-11-05 22:51:29,486 : INFO : Mode.game : Stopped.
2025-11-05 22:51:29,486 : INFO : EventManager : Event: ======'modes_active_modes_changed'====== Args={}
2025-11-05 22:51:29,486 : INFO : EventManager : Event: ======'mode_game_stopped'====== Args={}
2025-11-05 22:51:29,486 : INFO : EventManager : Event: ======'clear'====== Args={'key': 'game'}
2025-11-05 22:51:29,493 : INFO : root : MPF run loop ended.
