2025-11-03 23:05:51,899 : INFO : root : Loading config.
2025-11-03 23:05:51,900 : INFO : YamlMultifileConfigLoader : Machine config file #1: config.yaml
2025-11-03 23:05:51,900 : INFO : ConfigProcessor : Loading config from cache: /var/folders/m3/0d4y64_n3fn8tnkv3ydlhztw0000gn/T/5ca32a6c950d03116abbed96ca44d372.mpf_cache
2025-11-03 23:05:51,912 : INFO : ConfigProcessor : Loading config from cache: /var/folders/m3/0d4y64_n3fn8tnkv3ydlhztw0000gn/T/01c495fa7450a81b4be96cb699872531.mpf_cache
2025-11-03 23:05:51,912 : INFO : ConfigProcessor : Loading config from cache: /var/folders/m3/0d4y64_n3fn8tnkv3ydlhztw0000gn/T/bfde29b5bb803376b0637bb8f0da27a7.mpf_cache
2025-11-03 23:05:51,912 : INFO : ConfigProcessor : Loading config from cache: /var/folders/m3/0d4y64_n3fn8tnkv3ydlhztw0000gn/T/01c495fa7450a81b4be96cb699872531.mpf_cache
2025-11-03 23:05:51,912 : WARNING : ConfigProcessor : Config file in cache changed: /Users/didiergilbin/Desktop/Homebrew_CSI/modes/base/config/base.yaml
2025-11-03 23:05:51,912 : INFO : ConfigProcessor : Loading config from file /Users/didiergilbin/Desktop/Homebrew_CSI/modes/base/config/base.yaml.
2025-11-03 23:05:51,914 : INFO : ConfigProcessor : Loading config: /Users/didiergilbin/Desktop/Homebrew_CSI/modes/base/config/base.yaml
2025-11-03 23:05:51,914 : INFO : ConfigProcessor : Config file cache created: /var/folders/m3/0d4y64_n3fn8tnkv3ydlhztw0000gn/T/3ae89e09515ff8d8b11d68f672b2cc51.mpf_cache
2025-11-03 23:05:51,914 : INFO : ConfigProcessor : Loading config from cache: /var/folders/m3/0d4y64_n3fn8tnkv3ydlhztw0000gn/T/4c420229fa75118c2461cfc9ff5a44e2.mpf_cache
2025-11-03 23:05:51,914 : INFO : Machine : Mission Pinball Framework Core Engine v0.80.0.dev10
2025-11-03 23:05:51,914 : INFO : Machine : Command line arguments: {'no_load_cache': False, 'create_config_cache': True, 'bcp': True, 'configfile': ['config.yaml'], 'force_assets_load': False, 'platform_integration_test': False, 'jsonlogging': False, 'logfile': 'logs/2025-11-03-23-05-51-mpf-mac.home.log', 'pause': False, 'production': False, 'text_ui': False, 'loglevel': 15, 'consoleloglevel': 20, 'force_platform': 'smart_virtual', 'syslog_address': None, 'full_logfile_path': '/Users/didiergilbin/Desktop/Homebrew_CSI/logs/2025-11-03-23-05-51-mpf-mac.home.log'}
2025-11-03 23:05:51,914 : INFO : Machine : MPF path: /Users/didiergilbin/mpfenv/lib/python3.13/site-packages/mpf
2025-11-03 23:05:51,914 : INFO : Machine : Machine path: /Users/didiergilbin/Desktop/Homebrew_CSI
2025-11-03 23:05:51,914 : INFO : Machine : Platform: darwin
2025-11-03 23:05:51,914 : INFO : Machine : Python executable location: /Users/didiergilbin/mpfenv/bin/python3.13
2025-11-03 23:05:51,914 : INFO : Machine : Python version: 3.13.7 (64-bit)
2025-11-03 23:05:51,914 : INFO : Machine : Initializing MPF...
2025-11-03 23:05:51,927 : INFO : EventManager : Event: ======'machine_var_credits_string'====== Args={'value': 'FREE PLAY', 'prev_value': None, 'change': True}
2025-11-03 23:05:51,930 : INFO : EventManager : Event: ======'machine_var_master_volume'====== Args={'value': 0.5, 'prev_value': None, 'change': True}
2025-11-03 23:05:51,930 : INFO : EventManager : Event: ======'machine_var_player1_score'====== Args={'value': 0, 'prev_value': None, 'change': True}
2025-11-03 23:05:51,930 : INFO : EventManager : Event: ======'machine_var_mpf_version'====== Args={'value': 'Mission Pinball Framework v0.80.0.dev10', 'prev_value': None, 'change': True}
2025-11-03 23:05:51,930 : INFO : EventManager : Event: ======'machine_var_mpf_extended_version'====== Args={'value': 'Mission Pinball Framework v0.80.0.dev10, Config version:6, Show version: 6, BCP version:1.1', 'prev_value': None, 'change': True}
2025-11-03 23:05:51,930 : INFO : EventManager : Event: ======'machine_var_python_version'====== Args={'value': '3.13.7', 'prev_value': None, 'change': True}
2025-11-03 23:05:51,935 : INFO : EventManager : Event: ======'machine_var_platform'====== Args={'value': 'macOS-15.6.1-arm64-arm-64bit-Mach-O', 'prev_value': None, 'change': True}
2025-11-03 23:05:51,935 : INFO : EventManager : Event: ======'machine_var_platform_system'====== Args={'value': 'Darwin', 'prev_value': None, 'change': True}
2025-11-03 23:05:51,935 : INFO : EventManager : Event: ======'machine_var_platform_release'====== Args={'value': '24.6.0', 'prev_value': None, 'change': True}
2025-11-03 23:05:51,935 : INFO : EventManager : Event: ======'machine_var_platform_version'====== Args={'value': 'Darwin Kernel Version 24.6.0: Mon Jul 14 11:30:40 PDT 2025; root:xnu-11417.140.69~1/RELEASE_ARM64_T8132', 'prev_value': None, 'change': True}
2025-11-03 23:05:51,935 : INFO : EventManager : Event: ======'machine_var_platform_machine'====== Args={'value': 'arm64', 'prev_value': None, 'change': True}
2025-11-03 23:05:51,935 : INFO : EventManager : Event: ======'machine_var_log_file_path'====== Args={'value': '/Users/didiergilbin/Desktop/Homebrew_CSI/logs/2025-11-03-23-05-51-mpf-mac.home.log', 'prev_value': None, 'change': True}
2025-11-03 23:05:51,936 : INFO : EventManager : Event: ======'init_phase_1'====== Args={}
2025-11-03 23:05:51,940 : INFO : EventManager : Event: ======'init_phase_2'====== Args={}
2025-11-03 23:05:51,940 : INFO : SwitchController : Found active switch: ('2', <Platform.SmartVirtual>) <switch.s_trough1>
2025-11-03 23:05:51,940 : INFO : SwitchController : Found active switch: ('3', <Platform.SmartVirtual>) <switch.s_trough2>
2025-11-03 23:05:51,940 : INFO : SwitchController : Found active switch: ('4', <Platform.SmartVirtual>) <switch.s_trough3>
2025-11-03 23:05:51,940 : INFO : SwitchController : Found active switch: ('5', <Platform.SmartVirtual>) <switch.s_trough4>
2025-11-03 23:05:51,941 : INFO : EventManager : Event: ======'bcp_connection_attempt'====== Args={'name': 'local_display', 'host': 'localhost', 'port': 5050}
2025-11-03 23:05:51,942 : INFO : BCPClientSocket : Connecting BCP to 'local_display' at localhost:5050...
2025-11-03 23:05:51,944 : INFO : BCPClientSocket : Connected BCP to 'local_display' localhost:5050
2025-11-03 23:05:51,944 : INFO : EventManager : Event: ======'bcp_clients_connected'====== Args={}
2025-11-03 23:05:51,944 : INFO : ball_device.bd_drain : BCH: Initial count: 0
2025-11-03 23:05:51,944 : INFO : ball_device.bd_drain : State: idle
2025-11-03 23:05:51,944 : INFO : ball_device.bd_trough : BCH: Initial count: 4
2025-11-03 23:05:51,944 : INFO : ball_device.bd_trough : State: idle
2025-11-03 23:05:51,945 : INFO : ball_device.bd_plunger : BCH: Initial count: 0
2025-11-03 23:05:51,945 : INFO : ball_device.bd_plunger : State: idle
2025-11-03 23:05:51,947 : INFO : EventManager : Event: ======'init_phase_3'====== Args={}
2025-11-03 23:05:51,948 : INFO : EventManager : Event: ======'init_phase_4'====== Args={}
2025-11-03 23:05:51,948 : INFO : BallController : Initial balls found: 4
2025-11-03 23:05:51,948 : INFO : EventManager : Event: ======'machine_var_audits_events_game_ended'====== Args={'value': 50, 'prev_value': None, 'change': True}
2025-11-03 23:05:51,948 : INFO : EventManager : Event: ======'machine_var_audits_events_game_started'====== Args={'value': 300, 'prev_value': None, 'change': True}
2025-11-03 23:05:51,948 : INFO : EventManager : Event: ======'machine_var_audits_missing_switches_s_drain'====== Args={'value': 2, 'prev_value': None, 'change': True}
2025-11-03 23:05:51,948 : INFO : EventManager : Event: ======'machine_var_audits_missing_switches_s_launch_button'====== Args={'value': 300, 'prev_value': None, 'change': True}
2025-11-03 23:05:51,948 : INFO : EventManager : Event: ======'machine_var_audits_missing_switches_s_left_flipper'====== Args={'value': 4, 'prev_value': None, 'change': True}
2025-11-03 23:05:51,948 : INFO : EventManager : Event: ======'machine_var_audits_missing_switches_s_plunger_lane'====== Args={'value': 2, 'prev_value': None, 'change': True}
2025-11-03 23:05:51,948 : INFO : EventManager : Event: ======'machine_var_audits_missing_switches_s_popbumper1'====== Args={'value': 2, 'prev_value': None, 'change': True}
2025-11-03 23:05:51,948 : INFO : EventManager : Event: ======'machine_var_audits_missing_switches_s_popbumper2'====== Args={'value': 2, 'prev_value': None, 'change': True}
2025-11-03 23:05:51,948 : INFO : EventManager : Event: ======'machine_var_audits_missing_switches_s_popbumper3'====== Args={'value': 2, 'prev_value': None, 'change': True}
2025-11-03 23:05:51,948 : INFO : EventManager : Event: ======'machine_var_audits_missing_switches_s_right_flipper'====== Args={'value': 4, 'prev_value': None, 'change': True}
2025-11-03 23:05:51,948 : INFO : EventManager : Event: ======'machine_var_audits_missing_switches_s_scoop'====== Args={'value': 2, 'prev_value': None, 'change': True}
2025-11-03 23:05:51,948 : INFO : EventManager : Event: ======'machine_var_audits_missing_switches_s_sling_left'====== Args={'value': 300, 'prev_value': None, 'change': True}
2025-11-03 23:05:51,948 : INFO : EventManager : Event: ======'machine_var_audits_missing_switches_s_sling_right'====== Args={'value': 300, 'prev_value': None, 'change': True}
2025-11-03 23:05:51,948 : INFO : EventManager : Event: ======'machine_var_audits_missing_switches_s_start'====== Args={'value': 3, 'prev_value': None, 'change': True}
2025-11-03 23:05:51,948 : INFO : EventManager : Event: ======'machine_var_audits_missing_switches_s_trough1'====== Args={'value': 2, 'prev_value': None, 'change': True}
2025-11-03 23:05:51,948 : INFO : EventManager : Event: ======'machine_var_audits_missing_switches_s_trough2'====== Args={'value': 4, 'prev_value': None, 'change': True}
2025-11-03 23:05:51,948 : INFO : EventManager : Event: ======'machine_var_audits_missing_switches_s_trough3'====== Args={'value': 78, 'prev_value': None, 'change': True}
2025-11-03 23:05:51,948 : INFO : EventManager : Event: ======'machine_var_audits_missing_switches_s_trough4'====== Args={'value': 78, 'prev_value': None, 'change': True}
2025-11-03 23:05:51,948 : INFO : EventManager : Event: ======'machine_var_audits_missing_switches_s_trough_jam'====== Args={'value': 14, 'prev_value': None, 'change': True}
2025-11-03 23:05:51,948 : INFO : EventManager : Event: ======'machine_var_audits_player_score'====== Args={'value': {'average': 223095, 'top': [10210000, 1550000, 1070000, 1070000, 810000, 710000, 640000, 570000, 530000, 480000], 'total': 109}, 'prev_value': None, 'change': True}
2025-11-03 23:05:51,948 : INFO : EventManager : Event: ======'machine_var_audits_shots_bumper1'====== Args={'value': 3286, 'prev_value': None, 'change': True}
2025-11-03 23:05:51,948 : INFO : EventManager : Event: ======'machine_var_audits_shots_bumper2'====== Args={'value': 3236, 'prev_value': None, 'change': True}
2025-11-03 23:05:51,948 : INFO : EventManager : Event: ======'machine_var_audits_shots_bumper3'====== Args={'value': 2961, 'prev_value': None, 'change': True}
2025-11-03 23:05:51,948 : INFO : EventManager : Event: ======'machine_var_audits_switches_s_drain'====== Args={'value': 498, 'prev_value': None, 'change': True}
2025-11-03 23:05:51,948 : INFO : EventManager : Event: ======'machine_var_audits_switches_s_launch_button'====== Args={'value': 0, 'prev_value': None, 'change': True}
2025-11-03 23:05:51,948 : INFO : EventManager : Event: ======'machine_var_audits_switches_s_left_flipper'====== Args={'value': 45, 'prev_value': None, 'change': True}
2025-11-03 23:05:51,948 : INFO : EventManager : Event: ======'machine_var_audits_switches_s_plunger_lane'====== Args={'value': 652, 'prev_value': None, 'change': True}
2025-11-03 23:05:51,948 : INFO : EventManager : Event: ======'machine_var_audits_switches_s_popbumper1'====== Args={'value': 3330, 'prev_value': None, 'change': True}
2025-11-03 23:05:51,948 : INFO : EventManager : Event: ======'machine_var_audits_switches_s_popbumper2'====== Args={'value': 3277, 'prev_value': None, 'change': True}
2025-11-03 23:05:51,948 : INFO : EventManager : Event: ======'machine_var_audits_switches_s_popbumper3'====== Args={'value': 3003, 'prev_value': None, 'change': True}
2025-11-03 23:05:51,948 : INFO : EventManager : Event: ======'machine_var_audits_switches_s_right_flipper'====== Args={'value': 77, 'prev_value': None, 'change': True}
2025-11-03 23:05:51,948 : INFO : EventManager : Event: ======'machine_var_audits_switches_s_scoop'====== Args={'value': 92, 'prev_value': None, 'change': True}
2025-11-03 23:05:51,949 : INFO : EventManager : Event: ======'machine_var_audits_switches_s_sling_left'====== Args={'value': 0, 'prev_value': None, 'change': True}
2025-11-03 23:05:51,949 : INFO : EventManager : Event: ======'machine_var_audits_switches_s_sling_right'====== Args={'value': 0, 'prev_value': None, 'change': True}
2025-11-03 23:05:51,949 : INFO : EventManager : Event: ======'machine_var_audits_switches_s_start'====== Args={'value': 611, 'prev_value': None, 'change': True}
2025-11-03 23:05:51,949 : INFO : EventManager : Event: ======'machine_var_audits_switches_s_trough1'====== Args={'value': 350, 'prev_value': None, 'change': True}
2025-11-03 23:05:51,949 : INFO : EventManager : Event: ======'machine_var_audits_switches_s_trough2'====== Args={'value': 14, 'prev_value': None, 'change': True}
2025-11-03 23:05:51,949 : INFO : EventManager : Event: ======'machine_var_audits_switches_s_trough3'====== Args={'value': 1, 'prev_value': None, 'change': True}
2025-11-03 23:05:51,949 : INFO : EventManager : Event: ======'machine_var_audits_switches_s_trough4'====== Args={'value': 1, 'prev_value': None, 'change': True}
2025-11-03 23:05:51,949 : INFO : EventManager : Event: ======'machine_var_audits_switches_s_trough_jam'====== Args={'value': 8, 'prev_value': None, 'change': True}
2025-11-03 23:05:51,949 : INFO : EventManager : Event: ======'init_phase_5'====== Args={}
2025-11-03 23:05:51,949 : INFO : EventManager : Event: ======'init_done'====== Args={}
2025-11-03 23:05:51,949 : INFO : EventManager : Event: ======'machine_reset_phase_1'====== Args={}
2025-11-03 23:05:51,958 : INFO : EventManager : Event: ======'machine_reset_phase_2'====== Args={}
2025-11-03 23:05:51,958 : INFO : EventManager : Event: ======'machine_reset_phase_3'====== Args={}
2025-11-03 23:05:51,959 : INFO : EventManager : Event: ======'reset_complete'====== Args={}
2025-11-03 23:05:51,959 : INFO : EventManager : Event: ======'mode_attract_will_start'====== Args={}
2025-11-03 23:05:51,959 : INFO : Timer.attract_carousel_timer : Starting Timer.
2025-11-03 23:05:51,959 : INFO : EventManager : Event: ======'timer_attract_carousel_timer_started'====== Args={'ticks': 0, 'ticks_remaining': 1}
2025-11-03 23:05:51,959 : INFO : EventManager : Event: ======'timer_attract_carousel_timer_tick'====== Args={'ticks': 0, 'ticks_remaining': 1}
2025-11-03 23:05:51,960 : INFO : EventManager : Event: ======'mode_attract_starting'====== Args={}
2025-11-03 23:05:51,960 : INFO : Mode.attract : Started. Priority: 10
2025-11-03 23:05:51,960 : INFO : EventManager : Event: ======'modes_active_modes_changed'====== Args={}
2025-11-03 23:05:51,960 : INFO : EventManager : Event: ======'mode_attract_started'====== Args={}
2025-11-03 23:05:51,960 : INFO : EventManager : Event: ======'collecting_balls_complete'====== Args={}
2025-11-03 23:05:51,960 : INFO : EventManager : Event: ======'carousel_item_highlighted'====== Args={'carousel': 'attract', 'direction': None, 'item': 'title'}
2025-11-03 23:05:51,960 : INFO : Machine : Starting the main run loop with active modes: [<Mode.attract>]
2025-11-03 23:05:52,333 : INFO : EventManager : Event: ======'slide_attract_created'====== Args={'_from_bcp': True}
2025-11-03 23:05:52,333 : INFO : EventManager : Event: ======'slide__removed'====== Args={'_from_bcp': True}
2025-11-03 23:05:52,333 : INFO : EventManager : Event: ======'slide_attract_active'====== Args={'original_context': 'attract', 'original_calling_context': 'mode_attract_started', 'priority': 10.0, 'cmd': 'slides_play', '_from_bcp': True}
2025-11-03 23:05:54,758 : INFO : SwitchController : <<<<<<< 's_start' active >>>>>>>
2025-11-03 23:05:54,825 : INFO : SwitchController : <<<<<<< 's_start' inactive >>>>>>>
2025-11-03 23:05:54,825 : INFO : EventManager : Event: ======'request_to_start_game'====== Args={}
2025-11-03 23:05:54,826 : INFO : EventManager : Event: ======'game_start'====== Args={'buttons': [], 'hold_time': 0.06696633296087384}
2025-11-03 23:05:54,826 : INFO : EventManager : Event: ======'mode_game_will_start'====== Args={'buttons': [], 'hold_time': 0.06696633296087384}
2025-11-03 23:05:54,827 : INFO : EventManager : Event: ======'mode_game_starting'====== Args={'buttons': [], 'hold_time': 0.06696633296087384}
2025-11-03 23:05:54,828 : INFO : EventManager : Event: ======'mode_attract_will_stop'====== Args={}
2025-11-03 23:05:54,828 : INFO : EventManager : Event: ======'mode_attract_stopping'====== Args={}
2025-11-03 23:05:54,828 : INFO : Mode.attract : Stopped.
2025-11-03 23:05:54,828 : INFO : EventManager : Event: ======'modes_active_modes_changed'====== Args={}
2025-11-03 23:05:54,829 : INFO : EventManager : Event: ======'mode_attract_stopped'====== Args={}
2025-11-03 23:05:54,829 : INFO : EventManager : Event: ======'clear'====== Args={'key': 'attract'}
2025-11-03 23:05:54,829 : INFO : Timer.attract_carousel_timer : Stopping Timer
2025-11-03 23:05:54,829 : INFO : EventManager : Event: ======'timer_attract_carousel_timer_stopped'====== Args={'ticks': 0, 'ticks_remaining': 1}
2025-11-03 23:05:54,829 : INFO : Mode.game : Started. Priority: 20
2025-11-03 23:05:54,829 : INFO : EventManager : Event: ======'modes_active_modes_changed'====== Args={}
2025-11-03 23:05:54,829 : INFO : EventManager : Event: ======'mode_game_started'====== Args={'buttons': [], 'hold_time': 0.06696633296087384}
2025-11-03 23:05:54,830 : INFO : EventManager : Event: ======'game_will_start'====== Args={}
2025-11-03 23:05:54,830 : INFO : EventManager : Event: ======'game_starting'====== Args={'game': <Mode.game>}
2025-11-03 23:05:54,831 : INFO : EventManager : Unordered handler for class <Auditor> on event game_ended with priority 1. Handlers: [RegisteredHandler(callback=<bound method Auditor.disable of <Auditor>>, priority=1, kwargs={}, key=UUID('07b63485-856f-447d-82a1-6142ffd8bc72'), condition=None, blocking_facility=None), RegisteredHandler(callback=<bound method Auditor._save_audits of <Auditor>>, priority=1, kwargs={}, key=UUID('753ae7f0-f59c-4f10-8397-60b25407848f'), condition=None, blocking_facility=None)]. The order of those handlers is not defined and they will be executed in random order. This might lead to race conditions and potential bugs.
2025-11-03 23:05:54,831 : INFO : EventManager : Event: ======'player_add_request'====== Args={}
2025-11-03 23:05:54,831 : INFO : EventManager : Event: ======'player_will_add'====== Args={'number': 1}
2025-11-03 23:05:54,831 : INFO : EventManager : Event: ======'player_adding'====== Args={'player': <Player 1>, 'number': 1}
2025-11-03 23:05:54,831 : INFO : EventManager : Event: ======'player_added'====== Args={'player': <Player 1>, 'num': 1}
2025-11-03 23:05:54,831 : INFO : Mode.game : Player added successfully. Total players: 1
2025-11-03 23:05:54,832 : INFO : EventManager : Event: ======'player_index'====== Args={'value': 0, 'prev_value': 0, 'change': 0, 'player_num': 1}
2025-11-03 23:05:54,832 : INFO : EventManager : Event: ======'player_number'====== Args={'value': 1, 'prev_value': 1, 'change': 0, 'player_num': 1}
2025-11-03 23:05:54,833 : INFO : EventManager : Event: ======'player_score'====== Args={'value': 0, 'prev_value': 0, 'change': 0, 'player_num': 1}
2025-11-03 23:05:54,833 : INFO : EventManager : Event: ======'game_started'====== Args={}
2025-11-03 23:05:54,833 : INFO : EventManager : Event: ======'player_turn_will_start'====== Args={'player': <Player 1>, 'number': 1}
2025-11-03 23:05:54,834 : INFO : EventManager : Event: ======'player_turn_starting'====== Args={'player': <Player 1>, 'number': 1}
2025-11-03 23:05:54,834 : INFO : EventManager : Event: ======'player_ball'====== Args={'value': 1, 'prev_value': 0, 'change': 1, 'player_num': 1}
2025-11-03 23:05:54,839 : INFO : EventManager : Event: ======'player_turn_started'====== Args={'player': <Player 1>, 'number': 1}
2025-11-03 23:05:54,840 : INFO : EventManager : Event: ======'ball_will_start'====== Args={'player': 1, 'ball': 1, 'balls_remaining': 2, 'is_extra_ball': False}
2025-11-03 23:05:54,840 : INFO : EventManager : Event: ======'ball_starting'====== Args={'player': 1, 'ball': 1, 'balls_remaining': 2, 'is_extra_ball': False}
2025-11-03 23:05:54,840 : INFO : EventManager : Event: ======'mode_base_will_start'====== Args={'queue': <QueuedEvent>, 'player': 1, 'ball': 1, 'balls_remaining': 2, 'is_extra_ball': False}
2025-11-03 23:05:54,840 : INFO : EventManager : Event: ======'player_base_player_added_timer_tick'====== Args={'value': 0, 'prev_value': 0, 'change': 0, 'player_num': 1}
2025-11-03 23:05:54,841 : INFO : Timer.player_added_timer : Starting Timer.
2025-11-03 23:05:54,841 : INFO : EventManager : Event: ======'timer_player_added_timer_started'====== Args={'ticks': 0, 'ticks_remaining': 1}
2025-11-03 23:05:54,841 : INFO : EventManager : Event: ======'timer_player_added_timer_tick'====== Args={'ticks': 0, 'ticks_remaining': 1}
2025-11-03 23:05:54,842 : INFO : EventManager : Event: ======'mode_base_starting'====== Args={'queue': <QueuedEvent>, 'player': 1, 'ball': 1, 'balls_remaining': 2, 'is_extra_ball': False}
2025-11-03 23:05:54,842 : INFO : Mode.base : Started. Priority: 100
2025-11-03 23:05:54,842 : INFO : EventManager : Event: ======'modes_active_modes_changed'====== Args={}
2025-11-03 23:05:54,842 : INFO : EventManager : Event: ======'mode_base_started'====== Args={'queue': <QueuedEvent>, 'player': 1, 'ball': 1, 'balls_remaining': 2, 'is_extra_ball': False}
2025-11-03 23:05:54,842 : INFO : EventManager : Event: ======'start_mode_bumpers'====== Args={'priority': 0}
2025-11-03 23:05:54,843 : INFO : EventManager : Event: ======'mode_bumpers_will_start'====== Args={'priority': 0}
2025-11-03 23:05:54,843 : INFO : EventManager : Event: ======'player_shot_bumper1_enabled'====== Args={'value': True, 'prev_value': 0, 'change': 1, 'player_num': 1}
2025-11-03 23:05:54,843 : INFO : EventManager : Event: ======'player_shot_bumper2_enabled'====== Args={'value': True, 'prev_value': 0, 'change': 1, 'player_num': 1}
2025-11-03 23:05:54,844 : INFO : EventManager : Event: ======'player_shot_bumper3_enabled'====== Args={'value': True, 'prev_value': 0, 'change': 1, 'player_num': 1}
2025-11-03 23:05:54,844 : INFO : EventManager : Event: ======'bumpers_complete'====== Args={'state': 'unlit'}
2025-11-03 23:05:54,844 : INFO : EventManager : Event: ======'bumpers_unlit_complete'====== Args={}
2025-11-03 23:05:54,844 : INFO : EventManager : Event: ======'mode_bumpers_starting'====== Args={'priority': 0}
2025-11-03 23:05:54,845 : INFO : Mode.bumpers : Started. Priority: 200
2025-11-03 23:05:54,845 : INFO : EventManager : Event: ======'modes_active_modes_changed'====== Args={}
2025-11-03 23:05:54,845 : INFO : EventManager : Event: ======'mode_bumpers_started'====== Args={'priority': 0}
2025-11-03 23:05:54,845 : INFO : EventManager : Event: ======'balls_in_play'====== Args={'balls': 1}
2025-11-03 23:05:54,845 : INFO : EventManager : Event: ======'ball_started'====== Args={'player': 1, 'ball': 1, 'balls_remaining': 2, 'is_extra_ball': False}
2025-11-03 23:05:54,846 : INFO : EventManager : Event: ======'single_player_ball_started'====== Args={}
2025-11-03 23:05:54,846 : INFO : EventManager : Event: ======'ball_start_target'====== Args={'target': 'playfield'}
2025-11-03 23:05:54,846 : INFO : ball_device.bd_trough : Setting up player-controlled eject. Balls: 1, Target: <playfield.playfield>, player_controlled_eject_event: None
2025-11-03 23:05:54,846 : INFO : ball_device.bd_trough : Adding 1 ball(s) to the eject_queue with target <playfield.playfield>.
2025-11-03 23:05:54,846 : INFO : EventManager : Event: ======'balldevice_balls_available'====== Args={}
2025-11-03 23:05:54,847 : INFO : ball_device.bd_trough : State: waiting_for_target_ready
2025-11-03 23:05:54,847 : INFO : EventManager : Event: ======'balldevice_bd_trough_ball_eject_attempt'====== Args={'balls': 1, 'target': <ball_device.bd_plunger>, 'source': <ball_device.bd_trough>, 'mechanical_eject': False, 'num_attempts': 0}
2025-11-03 23:05:54,847 : INFO : ball_device.bd_plunger : State: waiting_for_ball
2025-11-03 23:05:54,847 : INFO : ball_device.bd_trough : State: ejecting
2025-11-03 23:05:54,847 : INFO : ball_device.bd_trough : Ejecting ball to <ball_device.bd_plunger>
2025-11-03 23:05:54,847 : INFO : EventManager : Event: ======'balldevice_bd_trough_ejecting_ball'====== Args={'balls': 1, 'target': <ball_device.bd_plunger>, 'source': <ball_device.bd_trough>, 'mechanical_eject': False, 'num_attempts': 0}
2025-11-03 23:05:54,848 : INFO : ball_device.bd_trough : Wait for ball to leave device
2025-11-03 23:05:54,848 : INFO : coil.c_trough_eject : Pulsing Driver for 20ms (1.0 pulse_power)
2025-11-03 23:05:54,848 : INFO : SwitchController : <<<<<<< 's_trough1' inactive >>>>>>>
2025-11-03 23:05:54,849 : INFO : ball_device.bd_trough : State: ball_left
2025-11-03 23:05:54,849 : INFO : ball_device.bd_trough : Ball left
2025-11-03 23:05:54,849 : INFO : ball_device.bd_trough : Wait for confirm with timeout 3.0
2025-11-03 23:05:54,949 : INFO : SwitchController : <<<<<<< 's_plunger_lane' active >>>>>>>
2025-11-03 23:05:54,950 : INFO : EventManager : Event: ======'machine_var_audits_switches_s_plunger_lane'====== Args={'value': 653, 'prev_value': 652, 'change': 1}
2025-11-03 23:05:55,024 : INFO : EventManager : Event: ======'slide_base_slide_created'====== Args={'_from_bcp': True}
2025-11-03 23:05:55,025 : INFO : EventManager : Event: ======'slide_attract_inactive'====== Args={'is_removing': True, '_from_bcp': True}
2025-11-03 23:05:55,025 : INFO : EventManager : Event: ======'slide_base_slide_active'====== Args={'original_context': 'base', 'original_calling_context': 'mode_base_started', 'priority': 100.0, 'queue': '<QueuedEvent>', 'player': 1.0, 'ball': 1.0, 'balls_remaining': 2.0, 'is_extra_ball': False, 'cmd': 'slides_play', '_from_bcp': True}
2025-11-03 23:05:55,025 : INFO : EventManager : Event: ======'slide_attract_removed'====== Args={'_from_bcp': True}
2025-11-03 23:05:55,451 : INFO : ball_device.bd_plunger : Received ball from <ball_device.bd_trough>
2025-11-03 23:05:55,451 : INFO : EventManager : Event: ======'balldevice_bd_plunger_ball_enter'====== Args={'new_balls': 1, 'unclaimed_balls': 0, 'new_available_balls': 0, 'device': <ball_device.bd_plunger>}
2025-11-03 23:05:55,452 : INFO : EventManager : Event: ======'balldevice_bd_plunger_ball_entered'====== Args={'new_balls': 0, 'device': <ball_device.bd_plunger>}
2025-11-03 23:05:55,452 : INFO : EventManager : Event: ======'balldevice_bd_plunger_ball_count_changed'====== Args={'balls': 1}
2025-11-03 23:05:55,452 : INFO : ball_device.bd_trough : Got eject confirm
2025-11-03 23:05:55,452 : INFO : ball_device.bd_trough : Eject successful
2025-11-03 23:05:55,452 : INFO : EventManager : Event: ======'balldevice_bd_trough_ball_eject_success'====== Args={'balls': 1, 'target': <ball_device.bd_plunger>}
2025-11-03 23:05:55,453 : INFO : ball_device.bd_plunger : State: waiting_for_target_ready
2025-11-03 23:05:55,453 : INFO : EventManager : Event: ======'balldevice_bd_plunger_ball_eject_attempt'====== Args={'balls': 1, 'target': <playfield.playfield>, 'source': <ball_device.bd_plunger>, 'mechanical_eject': False, 'num_attempts': 0}
2025-11-03 23:05:55,453 : INFO : EventManager : Event: ======'balldevice_bd_trough_ball_count_changed'====== Args={'balls': 3}
2025-11-03 23:05:55,454 : INFO : ball_device.bd_trough : State: idle
2025-11-03 23:05:55,454 : INFO : ball_device.bd_plunger : State: ejecting
2025-11-03 23:05:55,454 : INFO : ball_device.bd_plunger : Ejecting ball to <playfield.playfield>
2025-11-03 23:05:55,454 : INFO : EventManager : Event: ======'balldevice_bd_plunger_ejecting_ball'====== Args={'balls': 1, 'target': <playfield.playfield>, 'source': <ball_device.bd_plunger>, 'mechanical_eject': False, 'num_attempts': 0}
2025-11-03 23:05:55,455 : INFO : ball_device.bd_plunger : Wait for ball to leave device
2025-11-03 23:05:55,456 : INFO : coil.c_plunger : Pulsing Driver for 20ms (1.0 pulse_power)
2025-11-03 23:05:55,456 : INFO : SwitchController : <<<<<<< 's_plunger_lane' inactive >>>>>>>
2025-11-03 23:05:55,457 : INFO : ball_device.bd_plunger : State: ball_left
2025-11-03 23:05:55,457 : INFO : ball_device.bd_plunger : Ball left
2025-11-03 23:05:55,457 : INFO : ball_device.bd_plunger : Wait for confirm with timeout 3.0
2025-11-03 23:05:55,542 : INFO : EventManager : Event: ======'player_base_player_added_timer_tick'====== Args={'value': 1, 'prev_value': 0, 'change': 1, 'player_num': 1}
2025-11-03 23:05:55,543 : INFO : Timer.player_added_timer : Timer Complete
2025-11-03 23:05:55,543 : INFO : Timer.player_added_timer : Stopping Timer
2025-11-03 23:05:55,543 : INFO : EventManager : Event: ======'timer_player_added_timer_stopped'====== Args={'ticks': 1, 'ticks_remaining': 1}
2025-11-03 23:05:55,543 : INFO : EventManager : Event: ======'timer_player_added_timer_complete'====== Args={'ticks': 1, 'ticks_remaining': 1}
2025-11-03 23:05:57,691 : INFO : SwitchController : <<<<<<< 's_start' active >>>>>>>
2025-11-03 23:05:57,691 : INFO : EventManager : Event: ======'sw_start'====== Args={}
2025-11-03 23:05:57,691 : INFO : EventManager : Event: ======'machine_var_audits_switches_s_start'====== Args={'value': 612, 'prev_value': 611, 'change': 1}
2025-11-03 23:05:57,692 : INFO : EventManager : Event: ======'player_add_request'====== Args={}
2025-11-03 23:05:57,692 : INFO : EventManager : Event: ======'player_will_add'====== Args={'number': 2}
2025-11-03 23:05:57,693 : INFO : EventManager : Event: ======'player_adding'====== Args={'player': <Player 2>, 'number': 2}
2025-11-03 23:05:57,693 : INFO : EventManager : Event: ======'player_added'====== Args={'player': <Player 2>, 'num': 2}
2025-11-03 23:05:57,693 : INFO : Mode.game : Player added successfully. Total players: 2
2025-11-03 23:05:57,693 : INFO : EventManager : Event: ======'multiplayer_game'====== Args={}
2025-11-03 23:05:57,694 : INFO : EventManager : Event: ======'player_base_player_added_timer_tick'====== Args={'value': 0, 'prev_value': 1, 'change': -1, 'player_num': 1}
2025-11-03 23:05:57,701 : INFO : Timer.player_added_timer : Starting Timer.
2025-11-03 23:05:57,701 : INFO : EventManager : Event: ======'timer_player_added_timer_started'====== Args={'ticks': 0, 'ticks_remaining': 1}
2025-11-03 23:05:57,701 : INFO : EventManager : Event: ======'timer_player_added_timer_tick'====== Args={'ticks': 0, 'ticks_remaining': 1}
2025-11-03 23:05:57,701 : INFO : EventManager : Event: ======'player_index'====== Args={'value': 1, 'prev_value': 1, 'change': 0, 'player_num': 2}
2025-11-03 23:05:57,703 : INFO : EventManager : Event: ======'player_number'====== Args={'value': 2, 'prev_value': 2, 'change': 0, 'player_num': 2}
2025-11-03 23:05:57,703 : INFO : EventManager : Event: ======'player_score'====== Args={'value': 0, 'prev_value': 0, 'change': 0, 'player_num': 2}
2025-11-03 23:05:57,720 : INFO : EventManager : Event: ======'widget_player_addded_widget_active'====== Args={'original_context': 'base', 'original_calling_context': 'player_added', 'priority': 100.0, 'player': '<Player 2>', 'num': 2.0, 'cmd': 'widgets_play', '_from_bcp': True}
2025-11-03 23:05:57,791 : INFO : SwitchController : <<<<<<< 's_start' inactive >>>>>>>
2025-11-03 23:05:58,401 : INFO : EventManager : Event: ======'player_base_player_added_timer_tick'====== Args={'value': 1, 'prev_value': 0, 'change': 1, 'player_num': 1}
2025-11-03 23:05:58,402 : INFO : Timer.player_added_timer : Timer Complete
2025-11-03 23:05:58,402 : INFO : Timer.player_added_timer : Stopping Timer
2025-11-03 23:05:58,402 : INFO : EventManager : Event: ======'timer_player_added_timer_stopped'====== Args={'ticks': 1, 'ticks_remaining': 1}
2025-11-03 23:05:58,402 : INFO : EventManager : Event: ======'timer_player_added_timer_complete'====== Args={'ticks': 1, 'ticks_remaining': 1}
2025-11-03 23:05:58,425 : INFO : EventManager : Event: ======'widget_player_addded_widget_removed'====== Args={'_from_bcp': True}
2025-11-03 23:05:58,459 : INFO : ball_device.bd_plunger : State: failed_confirm
2025-11-03 23:05:58,459 : INFO : ball_device.bd_plunger : Got timeout (3.0s) before confirm from <playfield.playfield>
2025-11-03 23:05:58,560 : INFO : ball_device.bd_plunger : Confirming eject because target is playfield and ball did not return.
2025-11-03 23:05:58,560 : INFO : ball_device.bd_plunger : Eject successful
2025-11-03 23:05:58,561 : INFO : EventManager : Event: ======'balldevice_bd_plunger_ball_eject_success'====== Args={'balls': 1, 'target': <playfield.playfield>}
2025-11-03 23:05:58,561 : INFO : EventManager : Event: ======'balldevice_playfield_ball_enter'====== Args={'new_balls': 1, 'unclaimed_balls': 1, 'device': <playfield.playfield>}
2025-11-03 23:05:58,561 : INFO : EventManager : Event: ======'playfield_ball_count_change'====== Args={'balls': 1, 'change': 1}
2025-11-03 23:05:58,562 : INFO : EventManager : Event: ======'balldevice_bd_plunger_ball_count_changed'====== Args={'balls': 0}
2025-11-03 23:05:58,562 : INFO : ball_device.bd_plunger : State: idle
2025-11-03 23:05:58,858 : INFO : SwitchController : <<<<<<< 's_start' active >>>>>>>
2025-11-03 23:05:58,858 : INFO : EventManager : Event: ======'sw_start'====== Args={}
2025-11-03 23:05:58,858 : INFO : EventManager : Event: ======'machine_var_audits_switches_s_start'====== Args={'value': 613, 'prev_value': 612, 'change': 1}
2025-11-03 23:05:58,859 : INFO : EventManager : Event: ======'player_add_request'====== Args={}
2025-11-03 23:05:58,859 : INFO : EventManager : Event: ======'player_will_add'====== Args={'number': 3}
2025-11-03 23:05:58,859 : INFO : EventManager : Event: ======'player_adding'====== Args={'player': <Player 3>, 'number': 3}
2025-11-03 23:05:58,859 : INFO : EventManager : Event: ======'player_added'====== Args={'player': <Player 3>, 'num': 3}
2025-11-03 23:05:58,859 : INFO : Mode.game : Player added successfully. Total players: 3
2025-11-03 23:05:58,860 : INFO : EventManager : Event: ======'player_base_player_added_timer_tick'====== Args={'value': 0, 'prev_value': 1, 'change': -1, 'player_num': 1}
2025-11-03 23:05:58,861 : INFO : Timer.player_added_timer : Starting Timer.
2025-11-03 23:05:58,861 : INFO : EventManager : Event: ======'timer_player_added_timer_started'====== Args={'ticks': 0, 'ticks_remaining': 1}
2025-11-03 23:05:58,861 : INFO : EventManager : Event: ======'timer_player_added_timer_tick'====== Args={'ticks': 0, 'ticks_remaining': 1}
2025-11-03 23:05:58,861 : INFO : EventManager : Event: ======'player_index'====== Args={'value': 2, 'prev_value': 2, 'change': 0, 'player_num': 3}
2025-11-03 23:05:58,861 : INFO : EventManager : Event: ======'player_number'====== Args={'value': 3, 'prev_value': 3, 'change': 0, 'player_num': 3}
2025-11-03 23:05:58,868 : INFO : EventManager : Event: ======'player_score'====== Args={'value': 0, 'prev_value': 0, 'change': 0, 'player_num': 3}
2025-11-03 23:05:58,876 : INFO : EventManager : Event: ======'widget_player_addded_widget_active'====== Args={'original_context': 'base', 'original_calling_context': 'player_added', 'priority': 100.0, 'player': '<Player 3>', 'num': 3.0, 'cmd': 'widgets_play', '_from_bcp': True}
2025-11-03 23:05:58,941 : INFO : SwitchController : <<<<<<< 's_start' inactive >>>>>>>
2025-11-03 23:05:59,507 : INFO : SwitchController : <<<<<<< 's_start' active >>>>>>>
2025-11-03 23:05:59,507 : INFO : EventManager : Event: ======'sw_start'====== Args={}
2025-11-03 23:05:59,508 : INFO : EventManager : Event: ======'machine_var_audits_switches_s_start'====== Args={'value': 614, 'prev_value': 613, 'change': 1}
2025-11-03 23:05:59,508 : INFO : EventManager : Event: ======'player_add_request'====== Args={}
2025-11-03 23:05:59,508 : INFO : EventManager : Event: ======'player_will_add'====== Args={'number': 4}
2025-11-03 23:05:59,508 : INFO : EventManager : Event: ======'player_adding'====== Args={'player': <Player 4>, 'number': 4}
2025-11-03 23:05:59,509 : INFO : EventManager : Event: ======'player_added'====== Args={'player': <Player 4>, 'num': 4}
2025-11-03 23:05:59,509 : INFO : Mode.game : Player added successfully. Total players: 4
2025-11-03 23:05:59,510 : INFO : EventManager : Event: ======'timer_player_added_timer_tick'====== Args={'ticks': 0, 'ticks_remaining': 1}
2025-11-03 23:05:59,510 : INFO : EventManager : Event: ======'player_index'====== Args={'value': 3, 'prev_value': 3, 'change': 0, 'player_num': 4}
2025-11-03 23:05:59,510 : INFO : EventManager : Event: ======'player_number'====== Args={'value': 4, 'prev_value': 4, 'change': 0, 'player_num': 4}
2025-11-03 23:05:59,510 : INFO : EventManager : Event: ======'player_score'====== Args={'value': 0, 'prev_value': 0, 'change': 0, 'player_num': 4}
2025-11-03 23:05:59,574 : INFO : SwitchController : <<<<<<< 's_start' inactive >>>>>>>
2025-11-03 23:06:00,211 : INFO : EventManager : Event: ======'player_base_player_added_timer_tick'====== Args={'value': 1, 'prev_value': 0, 'change': 1, 'player_num': 1}
2025-11-03 23:06:00,211 : INFO : Timer.player_added_timer : Timer Complete
2025-11-03 23:06:00,212 : INFO : Timer.player_added_timer : Stopping Timer
2025-11-03 23:06:00,212 : INFO : EventManager : Event: ======'timer_player_added_timer_stopped'====== Args={'ticks': 1, 'ticks_remaining': 1}
2025-11-03 23:06:00,212 : INFO : EventManager : Event: ======'timer_player_added_timer_complete'====== Args={'ticks': 1, 'ticks_remaining': 1}
2025-11-03 23:06:00,224 : INFO : EventManager : Event: ======'widget_player_addded_widget_removed'====== Args={'_from_bcp': True}
2025-11-03 23:06:03,174 : INFO : SwitchController : <<<<<<< 's_popbumper1' active >>>>>>>
2025-11-03 23:06:03,175 : INFO : EventManager : Event: ======'s_popbumper1_active'====== Args={}
2025-11-03 23:06:03,175 : INFO : EventManager : Event: ======'machine_var_audits_switches_s_popbumper1'====== Args={'value': 3331, 'prev_value': 3330, 'change': 1}
2025-11-03 23:06:03,176 : INFO : EventManager : Event: ======'player_shot_bumper1'====== Args={'value': 1, 'prev_value': 0, 'change': 1, 'player_num': 1}
2025-11-03 23:06:03,177 : INFO : EventManager : Event: ======'machine_var_audits_shots_bumper1'====== Args={'value': 3287, 'prev_value': 3286, 'change': 1}
2025-11-03 23:06:03,182 : INFO : EventManager : Event: ======'bumper1_hit'====== Args={'profile': 'default', 'state': 'unlit', 'advancing': True}
2025-11-03 23:06:03,182 : INFO : EventManager : Event: ======'bumper1_default_hit'====== Args={'profile': 'default', 'state': 'unlit', 'advancing': True}
2025-11-03 23:06:03,182 : INFO : EventManager : Event: ======'bumper1_default_unlit_hit'====== Args={'profile': 'default', 'state': 'unlit', 'advancing': True}
2025-11-03 23:06:03,183 : INFO : EventManager : Event: ======'bumper1_unlit_hit'====== Args={'profile': 'default', 'state': 'unlit', 'advancing': True}
2025-11-03 23:06:03,183 : INFO : EventManager : Event: ======'bumpers_hit'====== Args={'shot': 'bumper1'}
2025-11-03 23:06:03,183 : INFO : EventManager : Event: ======'bumpers_unlit_hit'====== Args={'shot': 'bumper1'}
2025-11-03 23:06:03,183 : INFO : EventManager : Event: ======'player_score'====== Args={'value': 10000, 'prev_value': 0, 'change': 10000, 'player_num': 1, 'source': 'bumpers'}
2025-11-03 23:06:03,458 : INFO : SwitchController : <<<<<<< 's_popbumper3' active >>>>>>>
2025-11-03 23:06:03,458 : INFO : EventManager : Event: ======'s_popbumper3_active'====== Args={}
2025-11-03 23:06:03,458 : INFO : EventManager : Event: ======'machine_var_audits_switches_s_popbumper3'====== Args={'value': 3004, 'prev_value': 3003, 'change': 1}
2025-11-03 23:06:03,459 : INFO : EventManager : Event: ======'player_shot_bumper3'====== Args={'value': 1, 'prev_value': 0, 'change': 1, 'player_num': 1}
2025-11-03 23:06:03,460 : INFO : EventManager : Event: ======'machine_var_audits_shots_bumper3'====== Args={'value': 2962, 'prev_value': 2961, 'change': 1}
2025-11-03 23:06:03,460 : INFO : EventManager : Event: ======'bumper3_hit'====== Args={'profile': 'default', 'state': 'unlit', 'advancing': True}
2025-11-03 23:06:03,460 : INFO : EventManager : Event: ======'bumper3_default_hit'====== Args={'profile': 'default', 'state': 'unlit', 'advancing': True}
2025-11-03 23:06:03,460 : INFO : EventManager : Event: ======'bumper3_default_unlit_hit'====== Args={'profile': 'default', 'state': 'unlit', 'advancing': True}
2025-11-03 23:06:03,460 : INFO : EventManager : Event: ======'bumper3_unlit_hit'====== Args={'profile': 'default', 'state': 'unlit', 'advancing': True}
2025-11-03 23:06:03,460 : INFO : EventManager : Event: ======'bumpers_hit'====== Args={'shot': 'bumper3'}
2025-11-03 23:06:03,460 : INFO : EventManager : Event: ======'bumpers_unlit_hit'====== Args={'shot': 'bumper3'}
2025-11-03 23:06:03,460 : INFO : EventManager : Event: ======'player_score'====== Args={'value': 20000, 'prev_value': 10000, 'change': 10000, 'player_num': 1, 'source': 'bumpers'}
2025-11-03 23:06:03,461 : INFO : SwitchController : <<<<<<< 's_popbumper2' active >>>>>>>
2025-11-03 23:06:03,461 : INFO : EventManager : Event: ======'s_popbumper2_active'====== Args={}
2025-11-03 23:06:03,461 : INFO : EventManager : Event: ======'machine_var_audits_switches_s_popbumper2'====== Args={'value': 3278, 'prev_value': 3277, 'change': 1}
2025-11-03 23:06:03,462 : INFO : EventManager : Event: ======'player_shot_bumper2'====== Args={'value': 1, 'prev_value': 0, 'change': 1, 'player_num': 1}
2025-11-03 23:06:03,462 : INFO : EventManager : Event: ======'machine_var_audits_shots_bumper2'====== Args={'value': 3237, 'prev_value': 3236, 'change': 1}
2025-11-03 23:06:03,463 : INFO : EventManager : Event: ======'bumper2_hit'====== Args={'profile': 'default', 'state': 'unlit', 'advancing': True}
2025-11-03 23:06:03,463 : INFO : EventManager : Event: ======'bumper2_default_hit'====== Args={'profile': 'default', 'state': 'unlit', 'advancing': True}
2025-11-03 23:06:03,463 : INFO : EventManager : Event: ======'bumper2_default_unlit_hit'====== Args={'profile': 'default', 'state': 'unlit', 'advancing': True}
2025-11-03 23:06:03,463 : INFO : EventManager : Event: ======'bumper2_unlit_hit'====== Args={'profile': 'default', 'state': 'unlit', 'advancing': True}
2025-11-03 23:06:03,463 : INFO : EventManager : Event: ======'bumpers_complete'====== Args={'state': 'lit'}
2025-11-03 23:06:03,463 : INFO : EventManager : Event: ======'bumpers_lit_complete'====== Args={}
2025-11-03 23:06:03,463 : INFO : EventManager : Event: ======'bumpers_hit'====== Args={'shot': 'bumper2'}
2025-11-03 23:06:03,463 : INFO : EventManager : Event: ======'bumpers_unlit_hit'====== Args={'shot': 'bumper2'}
2025-11-03 23:06:03,463 : INFO : EventManager : Event: ======'player_score'====== Args={'value': 30000, 'prev_value': 20000, 'change': 10000, 'player_num': 1, 'source': 'bumpers'}
2025-11-03 23:06:03,524 : INFO : SwitchController : <<<<<<< 's_popbumper1' inactive >>>>>>>
2025-11-03 23:06:03,541 : INFO : SwitchController : <<<<<<< 's_popbumper3' inactive >>>>>>>
2025-11-03 23:06:03,574 : INFO : SwitchController : <<<<<<< 's_popbumper2' inactive >>>>>>>
2025-11-03 23:06:03,691 : INFO : SwitchController : <<<<<<< 's_popbumper2' active >>>>>>>
2025-11-03 23:06:03,692 : INFO : EventManager : Event: ======'s_popbumper2_active'====== Args={}
2025-11-03 23:06:03,692 : INFO : EventManager : Event: ======'machine_var_audits_switches_s_popbumper2'====== Args={'value': 3279, 'prev_value': 3278, 'change': 1}
2025-11-03 23:06:03,692 : INFO : EventManager : Event: ======'machine_var_audits_shots_bumper2'====== Args={'value': 3238, 'prev_value': 3237, 'change': 1}
2025-11-03 23:06:03,693 : INFO : EventManager : Event: ======'bumper2_hit'====== Args={'profile': 'default', 'state': 'lit', 'advancing': False}
2025-11-03 23:06:03,693 : INFO : EventManager : Event: ======'bumper2_default_hit'====== Args={'profile': 'default', 'state': 'lit', 'advancing': False}
2025-11-03 23:06:03,693 : INFO : EventManager : Event: ======'bumper2_default_lit_hit'====== Args={'profile': 'default', 'state': 'lit', 'advancing': False}
2025-11-03 23:06:03,693 : INFO : EventManager : Event: ======'bumper2_lit_hit'====== Args={'profile': 'default', 'state': 'lit', 'advancing': False}
2025-11-03 23:06:03,693 : INFO : EventManager : Event: ======'bumpers_hit'====== Args={'shot': 'bumper2'}
2025-11-03 23:06:03,693 : INFO : EventManager : Event: ======'bumpers_lit_hit'====== Args={'shot': 'bumper2'}
2025-11-03 23:06:03,693 : INFO : EventManager : Event: ======'player_score'====== Args={'value': 40000, 'prev_value': 30000, 'change': 10000, 'player_num': 1, 'source': 'bumpers'}
2025-11-03 23:06:03,694 : INFO : SwitchController : <<<<<<< 's_popbumper1' active >>>>>>>
2025-11-03 23:06:03,694 : INFO : EventManager : Event: ======'s_popbumper1_active'====== Args={}
2025-11-03 23:06:03,695 : INFO : EventManager : Event: ======'machine_var_audits_switches_s_popbumper1'====== Args={'value': 3332, 'prev_value': 3331, 'change': 1}
2025-11-03 23:06:03,695 : INFO : EventManager : Event: ======'machine_var_audits_shots_bumper1'====== Args={'value': 3288, 'prev_value': 3287, 'change': 1}
2025-11-03 23:06:03,696 : INFO : EventManager : Event: ======'bumper1_hit'====== Args={'profile': 'default', 'state': 'lit', 'advancing': False}
2025-11-03 23:06:03,696 : INFO : EventManager : Event: ======'bumper1_default_hit'====== Args={'profile': 'default', 'state': 'lit', 'advancing': False}
2025-11-03 23:06:03,696 : INFO : EventManager : Event: ======'bumper1_default_lit_hit'====== Args={'profile': 'default', 'state': 'lit', 'advancing': False}
2025-11-03 23:06:03,696 : INFO : EventManager : Event: ======'bumper1_lit_hit'====== Args={'profile': 'default', 'state': 'lit', 'advancing': False}
2025-11-03 23:06:03,696 : INFO : EventManager : Event: ======'bumpers_hit'====== Args={'shot': 'bumper1'}
2025-11-03 23:06:03,696 : INFO : EventManager : Event: ======'bumpers_lit_hit'====== Args={'shot': 'bumper1'}
2025-11-03 23:06:03,696 : INFO : EventManager : Event: ======'player_score'====== Args={'value': 50000, 'prev_value': 40000, 'change': 10000, 'player_num': 1, 'source': 'bumpers'}
2025-11-03 23:06:03,791 : INFO : SwitchController : <<<<<<< 's_popbumper3' active >>>>>>>
2025-11-03 23:06:03,791 : INFO : EventManager : Event: ======'s_popbumper3_active'====== Args={}
2025-11-03 23:06:03,791 : INFO : EventManager : Event: ======'machine_var_audits_switches_s_popbumper3'====== Args={'value': 3005, 'prev_value': 3004, 'change': 1}
2025-11-03 23:06:03,792 : INFO : EventManager : Event: ======'machine_var_audits_shots_bumper3'====== Args={'value': 2963, 'prev_value': 2962, 'change': 1}
2025-11-03 23:06:03,792 : INFO : EventManager : Event: ======'bumper3_hit'====== Args={'profile': 'default', 'state': 'lit', 'advancing': False}
2025-11-03 23:06:03,793 : INFO : EventManager : Event: ======'bumper3_default_hit'====== Args={'profile': 'default', 'state': 'lit', 'advancing': False}
2025-11-03 23:06:03,793 : INFO : EventManager : Event: ======'bumper3_default_lit_hit'====== Args={'profile': 'default', 'state': 'lit', 'advancing': False}
2025-11-03 23:06:03,793 : INFO : EventManager : Event: ======'bumper3_lit_hit'====== Args={'profile': 'default', 'state': 'lit', 'advancing': False}
2025-11-03 23:06:03,793 : INFO : EventManager : Event: ======'bumpers_hit'====== Args={'shot': 'bumper3'}
2025-11-03 23:06:03,793 : INFO : EventManager : Event: ======'bumpers_lit_hit'====== Args={'shot': 'bumper3'}
2025-11-03 23:06:03,793 : INFO : EventManager : Event: ======'player_score'====== Args={'value': 60000, 'prev_value': 50000, 'change': 10000, 'player_num': 1, 'source': 'bumpers'}
2025-11-03 23:06:03,858 : INFO : SwitchController : <<<<<<< 's_popbumper3' inactive >>>>>>>
2025-11-03 23:06:03,874 : INFO : SwitchController : <<<<<<< 's_popbumper2' inactive >>>>>>>
2025-11-03 23:06:03,875 : INFO : SwitchController : <<<<<<< 's_popbumper1' inactive >>>>>>>
2025-11-03 23:06:03,941 : INFO : SwitchController : <<<<<<< 's_popbumper3' active >>>>>>>
2025-11-03 23:06:03,941 : INFO : EventManager : Event: ======'s_popbumper3_active'====== Args={}
2025-11-03 23:06:03,941 : INFO : EventManager : Event: ======'machine_var_audits_switches_s_popbumper3'====== Args={'value': 3006, 'prev_value': 3005, 'change': 1}
2025-11-03 23:06:03,941 : INFO : EventManager : Event: ======'machine_var_audits_shots_bumper3'====== Args={'value': 2964, 'prev_value': 2963, 'change': 1}
2025-11-03 23:06:03,942 : INFO : EventManager : Event: ======'bumper3_hit'====== Args={'profile': 'default', 'state': 'lit', 'advancing': False}
2025-11-03 23:06:03,942 : INFO : EventManager : Event: ======'bumper3_default_hit'====== Args={'profile': 'default', 'state': 'lit', 'advancing': False}
2025-11-03 23:06:03,942 : INFO : EventManager : Event: ======'bumper3_default_lit_hit'====== Args={'profile': 'default', 'state': 'lit', 'advancing': False}
2025-11-03 23:06:03,942 : INFO : EventManager : Event: ======'bumper3_lit_hit'====== Args={'profile': 'default', 'state': 'lit', 'advancing': False}
2025-11-03 23:06:03,942 : INFO : EventManager : Event: ======'bumpers_hit'====== Args={'shot': 'bumper3'}
2025-11-03 23:06:03,942 : INFO : EventManager : Event: ======'bumpers_lit_hit'====== Args={'shot': 'bumper3'}
2025-11-03 23:06:03,942 : INFO : EventManager : Event: ======'player_score'====== Args={'value': 70000, 'prev_value': 60000, 'change': 10000, 'player_num': 1, 'source': 'bumpers'}
2025-11-03 23:06:03,974 : INFO : SwitchController : <<<<<<< 's_popbumper2' active >>>>>>>
2025-11-03 23:06:03,975 : INFO : EventManager : Event: ======'s_popbumper2_active'====== Args={}
2025-11-03 23:06:03,975 : INFO : EventManager : Event: ======'machine_var_audits_switches_s_popbumper2'====== Args={'value': 3280, 'prev_value': 3279, 'change': 1}
2025-11-03 23:06:03,975 : INFO : EventManager : Event: ======'machine_var_audits_shots_bumper2'====== Args={'value': 3239, 'prev_value': 3238, 'change': 1}
2025-11-03 23:06:03,975 : INFO : EventManager : Event: ======'bumper2_hit'====== Args={'profile': 'default', 'state': 'lit', 'advancing': False}
2025-11-03 23:06:03,975 : INFO : EventManager : Event: ======'bumper2_default_hit'====== Args={'profile': 'default', 'state': 'lit', 'advancing': False}
2025-11-03 23:06:03,976 : INFO : EventManager : Event: ======'bumper2_default_lit_hit'====== Args={'profile': 'default', 'state': 'lit', 'advancing': False}
2025-11-03 23:06:03,976 : INFO : EventManager : Event: ======'bumper2_lit_hit'====== Args={'profile': 'default', 'state': 'lit', 'advancing': False}
2025-11-03 23:06:03,976 : INFO : EventManager : Event: ======'bumpers_hit'====== Args={'shot': 'bumper2'}
2025-11-03 23:06:03,976 : INFO : EventManager : Event: ======'bumpers_lit_hit'====== Args={'shot': 'bumper2'}
2025-11-03 23:06:03,976 : INFO : EventManager : Event: ======'player_score'====== Args={'value': 80000, 'prev_value': 70000, 'change': 10000, 'player_num': 1, 'source': 'bumpers'}
2025-11-03 23:06:03,976 : INFO : SwitchController : <<<<<<< 's_popbumper1' active >>>>>>>
2025-11-03 23:06:03,976 : INFO : EventManager : Event: ======'s_popbumper1_active'====== Args={}
2025-11-03 23:06:03,976 : INFO : EventManager : Event: ======'machine_var_audits_switches_s_popbumper1'====== Args={'value': 3333, 'prev_value': 3332, 'change': 1}
2025-11-03 23:06:03,976 : INFO : EventManager : Event: ======'machine_var_audits_shots_bumper1'====== Args={'value': 3289, 'prev_value': 3288, 'change': 1}
2025-11-03 23:06:03,977 : INFO : EventManager : Event: ======'bumper1_hit'====== Args={'profile': 'default', 'state': 'lit', 'advancing': False}
2025-11-03 23:06:03,977 : INFO : EventManager : Event: ======'bumper1_default_hit'====== Args={'profile': 'default', 'state': 'lit', 'advancing': False}
2025-11-03 23:06:03,977 : INFO : EventManager : Event: ======'bumper1_default_lit_hit'====== Args={'profile': 'default', 'state': 'lit', 'advancing': False}
2025-11-03 23:06:03,977 : INFO : EventManager : Event: ======'bumper1_lit_hit'====== Args={'profile': 'default', 'state': 'lit', 'advancing': False}
2025-11-03 23:06:03,977 : INFO : EventManager : Event: ======'bumpers_hit'====== Args={'shot': 'bumper1'}
2025-11-03 23:06:03,977 : INFO : EventManager : Event: ======'bumpers_lit_hit'====== Args={'shot': 'bumper1'}
2025-11-03 23:06:03,977 : INFO : EventManager : Event: ======'player_score'====== Args={'value': 90000, 'prev_value': 80000, 'change': 10000, 'player_num': 1, 'source': 'bumpers'}
2025-11-03 23:06:04,041 : INFO : SwitchController : <<<<<<< 's_popbumper3' inactive >>>>>>>
2025-11-03 23:06:04,058 : INFO : SwitchController : <<<<<<< 's_popbumper2' inactive >>>>>>>
2025-11-03 23:06:04,059 : INFO : SwitchController : <<<<<<< 's_popbumper1' inactive >>>>>>>
2025-11-03 23:06:05,093 : INFO : SwitchController : <<<<<<< 's_scoop' active >>>>>>>
2025-11-03 23:06:05,093 : INFO : EventManager : Event: ======'s_scoop_active'====== Args={}
2025-11-03 23:06:05,093 : INFO : EventManager : Event: ======'machine_var_audits_switches_s_scoop'====== Args={'value': 93, 'prev_value': 92, 'change': 1}
2025-11-03 23:06:05,094 : INFO : EventManager : Event: ======'start_mode_select_mission'====== Args={'priority': 0}
2025-11-03 23:06:05,174 : INFO : SwitchController : <<<<<<< 's_scoop' inactive >>>>>>>
2025-11-03 23:06:14,357 : INFO : SwitchController : <<<<<<< 's_scoop' active >>>>>>>
2025-11-03 23:06:14,358 : INFO : EventManager : Event: ======'s_scoop_active'====== Args={}
2025-11-03 23:06:14,358 : INFO : EventManager : Event: ======'machine_var_audits_switches_s_scoop'====== Args={'value': 94, 'prev_value': 93, 'change': 1}
2025-11-03 23:06:14,359 : INFO : EventManager : Event: ======'start_mode_select_mission'====== Args={'priority': 0}
2025-11-03 23:06:15,257 : INFO : SwitchController : <<<<<<< 's_scoop' inactive >>>>>>>
2025-11-03 23:06:16,591 : INFO : SwitchController : <<<<<<< 's_scoop' active >>>>>>>
2025-11-03 23:06:16,592 : INFO : EventManager : Event: ======'s_scoop_active'====== Args={}
2025-11-03 23:06:16,592 : INFO : EventManager : Event: ======'machine_var_audits_switches_s_scoop'====== Args={'value': 95, 'prev_value': 94, 'change': 1}
2025-11-03 23:06:16,593 : INFO : EventManager : Event: ======'start_mode_select_mission'====== Args={'priority': 0}
2025-11-03 23:06:17,507 : INFO : SwitchController : <<<<<<< 's_scoop' inactive >>>>>>>
2025-11-03 23:06:18,774 : INFO : SwitchController : <<<<<<< 's_scoop' active >>>>>>>
2025-11-03 23:06:18,774 : INFO : EventManager : Event: ======'s_scoop_active'====== Args={}
2025-11-03 23:06:18,775 : INFO : EventManager : Event: ======'machine_var_audits_switches_s_scoop'====== Args={'value': 96, 'prev_value': 95, 'change': 1}
2025-11-03 23:06:18,775 : INFO : EventManager : Event: ======'start_mode_select_mission'====== Args={'priority': 0}
2025-11-03 23:06:19,508 : INFO : SwitchController : <<<<<<< 's_scoop' inactive >>>>>>>
2025-11-03 23:06:22,057 : WARNING : SwitchController : Received duplicate switch state 0 for switch s_scoop from the platform interface. Log Code: Log-SwitchController-1 (https://missionpinball.org/logs)
2025-11-03 23:06:23,524 : INFO : SwitchController : <<<<<<< 's_scoop' active >>>>>>>
2025-11-03 23:06:23,525 : INFO : EventManager : Event: ======'s_scoop_active'====== Args={}
2025-11-03 23:06:23,525 : INFO : EventManager : Event: ======'machine_var_audits_switches_s_scoop'====== Args={'value': 97, 'prev_value': 96, 'change': 1}
2025-11-03 23:06:23,526 : INFO : EventManager : Event: ======'start_mode_select_mission'====== Args={'priority': 0}
2025-11-03 23:06:23,774 : INFO : SwitchController : <<<<<<< 's_scoop' inactive >>>>>>>
2025-11-03 23:06:31,458 : INFO : SwitchController : <<<<<<< 's_scoop' active >>>>>>>
2025-11-03 23:06:31,458 : INFO : EventManager : Event: ======'s_scoop_active'====== Args={}
2025-11-03 23:06:31,458 : INFO : EventManager : Event: ======'machine_var_audits_switches_s_scoop'====== Args={'value': 98, 'prev_value': 97, 'change': 1}
2025-11-03 23:06:31,459 : INFO : EventManager : Event: ======'start_mode_select_mission'====== Args={'priority': 0}
2025-11-03 23:06:31,608 : INFO : SwitchController : <<<<<<< 's_scoop' inactive >>>>>>>
2025-11-03 23:06:32,357 : INFO : SwitchController : <<<<<<< 's_scoop' active >>>>>>>
2025-11-03 23:06:32,358 : INFO : EventManager : Event: ======'s_scoop_active'====== Args={}
2025-11-03 23:06:32,358 : INFO : EventManager : Event: ======'machine_var_audits_switches_s_scoop'====== Args={'value': 99, 'prev_value': 98, 'change': 1}
2025-11-03 23:06:32,359 : INFO : EventManager : Event: ======'start_mode_select_mission'====== Args={'priority': 0}
2025-11-03 23:06:32,508 : INFO : SwitchController : <<<<<<< 's_scoop' inactive >>>>>>>
2025-11-03 23:06:33,090 : INFO : SwitchController : <<<<<<< 's_scoop' active >>>>>>>
2025-11-03 23:06:33,090 : INFO : EventManager : Event: ======'s_scoop_active'====== Args={}
2025-11-03 23:06:33,090 : INFO : EventManager : Event: ======'machine_var_audits_switches_s_scoop'====== Args={'value': 100, 'prev_value': 99, 'change': 1}
2025-11-03 23:06:33,090 : INFO : EventManager : Event: ======'start_mode_select_mission'====== Args={'priority': 0}
2025-11-03 23:06:33,241 : INFO : SwitchController : <<<<<<< 's_scoop' inactive >>>>>>>
2025-11-03 23:06:33,741 : INFO : SwitchController : <<<<<<< 's_scoop' active >>>>>>>
2025-11-03 23:06:33,741 : INFO : EventManager : Event: ======'s_scoop_active'====== Args={}
2025-11-03 23:06:33,741 : INFO : EventManager : Event: ======'machine_var_audits_switches_s_scoop'====== Args={'value': 101, 'prev_value': 100, 'change': 1}
2025-11-03 23:06:33,742 : INFO : EventManager : Event: ======'start_mode_select_mission'====== Args={'priority': 0}
2025-11-03 23:06:33,907 : INFO : SwitchController : <<<<<<< 's_scoop' inactive >>>>>>>
2025-11-03 23:06:34,757 : INFO : SwitchController : <<<<<<< 's_scoop' active >>>>>>>
2025-11-03 23:06:34,758 : INFO : EventManager : Event: ======'s_scoop_active'====== Args={}
2025-11-03 23:06:34,758 : INFO : EventManager : Event: ======'machine_var_audits_switches_s_scoop'====== Args={'value': 102, 'prev_value': 101, 'change': 1}
2025-11-03 23:06:34,759 : INFO : EventManager : Event: ======'start_mode_select_mission'====== Args={'priority': 0}
2025-11-03 23:06:34,907 : INFO : SwitchController : <<<<<<< 's_scoop' inactive >>>>>>>
2025-11-03 23:06:35,291 : INFO : SwitchController : <<<<<<< 's_scoop' active >>>>>>>
2025-11-03 23:06:35,291 : INFO : EventManager : Event: ======'s_scoop_active'====== Args={}
2025-11-03 23:06:35,292 : INFO : EventManager : Event: ======'machine_var_audits_switches_s_scoop'====== Args={'value': 103, 'prev_value': 102, 'change': 1}
2025-11-03 23:06:35,293 : INFO : EventManager : Event: ======'start_mode_select_mission'====== Args={'priority': 0}
2025-11-03 23:06:35,440 : INFO : SwitchController : <<<<<<< 's_scoop' inactive >>>>>>>
2025-11-03 23:06:35,641 : INFO : SwitchController : <<<<<<< 's_scoop' active >>>>>>>
2025-11-03 23:06:35,641 : INFO : EventManager : Event: ======'s_scoop_active'====== Args={}
2025-11-03 23:06:35,641 : INFO : EventManager : Event: ======'machine_var_audits_switches_s_scoop'====== Args={'value': 104, 'prev_value': 103, 'change': 1}
2025-11-03 23:06:35,642 : INFO : EventManager : Event: ======'start_mode_select_mission'====== Args={'priority': 0}
2025-11-03 23:06:35,757 : INFO : SwitchController : <<<<<<< 's_scoop' inactive >>>>>>>
2025-11-03 23:06:35,857 : INFO : SwitchController : <<<<<<< 's_scoop' active >>>>>>>
2025-11-03 23:06:35,858 : INFO : EventManager : Event: ======'s_scoop_active'====== Args={}
2025-11-03 23:06:35,858 : INFO : EventManager : Event: ======'machine_var_audits_switches_s_scoop'====== Args={'value': 105, 'prev_value': 104, 'change': 1}
2025-11-03 23:06:35,859 : INFO : EventManager : Event: ======'start_mode_select_mission'====== Args={'priority': 0}
2025-11-03 23:06:35,957 : INFO : SwitchController : <<<<<<< 's_scoop' inactive >>>>>>>
2025-11-03 23:06:36,658 : INFO : SwitchController : <<<<<<< 's_scoop' active >>>>>>>
2025-11-03 23:06:36,658 : INFO : EventManager : Event: ======'s_scoop_active'====== Args={}
2025-11-03 23:06:36,658 : INFO : EventManager : Event: ======'machine_var_audits_switches_s_scoop'====== Args={'value': 106, 'prev_value': 105, 'change': 1}
2025-11-03 23:06:36,659 : INFO : EventManager : Event: ======'start_mode_select_mission'====== Args={'priority': 0}
2025-11-03 23:06:36,891 : INFO : SwitchController : <<<<<<< 's_scoop' inactive >>>>>>>
2025-11-03 23:06:39,057 : INFO : SwitchController : <<<<<<< 's_scoop' active >>>>>>>
2025-11-03 23:06:39,058 : INFO : EventManager : Event: ======'s_scoop_active'====== Args={}
2025-11-03 23:06:39,058 : INFO : EventManager : Event: ======'machine_var_audits_switches_s_scoop'====== Args={'value': 107, 'prev_value': 106, 'change': 1}
2025-11-03 23:06:39,059 : INFO : EventManager : Event: ======'start_mode_select_mission'====== Args={'priority': 0}
2025-11-03 23:06:39,176 : INFO : SwitchController : <<<<<<< 's_scoop' inactive >>>>>>>
2025-11-03 23:06:39,757 : INFO : SwitchController : <<<<<<< 's_scoop' active >>>>>>>
2025-11-03 23:06:39,758 : INFO : EventManager : Event: ======'s_scoop_active'====== Args={}
2025-11-03 23:06:39,758 : INFO : EventManager : Event: ======'machine_var_audits_switches_s_scoop'====== Args={'value': 108, 'prev_value': 107, 'change': 1}
2025-11-03 23:06:39,759 : INFO : EventManager : Event: ======'start_mode_select_mission'====== Args={'priority': 0}
2025-11-03 23:06:39,891 : INFO : SwitchController : <<<<<<< 's_scoop' inactive >>>>>>>
2025-11-03 23:06:40,691 : INFO : SwitchController : <<<<<<< 's_scoop' active >>>>>>>
2025-11-03 23:06:40,691 : INFO : EventManager : Event: ======'s_scoop_active'====== Args={}
2025-11-03 23:06:40,691 : INFO : EventManager : Event: ======'machine_var_audits_switches_s_scoop'====== Args={'value': 109, 'prev_value': 108, 'change': 1}
2025-11-03 23:06:40,691 : INFO : EventManager : Event: ======'start_mode_select_mission'====== Args={'priority': 0}
2025-11-03 23:06:40,824 : INFO : SwitchController : <<<<<<< 's_scoop' inactive >>>>>>>
2025-11-03 23:06:41,074 : INFO : SwitchController : <<<<<<< 's_scoop' active >>>>>>>
2025-11-03 23:06:41,074 : INFO : EventManager : Event: ======'s_scoop_active'====== Args={}
2025-11-03 23:06:41,074 : INFO : EventManager : Event: ======'machine_var_audits_switches_s_scoop'====== Args={'value': 110, 'prev_value': 109, 'change': 1}
2025-11-03 23:06:41,075 : INFO : EventManager : Event: ======'start_mode_select_mission'====== Args={'priority': 0}
2025-11-03 23:06:41,190 : INFO : SwitchController : <<<<<<< 's_scoop' inactive >>>>>>>
2025-11-03 23:06:41,308 : INFO : SwitchController : <<<<<<< 's_scoop' active >>>>>>>
2025-11-03 23:06:41,308 : INFO : EventManager : Event: ======'s_scoop_active'====== Args={}
2025-11-03 23:06:41,308 : INFO : EventManager : Event: ======'machine_var_audits_switches_s_scoop'====== Args={'value': 111, 'prev_value': 110, 'change': 1}
2025-11-03 23:06:41,309 : INFO : EventManager : Event: ======'start_mode_select_mission'====== Args={'priority': 0}
2025-11-03 23:06:41,407 : INFO : SwitchController : <<<<<<< 's_scoop' inactive >>>>>>>
2025-11-03 23:06:41,507 : INFO : SwitchController : <<<<<<< 's_scoop' active >>>>>>>
2025-11-03 23:06:41,507 : INFO : EventManager : Event: ======'s_scoop_active'====== Args={}
2025-11-03 23:06:41,508 : INFO : EventManager : Event: ======'machine_var_audits_switches_s_scoop'====== Args={'value': 112, 'prev_value': 111, 'change': 1}
2025-11-03 23:06:41,508 : INFO : EventManager : Event: ======'start_mode_select_mission'====== Args={'priority': 0}
2025-11-03 23:06:41,624 : INFO : SwitchController : <<<<<<< 's_scoop' inactive >>>>>>>
2025-11-03 23:06:41,724 : INFO : SwitchController : <<<<<<< 's_scoop' active >>>>>>>
2025-11-03 23:06:41,724 : INFO : EventManager : Event: ======'s_scoop_active'====== Args={}
2025-11-03 23:06:41,724 : INFO : EventManager : Event: ======'machine_var_audits_switches_s_scoop'====== Args={'value': 113, 'prev_value': 112, 'change': 1}
2025-11-03 23:06:41,725 : INFO : EventManager : Event: ======'start_mode_select_mission'====== Args={'priority': 0}
2025-11-03 23:06:41,840 : INFO : SwitchController : <<<<<<< 's_scoop' inactive >>>>>>>
2025-11-03 23:06:41,941 : INFO : SwitchController : <<<<<<< 's_scoop' active >>>>>>>
2025-11-03 23:06:41,941 : INFO : EventManager : Event: ======'s_scoop_active'====== Args={}
2025-11-03 23:06:41,941 : INFO : EventManager : Event: ======'machine_var_audits_switches_s_scoop'====== Args={'value': 114, 'prev_value': 113, 'change': 1}
2025-11-03 23:06:41,942 : INFO : EventManager : Event: ======'start_mode_select_mission'====== Args={'priority': 0}
2025-11-03 23:06:42,024 : INFO : SwitchController : <<<<<<< 's_scoop' inactive >>>>>>>
2025-11-03 23:06:42,157 : INFO : SwitchController : <<<<<<< 's_scoop' active >>>>>>>
2025-11-03 23:06:42,157 : INFO : EventManager : Event: ======'s_scoop_active'====== Args={}
2025-11-03 23:06:42,157 : INFO : EventManager : Event: ======'machine_var_audits_switches_s_scoop'====== Args={'value': 115, 'prev_value': 114, 'change': 1}
2025-11-03 23:06:42,158 : INFO : EventManager : Event: ======'start_mode_select_mission'====== Args={'priority': 0}
2025-11-03 23:06:42,274 : INFO : SwitchController : <<<<<<< 's_scoop' inactive >>>>>>>
2025-11-03 23:06:42,874 : INFO : SwitchController : <<<<<<< 's_scoop' active >>>>>>>
2025-11-03 23:06:42,874 : INFO : EventManager : Event: ======'s_scoop_active'====== Args={}
2025-11-03 23:06:42,874 : INFO : EventManager : Event: ======'machine_var_audits_switches_s_scoop'====== Args={'value': 116, 'prev_value': 115, 'change': 1}
2025-11-03 23:06:42,875 : INFO : EventManager : Event: ======'start_mode_select_mission'====== Args={'priority': 0}
2025-11-03 23:06:43,007 : INFO : SwitchController : <<<<<<< 's_scoop' inactive >>>>>>>
2025-11-03 23:06:43,124 : INFO : SwitchController : <<<<<<< 's_scoop' active >>>>>>>
2025-11-03 23:06:43,124 : INFO : EventManager : Event: ======'s_scoop_active'====== Args={}
2025-11-03 23:06:43,124 : INFO : EventManager : Event: ======'machine_var_audits_switches_s_scoop'====== Args={'value': 117, 'prev_value': 116, 'change': 1}
2025-11-03 23:06:43,125 : INFO : EventManager : Event: ======'start_mode_select_mission'====== Args={'priority': 0}
2025-11-03 23:06:43,257 : INFO : SwitchController : <<<<<<< 's_scoop' inactive >>>>>>>
2025-11-03 23:06:43,340 : INFO : SwitchController : <<<<<<< 's_scoop' active >>>>>>>
2025-11-03 23:06:43,341 : INFO : EventManager : Event: ======'s_scoop_active'====== Args={}
2025-11-03 23:06:43,341 : INFO : EventManager : Event: ======'machine_var_audits_switches_s_scoop'====== Args={'value': 118, 'prev_value': 117, 'change': 1}
2025-11-03 23:06:43,341 : INFO : EventManager : Event: ======'start_mode_select_mission'====== Args={'priority': 0}
2025-11-03 23:06:43,457 : INFO : SwitchController : <<<<<<< 's_scoop' inactive >>>>>>>
2025-11-03 23:06:43,575 : INFO : SwitchController : <<<<<<< 's_scoop' active >>>>>>>
2025-11-03 23:06:43,575 : INFO : EventManager : Event: ======'s_scoop_active'====== Args={}
2025-11-03 23:06:43,575 : INFO : EventManager : Event: ======'machine_var_audits_switches_s_scoop'====== Args={'value': 119, 'prev_value': 118, 'change': 1}
2025-11-03 23:06:43,575 : INFO : EventManager : Event: ======'start_mode_select_mission'====== Args={'priority': 0}
2025-11-03 23:06:43,707 : INFO : SwitchController : <<<<<<< 's_scoop' inactive >>>>>>>
2025-11-03 23:06:44,291 : INFO : SwitchController : <<<<<<< 's_scoop' active >>>>>>>
2025-11-03 23:06:44,291 : INFO : EventManager : Event: ======'s_scoop_active'====== Args={}
2025-11-03 23:06:44,291 : INFO : EventManager : Event: ======'machine_var_audits_switches_s_scoop'====== Args={'value': 120, 'prev_value': 119, 'change': 1}
2025-11-03 23:06:44,292 : INFO : EventManager : Event: ======'start_mode_select_mission'====== Args={'priority': 0}
2025-11-03 23:06:44,424 : INFO : SwitchController : <<<<<<< 's_scoop' inactive >>>>>>>
2025-11-03 23:06:47,442 : INFO : SwitchController : <<<<<<< 's_scoop' active >>>>>>>
2025-11-03 23:06:47,442 : INFO : EventManager : Event: ======'s_scoop_active'====== Args={}
2025-11-03 23:06:47,442 : INFO : EventManager : Event: ======'machine_var_audits_switches_s_scoop'====== Args={'value': 121, 'prev_value': 120, 'change': 1}
2025-11-03 23:06:47,443 : INFO : EventManager : Event: ======'start_mode_select_mission'====== Args={'priority': 0}
2025-11-03 23:06:47,607 : INFO : SwitchController : <<<<<<< 's_scoop' inactive >>>>>>>
2025-11-03 23:06:48,074 : INFO : SwitchController : <<<<<<< 's_scoop' active >>>>>>>
2025-11-03 23:06:48,074 : INFO : EventManager : Event: ======'s_scoop_active'====== Args={}
2025-11-03 23:06:48,074 : INFO : EventManager : Event: ======'machine_var_audits_switches_s_scoop'====== Args={'value': 122, 'prev_value': 121, 'change': 1}
2025-11-03 23:06:48,075 : INFO : EventManager : Event: ======'start_mode_select_mission'====== Args={'priority': 0}
2025-11-03 23:06:48,224 : INFO : SwitchController : <<<<<<< 's_scoop' inactive >>>>>>>
2025-11-03 23:06:50,936 : INFO : Machine : Shutting down...
2025-11-03 23:06:50,936 : INFO : EventManager : Event: ======'shutdown'====== Args={}
2025-11-03 23:06:50,937 : INFO : EventManager : Event: ======'mode_game_will_stop'====== Args={}
2025-11-03 23:06:50,937 : INFO : EventManager : Event: ======'mode_game_stopping'====== Args={}
2025-11-03 23:06:50,938 : INFO : EventManager : Event: ======'mode_base_will_stop'====== Args={}
2025-11-03 23:06:50,938 : INFO : EventManager : Event: ======'mode_base_stopping'====== Args={}
2025-11-03 23:06:50,938 : INFO : EventManager : Event: ======'mode_bumpers_will_stop'====== Args={}
2025-11-03 23:06:50,938 : INFO : EventManager : Event: ======'mode_bumpers_stopping'====== Args={}
2025-11-03 23:06:50,939 : INFO : EventManager : Event: ======'stop_mode_bumpers'====== Args={'priority': 0}
2025-11-03 23:06:50,939 : INFO : EventManager : Event: ======'stop_mode_select_mission'====== Args={'priority': 0}
2025-11-03 23:06:50,939 : INFO : Mode.bumpers : Stopped.
2025-11-03 23:06:50,939 : INFO : EventManager : Event: ======'modes_active_modes_changed'====== Args={}
2025-11-03 23:06:50,939 : INFO : EventManager : Event: ======'mode_bumpers_stopped'====== Args={}
2025-11-03 23:06:50,939 : INFO : EventManager : Event: ======'clear'====== Args={'key': 'bumpers'}
2025-11-03 23:06:50,940 : INFO : Mode.base : Stopped.
2025-11-03 23:06:50,940 : INFO : EventManager : Event: ======'modes_active_modes_changed'====== Args={}
2025-11-03 23:06:50,940 : INFO : EventManager : Event: ======'mode_base_stopped'====== Args={}
2025-11-03 23:06:50,941 : INFO : EventManager : Event: ======'clear'====== Args={'key': 'base'}
2025-11-03 23:06:50,941 : INFO : Timer.player_added_timer : Stopping Timer
2025-11-03 23:06:50,941 : INFO : EventManager : Event: ======'timer_player_added_timer_stopped'====== Args={'ticks': 1, 'ticks_remaining': 1}
2025-11-03 23:06:50,941 : INFO : Mode.game : Stopped.
2025-11-03 23:06:50,941 : INFO : EventManager : Event: ======'modes_active_modes_changed'====== Args={}
2025-11-03 23:06:50,941 : INFO : EventManager : Event: ======'mode_game_stopped'====== Args={}
2025-11-03 23:06:50,941 : INFO : EventManager : Event: ======'clear'====== Args={'key': 'game'}
2025-11-03 23:06:50,944 : INFO : root : MPF run loop ended.
