2025-10-13 00:54:07,425 : INFO : root : Loading config.
2025-10-13 00:54:07,426 : INFO : YamlMultifileConfigLoader : Machine config file #1: config.yaml
2025-10-13 00:54:07,426 : WARNING : ConfigProcessor : Config file in cache changed: /Users/didiergilbin/Desktop/Homebrew_CSI/config/config.yaml
2025-10-13 00:54:07,426 : INFO : ConfigProcessor : Loading config from file /Users/didiergilbin/mpfenv/lib/python3.13/site-packages/mpf/mpfconfig.yaml.
2025-10-13 00:54:07,440 : INFO : ConfigProcessor : Loading config: /Users/didiergilbin/mpfenv/lib/python3.13/site-packages/mpf/mpfconfig.yaml
2025-10-13 00:54:07,441 : INFO : ConfigProcessor : Loading config from file /Users/didiergilbin/Desktop/Homebrew_CSI/config/config.yaml.
2025-10-13 00:54:07,441 : INFO : ConfigProcessor : Loading config: /Users/didiergilbin/Desktop/Homebrew_CSI/config/config.yaml
2025-10-13 00:54:07,455 : INFO : ConfigProcessor : Loading config: /Users/didiergilbin/Desktop/Homebrew_CSI/config/config_settings.yaml
2025-10-13 00:54:07,457 : INFO : ConfigProcessor : Loading config: /Users/didiergilbin/Desktop/Homebrew_CSI/config/config_hardware.yaml
2025-10-13 00:54:07,458 : INFO : ConfigProcessor : Config file cache created: /var/folders/m3/0d4y64_n3fn8tnkv3ydlhztw0000gn/T/5ca32a6c950d03116abbed96ca44d372.mpf_cache
2025-10-13 00:54:07,470 : WARNING : ConfigProcessor : Config file in cache changed: /Users/didiergilbin/Desktop/Homebrew_CSI/modes/attract/config/attract.yaml
2025-10-13 00:54:07,470 : INFO : ConfigProcessor : Loading config from file /Users/didiergilbin/mpfenv/lib/python3.13/site-packages/mpf/modes/attract/config/attract.yaml.
2025-10-13 00:54:07,470 : INFO : ConfigProcessor : Loading config: /Users/didiergilbin/mpfenv/lib/python3.13/site-packages/mpf/modes/attract/config/attract.yaml
2025-10-13 00:54:07,470 : INFO : ConfigProcessor : Loading config from file /Users/didiergilbin/Desktop/Homebrew_CSI/modes/attract/config/attract.yaml.
2025-10-13 00:54:07,471 : INFO : ConfigProcessor : Loading config: /Users/didiergilbin/Desktop/Homebrew_CSI/modes/attract/config/attract.yaml
2025-10-13 00:54:07,471 : INFO : ConfigProcessor : Config file cache created: /var/folders/m3/0d4y64_n3fn8tnkv3ydlhztw0000gn/T/01c495fa7450a81b4be96cb699872531.mpf_cache
2025-10-13 00:54:07,471 : INFO : ConfigProcessor : Loading config from cache: /var/folders/m3/0d4y64_n3fn8tnkv3ydlhztw0000gn/T/bfde29b5bb803376b0637bb8f0da27a7.mpf_cache
2025-10-13 00:54:07,471 : INFO : ConfigProcessor : Loading config from cache: /var/folders/m3/0d4y64_n3fn8tnkv3ydlhztw0000gn/T/01c495fa7450a81b4be96cb699872531.mpf_cache
2025-10-13 00:54:07,471 : INFO : ConfigProcessor : Loading config from cache: /var/folders/m3/0d4y64_n3fn8tnkv3ydlhztw0000gn/T/3ae89e09515ff8d8b11d68f672b2cc51.mpf_cache
2025-10-13 00:54:07,471 : INFO : Machine : Mission Pinball Framework Core Engine v0.80.0.dev10
2025-10-13 00:54:07,471 : INFO : Machine : Command line arguments: {'no_load_cache': False, 'create_config_cache': True, 'bcp': True, 'configfile': ['config.yaml'], 'force_assets_load': False, 'platform_integration_test': False, 'jsonlogging': False, 'logfile': 'logs/2025-10-13-00-54-07-mpf-mac.home.log', 'pause': False, 'production': False, 'text_ui': True, 'loglevel': 15, 'consoleloglevel': 20, 'force_platform': 'smart_virtual', 'syslog_address': None, 'full_logfile_path': '/Users/didiergilbin/Desktop/Homebrew_CSI/logs/2025-10-13-00-54-07-mpf-mac.home.log'}
2025-10-13 00:54:07,471 : INFO : Machine : MPF path: /Users/didiergilbin/mpfenv/lib/python3.13/site-packages/mpf
2025-10-13 00:54:07,471 : INFO : Machine : Machine path: /Users/didiergilbin/Desktop/Homebrew_CSI
2025-10-13 00:54:07,471 : INFO : Machine : Platform: darwin
2025-10-13 00:54:07,471 : INFO : Machine : Python executable location: /Users/didiergilbin/mpfenv/bin/python3.13
2025-10-13 00:54:07,471 : INFO : Machine : Python version: 3.13.7 (64-bit)
2025-10-13 00:54:07,472 : INFO : Machine : Initializing MPF...
2025-10-13 00:54:07,487 : INFO : EventManager : Event: ======'machine_var_credits_string'====== Args={'value': 'FREE PLAY', 'prev_value': None, 'change': True}
2025-10-13 00:54:07,489 : INFO : EventManager : Event: ======'machine_var_master_volume'====== Args={'value': 0.5, 'prev_value': None, 'change': True}
2025-10-13 00:54:07,489 : INFO : EventManager : Event: ======'machine_var_mpf_version'====== Args={'value': 'Mission Pinball Framework v0.80.0.dev10', 'prev_value': None, 'change': True}
2025-10-13 00:54:07,489 : INFO : EventManager : Event: ======'machine_var_mpf_extended_version'====== Args={'value': 'Mission Pinball Framework v0.80.0.dev10, Config version:6, Show version: 6, BCP version:1.1', 'prev_value': None, 'change': True}
2025-10-13 00:54:07,489 : INFO : EventManager : Event: ======'machine_var_python_version'====== Args={'value': '3.13.7', 'prev_value': None, 'change': True}
2025-10-13 00:54:07,495 : INFO : EventManager : Event: ======'machine_var_platform'====== Args={'value': 'macOS-15.6.1-arm64-arm-64bit-Mach-O', 'prev_value': None, 'change': True}
2025-10-13 00:54:07,495 : INFO : EventManager : Event: ======'machine_var_platform_system'====== Args={'value': 'Darwin', 'prev_value': None, 'change': True}
2025-10-13 00:54:07,495 : INFO : EventManager : Event: ======'machine_var_platform_release'====== Args={'value': '24.6.0', 'prev_value': None, 'change': True}
2025-10-13 00:54:07,495 : INFO : EventManager : Event: ======'machine_var_platform_version'====== Args={'value': 'Darwin Kernel Version 24.6.0: Mon Jul 14 11:30:40 PDT 2025; root:xnu-11417.140.69~1/RELEASE_ARM64_T8132', 'prev_value': None, 'change': True}
2025-10-13 00:54:07,495 : INFO : EventManager : Event: ======'machine_var_platform_machine'====== Args={'value': 'arm64', 'prev_value': None, 'change': True}
2025-10-13 00:54:07,495 : INFO : EventManager : Event: ======'machine_var_log_file_path'====== Args={'value': '/Users/didiergilbin/Desktop/Homebrew_CSI/logs/2025-10-13-00-54-07-mpf-mac.home.log', 'prev_value': None, 'change': True}
2025-10-13 00:54:07,495 : INFO : EventManager : Event: ======'init_phase_1'====== Args={}
2025-10-13 00:54:07,498 : INFO : EventManager : Event: ======'init_phase_2'====== Args={}
2025-10-13 00:54:07,499 : INFO : EventManager : Event: ======'bcp_connection_attempt'====== Args={'name': 'local_display', 'host': 'localhost', 'port': 5050}
2025-10-13 00:54:07,499 : INFO : BCPClientSocket : Connecting BCP to 'local_display' at localhost:5050...
2025-10-13 00:54:07,501 : INFO : BCPClientSocket : Connected BCP to 'local_display' localhost:5050
2025-10-13 00:54:07,501 : INFO : EventManager : Event: ======'bcp_clients_connected'====== Args={}
2025-10-13 00:54:07,503 : INFO : EventManager : Event: ======'init_phase_3'====== Args={}
2025-10-13 00:54:07,503 : INFO : EventManager : Event: ======'init_phase_4'====== Args={}
2025-10-13 00:54:07,503 : INFO : EventManager : Event: ======'machine_var_audits_switches_s_right_flipper'====== Args={'value': 0, 'prev_value': None, 'change': True}
2025-10-13 00:54:07,503 : INFO : EventManager : Event: ======'machine_var_audits_switches_s_sling_right'====== Args={'value': 0, 'prev_value': None, 'change': True}
2025-10-13 00:54:07,503 : INFO : EventManager : Event: ======'machine_var_audits_switches_s_left_flipper'====== Args={'value': 0, 'prev_value': None, 'change': True}
2025-10-13 00:54:07,503 : INFO : EventManager : Event: ======'machine_var_audits_switches_s_sling_left'====== Args={'value': 0, 'prev_value': None, 'change': True}
2025-10-13 00:54:07,503 : INFO : EventManager : Event: ======'machine_var_audits_events_game_started'====== Args={'value': 0, 'prev_value': None, 'change': True}
2025-10-13 00:54:07,503 : INFO : EventManager : Event: ======'machine_var_audits_events_game_ended'====== Args={'value': 0, 'prev_value': None, 'change': True}
2025-10-13 00:54:07,504 : INFO : EventManager : Event: ======'machine_var_audits_player_score'====== Args={'value': {'top': [], 'average': 0, 'total': 0}, 'prev_value': None, 'change': True}
2025-10-13 00:54:07,504 : INFO : EventManager : Event: ======'init_phase_5'====== Args={}
2025-10-13 00:54:07,504 : INFO : EventManager : Event: ======'init_done'====== Args={}
2025-10-13 00:54:07,504 : INFO : EventManager : Event: ======'machine_reset_phase_1'====== Args={}
2025-10-13 00:54:07,512 : INFO : EventManager : Event: ======'machine_reset_phase_2'====== Args={}
2025-10-13 00:54:07,512 : INFO : EventManager : Event: ======'machine_reset_phase_3'====== Args={}
2025-10-13 00:54:07,513 : INFO : EventManager : Event: ======'reset_complete'====== Args={}
2025-10-13 00:54:07,513 : INFO : EventManager : Event: ======'mode_attract_will_start'====== Args={}
2025-10-13 00:54:07,513 : INFO : EventManager : Event: ======'mode_attract_starting'====== Args={}
2025-10-13 00:54:07,513 : INFO : Mode.attract : Started. Priority: 10
2025-10-13 00:54:07,513 : INFO : EventManager : Event: ======'modes_active_modes_changed'====== Args={}
2025-10-13 00:54:07,513 : INFO : EventManager : Event: ======'mode_attract_started'====== Args={}
2025-10-13 00:54:07,513 : INFO : EventManager : Event: ======'collecting_balls_complete'====== Args={}
2025-10-13 00:54:07,513 : INFO : EventManager : Event: ======'carousel_item_highlighted'====== Args={'carousel': 'attract', 'direction': None, 'item': 'gameover'}
2025-10-13 00:54:07,513 : INFO : Machine : Starting the main run loop with active modes: [<Mode.attract>]
2025-10-13 00:54:07,574 : INFO : EventManager : Event: ======'slide_attract_created'====== Args={'_from_bcp': True}
2025-10-13 00:54:07,574 : INFO : EventManager : Event: ======'slide__removed'====== Args={'_from_bcp': True}
2025-10-13 00:54:07,575 : INFO : EventManager : Event: ======'slide_attract_active'====== Args={'original_context': 'attract', 'original_calling_context': 'mode_attract_started', 'priority': 10.0, 'cmd': 'slides_play', '_from_bcp': True}
2025-10-13 00:54:11,510 : INFO : SwitchController : <<<<<<< 's_right_flipper' active >>>>>>>
2025-10-13 00:54:11,510 : INFO : EventManager : Event: ======'s_right_flipper_active'====== Args={}
2025-10-13 00:54:11,511 : INFO : EventManager : Event: ======'carousel_item_highlighted'====== Args={'carousel': 'attract', 'direction': 'forwards', 'item': 'title'}
2025-10-13 00:54:11,660 : INFO : SwitchController : <<<<<<< 's_right_flipper' inactive >>>>>>>
2025-10-13 00:54:12,393 : INFO : SwitchController : <<<<<<< 's_left_flipper' active >>>>>>>
2025-10-13 00:54:12,393 : INFO : EventManager : Event: ======'s_left_flipper_active'====== Args={}
2025-10-13 00:54:12,394 : INFO : EventManager : Event: ======'carousel_item_highlighted'====== Args={'carousel': 'attract', 'direction': 'backwards', 'item': 'gameover'}
2025-10-13 00:54:12,526 : INFO : SwitchController : <<<<<<< 's_left_flipper' inactive >>>>>>>
2025-10-13 00:54:12,909 : INFO : SwitchController : <<<<<<< 's_left_flipper' active >>>>>>>
2025-10-13 00:54:12,910 : INFO : EventManager : Event: ======'s_left_flipper_active'====== Args={}
2025-10-13 00:54:12,910 : INFO : EventManager : Event: ======'carousel_item_highlighted'====== Args={'carousel': 'attract', 'direction': 'backwards', 'item': 'last_game_scores'}
2025-10-13 00:54:13,043 : INFO : SwitchController : <<<<<<< 's_left_flipper' inactive >>>>>>>
2025-10-13 00:54:13,442 : INFO : SwitchController : <<<<<<< 's_right_flipper' active >>>>>>>
2025-10-13 00:54:13,443 : INFO : EventManager : Event: ======'s_right_flipper_active'====== Args={}
2025-10-13 00:54:13,443 : INFO : EventManager : Event: ======'carousel_item_highlighted'====== Args={'carousel': 'attract', 'direction': 'forwards', 'item': 'gameover'}
2025-10-13 00:54:13,593 : INFO : SwitchController : <<<<<<< 's_right_flipper' inactive >>>>>>>
2025-10-13 00:54:13,711 : INFO : SwitchController : <<<<<<< 's_right_flipper' active >>>>>>>
2025-10-13 00:54:13,711 : INFO : EventManager : Event: ======'s_right_flipper_active'====== Args={}
2025-10-13 00:54:13,712 : INFO : EventManager : Event: ======'carousel_item_highlighted'====== Args={'carousel': 'attract', 'direction': 'forwards', 'item': 'title'}
2025-10-13 00:54:13,826 : INFO : SwitchController : <<<<<<< 's_right_flipper' inactive >>>>>>>
2025-10-13 00:54:14,176 : INFO : SwitchController : <<<<<<< 's_left_flipper' active >>>>>>>
2025-10-13 00:54:14,176 : INFO : EventManager : Event: ======'s_left_flipper_active'====== Args={}
2025-10-13 00:54:14,177 : INFO : EventManager : Event: ======'carousel_item_highlighted'====== Args={'carousel': 'attract', 'direction': 'backwards', 'item': 'gameover'}
2025-10-13 00:54:14,276 : INFO : SwitchController : <<<<<<< 's_left_flipper' inactive >>>>>>>
2025-10-13 00:54:14,426 : INFO : SwitchController : <<<<<<< 's_left_flipper' active >>>>>>>
2025-10-13 00:54:14,426 : INFO : EventManager : Event: ======'s_left_flipper_active'====== Args={}
2025-10-13 00:54:14,427 : INFO : EventManager : Event: ======'carousel_item_highlighted'====== Args={'carousel': 'attract', 'direction': 'backwards', 'item': 'last_game_scores'}
2025-10-13 00:54:14,543 : INFO : SwitchController : <<<<<<< 's_left_flipper' inactive >>>>>>>
2025-10-13 00:54:14,843 : INFO : SwitchController : <<<<<<< 's_right_flipper' active >>>>>>>
2025-10-13 00:54:14,843 : INFO : EventManager : Event: ======'s_right_flipper_active'====== Args={}
2025-10-13 00:54:14,844 : INFO : EventManager : Event: ======'carousel_item_highlighted'====== Args={'carousel': 'attract', 'direction': 'forwards', 'item': 'gameover'}
2025-10-13 00:54:14,993 : INFO : SwitchController : <<<<<<< 's_right_flipper' inactive >>>>>>>
2025-10-13 00:54:15,093 : INFO : SwitchController : <<<<<<< 's_right_flipper' active >>>>>>>
2025-10-13 00:54:15,093 : INFO : EventManager : Event: ======'s_right_flipper_active'====== Args={}
2025-10-13 00:54:15,093 : INFO : EventManager : Event: ======'carousel_item_highlighted'====== Args={'carousel': 'attract', 'direction': 'forwards', 'item': 'title'}
2025-10-13 00:54:15,209 : INFO : SwitchController : <<<<<<< 's_right_flipper' inactive >>>>>>>
2025-10-13 00:54:15,543 : INFO : SwitchController : <<<<<<< 's_left_flipper' active >>>>>>>
2025-10-13 00:54:15,543 : INFO : EventManager : Event: ======'s_left_flipper_active'====== Args={}
2025-10-13 00:54:15,544 : INFO : EventManager : Event: ======'carousel_item_highlighted'====== Args={'carousel': 'attract', 'direction': 'backwards', 'item': 'gameover'}
2025-10-13 00:54:15,626 : INFO : SwitchController : <<<<<<< 's_left_flipper' inactive >>>>>>>
2025-10-13 00:54:15,743 : INFO : SwitchController : <<<<<<< 's_left_flipper' active >>>>>>>
2025-10-13 00:54:15,743 : INFO : EventManager : Event: ======'s_left_flipper_active'====== Args={}
2025-10-13 00:54:15,744 : INFO : EventManager : Event: ======'carousel_item_highlighted'====== Args={'carousel': 'attract', 'direction': 'backwards', 'item': 'last_game_scores'}
2025-10-13 00:54:15,876 : INFO : SwitchController : <<<<<<< 's_left_flipper' inactive >>>>>>>
2025-10-13 00:54:16,143 : INFO : SwitchController : <<<<<<< 's_right_flipper' active >>>>>>>
2025-10-13 00:54:16,143 : INFO : EventManager : Event: ======'s_right_flipper_active'====== Args={}
2025-10-13 00:54:16,144 : INFO : EventManager : Event: ======'carousel_item_highlighted'====== Args={'carousel': 'attract', 'direction': 'forwards', 'item': 'gameover'}
2025-10-13 00:54:16,259 : INFO : SwitchController : <<<<<<< 's_right_flipper' inactive >>>>>>>
2025-10-13 00:54:16,393 : INFO : SwitchController : <<<<<<< 's_right_flipper' active >>>>>>>
2025-10-13 00:54:16,393 : INFO : EventManager : Event: ======'s_right_flipper_active'====== Args={}
2025-10-13 00:54:16,394 : INFO : EventManager : Event: ======'carousel_item_highlighted'====== Args={'carousel': 'attract', 'direction': 'forwards', 'item': 'title'}
2025-10-13 00:54:16,526 : INFO : SwitchController : <<<<<<< 's_right_flipper' inactive >>>>>>>
2025-10-13 00:54:16,826 : INFO : SwitchController : <<<<<<< 's_left_flipper' active >>>>>>>
2025-10-13 00:54:16,826 : INFO : EventManager : Event: ======'s_left_flipper_active'====== Args={}
2025-10-13 00:54:16,827 : INFO : EventManager : Event: ======'carousel_item_highlighted'====== Args={'carousel': 'attract', 'direction': 'backwards', 'item': 'gameover'}
2025-10-13 00:54:16,943 : INFO : SwitchController : <<<<<<< 's_left_flipper' inactive >>>>>>>
2025-10-13 00:54:17,076 : INFO : SwitchController : <<<<<<< 's_left_flipper' active >>>>>>>
2025-10-13 00:54:17,076 : INFO : EventManager : Event: ======'s_left_flipper_active'====== Args={}
2025-10-13 00:54:17,077 : INFO : EventManager : Event: ======'carousel_item_highlighted'====== Args={'carousel': 'attract', 'direction': 'backwards', 'item': 'last_game_scores'}
2025-10-13 00:54:17,176 : INFO : SwitchController : <<<<<<< 's_left_flipper' inactive >>>>>>>
2025-10-13 00:54:17,493 : INFO : SwitchController : <<<<<<< 's_right_flipper' active >>>>>>>
2025-10-13 00:54:17,493 : INFO : EventManager : Event: ======'s_right_flipper_active'====== Args={}
2025-10-13 00:54:17,499 : INFO : EventManager : Event: ======'carousel_item_highlighted'====== Args={'carousel': 'attract', 'direction': 'forwards', 'item': 'gameover'}
2025-10-13 00:54:17,610 : INFO : SwitchController : <<<<<<< 's_right_flipper' inactive >>>>>>>
2025-10-13 00:54:17,710 : INFO : SwitchController : <<<<<<< 's_right_flipper' active >>>>>>>
2025-10-13 00:54:17,710 : INFO : EventManager : Event: ======'s_right_flipper_active'====== Args={}
2025-10-13 00:54:17,710 : INFO : EventManager : Event: ======'carousel_item_highlighted'====== Args={'carousel': 'attract', 'direction': 'forwards', 'item': 'title'}
2025-10-13 00:54:17,826 : INFO : SwitchController : <<<<<<< 's_right_flipper' inactive >>>>>>>
2025-10-13 00:54:18,077 : INFO : SwitchController : <<<<<<< 's_left_flipper' active >>>>>>>
2025-10-13 00:54:18,077 : INFO : EventManager : Event: ======'s_left_flipper_active'====== Args={}
2025-10-13 00:54:18,078 : INFO : EventManager : Event: ======'carousel_item_highlighted'====== Args={'carousel': 'attract', 'direction': 'backwards', 'item': 'gameover'}
2025-10-13 00:54:18,176 : INFO : SwitchController : <<<<<<< 's_left_flipper' inactive >>>>>>>
2025-10-13 00:54:18,310 : INFO : SwitchController : <<<<<<< 's_left_flipper' active >>>>>>>
2025-10-13 00:54:18,310 : INFO : EventManager : Event: ======'s_left_flipper_active'====== Args={}
2025-10-13 00:54:18,311 : INFO : EventManager : Event: ======'carousel_item_highlighted'====== Args={'carousel': 'attract', 'direction': 'backwards', 'item': 'last_game_scores'}
2025-10-13 00:54:18,426 : INFO : SwitchController : <<<<<<< 's_left_flipper' inactive >>>>>>>
2025-10-13 00:54:18,926 : INFO : SwitchController : <<<<<<< 's_right_flipper' active >>>>>>>
2025-10-13 00:54:18,926 : INFO : EventManager : Event: ======'s_right_flipper_active'====== Args={}
2025-10-13 00:54:18,927 : INFO : EventManager : Event: ======'carousel_item_highlighted'====== Args={'carousel': 'attract', 'direction': 'forwards', 'item': 'gameover'}
2025-10-13 00:54:19,043 : INFO : SwitchController : <<<<<<< 's_right_flipper' inactive >>>>>>>
2025-10-13 00:54:19,143 : INFO : SwitchController : <<<<<<< 's_right_flipper' active >>>>>>>
2025-10-13 00:54:19,143 : INFO : EventManager : Event: ======'s_right_flipper_active'====== Args={}
2025-10-13 00:54:19,144 : INFO : EventManager : Event: ======'carousel_item_highlighted'====== Args={'carousel': 'attract', 'direction': 'forwards', 'item': 'title'}
2025-10-13 00:54:19,242 : INFO : SwitchController : <<<<<<< 's_right_flipper' inactive >>>>>>>
2025-10-13 00:54:19,609 : INFO : SwitchController : <<<<<<< 's_left_flipper' active >>>>>>>
2025-10-13 00:54:19,609 : INFO : EventManager : Event: ======'s_left_flipper_active'====== Args={}
2025-10-13 00:54:19,610 : INFO : EventManager : Event: ======'carousel_item_highlighted'====== Args={'carousel': 'attract', 'direction': 'backwards', 'item': 'gameover'}
2025-10-13 00:54:19,726 : INFO : SwitchController : <<<<<<< 's_left_flipper' inactive >>>>>>>
2025-10-13 00:54:19,826 : INFO : SwitchController : <<<<<<< 's_left_flipper' active >>>>>>>
2025-10-13 00:54:19,827 : INFO : EventManager : Event: ======'s_left_flipper_active'====== Args={}
2025-10-13 00:54:19,827 : INFO : EventManager : Event: ======'carousel_item_highlighted'====== Args={'carousel': 'attract', 'direction': 'backwards', 'item': 'last_game_scores'}
2025-10-13 00:54:19,909 : INFO : SwitchController : <<<<<<< 's_left_flipper' inactive >>>>>>>
2025-10-13 00:54:20,326 : INFO : SwitchController : <<<<<<< 's_right_flipper' active >>>>>>>
2025-10-13 00:54:20,327 : INFO : EventManager : Event: ======'s_right_flipper_active'====== Args={}
2025-10-13 00:54:20,327 : INFO : EventManager : Event: ======'carousel_item_highlighted'====== Args={'carousel': 'attract', 'direction': 'forwards', 'item': 'gameover'}
2025-10-13 00:54:20,426 : INFO : SwitchController : <<<<<<< 's_right_flipper' inactive >>>>>>>
2025-10-13 00:54:20,560 : INFO : SwitchController : <<<<<<< 's_right_flipper' active >>>>>>>
2025-10-13 00:54:20,560 : INFO : EventManager : Event: ======'s_right_flipper_active'====== Args={}
2025-10-13 00:54:20,560 : INFO : EventManager : Event: ======'carousel_item_highlighted'====== Args={'carousel': 'attract', 'direction': 'forwards', 'item': 'title'}
2025-10-13 00:54:20,609 : INFO : SwitchController : <<<<<<< 's_right_flipper' inactive >>>>>>>
2025-10-13 00:54:21,026 : INFO : SwitchController : <<<<<<< 's_left_flipper' active >>>>>>>
2025-10-13 00:54:21,026 : INFO : EventManager : Event: ======'s_left_flipper_active'====== Args={}
2025-10-13 00:54:21,027 : INFO : EventManager : Event: ======'carousel_item_highlighted'====== Args={'carousel': 'attract', 'direction': 'backwards', 'item': 'gameover'}
2025-10-13 00:54:21,143 : INFO : SwitchController : <<<<<<< 's_left_flipper' inactive >>>>>>>
2025-10-13 00:54:21,259 : INFO : SwitchController : <<<<<<< 's_left_flipper' active >>>>>>>
2025-10-13 00:54:21,259 : INFO : EventManager : Event: ======'s_left_flipper_active'====== Args={}
2025-10-13 00:54:21,260 : INFO : EventManager : Event: ======'carousel_item_highlighted'====== Args={'carousel': 'attract', 'direction': 'backwards', 'item': 'last_game_scores'}
2025-10-13 00:54:21,343 : INFO : SwitchController : <<<<<<< 's_left_flipper' inactive >>>>>>>
2025-10-13 00:54:21,827 : INFO : SwitchController : <<<<<<< 's_right_flipper' active >>>>>>>
2025-10-13 00:54:21,827 : INFO : EventManager : Event: ======'s_right_flipper_active'====== Args={}
2025-10-13 00:54:21,828 : INFO : EventManager : Event: ======'carousel_item_highlighted'====== Args={'carousel': 'attract', 'direction': 'forwards', 'item': 'gameover'}
2025-10-13 00:54:21,926 : INFO : SwitchController : <<<<<<< 's_right_flipper' inactive >>>>>>>
2025-10-13 00:54:22,043 : INFO : SwitchController : <<<<<<< 's_right_flipper' active >>>>>>>
2025-10-13 00:54:22,043 : INFO : EventManager : Event: ======'s_right_flipper_active'====== Args={}
2025-10-13 00:54:22,044 : INFO : EventManager : Event: ======'carousel_item_highlighted'====== Args={'carousel': 'attract', 'direction': 'forwards', 'item': 'title'}
2025-10-13 00:54:22,126 : INFO : SwitchController : <<<<<<< 's_right_flipper' inactive >>>>>>>
2025-10-13 00:54:22,460 : INFO : SwitchController : <<<<<<< 's_left_flipper' active >>>>>>>
2025-10-13 00:54:22,460 : INFO : EventManager : Event: ======'s_left_flipper_active'====== Args={}
2025-10-13 00:54:22,460 : INFO : EventManager : Event: ======'carousel_item_highlighted'====== Args={'carousel': 'attract', 'direction': 'backwards', 'item': 'gameover'}
2025-10-13 00:54:22,576 : INFO : SwitchController : <<<<<<< 's_left_flipper' inactive >>>>>>>
2025-10-13 00:54:23,076 : INFO : SwitchController : <<<<<<< 's_left_flipper' active >>>>>>>
2025-10-13 00:54:23,077 : INFO : EventManager : Event: ======'s_left_flipper_active'====== Args={}
2025-10-13 00:54:23,077 : INFO : EventManager : Event: ======'carousel_item_highlighted'====== Args={'carousel': 'attract', 'direction': 'backwards', 'item': 'last_game_scores'}
2025-10-13 00:54:23,176 : INFO : SwitchController : <<<<<<< 's_left_flipper' inactive >>>>>>>
2025-10-13 00:54:23,526 : INFO : SwitchController : <<<<<<< 's_right_flipper' active >>>>>>>
2025-10-13 00:54:23,527 : INFO : EventManager : Event: ======'s_right_flipper_active'====== Args={}
2025-10-13 00:54:23,527 : INFO : EventManager : Event: ======'carousel_item_highlighted'====== Args={'carousel': 'attract', 'direction': 'forwards', 'item': 'gameover'}
2025-10-13 00:54:23,593 : INFO : SwitchController : <<<<<<< 's_right_flipper' inactive >>>>>>>
2025-10-13 00:54:23,743 : INFO : SwitchController : <<<<<<< 's_right_flipper' active >>>>>>>
2025-10-13 00:54:23,743 : INFO : EventManager : Event: ======'s_right_flipper_active'====== Args={}
2025-10-13 00:54:23,744 : INFO : EventManager : Event: ======'carousel_item_highlighted'====== Args={'carousel': 'attract', 'direction': 'forwards', 'item': 'title'}
2025-10-13 00:54:23,826 : INFO : SwitchController : <<<<<<< 's_right_flipper' inactive >>>>>>>
2025-10-13 00:54:24,343 : INFO : SwitchController : <<<<<<< 's_left_flipper' active >>>>>>>
2025-10-13 00:54:24,343 : INFO : EventManager : Event: ======'s_left_flipper_active'====== Args={}
2025-10-13 00:54:24,344 : INFO : EventManager : Event: ======'carousel_item_highlighted'====== Args={'carousel': 'attract', 'direction': 'backwards', 'item': 'gameover'}
2025-10-13 00:54:24,459 : INFO : SwitchController : <<<<<<< 's_left_flipper' inactive >>>>>>>
2025-10-13 00:54:24,560 : INFO : SwitchController : <<<<<<< 's_left_flipper' active >>>>>>>
2025-10-13 00:54:24,560 : INFO : EventManager : Event: ======'s_left_flipper_active'====== Args={}
2025-10-13 00:54:24,560 : INFO : EventManager : Event: ======'carousel_item_highlighted'====== Args={'carousel': 'attract', 'direction': 'backwards', 'item': 'last_game_scores'}
2025-10-13 00:54:24,643 : INFO : SwitchController : <<<<<<< 's_left_flipper' inactive >>>>>>>
2025-10-13 00:54:25,043 : INFO : SwitchController : <<<<<<< 's_right_flipper' active >>>>>>>
2025-10-13 00:54:25,043 : INFO : EventManager : Event: ======'s_right_flipper_active'====== Args={}
2025-10-13 00:54:25,043 : INFO : EventManager : Event: ======'carousel_item_highlighted'====== Args={'carousel': 'attract', 'direction': 'forwards', 'item': 'gameover'}
2025-10-13 00:54:25,126 : INFO : SwitchController : <<<<<<< 's_right_flipper' inactive >>>>>>>
2025-10-13 00:54:25,226 : INFO : SwitchController : <<<<<<< 's_right_flipper' active >>>>>>>
2025-10-13 00:54:25,227 : INFO : EventManager : Event: ======'s_right_flipper_active'====== Args={}
2025-10-13 00:54:25,227 : INFO : EventManager : Event: ======'carousel_item_highlighted'====== Args={'carousel': 'attract', 'direction': 'forwards', 'item': 'title'}
2025-10-13 00:54:25,310 : INFO : SwitchController : <<<<<<< 's_right_flipper' inactive >>>>>>>
2025-10-13 00:54:25,643 : INFO : SwitchController : <<<<<<< 's_left_flipper' active >>>>>>>
2025-10-13 00:54:25,643 : INFO : EventManager : Event: ======'s_left_flipper_active'====== Args={}
2025-10-13 00:54:25,644 : INFO : EventManager : Event: ======'carousel_item_highlighted'====== Args={'carousel': 'attract', 'direction': 'backwards', 'item': 'gameover'}
2025-10-13 00:54:25,743 : INFO : SwitchController : <<<<<<< 's_left_flipper' inactive >>>>>>>
2025-10-13 00:54:25,843 : INFO : SwitchController : <<<<<<< 's_left_flipper' active >>>>>>>
2025-10-13 00:54:25,843 : INFO : EventManager : Event: ======'s_left_flipper_active'====== Args={}
2025-10-13 00:54:25,844 : INFO : EventManager : Event: ======'carousel_item_highlighted'====== Args={'carousel': 'attract', 'direction': 'backwards', 'item': 'last_game_scores'}
2025-10-13 00:54:25,943 : INFO : SwitchController : <<<<<<< 's_left_flipper' inactive >>>>>>>
2025-10-13 00:54:26,209 : INFO : SwitchController : <<<<<<< 's_right_flipper' active >>>>>>>
2025-10-13 00:54:26,210 : INFO : EventManager : Event: ======'s_right_flipper_active'====== Args={}
2025-10-13 00:54:26,210 : INFO : EventManager : Event: ======'carousel_item_highlighted'====== Args={'carousel': 'attract', 'direction': 'forwards', 'item': 'gameover'}
2025-10-13 00:54:26,276 : INFO : SwitchController : <<<<<<< 's_right_flipper' inactive >>>>>>>
2025-10-13 00:54:26,409 : INFO : SwitchController : <<<<<<< 's_right_flipper' active >>>>>>>
2025-10-13 00:54:26,409 : INFO : EventManager : Event: ======'s_right_flipper_active'====== Args={}
2025-10-13 00:54:26,409 : INFO : EventManager : Event: ======'carousel_item_highlighted'====== Args={'carousel': 'attract', 'direction': 'forwards', 'item': 'title'}
2025-10-13 00:54:26,498 : INFO : SwitchController : <<<<<<< 's_right_flipper' inactive >>>>>>>
2025-10-13 00:54:26,843 : INFO : SwitchController : <<<<<<< 's_left_flipper' active >>>>>>>
2025-10-13 00:54:26,843 : INFO : EventManager : Event: ======'s_left_flipper_active'====== Args={}
2025-10-13 00:54:26,844 : INFO : EventManager : Event: ======'carousel_item_highlighted'====== Args={'carousel': 'attract', 'direction': 'backwards', 'item': 'gameover'}
2025-10-13 00:54:26,944 : INFO : SwitchController : <<<<<<< 's_left_flipper' inactive >>>>>>>
2025-10-13 00:54:27,059 : INFO : SwitchController : <<<<<<< 's_left_flipper' active >>>>>>>
2025-10-13 00:54:27,060 : INFO : EventManager : Event: ======'s_left_flipper_active'====== Args={}
2025-10-13 00:54:27,060 : INFO : EventManager : Event: ======'carousel_item_highlighted'====== Args={'carousel': 'attract', 'direction': 'backwards', 'item': 'last_game_scores'}
2025-10-13 00:54:27,160 : INFO : SwitchController : <<<<<<< 's_left_flipper' inactive >>>>>>>
2025-10-13 00:54:27,493 : INFO : SwitchController : <<<<<<< 's_right_flipper' active >>>>>>>
2025-10-13 00:54:27,493 : INFO : EventManager : Event: ======'s_right_flipper_active'====== Args={}
2025-10-13 00:54:27,499 : INFO : EventManager : Event: ======'carousel_item_highlighted'====== Args={'carousel': 'attract', 'direction': 'forwards', 'item': 'gameover'}
2025-10-13 00:54:27,560 : INFO : SwitchController : <<<<<<< 's_right_flipper' inactive >>>>>>>
2025-10-13 00:54:27,676 : INFO : SwitchController : <<<<<<< 's_right_flipper' active >>>>>>>
2025-10-13 00:54:27,677 : INFO : EventManager : Event: ======'s_right_flipper_active'====== Args={}
2025-10-13 00:54:27,677 : INFO : EventManager : Event: ======'carousel_item_highlighted'====== Args={'carousel': 'attract', 'direction': 'forwards', 'item': 'title'}
2025-10-13 00:54:27,743 : INFO : SwitchController : <<<<<<< 's_right_flipper' inactive >>>>>>>
2025-10-13 00:54:28,076 : INFO : SwitchController : <<<<<<< 's_left_flipper' active >>>>>>>
2025-10-13 00:54:28,077 : INFO : EventManager : Event: ======'s_left_flipper_active'====== Args={}
2025-10-13 00:54:28,077 : INFO : EventManager : Event: ======'carousel_item_highlighted'====== Args={'carousel': 'attract', 'direction': 'backwards', 'item': 'gameover'}
2025-10-13 00:54:28,176 : INFO : SwitchController : <<<<<<< 's_left_flipper' inactive >>>>>>>
2025-10-13 00:54:28,309 : INFO : SwitchController : <<<<<<< 's_left_flipper' active >>>>>>>
2025-10-13 00:54:28,310 : INFO : EventManager : Event: ======'s_left_flipper_active'====== Args={}
2025-10-13 00:54:28,310 : INFO : EventManager : Event: ======'carousel_item_highlighted'====== Args={'carousel': 'attract', 'direction': 'backwards', 'item': 'last_game_scores'}
2025-10-13 00:54:28,393 : INFO : SwitchController : <<<<<<< 's_left_flipper' inactive >>>>>>>
2025-10-13 00:54:28,660 : INFO : SwitchController : <<<<<<< 's_right_flipper' active >>>>>>>
2025-10-13 00:54:28,660 : INFO : EventManager : Event: ======'s_right_flipper_active'====== Args={}
2025-10-13 00:54:28,661 : INFO : EventManager : Event: ======'carousel_item_highlighted'====== Args={'carousel': 'attract', 'direction': 'forwards', 'item': 'gameover'}
2025-10-13 00:54:28,743 : INFO : SwitchController : <<<<<<< 's_right_flipper' inactive >>>>>>>
2025-10-13 00:54:28,876 : INFO : SwitchController : <<<<<<< 's_right_flipper' active >>>>>>>
2025-10-13 00:54:28,877 : INFO : EventManager : Event: ======'s_right_flipper_active'====== Args={}
2025-10-13 00:54:28,877 : INFO : EventManager : Event: ======'carousel_item_highlighted'====== Args={'carousel': 'attract', 'direction': 'forwards', 'item': 'title'}
2025-10-13 00:54:28,960 : INFO : SwitchController : <<<<<<< 's_right_flipper' inactive >>>>>>>
2025-10-13 00:54:29,210 : INFO : SwitchController : <<<<<<< 's_left_flipper' active >>>>>>>
2025-10-13 00:54:29,210 : INFO : EventManager : Event: ======'s_left_flipper_active'====== Args={}
2025-10-13 00:54:29,211 : INFO : EventManager : Event: ======'carousel_item_highlighted'====== Args={'carousel': 'attract', 'direction': 'backwards', 'item': 'gameover'}
2025-10-13 00:54:29,343 : INFO : SwitchController : <<<<<<< 's_left_flipper' inactive >>>>>>>
2025-10-13 00:54:29,426 : INFO : SwitchController : <<<<<<< 's_left_flipper' active >>>>>>>
2025-10-13 00:54:29,427 : INFO : EventManager : Event: ======'s_left_flipper_active'====== Args={}
2025-10-13 00:54:29,427 : INFO : EventManager : Event: ======'carousel_item_highlighted'====== Args={'carousel': 'attract', 'direction': 'backwards', 'item': 'last_game_scores'}
2025-10-13 00:54:29,544 : INFO : SwitchController : <<<<<<< 's_left_flipper' inactive >>>>>>>
2025-10-13 00:54:29,759 : INFO : SwitchController : <<<<<<< 's_right_flipper' active >>>>>>>
2025-10-13 00:54:29,760 : INFO : EventManager : Event: ======'s_right_flipper_active'====== Args={}
2025-10-13 00:54:29,760 : INFO : EventManager : Event: ======'carousel_item_highlighted'====== Args={'carousel': 'attract', 'direction': 'forwards', 'item': 'gameover'}
2025-10-13 00:54:29,876 : INFO : SwitchController : <<<<<<< 's_right_flipper' inactive >>>>>>>
2025-10-13 00:54:29,976 : INFO : SwitchController : <<<<<<< 's_right_flipper' active >>>>>>>
2025-10-13 00:54:29,977 : INFO : EventManager : Event: ======'s_right_flipper_active'====== Args={}
2025-10-13 00:54:29,977 : INFO : EventManager : Event: ======'carousel_item_highlighted'====== Args={'carousel': 'attract', 'direction': 'forwards', 'item': 'title'}
2025-10-13 00:54:30,076 : INFO : SwitchController : <<<<<<< 's_right_flipper' inactive >>>>>>>
2025-10-13 00:54:30,343 : INFO : SwitchController : <<<<<<< 's_left_flipper' active >>>>>>>
2025-10-13 00:54:30,343 : INFO : EventManager : Event: ======'s_left_flipper_active'====== Args={}
2025-10-13 00:54:30,344 : INFO : EventManager : Event: ======'carousel_item_highlighted'====== Args={'carousel': 'attract', 'direction': 'backwards', 'item': 'gameover'}
2025-10-13 00:54:30,476 : INFO : SwitchController : <<<<<<< 's_left_flipper' inactive >>>>>>>
2025-10-13 00:54:30,593 : INFO : SwitchController : <<<<<<< 's_left_flipper' active >>>>>>>
2025-10-13 00:54:30,593 : INFO : EventManager : Event: ======'s_left_flipper_active'====== Args={}
2025-10-13 00:54:30,594 : INFO : EventManager : Event: ======'carousel_item_highlighted'====== Args={'carousel': 'attract', 'direction': 'backwards', 'item': 'last_game_scores'}
2025-10-13 00:54:30,693 : INFO : SwitchController : <<<<<<< 's_left_flipper' inactive >>>>>>>
2025-10-13 00:54:30,993 : INFO : SwitchController : <<<<<<< 's_right_flipper' active >>>>>>>
2025-10-13 00:54:30,993 : INFO : EventManager : Event: ======'s_right_flipper_active'====== Args={}
2025-10-13 00:54:30,994 : INFO : EventManager : Event: ======'carousel_item_highlighted'====== Args={'carousel': 'attract', 'direction': 'forwards', 'item': 'gameover'}
2025-10-13 00:54:31,093 : INFO : SwitchController : <<<<<<< 's_right_flipper' inactive >>>>>>>
2025-10-13 00:54:31,210 : INFO : SwitchController : <<<<<<< 's_right_flipper' active >>>>>>>
2025-10-13 00:54:31,210 : INFO : EventManager : Event: ======'s_right_flipper_active'====== Args={}
2025-10-13 00:54:31,211 : INFO : EventManager : Event: ======'carousel_item_highlighted'====== Args={'carousel': 'attract', 'direction': 'forwards', 'item': 'title'}
2025-10-13 00:54:31,293 : INFO : SwitchController : <<<<<<< 's_right_flipper' inactive >>>>>>>
2025-10-13 00:54:31,498 : INFO : SwitchController : <<<<<<< 's_left_flipper' active >>>>>>>
2025-10-13 00:54:31,498 : INFO : EventManager : Event: ======'s_left_flipper_active'====== Args={}
2025-10-13 00:54:31,498 : INFO : EventManager : Event: ======'carousel_item_highlighted'====== Args={'carousel': 'attract', 'direction': 'backwards', 'item': 'gameover'}
2025-10-13 00:54:31,660 : INFO : SwitchController : <<<<<<< 's_left_flipper' inactive >>>>>>>
2025-10-13 00:54:31,743 : INFO : SwitchController : <<<<<<< 's_left_flipper' active >>>>>>>
2025-10-13 00:54:31,743 : INFO : EventManager : Event: ======'s_left_flipper_active'====== Args={}
2025-10-13 00:54:31,743 : INFO : EventManager : Event: ======'carousel_item_highlighted'====== Args={'carousel': 'attract', 'direction': 'backwards', 'item': 'last_game_scores'}
2025-10-13 00:54:31,843 : INFO : SwitchController : <<<<<<< 's_left_flipper' inactive >>>>>>>
2025-10-13 00:54:32,498 : INFO : SwitchController : <<<<<<< 's_right_flipper' active >>>>>>>
2025-10-13 00:54:32,498 : INFO : EventManager : Event: ======'s_right_flipper_active'====== Args={}
2025-10-13 00:54:32,498 : INFO : EventManager : Event: ======'carousel_item_highlighted'====== Args={'carousel': 'attract', 'direction': 'forwards', 'item': 'gameover'}
2025-10-13 00:54:32,576 : INFO : SwitchController : <<<<<<< 's_right_flipper' inactive >>>>>>>
2025-10-13 00:54:32,676 : INFO : SwitchController : <<<<<<< 's_right_flipper' active >>>>>>>
2025-10-13 00:54:32,677 : INFO : EventManager : Event: ======'s_right_flipper_active'====== Args={}
2025-10-13 00:54:32,677 : INFO : EventManager : Event: ======'carousel_item_highlighted'====== Args={'carousel': 'attract', 'direction': 'forwards', 'item': 'title'}
2025-10-13 00:54:32,760 : INFO : SwitchController : <<<<<<< 's_right_flipper' inactive >>>>>>>
2025-10-13 00:54:33,076 : INFO : SwitchController : <<<<<<< 's_left_flipper' active >>>>>>>
2025-10-13 00:54:33,077 : INFO : EventManager : Event: ======'s_left_flipper_active'====== Args={}
2025-10-13 00:54:33,077 : INFO : EventManager : Event: ======'carousel_item_highlighted'====== Args={'carousel': 'attract', 'direction': 'backwards', 'item': 'gameover'}
2025-10-13 00:54:33,177 : INFO : SwitchController : <<<<<<< 's_left_flipper' inactive >>>>>>>
2025-10-13 00:54:33,276 : INFO : SwitchController : <<<<<<< 's_left_flipper' active >>>>>>>
2025-10-13 00:54:33,277 : INFO : EventManager : Event: ======'s_left_flipper_active'====== Args={}
2025-10-13 00:54:33,277 : INFO : EventManager : Event: ======'carousel_item_highlighted'====== Args={'carousel': 'attract', 'direction': 'backwards', 'item': 'last_game_scores'}
2025-10-13 00:54:33,376 : INFO : SwitchController : <<<<<<< 's_left_flipper' inactive >>>>>>>
2025-10-13 00:54:34,110 : INFO : SwitchController : <<<<<<< 's_right_flipper' active >>>>>>>
2025-10-13 00:54:34,110 : INFO : EventManager : Event: ======'s_right_flipper_active'====== Args={}
2025-10-13 00:54:34,110 : INFO : EventManager : Event: ======'carousel_item_highlighted'====== Args={'carousel': 'attract', 'direction': 'forwards', 'item': 'gameover'}
2025-10-13 00:54:34,176 : INFO : SwitchController : <<<<<<< 's_right_flipper' inactive >>>>>>>
2025-10-13 00:54:34,293 : INFO : SwitchController : <<<<<<< 's_right_flipper' active >>>>>>>
2025-10-13 00:54:34,293 : INFO : EventManager : Event: ======'s_right_flipper_active'====== Args={}
2025-10-13 00:54:34,294 : INFO : EventManager : Event: ======'carousel_item_highlighted'====== Args={'carousel': 'attract', 'direction': 'forwards', 'item': 'title'}
2025-10-13 00:54:34,376 : INFO : SwitchController : <<<<<<< 's_right_flipper' inactive >>>>>>>
2025-10-13 00:54:34,843 : INFO : SwitchController : <<<<<<< 's_left_flipper' active >>>>>>>
2025-10-13 00:54:34,843 : INFO : EventManager : Event: ======'s_left_flipper_active'====== Args={}
2025-10-13 00:54:34,843 : INFO : EventManager : Event: ======'carousel_item_highlighted'====== Args={'carousel': 'attract', 'direction': 'backwards', 'item': 'gameover'}
2025-10-13 00:54:34,960 : INFO : SwitchController : <<<<<<< 's_left_flipper' inactive >>>>>>>
2025-10-13 00:54:35,109 : INFO : SwitchController : <<<<<<< 's_left_flipper' active >>>>>>>
2025-10-13 00:54:35,110 : INFO : EventManager : Event: ======'s_left_flipper_active'====== Args={}
2025-10-13 00:54:35,111 : INFO : EventManager : Event: ======'carousel_item_highlighted'====== Args={'carousel': 'attract', 'direction': 'backwards', 'item': 'last_game_scores'}
2025-10-13 00:54:35,226 : INFO : SwitchController : <<<<<<< 's_left_flipper' inactive >>>>>>>
2025-10-13 00:54:41,102 : INFO : Machine : Shutting down...
2025-10-13 00:54:41,102 : INFO : EventManager : Event: ======'shutdown'====== Args={}
2025-10-13 00:54:41,107 : INFO : root : MPF run loop ended.
