2025-11-13 22:47:10,679 : INFO : root : Loading config.
2025-11-13 22:47:10,680 : INFO : YamlMultifileConfigLoader : Machine config file #1: config.yaml
2025-11-13 22:47:10,680 : INFO : ConfigProcessor : Loading config from cache: /var/folders/m3/0d4y64_n3fn8tnkv3ydlhztw0000gn/T/5ca32a6c950d03116abbed96ca44d372.mpf_cache
2025-11-13 22:47:10,704 : INFO : ConfigProcessor : Loading config from cache: /var/folders/m3/0d4y64_n3fn8tnkv3ydlhztw0000gn/T/01c495fa7450a81b4be96cb699872531.mpf_cache
2025-11-13 22:47:10,704 : INFO : ConfigProcessor : Loading config from cache: /var/folders/m3/0d4y64_n3fn8tnkv3ydlhztw0000gn/T/bfde29b5bb803376b0637bb8f0da27a7.mpf_cache
2025-11-13 22:47:10,704 : INFO : ConfigProcessor : Loading config from cache: /var/folders/m3/0d4y64_n3fn8tnkv3ydlhztw0000gn/T/01c495fa7450a81b4be96cb699872531.mpf_cache
2025-11-13 22:47:10,704 : INFO : ConfigProcessor : Loading config from cache: /var/folders/m3/0d4y64_n3fn8tnkv3ydlhztw0000gn/T/3ae89e09515ff8d8b11d68f672b2cc51.mpf_cache
2025-11-13 22:47:10,704 : WARNING : ConfigProcessor : Config file in cache changed: /Users/didiergilbin/Desktop/Homebrew_CSI/modes/skillshot/config/skillshot.yaml
2025-11-13 22:47:10,704 : INFO : ConfigProcessor : Loading config from file /Users/didiergilbin/Desktop/Homebrew_CSI/modes/skillshot/config/skillshot.yaml.
2025-11-13 22:47:10,707 : INFO : ConfigProcessor : Loading config: /Users/didiergilbin/Desktop/Homebrew_CSI/modes/skillshot/config/skillshot.yaml
2025-11-13 22:47:10,708 : INFO : ConfigProcessor : Config file cache created: /var/folders/m3/0d4y64_n3fn8tnkv3ydlhztw0000gn/T/b96d5c0baa304abadecf96d33832535c.mpf_cache
2025-11-13 22:47:10,708 : INFO : ConfigProcessor : Loading config from cache: /var/folders/m3/0d4y64_n3fn8tnkv3ydlhztw0000gn/T/4c420229fa75118c2461cfc9ff5a44e2.mpf_cache
2025-11-13 22:47:10,708 : INFO : ConfigProcessor : Loading config from cache: /var/folders/m3/0d4y64_n3fn8tnkv3ydlhztw0000gn/T/f5ee6852f1764324c8553249cc53c871.mpf_cache
2025-11-13 22:47:10,708 : INFO : ConfigProcessor : Loading config from cache: /var/folders/m3/0d4y64_n3fn8tnkv3ydlhztw0000gn/T/73ac54cb7a83dfa5473900e439743a84.mpf_cache
2025-11-13 22:47:10,708 : INFO : ConfigProcessor : Loading config from cache: /var/folders/m3/0d4y64_n3fn8tnkv3ydlhztw0000gn/T/97c87487bc6ae826da86d36a6e042c78.mpf_cache
2025-11-13 22:47:10,708 : INFO : Machine : Mission Pinball Framework Core Engine v0.80.0.dev10
2025-11-13 22:47:10,708 : INFO : Machine : Command line arguments: {'no_load_cache': False, 'create_config_cache': True, 'bcp': True, 'configfile': ['config.yaml'], 'force_assets_load': False, 'platform_integration_test': False, 'jsonlogging': False, 'logfile': 'logs/2025-11-13-22-47-10-mpf-mac.home.log', 'pause': False, 'production': False, 'text_ui': False, 'loglevel': 15, 'consoleloglevel': 20, 'force_platform': 'smart_virtual', 'syslog_address': None, 'full_logfile_path': '/Users/didiergilbin/Desktop/Homebrew_CSI/logs/2025-11-13-22-47-10-mpf-mac.home.log'}
2025-11-13 22:47:10,708 : INFO : Machine : MPF path: /Users/didiergilbin/mpfenv/lib/python3.13/site-packages/mpf
2025-11-13 22:47:10,708 : INFO : Machine : Machine path: /Users/didiergilbin/Desktop/Homebrew_CSI
2025-11-13 22:47:10,708 : INFO : Machine : Platform: darwin
2025-11-13 22:47:10,708 : INFO : Machine : Python executable location: /Users/didiergilbin/mpfenv/bin/python3.13
2025-11-13 22:47:10,708 : INFO : Machine : Python version: 3.13.7 (64-bit)
2025-11-13 22:47:10,709 : INFO : Machine : Initializing MPF...
2025-11-13 22:47:10,734 : INFO : EventManager : Event: ======'machine_var_credits_string'====== Args={'value': 'FREE PLAY', 'prev_value': None, 'change': True}
2025-11-13 22:47:10,738 : INFO : EventManager : Event: ======'machine_var_master_volume'====== Args={'value': 0.5, 'prev_value': None, 'change': True}
2025-11-13 22:47:10,738 : INFO : EventManager : Event: ======'machine_var_player1_score'====== Args={'value': 368000, 'prev_value': None, 'change': True}
2025-11-13 22:47:10,738 : INFO : EventManager : Event: ======'machine_var_player2_score'====== Args={'value': 24000, 'prev_value': None, 'change': True}
2025-11-13 22:47:10,738 : INFO : EventManager : Event: ======'machine_var_player3_score'====== Args={'value': 21000, 'prev_value': None, 'change': True}
2025-11-13 22:47:10,738 : INFO : EventManager : Event: ======'machine_var_player4_score'====== Args={'value': 0, 'prev_value': None, 'change': True}
2025-11-13 22:47:10,738 : INFO : EventManager : Event: ======'machine_var_mpf_version'====== Args={'value': 'Mission Pinball Framework v0.80.0.dev10', 'prev_value': None, 'change': True}
2025-11-13 22:47:10,738 : INFO : EventManager : Event: ======'machine_var_mpf_extended_version'====== Args={'value': 'Mission Pinball Framework v0.80.0.dev10, Config version:6, Show version: 6, BCP version:1.1', 'prev_value': None, 'change': True}
2025-11-13 22:47:10,738 : INFO : EventManager : Event: ======'machine_var_python_version'====== Args={'value': '3.13.7', 'prev_value': None, 'change': True}
2025-11-13 22:47:10,745 : INFO : EventManager : Event: ======'machine_var_platform'====== Args={'value': 'macOS-15.6.1-arm64-arm-64bit-Mach-O', 'prev_value': None, 'change': True}
2025-11-13 22:47:10,745 : INFO : EventManager : Event: ======'machine_var_platform_system'====== Args={'value': 'Darwin', 'prev_value': None, 'change': True}
2025-11-13 22:47:10,745 : INFO : EventManager : Event: ======'machine_var_platform_release'====== Args={'value': '24.6.0', 'prev_value': None, 'change': True}
2025-11-13 22:47:10,745 : INFO : EventManager : Event: ======'machine_var_platform_version'====== Args={'value': 'Darwin Kernel Version 24.6.0: Mon Jul 14 11:30:40 PDT 2025; root:xnu-11417.140.69~1/RELEASE_ARM64_T8132', 'prev_value': None, 'change': True}
2025-11-13 22:47:10,745 : INFO : EventManager : Event: ======'machine_var_platform_machine'====== Args={'value': 'arm64', 'prev_value': None, 'change': True}
2025-11-13 22:47:10,745 : INFO : EventManager : Event: ======'machine_var_log_file_path'====== Args={'value': '/Users/didiergilbin/Desktop/Homebrew_CSI/logs/2025-11-13-22-47-10-mpf-mac.home.log', 'prev_value': None, 'change': True}
2025-11-13 22:47:10,745 : INFO : EventManager : Event: ======'init_phase_1'====== Args={}
2025-11-13 22:47:10,749 : ERROR : asyncio : Exception in callback EventManager._async_handler_done()() at /Users/didiergilbin/mpfenv/lib/python3.13/site-packages/mpf/core/events.py:124
handle: <Handle EventManager._async_handler_done()() at /Users/didiergilbin/mpfenv/lib/python3.13/site-packages/mpf/core/events.py:124>
Traceback (most recent call last):
  File "/Library/Frameworks/Python.framework/Versions/3.13/lib/python3.13/asyncio/events.py", line 89, in _run
    self._context.run(self._callback, *self._args)
    ~~~~~~~~~~~~~~~~~^^^^^^^^^^^^^^^^^^^^^^^^^^^^^
  File "/Users/didiergilbin/mpfenv/lib/python3.13/site-packages/mpf/core/events.py", line 127, in _async_handler_done
    future.result()
    ~~~~~~~~~~~~~^^
  File "/Users/didiergilbin/mpfenv/lib/python3.13/site-packages/mpf/core/device_manager.py", line 85, in _load_device_modules
    self.machine.mode_controller.create_mode_devices()
    ~~~~~~~~~~~~~~~~~~~~~~~~~~~~~~~~~~~~~~~~~~~~~~~~^^
  File "/Users/didiergilbin/mpfenv/lib/python3.13/site-packages/mpf/core/mode_controller.py", line 81, in create_mode_devices
    mode.create_mode_devices()
    ~~~~~~~~~~~~~~~~~~~~~~~~^^
  File "/Users/didiergilbin/mpfenv/lib/python3.13/site-packages/mpf/core/mode.py", line 425, in create_mode_devices
    self.machine.device_manager.create_devices(
    ~~~~~~~~~~~~~~~~~~~~~~~~~~~~~~~~~~~~~~~~~~^
        collection.name, {device: settings})
        ^^^^^^^^^^^^^^^^^^^^^^^^^^^^^^^^^^^^
  File "/Users/didiergilbin/mpfenv/lib/python3.13/site-packages/mpf/core/device_manager.py", line 123, in create_devices
    self.raise_config_error("Device {}:'{}' does not have a valid config. Expected a dictionary.".format(
    ~~~~~~~~~~~~~~~~~~~~~~~^^^^^^^^^^^^^^^^^^^^^^^^^^^^^^^^^^^^^^^^^^^^^^^^^^^^^^^^^^^^^^^^^^^^^^^^^^^^^^
        collection_name, device_name), 3, context=collection_name + "." + device_name)
        ^^^^^^^^^^^^^^^^^^^^^^^^^^^^^^^^^^^^^^^^^^^^^^^^^^^^^^^^^^^^^^^^^^^^^^^^^^^^^^
  File "/Users/didiergilbin/mpfenv/lib/python3.13/site-packages/mpf/core/logging.py", line 175, in raise_config_error
    raise ConfigFileError(msg, error_no, self.log.name if self.log else "", context, self._url_base) \
        from source_exception
mpf.exceptions.config_file_error.ConfigFileError: Config File Error in DeviceManager: Device shots:'s1' does not have a valid config. Expected a dictionary. Context: shots.s1 Error Code: CFE-DeviceManager-3 (https://missionpinball.org/logs)
2025-11-13 22:47:10,751 : INFO : Machine : Starting the main run loop with active modes: []
2025-11-13 22:47:10,751 : WARNING : Machine : Attract mode is not active, game will not be playable. Please check your attract mode configuration.
2025-11-13 22:47:10,751 : INFO : Machine : Shutting down...
2025-11-13 22:47:10,751 : INFO : EventManager : Event: ======'shutdown'====== Args={}
2025-11-13 22:47:11,753 : ERROR : Machine : Runtime Exception
Traceback (most recent call last):
  File "/Users/didiergilbin/mpfenv/lib/python3.13/site-packages/mpf/core/machine.py", line 810, in _run_loop
    raise self._exception['exception']
  File "/Library/Frameworks/Python.framework/Versions/3.13/lib/python3.13/asyncio/events.py", line 89, in _run
    self._context.run(self._callback, *self._args)
    ~~~~~~~~~~~~~~~~~^^^^^^^^^^^^^^^^^^^^^^^^^^^^^
  File "/Users/didiergilbin/mpfenv/lib/python3.13/site-packages/mpf/core/events.py", line 127, in _async_handler_done
    future.result()
    ~~~~~~~~~~~~~^^
  File "/Users/didiergilbin/mpfenv/lib/python3.13/site-packages/mpf/core/device_manager.py", line 85, in _load_device_modules
    self.machine.mode_controller.create_mode_devices()
    ~~~~~~~~~~~~~~~~~~~~~~~~~~~~~~~~~~~~~~~~~~~~~~~~^^
  File "/Users/didiergilbin/mpfenv/lib/python3.13/site-packages/mpf/core/mode_controller.py", line 81, in create_mode_devices
    mode.create_mode_devices()
    ~~~~~~~~~~~~~~~~~~~~~~~~^^
  File "/Users/didiergilbin/mpfenv/lib/python3.13/site-packages/mpf/core/mode.py", line 425, in create_mode_devices
    self.machine.device_manager.create_devices(
    ~~~~~~~~~~~~~~~~~~~~~~~~~~~~~~~~~~~~~~~~~~^
        collection.name, {device: settings})
        ^^^^^^^^^^^^^^^^^^^^^^^^^^^^^^^^^^^^
  File "/Users/didiergilbin/mpfenv/lib/python3.13/site-packages/mpf/core/device_manager.py", line 123, in create_devices
    self.raise_config_error("Device {}:'{}' does not have a valid config. Expected a dictionary.".format(
    ~~~~~~~~~~~~~~~~~~~~~~~^^^^^^^^^^^^^^^^^^^^^^^^^^^^^^^^^^^^^^^^^^^^^^^^^^^^^^^^^^^^^^^^^^^^^^^^^^^^^^
        collection_name, device_name), 3, context=collection_name + "." + device_name)
        ^^^^^^^^^^^^^^^^^^^^^^^^^^^^^^^^^^^^^^^^^^^^^^^^^^^^^^^^^^^^^^^^^^^^^^^^^^^^^^
  File "/Users/didiergilbin/mpfenv/lib/python3.13/site-packages/mpf/core/logging.py", line 175, in raise_config_error
    raise ConfigFileError(msg, error_no, self.log.name if self.log else "", context, self._url_base) \
        from source_exception
mpf.exceptions.config_file_error.ConfigFileError: Config File Error in DeviceManager: Device shots:'s1' does not have a valid config. Expected a dictionary. Context: shots.s1 Error Code: CFE-DeviceManager-3 (https://missionpinball.org/logs)
2025-11-13 22:47:11,756 : INFO : root : MPF run loop ended.
