2025-11-09 23:33:16,108 : INFO : root : Loading config.
2025-11-09 23:33:16,109 : INFO : YamlMultifileConfigLoader : Machine config file #1: config.yaml
2025-11-09 23:33:16,109 : INFO : ConfigProcessor : Loading config from cache: /var/folders/m3/0d4y64_n3fn8tnkv3ydlhztw0000gn/T/5ca32a6c950d03116abbed96ca44d372.mpf_cache
2025-11-09 23:33:16,121 : INFO : ConfigProcessor : Loading config from cache: /var/folders/m3/0d4y64_n3fn8tnkv3ydlhztw0000gn/T/01c495fa7450a81b4be96cb699872531.mpf_cache
2025-11-09 23:33:16,121 : INFO : ConfigProcessor : Loading config from cache: /var/folders/m3/0d4y64_n3fn8tnkv3ydlhztw0000gn/T/bfde29b5bb803376b0637bb8f0da27a7.mpf_cache
2025-11-09 23:33:16,121 : INFO : ConfigProcessor : Loading config from cache: /var/folders/m3/0d4y64_n3fn8tnkv3ydlhztw0000gn/T/01c495fa7450a81b4be96cb699872531.mpf_cache
2025-11-09 23:33:16,121 : INFO : ConfigProcessor : Loading config from cache: /var/folders/m3/0d4y64_n3fn8tnkv3ydlhztw0000gn/T/3ae89e09515ff8d8b11d68f672b2cc51.mpf_cache
2025-11-09 23:33:16,121 : INFO : ConfigProcessor : Loading config from cache: /var/folders/m3/0d4y64_n3fn8tnkv3ydlhztw0000gn/T/4c420229fa75118c2461cfc9ff5a44e2.mpf_cache
2025-11-09 23:33:16,122 : INFO : ConfigProcessor : Loading config from cache: /var/folders/m3/0d4y64_n3fn8tnkv3ydlhztw0000gn/T/f5ee6852f1764324c8553249cc53c871.mpf_cache
2025-11-09 23:33:16,122 : WARNING : ConfigProcessor : Config file in cache changed: /Users/didiergilbin/Desktop/Homebrew_CSI/modes/skull/config/skull.yaml
2025-11-09 23:33:16,122 : INFO : ConfigProcessor : Loading config from file /Users/didiergilbin/Desktop/Homebrew_CSI/modes/skull/config/skull.yaml.
2025-11-09 23:33:16,124 : INFO : ConfigProcessor : Loading config: /Users/didiergilbin/Desktop/Homebrew_CSI/modes/skull/config/skull.yaml
2025-11-09 23:33:16,125 : INFO : ConfigProcessor : Config file cache created: /var/folders/m3/0d4y64_n3fn8tnkv3ydlhztw0000gn/T/73ac54cb7a83dfa5473900e439743a84.mpf_cache
2025-11-09 23:33:16,125 : INFO : ConfigProcessor : Loading config from cache: /var/folders/m3/0d4y64_n3fn8tnkv3ydlhztw0000gn/T/97c87487bc6ae826da86d36a6e042c78.mpf_cache
2025-11-09 23:33:16,125 : INFO : Machine : Mission Pinball Framework Core Engine v0.80.0.dev10
2025-11-09 23:33:16,125 : INFO : Machine : Command line arguments: {'no_load_cache': False, 'create_config_cache': True, 'bcp': True, 'configfile': ['config.yaml'], 'force_assets_load': False, 'platform_integration_test': False, 'jsonlogging': False, 'logfile': 'logs/2025-11-09-23-33-16-mpf-device-242.home.log', 'pause': False, 'production': False, 'text_ui': False, 'loglevel': 15, 'consoleloglevel': 20, 'force_platform': 'smart_virtual', 'syslog_address': None, 'full_logfile_path': '/Users/didiergilbin/Desktop/Homebrew_CSI/logs/2025-11-09-23-33-16-mpf-device-242.home.log'}
2025-11-09 23:33:16,125 : INFO : Machine : MPF path: /Users/didiergilbin/mpfenv/lib/python3.13/site-packages/mpf
2025-11-09 23:33:16,125 : INFO : Machine : Machine path: /Users/didiergilbin/Desktop/Homebrew_CSI
2025-11-09 23:33:16,125 : INFO : Machine : Platform: darwin
2025-11-09 23:33:16,125 : INFO : Machine : Python executable location: /Users/didiergilbin/mpfenv/bin/python3.13
2025-11-09 23:33:16,125 : INFO : Machine : Python version: 3.13.7 (64-bit)
2025-11-09 23:33:16,125 : INFO : Machine : Initializing MPF...
2025-11-09 23:33:16,138 : INFO : EventManager : Event: ======'machine_var_credits_string'====== Args={'value': 'FREE PLAY', 'prev_value': None, 'change': True}
2025-11-09 23:33:16,142 : INFO : EventManager : Event: ======'machine_var_master_volume'====== Args={'value': 0.5, 'prev_value': None, 'change': True}
2025-11-09 23:33:16,142 : INFO : EventManager : Event: ======'machine_var_player1_score'====== Args={'value': 368000, 'prev_value': None, 'change': True}
2025-11-09 23:33:16,142 : INFO : EventManager : Event: ======'machine_var_player2_score'====== Args={'value': 24000, 'prev_value': None, 'change': True}
2025-11-09 23:33:16,142 : INFO : EventManager : Event: ======'machine_var_player3_score'====== Args={'value': 21000, 'prev_value': None, 'change': True}
2025-11-09 23:33:16,142 : INFO : EventManager : Event: ======'machine_var_player4_score'====== Args={'value': 0, 'prev_value': None, 'change': True}
2025-11-09 23:33:16,142 : INFO : EventManager : Event: ======'machine_var_mpf_version'====== Args={'value': 'Mission Pinball Framework v0.80.0.dev10', 'prev_value': None, 'change': True}
2025-11-09 23:33:16,142 : INFO : EventManager : Event: ======'machine_var_mpf_extended_version'====== Args={'value': 'Mission Pinball Framework v0.80.0.dev10, Config version:6, Show version: 6, BCP version:1.1', 'prev_value': None, 'change': True}
2025-11-09 23:33:16,142 : INFO : EventManager : Event: ======'machine_var_python_version'====== Args={'value': '3.13.7', 'prev_value': None, 'change': True}
2025-11-09 23:33:16,148 : INFO : EventManager : Event: ======'machine_var_platform'====== Args={'value': 'macOS-15.6.1-arm64-arm-64bit-Mach-O', 'prev_value': None, 'change': True}
2025-11-09 23:33:16,149 : INFO : EventManager : Event: ======'machine_var_platform_system'====== Args={'value': 'Darwin', 'prev_value': None, 'change': True}
2025-11-09 23:33:16,149 : INFO : EventManager : Event: ======'machine_var_platform_release'====== Args={'value': '24.6.0', 'prev_value': None, 'change': True}
2025-11-09 23:33:16,149 : INFO : EventManager : Event: ======'machine_var_platform_version'====== Args={'value': 'Darwin Kernel Version 24.6.0: Mon Jul 14 11:30:40 PDT 2025; root:xnu-11417.140.69~1/RELEASE_ARM64_T8132', 'prev_value': None, 'change': True}
2025-11-09 23:33:16,149 : INFO : EventManager : Event: ======'machine_var_platform_machine'====== Args={'value': 'arm64', 'prev_value': None, 'change': True}
2025-11-09 23:33:16,149 : INFO : EventManager : Event: ======'machine_var_log_file_path'====== Args={'value': '/Users/didiergilbin/Desktop/Homebrew_CSI/logs/2025-11-09-23-33-16-mpf-device-242.home.log', 'prev_value': None, 'change': True}
2025-11-09 23:33:16,149 : INFO : EventManager : Event: ======'init_phase_1'====== Args={}
2025-11-09 23:33:16,155 : INFO : EventManager : Event: ======'init_phase_2'====== Args={}
2025-11-09 23:33:16,155 : INFO : SwitchController : Found active switch: ('2', <Platform.SmartVirtual>) <switch.s_trough1>
2025-11-09 23:33:16,155 : INFO : SwitchController : Found active switch: ('3', <Platform.SmartVirtual>) <switch.s_trough2>
2025-11-09 23:33:16,155 : INFO : SwitchController : Found active switch: ('4', <Platform.SmartVirtual>) <switch.s_trough3>
2025-11-09 23:33:16,155 : INFO : SwitchController : Found active switch: ('5', <Platform.SmartVirtual>) <switch.s_trough4>
2025-11-09 23:33:16,156 : INFO : EventManager : Event: ======'bcp_connection_attempt'====== Args={'name': 'local_display', 'host': 'localhost', 'port': 5050}
2025-11-09 23:33:16,156 : INFO : BCPClientSocket : Connecting BCP to 'local_display' at localhost:5050...
2025-11-09 23:33:16,159 : INFO : BCPClientSocket : Connected BCP to 'local_display' localhost:5050
2025-11-09 23:33:16,159 : INFO : EventManager : Event: ======'bcp_clients_connected'====== Args={}
2025-11-09 23:33:16,159 : INFO : ball_device.bd_drain : BCH: Initial count: 0
2025-11-09 23:33:16,159 : INFO : ball_device.bd_drain : State: idle
2025-11-09 23:33:16,160 : INFO : ball_device.bd_trough : BCH: Initial count: 4
2025-11-09 23:33:16,160 : INFO : ball_device.bd_trough : State: idle
2025-11-09 23:33:16,160 : INFO : ball_device.bd_plunger : BCH: Initial count: 0
2025-11-09 23:33:16,160 : INFO : ball_device.bd_plunger : State: idle
2025-11-09 23:33:16,163 : INFO : EventManager : Event: ======'init_phase_3'====== Args={}
2025-11-09 23:33:16,163 : INFO : EventManager : Event: ======'init_phase_4'====== Args={}
2025-11-09 23:33:16,164 : INFO : BallController : Initial balls found: 4
2025-11-09 23:33:16,164 : INFO : EventManager : Event: ======'machine_var_audits_events_game_ended'====== Args={'value': 54, 'prev_value': None, 'change': True}
2025-11-09 23:33:16,164 : INFO : EventManager : Event: ======'machine_var_audits_events_game_started'====== Args={'value': 467, 'prev_value': None, 'change': True}
2025-11-09 23:33:16,164 : INFO : EventManager : Event: ======'machine_var_audits_missing_switches_s_drain'====== Args={'value': 28, 'prev_value': None, 'change': True}
2025-11-09 23:33:16,164 : INFO : EventManager : Event: ======'machine_var_audits_missing_switches_s_launch_button'====== Args={'value': 114, 'prev_value': None, 'change': True}
2025-11-09 23:33:16,164 : INFO : EventManager : Event: ======'machine_var_audits_missing_switches_s_left_outlane'====== Args={'value': 82, 'prev_value': None, 'change': True}
2025-11-09 23:33:16,164 : INFO : EventManager : Event: ======'machine_var_audits_missing_switches_s_right_outlane'====== Args={'value': 82, 'prev_value': None, 'change': True}
2025-11-09 23:33:16,164 : INFO : EventManager : Event: ======'machine_var_audits_missing_switches_s_sling_left'====== Args={'value': 467, 'prev_value': None, 'change': True}
2025-11-09 23:33:16,164 : INFO : EventManager : Event: ======'machine_var_audits_missing_switches_s_sling_right'====== Args={'value': 467, 'prev_value': None, 'change': True}
2025-11-09 23:33:16,164 : INFO : EventManager : Event: ======'machine_var_audits_missing_switches_s_start'====== Args={'value': 5, 'prev_value': None, 'change': True}
2025-11-09 23:33:16,164 : INFO : EventManager : Event: ======'machine_var_audits_missing_switches_s_trough1'====== Args={'value': 28, 'prev_value': None, 'change': True}
2025-11-09 23:33:16,164 : INFO : EventManager : Event: ======'machine_var_audits_missing_switches_s_trough2'====== Args={'value': 28, 'prev_value': None, 'change': True}
2025-11-09 23:33:16,164 : INFO : EventManager : Event: ======'machine_var_audits_missing_switches_s_trough3'====== Args={'value': 245, 'prev_value': None, 'change': True}
2025-11-09 23:33:16,164 : INFO : EventManager : Event: ======'machine_var_audits_missing_switches_s_trough4'====== Args={'value': 245, 'prev_value': None, 'change': True}
2025-11-09 23:33:16,164 : INFO : EventManager : Event: ======'machine_var_audits_missing_switches_s_trough_jam'====== Args={'value': 181, 'prev_value': None, 'change': True}
2025-11-09 23:33:16,164 : INFO : EventManager : Event: ======'machine_var_audits_player_score'====== Args={'value': {'average': 215167, 'top': [10210000, 1550000, 1070000, 1070000, 810000, 710000, 640000, 570000, 530000, 480000], 'total': 118}, 'prev_value': None, 'change': True}
2025-11-09 23:33:16,164 : INFO : EventManager : Event: ======'machine_var_audits_shots_bumper1'====== Args={'value': 4155, 'prev_value': None, 'change': True}
2025-11-09 23:33:16,164 : INFO : EventManager : Event: ======'machine_var_audits_shots_bumper2'====== Args={'value': 4084, 'prev_value': None, 'change': True}
2025-11-09 23:33:16,164 : INFO : EventManager : Event: ======'machine_var_audits_shots_bumper3'====== Args={'value': 3924, 'prev_value': None, 'change': True}
2025-11-09 23:33:16,164 : INFO : EventManager : Event: ======'machine_var_audits_shots_c_shot'====== Args={'value': 162, 'prev_value': None, 'change': True}
2025-11-09 23:33:16,164 : INFO : EventManager : Event: ======'machine_var_audits_shots_csi_shot'====== Args={'value': 9, 'prev_value': None, 'change': True}
2025-11-09 23:33:16,164 : INFO : EventManager : Event: ======'machine_var_audits_shots_i_shot'====== Args={'value': 135, 'prev_value': None, 'change': True}
2025-11-09 23:33:16,164 : INFO : EventManager : Event: ======'machine_var_audits_shots_s_shot'====== Args={'value': 152, 'prev_value': None, 'change': True}
2025-11-09 23:33:16,164 : INFO : EventManager : Event: ======'machine_var_audits_shots_switch_shot'====== Args={'value': 245, 'prev_value': None, 'change': True}
2025-11-09 23:33:16,164 : INFO : EventManager : Event: ======'machine_var_audits_switches_s_drain'====== Args={'value': 540, 'prev_value': None, 'change': True}
2025-11-09 23:33:16,164 : INFO : EventManager : Event: ======'machine_var_audits_switches_s_launch_button'====== Args={'value': 1, 'prev_value': None, 'change': True}
2025-11-09 23:33:16,164 : INFO : EventManager : Event: ======'machine_var_audits_switches_s_left_flipper'====== Args={'value': 383, 'prev_value': None, 'change': True}
2025-11-09 23:33:16,164 : INFO : EventManager : Event: ======'machine_var_audits_switches_s_left_inlane1'====== Args={'value': 172, 'prev_value': None, 'change': True}
2025-11-09 23:33:16,164 : INFO : EventManager : Event: ======'machine_var_audits_switches_s_left_inlane2'====== Args={'value': 159, 'prev_value': None, 'change': True}
2025-11-09 23:33:16,164 : INFO : EventManager : Event: ======'machine_var_audits_switches_s_left_outlane'====== Args={'value': 1, 'prev_value': None, 'change': True}
2025-11-09 23:33:16,164 : INFO : EventManager : Event: ======'machine_var_audits_switches_s_plunger_lane'====== Args={'value': 847, 'prev_value': None, 'change': True}
2025-11-09 23:33:16,164 : INFO : EventManager : Event: ======'machine_var_audits_switches_s_popbumper1'====== Args={'value': 4199, 'prev_value': None, 'change': True}
2025-11-09 23:33:16,164 : INFO : EventManager : Event: ======'machine_var_audits_switches_s_popbumper2'====== Args={'value': 4125, 'prev_value': None, 'change': True}
2025-11-09 23:33:16,164 : INFO : EventManager : Event: ======'machine_var_audits_switches_s_popbumper3'====== Args={'value': 3966, 'prev_value': None, 'change': True}
2025-11-09 23:33:16,164 : INFO : EventManager : Event: ======'machine_var_audits_switches_s_ramp'====== Args={'value': 328, 'prev_value': None, 'change': True}
2025-11-09 23:33:16,164 : INFO : EventManager : Event: ======'machine_var_audits_switches_s_right_flipper'====== Args={'value': 659, 'prev_value': None, 'change': True}
2025-11-09 23:33:16,164 : INFO : EventManager : Event: ======'machine_var_audits_switches_s_right_inlane'====== Args={'value': 141, 'prev_value': None, 'change': True}
2025-11-09 23:33:16,164 : INFO : EventManager : Event: ======'machine_var_audits_switches_s_right_orbit'====== Args={'value': 47, 'prev_value': None, 'change': True}
2025-11-09 23:33:16,164 : INFO : EventManager : Event: ======'machine_var_audits_switches_s_right_outlane'====== Args={'value': 5, 'prev_value': None, 'change': True}
2025-11-09 23:33:16,164 : INFO : EventManager : Event: ======'machine_var_audits_switches_s_scoop'====== Args={'value': 428, 'prev_value': None, 'change': True}
2025-11-09 23:33:16,164 : INFO : EventManager : Event: ======'machine_var_audits_switches_s_skull_lock1'====== Args={'value': 12, 'prev_value': None, 'change': True}
2025-11-09 23:33:16,164 : INFO : EventManager : Event: ======'machine_var_audits_switches_s_skull_lock2'====== Args={'value': 15, 'prev_value': None, 'change': True}
2025-11-09 23:33:16,164 : INFO : EventManager : Event: ======'machine_var_audits_switches_s_sling_left'====== Args={'value': 0, 'prev_value': None, 'change': True}
2025-11-09 23:33:16,164 : INFO : EventManager : Event: ======'machine_var_audits_switches_s_sling_right'====== Args={'value': 0, 'prev_value': None, 'change': True}
2025-11-09 23:33:16,164 : INFO : EventManager : Event: ======'machine_var_audits_switches_s_start'====== Args={'value': 658, 'prev_value': None, 'change': True}
2025-11-09 23:33:16,164 : INFO : EventManager : Event: ======'machine_var_audits_switches_s_trough1'====== Args={'value': 381, 'prev_value': None, 'change': True}
2025-11-09 23:33:16,164 : INFO : EventManager : Event: ======'machine_var_audits_switches_s_trough2'====== Args={'value': 18, 'prev_value': None, 'change': True}
2025-11-09 23:33:16,164 : INFO : EventManager : Event: ======'machine_var_audits_switches_s_trough3'====== Args={'value': 1, 'prev_value': None, 'change': True}
2025-11-09 23:33:16,164 : INFO : EventManager : Event: ======'machine_var_audits_switches_s_trough4'====== Args={'value': 1, 'prev_value': None, 'change': True}
2025-11-09 23:33:16,164 : INFO : EventManager : Event: ======'machine_var_audits_switches_s_trough_jam'====== Args={'value': 8, 'prev_value': None, 'change': True}
2025-11-09 23:33:16,164 : INFO : EventManager : Event: ======'init_phase_5'====== Args={}
2025-11-09 23:33:16,165 : INFO : EventManager : Event: ======'init_done'====== Args={}
2025-11-09 23:33:16,165 : INFO : EventManager : Event: ======'machine_reset_phase_1'====== Args={}
2025-11-09 23:33:16,175 : INFO : EventManager : Event: ======'machine_reset_phase_2'====== Args={}
2025-11-09 23:33:16,175 : INFO : EventManager : Event: ======'machine_reset_phase_3'====== Args={}
2025-11-09 23:33:16,176 : INFO : EventManager : Event: ======'reset_complete'====== Args={}
2025-11-09 23:33:16,176 : INFO : EventManager : Event: ======'mode_attract_will_start'====== Args={}
2025-11-09 23:33:16,177 : INFO : Timer.attract_carousel_timer : Starting Timer.
2025-11-09 23:33:16,177 : INFO : EventManager : Event: ======'timer_attract_carousel_timer_started'====== Args={'ticks': 0, 'ticks_remaining': 1}
2025-11-09 23:33:16,177 : INFO : EventManager : Event: ======'timer_attract_carousel_timer_tick'====== Args={'ticks': 0, 'ticks_remaining': 1}
2025-11-09 23:33:16,177 : INFO : EventManager : Event: ======'mode_attract_starting'====== Args={}
2025-11-09 23:33:16,177 : INFO : Mode.attract : Started. Priority: 10
2025-11-09 23:33:16,177 : INFO : EventManager : Event: ======'modes_active_modes_changed'====== Args={}
2025-11-09 23:33:16,177 : INFO : EventManager : Event: ======'mode_attract_started'====== Args={}
2025-11-09 23:33:16,177 : INFO : EventManager : Event: ======'collecting_balls_complete'====== Args={}
2025-11-09 23:33:16,177 : INFO : EventManager : Event: ======'carousel_item_highlighted'====== Args={'carousel': 'attract', 'direction': None, 'item': 'title'}
2025-11-09 23:33:16,177 : INFO : Machine : Starting the main run loop with active modes: [<Mode.attract>]
2025-11-09 23:33:16,467 : INFO : BcpServer : New client connected.
2025-11-09 23:33:16,563 : INFO : EventManager : Event: ======'slide_attract_created'====== Args={'_from_bcp': True}
2025-11-09 23:33:16,563 : INFO : EventManager : Event: ======'slide__removed'====== Args={'_from_bcp': True}
2025-11-09 23:33:16,564 : INFO : EventManager : Event: ======'slide_attract_active'====== Args={'original_context': 'attract', 'original_calling_context': 'mode_attract_started', 'priority': 10.0, 'cmd': 'slides_play', '_from_bcp': True}
2025-11-09 23:33:20,025 : INFO : SwitchController : <<<<<<< 's_start' active >>>>>>>
2025-11-09 23:33:20,141 : INFO : SwitchController : <<<<<<< 's_start' inactive >>>>>>>
2025-11-09 23:33:20,141 : INFO : EventManager : Event: ======'request_to_start_game'====== Args={}
2025-11-09 23:33:20,142 : INFO : EventManager : Event: ======'game_start'====== Args={'buttons': [], 'hold_time': 0.11609745805617422}
2025-11-09 23:33:20,142 : INFO : EventManager : Event: ======'mode_game_will_start'====== Args={'buttons': [], 'hold_time': 0.11609745805617422}
2025-11-09 23:33:20,143 : INFO : EventManager : Event: ======'mode_game_starting'====== Args={'buttons': [], 'hold_time': 0.11609745805617422}
2025-11-09 23:33:20,143 : INFO : EventManager : Event: ======'mode_attract_will_stop'====== Args={}
2025-11-09 23:33:20,144 : INFO : EventManager : Event: ======'mode_attract_stopping'====== Args={}
2025-11-09 23:33:20,144 : INFO : Mode.attract : Stopped.
2025-11-09 23:33:20,144 : INFO : EventManager : Event: ======'modes_active_modes_changed'====== Args={}
2025-11-09 23:33:20,145 : INFO : EventManager : Event: ======'mode_attract_stopped'====== Args={}
2025-11-09 23:33:20,146 : INFO : EventManager : Event: ======'clear'====== Args={'key': 'attract'}
2025-11-09 23:33:20,146 : INFO : Timer.attract_carousel_timer : Stopping Timer
2025-11-09 23:33:20,146 : INFO : EventManager : Event: ======'timer_attract_carousel_timer_stopped'====== Args={'ticks': 0, 'ticks_remaining': 1}
2025-11-09 23:33:20,146 : INFO : Mode.game : Started. Priority: 20
2025-11-09 23:33:20,146 : INFO : EventManager : Event: ======'modes_active_modes_changed'====== Args={}
2025-11-09 23:33:20,147 : INFO : EventManager : Event: ======'mode_game_started'====== Args={'buttons': [], 'hold_time': 0.11609745805617422}
2025-11-09 23:33:20,147 : INFO : EventManager : Event: ======'game_will_start'====== Args={}
2025-11-09 23:33:20,148 : INFO : EventManager : Event: ======'game_starting'====== Args={'game': <Mode.game>}
2025-11-09 23:33:20,149 : INFO : EventManager : Unordered handler for class <Auditor> on event game_ended with priority 1. Handlers: [RegisteredHandler(callback=<bound method Auditor.disable of <Auditor>>, priority=1, kwargs={}, key=UUID('58e60332-74fc-4ee9-8355-296b2657f940'), condition=None, blocking_facility=None), RegisteredHandler(callback=<bound method Auditor._save_audits of <Auditor>>, priority=1, kwargs={}, key=UUID('ed0d915e-2a2f-4e02-9979-077ff01d872c'), condition=None, blocking_facility=None)]. The order of those handlers is not defined and they will be executed in random order. This might lead to race conditions and potential bugs.
2025-11-09 23:33:20,149 : INFO : EventManager : Event: ======'player_add_request'====== Args={}
2025-11-09 23:33:20,149 : INFO : EventManager : Event: ======'player_will_add'====== Args={'number': 1}
2025-11-09 23:33:20,150 : INFO : EventManager : Event: ======'player_adding'====== Args={'player': <Player 1>, 'number': 1}
2025-11-09 23:33:20,150 : INFO : EventManager : Event: ======'player_added'====== Args={'player': <Player 1>, 'num': 1}
2025-11-09 23:33:20,150 : INFO : Mode.game : Player added successfully. Total players: 1
2025-11-09 23:33:20,150 : INFO : EventManager : Event: ======'player_index'====== Args={'value': 0, 'prev_value': 0, 'change': 0, 'player_num': 1}
2025-11-09 23:33:20,151 : INFO : EventManager : Event: ======'player_number'====== Args={'value': 1, 'prev_value': 1, 'change': 0, 'player_num': 1}
2025-11-09 23:33:20,151 : INFO : EventManager : Event: ======'player_bonus_multiplier'====== Args={'value': 1, 'prev_value': 1, 'change': 0, 'player_num': 1}
2025-11-09 23:33:20,151 : INFO : EventManager : Event: ======'player_skull_ramp_nb'====== Args={'value': 0, 'prev_value': 0, 'change': 0, 'player_num': 1}
2025-11-09 23:33:20,151 : INFO : EventManager : Event: ======'player_score'====== Args={'value': 0, 'prev_value': 0, 'change': 0, 'player_num': 1}
2025-11-09 23:33:20,151 : INFO : EventManager : Event: ======'game_started'====== Args={}
2025-11-09 23:33:20,152 : INFO : EventManager : Event: ======'player_turn_will_start'====== Args={'player': <Player 1>, 'number': 1}
2025-11-09 23:33:20,153 : INFO : EventManager : Event: ======'player_turn_starting'====== Args={'player': <Player 1>, 'number': 1}
2025-11-09 23:33:20,159 : INFO : EventManager : Event: ======'player_ball'====== Args={'value': 1, 'prev_value': 0, 'change': 1, 'player_num': 1}
2025-11-09 23:33:20,164 : INFO : EventManager : Event: ======'player_turn_started'====== Args={'player': <Player 1>, 'number': 1}
2025-11-09 23:33:20,164 : INFO : EventManager : Event: ======'ball_will_start'====== Args={'player': 1, 'ball': 1, 'balls_remaining': 2, 'is_extra_ball': False}
2025-11-09 23:33:20,165 : INFO : EventManager : Event: ======'ball_starting'====== Args={'player': 1, 'ball': 1, 'balls_remaining': 2, 'is_extra_ball': False}
2025-11-09 23:33:20,165 : INFO : EventManager : Event: ======'mode_base_will_start'====== Args={'queue': <QueuedEvent>, 'player': 1, 'ball': 1, 'balls_remaining': 2, 'is_extra_ball': False}
2025-11-09 23:33:20,165 : INFO : EventManager : Event: ======'player_base_player_added_timer_tick'====== Args={'value': 0, 'prev_value': 0, 'change': 0, 'player_num': 1}
2025-11-09 23:33:20,166 : INFO : Timer.player_added_timer : Starting Timer.
2025-11-09 23:33:20,166 : INFO : EventManager : Event: ======'timer_player_added_timer_started'====== Args={'ticks': 0, 'ticks_remaining': 1}
2025-11-09 23:33:20,166 : INFO : EventManager : Event: ======'timer_player_added_timer_tick'====== Args={'ticks': 0, 'ticks_remaining': 1}
2025-11-09 23:33:20,167 : INFO : EventManager : Event: ======'mode_base_starting'====== Args={'queue': <QueuedEvent>, 'player': 1, 'ball': 1, 'balls_remaining': 2, 'is_extra_ball': False}
2025-11-09 23:33:20,167 : INFO : Mode.base : Started. Priority: 100
2025-11-09 23:33:20,167 : INFO : EventManager : Event: ======'modes_active_modes_changed'====== Args={}
2025-11-09 23:33:20,167 : INFO : EventManager : Event: ======'mode_base_started'====== Args={'queue': <QueuedEvent>, 'player': 1, 'ball': 1, 'balls_remaining': 2, 'is_extra_ball': False}
2025-11-09 23:33:20,168 : INFO : EventManager : Event: ======'start_mode_bumpers'====== Args={'priority': 0}
2025-11-09 23:33:20,168 : INFO : EventManager : Event: ======'start_mode_csi_lanes'====== Args={'priority': 0}
2025-11-09 23:33:20,168 : INFO : EventManager : Event: ======'start_mode_skull'====== Args={'priority': 0}
2025-11-09 23:33:20,168 : INFO : EventManager : Event: ======'mode_bumpers_will_start'====== Args={'priority': 0}
2025-11-09 23:33:20,168 : INFO : EventManager : Event: ======'player_shot_bumper1_enabled'====== Args={'value': True, 'prev_value': 0, 'change': 1, 'player_num': 1}
2025-11-09 23:33:20,169 : INFO : EventManager : Event: ======'player_shot_bumper2_enabled'====== Args={'value': True, 'prev_value': 0, 'change': 1, 'player_num': 1}
2025-11-09 23:33:20,169 : INFO : EventManager : Event: ======'player_shot_bumper3_enabled'====== Args={'value': True, 'prev_value': 0, 'change': 1, 'player_num': 1}
2025-11-09 23:33:20,170 : INFO : EventManager : Event: ======'bumpers_complete'====== Args={'state': 'unlit'}
2025-11-09 23:33:20,170 : INFO : EventManager : Event: ======'bumpers_unlit_complete'====== Args={}
2025-11-09 23:33:20,170 : INFO : EventManager : Event: ======'player_bumpers_bumper_timer_tick'====== Args={'value': 0, 'prev_value': 0, 'change': 0, 'player_num': 1}
2025-11-09 23:33:20,170 : INFO : Timer.bumper_timer : Starting Timer.
2025-11-09 23:33:20,170 : INFO : EventManager : Event: ======'timer_bumper_timer_started'====== Args={'ticks': 0, 'ticks_remaining': 1}
2025-11-09 23:33:20,171 : INFO : EventManager : Event: ======'timer_bumper_timer_tick'====== Args={'ticks': 0, 'ticks_remaining': 1}
2025-11-09 23:33:20,171 : INFO : EventManager : Event: ======'mode_bumpers_starting'====== Args={'priority': 0}
2025-11-09 23:33:20,171 : INFO : EventManager : Event: ======'mode_csi_lanes_will_start'====== Args={'priority': 0}
2025-11-09 23:33:20,171 : INFO : EventManager : Event: ======'player_shot_c_shot_enabled'====== Args={'value': True, 'prev_value': 0, 'change': 1, 'player_num': 1}
2025-11-09 23:33:20,172 : INFO : EventManager : Event: ======'player_shot_s_shot_enabled'====== Args={'value': True, 'prev_value': 0, 'change': 1, 'player_num': 1}
2025-11-09 23:33:20,172 : INFO : EventManager : Event: ======'player_shot_i_shot_enabled'====== Args={'value': True, 'prev_value': 0, 'change': 1, 'player_num': 1}
2025-11-09 23:33:20,173 : INFO : EventManager : Event: ======'csi_shots_complete'====== Args={'state': 'unlit'}
2025-11-09 23:33:20,173 : INFO : EventManager : Event: ======'csi_shots_unlit_complete'====== Args={}
2025-11-09 23:33:20,173 : INFO : EventManager : Event: ======'player_csi_lanes_csi_lanes_timer_tick'====== Args={'value': 0, 'prev_value': 0, 'change': 0, 'player_num': 1}
2025-11-09 23:33:20,174 : INFO : Timer.csi_lanes_timer : Starting Timer.
2025-11-09 23:33:20,174 : INFO : EventManager : Event: ======'timer_csi_lanes_timer_started'====== Args={'ticks': 0, 'ticks_remaining': 1}
2025-11-09 23:33:20,174 : INFO : EventManager : Event: ======'timer_csi_lanes_timer_tick'====== Args={'ticks': 0, 'ticks_remaining': 1}
2025-11-09 23:33:20,174 : INFO : EventManager : Event: ======'player_csi_lanes_csi_right_orbit_timer_tick'====== Args={'value': 0, 'prev_value': 0, 'change': 0, 'player_num': 1}
2025-11-09 23:33:20,175 : INFO : EventManager : Event: ======'mode_csi_lanes_starting'====== Args={'priority': 0}
2025-11-09 23:33:20,175 : INFO : EventManager : Event: ======'mode_skull_will_start'====== Args={'priority': 0}
2025-11-09 23:33:20,175 : INFO : EventManager : Event: ======'player_skull_pause_timer_tick'====== Args={'value': 0, 'prev_value': 0, 'change': 0, 'player_num': 1}
2025-11-09 23:33:20,175 : INFO : Timer.pause_timer : Starting Timer.
2025-11-09 23:33:20,176 : INFO : EventManager : Event: ======'timer_pause_timer_started'====== Args={'ticks': 0, 'ticks_remaining': 10}
2025-11-09 23:33:20,176 : INFO : EventManager : Event: ======'timer_pause_timer_tick'====== Args={'ticks': 0, 'ticks_remaining': 10}
2025-11-09 23:33:20,176 : INFO : EventManager : Event: ======'mode_skull_starting'====== Args={'priority': 0}
2025-11-09 23:33:20,176 : INFO : Mode.bumpers : Started. Priority: 200
2025-11-09 23:33:20,176 : INFO : EventManager : Event: ======'modes_active_modes_changed'====== Args={}
2025-11-09 23:33:20,176 : INFO : EventManager : Event: ======'mode_bumpers_started'====== Args={'priority': 0}
2025-11-09 23:33:20,177 : INFO : EventManager : Event: ======'balls_in_play'====== Args={'balls': 1}
2025-11-09 23:33:20,177 : INFO : EventManager : Event: ======'ball_started'====== Args={'player': 1, 'ball': 1, 'balls_remaining': 2, 'is_extra_ball': False}
2025-11-09 23:33:20,177 : INFO : EventManager : Event: ======'logicblock_csi_lanes_then_scoop_updated'====== Args={'value': 0, 'enabled': True}
2025-11-09 23:33:20,177 : INFO : EventManager : Event: ======'logicblock_csi_lanes_then_scoop_then_right_orbit_updated'====== Args={'value': 0, 'enabled': True}
2025-11-09 23:33:20,177 : INFO : EventManager : Event: ======'logicblock_csi_lanes_then_scoop_updated'====== Args={'value': 0, 'enabled': True}
2025-11-09 23:33:20,177 : INFO : EventManager : Event: ======'logicblock_csi_lanes_then_scoop_then_right_orbit_updated'====== Args={'value': 0, 'enabled': True}
2025-11-09 23:33:20,177 : INFO : Mode.csi_lanes : Started. Priority: 200
2025-11-09 23:33:20,177 : INFO : EventManager : Event: ======'modes_active_modes_changed'====== Args={}
2025-11-09 23:33:20,177 : INFO : EventManager : Event: ======'mode_csi_lanes_started'====== Args={'priority': 0}
2025-11-09 23:33:20,177 : INFO : EventManager : Event: ======'player_multiplier'====== Args={'value': 1, 'prev_value': 0, 'change': 1, 'player_num': 1, 'source': 'csi_lanes'}
2025-11-09 23:33:20,178 : INFO : EventManager : Event: ======'logicblock_seq_lock1_updated'====== Args={'value': 0, 'enabled': True}
2025-11-09 23:33:20,178 : INFO : EventManager : Event: ======'logicblock_seq_lock2_updated'====== Args={'value': 0, 'enabled': True}
2025-11-09 23:33:20,178 : INFO : EventManager : Event: ======'logicblock_seq_ready_for_MB_updated'====== Args={'value': 0, 'enabled': True}
2025-11-09 23:33:20,178 : INFO : EventManager : Event: ======'logicblock_seq_lock1_updated'====== Args={'value': 0, 'enabled': True}
2025-11-09 23:33:20,178 : INFO : EventManager : Event: ======'logicblock_seq_lock2_updated'====== Args={'value': 0, 'enabled': True}
2025-11-09 23:33:20,178 : INFO : EventManager : Event: ======'logicblock_seq_ready_for_MB_updated'====== Args={'value': 0, 'enabled': True}
2025-11-09 23:33:20,178 : INFO : Mode.skull : Started. Priority: 200
2025-11-09 23:33:20,178 : INFO : EventManager : Event: ======'modes_active_modes_changed'====== Args={}
2025-11-09 23:33:20,178 : INFO : EventManager : Event: ======'mode_skull_started'====== Args={'priority': 0}
2025-11-09 23:33:20,179 : INFO : EventManager : Event: ======'single_player_ball_started'====== Args={}
2025-11-09 23:33:20,179 : INFO : EventManager : Event: ======'ball_start_target'====== Args={'target': 'playfield'}
2025-11-09 23:33:20,179 : INFO : ball_device.bd_trough : Setting up player-controlled eject. Balls: 1, Target: <playfield.playfield>, player_controlled_eject_event: None
2025-11-09 23:33:20,179 : INFO : ball_device.bd_trough : Adding 1 ball(s) to the eject_queue with target <playfield.playfield>.
2025-11-09 23:33:20,179 : INFO : EventManager : Event: ======'balldevice_balls_available'====== Args={}
2025-11-09 23:33:20,180 : INFO : ball_device.bd_trough : State: waiting_for_target_ready
2025-11-09 23:33:20,180 : INFO : EventManager : Event: ======'balldevice_bd_trough_ball_eject_attempt'====== Args={'balls': 1, 'target': <ball_device.bd_plunger>, 'source': <ball_device.bd_trough>, 'mechanical_eject': False, 'num_attempts': 0}
2025-11-09 23:33:20,180 : INFO : ball_device.bd_plunger : State: waiting_for_ball
2025-11-09 23:33:20,180 : INFO : ball_device.bd_trough : State: ejecting
2025-11-09 23:33:20,180 : INFO : ball_device.bd_trough : Ejecting ball to <ball_device.bd_plunger>
2025-11-09 23:33:20,180 : INFO : EventManager : Event: ======'balldevice_bd_trough_ejecting_ball'====== Args={'balls': 1, 'target': <ball_device.bd_plunger>, 'source': <ball_device.bd_trough>, 'mechanical_eject': False, 'num_attempts': 0}
2025-11-09 23:33:20,181 : INFO : ball_device.bd_trough : Wait for ball to leave device
2025-11-09 23:33:20,181 : INFO : coil.c_trough_eject : Pulsing Driver for 20ms (1.0 pulse_power)
2025-11-09 23:33:20,181 : INFO : SwitchController : <<<<<<< 's_trough1' inactive >>>>>>>
2025-11-09 23:33:20,181 : INFO : ball_device.bd_trough : State: ball_left
2025-11-09 23:33:20,181 : INFO : ball_device.bd_trough : Ball left
2025-11-09 23:33:20,181 : INFO : ball_device.bd_trough : Wait for confirm with timeout 3.0
2025-11-09 23:33:20,282 : INFO : SwitchController : <<<<<<< 's_plunger_lane' active >>>>>>>
2025-11-09 23:33:20,282 : INFO : EventManager : Event: ======'machine_var_audits_switches_s_plunger_lane'====== Args={'value': 848, 'prev_value': 847, 'change': 1}
2025-11-09 23:33:20,316 : INFO : EventManager : Event: ======'slide_base_slide_created'====== Args={'_from_bcp': True}
2025-11-09 23:33:20,316 : INFO : EventManager : Event: ======'slide_attract_inactive'====== Args={'is_removing': True, '_from_bcp': True}
2025-11-09 23:33:20,317 : INFO : EventManager : Event: ======'slide_base_slide_active'====== Args={'original_context': 'base', 'original_calling_context': 'mode_base_started', 'priority': 100.0, 'queue': '<QueuedEvent>', 'player': 1.0, 'ball': 1.0, 'balls_remaining': 2.0, 'is_extra_ball': False, 'cmd': 'slides_play', '_from_bcp': True}
2025-11-09 23:33:20,317 : INFO : EventManager : Event: ======'slide_attract_removed'====== Args={'_from_bcp': True}
2025-11-09 23:33:20,672 : INFO : EventManager : Event: ======'player_bumpers_bumper_timer_tick'====== Args={'value': 1, 'prev_value': 0, 'change': 1, 'player_num': 1}
2025-11-09 23:33:20,673 : INFO : Timer.bumper_timer : Timer Complete
2025-11-09 23:33:20,673 : INFO : Timer.bumper_timer : Stopping Timer
2025-11-09 23:33:20,674 : INFO : EventManager : Event: ======'timer_bumper_timer_stopped'====== Args={'ticks': 1, 'ticks_remaining': 1}
2025-11-09 23:33:20,674 : INFO : EventManager : Event: ======'timer_bumper_timer_complete'====== Args={'ticks': 1, 'ticks_remaining': 1}
2025-11-09 23:33:20,784 : INFO : ball_device.bd_plunger : Received ball from <ball_device.bd_trough>
2025-11-09 23:33:20,784 : INFO : EventManager : Event: ======'balldevice_bd_plunger_ball_enter'====== Args={'new_balls': 1, 'unclaimed_balls': 0, 'new_available_balls': 0, 'device': <ball_device.bd_plunger>}
2025-11-09 23:33:20,785 : INFO : EventManager : Event: ======'balldevice_bd_plunger_ball_entered'====== Args={'new_balls': 0, 'device': <ball_device.bd_plunger>}
2025-11-09 23:33:20,785 : INFO : EventManager : Event: ======'balldevice_bd_plunger_ball_count_changed'====== Args={'balls': 1}
2025-11-09 23:33:20,785 : INFO : ball_device.bd_trough : Got eject confirm
2025-11-09 23:33:20,785 : INFO : ball_device.bd_trough : Eject successful
2025-11-09 23:33:20,785 : INFO : EventManager : Event: ======'balldevice_bd_trough_ball_eject_success'====== Args={'balls': 1, 'target': <ball_device.bd_plunger>}
2025-11-09 23:33:20,786 : INFO : EventManager : Event: ======'balldevice_bd_trough_ball_count_changed'====== Args={'balls': 3}
2025-11-09 23:33:20,786 : INFO : ball_device.bd_trough : State: idle
2025-11-09 23:33:20,786 : INFO : ball_device.bd_plunger : State: waiting_for_target_ready
2025-11-09 23:33:20,786 : INFO : EventManager : Event: ======'balldevice_bd_plunger_ball_eject_attempt'====== Args={'balls': 1, 'target': <playfield.playfield>, 'source': <ball_device.bd_plunger>, 'mechanical_eject': False, 'num_attempts': 0}
2025-11-09 23:33:20,787 : INFO : ball_device.bd_plunger : State: ejecting
2025-11-09 23:33:20,787 : INFO : ball_device.bd_plunger : Ejecting ball to <playfield.playfield>
2025-11-09 23:33:20,787 : INFO : EventManager : Event: ======'balldevice_bd_plunger_ejecting_ball'====== Args={'balls': 1, 'target': <playfield.playfield>, 'source': <ball_device.bd_plunger>, 'mechanical_eject': False, 'num_attempts': 0}
2025-11-09 23:33:20,788 : INFO : ball_device.bd_plunger : Wait for ball to leave device
2025-11-09 23:33:20,788 : INFO : coil.c_plunger : Pulsing Driver for 20ms (1.0 pulse_power)
2025-11-09 23:33:20,788 : INFO : SwitchController : <<<<<<< 's_plunger_lane' inactive >>>>>>>
2025-11-09 23:33:20,789 : INFO : ball_device.bd_plunger : State: ball_left
2025-11-09 23:33:20,789 : INFO : ball_device.bd_plunger : Ball left
2025-11-09 23:33:20,789 : INFO : ball_device.bd_plunger : Wait for confirm with timeout 3.0
2025-11-09 23:33:20,867 : INFO : EventManager : Event: ======'player_base_player_added_timer_tick'====== Args={'value': 1, 'prev_value': 0, 'change': 1, 'player_num': 1}
2025-11-09 23:33:20,867 : INFO : Timer.player_added_timer : Timer Complete
2025-11-09 23:33:20,868 : INFO : Timer.player_added_timer : Stopping Timer
2025-11-09 23:33:20,868 : INFO : EventManager : Event: ======'timer_player_added_timer_stopped'====== Args={'ticks': 1, 'ticks_remaining': 1}
2025-11-09 23:33:20,868 : INFO : EventManager : Event: ======'timer_player_added_timer_complete'====== Args={'ticks': 1, 'ticks_remaining': 1}
2025-11-09 23:33:20,874 : INFO : EventManager : Event: ======'player_csi_lanes_csi_lanes_timer_tick'====== Args={'value': 1, 'prev_value': 0, 'change': 1, 'player_num': 1}
2025-11-09 23:33:20,874 : INFO : Timer.csi_lanes_timer : Timer Complete
2025-11-09 23:33:20,874 : INFO : Timer.csi_lanes_timer : Stopping Timer
2025-11-09 23:33:20,874 : INFO : EventManager : Event: ======'timer_csi_lanes_timer_stopped'====== Args={'ticks': 1, 'ticks_remaining': 1}
2025-11-09 23:33:20,874 : INFO : EventManager : Event: ======'timer_csi_lanes_timer_complete'====== Args={'ticks': 1, 'ticks_remaining': 1}
2025-11-09 23:33:21,176 : INFO : EventManager : Event: ======'player_skull_pause_timer_tick'====== Args={'value': 1, 'prev_value': 0, 'change': 1, 'player_num': 1}
2025-11-09 23:33:21,176 : INFO : EventManager : Event: ======'timer_pause_timer_tick'====== Args={'ticks': 1, 'ticks_remaining': 9}
2025-11-09 23:33:22,177 : INFO : EventManager : Event: ======'player_skull_pause_timer_tick'====== Args={'value': 2, 'prev_value': 1, 'change': 1, 'player_num': 1}
2025-11-09 23:33:22,178 : INFO : EventManager : Event: ======'timer_pause_timer_tick'====== Args={'ticks': 2, 'ticks_remaining': 8}
2025-11-09 23:33:23,176 : INFO : EventManager : Event: ======'player_skull_pause_timer_tick'====== Args={'value': 3, 'prev_value': 2, 'change': 1, 'player_num': 1}
2025-11-09 23:33:23,176 : INFO : EventManager : Event: ======'timer_pause_timer_tick'====== Args={'ticks': 3, 'ticks_remaining': 7}
2025-11-09 23:33:23,790 : INFO : ball_device.bd_plunger : State: failed_confirm
2025-11-09 23:33:23,791 : INFO : ball_device.bd_plunger : Got timeout (3.0s) before confirm from <playfield.playfield>
2025-11-09 23:33:23,892 : INFO : ball_device.bd_plunger : Confirming eject because target is playfield and ball did not return.
2025-11-09 23:33:23,892 : INFO : ball_device.bd_plunger : Eject successful
2025-11-09 23:33:23,893 : INFO : EventManager : Event: ======'balldevice_bd_plunger_ball_eject_success'====== Args={'balls': 1, 'target': <playfield.playfield>}
2025-11-09 23:33:23,893 : INFO : EventManager : Event: ======'balldevice_playfield_ball_enter'====== Args={'new_balls': 1, 'unclaimed_balls': 1, 'device': <playfield.playfield>}
2025-11-09 23:33:23,894 : INFO : EventManager : Event: ======'playfield_ball_count_change'====== Args={'balls': 1, 'change': 1}
2025-11-09 23:33:23,895 : INFO : EventManager : Event: ======'balldevice_bd_plunger_ball_count_changed'====== Args={'balls': 0}
2025-11-09 23:33:23,895 : INFO : ball_device.bd_plunger : State: idle
2025-11-09 23:33:24,177 : INFO : EventManager : Event: ======'player_skull_pause_timer_tick'====== Args={'value': 4, 'prev_value': 3, 'change': 1, 'player_num': 1}
2025-11-09 23:33:24,178 : INFO : EventManager : Event: ======'timer_pause_timer_tick'====== Args={'ticks': 4, 'ticks_remaining': 6}
2025-11-09 23:33:25,081 : INFO : SwitchController : <<<<<<< 's_ramp' active >>>>>>>
2025-11-09 23:33:25,082 : INFO : EventManager : Event: ======'s_ramp_active'====== Args={}
2025-11-09 23:33:25,082 : INFO : EventManager : Event: ======'machine_var_audits_switches_s_ramp'====== Args={'value': 329, 'prev_value': 328, 'change': 1}
2025-11-09 23:33:25,083 : INFO : EventManager : Event: ======'player_skull_ramp_nb'====== Args={'value': 1, 'prev_value': 0, 'change': 1, 'player_num': 1, 'source': 'skull'}
2025-11-09 23:33:25,162 : INFO : SwitchController : <<<<<<< 's_ramp' inactive >>>>>>>
2025-11-09 23:33:25,177 : INFO : EventManager : Event: ======'player_skull_pause_timer_tick'====== Args={'value': 5, 'prev_value': 4, 'change': 1, 'player_num': 1}
2025-11-09 23:33:25,177 : INFO : EventManager : Event: ======'timer_pause_timer_tick'====== Args={'ticks': 5, 'ticks_remaining': 5}
2025-11-09 23:33:25,244 : INFO : SwitchController : <<<<<<< 's_ramp' active >>>>>>>
2025-11-09 23:33:25,245 : INFO : EventManager : Event: ======'s_ramp_active'====== Args={}
2025-11-09 23:33:25,245 : INFO : EventManager : Event: ======'machine_var_audits_switches_s_ramp'====== Args={'value': 330, 'prev_value': 329, 'change': 1}
2025-11-09 23:33:25,245 : INFO : EventManager : Event: ======'player_skull_ramp_nb'====== Args={'value': 2, 'prev_value': 1, 'change': 1, 'player_num': 1, 'source': 'skull'}
2025-11-09 23:33:25,344 : INFO : SwitchController : <<<<<<< 's_ramp' inactive >>>>>>>
2025-11-09 23:33:25,428 : INFO : SwitchController : <<<<<<< 's_ramp' active >>>>>>>
2025-11-09 23:33:25,428 : INFO : EventManager : Event: ======'s_ramp_active'====== Args={}
2025-11-09 23:33:25,428 : INFO : EventManager : Event: ======'machine_var_audits_switches_s_ramp'====== Args={'value': 331, 'prev_value': 330, 'change': 1}
2025-11-09 23:33:25,428 : INFO : EventManager : Event: ======'player_skull_ramp_nb'====== Args={'value': 3, 'prev_value': 2, 'change': 1, 'player_num': 1, 'source': 'skull'}
2025-11-09 23:33:25,497 : INFO : SwitchController : <<<<<<< 's_ramp' inactive >>>>>>>
2025-11-09 23:33:25,595 : INFO : SwitchController : <<<<<<< 's_ramp' active >>>>>>>
2025-11-09 23:33:25,595 : INFO : EventManager : Event: ======'s_ramp_active'====== Args={}
2025-11-09 23:33:25,595 : INFO : EventManager : Event: ======'machine_var_audits_switches_s_ramp'====== Args={'value': 332, 'prev_value': 331, 'change': 1}
2025-11-09 23:33:25,595 : INFO : EventManager : Event: ======'player_skull_ramp_nb'====== Args={'value': 4, 'prev_value': 3, 'change': 1, 'player_num': 1, 'source': 'skull'}
2025-11-09 23:33:25,682 : INFO : SwitchController : <<<<<<< 's_ramp' inactive >>>>>>>
2025-11-09 23:33:25,761 : INFO : SwitchController : <<<<<<< 's_ramp' active >>>>>>>
2025-11-09 23:33:25,761 : INFO : EventManager : Event: ======'s_ramp_active'====== Args={}
2025-11-09 23:33:25,761 : INFO : EventManager : Event: ======'machine_var_audits_switches_s_ramp'====== Args={'value': 333, 'prev_value': 332, 'change': 1}
2025-11-09 23:33:25,762 : INFO : EventManager : Event: ======'player_skull_ramp_nb'====== Args={'value': 5, 'prev_value': 4, 'change': 1, 'player_num': 1, 'source': 'skull'}
2025-11-09 23:33:25,861 : INFO : SwitchController : <<<<<<< 's_ramp' inactive >>>>>>>
2025-11-09 23:33:25,930 : INFO : SwitchController : <<<<<<< 's_ramp' active >>>>>>>
2025-11-09 23:33:25,930 : INFO : EventManager : Event: ======'s_ramp_active'====== Args={}
2025-11-09 23:33:25,930 : INFO : EventManager : Event: ======'machine_var_audits_switches_s_ramp'====== Args={'value': 334, 'prev_value': 333, 'change': 1}
2025-11-09 23:33:25,931 : INFO : EventManager : Event: ======'player_skull_ramp_nb'====== Args={'value': 6, 'prev_value': 5, 'change': 1, 'player_num': 1, 'source': 'skull'}
2025-11-09 23:33:26,013 : INFO : SwitchController : <<<<<<< 's_ramp' inactive >>>>>>>
2025-11-09 23:33:26,095 : INFO : SwitchController : <<<<<<< 's_ramp' active >>>>>>>
2025-11-09 23:33:26,095 : INFO : EventManager : Event: ======'s_ramp_active'====== Args={}
2025-11-09 23:33:26,095 : INFO : EventManager : Event: ======'machine_var_audits_switches_s_ramp'====== Args={'value': 335, 'prev_value': 334, 'change': 1}
2025-11-09 23:33:26,096 : INFO : EventManager : Event: ======'player_skull_ramp_nb'====== Args={'value': 7, 'prev_value': 6, 'change': 1, 'player_num': 1, 'source': 'skull'}
2025-11-09 23:33:26,176 : INFO : EventManager : Event: ======'player_skull_pause_timer_tick'====== Args={'value': 6, 'prev_value': 5, 'change': 1, 'player_num': 1}
2025-11-09 23:33:26,177 : INFO : EventManager : Event: ======'timer_pause_timer_tick'====== Args={'ticks': 6, 'ticks_remaining': 4}
2025-11-09 23:33:26,177 : INFO : SwitchController : <<<<<<< 's_ramp' inactive >>>>>>>
2025-11-09 23:33:26,244 : INFO : SwitchController : <<<<<<< 's_ramp' active >>>>>>>
2025-11-09 23:33:26,244 : INFO : EventManager : Event: ======'s_ramp_active'====== Args={}
2025-11-09 23:33:26,244 : INFO : EventManager : Event: ======'machine_var_audits_switches_s_ramp'====== Args={'value': 336, 'prev_value': 335, 'change': 1}
2025-11-09 23:33:26,245 : INFO : EventManager : Event: ======'player_skull_ramp_nb'====== Args={'value': 8, 'prev_value': 7, 'change': 1, 'player_num': 1, 'source': 'skull'}
2025-11-09 23:33:26,344 : INFO : SwitchController : <<<<<<< 's_ramp' inactive >>>>>>>
2025-11-09 23:33:26,429 : INFO : SwitchController : <<<<<<< 's_ramp' active >>>>>>>
2025-11-09 23:33:26,429 : INFO : EventManager : Event: ======'s_ramp_active'====== Args={}
2025-11-09 23:33:26,429 : INFO : EventManager : Event: ======'machine_var_audits_switches_s_ramp'====== Args={'value': 337, 'prev_value': 336, 'change': 1}
2025-11-09 23:33:26,430 : INFO : EventManager : Event: ======'player_skull_ramp_nb'====== Args={'value': 9, 'prev_value': 8, 'change': 1, 'player_num': 1, 'source': 'skull'}
2025-11-09 23:33:26,578 : INFO : SwitchController : <<<<<<< 's_ramp' inactive >>>>>>>
2025-11-09 23:33:26,732 : INFO : SwitchController : <<<<<<< 's_ramp' active >>>>>>>
2025-11-09 23:33:26,732 : INFO : EventManager : Event: ======'s_ramp_active'====== Args={}
2025-11-09 23:33:26,733 : INFO : EventManager : Event: ======'machine_var_audits_switches_s_ramp'====== Args={'value': 338, 'prev_value': 337, 'change': 1}
2025-11-09 23:33:26,733 : INFO : EventManager : Event: ======'player_skull_ramp_nb'====== Args={'value': 10, 'prev_value': 9, 'change': 1, 'player_num': 1, 'source': 'skull'}
2025-11-09 23:33:26,734 : INFO : EventManager : Event: ======'logicblock_seq_lock1_updated'====== Args={'value': 1, 'enabled': True}
2025-11-09 23:33:26,734 : INFO : EventManager : Event: ======'logicblock_seq_lock1_hit'====== Args={'step': 1}
2025-11-09 23:33:26,861 : INFO : SwitchController : <<<<<<< 's_ramp' inactive >>>>>>>
2025-11-09 23:33:27,146 : INFO : SwitchController : <<<<<<< 's_ramp' active >>>>>>>
2025-11-09 23:33:27,146 : INFO : EventManager : Event: ======'s_ramp_active'====== Args={}
2025-11-09 23:33:27,147 : INFO : EventManager : Event: ======'machine_var_audits_switches_s_ramp'====== Args={'value': 339, 'prev_value': 338, 'change': 1}
2025-11-09 23:33:27,147 : INFO : EventManager : Event: ======'player_skull_ramp_nb'====== Args={'value': 11, 'prev_value': 10, 'change': 1, 'player_num': 1, 'source': 'skull'}
2025-11-09 23:33:27,177 : INFO : EventManager : Event: ======'player_skull_pause_timer_tick'====== Args={'value': 7, 'prev_value': 6, 'change': 1, 'player_num': 1}
2025-11-09 23:33:27,178 : INFO : EventManager : Event: ======'timer_pause_timer_tick'====== Args={'ticks': 7, 'ticks_remaining': 3}
2025-11-09 23:33:27,265 : INFO : SwitchController : <<<<<<< 's_ramp' inactive >>>>>>>
2025-11-09 23:33:28,177 : INFO : EventManager : Event: ======'player_skull_pause_timer_tick'====== Args={'value': 8, 'prev_value': 7, 'change': 1, 'player_num': 1}
2025-11-09 23:33:28,177 : INFO : EventManager : Event: ======'timer_pause_timer_tick'====== Args={'ticks': 8, 'ticks_remaining': 2}
2025-11-09 23:33:29,176 : INFO : EventManager : Event: ======'player_skull_pause_timer_tick'====== Args={'value': 9, 'prev_value': 8, 'change': 1, 'player_num': 1}
2025-11-09 23:33:29,177 : INFO : EventManager : Event: ======'timer_pause_timer_tick'====== Args={'ticks': 9, 'ticks_remaining': 1}
2025-11-09 23:33:29,262 : INFO : SwitchController : <<<<<<< 's_skull_lock1' active >>>>>>>
2025-11-09 23:33:29,262 : INFO : EventManager : Event: ======'s_skull_lock1_active'====== Args={}
2025-11-09 23:33:29,263 : INFO : EventManager : Event: ======'machine_var_audits_switches_s_skull_lock1'====== Args={'value': 13, 'prev_value': 12, 'change': 1}
2025-11-09 23:33:29,263 : INFO : EventManager : Event: ======'logicblock_seq_lock1_updated'====== Args={'value': 2, 'enabled': True}
2025-11-09 23:33:29,263 : INFO : EventManager : Event: ======'logicblock_seq_lock1_hit'====== Args={'step': 2}
2025-11-09 23:33:29,266 : INFO : EventManager : Event: ======'seq_lock1_done'====== Args={}
2025-11-09 23:33:29,266 : INFO : EventManager : Event: ======'logicblock_seq_lock1_updated'====== Args={'value': 0, 'enabled': True}
2025-11-09 23:33:29,266 : INFO : EventManager : Event: ======'logicblock_seq_lock2_updated'====== Args={'value': 1, 'enabled': True}
2025-11-09 23:33:29,266 : INFO : EventManager : Event: ======'logicblock_seq_lock2_hit'====== Args={'step': 1}
2025-11-09 23:33:29,347 : INFO : SwitchController : <<<<<<< 's_skull_lock1' inactive >>>>>>>
2025-11-09 23:33:30,177 : INFO : EventManager : Event: ======'player_skull_pause_timer_tick'====== Args={'value': 10, 'prev_value': 9, 'change': 1, 'player_num': 1}
2025-11-09 23:33:30,178 : INFO : Timer.pause_timer : Timer Complete
2025-11-09 23:33:30,178 : INFO : Timer.pause_timer : Stopping Timer
2025-11-09 23:33:30,178 : INFO : EventManager : Event: ======'timer_pause_timer_stopped'====== Args={'ticks': 10, 'ticks_remaining': 1}
2025-11-09 23:33:30,178 : INFO : EventManager : Event: ======'timer_pause_timer_complete'====== Args={'ticks': 10, 'ticks_remaining': 1}
2025-11-09 23:33:30,296 : INFO : SwitchController : <<<<<<< 's_skull_lock2' active >>>>>>>
2025-11-09 23:33:30,296 : INFO : EventManager : Event: ======'s_skull_lock2_active'====== Args={}
2025-11-09 23:33:30,296 : INFO : EventManager : Event: ======'machine_var_audits_switches_s_skull_lock2'====== Args={'value': 16, 'prev_value': 15, 'change': 1}
2025-11-09 23:33:30,297 : INFO : EventManager : Event: ======'logicblock_seq_lock2_updated'====== Args={'value': 2, 'enabled': True}
2025-11-09 23:33:30,297 : INFO : EventManager : Event: ======'logicblock_seq_lock2_hit'====== Args={'step': 2}
2025-11-09 23:33:30,297 : INFO : EventManager : Event: ======'seq_lock2_done'====== Args={}
2025-11-09 23:33:30,297 : INFO : EventManager : Event: ======'logicblock_seq_lock2_updated'====== Args={'value': 0, 'enabled': True}
2025-11-09 23:33:30,297 : INFO : EventManager : Event: ======'player_skull_pause_timer_tick'====== Args={'value': 0, 'prev_value': 10, 'change': -10, 'player_num': 1}
2025-11-09 23:33:30,301 : INFO : Timer.pause_timer : Starting Timer.
2025-11-09 23:33:30,301 : INFO : EventManager : Event: ======'timer_pause_timer_started'====== Args={'ticks': 0, 'ticks_remaining': 10}
2025-11-09 23:33:30,301 : INFO : EventManager : Event: ======'timer_pause_timer_tick'====== Args={'ticks': 0, 'ticks_remaining': 10}
2025-11-09 23:33:30,302 : INFO : EventManager : Event: ======'logicblock_seq_ready_for_MB_updated'====== Args={'value': 1, 'enabled': True}
2025-11-09 23:33:30,302 : INFO : EventManager : Event: ======'logicblock_seq_ready_for_MB_hit'====== Args={'step': 1}
2025-11-09 23:33:30,396 : INFO : SwitchController : <<<<<<< 's_skull_lock2' inactive >>>>>>>
2025-11-09 23:33:31,302 : INFO : EventManager : Event: ======'player_skull_pause_timer_tick'====== Args={'value': 1, 'prev_value': 0, 'change': 1, 'player_num': 1}
2025-11-09 23:33:31,303 : INFO : EventManager : Event: ======'timer_pause_timer_tick'====== Args={'ticks': 1, 'ticks_remaining': 9}
2025-11-09 23:33:32,302 : INFO : EventManager : Event: ======'player_skull_pause_timer_tick'====== Args={'value': 2, 'prev_value': 1, 'change': 1, 'player_num': 1}
2025-11-09 23:33:32,303 : INFO : EventManager : Event: ======'timer_pause_timer_tick'====== Args={'ticks': 2, 'ticks_remaining': 8}
2025-11-09 23:33:33,302 : INFO : EventManager : Event: ======'player_skull_pause_timer_tick'====== Args={'value': 3, 'prev_value': 2, 'change': 1, 'player_num': 1}
2025-11-09 23:33:33,304 : INFO : EventManager : Event: ======'timer_pause_timer_tick'====== Args={'ticks': 3, 'ticks_remaining': 7}
2025-11-09 23:33:34,302 : INFO : EventManager : Event: ======'player_skull_pause_timer_tick'====== Args={'value': 4, 'prev_value': 3, 'change': 1, 'player_num': 1}
2025-11-09 23:33:34,302 : INFO : EventManager : Event: ======'timer_pause_timer_tick'====== Args={'ticks': 4, 'ticks_remaining': 6}
2025-11-09 23:33:35,302 : INFO : EventManager : Event: ======'player_skull_pause_timer_tick'====== Args={'value': 5, 'prev_value': 4, 'change': 1, 'player_num': 1}
2025-11-09 23:33:35,302 : INFO : EventManager : Event: ======'timer_pause_timer_tick'====== Args={'ticks': 5, 'ticks_remaining': 5}
2025-11-09 23:33:36,302 : INFO : EventManager : Event: ======'player_skull_pause_timer_tick'====== Args={'value': 6, 'prev_value': 5, 'change': 1, 'player_num': 1}
2025-11-09 23:33:36,302 : INFO : EventManager : Event: ======'timer_pause_timer_tick'====== Args={'ticks': 6, 'ticks_remaining': 4}
2025-11-09 23:33:36,691 : INFO : SwitchController : <<<<<<< 's_left_flipper' active >>>>>>>
2025-11-09 23:33:36,692 : INFO : EventManager : Event: ======'s_left_flipper_active'====== Args={}
2025-11-09 23:33:36,692 : INFO : EventManager : Event: ======'machine_var_audits_switches_s_left_flipper'====== Args={'value': 384, 'prev_value': 383, 'change': 1}
2025-11-09 23:33:36,709 : INFO : SwitchController : <<<<<<< 's_right_flipper' active >>>>>>>
2025-11-09 23:33:36,710 : INFO : EventManager : Event: ======'s_right_flipper_active'====== Args={}
2025-11-09 23:33:36,710 : INFO : EventManager : Event: ======'flipper_cancel'====== Args={'triggering_group': 2, 'triggering_switch': 's_right_flipper'}
2025-11-09 23:33:36,711 : INFO : EventManager : Event: ======'machine_var_audits_switches_s_right_flipper'====== Args={'value': 660, 'prev_value': 659, 'change': 1}
2025-11-09 23:33:37,141 : INFO : SwitchController : <<<<<<< 's_right_flipper' inactive >>>>>>>
2025-11-09 23:33:37,141 : INFO : EventManager : Event: ======'both_flippers_one'====== Args={'triggering_group': 2, 'triggering_switch': 's_right_flipper'}
2025-11-09 23:33:37,143 : INFO : Timer.pause_timer : Stopping Timer
2025-11-09 23:33:37,143 : INFO : EventManager : Event: ======'timer_pause_timer_stopped'====== Args={'ticks': 6, 'ticks_remaining': 4}
2025-11-09 23:33:37,159 : INFO : SwitchController : <<<<<<< 's_left_flipper' inactive >>>>>>>
2025-11-09 23:33:37,159 : INFO : EventManager : Event: ======'both_flippers_inactive'====== Args={'triggering_group': 1, 'triggering_switch': 's_left_flipper'}
2025-11-09 23:33:38,191 : INFO : SwitchController : <<<<<<< 's_left_flipper' active >>>>>>>
2025-11-09 23:33:38,191 : INFO : EventManager : Event: ======'s_left_flipper_active'====== Args={}
2025-11-09 23:33:38,192 : INFO : EventManager : Event: ======'machine_var_audits_switches_s_left_flipper'====== Args={'value': 385, 'prev_value': 384, 'change': 1}
2025-11-09 23:33:38,258 : INFO : SwitchController : <<<<<<< 's_right_flipper' active >>>>>>>
2025-11-09 23:33:38,258 : INFO : EventManager : Event: ======'s_right_flipper_active'====== Args={}
2025-11-09 23:33:38,258 : INFO : EventManager : Event: ======'flipper_cancel'====== Args={'triggering_group': 2, 'triggering_switch': 's_right_flipper'}
2025-11-09 23:33:38,259 : INFO : EventManager : Event: ======'machine_var_audits_switches_s_right_flipper'====== Args={'value': 661, 'prev_value': 660, 'change': 1}
2025-11-09 23:33:38,641 : INFO : SwitchController : <<<<<<< 's_right_flipper' inactive >>>>>>>
2025-11-09 23:33:38,642 : INFO : EventManager : Event: ======'both_flippers_one'====== Args={'triggering_group': 2, 'triggering_switch': 's_right_flipper'}
2025-11-09 23:33:38,643 : INFO : Timer.pause_timer : Stopping Timer
2025-11-09 23:33:38,643 : INFO : EventManager : Event: ======'timer_pause_timer_stopped'====== Args={'ticks': 6, 'ticks_remaining': 4}
2025-11-09 23:33:38,691 : INFO : SwitchController : <<<<<<< 's_left_flipper' inactive >>>>>>>
2025-11-09 23:33:38,691 : INFO : EventManager : Event: ======'both_flippers_inactive'====== Args={'triggering_group': 1, 'triggering_switch': 's_left_flipper'}
2025-11-09 23:33:40,158 : INFO : SwitchController : <<<<<<< 's_left_flipper' active >>>>>>>
2025-11-09 23:33:40,159 : INFO : EventManager : Event: ======'s_left_flipper_active'====== Args={}
2025-11-09 23:33:40,160 : INFO : EventManager : Event: ======'machine_var_audits_switches_s_left_flipper'====== Args={'value': 386, 'prev_value': 385, 'change': 1}
2025-11-09 23:33:40,161 : INFO : SwitchController : <<<<<<< 's_right_flipper' active >>>>>>>
2025-11-09 23:33:40,161 : INFO : EventManager : Event: ======'s_right_flipper_active'====== Args={}
2025-11-09 23:33:40,161 : INFO : EventManager : Event: ======'flipper_cancel'====== Args={'triggering_group': 2, 'triggering_switch': 's_right_flipper'}
2025-11-09 23:33:40,161 : INFO : EventManager : Event: ======'machine_var_audits_switches_s_right_flipper'====== Args={'value': 662, 'prev_value': 661, 'change': 1}
2025-11-09 23:33:40,558 : INFO : SwitchController : <<<<<<< 's_left_flipper' inactive >>>>>>>
2025-11-09 23:33:40,558 : INFO : EventManager : Event: ======'both_flippers_one'====== Args={'triggering_group': 1, 'triggering_switch': 's_left_flipper'}
2025-11-09 23:33:40,559 : INFO : Timer.pause_timer : Stopping Timer
2025-11-09 23:33:40,559 : INFO : EventManager : Event: ======'timer_pause_timer_stopped'====== Args={'ticks': 6, 'ticks_remaining': 4}
2025-11-09 23:33:40,560 : INFO : SwitchController : <<<<<<< 's_right_flipper' inactive >>>>>>>
2025-11-09 23:33:40,560 : INFO : EventManager : Event: ======'both_flippers_inactive'====== Args={'triggering_group': 2, 'triggering_switch': 's_right_flipper'}
2025-11-09 23:33:41,775 : INFO : SwitchController : <<<<<<< 's_left_flipper' active >>>>>>>
2025-11-09 23:33:41,776 : INFO : EventManager : Event: ======'s_left_flipper_active'====== Args={}
2025-11-09 23:33:41,777 : INFO : EventManager : Event: ======'machine_var_audits_switches_s_left_flipper'====== Args={'value': 387, 'prev_value': 386, 'change': 1}
2025-11-09 23:33:41,795 : INFO : SwitchController : <<<<<<< 's_right_flipper' active >>>>>>>
2025-11-09 23:33:41,795 : INFO : EventManager : Event: ======'s_right_flipper_active'====== Args={}
2025-11-09 23:33:41,796 : INFO : EventManager : Event: ======'flipper_cancel'====== Args={'triggering_group': 2, 'triggering_switch': 's_right_flipper'}
2025-11-09 23:33:41,796 : INFO : EventManager : Event: ======'machine_var_audits_switches_s_right_flipper'====== Args={'value': 663, 'prev_value': 662, 'change': 1}
2025-11-09 23:33:43,074 : INFO : SwitchController : <<<<<<< 's_right_flipper' inactive >>>>>>>
2025-11-09 23:33:43,075 : INFO : EventManager : Event: ======'both_flippers_one'====== Args={'triggering_group': 2, 'triggering_switch': 's_right_flipper'}
2025-11-09 23:33:43,076 : INFO : Timer.pause_timer : Stopping Timer
2025-11-09 23:33:43,076 : INFO : EventManager : Event: ======'timer_pause_timer_stopped'====== Args={'ticks': 6, 'ticks_remaining': 4}
2025-11-09 23:33:43,092 : INFO : SwitchController : <<<<<<< 's_left_flipper' inactive >>>>>>>
2025-11-09 23:33:43,092 : INFO : EventManager : Event: ======'both_flippers_inactive'====== Args={'triggering_group': 1, 'triggering_switch': 's_left_flipper'}
2025-11-09 23:33:43,943 : INFO : SwitchController : <<<<<<< 's_left_flipper' active >>>>>>>
2025-11-09 23:33:43,943 : INFO : EventManager : Event: ======'s_left_flipper_active'====== Args={}
2025-11-09 23:33:43,944 : INFO : EventManager : Event: ======'machine_var_audits_switches_s_left_flipper'====== Args={'value': 388, 'prev_value': 387, 'change': 1}
2025-11-09 23:33:43,958 : INFO : SwitchController : <<<<<<< 's_right_flipper' active >>>>>>>
2025-11-09 23:33:43,958 : INFO : EventManager : Event: ======'s_right_flipper_active'====== Args={}
2025-11-09 23:33:43,959 : INFO : EventManager : Event: ======'flipper_cancel'====== Args={'triggering_group': 2, 'triggering_switch': 's_right_flipper'}
2025-11-09 23:33:43,960 : INFO : EventManager : Event: ======'machine_var_audits_switches_s_right_flipper'====== Args={'value': 664, 'prev_value': 663, 'change': 1}
2025-11-09 23:33:44,942 : INFO : SwitchController : <<<<<<< 's_right_flipper' inactive >>>>>>>
2025-11-09 23:33:44,942 : INFO : EventManager : Event: ======'both_flippers_one'====== Args={'triggering_group': 2, 'triggering_switch': 's_right_flipper'}
2025-11-09 23:33:44,943 : INFO : Timer.pause_timer : Stopping Timer
2025-11-09 23:33:44,943 : INFO : EventManager : Event: ======'timer_pause_timer_stopped'====== Args={'ticks': 6, 'ticks_remaining': 4}
2025-11-09 23:33:44,964 : INFO : SwitchController : <<<<<<< 's_left_flipper' inactive >>>>>>>
2025-11-09 23:33:44,965 : INFO : EventManager : Event: ======'both_flippers_inactive'====== Args={'triggering_group': 1, 'triggering_switch': 's_left_flipper'}
2025-11-09 23:33:45,874 : INFO : SwitchController : <<<<<<< 's_left_flipper' active >>>>>>>
2025-11-09 23:33:45,875 : INFO : EventManager : Event: ======'s_left_flipper_active'====== Args={}
2025-11-09 23:33:45,876 : INFO : EventManager : Event: ======'machine_var_audits_switches_s_left_flipper'====== Args={'value': 389, 'prev_value': 388, 'change': 1}
2025-11-09 23:33:45,891 : INFO : SwitchController : <<<<<<< 's_right_flipper' active >>>>>>>
2025-11-09 23:33:45,891 : INFO : EventManager : Event: ======'s_right_flipper_active'====== Args={}
2025-11-09 23:33:45,892 : INFO : EventManager : Event: ======'flipper_cancel'====== Args={'triggering_group': 2, 'triggering_switch': 's_right_flipper'}
2025-11-09 23:33:45,892 : INFO : EventManager : Event: ======'machine_var_audits_switches_s_right_flipper'====== Args={'value': 665, 'prev_value': 664, 'change': 1}
2025-11-09 23:33:47,008 : INFO : SwitchController : <<<<<<< 's_right_flipper' inactive >>>>>>>
2025-11-09 23:33:47,008 : INFO : EventManager : Event: ======'both_flippers_one'====== Args={'triggering_group': 2, 'triggering_switch': 's_right_flipper'}
2025-11-09 23:33:47,009 : INFO : Timer.pause_timer : Stopping Timer
2025-11-09 23:33:47,010 : INFO : EventManager : Event: ======'timer_pause_timer_stopped'====== Args={'ticks': 6, 'ticks_remaining': 4}
2025-11-09 23:33:47,010 : INFO : SwitchController : <<<<<<< 's_left_flipper' inactive >>>>>>>
2025-11-09 23:33:47,010 : INFO : EventManager : Event: ======'both_flippers_inactive'====== Args={'triggering_group': 1, 'triggering_switch': 's_left_flipper'}
2025-11-09 23:33:49,925 : INFO : SwitchController : <<<<<<< 's_left_flipper' active >>>>>>>
2025-11-09 23:33:49,926 : INFO : EventManager : Event: ======'s_left_flipper_active'====== Args={}
2025-11-09 23:33:49,926 : INFO : EventManager : Event: ======'machine_var_audits_switches_s_left_flipper'====== Args={'value': 390, 'prev_value': 389, 'change': 1}
2025-11-09 23:33:49,941 : INFO : SwitchController : <<<<<<< 's_right_flipper' active >>>>>>>
2025-11-09 23:33:49,942 : INFO : EventManager : Event: ======'s_right_flipper_active'====== Args={}
2025-11-09 23:33:49,943 : INFO : EventManager : Event: ======'flipper_cancel'====== Args={'triggering_group': 2, 'triggering_switch': 's_right_flipper'}
2025-11-09 23:33:49,943 : INFO : EventManager : Event: ======'machine_var_audits_switches_s_right_flipper'====== Args={'value': 666, 'prev_value': 665, 'change': 1}
2025-11-09 23:33:50,325 : INFO : SwitchController : <<<<<<< 's_left_flipper' inactive >>>>>>>
2025-11-09 23:33:50,325 : INFO : EventManager : Event: ======'both_flippers_one'====== Args={'triggering_group': 1, 'triggering_switch': 's_left_flipper'}
2025-11-09 23:33:50,326 : INFO : Timer.pause_timer : Stopping Timer
2025-11-09 23:33:50,326 : INFO : EventManager : Event: ======'timer_pause_timer_stopped'====== Args={'ticks': 6, 'ticks_remaining': 4}
2025-11-09 23:33:50,327 : INFO : SwitchController : <<<<<<< 's_right_flipper' inactive >>>>>>>
2025-11-09 23:33:50,327 : INFO : EventManager : Event: ======'both_flippers_inactive'====== Args={'triggering_group': 2, 'triggering_switch': 's_right_flipper'}
2025-11-09 23:33:51,578 : INFO : SwitchController : <<<<<<< 's_right_flipper' active >>>>>>>
2025-11-09 23:33:51,578 : INFO : EventManager : Event: ======'s_right_flipper_active'====== Args={}
2025-11-09 23:33:51,579 : INFO : EventManager : Event: ======'machine_var_audits_switches_s_right_flipper'====== Args={'value': 667, 'prev_value': 666, 'change': 1}
2025-11-09 23:33:51,592 : INFO : SwitchController : <<<<<<< 's_left_flipper' active >>>>>>>
2025-11-09 23:33:51,592 : INFO : EventManager : Event: ======'s_left_flipper_active'====== Args={}
2025-11-09 23:33:51,593 : INFO : EventManager : Event: ======'flipper_cancel'====== Args={'triggering_group': 1, 'triggering_switch': 's_left_flipper'}
2025-11-09 23:33:51,593 : INFO : EventManager : Event: ======'machine_var_audits_switches_s_left_flipper'====== Args={'value': 391, 'prev_value': 390, 'change': 1}
2025-11-09 23:33:52,175 : INFO : SwitchController : <<<<<<< 's_right_flipper' inactive >>>>>>>
2025-11-09 23:33:52,175 : INFO : EventManager : Event: ======'both_flippers_one'====== Args={'triggering_group': 2, 'triggering_switch': 's_right_flipper'}
2025-11-09 23:33:52,176 : INFO : Timer.pause_timer : Stopping Timer
2025-11-09 23:33:52,176 : INFO : EventManager : Event: ======'timer_pause_timer_stopped'====== Args={'ticks': 6, 'ticks_remaining': 4}
2025-11-09 23:33:52,193 : INFO : SwitchController : <<<<<<< 's_left_flipper' inactive >>>>>>>
2025-11-09 23:33:52,193 : INFO : EventManager : Event: ======'both_flippers_inactive'====== Args={'triggering_group': 1, 'triggering_switch': 's_left_flipper'}
2025-11-09 23:33:58,191 : INFO : SwitchController : <<<<<<< 's_left_flipper' active >>>>>>>
2025-11-09 23:33:58,191 : INFO : EventManager : Event: ======'s_left_flipper_active'====== Args={}
2025-11-09 23:33:58,192 : INFO : EventManager : Event: ======'machine_var_audits_switches_s_left_flipper'====== Args={'value': 392, 'prev_value': 391, 'change': 1}
2025-11-09 23:33:58,209 : INFO : SwitchController : <<<<<<< 's_right_flipper' active >>>>>>>
2025-11-09 23:33:58,209 : INFO : EventManager : Event: ======'s_right_flipper_active'====== Args={}
2025-11-09 23:33:58,210 : INFO : EventManager : Event: ======'flipper_cancel'====== Args={'triggering_group': 2, 'triggering_switch': 's_right_flipper'}
2025-11-09 23:33:58,210 : INFO : EventManager : Event: ======'machine_var_audits_switches_s_right_flipper'====== Args={'value': 668, 'prev_value': 667, 'change': 1}
2025-11-09 23:33:58,759 : INFO : SwitchController : <<<<<<< 's_left_flipper' inactive >>>>>>>
2025-11-09 23:33:58,760 : INFO : EventManager : Event: ======'both_flippers_one'====== Args={'triggering_group': 1, 'triggering_switch': 's_left_flipper'}
2025-11-09 23:33:58,760 : INFO : Timer.pause_timer : Stopping Timer
2025-11-09 23:33:58,760 : INFO : EventManager : Event: ======'timer_pause_timer_stopped'====== Args={'ticks': 6, 'ticks_remaining': 4}
2025-11-09 23:33:58,776 : INFO : SwitchController : <<<<<<< 's_right_flipper' inactive >>>>>>>
2025-11-09 23:33:58,776 : INFO : EventManager : Event: ======'both_flippers_inactive'====== Args={'triggering_group': 2, 'triggering_switch': 's_right_flipper'}
2025-11-09 23:34:03,125 : INFO : SwitchController : <<<<<<< 's_left_flipper' active >>>>>>>
2025-11-09 23:34:03,126 : INFO : EventManager : Event: ======'s_left_flipper_active'====== Args={}
2025-11-09 23:34:03,126 : INFO : EventManager : Event: ======'machine_var_audits_switches_s_left_flipper'====== Args={'value': 393, 'prev_value': 392, 'change': 1}
2025-11-09 23:34:03,127 : INFO : SwitchController : <<<<<<< 's_right_flipper' active >>>>>>>
2025-11-09 23:34:03,127 : INFO : EventManager : Event: ======'s_right_flipper_active'====== Args={}
2025-11-09 23:34:03,133 : INFO : EventManager : Event: ======'flipper_cancel'====== Args={'triggering_group': 2, 'triggering_switch': 's_right_flipper'}
2025-11-09 23:34:03,134 : INFO : EventManager : Event: ======'machine_var_audits_switches_s_right_flipper'====== Args={'value': 669, 'prev_value': 668, 'change': 1}
2025-11-09 23:34:03,591 : INFO : SwitchController : <<<<<<< 's_right_flipper' inactive >>>>>>>
2025-11-09 23:34:03,592 : INFO : EventManager : Event: ======'both_flippers_one'====== Args={'triggering_group': 2, 'triggering_switch': 's_right_flipper'}
2025-11-09 23:34:03,593 : INFO : Timer.pause_timer : Stopping Timer
2025-11-09 23:34:03,593 : INFO : EventManager : Event: ======'timer_pause_timer_stopped'====== Args={'ticks': 6, 'ticks_remaining': 4}
2025-11-09 23:34:03,593 : INFO : SwitchController : <<<<<<< 's_left_flipper' inactive >>>>>>>
2025-11-09 23:34:03,593 : INFO : EventManager : Event: ======'both_flippers_inactive'====== Args={'triggering_group': 1, 'triggering_switch': 's_left_flipper'}
2025-11-09 23:35:00,060 : INFO : Machine : Shutting down...
2025-11-09 23:35:00,060 : INFO : EventManager : Event: ======'shutdown'====== Args={}
2025-11-09 23:35:00,062 : INFO : EventManager : Event: ======'mode_game_will_stop'====== Args={}
2025-11-09 23:35:00,062 : INFO : EventManager : Event: ======'mode_game_stopping'====== Args={}
2025-11-09 23:35:00,063 : INFO : EventManager : Event: ======'mode_bumpers_will_stop'====== Args={}
2025-11-09 23:35:00,063 : INFO : EventManager : Event: ======'mode_bumpers_stopping'====== Args={}
2025-11-09 23:35:00,063 : INFO : EventManager : Event: ======'mode_skull_will_stop'====== Args={}
2025-11-09 23:35:00,063 : INFO : EventManager : Event: ======'mode_skull_stopping'====== Args={}
2025-11-09 23:35:00,063 : INFO : EventManager : Event: ======'mode_base_will_stop'====== Args={}
2025-11-09 23:35:00,063 : INFO : EventManager : Event: ======'mode_base_stopping'====== Args={}
2025-11-09 23:35:00,063 : INFO : EventManager : Event: ======'mode_csi_lanes_will_stop'====== Args={}
2025-11-09 23:35:00,063 : INFO : EventManager : Event: ======'mode_csi_lanes_stopping'====== Args={}
2025-11-09 23:35:00,063 : INFO : EventManager : Event: ======'stop_mode_bumpers'====== Args={'priority': 0}
2025-11-09 23:35:00,063 : INFO : EventManager : Event: ======'stop_mode_csi_lanes'====== Args={'priority': 0}
2025-11-09 23:35:00,063 : INFO : EventManager : Event: ======'stop_mode_skull'====== Args={'priority': 0}
2025-11-09 23:35:00,063 : INFO : Mode.csi_lanes : Stopped.
2025-11-09 23:35:00,063 : INFO : EventManager : Event: ======'modes_active_modes_changed'====== Args={}
2025-11-09 23:35:00,064 : INFO : EventManager : Event: ======'mode_csi_lanes_stopped'====== Args={}
2025-11-09 23:35:00,064 : INFO : EventManager : Event: ======'clear'====== Args={'key': 'csi_lanes'}
2025-11-09 23:35:00,064 : INFO : Timer.csi_right_orbit_timer : Stopping Timer
2025-11-09 23:35:00,064 : INFO : EventManager : Event: ======'timer_csi_right_orbit_timer_stopped'====== Args={'ticks': 0, 'ticks_remaining': 0}
2025-11-09 23:35:00,064 : INFO : Timer.csi_lanes_timer : Stopping Timer
2025-11-09 23:35:00,064 : INFO : EventManager : Event: ======'timer_csi_lanes_timer_stopped'====== Args={'ticks': 1, 'ticks_remaining': 1}
2025-11-09 23:35:00,065 : INFO : Mode.base : Stopped.
2025-11-09 23:35:00,065 : INFO : EventManager : Event: ======'modes_active_modes_changed'====== Args={}
2025-11-09 23:35:00,065 : INFO : EventManager : Event: ======'mode_base_stopped'====== Args={}
2025-11-09 23:35:00,065 : INFO : EventManager : Event: ======'clear'====== Args={'key': 'base'}
2025-11-09 23:35:00,065 : INFO : Timer.player_added_timer : Stopping Timer
2025-11-09 23:35:00,065 : INFO : EventManager : Event: ======'timer_player_added_timer_stopped'====== Args={'ticks': 1, 'ticks_remaining': 1}
2025-11-09 23:35:00,065 : INFO : Mode.skull : Stopped.
2025-11-09 23:35:00,065 : INFO : EventManager : Event: ======'modes_active_modes_changed'====== Args={}
2025-11-09 23:35:00,065 : INFO : EventManager : Event: ======'mode_skull_stopped'====== Args={}
2025-11-09 23:35:00,065 : INFO : EventManager : Event: ======'clear'====== Args={'key': 'skull'}
2025-11-09 23:35:00,065 : INFO : Timer.pause_timer : Stopping Timer
2025-11-09 23:35:00,065 : INFO : EventManager : Event: ======'timer_pause_timer_stopped'====== Args={'ticks': 6, 'ticks_remaining': 4}
2025-11-09 23:35:00,065 : INFO : Mode.bumpers : Stopped.
2025-11-09 23:35:00,065 : INFO : EventManager : Event: ======'modes_active_modes_changed'====== Args={}
2025-11-09 23:35:00,066 : INFO : EventManager : Event: ======'mode_bumpers_stopped'====== Args={}
2025-11-09 23:35:00,066 : INFO : EventManager : Event: ======'clear'====== Args={'key': 'bumpers'}
2025-11-09 23:35:00,066 : INFO : Timer.bumper_timer : Stopping Timer
2025-11-09 23:35:00,066 : INFO : EventManager : Event: ======'timer_bumper_timer_stopped'====== Args={'ticks': 1, 'ticks_remaining': 1}
2025-11-09 23:35:00,066 : INFO : Mode.game : Stopped.
2025-11-09 23:35:00,066 : INFO : EventManager : Event: ======'modes_active_modes_changed'====== Args={}
2025-11-09 23:35:00,066 : INFO : EventManager : Event: ======'mode_game_stopped'====== Args={}
2025-11-09 23:35:00,066 : INFO : EventManager : Event: ======'clear'====== Args={'key': 'game'}
2025-11-09 23:35:00,073 : INFO : root : MPF run loop ended.
