2025-10-28 20:15:05,376 : INFO : root : Loading config.
2025-10-28 20:15:05,377 : INFO : YamlMultifileConfigLoader : Machine config file #1: config.yaml
2025-10-28 20:15:05,377 : INFO : ConfigProcessor : Loading config from file /Users/didiergilbin/mpfenv/lib/python3.13/site-packages/mpf/mpfconfig.yaml.
2025-10-28 20:15:05,391 : INFO : ConfigProcessor : Loading config: /Users/didiergilbin/mpfenv/lib/python3.13/site-packages/mpf/mpfconfig.yaml
2025-10-28 20:15:05,392 : INFO : ConfigProcessor : Loading config from file /Users/didiergilbin/Desktop/Homebrew_CSI/config/config.yaml.
2025-10-28 20:15:05,392 : INFO : ConfigProcessor : Loading config: /Users/didiergilbin/Desktop/Homebrew_CSI/config/config.yaml
2025-10-28 20:15:05,406 : INFO : ConfigProcessor : Loading config: /Users/didiergilbin/Desktop/Homebrew_CSI/config/config_settings.yaml
2025-10-28 20:15:05,411 : INFO : ConfigProcessor : Loading config: /Users/didiergilbin/Desktop/Homebrew_CSI/config/config_hardware.yaml
2025-10-28 20:15:05,411 : INFO : ConfigProcessor : Config file cache created: /var/folders/m3/0d4y64_n3fn8tnkv3ydlhztw0000gn/T/5ca32a6c950d03116abbed96ca44d372.mpf_cache
2025-10-28 20:15:05,441 : INFO : ConfigProcessor : Loading config from file /Users/didiergilbin/mpfenv/lib/python3.13/site-packages/mpf/modes/attract/config/attract.yaml.
2025-10-28 20:15:05,441 : INFO : ConfigProcessor : Loading config: /Users/didiergilbin/mpfenv/lib/python3.13/site-packages/mpf/modes/attract/config/attract.yaml
2025-10-28 20:15:05,441 : INFO : ConfigProcessor : Loading config from file /Users/didiergilbin/Desktop/Homebrew_CSI/modes/attract/config/attract.yaml.
2025-10-28 20:15:05,442 : INFO : ConfigProcessor : Loading config: /Users/didiergilbin/Desktop/Homebrew_CSI/modes/attract/config/attract.yaml
2025-10-28 20:15:05,443 : INFO : ConfigProcessor : Config file cache created: /var/folders/m3/0d4y64_n3fn8tnkv3ydlhztw0000gn/T/01c495fa7450a81b4be96cb699872531.mpf_cache
2025-10-28 20:15:05,443 : INFO : ConfigProcessor : Loading config from file /Users/didiergilbin/mpfenv/lib/python3.13/site-packages/mpf/modes/game/config/game.yaml.
2025-10-28 20:15:05,443 : INFO : ConfigProcessor : Loading config: /Users/didiergilbin/mpfenv/lib/python3.13/site-packages/mpf/modes/game/config/game.yaml
2025-10-28 20:15:05,443 : INFO : ConfigProcessor : Config file cache created: /var/folders/m3/0d4y64_n3fn8tnkv3ydlhztw0000gn/T/bfde29b5bb803376b0637bb8f0da27a7.mpf_cache
2025-10-28 20:15:05,443 : INFO : ConfigProcessor : Loading config from cache: /var/folders/m3/0d4y64_n3fn8tnkv3ydlhztw0000gn/T/01c495fa7450a81b4be96cb699872531.mpf_cache
2025-10-28 20:15:05,443 : INFO : ConfigProcessor : Loading config from file /Users/didiergilbin/Desktop/Homebrew_CSI/modes/base/config/base.yaml.
2025-10-28 20:15:05,444 : INFO : ConfigProcessor : Loading config: /Users/didiergilbin/Desktop/Homebrew_CSI/modes/base/config/base.yaml
2025-10-28 20:15:05,444 : INFO : ConfigProcessor : Config file cache created: /var/folders/m3/0d4y64_n3fn8tnkv3ydlhztw0000gn/T/3ae89e09515ff8d8b11d68f672b2cc51.mpf_cache
2025-10-28 20:15:05,444 : INFO : ConfigProcessor : Loading config from file /Users/didiergilbin/Desktop/Homebrew_CSI/modes/bumpers/config/bumpers.yaml.
2025-10-28 20:15:05,445 : INFO : ConfigProcessor : Loading config: /Users/didiergilbin/Desktop/Homebrew_CSI/modes/bumpers/config/bumpers.yaml
2025-10-28 20:15:05,445 : INFO : ConfigProcessor : Config file cache created: /var/folders/m3/0d4y64_n3fn8tnkv3ydlhztw0000gn/T/4c420229fa75118c2461cfc9ff5a44e2.mpf_cache
2025-10-28 20:15:05,445 : INFO : Machine : Mission Pinball Framework Core Engine v0.80.0.dev10
2025-10-28 20:15:05,445 : INFO : Machine : Command line arguments: {'no_load_cache': False, 'create_config_cache': True, 'bcp': True, 'configfile': ['config.yaml'], 'force_assets_load': False, 'platform_integration_test': False, 'jsonlogging': False, 'logfile': 'logs/2025-10-28-20-15-05-mpf-mac.home.log', 'pause': False, 'production': False, 'text_ui': False, 'loglevel': 15, 'consoleloglevel': 20, 'force_platform': 'smart_virtual', 'syslog_address': None, 'full_logfile_path': '/Users/didiergilbin/Desktop/Homebrew_CSI/logs/2025-10-28-20-15-05-mpf-mac.home.log'}
2025-10-28 20:15:05,445 : INFO : Machine : MPF path: /Users/didiergilbin/mpfenv/lib/python3.13/site-packages/mpf
2025-10-28 20:15:05,445 : INFO : Machine : Machine path: /Users/didiergilbin/Desktop/Homebrew_CSI
2025-10-28 20:15:05,445 : INFO : Machine : Platform: darwin
2025-10-28 20:15:05,445 : INFO : Machine : Python executable location: /Users/didiergilbin/mpfenv/bin/python3.13
2025-10-28 20:15:05,445 : INFO : Machine : Python version: 3.13.7 (64-bit)
2025-10-28 20:15:05,446 : INFO : Machine : Initializing MPF...
2025-10-28 20:15:05,470 : INFO : EventManager : Event: ======'machine_var_credits_string'====== Args={'value': 'FREE PLAY', 'prev_value': None, 'change': True}
2025-10-28 20:15:05,473 : INFO : EventManager : Event: ======'machine_var_master_volume'====== Args={'value': 0.5, 'prev_value': None, 'change': True}
2025-10-28 20:15:05,473 : INFO : EventManager : Event: ======'machine_var_mpf_version'====== Args={'value': 'Mission Pinball Framework v0.80.0.dev10', 'prev_value': None, 'change': True}
2025-10-28 20:15:05,473 : INFO : EventManager : Event: ======'machine_var_mpf_extended_version'====== Args={'value': 'Mission Pinball Framework v0.80.0.dev10, Config version:6, Show version: 6, BCP version:1.1', 'prev_value': None, 'change': True}
2025-10-28 20:15:05,473 : INFO : EventManager : Event: ======'machine_var_python_version'====== Args={'value': '3.13.7', 'prev_value': None, 'change': True}
2025-10-28 20:15:05,481 : INFO : EventManager : Event: ======'machine_var_platform'====== Args={'value': 'macOS-15.6.1-arm64-arm-64bit-Mach-O', 'prev_value': None, 'change': True}
2025-10-28 20:15:05,482 : INFO : EventManager : Event: ======'machine_var_platform_system'====== Args={'value': 'Darwin', 'prev_value': None, 'change': True}
2025-10-28 20:15:05,482 : INFO : EventManager : Event: ======'machine_var_platform_release'====== Args={'value': '24.6.0', 'prev_value': None, 'change': True}
2025-10-28 20:15:05,482 : INFO : EventManager : Event: ======'machine_var_platform_version'====== Args={'value': 'Darwin Kernel Version 24.6.0: Mon Jul 14 11:30:40 PDT 2025; root:xnu-11417.140.69~1/RELEASE_ARM64_T8132', 'prev_value': None, 'change': True}
2025-10-28 20:15:05,482 : INFO : EventManager : Event: ======'machine_var_platform_machine'====== Args={'value': 'arm64', 'prev_value': None, 'change': True}
2025-10-28 20:15:05,482 : INFO : EventManager : Event: ======'machine_var_log_file_path'====== Args={'value': '/Users/didiergilbin/Desktop/Homebrew_CSI/logs/2025-10-28-20-15-05-mpf-mac.home.log', 'prev_value': None, 'change': True}
2025-10-28 20:15:05,482 : INFO : EventManager : Event: ======'init_phase_1'====== Args={}
2025-10-28 20:15:05,487 : INFO : EventManager : Event: ======'init_phase_2'====== Args={}
2025-10-28 20:15:05,487 : INFO : SwitchController : Found active switch: ('2', <Platform.SmartVirtual>) <switch.s_trough1>
2025-10-28 20:15:05,487 : INFO : SwitchController : Found active switch: ('3', <Platform.SmartVirtual>) <switch.s_trough2>
2025-10-28 20:15:05,487 : INFO : SwitchController : Found active switch: ('4', <Platform.SmartVirtual>) <switch.s_trough3>
2025-10-28 20:15:05,487 : INFO : SwitchController : Found active switch: ('5', <Platform.SmartVirtual>) <switch.s_trough4>
2025-10-28 20:15:05,488 : INFO : EventManager : Event: ======'bcp_connection_attempt'====== Args={'name': 'local_display', 'host': 'localhost', 'port': 5050}
2025-10-28 20:15:05,488 : INFO : BCPClientSocket : Connecting BCP to 'local_display' at localhost:5050...
2025-10-28 20:15:05,491 : INFO : BCPClientSocket : Connected BCP to 'local_display' localhost:5050
2025-10-28 20:15:05,491 : INFO : EventManager : Event: ======'bcp_clients_connected'====== Args={}
2025-10-28 20:15:05,492 : INFO : ball_device.bd_trough : BCH: Initial count: 4
2025-10-28 20:15:05,492 : INFO : ball_device.bd_trough : State: idle
2025-10-28 20:15:05,492 : INFO : ball_device.bd_plunger : BCH: Initial count: 0
2025-10-28 20:15:05,492 : INFO : ball_device.bd_plunger : State: idle
2025-10-28 20:15:05,495 : INFO : EventManager : Event: ======'init_phase_3'====== Args={}
2025-10-28 20:15:05,496 : INFO : EventManager : Event: ======'init_phase_4'====== Args={}
2025-10-28 20:15:05,496 : INFO : BallController : Initial balls found: 4
2025-10-28 20:15:05,496 : INFO : EventManager : Event: ======'machine_var_audits_events_game_ended'====== Args={'value': 0, 'prev_value': None, 'change': True}
2025-10-28 20:15:05,496 : INFO : EventManager : Event: ======'machine_var_audits_events_game_started'====== Args={'value': 63, 'prev_value': None, 'change': True}
2025-10-28 20:15:05,496 : INFO : EventManager : Event: ======'machine_var_audits_missing_switches_s_launch_button'====== Args={'value': 63, 'prev_value': None, 'change': True}
2025-10-28 20:15:05,496 : INFO : EventManager : Event: ======'machine_var_audits_missing_switches_s_left_flipper'====== Args={'value': 52, 'prev_value': None, 'change': True}
2025-10-28 20:15:05,496 : INFO : EventManager : Event: ======'machine_var_audits_missing_switches_s_scoop'====== Args={'value': 34, 'prev_value': None, 'change': True}
2025-10-28 20:15:05,496 : INFO : EventManager : Event: ======'machine_var_audits_missing_switches_s_sling_left'====== Args={'value': 63, 'prev_value': None, 'change': True}
2025-10-28 20:15:05,496 : INFO : EventManager : Event: ======'machine_var_audits_missing_switches_s_sling_right'====== Args={'value': 63, 'prev_value': None, 'change': True}
2025-10-28 20:15:05,496 : INFO : EventManager : Event: ======'machine_var_audits_missing_switches_s_trough1'====== Args={'value': 63, 'prev_value': None, 'change': True}
2025-10-28 20:15:05,496 : INFO : EventManager : Event: ======'machine_var_audits_missing_switches_s_trough2'====== Args={'value': 63, 'prev_value': None, 'change': True}
2025-10-28 20:15:05,496 : INFO : EventManager : Event: ======'machine_var_audits_missing_switches_s_trough3'====== Args={'value': 63, 'prev_value': None, 'change': True}
2025-10-28 20:15:05,496 : INFO : EventManager : Event: ======'machine_var_audits_missing_switches_s_trough4'====== Args={'value': 63, 'prev_value': None, 'change': True}
2025-10-28 20:15:05,496 : INFO : EventManager : Event: ======'machine_var_audits_missing_switches_s_trough_jam'====== Args={'value': 63, 'prev_value': None, 'change': True}
2025-10-28 20:15:05,496 : INFO : EventManager : Event: ======'machine_var_audits_player_score'====== Args={'value': {'average': 0, 'top': [], 'total': 0}, 'prev_value': None, 'change': True}
2025-10-28 20:15:05,496 : INFO : EventManager : Event: ======'machine_var_audits_shots_bumper1'====== Args={'value': 1743, 'prev_value': None, 'change': True}
2025-10-28 20:15:05,496 : INFO : EventManager : Event: ======'machine_var_audits_shots_bumper2'====== Args={'value': 1836, 'prev_value': None, 'change': True}
2025-10-28 20:15:05,496 : INFO : EventManager : Event: ======'machine_var_audits_shots_bumper3'====== Args={'value': 1610, 'prev_value': None, 'change': True}
2025-10-28 20:15:05,496 : INFO : EventManager : Event: ======'machine_var_audits_switches_s_launch_button'====== Args={'value': 0, 'prev_value': None, 'change': True}
2025-10-28 20:15:05,496 : INFO : EventManager : Event: ======'machine_var_audits_switches_s_left_flipper'====== Args={'value': 5, 'prev_value': None, 'change': True}
2025-10-28 20:15:05,496 : INFO : EventManager : Event: ======'machine_var_audits_switches_s_plunger_lane'====== Args={'value': 63, 'prev_value': None, 'change': True}
2025-10-28 20:15:05,496 : INFO : EventManager : Event: ======'machine_var_audits_switches_s_popbumper1'====== Args={'value': 1743, 'prev_value': None, 'change': True}
2025-10-28 20:15:05,496 : INFO : EventManager : Event: ======'machine_var_audits_switches_s_popbumper2'====== Args={'value': 1836, 'prev_value': None, 'change': True}
2025-10-28 20:15:05,496 : INFO : EventManager : Event: ======'machine_var_audits_switches_s_popbumper3'====== Args={'value': 1610, 'prev_value': None, 'change': True}
2025-10-28 20:15:05,496 : INFO : EventManager : Event: ======'machine_var_audits_switches_s_right_flipper'====== Args={'value': 9, 'prev_value': None, 'change': True}
2025-10-28 20:15:05,496 : INFO : EventManager : Event: ======'machine_var_audits_switches_s_scoop'====== Args={'value': 46, 'prev_value': None, 'change': True}
2025-10-28 20:15:05,496 : INFO : EventManager : Event: ======'machine_var_audits_switches_s_sling_left'====== Args={'value': 0, 'prev_value': None, 'change': True}
2025-10-28 20:15:05,496 : INFO : EventManager : Event: ======'machine_var_audits_switches_s_sling_right'====== Args={'value': 0, 'prev_value': None, 'change': True}
2025-10-28 20:15:05,496 : INFO : EventManager : Event: ======'machine_var_audits_switches_s_start'====== Args={'value': 187, 'prev_value': None, 'change': True}
2025-10-28 20:15:05,496 : INFO : EventManager : Event: ======'machine_var_audits_switches_s_trough1'====== Args={'value': 0, 'prev_value': None, 'change': True}
2025-10-28 20:15:05,496 : INFO : EventManager : Event: ======'machine_var_audits_switches_s_trough2'====== Args={'value': 0, 'prev_value': None, 'change': True}
2025-10-28 20:15:05,496 : INFO : EventManager : Event: ======'machine_var_audits_switches_s_trough3'====== Args={'value': 0, 'prev_value': None, 'change': True}
2025-10-28 20:15:05,496 : INFO : EventManager : Event: ======'machine_var_audits_switches_s_trough4'====== Args={'value': 0, 'prev_value': None, 'change': True}
2025-10-28 20:15:05,496 : INFO : EventManager : Event: ======'machine_var_audits_switches_s_trough_jam'====== Args={'value': 0, 'prev_value': None, 'change': True}
2025-10-28 20:15:05,496 : INFO : EventManager : Event: ======'init_phase_5'====== Args={}
2025-10-28 20:15:05,497 : INFO : EventManager : Event: ======'init_done'====== Args={}
2025-10-28 20:15:05,497 : INFO : EventManager : Event: ======'machine_reset_phase_1'====== Args={}
2025-10-28 20:15:05,509 : INFO : EventManager : Event: ======'machine_reset_phase_2'====== Args={}
2025-10-28 20:15:05,509 : INFO : EventManager : Event: ======'machine_reset_phase_3'====== Args={}
2025-10-28 20:15:05,510 : INFO : EventManager : Event: ======'reset_complete'====== Args={}
2025-10-28 20:15:05,510 : INFO : EventManager : Event: ======'mode_attract_will_start'====== Args={}
2025-10-28 20:15:05,510 : INFO : Timer.attract_carousel_timer : Starting Timer.
2025-10-28 20:15:05,510 : INFO : EventManager : Event: ======'timer_attract_carousel_timer_started'====== Args={'ticks': 0, 'ticks_remaining': 1}
2025-10-28 20:15:05,510 : INFO : EventManager : Event: ======'timer_attract_carousel_timer_tick'====== Args={'ticks': 0, 'ticks_remaining': 1}
2025-10-28 20:15:05,510 : INFO : EventManager : Event: ======'mode_attract_starting'====== Args={}
2025-10-28 20:15:05,510 : INFO : Mode.attract : Started. Priority: 10
2025-10-28 20:15:05,510 : INFO : EventManager : Event: ======'modes_active_modes_changed'====== Args={}
2025-10-28 20:15:05,510 : INFO : EventManager : Event: ======'mode_attract_started'====== Args={}
2025-10-28 20:15:05,510 : INFO : EventManager : Event: ======'collecting_balls_complete'====== Args={}
2025-10-28 20:15:05,510 : INFO : EventManager : Event: ======'carousel_item_highlighted'====== Args={'carousel': 'attract', 'direction': None, 'item': 'title'}
2025-10-28 20:15:05,511 : INFO : Machine : Starting the main run loop with active modes: [<Mode.attract>]
2025-10-28 20:15:05,903 : INFO : EventManager : Event: ======'slide_attract_created'====== Args={'_from_bcp': True}
2025-10-28 20:15:05,903 : INFO : EventManager : Event: ======'slide__removed'====== Args={'_from_bcp': True}
2025-10-28 20:15:05,904 : INFO : EventManager : Event: ======'slide_attract_active'====== Args={'original_context': 'attract', 'original_calling_context': 'mode_attract_started', 'priority': 10.0, 'cmd': 'slides_play', '_from_bcp': True}
2025-10-28 20:15:10,511 : INFO : Timer.attract_carousel_timer : Timer Complete
2025-10-28 20:15:10,511 : INFO : Timer.attract_carousel_timer : Stopping Timer
2025-10-28 20:15:10,511 : INFO : EventManager : Event: ======'timer_attract_carousel_timer_stopped'====== Args={'ticks': 1, 'ticks_remaining': 1}
2025-10-28 20:15:10,511 : INFO : EventManager : Event: ======'timer_attract_carousel_timer_complete'====== Args={'ticks': 1, 'ticks_remaining': 1}
2025-10-28 20:15:10,511 : INFO : EventManager : Event: ======'carousel_item_highlighted'====== Args={'carousel': 'attract', 'direction': 'forwards', 'item': 'credits'}
2025-10-28 20:15:41,875 : INFO : SwitchController : <<<<<<< 's_right_flipper' active >>>>>>>
2025-10-28 20:15:41,875 : INFO : EventManager : Event: ======'s_right_flipper_active'====== Args={}
2025-10-28 20:15:41,876 : INFO : EventManager : Event: ======'carousel_item_highlighted'====== Args={'carousel': 'attract', 'direction': 'forwards', 'item': 'logo'}
2025-10-28 20:15:42,008 : INFO : SwitchController : <<<<<<< 's_right_flipper' inactive >>>>>>>
2025-10-28 20:15:42,691 : INFO : SwitchController : <<<<<<< 's_right_flipper' active >>>>>>>
2025-10-28 20:15:42,692 : INFO : EventManager : Event: ======'s_right_flipper_active'====== Args={}
2025-10-28 20:15:42,692 : INFO : EventManager : Event: ======'carousel_item_highlighted'====== Args={'carousel': 'attract', 'direction': 'forwards', 'item': 'title'}
2025-10-28 20:15:42,858 : INFO : SwitchController : <<<<<<< 's_right_flipper' inactive >>>>>>>
2025-10-28 20:15:43,258 : INFO : SwitchController : <<<<<<< 's_right_flipper' active >>>>>>>
2025-10-28 20:15:43,259 : INFO : EventManager : Event: ======'s_right_flipper_active'====== Args={}
2025-10-28 20:15:43,259 : INFO : EventManager : Event: ======'carousel_item_highlighted'====== Args={'carousel': 'attract', 'direction': 'forwards', 'item': 'credits'}
2025-10-28 20:15:43,425 : INFO : SwitchController : <<<<<<< 's_right_flipper' inactive >>>>>>>
2025-10-28 20:15:44,608 : INFO : SwitchController : <<<<<<< 's_right_flipper' active >>>>>>>
2025-10-28 20:15:44,609 : INFO : EventManager : Event: ======'s_right_flipper_active'====== Args={}
2025-10-28 20:15:44,609 : INFO : EventManager : Event: ======'carousel_item_highlighted'====== Args={'carousel': 'attract', 'direction': 'forwards', 'item': 'logo'}
2025-10-28 20:15:44,775 : INFO : SwitchController : <<<<<<< 's_right_flipper' inactive >>>>>>>
2025-10-28 20:15:45,559 : INFO : SwitchController : <<<<<<< 's_right_flipper' active >>>>>>>
2025-10-28 20:15:45,559 : INFO : EventManager : Event: ======'s_right_flipper_active'====== Args={}
2025-10-28 20:15:45,559 : INFO : EventManager : Event: ======'carousel_item_highlighted'====== Args={'carousel': 'attract', 'direction': 'forwards', 'item': 'title'}
2025-10-28 20:15:45,659 : INFO : SwitchController : <<<<<<< 's_right_flipper' inactive >>>>>>>
2025-10-28 20:15:46,258 : INFO : SwitchController : <<<<<<< 's_right_flipper' active >>>>>>>
2025-10-28 20:15:46,259 : INFO : EventManager : Event: ======'s_right_flipper_active'====== Args={}
2025-10-28 20:15:46,259 : INFO : EventManager : Event: ======'carousel_item_highlighted'====== Args={'carousel': 'attract', 'direction': 'forwards', 'item': 'credits'}
2025-10-28 20:15:46,409 : INFO : SwitchController : <<<<<<< 's_right_flipper' inactive >>>>>>>
2025-10-28 20:15:48,375 : INFO : SwitchController : <<<<<<< 's_right_flipper' active >>>>>>>
2025-10-28 20:15:48,375 : INFO : EventManager : Event: ======'s_right_flipper_active'====== Args={}
2025-10-28 20:15:48,376 : INFO : EventManager : Event: ======'carousel_item_highlighted'====== Args={'carousel': 'attract', 'direction': 'forwards', 'item': 'logo'}
2025-10-28 20:15:48,474 : INFO : SwitchController : <<<<<<< 's_right_flipper' inactive >>>>>>>
2025-10-28 20:15:49,425 : INFO : SwitchController : <<<<<<< 's_right_flipper' active >>>>>>>
2025-10-28 20:15:49,425 : INFO : EventManager : Event: ======'s_right_flipper_active'====== Args={}
2025-10-28 20:15:49,426 : INFO : EventManager : Event: ======'carousel_item_highlighted'====== Args={'carousel': 'attract', 'direction': 'forwards', 'item': 'title'}
2025-10-28 20:15:49,542 : INFO : SwitchController : <<<<<<< 's_right_flipper' inactive >>>>>>>
2025-10-28 20:15:49,692 : INFO : SwitchController : <<<<<<< 's_right_flipper' active >>>>>>>
2025-10-28 20:15:49,692 : INFO : EventManager : Event: ======'s_right_flipper_active'====== Args={}
2025-10-28 20:15:49,692 : INFO : EventManager : Event: ======'carousel_item_highlighted'====== Args={'carousel': 'attract', 'direction': 'forwards', 'item': 'credits'}
2025-10-28 20:15:49,791 : INFO : SwitchController : <<<<<<< 's_right_flipper' inactive >>>>>>>
2025-10-28 20:15:49,875 : INFO : SwitchController : <<<<<<< 's_right_flipper' active >>>>>>>
2025-10-28 20:15:49,875 : INFO : EventManager : Event: ======'s_right_flipper_active'====== Args={}
2025-10-28 20:15:49,876 : INFO : EventManager : Event: ======'carousel_item_highlighted'====== Args={'carousel': 'attract', 'direction': 'forwards', 'item': 'logo'}
2025-10-28 20:15:49,992 : INFO : SwitchController : <<<<<<< 's_right_flipper' inactive >>>>>>>
2025-10-28 20:15:50,109 : INFO : SwitchController : <<<<<<< 's_right_flipper' active >>>>>>>
2025-10-28 20:15:50,109 : INFO : EventManager : Event: ======'s_right_flipper_active'====== Args={}
2025-10-28 20:15:50,109 : INFO : EventManager : Event: ======'carousel_item_highlighted'====== Args={'carousel': 'attract', 'direction': 'forwards', 'item': 'title'}
2025-10-28 20:15:50,225 : INFO : SwitchController : <<<<<<< 's_right_flipper' inactive >>>>>>>
2025-10-28 20:15:50,325 : INFO : SwitchController : <<<<<<< 's_right_flipper' active >>>>>>>
2025-10-28 20:15:50,326 : INFO : EventManager : Event: ======'s_right_flipper_active'====== Args={}
2025-10-28 20:15:50,326 : INFO : EventManager : Event: ======'carousel_item_highlighted'====== Args={'carousel': 'attract', 'direction': 'forwards', 'item': 'credits'}
2025-10-28 20:15:50,425 : INFO : SwitchController : <<<<<<< 's_right_flipper' inactive >>>>>>>
2025-10-28 20:15:50,525 : INFO : SwitchController : <<<<<<< 's_right_flipper' active >>>>>>>
2025-10-28 20:15:50,525 : INFO : EventManager : Event: ======'s_right_flipper_active'====== Args={}
2025-10-28 20:15:50,525 : INFO : EventManager : Event: ======'carousel_item_highlighted'====== Args={'carousel': 'attract', 'direction': 'forwards', 'item': 'logo'}
2025-10-28 20:15:50,642 : INFO : SwitchController : <<<<<<< 's_right_flipper' inactive >>>>>>>
2025-10-28 20:15:50,742 : INFO : SwitchController : <<<<<<< 's_right_flipper' active >>>>>>>
2025-10-28 20:15:50,742 : INFO : EventManager : Event: ======'s_right_flipper_active'====== Args={}
2025-10-28 20:15:50,743 : INFO : EventManager : Event: ======'carousel_item_highlighted'====== Args={'carousel': 'attract', 'direction': 'forwards', 'item': 'title'}
2025-10-28 20:15:50,859 : INFO : SwitchController : <<<<<<< 's_right_flipper' inactive >>>>>>>
2025-10-28 20:15:50,975 : INFO : SwitchController : <<<<<<< 's_right_flipper' active >>>>>>>
2025-10-28 20:15:50,975 : INFO : EventManager : Event: ======'s_right_flipper_active'====== Args={}
2025-10-28 20:15:50,976 : INFO : EventManager : Event: ======'carousel_item_highlighted'====== Args={'carousel': 'attract', 'direction': 'forwards', 'item': 'credits'}
2025-10-28 20:15:51,092 : INFO : SwitchController : <<<<<<< 's_right_flipper' inactive >>>>>>>
2025-10-28 20:15:51,208 : INFO : SwitchController : <<<<<<< 's_right_flipper' active >>>>>>>
2025-10-28 20:15:51,209 : INFO : EventManager : Event: ======'s_right_flipper_active'====== Args={}
2025-10-28 20:15:51,209 : INFO : EventManager : Event: ======'carousel_item_highlighted'====== Args={'carousel': 'attract', 'direction': 'forwards', 'item': 'logo'}
2025-10-28 20:15:51,308 : INFO : SwitchController : <<<<<<< 's_right_flipper' inactive >>>>>>>
2025-10-28 20:15:51,409 : INFO : SwitchController : <<<<<<< 's_right_flipper' active >>>>>>>
2025-10-28 20:15:51,409 : INFO : EventManager : Event: ======'s_right_flipper_active'====== Args={}
2025-10-28 20:15:51,410 : INFO : EventManager : Event: ======'carousel_item_highlighted'====== Args={'carousel': 'attract', 'direction': 'forwards', 'item': 'title'}
2025-10-28 20:15:51,525 : INFO : SwitchController : <<<<<<< 's_right_flipper' inactive >>>>>>>
2025-10-28 20:15:51,625 : INFO : SwitchController : <<<<<<< 's_right_flipper' active >>>>>>>
2025-10-28 20:15:51,625 : INFO : EventManager : Event: ======'s_right_flipper_active'====== Args={}
2025-10-28 20:15:51,626 : INFO : EventManager : Event: ======'carousel_item_highlighted'====== Args={'carousel': 'attract', 'direction': 'forwards', 'item': 'credits'}
2025-10-28 20:15:51,742 : INFO : SwitchController : <<<<<<< 's_right_flipper' inactive >>>>>>>
2025-10-28 20:15:51,842 : INFO : SwitchController : <<<<<<< 's_right_flipper' active >>>>>>>
2025-10-28 20:15:51,842 : INFO : EventManager : Event: ======'s_right_flipper_active'====== Args={}
2025-10-28 20:15:51,843 : INFO : EventManager : Event: ======'carousel_item_highlighted'====== Args={'carousel': 'attract', 'direction': 'forwards', 'item': 'logo'}
2025-10-28 20:15:51,942 : INFO : SwitchController : <<<<<<< 's_right_flipper' inactive >>>>>>>
2025-10-28 20:15:52,159 : INFO : SwitchController : <<<<<<< 's_right_flipper' active >>>>>>>
2025-10-28 20:15:52,159 : INFO : EventManager : Event: ======'s_right_flipper_active'====== Args={}
2025-10-28 20:15:52,159 : INFO : EventManager : Event: ======'carousel_item_highlighted'====== Args={'carousel': 'attract', 'direction': 'forwards', 'item': 'title'}
2025-10-28 20:15:52,275 : INFO : SwitchController : <<<<<<< 's_right_flipper' inactive >>>>>>>
2025-10-28 20:15:52,542 : INFO : SwitchController : <<<<<<< 's_right_flipper' active >>>>>>>
2025-10-28 20:15:52,542 : INFO : EventManager : Event: ======'s_right_flipper_active'====== Args={}
2025-10-28 20:15:52,542 : INFO : EventManager : Event: ======'carousel_item_highlighted'====== Args={'carousel': 'attract', 'direction': 'forwards', 'item': 'credits'}
2025-10-28 20:15:52,658 : INFO : SwitchController : <<<<<<< 's_right_flipper' inactive >>>>>>>
2025-10-28 20:15:53,058 : INFO : SwitchController : <<<<<<< 's_right_flipper' active >>>>>>>
2025-10-28 20:15:53,058 : INFO : EventManager : Event: ======'s_right_flipper_active'====== Args={}
2025-10-28 20:15:53,059 : INFO : EventManager : Event: ======'carousel_item_highlighted'====== Args={'carousel': 'attract', 'direction': 'forwards', 'item': 'logo'}
2025-10-28 20:15:53,175 : INFO : SwitchController : <<<<<<< 's_right_flipper' inactive >>>>>>>
2025-10-28 20:16:00,308 : INFO : SwitchController : <<<<<<< 's_right_flipper' active >>>>>>>
2025-10-28 20:16:00,308 : INFO : EventManager : Event: ======'s_right_flipper_active'====== Args={}
2025-10-28 20:16:00,309 : INFO : EventManager : Event: ======'carousel_item_highlighted'====== Args={'carousel': 'attract', 'direction': 'forwards', 'item': 'title'}
2025-10-28 20:16:00,442 : INFO : SwitchController : <<<<<<< 's_right_flipper' inactive >>>>>>>
2025-10-28 20:16:03,758 : INFO : SwitchController : <<<<<<< 's_right_flipper' active >>>>>>>
2025-10-28 20:16:03,758 : INFO : EventManager : Event: ======'s_right_flipper_active'====== Args={}
2025-10-28 20:16:03,759 : INFO : EventManager : Event: ======'carousel_item_highlighted'====== Args={'carousel': 'attract', 'direction': 'forwards', 'item': 'credits'}
2025-10-28 20:16:03,892 : INFO : SwitchController : <<<<<<< 's_right_flipper' inactive >>>>>>>
2025-10-28 20:16:04,725 : INFO : SwitchController : <<<<<<< 's_right_flipper' active >>>>>>>
2025-10-28 20:16:04,725 : INFO : EventManager : Event: ======'s_right_flipper_active'====== Args={}
2025-10-28 20:16:04,725 : INFO : EventManager : Event: ======'carousel_item_highlighted'====== Args={'carousel': 'attract', 'direction': 'forwards', 'item': 'logo'}
2025-10-28 20:16:04,858 : INFO : SwitchController : <<<<<<< 's_right_flipper' inactive >>>>>>>
2025-10-28 20:16:05,242 : INFO : SwitchController : <<<<<<< 's_right_flipper' active >>>>>>>
2025-10-28 20:16:05,242 : INFO : EventManager : Event: ======'s_right_flipper_active'====== Args={}
2025-10-28 20:16:05,243 : INFO : EventManager : Event: ======'carousel_item_highlighted'====== Args={'carousel': 'attract', 'direction': 'forwards', 'item': 'title'}
2025-10-28 20:16:05,375 : INFO : SwitchController : <<<<<<< 's_right_flipper' inactive >>>>>>>
2025-10-28 20:16:05,525 : INFO : SwitchController : <<<<<<< 's_right_flipper' active >>>>>>>
2025-10-28 20:16:05,525 : INFO : EventManager : Event: ======'s_right_flipper_active'====== Args={}
2025-10-28 20:16:05,526 : INFO : EventManager : Event: ======'carousel_item_highlighted'====== Args={'carousel': 'attract', 'direction': 'forwards', 'item': 'credits'}
2025-10-28 20:16:05,642 : INFO : SwitchController : <<<<<<< 's_right_flipper' inactive >>>>>>>
2025-10-28 20:16:07,258 : INFO : SwitchController : <<<<<<< 's_start' active >>>>>>>
2025-10-28 20:16:07,325 : INFO : SwitchController : <<<<<<< 's_start' inactive >>>>>>>
2025-10-28 20:16:07,325 : INFO : EventManager : Event: ======'request_to_start_game'====== Args={}
2025-10-28 20:16:07,326 : INFO : EventManager : Event: ======'game_start'====== Args={'buttons': [], 'hold_time': 0.06678583298344165}
2025-10-28 20:16:07,326 : INFO : EventManager : Event: ======'mode_game_will_start'====== Args={'buttons': [], 'hold_time': 0.06678583298344165}
2025-10-28 20:16:07,327 : INFO : EventManager : Event: ======'mode_game_starting'====== Args={'buttons': [], 'hold_time': 0.06678583298344165}
2025-10-28 20:16:07,327 : INFO : EventManager : Event: ======'mode_attract_will_stop'====== Args={}
2025-10-28 20:16:07,327 : INFO : EventManager : Event: ======'mode_attract_stopping'====== Args={}
2025-10-28 20:16:07,327 : INFO : Mode.attract : Stopped.
2025-10-28 20:16:07,327 : INFO : EventManager : Event: ======'modes_active_modes_changed'====== Args={}
2025-10-28 20:16:07,328 : INFO : EventManager : Event: ======'mode_attract_stopped'====== Args={}
2025-10-28 20:16:07,328 : INFO : EventManager : Event: ======'clear'====== Args={'key': 'attract'}
2025-10-28 20:16:07,328 : INFO : Timer.attract_carousel_timer : Stopping Timer
2025-10-28 20:16:07,328 : INFO : EventManager : Event: ======'timer_attract_carousel_timer_stopped'====== Args={'ticks': 1, 'ticks_remaining': 1}
2025-10-28 20:16:07,328 : INFO : Mode.game : Started. Priority: 20
2025-10-28 20:16:07,328 : INFO : EventManager : Event: ======'modes_active_modes_changed'====== Args={}
2025-10-28 20:16:07,328 : INFO : EventManager : Event: ======'mode_game_started'====== Args={'buttons': [], 'hold_time': 0.06678583298344165}
2025-10-28 20:16:07,329 : INFO : EventManager : Event: ======'game_will_start'====== Args={}
2025-10-28 20:16:07,329 : INFO : EventManager : Event: ======'game_starting'====== Args={'game': <Mode.game>}
2025-10-28 20:16:07,330 : INFO : EventManager : Unordered handler for class <Auditor> on event game_ended with priority 1. Handlers: [RegisteredHandler(callback=<bound method Auditor.disable of <Auditor>>, priority=1, kwargs={}, key=UUID('661b7f9b-62e3-4c72-8975-89c73aaa5e4d'), condition=None, blocking_facility=None), RegisteredHandler(callback=<bound method Auditor._save_audits of <Auditor>>, priority=1, kwargs={}, key=UUID('c6dce14c-2306-48ea-886a-6f85cc4c774a'), condition=None, blocking_facility=None)]. The order of those handlers is not defined and they will be executed in random order. This might lead to race conditions and potential bugs.
2025-10-28 20:16:07,330 : INFO : EventManager : Event: ======'player_add_request'====== Args={}
2025-10-28 20:16:07,331 : INFO : EventManager : Event: ======'player_will_add'====== Args={'number': 1}
2025-10-28 20:16:07,331 : INFO : EventManager : Event: ======'player_adding'====== Args={'player': <Player 1>, 'number': 1}
2025-10-28 20:16:07,331 : INFO : EventManager : Event: ======'player_added'====== Args={'player': <Player 1>, 'num': 1}
2025-10-28 20:16:07,331 : INFO : Mode.game : Player added successfully. Total players: 1
2025-10-28 20:16:07,332 : INFO : EventManager : Event: ======'player_index'====== Args={'value': 0, 'prev_value': 0, 'change': 0, 'player_num': 1}
2025-10-28 20:16:07,332 : INFO : EventManager : Event: ======'player_number'====== Args={'value': 1, 'prev_value': 1, 'change': 0, 'player_num': 1}
2025-10-28 20:16:07,332 : INFO : EventManager : Event: ======'player_score'====== Args={'value': 0, 'prev_value': 0, 'change': 0, 'player_num': 1}
2025-10-28 20:16:07,332 : INFO : EventManager : Event: ======'game_started'====== Args={}
2025-10-28 20:16:07,333 : INFO : EventManager : Event: ======'player_turn_will_start'====== Args={'player': <Player 1>, 'number': 1}
2025-10-28 20:16:07,333 : INFO : EventManager : Event: ======'player_turn_starting'====== Args={'player': <Player 1>, 'number': 1}
2025-10-28 20:16:07,333 : INFO : EventManager : Event: ======'player_ball'====== Args={'value': 1, 'prev_value': 0, 'change': 1, 'player_num': 1}
2025-10-28 20:16:07,338 : INFO : EventManager : Event: ======'player_turn_started'====== Args={'player': <Player 1>, 'number': 1}
2025-10-28 20:16:07,338 : INFO : EventManager : Event: ======'ball_will_start'====== Args={'player': 1, 'ball': 1, 'balls_remaining': 2, 'is_extra_ball': False}
2025-10-28 20:16:07,338 : INFO : EventManager : Event: ======'ball_starting'====== Args={'player': 1, 'ball': 1, 'balls_remaining': 2, 'is_extra_ball': False}
2025-10-28 20:16:07,339 : INFO : EventManager : Event: ======'mode_base_will_start'====== Args={'queue': <QueuedEvent>, 'player': 1, 'ball': 1, 'balls_remaining': 2, 'is_extra_ball': False}
2025-10-28 20:16:07,339 : INFO : EventManager : Event: ======'mode_base_starting'====== Args={'queue': <QueuedEvent>, 'player': 1, 'ball': 1, 'balls_remaining': 2, 'is_extra_ball': False}
2025-10-28 20:16:07,340 : INFO : Mode.base : Started. Priority: 100
2025-10-28 20:16:07,340 : INFO : EventManager : Event: ======'modes_active_modes_changed'====== Args={}
2025-10-28 20:16:07,340 : INFO : EventManager : Event: ======'mode_base_started'====== Args={'queue': <QueuedEvent>, 'player': 1, 'ball': 1, 'balls_remaining': 2, 'is_extra_ball': False}
2025-10-28 20:16:07,340 : INFO : EventManager : Event: ======'start_mode_bumpers'====== Args={'priority': 0}
2025-10-28 20:16:07,340 : INFO : EventManager : Event: ======'mode_bumpers_will_start'====== Args={'priority': 0}
2025-10-28 20:16:07,341 : INFO : EventManager : Event: ======'player_shot_bumper1_enabled'====== Args={'value': True, 'prev_value': 0, 'change': 1, 'player_num': 1}
2025-10-28 20:16:07,341 : INFO : EventManager : Event: ======'player_shot_bumper2_enabled'====== Args={'value': True, 'prev_value': 0, 'change': 1, 'player_num': 1}
2025-10-28 20:16:07,342 : INFO : EventManager : Event: ======'player_shot_bumper3_enabled'====== Args={'value': True, 'prev_value': 0, 'change': 1, 'player_num': 1}
2025-10-28 20:16:07,342 : INFO : EventManager : Event: ======'bumpers_complete'====== Args={'state': 'unlit'}
2025-10-28 20:16:07,342 : INFO : EventManager : Event: ======'bumpers_unlit_complete'====== Args={}
2025-10-28 20:16:07,343 : INFO : EventManager : Event: ======'mode_bumpers_starting'====== Args={'priority': 0}
2025-10-28 20:16:07,343 : INFO : Mode.bumpers : Started. Priority: 200
2025-10-28 20:16:07,343 : INFO : EventManager : Event: ======'modes_active_modes_changed'====== Args={}
2025-10-28 20:16:07,343 : INFO : EventManager : Event: ======'mode_bumpers_started'====== Args={'priority': 0}
2025-10-28 20:16:07,344 : INFO : EventManager : Event: ======'balls_in_play'====== Args={'balls': 1}
2025-10-28 20:16:07,344 : INFO : EventManager : Event: ======'ball_started'====== Args={'player': 1, 'ball': 1, 'balls_remaining': 2, 'is_extra_ball': False}
2025-10-28 20:16:07,344 : INFO : EventManager : Event: ======'single_player_ball_started'====== Args={}
2025-10-28 20:16:07,345 : INFO : EventManager : Event: ======'ball_start_target'====== Args={'target': 'playfield'}
2025-10-28 20:16:07,345 : INFO : ball_device.bd_trough : Setting up player-controlled eject. Balls: 1, Target: <playfield.playfield>, player_controlled_eject_event: None
2025-10-28 20:16:07,345 : INFO : ball_device.bd_trough : Adding 1 ball(s) to the eject_queue with target <playfield.playfield>.
2025-10-28 20:16:07,345 : INFO : EventManager : Event: ======'balldevice_balls_available'====== Args={}
2025-10-28 20:16:07,346 : INFO : ball_device.bd_trough : State: waiting_for_target_ready
2025-10-28 20:16:07,346 : INFO : EventManager : Event: ======'balldevice_bd_trough_ball_eject_attempt'====== Args={'balls': 1, 'target': <ball_device.bd_plunger>, 'source': <ball_device.bd_trough>, 'mechanical_eject': False, 'num_attempts': 0}
2025-10-28 20:16:07,346 : INFO : ball_device.bd_plunger : State: waiting_for_ball
2025-10-28 20:16:07,346 : INFO : ball_device.bd_trough : State: ejecting
2025-10-28 20:16:07,346 : INFO : ball_device.bd_trough : Ejecting ball to <ball_device.bd_plunger>
2025-10-28 20:16:07,346 : INFO : EventManager : Event: ======'balldevice_bd_trough_ejecting_ball'====== Args={'balls': 1, 'target': <ball_device.bd_plunger>, 'source': <ball_device.bd_trough>, 'mechanical_eject': False, 'num_attempts': 0}
2025-10-28 20:16:07,347 : INFO : ball_device.bd_trough : Wait for ball to leave device
2025-10-28 20:16:07,347 : INFO : coil.c_trough_eject : Pulsing Driver for 20ms (1.0 pulse_power)
2025-10-28 20:16:07,347 : INFO : SwitchController : <<<<<<< 's_trough1' inactive >>>>>>>
2025-10-28 20:16:07,348 : INFO : ball_device.bd_trough : State: ball_left
2025-10-28 20:16:07,348 : INFO : ball_device.bd_trough : Ball left
2025-10-28 20:16:07,348 : INFO : ball_device.bd_trough : Wait for confirm with timeout 3.0
2025-10-28 20:16:07,394 : INFO : EventManager : Event: ======'slide_base_slide_created'====== Args={'_from_bcp': True}
2025-10-28 20:16:07,395 : INFO : EventManager : Event: ======'slide_attract_inactive'====== Args={'is_removing': True, '_from_bcp': True}
2025-10-28 20:16:07,395 : INFO : EventManager : Event: ======'slide_base_slide_active'====== Args={'original_context': 'base', 'original_calling_context': 'mode_base_started', 'priority': 100.0, 'queue': '<QueuedEvent>', 'player': 1.0, 'ball': 1.0, 'balls_remaining': 2.0, 'is_extra_ball': False, 'cmd': 'slides_play', '_from_bcp': True}
2025-10-28 20:16:07,397 : INFO : EventManager : Event: ======'slide_attract_removed'====== Args={'_from_bcp': True}
2025-10-28 20:16:07,449 : INFO : SwitchController : <<<<<<< 's_plunger_lane' active >>>>>>>
2025-10-28 20:16:07,449 : INFO : EventManager : Event: ======'machine_var_audits_switches_s_plunger_lane'====== Args={'value': 64, 'prev_value': 63, 'change': 1}
2025-10-28 20:16:07,950 : INFO : ball_device.bd_plunger : Received ball from <ball_device.bd_trough>
2025-10-28 20:16:07,950 : INFO : EventManager : Event: ======'balldevice_bd_plunger_ball_enter'====== Args={'new_balls': 1, 'unclaimed_balls': 0, 'new_available_balls': 0, 'device': <ball_device.bd_plunger>}
2025-10-28 20:16:07,951 : INFO : EventManager : Event: ======'balldevice_bd_plunger_ball_entered'====== Args={'new_balls': 0, 'device': <ball_device.bd_plunger>}
2025-10-28 20:16:07,951 : INFO : EventManager : Event: ======'balldevice_bd_plunger_ball_count_changed'====== Args={'balls': 1}
2025-10-28 20:16:07,952 : INFO : ball_device.bd_trough : Got eject confirm
2025-10-28 20:16:07,952 : INFO : ball_device.bd_trough : Eject successful
2025-10-28 20:16:07,952 : INFO : EventManager : Event: ======'balldevice_bd_trough_ball_eject_success'====== Args={'balls': 1, 'target': <ball_device.bd_plunger>}
2025-10-28 20:16:07,952 : INFO : ball_device.bd_plunger : State: waiting_for_target_ready
2025-10-28 20:16:07,952 : INFO : EventManager : Event: ======'balldevice_bd_plunger_ball_eject_attempt'====== Args={'balls': 1, 'target': <playfield.playfield>, 'source': <ball_device.bd_plunger>, 'mechanical_eject': False, 'num_attempts': 0}
2025-10-28 20:16:07,953 : INFO : EventManager : Event: ======'balldevice_bd_trough_ball_count_changed'====== Args={'balls': 3}
2025-10-28 20:16:07,953 : INFO : ball_device.bd_trough : State: idle
2025-10-28 20:16:07,953 : INFO : ball_device.bd_plunger : State: ejecting
2025-10-28 20:16:07,953 : INFO : ball_device.bd_plunger : Ejecting ball to <playfield.playfield>
2025-10-28 20:16:07,954 : INFO : EventManager : Event: ======'balldevice_bd_plunger_ejecting_ball'====== Args={'balls': 1, 'target': <playfield.playfield>, 'source': <ball_device.bd_plunger>, 'mechanical_eject': False, 'num_attempts': 0}
2025-10-28 20:16:07,955 : INFO : ball_device.bd_plunger : Wait for ball to leave device
2025-10-28 20:16:07,955 : INFO : coil.c_plunger : Pulsing Driver for 20ms (1.0 pulse_power)
2025-10-28 20:16:07,955 : INFO : SwitchController : <<<<<<< 's_plunger_lane' inactive >>>>>>>
2025-10-28 20:16:07,956 : INFO : ball_device.bd_plunger : State: ball_left
2025-10-28 20:16:07,956 : INFO : ball_device.bd_plunger : Ball left
2025-10-28 20:16:07,956 : INFO : ball_device.bd_plunger : Wait for confirm with timeout 3.0
2025-10-28 20:16:10,958 : INFO : ball_device.bd_plunger : State: failed_confirm
2025-10-28 20:16:10,958 : INFO : ball_device.bd_plunger : Got timeout (3.0s) before confirm from <playfield.playfield>
2025-10-28 20:16:11,060 : INFO : ball_device.bd_plunger : Confirming eject because target is playfield and ball did not return.
2025-10-28 20:16:11,060 : INFO : ball_device.bd_plunger : Eject successful
2025-10-28 20:16:11,060 : INFO : EventManager : Event: ======'balldevice_bd_plunger_ball_eject_success'====== Args={'balls': 1, 'target': <playfield.playfield>}
2025-10-28 20:16:11,060 : INFO : EventManager : Event: ======'balldevice_playfield_ball_enter'====== Args={'new_balls': 1, 'unclaimed_balls': 1, 'device': <playfield.playfield>}
2025-10-28 20:16:11,061 : INFO : EventManager : Event: ======'playfield_ball_count_change'====== Args={'balls': 1, 'change': 1}
2025-10-28 20:16:11,061 : INFO : EventManager : Event: ======'balldevice_bd_plunger_ball_count_changed'====== Args={'balls': 0}
2025-10-28 20:16:11,061 : INFO : ball_device.bd_plunger : State: idle
2025-10-28 20:16:13,858 : INFO : SwitchController : <<<<<<< 's_start' active >>>>>>>
2025-10-28 20:16:13,859 : INFO : EventManager : Event: ======'sw_start'====== Args={}
2025-10-28 20:16:13,859 : INFO : EventManager : Event: ======'machine_var_audits_switches_s_start'====== Args={'value': 188, 'prev_value': 187, 'change': 1}
2025-10-28 20:16:13,860 : INFO : EventManager : Event: ======'player_add_request'====== Args={}
2025-10-28 20:16:13,860 : INFO : EventManager : Event: ======'player_will_add'====== Args={'number': 2}
2025-10-28 20:16:13,860 : INFO : EventManager : Event: ======'player_adding'====== Args={'player': <Player 2>, 'number': 2}
2025-10-28 20:16:13,860 : INFO : EventManager : Event: ======'player_added'====== Args={'player': <Player 2>, 'num': 2}
2025-10-28 20:16:13,860 : INFO : Mode.game : Player added successfully. Total players: 2
2025-10-28 20:16:13,860 : INFO : EventManager : Event: ======'multiplayer_game'====== Args={}
2025-10-28 20:16:13,861 : INFO : EventManager : Event: ======'player_index'====== Args={'value': 1, 'prev_value': 1, 'change': 0, 'player_num': 2}
2025-10-28 20:16:13,861 : INFO : EventManager : Event: ======'player_number'====== Args={'value': 2, 'prev_value': 2, 'change': 0, 'player_num': 2}
2025-10-28 20:16:13,868 : INFO : EventManager : Event: ======'player_score'====== Args={'value': 0, 'prev_value': 0, 'change': 0, 'player_num': 2}
2025-10-28 20:16:13,942 : INFO : SwitchController : <<<<<<< 's_start' inactive >>>>>>>
2025-10-28 20:16:15,692 : INFO : SwitchController : <<<<<<< 's_start' active >>>>>>>
2025-10-28 20:16:15,692 : INFO : EventManager : Event: ======'sw_start'====== Args={}
2025-10-28 20:16:15,692 : INFO : EventManager : Event: ======'machine_var_audits_switches_s_start'====== Args={'value': 189, 'prev_value': 188, 'change': 1}
2025-10-28 20:16:15,693 : INFO : EventManager : Event: ======'player_add_request'====== Args={}
2025-10-28 20:16:15,693 : INFO : EventManager : Event: ======'player_will_add'====== Args={'number': 3}
2025-10-28 20:16:15,693 : INFO : EventManager : Event: ======'player_adding'====== Args={'player': <Player 3>, 'number': 3}
2025-10-28 20:16:15,694 : INFO : EventManager : Event: ======'player_added'====== Args={'player': <Player 3>, 'num': 3}
2025-10-28 20:16:15,694 : INFO : Mode.game : Player added successfully. Total players: 3
2025-10-28 20:16:15,694 : INFO : EventManager : Event: ======'player_index'====== Args={'value': 2, 'prev_value': 2, 'change': 0, 'player_num': 3}
2025-10-28 20:16:15,701 : INFO : EventManager : Event: ======'player_number'====== Args={'value': 3, 'prev_value': 3, 'change': 0, 'player_num': 3}
2025-10-28 20:16:15,702 : INFO : EventManager : Event: ======'player_score'====== Args={'value': 0, 'prev_value': 0, 'change': 0, 'player_num': 3}
2025-10-28 20:16:15,775 : INFO : SwitchController : <<<<<<< 's_start' inactive >>>>>>>
2025-10-28 20:16:17,258 : INFO : SwitchController : <<<<<<< 's_start' active >>>>>>>
2025-10-28 20:16:17,259 : INFO : EventManager : Event: ======'sw_start'====== Args={}
2025-10-28 20:16:17,259 : INFO : EventManager : Event: ======'machine_var_audits_switches_s_start'====== Args={'value': 190, 'prev_value': 189, 'change': 1}
2025-10-28 20:16:17,260 : INFO : EventManager : Event: ======'player_add_request'====== Args={}
2025-10-28 20:16:17,260 : INFO : EventManager : Event: ======'player_will_add'====== Args={'number': 4}
2025-10-28 20:16:17,260 : INFO : EventManager : Event: ======'player_adding'====== Args={'player': <Player 4>, 'number': 4}
2025-10-28 20:16:17,260 : INFO : EventManager : Event: ======'player_added'====== Args={'player': <Player 4>, 'num': 4}
2025-10-28 20:16:17,260 : INFO : Mode.game : Player added successfully. Total players: 4
2025-10-28 20:16:17,268 : INFO : EventManager : Event: ======'player_index'====== Args={'value': 3, 'prev_value': 3, 'change': 0, 'player_num': 4}
2025-10-28 20:16:17,268 : INFO : EventManager : Event: ======'player_number'====== Args={'value': 4, 'prev_value': 4, 'change': 0, 'player_num': 4}
2025-10-28 20:16:17,268 : INFO : EventManager : Event: ======'player_score'====== Args={'value': 0, 'prev_value': 0, 'change': 0, 'player_num': 4}
2025-10-28 20:16:17,325 : INFO : SwitchController : <<<<<<< 's_start' inactive >>>>>>>
2025-10-28 20:16:54,642 : INFO : Machine : Shutting down...
2025-10-28 20:16:54,643 : INFO : EventManager : Event: ======'shutdown'====== Args={}
2025-10-28 20:16:54,644 : INFO : EventManager : Event: ======'mode_game_will_stop'====== Args={}
2025-10-28 20:16:54,644 : INFO : EventManager : Event: ======'mode_game_stopping'====== Args={}
2025-10-28 20:16:54,645 : INFO : EventManager : Event: ======'mode_base_will_stop'====== Args={}
2025-10-28 20:16:54,645 : INFO : EventManager : Event: ======'mode_base_stopping'====== Args={}
2025-10-28 20:16:54,645 : INFO : EventManager : Event: ======'mode_bumpers_will_stop'====== Args={}
2025-10-28 20:16:54,645 : INFO : EventManager : Event: ======'mode_bumpers_stopping'====== Args={}
2025-10-28 20:16:54,645 : INFO : EventManager : Event: ======'stop_mode_bumpers'====== Args={'priority': 0}
2025-10-28 20:16:54,645 : INFO : Mode.bumpers : Stopped.
2025-10-28 20:16:54,646 : INFO : EventManager : Event: ======'modes_active_modes_changed'====== Args={}
2025-10-28 20:16:54,646 : INFO : EventManager : Event: ======'mode_bumpers_stopped'====== Args={}
2025-10-28 20:16:54,646 : INFO : EventManager : Event: ======'clear'====== Args={'key': 'bumpers'}
2025-10-28 20:16:54,647 : INFO : Mode.base : Stopped.
2025-10-28 20:16:54,647 : INFO : EventManager : Event: ======'modes_active_modes_changed'====== Args={}
2025-10-28 20:16:54,647 : INFO : EventManager : Event: ======'mode_base_stopped'====== Args={}
2025-10-28 20:16:54,647 : INFO : EventManager : Event: ======'clear'====== Args={'key': 'base'}
2025-10-28 20:16:54,647 : INFO : Mode.game : Stopped.
2025-10-28 20:16:54,647 : INFO : EventManager : Event: ======'modes_active_modes_changed'====== Args={}
2025-10-28 20:16:54,647 : INFO : EventManager : Event: ======'mode_game_stopped'====== Args={}
2025-10-28 20:16:54,647 : INFO : EventManager : Event: ======'clear'====== Args={'key': 'game'}
2025-10-28 20:16:54,650 : INFO : root : MPF run loop ended.
