2025-10-23 23:55:07,107 : INFO : root : Loading config.
2025-10-23 23:55:07,109 : INFO : YamlMultifileConfigLoader : Machine config file #1: config.yaml
2025-10-23 23:55:07,109 : INFO : ConfigProcessor : Loading config from cache: /var/folders/m3/0d4y64_n3fn8tnkv3ydlhztw0000gn/T/5ca32a6c950d03116abbed96ca44d372.mpf_cache
2025-10-23 23:55:07,120 : INFO : ConfigProcessor : Loading config from cache: /var/folders/m3/0d4y64_n3fn8tnkv3ydlhztw0000gn/T/01c495fa7450a81b4be96cb699872531.mpf_cache
2025-10-23 23:55:07,120 : INFO : ConfigProcessor : Loading config from cache: /var/folders/m3/0d4y64_n3fn8tnkv3ydlhztw0000gn/T/bfde29b5bb803376b0637bb8f0da27a7.mpf_cache
2025-10-23 23:55:07,120 : INFO : ConfigProcessor : Loading config from cache: /var/folders/m3/0d4y64_n3fn8tnkv3ydlhztw0000gn/T/01c495fa7450a81b4be96cb699872531.mpf_cache
2025-10-23 23:55:07,120 : INFO : ConfigProcessor : Loading config from cache: /var/folders/m3/0d4y64_n3fn8tnkv3ydlhztw0000gn/T/3ae89e09515ff8d8b11d68f672b2cc51.mpf_cache
2025-10-23 23:55:07,120 : WARNING : ConfigProcessor : Config file in cache changed: /Users/didiergilbin/Desktop/Homebrew_CSI/modes/bumpers/config/bumpers.yaml
2025-10-23 23:55:07,120 : INFO : ConfigProcessor : Loading config from file /Users/didiergilbin/Desktop/Homebrew_CSI/modes/bumpers/config/bumpers.yaml.
2025-10-23 23:55:07,122 : INFO : ConfigProcessor : Loading config: /Users/didiergilbin/Desktop/Homebrew_CSI/modes/bumpers/config/bumpers.yaml
2025-10-23 23:55:07,122 : INFO : ConfigProcessor : Config file cache created: /var/folders/m3/0d4y64_n3fn8tnkv3ydlhztw0000gn/T/4c420229fa75118c2461cfc9ff5a44e2.mpf_cache
2025-10-23 23:55:07,122 : INFO : Machine : Mission Pinball Framework Core Engine v0.80.0.dev10
2025-10-23 23:55:07,122 : INFO : Machine : Command line arguments: {'no_load_cache': False, 'create_config_cache': True, 'bcp': True, 'configfile': ['config.yaml'], 'force_assets_load': False, 'platform_integration_test': False, 'jsonlogging': False, 'logfile': 'logs/2025-10-23-23-55-07-mpf-mac.home.log', 'pause': False, 'production': False, 'text_ui': False, 'loglevel': 15, 'consoleloglevel': 20, 'force_platform': 'smart_virtual', 'syslog_address': None, 'full_logfile_path': '/Users/didiergilbin/Desktop/Homebrew_CSI/logs/2025-10-23-23-55-07-mpf-mac.home.log'}
2025-10-23 23:55:07,122 : INFO : Machine : MPF path: /Users/didiergilbin/mpfenv/lib/python3.13/site-packages/mpf
2025-10-23 23:55:07,122 : INFO : Machine : Machine path: /Users/didiergilbin/Desktop/Homebrew_CSI
2025-10-23 23:55:07,122 : INFO : Machine : Platform: darwin
2025-10-23 23:55:07,122 : INFO : Machine : Python executable location: /Users/didiergilbin/mpfenv/bin/python3.13
2025-10-23 23:55:07,122 : INFO : Machine : Python version: 3.13.7 (64-bit)
2025-10-23 23:55:07,122 : INFO : Machine : Initializing MPF...
2025-10-23 23:55:07,135 : INFO : EventManager : Event: ======'machine_var_credits_string'====== Args={'value': 'FREE PLAY', 'prev_value': None, 'change': True}
2025-10-23 23:55:07,137 : INFO : EventManager : Event: ======'machine_var_master_volume'====== Args={'value': 0.5, 'prev_value': None, 'change': True}
2025-10-23 23:55:07,137 : INFO : EventManager : Event: ======'machine_var_mpf_version'====== Args={'value': 'Mission Pinball Framework v0.80.0.dev10', 'prev_value': None, 'change': True}
2025-10-23 23:55:07,137 : INFO : EventManager : Event: ======'machine_var_mpf_extended_version'====== Args={'value': 'Mission Pinball Framework v0.80.0.dev10, Config version:6, Show version: 6, BCP version:1.1', 'prev_value': None, 'change': True}
2025-10-23 23:55:07,137 : INFO : EventManager : Event: ======'machine_var_python_version'====== Args={'value': '3.13.7', 'prev_value': None, 'change': True}
2025-10-23 23:55:07,143 : INFO : EventManager : Event: ======'machine_var_platform'====== Args={'value': 'macOS-15.6.1-arm64-arm-64bit-Mach-O', 'prev_value': None, 'change': True}
2025-10-23 23:55:07,143 : INFO : EventManager : Event: ======'machine_var_platform_system'====== Args={'value': 'Darwin', 'prev_value': None, 'change': True}
2025-10-23 23:55:07,143 : INFO : EventManager : Event: ======'machine_var_platform_release'====== Args={'value': '24.6.0', 'prev_value': None, 'change': True}
2025-10-23 23:55:07,143 : INFO : EventManager : Event: ======'machine_var_platform_version'====== Args={'value': 'Darwin Kernel Version 24.6.0: Mon Jul 14 11:30:40 PDT 2025; root:xnu-11417.140.69~1/RELEASE_ARM64_T8132', 'prev_value': None, 'change': True}
2025-10-23 23:55:07,143 : INFO : EventManager : Event: ======'machine_var_platform_machine'====== Args={'value': 'arm64', 'prev_value': None, 'change': True}
2025-10-23 23:55:07,143 : INFO : EventManager : Event: ======'machine_var_log_file_path'====== Args={'value': '/Users/didiergilbin/Desktop/Homebrew_CSI/logs/2025-10-23-23-55-07-mpf-mac.home.log', 'prev_value': None, 'change': True}
2025-10-23 23:55:07,143 : INFO : EventManager : Event: ======'init_phase_1'====== Args={}
2025-10-23 23:55:07,147 : INFO : EventManager : Event: ======'init_phase_2'====== Args={}
2025-10-23 23:55:07,147 : INFO : SwitchController : Found active switch: ('2', <Platform.SmartVirtual>) <switch.s_trough1>
2025-10-23 23:55:07,147 : INFO : SwitchController : Found active switch: ('3', <Platform.SmartVirtual>) <switch.s_trough2>
2025-10-23 23:55:07,147 : INFO : SwitchController : Found active switch: ('4', <Platform.SmartVirtual>) <switch.s_trough3>
2025-10-23 23:55:07,147 : INFO : SwitchController : Found active switch: ('5', <Platform.SmartVirtual>) <switch.s_trough4>
2025-10-23 23:55:07,148 : INFO : EventManager : Event: ======'bcp_connection_attempt'====== Args={'name': 'local_display', 'host': 'localhost', 'port': 5050}
2025-10-23 23:55:07,148 : INFO : BCPClientSocket : Connecting BCP to 'local_display' at localhost:5050...
2025-10-23 23:55:07,151 : INFO : BCPClientSocket : Connected BCP to 'local_display' localhost:5050
2025-10-23 23:55:07,151 : INFO : EventManager : Event: ======'bcp_clients_connected'====== Args={}
2025-10-23 23:55:07,151 : INFO : ball_device.bd_trough : BCH: Initial count: 4
2025-10-23 23:55:07,151 : INFO : ball_device.bd_trough : State: idle
2025-10-23 23:55:07,151 : INFO : ball_device.bd_plunger : BCH: Initial count: 0
2025-10-23 23:55:07,151 : INFO : ball_device.bd_plunger : State: idle
2025-10-23 23:55:07,154 : INFO : EventManager : Event: ======'init_phase_3'====== Args={}
2025-10-23 23:55:07,154 : INFO : EventManager : Event: ======'init_phase_4'====== Args={}
2025-10-23 23:55:07,154 : INFO : BallController : Initial balls found: 4
2025-10-23 23:55:07,155 : INFO : EventManager : Event: ======'machine_var_audits_events_game_ended'====== Args={'value': 0, 'prev_value': None, 'change': True}
2025-10-23 23:55:07,155 : INFO : EventManager : Event: ======'machine_var_audits_events_game_started'====== Args={'value': 62, 'prev_value': None, 'change': True}
2025-10-23 23:55:07,155 : INFO : EventManager : Event: ======'machine_var_audits_missing_switches_s_launch_button'====== Args={'value': 62, 'prev_value': None, 'change': True}
2025-10-23 23:55:07,155 : INFO : EventManager : Event: ======'machine_var_audits_missing_switches_s_left_flipper'====== Args={'value': 51, 'prev_value': None, 'change': True}
2025-10-23 23:55:07,155 : INFO : EventManager : Event: ======'machine_var_audits_missing_switches_s_right_flipper'====== Args={'value': 51, 'prev_value': None, 'change': True}
2025-10-23 23:55:07,155 : INFO : EventManager : Event: ======'machine_var_audits_missing_switches_s_scoop'====== Args={'value': 33, 'prev_value': None, 'change': True}
2025-10-23 23:55:07,155 : INFO : EventManager : Event: ======'machine_var_audits_missing_switches_s_sling_left'====== Args={'value': 62, 'prev_value': None, 'change': True}
2025-10-23 23:55:07,155 : INFO : EventManager : Event: ======'machine_var_audits_missing_switches_s_sling_right'====== Args={'value': 62, 'prev_value': None, 'change': True}
2025-10-23 23:55:07,155 : INFO : EventManager : Event: ======'machine_var_audits_missing_switches_s_trough1'====== Args={'value': 62, 'prev_value': None, 'change': True}
2025-10-23 23:55:07,155 : INFO : EventManager : Event: ======'machine_var_audits_missing_switches_s_trough2'====== Args={'value': 62, 'prev_value': None, 'change': True}
2025-10-23 23:55:07,155 : INFO : EventManager : Event: ======'machine_var_audits_missing_switches_s_trough3'====== Args={'value': 62, 'prev_value': None, 'change': True}
2025-10-23 23:55:07,155 : INFO : EventManager : Event: ======'machine_var_audits_missing_switches_s_trough4'====== Args={'value': 62, 'prev_value': None, 'change': True}
2025-10-23 23:55:07,155 : INFO : EventManager : Event: ======'machine_var_audits_missing_switches_s_trough_jam'====== Args={'value': 62, 'prev_value': None, 'change': True}
2025-10-23 23:55:07,155 : INFO : EventManager : Event: ======'machine_var_audits_player_score'====== Args={'value': {'average': 0, 'top': [], 'total': 0}, 'prev_value': None, 'change': True}
2025-10-23 23:55:07,155 : INFO : EventManager : Event: ======'machine_var_audits_shots_bumper1'====== Args={'value': 1739, 'prev_value': None, 'change': True}
2025-10-23 23:55:07,155 : INFO : EventManager : Event: ======'machine_var_audits_shots_bumper2'====== Args={'value': 1830, 'prev_value': None, 'change': True}
2025-10-23 23:55:07,155 : INFO : EventManager : Event: ======'machine_var_audits_shots_bumper3'====== Args={'value': 1606, 'prev_value': None, 'change': True}
2025-10-23 23:55:07,155 : INFO : EventManager : Event: ======'machine_var_audits_switches_s_launch_button'====== Args={'value': 0, 'prev_value': None, 'change': True}
2025-10-23 23:55:07,155 : INFO : EventManager : Event: ======'machine_var_audits_switches_s_left_flipper'====== Args={'value': 5, 'prev_value': None, 'change': True}
2025-10-23 23:55:07,155 : INFO : EventManager : Event: ======'machine_var_audits_switches_s_plunger_lane'====== Args={'value': 62, 'prev_value': None, 'change': True}
2025-10-23 23:55:07,155 : INFO : EventManager : Event: ======'machine_var_audits_switches_s_popbumper1'====== Args={'value': 1739, 'prev_value': None, 'change': True}
2025-10-23 23:55:07,155 : INFO : EventManager : Event: ======'machine_var_audits_switches_s_popbumper2'====== Args={'value': 1830, 'prev_value': None, 'change': True}
2025-10-23 23:55:07,155 : INFO : EventManager : Event: ======'machine_var_audits_switches_s_popbumper3'====== Args={'value': 1606, 'prev_value': None, 'change': True}
2025-10-23 23:55:07,155 : INFO : EventManager : Event: ======'machine_var_audits_switches_s_right_flipper'====== Args={'value': 7, 'prev_value': None, 'change': True}
2025-10-23 23:55:07,155 : INFO : EventManager : Event: ======'machine_var_audits_switches_s_scoop'====== Args={'value': 46, 'prev_value': None, 'change': True}
2025-10-23 23:55:07,155 : INFO : EventManager : Event: ======'machine_var_audits_switches_s_sling_left'====== Args={'value': 0, 'prev_value': None, 'change': True}
2025-10-23 23:55:07,155 : INFO : EventManager : Event: ======'machine_var_audits_switches_s_sling_right'====== Args={'value': 0, 'prev_value': None, 'change': True}
2025-10-23 23:55:07,155 : INFO : EventManager : Event: ======'machine_var_audits_switches_s_start'====== Args={'value': 184, 'prev_value': None, 'change': True}
2025-10-23 23:55:07,155 : INFO : EventManager : Event: ======'machine_var_audits_switches_s_trough1'====== Args={'value': 0, 'prev_value': None, 'change': True}
2025-10-23 23:55:07,155 : INFO : EventManager : Event: ======'machine_var_audits_switches_s_trough2'====== Args={'value': 0, 'prev_value': None, 'change': True}
2025-10-23 23:55:07,155 : INFO : EventManager : Event: ======'machine_var_audits_switches_s_trough3'====== Args={'value': 0, 'prev_value': None, 'change': True}
2025-10-23 23:55:07,155 : INFO : EventManager : Event: ======'machine_var_audits_switches_s_trough4'====== Args={'value': 0, 'prev_value': None, 'change': True}
2025-10-23 23:55:07,155 : INFO : EventManager : Event: ======'machine_var_audits_switches_s_trough_jam'====== Args={'value': 0, 'prev_value': None, 'change': True}
2025-10-23 23:55:07,155 : INFO : EventManager : Event: ======'init_phase_5'====== Args={}
2025-10-23 23:55:07,155 : INFO : EventManager : Event: ======'init_done'====== Args={}
2025-10-23 23:55:07,156 : INFO : EventManager : Event: ======'machine_reset_phase_1'====== Args={}
2025-10-23 23:55:07,164 : INFO : EventManager : Event: ======'machine_reset_phase_2'====== Args={}
2025-10-23 23:55:07,164 : INFO : EventManager : Event: ======'machine_reset_phase_3'====== Args={}
2025-10-23 23:55:07,164 : INFO : EventManager : Event: ======'reset_complete'====== Args={}
2025-10-23 23:55:07,164 : INFO : EventManager : Event: ======'mode_attract_will_start'====== Args={}
2025-10-23 23:55:07,164 : INFO : Timer.attract_carousel_timer : Starting Timer.
2025-10-23 23:55:07,164 : INFO : EventManager : Event: ======'timer_attract_carousel_timer_started'====== Args={'ticks': 0, 'ticks_remaining': 1}
2025-10-23 23:55:07,164 : INFO : EventManager : Event: ======'timer_attract_carousel_timer_tick'====== Args={'ticks': 0, 'ticks_remaining': 1}
2025-10-23 23:55:07,164 : INFO : EventManager : Event: ======'mode_attract_starting'====== Args={}
2025-10-23 23:55:07,164 : INFO : Mode.attract : Started. Priority: 10
2025-10-23 23:55:07,164 : INFO : EventManager : Event: ======'modes_active_modes_changed'====== Args={}
2025-10-23 23:55:07,164 : INFO : EventManager : Event: ======'mode_attract_started'====== Args={}
2025-10-23 23:55:07,164 : INFO : EventManager : Event: ======'collecting_balls_complete'====== Args={}
2025-10-23 23:55:07,164 : INFO : EventManager : Event: ======'carousel_item_highlighted'====== Args={'carousel': 'attract', 'direction': None, 'item': 'title'}
2025-10-23 23:55:07,165 : INFO : Machine : Starting the main run loop with active modes: [<Mode.attract>]
2025-10-23 23:55:07,566 : INFO : EventManager : Event: ======'slide_attract_created'====== Args={'_from_bcp': True}
2025-10-23 23:55:07,566 : INFO : EventManager : Event: ======'slide__removed'====== Args={'_from_bcp': True}
2025-10-23 23:55:07,566 : INFO : EventManager : Event: ======'slide_attract_active'====== Args={'original_context': 'attract', 'original_calling_context': 'mode_attract_started', 'priority': 10.0, 'cmd': 'slides_play', '_from_bcp': True}
2025-10-23 23:55:12,165 : INFO : Timer.attract_carousel_timer : Timer Complete
2025-10-23 23:55:12,166 : INFO : Timer.attract_carousel_timer : Stopping Timer
2025-10-23 23:55:12,166 : INFO : EventManager : Event: ======'timer_attract_carousel_timer_stopped'====== Args={'ticks': 1, 'ticks_remaining': 1}
2025-10-23 23:55:12,166 : INFO : EventManager : Event: ======'timer_attract_carousel_timer_complete'====== Args={'ticks': 1, 'ticks_remaining': 1}
2025-10-23 23:55:12,167 : INFO : EventManager : Event: ======'carousel_item_highlighted'====== Args={'carousel': 'attract', 'direction': 'forwards', 'item': 'credits'}
2025-10-23 23:55:18,163 : INFO : SwitchController : <<<<<<< 's_right_flipper' active >>>>>>>
2025-10-23 23:55:18,164 : INFO : EventManager : Event: ======'s_right_flipper_active'====== Args={}
2025-10-23 23:55:18,164 : INFO : EventManager : Event: ======'carousel_item_highlighted'====== Args={'carousel': 'attract', 'direction': 'forwards', 'item': 'logo'}
2025-10-23 23:55:18,235 : INFO : SwitchController : <<<<<<< 's_right_flipper' inactive >>>>>>>
2025-10-23 23:55:19,596 : INFO : SwitchController : <<<<<<< 's_right_flipper' active >>>>>>>
2025-10-23 23:55:19,596 : INFO : EventManager : Event: ======'s_right_flipper_active'====== Args={}
2025-10-23 23:55:19,597 : INFO : EventManager : Event: ======'carousel_item_highlighted'====== Args={'carousel': 'attract', 'direction': 'forwards', 'item': 'title'}
2025-10-23 23:55:19,613 : INFO : SwitchController : <<<<<<< 's_left_flipper' active >>>>>>>
2025-10-23 23:55:19,613 : INFO : EventManager : Event: ======'s_left_flipper_active'====== Args={}
2025-10-23 23:55:19,614 : INFO : EventManager : Event: ======'flipper_cancel'====== Args={'triggering_group': 1, 'triggering_switch': 's_left_flipper'}
2025-10-23 23:55:19,614 : INFO : EventManager : Event: ======'carousel_item_highlighted'====== Args={'carousel': 'attract', 'direction': 'backwards', 'item': 'logo'}
2025-10-23 23:55:22,597 : INFO : EventManager : Event: ======'flipper_cradle'====== Args={}
2025-10-23 23:55:22,598 : INFO : Timer.attract_carousel_timer : Stopping Timer
2025-10-23 23:55:22,598 : INFO : EventManager : Event: ======'timer_attract_carousel_timer_stopped'====== Args={'ticks': 1, 'ticks_remaining': 1}
2025-10-23 23:55:25,829 : INFO : SwitchController : <<<<<<< 's_right_flipper' inactive >>>>>>>
2025-10-23 23:55:25,829 : INFO : EventManager : Event: ======'both_flippers_one'====== Args={'triggering_group': 2, 'triggering_switch': 's_right_flipper'}
2025-10-23 23:55:25,846 : INFO : SwitchController : <<<<<<< 's_left_flipper' inactive >>>>>>>
2025-10-23 23:55:25,846 : INFO : EventManager : Event: ======'both_flippers_inactive'====== Args={'triggering_group': 1, 'triggering_switch': 's_left_flipper'}
2025-10-23 23:55:25,846 : INFO : EventManager : Event: ======'flipper_cradle_release'====== Args={}
2025-10-23 23:55:25,847 : INFO : Timer.attract_carousel_timer : Starting Timer.
2025-10-23 23:55:25,847 : INFO : EventManager : Event: ======'timer_attract_carousel_timer_started'====== Args={'ticks': 0, 'ticks_remaining': 1}
2025-10-23 23:55:25,847 : INFO : EventManager : Event: ======'timer_attract_carousel_timer_tick'====== Args={'ticks': 0, 'ticks_remaining': 1}
2025-10-23 23:55:30,848 : INFO : Timer.attract_carousel_timer : Timer Complete
2025-10-23 23:55:30,848 : INFO : Timer.attract_carousel_timer : Stopping Timer
2025-10-23 23:55:30,848 : INFO : EventManager : Event: ======'timer_attract_carousel_timer_stopped'====== Args={'ticks': 1, 'ticks_remaining': 1}
2025-10-23 23:55:30,849 : INFO : EventManager : Event: ======'timer_attract_carousel_timer_complete'====== Args={'ticks': 1, 'ticks_remaining': 1}
2025-10-23 23:55:30,849 : INFO : EventManager : Event: ======'carousel_item_highlighted'====== Args={'carousel': 'attract', 'direction': 'forwards', 'item': 'title'}
2025-10-23 23:55:40,379 : INFO : SwitchController : <<<<<<< 's_right_flipper' active >>>>>>>
2025-10-23 23:55:40,380 : INFO : EventManager : Event: ======'s_right_flipper_active'====== Args={}
2025-10-23 23:55:40,380 : INFO : EventManager : Event: ======'carousel_item_highlighted'====== Args={'carousel': 'attract', 'direction': 'forwards', 'item': 'credits'}
2025-10-23 23:55:40,381 : INFO : SwitchController : <<<<<<< 's_left_flipper' active >>>>>>>
2025-10-23 23:55:40,381 : INFO : EventManager : Event: ======'s_left_flipper_active'====== Args={}
2025-10-23 23:55:40,381 : INFO : EventManager : Event: ======'flipper_cancel'====== Args={'triggering_group': 1, 'triggering_switch': 's_left_flipper'}
2025-10-23 23:55:40,381 : INFO : EventManager : Event: ======'carousel_item_highlighted'====== Args={'carousel': 'attract', 'direction': 'backwards', 'item': 'title'}
2025-10-23 23:55:43,380 : INFO : EventManager : Event: ======'flipper_cradle'====== Args={}
2025-10-23 23:55:43,381 : INFO : Timer.attract_carousel_timer : Stopping Timer
2025-10-23 23:55:43,381 : INFO : EventManager : Event: ======'timer_attract_carousel_timer_stopped'====== Args={'ticks': 1, 'ticks_remaining': 1}
2025-10-23 23:55:46,913 : INFO : SwitchController : <<<<<<< 's_right_flipper' inactive >>>>>>>
2025-10-23 23:55:46,913 : INFO : EventManager : Event: ======'both_flippers_one'====== Args={'triggering_group': 2, 'triggering_switch': 's_right_flipper'}
2025-10-23 23:55:46,929 : INFO : SwitchController : <<<<<<< 's_left_flipper' inactive >>>>>>>
2025-10-23 23:55:46,930 : INFO : EventManager : Event: ======'both_flippers_inactive'====== Args={'triggering_group': 1, 'triggering_switch': 's_left_flipper'}
2025-10-23 23:55:46,930 : INFO : EventManager : Event: ======'flipper_cradle_release'====== Args={}
2025-10-23 23:55:46,931 : INFO : Timer.attract_carousel_timer : Starting Timer.
2025-10-23 23:55:46,931 : INFO : EventManager : Event: ======'timer_attract_carousel_timer_started'====== Args={'ticks': 0, 'ticks_remaining': 1}
2025-10-23 23:55:46,931 : INFO : EventManager : Event: ======'timer_attract_carousel_timer_tick'====== Args={'ticks': 0, 'ticks_remaining': 1}
2025-10-23 23:55:51,932 : INFO : Timer.attract_carousel_timer : Timer Complete
2025-10-23 23:55:51,932 : INFO : Timer.attract_carousel_timer : Stopping Timer
2025-10-23 23:55:51,932 : INFO : EventManager : Event: ======'timer_attract_carousel_timer_stopped'====== Args={'ticks': 1, 'ticks_remaining': 1}
2025-10-23 23:55:51,932 : INFO : EventManager : Event: ======'timer_attract_carousel_timer_complete'====== Args={'ticks': 1, 'ticks_remaining': 1}
2025-10-23 23:55:51,933 : INFO : EventManager : Event: ======'carousel_item_highlighted'====== Args={'carousel': 'attract', 'direction': 'forwards', 'item': 'credits'}
2025-10-23 23:55:53,080 : INFO : SwitchController : <<<<<<< 's_left_flipper' active >>>>>>>
2025-10-23 23:55:53,080 : INFO : EventManager : Event: ======'s_left_flipper_active'====== Args={}
2025-10-23 23:55:53,081 : INFO : EventManager : Event: ======'carousel_item_highlighted'====== Args={'carousel': 'attract', 'direction': 'backwards', 'item': 'title'}
2025-10-23 23:55:53,112 : INFO : SwitchController : <<<<<<< 's_right_flipper' active >>>>>>>
2025-10-23 23:55:53,113 : INFO : EventManager : Event: ======'s_right_flipper_active'====== Args={}
2025-10-23 23:55:53,113 : INFO : EventManager : Event: ======'flipper_cancel'====== Args={'triggering_group': 2, 'triggering_switch': 's_right_flipper'}
2025-10-23 23:55:53,113 : INFO : EventManager : Event: ======'carousel_item_highlighted'====== Args={'carousel': 'attract', 'direction': 'forwards', 'item': 'credits'}
2025-10-23 23:55:56,081 : INFO : EventManager : Event: ======'flipper_cradle'====== Args={}
2025-10-23 23:55:56,082 : INFO : Timer.attract_carousel_timer : Stopping Timer
2025-10-23 23:55:56,082 : INFO : EventManager : Event: ======'timer_attract_carousel_timer_stopped'====== Args={'ticks': 1, 'ticks_remaining': 1}
2025-10-23 23:55:57,846 : INFO : SwitchController : <<<<<<< 's_right_flipper' inactive >>>>>>>
2025-10-23 23:55:57,846 : INFO : EventManager : Event: ======'both_flippers_one'====== Args={'triggering_group': 2, 'triggering_switch': 's_right_flipper'}
2025-10-23 23:55:57,863 : INFO : SwitchController : <<<<<<< 's_left_flipper' inactive >>>>>>>
2025-10-23 23:55:57,863 : INFO : EventManager : Event: ======'both_flippers_inactive'====== Args={'triggering_group': 1, 'triggering_switch': 's_left_flipper'}
2025-10-23 23:55:57,863 : INFO : EventManager : Event: ======'flipper_cradle_release'====== Args={}
2025-10-23 23:55:57,864 : INFO : Timer.attract_carousel_timer : Starting Timer.
2025-10-23 23:55:57,864 : INFO : EventManager : Event: ======'timer_attract_carousel_timer_started'====== Args={'ticks': 0, 'ticks_remaining': 1}
2025-10-23 23:55:57,864 : INFO : EventManager : Event: ======'timer_attract_carousel_timer_tick'====== Args={'ticks': 0, 'ticks_remaining': 1}
2025-10-23 23:56:02,864 : INFO : Timer.attract_carousel_timer : Timer Complete
2025-10-23 23:56:02,864 : INFO : Timer.attract_carousel_timer : Stopping Timer
2025-10-23 23:56:02,865 : INFO : EventManager : Event: ======'timer_attract_carousel_timer_stopped'====== Args={'ticks': 1, 'ticks_remaining': 1}
2025-10-23 23:56:02,865 : INFO : EventManager : Event: ======'timer_attract_carousel_timer_complete'====== Args={'ticks': 1, 'ticks_remaining': 1}
2025-10-23 23:56:02,865 : INFO : EventManager : Event: ======'carousel_item_highlighted'====== Args={'carousel': 'attract', 'direction': 'forwards', 'item': 'logo'}
2025-10-23 23:56:23,546 : INFO : SwitchController : <<<<<<< 's_left_flipper' active >>>>>>>
2025-10-23 23:56:23,546 : INFO : EventManager : Event: ======'s_left_flipper_active'====== Args={}
2025-10-23 23:56:23,548 : INFO : EventManager : Event: ======'carousel_item_highlighted'====== Args={'carousel': 'attract', 'direction': 'backwards', 'item': 'credits'}
2025-10-23 23:56:23,548 : INFO : SwitchController : <<<<<<< 's_right_flipper' active >>>>>>>
2025-10-23 23:56:23,548 : INFO : EventManager : Event: ======'s_right_flipper_active'====== Args={}
2025-10-23 23:56:23,548 : INFO : EventManager : Event: ======'flipper_cancel'====== Args={'triggering_group': 2, 'triggering_switch': 's_right_flipper'}
2025-10-23 23:56:23,549 : INFO : EventManager : Event: ======'carousel_item_highlighted'====== Args={'carousel': 'attract', 'direction': 'forwards', 'item': 'logo'}
2025-10-23 23:56:24,363 : INFO : SwitchController : <<<<<<< 's_left_flipper' inactive >>>>>>>
2025-10-23 23:56:24,363 : INFO : EventManager : Event: ======'both_flippers_one'====== Args={'triggering_group': 1, 'triggering_switch': 's_left_flipper'}
2025-10-23 23:56:24,364 : INFO : SwitchController : <<<<<<< 's_right_flipper' inactive >>>>>>>
2025-10-23 23:56:24,364 : INFO : EventManager : Event: ======'both_flippers_inactive'====== Args={'triggering_group': 2, 'triggering_switch': 's_right_flipper'}
2025-10-23 23:56:25,546 : INFO : SwitchController : <<<<<<< 's_right_flipper' active >>>>>>>
2025-10-23 23:56:25,547 : INFO : EventManager : Event: ======'s_right_flipper_active'====== Args={}
2025-10-23 23:56:25,547 : INFO : EventManager : Event: ======'carousel_item_highlighted'====== Args={'carousel': 'attract', 'direction': 'forwards', 'item': 'title'}
2025-10-23 23:56:25,579 : INFO : SwitchController : <<<<<<< 's_left_flipper' active >>>>>>>
2025-10-23 23:56:25,580 : INFO : EventManager : Event: ======'s_left_flipper_active'====== Args={}
2025-10-23 23:56:25,580 : INFO : EventManager : Event: ======'flipper_cancel'====== Args={'triggering_group': 1, 'triggering_switch': 's_left_flipper'}
2025-10-23 23:56:25,580 : INFO : EventManager : Event: ======'carousel_item_highlighted'====== Args={'carousel': 'attract', 'direction': 'backwards', 'item': 'logo'}
2025-10-23 23:56:28,547 : INFO : EventManager : Event: ======'flipper_cradle'====== Args={}
2025-10-23 23:56:28,548 : INFO : Timer.attract_carousel_timer : Stopping Timer
2025-10-23 23:56:28,548 : INFO : EventManager : Event: ======'timer_attract_carousel_timer_stopped'====== Args={'ticks': 1, 'ticks_remaining': 1}
2025-10-23 23:56:33,580 : INFO : SwitchController : <<<<<<< 's_left_flipper' inactive >>>>>>>
2025-10-23 23:56:33,580 : INFO : EventManager : Event: ======'both_flippers_one'====== Args={'triggering_group': 1, 'triggering_switch': 's_left_flipper'}
2025-10-23 23:56:33,581 : INFO : SwitchController : <<<<<<< 's_right_flipper' inactive >>>>>>>
2025-10-23 23:56:33,581 : INFO : EventManager : Event: ======'both_flippers_inactive'====== Args={'triggering_group': 2, 'triggering_switch': 's_right_flipper'}
2025-10-23 23:56:33,581 : INFO : EventManager : Event: ======'flipper_cradle_release'====== Args={}
2025-10-23 23:56:33,582 : INFO : Timer.attract_carousel_timer : Starting Timer.
2025-10-23 23:56:33,582 : INFO : EventManager : Event: ======'timer_attract_carousel_timer_started'====== Args={'ticks': 0, 'ticks_remaining': 1}
2025-10-23 23:56:33,582 : INFO : EventManager : Event: ======'timer_attract_carousel_timer_tick'====== Args={'ticks': 0, 'ticks_remaining': 1}
2025-10-23 23:56:38,583 : INFO : Timer.attract_carousel_timer : Timer Complete
2025-10-23 23:56:38,583 : INFO : Timer.attract_carousel_timer : Stopping Timer
2025-10-23 23:56:38,583 : INFO : EventManager : Event: ======'timer_attract_carousel_timer_stopped'====== Args={'ticks': 1, 'ticks_remaining': 1}
2025-10-23 23:56:38,583 : INFO : EventManager : Event: ======'timer_attract_carousel_timer_complete'====== Args={'ticks': 1, 'ticks_remaining': 1}
2025-10-23 23:56:38,584 : INFO : EventManager : Event: ======'carousel_item_highlighted'====== Args={'carousel': 'attract', 'direction': 'forwards', 'item': 'title'}
2025-10-23 23:57:52,317 : INFO : Machine : Shutting down...
2025-10-23 23:57:52,317 : INFO : EventManager : Event: ======'shutdown'====== Args={}
2025-10-23 23:57:52,319 : INFO : root : MPF run loop ended.
