2025-10-12 22:42:01,729 : INFO : root : Loading config.
2025-10-12 22:42:01,730 : INFO : YamlMultifileConfigLoader : Machine config file #1: config.yaml
2025-10-12 22:42:01,730 : INFO : ConfigProcessor : Loading config from cache: /var/folders/m3/0d4y64_n3fn8tnkv3ydlhztw0000gn/T/5ca32a6c950d03116abbed96ca44d372.mpf_cache
2025-10-12 22:42:01,742 : INFO : ConfigProcessor : Loading config from cache: /var/folders/m3/0d4y64_n3fn8tnkv3ydlhztw0000gn/T/01c495fa7450a81b4be96cb699872531.mpf_cache
2025-10-12 22:42:01,742 : INFO : ConfigProcessor : Loading config from cache: /var/folders/m3/0d4y64_n3fn8tnkv3ydlhztw0000gn/T/bfde29b5bb803376b0637bb8f0da27a7.mpf_cache
2025-10-12 22:42:01,742 : INFO : ConfigProcessor : Loading config from cache: /var/folders/m3/0d4y64_n3fn8tnkv3ydlhztw0000gn/T/01c495fa7450a81b4be96cb699872531.mpf_cache
2025-10-12 22:42:01,742 : INFO : ConfigProcessor : Loading config from cache: /var/folders/m3/0d4y64_n3fn8tnkv3ydlhztw0000gn/T/3ae89e09515ff8d8b11d68f672b2cc51.mpf_cache
2025-10-12 22:42:01,742 : INFO : Machine : Mission Pinball Framework Core Engine v0.80.0.dev10
2025-10-12 22:42:01,742 : INFO : Machine : Command line arguments: {'no_load_cache': False, 'create_config_cache': True, 'bcp': True, 'configfile': ['config.yaml'], 'force_assets_load': False, 'platform_integration_test': False, 'jsonlogging': False, 'logfile': 'logs/2025-10-12-22-42-01-mpf-mac.home.log', 'pause': False, 'production': False, 'text_ui': True, 'loglevel': 15, 'consoleloglevel': 20, 'force_platform': 'smart_virtual', 'syslog_address': None, 'full_logfile_path': '/Users/didiergilbin/Desktop/Homebrew_CSI/logs/2025-10-12-22-42-01-mpf-mac.home.log'}
2025-10-12 22:42:01,742 : INFO : Machine : MPF path: /Users/didiergilbin/mpfenv/lib/python3.13/site-packages/mpf
2025-10-12 22:42:01,742 : INFO : Machine : Machine path: /Users/didiergilbin/Desktop/Homebrew_CSI
2025-10-12 22:42:01,742 : INFO : Machine : Platform: darwin
2025-10-12 22:42:01,742 : INFO : Machine : Python executable location: /Users/didiergilbin/mpfenv/bin/python3.13
2025-10-12 22:42:01,742 : INFO : Machine : Python version: 3.13.7 (64-bit)
2025-10-12 22:42:01,742 : INFO : Machine : Initializing MPF...
2025-10-12 22:42:01,756 : INFO : EventManager : Event: ======'machine_var_credits_string'====== Args={'value': 'FREE PLAY', 'prev_value': None, 'change': True}
2025-10-12 22:42:01,759 : INFO : EventManager : Event: ======'machine_var_master_volume'====== Args={'value': 0.5, 'prev_value': None, 'change': True}
2025-10-12 22:42:01,759 : INFO : EventManager : Event: ======'machine_var_mpf_version'====== Args={'value': 'Mission Pinball Framework v0.80.0.dev10', 'prev_value': None, 'change': True}
2025-10-12 22:42:01,759 : INFO : EventManager : Event: ======'machine_var_mpf_extended_version'====== Args={'value': 'Mission Pinball Framework v0.80.0.dev10, Config version:6, Show version: 6, BCP version:1.1', 'prev_value': None, 'change': True}
2025-10-12 22:42:01,759 : INFO : EventManager : Event: ======'machine_var_python_version'====== Args={'value': '3.13.7', 'prev_value': None, 'change': True}
2025-10-12 22:42:01,764 : INFO : EventManager : Event: ======'machine_var_platform'====== Args={'value': 'macOS-15.6.1-arm64-arm-64bit-Mach-O', 'prev_value': None, 'change': True}
2025-10-12 22:42:01,764 : INFO : EventManager : Event: ======'machine_var_platform_system'====== Args={'value': 'Darwin', 'prev_value': None, 'change': True}
2025-10-12 22:42:01,764 : INFO : EventManager : Event: ======'machine_var_platform_release'====== Args={'value': '24.6.0', 'prev_value': None, 'change': True}
2025-10-12 22:42:01,764 : INFO : EventManager : Event: ======'machine_var_platform_version'====== Args={'value': 'Darwin Kernel Version 24.6.0: Mon Jul 14 11:30:40 PDT 2025; root:xnu-11417.140.69~1/RELEASE_ARM64_T8132', 'prev_value': None, 'change': True}
2025-10-12 22:42:01,764 : INFO : EventManager : Event: ======'machine_var_platform_machine'====== Args={'value': 'arm64', 'prev_value': None, 'change': True}
2025-10-12 22:42:01,764 : INFO : EventManager : Event: ======'machine_var_log_file_path'====== Args={'value': '/Users/didiergilbin/Desktop/Homebrew_CSI/logs/2025-10-12-22-42-01-mpf-mac.home.log', 'prev_value': None, 'change': True}
2025-10-12 22:42:01,764 : INFO : EventManager : Event: ======'init_phase_1'====== Args={}
2025-10-12 22:42:01,767 : INFO : EventManager : Event: ======'init_phase_2'====== Args={}
2025-10-12 22:42:01,768 : INFO : EventManager : Event: ======'bcp_connection_attempt'====== Args={'name': 'local_display', 'host': 'localhost', 'port': 5050}
2025-10-12 22:42:01,768 : INFO : BCPClientSocket : Connecting BCP to 'local_display' at localhost:5050...
2025-10-12 22:42:01,770 : INFO : BCPClientSocket : Connected BCP to 'local_display' localhost:5050
2025-10-12 22:42:01,770 : INFO : EventManager : Event: ======'bcp_clients_connected'====== Args={}
2025-10-12 22:42:01,772 : INFO : EventManager : Event: ======'init_phase_3'====== Args={}
2025-10-12 22:42:01,772 : INFO : EventManager : Event: ======'init_phase_4'====== Args={}
2025-10-12 22:42:01,772 : INFO : EventManager : Event: ======'machine_var_audits_switches_s_sling_left'====== Args={'value': 0, 'prev_value': None, 'change': True}
2025-10-12 22:42:01,772 : INFO : EventManager : Event: ======'machine_var_audits_switches_s_sling_right'====== Args={'value': 0, 'prev_value': None, 'change': True}
2025-10-12 22:42:01,772 : INFO : EventManager : Event: ======'machine_var_audits_switches_s_right_flipper'====== Args={'value': 0, 'prev_value': None, 'change': True}
2025-10-12 22:42:01,772 : INFO : EventManager : Event: ======'machine_var_audits_switches_s_left_flipper'====== Args={'value': 0, 'prev_value': None, 'change': True}
2025-10-12 22:42:01,772 : INFO : EventManager : Event: ======'machine_var_audits_events_game_started'====== Args={'value': 0, 'prev_value': None, 'change': True}
2025-10-12 22:42:01,772 : INFO : EventManager : Event: ======'machine_var_audits_events_game_ended'====== Args={'value': 0, 'prev_value': None, 'change': True}
2025-10-12 22:42:01,772 : INFO : EventManager : Event: ======'machine_var_audits_player_score'====== Args={'value': {'top': [], 'average': 0, 'total': 0}, 'prev_value': None, 'change': True}
2025-10-12 22:42:01,773 : INFO : EventManager : Event: ======'init_phase_5'====== Args={}
2025-10-12 22:42:01,773 : INFO : EventManager : Event: ======'init_done'====== Args={}
2025-10-12 22:42:01,773 : INFO : EventManager : Event: ======'machine_reset_phase_1'====== Args={}
2025-10-12 22:42:01,784 : INFO : EventManager : Event: ======'machine_reset_phase_2'====== Args={}
2025-10-12 22:42:01,785 : INFO : EventManager : Event: ======'machine_reset_phase_3'====== Args={}
2025-10-12 22:42:01,785 : INFO : EventManager : Event: ======'reset_complete'====== Args={}
2025-10-12 22:42:01,785 : INFO : EventManager : Event: ======'mode_attract_will_start'====== Args={}
2025-10-12 22:42:01,785 : INFO : EventManager : Event: ======'mode_attract_starting'====== Args={}
2025-10-12 22:42:01,785 : INFO : Mode.attract : Started. Priority: 10
2025-10-12 22:42:01,785 : INFO : EventManager : Event: ======'modes_active_modes_changed'====== Args={}
2025-10-12 22:42:01,785 : INFO : EventManager : Event: ======'mode_attract_started'====== Args={}
2025-10-12 22:42:01,785 : INFO : EventManager : Event: ======'collecting_balls_complete'====== Args={}
2025-10-12 22:42:01,785 : INFO : Machine : Starting the main run loop with active modes: [<Mode.attract>]
2025-10-12 22:42:01,814 : INFO : EventManager : Event: ======'slide_attract_created'====== Args={'_from_bcp': True}
2025-10-12 22:42:01,814 : INFO : EventManager : Event: ======'slide__removed'====== Args={'_from_bcp': True}
2025-10-12 22:42:01,814 : INFO : EventManager : Event: ======'slide_attract_active'====== Args={'original_context': 'attract', 'original_calling_context': 'mode_attract_started', 'priority': 10.0, 'cmd': 'slides_play', '_from_bcp': True}
2025-10-12 22:42:05,567 : INFO : SwitchController : <<<<<<< 's_left_flipper' active >>>>>>>
2025-10-12 22:42:05,768 : INFO : SwitchController : <<<<<<< 's_right_flipper' active >>>>>>>
2025-10-12 22:42:05,769 : INFO : EventManager : Event: ======'flipper_cancel'====== Args={'triggering_group': 2, 'triggering_switch': 's_right_flipper'}
2025-10-12 22:42:05,834 : INFO : SwitchController : <<<<<<< 's_left_flipper' inactive >>>>>>>
2025-10-12 22:42:05,834 : INFO : EventManager : Event: ======'both_flippers_one'====== Args={'triggering_group': 1, 'triggering_switch': 's_left_flipper'}
2025-10-12 22:42:05,917 : INFO : SwitchController : <<<<<<< 's_right_flipper' inactive >>>>>>>
2025-10-12 22:42:05,918 : INFO : EventManager : Event: ======'both_flippers_inactive'====== Args={'triggering_group': 2, 'triggering_switch': 's_right_flipper'}
2025-10-12 22:42:05,934 : INFO : SwitchController : <<<<<<< 's_left_flipper' active >>>>>>>
2025-10-12 22:42:06,067 : INFO : SwitchController : <<<<<<< 's_right_flipper' active >>>>>>>
2025-10-12 22:42:06,068 : INFO : EventManager : Event: ======'flipper_cancel'====== Args={'triggering_group': 2, 'triggering_switch': 's_right_flipper'}
2025-10-12 22:42:06,101 : INFO : SwitchController : <<<<<<< 's_left_flipper' inactive >>>>>>>
2025-10-12 22:42:06,101 : INFO : EventManager : Event: ======'both_flippers_one'====== Args={'triggering_group': 1, 'triggering_switch': 's_left_flipper'}
2025-10-12 22:42:06,201 : INFO : SwitchController : <<<<<<< 's_right_flipper' inactive >>>>>>>
2025-10-12 22:42:06,201 : INFO : EventManager : Event: ======'both_flippers_inactive'====== Args={'triggering_group': 2, 'triggering_switch': 's_right_flipper'}
2025-10-12 22:42:06,251 : INFO : SwitchController : <<<<<<< 's_left_flipper' active >>>>>>>
2025-10-12 22:42:06,384 : INFO : SwitchController : <<<<<<< 's_left_flipper' inactive >>>>>>>
2025-10-12 22:42:06,435 : INFO : SwitchController : <<<<<<< 's_right_flipper' active >>>>>>>
2025-10-12 22:42:06,517 : INFO : SwitchController : <<<<<<< 's_left_flipper' active >>>>>>>
2025-10-12 22:42:06,518 : INFO : EventManager : Event: ======'flipper_cancel'====== Args={'triggering_group': 1, 'triggering_switch': 's_left_flipper'}
2025-10-12 22:42:06,534 : INFO : SwitchController : <<<<<<< 's_right_flipper' inactive >>>>>>>
2025-10-12 22:42:06,534 : INFO : EventManager : Event: ======'both_flippers_one'====== Args={'triggering_group': 2, 'triggering_switch': 's_right_flipper'}
2025-10-12 22:42:06,667 : INFO : SwitchController : <<<<<<< 's_left_flipper' inactive >>>>>>>
2025-10-12 22:42:06,668 : INFO : EventManager : Event: ======'both_flippers_inactive'====== Args={'triggering_group': 1, 'triggering_switch': 's_left_flipper'}
2025-10-12 22:42:11,042 : INFO : Machine : Shutting down...
2025-10-12 22:42:11,042 : INFO : EventManager : Event: ======'shutdown'====== Args={}
2025-10-12 22:42:11,046 : INFO : root : MPF run loop ended.
