2025-11-05 22:37:15,258 : INFO : root : Loading config.
2025-11-05 22:37:15,259 : INFO : YamlMultifileConfigLoader : Machine config file #1: config.yaml
2025-11-05 22:37:15,259 : INFO : ConfigProcessor : Loading config from cache: /var/folders/m3/0d4y64_n3fn8tnkv3ydlhztw0000gn/T/5ca32a6c950d03116abbed96ca44d372.mpf_cache
2025-11-05 22:37:15,270 : INFO : ConfigProcessor : Loading config from cache: /var/folders/m3/0d4y64_n3fn8tnkv3ydlhztw0000gn/T/01c495fa7450a81b4be96cb699872531.mpf_cache
2025-11-05 22:37:15,270 : INFO : ConfigProcessor : Loading config from cache: /var/folders/m3/0d4y64_n3fn8tnkv3ydlhztw0000gn/T/bfde29b5bb803376b0637bb8f0da27a7.mpf_cache
2025-11-05 22:37:15,270 : INFO : ConfigProcessor : Loading config from cache: /var/folders/m3/0d4y64_n3fn8tnkv3ydlhztw0000gn/T/01c495fa7450a81b4be96cb699872531.mpf_cache
2025-11-05 22:37:15,271 : INFO : ConfigProcessor : Loading config from cache: /var/folders/m3/0d4y64_n3fn8tnkv3ydlhztw0000gn/T/3ae89e09515ff8d8b11d68f672b2cc51.mpf_cache
2025-11-05 22:37:15,271 : INFO : ConfigProcessor : Loading config from cache: /var/folders/m3/0d4y64_n3fn8tnkv3ydlhztw0000gn/T/4c420229fa75118c2461cfc9ff5a44e2.mpf_cache
2025-11-05 22:37:15,271 : INFO : ConfigProcessor : Loading config from cache: /var/folders/m3/0d4y64_n3fn8tnkv3ydlhztw0000gn/T/f5ee6852f1764324c8553249cc53c871.mpf_cache
2025-11-05 22:37:15,271 : WARNING : ConfigProcessor : Config file in cache changed: /Users/didiergilbin/Desktop/Homebrew_CSI/modes/csi_lanes/config/csi_lanes.yaml
2025-11-05 22:37:15,271 : INFO : ConfigProcessor : Loading config from file /Users/didiergilbin/Desktop/Homebrew_CSI/modes/csi_lanes/config/csi_lanes.yaml.
2025-11-05 22:37:15,274 : INFO : ConfigProcessor : Loading config: /Users/didiergilbin/Desktop/Homebrew_CSI/modes/csi_lanes/config/csi_lanes.yaml
2025-11-05 22:37:15,274 : INFO : ConfigProcessor : Config file cache created: /var/folders/m3/0d4y64_n3fn8tnkv3ydlhztw0000gn/T/97c87487bc6ae826da86d36a6e042c78.mpf_cache
2025-11-05 22:37:15,274 : INFO : Machine : Mission Pinball Framework Core Engine v0.80.0.dev10
2025-11-05 22:37:15,274 : INFO : Machine : Command line arguments: {'no_load_cache': False, 'create_config_cache': True, 'bcp': True, 'configfile': ['config.yaml'], 'force_assets_load': False, 'platform_integration_test': False, 'jsonlogging': False, 'logfile': 'logs/2025-11-05-22-37-15-mpf-mac.home.log', 'pause': False, 'production': False, 'text_ui': False, 'loglevel': 15, 'consoleloglevel': 20, 'force_platform': 'smart_virtual', 'syslog_address': None, 'full_logfile_path': '/Users/didiergilbin/Desktop/Homebrew_CSI/logs/2025-11-05-22-37-15-mpf-mac.home.log'}
2025-11-05 22:37:15,274 : INFO : Machine : MPF path: /Users/didiergilbin/mpfenv/lib/python3.13/site-packages/mpf
2025-11-05 22:37:15,274 : INFO : Machine : Machine path: /Users/didiergilbin/Desktop/Homebrew_CSI
2025-11-05 22:37:15,274 : INFO : Machine : Platform: darwin
2025-11-05 22:37:15,274 : INFO : Machine : Python executable location: /Users/didiergilbin/mpfenv/bin/python3.13
2025-11-05 22:37:15,274 : INFO : Machine : Python version: 3.13.7 (64-bit)
2025-11-05 22:37:15,274 : INFO : Machine : Initializing MPF...
2025-11-05 22:37:15,286 : INFO : EventManager : Event: ======'machine_var_credits_string'====== Args={'value': 'FREE PLAY', 'prev_value': None, 'change': True}
2025-11-05 22:37:15,289 : INFO : EventManager : Event: ======'machine_var_master_volume'====== Args={'value': 0.5, 'prev_value': None, 'change': True}
2025-11-05 22:37:15,289 : INFO : EventManager : Event: ======'machine_var_player1_score'====== Args={'value': 208000, 'prev_value': None, 'change': True}
2025-11-05 22:37:15,289 : INFO : EventManager : Event: ======'machine_var_mpf_version'====== Args={'value': 'Mission Pinball Framework v0.80.0.dev10', 'prev_value': None, 'change': True}
2025-11-05 22:37:15,289 : INFO : EventManager : Event: ======'machine_var_mpf_extended_version'====== Args={'value': 'Mission Pinball Framework v0.80.0.dev10, Config version:6, Show version: 6, BCP version:1.1', 'prev_value': None, 'change': True}
2025-11-05 22:37:15,289 : INFO : EventManager : Event: ======'machine_var_python_version'====== Args={'value': '3.13.7', 'prev_value': None, 'change': True}
2025-11-05 22:37:15,295 : INFO : EventManager : Event: ======'machine_var_platform'====== Args={'value': 'macOS-15.6.1-arm64-arm-64bit-Mach-O', 'prev_value': None, 'change': True}
2025-11-05 22:37:15,295 : INFO : EventManager : Event: ======'machine_var_platform_system'====== Args={'value': 'Darwin', 'prev_value': None, 'change': True}
2025-11-05 22:37:15,295 : INFO : EventManager : Event: ======'machine_var_platform_release'====== Args={'value': '24.6.0', 'prev_value': None, 'change': True}
2025-11-05 22:37:15,295 : INFO : EventManager : Event: ======'machine_var_platform_version'====== Args={'value': 'Darwin Kernel Version 24.6.0: Mon Jul 14 11:30:40 PDT 2025; root:xnu-11417.140.69~1/RELEASE_ARM64_T8132', 'prev_value': None, 'change': True}
2025-11-05 22:37:15,295 : INFO : EventManager : Event: ======'machine_var_platform_machine'====== Args={'value': 'arm64', 'prev_value': None, 'change': True}
2025-11-05 22:37:15,295 : INFO : EventManager : Event: ======'machine_var_log_file_path'====== Args={'value': '/Users/didiergilbin/Desktop/Homebrew_CSI/logs/2025-11-05-22-37-15-mpf-mac.home.log', 'prev_value': None, 'change': True}
2025-11-05 22:37:15,295 : INFO : EventManager : Event: ======'init_phase_1'====== Args={}
2025-11-05 22:37:15,300 : INFO : EventManager : Event: ======'init_phase_2'====== Args={}
2025-11-05 22:37:15,301 : INFO : SwitchController : Found active switch: ('2', <Platform.SmartVirtual>) <switch.s_trough1>
2025-11-05 22:37:15,301 : INFO : SwitchController : Found active switch: ('3', <Platform.SmartVirtual>) <switch.s_trough2>
2025-11-05 22:37:15,301 : INFO : SwitchController : Found active switch: ('4', <Platform.SmartVirtual>) <switch.s_trough3>
2025-11-05 22:37:15,301 : INFO : SwitchController : Found active switch: ('5', <Platform.SmartVirtual>) <switch.s_trough4>
2025-11-05 22:37:15,301 : INFO : EventManager : Event: ======'bcp_connection_attempt'====== Args={'name': 'local_display', 'host': 'localhost', 'port': 5050}
2025-11-05 22:37:15,302 : INFO : BCPClientSocket : Connecting BCP to 'local_display' at localhost:5050...
2025-11-05 22:37:15,304 : INFO : BCPClientSocket : Connected BCP to 'local_display' localhost:5050
2025-11-05 22:37:15,304 : INFO : EventManager : Event: ======'bcp_clients_connected'====== Args={}
2025-11-05 22:37:15,304 : INFO : ball_device.bd_drain : BCH: Initial count: 0
2025-11-05 22:37:15,305 : INFO : ball_device.bd_drain : State: idle
2025-11-05 22:37:15,305 : INFO : ball_device.bd_trough : BCH: Initial count: 4
2025-11-05 22:37:15,305 : INFO : ball_device.bd_trough : State: idle
2025-11-05 22:37:15,305 : INFO : ball_device.bd_plunger : BCH: Initial count: 0
2025-11-05 22:37:15,305 : INFO : ball_device.bd_plunger : State: idle
2025-11-05 22:37:15,308 : INFO : EventManager : Event: ======'init_phase_3'====== Args={}
2025-11-05 22:37:15,308 : INFO : EventManager : Event: ======'init_phase_4'====== Args={}
2025-11-05 22:37:15,309 : INFO : BallController : Initial balls found: 4
2025-11-05 22:37:15,309 : INFO : EventManager : Event: ======'machine_var_audits_events_game_ended'====== Args={'value': 52, 'prev_value': None, 'change': True}
2025-11-05 22:37:15,309 : INFO : EventManager : Event: ======'machine_var_audits_events_game_started'====== Args={'value': 394, 'prev_value': None, 'change': True}
2025-11-05 22:37:15,309 : INFO : EventManager : Event: ======'machine_var_audits_missing_switches_s_drain'====== Args={'value': 10, 'prev_value': None, 'change': True}
2025-11-05 22:37:15,309 : INFO : EventManager : Event: ======'machine_var_audits_missing_switches_s_launch_button'====== Args={'value': 41, 'prev_value': None, 'change': True}
2025-11-05 22:37:15,309 : INFO : EventManager : Event: ======'machine_var_audits_missing_switches_s_left_flipper'====== Args={'value': 2, 'prev_value': None, 'change': True}
2025-11-05 22:37:15,309 : INFO : EventManager : Event: ======'machine_var_audits_missing_switches_s_left_outlane'====== Args={'value': 9, 'prev_value': None, 'change': True}
2025-11-05 22:37:15,309 : INFO : EventManager : Event: ======'machine_var_audits_missing_switches_s_popbumper1'====== Args={'value': 2, 'prev_value': None, 'change': True}
2025-11-05 22:37:15,309 : INFO : EventManager : Event: ======'machine_var_audits_missing_switches_s_popbumper2'====== Args={'value': 2, 'prev_value': None, 'change': True}
2025-11-05 22:37:15,309 : INFO : EventManager : Event: ======'machine_var_audits_missing_switches_s_popbumper3'====== Args={'value': 6, 'prev_value': None, 'change': True}
2025-11-05 22:37:15,309 : INFO : EventManager : Event: ======'machine_var_audits_missing_switches_s_right_flipper'====== Args={'value': 2, 'prev_value': None, 'change': True}
2025-11-05 22:37:15,309 : INFO : EventManager : Event: ======'machine_var_audits_missing_switches_s_right_outlane'====== Args={'value': 9, 'prev_value': None, 'change': True}
2025-11-05 22:37:15,309 : INFO : EventManager : Event: ======'machine_var_audits_missing_switches_s_sling_left'====== Args={'value': 394, 'prev_value': None, 'change': True}
2025-11-05 22:37:15,309 : INFO : EventManager : Event: ======'machine_var_audits_missing_switches_s_sling_right'====== Args={'value': 394, 'prev_value': None, 'change': True}
2025-11-05 22:37:15,309 : INFO : EventManager : Event: ======'machine_var_audits_missing_switches_s_start'====== Args={'value': 2, 'prev_value': None, 'change': True}
2025-11-05 22:37:15,309 : INFO : EventManager : Event: ======'machine_var_audits_missing_switches_s_trough1'====== Args={'value': 10, 'prev_value': None, 'change': True}
2025-11-05 22:37:15,309 : INFO : EventManager : Event: ======'machine_var_audits_missing_switches_s_trough2'====== Args={'value': 15, 'prev_value': None, 'change': True}
2025-11-05 22:37:15,309 : INFO : EventManager : Event: ======'machine_var_audits_missing_switches_s_trough3'====== Args={'value': 172, 'prev_value': None, 'change': True}
2025-11-05 22:37:15,309 : INFO : EventManager : Event: ======'machine_var_audits_missing_switches_s_trough4'====== Args={'value': 172, 'prev_value': None, 'change': True}
2025-11-05 22:37:15,309 : INFO : EventManager : Event: ======'machine_var_audits_missing_switches_s_trough_jam'====== Args={'value': 108, 'prev_value': None, 'change': True}
2025-11-05 22:37:15,309 : INFO : EventManager : Event: ======'machine_var_audits_player_score'====== Args={'value': {'average': 220948, 'top': [10210000, 1550000, 1070000, 1070000, 810000, 710000, 640000, 570000, 530000, 480000], 'total': 111}, 'prev_value': None, 'change': True}
2025-11-05 22:37:15,309 : INFO : EventManager : Event: ======'machine_var_audits_shots_bumper1'====== Args={'value': 3513, 'prev_value': None, 'change': True}
2025-11-05 22:37:15,309 : INFO : EventManager : Event: ======'machine_var_audits_shots_bumper2'====== Args={'value': 3530, 'prev_value': None, 'change': True}
2025-11-05 22:37:15,309 : INFO : EventManager : Event: ======'machine_var_audits_shots_bumper3'====== Args={'value': 3364, 'prev_value': None, 'change': True}
2025-11-05 22:37:15,309 : INFO : EventManager : Event: ======'machine_var_audits_shots_c_shot'====== Args={'value': 108, 'prev_value': None, 'change': True}
2025-11-05 22:37:15,309 : INFO : EventManager : Event: ======'machine_var_audits_shots_csi_shot'====== Args={'value': 9, 'prev_value': None, 'change': True}
2025-11-05 22:37:15,309 : INFO : EventManager : Event: ======'machine_var_audits_shots_i_shot'====== Args={'value': 88, 'prev_value': None, 'change': True}
2025-11-05 22:37:15,309 : INFO : EventManager : Event: ======'machine_var_audits_shots_s_shot'====== Args={'value': 100, 'prev_value': None, 'change': True}
2025-11-05 22:37:15,309 : INFO : EventManager : Event: ======'machine_var_audits_shots_switch_shot'====== Args={'value': 245, 'prev_value': None, 'change': True}
2025-11-05 22:37:15,309 : INFO : EventManager : Event: ======'machine_var_audits_switches_s_drain'====== Args={'value': 515, 'prev_value': None, 'change': True}
2025-11-05 22:37:15,309 : INFO : EventManager : Event: ======'machine_var_audits_switches_s_launch_button'====== Args={'value': 1, 'prev_value': None, 'change': True}
2025-11-05 22:37:15,309 : INFO : EventManager : Event: ======'machine_var_audits_switches_s_left_flipper'====== Args={'value': 356, 'prev_value': None, 'change': True}
2025-11-05 22:37:15,309 : INFO : EventManager : Event: ======'machine_var_audits_switches_s_left_inlane1'====== Args={'value': 118, 'prev_value': None, 'change': True}
2025-11-05 22:37:15,309 : INFO : EventManager : Event: ======'machine_var_audits_switches_s_left_inlane2'====== Args={'value': 107, 'prev_value': None, 'change': True}
2025-11-05 22:37:15,309 : INFO : EventManager : Event: ======'machine_var_audits_switches_s_left_outlane'====== Args={'value': 1, 'prev_value': None, 'change': True}
2025-11-05 22:37:15,309 : INFO : EventManager : Event: ======'machine_var_audits_switches_s_plunger_lane'====== Args={'value': 756, 'prev_value': None, 'change': True}
2025-11-05 22:37:15,309 : INFO : EventManager : Event: ======'machine_var_audits_switches_s_popbumper1'====== Args={'value': 3557, 'prev_value': None, 'change': True}
2025-11-05 22:37:15,309 : INFO : EventManager : Event: ======'machine_var_audits_switches_s_popbumper2'====== Args={'value': 3571, 'prev_value': None, 'change': True}
2025-11-05 22:37:15,309 : INFO : EventManager : Event: ======'machine_var_audits_switches_s_popbumper3'====== Args={'value': 3406, 'prev_value': None, 'change': True}
2025-11-05 22:37:15,309 : INFO : EventManager : Event: ======'machine_var_audits_switches_s_right_flipper'====== Args={'value': 617, 'prev_value': None, 'change': True}
2025-11-05 22:37:15,309 : INFO : EventManager : Event: ======'machine_var_audits_switches_s_right_inlane'====== Args={'value': 94, 'prev_value': None, 'change': True}
2025-11-05 22:37:15,309 : INFO : EventManager : Event: ======'machine_var_audits_switches_s_right_outlane'====== Args={'value': 5, 'prev_value': None, 'change': True}
2025-11-05 22:37:15,309 : INFO : EventManager : Event: ======'machine_var_audits_switches_s_scoop'====== Args={'value': 365, 'prev_value': None, 'change': True}
2025-11-05 22:37:15,309 : INFO : EventManager : Event: ======'machine_var_audits_switches_s_sling_left'====== Args={'value': 0, 'prev_value': None, 'change': True}
2025-11-05 22:37:15,309 : INFO : EventManager : Event: ======'machine_var_audits_switches_s_sling_right'====== Args={'value': 0, 'prev_value': None, 'change': True}
2025-11-05 22:37:15,309 : INFO : EventManager : Event: ======'machine_var_audits_switches_s_start'====== Args={'value': 649, 'prev_value': None, 'change': True}
2025-11-05 22:37:15,309 : INFO : EventManager : Event: ======'machine_var_audits_switches_s_trough1'====== Args={'value': 363, 'prev_value': None, 'change': True}
2025-11-05 22:37:15,309 : INFO : EventManager : Event: ======'machine_var_audits_switches_s_trough2'====== Args={'value': 16, 'prev_value': None, 'change': True}
2025-11-05 22:37:15,309 : INFO : EventManager : Event: ======'machine_var_audits_switches_s_trough3'====== Args={'value': 1, 'prev_value': None, 'change': True}
2025-11-05 22:37:15,309 : INFO : EventManager : Event: ======'machine_var_audits_switches_s_trough4'====== Args={'value': 1, 'prev_value': None, 'change': True}
2025-11-05 22:37:15,309 : INFO : EventManager : Event: ======'machine_var_audits_switches_s_trough_jam'====== Args={'value': 8, 'prev_value': None, 'change': True}
2025-11-05 22:37:15,310 : INFO : EventManager : Event: ======'init_phase_5'====== Args={}
2025-11-05 22:37:15,310 : INFO : EventManager : Event: ======'init_done'====== Args={}
2025-11-05 22:37:15,310 : INFO : EventManager : Event: ======'machine_reset_phase_1'====== Args={}
2025-11-05 22:37:15,318 : INFO : EventManager : Event: ======'machine_reset_phase_2'====== Args={}
2025-11-05 22:37:15,319 : INFO : EventManager : Event: ======'machine_reset_phase_3'====== Args={}
2025-11-05 22:37:15,320 : INFO : EventManager : Event: ======'reset_complete'====== Args={}
2025-11-05 22:37:15,320 : INFO : EventManager : Event: ======'mode_attract_will_start'====== Args={}
2025-11-05 22:37:15,320 : INFO : Timer.attract_carousel_timer : Starting Timer.
2025-11-05 22:37:15,320 : INFO : EventManager : Event: ======'timer_attract_carousel_timer_started'====== Args={'ticks': 0, 'ticks_remaining': 1}
2025-11-05 22:37:15,320 : INFO : EventManager : Event: ======'timer_attract_carousel_timer_tick'====== Args={'ticks': 0, 'ticks_remaining': 1}
2025-11-05 22:37:15,320 : INFO : EventManager : Event: ======'mode_attract_starting'====== Args={}
2025-11-05 22:37:15,320 : INFO : Mode.attract : Started. Priority: 10
2025-11-05 22:37:15,320 : INFO : EventManager : Event: ======'modes_active_modes_changed'====== Args={}
2025-11-05 22:37:15,320 : INFO : EventManager : Event: ======'mode_attract_started'====== Args={}
2025-11-05 22:37:15,320 : INFO : EventManager : Event: ======'collecting_balls_complete'====== Args={}
2025-11-05 22:37:15,320 : INFO : EventManager : Event: ======'carousel_item_highlighted'====== Args={'carousel': 'attract', 'direction': None, 'item': 'title'}
2025-11-05 22:37:15,320 : INFO : Machine : Starting the main run loop with active modes: [<Mode.attract>]
2025-11-05 22:37:15,699 : INFO : EventManager : Event: ======'slide_attract_created'====== Args={'_from_bcp': True}
2025-11-05 22:37:15,699 : INFO : EventManager : Event: ======'slide__removed'====== Args={'_from_bcp': True}
2025-11-05 22:37:15,700 : INFO : EventManager : Event: ======'slide_attract_active'====== Args={'original_context': 'attract', 'original_calling_context': 'mode_attract_started', 'priority': 10.0, 'cmd': 'slides_play', '_from_bcp': True}
2025-11-05 22:37:16,064 : INFO : BcpServer : New client connected.
2025-11-05 22:37:17,335 : INFO : SwitchController : <<<<<<< 's_start' active >>>>>>>
2025-11-05 22:37:17,452 : INFO : SwitchController : <<<<<<< 's_start' inactive >>>>>>>
2025-11-05 22:37:17,452 : INFO : EventManager : Event: ======'request_to_start_game'====== Args={}
2025-11-05 22:37:17,453 : INFO : EventManager : Event: ======'game_start'====== Args={'buttons': [], 'hold_time': 0.11664625001139939}
2025-11-05 22:37:17,454 : INFO : EventManager : Event: ======'mode_game_will_start'====== Args={'buttons': [], 'hold_time': 0.11664625001139939}
2025-11-05 22:37:17,455 : INFO : EventManager : Event: ======'mode_game_starting'====== Args={'buttons': [], 'hold_time': 0.11664625001139939}
2025-11-05 22:37:17,455 : INFO : EventManager : Event: ======'mode_attract_will_stop'====== Args={}
2025-11-05 22:37:17,456 : INFO : EventManager : Event: ======'mode_attract_stopping'====== Args={}
2025-11-05 22:37:17,456 : INFO : Mode.attract : Stopped.
2025-11-05 22:37:17,456 : INFO : EventManager : Event: ======'modes_active_modes_changed'====== Args={}
2025-11-05 22:37:17,457 : INFO : EventManager : Event: ======'mode_attract_stopped'====== Args={}
2025-11-05 22:37:17,457 : INFO : EventManager : Event: ======'clear'====== Args={'key': 'attract'}
2025-11-05 22:37:17,458 : INFO : Timer.attract_carousel_timer : Stopping Timer
2025-11-05 22:37:17,458 : INFO : EventManager : Event: ======'timer_attract_carousel_timer_stopped'====== Args={'ticks': 0, 'ticks_remaining': 1}
2025-11-05 22:37:17,459 : INFO : Mode.game : Started. Priority: 20
2025-11-05 22:37:17,459 : INFO : EventManager : Event: ======'modes_active_modes_changed'====== Args={}
2025-11-05 22:37:17,459 : INFO : EventManager : Event: ======'mode_game_started'====== Args={'buttons': [], 'hold_time': 0.11664625001139939}
2025-11-05 22:37:17,460 : INFO : EventManager : Event: ======'game_will_start'====== Args={}
2025-11-05 22:37:17,460 : INFO : EventManager : Event: ======'game_starting'====== Args={'game': <Mode.game>}
2025-11-05 22:37:17,461 : INFO : EventManager : Unordered handler for class <Auditor> on event game_ended with priority 1. Handlers: [RegisteredHandler(callback=<bound method Auditor.disable of <Auditor>>, priority=1, kwargs={}, key=UUID('1d0f1b97-b5b6-41cd-8d09-2a013704a408'), condition=None, blocking_facility=None), RegisteredHandler(callback=<bound method Auditor._save_audits of <Auditor>>, priority=1, kwargs={}, key=UUID('1aafc011-607c-4e4d-aa3d-8538885104d4'), condition=None, blocking_facility=None)]. The order of those handlers is not defined and they will be executed in random order. This might lead to race conditions and potential bugs.
2025-11-05 22:37:17,461 : INFO : EventManager : Event: ======'player_add_request'====== Args={}
2025-11-05 22:37:17,462 : INFO : EventManager : Event: ======'player_will_add'====== Args={'number': 1}
2025-11-05 22:37:17,462 : INFO : EventManager : Event: ======'player_adding'====== Args={'player': <Player 1>, 'number': 1}
2025-11-05 22:37:17,462 : INFO : EventManager : Event: ======'player_added'====== Args={'player': <Player 1>, 'num': 1}
2025-11-05 22:37:17,462 : INFO : Mode.game : Player added successfully. Total players: 1
2025-11-05 22:37:17,463 : INFO : EventManager : Event: ======'player_index'====== Args={'value': 0, 'prev_value': 0, 'change': 0, 'player_num': 1}
2025-11-05 22:37:17,463 : INFO : EventManager : Event: ======'player_number'====== Args={'value': 1, 'prev_value': 1, 'change': 0, 'player_num': 1}
2025-11-05 22:37:17,463 : INFO : EventManager : Event: ======'player_multiplier'====== Args={'value': 1, 'prev_value': 1, 'change': 0, 'player_num': 1}
2025-11-05 22:37:17,463 : INFO : EventManager : Event: ======'player_score'====== Args={'value': 0, 'prev_value': 0, 'change': 0, 'player_num': 1}
2025-11-05 22:37:17,464 : INFO : EventManager : Event: ======'game_started'====== Args={}
2025-11-05 22:37:17,464 : INFO : EventManager : Event: ======'player_turn_will_start'====== Args={'player': <Player 1>, 'number': 1}
2025-11-05 22:37:17,464 : INFO : EventManager : Event: ======'player_turn_starting'====== Args={'player': <Player 1>, 'number': 1}
2025-11-05 22:37:17,471 : INFO : EventManager : Event: ======'player_ball'====== Args={'value': 1, 'prev_value': 0, 'change': 1, 'player_num': 1}
2025-11-05 22:37:17,471 : INFO : EventManager : Event: ======'player_turn_started'====== Args={'player': <Player 1>, 'number': 1}
2025-11-05 22:37:17,472 : INFO : EventManager : Event: ======'ball_will_start'====== Args={'player': 1, 'ball': 1, 'balls_remaining': 2, 'is_extra_ball': False}
2025-11-05 22:37:17,472 : INFO : EventManager : Event: ======'ball_starting'====== Args={'player': 1, 'ball': 1, 'balls_remaining': 2, 'is_extra_ball': False}
2025-11-05 22:37:17,472 : INFO : EventManager : Event: ======'mode_base_will_start'====== Args={'queue': <QueuedEvent>, 'player': 1, 'ball': 1, 'balls_remaining': 2, 'is_extra_ball': False}
2025-11-05 22:37:17,473 : INFO : EventManager : Event: ======'player_base_player_added_timer_tick'====== Args={'value': 0, 'prev_value': 0, 'change': 0, 'player_num': 1}
2025-11-05 22:37:17,473 : INFO : Timer.player_added_timer : Starting Timer.
2025-11-05 22:37:17,473 : INFO : EventManager : Event: ======'timer_player_added_timer_started'====== Args={'ticks': 0, 'ticks_remaining': 1}
2025-11-05 22:37:17,473 : INFO : EventManager : Event: ======'timer_player_added_timer_tick'====== Args={'ticks': 0, 'ticks_remaining': 1}
2025-11-05 22:37:17,474 : INFO : EventManager : Event: ======'mode_base_starting'====== Args={'queue': <QueuedEvent>, 'player': 1, 'ball': 1, 'balls_remaining': 2, 'is_extra_ball': False}
2025-11-05 22:37:17,474 : INFO : Mode.base : Started. Priority: 100
2025-11-05 22:37:17,474 : INFO : EventManager : Event: ======'modes_active_modes_changed'====== Args={}
2025-11-05 22:37:17,475 : INFO : EventManager : Event: ======'mode_base_started'====== Args={'queue': <QueuedEvent>, 'player': 1, 'ball': 1, 'balls_remaining': 2, 'is_extra_ball': False}
2025-11-05 22:37:17,475 : INFO : EventManager : Event: ======'start_mode_bumpers'====== Args={'priority': 0}
2025-11-05 22:37:17,475 : INFO : EventManager : Event: ======'start_mode_csi_lanes'====== Args={'priority': 0}
2025-11-05 22:37:17,475 : INFO : EventManager : Event: ======'mode_bumpers_will_start'====== Args={'priority': 0}
2025-11-05 22:37:17,475 : INFO : EventManager : Event: ======'player_shot_bumper1_enabled'====== Args={'value': True, 'prev_value': 0, 'change': 1, 'player_num': 1}
2025-11-05 22:37:17,476 : INFO : EventManager : Event: ======'player_shot_bumper2_enabled'====== Args={'value': True, 'prev_value': 0, 'change': 1, 'player_num': 1}
2025-11-05 22:37:17,476 : INFO : EventManager : Event: ======'player_shot_bumper3_enabled'====== Args={'value': True, 'prev_value': 0, 'change': 1, 'player_num': 1}
2025-11-05 22:37:17,476 : INFO : EventManager : Event: ======'bumpers_complete'====== Args={'state': 'unlit'}
2025-11-05 22:37:17,476 : INFO : EventManager : Event: ======'bumpers_unlit_complete'====== Args={}
2025-11-05 22:37:17,477 : INFO : EventManager : Event: ======'mode_bumpers_starting'====== Args={'priority': 0}
2025-11-05 22:37:17,477 : INFO : EventManager : Event: ======'mode_csi_lanes_will_start'====== Args={'priority': 0}
2025-11-05 22:37:17,478 : INFO : EventManager : Event: ======'player_shot_c_shot_enabled'====== Args={'value': True, 'prev_value': 0, 'change': 1, 'player_num': 1}
2025-11-05 22:37:17,478 : INFO : EventManager : Event: ======'player_shot_s_shot_enabled'====== Args={'value': True, 'prev_value': 0, 'change': 1, 'player_num': 1}
2025-11-05 22:37:17,479 : INFO : EventManager : Event: ======'player_shot_i_shot_enabled'====== Args={'value': True, 'prev_value': 0, 'change': 1, 'player_num': 1}
2025-11-05 22:37:17,480 : INFO : EventManager : Event: ======'csi_shots_complete'====== Args={'state': 'unlit'}
2025-11-05 22:37:17,480 : INFO : EventManager : Event: ======'csi_shots_unlit_complete'====== Args={}
2025-11-05 22:37:17,481 : INFO : EventManager : Event: ======'mode_csi_lanes_starting'====== Args={'priority': 0}
2025-11-05 22:37:17,481 : INFO : Mode.bumpers : Started. Priority: 200
2025-11-05 22:37:17,481 : INFO : EventManager : Event: ======'modes_active_modes_changed'====== Args={}
2025-11-05 22:37:17,481 : INFO : EventManager : Event: ======'mode_bumpers_started'====== Args={'priority': 0}
2025-11-05 22:37:17,481 : INFO : EventManager : Event: ======'balls_in_play'====== Args={'balls': 1}
2025-11-05 22:37:17,482 : INFO : EventManager : Event: ======'ball_started'====== Args={'player': 1, 'ball': 1, 'balls_remaining': 2, 'is_extra_ball': False}
2025-11-05 22:37:17,482 : INFO : EventManager : Event: ======'logicblock_csi_lanes_validated_updated'====== Args={'value': 0, 'enabled': True}
2025-11-05 22:37:17,483 : INFO : EventManager : Event: ======'logicblock_csi_lanes_validated_updated'====== Args={'value': 0, 'enabled': True}
2025-11-05 22:37:17,483 : INFO : Mode.csi_lanes : Started. Priority: 200
2025-11-05 22:37:17,483 : INFO : EventManager : Event: ======'modes_active_modes_changed'====== Args={}
2025-11-05 22:37:17,483 : INFO : EventManager : Event: ======'mode_csi_lanes_started'====== Args={'priority': 0}
2025-11-05 22:37:17,483 : INFO : EventManager : Event: ======'single_player_ball_started'====== Args={}
2025-11-05 22:37:17,483 : INFO : EventManager : Event: ======'ball_start_target'====== Args={'target': 'playfield'}
2025-11-05 22:37:17,484 : INFO : ball_device.bd_trough : Setting up player-controlled eject. Balls: 1, Target: <playfield.playfield>, player_controlled_eject_event: None
2025-11-05 22:37:17,484 : INFO : ball_device.bd_trough : Adding 1 ball(s) to the eject_queue with target <playfield.playfield>.
2025-11-05 22:37:17,484 : INFO : EventManager : Event: ======'balldevice_balls_available'====== Args={}
2025-11-05 22:37:17,484 : INFO : ball_device.bd_trough : State: waiting_for_target_ready
2025-11-05 22:37:17,484 : INFO : EventManager : Event: ======'balldevice_bd_trough_ball_eject_attempt'====== Args={'balls': 1, 'target': <ball_device.bd_plunger>, 'source': <ball_device.bd_trough>, 'mechanical_eject': False, 'num_attempts': 0}
2025-11-05 22:37:17,484 : INFO : ball_device.bd_plunger : State: waiting_for_ball
2025-11-05 22:37:17,485 : INFO : ball_device.bd_trough : State: ejecting
2025-11-05 22:37:17,485 : INFO : ball_device.bd_trough : Ejecting ball to <ball_device.bd_plunger>
2025-11-05 22:37:17,485 : INFO : EventManager : Event: ======'balldevice_bd_trough_ejecting_ball'====== Args={'balls': 1, 'target': <ball_device.bd_plunger>, 'source': <ball_device.bd_trough>, 'mechanical_eject': False, 'num_attempts': 0}
2025-11-05 22:37:17,485 : INFO : ball_device.bd_trough : Wait for ball to leave device
2025-11-05 22:37:17,485 : INFO : coil.c_trough_eject : Pulsing Driver for 20ms (1.0 pulse_power)
2025-11-05 22:37:17,486 : INFO : SwitchController : <<<<<<< 's_trough1' inactive >>>>>>>
2025-11-05 22:37:17,486 : INFO : ball_device.bd_trough : State: ball_left
2025-11-05 22:37:17,486 : INFO : ball_device.bd_trough : Ball left
2025-11-05 22:37:17,486 : INFO : ball_device.bd_trough : Wait for confirm with timeout 3.0
2025-11-05 22:37:17,587 : INFO : SwitchController : <<<<<<< 's_plunger_lane' active >>>>>>>
2025-11-05 22:37:17,587 : INFO : EventManager : Event: ======'machine_var_audits_switches_s_plunger_lane'====== Args={'value': 757, 'prev_value': 756, 'change': 1}
2025-11-05 22:37:17,668 : INFO : EventManager : Event: ======'slide_base_slide_created'====== Args={'_from_bcp': True}
2025-11-05 22:37:17,668 : INFO : EventManager : Event: ======'slide_attract_inactive'====== Args={'is_removing': True, '_from_bcp': True}
2025-11-05 22:37:17,668 : INFO : EventManager : Event: ======'slide_base_slide_active'====== Args={'original_context': 'base', 'original_calling_context': 'mode_base_started', 'priority': 100.0, 'queue': '<QueuedEvent>', 'player': 1.0, 'ball': 1.0, 'balls_remaining': 2.0, 'is_extra_ball': False, 'cmd': 'slides_play', '_from_bcp': True}
2025-11-05 22:37:17,669 : INFO : EventManager : Event: ======'slide_attract_removed'====== Args={'_from_bcp': True}
2025-11-05 22:37:18,088 : INFO : ball_device.bd_plunger : Received ball from <ball_device.bd_trough>
2025-11-05 22:37:18,089 : INFO : EventManager : Event: ======'balldevice_bd_plunger_ball_enter'====== Args={'new_balls': 1, 'unclaimed_balls': 0, 'new_available_balls': 0, 'device': <ball_device.bd_plunger>}
2025-11-05 22:37:18,091 : INFO : EventManager : Event: ======'balldevice_bd_plunger_ball_entered'====== Args={'new_balls': 0, 'device': <ball_device.bd_plunger>}
2025-11-05 22:37:18,091 : INFO : EventManager : Event: ======'balldevice_bd_plunger_ball_count_changed'====== Args={'balls': 1}
2025-11-05 22:37:18,092 : INFO : ball_device.bd_trough : Got eject confirm
2025-11-05 22:37:18,092 : INFO : ball_device.bd_trough : Eject successful
2025-11-05 22:37:18,092 : INFO : EventManager : Event: ======'balldevice_bd_trough_ball_eject_success'====== Args={'balls': 1, 'target': <ball_device.bd_plunger>}
2025-11-05 22:37:18,093 : INFO : EventManager : Event: ======'balldevice_bd_trough_ball_count_changed'====== Args={'balls': 3}
2025-11-05 22:37:18,093 : INFO : ball_device.bd_trough : State: idle
2025-11-05 22:37:18,094 : INFO : ball_device.bd_plunger : State: waiting_for_target_ready
2025-11-05 22:37:18,094 : INFO : EventManager : Event: ======'balldevice_bd_plunger_ball_eject_attempt'====== Args={'balls': 1, 'target': <playfield.playfield>, 'source': <ball_device.bd_plunger>, 'mechanical_eject': False, 'num_attempts': 0}
2025-11-05 22:37:18,095 : INFO : ball_device.bd_plunger : State: ejecting
2025-11-05 22:37:18,095 : INFO : ball_device.bd_plunger : Ejecting ball to <playfield.playfield>
2025-11-05 22:37:18,095 : INFO : EventManager : Event: ======'balldevice_bd_plunger_ejecting_ball'====== Args={'balls': 1, 'target': <playfield.playfield>, 'source': <ball_device.bd_plunger>, 'mechanical_eject': False, 'num_attempts': 0}
2025-11-05 22:37:18,097 : INFO : ball_device.bd_plunger : Wait for ball to leave device
2025-11-05 22:37:18,097 : INFO : coil.c_plunger : Pulsing Driver for 20ms (1.0 pulse_power)
2025-11-05 22:37:18,097 : INFO : SwitchController : <<<<<<< 's_plunger_lane' inactive >>>>>>>
2025-11-05 22:37:18,098 : INFO : ball_device.bd_plunger : State: ball_left
2025-11-05 22:37:18,098 : INFO : ball_device.bd_plunger : Ball left
2025-11-05 22:37:18,098 : INFO : ball_device.bd_plunger : Wait for confirm with timeout 3.0
2025-11-05 22:37:18,174 : INFO : EventManager : Event: ======'player_base_player_added_timer_tick'====== Args={'value': 1, 'prev_value': 0, 'change': 1, 'player_num': 1}
2025-11-05 22:37:18,175 : INFO : Timer.player_added_timer : Timer Complete
2025-11-05 22:37:18,175 : INFO : Timer.player_added_timer : Stopping Timer
2025-11-05 22:37:18,175 : INFO : EventManager : Event: ======'timer_player_added_timer_stopped'====== Args={'ticks': 1, 'ticks_remaining': 1}
2025-11-05 22:37:18,175 : INFO : EventManager : Event: ======'timer_player_added_timer_complete'====== Args={'ticks': 1, 'ticks_remaining': 1}
2025-11-05 22:37:18,284 : INFO : SwitchController : <<<<<<< 's_start' active >>>>>>>
2025-11-05 22:37:18,284 : INFO : EventManager : Event: ======'sw_start'====== Args={}
2025-11-05 22:37:18,284 : INFO : EventManager : Event: ======'machine_var_audits_switches_s_start'====== Args={'value': 650, 'prev_value': 649, 'change': 1}
2025-11-05 22:37:18,284 : INFO : EventManager : Event: ======'player_add_request'====== Args={}
2025-11-05 22:37:18,284 : INFO : EventManager : Event: ======'player_will_add'====== Args={'number': 2}
2025-11-05 22:37:18,285 : INFO : EventManager : Event: ======'player_adding'====== Args={'player': <Player 2>, 'number': 2}
2025-11-05 22:37:18,285 : INFO : EventManager : Event: ======'player_added'====== Args={'player': <Player 2>, 'num': 2}
2025-11-05 22:37:18,285 : INFO : Mode.game : Player added successfully. Total players: 2
2025-11-05 22:37:18,285 : INFO : EventManager : Event: ======'multiplayer_game'====== Args={}
2025-11-05 22:37:18,285 : INFO : EventManager : Event: ======'player_base_player_added_timer_tick'====== Args={'value': 0, 'prev_value': 1, 'change': -1, 'player_num': 1}
2025-11-05 22:37:18,285 : INFO : Timer.player_added_timer : Starting Timer.
2025-11-05 22:37:18,286 : INFO : EventManager : Event: ======'timer_player_added_timer_started'====== Args={'ticks': 0, 'ticks_remaining': 1}
2025-11-05 22:37:18,286 : INFO : EventManager : Event: ======'timer_player_added_timer_tick'====== Args={'ticks': 0, 'ticks_remaining': 1}
2025-11-05 22:37:18,286 : INFO : EventManager : Event: ======'player_index'====== Args={'value': 1, 'prev_value': 1, 'change': 0, 'player_num': 2}
2025-11-05 22:37:18,286 : INFO : EventManager : Event: ======'player_number'====== Args={'value': 2, 'prev_value': 2, 'change': 0, 'player_num': 2}
2025-11-05 22:37:18,286 : INFO : EventManager : Event: ======'player_multiplier'====== Args={'value': 1, 'prev_value': 1, 'change': 0, 'player_num': 2}
2025-11-05 22:37:18,286 : INFO : EventManager : Event: ======'player_score'====== Args={'value': 0, 'prev_value': 0, 'change': 0, 'player_num': 2}
2025-11-05 22:37:18,327 : INFO : EventManager : Event: ======'widget_player_addded_widget_active'====== Args={'original_context': 'base', 'original_calling_context': 'player_added', 'priority': 100.0, 'player': '<Player 2>', 'num': 2.0, 'cmd': 'widgets_play', '_from_bcp': True}
2025-11-05 22:37:18,336 : INFO : SwitchController : <<<<<<< 's_start' inactive >>>>>>>
2025-11-05 22:37:18,987 : INFO : EventManager : Event: ======'player_base_player_added_timer_tick'====== Args={'value': 1, 'prev_value': 0, 'change': 1, 'player_num': 1}
2025-11-05 22:37:18,988 : INFO : Timer.player_added_timer : Timer Complete
2025-11-05 22:37:18,988 : INFO : Timer.player_added_timer : Stopping Timer
2025-11-05 22:37:18,988 : INFO : EventManager : Event: ======'timer_player_added_timer_stopped'====== Args={'ticks': 1, 'ticks_remaining': 1}
2025-11-05 22:37:18,988 : INFO : EventManager : Event: ======'timer_player_added_timer_complete'====== Args={'ticks': 1, 'ticks_remaining': 1}
2025-11-05 22:37:19,034 : INFO : EventManager : Event: ======'widget_player_addded_widget_removed'====== Args={'_from_bcp': True}
2025-11-05 22:37:21,100 : INFO : ball_device.bd_plunger : State: failed_confirm
2025-11-05 22:37:21,100 : INFO : ball_device.bd_plunger : Got timeout (3.0s) before confirm from <playfield.playfield>
2025-11-05 22:37:21,201 : INFO : ball_device.bd_plunger : Confirming eject because target is playfield and ball did not return.
2025-11-05 22:37:21,201 : INFO : ball_device.bd_plunger : Eject successful
2025-11-05 22:37:21,201 : INFO : EventManager : Event: ======'balldevice_bd_plunger_ball_eject_success'====== Args={'balls': 1, 'target': <playfield.playfield>}
2025-11-05 22:37:21,202 : INFO : EventManager : Event: ======'balldevice_playfield_ball_enter'====== Args={'new_balls': 1, 'unclaimed_balls': 1, 'device': <playfield.playfield>}
2025-11-05 22:37:21,203 : INFO : EventManager : Event: ======'playfield_ball_count_change'====== Args={'balls': 1, 'change': 1}
2025-11-05 22:37:21,203 : INFO : EventManager : Event: ======'balldevice_bd_plunger_ball_count_changed'====== Args={'balls': 0}
2025-11-05 22:37:21,203 : INFO : ball_device.bd_plunger : State: idle
2025-11-05 22:37:21,605 : INFO : SwitchController : <<<<<<< 's_left_inlane1' active >>>>>>>
2025-11-05 22:37:21,605 : INFO : EventManager : Event: ======'s_left_inlane1_active'====== Args={}
2025-11-05 22:37:21,605 : INFO : EventManager : Event: ======'sw_playfield_active'====== Args={}
2025-11-05 22:37:21,605 : INFO : EventManager : Event: ======'machine_var_audits_switches_s_left_inlane1'====== Args={'value': 119, 'prev_value': 118, 'change': 1}
2025-11-05 22:37:21,606 : INFO : EventManager : Event: ======'player_shot_c_shot'====== Args={'value': 1, 'prev_value': 0, 'change': 1, 'player_num': 1}
2025-11-05 22:37:21,611 : INFO : EventManager : Event: ======'machine_var_audits_shots_c_shot'====== Args={'value': 109, 'prev_value': 108, 'change': 1}
2025-11-05 22:37:21,611 : INFO : EventManager : Event: ======'c_shot_hit'====== Args={'profile': 'csi_shot_profile', 'state': 'unlit', 'advancing': True}
2025-11-05 22:37:21,612 : INFO : EventManager : Event: ======'c_shot_csi_shot_profile_hit'====== Args={'profile': 'csi_shot_profile', 'state': 'unlit', 'advancing': True}
2025-11-05 22:37:21,612 : INFO : EventManager : Event: ======'c_shot_csi_shot_profile_unlit_hit'====== Args={'profile': 'csi_shot_profile', 'state': 'unlit', 'advancing': True}
2025-11-05 22:37:21,612 : INFO : EventManager : Event: ======'c_shot_unlit_hit'====== Args={'profile': 'csi_shot_profile', 'state': 'unlit', 'advancing': True}
2025-11-05 22:37:21,612 : INFO : EventManager : Event: ======'csi_shots_hit'====== Args={'shot': 'c_shot'}
2025-11-05 22:37:21,612 : INFO : EventManager : Event: ======'csi_shots_unlit_hit'====== Args={'shot': 'c_shot'}
2025-11-05 22:37:21,613 : INFO : EventManager : Event: ======'player_score'====== Args={'value': 1000, 'prev_value': 0, 'change': 1000, 'player_num': 1, 'source': 'csi_lanes'}
2025-11-05 22:37:21,738 : INFO : SwitchController : <<<<<<< 's_left_inlane1' inactive >>>>>>>
2025-11-05 22:37:22,421 : INFO : SwitchController : <<<<<<< 's_left_inlane2' active >>>>>>>
2025-11-05 22:37:22,421 : INFO : EventManager : Event: ======'s_left_inlane2_active'====== Args={}
2025-11-05 22:37:22,422 : INFO : EventManager : Event: ======'sw_playfield_active'====== Args={}
2025-11-05 22:37:22,422 : INFO : EventManager : Event: ======'machine_var_audits_switches_s_left_inlane2'====== Args={'value': 108, 'prev_value': 107, 'change': 1}
2025-11-05 22:37:22,422 : INFO : EventManager : Event: ======'player_shot_s_shot'====== Args={'value': 1, 'prev_value': 0, 'change': 1, 'player_num': 1}
2025-11-05 22:37:22,423 : INFO : EventManager : Event: ======'machine_var_audits_shots_s_shot'====== Args={'value': 101, 'prev_value': 100, 'change': 1}
2025-11-05 22:37:22,423 : INFO : EventManager : Event: ======'s_shot_hit'====== Args={'profile': 'csi_shot_profile', 'state': 'unlit', 'advancing': True}
2025-11-05 22:37:22,424 : INFO : EventManager : Event: ======'s_shot_csi_shot_profile_hit'====== Args={'profile': 'csi_shot_profile', 'state': 'unlit', 'advancing': True}
2025-11-05 22:37:22,424 : INFO : EventManager : Event: ======'s_shot_csi_shot_profile_unlit_hit'====== Args={'profile': 'csi_shot_profile', 'state': 'unlit', 'advancing': True}
2025-11-05 22:37:22,424 : INFO : EventManager : Event: ======'s_shot_unlit_hit'====== Args={'profile': 'csi_shot_profile', 'state': 'unlit', 'advancing': True}
2025-11-05 22:37:22,424 : INFO : EventManager : Event: ======'csi_shots_hit'====== Args={'shot': 's_shot'}
2025-11-05 22:37:22,424 : INFO : EventManager : Event: ======'csi_shots_unlit_hit'====== Args={'shot': 's_shot'}
2025-11-05 22:37:22,425 : INFO : EventManager : Event: ======'player_score'====== Args={'value': 2000, 'prev_value': 1000, 'change': 1000, 'player_num': 1, 'source': 'csi_lanes'}
2025-11-05 22:37:22,538 : INFO : SwitchController : <<<<<<< 's_left_inlane2' inactive >>>>>>>
2025-11-05 22:37:24,905 : INFO : SwitchController : <<<<<<< 's_right_inlane' active >>>>>>>
2025-11-05 22:37:24,906 : INFO : EventManager : Event: ======'s_right_inlane_active'====== Args={}
2025-11-05 22:37:24,906 : INFO : EventManager : Event: ======'sw_playfield_active'====== Args={}
2025-11-05 22:37:24,906 : INFO : EventManager : Event: ======'machine_var_audits_switches_s_right_inlane'====== Args={'value': 95, 'prev_value': 94, 'change': 1}
2025-11-05 22:37:24,907 : INFO : EventManager : Event: ======'player_shot_i_shot'====== Args={'value': 1, 'prev_value': 0, 'change': 1, 'player_num': 1}
2025-11-05 22:37:24,913 : INFO : EventManager : Event: ======'machine_var_audits_shots_i_shot'====== Args={'value': 89, 'prev_value': 88, 'change': 1}
2025-11-05 22:37:24,914 : INFO : EventManager : Event: ======'i_shot_hit'====== Args={'profile': 'csi_shot_profile', 'state': 'unlit', 'advancing': True}
2025-11-05 22:37:24,914 : INFO : EventManager : Event: ======'i_shot_csi_shot_profile_hit'====== Args={'profile': 'csi_shot_profile', 'state': 'unlit', 'advancing': True}
2025-11-05 22:37:24,914 : INFO : EventManager : Event: ======'i_shot_csi_shot_profile_unlit_hit'====== Args={'profile': 'csi_shot_profile', 'state': 'unlit', 'advancing': True}
2025-11-05 22:37:24,914 : INFO : EventManager : Event: ======'i_shot_unlit_hit'====== Args={'profile': 'csi_shot_profile', 'state': 'unlit', 'advancing': True}
2025-11-05 22:37:24,915 : INFO : EventManager : Event: ======'csi_shots_complete'====== Args={'state': 'lit'}
2025-11-05 22:37:24,915 : INFO : EventManager : Event: ======'csi_shots_lit_complete'====== Args={}
2025-11-05 22:37:24,915 : INFO : EventManager : Event: ======'logicblock_csi_lanes_validated_updated'====== Args={'value': 1, 'enabled': True}
2025-11-05 22:37:24,915 : INFO : EventManager : Event: ======'logicblock_csi_lanes_validated_hit'====== Args={'step': 1}
2025-11-05 22:37:24,915 : INFO : EventManager : Event: ======'csi_shots_hit'====== Args={'shot': 'i_shot'}
2025-11-05 22:37:24,916 : INFO : EventManager : Event: ======'csi_shots_unlit_hit'====== Args={'shot': 'i_shot'}
2025-11-05 22:37:24,916 : INFO : EventManager : Event: ======'player_score'====== Args={'value': 3000, 'prev_value': 2000, 'change': 1000, 'player_num': 1, 'source': 'csi_lanes'}
2025-11-05 22:37:24,990 : INFO : SwitchController : <<<<<<< 's_right_inlane' inactive >>>>>>>
2025-11-05 22:37:26,688 : INFO : SwitchController : <<<<<<< 's_scoop' active >>>>>>>
2025-11-05 22:37:26,688 : INFO : EventManager : Event: ======'s_scoop_active'====== Args={}
2025-11-05 22:37:26,689 : INFO : EventManager : Event: ======'machine_var_audits_switches_s_scoop'====== Args={'value': 366, 'prev_value': 365, 'change': 1}
2025-11-05 22:37:26,689 : INFO : EventManager : Event: ======'logicblock_csi_lanes_validated_updated'====== Args={'value': 2, 'enabled': True}
2025-11-05 22:37:26,690 : INFO : EventManager : Event: ======'logicblock_csi_lanes_validated_hit'====== Args={'step': 2}
2025-11-05 22:37:26,690 : INFO : EventManager : Event: ======'csi_done'====== Args={}
2025-11-05 22:37:26,690 : INFO : EventManager : Event: ======'logicblock_csi_lanes_validated_updated'====== Args={'value': 0, 'enabled': True}
2025-11-05 22:37:26,690 : INFO : EventManager : Event: ======'player_score'====== Args={'value': 103000, 'prev_value': 3000, 'change': 100000, 'player_num': 1, 'source': 'csi_lanes'}
2025-11-05 22:37:26,691 : INFO : EventManager : Event: ======'player_multiplier'====== Args={'value': 2, 'prev_value': 1, 'change': 1, 'player_num': 1, 'source': 'csi_lanes'}
2025-11-05 22:37:26,803 : INFO : SwitchController : <<<<<<< 's_scoop' inactive >>>>>>>
2025-11-05 22:37:27,692 : INFO : EventManager : Event: ======'player_shot_c_shot'====== Args={'value': 0, 'prev_value': 1, 'change': -1, 'player_num': 1}
2025-11-05 22:37:27,693 : INFO : EventManager : Event: ======'player_shot_s_shot'====== Args={'value': 0, 'prev_value': 1, 'change': -1, 'player_num': 1}
2025-11-05 22:37:27,694 : INFO : EventManager : Event: ======'player_shot_i_shot'====== Args={'value': 0, 'prev_value': 1, 'change': -1, 'player_num': 1}
2025-11-05 22:37:27,695 : INFO : EventManager : Event: ======'csi_shots_complete'====== Args={'state': 'unlit'}
2025-11-05 22:37:27,695 : INFO : EventManager : Event: ======'csi_shots_unlit_complete'====== Args={}
2025-11-05 22:37:31,288 : INFO : SwitchController : <<<<<<< 's_left_inlane1' active >>>>>>>
2025-11-05 22:37:31,289 : INFO : EventManager : Event: ======'s_left_inlane1_active'====== Args={}
2025-11-05 22:37:31,289 : INFO : EventManager : Event: ======'sw_playfield_active'====== Args={}
2025-11-05 22:37:31,289 : INFO : EventManager : Event: ======'machine_var_audits_switches_s_left_inlane1'====== Args={'value': 120, 'prev_value': 119, 'change': 1}
2025-11-05 22:37:31,290 : INFO : EventManager : Event: ======'player_shot_c_shot'====== Args={'value': 1, 'prev_value': 0, 'change': 1, 'player_num': 1}
2025-11-05 22:37:31,296 : INFO : EventManager : Event: ======'machine_var_audits_shots_c_shot'====== Args={'value': 110, 'prev_value': 109, 'change': 1}
2025-11-05 22:37:31,296 : INFO : EventManager : Event: ======'c_shot_hit'====== Args={'profile': 'csi_shot_profile', 'state': 'unlit', 'advancing': True}
2025-11-05 22:37:31,296 : INFO : EventManager : Event: ======'c_shot_csi_shot_profile_hit'====== Args={'profile': 'csi_shot_profile', 'state': 'unlit', 'advancing': True}
2025-11-05 22:37:31,297 : INFO : EventManager : Event: ======'c_shot_csi_shot_profile_unlit_hit'====== Args={'profile': 'csi_shot_profile', 'state': 'unlit', 'advancing': True}
2025-11-05 22:37:31,297 : INFO : EventManager : Event: ======'c_shot_unlit_hit'====== Args={'profile': 'csi_shot_profile', 'state': 'unlit', 'advancing': True}
2025-11-05 22:37:31,297 : INFO : EventManager : Event: ======'csi_shots_hit'====== Args={'shot': 'c_shot'}
2025-11-05 22:37:31,297 : INFO : EventManager : Event: ======'csi_shots_unlit_hit'====== Args={'shot': 'c_shot'}
2025-11-05 22:37:31,297 : INFO : EventManager : Event: ======'player_score'====== Args={'value': 105000, 'prev_value': 103000, 'change': 2000, 'player_num': 1, 'source': 'csi_lanes'}
2025-11-05 22:37:31,372 : INFO : SwitchController : <<<<<<< 's_left_inlane1' inactive >>>>>>>
2025-11-05 22:37:32,005 : INFO : SwitchController : <<<<<<< 's_left_inlane2' active >>>>>>>
2025-11-05 22:37:32,005 : INFO : EventManager : Event: ======'s_left_inlane2_active'====== Args={}
2025-11-05 22:37:32,005 : INFO : EventManager : Event: ======'sw_playfield_active'====== Args={}
2025-11-05 22:37:32,006 : INFO : EventManager : Event: ======'machine_var_audits_switches_s_left_inlane2'====== Args={'value': 109, 'prev_value': 108, 'change': 1}
2025-11-05 22:37:32,006 : INFO : EventManager : Event: ======'player_shot_s_shot'====== Args={'value': 1, 'prev_value': 0, 'change': 1, 'player_num': 1}
2025-11-05 22:37:32,007 : INFO : EventManager : Event: ======'machine_var_audits_shots_s_shot'====== Args={'value': 102, 'prev_value': 101, 'change': 1}
2025-11-05 22:37:32,007 : INFO : EventManager : Event: ======'s_shot_hit'====== Args={'profile': 'csi_shot_profile', 'state': 'unlit', 'advancing': True}
2025-11-05 22:37:32,007 : INFO : EventManager : Event: ======'s_shot_csi_shot_profile_hit'====== Args={'profile': 'csi_shot_profile', 'state': 'unlit', 'advancing': True}
2025-11-05 22:37:32,007 : INFO : EventManager : Event: ======'s_shot_csi_shot_profile_unlit_hit'====== Args={'profile': 'csi_shot_profile', 'state': 'unlit', 'advancing': True}
2025-11-05 22:37:32,008 : INFO : EventManager : Event: ======'s_shot_unlit_hit'====== Args={'profile': 'csi_shot_profile', 'state': 'unlit', 'advancing': True}
2025-11-05 22:37:32,008 : INFO : EventManager : Event: ======'csi_shots_hit'====== Args={'shot': 's_shot'}
2025-11-05 22:37:32,008 : INFO : EventManager : Event: ======'csi_shots_unlit_hit'====== Args={'shot': 's_shot'}
2025-11-05 22:37:32,008 : INFO : EventManager : Event: ======'player_score'====== Args={'value': 107000, 'prev_value': 105000, 'change': 2000, 'player_num': 1, 'source': 'csi_lanes'}
2025-11-05 22:37:32,154 : INFO : SwitchController : <<<<<<< 's_left_inlane2' inactive >>>>>>>
2025-11-05 22:37:33,522 : INFO : SwitchController : <<<<<<< 's_right_inlane' active >>>>>>>
2025-11-05 22:37:33,522 : INFO : EventManager : Event: ======'s_right_inlane_active'====== Args={}
2025-11-05 22:37:33,522 : INFO : EventManager : Event: ======'sw_playfield_active'====== Args={}
2025-11-05 22:37:33,523 : INFO : EventManager : Event: ======'machine_var_audits_switches_s_right_inlane'====== Args={'value': 96, 'prev_value': 95, 'change': 1}
2025-11-05 22:37:33,523 : INFO : EventManager : Event: ======'player_shot_i_shot'====== Args={'value': 1, 'prev_value': 0, 'change': 1, 'player_num': 1}
2025-11-05 22:37:33,529 : INFO : EventManager : Event: ======'machine_var_audits_shots_i_shot'====== Args={'value': 90, 'prev_value': 89, 'change': 1}
2025-11-05 22:37:33,530 : INFO : EventManager : Event: ======'i_shot_hit'====== Args={'profile': 'csi_shot_profile', 'state': 'unlit', 'advancing': True}
2025-11-05 22:37:33,530 : INFO : EventManager : Event: ======'i_shot_csi_shot_profile_hit'====== Args={'profile': 'csi_shot_profile', 'state': 'unlit', 'advancing': True}
2025-11-05 22:37:33,530 : INFO : EventManager : Event: ======'i_shot_csi_shot_profile_unlit_hit'====== Args={'profile': 'csi_shot_profile', 'state': 'unlit', 'advancing': True}
2025-11-05 22:37:33,530 : INFO : EventManager : Event: ======'i_shot_unlit_hit'====== Args={'profile': 'csi_shot_profile', 'state': 'unlit', 'advancing': True}
2025-11-05 22:37:33,530 : INFO : EventManager : Event: ======'csi_shots_complete'====== Args={'state': 'lit'}
2025-11-05 22:37:33,530 : INFO : EventManager : Event: ======'csi_shots_lit_complete'====== Args={}
2025-11-05 22:37:33,531 : INFO : EventManager : Event: ======'logicblock_csi_lanes_validated_updated'====== Args={'value': 1, 'enabled': True}
2025-11-05 22:37:33,531 : INFO : EventManager : Event: ======'logicblock_csi_lanes_validated_hit'====== Args={'step': 1}
2025-11-05 22:37:33,531 : INFO : EventManager : Event: ======'csi_shots_hit'====== Args={'shot': 'i_shot'}
2025-11-05 22:37:33,531 : INFO : EventManager : Event: ======'csi_shots_unlit_hit'====== Args={'shot': 'i_shot'}
2025-11-05 22:37:33,531 : INFO : EventManager : Event: ======'player_score'====== Args={'value': 109000, 'prev_value': 107000, 'change': 2000, 'player_num': 1, 'source': 'csi_lanes'}
2025-11-05 22:37:33,637 : INFO : SwitchController : <<<<<<< 's_right_inlane' inactive >>>>>>>
2025-11-05 22:37:35,960 : INFO : SwitchController : <<<<<<< 's_scoop' active >>>>>>>
2025-11-05 22:37:35,961 : INFO : EventManager : Event: ======'s_scoop_active'====== Args={}
2025-11-05 22:37:35,961 : INFO : EventManager : Event: ======'machine_var_audits_switches_s_scoop'====== Args={'value': 367, 'prev_value': 366, 'change': 1}
2025-11-05 22:37:35,962 : INFO : EventManager : Event: ======'logicblock_csi_lanes_validated_updated'====== Args={'value': 2, 'enabled': True}
2025-11-05 22:37:35,962 : INFO : EventManager : Event: ======'logicblock_csi_lanes_validated_hit'====== Args={'step': 2}
2025-11-05 22:37:35,968 : INFO : EventManager : Event: ======'csi_done'====== Args={}
2025-11-05 22:37:35,969 : INFO : EventManager : Event: ======'logicblock_csi_lanes_validated_updated'====== Args={'value': 0, 'enabled': True}
2025-11-05 22:37:35,970 : INFO : EventManager : Event: ======'player_score'====== Args={'value': 309000, 'prev_value': 109000, 'change': 200000, 'player_num': 1, 'source': 'csi_lanes'}
2025-11-05 22:37:35,970 : INFO : EventManager : Event: ======'player_multiplier'====== Args={'value': 3, 'prev_value': 2, 'change': 1, 'player_num': 1, 'source': 'csi_lanes'}
2025-11-05 22:37:36,053 : INFO : SwitchController : <<<<<<< 's_scoop' inactive >>>>>>>
2025-11-05 22:37:36,972 : INFO : EventManager : Event: ======'player_shot_c_shot'====== Args={'value': 0, 'prev_value': 1, 'change': -1, 'player_num': 1}
2025-11-05 22:37:36,973 : INFO : EventManager : Event: ======'player_shot_s_shot'====== Args={'value': 0, 'prev_value': 1, 'change': -1, 'player_num': 1}
2025-11-05 22:37:36,974 : INFO : EventManager : Event: ======'player_shot_i_shot'====== Args={'value': 0, 'prev_value': 1, 'change': -1, 'player_num': 1}
2025-11-05 22:37:36,975 : INFO : EventManager : Event: ======'csi_shots_complete'====== Args={'state': 'unlit'}
2025-11-05 22:37:36,975 : INFO : EventManager : Event: ======'csi_shots_unlit_complete'====== Args={}
2025-11-05 22:37:40,005 : INFO : SwitchController : <<<<<<< 's_left_inlane1' active >>>>>>>
2025-11-05 22:37:40,005 : INFO : EventManager : Event: ======'s_left_inlane1_active'====== Args={}
2025-11-05 22:37:40,005 : INFO : EventManager : Event: ======'sw_playfield_active'====== Args={}
2025-11-05 22:37:40,006 : INFO : EventManager : Event: ======'machine_var_audits_switches_s_left_inlane1'====== Args={'value': 121, 'prev_value': 120, 'change': 1}
2025-11-05 22:37:40,007 : INFO : EventManager : Event: ======'player_shot_c_shot'====== Args={'value': 1, 'prev_value': 0, 'change': 1, 'player_num': 1}
2025-11-05 22:37:40,013 : INFO : EventManager : Event: ======'machine_var_audits_shots_c_shot'====== Args={'value': 111, 'prev_value': 110, 'change': 1}
2025-11-05 22:37:40,013 : INFO : EventManager : Event: ======'c_shot_hit'====== Args={'profile': 'csi_shot_profile', 'state': 'unlit', 'advancing': True}
2025-11-05 22:37:40,013 : INFO : EventManager : Event: ======'c_shot_csi_shot_profile_hit'====== Args={'profile': 'csi_shot_profile', 'state': 'unlit', 'advancing': True}
2025-11-05 22:37:40,013 : INFO : EventManager : Event: ======'c_shot_csi_shot_profile_unlit_hit'====== Args={'profile': 'csi_shot_profile', 'state': 'unlit', 'advancing': True}
2025-11-05 22:37:40,014 : INFO : EventManager : Event: ======'c_shot_unlit_hit'====== Args={'profile': 'csi_shot_profile', 'state': 'unlit', 'advancing': True}
2025-11-05 22:37:40,014 : INFO : EventManager : Event: ======'csi_shots_hit'====== Args={'shot': 'c_shot'}
2025-11-05 22:37:40,014 : INFO : EventManager : Event: ======'csi_shots_unlit_hit'====== Args={'shot': 'c_shot'}
2025-11-05 22:37:40,014 : INFO : EventManager : Event: ======'player_score'====== Args={'value': 312000, 'prev_value': 309000, 'change': 3000, 'player_num': 1, 'source': 'csi_lanes'}
2025-11-05 22:37:40,106 : INFO : SwitchController : <<<<<<< 's_left_inlane1' inactive >>>>>>>
2025-11-05 22:37:40,806 : INFO : SwitchController : <<<<<<< 's_left_inlane2' active >>>>>>>
2025-11-05 22:37:40,807 : INFO : EventManager : Event: ======'s_left_inlane2_active'====== Args={}
2025-11-05 22:37:40,807 : INFO : EventManager : Event: ======'sw_playfield_active'====== Args={}
2025-11-05 22:37:40,807 : INFO : EventManager : Event: ======'machine_var_audits_switches_s_left_inlane2'====== Args={'value': 110, 'prev_value': 109, 'change': 1}
2025-11-05 22:37:40,808 : INFO : EventManager : Event: ======'player_shot_s_shot'====== Args={'value': 1, 'prev_value': 0, 'change': 1, 'player_num': 1}
2025-11-05 22:37:40,809 : INFO : EventManager : Event: ======'machine_var_audits_shots_s_shot'====== Args={'value': 103, 'prev_value': 102, 'change': 1}
2025-11-05 22:37:40,809 : INFO : EventManager : Event: ======'s_shot_hit'====== Args={'profile': 'csi_shot_profile', 'state': 'unlit', 'advancing': True}
2025-11-05 22:37:40,809 : INFO : EventManager : Event: ======'s_shot_csi_shot_profile_hit'====== Args={'profile': 'csi_shot_profile', 'state': 'unlit', 'advancing': True}
2025-11-05 22:37:40,809 : INFO : EventManager : Event: ======'s_shot_csi_shot_profile_unlit_hit'====== Args={'profile': 'csi_shot_profile', 'state': 'unlit', 'advancing': True}
2025-11-05 22:37:40,809 : INFO : EventManager : Event: ======'s_shot_unlit_hit'====== Args={'profile': 'csi_shot_profile', 'state': 'unlit', 'advancing': True}
2025-11-05 22:37:40,810 : INFO : EventManager : Event: ======'csi_shots_hit'====== Args={'shot': 's_shot'}
2025-11-05 22:37:40,810 : INFO : EventManager : Event: ======'csi_shots_unlit_hit'====== Args={'shot': 's_shot'}
2025-11-05 22:37:40,810 : INFO : EventManager : Event: ======'player_score'====== Args={'value': 315000, 'prev_value': 312000, 'change': 3000, 'player_num': 1, 'source': 'csi_lanes'}
2025-11-05 22:37:40,888 : INFO : SwitchController : <<<<<<< 's_left_inlane2' inactive >>>>>>>
2025-11-05 22:37:44,535 : INFO : SwitchController : <<<<<<< 's_right_flipper' active >>>>>>>
2025-11-05 22:37:44,535 : INFO : EventManager : Event: ======'s_right_flipper_active'====== Args={}
2025-11-05 22:37:44,535 : INFO : EventManager : Event: ======'machine_var_audits_switches_s_right_flipper'====== Args={'value': 618, 'prev_value': 617, 'change': 1}
2025-11-05 22:37:44,537 : INFO : EventManager : Event: ======'player_shot_c_shot'====== Args={'value': 0, 'prev_value': 1, 'change': -1, 'player_num': 1}
2025-11-05 22:37:44,547 : INFO : EventManager : Event: ======'player_shot_i_shot'====== Args={'value': 1, 'prev_value': 0, 'change': 1, 'player_num': 1}
2025-11-05 22:37:44,634 : INFO : SwitchController : <<<<<<< 's_right_flipper' inactive >>>>>>>
2025-11-05 22:37:46,467 : INFO : SwitchController : <<<<<<< 's_scoop' active >>>>>>>
2025-11-05 22:37:46,468 : INFO : EventManager : Event: ======'s_scoop_active'====== Args={}
2025-11-05 22:37:46,468 : INFO : EventManager : Event: ======'machine_var_audits_switches_s_scoop'====== Args={'value': 368, 'prev_value': 367, 'change': 1}
2025-11-05 22:37:46,584 : INFO : SwitchController : <<<<<<< 's_scoop' inactive >>>>>>>
2025-11-05 22:37:47,417 : INFO : SwitchController : <<<<<<< 's_scoop' active >>>>>>>
2025-11-05 22:37:47,418 : INFO : EventManager : Event: ======'s_scoop_active'====== Args={}
2025-11-05 22:37:47,418 : INFO : EventManager : Event: ======'machine_var_audits_switches_s_scoop'====== Args={'value': 369, 'prev_value': 368, 'change': 1}
2025-11-05 22:37:47,551 : INFO : SwitchController : <<<<<<< 's_scoop' inactive >>>>>>>
2025-11-05 22:37:49,172 : INFO : SwitchController : <<<<<<< 's_left_inlane1' active >>>>>>>
2025-11-05 22:37:49,172 : INFO : EventManager : Event: ======'s_left_inlane1_active'====== Args={}
2025-11-05 22:37:49,173 : INFO : EventManager : Event: ======'sw_playfield_active'====== Args={}
2025-11-05 22:37:49,173 : INFO : EventManager : Event: ======'machine_var_audits_switches_s_left_inlane1'====== Args={'value': 122, 'prev_value': 121, 'change': 1}
2025-11-05 22:37:49,174 : INFO : EventManager : Event: ======'player_shot_c_shot'====== Args={'value': 1, 'prev_value': 0, 'change': 1, 'player_num': 1}
2025-11-05 22:37:49,180 : INFO : EventManager : Event: ======'machine_var_audits_shots_c_shot'====== Args={'value': 112, 'prev_value': 111, 'change': 1}
2025-11-05 22:37:49,180 : INFO : EventManager : Event: ======'c_shot_hit'====== Args={'profile': 'csi_shot_profile', 'state': 'unlit', 'advancing': True}
2025-11-05 22:37:49,180 : INFO : EventManager : Event: ======'c_shot_csi_shot_profile_hit'====== Args={'profile': 'csi_shot_profile', 'state': 'unlit', 'advancing': True}
2025-11-05 22:37:49,180 : INFO : EventManager : Event: ======'c_shot_csi_shot_profile_unlit_hit'====== Args={'profile': 'csi_shot_profile', 'state': 'unlit', 'advancing': True}
2025-11-05 22:37:49,181 : INFO : EventManager : Event: ======'c_shot_unlit_hit'====== Args={'profile': 'csi_shot_profile', 'state': 'unlit', 'advancing': True}
2025-11-05 22:37:49,181 : INFO : EventManager : Event: ======'csi_shots_complete'====== Args={'state': 'lit'}
2025-11-05 22:37:49,181 : INFO : EventManager : Event: ======'csi_shots_lit_complete'====== Args={}
2025-11-05 22:37:49,181 : INFO : EventManager : Event: ======'logicblock_csi_lanes_validated_updated'====== Args={'value': 1, 'enabled': True}
2025-11-05 22:37:49,181 : INFO : EventManager : Event: ======'logicblock_csi_lanes_validated_hit'====== Args={'step': 1}
2025-11-05 22:37:49,182 : INFO : EventManager : Event: ======'csi_shots_hit'====== Args={'shot': 'c_shot'}
2025-11-05 22:37:49,182 : INFO : EventManager : Event: ======'csi_shots_unlit_hit'====== Args={'shot': 'c_shot'}
2025-11-05 22:37:49,182 : INFO : EventManager : Event: ======'player_score'====== Args={'value': 318000, 'prev_value': 315000, 'change': 3000, 'player_num': 1, 'source': 'csi_lanes'}
2025-11-05 22:37:49,354 : INFO : SwitchController : <<<<<<< 's_left_inlane1' inactive >>>>>>>
2025-11-05 22:37:51,818 : INFO : SwitchController : <<<<<<< 's_scoop' active >>>>>>>
2025-11-05 22:37:51,818 : INFO : EventManager : Event: ======'s_scoop_active'====== Args={}
2025-11-05 22:37:51,819 : INFO : EventManager : Event: ======'machine_var_audits_switches_s_scoop'====== Args={'value': 370, 'prev_value': 369, 'change': 1}
2025-11-05 22:37:51,821 : INFO : EventManager : Event: ======'logicblock_csi_lanes_validated_updated'====== Args={'value': 2, 'enabled': True}
2025-11-05 22:37:51,821 : INFO : EventManager : Event: ======'logicblock_csi_lanes_validated_hit'====== Args={'step': 2}
2025-11-05 22:37:51,828 : INFO : EventManager : Event: ======'csi_done'====== Args={}
2025-11-05 22:37:51,830 : INFO : EventManager : Event: ======'logicblock_csi_lanes_validated_updated'====== Args={'value': 0, 'enabled': True}
2025-11-05 22:37:51,830 : INFO : EventManager : Event: ======'player_score'====== Args={'value': 618000, 'prev_value': 318000, 'change': 300000, 'player_num': 1, 'source': 'csi_lanes'}
2025-11-05 22:37:51,830 : INFO : EventManager : Event: ======'player_multiplier'====== Args={'value': 4, 'prev_value': 3, 'change': 1, 'player_num': 1, 'source': 'csi_lanes'}
2025-11-05 22:37:51,901 : INFO : SwitchController : <<<<<<< 's_scoop' inactive >>>>>>>
2025-11-05 22:37:52,832 : INFO : EventManager : Event: ======'player_shot_c_shot'====== Args={'value': 0, 'prev_value': 1, 'change': -1, 'player_num': 1}
2025-11-05 22:37:52,834 : INFO : EventManager : Event: ======'player_shot_s_shot'====== Args={'value': 0, 'prev_value': 1, 'change': -1, 'player_num': 1}
2025-11-05 22:37:52,836 : INFO : EventManager : Event: ======'player_shot_i_shot'====== Args={'value': 0, 'prev_value': 1, 'change': -1, 'player_num': 1}
2025-11-05 22:37:52,837 : INFO : EventManager : Event: ======'csi_shots_complete'====== Args={'state': 'unlit'}
2025-11-05 22:37:52,837 : INFO : EventManager : Event: ======'csi_shots_unlit_complete'====== Args={}
2025-11-05 22:38:11,364 : INFO : Machine : Shutting down...
2025-11-05 22:38:11,364 : INFO : EventManager : Event: ======'shutdown'====== Args={}
2025-11-05 22:38:11,366 : INFO : EventManager : Event: ======'mode_game_will_stop'====== Args={}
2025-11-05 22:38:11,366 : INFO : EventManager : Event: ======'mode_game_stopping'====== Args={}
2025-11-05 22:38:11,367 : INFO : EventManager : Event: ======'mode_bumpers_will_stop'====== Args={}
2025-11-05 22:38:11,367 : INFO : EventManager : Event: ======'mode_bumpers_stopping'====== Args={}
2025-11-05 22:38:11,367 : INFO : EventManager : Event: ======'mode_csi_lanes_will_stop'====== Args={}
2025-11-05 22:38:11,367 : INFO : EventManager : Event: ======'mode_csi_lanes_stopping'====== Args={}
2025-11-05 22:38:11,367 : INFO : EventManager : Event: ======'mode_base_will_stop'====== Args={}
2025-11-05 22:38:11,367 : INFO : EventManager : Event: ======'mode_base_stopping'====== Args={}
2025-11-05 22:38:11,368 : INFO : EventManager : Event: ======'stop_mode_bumpers'====== Args={'priority': 0}
2025-11-05 22:38:11,368 : INFO : EventManager : Event: ======'stop_mode_csi_lanes'====== Args={'priority': 0}
2025-11-05 22:38:11,368 : INFO : Mode.base : Stopped.
2025-11-05 22:38:11,368 : INFO : EventManager : Event: ======'modes_active_modes_changed'====== Args={}
2025-11-05 22:38:11,369 : INFO : EventManager : Event: ======'mode_base_stopped'====== Args={}
2025-11-05 22:38:11,369 : INFO : EventManager : Event: ======'clear'====== Args={'key': 'base'}
2025-11-05 22:38:11,369 : INFO : Timer.player_added_timer : Stopping Timer
2025-11-05 22:38:11,369 : INFO : EventManager : Event: ======'timer_player_added_timer_stopped'====== Args={'ticks': 1, 'ticks_remaining': 1}
2025-11-05 22:38:11,369 : INFO : Mode.csi_lanes : Stopped.
2025-11-05 22:38:11,369 : INFO : EventManager : Event: ======'modes_active_modes_changed'====== Args={}
2025-11-05 22:38:11,369 : INFO : EventManager : Event: ======'mode_csi_lanes_stopped'====== Args={}
2025-11-05 22:38:11,369 : INFO : EventManager : Event: ======'clear'====== Args={'key': 'csi_lanes'}
2025-11-05 22:38:11,370 : INFO : Mode.bumpers : Stopped.
2025-11-05 22:38:11,370 : INFO : EventManager : Event: ======'modes_active_modes_changed'====== Args={}
2025-11-05 22:38:11,370 : INFO : EventManager : Event: ======'mode_bumpers_stopped'====== Args={}
2025-11-05 22:38:11,371 : INFO : EventManager : Event: ======'clear'====== Args={'key': 'bumpers'}
2025-11-05 22:38:11,371 : INFO : Mode.game : Stopped.
2025-11-05 22:38:11,371 : INFO : EventManager : Event: ======'modes_active_modes_changed'====== Args={}
2025-11-05 22:38:11,371 : INFO : EventManager : Event: ======'mode_game_stopped'====== Args={}
2025-11-05 22:38:11,372 : INFO : EventManager : Event: ======'clear'====== Args={'key': 'game'}
2025-11-05 22:38:11,374 : INFO : root : MPF run loop ended.
