2025-11-04 23:12:11,195 : INFO : root : Loading config.
2025-11-04 23:12:11,196 : INFO : YamlMultifileConfigLoader : Machine config file #1: config.yaml
2025-11-04 23:12:11,196 : INFO : ConfigProcessor : Loading config from cache: /var/folders/m3/0d4y64_n3fn8tnkv3ydlhztw0000gn/T/5ca32a6c950d03116abbed96ca44d372.mpf_cache
2025-11-04 23:12:11,208 : INFO : ConfigProcessor : Loading config from cache: /var/folders/m3/0d4y64_n3fn8tnkv3ydlhztw0000gn/T/01c495fa7450a81b4be96cb699872531.mpf_cache
2025-11-04 23:12:11,208 : INFO : ConfigProcessor : Loading config from cache: /var/folders/m3/0d4y64_n3fn8tnkv3ydlhztw0000gn/T/bfde29b5bb803376b0637bb8f0da27a7.mpf_cache
2025-11-04 23:12:11,208 : INFO : ConfigProcessor : Loading config from cache: /var/folders/m3/0d4y64_n3fn8tnkv3ydlhztw0000gn/T/01c495fa7450a81b4be96cb699872531.mpf_cache
2025-11-04 23:12:11,208 : WARNING : ConfigProcessor : Config file in cache changed: /Users/didiergilbin/Desktop/Homebrew_CSI/modes/base/config/base.yaml
2025-11-04 23:12:11,208 : INFO : ConfigProcessor : Loading config from file /Users/didiergilbin/Desktop/Homebrew_CSI/modes/base/config/base.yaml.
2025-11-04 23:12:11,211 : INFO : ConfigProcessor : Loading config: /Users/didiergilbin/Desktop/Homebrew_CSI/modes/base/config/base.yaml
2025-11-04 23:12:11,212 : INFO : ConfigProcessor : Config file cache created: /var/folders/m3/0d4y64_n3fn8tnkv3ydlhztw0000gn/T/3ae89e09515ff8d8b11d68f672b2cc51.mpf_cache
2025-11-04 23:12:11,212 : INFO : ConfigProcessor : Loading config from cache: /var/folders/m3/0d4y64_n3fn8tnkv3ydlhztw0000gn/T/4c420229fa75118c2461cfc9ff5a44e2.mpf_cache
2025-11-04 23:12:11,212 : INFO : ConfigProcessor : Loading config from cache: /var/folders/m3/0d4y64_n3fn8tnkv3ydlhztw0000gn/T/f5ee6852f1764324c8553249cc53c871.mpf_cache
2025-11-04 23:12:11,212 : INFO : Machine : Mission Pinball Framework Core Engine v0.80.0.dev10
2025-11-04 23:12:11,212 : INFO : Machine : Command line arguments: {'no_load_cache': False, 'create_config_cache': True, 'bcp': True, 'configfile': ['config.yaml'], 'force_assets_load': False, 'platform_integration_test': False, 'jsonlogging': False, 'logfile': 'logs/2025-11-04-23-12-11-mpf-mac.home.log', 'pause': False, 'production': False, 'text_ui': False, 'loglevel': 15, 'consoleloglevel': 20, 'force_platform': 'smart_virtual', 'syslog_address': None, 'full_logfile_path': '/Users/didiergilbin/Desktop/Homebrew_CSI/logs/2025-11-04-23-12-11-mpf-mac.home.log'}
2025-11-04 23:12:11,212 : INFO : Machine : MPF path: /Users/didiergilbin/mpfenv/lib/python3.13/site-packages/mpf
2025-11-04 23:12:11,212 : INFO : Machine : Machine path: /Users/didiergilbin/Desktop/Homebrew_CSI
2025-11-04 23:12:11,212 : INFO : Machine : Platform: darwin
2025-11-04 23:12:11,212 : INFO : Machine : Python executable location: /Users/didiergilbin/mpfenv/bin/python3.13
2025-11-04 23:12:11,212 : INFO : Machine : Python version: 3.13.7 (64-bit)
2025-11-04 23:12:11,212 : INFO : Machine : Initializing MPF...
2025-11-04 23:12:11,225 : INFO : EventManager : Event: ======'machine_var_credits_string'====== Args={'value': 'FREE PLAY', 'prev_value': None, 'change': True}
2025-11-04 23:12:11,228 : INFO : EventManager : Event: ======'machine_var_master_volume'====== Args={'value': 0.5, 'prev_value': None, 'change': True}
2025-11-04 23:12:11,228 : INFO : EventManager : Event: ======'machine_var_player1_score'====== Args={'value': 0, 'prev_value': None, 'change': True}
2025-11-04 23:12:11,228 : INFO : EventManager : Event: ======'machine_var_mpf_version'====== Args={'value': 'Mission Pinball Framework v0.80.0.dev10', 'prev_value': None, 'change': True}
2025-11-04 23:12:11,228 : INFO : EventManager : Event: ======'machine_var_mpf_extended_version'====== Args={'value': 'Mission Pinball Framework v0.80.0.dev10, Config version:6, Show version: 6, BCP version:1.1', 'prev_value': None, 'change': True}
2025-11-04 23:12:11,228 : INFO : EventManager : Event: ======'machine_var_python_version'====== Args={'value': '3.13.7', 'prev_value': None, 'change': True}
2025-11-04 23:12:11,233 : INFO : EventManager : Event: ======'machine_var_platform'====== Args={'value': 'macOS-15.6.1-arm64-arm-64bit-Mach-O', 'prev_value': None, 'change': True}
2025-11-04 23:12:11,233 : INFO : EventManager : Event: ======'machine_var_platform_system'====== Args={'value': 'Darwin', 'prev_value': None, 'change': True}
2025-11-04 23:12:11,233 : INFO : EventManager : Event: ======'machine_var_platform_release'====== Args={'value': '24.6.0', 'prev_value': None, 'change': True}
2025-11-04 23:12:11,233 : INFO : EventManager : Event: ======'machine_var_platform_version'====== Args={'value': 'Darwin Kernel Version 24.6.0: Mon Jul 14 11:30:40 PDT 2025; root:xnu-11417.140.69~1/RELEASE_ARM64_T8132', 'prev_value': None, 'change': True}
2025-11-04 23:12:11,233 : INFO : EventManager : Event: ======'machine_var_platform_machine'====== Args={'value': 'arm64', 'prev_value': None, 'change': True}
2025-11-04 23:12:11,233 : INFO : EventManager : Event: ======'machine_var_log_file_path'====== Args={'value': '/Users/didiergilbin/Desktop/Homebrew_CSI/logs/2025-11-04-23-12-11-mpf-mac.home.log', 'prev_value': None, 'change': True}
2025-11-04 23:12:11,233 : INFO : EventManager : Event: ======'init_phase_1'====== Args={}
2025-11-04 23:12:11,238 : INFO : EventManager : Event: ======'init_phase_2'====== Args={}
2025-11-04 23:12:11,239 : INFO : SwitchController : Found active switch: ('2', <Platform.SmartVirtual>) <switch.s_trough1>
2025-11-04 23:12:11,239 : INFO : SwitchController : Found active switch: ('3', <Platform.SmartVirtual>) <switch.s_trough2>
2025-11-04 23:12:11,239 : INFO : SwitchController : Found active switch: ('4', <Platform.SmartVirtual>) <switch.s_trough3>
2025-11-04 23:12:11,239 : INFO : SwitchController : Found active switch: ('5', <Platform.SmartVirtual>) <switch.s_trough4>
2025-11-04 23:12:11,239 : INFO : EventManager : Event: ======'bcp_connection_attempt'====== Args={'name': 'local_display', 'host': 'localhost', 'port': 5050}
2025-11-04 23:12:11,240 : INFO : BCPClientSocket : Connecting BCP to 'local_display' at localhost:5050...
2025-11-04 23:12:11,242 : INFO : BCPClientSocket : Connected BCP to 'local_display' localhost:5050
2025-11-04 23:12:11,242 : INFO : EventManager : Event: ======'bcp_clients_connected'====== Args={}
2025-11-04 23:12:11,242 : INFO : ball_device.bd_drain : BCH: Initial count: 0
2025-11-04 23:12:11,242 : INFO : ball_device.bd_drain : State: idle
2025-11-04 23:12:11,243 : INFO : ball_device.bd_trough : BCH: Initial count: 4
2025-11-04 23:12:11,243 : INFO : ball_device.bd_trough : State: idle
2025-11-04 23:12:11,243 : INFO : ball_device.bd_plunger : BCH: Initial count: 0
2025-11-04 23:12:11,243 : INFO : ball_device.bd_plunger : State: idle
2025-11-04 23:12:11,246 : INFO : EventManager : Event: ======'init_phase_3'====== Args={}
2025-11-04 23:12:11,246 : INFO : EventManager : Event: ======'init_phase_4'====== Args={}
2025-11-04 23:12:11,246 : INFO : BallController : Initial balls found: 4
2025-11-04 23:12:11,247 : INFO : EventManager : Event: ======'machine_var_audits_events_game_ended'====== Args={'value': 51, 'prev_value': None, 'change': True}
2025-11-04 23:12:11,247 : INFO : EventManager : Event: ======'machine_var_audits_events_game_started'====== Args={'value': 371, 'prev_value': None, 'change': True}
2025-11-04 23:12:11,247 : INFO : EventManager : Event: ======'machine_var_audits_missing_switches_s_drain'====== Args={'value': 17, 'prev_value': None, 'change': True}
2025-11-04 23:12:11,247 : INFO : EventManager : Event: ======'machine_var_audits_missing_switches_s_launch_button'====== Args={'value': 18, 'prev_value': None, 'change': True}
2025-11-04 23:12:11,247 : INFO : EventManager : Event: ======'machine_var_audits_missing_switches_s_left_flipper'====== Args={'value': 8, 'prev_value': None, 'change': True}
2025-11-04 23:12:11,247 : INFO : EventManager : Event: ======'machine_var_audits_missing_switches_s_left_outlane'====== Args={'value': 16, 'prev_value': None, 'change': True}
2025-11-04 23:12:11,247 : INFO : EventManager : Event: ======'machine_var_audits_missing_switches_s_popbumper1'====== Args={'value': 6, 'prev_value': None, 'change': True}
2025-11-04 23:12:11,247 : INFO : EventManager : Event: ======'machine_var_audits_missing_switches_s_popbumper2'====== Args={'value': 6, 'prev_value': None, 'change': True}
2025-11-04 23:12:11,247 : INFO : EventManager : Event: ======'machine_var_audits_missing_switches_s_popbumper3'====== Args={'value': 6, 'prev_value': None, 'change': True}
2025-11-04 23:12:11,247 : INFO : EventManager : Event: ======'machine_var_audits_missing_switches_s_right_flipper'====== Args={'value': 5, 'prev_value': None, 'change': True}
2025-11-04 23:12:11,247 : INFO : EventManager : Event: ======'machine_var_audits_missing_switches_s_right_outlane'====== Args={'value': 14, 'prev_value': None, 'change': True}
2025-11-04 23:12:11,247 : INFO : EventManager : Event: ======'machine_var_audits_missing_switches_s_scoop'====== Args={'value': 9, 'prev_value': None, 'change': True}
2025-11-04 23:12:11,247 : INFO : EventManager : Event: ======'machine_var_audits_missing_switches_s_sling_left'====== Args={'value': 371, 'prev_value': None, 'change': True}
2025-11-04 23:12:11,247 : INFO : EventManager : Event: ======'machine_var_audits_missing_switches_s_sling_right'====== Args={'value': 371, 'prev_value': None, 'change': True}
2025-11-04 23:12:11,247 : INFO : EventManager : Event: ======'machine_var_audits_missing_switches_s_start'====== Args={'value': 9, 'prev_value': None, 'change': True}
2025-11-04 23:12:11,247 : INFO : EventManager : Event: ======'machine_var_audits_missing_switches_s_trough1'====== Args={'value': 17, 'prev_value': None, 'change': True}
2025-11-04 23:12:11,247 : INFO : EventManager : Event: ======'machine_var_audits_missing_switches_s_trough2'====== Args={'value': 18, 'prev_value': None, 'change': True}
2025-11-04 23:12:11,247 : INFO : EventManager : Event: ======'machine_var_audits_missing_switches_s_trough3'====== Args={'value': 149, 'prev_value': None, 'change': True}
2025-11-04 23:12:11,247 : INFO : EventManager : Event: ======'machine_var_audits_missing_switches_s_trough4'====== Args={'value': 149, 'prev_value': None, 'change': True}
2025-11-04 23:12:11,247 : INFO : EventManager : Event: ======'machine_var_audits_missing_switches_s_trough_jam'====== Args={'value': 85, 'prev_value': None, 'change': True}
2025-11-04 23:12:11,247 : INFO : EventManager : Event: ======'machine_var_audits_player_score'====== Args={'value': {'average': 221066, 'top': [10210000, 1550000, 1070000, 1070000, 810000, 710000, 640000, 570000, 530000, 480000], 'total': 110}, 'prev_value': None, 'change': True}
2025-11-04 23:12:11,247 : INFO : EventManager : Event: ======'machine_var_audits_shots_bumper1'====== Args={'value': 3315, 'prev_value': None, 'change': True}
2025-11-04 23:12:11,247 : INFO : EventManager : Event: ======'machine_var_audits_shots_bumper2'====== Args={'value': 3269, 'prev_value': None, 'change': True}
2025-11-04 23:12:11,247 : INFO : EventManager : Event: ======'machine_var_audits_shots_bumper3'====== Args={'value': 2989, 'prev_value': None, 'change': True}
2025-11-04 23:12:11,247 : INFO : EventManager : Event: ======'machine_var_audits_shots_c_shot'====== Args={'value': 43, 'prev_value': None, 'change': True}
2025-11-04 23:12:11,247 : INFO : EventManager : Event: ======'machine_var_audits_shots_csi_shot'====== Args={'value': 9, 'prev_value': None, 'change': True}
2025-11-04 23:12:11,247 : INFO : EventManager : Event: ======'machine_var_audits_shots_i_shot'====== Args={'value': 29, 'prev_value': None, 'change': True}
2025-11-04 23:12:11,247 : INFO : EventManager : Event: ======'machine_var_audits_shots_s_shot'====== Args={'value': 44, 'prev_value': None, 'change': True}
2025-11-04 23:12:11,247 : INFO : EventManager : Event: ======'machine_var_audits_shots_switch_shot'====== Args={'value': 116, 'prev_value': None, 'change': True}
2025-11-04 23:12:11,247 : INFO : EventManager : Event: ======'machine_var_audits_switches_s_drain'====== Args={'value': 506, 'prev_value': None, 'change': True}
2025-11-04 23:12:11,247 : INFO : EventManager : Event: ======'machine_var_audits_switches_s_launch_button'====== Args={'value': 1, 'prev_value': None, 'change': True}
2025-11-04 23:12:11,247 : INFO : EventManager : Event: ======'machine_var_audits_switches_s_left_flipper'====== Args={'value': 345, 'prev_value': None, 'change': True}
2025-11-04 23:12:11,247 : INFO : EventManager : Event: ======'machine_var_audits_switches_s_left_inlane1'====== Args={'value': 46, 'prev_value': None, 'change': True}
2025-11-04 23:12:11,247 : INFO : EventManager : Event: ======'machine_var_audits_switches_s_left_inlane2'====== Args={'value': 47, 'prev_value': None, 'change': True}
2025-11-04 23:12:11,247 : INFO : EventManager : Event: ======'machine_var_audits_switches_s_left_outlane'====== Args={'value': 0, 'prev_value': None, 'change': True}
2025-11-04 23:12:11,247 : INFO : EventManager : Event: ======'machine_var_audits_switches_s_plunger_lane'====== Args={'value': 729, 'prev_value': None, 'change': True}
2025-11-04 23:12:11,247 : INFO : EventManager : Event: ======'machine_var_audits_switches_s_popbumper1'====== Args={'value': 3359, 'prev_value': None, 'change': True}
2025-11-04 23:12:11,247 : INFO : EventManager : Event: ======'machine_var_audits_switches_s_popbumper2'====== Args={'value': 3310, 'prev_value': None, 'change': True}
2025-11-04 23:12:11,247 : INFO : EventManager : Event: ======'machine_var_audits_switches_s_popbumper3'====== Args={'value': 3031, 'prev_value': None, 'change': True}
2025-11-04 23:12:11,247 : INFO : EventManager : Event: ======'machine_var_audits_switches_s_right_flipper'====== Args={'value': 601, 'prev_value': None, 'change': True}
2025-11-04 23:12:11,247 : INFO : EventManager : Event: ======'machine_var_audits_switches_s_right_inlane'====== Args={'value': 32, 'prev_value': None, 'change': True}
2025-11-04 23:12:11,247 : INFO : EventManager : Event: ======'machine_var_audits_switches_s_right_outlane'====== Args={'value': 2, 'prev_value': None, 'change': True}
2025-11-04 23:12:11,247 : INFO : EventManager : Event: ======'machine_var_audits_switches_s_scoop'====== Args={'value': 347, 'prev_value': None, 'change': True}
2025-11-04 23:12:11,247 : INFO : EventManager : Event: ======'machine_var_audits_switches_s_sling_left'====== Args={'value': 0, 'prev_value': None, 'change': True}
2025-11-04 23:12:11,247 : INFO : EventManager : Event: ======'machine_var_audits_switches_s_sling_right'====== Args={'value': 0, 'prev_value': None, 'change': True}
2025-11-04 23:12:11,247 : INFO : EventManager : Event: ======'machine_var_audits_switches_s_start'====== Args={'value': 637, 'prev_value': None, 'change': True}
2025-11-04 23:12:11,247 : INFO : EventManager : Event: ======'machine_var_audits_switches_s_trough1'====== Args={'value': 355, 'prev_value': None, 'change': True}
2025-11-04 23:12:11,247 : INFO : EventManager : Event: ======'machine_var_audits_switches_s_trough2'====== Args={'value': 16, 'prev_value': None, 'change': True}
2025-11-04 23:12:11,247 : INFO : EventManager : Event: ======'machine_var_audits_switches_s_trough3'====== Args={'value': 1, 'prev_value': None, 'change': True}
2025-11-04 23:12:11,247 : INFO : EventManager : Event: ======'machine_var_audits_switches_s_trough4'====== Args={'value': 1, 'prev_value': None, 'change': True}
2025-11-04 23:12:11,247 : INFO : EventManager : Event: ======'machine_var_audits_switches_s_trough_jam'====== Args={'value': 8, 'prev_value': None, 'change': True}
2025-11-04 23:12:11,247 : INFO : EventManager : Event: ======'init_phase_5'====== Args={}
2025-11-04 23:12:11,248 : INFO : EventManager : Event: ======'init_done'====== Args={}
2025-11-04 23:12:11,248 : INFO : EventManager : Event: ======'machine_reset_phase_1'====== Args={}
2025-11-04 23:12:11,252 : INFO : EventManager : Event: ======'machine_reset_phase_2'====== Args={}
2025-11-04 23:12:11,253 : INFO : EventManager : Event: ======'machine_reset_phase_3'====== Args={}
2025-11-04 23:12:11,253 : INFO : EventManager : Event: ======'reset_complete'====== Args={}
2025-11-04 23:12:11,253 : INFO : EventManager : Event: ======'mode_attract_will_start'====== Args={}
2025-11-04 23:12:11,253 : INFO : Timer.attract_carousel_timer : Starting Timer.
2025-11-04 23:12:11,253 : INFO : EventManager : Event: ======'timer_attract_carousel_timer_started'====== Args={'ticks': 0, 'ticks_remaining': 1}
2025-11-04 23:12:11,253 : INFO : EventManager : Event: ======'timer_attract_carousel_timer_tick'====== Args={'ticks': 0, 'ticks_remaining': 1}
2025-11-04 23:12:11,253 : INFO : EventManager : Event: ======'mode_attract_starting'====== Args={}
2025-11-04 23:12:11,253 : INFO : Mode.attract : Started. Priority: 10
2025-11-04 23:12:11,253 : INFO : EventManager : Event: ======'modes_active_modes_changed'====== Args={}
2025-11-04 23:12:11,253 : INFO : EventManager : Event: ======'mode_attract_started'====== Args={}
2025-11-04 23:12:11,254 : INFO : EventManager : Event: ======'collecting_balls_complete'====== Args={}
2025-11-04 23:12:11,254 : INFO : EventManager : Event: ======'carousel_item_highlighted'====== Args={'carousel': 'attract', 'direction': None, 'item': 'title'}
2025-11-04 23:12:11,254 : INFO : Machine : Starting the main run loop with active modes: [<Mode.attract>]
2025-11-04 23:12:11,334 : INFO : BcpServer : New client connected.
2025-11-04 23:12:11,650 : INFO : EventManager : Event: ======'slide_attract_created'====== Args={'_from_bcp': True}
2025-11-04 23:12:11,651 : INFO : EventManager : Event: ======'slide__removed'====== Args={'_from_bcp': True}
2025-11-04 23:12:11,651 : INFO : EventManager : Event: ======'slide_attract_active'====== Args={'original_context': 'attract', 'original_calling_context': 'mode_attract_started', 'priority': 10.0, 'cmd': 'slides_play', '_from_bcp': True}
2025-11-04 23:12:13,952 : INFO : SwitchController : <<<<<<< 's_start' active >>>>>>>
2025-11-04 23:12:14,036 : INFO : SwitchController : <<<<<<< 's_start' inactive >>>>>>>
2025-11-04 23:12:14,036 : INFO : EventManager : Event: ======'request_to_start_game'====== Args={}
2025-11-04 23:12:14,037 : INFO : EventManager : Event: ======'game_start'====== Args={'buttons': [], 'hold_time': 0.08329804195091128}
2025-11-04 23:12:14,038 : INFO : EventManager : Event: ======'mode_game_will_start'====== Args={'buttons': [], 'hold_time': 0.08329804195091128}
2025-11-04 23:12:14,039 : INFO : EventManager : Event: ======'mode_game_starting'====== Args={'buttons': [], 'hold_time': 0.08329804195091128}
2025-11-04 23:12:14,039 : INFO : EventManager : Event: ======'mode_attract_will_stop'====== Args={}
2025-11-04 23:12:14,040 : INFO : EventManager : Event: ======'mode_attract_stopping'====== Args={}
2025-11-04 23:12:14,040 : INFO : Mode.attract : Stopped.
2025-11-04 23:12:14,040 : INFO : EventManager : Event: ======'modes_active_modes_changed'====== Args={}
2025-11-04 23:12:14,041 : INFO : EventManager : Event: ======'mode_attract_stopped'====== Args={}
2025-11-04 23:12:14,041 : INFO : EventManager : Event: ======'clear'====== Args={'key': 'attract'}
2025-11-04 23:12:14,041 : INFO : Timer.attract_carousel_timer : Stopping Timer
2025-11-04 23:12:14,042 : INFO : EventManager : Event: ======'timer_attract_carousel_timer_stopped'====== Args={'ticks': 0, 'ticks_remaining': 1}
2025-11-04 23:12:14,042 : INFO : Mode.game : Started. Priority: 20
2025-11-04 23:12:14,042 : INFO : EventManager : Event: ======'modes_active_modes_changed'====== Args={}
2025-11-04 23:12:14,043 : INFO : EventManager : Event: ======'mode_game_started'====== Args={'buttons': [], 'hold_time': 0.08329804195091128}
2025-11-04 23:12:14,044 : INFO : EventManager : Event: ======'game_will_start'====== Args={}
2025-11-04 23:12:14,044 : INFO : EventManager : Event: ======'game_starting'====== Args={'game': <Mode.game>}
2025-11-04 23:12:14,045 : INFO : EventManager : Unordered handler for class <Auditor> on event game_ended with priority 1. Handlers: [RegisteredHandler(callback=<bound method Auditor.disable of <Auditor>>, priority=1, kwargs={}, key=UUID('a60b2284-5a3f-4fe9-95fe-55b5bde43d94'), condition=None, blocking_facility=None), RegisteredHandler(callback=<bound method Auditor._save_audits of <Auditor>>, priority=1, kwargs={}, key=UUID('06895013-1751-440d-8c73-585dd44a7cf1'), condition=None, blocking_facility=None)]. The order of those handlers is not defined and they will be executed in random order. This might lead to race conditions and potential bugs.
2025-11-04 23:12:14,045 : INFO : EventManager : Event: ======'player_add_request'====== Args={}
2025-11-04 23:12:14,046 : INFO : EventManager : Event: ======'player_will_add'====== Args={'number': 1}
2025-11-04 23:12:14,046 : INFO : EventManager : Event: ======'player_adding'====== Args={'player': <Player 1>, 'number': 1}
2025-11-04 23:12:14,046 : INFO : EventManager : Event: ======'player_added'====== Args={'player': <Player 1>, 'num': 1}
2025-11-04 23:12:14,047 : INFO : Mode.game : Player added successfully. Total players: 1
2025-11-04 23:12:14,047 : INFO : EventManager : Event: ======'player_index'====== Args={'value': 0, 'prev_value': 0, 'change': 0, 'player_num': 1}
2025-11-04 23:12:14,047 : INFO : EventManager : Event: ======'player_number'====== Args={'value': 1, 'prev_value': 1, 'change': 0, 'player_num': 1}
2025-11-04 23:12:14,048 : INFO : EventManager : Event: ======'player_multiplier'====== Args={'value': 1, 'prev_value': 1, 'change': 0, 'player_num': 1}
2025-11-04 23:12:14,048 : INFO : EventManager : Event: ======'player_score'====== Args={'value': 0, 'prev_value': 0, 'change': 0, 'player_num': 1}
2025-11-04 23:12:14,048 : INFO : EventManager : Event: ======'game_started'====== Args={}
2025-11-04 23:12:14,049 : INFO : EventManager : Event: ======'player_turn_will_start'====== Args={'player': <Player 1>, 'number': 1}
2025-11-04 23:12:14,049 : INFO : EventManager : Event: ======'player_turn_starting'====== Args={'player': <Player 1>, 'number': 1}
2025-11-04 23:12:14,056 : INFO : EventManager : Event: ======'player_ball'====== Args={'value': 1, 'prev_value': 0, 'change': 1, 'player_num': 1}
2025-11-04 23:12:14,057 : INFO : EventManager : Event: ======'player_turn_started'====== Args={'player': <Player 1>, 'number': 1}
2025-11-04 23:12:14,057 : INFO : EventManager : Event: ======'ball_will_start'====== Args={'player': 1, 'ball': 1, 'balls_remaining': 2, 'is_extra_ball': False}
2025-11-04 23:12:14,057 : INFO : EventManager : Event: ======'ball_starting'====== Args={'player': 1, 'ball': 1, 'balls_remaining': 2, 'is_extra_ball': False}
2025-11-04 23:12:14,058 : INFO : EventManager : Event: ======'mode_base_will_start'====== Args={'queue': <QueuedEvent>, 'player': 1, 'ball': 1, 'balls_remaining': 2, 'is_extra_ball': False}
2025-11-04 23:12:14,058 : INFO : EventManager : Event: ======'player_base_player_added_timer_tick'====== Args={'value': 0, 'prev_value': 0, 'change': 0, 'player_num': 1}
2025-11-04 23:12:14,059 : INFO : Timer.player_added_timer : Starting Timer.
2025-11-04 23:12:14,059 : INFO : EventManager : Event: ======'timer_player_added_timer_started'====== Args={'ticks': 0, 'ticks_remaining': 1}
2025-11-04 23:12:14,059 : INFO : EventManager : Event: ======'timer_player_added_timer_tick'====== Args={'ticks': 0, 'ticks_remaining': 1}
2025-11-04 23:12:14,059 : INFO : EventManager : Event: ======'player_shot_switch_shot_enabled'====== Args={'value': True, 'prev_value': 0, 'change': 1, 'player_num': 1}
2025-11-04 23:12:14,060 : INFO : EventManager : Event: ======'player_shot_c_shot_enabled'====== Args={'value': True, 'prev_value': 0, 'change': 1, 'player_num': 1}
2025-11-04 23:12:14,061 : INFO : EventManager : Event: ======'player_shot_s_shot_enabled'====== Args={'value': True, 'prev_value': 0, 'change': 1, 'player_num': 1}
2025-11-04 23:12:14,061 : INFO : EventManager : Event: ======'player_shot_i_shot_enabled'====== Args={'value': True, 'prev_value': 0, 'change': 1, 'player_num': 1}
2025-11-04 23:12:14,062 : INFO : EventManager : Event: ======'csi_shots_complete'====== Args={'state': 'unlit'}
2025-11-04 23:12:14,062 : INFO : EventManager : Event: ======'csi_shots_unlit_complete'====== Args={}
2025-11-04 23:12:14,063 : INFO : EventManager : Event: ======'mode_base_starting'====== Args={'queue': <QueuedEvent>, 'player': 1, 'ball': 1, 'balls_remaining': 2, 'is_extra_ball': False}
2025-11-04 23:12:14,064 : INFO : Mode.base : Started. Priority: 100
2025-11-04 23:12:14,064 : INFO : EventManager : Event: ======'modes_active_modes_changed'====== Args={}
2025-11-04 23:12:14,064 : INFO : EventManager : Event: ======'mode_base_started'====== Args={'queue': <QueuedEvent>, 'player': 1, 'ball': 1, 'balls_remaining': 2, 'is_extra_ball': False}
2025-11-04 23:12:14,065 : INFO : EventManager : Event: ======'start_mode_bumpers'====== Args={'priority': 0}
2025-11-04 23:12:14,065 : INFO : EventManager : Event: ======'mode_bumpers_will_start'====== Args={'priority': 0}
2025-11-04 23:12:14,065 : INFO : EventManager : Event: ======'player_shot_bumper1_enabled'====== Args={'value': True, 'prev_value': 0, 'change': 1, 'player_num': 1}
2025-11-04 23:12:14,066 : INFO : EventManager : Event: ======'player_shot_bumper2_enabled'====== Args={'value': True, 'prev_value': 0, 'change': 1, 'player_num': 1}
2025-11-04 23:12:14,066 : INFO : EventManager : Event: ======'player_shot_bumper3_enabled'====== Args={'value': True, 'prev_value': 0, 'change': 1, 'player_num': 1}
2025-11-04 23:12:14,066 : INFO : EventManager : Event: ======'bumpers_complete'====== Args={'state': 'unlit'}
2025-11-04 23:12:14,066 : INFO : EventManager : Event: ======'bumpers_unlit_complete'====== Args={}
2025-11-04 23:12:14,067 : INFO : EventManager : Event: ======'mode_bumpers_starting'====== Args={'priority': 0}
2025-11-04 23:12:14,067 : INFO : Mode.bumpers : Started. Priority: 200
2025-11-04 23:12:14,067 : INFO : EventManager : Event: ======'modes_active_modes_changed'====== Args={}
2025-11-04 23:12:14,067 : INFO : EventManager : Event: ======'mode_bumpers_started'====== Args={'priority': 0}
2025-11-04 23:12:14,068 : INFO : EventManager : Event: ======'balls_in_play'====== Args={'balls': 1}
2025-11-04 23:12:14,068 : INFO : EventManager : Event: ======'ball_started'====== Args={'player': 1, 'ball': 1, 'balls_remaining': 2, 'is_extra_ball': False}
2025-11-04 23:12:14,068 : INFO : EventManager : Event: ======'single_player_ball_started'====== Args={}
2025-11-04 23:12:14,069 : INFO : EventManager : Event: ======'ball_start_target'====== Args={'target': 'playfield'}
2025-11-04 23:12:14,069 : INFO : ball_device.bd_trough : Setting up player-controlled eject. Balls: 1, Target: <playfield.playfield>, player_controlled_eject_event: None
2025-11-04 23:12:14,069 : INFO : ball_device.bd_trough : Adding 1 ball(s) to the eject_queue with target <playfield.playfield>.
2025-11-04 23:12:14,069 : INFO : EventManager : Event: ======'balldevice_balls_available'====== Args={}
2025-11-04 23:12:14,070 : INFO : ball_device.bd_trough : State: waiting_for_target_ready
2025-11-04 23:12:14,070 : INFO : EventManager : Event: ======'balldevice_bd_trough_ball_eject_attempt'====== Args={'balls': 1, 'target': <ball_device.bd_plunger>, 'source': <ball_device.bd_trough>, 'mechanical_eject': False, 'num_attempts': 0}
2025-11-04 23:12:14,070 : INFO : ball_device.bd_plunger : State: waiting_for_ball
2025-11-04 23:12:14,070 : INFO : ball_device.bd_trough : State: ejecting
2025-11-04 23:12:14,070 : INFO : ball_device.bd_trough : Ejecting ball to <ball_device.bd_plunger>
2025-11-04 23:12:14,070 : INFO : EventManager : Event: ======'balldevice_bd_trough_ejecting_ball'====== Args={'balls': 1, 'target': <ball_device.bd_plunger>, 'source': <ball_device.bd_trough>, 'mechanical_eject': False, 'num_attempts': 0}
2025-11-04 23:12:14,071 : INFO : ball_device.bd_trough : Wait for ball to leave device
2025-11-04 23:12:14,071 : INFO : coil.c_trough_eject : Pulsing Driver for 20ms (1.0 pulse_power)
2025-11-04 23:12:14,071 : INFO : SwitchController : <<<<<<< 's_trough1' inactive >>>>>>>
2025-11-04 23:12:14,072 : INFO : ball_device.bd_trough : State: ball_left
2025-11-04 23:12:14,072 : INFO : ball_device.bd_trough : Ball left
2025-11-04 23:12:14,072 : INFO : ball_device.bd_trough : Wait for confirm with timeout 3.0
2025-11-04 23:12:14,172 : INFO : SwitchController : <<<<<<< 's_plunger_lane' active >>>>>>>
2025-11-04 23:12:14,172 : INFO : EventManager : Event: ======'machine_var_audits_switches_s_plunger_lane'====== Args={'value': 730, 'prev_value': 729, 'change': 1}
2025-11-04 23:12:14,222 : INFO : EventManager : Event: ======'slide_base_slide_created'====== Args={'_from_bcp': True}
2025-11-04 23:12:14,223 : INFO : EventManager : Event: ======'slide_attract_inactive'====== Args={'is_removing': True, '_from_bcp': True}
2025-11-04 23:12:14,223 : INFO : EventManager : Event: ======'slide_base_slide_active'====== Args={'original_context': 'base', 'original_calling_context': 'mode_base_started', 'priority': 100.0, 'queue': '<QueuedEvent>', 'player': 1.0, 'ball': 1.0, 'balls_remaining': 2.0, 'is_extra_ball': False, 'cmd': 'slides_play', '_from_bcp': True}
2025-11-04 23:12:14,224 : INFO : EventManager : Event: ======'slide_attract_removed'====== Args={'_from_bcp': True}
2025-11-04 23:12:14,673 : INFO : ball_device.bd_plunger : Received ball from <ball_device.bd_trough>
2025-11-04 23:12:14,673 : INFO : EventManager : Event: ======'balldevice_bd_plunger_ball_enter'====== Args={'new_balls': 1, 'unclaimed_balls': 0, 'new_available_balls': 0, 'device': <ball_device.bd_plunger>}
2025-11-04 23:12:14,674 : INFO : EventManager : Event: ======'balldevice_bd_plunger_ball_entered'====== Args={'new_balls': 0, 'device': <ball_device.bd_plunger>}
2025-11-04 23:12:14,675 : INFO : EventManager : Event: ======'balldevice_bd_plunger_ball_count_changed'====== Args={'balls': 1}
2025-11-04 23:12:14,675 : INFO : ball_device.bd_trough : Got eject confirm
2025-11-04 23:12:14,675 : INFO : ball_device.bd_trough : Eject successful
2025-11-04 23:12:14,675 : INFO : EventManager : Event: ======'balldevice_bd_trough_ball_eject_success'====== Args={'balls': 1, 'target': <ball_device.bd_plunger>}
2025-11-04 23:12:14,676 : INFO : EventManager : Event: ======'balldevice_bd_trough_ball_count_changed'====== Args={'balls': 3}
2025-11-04 23:12:14,676 : INFO : ball_device.bd_trough : State: idle
2025-11-04 23:12:14,676 : INFO : ball_device.bd_plunger : State: waiting_for_target_ready
2025-11-04 23:12:14,676 : INFO : EventManager : Event: ======'balldevice_bd_plunger_ball_eject_attempt'====== Args={'balls': 1, 'target': <playfield.playfield>, 'source': <ball_device.bd_plunger>, 'mechanical_eject': False, 'num_attempts': 0}
2025-11-04 23:12:14,677 : INFO : ball_device.bd_plunger : State: ejecting
2025-11-04 23:12:14,677 : INFO : ball_device.bd_plunger : Ejecting ball to <playfield.playfield>
2025-11-04 23:12:14,677 : INFO : EventManager : Event: ======'balldevice_bd_plunger_ejecting_ball'====== Args={'balls': 1, 'target': <playfield.playfield>, 'source': <ball_device.bd_plunger>, 'mechanical_eject': False, 'num_attempts': 0}
2025-11-04 23:12:14,678 : INFO : ball_device.bd_plunger : Wait for ball to leave device
2025-11-04 23:12:14,678 : INFO : coil.c_plunger : Pulsing Driver for 20ms (1.0 pulse_power)
2025-11-04 23:12:14,678 : INFO : SwitchController : <<<<<<< 's_plunger_lane' inactive >>>>>>>
2025-11-04 23:12:14,679 : INFO : ball_device.bd_plunger : State: ball_left
2025-11-04 23:12:14,679 : INFO : ball_device.bd_plunger : Ball left
2025-11-04 23:12:14,679 : INFO : ball_device.bd_plunger : Wait for confirm with timeout 3.0
2025-11-04 23:12:14,760 : INFO : EventManager : Event: ======'player_base_player_added_timer_tick'====== Args={'value': 1, 'prev_value': 0, 'change': 1, 'player_num': 1}
2025-11-04 23:12:14,761 : INFO : Timer.player_added_timer : Timer Complete
2025-11-04 23:12:14,761 : INFO : Timer.player_added_timer : Stopping Timer
2025-11-04 23:12:14,761 : INFO : EventManager : Event: ======'timer_player_added_timer_stopped'====== Args={'ticks': 1, 'ticks_remaining': 1}
2025-11-04 23:12:14,762 : INFO : EventManager : Event: ======'timer_player_added_timer_complete'====== Args={'ticks': 1, 'ticks_remaining': 1}
2025-11-04 23:12:17,680 : INFO : ball_device.bd_plunger : State: failed_confirm
2025-11-04 23:12:17,680 : INFO : ball_device.bd_plunger : Got timeout (3.0s) before confirm from <playfield.playfield>
2025-11-04 23:12:17,781 : INFO : ball_device.bd_plunger : Confirming eject because target is playfield and ball did not return.
2025-11-04 23:12:17,781 : INFO : ball_device.bd_plunger : Eject successful
2025-11-04 23:12:17,781 : INFO : EventManager : Event: ======'balldevice_bd_plunger_ball_eject_success'====== Args={'balls': 1, 'target': <playfield.playfield>}
2025-11-04 23:12:17,782 : INFO : EventManager : Event: ======'balldevice_playfield_ball_enter'====== Args={'new_balls': 1, 'unclaimed_balls': 1, 'device': <playfield.playfield>}
2025-11-04 23:12:17,783 : INFO : EventManager : Event: ======'playfield_ball_count_change'====== Args={'balls': 1, 'change': 1}
2025-11-04 23:12:17,783 : INFO : EventManager : Event: ======'balldevice_bd_plunger_ball_count_changed'====== Args={'balls': 0}
2025-11-04 23:12:17,783 : INFO : ball_device.bd_plunger : State: idle
2025-11-04 23:12:27,106 : INFO : SwitchController : <<<<<<< 's_left_inlane1' active >>>>>>>
2025-11-04 23:12:27,106 : INFO : EventManager : Event: ======'s_left_inlane1_active'====== Args={}
2025-11-04 23:12:27,107 : INFO : EventManager : Event: ======'sw_playfield_active'====== Args={}
2025-11-04 23:12:27,107 : INFO : EventManager : Event: ======'machine_var_audits_switches_s_left_inlane1'====== Args={'value': 47, 'prev_value': 46, 'change': 1}
2025-11-04 23:12:27,108 : INFO : EventManager : Event: ======'player_shot_switch_shot'====== Args={'value': 1, 'prev_value': 0, 'change': 1, 'player_num': 1}
2025-11-04 23:12:27,108 : INFO : EventManager : Event: ======'machine_var_audits_shots_switch_shot'====== Args={'value': 117, 'prev_value': 116, 'change': 1}
2025-11-04 23:12:27,114 : INFO : EventManager : Event: ======'switch_shot_hit'====== Args={'profile': 'default', 'state': 'unlit', 'advancing': True}
2025-11-04 23:12:27,114 : INFO : EventManager : Event: ======'switch_shot_default_hit'====== Args={'profile': 'default', 'state': 'unlit', 'advancing': True}
2025-11-04 23:12:27,114 : INFO : EventManager : Event: ======'switch_shot_default_unlit_hit'====== Args={'profile': 'default', 'state': 'unlit', 'advancing': True}
2025-11-04 23:12:27,115 : INFO : EventManager : Event: ======'switch_shot_unlit_hit'====== Args={'profile': 'default', 'state': 'unlit', 'advancing': True}
2025-11-04 23:12:27,115 : INFO : EventManager : Event: ======'player_shot_c_shot'====== Args={'value': 1, 'prev_value': 0, 'change': 1, 'player_num': 1}
2025-11-04 23:12:27,115 : INFO : EventManager : Event: ======'machine_var_audits_shots_c_shot'====== Args={'value': 44, 'prev_value': 43, 'change': 1}
2025-11-04 23:12:27,116 : INFO : EventManager : Event: ======'c_shot_hit'====== Args={'profile': 'csi_shot_profile', 'state': 'unlit', 'advancing': True}
2025-11-04 23:12:27,116 : INFO : EventManager : Event: ======'c_shot_csi_shot_profile_hit'====== Args={'profile': 'csi_shot_profile', 'state': 'unlit', 'advancing': True}
2025-11-04 23:12:27,116 : INFO : EventManager : Event: ======'c_shot_csi_shot_profile_unlit_hit'====== Args={'profile': 'csi_shot_profile', 'state': 'unlit', 'advancing': True}
2025-11-04 23:12:27,116 : INFO : EventManager : Event: ======'c_shot_unlit_hit'====== Args={'profile': 'csi_shot_profile', 'state': 'unlit', 'advancing': True}
2025-11-04 23:12:27,116 : INFO : EventManager : Event: ======'csi_shots_hit'====== Args={'shot': 'c_shot'}
2025-11-04 23:12:27,117 : INFO : EventManager : Event: ======'csi_shots_unlit_hit'====== Args={'shot': 'c_shot'}
2025-11-04 23:12:27,117 : INFO : EventManager : Event: ======'player_score'====== Args={'value': 1000, 'prev_value': 0, 'change': 1000, 'player_num': 1, 'source': 'base'}
2025-11-04 23:12:27,117 : INFO : EventManager : Event: ======'player_multiplier'====== Args={'value': 2, 'prev_value': 1, 'change': 1, 'player_num': 1, 'source': 'base'}
2025-11-04 23:12:27,239 : INFO : SwitchController : <<<<<<< 's_left_inlane1' inactive >>>>>>>
2025-11-04 23:12:28,339 : INFO : SwitchController : <<<<<<< 's_left_inlane2' active >>>>>>>
2025-11-04 23:12:28,339 : INFO : EventManager : Event: ======'s_left_inlane2_active'====== Args={}
2025-11-04 23:12:28,340 : INFO : EventManager : Event: ======'sw_playfield_active'====== Args={}
2025-11-04 23:12:28,340 : INFO : EventManager : Event: ======'machine_var_audits_switches_s_left_inlane2'====== Args={'value': 48, 'prev_value': 47, 'change': 1}
2025-11-04 23:12:28,341 : INFO : EventManager : Event: ======'machine_var_audits_shots_switch_shot'====== Args={'value': 118, 'prev_value': 117, 'change': 1}
2025-11-04 23:12:28,341 : INFO : EventManager : Event: ======'switch_shot_hit'====== Args={'profile': 'default', 'state': 'lit', 'advancing': False}
2025-11-04 23:12:28,341 : INFO : EventManager : Event: ======'switch_shot_default_hit'====== Args={'profile': 'default', 'state': 'lit', 'advancing': False}
2025-11-04 23:12:28,341 : INFO : EventManager : Event: ======'switch_shot_default_lit_hit'====== Args={'profile': 'default', 'state': 'lit', 'advancing': False}
2025-11-04 23:12:28,342 : INFO : EventManager : Event: ======'switch_shot_lit_hit'====== Args={'profile': 'default', 'state': 'lit', 'advancing': False}
2025-11-04 23:12:28,342 : INFO : EventManager : Event: ======'player_shot_s_shot'====== Args={'value': 1, 'prev_value': 0, 'change': 1, 'player_num': 1}
2025-11-04 23:12:28,343 : INFO : EventManager : Event: ======'machine_var_audits_shots_s_shot'====== Args={'value': 45, 'prev_value': 44, 'change': 1}
2025-11-04 23:12:28,343 : INFO : EventManager : Event: ======'s_shot_hit'====== Args={'profile': 'csi_shot_profile', 'state': 'unlit', 'advancing': True}
2025-11-04 23:12:28,343 : INFO : EventManager : Event: ======'s_shot_csi_shot_profile_hit'====== Args={'profile': 'csi_shot_profile', 'state': 'unlit', 'advancing': True}
2025-11-04 23:12:28,343 : INFO : EventManager : Event: ======'s_shot_csi_shot_profile_unlit_hit'====== Args={'profile': 'csi_shot_profile', 'state': 'unlit', 'advancing': True}
2025-11-04 23:12:28,343 : INFO : EventManager : Event: ======'s_shot_unlit_hit'====== Args={'profile': 'csi_shot_profile', 'state': 'unlit', 'advancing': True}
2025-11-04 23:12:28,344 : INFO : EventManager : Event: ======'csi_shots_hit'====== Args={'shot': 's_shot'}
2025-11-04 23:12:28,344 : INFO : EventManager : Event: ======'csi_shots_unlit_hit'====== Args={'shot': 's_shot'}
2025-11-04 23:12:28,344 : INFO : EventManager : Event: ======'player_score'====== Args={'value': 2000, 'prev_value': 1000, 'change': 1000, 'player_num': 1, 'source': 'base'}
2025-11-04 23:12:28,344 : INFO : EventManager : Event: ======'player_multiplier'====== Args={'value': 3, 'prev_value': 2, 'change': 1, 'player_num': 1, 'source': 'base'}
2025-11-04 23:12:28,440 : INFO : SwitchController : <<<<<<< 's_left_inlane2' inactive >>>>>>>
2025-11-04 23:12:31,073 : INFO : SwitchController : <<<<<<< 's_right_inlane' active >>>>>>>
2025-11-04 23:12:31,073 : INFO : EventManager : Event: ======'s_right_inlane_active'====== Args={}
2025-11-04 23:12:31,073 : INFO : EventManager : Event: ======'sw_playfield_active'====== Args={}
2025-11-04 23:12:31,073 : INFO : EventManager : Event: ======'machine_var_audits_switches_s_right_inlane'====== Args={'value': 33, 'prev_value': 32, 'change': 1}
2025-11-04 23:12:31,074 : INFO : EventManager : Event: ======'machine_var_audits_shots_switch_shot'====== Args={'value': 119, 'prev_value': 118, 'change': 1}
2025-11-04 23:12:31,080 : INFO : EventManager : Event: ======'switch_shot_hit'====== Args={'profile': 'default', 'state': 'lit', 'advancing': False}
2025-11-04 23:12:31,080 : INFO : EventManager : Event: ======'switch_shot_default_hit'====== Args={'profile': 'default', 'state': 'lit', 'advancing': False}
2025-11-04 23:12:31,080 : INFO : EventManager : Event: ======'switch_shot_default_lit_hit'====== Args={'profile': 'default', 'state': 'lit', 'advancing': False}
2025-11-04 23:12:31,081 : INFO : EventManager : Event: ======'switch_shot_lit_hit'====== Args={'profile': 'default', 'state': 'lit', 'advancing': False}
2025-11-04 23:12:31,081 : INFO : EventManager : Event: ======'player_shot_i_shot'====== Args={'value': 1, 'prev_value': 0, 'change': 1, 'player_num': 1}
2025-11-04 23:12:31,082 : INFO : EventManager : Event: ======'machine_var_audits_shots_i_shot'====== Args={'value': 30, 'prev_value': 29, 'change': 1}
2025-11-04 23:12:31,082 : INFO : EventManager : Event: ======'i_shot_hit'====== Args={'profile': 'csi_shot_profile', 'state': 'unlit', 'advancing': True}
2025-11-04 23:12:31,082 : INFO : EventManager : Event: ======'i_shot_csi_shot_profile_hit'====== Args={'profile': 'csi_shot_profile', 'state': 'unlit', 'advancing': True}
2025-11-04 23:12:31,082 : INFO : EventManager : Event: ======'i_shot_csi_shot_profile_unlit_hit'====== Args={'profile': 'csi_shot_profile', 'state': 'unlit', 'advancing': True}
2025-11-04 23:12:31,082 : INFO : EventManager : Event: ======'i_shot_unlit_hit'====== Args={'profile': 'csi_shot_profile', 'state': 'unlit', 'advancing': True}
2025-11-04 23:12:31,083 : INFO : EventManager : Event: ======'csi_shots_complete'====== Args={'state': 'lit'}
2025-11-04 23:12:31,083 : INFO : EventManager : Event: ======'csi_shots_lit_complete'====== Args={}
2025-11-04 23:12:31,083 : INFO : EventManager : Event: ======'player_score'====== Args={'value': 52000, 'prev_value': 2000, 'change': 50000, 'player_num': 1, 'source': 'base'}
2025-11-04 23:12:31,083 : INFO : EventManager : Event: ======'csi_shots_hit'====== Args={'shot': 'i_shot'}
2025-11-04 23:12:31,083 : INFO : EventManager : Event: ======'csi_shots_unlit_hit'====== Args={'shot': 'i_shot'}
2025-11-04 23:12:31,084 : INFO : EventManager : Event: ======'player_score'====== Args={'value': 53000, 'prev_value': 52000, 'change': 1000, 'player_num': 1, 'source': 'base'}
2025-11-04 23:12:31,084 : INFO : EventManager : Event: ======'player_multiplier'====== Args={'value': 4, 'prev_value': 3, 'change': 1, 'player_num': 1, 'source': 'base'}
2025-11-04 23:12:31,189 : INFO : SwitchController : <<<<<<< 's_right_inlane' inactive >>>>>>>
2025-11-04 23:12:32,084 : INFO : EventManager : Event: ======'player_shot_c_shot'====== Args={'value': 0, 'prev_value': 1, 'change': -1, 'player_num': 1}
2025-11-04 23:12:32,092 : INFO : EventManager : Event: ======'player_shot_s_shot'====== Args={'value': 0, 'prev_value': 1, 'change': -1, 'player_num': 1}
2025-11-04 23:12:32,093 : INFO : EventManager : Event: ======'player_shot_i_shot'====== Args={'value': 0, 'prev_value': 1, 'change': -1, 'player_num': 1}
2025-11-04 23:12:32,093 : INFO : EventManager : Event: ======'csi_shots_complete'====== Args={'state': 'unlit'}
2025-11-04 23:12:32,093 : INFO : EventManager : Event: ======'csi_shots_unlit_complete'====== Args={}
2025-11-04 23:12:37,739 : INFO : SwitchController : <<<<<<< 's_left_inlane1' active >>>>>>>
2025-11-04 23:12:37,739 : INFO : EventManager : Event: ======'s_left_inlane1_active'====== Args={}
2025-11-04 23:12:37,740 : INFO : EventManager : Event: ======'sw_playfield_active'====== Args={}
2025-11-04 23:12:37,740 : INFO : EventManager : Event: ======'machine_var_audits_switches_s_left_inlane1'====== Args={'value': 48, 'prev_value': 47, 'change': 1}
2025-11-04 23:12:37,741 : INFO : EventManager : Event: ======'machine_var_audits_shots_switch_shot'====== Args={'value': 120, 'prev_value': 119, 'change': 1}
2025-11-04 23:12:37,741 : INFO : EventManager : Event: ======'switch_shot_hit'====== Args={'profile': 'default', 'state': 'lit', 'advancing': False}
2025-11-04 23:12:37,741 : INFO : EventManager : Event: ======'switch_shot_default_hit'====== Args={'profile': 'default', 'state': 'lit', 'advancing': False}
2025-11-04 23:12:37,747 : INFO : EventManager : Event: ======'switch_shot_default_lit_hit'====== Args={'profile': 'default', 'state': 'lit', 'advancing': False}
2025-11-04 23:12:37,747 : INFO : EventManager : Event: ======'switch_shot_lit_hit'====== Args={'profile': 'default', 'state': 'lit', 'advancing': False}
2025-11-04 23:12:37,747 : INFO : EventManager : Event: ======'player_shot_c_shot'====== Args={'value': 1, 'prev_value': 0, 'change': 1, 'player_num': 1}
2025-11-04 23:12:37,748 : INFO : EventManager : Event: ======'machine_var_audits_shots_c_shot'====== Args={'value': 45, 'prev_value': 44, 'change': 1}
2025-11-04 23:12:37,748 : INFO : EventManager : Event: ======'c_shot_hit'====== Args={'profile': 'csi_shot_profile', 'state': 'unlit', 'advancing': True}
2025-11-04 23:12:37,748 : INFO : EventManager : Event: ======'c_shot_csi_shot_profile_hit'====== Args={'profile': 'csi_shot_profile', 'state': 'unlit', 'advancing': True}
2025-11-04 23:12:37,749 : INFO : EventManager : Event: ======'c_shot_csi_shot_profile_unlit_hit'====== Args={'profile': 'csi_shot_profile', 'state': 'unlit', 'advancing': True}
2025-11-04 23:12:37,749 : INFO : EventManager : Event: ======'c_shot_unlit_hit'====== Args={'profile': 'csi_shot_profile', 'state': 'unlit', 'advancing': True}
2025-11-04 23:12:37,749 : INFO : EventManager : Event: ======'csi_shots_hit'====== Args={'shot': 'c_shot'}
2025-11-04 23:12:37,749 : INFO : EventManager : Event: ======'csi_shots_unlit_hit'====== Args={'shot': 'c_shot'}
2025-11-04 23:12:37,749 : INFO : EventManager : Event: ======'player_score'====== Args={'value': 54000, 'prev_value': 53000, 'change': 1000, 'player_num': 1, 'source': 'base'}
2025-11-04 23:12:37,750 : INFO : EventManager : Event: ======'player_multiplier'====== Args={'value': 5, 'prev_value': 4, 'change': 1, 'player_num': 1, 'source': 'base'}
2025-11-04 23:12:37,857 : INFO : SwitchController : <<<<<<< 's_left_inlane1' inactive >>>>>>>
2025-11-04 23:12:38,839 : INFO : SwitchController : <<<<<<< 's_left_inlane2' active >>>>>>>
2025-11-04 23:12:38,839 : INFO : EventManager : Event: ======'s_left_inlane2_active'====== Args={}
2025-11-04 23:12:38,840 : INFO : EventManager : Event: ======'sw_playfield_active'====== Args={}
2025-11-04 23:12:38,840 : INFO : EventManager : Event: ======'machine_var_audits_switches_s_left_inlane2'====== Args={'value': 49, 'prev_value': 48, 'change': 1}
2025-11-04 23:12:38,841 : INFO : EventManager : Event: ======'machine_var_audits_shots_switch_shot'====== Args={'value': 121, 'prev_value': 120, 'change': 1}
2025-11-04 23:12:38,841 : INFO : EventManager : Event: ======'switch_shot_hit'====== Args={'profile': 'default', 'state': 'lit', 'advancing': False}
2025-11-04 23:12:38,841 : INFO : EventManager : Event: ======'switch_shot_default_hit'====== Args={'profile': 'default', 'state': 'lit', 'advancing': False}
2025-11-04 23:12:38,841 : INFO : EventManager : Event: ======'switch_shot_default_lit_hit'====== Args={'profile': 'default', 'state': 'lit', 'advancing': False}
2025-11-04 23:12:38,841 : INFO : EventManager : Event: ======'switch_shot_lit_hit'====== Args={'profile': 'default', 'state': 'lit', 'advancing': False}
2025-11-04 23:12:38,842 : INFO : EventManager : Event: ======'player_shot_s_shot'====== Args={'value': 1, 'prev_value': 0, 'change': 1, 'player_num': 1}
2025-11-04 23:12:38,842 : INFO : EventManager : Event: ======'machine_var_audits_shots_s_shot'====== Args={'value': 46, 'prev_value': 45, 'change': 1}
2025-11-04 23:12:38,843 : INFO : EventManager : Event: ======'s_shot_hit'====== Args={'profile': 'csi_shot_profile', 'state': 'unlit', 'advancing': True}
2025-11-04 23:12:38,843 : INFO : EventManager : Event: ======'s_shot_csi_shot_profile_hit'====== Args={'profile': 'csi_shot_profile', 'state': 'unlit', 'advancing': True}
2025-11-04 23:12:38,843 : INFO : EventManager : Event: ======'s_shot_csi_shot_profile_unlit_hit'====== Args={'profile': 'csi_shot_profile', 'state': 'unlit', 'advancing': True}
2025-11-04 23:12:38,843 : INFO : EventManager : Event: ======'s_shot_unlit_hit'====== Args={'profile': 'csi_shot_profile', 'state': 'unlit', 'advancing': True}
2025-11-04 23:12:38,843 : INFO : EventManager : Event: ======'csi_shots_hit'====== Args={'shot': 's_shot'}
2025-11-04 23:12:38,843 : INFO : EventManager : Event: ======'csi_shots_unlit_hit'====== Args={'shot': 's_shot'}
2025-11-04 23:12:38,844 : INFO : EventManager : Event: ======'player_score'====== Args={'value': 55000, 'prev_value': 54000, 'change': 1000, 'player_num': 1, 'source': 'base'}
2025-11-04 23:12:38,844 : INFO : EventManager : Event: ======'player_multiplier'====== Args={'value': 6, 'prev_value': 5, 'change': 1, 'player_num': 1, 'source': 'base'}
2025-11-04 23:12:38,922 : INFO : SwitchController : <<<<<<< 's_left_inlane2' inactive >>>>>>>
2025-11-04 23:12:40,205 : INFO : SwitchController : <<<<<<< 's_right_inlane' active >>>>>>>
2025-11-04 23:12:40,206 : INFO : EventManager : Event: ======'s_right_inlane_active'====== Args={}
2025-11-04 23:12:40,206 : INFO : EventManager : Event: ======'sw_playfield_active'====== Args={}
2025-11-04 23:12:40,206 : INFO : EventManager : Event: ======'machine_var_audits_switches_s_right_inlane'====== Args={'value': 34, 'prev_value': 33, 'change': 1}
2025-11-04 23:12:40,207 : INFO : EventManager : Event: ======'machine_var_audits_shots_switch_shot'====== Args={'value': 122, 'prev_value': 121, 'change': 1}
2025-11-04 23:12:40,207 : INFO : EventManager : Event: ======'switch_shot_hit'====== Args={'profile': 'default', 'state': 'lit', 'advancing': False}
2025-11-04 23:12:40,207 : INFO : EventManager : Event: ======'switch_shot_default_hit'====== Args={'profile': 'default', 'state': 'lit', 'advancing': False}
2025-11-04 23:12:40,207 : INFO : EventManager : Event: ======'switch_shot_default_lit_hit'====== Args={'profile': 'default', 'state': 'lit', 'advancing': False}
2025-11-04 23:12:40,208 : INFO : EventManager : Event: ======'switch_shot_lit_hit'====== Args={'profile': 'default', 'state': 'lit', 'advancing': False}
2025-11-04 23:12:40,208 : INFO : EventManager : Event: ======'player_shot_i_shot'====== Args={'value': 1, 'prev_value': 0, 'change': 1, 'player_num': 1}
2025-11-04 23:12:40,209 : INFO : EventManager : Event: ======'machine_var_audits_shots_i_shot'====== Args={'value': 31, 'prev_value': 30, 'change': 1}
2025-11-04 23:12:40,209 : INFO : EventManager : Event: ======'i_shot_hit'====== Args={'profile': 'csi_shot_profile', 'state': 'unlit', 'advancing': True}
2025-11-04 23:12:40,209 : INFO : EventManager : Event: ======'i_shot_csi_shot_profile_hit'====== Args={'profile': 'csi_shot_profile', 'state': 'unlit', 'advancing': True}
2025-11-04 23:12:40,209 : INFO : EventManager : Event: ======'i_shot_csi_shot_profile_unlit_hit'====== Args={'profile': 'csi_shot_profile', 'state': 'unlit', 'advancing': True}
2025-11-04 23:12:40,209 : INFO : EventManager : Event: ======'i_shot_unlit_hit'====== Args={'profile': 'csi_shot_profile', 'state': 'unlit', 'advancing': True}
2025-11-04 23:12:40,210 : INFO : EventManager : Event: ======'csi_shots_complete'====== Args={'state': 'lit'}
2025-11-04 23:12:40,210 : INFO : EventManager : Event: ======'csi_shots_lit_complete'====== Args={}
2025-11-04 23:12:40,210 : INFO : EventManager : Event: ======'player_score'====== Args={'value': 105000, 'prev_value': 55000, 'change': 50000, 'player_num': 1, 'source': 'base'}
2025-11-04 23:12:40,210 : INFO : EventManager : Event: ======'csi_shots_hit'====== Args={'shot': 'i_shot'}
2025-11-04 23:12:40,211 : INFO : EventManager : Event: ======'csi_shots_unlit_hit'====== Args={'shot': 'i_shot'}
2025-11-04 23:12:40,211 : INFO : EventManager : Event: ======'player_score'====== Args={'value': 106000, 'prev_value': 105000, 'change': 1000, 'player_num': 1, 'source': 'base'}
2025-11-04 23:12:40,211 : INFO : EventManager : Event: ======'player_multiplier'====== Args={'value': 7, 'prev_value': 6, 'change': 1, 'player_num': 1, 'source': 'base'}
2025-11-04 23:12:40,304 : INFO : SwitchController : <<<<<<< 's_right_inlane' inactive >>>>>>>
2025-11-04 23:12:41,211 : INFO : EventManager : Event: ======'player_shot_c_shot'====== Args={'value': 0, 'prev_value': 1, 'change': -1, 'player_num': 1}
2025-11-04 23:12:41,212 : INFO : EventManager : Event: ======'player_shot_s_shot'====== Args={'value': 0, 'prev_value': 1, 'change': -1, 'player_num': 1}
2025-11-04 23:12:41,213 : INFO : EventManager : Event: ======'player_shot_i_shot'====== Args={'value': 0, 'prev_value': 1, 'change': -1, 'player_num': 1}
2025-11-04 23:12:41,214 : INFO : EventManager : Event: ======'csi_shots_complete'====== Args={'state': 'unlit'}
2025-11-04 23:12:41,214 : INFO : EventManager : Event: ======'csi_shots_unlit_complete'====== Args={}
2025-11-04 23:12:44,673 : INFO : Machine : Shutting down...
2025-11-04 23:12:44,673 : INFO : EventManager : Event: ======'shutdown'====== Args={}
2025-11-04 23:12:44,674 : INFO : EventManager : Event: ======'mode_game_will_stop'====== Args={}
2025-11-04 23:12:44,674 : INFO : EventManager : Event: ======'mode_game_stopping'====== Args={}
2025-11-04 23:12:44,674 : INFO : EventManager : Event: ======'mode_bumpers_will_stop'====== Args={}
2025-11-04 23:12:44,674 : INFO : EventManager : Event: ======'mode_bumpers_stopping'====== Args={}
2025-11-04 23:12:44,675 : INFO : EventManager : Event: ======'mode_base_will_stop'====== Args={}
2025-11-04 23:12:44,675 : INFO : EventManager : Event: ======'mode_base_stopping'====== Args={}
2025-11-04 23:12:44,675 : INFO : EventManager : Event: ======'stop_mode_bumpers'====== Args={'priority': 0}
2025-11-04 23:12:44,675 : INFO : Mode.base : Stopped.
2025-11-04 23:12:44,675 : INFO : EventManager : Event: ======'modes_active_modes_changed'====== Args={}
2025-11-04 23:12:44,675 : INFO : EventManager : Event: ======'mode_base_stopped'====== Args={}
2025-11-04 23:12:44,675 : INFO : EventManager : Event: ======'clear'====== Args={'key': 'base'}
2025-11-04 23:12:44,675 : INFO : Timer.player_added_timer : Stopping Timer
2025-11-04 23:12:44,675 : INFO : EventManager : Event: ======'timer_player_added_timer_stopped'====== Args={'ticks': 1, 'ticks_remaining': 1}
2025-11-04 23:12:44,675 : INFO : Mode.bumpers : Stopped.
2025-11-04 23:12:44,675 : INFO : EventManager : Event: ======'modes_active_modes_changed'====== Args={}
2025-11-04 23:12:44,675 : INFO : EventManager : Event: ======'mode_bumpers_stopped'====== Args={}
2025-11-04 23:12:44,675 : INFO : EventManager : Event: ======'clear'====== Args={'key': 'bumpers'}
2025-11-04 23:12:44,676 : INFO : Mode.game : Stopped.
2025-11-04 23:12:44,676 : INFO : EventManager : Event: ======'modes_active_modes_changed'====== Args={}
2025-11-04 23:12:44,676 : INFO : EventManager : Event: ======'mode_game_stopped'====== Args={}
2025-11-04 23:12:44,676 : INFO : EventManager : Event: ======'clear'====== Args={'key': 'game'}
2025-11-04 23:12:44,677 : INFO : root : MPF run loop ended.
