2025-10-30 22:23:13,353 : INFO : root : Loading config.
2025-10-30 22:23:13,354 : INFO : YamlMultifileConfigLoader : Machine config file #1: config.yaml
2025-10-30 22:23:13,355 : INFO : ConfigProcessor : Loading config from cache: /var/folders/m3/0d4y64_n3fn8tnkv3ydlhztw0000gn/T/5ca32a6c950d03116abbed96ca44d372.mpf_cache
2025-10-30 22:23:13,376 : INFO : ConfigProcessor : Loading config from cache: /var/folders/m3/0d4y64_n3fn8tnkv3ydlhztw0000gn/T/01c495fa7450a81b4be96cb699872531.mpf_cache
2025-10-30 22:23:13,376 : INFO : ConfigProcessor : Loading config from cache: /var/folders/m3/0d4y64_n3fn8tnkv3ydlhztw0000gn/T/bfde29b5bb803376b0637bb8f0da27a7.mpf_cache
2025-10-30 22:23:13,377 : INFO : ConfigProcessor : Loading config from cache: /var/folders/m3/0d4y64_n3fn8tnkv3ydlhztw0000gn/T/01c495fa7450a81b4be96cb699872531.mpf_cache
2025-10-30 22:23:13,377 : INFO : ConfigProcessor : Loading config from cache: /var/folders/m3/0d4y64_n3fn8tnkv3ydlhztw0000gn/T/3ae89e09515ff8d8b11d68f672b2cc51.mpf_cache
2025-10-30 22:23:13,377 : INFO : ConfigProcessor : Loading config from cache: /var/folders/m3/0d4y64_n3fn8tnkv3ydlhztw0000gn/T/4c420229fa75118c2461cfc9ff5a44e2.mpf_cache
2025-10-30 22:23:13,377 : INFO : Machine : Mission Pinball Framework Core Engine v0.80.0.dev10
2025-10-30 22:23:13,377 : INFO : Machine : Command line arguments: {'no_load_cache': False, 'create_config_cache': True, 'bcp': True, 'configfile': ['config.yaml'], 'force_assets_load': False, 'platform_integration_test': False, 'jsonlogging': False, 'logfile': 'logs/2025-10-30-22-23-13-mpf-mac.home.log', 'pause': False, 'production': False, 'text_ui': False, 'loglevel': 15, 'consoleloglevel': 20, 'force_platform': 'smart_virtual', 'syslog_address': None, 'full_logfile_path': '/Users/didiergilbin/Desktop/Homebrew_CSI/logs/2025-10-30-22-23-13-mpf-mac.home.log'}
2025-10-30 22:23:13,377 : INFO : Machine : MPF path: /Users/didiergilbin/mpfenv/lib/python3.13/site-packages/mpf
2025-10-30 22:23:13,377 : INFO : Machine : Machine path: /Users/didiergilbin/Desktop/Homebrew_CSI
2025-10-30 22:23:13,377 : INFO : Machine : Platform: darwin
2025-10-30 22:23:13,377 : INFO : Machine : Python executable location: /Users/didiergilbin/mpfenv/bin/python3.13
2025-10-30 22:23:13,377 : INFO : Machine : Python version: 3.13.7 (64-bit)
2025-10-30 22:23:13,377 : INFO : Machine : Initializing MPF...
2025-10-30 22:23:13,397 : INFO : EventManager : Event: ======'machine_var_credits_string'====== Args={'value': 'FREE PLAY', 'prev_value': None, 'change': True}
2025-10-30 22:23:13,401 : INFO : EventManager : Event: ======'machine_var_master_volume'====== Args={'value': 0.5, 'prev_value': None, 'change': True}
2025-10-30 22:23:13,401 : INFO : EventManager : Event: ======'machine_var_player1_score'====== Args={'value': 90000, 'prev_value': None, 'change': True}
2025-10-30 22:23:13,401 : INFO : EventManager : Event: ======'machine_var_mpf_version'====== Args={'value': 'Mission Pinball Framework v0.80.0.dev10', 'prev_value': None, 'change': True}
2025-10-30 22:23:13,401 : INFO : EventManager : Event: ======'machine_var_mpf_extended_version'====== Args={'value': 'Mission Pinball Framework v0.80.0.dev10, Config version:6, Show version: 6, BCP version:1.1', 'prev_value': None, 'change': True}
2025-10-30 22:23:13,401 : INFO : EventManager : Event: ======'machine_var_python_version'====== Args={'value': '3.13.7', 'prev_value': None, 'change': True}
2025-10-30 22:23:13,407 : INFO : EventManager : Event: ======'machine_var_platform'====== Args={'value': 'macOS-15.6.1-arm64-arm-64bit-Mach-O', 'prev_value': None, 'change': True}
2025-10-30 22:23:13,407 : INFO : EventManager : Event: ======'machine_var_platform_system'====== Args={'value': 'Darwin', 'prev_value': None, 'change': True}
2025-10-30 22:23:13,407 : INFO : EventManager : Event: ======'machine_var_platform_release'====== Args={'value': '24.6.0', 'prev_value': None, 'change': True}
2025-10-30 22:23:13,407 : INFO : EventManager : Event: ======'machine_var_platform_version'====== Args={'value': 'Darwin Kernel Version 24.6.0: Mon Jul 14 11:30:40 PDT 2025; root:xnu-11417.140.69~1/RELEASE_ARM64_T8132', 'prev_value': None, 'change': True}
2025-10-30 22:23:13,407 : INFO : EventManager : Event: ======'machine_var_platform_machine'====== Args={'value': 'arm64', 'prev_value': None, 'change': True}
2025-10-30 22:23:13,407 : INFO : EventManager : Event: ======'machine_var_log_file_path'====== Args={'value': '/Users/didiergilbin/Desktop/Homebrew_CSI/logs/2025-10-30-22-23-13-mpf-mac.home.log', 'prev_value': None, 'change': True}
2025-10-30 22:23:13,407 : INFO : EventManager : Event: ======'init_phase_1'====== Args={}
2025-10-30 22:23:13,412 : INFO : EventManager : Event: ======'init_phase_2'====== Args={}
2025-10-30 22:23:13,412 : INFO : SwitchController : Found active switch: ('2', <Platform.SmartVirtual>) <switch.s_trough1>
2025-10-30 22:23:13,413 : INFO : SwitchController : Found active switch: ('3', <Platform.SmartVirtual>) <switch.s_trough2>
2025-10-30 22:23:13,413 : INFO : SwitchController : Found active switch: ('4', <Platform.SmartVirtual>) <switch.s_trough3>
2025-10-30 22:23:13,413 : INFO : SwitchController : Found active switch: ('5', <Platform.SmartVirtual>) <switch.s_trough4>
2025-10-30 22:23:13,413 : INFO : EventManager : Event: ======'bcp_connection_attempt'====== Args={'name': 'local_display', 'host': 'localhost', 'port': 5050}
2025-10-30 22:23:13,414 : INFO : BCPClientSocket : Connecting BCP to 'local_display' at localhost:5050...
2025-10-30 22:23:13,416 : INFO : BCPClientSocket : Connected BCP to 'local_display' localhost:5050
2025-10-30 22:23:13,416 : INFO : EventManager : Event: ======'bcp_clients_connected'====== Args={}
2025-10-30 22:23:13,417 : INFO : ball_device.bd_drain : BCH: Initial count: 0
2025-10-30 22:23:13,417 : INFO : ball_device.bd_drain : State: idle
2025-10-30 22:23:13,417 : INFO : ball_device.bd_trough : BCH: Initial count: 4
2025-10-30 22:23:13,417 : INFO : ball_device.bd_trough : State: idle
2025-10-30 22:23:13,417 : INFO : ball_device.bd_plunger : BCH: Initial count: 0
2025-10-30 22:23:13,417 : INFO : ball_device.bd_plunger : State: idle
2025-10-30 22:23:13,420 : INFO : EventManager : Event: ======'init_phase_3'====== Args={}
2025-10-30 22:23:13,421 : INFO : EventManager : Event: ======'init_phase_4'====== Args={}
2025-10-30 22:23:13,421 : INFO : BallController : Initial balls found: 4
2025-10-30 22:23:13,421 : INFO : EventManager : Event: ======'machine_var_audits_events_game_ended'====== Args={'value': 11, 'prev_value': None, 'change': True}
2025-10-30 22:23:13,421 : INFO : EventManager : Event: ======'machine_var_audits_events_game_started'====== Args={'value': 176, 'prev_value': None, 'change': True}
2025-10-30 22:23:13,421 : INFO : EventManager : Event: ======'machine_var_audits_missing_switches_s_launch_button'====== Args={'value': 176, 'prev_value': None, 'change': True}
2025-10-30 22:23:13,421 : INFO : EventManager : Event: ======'machine_var_audits_missing_switches_s_left_flipper'====== Args={'value': 10, 'prev_value': None, 'change': True}
2025-10-30 22:23:13,421 : INFO : EventManager : Event: ======'machine_var_audits_missing_switches_s_right_flipper'====== Args={'value': 10, 'prev_value': None, 'change': True}
2025-10-30 22:23:13,421 : INFO : EventManager : Event: ======'machine_var_audits_missing_switches_s_scoop'====== Args={'value': 88, 'prev_value': None, 'change': True}
2025-10-30 22:23:13,421 : INFO : EventManager : Event: ======'machine_var_audits_missing_switches_s_sling_left'====== Args={'value': 176, 'prev_value': None, 'change': True}
2025-10-30 22:23:13,421 : INFO : EventManager : Event: ======'machine_var_audits_missing_switches_s_sling_right'====== Args={'value': 176, 'prev_value': None, 'change': True}
2025-10-30 22:23:13,421 : INFO : EventManager : Event: ======'machine_var_audits_missing_switches_s_start'====== Args={'value': 1, 'prev_value': None, 'change': True}
2025-10-30 22:23:13,421 : INFO : EventManager : Event: ======'machine_var_audits_missing_switches_s_trough3'====== Args={'value': 176, 'prev_value': None, 'change': True}
2025-10-30 22:23:13,421 : INFO : EventManager : Event: ======'machine_var_audits_missing_switches_s_trough4'====== Args={'value': 176, 'prev_value': None, 'change': True}
2025-10-30 22:23:13,421 : INFO : EventManager : Event: ======'machine_var_audits_missing_switches_s_trough_jam'====== Args={'value': 5, 'prev_value': None, 'change': True}
2025-10-30 22:23:13,421 : INFO : EventManager : Event: ======'machine_var_audits_player_score'====== Args={'value': {'average': 480286, 'top': [10210000, 1070000, 810000, 640000, 410000, 380000, 370000, 330000, 320000, 250000], 'total': 34}, 'prev_value': None, 'change': True}
2025-10-30 22:23:13,421 : INFO : EventManager : Event: ======'machine_var_audits_shots_bumper1'====== Args={'value': 2754, 'prev_value': None, 'change': True}
2025-10-30 22:23:13,421 : INFO : EventManager : Event: ======'machine_var_audits_shots_bumper2'====== Args={'value': 2739, 'prev_value': None, 'change': True}
2025-10-30 22:23:13,421 : INFO : EventManager : Event: ======'machine_var_audits_shots_bumper3'====== Args={'value': 2456, 'prev_value': None, 'change': True}
2025-10-30 22:23:13,421 : INFO : EventManager : Event: ======'machine_var_audits_switches_s_drain'====== Args={'value': 161, 'prev_value': None, 'change': True}
2025-10-30 22:23:13,421 : INFO : EventManager : Event: ======'machine_var_audits_switches_s_launch_button'====== Args={'value': 0, 'prev_value': None, 'change': True}
2025-10-30 22:23:13,421 : INFO : EventManager : Event: ======'machine_var_audits_switches_s_left_flipper'====== Args={'value': 10, 'prev_value': None, 'change': True}
2025-10-30 22:23:13,421 : INFO : EventManager : Event: ======'machine_var_audits_switches_s_plunger_lane'====== Args={'value': 279, 'prev_value': None, 'change': True}
2025-10-30 22:23:13,421 : INFO : EventManager : Event: ======'machine_var_audits_switches_s_popbumper1'====== Args={'value': 2754, 'prev_value': None, 'change': True}
2025-10-30 22:23:13,421 : INFO : EventManager : Event: ======'machine_var_audits_switches_s_popbumper2'====== Args={'value': 2739, 'prev_value': None, 'change': True}
2025-10-30 22:23:13,421 : INFO : EventManager : Event: ======'machine_var_audits_switches_s_popbumper3'====== Args={'value': 2456, 'prev_value': None, 'change': True}
2025-10-30 22:23:13,422 : INFO : EventManager : Event: ======'machine_var_audits_switches_s_right_flipper'====== Args={'value': 24, 'prev_value': None, 'change': True}
2025-10-30 22:23:13,422 : INFO : EventManager : Event: ======'machine_var_audits_switches_s_scoop'====== Args={'value': 47, 'prev_value': None, 'change': True}
2025-10-30 22:23:13,422 : INFO : EventManager : Event: ======'machine_var_audits_switches_s_sling_left'====== Args={'value': 0, 'prev_value': None, 'change': True}
2025-10-30 22:23:13,422 : INFO : EventManager : Event: ======'machine_var_audits_switches_s_sling_right'====== Args={'value': 0, 'prev_value': None, 'change': True}
2025-10-30 22:23:13,422 : INFO : EventManager : Event: ======'machine_var_audits_switches_s_start'====== Args={'value': 453, 'prev_value': None, 'change': True}
2025-10-30 22:23:13,422 : INFO : EventManager : Event: ======'machine_var_audits_switches_s_trough1'====== Args={'value': 99, 'prev_value': None, 'change': True}
2025-10-30 22:23:13,422 : INFO : EventManager : Event: ======'machine_var_audits_switches_s_trough2'====== Args={'value': 6, 'prev_value': None, 'change': True}
2025-10-30 22:23:13,422 : INFO : EventManager : Event: ======'machine_var_audits_switches_s_trough3'====== Args={'value': 0, 'prev_value': None, 'change': True}
2025-10-30 22:23:13,422 : INFO : EventManager : Event: ======'machine_var_audits_switches_s_trough4'====== Args={'value': 0, 'prev_value': None, 'change': True}
2025-10-30 22:23:13,422 : INFO : EventManager : Event: ======'machine_var_audits_switches_s_trough_jam'====== Args={'value': 2, 'prev_value': None, 'change': True}
2025-10-30 22:23:13,422 : INFO : EventManager : Event: ======'init_phase_5'====== Args={}
2025-10-30 22:23:13,422 : INFO : EventManager : Event: ======'init_done'====== Args={}
2025-10-30 22:23:13,422 : INFO : EventManager : Event: ======'machine_reset_phase_1'====== Args={}
2025-10-30 22:23:13,425 : INFO : EventManager : Event: ======'machine_reset_phase_2'====== Args={}
2025-10-30 22:23:13,425 : INFO : EventManager : Event: ======'machine_reset_phase_3'====== Args={}
2025-10-30 22:23:13,426 : INFO : EventManager : Event: ======'reset_complete'====== Args={}
2025-10-30 22:23:13,426 : INFO : EventManager : Event: ======'mode_attract_will_start'====== Args={}
2025-10-30 22:23:13,426 : INFO : Timer.attract_carousel_timer : Starting Timer.
2025-10-30 22:23:13,426 : INFO : EventManager : Event: ======'timer_attract_carousel_timer_started'====== Args={'ticks': 0, 'ticks_remaining': 1}
2025-10-30 22:23:13,426 : INFO : EventManager : Event: ======'timer_attract_carousel_timer_tick'====== Args={'ticks': 0, 'ticks_remaining': 1}
2025-10-30 22:23:13,426 : INFO : EventManager : Event: ======'mode_attract_starting'====== Args={}
2025-10-30 22:23:13,426 : INFO : Mode.attract : Started. Priority: 10
2025-10-30 22:23:13,426 : INFO : EventManager : Event: ======'modes_active_modes_changed'====== Args={}
2025-10-30 22:23:13,426 : INFO : EventManager : Event: ======'mode_attract_started'====== Args={}
2025-10-30 22:23:13,426 : INFO : EventManager : Event: ======'collecting_balls_complete'====== Args={}
2025-10-30 22:23:13,427 : INFO : EventManager : Event: ======'carousel_item_highlighted'====== Args={'carousel': 'attract', 'direction': None, 'item': 'title'}
2025-10-30 22:23:13,427 : INFO : Machine : Starting the main run loop with active modes: [<Mode.attract>]
2025-10-30 22:23:13,814 : INFO : EventManager : Event: ======'slide_attract_created'====== Args={'_from_bcp': True}
2025-10-30 22:23:13,814 : INFO : EventManager : Event: ======'slide__removed'====== Args={'_from_bcp': True}
2025-10-30 22:23:13,814 : INFO : EventManager : Event: ======'slide_attract_active'====== Args={'original_context': 'attract', 'original_calling_context': 'mode_attract_started', 'priority': 10.0, 'cmd': 'slides_play', '_from_bcp': True}
2025-10-30 22:23:15,175 : INFO : SwitchController : <<<<<<< 's_start' active >>>>>>>
2025-10-30 22:23:15,308 : INFO : SwitchController : <<<<<<< 's_start' inactive >>>>>>>
2025-10-30 22:23:15,309 : INFO : EventManager : Event: ======'request_to_start_game'====== Args={}
2025-10-30 22:23:15,310 : INFO : EventManager : Event: ======'game_start'====== Args={'buttons': [], 'hold_time': 0.13275900000007823}
2025-10-30 22:23:15,310 : INFO : EventManager : Event: ======'mode_game_will_start'====== Args={'buttons': [], 'hold_time': 0.13275900000007823}
2025-10-30 22:23:15,311 : INFO : EventManager : Event: ======'mode_game_starting'====== Args={'buttons': [], 'hold_time': 0.13275900000007823}
2025-10-30 22:23:15,311 : INFO : EventManager : Event: ======'mode_attract_will_stop'====== Args={}
2025-10-30 22:23:15,311 : INFO : EventManager : Event: ======'mode_attract_stopping'====== Args={}
2025-10-30 22:23:15,311 : INFO : Mode.attract : Stopped.
2025-10-30 22:23:15,312 : INFO : EventManager : Event: ======'modes_active_modes_changed'====== Args={}
2025-10-30 22:23:15,312 : INFO : EventManager : Event: ======'mode_attract_stopped'====== Args={}
2025-10-30 22:23:15,312 : INFO : EventManager : Event: ======'clear'====== Args={'key': 'attract'}
2025-10-30 22:23:15,313 : INFO : Timer.attract_carousel_timer : Stopping Timer
2025-10-30 22:23:15,313 : INFO : EventManager : Event: ======'timer_attract_carousel_timer_stopped'====== Args={'ticks': 0, 'ticks_remaining': 1}
2025-10-30 22:23:15,313 : INFO : Mode.game : Started. Priority: 20
2025-10-30 22:23:15,313 : INFO : EventManager : Event: ======'modes_active_modes_changed'====== Args={}
2025-10-30 22:23:15,313 : INFO : EventManager : Event: ======'mode_game_started'====== Args={'buttons': [], 'hold_time': 0.13275900000007823}
2025-10-30 22:23:15,314 : INFO : EventManager : Event: ======'game_will_start'====== Args={}
2025-10-30 22:23:15,315 : INFO : EventManager : Event: ======'game_starting'====== Args={'game': <Mode.game>}
2025-10-30 22:23:15,316 : INFO : EventManager : Unordered handler for class <Auditor> on event game_ended with priority 1. Handlers: [RegisteredHandler(callback=<bound method Auditor.disable of <Auditor>>, priority=1, kwargs={}, key=UUID('c649afc4-8ead-4b5a-a574-7328ed5e1ea1'), condition=None, blocking_facility=None), RegisteredHandler(callback=<bound method Auditor._save_audits of <Auditor>>, priority=1, kwargs={}, key=UUID('f5834a8a-1ab1-45a3-baa3-5496fafcd8c1'), condition=None, blocking_facility=None)]. The order of those handlers is not defined and they will be executed in random order. This might lead to race conditions and potential bugs.
2025-10-30 22:23:15,316 : INFO : EventManager : Event: ======'player_add_request'====== Args={}
2025-10-30 22:23:15,316 : INFO : EventManager : Event: ======'player_will_add'====== Args={'number': 1}
2025-10-30 22:23:15,316 : INFO : EventManager : Event: ======'player_adding'====== Args={'player': <Player 1>, 'number': 1}
2025-10-30 22:23:15,316 : INFO : EventManager : Event: ======'player_added'====== Args={'player': <Player 1>, 'num': 1}
2025-10-30 22:23:15,317 : INFO : Mode.game : Player added successfully. Total players: 1
2025-10-30 22:23:15,317 : INFO : EventManager : Event: ======'player_index'====== Args={'value': 0, 'prev_value': 0, 'change': 0, 'player_num': 1}
2025-10-30 22:23:15,317 : INFO : EventManager : Event: ======'player_number'====== Args={'value': 1, 'prev_value': 1, 'change': 0, 'player_num': 1}
2025-10-30 22:23:15,318 : INFO : EventManager : Event: ======'player_score'====== Args={'value': 0, 'prev_value': 0, 'change': 0, 'player_num': 1}
2025-10-30 22:23:15,318 : INFO : EventManager : Event: ======'game_started'====== Args={}
2025-10-30 22:23:15,318 : INFO : EventManager : Event: ======'player_turn_will_start'====== Args={'player': <Player 1>, 'number': 1}
2025-10-30 22:23:15,319 : INFO : EventManager : Event: ======'player_turn_starting'====== Args={'player': <Player 1>, 'number': 1}
2025-10-30 22:23:15,319 : INFO : EventManager : Event: ======'player_ball'====== Args={'value': 1, 'prev_value': 0, 'change': 1, 'player_num': 1}
2025-10-30 22:23:15,325 : INFO : EventManager : Event: ======'player_turn_started'====== Args={'player': <Player 1>, 'number': 1}
2025-10-30 22:23:15,326 : INFO : EventManager : Event: ======'ball_will_start'====== Args={'player': 1, 'ball': 1, 'balls_remaining': 2, 'is_extra_ball': False}
2025-10-30 22:23:15,326 : INFO : EventManager : Event: ======'ball_starting'====== Args={'player': 1, 'ball': 1, 'balls_remaining': 2, 'is_extra_ball': False}
2025-10-30 22:23:15,327 : INFO : EventManager : Event: ======'mode_base_will_start'====== Args={'queue': <QueuedEvent>, 'player': 1, 'ball': 1, 'balls_remaining': 2, 'is_extra_ball': False}
2025-10-30 22:23:15,327 : INFO : EventManager : Event: ======'player_base_player_added_timer_tick'====== Args={'value': 0, 'prev_value': 0, 'change': 0, 'player_num': 1}
2025-10-30 22:23:15,327 : INFO : Timer.player_added_timer : Starting Timer.
2025-10-30 22:23:15,327 : INFO : EventManager : Event: ======'timer_player_added_timer_started'====== Args={'ticks': 0, 'ticks_remaining': 1}
2025-10-30 22:23:15,327 : INFO : EventManager : Event: ======'timer_player_added_timer_tick'====== Args={'ticks': 0, 'ticks_remaining': 1}
2025-10-30 22:23:15,328 : INFO : EventManager : Event: ======'mode_base_starting'====== Args={'queue': <QueuedEvent>, 'player': 1, 'ball': 1, 'balls_remaining': 2, 'is_extra_ball': False}
2025-10-30 22:23:15,329 : INFO : Mode.base : Started. Priority: 100
2025-10-30 22:23:15,329 : INFO : EventManager : Event: ======'modes_active_modes_changed'====== Args={}
2025-10-30 22:23:15,329 : INFO : EventManager : Event: ======'mode_base_started'====== Args={'queue': <QueuedEvent>, 'player': 1, 'ball': 1, 'balls_remaining': 2, 'is_extra_ball': False}
2025-10-30 22:23:15,329 : INFO : EventManager : Event: ======'start_mode_bumpers'====== Args={'priority': 0}
2025-10-30 22:23:15,329 : INFO : EventManager : Event: ======'mode_bumpers_will_start'====== Args={'priority': 0}
2025-10-30 22:23:15,329 : INFO : EventManager : Event: ======'player_shot_bumper1_enabled'====== Args={'value': True, 'prev_value': 0, 'change': 1, 'player_num': 1}
2025-10-30 22:23:15,330 : INFO : EventManager : Event: ======'player_shot_bumper2_enabled'====== Args={'value': True, 'prev_value': 0, 'change': 1, 'player_num': 1}
2025-10-30 22:23:15,330 : INFO : EventManager : Event: ======'player_shot_bumper3_enabled'====== Args={'value': True, 'prev_value': 0, 'change': 1, 'player_num': 1}
2025-10-30 22:23:15,330 : INFO : EventManager : Event: ======'bumpers_complete'====== Args={'state': 'unlit'}
2025-10-30 22:23:15,330 : INFO : EventManager : Event: ======'bumpers_unlit_complete'====== Args={}
2025-10-30 22:23:15,331 : INFO : EventManager : Event: ======'mode_bumpers_starting'====== Args={'priority': 0}
2025-10-30 22:23:15,331 : INFO : Mode.bumpers : Started. Priority: 200
2025-10-30 22:23:15,331 : INFO : EventManager : Event: ======'modes_active_modes_changed'====== Args={}
2025-10-30 22:23:15,331 : INFO : EventManager : Event: ======'mode_bumpers_started'====== Args={'priority': 0}
2025-10-30 22:23:15,332 : INFO : EventManager : Event: ======'balls_in_play'====== Args={'balls': 1}
2025-10-30 22:23:15,332 : INFO : EventManager : Event: ======'ball_started'====== Args={'player': 1, 'ball': 1, 'balls_remaining': 2, 'is_extra_ball': False}
2025-10-30 22:23:15,332 : INFO : EventManager : Event: ======'single_player_ball_started'====== Args={}
2025-10-30 22:23:15,332 : INFO : EventManager : Event: ======'ball_start_target'====== Args={'target': 'playfield'}
2025-10-30 22:23:15,333 : INFO : ball_device.bd_trough : Setting up player-controlled eject. Balls: 1, Target: <playfield.playfield>, player_controlled_eject_event: None
2025-10-30 22:23:15,333 : INFO : ball_device.bd_trough : Adding 1 ball(s) to the eject_queue with target <playfield.playfield>.
2025-10-30 22:23:15,333 : INFO : EventManager : Event: ======'balldevice_balls_available'====== Args={}
2025-10-30 22:23:15,333 : INFO : ball_device.bd_trough : State: waiting_for_target_ready
2025-10-30 22:23:15,333 : INFO : EventManager : Event: ======'balldevice_bd_trough_ball_eject_attempt'====== Args={'balls': 1, 'target': <ball_device.bd_plunger>, 'source': <ball_device.bd_trough>, 'mechanical_eject': False, 'num_attempts': 0}
2025-10-30 22:23:15,333 : INFO : ball_device.bd_plunger : State: waiting_for_ball
2025-10-30 22:23:15,334 : INFO : ball_device.bd_trough : State: ejecting
2025-10-30 22:23:15,334 : INFO : ball_device.bd_trough : Ejecting ball to <ball_device.bd_plunger>
2025-10-30 22:23:15,334 : INFO : EventManager : Event: ======'balldevice_bd_trough_ejecting_ball'====== Args={'balls': 1, 'target': <ball_device.bd_plunger>, 'source': <ball_device.bd_trough>, 'mechanical_eject': False, 'num_attempts': 0}
2025-10-30 22:23:15,334 : INFO : ball_device.bd_trough : Wait for ball to leave device
2025-10-30 22:23:15,334 : INFO : coil.c_trough_eject : Pulsing Driver for 20ms (1.0 pulse_power)
2025-10-30 22:23:15,334 : INFO : SwitchController : <<<<<<< 's_trough1' inactive >>>>>>>
2025-10-30 22:23:15,335 : INFO : ball_device.bd_trough : State: ball_left
2025-10-30 22:23:15,335 : INFO : ball_device.bd_trough : Ball left
2025-10-30 22:23:15,335 : INFO : ball_device.bd_trough : Wait for confirm with timeout 3.0
2025-10-30 22:23:15,436 : INFO : SwitchController : <<<<<<< 's_plunger_lane' active >>>>>>>
2025-10-30 22:23:15,436 : INFO : EventManager : Event: ======'machine_var_audits_switches_s_plunger_lane'====== Args={'value': 280, 'prev_value': 279, 'change': 1}
2025-10-30 22:23:15,564 : INFO : EventManager : Event: ======'slide_base_slide_created'====== Args={'_from_bcp': True}
2025-10-30 22:23:15,565 : INFO : EventManager : Event: ======'slide_attract_inactive'====== Args={'is_removing': True, '_from_bcp': True}
2025-10-30 22:23:15,565 : INFO : EventManager : Event: ======'slide_base_slide_active'====== Args={'original_context': 'base', 'original_calling_context': 'mode_base_started', 'priority': 100.0, 'queue': '<QueuedEvent>', 'player': 1.0, 'ball': 1.0, 'balls_remaining': 2.0, 'is_extra_ball': False, 'cmd': 'slides_play', '_from_bcp': True}
2025-10-30 22:23:15,566 : INFO : EventManager : Event: ======'slide_attract_removed'====== Args={'_from_bcp': True}
2025-10-30 22:23:15,938 : INFO : ball_device.bd_plunger : Received ball from <ball_device.bd_trough>
2025-10-30 22:23:15,938 : INFO : EventManager : Event: ======'balldevice_bd_plunger_ball_enter'====== Args={'new_balls': 1, 'unclaimed_balls': 0, 'new_available_balls': 0, 'device': <ball_device.bd_plunger>}
2025-10-30 22:23:15,939 : INFO : EventManager : Event: ======'balldevice_bd_plunger_ball_entered'====== Args={'new_balls': 0, 'device': <ball_device.bd_plunger>}
2025-10-30 22:23:15,940 : INFO : EventManager : Event: ======'balldevice_bd_plunger_ball_count_changed'====== Args={'balls': 1}
2025-10-30 22:23:15,942 : INFO : ball_device.bd_trough : Got eject confirm
2025-10-30 22:23:15,942 : INFO : ball_device.bd_trough : Eject successful
2025-10-30 22:23:15,942 : INFO : EventManager : Event: ======'balldevice_bd_trough_ball_eject_success'====== Args={'balls': 1, 'target': <ball_device.bd_plunger>}
2025-10-30 22:23:15,942 : INFO : ball_device.bd_plunger : State: waiting_for_target_ready
2025-10-30 22:23:15,942 : INFO : EventManager : Event: ======'balldevice_bd_plunger_ball_eject_attempt'====== Args={'balls': 1, 'target': <playfield.playfield>, 'source': <ball_device.bd_plunger>, 'mechanical_eject': False, 'num_attempts': 0}
2025-10-30 22:23:15,943 : INFO : EventManager : Event: ======'balldevice_bd_trough_ball_count_changed'====== Args={'balls': 3}
2025-10-30 22:23:15,943 : INFO : ball_device.bd_trough : State: idle
2025-10-30 22:23:15,943 : INFO : ball_device.bd_plunger : State: ejecting
2025-10-30 22:23:15,943 : INFO : ball_device.bd_plunger : Ejecting ball to <playfield.playfield>
2025-10-30 22:23:15,943 : INFO : EventManager : Event: ======'balldevice_bd_plunger_ejecting_ball'====== Args={'balls': 1, 'target': <playfield.playfield>, 'source': <ball_device.bd_plunger>, 'mechanical_eject': False, 'num_attempts': 0}
2025-10-30 22:23:15,944 : INFO : ball_device.bd_plunger : Wait for ball to leave device
2025-10-30 22:23:15,944 : INFO : coil.c_plunger : Pulsing Driver for 20ms (1.0 pulse_power)
2025-10-30 22:23:15,944 : INFO : SwitchController : <<<<<<< 's_plunger_lane' inactive >>>>>>>
2025-10-30 22:23:15,945 : INFO : ball_device.bd_plunger : State: ball_left
2025-10-30 22:23:15,945 : INFO : ball_device.bd_plunger : Ball left
2025-10-30 22:23:15,945 : INFO : ball_device.bd_plunger : Wait for confirm with timeout 3.0
2025-10-30 22:23:16,029 : INFO : EventManager : Event: ======'player_base_player_added_timer_tick'====== Args={'value': 1, 'prev_value': 0, 'change': 1, 'player_num': 1}
2025-10-30 22:23:16,029 : INFO : Timer.player_added_timer : Timer Complete
2025-10-30 22:23:16,029 : INFO : Timer.player_added_timer : Stopping Timer
2025-10-30 22:23:16,030 : INFO : EventManager : Event: ======'timer_player_added_timer_stopped'====== Args={'ticks': 1, 'ticks_remaining': 1}
2025-10-30 22:23:16,030 : INFO : EventManager : Event: ======'timer_player_added_timer_complete'====== Args={'ticks': 1, 'ticks_remaining': 1}
2025-10-30 22:23:18,946 : INFO : ball_device.bd_plunger : State: failed_confirm
2025-10-30 22:23:18,947 : INFO : ball_device.bd_plunger : Got timeout (3.0s) before confirm from <playfield.playfield>
2025-10-30 22:23:19,048 : INFO : ball_device.bd_plunger : Confirming eject because target is playfield and ball did not return.
2025-10-30 22:23:19,048 : INFO : ball_device.bd_plunger : Eject successful
2025-10-30 22:23:19,048 : INFO : EventManager : Event: ======'balldevice_bd_plunger_ball_eject_success'====== Args={'balls': 1, 'target': <playfield.playfield>}
2025-10-30 22:23:19,049 : INFO : EventManager : Event: ======'balldevice_playfield_ball_enter'====== Args={'new_balls': 1, 'unclaimed_balls': 1, 'device': <playfield.playfield>}
2025-10-30 22:23:19,049 : INFO : EventManager : Event: ======'playfield_ball_count_change'====== Args={'balls': 1, 'change': 1}
2025-10-30 22:23:19,050 : INFO : EventManager : Event: ======'balldevice_bd_plunger_ball_count_changed'====== Args={'balls': 0}
2025-10-30 22:23:19,050 : INFO : ball_device.bd_plunger : State: idle
2025-10-30 22:23:30,375 : INFO : SwitchController : <<<<<<< 's_popbumper2' active >>>>>>>
2025-10-30 22:23:30,375 : INFO : EventManager : Event: ======'s_popbumper2_active'====== Args={}
2025-10-30 22:23:30,375 : INFO : EventManager : Event: ======'machine_var_audits_switches_s_popbumper2'====== Args={'value': 2740, 'prev_value': 2739, 'change': 1}
2025-10-30 22:23:30,376 : INFO : EventManager : Event: ======'player_shot_bumper2'====== Args={'value': 1, 'prev_value': 0, 'change': 1, 'player_num': 1}
2025-10-30 22:23:30,377 : INFO : EventManager : Event: ======'machine_var_audits_shots_bumper2'====== Args={'value': 2740, 'prev_value': 2739, 'change': 1}
2025-10-30 22:23:30,383 : INFO : EventManager : Event: ======'bumper2_hit'====== Args={'profile': 'default', 'state': 'unlit', 'advancing': True}
2025-10-30 22:23:30,383 : INFO : EventManager : Event: ======'bumper2_default_hit'====== Args={'profile': 'default', 'state': 'unlit', 'advancing': True}
2025-10-30 22:23:30,383 : INFO : EventManager : Event: ======'bumper2_default_unlit_hit'====== Args={'profile': 'default', 'state': 'unlit', 'advancing': True}
2025-10-30 22:23:30,383 : INFO : EventManager : Event: ======'bumper2_unlit_hit'====== Args={'profile': 'default', 'state': 'unlit', 'advancing': True}
2025-10-30 22:23:30,383 : INFO : EventManager : Event: ======'bumpers_hit'====== Args={'shot': 'bumper2'}
2025-10-30 22:23:30,383 : INFO : EventManager : Event: ======'bumpers_unlit_hit'====== Args={'shot': 'bumper2'}
2025-10-30 22:23:30,383 : INFO : EventManager : Event: ======'player_score'====== Args={'value': 10000, 'prev_value': 0, 'change': 10000, 'player_num': 1, 'source': 'bumpers'}
2025-10-30 22:23:30,385 : INFO : SwitchController : <<<<<<< 's_popbumper1' active >>>>>>>
2025-10-30 22:23:30,385 : INFO : EventManager : Event: ======'s_popbumper1_active'====== Args={}
2025-10-30 22:23:30,385 : INFO : EventManager : Event: ======'machine_var_audits_switches_s_popbumper1'====== Args={'value': 2755, 'prev_value': 2754, 'change': 1}
2025-10-30 22:23:30,385 : INFO : EventManager : Event: ======'player_shot_bumper1'====== Args={'value': 1, 'prev_value': 0, 'change': 1, 'player_num': 1}
2025-10-30 22:23:30,386 : INFO : EventManager : Event: ======'machine_var_audits_shots_bumper1'====== Args={'value': 2755, 'prev_value': 2754, 'change': 1}
2025-10-30 22:23:30,386 : INFO : EventManager : Event: ======'bumper1_hit'====== Args={'profile': 'default', 'state': 'unlit', 'advancing': True}
2025-10-30 22:23:30,386 : INFO : EventManager : Event: ======'bumper1_default_hit'====== Args={'profile': 'default', 'state': 'unlit', 'advancing': True}
2025-10-30 22:23:30,386 : INFO : EventManager : Event: ======'bumper1_default_unlit_hit'====== Args={'profile': 'default', 'state': 'unlit', 'advancing': True}
2025-10-30 22:23:30,386 : INFO : EventManager : Event: ======'bumper1_unlit_hit'====== Args={'profile': 'default', 'state': 'unlit', 'advancing': True}
2025-10-30 22:23:30,386 : INFO : EventManager : Event: ======'bumpers_hit'====== Args={'shot': 'bumper1'}
2025-10-30 22:23:30,386 : INFO : EventManager : Event: ======'bumpers_unlit_hit'====== Args={'shot': 'bumper1'}
2025-10-30 22:23:30,386 : INFO : EventManager : Event: ======'player_score'====== Args={'value': 20000, 'prev_value': 10000, 'change': 10000, 'player_num': 1, 'source': 'bumpers'}
2025-10-30 22:23:30,491 : INFO : SwitchController : <<<<<<< 's_popbumper2' inactive >>>>>>>
2025-10-30 22:23:30,541 : INFO : SwitchController : <<<<<<< 's_popbumper2' active >>>>>>>
2025-10-30 22:23:30,541 : INFO : EventManager : Event: ======'s_popbumper2_active'====== Args={}
2025-10-30 22:23:30,541 : INFO : EventManager : Event: ======'machine_var_audits_switches_s_popbumper2'====== Args={'value': 2741, 'prev_value': 2740, 'change': 1}
2025-10-30 22:23:30,541 : INFO : EventManager : Event: ======'machine_var_audits_shots_bumper2'====== Args={'value': 2741, 'prev_value': 2740, 'change': 1}
2025-10-30 22:23:30,542 : INFO : EventManager : Event: ======'bumper2_hit'====== Args={'profile': 'default', 'state': 'lit', 'advancing': False}
2025-10-30 22:23:30,542 : INFO : EventManager : Event: ======'bumper2_default_hit'====== Args={'profile': 'default', 'state': 'lit', 'advancing': False}
2025-10-30 22:23:30,542 : INFO : EventManager : Event: ======'bumper2_default_lit_hit'====== Args={'profile': 'default', 'state': 'lit', 'advancing': False}
2025-10-30 22:23:30,542 : INFO : EventManager : Event: ======'bumper2_lit_hit'====== Args={'profile': 'default', 'state': 'lit', 'advancing': False}
2025-10-30 22:23:30,542 : INFO : EventManager : Event: ======'bumpers_hit'====== Args={'shot': 'bumper2'}
2025-10-30 22:23:30,542 : INFO : EventManager : Event: ======'bumpers_lit_hit'====== Args={'shot': 'bumper2'}
2025-10-30 22:23:30,542 : INFO : EventManager : Event: ======'player_score'====== Args={'value': 30000, 'prev_value': 20000, 'change': 10000, 'player_num': 1, 'source': 'bumpers'}
2025-10-30 22:23:30,591 : INFO : SwitchController : <<<<<<< 's_popbumper3' active >>>>>>>
2025-10-30 22:23:30,592 : INFO : EventManager : Event: ======'s_popbumper3_active'====== Args={}
2025-10-30 22:23:30,592 : INFO : EventManager : Event: ======'machine_var_audits_switches_s_popbumper3'====== Args={'value': 2457, 'prev_value': 2456, 'change': 1}
2025-10-30 22:23:30,592 : INFO : EventManager : Event: ======'player_shot_bumper3'====== Args={'value': 1, 'prev_value': 0, 'change': 1, 'player_num': 1}
2025-10-30 22:23:30,593 : INFO : EventManager : Event: ======'machine_var_audits_shots_bumper3'====== Args={'value': 2457, 'prev_value': 2456, 'change': 1}
2025-10-30 22:23:30,593 : INFO : EventManager : Event: ======'bumper3_hit'====== Args={'profile': 'default', 'state': 'unlit', 'advancing': True}
2025-10-30 22:23:30,593 : INFO : EventManager : Event: ======'bumper3_default_hit'====== Args={'profile': 'default', 'state': 'unlit', 'advancing': True}
2025-10-30 22:23:30,593 : INFO : EventManager : Event: ======'bumper3_default_unlit_hit'====== Args={'profile': 'default', 'state': 'unlit', 'advancing': True}
2025-10-30 22:23:30,593 : INFO : EventManager : Event: ======'bumper3_unlit_hit'====== Args={'profile': 'default', 'state': 'unlit', 'advancing': True}
2025-10-30 22:23:30,593 : INFO : EventManager : Event: ======'bumpers_complete'====== Args={'state': 'lit'}
2025-10-30 22:23:30,593 : INFO : EventManager : Event: ======'bumpers_lit_complete'====== Args={}
2025-10-30 22:23:30,593 : INFO : EventManager : Event: ======'bumpers_hit'====== Args={'shot': 'bumper3'}
2025-10-30 22:23:30,593 : INFO : EventManager : Event: ======'bumpers_unlit_hit'====== Args={'shot': 'bumper3'}
2025-10-30 22:23:30,593 : INFO : EventManager : Event: ======'player_score'====== Args={'value': 40000, 'prev_value': 30000, 'change': 10000, 'player_num': 1, 'source': 'bumpers'}
2025-10-30 22:23:30,691 : INFO : SwitchController : <<<<<<< 's_popbumper2' inactive >>>>>>>
2025-10-30 22:23:30,692 : INFO : SwitchController : <<<<<<< 's_popbumper3' inactive >>>>>>>
2025-10-30 22:23:30,975 : INFO : SwitchController : <<<<<<< 's_popbumper3' active >>>>>>>
2025-10-30 22:23:30,975 : INFO : EventManager : Event: ======'s_popbumper3_active'====== Args={}
2025-10-30 22:23:30,975 : INFO : EventManager : Event: ======'machine_var_audits_switches_s_popbumper3'====== Args={'value': 2458, 'prev_value': 2457, 'change': 1}
2025-10-30 22:23:30,976 : INFO : EventManager : Event: ======'machine_var_audits_shots_bumper3'====== Args={'value': 2458, 'prev_value': 2457, 'change': 1}
2025-10-30 22:23:30,976 : INFO : EventManager : Event: ======'bumper3_hit'====== Args={'profile': 'default', 'state': 'lit', 'advancing': False}
2025-10-30 22:23:30,976 : INFO : EventManager : Event: ======'bumper3_default_hit'====== Args={'profile': 'default', 'state': 'lit', 'advancing': False}
2025-10-30 22:23:30,976 : INFO : EventManager : Event: ======'bumper3_default_lit_hit'====== Args={'profile': 'default', 'state': 'lit', 'advancing': False}
2025-10-30 22:23:30,977 : INFO : EventManager : Event: ======'bumper3_lit_hit'====== Args={'profile': 'default', 'state': 'lit', 'advancing': False}
2025-10-30 22:23:30,977 : INFO : EventManager : Event: ======'bumpers_hit'====== Args={'shot': 'bumper3'}
2025-10-30 22:23:30,977 : INFO : EventManager : Event: ======'bumpers_lit_hit'====== Args={'shot': 'bumper3'}
2025-10-30 22:23:30,977 : INFO : EventManager : Event: ======'player_score'====== Args={'value': 50000, 'prev_value': 40000, 'change': 10000, 'player_num': 1, 'source': 'bumpers'}
2025-10-30 22:23:30,977 : INFO : SwitchController : <<<<<<< 's_popbumper2' active >>>>>>>
2025-10-30 22:23:30,977 : INFO : EventManager : Event: ======'s_popbumper2_active'====== Args={}
2025-10-30 22:23:30,977 : INFO : EventManager : Event: ======'machine_var_audits_switches_s_popbumper2'====== Args={'value': 2742, 'prev_value': 2741, 'change': 1}
2025-10-30 22:23:30,977 : INFO : EventManager : Event: ======'machine_var_audits_shots_bumper2'====== Args={'value': 2742, 'prev_value': 2741, 'change': 1}
2025-10-30 22:23:30,978 : INFO : EventManager : Event: ======'bumper2_hit'====== Args={'profile': 'default', 'state': 'lit', 'advancing': False}
2025-10-30 22:23:30,978 : INFO : EventManager : Event: ======'bumper2_default_hit'====== Args={'profile': 'default', 'state': 'lit', 'advancing': False}
2025-10-30 22:23:30,978 : INFO : EventManager : Event: ======'bumper2_default_lit_hit'====== Args={'profile': 'default', 'state': 'lit', 'advancing': False}
2025-10-30 22:23:30,978 : INFO : EventManager : Event: ======'bumper2_lit_hit'====== Args={'profile': 'default', 'state': 'lit', 'advancing': False}
2025-10-30 22:23:30,978 : INFO : EventManager : Event: ======'bumpers_hit'====== Args={'shot': 'bumper2'}
2025-10-30 22:23:30,978 : INFO : EventManager : Event: ======'bumpers_lit_hit'====== Args={'shot': 'bumper2'}
2025-10-30 22:23:30,978 : INFO : EventManager : Event: ======'player_score'====== Args={'value': 60000, 'prev_value': 50000, 'change': 10000, 'player_num': 1, 'source': 'bumpers'}
2025-10-30 22:23:31,008 : INFO : SwitchController : <<<<<<< 's_popbumper2' inactive >>>>>>>
2025-10-30 22:23:31,025 : INFO : SwitchController : <<<<<<< 's_popbumper3' inactive >>>>>>>
2025-10-30 22:23:31,041 : INFO : SwitchController : <<<<<<< 's_popbumper1' inactive >>>>>>>
2025-10-30 22:23:31,174 : INFO : SwitchController : <<<<<<< 's_popbumper3' active >>>>>>>
2025-10-30 22:23:31,174 : INFO : EventManager : Event: ======'s_popbumper3_active'====== Args={}
2025-10-30 22:23:31,174 : INFO : EventManager : Event: ======'machine_var_audits_switches_s_popbumper3'====== Args={'value': 2459, 'prev_value': 2458, 'change': 1}
2025-10-30 22:23:31,175 : INFO : EventManager : Event: ======'machine_var_audits_shots_bumper3'====== Args={'value': 2459, 'prev_value': 2458, 'change': 1}
2025-10-30 22:23:31,176 : INFO : EventManager : Event: ======'bumper3_hit'====== Args={'profile': 'default', 'state': 'lit', 'advancing': False}
2025-10-30 22:23:31,176 : INFO : EventManager : Event: ======'bumper3_default_hit'====== Args={'profile': 'default', 'state': 'lit', 'advancing': False}
2025-10-30 22:23:31,176 : INFO : EventManager : Event: ======'bumper3_default_lit_hit'====== Args={'profile': 'default', 'state': 'lit', 'advancing': False}
2025-10-30 22:23:31,176 : INFO : EventManager : Event: ======'bumper3_lit_hit'====== Args={'profile': 'default', 'state': 'lit', 'advancing': False}
2025-10-30 22:23:31,176 : INFO : EventManager : Event: ======'bumpers_hit'====== Args={'shot': 'bumper3'}
2025-10-30 22:23:31,176 : INFO : EventManager : Event: ======'bumpers_lit_hit'====== Args={'shot': 'bumper3'}
2025-10-30 22:23:31,176 : INFO : EventManager : Event: ======'player_score'====== Args={'value': 70000, 'prev_value': 60000, 'change': 10000, 'player_num': 1, 'source': 'bumpers'}
2025-10-30 22:23:31,191 : INFO : SwitchController : <<<<<<< 's_popbumper1' active >>>>>>>
2025-10-30 22:23:31,191 : INFO : EventManager : Event: ======'s_popbumper1_active'====== Args={}
2025-10-30 22:23:31,191 : INFO : EventManager : Event: ======'machine_var_audits_switches_s_popbumper1'====== Args={'value': 2756, 'prev_value': 2755, 'change': 1}
2025-10-30 22:23:31,192 : INFO : EventManager : Event: ======'machine_var_audits_shots_bumper1'====== Args={'value': 2756, 'prev_value': 2755, 'change': 1}
2025-10-30 22:23:31,192 : INFO : EventManager : Event: ======'bumper1_hit'====== Args={'profile': 'default', 'state': 'lit', 'advancing': False}
2025-10-30 22:23:31,192 : INFO : EventManager : Event: ======'bumper1_default_hit'====== Args={'profile': 'default', 'state': 'lit', 'advancing': False}
2025-10-30 22:23:31,192 : INFO : EventManager : Event: ======'bumper1_default_lit_hit'====== Args={'profile': 'default', 'state': 'lit', 'advancing': False}
2025-10-30 22:23:31,192 : INFO : EventManager : Event: ======'bumper1_lit_hit'====== Args={'profile': 'default', 'state': 'lit', 'advancing': False}
2025-10-30 22:23:31,192 : INFO : EventManager : Event: ======'bumpers_hit'====== Args={'shot': 'bumper1'}
2025-10-30 22:23:31,192 : INFO : EventManager : Event: ======'bumpers_lit_hit'====== Args={'shot': 'bumper1'}
2025-10-30 22:23:31,192 : INFO : EventManager : Event: ======'player_score'====== Args={'value': 80000, 'prev_value': 70000, 'change': 10000, 'player_num': 1, 'source': 'bumpers'}
2025-10-30 22:23:31,325 : INFO : SwitchController : <<<<<<< 's_popbumper3' inactive >>>>>>>
2025-10-30 22:23:31,409 : INFO : SwitchController : <<<<<<< 's_popbumper1' inactive >>>>>>>
2025-10-30 22:23:32,442 : INFO : SwitchController : <<<<<<< 's_drain' active >>>>>>>
2025-10-30 22:23:32,443 : INFO : EventManager : Event: ======'machine_var_audits_switches_s_drain'====== Args={'value': 162, 'prev_value': 161, 'change': 1}
2025-10-30 22:23:32,944 : INFO : EventManager : Event: ======'balldevice_bd_drain_ball_count_changed'====== Args={'balls': 1}
2025-10-30 22:23:32,944 : INFO : ball_device.bd_drain : Received unexpected ball
2025-10-30 22:23:32,944 : INFO : EventManager : Event: ======'balldevice_captured_from_playfield'====== Args={'balls': 1}
2025-10-30 22:23:32,945 : INFO : EventManager : Event: ======'sw_playfield_active'====== Args={'balls': 1}
2025-10-30 22:23:32,945 : INFO : EventManager : Event: ======'playfield_ball_count_change'====== Args={'balls': 0, 'change': -1}
2025-10-30 22:23:32,945 : INFO : EventManager : Event: ======'balldevice_bd_drain_ball_enter'====== Args={'new_balls': 1, 'unclaimed_balls': 1, 'new_available_balls': 1, 'device': <ball_device.bd_drain>}
2025-10-30 22:23:32,946 : INFO : EventManager : Event: ======'ball_drain'====== Args={'device': <ball_device.bd_drain>, 'balls': 1}
2025-10-30 22:23:32,946 : INFO : EventManager : Event: ======'ball_will_end'====== Args={}
2025-10-30 22:23:32,947 : INFO : EventManager : Event: ======'balldevice_balls_available'====== Args={}
2025-10-30 22:23:32,947 : INFO : EventManager : Event: ======'balldevice_balls_available'====== Args={}
2025-10-30 22:23:32,947 : INFO : EventManager : Event: ======'balldevice_bd_drain_ball_entered'====== Args={'new_balls': 1, 'device': <ball_device.bd_drain>}
2025-10-30 22:23:32,947 : INFO : EventManager : Event: ======'mode_base_will_stop'====== Args={}
2025-10-30 22:23:32,947 : INFO : EventManager : Event: ======'mode_base_stopping'====== Args={}
2025-10-30 22:23:32,947 : INFO : EventManager : Event: ======'stop_mode_bumpers'====== Args={'priority': 0}
2025-10-30 22:23:32,947 : INFO : EventManager : Event: ======'mode_bumpers_will_stop'====== Args={}
2025-10-30 22:23:32,948 : INFO : EventManager : Event: ======'mode_bumpers_stopping'====== Args={}
2025-10-30 22:23:32,948 : INFO : Mode.base : Stopped.
2025-10-30 22:23:32,948 : INFO : EventManager : Event: ======'modes_active_modes_changed'====== Args={}
2025-10-30 22:23:32,948 : INFO : EventManager : Event: ======'mode_base_stopped'====== Args={}
2025-10-30 22:23:32,949 : INFO : EventManager : Event: ======'clear'====== Args={'key': 'base'}
2025-10-30 22:23:32,949 : INFO : Timer.player_added_timer : Stopping Timer
2025-10-30 22:23:32,949 : INFO : EventManager : Event: ======'timer_player_added_timer_stopped'====== Args={'ticks': 1, 'ticks_remaining': 1}
2025-10-30 22:23:32,949 : INFO : Mode.bumpers : Stopped.
2025-10-30 22:23:32,949 : INFO : EventManager : Event: ======'modes_active_modes_changed'====== Args={}
2025-10-30 22:23:32,950 : INFO : EventManager : Event: ======'mode_bumpers_stopped'====== Args={}
2025-10-30 22:23:32,950 : INFO : EventManager : Event: ======'clear'====== Args={'key': 'bumpers'}
2025-10-30 22:23:32,951 : INFO : EventManager : Event: ======'ball_ending'====== Args={}
2025-10-30 22:23:32,951 : INFO : EventManager : Event: ======'ball_ended'====== Args={}
2025-10-30 22:23:32,952 : INFO : EventManager : Event: ======'player_turn_will_end'====== Args={'player': <Player 1>, 'number': 1}
2025-10-30 22:23:32,952 : INFO : ball_device.bd_drain : State: waiting_for_target_ready
2025-10-30 22:23:32,952 : INFO : EventManager : Event: ======'balldevice_bd_drain_ball_eject_attempt'====== Args={'balls': 1, 'target': <ball_device.bd_trough>, 'source': <ball_device.bd_drain>, 'mechanical_eject': False, 'num_attempts': 0}
2025-10-30 22:23:32,952 : INFO : ball_device.bd_drain : State: ejecting
2025-10-30 22:23:32,952 : INFO : ball_device.bd_drain : Ejecting ball to <ball_device.bd_trough>
2025-10-30 22:23:32,952 : INFO : EventManager : Event: ======'balldevice_bd_drain_ejecting_ball'====== Args={'balls': 1, 'target': <ball_device.bd_trough>, 'source': <ball_device.bd_drain>, 'mechanical_eject': False, 'num_attempts': 0}
2025-10-30 22:23:32,952 : INFO : EventManager : Event: ======'player_turn_ending'====== Args={'player': <Player 1>, 'number': 1}
2025-10-30 22:23:32,953 : INFO : EventManager : Event: ======'player_turn_ended'====== Args={'player': <Player 1>, 'number': 1}
2025-10-30 22:23:32,953 : INFO : EventManager : Event: ======'player_turn_will_start'====== Args={'player': <Player 1>, 'number': 1}
2025-10-30 22:23:32,953 : INFO : ball_device.bd_drain : Wait for ball to leave device
2025-10-30 22:23:32,953 : INFO : coil.c_drain_eject : Pulsing Driver for 20ms (1.0 pulse_power)
2025-10-30 22:23:32,953 : INFO : SwitchController : <<<<<<< 's_drain' inactive >>>>>>>
2025-10-30 22:23:32,954 : INFO : EventManager : Event: ======'player_turn_starting'====== Args={'player': <Player 1>, 'number': 1}
2025-10-30 22:23:32,954 : INFO : EventManager : Event: ======'player_ball'====== Args={'value': 2, 'prev_value': 1, 'change': 1, 'player_num': 1}
2025-10-30 22:23:32,955 : INFO : EventManager : Event: ======'player_turn_started'====== Args={'player': <Player 1>, 'number': 1}
2025-10-30 22:23:32,955 : INFO : EventManager : Event: ======'ball_will_start'====== Args={'player': 1, 'ball': 2, 'balls_remaining': 1, 'is_extra_ball': False}
2025-10-30 22:23:32,955 : INFO : ball_device.bd_drain : State: ball_left
2025-10-30 22:23:32,955 : INFO : ball_device.bd_drain : Ball left
2025-10-30 22:23:32,955 : INFO : ball_device.bd_drain : Wait for confirm with timeout 10.0
2025-10-30 22:23:32,956 : INFO : EventManager : Event: ======'ball_starting'====== Args={'player': 1, 'ball': 2, 'balls_remaining': 1, 'is_extra_ball': False}
2025-10-30 22:23:32,956 : INFO : EventManager : Event: ======'mode_base_will_start'====== Args={'queue': <QueuedEvent>, 'player': 1, 'ball': 2, 'balls_remaining': 1, 'is_extra_ball': False}
2025-10-30 22:23:32,956 : INFO : EventManager : Event: ======'player_base_player_added_timer_tick'====== Args={'value': 0, 'prev_value': 1, 'change': -1, 'player_num': 1}
2025-10-30 22:23:32,957 : INFO : Timer.player_added_timer : Starting Timer.
2025-10-30 22:23:32,957 : INFO : EventManager : Event: ======'timer_player_added_timer_started'====== Args={'ticks': 0, 'ticks_remaining': 1}
2025-10-30 22:23:32,957 : INFO : EventManager : Event: ======'timer_player_added_timer_tick'====== Args={'ticks': 0, 'ticks_remaining': 1}
2025-10-30 22:23:32,958 : INFO : EventManager : Event: ======'mode_base_starting'====== Args={'queue': <QueuedEvent>, 'player': 1, 'ball': 2, 'balls_remaining': 1, 'is_extra_ball': False}
2025-10-30 22:23:32,959 : INFO : Mode.base : Started. Priority: 100
2025-10-30 22:23:32,959 : INFO : EventManager : Event: ======'modes_active_modes_changed'====== Args={}
2025-10-30 22:23:32,959 : INFO : EventManager : Event: ======'mode_base_started'====== Args={'queue': <QueuedEvent>, 'player': 1, 'ball': 2, 'balls_remaining': 1, 'is_extra_ball': False}
2025-10-30 22:23:32,959 : INFO : EventManager : Event: ======'start_mode_bumpers'====== Args={'priority': 0}
2025-10-30 22:23:32,959 : INFO : EventManager : Event: ======'mode_bumpers_will_start'====== Args={'priority': 0}
2025-10-30 22:23:32,960 : INFO : EventManager : Event: ======'mode_bumpers_starting'====== Args={'priority': 0}
2025-10-30 22:23:32,960 : INFO : Mode.bumpers : Started. Priority: 200
2025-10-30 22:23:32,960 : INFO : EventManager : Event: ======'modes_active_modes_changed'====== Args={}
2025-10-30 22:23:32,960 : INFO : EventManager : Event: ======'mode_bumpers_started'====== Args={'priority': 0}
2025-10-30 22:23:32,961 : INFO : EventManager : Event: ======'balls_in_play'====== Args={'balls': 1}
2025-10-30 22:23:32,961 : INFO : EventManager : Event: ======'ball_started'====== Args={'player': 1, 'ball': 2, 'balls_remaining': 1, 'is_extra_ball': False}
2025-10-30 22:23:32,961 : INFO : EventManager : Event: ======'single_player_ball_started'====== Args={}
2025-10-30 22:23:32,962 : INFO : EventManager : Event: ======'ball_start_target'====== Args={'target': 'playfield'}
2025-10-30 22:23:32,962 : INFO : ball_device.bd_trough : Setting up player-controlled eject. Balls: 1, Target: <playfield.playfield>, player_controlled_eject_event: None
2025-10-30 22:23:32,962 : INFO : ball_device.bd_trough : Adding 1 ball(s) to the eject_queue with target <playfield.playfield>.
2025-10-30 22:23:32,962 : INFO : EventManager : Event: ======'balldevice_balls_available'====== Args={}
2025-10-30 22:23:32,963 : INFO : ball_device.bd_trough : State: waiting_for_target_ready
2025-10-30 22:23:32,963 : INFO : EventManager : Event: ======'balldevice_bd_trough_ball_eject_attempt'====== Args={'balls': 1, 'target': <ball_device.bd_plunger>, 'source': <ball_device.bd_trough>, 'mechanical_eject': False, 'num_attempts': 0}
2025-10-30 22:23:32,963 : INFO : ball_device.bd_plunger : State: waiting_for_ball
2025-10-30 22:23:32,963 : INFO : ball_device.bd_trough : State: ejecting
2025-10-30 22:23:32,963 : INFO : ball_device.bd_trough : Ejecting ball to <ball_device.bd_plunger>
2025-10-30 22:23:32,963 : INFO : EventManager : Event: ======'balldevice_bd_trough_ejecting_ball'====== Args={'balls': 1, 'target': <ball_device.bd_plunger>, 'source': <ball_device.bd_trough>, 'mechanical_eject': False, 'num_attempts': 0}
2025-10-30 22:23:32,964 : INFO : ball_device.bd_trough : Wait for ball to leave device
2025-10-30 22:23:32,980 : INFO : EventManager : Event: ======'slide_base_slide_created'====== Args={'_from_bcp': True}
2025-10-30 22:23:32,980 : INFO : EventManager : Event: ======'slide_base_slide_inactive'====== Args={'is_removing': True, '_from_bcp': True}
2025-10-30 22:23:32,981 : INFO : EventManager : Event: ======'slide_base_slide_active'====== Args={'original_context': 'base', 'original_calling_context': 'mode_base_started', 'priority': 100.0, 'queue': '<QueuedEvent>', 'player': 1.0, 'ball': 2.0, 'balls_remaining': 1.0, 'is_extra_ball': False, 'cmd': 'slides_play', '_from_bcp': True}
2025-10-30 22:23:32,981 : INFO : EventManager : Event: ======'slide_base_slide_removed'====== Args={'_from_bcp': True}
2025-10-30 22:23:32,984 : INFO : coil.c_trough_eject : Pulsing Driver for 20ms (1.0 pulse_power)
2025-10-30 22:23:32,984 : INFO : SwitchController : <<<<<<< 's_trough2' inactive >>>>>>>
2025-10-30 22:23:32,985 : INFO : ball_device.bd_trough : State: ball_left
2025-10-30 22:23:32,985 : INFO : ball_device.bd_trough : Ball left
2025-10-30 22:23:32,985 : INFO : ball_device.bd_trough : Wait for confirm with timeout 3.0
2025-10-30 22:23:33,055 : INFO : SwitchController : <<<<<<< 's_trough1' active >>>>>>>
2025-10-30 22:23:33,055 : INFO : EventManager : Event: ======'machine_var_audits_switches_s_trough1'====== Args={'value': 100, 'prev_value': 99, 'change': 1}
2025-10-30 22:23:33,086 : INFO : SwitchController : <<<<<<< 's_plunger_lane' active >>>>>>>
2025-10-30 22:23:33,086 : INFO : EventManager : Event: ======'machine_var_audits_switches_s_plunger_lane'====== Args={'value': 281, 'prev_value': 280, 'change': 1}
2025-10-30 22:23:33,258 : WARNING : SwitchController : Received duplicate switch state 0 for switch s_drain from the platform interface. Log Code: Log-SwitchController-1 (https://missionpinball.org/logs)
2025-10-30 22:23:33,587 : INFO : ball_device.bd_plunger : Received ball from <ball_device.bd_trough>
2025-10-30 22:23:33,588 : INFO : EventManager : Event: ======'balldevice_bd_plunger_ball_enter'====== Args={'new_balls': 1, 'unclaimed_balls': 0, 'new_available_balls': 0, 'device': <ball_device.bd_plunger>}
2025-10-30 22:23:33,588 : INFO : EventManager : Event: ======'balldevice_bd_plunger_ball_entered'====== Args={'new_balls': 0, 'device': <ball_device.bd_plunger>}
2025-10-30 22:23:33,589 : INFO : EventManager : Event: ======'balldevice_bd_plunger_ball_count_changed'====== Args={'balls': 1}
2025-10-30 22:23:33,589 : INFO : ball_device.bd_trough : Got eject confirm
2025-10-30 22:23:33,589 : INFO : ball_device.bd_trough : Eject successful
2025-10-30 22:23:33,589 : INFO : EventManager : Event: ======'balldevice_bd_trough_ball_eject_success'====== Args={'balls': 1, 'target': <ball_device.bd_plunger>}
2025-10-30 22:23:33,589 : INFO : ball_device.bd_plunger : State: waiting_for_target_ready
2025-10-30 22:23:33,590 : INFO : EventManager : Event: ======'balldevice_bd_plunger_ball_eject_attempt'====== Args={'balls': 1, 'target': <playfield.playfield>, 'source': <ball_device.bd_plunger>, 'mechanical_eject': False, 'num_attempts': 0}
2025-10-30 22:23:33,590 : INFO : EventManager : Event: ======'balldevice_bd_trough_ball_count_changed'====== Args={'balls': 2}
2025-10-30 22:23:33,590 : INFO : ball_device.bd_trough : State: idle
2025-10-30 22:23:33,591 : INFO : EventManager : Event: ======'balldevice_bd_trough_ball_count_changed'====== Args={'balls': 3}
2025-10-30 22:23:33,591 : INFO : ball_device.bd_trough : Received ball from <ball_device.bd_drain>
2025-10-30 22:23:33,591 : INFO : EventManager : Event: ======'balldevice_bd_trough_ball_enter'====== Args={'new_balls': 1, 'unclaimed_balls': 0, 'new_available_balls': 0, 'device': <ball_device.bd_trough>}
2025-10-30 22:23:33,591 : INFO : ball_device.bd_plunger : State: ejecting
2025-10-30 22:23:33,591 : INFO : ball_device.bd_plunger : Ejecting ball to <playfield.playfield>
2025-10-30 22:23:33,592 : INFO : EventManager : Event: ======'balldevice_bd_plunger_ejecting_ball'====== Args={'balls': 1, 'target': <playfield.playfield>, 'source': <ball_device.bd_plunger>, 'mechanical_eject': False, 'num_attempts': 0}
2025-10-30 22:23:33,593 : INFO : EventManager : Event: ======'ball_drain'====== Args={'device': <ball_device.bd_trough>, 'balls': 0}
2025-10-30 22:23:33,593 : INFO : EventManager : Event: ======'balldevice_bd_trough_ball_entered'====== Args={'new_balls': 0, 'device': <ball_device.bd_trough>}
2025-10-30 22:23:33,594 : INFO : ball_device.bd_drain : Got eject confirm
2025-10-30 22:23:33,594 : INFO : ball_device.bd_drain : Eject successful
2025-10-30 22:23:33,594 : INFO : EventManager : Event: ======'balldevice_bd_drain_ball_eject_success'====== Args={'balls': 1, 'target': <ball_device.bd_trough>}
2025-10-30 22:23:33,595 : INFO : ball_device.bd_plunger : Wait for ball to leave device
2025-10-30 22:23:33,595 : INFO : coil.c_plunger : Pulsing Driver for 20ms (1.0 pulse_power)
2025-10-30 22:23:33,595 : INFO : SwitchController : <<<<<<< 's_plunger_lane' inactive >>>>>>>
2025-10-30 22:23:33,595 : INFO : EventManager : Event: ======'balldevice_bd_drain_ball_count_changed'====== Args={'balls': 0}
2025-10-30 22:23:33,595 : INFO : ball_device.bd_drain : State: idle
2025-10-30 22:23:33,597 : INFO : ball_device.bd_plunger : State: ball_left
2025-10-30 22:23:33,597 : INFO : ball_device.bd_plunger : Ball left
2025-10-30 22:23:33,597 : INFO : ball_device.bd_plunger : Wait for confirm with timeout 3.0
2025-10-30 22:23:33,658 : INFO : EventManager : Event: ======'player_base_player_added_timer_tick'====== Args={'value': 1, 'prev_value': 0, 'change': 1, 'player_num': 1}
2025-10-30 22:23:33,659 : INFO : Timer.player_added_timer : Timer Complete
2025-10-30 22:23:33,659 : INFO : Timer.player_added_timer : Stopping Timer
2025-10-30 22:23:33,659 : INFO : EventManager : Event: ======'timer_player_added_timer_stopped'====== Args={'ticks': 1, 'ticks_remaining': 1}
2025-10-30 22:23:33,659 : INFO : EventManager : Event: ======'timer_player_added_timer_complete'====== Args={'ticks': 1, 'ticks_remaining': 1}
2025-10-30 22:23:35,158 : INFO : SwitchController : <<<<<<< 's_drain' active >>>>>>>
2025-10-30 22:23:35,158 : INFO : EventManager : Event: ======'machine_var_audits_switches_s_drain'====== Args={'value': 163, 'prev_value': 162, 'change': 1}
2025-10-30 22:23:35,659 : INFO : EventManager : Event: ======'balldevice_bd_drain_ball_count_changed'====== Args={'balls': 1}
2025-10-30 22:23:35,659 : INFO : ball_device.bd_drain : Received unexpected ball
2025-10-30 22:23:35,659 : INFO : EventManager : Event: ======'balldevice_captured_from_playfield'====== Args={'balls': 1}
2025-10-30 22:23:35,659 : INFO : EventManager : Event: ======'sw_playfield_active'====== Args={'balls': 1}
2025-10-30 22:23:35,659 : INFO : EventManager : Event: ======'playfield_active'====== Args={'source': None}
2025-10-30 22:23:35,659 : INFO : EventManager : Event: ======'playfield_ball_count_change'====== Args={'balls': -1, 'change': -1}
2025-10-30 22:23:35,660 : INFO : EventManager : Event: ======'balldevice_bd_drain_ball_enter'====== Args={'new_balls': 1, 'unclaimed_balls': 1, 'new_available_balls': 1, 'device': <ball_device.bd_drain>}
2025-10-30 22:23:35,660 : INFO : EventManager : Event: ======'ball_drain'====== Args={'device': <ball_device.bd_drain>, 'balls': 1}
2025-10-30 22:23:35,661 : INFO : ball_device.bd_plunger : Got eject confirm
2025-10-30 22:23:35,661 : INFO : ball_device.bd_plunger : Eject successful
2025-10-30 22:23:35,661 : INFO : EventManager : Event: ======'balldevice_bd_plunger_ball_eject_success'====== Args={'balls': 1, 'target': <playfield.playfield>}
2025-10-30 22:23:35,661 : INFO : EventManager : Event: ======'balldevice_playfield_ball_enter'====== Args={'new_balls': 1, 'unclaimed_balls': 1, 'device': <playfield.playfield>}
2025-10-30 22:23:35,661 : INFO : EventManager : Event: ======'playfield_ball_count_change'====== Args={'balls': 0, 'change': 1}
2025-10-30 22:23:35,661 : INFO : EventManager : Event: ======'ball_will_end'====== Args={}
2025-10-30 22:23:35,661 : INFO : EventManager : Event: ======'balldevice_balls_available'====== Args={}
2025-10-30 22:23:35,662 : INFO : EventManager : Event: ======'balldevice_balls_available'====== Args={}
2025-10-30 22:23:35,662 : INFO : EventManager : Event: ======'balldevice_bd_drain_ball_entered'====== Args={'new_balls': 1, 'device': <ball_device.bd_drain>}
2025-10-30 22:23:35,662 : INFO : EventManager : Event: ======'mode_base_will_stop'====== Args={}
2025-10-30 22:23:35,662 : INFO : EventManager : Event: ======'mode_base_stopping'====== Args={}
2025-10-30 22:23:35,662 : INFO : EventManager : Event: ======'stop_mode_bumpers'====== Args={'priority': 0}
2025-10-30 22:23:35,662 : INFO : EventManager : Event: ======'mode_bumpers_will_stop'====== Args={}
2025-10-30 22:23:35,663 : INFO : EventManager : Event: ======'mode_bumpers_stopping'====== Args={}
2025-10-30 22:23:35,663 : INFO : Mode.base : Stopped.
2025-10-30 22:23:35,663 : INFO : EventManager : Event: ======'modes_active_modes_changed'====== Args={}
2025-10-30 22:23:35,664 : INFO : EventManager : Event: ======'mode_base_stopped'====== Args={}
2025-10-30 22:23:35,664 : INFO : EventManager : Event: ======'clear'====== Args={'key': 'base'}
2025-10-30 22:23:35,664 : INFO : Timer.player_added_timer : Stopping Timer
2025-10-30 22:23:35,664 : INFO : EventManager : Event: ======'timer_player_added_timer_stopped'====== Args={'ticks': 1, 'ticks_remaining': 1}
2025-10-30 22:23:35,664 : INFO : Mode.bumpers : Stopped.
2025-10-30 22:23:35,664 : INFO : EventManager : Event: ======'modes_active_modes_changed'====== Args={}
2025-10-30 22:23:35,665 : INFO : EventManager : Event: ======'mode_bumpers_stopped'====== Args={}
2025-10-30 22:23:35,665 : INFO : EventManager : Event: ======'clear'====== Args={'key': 'bumpers'}
2025-10-30 22:23:35,665 : INFO : EventManager : Event: ======'balldevice_bd_plunger_ball_count_changed'====== Args={'balls': 0}
2025-10-30 22:23:35,666 : INFO : ball_device.bd_plunger : State: idle
2025-10-30 22:23:35,666 : INFO : EventManager : Event: ======'ball_ending'====== Args={}
2025-10-30 22:23:35,666 : INFO : EventManager : Event: ======'ball_ended'====== Args={}
2025-10-30 22:23:35,667 : INFO : EventManager : Event: ======'player_turn_will_end'====== Args={'player': <Player 1>, 'number': 1}
2025-10-30 22:23:35,667 : INFO : ball_device.bd_drain : State: waiting_for_target_ready
2025-10-30 22:23:35,667 : INFO : EventManager : Event: ======'balldevice_bd_drain_ball_eject_attempt'====== Args={'balls': 1, 'target': <ball_device.bd_trough>, 'source': <ball_device.bd_drain>, 'mechanical_eject': False, 'num_attempts': 0}
2025-10-30 22:23:35,667 : INFO : ball_device.bd_drain : State: ejecting
2025-10-30 22:23:35,667 : INFO : ball_device.bd_drain : Ejecting ball to <ball_device.bd_trough>
2025-10-30 22:23:35,668 : INFO : EventManager : Event: ======'balldevice_bd_drain_ejecting_ball'====== Args={'balls': 1, 'target': <ball_device.bd_trough>, 'source': <ball_device.bd_drain>, 'mechanical_eject': False, 'num_attempts': 0}
2025-10-30 22:23:35,668 : INFO : EventManager : Event: ======'player_turn_ending'====== Args={'player': <Player 1>, 'number': 1}
2025-10-30 22:23:35,668 : INFO : EventManager : Event: ======'player_turn_ended'====== Args={'player': <Player 1>, 'number': 1}
2025-10-30 22:23:35,668 : INFO : EventManager : Event: ======'player_turn_will_start'====== Args={'player': <Player 1>, 'number': 1}
2025-10-30 22:23:35,668 : INFO : ball_device.bd_drain : Wait for ball to leave device
2025-10-30 22:23:35,669 : INFO : coil.c_drain_eject : Pulsing Driver for 20ms (1.0 pulse_power)
2025-10-30 22:23:35,669 : INFO : SwitchController : <<<<<<< 's_drain' inactive >>>>>>>
2025-10-30 22:23:35,669 : INFO : EventManager : Event: ======'player_turn_starting'====== Args={'player': <Player 1>, 'number': 1}
2025-10-30 22:23:35,669 : INFO : EventManager : Event: ======'player_ball'====== Args={'value': 3, 'prev_value': 2, 'change': 1, 'player_num': 1}
2025-10-30 22:23:35,670 : INFO : EventManager : Event: ======'player_turn_started'====== Args={'player': <Player 1>, 'number': 1}
2025-10-30 22:23:35,670 : INFO : EventManager : Event: ======'ball_will_start'====== Args={'player': 1, 'ball': 3, 'balls_remaining': 0, 'is_extra_ball': False}
2025-10-30 22:23:35,670 : INFO : ball_device.bd_drain : State: ball_left
2025-10-30 22:23:35,670 : INFO : ball_device.bd_drain : Ball left
2025-10-30 22:23:35,670 : INFO : ball_device.bd_drain : Wait for confirm with timeout 10.0
2025-10-30 22:23:35,670 : INFO : EventManager : Event: ======'ball_starting'====== Args={'player': 1, 'ball': 3, 'balls_remaining': 0, 'is_extra_ball': False}
2025-10-30 22:23:35,671 : INFO : EventManager : Event: ======'mode_base_will_start'====== Args={'queue': <QueuedEvent>, 'player': 1, 'ball': 3, 'balls_remaining': 0, 'is_extra_ball': False}
2025-10-30 22:23:35,671 : INFO : EventManager : Event: ======'player_base_player_added_timer_tick'====== Args={'value': 0, 'prev_value': 1, 'change': -1, 'player_num': 1}
2025-10-30 22:23:35,671 : INFO : Timer.player_added_timer : Starting Timer.
2025-10-30 22:23:35,671 : INFO : EventManager : Event: ======'timer_player_added_timer_started'====== Args={'ticks': 0, 'ticks_remaining': 1}
2025-10-30 22:23:35,671 : INFO : EventManager : Event: ======'timer_player_added_timer_tick'====== Args={'ticks': 0, 'ticks_remaining': 1}
2025-10-30 22:23:35,672 : INFO : EventManager : Event: ======'mode_base_starting'====== Args={'queue': <QueuedEvent>, 'player': 1, 'ball': 3, 'balls_remaining': 0, 'is_extra_ball': False}
2025-10-30 22:23:35,672 : INFO : Mode.base : Started. Priority: 100
2025-10-30 22:23:35,672 : INFO : EventManager : Event: ======'modes_active_modes_changed'====== Args={}
2025-10-30 22:23:35,672 : INFO : EventManager : Event: ======'mode_base_started'====== Args={'queue': <QueuedEvent>, 'player': 1, 'ball': 3, 'balls_remaining': 0, 'is_extra_ball': False}
2025-10-30 22:23:35,673 : INFO : EventManager : Event: ======'start_mode_bumpers'====== Args={'priority': 0}
2025-10-30 22:23:35,673 : INFO : EventManager : Event: ======'mode_bumpers_will_start'====== Args={'priority': 0}
2025-10-30 22:23:35,674 : INFO : EventManager : Event: ======'mode_bumpers_starting'====== Args={'priority': 0}
2025-10-30 22:23:35,674 : INFO : Mode.bumpers : Started. Priority: 200
2025-10-30 22:23:35,674 : INFO : EventManager : Event: ======'modes_active_modes_changed'====== Args={}
2025-10-30 22:23:35,674 : INFO : EventManager : Event: ======'mode_bumpers_started'====== Args={'priority': 0}
2025-10-30 22:23:35,675 : INFO : EventManager : Event: ======'balls_in_play'====== Args={'balls': 1}
2025-10-30 22:23:35,675 : INFO : EventManager : Event: ======'ball_started'====== Args={'player': 1, 'ball': 3, 'balls_remaining': 0, 'is_extra_ball': False}
2025-10-30 22:23:35,675 : INFO : EventManager : Event: ======'single_player_ball_started'====== Args={}
2025-10-30 22:23:35,676 : INFO : EventManager : Event: ======'ball_start_target'====== Args={'target': 'playfield'}
2025-10-30 22:23:35,676 : INFO : ball_device.bd_trough : Setting up player-controlled eject. Balls: 1, Target: <playfield.playfield>, player_controlled_eject_event: None
2025-10-30 22:23:35,676 : INFO : ball_device.bd_trough : Adding 1 ball(s) to the eject_queue with target <playfield.playfield>.
2025-10-30 22:23:35,676 : INFO : EventManager : Event: ======'balldevice_balls_available'====== Args={}
2025-10-30 22:23:35,677 : INFO : ball_device.bd_trough : State: waiting_for_target_ready
2025-10-30 22:23:35,677 : INFO : EventManager : Event: ======'balldevice_bd_trough_ball_eject_attempt'====== Args={'balls': 1, 'target': <ball_device.bd_plunger>, 'source': <ball_device.bd_trough>, 'mechanical_eject': False, 'num_attempts': 0}
2025-10-30 22:23:35,677 : INFO : ball_device.bd_plunger : State: waiting_for_ball
2025-10-30 22:23:35,677 : INFO : ball_device.bd_trough : State: ejecting
2025-10-30 22:23:35,677 : INFO : ball_device.bd_trough : Ejecting ball to <ball_device.bd_plunger>
2025-10-30 22:23:35,677 : INFO : EventManager : Event: ======'balldevice_bd_trough_ejecting_ball'====== Args={'balls': 1, 'target': <ball_device.bd_plunger>, 'source': <ball_device.bd_trough>, 'mechanical_eject': False, 'num_attempts': 0}
2025-10-30 22:23:35,678 : INFO : ball_device.bd_trough : Wait for ball to leave device
2025-10-30 22:23:35,699 : INFO : coil.c_trough_eject : Pulsing Driver for 20ms (1.0 pulse_power)
2025-10-30 22:23:35,699 : INFO : SwitchController : <<<<<<< 's_trough1' inactive >>>>>>>
2025-10-30 22:23:35,700 : INFO : ball_device.bd_trough : State: ball_left
2025-10-30 22:23:35,700 : INFO : ball_device.bd_trough : Ball left
2025-10-30 22:23:35,700 : INFO : ball_device.bd_trough : Wait for confirm with timeout 3.0
2025-10-30 22:23:35,711 : INFO : EventManager : Event: ======'slide_base_slide_created'====== Args={'_from_bcp': True}
2025-10-30 22:23:35,711 : INFO : EventManager : Event: ======'slide_base_slide_inactive'====== Args={'is_removing': True, '_from_bcp': True}
2025-10-30 22:23:35,712 : INFO : EventManager : Event: ======'slide_base_slide_active'====== Args={'original_context': 'base', 'original_calling_context': 'mode_base_started', 'priority': 100.0, 'queue': '<QueuedEvent>', 'player': 1.0, 'ball': 3.0, 'balls_remaining': 0.0, 'is_extra_ball': False, 'cmd': 'slides_play', '_from_bcp': True}
2025-10-30 22:23:35,712 : INFO : EventManager : Event: ======'slide_base_slide_removed'====== Args={'_from_bcp': True}
2025-10-30 22:23:35,770 : INFO : SwitchController : <<<<<<< 's_trough1' active >>>>>>>
2025-10-30 22:23:35,770 : INFO : EventManager : Event: ======'machine_var_audits_switches_s_trough1'====== Args={'value': 101, 'prev_value': 100, 'change': 1}
2025-10-30 22:23:35,800 : INFO : SwitchController : <<<<<<< 's_plunger_lane' active >>>>>>>
2025-10-30 22:23:35,800 : INFO : EventManager : Event: ======'machine_var_audits_switches_s_plunger_lane'====== Args={'value': 282, 'prev_value': 281, 'change': 1}
2025-10-30 22:23:36,041 : WARNING : SwitchController : Received duplicate switch state 0 for switch s_drain from the platform interface. Log Code: Log-SwitchController-1 (https://missionpinball.org/logs)
2025-10-30 22:23:36,301 : INFO : ball_device.bd_plunger : Received ball from <ball_device.bd_trough>
2025-10-30 22:23:36,302 : INFO : EventManager : Event: ======'balldevice_bd_plunger_ball_enter'====== Args={'new_balls': 1, 'unclaimed_balls': 0, 'new_available_balls': 0, 'device': <ball_device.bd_plunger>}
2025-10-30 22:23:36,302 : INFO : EventManager : Event: ======'balldevice_bd_plunger_ball_entered'====== Args={'new_balls': 0, 'device': <ball_device.bd_plunger>}
2025-10-30 22:23:36,303 : INFO : EventManager : Event: ======'balldevice_bd_plunger_ball_count_changed'====== Args={'balls': 1}
2025-10-30 22:23:36,303 : INFO : ball_device.bd_trough : Got eject confirm
2025-10-30 22:23:36,303 : INFO : ball_device.bd_trough : Eject successful
2025-10-30 22:23:36,303 : INFO : EventManager : Event: ======'balldevice_bd_trough_ball_eject_success'====== Args={'balls': 1, 'target': <ball_device.bd_plunger>}
2025-10-30 22:23:36,304 : INFO : ball_device.bd_plunger : State: waiting_for_target_ready
2025-10-30 22:23:36,304 : INFO : EventManager : Event: ======'balldevice_bd_plunger_ball_eject_attempt'====== Args={'balls': 1, 'target': <playfield.playfield>, 'source': <ball_device.bd_plunger>, 'mechanical_eject': False, 'num_attempts': 0}
2025-10-30 22:23:36,304 : INFO : EventManager : Event: ======'balldevice_bd_trough_ball_count_changed'====== Args={'balls': 2}
2025-10-30 22:23:36,304 : INFO : ball_device.bd_trough : State: idle
2025-10-30 22:23:36,304 : INFO : EventManager : Event: ======'balldevice_bd_trough_ball_count_changed'====== Args={'balls': 3}
2025-10-30 22:23:36,305 : INFO : ball_device.bd_trough : Received ball from <ball_device.bd_drain>
2025-10-30 22:23:36,305 : INFO : EventManager : Event: ======'balldevice_bd_trough_ball_enter'====== Args={'new_balls': 1, 'unclaimed_balls': 0, 'new_available_balls': 0, 'device': <ball_device.bd_trough>}
2025-10-30 22:23:36,305 : INFO : ball_device.bd_plunger : State: ejecting
2025-10-30 22:23:36,305 : INFO : ball_device.bd_plunger : Ejecting ball to <playfield.playfield>
2025-10-30 22:23:36,305 : INFO : EventManager : Event: ======'balldevice_bd_plunger_ejecting_ball'====== Args={'balls': 1, 'target': <playfield.playfield>, 'source': <ball_device.bd_plunger>, 'mechanical_eject': False, 'num_attempts': 0}
2025-10-30 22:23:36,305 : INFO : EventManager : Event: ======'ball_drain'====== Args={'device': <ball_device.bd_trough>, 'balls': 0}
2025-10-30 22:23:36,306 : INFO : EventManager : Event: ======'balldevice_bd_trough_ball_entered'====== Args={'new_balls': 0, 'device': <ball_device.bd_trough>}
2025-10-30 22:23:36,306 : INFO : ball_device.bd_drain : Got eject confirm
2025-10-30 22:23:36,306 : INFO : ball_device.bd_drain : Eject successful
2025-10-30 22:23:36,306 : INFO : EventManager : Event: ======'balldevice_bd_drain_ball_eject_success'====== Args={'balls': 1, 'target': <ball_device.bd_trough>}
2025-10-30 22:23:36,307 : INFO : ball_device.bd_plunger : Wait for ball to leave device
2025-10-30 22:23:36,307 : INFO : coil.c_plunger : Pulsing Driver for 20ms (1.0 pulse_power)
2025-10-30 22:23:36,307 : INFO : SwitchController : <<<<<<< 's_plunger_lane' inactive >>>>>>>
2025-10-30 22:23:36,308 : INFO : EventManager : Event: ======'balldevice_bd_drain_ball_count_changed'====== Args={'balls': 0}
2025-10-30 22:23:36,308 : INFO : ball_device.bd_drain : State: idle
2025-10-30 22:23:36,310 : INFO : ball_device.bd_plunger : State: ball_left
2025-10-30 22:23:36,310 : INFO : ball_device.bd_plunger : Ball left
2025-10-30 22:23:36,310 : INFO : ball_device.bd_plunger : Wait for confirm with timeout 3.0
2025-10-30 22:23:36,372 : INFO : EventManager : Event: ======'player_base_player_added_timer_tick'====== Args={'value': 1, 'prev_value': 0, 'change': 1, 'player_num': 1}
2025-10-30 22:23:36,373 : INFO : Timer.player_added_timer : Timer Complete
2025-10-30 22:23:36,373 : INFO : Timer.player_added_timer : Stopping Timer
2025-10-30 22:23:36,373 : INFO : EventManager : Event: ======'timer_player_added_timer_stopped'====== Args={'ticks': 1, 'ticks_remaining': 1}
2025-10-30 22:23:36,373 : INFO : EventManager : Event: ======'timer_player_added_timer_complete'====== Args={'ticks': 1, 'ticks_remaining': 1}
2025-10-30 22:23:39,311 : INFO : ball_device.bd_plunger : State: failed_confirm
2025-10-30 22:23:39,311 : INFO : ball_device.bd_plunger : Got timeout (3.0s) before confirm from <playfield.playfield>
2025-10-30 22:23:39,413 : INFO : ball_device.bd_plunger : Confirming eject because target is playfield and ball did not return.
2025-10-30 22:23:39,413 : INFO : ball_device.bd_plunger : Eject successful
2025-10-30 22:23:39,413 : INFO : EventManager : Event: ======'balldevice_bd_plunger_ball_eject_success'====== Args={'balls': 1, 'target': <playfield.playfield>}
2025-10-30 22:23:39,413 : INFO : EventManager : Event: ======'balldevice_playfield_ball_enter'====== Args={'new_balls': 1, 'unclaimed_balls': 1, 'device': <playfield.playfield>}
2025-10-30 22:23:39,413 : INFO : EventManager : Event: ======'playfield_ball_count_change'====== Args={'balls': 1, 'change': 1}
2025-10-30 22:23:39,414 : INFO : EventManager : Event: ======'balldevice_bd_plunger_ball_count_changed'====== Args={'balls': 0}
2025-10-30 22:23:39,414 : INFO : ball_device.bd_plunger : State: idle
2025-10-30 22:24:08,855 : INFO : Machine : Shutting down...
2025-10-30 22:24:08,855 : INFO : EventManager : Event: ======'shutdown'====== Args={}
2025-10-30 22:24:08,856 : INFO : EventManager : Event: ======'mode_game_will_stop'====== Args={}
2025-10-30 22:24:08,856 : INFO : EventManager : Event: ======'mode_game_stopping'====== Args={}
2025-10-30 22:24:08,857 : INFO : EventManager : Event: ======'mode_base_will_stop'====== Args={}
2025-10-30 22:24:08,857 : INFO : EventManager : Event: ======'mode_base_stopping'====== Args={}
2025-10-30 22:24:08,857 : INFO : EventManager : Event: ======'mode_bumpers_will_stop'====== Args={}
2025-10-30 22:24:08,857 : INFO : EventManager : Event: ======'mode_bumpers_stopping'====== Args={}
2025-10-30 22:24:08,857 : INFO : EventManager : Event: ======'stop_mode_bumpers'====== Args={'priority': 0}
2025-10-30 22:24:08,858 : INFO : Mode.bumpers : Stopped.
2025-10-30 22:24:08,858 : INFO : EventManager : Event: ======'modes_active_modes_changed'====== Args={}
2025-10-30 22:24:08,858 : INFO : EventManager : Event: ======'mode_bumpers_stopped'====== Args={}
2025-10-30 22:24:08,858 : INFO : EventManager : Event: ======'clear'====== Args={'key': 'bumpers'}
2025-10-30 22:24:08,858 : INFO : Mode.base : Stopped.
2025-10-30 22:24:08,858 : INFO : EventManager : Event: ======'modes_active_modes_changed'====== Args={}
2025-10-30 22:24:08,858 : INFO : EventManager : Event: ======'mode_base_stopped'====== Args={}
2025-10-30 22:24:08,858 : INFO : EventManager : Event: ======'clear'====== Args={'key': 'base'}
2025-10-30 22:24:08,858 : INFO : Timer.player_added_timer : Stopping Timer
2025-10-30 22:24:08,859 : INFO : EventManager : Event: ======'timer_player_added_timer_stopped'====== Args={'ticks': 1, 'ticks_remaining': 1}
2025-10-30 22:24:08,859 : INFO : Mode.game : Stopped.
2025-10-30 22:24:08,859 : INFO : EventManager : Event: ======'modes_active_modes_changed'====== Args={}
2025-10-30 22:24:08,859 : INFO : EventManager : Event: ======'mode_game_stopped'====== Args={}
2025-10-30 22:24:08,859 : INFO : EventManager : Event: ======'clear'====== Args={'key': 'game'}
2025-10-30 22:24:08,861 : INFO : root : MPF run loop ended.
