2025-11-10 18:23:51,080 : INFO : root : Loading config.
2025-11-10 18:23:51,081 : INFO : YamlMultifileConfigLoader : Machine config file #1: config.yaml
2025-11-10 18:23:51,081 : INFO : ConfigProcessor : Loading config from cache: /var/folders/m3/0d4y64_n3fn8tnkv3ydlhztw0000gn/T/5ca32a6c950d03116abbed96ca44d372.mpf_cache
2025-11-10 18:23:51,094 : INFO : ConfigProcessor : Loading config from cache: /var/folders/m3/0d4y64_n3fn8tnkv3ydlhztw0000gn/T/01c495fa7450a81b4be96cb699872531.mpf_cache
2025-11-10 18:23:51,094 : INFO : ConfigProcessor : Loading config from cache: /var/folders/m3/0d4y64_n3fn8tnkv3ydlhztw0000gn/T/bfde29b5bb803376b0637bb8f0da27a7.mpf_cache
2025-11-10 18:23:51,094 : INFO : ConfigProcessor : Loading config from cache: /var/folders/m3/0d4y64_n3fn8tnkv3ydlhztw0000gn/T/01c495fa7450a81b4be96cb699872531.mpf_cache
2025-11-10 18:23:51,094 : INFO : ConfigProcessor : Loading config from cache: /var/folders/m3/0d4y64_n3fn8tnkv3ydlhztw0000gn/T/3ae89e09515ff8d8b11d68f672b2cc51.mpf_cache
2025-11-10 18:23:51,094 : INFO : ConfigProcessor : Loading config from cache: /var/folders/m3/0d4y64_n3fn8tnkv3ydlhztw0000gn/T/4c420229fa75118c2461cfc9ff5a44e2.mpf_cache
2025-11-10 18:23:51,095 : INFO : ConfigProcessor : Loading config from cache: /var/folders/m3/0d4y64_n3fn8tnkv3ydlhztw0000gn/T/f5ee6852f1764324c8553249cc53c871.mpf_cache
2025-11-10 18:23:51,095 : INFO : ConfigProcessor : Loading config from cache: /var/folders/m3/0d4y64_n3fn8tnkv3ydlhztw0000gn/T/73ac54cb7a83dfa5473900e439743a84.mpf_cache
2025-11-10 18:23:51,095 : INFO : ConfigProcessor : Loading config from cache: /var/folders/m3/0d4y64_n3fn8tnkv3ydlhztw0000gn/T/97c87487bc6ae826da86d36a6e042c78.mpf_cache
2025-11-10 18:23:51,095 : INFO : Machine : Mission Pinball Framework Core Engine v0.80.0.dev10
2025-11-10 18:23:51,095 : INFO : Machine : Command line arguments: {'no_load_cache': False, 'create_config_cache': True, 'bcp': True, 'configfile': ['config.yaml'], 'force_assets_load': False, 'platform_integration_test': False, 'jsonlogging': False, 'logfile': 'logs/2025-11-10-18-23-51-mpf-mac.home.log', 'pause': False, 'production': False, 'text_ui': False, 'loglevel': 15, 'consoleloglevel': 20, 'force_platform': 'smart_virtual', 'syslog_address': None, 'full_logfile_path': '/Users/didiergilbin/Desktop/Homebrew_CSI/logs/2025-11-10-18-23-51-mpf-mac.home.log'}
2025-11-10 18:23:51,095 : INFO : Machine : MPF path: /Users/didiergilbin/mpfenv/lib/python3.13/site-packages/mpf
2025-11-10 18:23:51,095 : INFO : Machine : Machine path: /Users/didiergilbin/Desktop/Homebrew_CSI
2025-11-10 18:23:51,095 : INFO : Machine : Platform: darwin
2025-11-10 18:23:51,095 : INFO : Machine : Python executable location: /Users/didiergilbin/mpfenv/bin/python3.13
2025-11-10 18:23:51,095 : INFO : Machine : Python version: 3.13.7 (64-bit)
2025-11-10 18:23:51,095 : INFO : Machine : Initializing MPF...
2025-11-10 18:23:51,109 : INFO : EventManager : Event: ======'machine_var_credits_string'====== Args={'value': 'FREE PLAY', 'prev_value': None, 'change': True}
2025-11-10 18:23:51,113 : INFO : EventManager : Event: ======'machine_var_master_volume'====== Args={'value': 0.5, 'prev_value': None, 'change': True}
2025-11-10 18:23:51,113 : INFO : EventManager : Event: ======'machine_var_player1_score'====== Args={'value': 368000, 'prev_value': None, 'change': True}
2025-11-10 18:23:51,113 : INFO : EventManager : Event: ======'machine_var_player2_score'====== Args={'value': 24000, 'prev_value': None, 'change': True}
2025-11-10 18:23:51,113 : INFO : EventManager : Event: ======'machine_var_player3_score'====== Args={'value': 21000, 'prev_value': None, 'change': True}
2025-11-10 18:23:51,113 : INFO : EventManager : Event: ======'machine_var_player4_score'====== Args={'value': 0, 'prev_value': None, 'change': True}
2025-11-10 18:23:51,113 : INFO : EventManager : Event: ======'machine_var_mpf_version'====== Args={'value': 'Mission Pinball Framework v0.80.0.dev10', 'prev_value': None, 'change': True}
2025-11-10 18:23:51,113 : INFO : EventManager : Event: ======'machine_var_mpf_extended_version'====== Args={'value': 'Mission Pinball Framework v0.80.0.dev10, Config version:6, Show version: 6, BCP version:1.1', 'prev_value': None, 'change': True}
2025-11-10 18:23:51,113 : INFO : EventManager : Event: ======'machine_var_python_version'====== Args={'value': '3.13.7', 'prev_value': None, 'change': True}
2025-11-10 18:23:51,120 : INFO : EventManager : Event: ======'machine_var_platform'====== Args={'value': 'macOS-15.6.1-arm64-arm-64bit-Mach-O', 'prev_value': None, 'change': True}
2025-11-10 18:23:51,120 : INFO : EventManager : Event: ======'machine_var_platform_system'====== Args={'value': 'Darwin', 'prev_value': None, 'change': True}
2025-11-10 18:23:51,120 : INFO : EventManager : Event: ======'machine_var_platform_release'====== Args={'value': '24.6.0', 'prev_value': None, 'change': True}
2025-11-10 18:23:51,120 : INFO : EventManager : Event: ======'machine_var_platform_version'====== Args={'value': 'Darwin Kernel Version 24.6.0: Mon Jul 14 11:30:40 PDT 2025; root:xnu-11417.140.69~1/RELEASE_ARM64_T8132', 'prev_value': None, 'change': True}
2025-11-10 18:23:51,120 : INFO : EventManager : Event: ======'machine_var_platform_machine'====== Args={'value': 'arm64', 'prev_value': None, 'change': True}
2025-11-10 18:23:51,120 : INFO : EventManager : Event: ======'machine_var_log_file_path'====== Args={'value': '/Users/didiergilbin/Desktop/Homebrew_CSI/logs/2025-11-10-18-23-51-mpf-mac.home.log', 'prev_value': None, 'change': True}
2025-11-10 18:23:51,120 : INFO : EventManager : Event: ======'init_phase_1'====== Args={}
2025-11-10 18:23:51,126 : INFO : EventManager : Event: ======'init_phase_2'====== Args={}
2025-11-10 18:23:51,126 : INFO : SwitchController : Found active switch: ('2', <Platform.SmartVirtual>) <switch.s_trough1>
2025-11-10 18:23:51,126 : INFO : SwitchController : Found active switch: ('3', <Platform.SmartVirtual>) <switch.s_trough2>
2025-11-10 18:23:51,126 : INFO : SwitchController : Found active switch: ('4', <Platform.SmartVirtual>) <switch.s_trough3>
2025-11-10 18:23:51,126 : INFO : SwitchController : Found active switch: ('5', <Platform.SmartVirtual>) <switch.s_trough4>
2025-11-10 18:23:51,127 : INFO : EventManager : Event: ======'bcp_connection_attempt'====== Args={'name': 'local_display', 'host': 'localhost', 'port': 5050}
2025-11-10 18:23:51,128 : INFO : BCPClientSocket : Connecting BCP to 'local_display' at localhost:5050...
2025-11-10 18:23:51,130 : INFO : BCPClientSocket : Connected BCP to 'local_display' localhost:5050
2025-11-10 18:23:51,130 : INFO : EventManager : Event: ======'bcp_clients_connected'====== Args={}
2025-11-10 18:23:51,130 : INFO : ball_device.bd_drain : BCH: Initial count: 0
2025-11-10 18:23:51,130 : INFO : ball_device.bd_drain : State: idle
2025-11-10 18:23:51,131 : INFO : ball_device.bd_trough : BCH: Initial count: 4
2025-11-10 18:23:51,131 : INFO : ball_device.bd_trough : State: idle
2025-11-10 18:23:51,131 : INFO : ball_device.bd_plunger : BCH: Initial count: 0
2025-11-10 18:23:51,131 : INFO : ball_device.bd_plunger : State: idle
2025-11-10 18:23:51,134 : INFO : EventManager : Event: ======'init_phase_3'====== Args={}
2025-11-10 18:23:51,135 : INFO : EventManager : Event: ======'init_phase_4'====== Args={}
2025-11-10 18:23:51,135 : INFO : BallController : Initial balls found: 4
2025-11-10 18:23:51,135 : INFO : EventManager : Event: ======'machine_var_audits_events_game_ended'====== Args={'value': 54, 'prev_value': None, 'change': True}
2025-11-10 18:23:51,135 : INFO : EventManager : Event: ======'machine_var_audits_events_game_started'====== Args={'value': 495, 'prev_value': None, 'change': True}
2025-11-10 18:23:51,135 : INFO : EventManager : Event: ======'machine_var_audits_missing_switches_s_drain'====== Args={'value': 20, 'prev_value': None, 'change': True}
2025-11-10 18:23:51,135 : INFO : EventManager : Event: ======'machine_var_audits_missing_switches_s_launch_button'====== Args={'value': 142, 'prev_value': None, 'change': True}
2025-11-10 18:23:51,135 : INFO : EventManager : Event: ======'machine_var_audits_missing_switches_s_left_inlane1'====== Args={'value': 28, 'prev_value': None, 'change': True}
2025-11-10 18:23:51,135 : INFO : EventManager : Event: ======'machine_var_audits_missing_switches_s_left_inlane2'====== Args={'value': 28, 'prev_value': None, 'change': True}
2025-11-10 18:23:51,135 : INFO : EventManager : Event: ======'machine_var_audits_missing_switches_s_left_outlane'====== Args={'value': 110, 'prev_value': None, 'change': True}
2025-11-10 18:23:51,135 : INFO : EventManager : Event: ======'machine_var_audits_missing_switches_s_popbumper1'====== Args={'value': 3, 'prev_value': None, 'change': True}
2025-11-10 18:23:51,135 : INFO : EventManager : Event: ======'machine_var_audits_missing_switches_s_popbumper2'====== Args={'value': 3, 'prev_value': None, 'change': True}
2025-11-10 18:23:51,135 : INFO : EventManager : Event: ======'machine_var_audits_missing_switches_s_popbumper3'====== Args={'value': 4, 'prev_value': None, 'change': True}
2025-11-10 18:23:51,135 : INFO : EventManager : Event: ======'machine_var_audits_missing_switches_s_right_inlane'====== Args={'value': 28, 'prev_value': None, 'change': True}
2025-11-10 18:23:51,135 : INFO : EventManager : Event: ======'machine_var_audits_missing_switches_s_right_orbit'====== Args={'value': 28, 'prev_value': None, 'change': True}
2025-11-10 18:23:51,135 : INFO : EventManager : Event: ======'machine_var_audits_missing_switches_s_right_outlane'====== Args={'value': 110, 'prev_value': None, 'change': True}
2025-11-10 18:23:51,135 : INFO : EventManager : Event: ======'machine_var_audits_missing_switches_s_scoop'====== Args={'value': 28, 'prev_value': None, 'change': True}
2025-11-10 18:23:51,135 : INFO : EventManager : Event: ======'machine_var_audits_missing_switches_s_sling_left'====== Args={'value': 495, 'prev_value': None, 'change': True}
2025-11-10 18:23:51,135 : INFO : EventManager : Event: ======'machine_var_audits_missing_switches_s_sling_right'====== Args={'value': 495, 'prev_value': None, 'change': True}
2025-11-10 18:23:51,135 : INFO : EventManager : Event: ======'machine_var_audits_missing_switches_s_start'====== Args={'value': 20, 'prev_value': None, 'change': True}
2025-11-10 18:23:51,135 : INFO : EventManager : Event: ======'machine_var_audits_missing_switches_s_trough1'====== Args={'value': 20, 'prev_value': None, 'change': True}
2025-11-10 18:23:51,135 : INFO : EventManager : Event: ======'machine_var_audits_missing_switches_s_trough2'====== Args={'value': 56, 'prev_value': None, 'change': True}
2025-11-10 18:23:51,135 : INFO : EventManager : Event: ======'machine_var_audits_missing_switches_s_trough3'====== Args={'value': 273, 'prev_value': None, 'change': True}
2025-11-10 18:23:51,135 : INFO : EventManager : Event: ======'machine_var_audits_missing_switches_s_trough4'====== Args={'value': 273, 'prev_value': None, 'change': True}
2025-11-10 18:23:51,135 : INFO : EventManager : Event: ======'machine_var_audits_missing_switches_s_trough_jam'====== Args={'value': 209, 'prev_value': None, 'change': True}
2025-11-10 18:23:51,135 : INFO : EventManager : Event: ======'machine_var_audits_player_score'====== Args={'value': {'average': 215167, 'top': [10210000, 1550000, 1070000, 1070000, 810000, 710000, 640000, 570000, 530000, 480000], 'total': 118}, 'prev_value': None, 'change': True}
2025-11-10 18:23:51,135 : INFO : EventManager : Event: ======'machine_var_audits_shots_bumper1'====== Args={'value': 4322, 'prev_value': None, 'change': True}
2025-11-10 18:23:51,135 : INFO : EventManager : Event: ======'machine_var_audits_shots_bumper2'====== Args={'value': 4254, 'prev_value': None, 'change': True}
2025-11-10 18:23:51,135 : INFO : EventManager : Event: ======'machine_var_audits_shots_bumper3'====== Args={'value': 4078, 'prev_value': None, 'change': True}
2025-11-10 18:23:51,135 : INFO : EventManager : Event: ======'machine_var_audits_shots_c_shot'====== Args={'value': 162, 'prev_value': None, 'change': True}
2025-11-10 18:23:51,135 : INFO : EventManager : Event: ======'machine_var_audits_shots_csi_shot'====== Args={'value': 9, 'prev_value': None, 'change': True}
2025-11-10 18:23:51,135 : INFO : EventManager : Event: ======'machine_var_audits_shots_i_shot'====== Args={'value': 135, 'prev_value': None, 'change': True}
2025-11-10 18:23:51,135 : INFO : EventManager : Event: ======'machine_var_audits_shots_s_shot'====== Args={'value': 152, 'prev_value': None, 'change': True}
2025-11-10 18:23:51,135 : INFO : EventManager : Event: ======'machine_var_audits_shots_switch_shot'====== Args={'value': 245, 'prev_value': None, 'change': True}
2025-11-10 18:23:51,135 : INFO : EventManager : Event: ======'machine_var_audits_switches_s_drain'====== Args={'value': 541, 'prev_value': None, 'change': True}
2025-11-10 18:23:51,135 : INFO : EventManager : Event: ======'machine_var_audits_switches_s_launch_button'====== Args={'value': 1, 'prev_value': None, 'change': True}
2025-11-10 18:23:51,135 : INFO : EventManager : Event: ======'machine_var_audits_switches_s_left_flipper'====== Args={'value': 432, 'prev_value': None, 'change': True}
2025-11-10 18:23:51,135 : INFO : EventManager : Event: ======'machine_var_audits_switches_s_left_inlane1'====== Args={'value': 172, 'prev_value': None, 'change': True}
2025-11-10 18:23:51,135 : INFO : EventManager : Event: ======'machine_var_audits_switches_s_left_inlane2'====== Args={'value': 159, 'prev_value': None, 'change': True}
2025-11-10 18:23:51,135 : INFO : EventManager : Event: ======'machine_var_audits_switches_s_left_outlane'====== Args={'value': 1, 'prev_value': None, 'change': True}
2025-11-10 18:23:51,135 : INFO : EventManager : Event: ======'machine_var_audits_switches_s_plunger_lane'====== Args={'value': 876, 'prev_value': None, 'change': True}
2025-11-10 18:23:51,135 : INFO : EventManager : Event: ======'machine_var_audits_switches_s_popbumper1'====== Args={'value': 4366, 'prev_value': None, 'change': True}
2025-11-10 18:23:51,135 : INFO : EventManager : Event: ======'machine_var_audits_switches_s_popbumper2'====== Args={'value': 4295, 'prev_value': None, 'change': True}
2025-11-10 18:23:51,135 : INFO : EventManager : Event: ======'machine_var_audits_switches_s_popbumper3'====== Args={'value': 4120, 'prev_value': None, 'change': True}
2025-11-10 18:23:51,135 : INFO : EventManager : Event: ======'machine_var_audits_switches_s_ramp'====== Args={'value': 674, 'prev_value': None, 'change': True}
2025-11-10 18:23:51,135 : INFO : EventManager : Event: ======'machine_var_audits_switches_s_right_flipper'====== Args={'value': 710, 'prev_value': None, 'change': True}
2025-11-10 18:23:51,135 : INFO : EventManager : Event: ======'machine_var_audits_switches_s_right_inlane'====== Args={'value': 141, 'prev_value': None, 'change': True}
2025-11-10 18:23:51,135 : INFO : EventManager : Event: ======'machine_var_audits_switches_s_right_orbit'====== Args={'value': 47, 'prev_value': None, 'change': True}
2025-11-10 18:23:51,135 : INFO : EventManager : Event: ======'machine_var_audits_switches_s_right_outlane'====== Args={'value': 5, 'prev_value': None, 'change': True}
2025-11-10 18:23:51,135 : INFO : EventManager : Event: ======'machine_var_audits_switches_s_scoop'====== Args={'value': 428, 'prev_value': None, 'change': True}
2025-11-10 18:23:51,135 : INFO : EventManager : Event: ======'machine_var_audits_switches_s_skull_lock1'====== Args={'value': 42, 'prev_value': None, 'change': True}
2025-11-10 18:23:51,135 : INFO : EventManager : Event: ======'machine_var_audits_switches_s_skull_lock2'====== Args={'value': 45, 'prev_value': None, 'change': True}
2025-11-10 18:23:51,135 : INFO : EventManager : Event: ======'machine_var_audits_switches_s_sling_left'====== Args={'value': 0, 'prev_value': None, 'change': True}
2025-11-10 18:23:51,135 : INFO : EventManager : Event: ======'machine_var_audits_switches_s_sling_right'====== Args={'value': 0, 'prev_value': None, 'change': True}
2025-11-10 18:23:51,135 : INFO : EventManager : Event: ======'machine_var_audits_switches_s_start'====== Args={'value': 661, 'prev_value': None, 'change': True}
2025-11-10 18:23:51,135 : INFO : EventManager : Event: ======'machine_var_audits_switches_s_trough1'====== Args={'value': 382, 'prev_value': None, 'change': True}
2025-11-10 18:23:51,135 : INFO : EventManager : Event: ======'machine_var_audits_switches_s_trough2'====== Args={'value': 18, 'prev_value': None, 'change': True}
2025-11-10 18:23:51,135 : INFO : EventManager : Event: ======'machine_var_audits_switches_s_trough3'====== Args={'value': 1, 'prev_value': None, 'change': True}
2025-11-10 18:23:51,135 : INFO : EventManager : Event: ======'machine_var_audits_switches_s_trough4'====== Args={'value': 1, 'prev_value': None, 'change': True}
2025-11-10 18:23:51,135 : INFO : EventManager : Event: ======'machine_var_audits_switches_s_trough_jam'====== Args={'value': 8, 'prev_value': None, 'change': True}
2025-11-10 18:23:51,136 : INFO : EventManager : Event: ======'init_phase_5'====== Args={}
2025-11-10 18:23:51,136 : INFO : EventManager : Event: ======'init_done'====== Args={}
2025-11-10 18:23:51,136 : INFO : EventManager : Event: ======'machine_reset_phase_1'====== Args={}
2025-11-10 18:23:51,144 : INFO : EventManager : Event: ======'machine_reset_phase_2'====== Args={}
2025-11-10 18:23:51,144 : INFO : EventManager : Event: ======'machine_reset_phase_3'====== Args={}
2025-11-10 18:23:51,145 : INFO : EventManager : Event: ======'reset_complete'====== Args={}
2025-11-10 18:23:51,145 : INFO : EventManager : Event: ======'mode_attract_will_start'====== Args={}
2025-11-10 18:23:51,145 : INFO : Timer.attract_carousel_timer : Starting Timer.
2025-11-10 18:23:51,145 : INFO : EventManager : Event: ======'timer_attract_carousel_timer_started'====== Args={'ticks': 0, 'ticks_remaining': 1}
2025-11-10 18:23:51,145 : INFO : EventManager : Event: ======'timer_attract_carousel_timer_tick'====== Args={'ticks': 0, 'ticks_remaining': 1}
2025-11-10 18:23:51,145 : INFO : EventManager : Event: ======'mode_attract_starting'====== Args={}
2025-11-10 18:23:51,145 : INFO : Mode.attract : Started. Priority: 10
2025-11-10 18:23:51,145 : INFO : EventManager : Event: ======'modes_active_modes_changed'====== Args={}
2025-11-10 18:23:51,145 : INFO : EventManager : Event: ======'mode_attract_started'====== Args={}
2025-11-10 18:23:51,145 : INFO : EventManager : Event: ======'collecting_balls_complete'====== Args={}
2025-11-10 18:23:51,145 : INFO : EventManager : Event: ======'carousel_item_highlighted'====== Args={'carousel': 'attract', 'direction': None, 'item': 'title'}
2025-11-10 18:23:51,146 : INFO : Machine : Starting the main run loop with active modes: [<Mode.attract>]
2025-11-10 18:23:51,533 : INFO : EventManager : Event: ======'slide_attract_created'====== Args={'_from_bcp': True}
2025-11-10 18:23:51,533 : INFO : EventManager : Event: ======'slide__removed'====== Args={'_from_bcp': True}
2025-11-10 18:23:51,533 : INFO : EventManager : Event: ======'slide_attract_active'====== Args={'original_context': 'attract', 'original_calling_context': 'mode_attract_started', 'priority': 10.0, 'cmd': 'slides_play', '_from_bcp': True}
2025-11-10 18:23:51,712 : INFO : BcpServer : New client connected.
2025-11-10 18:23:55,294 : INFO : SwitchController : <<<<<<< 's_start' active >>>>>>>
2025-11-10 18:23:55,394 : INFO : SwitchController : <<<<<<< 's_start' inactive >>>>>>>
2025-11-10 18:23:55,394 : INFO : EventManager : Event: ======'request_to_start_game'====== Args={}
2025-11-10 18:23:55,395 : INFO : EventManager : Event: ======'game_start'====== Args={'buttons': [], 'hold_time': 0.09966308309230953}
2025-11-10 18:23:55,396 : INFO : EventManager : Event: ======'mode_game_will_start'====== Args={'buttons': [], 'hold_time': 0.09966308309230953}
2025-11-10 18:23:55,397 : INFO : EventManager : Event: ======'mode_game_starting'====== Args={'buttons': [], 'hold_time': 0.09966308309230953}
2025-11-10 18:23:55,398 : INFO : EventManager : Event: ======'mode_attract_will_stop'====== Args={}
2025-11-10 18:23:55,398 : INFO : EventManager : Event: ======'mode_attract_stopping'====== Args={}
2025-11-10 18:23:55,398 : INFO : Mode.attract : Stopped.
2025-11-10 18:23:55,399 : INFO : EventManager : Event: ======'modes_active_modes_changed'====== Args={}
2025-11-10 18:23:55,399 : INFO : EventManager : Event: ======'mode_attract_stopped'====== Args={}
2025-11-10 18:23:55,399 : INFO : EventManager : Event: ======'clear'====== Args={'key': 'attract'}
2025-11-10 18:23:55,400 : INFO : Timer.attract_carousel_timer : Stopping Timer
2025-11-10 18:23:55,400 : INFO : EventManager : Event: ======'timer_attract_carousel_timer_stopped'====== Args={'ticks': 0, 'ticks_remaining': 1}
2025-11-10 18:23:55,401 : INFO : Mode.game : Started. Priority: 20
2025-11-10 18:23:55,401 : INFO : EventManager : Event: ======'modes_active_modes_changed'====== Args={}
2025-11-10 18:23:55,401 : INFO : EventManager : Event: ======'mode_game_started'====== Args={'buttons': [], 'hold_time': 0.09966308309230953}
2025-11-10 18:23:55,402 : INFO : EventManager : Event: ======'game_will_start'====== Args={}
2025-11-10 18:23:55,403 : INFO : EventManager : Event: ======'game_starting'====== Args={'game': <Mode.game>}
2025-11-10 18:23:55,404 : INFO : EventManager : Unordered handler for class <Auditor> on event game_ended with priority 1. Handlers: [RegisteredHandler(callback=<bound method Auditor.disable of <Auditor>>, priority=1, kwargs={}, key=UUID('1423e475-34ff-42de-a032-787ccf7ad35e'), condition=None, blocking_facility=None), RegisteredHandler(callback=<bound method Auditor._save_audits of <Auditor>>, priority=1, kwargs={}, key=UUID('d6a77780-f889-4a95-99ba-a6d1d33a21ef'), condition=None, blocking_facility=None)]. The order of those handlers is not defined and they will be executed in random order. This might lead to race conditions and potential bugs.
2025-11-10 18:23:55,404 : INFO : EventManager : Event: ======'player_add_request'====== Args={}
2025-11-10 18:23:55,404 : INFO : EventManager : Event: ======'player_will_add'====== Args={'number': 1}
2025-11-10 18:23:55,405 : INFO : EventManager : Event: ======'player_adding'====== Args={'player': <Player 1>, 'number': 1}
2025-11-10 18:23:55,405 : INFO : EventManager : Event: ======'player_added'====== Args={'player': <Player 1>, 'num': 1}
2025-11-10 18:23:55,405 : INFO : Mode.game : Player added successfully. Total players: 1
2025-11-10 18:23:55,405 : INFO : EventManager : Event: ======'player_index'====== Args={'value': 0, 'prev_value': 0, 'change': 0, 'player_num': 1}
2025-11-10 18:23:55,406 : INFO : EventManager : Event: ======'player_number'====== Args={'value': 1, 'prev_value': 1, 'change': 0, 'player_num': 1}
2025-11-10 18:23:55,406 : INFO : EventManager : Event: ======'player_bonus_multiplier'====== Args={'value': 1, 'prev_value': 1, 'change': 0, 'player_num': 1}
2025-11-10 18:23:55,406 : INFO : EventManager : Event: ======'player_skull_ramp_nb'====== Args={'value': 0, 'prev_value': 0, 'change': 0, 'player_num': 1}
2025-11-10 18:23:55,407 : INFO : EventManager : Event: ======'player_score'====== Args={'value': 0, 'prev_value': 0, 'change': 0, 'player_num': 1}
2025-11-10 18:23:55,407 : INFO : EventManager : Event: ======'game_started'====== Args={}
2025-11-10 18:23:55,407 : INFO : EventManager : Event: ======'player_turn_will_start'====== Args={'player': <Player 1>, 'number': 1}
2025-11-10 18:23:55,408 : INFO : EventManager : Event: ======'player_turn_starting'====== Args={'player': <Player 1>, 'number': 1}
2025-11-10 18:23:55,416 : INFO : EventManager : Event: ======'player_ball'====== Args={'value': 1, 'prev_value': 0, 'change': 1, 'player_num': 1}
2025-11-10 18:23:55,417 : INFO : EventManager : Event: ======'player_turn_started'====== Args={'player': <Player 1>, 'number': 1}
2025-11-10 18:23:55,417 : INFO : EventManager : Event: ======'ball_will_start'====== Args={'player': 1, 'ball': 1, 'balls_remaining': 2, 'is_extra_ball': False}
2025-11-10 18:23:55,417 : INFO : EventManager : Event: ======'ball_starting'====== Args={'player': 1, 'ball': 1, 'balls_remaining': 2, 'is_extra_ball': False}
2025-11-10 18:23:55,418 : INFO : EventManager : Event: ======'mode_base_will_start'====== Args={'queue': <QueuedEvent>, 'player': 1, 'ball': 1, 'balls_remaining': 2, 'is_extra_ball': False}
2025-11-10 18:23:55,418 : INFO : EventManager : Event: ======'player_base_player_added_timer_tick'====== Args={'value': 0, 'prev_value': 0, 'change': 0, 'player_num': 1}
2025-11-10 18:23:55,418 : INFO : Timer.player_added_timer : Starting Timer.
2025-11-10 18:23:55,419 : INFO : EventManager : Event: ======'timer_player_added_timer_started'====== Args={'ticks': 0, 'ticks_remaining': 1}
2025-11-10 18:23:55,419 : INFO : EventManager : Event: ======'timer_player_added_timer_tick'====== Args={'ticks': 0, 'ticks_remaining': 1}
2025-11-10 18:23:55,420 : INFO : EventManager : Event: ======'mode_base_starting'====== Args={'queue': <QueuedEvent>, 'player': 1, 'ball': 1, 'balls_remaining': 2, 'is_extra_ball': False}
2025-11-10 18:23:55,420 : INFO : Mode.base : Started. Priority: 100
2025-11-10 18:23:55,420 : INFO : EventManager : Event: ======'modes_active_modes_changed'====== Args={}
2025-11-10 18:23:55,420 : INFO : EventManager : Event: ======'mode_base_started'====== Args={'queue': <QueuedEvent>, 'player': 1, 'ball': 1, 'balls_remaining': 2, 'is_extra_ball': False}
2025-11-10 18:23:55,420 : INFO : EventManager : Event: ======'start_mode_bumpers'====== Args={'priority': 0}
2025-11-10 18:23:55,421 : INFO : EventManager : Event: ======'start_mode_csi_lanes'====== Args={'priority': 0}
2025-11-10 18:23:55,421 : INFO : EventManager : Event: ======'start_mode_skull'====== Args={'priority': 0}
2025-11-10 18:23:55,421 : INFO : EventManager : Event: ======'mode_bumpers_will_start'====== Args={'priority': 0}
2025-11-10 18:23:55,421 : INFO : EventManager : Event: ======'player_shot_bumper1_enabled'====== Args={'value': True, 'prev_value': 0, 'change': 1, 'player_num': 1}
2025-11-10 18:23:55,422 : INFO : EventManager : Event: ======'player_shot_bumper2_enabled'====== Args={'value': True, 'prev_value': 0, 'change': 1, 'player_num': 1}
2025-11-10 18:23:55,422 : INFO : EventManager : Event: ======'player_shot_bumper3_enabled'====== Args={'value': True, 'prev_value': 0, 'change': 1, 'player_num': 1}
2025-11-10 18:23:55,423 : INFO : EventManager : Event: ======'bumpers_complete'====== Args={'state': 'unlit'}
2025-11-10 18:23:55,423 : INFO : EventManager : Event: ======'bumpers_unlit_complete'====== Args={}
2025-11-10 18:23:55,424 : INFO : EventManager : Event: ======'player_bumpers_bumper_timer_tick'====== Args={'value': 0, 'prev_value': 0, 'change': 0, 'player_num': 1}
2025-11-10 18:23:55,425 : INFO : Timer.bumper_timer : Starting Timer.
2025-11-10 18:23:55,425 : INFO : EventManager : Event: ======'timer_bumper_timer_started'====== Args={'ticks': 0, 'ticks_remaining': 1}
2025-11-10 18:23:55,425 : INFO : EventManager : Event: ======'timer_bumper_timer_tick'====== Args={'ticks': 0, 'ticks_remaining': 1}
2025-11-10 18:23:55,425 : INFO : EventManager : Event: ======'mode_bumpers_starting'====== Args={'priority': 0}
2025-11-10 18:23:55,426 : INFO : EventManager : Event: ======'mode_csi_lanes_will_start'====== Args={'priority': 0}
2025-11-10 18:23:55,426 : INFO : EventManager : Event: ======'player_shot_c_shot_enabled'====== Args={'value': True, 'prev_value': 0, 'change': 1, 'player_num': 1}
2025-11-10 18:23:55,427 : INFO : EventManager : Event: ======'player_shot_s_shot_enabled'====== Args={'value': True, 'prev_value': 0, 'change': 1, 'player_num': 1}
2025-11-10 18:23:55,427 : INFO : EventManager : Event: ======'player_shot_i_shot_enabled'====== Args={'value': True, 'prev_value': 0, 'change': 1, 'player_num': 1}
2025-11-10 18:23:55,427 : INFO : EventManager : Event: ======'csi_shots_complete'====== Args={'state': 'unlit'}
2025-11-10 18:23:55,427 : INFO : EventManager : Event: ======'csi_shots_unlit_complete'====== Args={}
2025-11-10 18:23:55,428 : INFO : EventManager : Event: ======'player_csi_lanes_csi_lanes_timer_tick'====== Args={'value': 0, 'prev_value': 0, 'change': 0, 'player_num': 1}
2025-11-10 18:23:55,428 : INFO : Timer.csi_lanes_timer : Starting Timer.
2025-11-10 18:23:55,428 : INFO : EventManager : Event: ======'timer_csi_lanes_timer_started'====== Args={'ticks': 0, 'ticks_remaining': 1}
2025-11-10 18:23:55,428 : INFO : EventManager : Event: ======'timer_csi_lanes_timer_tick'====== Args={'ticks': 0, 'ticks_remaining': 1}
2025-11-10 18:23:55,429 : INFO : EventManager : Event: ======'player_csi_lanes_csi_right_orbit_timer_tick'====== Args={'value': 0, 'prev_value': 0, 'change': 0, 'player_num': 1}
2025-11-10 18:23:55,430 : INFO : EventManager : Event: ======'mode_csi_lanes_starting'====== Args={'priority': 0}
2025-11-10 18:23:55,430 : INFO : EventManager : Event: ======'mode_skull_will_start'====== Args={'priority': 0}
2025-11-10 18:23:55,430 : INFO : EventManager : Event: ======'player_skull_pause_timer_tick'====== Args={'value': 0, 'prev_value': 0, 'change': 0, 'player_num': 1}
2025-11-10 18:23:55,431 : INFO : Timer.pause_timer : Starting Timer.
2025-11-10 18:23:55,431 : INFO : EventManager : Event: ======'timer_pause_timer_started'====== Args={'ticks': 0, 'ticks_remaining': 1}
2025-11-10 18:23:55,431 : INFO : EventManager : Event: ======'timer_pause_timer_tick'====== Args={'ticks': 0, 'ticks_remaining': 1}
2025-11-10 18:23:55,432 : INFO : EventManager : Event: ======'mode_skull_starting'====== Args={'priority': 0}
2025-11-10 18:23:55,432 : INFO : Mode.bumpers : Started. Priority: 200
2025-11-10 18:23:55,432 : INFO : EventManager : Event: ======'modes_active_modes_changed'====== Args={}
2025-11-10 18:23:55,432 : INFO : EventManager : Event: ======'mode_bumpers_started'====== Args={'priority': 0}
2025-11-10 18:23:55,432 : INFO : EventManager : Event: ======'balls_in_play'====== Args={'balls': 1}
2025-11-10 18:23:55,432 : INFO : EventManager : Event: ======'ball_started'====== Args={'player': 1, 'ball': 1, 'balls_remaining': 2, 'is_extra_ball': False}
2025-11-10 18:23:55,433 : INFO : EventManager : Event: ======'logicblock_csi_lanes_then_scoop_updated'====== Args={'value': 0, 'enabled': True}
2025-11-10 18:23:55,433 : INFO : EventManager : Event: ======'logicblock_csi_lanes_then_scoop_then_right_orbit_updated'====== Args={'value': 0, 'enabled': True}
2025-11-10 18:23:55,433 : INFO : EventManager : Event: ======'logicblock_csi_lanes_then_scoop_updated'====== Args={'value': 0, 'enabled': True}
2025-11-10 18:23:55,433 : INFO : EventManager : Event: ======'logicblock_csi_lanes_then_scoop_then_right_orbit_updated'====== Args={'value': 0, 'enabled': True}
2025-11-10 18:23:55,433 : INFO : Mode.csi_lanes : Started. Priority: 200
2025-11-10 18:23:55,433 : INFO : EventManager : Event: ======'modes_active_modes_changed'====== Args={}
2025-11-10 18:23:55,433 : INFO : EventManager : Event: ======'mode_csi_lanes_started'====== Args={'priority': 0}
2025-11-10 18:23:55,434 : INFO : EventManager : Event: ======'player_multiplier'====== Args={'value': 1, 'prev_value': 0, 'change': 1, 'player_num': 1, 'source': 'csi_lanes'}
2025-11-10 18:23:55,434 : INFO : EventManager : Event: ======'logicblock_seq_lock1_updated'====== Args={'value': 0, 'enabled': True}
2025-11-10 18:23:55,434 : INFO : EventManager : Event: ======'logicblock_seq_lock2_updated'====== Args={'value': 0, 'enabled': True}
2025-11-10 18:23:55,434 : INFO : EventManager : Event: ======'logicblock_seq_ready_for_MB_updated'====== Args={'value': 0, 'enabled': True}
2025-11-10 18:23:55,434 : INFO : EventManager : Event: ======'logicblock_seq_lock1_updated'====== Args={'value': 0, 'enabled': True}
2025-11-10 18:23:55,434 : INFO : EventManager : Event: ======'logicblock_seq_lock2_updated'====== Args={'value': 0, 'enabled': True}
2025-11-10 18:23:55,434 : INFO : EventManager : Event: ======'logicblock_seq_ready_for_MB_updated'====== Args={'value': 0, 'enabled': True}
2025-11-10 18:23:55,434 : INFO : Mode.skull : Started. Priority: 200
2025-11-10 18:23:55,434 : INFO : EventManager : Event: ======'modes_active_modes_changed'====== Args={}
2025-11-10 18:23:55,434 : INFO : EventManager : Event: ======'mode_skull_started'====== Args={'priority': 0}
2025-11-10 18:23:55,435 : INFO : EventManager : Event: ======'single_player_ball_started'====== Args={}
2025-11-10 18:23:55,435 : INFO : EventManager : Event: ======'ball_start_target'====== Args={'target': 'playfield'}
2025-11-10 18:23:55,435 : INFO : ball_device.bd_trough : Setting up player-controlled eject. Balls: 1, Target: <playfield.playfield>, player_controlled_eject_event: None
2025-11-10 18:23:55,435 : INFO : ball_device.bd_trough : Adding 1 ball(s) to the eject_queue with target <playfield.playfield>.
2025-11-10 18:23:55,435 : INFO : EventManager : Event: ======'balldevice_balls_available'====== Args={}
2025-11-10 18:23:55,436 : INFO : ball_device.bd_trough : State: waiting_for_target_ready
2025-11-10 18:23:55,436 : INFO : EventManager : Event: ======'balldevice_bd_trough_ball_eject_attempt'====== Args={'balls': 1, 'target': <ball_device.bd_plunger>, 'source': <ball_device.bd_trough>, 'mechanical_eject': False, 'num_attempts': 0}
2025-11-10 18:23:55,436 : INFO : ball_device.bd_plunger : State: waiting_for_ball
2025-11-10 18:23:55,436 : INFO : ball_device.bd_trough : State: ejecting
2025-11-10 18:23:55,436 : INFO : ball_device.bd_trough : Ejecting ball to <ball_device.bd_plunger>
2025-11-10 18:23:55,436 : INFO : EventManager : Event: ======'balldevice_bd_trough_ejecting_ball'====== Args={'balls': 1, 'target': <ball_device.bd_plunger>, 'source': <ball_device.bd_trough>, 'mechanical_eject': False, 'num_attempts': 0}
2025-11-10 18:23:55,436 : INFO : ball_device.bd_trough : Wait for ball to leave device
2025-11-10 18:23:55,437 : INFO : coil.c_trough_eject : Pulsing Driver for 20ms (1.0 pulse_power)
2025-11-10 18:23:55,437 : INFO : SwitchController : <<<<<<< 's_trough1' inactive >>>>>>>
2025-11-10 18:23:55,437 : INFO : ball_device.bd_trough : State: ball_left
2025-11-10 18:23:55,437 : INFO : ball_device.bd_trough : Ball left
2025-11-10 18:23:55,437 : INFO : ball_device.bd_trough : Wait for confirm with timeout 3.0
2025-11-10 18:23:55,538 : INFO : SwitchController : <<<<<<< 's_plunger_lane' active >>>>>>>
2025-11-10 18:23:55,538 : INFO : EventManager : Event: ======'machine_var_audits_switches_s_plunger_lane'====== Args={'value': 877, 'prev_value': 876, 'change': 1}
2025-11-10 18:23:55,563 : INFO : EventManager : Event: ======'slide_base_slide_created'====== Args={'_from_bcp': True}
2025-11-10 18:23:55,563 : INFO : EventManager : Event: ======'slide_attract_inactive'====== Args={'is_removing': True, '_from_bcp': True}
2025-11-10 18:23:55,563 : INFO : EventManager : Event: ======'slide_base_slide_active'====== Args={'original_context': 'base', 'original_calling_context': 'mode_base_started', 'priority': 100.0, 'queue': '<QueuedEvent>', 'player': 1.0, 'ball': 1.0, 'balls_remaining': 2.0, 'is_extra_ball': False, 'cmd': 'slides_play', '_from_bcp': True}
2025-11-10 18:23:55,564 : INFO : EventManager : Event: ======'slide_attract_removed'====== Args={'_from_bcp': True}
2025-11-10 18:23:55,926 : INFO : EventManager : Event: ======'player_bumpers_bumper_timer_tick'====== Args={'value': 1, 'prev_value': 0, 'change': 1, 'player_num': 1}
2025-11-10 18:23:55,927 : INFO : Timer.bumper_timer : Timer Complete
2025-11-10 18:23:55,928 : INFO : Timer.bumper_timer : Stopping Timer
2025-11-10 18:23:55,928 : INFO : EventManager : Event: ======'timer_bumper_timer_stopped'====== Args={'ticks': 1, 'ticks_remaining': 1}
2025-11-10 18:23:55,928 : INFO : EventManager : Event: ======'timer_bumper_timer_complete'====== Args={'ticks': 1, 'ticks_remaining': 1}
2025-11-10 18:23:56,039 : INFO : ball_device.bd_plunger : Received ball from <ball_device.bd_trough>
2025-11-10 18:23:56,039 : INFO : EventManager : Event: ======'balldevice_bd_plunger_ball_enter'====== Args={'new_balls': 1, 'unclaimed_balls': 0, 'new_available_balls': 0, 'device': <ball_device.bd_plunger>}
2025-11-10 18:23:56,040 : INFO : EventManager : Event: ======'balldevice_bd_plunger_ball_entered'====== Args={'new_balls': 0, 'device': <ball_device.bd_plunger>}
2025-11-10 18:23:56,040 : INFO : EventManager : Event: ======'balldevice_bd_plunger_ball_count_changed'====== Args={'balls': 1}
2025-11-10 18:23:56,040 : INFO : ball_device.bd_trough : Got eject confirm
2025-11-10 18:23:56,040 : INFO : ball_device.bd_trough : Eject successful
2025-11-10 18:23:56,040 : INFO : EventManager : Event: ======'balldevice_bd_trough_ball_eject_success'====== Args={'balls': 1, 'target': <ball_device.bd_plunger>}
2025-11-10 18:23:56,040 : INFO : EventManager : Event: ======'balldevice_bd_trough_ball_count_changed'====== Args={'balls': 3}
2025-11-10 18:23:56,041 : INFO : ball_device.bd_trough : State: idle
2025-11-10 18:23:56,041 : INFO : ball_device.bd_plunger : State: waiting_for_target_ready
2025-11-10 18:23:56,041 : INFO : EventManager : Event: ======'balldevice_bd_plunger_ball_eject_attempt'====== Args={'balls': 1, 'target': <playfield.playfield>, 'source': <ball_device.bd_plunger>, 'mechanical_eject': False, 'num_attempts': 0}
2025-11-10 18:23:56,041 : INFO : ball_device.bd_plunger : State: ejecting
2025-11-10 18:23:56,041 : INFO : ball_device.bd_plunger : Ejecting ball to <playfield.playfield>
2025-11-10 18:23:56,041 : INFO : EventManager : Event: ======'balldevice_bd_plunger_ejecting_ball'====== Args={'balls': 1, 'target': <playfield.playfield>, 'source': <ball_device.bd_plunger>, 'mechanical_eject': False, 'num_attempts': 0}
2025-11-10 18:23:56,042 : INFO : ball_device.bd_plunger : Wait for ball to leave device
2025-11-10 18:23:56,042 : INFO : coil.c_plunger : Pulsing Driver for 20ms (1.0 pulse_power)
2025-11-10 18:23:56,042 : INFO : SwitchController : <<<<<<< 's_plunger_lane' inactive >>>>>>>
2025-11-10 18:23:56,043 : INFO : ball_device.bd_plunger : State: ball_left
2025-11-10 18:23:56,043 : INFO : ball_device.bd_plunger : Ball left
2025-11-10 18:23:56,043 : INFO : ball_device.bd_plunger : Wait for confirm with timeout 3.0
2025-11-10 18:23:56,120 : INFO : EventManager : Event: ======'player_base_player_added_timer_tick'====== Args={'value': 1, 'prev_value': 0, 'change': 1, 'player_num': 1}
2025-11-10 18:23:56,120 : INFO : Timer.player_added_timer : Timer Complete
2025-11-10 18:23:56,120 : INFO : Timer.player_added_timer : Stopping Timer
2025-11-10 18:23:56,120 : INFO : EventManager : Event: ======'timer_player_added_timer_stopped'====== Args={'ticks': 1, 'ticks_remaining': 1}
2025-11-10 18:23:56,120 : INFO : EventManager : Event: ======'timer_player_added_timer_complete'====== Args={'ticks': 1, 'ticks_remaining': 1}
2025-11-10 18:23:56,129 : INFO : EventManager : Event: ======'player_csi_lanes_csi_lanes_timer_tick'====== Args={'value': 1, 'prev_value': 0, 'change': 1, 'player_num': 1}
2025-11-10 18:23:56,129 : INFO : Timer.csi_lanes_timer : Timer Complete
2025-11-10 18:23:56,129 : INFO : Timer.csi_lanes_timer : Stopping Timer
2025-11-10 18:23:56,129 : INFO : EventManager : Event: ======'timer_csi_lanes_timer_stopped'====== Args={'ticks': 1, 'ticks_remaining': 1}
2025-11-10 18:23:56,129 : INFO : EventManager : Event: ======'timer_csi_lanes_timer_complete'====== Args={'ticks': 1, 'ticks_remaining': 1}
2025-11-10 18:23:57,444 : INFO : SwitchController : <<<<<<< 's_popbumper1' active >>>>>>>
2025-11-10 18:23:57,444 : INFO : EventManager : Event: ======'playfield_active'====== Args={'source': 'bumper1'}
2025-11-10 18:23:57,445 : INFO : EventManager : Event: ======'s_popbumper1_active'====== Args={}
2025-11-10 18:23:57,446 : INFO : EventManager : Event: ======'playfield_active'====== Args={'source': 'ac_popbumper1'}
2025-11-10 18:23:57,446 : INFO : EventManager : Event: ======'machine_var_audits_switches_s_popbumper1'====== Args={'value': 4367, 'prev_value': 4366, 'change': 1}
2025-11-10 18:23:57,447 : INFO : EventManager : Event: ======'player_shot_bumper1'====== Args={'value': 1, 'prev_value': 0, 'change': 1, 'player_num': 1}
2025-11-10 18:23:57,457 : INFO : EventManager : Event: ======'machine_var_audits_shots_bumper1'====== Args={'value': 4323, 'prev_value': 4322, 'change': 1}
2025-11-10 18:23:57,458 : INFO : EventManager : Event: ======'bumper1_hit'====== Args={'profile': 'default', 'state': 'unlit', 'advancing': True}
2025-11-10 18:23:57,458 : INFO : EventManager : Event: ======'bumper1_default_hit'====== Args={'profile': 'default', 'state': 'unlit', 'advancing': True}
2025-11-10 18:23:57,458 : INFO : EventManager : Event: ======'bumper1_default_unlit_hit'====== Args={'profile': 'default', 'state': 'unlit', 'advancing': True}
2025-11-10 18:23:57,458 : INFO : EventManager : Event: ======'bumper1_unlit_hit'====== Args={'profile': 'default', 'state': 'unlit', 'advancing': True}
2025-11-10 18:23:57,459 : INFO : EventManager : Event: ======'bumpers_hit'====== Args={'shot': 'bumper1'}
2025-11-10 18:23:57,459 : INFO : EventManager : Event: ======'bumpers_unlit_hit'====== Args={'shot': 'bumper1'}
2025-11-10 18:23:57,460 : INFO : EventManager : Event: ======'player_score'====== Args={'value': 3000, 'prev_value': 0, 'change': 3000, 'player_num': 1, 'source': 'bumpers'}
2025-11-10 18:23:57,460 : INFO : EventManager : Event: ======'player_bumpers_bumper_timer_tick'====== Args={'value': 0, 'prev_value': 1, 'change': -1, 'player_num': 1}
2025-11-10 18:23:57,461 : INFO : Timer.bumper_timer : Starting Timer.
2025-11-10 18:23:57,461 : INFO : EventManager : Event: ======'timer_bumper_timer_started'====== Args={'ticks': 0, 'ticks_remaining': 1}
2025-11-10 18:23:57,461 : INFO : EventManager : Event: ======'timer_bumper_timer_tick'====== Args={'ticks': 0, 'ticks_remaining': 1}
2025-11-10 18:23:57,461 : INFO : ball_device.bd_plunger : Got eject confirm
2025-11-10 18:23:57,462 : INFO : ball_device.bd_plunger : Eject successful
2025-11-10 18:23:57,462 : INFO : EventManager : Event: ======'balldevice_bd_plunger_ball_eject_success'====== Args={'balls': 1, 'target': <playfield.playfield>}
2025-11-10 18:23:57,462 : INFO : EventManager : Event: ======'balldevice_playfield_ball_enter'====== Args={'new_balls': 1, 'unclaimed_balls': 1, 'device': <playfield.playfield>}
2025-11-10 18:23:57,462 : INFO : EventManager : Event: ======'playfield_ball_count_change'====== Args={'balls': 1, 'change': 1}
2025-11-10 18:23:57,463 : INFO : EventManager : Event: ======'balldevice_bd_plunger_ball_count_changed'====== Args={'balls': 0}
2025-11-10 18:23:57,463 : INFO : ball_device.bd_plunger : State: idle
2025-11-10 18:23:57,508 : INFO : EventManager : Event: ======'widget_bumper_widget_active'====== Args={'original_context': 'bumpers', 'original_calling_context': 'bumpers_hit', 'priority': 200.0, 'shot': 'bumper1', 'cmd': 'widgets_play', '_from_bcp': True}
2025-11-10 18:23:57,578 : INFO : SwitchController : <<<<<<< 's_popbumper1' inactive >>>>>>>
2025-11-10 18:23:57,962 : INFO : EventManager : Event: ======'player_bumpers_bumper_timer_tick'====== Args={'value': 1, 'prev_value': 0, 'change': 1, 'player_num': 1}
2025-11-10 18:23:57,963 : INFO : Timer.bumper_timer : Timer Complete
2025-11-10 18:23:57,963 : INFO : Timer.bumper_timer : Stopping Timer
2025-11-10 18:23:57,964 : INFO : EventManager : Event: ======'timer_bumper_timer_stopped'====== Args={'ticks': 1, 'ticks_remaining': 1}
2025-11-10 18:23:57,964 : INFO : EventManager : Event: ======'timer_bumper_timer_complete'====== Args={'ticks': 1, 'ticks_remaining': 1}
2025-11-10 18:23:57,977 : INFO : EventManager : Event: ======'widget_bumper_widget_removed'====== Args={'_from_bcp': True}
2025-11-10 18:24:01,831 : INFO : SwitchController : <<<<<<< 's_ramp' active >>>>>>>
2025-11-10 18:24:01,831 : INFO : EventManager : Event: ======'s_ramp_active'====== Args={}
2025-11-10 18:24:01,832 : INFO : EventManager : Event: ======'machine_var_audits_switches_s_ramp'====== Args={'value': 675, 'prev_value': 674, 'change': 1}
2025-11-10 18:24:01,833 : INFO : EventManager : Event: ======'player_skull_ramp_nb'====== Args={'value': 1, 'prev_value': 0, 'change': 1, 'player_num': 1, 'source': 'skull'}
2025-11-10 18:24:01,979 : INFO : SwitchController : <<<<<<< 's_ramp' inactive >>>>>>>
2025-11-10 18:24:02,064 : INFO : SwitchController : <<<<<<< 's_ramp' active >>>>>>>
2025-11-10 18:24:02,064 : INFO : EventManager : Event: ======'s_ramp_active'====== Args={}
2025-11-10 18:24:02,065 : INFO : EventManager : Event: ======'machine_var_audits_switches_s_ramp'====== Args={'value': 676, 'prev_value': 675, 'change': 1}
2025-11-10 18:24:02,066 : INFO : EventManager : Event: ======'player_skull_ramp_nb'====== Args={'value': 2, 'prev_value': 1, 'change': 1, 'player_num': 1, 'source': 'skull'}
2025-11-10 18:24:02,162 : INFO : SwitchController : <<<<<<< 's_ramp' inactive >>>>>>>
2025-11-10 18:24:02,247 : INFO : SwitchController : <<<<<<< 's_ramp' active >>>>>>>
2025-11-10 18:24:02,247 : INFO : EventManager : Event: ======'s_ramp_active'====== Args={}
2025-11-10 18:24:02,248 : INFO : EventManager : Event: ======'machine_var_audits_switches_s_ramp'====== Args={'value': 677, 'prev_value': 676, 'change': 1}
2025-11-10 18:24:02,249 : INFO : EventManager : Event: ======'player_skull_ramp_nb'====== Args={'value': 3, 'prev_value': 2, 'change': 1, 'player_num': 1, 'source': 'skull'}
2025-11-10 18:24:02,329 : INFO : SwitchController : <<<<<<< 's_ramp' inactive >>>>>>>
2025-11-10 18:24:02,380 : INFO : SwitchController : <<<<<<< 's_ramp' active >>>>>>>
2025-11-10 18:24:02,380 : INFO : EventManager : Event: ======'s_ramp_active'====== Args={}
2025-11-10 18:24:02,380 : INFO : EventManager : Event: ======'machine_var_audits_switches_s_ramp'====== Args={'value': 678, 'prev_value': 677, 'change': 1}
2025-11-10 18:24:02,381 : INFO : EventManager : Event: ======'player_skull_ramp_nb'====== Args={'value': 4, 'prev_value': 3, 'change': 1, 'player_num': 1, 'source': 'skull'}
2025-11-10 18:24:02,462 : INFO : SwitchController : <<<<<<< 's_ramp' inactive >>>>>>>
2025-11-10 18:24:02,512 : INFO : SwitchController : <<<<<<< 's_ramp' active >>>>>>>
2025-11-10 18:24:02,512 : INFO : EventManager : Event: ======'s_ramp_active'====== Args={}
2025-11-10 18:24:02,513 : INFO : EventManager : Event: ======'machine_var_audits_switches_s_ramp'====== Args={'value': 679, 'prev_value': 678, 'change': 1}
2025-11-10 18:24:02,513 : INFO : EventManager : Event: ======'player_skull_ramp_nb'====== Args={'value': 5, 'prev_value': 4, 'change': 1, 'player_num': 1, 'source': 'skull'}
2025-11-10 18:24:02,581 : INFO : SwitchController : <<<<<<< 's_ramp' inactive >>>>>>>
2025-11-10 18:24:02,615 : INFO : SwitchController : <<<<<<< 's_ramp' active >>>>>>>
2025-11-10 18:24:02,615 : INFO : EventManager : Event: ======'s_ramp_active'====== Args={}
2025-11-10 18:24:02,615 : INFO : EventManager : Event: ======'machine_var_audits_switches_s_ramp'====== Args={'value': 680, 'prev_value': 679, 'change': 1}
2025-11-10 18:24:02,615 : INFO : EventManager : Event: ======'player_skull_ramp_nb'====== Args={'value': 6, 'prev_value': 5, 'change': 1, 'player_num': 1, 'source': 'skull'}
2025-11-10 18:24:02,681 : INFO : SwitchController : <<<<<<< 's_ramp' inactive >>>>>>>
2025-11-10 18:24:02,747 : INFO : SwitchController : <<<<<<< 's_ramp' active >>>>>>>
2025-11-10 18:24:02,747 : INFO : EventManager : Event: ======'s_ramp_active'====== Args={}
2025-11-10 18:24:02,747 : INFO : EventManager : Event: ======'machine_var_audits_switches_s_ramp'====== Args={'value': 681, 'prev_value': 680, 'change': 1}
2025-11-10 18:24:02,748 : INFO : EventManager : Event: ======'player_skull_ramp_nb'====== Args={'value': 7, 'prev_value': 6, 'change': 1, 'player_num': 1, 'source': 'skull'}
2025-11-10 18:24:02,831 : INFO : SwitchController : <<<<<<< 's_ramp' inactive >>>>>>>
2025-11-10 18:24:02,880 : INFO : SwitchController : <<<<<<< 's_ramp' active >>>>>>>
2025-11-10 18:24:02,880 : INFO : EventManager : Event: ======'s_ramp_active'====== Args={}
2025-11-10 18:24:02,880 : INFO : EventManager : Event: ======'machine_var_audits_switches_s_ramp'====== Args={'value': 682, 'prev_value': 681, 'change': 1}
2025-11-10 18:24:02,881 : INFO : EventManager : Event: ======'player_skull_ramp_nb'====== Args={'value': 8, 'prev_value': 7, 'change': 1, 'player_num': 1, 'source': 'skull'}
2025-11-10 18:24:02,931 : INFO : SwitchController : <<<<<<< 's_ramp' inactive >>>>>>>
2025-11-10 18:24:02,997 : INFO : SwitchController : <<<<<<< 's_ramp' active >>>>>>>
2025-11-10 18:24:02,997 : INFO : EventManager : Event: ======'s_ramp_active'====== Args={}
2025-11-10 18:24:02,998 : INFO : EventManager : Event: ======'machine_var_audits_switches_s_ramp'====== Args={'value': 683, 'prev_value': 682, 'change': 1}
2025-11-10 18:24:02,998 : INFO : EventManager : Event: ======'player_skull_ramp_nb'====== Args={'value': 9, 'prev_value': 8, 'change': 1, 'player_num': 1, 'source': 'skull'}
2025-11-10 18:24:03,079 : INFO : SwitchController : <<<<<<< 's_ramp' inactive >>>>>>>
2025-11-10 18:24:03,129 : INFO : SwitchController : <<<<<<< 's_ramp' active >>>>>>>
2025-11-10 18:24:03,130 : INFO : EventManager : Event: ======'s_ramp_active'====== Args={}
2025-11-10 18:24:03,130 : INFO : EventManager : Event: ======'machine_var_audits_switches_s_ramp'====== Args={'value': 684, 'prev_value': 683, 'change': 1}
2025-11-10 18:24:03,130 : INFO : EventManager : Event: ======'player_skull_ramp_nb'====== Args={'value': 10, 'prev_value': 9, 'change': 1, 'player_num': 1, 'source': 'skull'}
2025-11-10 18:24:03,130 : INFO : EventManager : Event: ======'logicblock_seq_lock1_updated'====== Args={'value': 1, 'enabled': True}
2025-11-10 18:24:03,130 : INFO : EventManager : Event: ======'logicblock_seq_lock1_hit'====== Args={'step': 1}
2025-11-10 18:24:03,213 : INFO : SwitchController : <<<<<<< 's_ramp' inactive >>>>>>>
2025-11-10 18:24:03,281 : INFO : SwitchController : <<<<<<< 's_ramp' active >>>>>>>
2025-11-10 18:24:03,281 : INFO : EventManager : Event: ======'s_ramp_active'====== Args={}
2025-11-10 18:24:03,281 : INFO : EventManager : Event: ======'machine_var_audits_switches_s_ramp'====== Args={'value': 685, 'prev_value': 684, 'change': 1}
2025-11-10 18:24:03,282 : INFO : EventManager : Event: ======'player_skull_ramp_nb'====== Args={'value': 11, 'prev_value': 10, 'change': 1, 'player_num': 1, 'source': 'skull'}
2025-11-10 18:24:03,429 : INFO : SwitchController : <<<<<<< 's_ramp' inactive >>>>>>>
2025-11-10 18:24:03,501 : INFO : SwitchController : <<<<<<< 's_ramp' active >>>>>>>
2025-11-10 18:24:03,501 : INFO : EventManager : Event: ======'s_ramp_active'====== Args={}
2025-11-10 18:24:03,501 : INFO : EventManager : Event: ======'machine_var_audits_switches_s_ramp'====== Args={'value': 686, 'prev_value': 685, 'change': 1}
2025-11-10 18:24:03,502 : INFO : EventManager : Event: ======'player_skull_ramp_nb'====== Args={'value': 12, 'prev_value': 11, 'change': 1, 'player_num': 1, 'source': 'skull'}
2025-11-10 18:24:03,580 : INFO : SwitchController : <<<<<<< 's_ramp' inactive >>>>>>>
2025-11-10 18:24:04,616 : INFO : SwitchController : <<<<<<< 's_skull_lock1' active >>>>>>>
2025-11-10 18:24:04,616 : INFO : EventManager : Event: ======'s_skull_lock1_active'====== Args={}
2025-11-10 18:24:04,617 : INFO : EventManager : Event: ======'machine_var_audits_switches_s_skull_lock1'====== Args={'value': 43, 'prev_value': 42, 'change': 1}
2025-11-10 18:24:04,617 : INFO : EventManager : Event: ======'logicblock_seq_lock1_updated'====== Args={'value': 2, 'enabled': True}
2025-11-10 18:24:04,618 : INFO : EventManager : Event: ======'logicblock_seq_lock1_hit'====== Args={'step': 2}
2025-11-10 18:24:04,618 : INFO : EventManager : Event: ======'seq_lock1_done'====== Args={}
2025-11-10 18:24:04,618 : INFO : EventManager : Event: ======'logicblock_seq_lock1_updated'====== Args={'value': 0, 'enabled': True}
2025-11-10 18:24:04,619 : INFO : EventManager : Event: ======'logicblock_seq_lock2_updated'====== Args={'value': 1, 'enabled': True}
2025-11-10 18:24:04,619 : INFO : EventManager : Event: ======'logicblock_seq_lock2_hit'====== Args={'step': 1}
2025-11-10 18:24:04,747 : INFO : SwitchController : <<<<<<< 's_skull_lock1' inactive >>>>>>>
2025-11-10 18:24:05,431 : INFO : EventManager : Event: ======'player_skull_pause_timer_tick'====== Args={'value': 1, 'prev_value': 0, 'change': 1, 'player_num': 1}
2025-11-10 18:24:05,432 : INFO : Timer.pause_timer : Timer Complete
2025-11-10 18:24:05,432 : INFO : Timer.pause_timer : Stopping Timer
2025-11-10 18:24:05,432 : INFO : EventManager : Event: ======'timer_pause_timer_stopped'====== Args={'ticks': 1, 'ticks_remaining': 1}
2025-11-10 18:24:05,433 : INFO : EventManager : Event: ======'timer_pause_timer_complete'====== Args={'ticks': 1, 'ticks_remaining': 1}
2025-11-10 18:24:05,530 : INFO : SwitchController : <<<<<<< 's_skull_lock2' active >>>>>>>
2025-11-10 18:24:05,530 : INFO : EventManager : Event: ======'s_skull_lock2_active'====== Args={}
2025-11-10 18:24:05,530 : INFO : EventManager : Event: ======'machine_var_audits_switches_s_skull_lock2'====== Args={'value': 46, 'prev_value': 45, 'change': 1}
2025-11-10 18:24:05,530 : INFO : EventManager : Event: ======'logicblock_seq_lock2_updated'====== Args={'value': 2, 'enabled': True}
2025-11-10 18:24:05,530 : INFO : EventManager : Event: ======'logicblock_seq_lock2_hit'====== Args={'step': 2}
2025-11-10 18:24:05,531 : INFO : EventManager : Event: ======'seq_lock2_done'====== Args={}
2025-11-10 18:24:05,531 : INFO : EventManager : Event: ======'logicblock_seq_lock2_updated'====== Args={'value': 0, 'enabled': True}
2025-11-10 18:24:05,531 : INFO : EventManager : Event: ======'player_skull_pause_timer_tick'====== Args={'value': 0, 'prev_value': 1, 'change': -1, 'player_num': 1}
2025-11-10 18:24:05,531 : INFO : Timer.pause_timer : Starting Timer.
2025-11-10 18:24:05,531 : INFO : EventManager : Event: ======'timer_pause_timer_started'====== Args={'ticks': 0, 'ticks_remaining': 1}
2025-11-10 18:24:05,531 : INFO : EventManager : Event: ======'timer_pause_timer_tick'====== Args={'ticks': 0, 'ticks_remaining': 1}
2025-11-10 18:24:05,532 : INFO : EventManager : Event: ======'logicblock_seq_ready_for_MB_updated'====== Args={'value': 1, 'enabled': True}
2025-11-10 18:24:05,532 : INFO : EventManager : Event: ======'logicblock_seq_ready_for_MB_hit'====== Args={'step': 1}
2025-11-10 18:24:05,681 : INFO : SwitchController : <<<<<<< 's_skull_lock2' inactive >>>>>>>
2025-11-10 18:24:08,711 : INFO : SwitchController : <<<<<<< 's_right_flipper' active >>>>>>>
2025-11-10 18:24:08,711 : INFO : EventManager : Event: ======'s_right_flipper_active'====== Args={}
2025-11-10 18:24:08,712 : INFO : EventManager : Event: ======'machine_var_audits_switches_s_right_flipper'====== Args={'value': 711, 'prev_value': 710, 'change': 1}
2025-11-10 18:24:08,727 : INFO : SwitchController : <<<<<<< 's_left_flipper' active >>>>>>>
2025-11-10 18:24:08,727 : INFO : EventManager : Event: ======'s_left_flipper_active'====== Args={}
2025-11-10 18:24:08,728 : INFO : EventManager : Event: ======'flipper_cancel'====== Args={'triggering_group': 1, 'triggering_switch': 's_left_flipper'}
2025-11-10 18:24:08,728 : INFO : EventManager : Event: ======'machine_var_audits_switches_s_left_flipper'====== Args={'value': 433, 'prev_value': 432, 'change': 1}
2025-11-10 18:24:08,810 : INFO : SwitchController : <<<<<<< 's_right_flipper' inactive >>>>>>>
2025-11-10 18:24:08,810 : INFO : EventManager : Event: ======'both_flippers_one'====== Args={'triggering_group': 2, 'triggering_switch': 's_right_flipper'}
2025-11-10 18:24:08,810 : INFO : EventManager : Event: ======'player_skull_pause_timer_tick'====== Args={'value': 10, 'prev_value': 0, 'change': 10, 'player_num': 1}
2025-11-10 18:24:08,810 : INFO : EventManager : Event: ======'timer_pause_timer_time_added'====== Args={'ticks': 10, 'ticks_added': 0, 'ticks_remaining': 1}
2025-11-10 18:24:08,810 : INFO : Timer.pause_timer : Timer Complete
2025-11-10 18:24:08,810 : INFO : Timer.pause_timer : Stopping Timer
2025-11-10 18:24:08,810 : INFO : EventManager : Event: ======'timer_pause_timer_stopped'====== Args={'ticks': 10, 'ticks_remaining': 1}
2025-11-10 18:24:08,810 : INFO : EventManager : Event: ======'timer_pause_timer_complete'====== Args={'ticks': 10, 'ticks_remaining': 1}
2025-11-10 18:24:08,810 : INFO : EventManager : Event: ======'logicblock_seq_ready_for_MB_updated'====== Args={'value': 2, 'enabled': True}
2025-11-10 18:24:08,810 : INFO : EventManager : Event: ======'logicblock_seq_ready_for_MB_hit'====== Args={'step': 2}
2025-11-10 18:24:08,811 : INFO : EventManager : Event: ======'seq_ready_for_multiball_done'====== Args={}
2025-11-10 18:24:08,811 : INFO : EventManager : Event: ======'logicblock_seq_ready_for_MB_updated'====== Args={'value': 0, 'enabled': True}
2025-11-10 18:24:08,811 : INFO : EventManager : Event: ======'player_skull_ramp_nb'====== Args={'value': 0, 'prev_value': 12, 'change': -12, 'player_num': 1, 'source': 'skull'}
2025-11-10 18:24:08,811 : INFO : SwitchController : <<<<<<< 's_left_flipper' inactive >>>>>>>
2025-11-10 18:24:08,811 : INFO : EventManager : Event: ======'both_flippers_inactive'====== Args={'triggering_group': 1, 'triggering_switch': 's_left_flipper'}
2025-11-10 18:24:08,861 : INFO : EventManager : Event: ======'widget_skull_start_multiball_widget_active'====== Args={'original_context': 'skull', 'original_calling_context': 'seq_ready_for_multiball_done', 'priority': 200.0, 'cmd': 'widgets_play', '_from_bcp': True}
2025-11-10 18:24:14,367 : INFO : Machine : Shutting down...
2025-11-10 18:24:14,367 : INFO : EventManager : Event: ======'shutdown'====== Args={}
2025-11-10 18:24:14,369 : INFO : EventManager : Event: ======'mode_game_will_stop'====== Args={}
2025-11-10 18:24:14,369 : INFO : EventManager : Event: ======'mode_game_stopping'====== Args={}
2025-11-10 18:24:14,369 : INFO : EventManager : Event: ======'mode_bumpers_will_stop'====== Args={}
2025-11-10 18:24:14,370 : INFO : EventManager : Event: ======'mode_bumpers_stopping'====== Args={}
2025-11-10 18:24:14,370 : INFO : EventManager : Event: ======'mode_skull_will_stop'====== Args={}
2025-11-10 18:24:14,370 : INFO : EventManager : Event: ======'mode_skull_stopping'====== Args={}
2025-11-10 18:24:14,370 : INFO : EventManager : Event: ======'mode_base_will_stop'====== Args={}
2025-11-10 18:24:14,370 : INFO : EventManager : Event: ======'mode_base_stopping'====== Args={}
2025-11-10 18:24:14,370 : INFO : EventManager : Event: ======'mode_csi_lanes_will_stop'====== Args={}
2025-11-10 18:24:14,370 : INFO : EventManager : Event: ======'mode_csi_lanes_stopping'====== Args={}
2025-11-10 18:24:14,371 : INFO : EventManager : Event: ======'stop_mode_bumpers'====== Args={'priority': 0}
2025-11-10 18:24:14,371 : INFO : EventManager : Event: ======'stop_mode_csi_lanes'====== Args={'priority': 0}
2025-11-10 18:24:14,371 : INFO : EventManager : Event: ======'stop_mode_skull'====== Args={'priority': 0}
2025-11-10 18:24:14,371 : INFO : Mode.csi_lanes : Stopped.
2025-11-10 18:24:14,371 : INFO : EventManager : Event: ======'modes_active_modes_changed'====== Args={}
2025-11-10 18:24:14,371 : INFO : EventManager : Event: ======'mode_csi_lanes_stopped'====== Args={}
2025-11-10 18:24:14,372 : INFO : EventManager : Event: ======'clear'====== Args={'key': 'csi_lanes'}
2025-11-10 18:24:14,372 : INFO : Timer.csi_right_orbit_timer : Stopping Timer
2025-11-10 18:24:14,372 : INFO : EventManager : Event: ======'timer_csi_right_orbit_timer_stopped'====== Args={'ticks': 0, 'ticks_remaining': 0}
2025-11-10 18:24:14,373 : INFO : Timer.csi_lanes_timer : Stopping Timer
2025-11-10 18:24:14,373 : INFO : EventManager : Event: ======'timer_csi_lanes_timer_stopped'====== Args={'ticks': 1, 'ticks_remaining': 1}
2025-11-10 18:24:14,373 : INFO : Mode.base : Stopped.
2025-11-10 18:24:14,374 : INFO : EventManager : Event: ======'modes_active_modes_changed'====== Args={}
2025-11-10 18:24:14,374 : INFO : EventManager : Event: ======'mode_base_stopped'====== Args={}
2025-11-10 18:24:14,374 : INFO : EventManager : Event: ======'clear'====== Args={'key': 'base'}
2025-11-10 18:24:14,374 : INFO : Timer.player_added_timer : Stopping Timer
2025-11-10 18:24:14,374 : INFO : EventManager : Event: ======'timer_player_added_timer_stopped'====== Args={'ticks': 1, 'ticks_remaining': 1}
2025-11-10 18:24:14,374 : INFO : Mode.skull : Stopped.
2025-11-10 18:24:14,374 : INFO : EventManager : Event: ======'modes_active_modes_changed'====== Args={}
2025-11-10 18:24:14,374 : INFO : EventManager : Event: ======'mode_skull_stopped'====== Args={}
2025-11-10 18:24:14,374 : INFO : EventManager : Event: ======'clear'====== Args={'key': 'skull'}
2025-11-10 18:24:14,375 : INFO : Timer.pause_timer : Stopping Timer
2025-11-10 18:24:14,375 : INFO : EventManager : Event: ======'timer_pause_timer_stopped'====== Args={'ticks': 10, 'ticks_remaining': 1}
2025-11-10 18:24:14,375 : INFO : Mode.bumpers : Stopped.
2025-11-10 18:24:14,375 : INFO : EventManager : Event: ======'modes_active_modes_changed'====== Args={}
2025-11-10 18:24:14,375 : INFO : EventManager : Event: ======'mode_bumpers_stopped'====== Args={}
2025-11-10 18:24:14,375 : INFO : EventManager : Event: ======'clear'====== Args={'key': 'bumpers'}
2025-11-10 18:24:14,375 : INFO : Timer.bumper_timer : Stopping Timer
2025-11-10 18:24:14,375 : INFO : EventManager : Event: ======'timer_bumper_timer_stopped'====== Args={'ticks': 1, 'ticks_remaining': 1}
2025-11-10 18:24:14,376 : INFO : Mode.game : Stopped.
2025-11-10 18:24:14,376 : INFO : EventManager : Event: ======'modes_active_modes_changed'====== Args={}
2025-11-10 18:24:14,376 : INFO : EventManager : Event: ======'mode_game_stopped'====== Args={}
2025-11-10 18:24:14,376 : INFO : EventManager : Event: ======'clear'====== Args={'key': 'game'}
2025-11-10 18:24:14,379 : INFO : root : MPF run loop ended.
