2025-10-30 22:37:30,950 : INFO : root : Loading config.
2025-10-30 22:37:30,951 : INFO : YamlMultifileConfigLoader : Machine config file #1: config.yaml
2025-10-30 22:37:30,951 : INFO : ConfigProcessor : Loading config from cache: /var/folders/m3/0d4y64_n3fn8tnkv3ydlhztw0000gn/T/5ca32a6c950d03116abbed96ca44d372.mpf_cache
2025-10-30 22:37:30,963 : INFO : ConfigProcessor : Loading config from cache: /var/folders/m3/0d4y64_n3fn8tnkv3ydlhztw0000gn/T/01c495fa7450a81b4be96cb699872531.mpf_cache
2025-10-30 22:37:30,963 : INFO : ConfigProcessor : Loading config from cache: /var/folders/m3/0d4y64_n3fn8tnkv3ydlhztw0000gn/T/bfde29b5bb803376b0637bb8f0da27a7.mpf_cache
2025-10-30 22:37:30,963 : INFO : ConfigProcessor : Loading config from cache: /var/folders/m3/0d4y64_n3fn8tnkv3ydlhztw0000gn/T/01c495fa7450a81b4be96cb699872531.mpf_cache
2025-10-30 22:37:30,963 : INFO : ConfigProcessor : Loading config from cache: /var/folders/m3/0d4y64_n3fn8tnkv3ydlhztw0000gn/T/3ae89e09515ff8d8b11d68f672b2cc51.mpf_cache
2025-10-30 22:37:30,963 : INFO : ConfigProcessor : Loading config from cache: /var/folders/m3/0d4y64_n3fn8tnkv3ydlhztw0000gn/T/4c420229fa75118c2461cfc9ff5a44e2.mpf_cache
2025-10-30 22:37:30,963 : INFO : Machine : Mission Pinball Framework Core Engine v0.80.0.dev10
2025-10-30 22:37:30,963 : INFO : Machine : Command line arguments: {'no_load_cache': False, 'create_config_cache': True, 'bcp': True, 'configfile': ['config.yaml'], 'force_assets_load': False, 'platform_integration_test': False, 'jsonlogging': False, 'logfile': 'logs/2025-10-30-22-37-30-mpf-mac.home.log', 'pause': False, 'production': False, 'text_ui': False, 'loglevel': 15, 'consoleloglevel': 20, 'force_platform': 'smart_virtual', 'syslog_address': None, 'full_logfile_path': '/Users/didiergilbin/Desktop/Homebrew_CSI/logs/2025-10-30-22-37-30-mpf-mac.home.log'}
2025-10-30 22:37:30,963 : INFO : Machine : MPF path: /Users/didiergilbin/mpfenv/lib/python3.13/site-packages/mpf
2025-10-30 22:37:30,963 : INFO : Machine : Machine path: /Users/didiergilbin/Desktop/Homebrew_CSI
2025-10-30 22:37:30,963 : INFO : Machine : Platform: darwin
2025-10-30 22:37:30,963 : INFO : Machine : Python executable location: /Users/didiergilbin/mpfenv/bin/python3.13
2025-10-30 22:37:30,963 : INFO : Machine : Python version: 3.13.7 (64-bit)
2025-10-30 22:37:30,964 : INFO : Machine : Initializing MPF...
2025-10-30 22:37:30,976 : INFO : EventManager : Event: ======'machine_var_credits_string'====== Args={'value': 'FREE PLAY', 'prev_value': None, 'change': True}
2025-10-30 22:37:30,980 : INFO : EventManager : Event: ======'machine_var_master_volume'====== Args={'value': 0.5, 'prev_value': None, 'change': True}
2025-10-30 22:37:30,980 : INFO : EventManager : Event: ======'machine_var_player1_score'====== Args={'value': 1550000, 'prev_value': None, 'change': True}
2025-10-30 22:37:30,980 : INFO : EventManager : Event: ======'machine_var_mpf_version'====== Args={'value': 'Mission Pinball Framework v0.80.0.dev10', 'prev_value': None, 'change': True}
2025-10-30 22:37:30,980 : INFO : EventManager : Event: ======'machine_var_mpf_extended_version'====== Args={'value': 'Mission Pinball Framework v0.80.0.dev10, Config version:6, Show version: 6, BCP version:1.1', 'prev_value': None, 'change': True}
2025-10-30 22:37:30,980 : INFO : EventManager : Event: ======'machine_var_python_version'====== Args={'value': '3.13.7', 'prev_value': None, 'change': True}
2025-10-30 22:37:30,986 : INFO : EventManager : Event: ======'machine_var_platform'====== Args={'value': 'macOS-15.6.1-arm64-arm-64bit-Mach-O', 'prev_value': None, 'change': True}
2025-10-30 22:37:30,986 : INFO : EventManager : Event: ======'machine_var_platform_system'====== Args={'value': 'Darwin', 'prev_value': None, 'change': True}
2025-10-30 22:37:30,986 : INFO : EventManager : Event: ======'machine_var_platform_release'====== Args={'value': '24.6.0', 'prev_value': None, 'change': True}
2025-10-30 22:37:30,986 : INFO : EventManager : Event: ======'machine_var_platform_version'====== Args={'value': 'Darwin Kernel Version 24.6.0: Mon Jul 14 11:30:40 PDT 2025; root:xnu-11417.140.69~1/RELEASE_ARM64_T8132', 'prev_value': None, 'change': True}
2025-10-30 22:37:30,986 : INFO : EventManager : Event: ======'machine_var_platform_machine'====== Args={'value': 'arm64', 'prev_value': None, 'change': True}
2025-10-30 22:37:30,986 : INFO : EventManager : Event: ======'machine_var_log_file_path'====== Args={'value': '/Users/didiergilbin/Desktop/Homebrew_CSI/logs/2025-10-30-22-37-30-mpf-mac.home.log', 'prev_value': None, 'change': True}
2025-10-30 22:37:30,986 : INFO : EventManager : Event: ======'init_phase_1'====== Args={}
2025-10-30 22:37:30,991 : INFO : EventManager : Event: ======'init_phase_2'====== Args={}
2025-10-30 22:37:30,991 : INFO : SwitchController : Found active switch: ('2', <Platform.SmartVirtual>) <switch.s_trough1>
2025-10-30 22:37:30,991 : INFO : SwitchController : Found active switch: ('3', <Platform.SmartVirtual>) <switch.s_trough2>
2025-10-30 22:37:30,991 : INFO : SwitchController : Found active switch: ('4', <Platform.SmartVirtual>) <switch.s_trough3>
2025-10-30 22:37:30,991 : INFO : SwitchController : Found active switch: ('5', <Platform.SmartVirtual>) <switch.s_trough4>
2025-10-30 22:37:30,992 : INFO : EventManager : Event: ======'bcp_connection_attempt'====== Args={'name': 'local_display', 'host': 'localhost', 'port': 5050}
2025-10-30 22:37:30,992 : INFO : BCPClientSocket : Connecting BCP to 'local_display' at localhost:5050...
2025-10-30 22:37:30,994 : INFO : BCPClientSocket : Connected BCP to 'local_display' localhost:5050
2025-10-30 22:37:30,994 : INFO : EventManager : Event: ======'bcp_clients_connected'====== Args={}
2025-10-30 22:37:30,994 : INFO : ball_device.bd_drain : BCH: Initial count: 0
2025-10-30 22:37:30,995 : INFO : ball_device.bd_drain : State: idle
2025-10-30 22:37:30,995 : INFO : ball_device.bd_trough : BCH: Initial count: 4
2025-10-30 22:37:30,995 : INFO : ball_device.bd_trough : State: idle
2025-10-30 22:37:30,995 : INFO : ball_device.bd_plunger : BCH: Initial count: 0
2025-10-30 22:37:30,995 : INFO : ball_device.bd_plunger : State: idle
2025-10-30 22:37:30,998 : INFO : EventManager : Event: ======'init_phase_3'====== Args={}
2025-10-30 22:37:30,998 : INFO : EventManager : Event: ======'init_phase_4'====== Args={}
2025-10-30 22:37:30,998 : INFO : BallController : Initial balls found: 4
2025-10-30 22:37:30,998 : INFO : EventManager : Event: ======'machine_var_audits_events_game_ended'====== Args={'value': 14, 'prev_value': None, 'change': True}
2025-10-30 22:37:30,999 : INFO : EventManager : Event: ======'machine_var_audits_events_game_started'====== Args={'value': 186, 'prev_value': None, 'change': True}
2025-10-30 22:37:30,999 : INFO : EventManager : Event: ======'machine_var_audits_missing_switches_s_drain'====== Args={'value': 6, 'prev_value': None, 'change': True}
2025-10-30 22:37:30,999 : INFO : EventManager : Event: ======'machine_var_audits_missing_switches_s_launch_button'====== Args={'value': 186, 'prev_value': None, 'change': True}
2025-10-30 22:37:30,999 : INFO : EventManager : Event: ======'machine_var_audits_missing_switches_s_right_flipper'====== Args={'value': 4, 'prev_value': None, 'change': True}
2025-10-30 22:37:30,999 : INFO : EventManager : Event: ======'machine_var_audits_missing_switches_s_scoop'====== Args={'value': 4, 'prev_value': None, 'change': True}
2025-10-30 22:37:30,999 : INFO : EventManager : Event: ======'machine_var_audits_missing_switches_s_sling_left'====== Args={'value': 186, 'prev_value': None, 'change': True}
2025-10-30 22:37:30,999 : INFO : EventManager : Event: ======'machine_var_audits_missing_switches_s_sling_right'====== Args={'value': 186, 'prev_value': None, 'change': True}
2025-10-30 22:37:30,999 : INFO : EventManager : Event: ======'machine_var_audits_missing_switches_s_start'====== Args={'value': 11, 'prev_value': None, 'change': True}
2025-10-30 22:37:30,999 : INFO : EventManager : Event: ======'machine_var_audits_missing_switches_s_trough1'====== Args={'value': 6, 'prev_value': None, 'change': True}
2025-10-30 22:37:30,999 : INFO : EventManager : Event: ======'machine_var_audits_missing_switches_s_trough2'====== Args={'value': 6, 'prev_value': None, 'change': True}
2025-10-30 22:37:30,999 : INFO : EventManager : Event: ======'machine_var_audits_missing_switches_s_trough3'====== Args={'value': 186, 'prev_value': None, 'change': True}
2025-10-30 22:37:30,999 : INFO : EventManager : Event: ======'machine_var_audits_missing_switches_s_trough4'====== Args={'value': 186, 'prev_value': None, 'change': True}
2025-10-30 22:37:30,999 : INFO : EventManager : Event: ======'machine_var_audits_missing_switches_s_trough_jam'====== Args={'value': 15, 'prev_value': None, 'change': True}
2025-10-30 22:37:30,999 : INFO : EventManager : Event: ======'machine_var_audits_player_score'====== Args={'value': {'average': 488099, 'top': [10210000, 1550000, 1070000, 810000, 640000, 410000, 380000, 370000, 330000, 320000], 'total': 37}, 'prev_value': None, 'change': True}
2025-10-30 22:37:30,999 : INFO : EventManager : Event: ======'machine_var_audits_shots_bumper1'====== Args={'value': 2911, 'prev_value': None, 'change': True}
2025-10-30 22:37:30,999 : INFO : EventManager : Event: ======'machine_var_audits_shots_bumper2'====== Args={'value': 2887, 'prev_value': None, 'change': True}
2025-10-30 22:37:30,999 : INFO : EventManager : Event: ======'machine_var_audits_shots_bumper3'====== Args={'value': 2577, 'prev_value': None, 'change': True}
2025-10-30 22:37:30,999 : INFO : EventManager : Event: ======'machine_var_audits_switches_s_drain'====== Args={'value': 172, 'prev_value': None, 'change': True}
2025-10-30 22:37:30,999 : INFO : EventManager : Event: ======'machine_var_audits_switches_s_launch_button'====== Args={'value': 0, 'prev_value': None, 'change': True}
2025-10-30 22:37:30,999 : INFO : EventManager : Event: ======'machine_var_audits_switches_s_left_flipper'====== Args={'value': 15, 'prev_value': None, 'change': True}
2025-10-30 22:37:30,999 : INFO : EventManager : Event: ======'machine_var_audits_switches_s_plunger_lane'====== Args={'value': 297, 'prev_value': None, 'change': True}
2025-10-30 22:37:30,999 : INFO : EventManager : Event: ======'machine_var_audits_switches_s_popbumper1'====== Args={'value': 2911, 'prev_value': None, 'change': True}
2025-10-30 22:37:30,999 : INFO : EventManager : Event: ======'machine_var_audits_switches_s_popbumper2'====== Args={'value': 2887, 'prev_value': None, 'change': True}
2025-10-30 22:37:30,999 : INFO : EventManager : Event: ======'machine_var_audits_switches_s_popbumper3'====== Args={'value': 2577, 'prev_value': None, 'change': True}
2025-10-30 22:37:30,999 : INFO : EventManager : Event: ======'machine_var_audits_switches_s_right_flipper'====== Args={'value': 31, 'prev_value': None, 'change': True}
2025-10-30 22:37:30,999 : INFO : EventManager : Event: ======'machine_var_audits_switches_s_scoop'====== Args={'value': 48, 'prev_value': None, 'change': True}
2025-10-30 22:37:30,999 : INFO : EventManager : Event: ======'machine_var_audits_switches_s_sling_left'====== Args={'value': 0, 'prev_value': None, 'change': True}
2025-10-30 22:37:30,999 : INFO : EventManager : Event: ======'machine_var_audits_switches_s_sling_right'====== Args={'value': 0, 'prev_value': None, 'change': True}
2025-10-30 22:37:30,999 : INFO : EventManager : Event: ======'machine_var_audits_switches_s_start'====== Args={'value': 453, 'prev_value': None, 'change': True}
2025-10-30 22:37:30,999 : INFO : EventManager : Event: ======'machine_var_audits_switches_s_trough1'====== Args={'value': 106, 'prev_value': None, 'change': True}
2025-10-30 22:37:30,999 : INFO : EventManager : Event: ======'machine_var_audits_switches_s_trough2'====== Args={'value': 7, 'prev_value': None, 'change': True}
2025-10-30 22:37:30,999 : INFO : EventManager : Event: ======'machine_var_audits_switches_s_trough3'====== Args={'value': 0, 'prev_value': None, 'change': True}
2025-10-30 22:37:30,999 : INFO : EventManager : Event: ======'machine_var_audits_switches_s_trough4'====== Args={'value': 0, 'prev_value': None, 'change': True}
2025-10-30 22:37:30,999 : INFO : EventManager : Event: ======'machine_var_audits_switches_s_trough_jam'====== Args={'value': 2, 'prev_value': None, 'change': True}
2025-10-30 22:37:30,999 : INFO : EventManager : Event: ======'init_phase_5'====== Args={}
2025-10-30 22:37:30,999 : INFO : EventManager : Event: ======'init_done'====== Args={}
2025-10-30 22:37:31,000 : INFO : EventManager : Event: ======'machine_reset_phase_1'====== Args={}
2025-10-30 22:37:31,019 : INFO : EventManager : Event: ======'machine_reset_phase_2'====== Args={}
2025-10-30 22:37:31,019 : INFO : EventManager : Event: ======'machine_reset_phase_3'====== Args={}
2025-10-30 22:37:31,020 : INFO : EventManager : Event: ======'reset_complete'====== Args={}
2025-10-30 22:37:31,020 : INFO : EventManager : Event: ======'mode_attract_will_start'====== Args={}
2025-10-30 22:37:31,020 : INFO : Timer.attract_carousel_timer : Starting Timer.
2025-10-30 22:37:31,020 : INFO : EventManager : Event: ======'timer_attract_carousel_timer_started'====== Args={'ticks': 0, 'ticks_remaining': 1}
2025-10-30 22:37:31,020 : INFO : EventManager : Event: ======'timer_attract_carousel_timer_tick'====== Args={'ticks': 0, 'ticks_remaining': 1}
2025-10-30 22:37:31,020 : INFO : EventManager : Event: ======'mode_attract_starting'====== Args={}
2025-10-30 22:37:31,020 : INFO : Mode.attract : Started. Priority: 10
2025-10-30 22:37:31,020 : INFO : EventManager : Event: ======'modes_active_modes_changed'====== Args={}
2025-10-30 22:37:31,020 : INFO : EventManager : Event: ======'mode_attract_started'====== Args={}
2025-10-30 22:37:31,021 : INFO : EventManager : Event: ======'collecting_balls_complete'====== Args={}
2025-10-30 22:37:31,021 : INFO : EventManager : Event: ======'carousel_item_highlighted'====== Args={'carousel': 'attract', 'direction': None, 'item': 'title'}
2025-10-30 22:37:31,021 : INFO : Machine : Starting the main run loop with active modes: [<Mode.attract>]
2025-10-30 22:37:31,412 : INFO : EventManager : Event: ======'slide_attract_created'====== Args={'_from_bcp': True}
2025-10-30 22:37:31,412 : INFO : EventManager : Event: ======'slide__removed'====== Args={'_from_bcp': True}
2025-10-30 22:37:31,412 : INFO : EventManager : Event: ======'slide_attract_active'====== Args={'original_context': 'attract', 'original_calling_context': 'mode_attract_started', 'priority': 10.0, 'cmd': 'slides_play', '_from_bcp': True}
2025-10-30 22:37:32,800 : INFO : SwitchController : <<<<<<< 's_start' active >>>>>>>
2025-10-30 22:37:32,917 : INFO : SwitchController : <<<<<<< 's_start' inactive >>>>>>>
2025-10-30 22:37:32,918 : INFO : EventManager : Event: ======'request_to_start_game'====== Args={}
2025-10-30 22:37:32,918 : INFO : EventManager : Event: ======'game_start'====== Args={'buttons': [], 'hold_time': 0.11683020897908136}
2025-10-30 22:37:32,918 : INFO : EventManager : Event: ======'mode_game_will_start'====== Args={'buttons': [], 'hold_time': 0.11683020897908136}
2025-10-30 22:37:32,919 : INFO : EventManager : Event: ======'mode_game_starting'====== Args={'buttons': [], 'hold_time': 0.11683020897908136}
2025-10-30 22:37:32,919 : INFO : EventManager : Event: ======'mode_attract_will_stop'====== Args={}
2025-10-30 22:37:32,919 : INFO : EventManager : Event: ======'mode_attract_stopping'====== Args={}
2025-10-30 22:37:32,919 : INFO : Mode.attract : Stopped.
2025-10-30 22:37:32,919 : INFO : EventManager : Event: ======'modes_active_modes_changed'====== Args={}
2025-10-30 22:37:32,920 : INFO : EventManager : Event: ======'mode_attract_stopped'====== Args={}
2025-10-30 22:37:32,920 : INFO : EventManager : Event: ======'clear'====== Args={'key': 'attract'}
2025-10-30 22:37:32,920 : INFO : Timer.attract_carousel_timer : Stopping Timer
2025-10-30 22:37:32,920 : INFO : EventManager : Event: ======'timer_attract_carousel_timer_stopped'====== Args={'ticks': 0, 'ticks_remaining': 1}
2025-10-30 22:37:32,920 : INFO : Mode.game : Started. Priority: 20
2025-10-30 22:37:32,920 : INFO : EventManager : Event: ======'modes_active_modes_changed'====== Args={}
2025-10-30 22:37:32,921 : INFO : EventManager : Event: ======'mode_game_started'====== Args={'buttons': [], 'hold_time': 0.11683020897908136}
2025-10-30 22:37:32,922 : INFO : EventManager : Event: ======'game_will_start'====== Args={}
2025-10-30 22:37:32,922 : INFO : EventManager : Event: ======'game_starting'====== Args={'game': <Mode.game>}
2025-10-30 22:37:32,923 : INFO : EventManager : Unordered handler for class <Auditor> on event game_ended with priority 1. Handlers: [RegisteredHandler(callback=<bound method Auditor.disable of <Auditor>>, priority=1, kwargs={}, key=UUID('2d704aa0-41fd-4d48-959e-4d0342cbe234'), condition=None, blocking_facility=None), RegisteredHandler(callback=<bound method Auditor._save_audits of <Auditor>>, priority=1, kwargs={}, key=UUID('eb19649d-955a-4863-922f-a35078c3f14b'), condition=None, blocking_facility=None)]. The order of those handlers is not defined and they will be executed in random order. This might lead to race conditions and potential bugs.
2025-10-30 22:37:32,923 : INFO : EventManager : Event: ======'player_add_request'====== Args={}
2025-10-30 22:37:32,923 : INFO : EventManager : Event: ======'player_will_add'====== Args={'number': 1}
2025-10-30 22:37:32,923 : INFO : EventManager : Event: ======'player_adding'====== Args={'player': <Player 1>, 'number': 1}
2025-10-30 22:37:32,923 : INFO : EventManager : Event: ======'player_added'====== Args={'player': <Player 1>, 'num': 1}
2025-10-30 22:37:32,924 : INFO : Mode.game : Player added successfully. Total players: 1
2025-10-30 22:37:32,924 : INFO : EventManager : Event: ======'player_index'====== Args={'value': 0, 'prev_value': 0, 'change': 0, 'player_num': 1}
2025-10-30 22:37:32,924 : INFO : EventManager : Event: ======'player_number'====== Args={'value': 1, 'prev_value': 1, 'change': 0, 'player_num': 1}
2025-10-30 22:37:32,925 : INFO : EventManager : Event: ======'player_score'====== Args={'value': 0, 'prev_value': 0, 'change': 0, 'player_num': 1}
2025-10-30 22:37:32,925 : INFO : EventManager : Event: ======'game_started'====== Args={}
2025-10-30 22:37:32,926 : INFO : EventManager : Event: ======'player_turn_will_start'====== Args={'player': <Player 1>, 'number': 1}
2025-10-30 22:37:32,926 : INFO : EventManager : Event: ======'player_turn_starting'====== Args={'player': <Player 1>, 'number': 1}
2025-10-30 22:37:32,926 : INFO : EventManager : Event: ======'player_ball'====== Args={'value': 1, 'prev_value': 0, 'change': 1, 'player_num': 1}
2025-10-30 22:37:32,932 : INFO : EventManager : Event: ======'player_turn_started'====== Args={'player': <Player 1>, 'number': 1}
2025-10-30 22:37:32,933 : INFO : EventManager : Event: ======'ball_will_start'====== Args={'player': 1, 'ball': 1, 'balls_remaining': 2, 'is_extra_ball': False}
2025-10-30 22:37:32,933 : INFO : EventManager : Event: ======'ball_starting'====== Args={'player': 1, 'ball': 1, 'balls_remaining': 2, 'is_extra_ball': False}
2025-10-30 22:37:32,934 : INFO : EventManager : Event: ======'mode_base_will_start'====== Args={'queue': <QueuedEvent>, 'player': 1, 'ball': 1, 'balls_remaining': 2, 'is_extra_ball': False}
2025-10-30 22:37:32,934 : INFO : EventManager : Event: ======'player_base_player_added_timer_tick'====== Args={'value': 0, 'prev_value': 0, 'change': 0, 'player_num': 1}
2025-10-30 22:37:32,934 : INFO : Timer.player_added_timer : Starting Timer.
2025-10-30 22:37:32,935 : INFO : EventManager : Event: ======'timer_player_added_timer_started'====== Args={'ticks': 0, 'ticks_remaining': 1}
2025-10-30 22:37:32,935 : INFO : EventManager : Event: ======'timer_player_added_timer_tick'====== Args={'ticks': 0, 'ticks_remaining': 1}
2025-10-30 22:37:32,935 : INFO : EventManager : Event: ======'mode_base_starting'====== Args={'queue': <QueuedEvent>, 'player': 1, 'ball': 1, 'balls_remaining': 2, 'is_extra_ball': False}
2025-10-30 22:37:32,936 : INFO : Mode.base : Started. Priority: 100
2025-10-30 22:37:32,936 : INFO : EventManager : Event: ======'modes_active_modes_changed'====== Args={}
2025-10-30 22:37:32,936 : INFO : EventManager : Event: ======'mode_base_started'====== Args={'queue': <QueuedEvent>, 'player': 1, 'ball': 1, 'balls_remaining': 2, 'is_extra_ball': False}
2025-10-30 22:37:32,936 : INFO : EventManager : Event: ======'start_mode_bumpers'====== Args={'priority': 0}
2025-10-30 22:37:32,936 : INFO : EventManager : Event: ======'mode_bumpers_will_start'====== Args={'priority': 0}
2025-10-30 22:37:32,936 : INFO : EventManager : Event: ======'player_shot_bumper1_enabled'====== Args={'value': True, 'prev_value': 0, 'change': 1, 'player_num': 1}
2025-10-30 22:37:32,937 : INFO : EventManager : Event: ======'player_shot_bumper2_enabled'====== Args={'value': True, 'prev_value': 0, 'change': 1, 'player_num': 1}
2025-10-30 22:37:32,937 : INFO : EventManager : Event: ======'player_shot_bumper3_enabled'====== Args={'value': True, 'prev_value': 0, 'change': 1, 'player_num': 1}
2025-10-30 22:37:32,937 : INFO : EventManager : Event: ======'bumpers_complete'====== Args={'state': 'unlit'}
2025-10-30 22:37:32,937 : INFO : EventManager : Event: ======'bumpers_unlit_complete'====== Args={}
2025-10-30 22:37:32,938 : INFO : EventManager : Event: ======'mode_bumpers_starting'====== Args={'priority': 0}
2025-10-30 22:37:32,938 : INFO : Mode.bumpers : Started. Priority: 200
2025-10-30 22:37:32,938 : INFO : EventManager : Event: ======'modes_active_modes_changed'====== Args={}
2025-10-30 22:37:32,938 : INFO : EventManager : Event: ======'mode_bumpers_started'====== Args={'priority': 0}
2025-10-30 22:37:32,938 : INFO : EventManager : Event: ======'balls_in_play'====== Args={'balls': 1}
2025-10-30 22:37:32,938 : INFO : EventManager : Event: ======'ball_started'====== Args={'player': 1, 'ball': 1, 'balls_remaining': 2, 'is_extra_ball': False}
2025-10-30 22:37:32,939 : INFO : EventManager : Event: ======'single_player_ball_started'====== Args={}
2025-10-30 22:37:32,939 : INFO : EventManager : Event: ======'ball_start_target'====== Args={'target': 'playfield'}
2025-10-30 22:37:32,939 : INFO : ball_device.bd_trough : Setting up player-controlled eject. Balls: 1, Target: <playfield.playfield>, player_controlled_eject_event: None
2025-10-30 22:37:32,940 : INFO : ball_device.bd_trough : Adding 1 ball(s) to the eject_queue with target <playfield.playfield>.
2025-10-30 22:37:32,940 : INFO : EventManager : Event: ======'balldevice_balls_available'====== Args={}
2025-10-30 22:37:32,940 : INFO : ball_device.bd_trough : State: waiting_for_target_ready
2025-10-30 22:37:32,940 : INFO : EventManager : Event: ======'balldevice_bd_trough_ball_eject_attempt'====== Args={'balls': 1, 'target': <ball_device.bd_plunger>, 'source': <ball_device.bd_trough>, 'mechanical_eject': False, 'num_attempts': 0}
2025-10-30 22:37:32,940 : INFO : ball_device.bd_plunger : State: waiting_for_ball
2025-10-30 22:37:32,941 : INFO : ball_device.bd_trough : State: ejecting
2025-10-30 22:37:32,941 : INFO : ball_device.bd_trough : Ejecting ball to <ball_device.bd_plunger>
2025-10-30 22:37:32,941 : INFO : EventManager : Event: ======'balldevice_bd_trough_ejecting_ball'====== Args={'balls': 1, 'target': <ball_device.bd_plunger>, 'source': <ball_device.bd_trough>, 'mechanical_eject': False, 'num_attempts': 0}
2025-10-30 22:37:32,941 : INFO : ball_device.bd_trough : Wait for ball to leave device
2025-10-30 22:37:32,941 : INFO : coil.c_trough_eject : Pulsing Driver for 20ms (1.0 pulse_power)
2025-10-30 22:37:32,941 : INFO : SwitchController : <<<<<<< 's_trough1' inactive >>>>>>>
2025-10-30 22:37:32,942 : INFO : ball_device.bd_trough : State: ball_left
2025-10-30 22:37:32,942 : INFO : ball_device.bd_trough : Ball left
2025-10-30 22:37:32,942 : INFO : ball_device.bd_trough : Wait for confirm with timeout 3.0
2025-10-30 22:37:33,043 : INFO : SwitchController : <<<<<<< 's_plunger_lane' active >>>>>>>
2025-10-30 22:37:33,043 : INFO : EventManager : Event: ======'machine_var_audits_switches_s_plunger_lane'====== Args={'value': 298, 'prev_value': 297, 'change': 1}
2025-10-30 22:37:33,156 : INFO : EventManager : Event: ======'slide_base_slide_created'====== Args={'_from_bcp': True}
2025-10-30 22:37:33,156 : INFO : EventManager : Event: ======'slide_attract_inactive'====== Args={'is_removing': True, '_from_bcp': True}
2025-10-30 22:37:33,156 : INFO : EventManager : Event: ======'slide_base_slide_active'====== Args={'original_context': 'base', 'original_calling_context': 'mode_base_started', 'priority': 100.0, 'queue': '<QueuedEvent>', 'player': 1.0, 'ball': 1.0, 'balls_remaining': 2.0, 'is_extra_ball': False, 'cmd': 'slides_play', '_from_bcp': True}
2025-10-30 22:37:33,157 : INFO : EventManager : Event: ======'slide_attract_removed'====== Args={'_from_bcp': True}
2025-10-30 22:37:33,544 : INFO : ball_device.bd_plunger : Received ball from <ball_device.bd_trough>
2025-10-30 22:37:33,544 : INFO : EventManager : Event: ======'balldevice_bd_plunger_ball_enter'====== Args={'new_balls': 1, 'unclaimed_balls': 0, 'new_available_balls': 0, 'device': <ball_device.bd_plunger>}
2025-10-30 22:37:33,545 : INFO : EventManager : Event: ======'balldevice_bd_plunger_ball_entered'====== Args={'new_balls': 0, 'device': <ball_device.bd_plunger>}
2025-10-30 22:37:33,545 : INFO : EventManager : Event: ======'balldevice_bd_plunger_ball_count_changed'====== Args={'balls': 1}
2025-10-30 22:37:33,545 : INFO : ball_device.bd_trough : Got eject confirm
2025-10-30 22:37:33,545 : INFO : ball_device.bd_trough : Eject successful
2025-10-30 22:37:33,545 : INFO : EventManager : Event: ======'balldevice_bd_trough_ball_eject_success'====== Args={'balls': 1, 'target': <ball_device.bd_plunger>}
2025-10-30 22:37:33,546 : INFO : ball_device.bd_plunger : State: waiting_for_target_ready
2025-10-30 22:37:33,546 : INFO : EventManager : Event: ======'balldevice_bd_plunger_ball_eject_attempt'====== Args={'balls': 1, 'target': <playfield.playfield>, 'source': <ball_device.bd_plunger>, 'mechanical_eject': False, 'num_attempts': 0}
2025-10-30 22:37:33,546 : INFO : EventManager : Event: ======'balldevice_bd_trough_ball_count_changed'====== Args={'balls': 3}
2025-10-30 22:37:33,546 : INFO : ball_device.bd_trough : State: idle
2025-10-30 22:37:33,547 : INFO : ball_device.bd_plunger : State: ejecting
2025-10-30 22:37:33,547 : INFO : ball_device.bd_plunger : Ejecting ball to <playfield.playfield>
2025-10-30 22:37:33,547 : INFO : EventManager : Event: ======'balldevice_bd_plunger_ejecting_ball'====== Args={'balls': 1, 'target': <playfield.playfield>, 'source': <ball_device.bd_plunger>, 'mechanical_eject': False, 'num_attempts': 0}
2025-10-30 22:37:33,548 : INFO : ball_device.bd_plunger : Wait for ball to leave device
2025-10-30 22:37:33,549 : INFO : coil.c_plunger : Pulsing Driver for 20ms (1.0 pulse_power)
2025-10-30 22:37:33,549 : INFO : SwitchController : <<<<<<< 's_plunger_lane' inactive >>>>>>>
2025-10-30 22:37:33,550 : INFO : ball_device.bd_plunger : State: ball_left
2025-10-30 22:37:33,551 : INFO : ball_device.bd_plunger : Ball left
2025-10-30 22:37:33,551 : INFO : ball_device.bd_plunger : Wait for confirm with timeout 3.0
2025-10-30 22:37:33,635 : INFO : EventManager : Event: ======'player_base_player_added_timer_tick'====== Args={'value': 1, 'prev_value': 0, 'change': 1, 'player_num': 1}
2025-10-30 22:37:33,636 : INFO : Timer.player_added_timer : Timer Complete
2025-10-30 22:37:33,636 : INFO : Timer.player_added_timer : Stopping Timer
2025-10-30 22:37:33,636 : INFO : EventManager : Event: ======'timer_player_added_timer_stopped'====== Args={'ticks': 1, 'ticks_remaining': 1}
2025-10-30 22:37:33,636 : INFO : EventManager : Event: ======'timer_player_added_timer_complete'====== Args={'ticks': 1, 'ticks_remaining': 1}
2025-10-30 22:37:36,552 : INFO : ball_device.bd_plunger : State: failed_confirm
2025-10-30 22:37:36,552 : INFO : ball_device.bd_plunger : Got timeout (3.0s) before confirm from <playfield.playfield>
2025-10-30 22:37:36,654 : INFO : ball_device.bd_plunger : Confirming eject because target is playfield and ball did not return.
2025-10-30 22:37:36,654 : INFO : ball_device.bd_plunger : Eject successful
2025-10-30 22:37:36,654 : INFO : EventManager : Event: ======'balldevice_bd_plunger_ball_eject_success'====== Args={'balls': 1, 'target': <playfield.playfield>}
2025-10-30 22:37:36,655 : INFO : EventManager : Event: ======'balldevice_playfield_ball_enter'====== Args={'new_balls': 1, 'unclaimed_balls': 1, 'device': <playfield.playfield>}
2025-10-30 22:37:36,655 : INFO : EventManager : Event: ======'playfield_ball_count_change'====== Args={'balls': 1, 'change': 1}
2025-10-30 22:37:36,655 : INFO : EventManager : Event: ======'balldevice_bd_plunger_ball_count_changed'====== Args={'balls': 0}
2025-10-30 22:37:36,655 : INFO : ball_device.bd_plunger : State: idle
2025-10-30 22:37:53,076 : INFO : Machine : Shutting down...
2025-10-30 22:37:53,076 : INFO : EventManager : Event: ======'shutdown'====== Args={}
2025-10-30 22:37:53,077 : INFO : EventManager : Event: ======'mode_game_will_stop'====== Args={}
2025-10-30 22:37:53,078 : INFO : EventManager : Event: ======'mode_game_stopping'====== Args={}
2025-10-30 22:37:53,078 : INFO : EventManager : Event: ======'mode_base_will_stop'====== Args={}
2025-10-30 22:37:53,078 : INFO : EventManager : Event: ======'mode_base_stopping'====== Args={}
2025-10-30 22:37:53,078 : INFO : EventManager : Event: ======'mode_bumpers_will_stop'====== Args={}
2025-10-30 22:37:53,078 : INFO : EventManager : Event: ======'mode_bumpers_stopping'====== Args={}
2025-10-30 22:37:53,079 : INFO : EventManager : Event: ======'stop_mode_bumpers'====== Args={'priority': 0}
2025-10-30 22:37:53,079 : INFO : Mode.bumpers : Stopped.
2025-10-30 22:37:53,079 : INFO : EventManager : Event: ======'modes_active_modes_changed'====== Args={}
2025-10-30 22:37:53,079 : INFO : EventManager : Event: ======'mode_bumpers_stopped'====== Args={}
2025-10-30 22:37:53,079 : INFO : EventManager : Event: ======'clear'====== Args={'key': 'bumpers'}
2025-10-30 22:37:53,080 : INFO : Mode.base : Stopped.
2025-10-30 22:37:53,080 : INFO : EventManager : Event: ======'modes_active_modes_changed'====== Args={}
2025-10-30 22:37:53,080 : INFO : EventManager : Event: ======'mode_base_stopped'====== Args={}
2025-10-30 22:37:53,080 : INFO : EventManager : Event: ======'clear'====== Args={'key': 'base'}
2025-10-30 22:37:53,080 : INFO : Timer.player_added_timer : Stopping Timer
2025-10-30 22:37:53,080 : INFO : EventManager : Event: ======'timer_player_added_timer_stopped'====== Args={'ticks': 1, 'ticks_remaining': 1}
2025-10-30 22:37:53,080 : INFO : Mode.game : Stopped.
2025-10-30 22:37:53,080 : INFO : EventManager : Event: ======'modes_active_modes_changed'====== Args={}
2025-10-30 22:37:53,080 : INFO : EventManager : Event: ======'mode_game_stopped'====== Args={}
2025-10-30 22:37:53,080 : INFO : EventManager : Event: ======'clear'====== Args={'key': 'game'}
2025-10-30 22:37:53,083 : INFO : root : MPF run loop ended.
