2025-10-30 23:32:37,413 : INFO : root : Loading config.
2025-10-30 23:32:37,414 : INFO : YamlMultifileConfigLoader : Machine config file #1: config.yaml
2025-10-30 23:32:37,414 : INFO : ConfigProcessor : Loading config from cache: /var/folders/m3/0d4y64_n3fn8tnkv3ydlhztw0000gn/T/5ca32a6c950d03116abbed96ca44d372.mpf_cache
2025-10-30 23:32:37,426 : INFO : ConfigProcessor : Loading config from cache: /var/folders/m3/0d4y64_n3fn8tnkv3ydlhztw0000gn/T/01c495fa7450a81b4be96cb699872531.mpf_cache
2025-10-30 23:32:37,426 : INFO : ConfigProcessor : Loading config from cache: /var/folders/m3/0d4y64_n3fn8tnkv3ydlhztw0000gn/T/bfde29b5bb803376b0637bb8f0da27a7.mpf_cache
2025-10-30 23:32:37,426 : INFO : ConfigProcessor : Loading config from cache: /var/folders/m3/0d4y64_n3fn8tnkv3ydlhztw0000gn/T/01c495fa7450a81b4be96cb699872531.mpf_cache
2025-10-30 23:32:37,426 : INFO : ConfigProcessor : Loading config from cache: /var/folders/m3/0d4y64_n3fn8tnkv3ydlhztw0000gn/T/3ae89e09515ff8d8b11d68f672b2cc51.mpf_cache
2025-10-30 23:32:37,426 : INFO : ConfigProcessor : Loading config from cache: /var/folders/m3/0d4y64_n3fn8tnkv3ydlhztw0000gn/T/4c420229fa75118c2461cfc9ff5a44e2.mpf_cache
2025-10-30 23:32:37,426 : INFO : Machine : Mission Pinball Framework Core Engine v0.80.0.dev10
2025-10-30 23:32:37,426 : INFO : Machine : Command line arguments: {'no_load_cache': False, 'create_config_cache': True, 'bcp': True, 'configfile': ['config.yaml'], 'force_assets_load': False, 'platform_integration_test': False, 'jsonlogging': False, 'logfile': 'logs/2025-10-30-23-32-37-mpf-mac.home.log', 'pause': False, 'production': False, 'text_ui': False, 'loglevel': 15, 'consoleloglevel': 20, 'force_platform': 'smart_virtual', 'syslog_address': None, 'full_logfile_path': '/Users/didiergilbin/Desktop/Homebrew_CSI/logs/2025-10-30-23-32-37-mpf-mac.home.log'}
2025-10-30 23:32:37,426 : INFO : Machine : MPF path: /Users/didiergilbin/mpfenv/lib/python3.13/site-packages/mpf
2025-10-30 23:32:37,426 : INFO : Machine : Machine path: /Users/didiergilbin/Desktop/Homebrew_CSI
2025-10-30 23:32:37,426 : INFO : Machine : Platform: darwin
2025-10-30 23:32:37,426 : INFO : Machine : Python executable location: /Users/didiergilbin/mpfenv/bin/python3.13
2025-10-30 23:32:37,426 : INFO : Machine : Python version: 3.13.7 (64-bit)
2025-10-30 23:32:37,427 : INFO : Machine : Initializing MPF...
2025-10-30 23:32:37,439 : INFO : EventManager : Event: ======'machine_var_credits_string'====== Args={'value': 'FREE PLAY', 'prev_value': None, 'change': True}
2025-10-30 23:32:37,443 : INFO : EventManager : Event: ======'machine_var_master_volume'====== Args={'value': 0.5, 'prev_value': None, 'change': True}
2025-10-30 23:32:37,443 : INFO : EventManager : Event: ======'machine_var_player1_score'====== Args={'value': 70000, 'prev_value': None, 'change': True}
2025-10-30 23:32:37,443 : INFO : EventManager : Event: ======'machine_var_player2_score'====== Args={'value': 0, 'prev_value': None, 'change': True}
2025-10-30 23:32:37,443 : INFO : EventManager : Event: ======'machine_var_player3_score'====== Args={'value': 0, 'prev_value': None, 'change': True}
2025-10-30 23:32:37,443 : INFO : EventManager : Event: ======'machine_var_mpf_version'====== Args={'value': 'Mission Pinball Framework v0.80.0.dev10', 'prev_value': None, 'change': True}
2025-10-30 23:32:37,443 : INFO : EventManager : Event: ======'machine_var_mpf_extended_version'====== Args={'value': 'Mission Pinball Framework v0.80.0.dev10, Config version:6, Show version: 6, BCP version:1.1', 'prev_value': None, 'change': True}
2025-10-30 23:32:37,443 : INFO : EventManager : Event: ======'machine_var_python_version'====== Args={'value': '3.13.7', 'prev_value': None, 'change': True}
2025-10-30 23:32:37,449 : INFO : EventManager : Event: ======'machine_var_platform'====== Args={'value': 'macOS-15.6.1-arm64-arm-64bit-Mach-O', 'prev_value': None, 'change': True}
2025-10-30 23:32:37,449 : INFO : EventManager : Event: ======'machine_var_platform_system'====== Args={'value': 'Darwin', 'prev_value': None, 'change': True}
2025-10-30 23:32:37,449 : INFO : EventManager : Event: ======'machine_var_platform_release'====== Args={'value': '24.6.0', 'prev_value': None, 'change': True}
2025-10-30 23:32:37,449 : INFO : EventManager : Event: ======'machine_var_platform_version'====== Args={'value': 'Darwin Kernel Version 24.6.0: Mon Jul 14 11:30:40 PDT 2025; root:xnu-11417.140.69~1/RELEASE_ARM64_T8132', 'prev_value': None, 'change': True}
2025-10-30 23:32:37,449 : INFO : EventManager : Event: ======'machine_var_platform_machine'====== Args={'value': 'arm64', 'prev_value': None, 'change': True}
2025-10-30 23:32:37,449 : INFO : EventManager : Event: ======'machine_var_log_file_path'====== Args={'value': '/Users/didiergilbin/Desktop/Homebrew_CSI/logs/2025-10-30-23-32-37-mpf-mac.home.log', 'prev_value': None, 'change': True}
2025-10-30 23:32:37,449 : INFO : EventManager : Event: ======'init_phase_1'====== Args={}
2025-10-30 23:32:37,454 : INFO : EventManager : Event: ======'init_phase_2'====== Args={}
2025-10-30 23:32:37,454 : INFO : SwitchController : Found active switch: ('2', <Platform.SmartVirtual>) <switch.s_trough1>
2025-10-30 23:32:37,454 : INFO : SwitchController : Found active switch: ('3', <Platform.SmartVirtual>) <switch.s_trough2>
2025-10-30 23:32:37,454 : INFO : SwitchController : Found active switch: ('4', <Platform.SmartVirtual>) <switch.s_trough3>
2025-10-30 23:32:37,454 : INFO : SwitchController : Found active switch: ('5', <Platform.SmartVirtual>) <switch.s_trough4>
2025-10-30 23:32:37,455 : INFO : EventManager : Event: ======'bcp_connection_attempt'====== Args={'name': 'local_display', 'host': 'localhost', 'port': 5050}
2025-10-30 23:32:37,455 : INFO : BCPClientSocket : Connecting BCP to 'local_display' at localhost:5050...
2025-10-30 23:32:37,458 : INFO : BCPClientSocket : Connected BCP to 'local_display' localhost:5050
2025-10-30 23:32:37,458 : INFO : EventManager : Event: ======'bcp_clients_connected'====== Args={}
2025-10-30 23:32:37,458 : INFO : ball_device.bd_drain : BCH: Initial count: 0
2025-10-30 23:32:37,458 : INFO : ball_device.bd_drain : State: idle
2025-10-30 23:32:37,458 : INFO : ball_device.bd_trough : BCH: Initial count: 4
2025-10-30 23:32:37,458 : INFO : ball_device.bd_trough : State: idle
2025-10-30 23:32:37,458 : INFO : ball_device.bd_plunger : BCH: Initial count: 0
2025-10-30 23:32:37,459 : INFO : ball_device.bd_plunger : State: idle
2025-10-30 23:32:37,461 : INFO : EventManager : Event: ======'init_phase_3'====== Args={}
2025-10-30 23:32:37,462 : INFO : EventManager : Event: ======'init_phase_4'====== Args={}
2025-10-30 23:32:37,462 : INFO : BallController : Initial balls found: 4
2025-10-30 23:32:37,462 : INFO : EventManager : Event: ======'machine_var_audits_events_game_ended'====== Args={'value': 21, 'prev_value': None, 'change': True}
2025-10-30 23:32:37,462 : INFO : EventManager : Event: ======'machine_var_audits_events_game_started'====== Args={'value': 212, 'prev_value': None, 'change': True}
2025-10-30 23:32:37,462 : INFO : EventManager : Event: ======'machine_var_audits_missing_switches_s_drain'====== Args={'value': 1, 'prev_value': None, 'change': True}
2025-10-30 23:32:37,462 : INFO : EventManager : Event: ======'machine_var_audits_missing_switches_s_launch_button'====== Args={'value': 212, 'prev_value': None, 'change': True}
2025-10-30 23:32:37,462 : INFO : EventManager : Event: ======'machine_var_audits_missing_switches_s_left_flipper'====== Args={'value': 20, 'prev_value': None, 'change': True}
2025-10-30 23:32:37,462 : INFO : EventManager : Event: ======'machine_var_audits_missing_switches_s_popbumper1'====== Args={'value': 1, 'prev_value': None, 'change': True}
2025-10-30 23:32:37,462 : INFO : EventManager : Event: ======'machine_var_audits_missing_switches_s_popbumper2'====== Args={'value': 1, 'prev_value': None, 'change': True}
2025-10-30 23:32:37,462 : INFO : EventManager : Event: ======'machine_var_audits_missing_switches_s_popbumper3'====== Args={'value': 2, 'prev_value': None, 'change': True}
2025-10-30 23:32:37,462 : INFO : EventManager : Event: ======'machine_var_audits_missing_switches_s_right_flipper'====== Args={'value': 20, 'prev_value': None, 'change': True}
2025-10-30 23:32:37,462 : INFO : EventManager : Event: ======'machine_var_audits_missing_switches_s_scoop'====== Args={'value': 30, 'prev_value': None, 'change': True}
2025-10-30 23:32:37,462 : INFO : EventManager : Event: ======'machine_var_audits_missing_switches_s_sling_left'====== Args={'value': 212, 'prev_value': None, 'change': True}
2025-10-30 23:32:37,462 : INFO : EventManager : Event: ======'machine_var_audits_missing_switches_s_sling_right'====== Args={'value': 212, 'prev_value': None, 'change': True}
2025-10-30 23:32:37,462 : INFO : EventManager : Event: ======'machine_var_audits_missing_switches_s_start'====== Args={'value': 1, 'prev_value': None, 'change': True}
2025-10-30 23:32:37,462 : INFO : EventManager : Event: ======'machine_var_audits_missing_switches_s_trough1'====== Args={'value': 1, 'prev_value': None, 'change': True}
2025-10-30 23:32:37,462 : INFO : EventManager : Event: ======'machine_var_audits_missing_switches_s_trough2'====== Args={'value': 1, 'prev_value': None, 'change': True}
2025-10-30 23:32:37,462 : INFO : EventManager : Event: ======'machine_var_audits_missing_switches_s_trough3'====== Args={'value': 212, 'prev_value': None, 'change': True}
2025-10-30 23:32:37,462 : INFO : EventManager : Event: ======'machine_var_audits_missing_switches_s_trough4'====== Args={'value': 212, 'prev_value': None, 'change': True}
2025-10-30 23:32:37,462 : INFO : EventManager : Event: ======'machine_var_audits_missing_switches_s_trough_jam'====== Args={'value': 41, 'prev_value': None, 'change': True}
2025-10-30 23:32:37,462 : INFO : EventManager : Event: ======'machine_var_audits_player_score'====== Args={'value': {'average': 406447, 'top': [10210000, 1550000, 1070000, 1070000, 810000, 640000, 410000, 380000, 370000, 330000], 'total': 48}, 'prev_value': None, 'change': True}
2025-10-30 23:32:37,462 : INFO : EventManager : Event: ======'machine_var_audits_shots_bumper1'====== Args={'value': 2998, 'prev_value': None, 'change': True}
2025-10-30 23:32:37,462 : INFO : EventManager : Event: ======'machine_var_audits_shots_bumper2'====== Args={'value': 2989, 'prev_value': None, 'change': True}
2025-10-30 23:32:37,462 : INFO : EventManager : Event: ======'machine_var_audits_shots_bumper3'====== Args={'value': 2627, 'prev_value': None, 'change': True}
2025-10-30 23:32:37,462 : INFO : EventManager : Event: ======'machine_var_audits_switches_s_drain'====== Args={'value': 221, 'prev_value': None, 'change': True}
2025-10-30 23:32:37,462 : INFO : EventManager : Event: ======'machine_var_audits_switches_s_launch_button'====== Args={'value': 0, 'prev_value': None, 'change': True}
2025-10-30 23:32:37,462 : INFO : EventManager : Event: ======'machine_var_audits_switches_s_left_flipper'====== Args={'value': 16, 'prev_value': None, 'change': True}
2025-10-30 23:32:37,462 : INFO : EventManager : Event: ======'machine_var_audits_switches_s_plunger_lane'====== Args={'value': 361, 'prev_value': None, 'change': True}
2025-10-30 23:32:37,462 : INFO : EventManager : Event: ======'machine_var_audits_switches_s_popbumper1'====== Args={'value': 2998, 'prev_value': None, 'change': True}
2025-10-30 23:32:37,462 : INFO : EventManager : Event: ======'machine_var_audits_switches_s_popbumper2'====== Args={'value': 2989, 'prev_value': None, 'change': True}
2025-10-30 23:32:37,462 : INFO : EventManager : Event: ======'machine_var_audits_switches_s_popbumper3'====== Args={'value': 2627, 'prev_value': None, 'change': True}
2025-10-30 23:32:37,462 : INFO : EventManager : Event: ======'machine_var_audits_switches_s_right_flipper'====== Args={'value': 32, 'prev_value': None, 'change': True}
2025-10-30 23:32:37,462 : INFO : EventManager : Event: ======'machine_var_audits_switches_s_scoop'====== Args={'value': 48, 'prev_value': None, 'change': True}
2025-10-30 23:32:37,462 : INFO : EventManager : Event: ======'machine_var_audits_switches_s_sling_left'====== Args={'value': 0, 'prev_value': None, 'change': True}
2025-10-30 23:32:37,462 : INFO : EventManager : Event: ======'machine_var_audits_switches_s_sling_right'====== Args={'value': 0, 'prev_value': None, 'change': True}
2025-10-30 23:32:37,462 : INFO : EventManager : Event: ======'machine_var_audits_switches_s_start'====== Args={'value': 481, 'prev_value': None, 'change': True}
2025-10-30 23:32:37,462 : INFO : EventManager : Event: ======'machine_var_audits_switches_s_trough1'====== Args={'value': 144, 'prev_value': None, 'change': True}
2025-10-30 23:32:37,462 : INFO : EventManager : Event: ======'machine_var_audits_switches_s_trough2'====== Args={'value': 7, 'prev_value': None, 'change': True}
2025-10-30 23:32:37,462 : INFO : EventManager : Event: ======'machine_var_audits_switches_s_trough3'====== Args={'value': 0, 'prev_value': None, 'change': True}
2025-10-30 23:32:37,462 : INFO : EventManager : Event: ======'machine_var_audits_switches_s_trough4'====== Args={'value': 0, 'prev_value': None, 'change': True}
2025-10-30 23:32:37,463 : INFO : EventManager : Event: ======'machine_var_audits_switches_s_trough_jam'====== Args={'value': 2, 'prev_value': None, 'change': True}
2025-10-30 23:32:37,463 : INFO : EventManager : Event: ======'init_phase_5'====== Args={}
2025-10-30 23:32:37,463 : INFO : EventManager : Event: ======'init_done'====== Args={}
2025-10-30 23:32:37,463 : INFO : EventManager : Event: ======'machine_reset_phase_1'====== Args={}
2025-10-30 23:32:37,474 : INFO : EventManager : Event: ======'machine_reset_phase_2'====== Args={}
2025-10-30 23:32:37,475 : INFO : EventManager : Event: ======'machine_reset_phase_3'====== Args={}
2025-10-30 23:32:37,475 : INFO : EventManager : Event: ======'reset_complete'====== Args={}
2025-10-30 23:32:37,475 : INFO : EventManager : Event: ======'mode_attract_will_start'====== Args={}
2025-10-30 23:32:37,475 : INFO : Timer.attract_carousel_timer : Starting Timer.
2025-10-30 23:32:37,475 : INFO : EventManager : Event: ======'timer_attract_carousel_timer_started'====== Args={'ticks': 0, 'ticks_remaining': 1}
2025-10-30 23:32:37,475 : INFO : EventManager : Event: ======'timer_attract_carousel_timer_tick'====== Args={'ticks': 0, 'ticks_remaining': 1}
2025-10-30 23:32:37,475 : INFO : EventManager : Event: ======'mode_attract_starting'====== Args={}
2025-10-30 23:32:37,475 : INFO : Mode.attract : Started. Priority: 10
2025-10-30 23:32:37,475 : INFO : EventManager : Event: ======'modes_active_modes_changed'====== Args={}
2025-10-30 23:32:37,475 : INFO : EventManager : Event: ======'mode_attract_started'====== Args={}
2025-10-30 23:32:37,475 : INFO : EventManager : Event: ======'collecting_balls_complete'====== Args={}
2025-10-30 23:32:37,475 : INFO : EventManager : Event: ======'carousel_item_highlighted'====== Args={'carousel': 'attract', 'direction': None, 'item': 'title'}
2025-10-30 23:32:37,476 : INFO : Machine : Starting the main run loop with active modes: [<Mode.attract>]
2025-10-30 23:32:37,886 : INFO : EventManager : Event: ======'slide_attract_created'====== Args={'_from_bcp': True}
2025-10-30 23:32:37,887 : INFO : EventManager : Event: ======'slide__removed'====== Args={'_from_bcp': True}
2025-10-30 23:32:37,887 : INFO : EventManager : Event: ======'slide_attract_active'====== Args={'original_context': 'attract', 'original_calling_context': 'mode_attract_started', 'priority': 10.0, 'cmd': 'slides_play', '_from_bcp': True}
2025-10-30 23:32:39,474 : INFO : SwitchController : <<<<<<< 's_start' active >>>>>>>
2025-10-30 23:32:39,557 : INFO : SwitchController : <<<<<<< 's_start' inactive >>>>>>>
2025-10-30 23:32:39,558 : INFO : EventManager : Event: ======'request_to_start_game'====== Args={}
2025-10-30 23:32:39,559 : INFO : EventManager : Event: ======'game_start'====== Args={'buttons': [], 'hold_time': 0.08342970896046609}
2025-10-30 23:32:39,559 : INFO : EventManager : Event: ======'mode_game_will_start'====== Args={'buttons': [], 'hold_time': 0.08342970896046609}
2025-10-30 23:32:39,560 : INFO : EventManager : Event: ======'mode_game_starting'====== Args={'buttons': [], 'hold_time': 0.08342970896046609}
2025-10-30 23:32:39,560 : INFO : EventManager : Event: ======'mode_attract_will_stop'====== Args={}
2025-10-30 23:32:39,561 : INFO : EventManager : Event: ======'mode_attract_stopping'====== Args={}
2025-10-30 23:32:39,561 : INFO : Mode.attract : Stopped.
2025-10-30 23:32:39,561 : INFO : EventManager : Event: ======'modes_active_modes_changed'====== Args={}
2025-10-30 23:32:39,561 : INFO : EventManager : Event: ======'mode_attract_stopped'====== Args={}
2025-10-30 23:32:39,561 : INFO : EventManager : Event: ======'clear'====== Args={'key': 'attract'}
2025-10-30 23:32:39,562 : INFO : Timer.attract_carousel_timer : Stopping Timer
2025-10-30 23:32:39,562 : INFO : EventManager : Event: ======'timer_attract_carousel_timer_stopped'====== Args={'ticks': 0, 'ticks_remaining': 1}
2025-10-30 23:32:39,562 : INFO : Mode.game : Started. Priority: 20
2025-10-30 23:32:39,562 : INFO : EventManager : Event: ======'modes_active_modes_changed'====== Args={}
2025-10-30 23:32:39,562 : INFO : EventManager : Event: ======'mode_game_started'====== Args={'buttons': [], 'hold_time': 0.08342970896046609}
2025-10-30 23:32:39,563 : INFO : EventManager : Event: ======'game_will_start'====== Args={}
2025-10-30 23:32:39,564 : INFO : EventManager : Event: ======'game_starting'====== Args={'game': <Mode.game>}
2025-10-30 23:32:39,565 : INFO : EventManager : Unordered handler for class <Auditor> on event game_ended with priority 1. Handlers: [RegisteredHandler(callback=<bound method Auditor.disable of <Auditor>>, priority=1, kwargs={}, key=UUID('1511252b-50a0-46ef-8f01-ee3efd15104b'), condition=None, blocking_facility=None), RegisteredHandler(callback=<bound method Auditor._save_audits of <Auditor>>, priority=1, kwargs={}, key=UUID('02e5b2ea-ce46-418d-a305-ecc327357afd'), condition=None, blocking_facility=None)]. The order of those handlers is not defined and they will be executed in random order. This might lead to race conditions and potential bugs.
2025-10-30 23:32:39,565 : INFO : EventManager : Event: ======'player_add_request'====== Args={}
2025-10-30 23:32:39,565 : INFO : EventManager : Event: ======'player_will_add'====== Args={'number': 1}
2025-10-30 23:32:39,565 : INFO : EventManager : Event: ======'player_adding'====== Args={'player': <Player 1>, 'number': 1}
2025-10-30 23:32:39,565 : INFO : EventManager : Event: ======'player_added'====== Args={'player': <Player 1>, 'num': 1}
2025-10-30 23:32:39,566 : INFO : Mode.game : Player added successfully. Total players: 1
2025-10-30 23:32:39,566 : INFO : EventManager : Event: ======'player_index'====== Args={'value': 0, 'prev_value': 0, 'change': 0, 'player_num': 1}
2025-10-30 23:32:39,566 : INFO : EventManager : Event: ======'player_number'====== Args={'value': 1, 'prev_value': 1, 'change': 0, 'player_num': 1}
2025-10-30 23:32:39,566 : INFO : EventManager : Event: ======'player_score'====== Args={'value': 0, 'prev_value': 0, 'change': 0, 'player_num': 1}
2025-10-30 23:32:39,567 : INFO : EventManager : Event: ======'game_started'====== Args={}
2025-10-30 23:32:39,567 : INFO : EventManager : Event: ======'player_turn_will_start'====== Args={'player': <Player 1>, 'number': 1}
2025-10-30 23:32:39,567 : INFO : EventManager : Event: ======'player_turn_starting'====== Args={'player': <Player 1>, 'number': 1}
2025-10-30 23:32:39,573 : INFO : EventManager : Event: ======'player_ball'====== Args={'value': 1, 'prev_value': 0, 'change': 1, 'player_num': 1}
2025-10-30 23:32:39,573 : INFO : EventManager : Event: ======'player_turn_started'====== Args={'player': <Player 1>, 'number': 1}
2025-10-30 23:32:39,574 : INFO : EventManager : Event: ======'ball_will_start'====== Args={'player': 1, 'ball': 1, 'balls_remaining': 2, 'is_extra_ball': False}
2025-10-30 23:32:39,574 : INFO : EventManager : Event: ======'ball_starting'====== Args={'player': 1, 'ball': 1, 'balls_remaining': 2, 'is_extra_ball': False}
2025-10-30 23:32:39,574 : INFO : EventManager : Event: ======'mode_base_will_start'====== Args={'queue': <QueuedEvent>, 'player': 1, 'ball': 1, 'balls_remaining': 2, 'is_extra_ball': False}
2025-10-30 23:32:39,574 : INFO : EventManager : Event: ======'player_base_player_added_timer_tick'====== Args={'value': 0, 'prev_value': 0, 'change': 0, 'player_num': 1}
2025-10-30 23:32:39,575 : INFO : Timer.player_added_timer : Starting Timer.
2025-10-30 23:32:39,575 : INFO : EventManager : Event: ======'timer_player_added_timer_started'====== Args={'ticks': 0, 'ticks_remaining': 1}
2025-10-30 23:32:39,575 : INFO : EventManager : Event: ======'timer_player_added_timer_tick'====== Args={'ticks': 0, 'ticks_remaining': 1}
2025-10-30 23:32:39,576 : INFO : EventManager : Event: ======'mode_base_starting'====== Args={'queue': <QueuedEvent>, 'player': 1, 'ball': 1, 'balls_remaining': 2, 'is_extra_ball': False}
2025-10-30 23:32:39,576 : INFO : Mode.base : Started. Priority: 100
2025-10-30 23:32:39,576 : INFO : EventManager : Event: ======'modes_active_modes_changed'====== Args={}
2025-10-30 23:32:39,576 : INFO : EventManager : Event: ======'mode_base_started'====== Args={'queue': <QueuedEvent>, 'player': 1, 'ball': 1, 'balls_remaining': 2, 'is_extra_ball': False}
2025-10-30 23:32:39,576 : INFO : EventManager : Event: ======'start_mode_bumpers'====== Args={'priority': 0}
2025-10-30 23:32:39,576 : INFO : EventManager : Event: ======'mode_bumpers_will_start'====== Args={'priority': 0}
2025-10-30 23:32:39,577 : INFO : EventManager : Event: ======'player_shot_bumper1_enabled'====== Args={'value': True, 'prev_value': 0, 'change': 1, 'player_num': 1}
2025-10-30 23:32:39,577 : INFO : EventManager : Event: ======'player_shot_bumper2_enabled'====== Args={'value': True, 'prev_value': 0, 'change': 1, 'player_num': 1}
2025-10-30 23:32:39,577 : INFO : EventManager : Event: ======'player_shot_bumper3_enabled'====== Args={'value': True, 'prev_value': 0, 'change': 1, 'player_num': 1}
2025-10-30 23:32:39,578 : INFO : EventManager : Event: ======'bumpers_complete'====== Args={'state': 'unlit'}
2025-10-30 23:32:39,578 : INFO : EventManager : Event: ======'bumpers_unlit_complete'====== Args={}
2025-10-30 23:32:39,578 : INFO : EventManager : Event: ======'mode_bumpers_starting'====== Args={'priority': 0}
2025-10-30 23:32:39,578 : INFO : Mode.bumpers : Started. Priority: 200
2025-10-30 23:32:39,578 : INFO : EventManager : Event: ======'modes_active_modes_changed'====== Args={}
2025-10-30 23:32:39,578 : INFO : EventManager : Event: ======'mode_bumpers_started'====== Args={'priority': 0}
2025-10-30 23:32:39,579 : INFO : EventManager : Event: ======'balls_in_play'====== Args={'balls': 1}
2025-10-30 23:32:39,579 : INFO : EventManager : Event: ======'ball_started'====== Args={'player': 1, 'ball': 1, 'balls_remaining': 2, 'is_extra_ball': False}
2025-10-30 23:32:39,579 : INFO : EventManager : Event: ======'single_player_ball_started'====== Args={}
2025-10-30 23:32:39,579 : INFO : EventManager : Event: ======'ball_start_target'====== Args={'target': 'playfield'}
2025-10-30 23:32:39,580 : INFO : ball_device.bd_trough : Setting up player-controlled eject. Balls: 1, Target: <playfield.playfield>, player_controlled_eject_event: None
2025-10-30 23:32:39,580 : INFO : ball_device.bd_trough : Adding 1 ball(s) to the eject_queue with target <playfield.playfield>.
2025-10-30 23:32:39,580 : INFO : EventManager : Event: ======'balldevice_balls_available'====== Args={}
2025-10-30 23:32:39,580 : INFO : ball_device.bd_trough : State: waiting_for_target_ready
2025-10-30 23:32:39,580 : INFO : EventManager : Event: ======'balldevice_bd_trough_ball_eject_attempt'====== Args={'balls': 1, 'target': <ball_device.bd_plunger>, 'source': <ball_device.bd_trough>, 'mechanical_eject': False, 'num_attempts': 0}
2025-10-30 23:32:39,581 : INFO : ball_device.bd_plunger : State: waiting_for_ball
2025-10-30 23:32:39,581 : INFO : ball_device.bd_trough : State: ejecting
2025-10-30 23:32:39,581 : INFO : ball_device.bd_trough : Ejecting ball to <ball_device.bd_plunger>
2025-10-30 23:32:39,581 : INFO : EventManager : Event: ======'balldevice_bd_trough_ejecting_ball'====== Args={'balls': 1, 'target': <ball_device.bd_plunger>, 'source': <ball_device.bd_trough>, 'mechanical_eject': False, 'num_attempts': 0}
2025-10-30 23:32:39,581 : INFO : ball_device.bd_trough : Wait for ball to leave device
2025-10-30 23:32:39,581 : INFO : coil.c_trough_eject : Pulsing Driver for 20ms (1.0 pulse_power)
2025-10-30 23:32:39,581 : INFO : SwitchController : <<<<<<< 's_trough1' inactive >>>>>>>
2025-10-30 23:32:39,582 : INFO : ball_device.bd_trough : State: ball_left
2025-10-30 23:32:39,582 : INFO : ball_device.bd_trough : Ball left
2025-10-30 23:32:39,582 : INFO : ball_device.bd_trough : Wait for confirm with timeout 3.0
2025-10-30 23:32:39,682 : INFO : SwitchController : <<<<<<< 's_plunger_lane' active >>>>>>>
2025-10-30 23:32:39,682 : INFO : EventManager : Event: ======'machine_var_audits_switches_s_plunger_lane'====== Args={'value': 362, 'prev_value': 361, 'change': 1}
2025-10-30 23:32:39,815 : INFO : EventManager : Event: ======'slide_base_slide_created'====== Args={'_from_bcp': True}
2025-10-30 23:32:39,815 : INFO : EventManager : Event: ======'slide_attract_inactive'====== Args={'is_removing': True, '_from_bcp': True}
2025-10-30 23:32:39,815 : INFO : EventManager : Event: ======'slide_base_slide_active'====== Args={'original_context': 'base', 'original_calling_context': 'mode_base_started', 'priority': 100.0, 'queue': '<QueuedEvent>', 'player': 1.0, 'ball': 1.0, 'balls_remaining': 2.0, 'is_extra_ball': False, 'cmd': 'slides_play', '_from_bcp': True}
2025-10-30 23:32:39,816 : INFO : EventManager : Event: ======'slide_attract_removed'====== Args={'_from_bcp': True}
2025-10-30 23:32:40,183 : INFO : ball_device.bd_plunger : Received ball from <ball_device.bd_trough>
2025-10-30 23:32:40,184 : INFO : EventManager : Event: ======'balldevice_bd_plunger_ball_enter'====== Args={'new_balls': 1, 'unclaimed_balls': 0, 'new_available_balls': 0, 'device': <ball_device.bd_plunger>}
2025-10-30 23:32:40,185 : INFO : EventManager : Event: ======'balldevice_bd_plunger_ball_entered'====== Args={'new_balls': 0, 'device': <ball_device.bd_plunger>}
2025-10-30 23:32:40,185 : INFO : EventManager : Event: ======'balldevice_bd_plunger_ball_count_changed'====== Args={'balls': 1}
2025-10-30 23:32:40,185 : INFO : ball_device.bd_trough : Got eject confirm
2025-10-30 23:32:40,185 : INFO : ball_device.bd_trough : Eject successful
2025-10-30 23:32:40,185 : INFO : EventManager : Event: ======'balldevice_bd_trough_ball_eject_success'====== Args={'balls': 1, 'target': <ball_device.bd_plunger>}
2025-10-30 23:32:40,186 : INFO : ball_device.bd_plunger : State: waiting_for_target_ready
2025-10-30 23:32:40,186 : INFO : EventManager : Event: ======'balldevice_bd_plunger_ball_eject_attempt'====== Args={'balls': 1, 'target': <playfield.playfield>, 'source': <ball_device.bd_plunger>, 'mechanical_eject': False, 'num_attempts': 0}
2025-10-30 23:32:40,186 : INFO : EventManager : Event: ======'balldevice_bd_trough_ball_count_changed'====== Args={'balls': 3}
2025-10-30 23:32:40,186 : INFO : ball_device.bd_trough : State: idle
2025-10-30 23:32:40,187 : INFO : ball_device.bd_plunger : State: ejecting
2025-10-30 23:32:40,187 : INFO : ball_device.bd_plunger : Ejecting ball to <playfield.playfield>
2025-10-30 23:32:40,187 : INFO : EventManager : Event: ======'balldevice_bd_plunger_ejecting_ball'====== Args={'balls': 1, 'target': <playfield.playfield>, 'source': <ball_device.bd_plunger>, 'mechanical_eject': False, 'num_attempts': 0}
2025-10-30 23:32:40,188 : INFO : ball_device.bd_plunger : Wait for ball to leave device
2025-10-30 23:32:40,188 : INFO : coil.c_plunger : Pulsing Driver for 20ms (1.0 pulse_power)
2025-10-30 23:32:40,188 : INFO : SwitchController : <<<<<<< 's_plunger_lane' inactive >>>>>>>
2025-10-30 23:32:40,190 : INFO : ball_device.bd_plunger : State: ball_left
2025-10-30 23:32:40,190 : INFO : ball_device.bd_plunger : Ball left
2025-10-30 23:32:40,190 : INFO : ball_device.bd_plunger : Wait for confirm with timeout 3.0
2025-10-30 23:32:40,275 : INFO : EventManager : Event: ======'player_base_player_added_timer_tick'====== Args={'value': 1, 'prev_value': 0, 'change': 1, 'player_num': 1}
2025-10-30 23:32:40,276 : INFO : Timer.player_added_timer : Timer Complete
2025-10-30 23:32:40,276 : INFO : Timer.player_added_timer : Stopping Timer
2025-10-30 23:32:40,276 : INFO : EventManager : Event: ======'timer_player_added_timer_stopped'====== Args={'ticks': 1, 'ticks_remaining': 1}
2025-10-30 23:32:40,276 : INFO : EventManager : Event: ======'timer_player_added_timer_complete'====== Args={'ticks': 1, 'ticks_remaining': 1}
2025-10-30 23:32:40,674 : INFO : SwitchController : <<<<<<< 's_start' active >>>>>>>
2025-10-30 23:32:40,674 : INFO : EventManager : Event: ======'sw_start'====== Args={}
2025-10-30 23:32:40,674 : INFO : EventManager : Event: ======'machine_var_audits_switches_s_start'====== Args={'value': 482, 'prev_value': 481, 'change': 1}
2025-10-30 23:32:40,674 : INFO : EventManager : Event: ======'player_add_request'====== Args={}
2025-10-30 23:32:40,675 : INFO : EventManager : Event: ======'player_will_add'====== Args={'number': 2}
2025-10-30 23:32:40,675 : INFO : EventManager : Event: ======'player_adding'====== Args={'player': <Player 2>, 'number': 2}
2025-10-30 23:32:40,675 : INFO : EventManager : Event: ======'player_added'====== Args={'player': <Player 2>, 'num': 2}
2025-10-30 23:32:40,675 : INFO : Mode.game : Player added successfully. Total players: 2
2025-10-30 23:32:40,675 : INFO : EventManager : Event: ======'multiplayer_game'====== Args={}
2025-10-30 23:32:40,675 : INFO : EventManager : Event: ======'player_base_player_added_timer_tick'====== Args={'value': 0, 'prev_value': 1, 'change': -1, 'player_num': 1}
2025-10-30 23:32:40,675 : INFO : Timer.player_added_timer : Starting Timer.
2025-10-30 23:32:40,675 : INFO : EventManager : Event: ======'timer_player_added_timer_started'====== Args={'ticks': 0, 'ticks_remaining': 1}
2025-10-30 23:32:40,675 : INFO : EventManager : Event: ======'timer_player_added_timer_tick'====== Args={'ticks': 0, 'ticks_remaining': 1}
2025-10-30 23:32:40,676 : INFO : EventManager : Event: ======'player_index'====== Args={'value': 1, 'prev_value': 1, 'change': 0, 'player_num': 2}
2025-10-30 23:32:40,676 : INFO : EventManager : Event: ======'player_number'====== Args={'value': 2, 'prev_value': 2, 'change': 0, 'player_num': 2}
2025-10-30 23:32:40,676 : INFO : EventManager : Event: ======'player_score'====== Args={'value': 0, 'prev_value': 0, 'change': 0, 'player_num': 2}
2025-10-30 23:32:40,721 : INFO : EventManager : Event: ======'widget_player_addded_widget_active'====== Args={'original_context': 'base', 'original_calling_context': 'player_added', 'priority': 100.0, 'player': '<Player 2>', 'num': 2.0, 'cmd': 'widgets_play', '_from_bcp': True}
2025-10-30 23:32:40,753 : INFO : SwitchController : <<<<<<< 's_start' inactive >>>>>>>
2025-10-30 23:32:41,340 : INFO : SwitchController : <<<<<<< 's_start' active >>>>>>>
2025-10-30 23:32:41,340 : INFO : EventManager : Event: ======'sw_start'====== Args={}
2025-10-30 23:32:41,341 : INFO : EventManager : Event: ======'machine_var_audits_switches_s_start'====== Args={'value': 483, 'prev_value': 482, 'change': 1}
2025-10-30 23:32:41,341 : INFO : EventManager : Event: ======'player_add_request'====== Args={}
2025-10-30 23:32:41,341 : INFO : EventManager : Event: ======'player_will_add'====== Args={'number': 3}
2025-10-30 23:32:41,341 : INFO : EventManager : Event: ======'player_adding'====== Args={'player': <Player 3>, 'number': 3}
2025-10-30 23:32:41,341 : INFO : EventManager : Event: ======'player_added'====== Args={'player': <Player 3>, 'num': 3}
2025-10-30 23:32:41,341 : INFO : Mode.game : Player added successfully. Total players: 3
2025-10-30 23:32:41,342 : INFO : EventManager : Event: ======'timer_player_added_timer_tick'====== Args={'ticks': 0, 'ticks_remaining': 1}
2025-10-30 23:32:41,342 : INFO : EventManager : Event: ======'player_index'====== Args={'value': 2, 'prev_value': 2, 'change': 0, 'player_num': 3}
2025-10-30 23:32:41,343 : INFO : EventManager : Event: ======'player_number'====== Args={'value': 3, 'prev_value': 3, 'change': 0, 'player_num': 3}
2025-10-30 23:32:41,343 : INFO : EventManager : Event: ======'player_score'====== Args={'value': 0, 'prev_value': 0, 'change': 0, 'player_num': 3}
2025-10-30 23:32:41,440 : INFO : SwitchController : <<<<<<< 's_start' inactive >>>>>>>
2025-10-30 23:32:42,043 : INFO : EventManager : Event: ======'player_base_player_added_timer_tick'====== Args={'value': 1, 'prev_value': 0, 'change': 1, 'player_num': 1}
2025-10-30 23:32:42,044 : INFO : Timer.player_added_timer : Timer Complete
2025-10-30 23:32:42,044 : INFO : Timer.player_added_timer : Stopping Timer
2025-10-30 23:32:42,044 : INFO : EventManager : Event: ======'timer_player_added_timer_stopped'====== Args={'ticks': 1, 'ticks_remaining': 1}
2025-10-30 23:32:42,044 : INFO : EventManager : Event: ======'timer_player_added_timer_complete'====== Args={'ticks': 1, 'ticks_remaining': 1}
2025-10-30 23:32:42,057 : INFO : EventManager : Event: ======'widget_player_addded_widget_removed'====== Args={'_from_bcp': True}
2025-10-30 23:32:43,191 : INFO : ball_device.bd_plunger : State: failed_confirm
2025-10-30 23:32:43,191 : INFO : ball_device.bd_plunger : Got timeout (3.0s) before confirm from <playfield.playfield>
2025-10-30 23:32:43,292 : INFO : ball_device.bd_plunger : Confirming eject because target is playfield and ball did not return.
2025-10-30 23:32:43,293 : INFO : ball_device.bd_plunger : Eject successful
2025-10-30 23:32:43,293 : INFO : EventManager : Event: ======'balldevice_bd_plunger_ball_eject_success'====== Args={'balls': 1, 'target': <playfield.playfield>}
2025-10-30 23:32:43,293 : INFO : EventManager : Event: ======'balldevice_playfield_ball_enter'====== Args={'new_balls': 1, 'unclaimed_balls': 1, 'device': <playfield.playfield>}
2025-10-30 23:32:43,293 : INFO : EventManager : Event: ======'playfield_ball_count_change'====== Args={'balls': 1, 'change': 1}
2025-10-30 23:32:43,294 : INFO : EventManager : Event: ======'balldevice_bd_plunger_ball_count_changed'====== Args={'balls': 0}
2025-10-30 23:32:43,294 : INFO : ball_device.bd_plunger : State: idle
2025-10-30 23:32:44,040 : INFO : SwitchController : <<<<<<< 's_popbumper2' active >>>>>>>
2025-10-30 23:32:44,040 : INFO : EventManager : Event: ======'s_popbumper2_active'====== Args={}
2025-10-30 23:32:44,041 : INFO : EventManager : Event: ======'machine_var_audits_switches_s_popbumper2'====== Args={'value': 2990, 'prev_value': 2989, 'change': 1}
2025-10-30 23:32:44,042 : INFO : EventManager : Event: ======'player_shot_bumper2'====== Args={'value': 1, 'prev_value': 0, 'change': 1, 'player_num': 1}
2025-10-30 23:32:44,042 : INFO : EventManager : Event: ======'machine_var_audits_shots_bumper2'====== Args={'value': 2990, 'prev_value': 2989, 'change': 1}
2025-10-30 23:32:44,049 : INFO : EventManager : Event: ======'bumper2_hit'====== Args={'profile': 'default', 'state': 'unlit', 'advancing': True}
2025-10-30 23:32:44,049 : INFO : EventManager : Event: ======'bumper2_default_hit'====== Args={'profile': 'default', 'state': 'unlit', 'advancing': True}
2025-10-30 23:32:44,049 : INFO : EventManager : Event: ======'bumper2_default_unlit_hit'====== Args={'profile': 'default', 'state': 'unlit', 'advancing': True}
2025-10-30 23:32:44,049 : INFO : EventManager : Event: ======'bumper2_unlit_hit'====== Args={'profile': 'default', 'state': 'unlit', 'advancing': True}
2025-10-30 23:32:44,049 : INFO : EventManager : Event: ======'bumpers_hit'====== Args={'shot': 'bumper2'}
2025-10-30 23:32:44,049 : INFO : EventManager : Event: ======'bumpers_unlit_hit'====== Args={'shot': 'bumper2'}
2025-10-30 23:32:44,049 : INFO : EventManager : Event: ======'player_score'====== Args={'value': 10000, 'prev_value': 0, 'change': 10000, 'player_num': 1, 'source': 'bumpers'}
2025-10-30 23:32:44,057 : INFO : SwitchController : <<<<<<< 's_popbumper1' active >>>>>>>
2025-10-30 23:32:44,057 : INFO : EventManager : Event: ======'s_popbumper1_active'====== Args={}
2025-10-30 23:32:44,058 : INFO : EventManager : Event: ======'machine_var_audits_switches_s_popbumper1'====== Args={'value': 2999, 'prev_value': 2998, 'change': 1}
2025-10-30 23:32:44,058 : INFO : EventManager : Event: ======'player_shot_bumper1'====== Args={'value': 1, 'prev_value': 0, 'change': 1, 'player_num': 1}
2025-10-30 23:32:44,059 : INFO : EventManager : Event: ======'machine_var_audits_shots_bumper1'====== Args={'value': 2999, 'prev_value': 2998, 'change': 1}
2025-10-30 23:32:44,059 : INFO : EventManager : Event: ======'bumper1_hit'====== Args={'profile': 'default', 'state': 'unlit', 'advancing': True}
2025-10-30 23:32:44,059 : INFO : EventManager : Event: ======'bumper1_default_hit'====== Args={'profile': 'default', 'state': 'unlit', 'advancing': True}
2025-10-30 23:32:44,059 : INFO : EventManager : Event: ======'bumper1_default_unlit_hit'====== Args={'profile': 'default', 'state': 'unlit', 'advancing': True}
2025-10-30 23:32:44,059 : INFO : EventManager : Event: ======'bumper1_unlit_hit'====== Args={'profile': 'default', 'state': 'unlit', 'advancing': True}
2025-10-30 23:32:44,059 : INFO : EventManager : Event: ======'bumpers_hit'====== Args={'shot': 'bumper1'}
2025-10-30 23:32:44,059 : INFO : EventManager : Event: ======'bumpers_unlit_hit'====== Args={'shot': 'bumper1'}
2025-10-30 23:32:44,059 : INFO : EventManager : Event: ======'player_score'====== Args={'value': 20000, 'prev_value': 10000, 'change': 10000, 'player_num': 1, 'source': 'bumpers'}
2025-10-30 23:32:44,124 : INFO : SwitchController : <<<<<<< 's_popbumper1' inactive >>>>>>>
2025-10-30 23:32:44,140 : INFO : SwitchController : <<<<<<< 's_popbumper2' inactive >>>>>>>
2025-10-30 23:32:44,357 : INFO : SwitchController : <<<<<<< 's_popbumper2' active >>>>>>>
2025-10-30 23:32:44,358 : INFO : EventManager : Event: ======'s_popbumper2_active'====== Args={}
2025-10-30 23:32:44,358 : INFO : EventManager : Event: ======'machine_var_audits_switches_s_popbumper2'====== Args={'value': 2991, 'prev_value': 2990, 'change': 1}
2025-10-30 23:32:44,358 : INFO : EventManager : Event: ======'machine_var_audits_shots_bumper2'====== Args={'value': 2991, 'prev_value': 2990, 'change': 1}
2025-10-30 23:32:44,359 : INFO : EventManager : Event: ======'bumper2_hit'====== Args={'profile': 'default', 'state': 'lit', 'advancing': False}
2025-10-30 23:32:44,359 : INFO : EventManager : Event: ======'bumper2_default_hit'====== Args={'profile': 'default', 'state': 'lit', 'advancing': False}
2025-10-30 23:32:44,359 : INFO : EventManager : Event: ======'bumper2_default_lit_hit'====== Args={'profile': 'default', 'state': 'lit', 'advancing': False}
2025-10-30 23:32:44,359 : INFO : EventManager : Event: ======'bumper2_lit_hit'====== Args={'profile': 'default', 'state': 'lit', 'advancing': False}
2025-10-30 23:32:44,359 : INFO : EventManager : Event: ======'bumpers_hit'====== Args={'shot': 'bumper2'}
2025-10-30 23:32:44,359 : INFO : EventManager : Event: ======'bumpers_lit_hit'====== Args={'shot': 'bumper2'}
2025-10-30 23:32:44,359 : INFO : EventManager : Event: ======'player_score'====== Args={'value': 30000, 'prev_value': 20000, 'change': 10000, 'player_num': 1, 'source': 'bumpers'}
2025-10-30 23:32:44,360 : INFO : SwitchController : <<<<<<< 's_popbumper1' active >>>>>>>
2025-10-30 23:32:44,360 : INFO : EventManager : Event: ======'s_popbumper1_active'====== Args={}
2025-10-30 23:32:44,360 : INFO : EventManager : Event: ======'machine_var_audits_switches_s_popbumper1'====== Args={'value': 3000, 'prev_value': 2999, 'change': 1}
2025-10-30 23:32:44,360 : INFO : EventManager : Event: ======'machine_var_audits_shots_bumper1'====== Args={'value': 3000, 'prev_value': 2999, 'change': 1}
2025-10-30 23:32:44,361 : INFO : EventManager : Event: ======'bumper1_hit'====== Args={'profile': 'default', 'state': 'lit', 'advancing': False}
2025-10-30 23:32:44,361 : INFO : EventManager : Event: ======'bumper1_default_hit'====== Args={'profile': 'default', 'state': 'lit', 'advancing': False}
2025-10-30 23:32:44,361 : INFO : EventManager : Event: ======'bumper1_default_lit_hit'====== Args={'profile': 'default', 'state': 'lit', 'advancing': False}
2025-10-30 23:32:44,361 : INFO : EventManager : Event: ======'bumper1_lit_hit'====== Args={'profile': 'default', 'state': 'lit', 'advancing': False}
2025-10-30 23:32:44,361 : INFO : EventManager : Event: ======'bumpers_hit'====== Args={'shot': 'bumper1'}
2025-10-30 23:32:44,361 : INFO : EventManager : Event: ======'bumpers_lit_hit'====== Args={'shot': 'bumper1'}
2025-10-30 23:32:44,361 : INFO : EventManager : Event: ======'player_score'====== Args={'value': 40000, 'prev_value': 30000, 'change': 10000, 'player_num': 1, 'source': 'bumpers'}
2025-10-30 23:32:44,474 : INFO : SwitchController : <<<<<<< 's_popbumper1' inactive >>>>>>>
2025-10-30 23:32:44,475 : INFO : SwitchController : <<<<<<< 's_popbumper2' inactive >>>>>>>
2025-10-30 23:32:44,574 : INFO : SwitchController : <<<<<<< 's_popbumper2' active >>>>>>>
2025-10-30 23:32:44,574 : INFO : EventManager : Event: ======'s_popbumper2_active'====== Args={}
2025-10-30 23:32:44,574 : INFO : EventManager : Event: ======'machine_var_audits_switches_s_popbumper2'====== Args={'value': 2992, 'prev_value': 2991, 'change': 1}
2025-10-30 23:32:44,575 : INFO : EventManager : Event: ======'machine_var_audits_shots_bumper2'====== Args={'value': 2992, 'prev_value': 2991, 'change': 1}
2025-10-30 23:32:44,575 : INFO : EventManager : Event: ======'bumper2_hit'====== Args={'profile': 'default', 'state': 'lit', 'advancing': False}
2025-10-30 23:32:44,576 : INFO : EventManager : Event: ======'bumper2_default_hit'====== Args={'profile': 'default', 'state': 'lit', 'advancing': False}
2025-10-30 23:32:44,576 : INFO : EventManager : Event: ======'bumper2_default_lit_hit'====== Args={'profile': 'default', 'state': 'lit', 'advancing': False}
2025-10-30 23:32:44,576 : INFO : EventManager : Event: ======'bumper2_lit_hit'====== Args={'profile': 'default', 'state': 'lit', 'advancing': False}
2025-10-30 23:32:44,576 : INFO : EventManager : Event: ======'bumpers_hit'====== Args={'shot': 'bumper2'}
2025-10-30 23:32:44,576 : INFO : EventManager : Event: ======'bumpers_lit_hit'====== Args={'shot': 'bumper2'}
2025-10-30 23:32:44,576 : INFO : EventManager : Event: ======'player_score'====== Args={'value': 50000, 'prev_value': 40000, 'change': 10000, 'player_num': 1, 'source': 'bumpers'}
2025-10-30 23:32:44,576 : INFO : SwitchController : <<<<<<< 's_popbumper1' active >>>>>>>
2025-10-30 23:32:44,576 : INFO : EventManager : Event: ======'s_popbumper1_active'====== Args={}
2025-10-30 23:32:44,576 : INFO : EventManager : Event: ======'machine_var_audits_switches_s_popbumper1'====== Args={'value': 3001, 'prev_value': 3000, 'change': 1}
2025-10-30 23:32:44,577 : INFO : EventManager : Event: ======'machine_var_audits_shots_bumper1'====== Args={'value': 3001, 'prev_value': 3000, 'change': 1}
2025-10-30 23:32:44,577 : INFO : EventManager : Event: ======'bumper1_hit'====== Args={'profile': 'default', 'state': 'lit', 'advancing': False}
2025-10-30 23:32:44,577 : INFO : EventManager : Event: ======'bumper1_default_hit'====== Args={'profile': 'default', 'state': 'lit', 'advancing': False}
2025-10-30 23:32:44,578 : INFO : EventManager : Event: ======'bumper1_default_lit_hit'====== Args={'profile': 'default', 'state': 'lit', 'advancing': False}
2025-10-30 23:32:44,578 : INFO : EventManager : Event: ======'bumper1_lit_hit'====== Args={'profile': 'default', 'state': 'lit', 'advancing': False}
2025-10-30 23:32:44,578 : INFO : EventManager : Event: ======'bumpers_hit'====== Args={'shot': 'bumper1'}
2025-10-30 23:32:44,578 : INFO : EventManager : Event: ======'bumpers_lit_hit'====== Args={'shot': 'bumper1'}
2025-10-30 23:32:44,578 : INFO : EventManager : Event: ======'player_score'====== Args={'value': 60000, 'prev_value': 50000, 'change': 10000, 'player_num': 1, 'source': 'bumpers'}
2025-10-30 23:32:44,674 : INFO : SwitchController : <<<<<<< 's_popbumper2' inactive >>>>>>>
2025-10-30 23:32:44,674 : INFO : SwitchController : <<<<<<< 's_popbumper1' inactive >>>>>>>
2025-10-30 23:32:44,757 : INFO : SwitchController : <<<<<<< 's_popbumper1' active >>>>>>>
2025-10-30 23:32:44,757 : INFO : EventManager : Event: ======'s_popbumper1_active'====== Args={}
2025-10-30 23:32:44,757 : INFO : EventManager : Event: ======'machine_var_audits_switches_s_popbumper1'====== Args={'value': 3002, 'prev_value': 3001, 'change': 1}
2025-10-30 23:32:44,758 : INFO : EventManager : Event: ======'machine_var_audits_shots_bumper1'====== Args={'value': 3002, 'prev_value': 3001, 'change': 1}
2025-10-30 23:32:44,759 : INFO : EventManager : Event: ======'bumper1_hit'====== Args={'profile': 'default', 'state': 'lit', 'advancing': False}
2025-10-30 23:32:44,759 : INFO : EventManager : Event: ======'bumper1_default_hit'====== Args={'profile': 'default', 'state': 'lit', 'advancing': False}
2025-10-30 23:32:44,759 : INFO : EventManager : Event: ======'bumper1_default_lit_hit'====== Args={'profile': 'default', 'state': 'lit', 'advancing': False}
2025-10-30 23:32:44,759 : INFO : EventManager : Event: ======'bumper1_lit_hit'====== Args={'profile': 'default', 'state': 'lit', 'advancing': False}
2025-10-30 23:32:44,759 : INFO : EventManager : Event: ======'bumpers_hit'====== Args={'shot': 'bumper1'}
2025-10-30 23:32:44,759 : INFO : EventManager : Event: ======'bumpers_lit_hit'====== Args={'shot': 'bumper1'}
2025-10-30 23:32:44,759 : INFO : EventManager : Event: ======'player_score'====== Args={'value': 70000, 'prev_value': 60000, 'change': 10000, 'player_num': 1, 'source': 'bumpers'}
2025-10-30 23:32:44,760 : INFO : SwitchController : <<<<<<< 's_popbumper2' active >>>>>>>
2025-10-30 23:32:44,760 : INFO : EventManager : Event: ======'s_popbumper2_active'====== Args={}
2025-10-30 23:32:44,760 : INFO : EventManager : Event: ======'machine_var_audits_switches_s_popbumper2'====== Args={'value': 2993, 'prev_value': 2992, 'change': 1}
2025-10-30 23:32:44,761 : INFO : EventManager : Event: ======'machine_var_audits_shots_bumper2'====== Args={'value': 2993, 'prev_value': 2992, 'change': 1}
2025-10-30 23:32:44,761 : INFO : EventManager : Event: ======'bumper2_hit'====== Args={'profile': 'default', 'state': 'lit', 'advancing': False}
2025-10-30 23:32:44,761 : INFO : EventManager : Event: ======'bumper2_default_hit'====== Args={'profile': 'default', 'state': 'lit', 'advancing': False}
2025-10-30 23:32:44,761 : INFO : EventManager : Event: ======'bumper2_default_lit_hit'====== Args={'profile': 'default', 'state': 'lit', 'advancing': False}
2025-10-30 23:32:44,761 : INFO : EventManager : Event: ======'bumper2_lit_hit'====== Args={'profile': 'default', 'state': 'lit', 'advancing': False}
2025-10-30 23:32:44,761 : INFO : EventManager : Event: ======'bumpers_hit'====== Args={'shot': 'bumper2'}
2025-10-30 23:32:44,761 : INFO : EventManager : Event: ======'bumpers_lit_hit'====== Args={'shot': 'bumper2'}
2025-10-30 23:32:44,762 : INFO : EventManager : Event: ======'player_score'====== Args={'value': 80000, 'prev_value': 70000, 'change': 10000, 'player_num': 1, 'source': 'bumpers'}
2025-10-30 23:32:44,890 : INFO : SwitchController : <<<<<<< 's_popbumper2' inactive >>>>>>>
2025-10-30 23:32:44,908 : INFO : SwitchController : <<<<<<< 's_popbumper1' inactive >>>>>>>
2025-10-30 23:32:44,923 : INFO : SwitchController : <<<<<<< 's_popbumper1' active >>>>>>>
2025-10-30 23:32:44,923 : INFO : EventManager : Event: ======'s_popbumper1_active'====== Args={}
2025-10-30 23:32:44,923 : INFO : EventManager : Event: ======'machine_var_audits_switches_s_popbumper1'====== Args={'value': 3003, 'prev_value': 3002, 'change': 1}
2025-10-30 23:32:44,924 : INFO : EventManager : Event: ======'machine_var_audits_shots_bumper1'====== Args={'value': 3003, 'prev_value': 3002, 'change': 1}
2025-10-30 23:32:44,924 : INFO : EventManager : Event: ======'bumper1_hit'====== Args={'profile': 'default', 'state': 'lit', 'advancing': False}
2025-10-30 23:32:44,924 : INFO : EventManager : Event: ======'bumper1_default_hit'====== Args={'profile': 'default', 'state': 'lit', 'advancing': False}
2025-10-30 23:32:44,924 : INFO : EventManager : Event: ======'bumper1_default_lit_hit'====== Args={'profile': 'default', 'state': 'lit', 'advancing': False}
2025-10-30 23:32:44,924 : INFO : EventManager : Event: ======'bumper1_lit_hit'====== Args={'profile': 'default', 'state': 'lit', 'advancing': False}
2025-10-30 23:32:44,924 : INFO : EventManager : Event: ======'bumpers_hit'====== Args={'shot': 'bumper1'}
2025-10-30 23:32:44,924 : INFO : EventManager : Event: ======'bumpers_lit_hit'====== Args={'shot': 'bumper1'}
2025-10-30 23:32:44,924 : INFO : EventManager : Event: ======'player_score'====== Args={'value': 90000, 'prev_value': 80000, 'change': 10000, 'player_num': 1, 'source': 'bumpers'}
2025-10-30 23:32:44,940 : INFO : SwitchController : <<<<<<< 's_popbumper1' inactive >>>>>>>
2025-10-30 23:32:45,607 : INFO : SwitchController : <<<<<<< 's_drain' active >>>>>>>
2025-10-30 23:32:45,607 : INFO : EventManager : Event: ======'machine_var_audits_switches_s_drain'====== Args={'value': 222, 'prev_value': 221, 'change': 1}
2025-10-30 23:32:46,108 : INFO : EventManager : Event: ======'balldevice_bd_drain_ball_count_changed'====== Args={'balls': 1}
2025-10-30 23:32:46,108 : INFO : ball_device.bd_drain : Received unexpected ball
2025-10-30 23:32:46,109 : INFO : EventManager : Event: ======'balldevice_captured_from_playfield'====== Args={'balls': 1}
2025-10-30 23:32:46,109 : INFO : EventManager : Event: ======'sw_playfield_active'====== Args={'balls': 1}
2025-10-30 23:32:46,109 : INFO : EventManager : Event: ======'playfield_ball_count_change'====== Args={'balls': 0, 'change': -1}
2025-10-30 23:32:46,110 : INFO : EventManager : Event: ======'balldevice_bd_drain_ball_enter'====== Args={'new_balls': 1, 'unclaimed_balls': 1, 'new_available_balls': 1, 'device': <ball_device.bd_drain>}
2025-10-30 23:32:46,110 : INFO : EventManager : Event: ======'ball_drain'====== Args={'device': <ball_device.bd_drain>, 'balls': 1}
2025-10-30 23:32:46,111 : INFO : EventManager : Event: ======'ball_will_end'====== Args={}
2025-10-30 23:32:46,111 : INFO : EventManager : Event: ======'balldevice_balls_available'====== Args={}
2025-10-30 23:32:46,111 : INFO : EventManager : Event: ======'balldevice_balls_available'====== Args={}
2025-10-30 23:32:46,111 : INFO : EventManager : Event: ======'balldevice_bd_drain_ball_entered'====== Args={'new_balls': 1, 'device': <ball_device.bd_drain>}
2025-10-30 23:32:46,111 : INFO : EventManager : Event: ======'mode_base_will_stop'====== Args={}
2025-10-30 23:32:46,112 : INFO : EventManager : Event: ======'mode_base_stopping'====== Args={}
2025-10-30 23:32:46,112 : INFO : EventManager : Event: ======'stop_mode_bumpers'====== Args={'priority': 0}
2025-10-30 23:32:46,112 : INFO : EventManager : Event: ======'mode_bumpers_will_stop'====== Args={}
2025-10-30 23:32:46,112 : INFO : EventManager : Event: ======'mode_bumpers_stopping'====== Args={}
2025-10-30 23:32:46,112 : INFO : Mode.base : Stopped.
2025-10-30 23:32:46,112 : INFO : EventManager : Event: ======'modes_active_modes_changed'====== Args={}
2025-10-30 23:32:46,113 : INFO : EventManager : Event: ======'mode_base_stopped'====== Args={}
2025-10-30 23:32:46,113 : INFO : EventManager : Event: ======'clear'====== Args={'key': 'base'}
2025-10-30 23:32:46,114 : INFO : Timer.player_added_timer : Stopping Timer
2025-10-30 23:32:46,114 : INFO : EventManager : Event: ======'timer_player_added_timer_stopped'====== Args={'ticks': 1, 'ticks_remaining': 1}
2025-10-30 23:32:46,114 : INFO : Mode.bumpers : Stopped.
2025-10-30 23:32:46,114 : INFO : EventManager : Event: ======'modes_active_modes_changed'====== Args={}
2025-10-30 23:32:46,114 : INFO : EventManager : Event: ======'mode_bumpers_stopped'====== Args={}
2025-10-30 23:32:46,114 : INFO : EventManager : Event: ======'clear'====== Args={'key': 'bumpers'}
2025-10-30 23:32:46,116 : INFO : EventManager : Event: ======'ball_ending'====== Args={}
2025-10-30 23:32:46,116 : INFO : EventManager : Event: ======'ball_ended'====== Args={}
2025-10-30 23:32:46,117 : INFO : EventManager : Event: ======'player_turn_will_end'====== Args={'player': <Player 1>, 'number': 1}
2025-10-30 23:32:46,117 : INFO : ball_device.bd_drain : State: waiting_for_target_ready
2025-10-30 23:32:46,117 : INFO : EventManager : Event: ======'balldevice_bd_drain_ball_eject_attempt'====== Args={'balls': 1, 'target': <ball_device.bd_trough>, 'source': <ball_device.bd_drain>, 'mechanical_eject': False, 'num_attempts': 0}
2025-10-30 23:32:46,118 : INFO : ball_device.bd_drain : State: ejecting
2025-10-30 23:32:46,118 : INFO : ball_device.bd_drain : Ejecting ball to <ball_device.bd_trough>
2025-10-30 23:32:46,118 : INFO : EventManager : Event: ======'balldevice_bd_drain_ejecting_ball'====== Args={'balls': 1, 'target': <ball_device.bd_trough>, 'source': <ball_device.bd_drain>, 'mechanical_eject': False, 'num_attempts': 0}
2025-10-30 23:32:46,118 : INFO : EventManager : Event: ======'player_turn_ending'====== Args={'player': <Player 1>, 'number': 1}
2025-10-30 23:32:46,118 : INFO : EventManager : Event: ======'player_turn_ended'====== Args={'player': <Player 1>, 'number': 1}
2025-10-30 23:32:46,119 : INFO : EventManager : Event: ======'player_turn_will_start'====== Args={'player': <Player 2>, 'number': 2}
2025-10-30 23:32:46,119 : INFO : ball_device.bd_drain : Wait for ball to leave device
2025-10-30 23:32:46,119 : INFO : coil.c_drain_eject : Pulsing Driver for 20ms (1.0 pulse_power)
2025-10-30 23:32:46,119 : INFO : SwitchController : <<<<<<< 's_drain' inactive >>>>>>>
2025-10-30 23:32:46,120 : INFO : EventManager : Event: ======'player_turn_starting'====== Args={'player': <Player 2>, 'number': 2}
2025-10-30 23:32:46,120 : INFO : EventManager : Event: ======'player_ball'====== Args={'value': 1, 'prev_value': 0, 'change': 1, 'player_num': 2}
2025-10-30 23:32:46,120 : INFO : EventManager : Event: ======'player_turn_started'====== Args={'player': <Player 2>, 'number': 2}
2025-10-30 23:32:46,120 : INFO : EventManager : Event: ======'ball_will_start'====== Args={'player': 2, 'ball': 1, 'balls_remaining': 2, 'is_extra_ball': False}
2025-10-30 23:32:46,121 : INFO : ball_device.bd_drain : State: ball_left
2025-10-30 23:32:46,121 : INFO : ball_device.bd_drain : Ball left
2025-10-30 23:32:46,121 : INFO : ball_device.bd_drain : Wait for confirm with timeout 10.0
2025-10-30 23:32:46,121 : INFO : EventManager : Event: ======'ball_starting'====== Args={'player': 2, 'ball': 1, 'balls_remaining': 2, 'is_extra_ball': False}
2025-10-30 23:32:46,121 : INFO : EventManager : Event: ======'mode_base_will_start'====== Args={'queue': <QueuedEvent>, 'player': 2, 'ball': 1, 'balls_remaining': 2, 'is_extra_ball': False}
2025-10-30 23:32:46,121 : INFO : EventManager : Event: ======'player_base_player_added_timer_tick'====== Args={'value': 0, 'prev_value': 0, 'change': 0, 'player_num': 2}
2025-10-30 23:32:46,122 : INFO : Timer.player_added_timer : Starting Timer.
2025-10-30 23:32:46,122 : INFO : EventManager : Event: ======'timer_player_added_timer_started'====== Args={'ticks': 0, 'ticks_remaining': 1}
2025-10-30 23:32:46,122 : INFO : EventManager : Event: ======'timer_player_added_timer_tick'====== Args={'ticks': 0, 'ticks_remaining': 1}
2025-10-30 23:32:46,123 : INFO : EventManager : Event: ======'mode_base_starting'====== Args={'queue': <QueuedEvent>, 'player': 2, 'ball': 1, 'balls_remaining': 2, 'is_extra_ball': False}
2025-10-30 23:32:46,123 : INFO : Mode.base : Started. Priority: 100
2025-10-30 23:32:46,123 : INFO : EventManager : Event: ======'modes_active_modes_changed'====== Args={}
2025-10-30 23:32:46,123 : INFO : EventManager : Event: ======'mode_base_started'====== Args={'queue': <QueuedEvent>, 'player': 2, 'ball': 1, 'balls_remaining': 2, 'is_extra_ball': False}
2025-10-30 23:32:46,124 : INFO : EventManager : Event: ======'start_mode_bumpers'====== Args={'priority': 0}
2025-10-30 23:32:46,124 : INFO : EventManager : Event: ======'mode_bumpers_will_start'====== Args={'priority': 0}
2025-10-30 23:32:46,124 : INFO : EventManager : Event: ======'player_shot_bumper1_enabled'====== Args={'value': True, 'prev_value': 0, 'change': 1, 'player_num': 2}
2025-10-30 23:32:46,125 : INFO : EventManager : Event: ======'player_shot_bumper2_enabled'====== Args={'value': True, 'prev_value': 0, 'change': 1, 'player_num': 2}
2025-10-30 23:32:46,125 : INFO : EventManager : Event: ======'player_shot_bumper3_enabled'====== Args={'value': True, 'prev_value': 0, 'change': 1, 'player_num': 2}
2025-10-30 23:32:46,125 : INFO : EventManager : Event: ======'bumpers_complete'====== Args={'state': 'unlit'}
2025-10-30 23:32:46,125 : INFO : EventManager : Event: ======'bumpers_unlit_complete'====== Args={}
2025-10-30 23:32:46,126 : INFO : EventManager : Event: ======'mode_bumpers_starting'====== Args={'priority': 0}
2025-10-30 23:32:46,126 : INFO : Mode.bumpers : Started. Priority: 200
2025-10-30 23:32:46,126 : INFO : EventManager : Event: ======'modes_active_modes_changed'====== Args={}
2025-10-30 23:32:46,126 : INFO : EventManager : Event: ======'mode_bumpers_started'====== Args={'priority': 0}
2025-10-30 23:32:46,126 : INFO : EventManager : Event: ======'balls_in_play'====== Args={'balls': 1}
2025-10-30 23:32:46,126 : INFO : EventManager : Event: ======'ball_started'====== Args={'player': 2, 'ball': 1, 'balls_remaining': 2, 'is_extra_ball': False}
2025-10-30 23:32:46,127 : INFO : EventManager : Event: ======'multi_player_ball_started'====== Args={}
2025-10-30 23:32:46,127 : INFO : EventManager : Event: ======'player_2_ball_started'====== Args={}
2025-10-30 23:32:46,127 : INFO : EventManager : Event: ======'ball_start_target'====== Args={'target': 'playfield'}
2025-10-30 23:32:46,127 : INFO : ball_device.bd_trough : Setting up player-controlled eject. Balls: 1, Target: <playfield.playfield>, player_controlled_eject_event: None
2025-10-30 23:32:46,127 : INFO : ball_device.bd_trough : Adding 1 ball(s) to the eject_queue with target <playfield.playfield>.
2025-10-30 23:32:46,127 : INFO : EventManager : Event: ======'balldevice_balls_available'====== Args={}
2025-10-30 23:32:46,128 : INFO : ball_device.bd_trough : State: waiting_for_target_ready
2025-10-30 23:32:46,128 : INFO : EventManager : Event: ======'balldevice_bd_trough_ball_eject_attempt'====== Args={'balls': 1, 'target': <ball_device.bd_plunger>, 'source': <ball_device.bd_trough>, 'mechanical_eject': False, 'num_attempts': 0}
2025-10-30 23:32:46,128 : INFO : ball_device.bd_plunger : State: waiting_for_ball
2025-10-30 23:32:46,128 : INFO : ball_device.bd_trough : State: ejecting
2025-10-30 23:32:46,128 : INFO : ball_device.bd_trough : Ejecting ball to <ball_device.bd_plunger>
2025-10-30 23:32:46,128 : INFO : EventManager : Event: ======'balldevice_bd_trough_ejecting_ball'====== Args={'balls': 1, 'target': <ball_device.bd_plunger>, 'source': <ball_device.bd_trough>, 'mechanical_eject': False, 'num_attempts': 0}
2025-10-30 23:32:46,129 : INFO : ball_device.bd_trough : Wait for ball to leave device
2025-10-30 23:32:46,150 : INFO : coil.c_trough_eject : Pulsing Driver for 20ms (1.0 pulse_power)
2025-10-30 23:32:46,150 : INFO : SwitchController : <<<<<<< 's_trough2' inactive >>>>>>>
2025-10-30 23:32:46,151 : INFO : ball_device.bd_trough : State: ball_left
2025-10-30 23:32:46,151 : INFO : ball_device.bd_trough : Ball left
2025-10-30 23:32:46,151 : INFO : ball_device.bd_trough : Wait for confirm with timeout 3.0
2025-10-30 23:32:46,220 : INFO : SwitchController : <<<<<<< 's_trough1' active >>>>>>>
2025-10-30 23:32:46,220 : INFO : EventManager : Event: ======'machine_var_audits_switches_s_trough1'====== Args={'value': 145, 'prev_value': 144, 'change': 1}
2025-10-30 23:32:46,251 : INFO : SwitchController : <<<<<<< 's_plunger_lane' active >>>>>>>
2025-10-30 23:32:46,252 : INFO : EventManager : Event: ======'machine_var_audits_switches_s_plunger_lane'====== Args={'value': 363, 'prev_value': 362, 'change': 1}
2025-10-30 23:32:46,753 : INFO : ball_device.bd_plunger : Received ball from <ball_device.bd_trough>
2025-10-30 23:32:46,753 : INFO : EventManager : Event: ======'balldevice_bd_plunger_ball_enter'====== Args={'new_balls': 1, 'unclaimed_balls': 0, 'new_available_balls': 0, 'device': <ball_device.bd_plunger>}
2025-10-30 23:32:46,754 : INFO : EventManager : Event: ======'balldevice_bd_plunger_ball_entered'====== Args={'new_balls': 0, 'device': <ball_device.bd_plunger>}
2025-10-30 23:32:46,754 : INFO : EventManager : Event: ======'balldevice_bd_plunger_ball_count_changed'====== Args={'balls': 1}
2025-10-30 23:32:46,754 : INFO : ball_device.bd_trough : Got eject confirm
2025-10-30 23:32:46,754 : INFO : ball_device.bd_trough : Eject successful
2025-10-30 23:32:46,754 : INFO : EventManager : Event: ======'balldevice_bd_trough_ball_eject_success'====== Args={'balls': 1, 'target': <ball_device.bd_plunger>}
2025-10-30 23:32:46,755 : INFO : ball_device.bd_plunger : State: waiting_for_target_ready
2025-10-30 23:32:46,755 : INFO : EventManager : Event: ======'balldevice_bd_plunger_ball_eject_attempt'====== Args={'balls': 1, 'target': <playfield.playfield>, 'source': <ball_device.bd_plunger>, 'mechanical_eject': False, 'num_attempts': 0}
2025-10-30 23:32:46,755 : INFO : EventManager : Event: ======'balldevice_bd_trough_ball_count_changed'====== Args={'balls': 2}
2025-10-30 23:32:46,756 : INFO : ball_device.bd_trough : State: idle
2025-10-30 23:32:46,756 : INFO : EventManager : Event: ======'balldevice_bd_trough_ball_count_changed'====== Args={'balls': 3}
2025-10-30 23:32:46,756 : INFO : ball_device.bd_trough : Received ball from <ball_device.bd_drain>
2025-10-30 23:32:46,756 : INFO : EventManager : Event: ======'balldevice_bd_trough_ball_enter'====== Args={'new_balls': 1, 'unclaimed_balls': 0, 'new_available_balls': 0, 'device': <ball_device.bd_trough>}
2025-10-30 23:32:46,756 : INFO : ball_device.bd_plunger : State: ejecting
2025-10-30 23:32:46,756 : INFO : ball_device.bd_plunger : Ejecting ball to <playfield.playfield>
2025-10-30 23:32:46,756 : INFO : EventManager : Event: ======'balldevice_bd_plunger_ejecting_ball'====== Args={'balls': 1, 'target': <playfield.playfield>, 'source': <ball_device.bd_plunger>, 'mechanical_eject': False, 'num_attempts': 0}
2025-10-30 23:32:46,757 : INFO : EventManager : Event: ======'ball_drain'====== Args={'device': <ball_device.bd_trough>, 'balls': 0}
2025-10-30 23:32:46,757 : INFO : EventManager : Event: ======'balldevice_bd_trough_ball_entered'====== Args={'new_balls': 0, 'device': <ball_device.bd_trough>}
2025-10-30 23:32:46,758 : INFO : ball_device.bd_drain : Got eject confirm
2025-10-30 23:32:46,758 : INFO : ball_device.bd_drain : Eject successful
2025-10-30 23:32:46,758 : INFO : EventManager : Event: ======'balldevice_bd_drain_ball_eject_success'====== Args={'balls': 1, 'target': <ball_device.bd_trough>}
2025-10-30 23:32:46,758 : INFO : ball_device.bd_plunger : Wait for ball to leave device
2025-10-30 23:32:46,758 : INFO : coil.c_plunger : Pulsing Driver for 20ms (1.0 pulse_power)
2025-10-30 23:32:46,759 : INFO : SwitchController : <<<<<<< 's_plunger_lane' inactive >>>>>>>
2025-10-30 23:32:46,759 : INFO : EventManager : Event: ======'balldevice_bd_drain_ball_count_changed'====== Args={'balls': 0}
2025-10-30 23:32:46,759 : INFO : ball_device.bd_drain : State: idle
2025-10-30 23:32:46,760 : INFO : ball_device.bd_plunger : State: ball_left
2025-10-30 23:32:46,760 : INFO : ball_device.bd_plunger : Ball left
2025-10-30 23:32:46,760 : INFO : ball_device.bd_plunger : Wait for confirm with timeout 3.0
2025-10-30 23:32:46,823 : INFO : EventManager : Event: ======'player_base_player_added_timer_tick'====== Args={'value': 1, 'prev_value': 0, 'change': 1, 'player_num': 2}
2025-10-30 23:32:46,824 : INFO : Timer.player_added_timer : Timer Complete
2025-10-30 23:32:46,824 : INFO : Timer.player_added_timer : Stopping Timer
2025-10-30 23:32:46,824 : INFO : EventManager : Event: ======'timer_player_added_timer_stopped'====== Args={'ticks': 1, 'ticks_remaining': 1}
2025-10-30 23:32:46,824 : INFO : EventManager : Event: ======'timer_player_added_timer_complete'====== Args={'ticks': 1, 'ticks_remaining': 1}
2025-10-30 23:32:49,762 : INFO : ball_device.bd_plunger : State: failed_confirm
2025-10-30 23:32:49,762 : INFO : ball_device.bd_plunger : Got timeout (3.0s) before confirm from <playfield.playfield>
2025-10-30 23:32:49,863 : INFO : ball_device.bd_plunger : Confirming eject because target is playfield and ball did not return.
2025-10-30 23:32:49,864 : INFO : ball_device.bd_plunger : Eject successful
2025-10-30 23:32:49,864 : INFO : EventManager : Event: ======'balldevice_bd_plunger_ball_eject_success'====== Args={'balls': 1, 'target': <playfield.playfield>}
2025-10-30 23:32:49,864 : INFO : EventManager : Event: ======'balldevice_playfield_ball_enter'====== Args={'new_balls': 1, 'unclaimed_balls': 1, 'device': <playfield.playfield>}
2025-10-30 23:32:49,864 : INFO : EventManager : Event: ======'playfield_ball_count_change'====== Args={'balls': 1, 'change': 1}
2025-10-30 23:32:49,865 : INFO : EventManager : Event: ======'balldevice_bd_plunger_ball_count_changed'====== Args={'balls': 0}
2025-10-30 23:32:49,865 : INFO : ball_device.bd_plunger : State: idle
2025-10-30 23:33:16,552 : INFO : Machine : Shutting down...
2025-10-30 23:33:16,552 : INFO : EventManager : Event: ======'shutdown'====== Args={}
2025-10-30 23:33:16,553 : INFO : EventManager : Event: ======'mode_game_will_stop'====== Args={}
2025-10-30 23:33:16,553 : INFO : EventManager : Event: ======'mode_game_stopping'====== Args={}
2025-10-30 23:33:16,553 : INFO : EventManager : Event: ======'mode_base_will_stop'====== Args={}
2025-10-30 23:33:16,553 : INFO : EventManager : Event: ======'mode_base_stopping'====== Args={}
2025-10-30 23:33:16,553 : INFO : EventManager : Event: ======'mode_bumpers_will_stop'====== Args={}
2025-10-30 23:33:16,553 : INFO : EventManager : Event: ======'mode_bumpers_stopping'====== Args={}
2025-10-30 23:33:16,554 : INFO : EventManager : Event: ======'stop_mode_bumpers'====== Args={'priority': 0}
2025-10-30 23:33:16,554 : INFO : Mode.bumpers : Stopped.
2025-10-30 23:33:16,554 : INFO : EventManager : Event: ======'modes_active_modes_changed'====== Args={}
2025-10-30 23:33:16,554 : INFO : EventManager : Event: ======'mode_bumpers_stopped'====== Args={}
2025-10-30 23:33:16,554 : INFO : EventManager : Event: ======'clear'====== Args={'key': 'bumpers'}
2025-10-30 23:33:16,554 : INFO : Mode.base : Stopped.
2025-10-30 23:33:16,554 : INFO : EventManager : Event: ======'modes_active_modes_changed'====== Args={}
2025-10-30 23:33:16,554 : INFO : EventManager : Event: ======'mode_base_stopped'====== Args={}
2025-10-30 23:33:16,554 : INFO : EventManager : Event: ======'clear'====== Args={'key': 'base'}
2025-10-30 23:33:16,554 : INFO : Timer.player_added_timer : Stopping Timer
2025-10-30 23:33:16,554 : INFO : EventManager : Event: ======'timer_player_added_timer_stopped'====== Args={'ticks': 1, 'ticks_remaining': 1}
2025-10-30 23:33:16,555 : INFO : Mode.game : Stopped.
2025-10-30 23:33:16,555 : INFO : EventManager : Event: ======'modes_active_modes_changed'====== Args={}
2025-10-30 23:33:16,555 : INFO : EventManager : Event: ======'mode_game_stopped'====== Args={}
2025-10-30 23:33:16,555 : INFO : EventManager : Event: ======'clear'====== Args={'key': 'game'}
2025-10-30 23:33:16,557 : INFO : root : MPF run loop ended.
