2025-11-07 00:07:35,641 : INFO : root : Loading config.
2025-11-07 00:07:35,642 : INFO : YamlMultifileConfigLoader : Machine config file #1: config.yaml
2025-11-07 00:07:35,642 : WARNING : ConfigProcessor : Config file in cache changed: /Users/didiergilbin/Desktop/Homebrew_CSI/config/config.yaml
2025-11-07 00:07:35,642 : INFO : ConfigProcessor : Loading config from file /Users/didiergilbin/mpfenv/lib/python3.13/site-packages/mpf/mpfconfig.yaml.
2025-11-07 00:07:35,656 : INFO : ConfigProcessor : Loading config: /Users/didiergilbin/mpfenv/lib/python3.13/site-packages/mpf/mpfconfig.yaml
2025-11-07 00:07:35,656 : INFO : ConfigProcessor : Loading config from file /Users/didiergilbin/Desktop/Homebrew_CSI/config/config.yaml.
2025-11-07 00:07:35,657 : INFO : ConfigProcessor : Loading config: /Users/didiergilbin/Desktop/Homebrew_CSI/config/config.yaml
2025-11-07 00:07:35,672 : INFO : ConfigProcessor : Loading config: /Users/didiergilbin/Desktop/Homebrew_CSI/config/config_settings.yaml
2025-11-07 00:07:35,678 : INFO : ConfigProcessor : Loading config: /Users/didiergilbin/Desktop/Homebrew_CSI/config/config_hardware.yaml
2025-11-07 00:07:35,678 : INFO : ConfigProcessor : Config file cache created: /var/folders/m3/0d4y64_n3fn8tnkv3ydlhztw0000gn/T/5ca32a6c950d03116abbed96ca44d372.mpf_cache
2025-11-07 00:07:35,690 : INFO : ConfigProcessor : Loading config from cache: /var/folders/m3/0d4y64_n3fn8tnkv3ydlhztw0000gn/T/01c495fa7450a81b4be96cb699872531.mpf_cache
2025-11-07 00:07:35,690 : INFO : ConfigProcessor : Loading config from cache: /var/folders/m3/0d4y64_n3fn8tnkv3ydlhztw0000gn/T/bfde29b5bb803376b0637bb8f0da27a7.mpf_cache
2025-11-07 00:07:35,691 : INFO : ConfigProcessor : Loading config from cache: /var/folders/m3/0d4y64_n3fn8tnkv3ydlhztw0000gn/T/01c495fa7450a81b4be96cb699872531.mpf_cache
2025-11-07 00:07:35,691 : INFO : ConfigProcessor : Loading config from cache: /var/folders/m3/0d4y64_n3fn8tnkv3ydlhztw0000gn/T/3ae89e09515ff8d8b11d68f672b2cc51.mpf_cache
2025-11-07 00:07:35,691 : INFO : ConfigProcessor : Loading config from cache: /var/folders/m3/0d4y64_n3fn8tnkv3ydlhztw0000gn/T/4c420229fa75118c2461cfc9ff5a44e2.mpf_cache
2025-11-07 00:07:35,691 : INFO : ConfigProcessor : Loading config from cache: /var/folders/m3/0d4y64_n3fn8tnkv3ydlhztw0000gn/T/f5ee6852f1764324c8553249cc53c871.mpf_cache
2025-11-07 00:07:35,691 : INFO : ConfigProcessor : Loading config from cache: /var/folders/m3/0d4y64_n3fn8tnkv3ydlhztw0000gn/T/97c87487bc6ae826da86d36a6e042c78.mpf_cache
2025-11-07 00:07:35,691 : WARNING : ConfigProcessor : Config file in cache changed: /Users/didiergilbin/Desktop/Homebrew_CSI/modes/skull/config/skull.yaml
2025-11-07 00:07:35,691 : INFO : ConfigProcessor : Loading config from file /Users/didiergilbin/Desktop/Homebrew_CSI/modes/skull/config/skull.yaml.
2025-11-07 00:07:35,692 : INFO : ConfigProcessor : Loading config: /Users/didiergilbin/Desktop/Homebrew_CSI/modes/skull/config/skull.yaml
2025-11-07 00:07:35,692 : INFO : ConfigProcessor : Config file cache created: /var/folders/m3/0d4y64_n3fn8tnkv3ydlhztw0000gn/T/73ac54cb7a83dfa5473900e439743a84.mpf_cache
2025-11-07 00:07:35,692 : INFO : Machine : Mission Pinball Framework Core Engine v0.80.0.dev10
2025-11-07 00:07:35,692 : INFO : Machine : Command line arguments: {'no_load_cache': False, 'create_config_cache': True, 'bcp': True, 'configfile': ['config.yaml'], 'force_assets_load': False, 'platform_integration_test': False, 'jsonlogging': False, 'logfile': 'logs/2025-11-07-00-07-35-mpf-mac.home.log', 'pause': False, 'production': False, 'text_ui': False, 'loglevel': 15, 'consoleloglevel': 20, 'force_platform': 'smart_virtual', 'syslog_address': None, 'full_logfile_path': '/Users/didiergilbin/Desktop/Homebrew_CSI/logs/2025-11-07-00-07-35-mpf-mac.home.log'}
2025-11-07 00:07:35,692 : INFO : Machine : MPF path: /Users/didiergilbin/mpfenv/lib/python3.13/site-packages/mpf
2025-11-07 00:07:35,692 : INFO : Machine : Machine path: /Users/didiergilbin/Desktop/Homebrew_CSI
2025-11-07 00:07:35,692 : INFO : Machine : Platform: darwin
2025-11-07 00:07:35,692 : INFO : Machine : Python executable location: /Users/didiergilbin/mpfenv/bin/python3.13
2025-11-07 00:07:35,692 : INFO : Machine : Python version: 3.13.7 (64-bit)
2025-11-07 00:07:35,692 : INFO : Machine : Initializing MPF...
2025-11-07 00:07:35,704 : INFO : EventManager : Event: ======'machine_var_credits_string'====== Args={'value': 'FREE PLAY', 'prev_value': None, 'change': True}
2025-11-07 00:07:35,707 : INFO : EventManager : Event: ======'machine_var_master_volume'====== Args={'value': 0.5, 'prev_value': None, 'change': True}
2025-11-07 00:07:35,707 : INFO : EventManager : Event: ======'machine_var_player1_score'====== Args={'value': 69000, 'prev_value': None, 'change': True}
2025-11-07 00:07:35,707 : INFO : EventManager : Event: ======'machine_var_player2_score'====== Args={'value': 196000, 'prev_value': None, 'change': True}
2025-11-07 00:07:35,707 : INFO : EventManager : Event: ======'machine_var_player3_score'====== Args={'value': 187000, 'prev_value': None, 'change': True}
2025-11-07 00:07:35,707 : INFO : EventManager : Event: ======'machine_var_mpf_version'====== Args={'value': 'Mission Pinball Framework v0.80.0.dev10', 'prev_value': None, 'change': True}
2025-11-07 00:07:35,707 : INFO : EventManager : Event: ======'machine_var_mpf_extended_version'====== Args={'value': 'Mission Pinball Framework v0.80.0.dev10, Config version:6, Show version: 6, BCP version:1.1', 'prev_value': None, 'change': True}
2025-11-07 00:07:35,707 : INFO : EventManager : Event: ======'machine_var_python_version'====== Args={'value': '3.13.7', 'prev_value': None, 'change': True}
2025-11-07 00:07:35,712 : INFO : EventManager : Event: ======'machine_var_platform'====== Args={'value': 'macOS-15.6.1-arm64-arm-64bit-Mach-O', 'prev_value': None, 'change': True}
2025-11-07 00:07:35,712 : INFO : EventManager : Event: ======'machine_var_platform_system'====== Args={'value': 'Darwin', 'prev_value': None, 'change': True}
2025-11-07 00:07:35,712 : INFO : EventManager : Event: ======'machine_var_platform_release'====== Args={'value': '24.6.0', 'prev_value': None, 'change': True}
2025-11-07 00:07:35,712 : INFO : EventManager : Event: ======'machine_var_platform_version'====== Args={'value': 'Darwin Kernel Version 24.6.0: Mon Jul 14 11:30:40 PDT 2025; root:xnu-11417.140.69~1/RELEASE_ARM64_T8132', 'prev_value': None, 'change': True}
2025-11-07 00:07:35,712 : INFO : EventManager : Event: ======'machine_var_platform_machine'====== Args={'value': 'arm64', 'prev_value': None, 'change': True}
2025-11-07 00:07:35,712 : INFO : EventManager : Event: ======'machine_var_log_file_path'====== Args={'value': '/Users/didiergilbin/Desktop/Homebrew_CSI/logs/2025-11-07-00-07-35-mpf-mac.home.log', 'prev_value': None, 'change': True}
2025-11-07 00:07:35,712 : INFO : EventManager : Event: ======'init_phase_1'====== Args={}
2025-11-07 00:07:35,718 : INFO : EventManager : Event: ======'init_phase_2'====== Args={}
2025-11-07 00:07:35,718 : INFO : SwitchController : Found active switch: ('2', <Platform.SmartVirtual>) <switch.s_trough1>
2025-11-07 00:07:35,718 : INFO : SwitchController : Found active switch: ('3', <Platform.SmartVirtual>) <switch.s_trough2>
2025-11-07 00:07:35,718 : INFO : SwitchController : Found active switch: ('4', <Platform.SmartVirtual>) <switch.s_trough3>
2025-11-07 00:07:35,718 : INFO : SwitchController : Found active switch: ('5', <Platform.SmartVirtual>) <switch.s_trough4>
2025-11-07 00:07:35,719 : INFO : EventManager : Event: ======'bcp_connection_attempt'====== Args={'name': 'local_display', 'host': 'localhost', 'port': 5050}
2025-11-07 00:07:35,720 : INFO : BCPClientSocket : Connecting BCP to 'local_display' at localhost:5050...
2025-11-07 00:07:35,722 : INFO : BCPClientSocket : Connected BCP to 'local_display' localhost:5050
2025-11-07 00:07:35,722 : INFO : EventManager : Event: ======'bcp_clients_connected'====== Args={}
2025-11-07 00:07:35,722 : INFO : ball_device.bd_drain : BCH: Initial count: 0
2025-11-07 00:07:35,722 : INFO : ball_device.bd_drain : State: idle
2025-11-07 00:07:35,722 : INFO : ball_device.bd_trough : BCH: Initial count: 4
2025-11-07 00:07:35,723 : INFO : ball_device.bd_trough : State: idle
2025-11-07 00:07:35,723 : INFO : ball_device.bd_plunger : BCH: Initial count: 0
2025-11-07 00:07:35,723 : INFO : ball_device.bd_plunger : State: idle
2025-11-07 00:07:35,726 : INFO : EventManager : Event: ======'init_phase_3'====== Args={}
2025-11-07 00:07:35,726 : INFO : EventManager : Event: ======'init_phase_4'====== Args={}
2025-11-07 00:07:35,726 : INFO : BallController : Initial balls found: 4
2025-11-07 00:07:35,727 : INFO : EventManager : Event: ======'machine_var_audits_events_game_ended'====== Args={'value': 53, 'prev_value': None, 'change': True}
2025-11-07 00:07:35,727 : INFO : EventManager : Event: ======'machine_var_audits_events_game_started'====== Args={'value': 424, 'prev_value': None, 'change': True}
2025-11-07 00:07:35,727 : INFO : EventManager : Event: ======'machine_var_audits_missing_switches_s_drain'====== Args={'value': 3, 'prev_value': None, 'change': True}
2025-11-07 00:07:35,727 : INFO : EventManager : Event: ======'machine_var_audits_missing_switches_s_launch_button'====== Args={'value': 71, 'prev_value': None, 'change': True}
2025-11-07 00:07:35,727 : INFO : EventManager : Event: ======'machine_var_audits_missing_switches_s_left_flipper'====== Args={'value': 7, 'prev_value': None, 'change': True}
2025-11-07 00:07:35,727 : INFO : EventManager : Event: ======'machine_var_audits_missing_switches_s_left_inlane1'====== Args={'value': 3, 'prev_value': None, 'change': True}
2025-11-07 00:07:35,727 : INFO : EventManager : Event: ======'machine_var_audits_missing_switches_s_left_inlane2'====== Args={'value': 3, 'prev_value': None, 'change': True}
2025-11-07 00:07:35,727 : INFO : EventManager : Event: ======'machine_var_audits_missing_switches_s_left_outlane'====== Args={'value': 39, 'prev_value': None, 'change': True}
2025-11-07 00:07:35,727 : INFO : EventManager : Event: ======'machine_var_audits_missing_switches_s_right_flipper'====== Args={'value': 7, 'prev_value': None, 'change': True}
2025-11-07 00:07:35,727 : INFO : EventManager : Event: ======'machine_var_audits_missing_switches_s_right_inlane'====== Args={'value': 3, 'prev_value': None, 'change': True}
2025-11-07 00:07:35,727 : INFO : EventManager : Event: ======'machine_var_audits_missing_switches_s_right_orbit'====== Args={'value': 3, 'prev_value': None, 'change': True}
2025-11-07 00:07:35,727 : INFO : EventManager : Event: ======'machine_var_audits_missing_switches_s_right_outlane'====== Args={'value': 39, 'prev_value': None, 'change': True}
2025-11-07 00:07:35,727 : INFO : EventManager : Event: ======'machine_var_audits_missing_switches_s_scoop'====== Args={'value': 3, 'prev_value': None, 'change': True}
2025-11-07 00:07:35,727 : INFO : EventManager : Event: ======'machine_var_audits_missing_switches_s_sling_left'====== Args={'value': 424, 'prev_value': None, 'change': True}
2025-11-07 00:07:35,727 : INFO : EventManager : Event: ======'machine_var_audits_missing_switches_s_sling_right'====== Args={'value': 424, 'prev_value': None, 'change': True}
2025-11-07 00:07:35,727 : INFO : EventManager : Event: ======'machine_var_audits_missing_switches_s_start'====== Args={'value': 3, 'prev_value': None, 'change': True}
2025-11-07 00:07:35,727 : INFO : EventManager : Event: ======'machine_var_audits_missing_switches_s_trough1'====== Args={'value': 3, 'prev_value': None, 'change': True}
2025-11-07 00:07:35,727 : INFO : EventManager : Event: ======'machine_var_audits_missing_switches_s_trough2'====== Args={'value': 45, 'prev_value': None, 'change': True}
2025-11-07 00:07:35,727 : INFO : EventManager : Event: ======'machine_var_audits_missing_switches_s_trough3'====== Args={'value': 202, 'prev_value': None, 'change': True}
2025-11-07 00:07:35,727 : INFO : EventManager : Event: ======'machine_var_audits_missing_switches_s_trough4'====== Args={'value': 202, 'prev_value': None, 'change': True}
2025-11-07 00:07:35,727 : INFO : EventManager : Event: ======'machine_var_audits_missing_switches_s_trough_jam'====== Args={'value': 138, 'prev_value': None, 'change': True}
2025-11-07 00:07:35,727 : INFO : EventManager : Event: ======'machine_var_audits_player_score'====== Args={'value': {'average': 219097, 'top': [10210000, 1550000, 1070000, 1070000, 810000, 710000, 640000, 570000, 530000, 480000], 'total': 114}, 'prev_value': None, 'change': True}
2025-11-07 00:07:35,727 : INFO : EventManager : Event: ======'machine_var_audits_shots_bumper1'====== Args={'value': 3789, 'prev_value': None, 'change': True}
2025-11-07 00:07:35,727 : INFO : EventManager : Event: ======'machine_var_audits_shots_bumper2'====== Args={'value': 3709, 'prev_value': None, 'change': True}
2025-11-07 00:07:35,727 : INFO : EventManager : Event: ======'machine_var_audits_shots_bumper3'====== Args={'value': 3604, 'prev_value': None, 'change': True}
2025-11-07 00:07:35,727 : INFO : EventManager : Event: ======'machine_var_audits_shots_c_shot'====== Args={'value': 154, 'prev_value': None, 'change': True}
2025-11-07 00:07:35,727 : INFO : EventManager : Event: ======'machine_var_audits_shots_csi_shot'====== Args={'value': 9, 'prev_value': None, 'change': True}
2025-11-07 00:07:35,727 : INFO : EventManager : Event: ======'machine_var_audits_shots_i_shot'====== Args={'value': 130, 'prev_value': None, 'change': True}
2025-11-07 00:07:35,727 : INFO : EventManager : Event: ======'machine_var_audits_shots_s_shot'====== Args={'value': 145, 'prev_value': None, 'change': True}
2025-11-07 00:07:35,727 : INFO : EventManager : Event: ======'machine_var_audits_shots_switch_shot'====== Args={'value': 245, 'prev_value': None, 'change': True}
2025-11-07 00:07:35,727 : INFO : EventManager : Event: ======'machine_var_audits_switches_s_drain'====== Args={'value': 525, 'prev_value': None, 'change': True}
2025-11-07 00:07:35,727 : INFO : EventManager : Event: ======'machine_var_audits_switches_s_launch_button'====== Args={'value': 1, 'prev_value': None, 'change': True}
2025-11-07 00:07:35,727 : INFO : EventManager : Event: ======'machine_var_audits_switches_s_left_flipper'====== Args={'value': 370, 'prev_value': None, 'change': True}
2025-11-07 00:07:35,727 : INFO : EventManager : Event: ======'machine_var_audits_switches_s_left_inlane1'====== Args={'value': 164, 'prev_value': None, 'change': True}
2025-11-07 00:07:35,727 : INFO : EventManager : Event: ======'machine_var_audits_switches_s_left_inlane2'====== Args={'value': 152, 'prev_value': None, 'change': True}
2025-11-07 00:07:35,727 : INFO : EventManager : Event: ======'machine_var_audits_switches_s_left_outlane'====== Args={'value': 1, 'prev_value': None, 'change': True}
2025-11-07 00:07:35,727 : INFO : EventManager : Event: ======'machine_var_audits_switches_s_plunger_lane'====== Args={'value': 794, 'prev_value': None, 'change': True}
2025-11-07 00:07:35,727 : INFO : EventManager : Event: ======'machine_var_audits_switches_s_popbumper1'====== Args={'value': 3833, 'prev_value': None, 'change': True}
2025-11-07 00:07:35,727 : INFO : EventManager : Event: ======'machine_var_audits_switches_s_popbumper2'====== Args={'value': 3750, 'prev_value': None, 'change': True}
2025-11-07 00:07:35,727 : INFO : EventManager : Event: ======'machine_var_audits_switches_s_popbumper3'====== Args={'value': 3646, 'prev_value': None, 'change': True}
2025-11-07 00:07:35,727 : INFO : EventManager : Event: ======'machine_var_audits_switches_s_ramp'====== Args={'value': 30, 'prev_value': None, 'change': True}
2025-11-07 00:07:35,727 : INFO : EventManager : Event: ======'machine_var_audits_switches_s_right_flipper'====== Args={'value': 628, 'prev_value': None, 'change': True}
2025-11-07 00:07:35,727 : INFO : EventManager : Event: ======'machine_var_audits_switches_s_right_inlane'====== Args={'value': 136, 'prev_value': None, 'change': True}
2025-11-07 00:07:35,727 : INFO : EventManager : Event: ======'machine_var_audits_switches_s_right_orbit'====== Args={'value': 40, 'prev_value': None, 'change': True}
2025-11-07 00:07:35,727 : INFO : EventManager : Event: ======'machine_var_audits_switches_s_right_outlane'====== Args={'value': 5, 'prev_value': None, 'change': True}
2025-11-07 00:07:35,727 : INFO : EventManager : Event: ======'machine_var_audits_switches_s_scoop'====== Args={'value': 423, 'prev_value': None, 'change': True}
2025-11-07 00:07:35,727 : INFO : EventManager : Event: ======'machine_var_audits_switches_s_sling_left'====== Args={'value': 0, 'prev_value': None, 'change': True}
2025-11-07 00:07:35,727 : INFO : EventManager : Event: ======'machine_var_audits_switches_s_sling_right'====== Args={'value': 0, 'prev_value': None, 'change': True}
2025-11-07 00:07:35,727 : INFO : EventManager : Event: ======'machine_var_audits_switches_s_start'====== Args={'value': 654, 'prev_value': None, 'change': True}
2025-11-07 00:07:35,727 : INFO : EventManager : Event: ======'machine_var_audits_switches_s_trough1'====== Args={'value': 371, 'prev_value': None, 'change': True}
2025-11-07 00:07:35,727 : INFO : EventManager : Event: ======'machine_var_audits_switches_s_trough2'====== Args={'value': 16, 'prev_value': None, 'change': True}
2025-11-07 00:07:35,727 : INFO : EventManager : Event: ======'machine_var_audits_switches_s_trough3'====== Args={'value': 1, 'prev_value': None, 'change': True}
2025-11-07 00:07:35,727 : INFO : EventManager : Event: ======'machine_var_audits_switches_s_trough4'====== Args={'value': 1, 'prev_value': None, 'change': True}
2025-11-07 00:07:35,727 : INFO : EventManager : Event: ======'machine_var_audits_switches_s_trough_jam'====== Args={'value': 8, 'prev_value': None, 'change': True}
2025-11-07 00:07:35,727 : INFO : EventManager : Event: ======'init_phase_5'====== Args={}
2025-11-07 00:07:35,728 : INFO : EventManager : Event: ======'init_done'====== Args={}
2025-11-07 00:07:35,728 : INFO : EventManager : Event: ======'machine_reset_phase_1'====== Args={}
2025-11-07 00:07:35,745 : INFO : EventManager : Event: ======'machine_reset_phase_2'====== Args={}
2025-11-07 00:07:35,746 : INFO : EventManager : Event: ======'machine_reset_phase_3'====== Args={}
2025-11-07 00:07:35,746 : INFO : EventManager : Event: ======'reset_complete'====== Args={}
2025-11-07 00:07:35,747 : INFO : EventManager : Event: ======'mode_attract_will_start'====== Args={}
2025-11-07 00:07:35,747 : INFO : Timer.attract_carousel_timer : Starting Timer.
2025-11-07 00:07:35,747 : INFO : EventManager : Event: ======'timer_attract_carousel_timer_started'====== Args={'ticks': 0, 'ticks_remaining': 1}
2025-11-07 00:07:35,747 : INFO : EventManager : Event: ======'timer_attract_carousel_timer_tick'====== Args={'ticks': 0, 'ticks_remaining': 1}
2025-11-07 00:07:35,747 : INFO : EventManager : Event: ======'mode_attract_starting'====== Args={}
2025-11-07 00:07:35,747 : INFO : Mode.attract : Started. Priority: 10
2025-11-07 00:07:35,747 : INFO : EventManager : Event: ======'modes_active_modes_changed'====== Args={}
2025-11-07 00:07:35,747 : INFO : EventManager : Event: ======'mode_attract_started'====== Args={}
2025-11-07 00:07:35,747 : INFO : EventManager : Event: ======'collecting_balls_complete'====== Args={}
2025-11-07 00:07:35,747 : INFO : EventManager : Event: ======'carousel_item_highlighted'====== Args={'carousel': 'attract', 'direction': None, 'item': 'title'}
2025-11-07 00:07:35,747 : INFO : Machine : Starting the main run loop with active modes: [<Mode.attract>]
2025-11-07 00:07:36,133 : INFO : EventManager : Event: ======'slide_attract_created'====== Args={'_from_bcp': True}
2025-11-07 00:07:36,133 : INFO : EventManager : Event: ======'slide__removed'====== Args={'_from_bcp': True}
2025-11-07 00:07:36,133 : INFO : EventManager : Event: ======'slide_attract_active'====== Args={'original_context': 'attract', 'original_calling_context': 'mode_attract_started', 'priority': 10.0, 'cmd': 'slides_play', '_from_bcp': True}
2025-11-07 00:07:36,591 : INFO : BcpServer : New client connected.
2025-11-07 00:07:40,747 : INFO : Timer.attract_carousel_timer : Timer Complete
2025-11-07 00:07:40,747 : INFO : Timer.attract_carousel_timer : Stopping Timer
2025-11-07 00:07:40,748 : INFO : EventManager : Event: ======'timer_attract_carousel_timer_stopped'====== Args={'ticks': 1, 'ticks_remaining': 1}
2025-11-07 00:07:40,748 : INFO : EventManager : Event: ======'timer_attract_carousel_timer_complete'====== Args={'ticks': 1, 'ticks_remaining': 1}
2025-11-07 00:07:40,749 : INFO : EventManager : Event: ======'carousel_item_highlighted'====== Args={'carousel': 'attract', 'direction': 'forwards', 'item': 'credits'}
2025-11-07 00:07:48,029 : INFO : SwitchController : <<<<<<< 's_start' active >>>>>>>
2025-11-07 00:07:48,145 : INFO : SwitchController : <<<<<<< 's_start' inactive >>>>>>>
2025-11-07 00:07:48,146 : INFO : EventManager : Event: ======'request_to_start_game'====== Args={}
2025-11-07 00:07:48,147 : INFO : EventManager : Event: ======'game_start'====== Args={'buttons': [], 'hold_time': 0.1167220410425216}
2025-11-07 00:07:48,148 : INFO : EventManager : Event: ======'mode_game_will_start'====== Args={'buttons': [], 'hold_time': 0.1167220410425216}
2025-11-07 00:07:48,149 : INFO : EventManager : Event: ======'mode_game_starting'====== Args={'buttons': [], 'hold_time': 0.1167220410425216}
2025-11-07 00:07:48,149 : INFO : EventManager : Event: ======'mode_attract_will_stop'====== Args={}
2025-11-07 00:07:48,150 : INFO : EventManager : Event: ======'mode_attract_stopping'====== Args={}
2025-11-07 00:07:48,150 : INFO : Mode.attract : Stopped.
2025-11-07 00:07:48,150 : INFO : EventManager : Event: ======'modes_active_modes_changed'====== Args={}
2025-11-07 00:07:48,151 : INFO : EventManager : Event: ======'mode_attract_stopped'====== Args={}
2025-11-07 00:07:48,151 : INFO : EventManager : Event: ======'clear'====== Args={'key': 'attract'}
2025-11-07 00:07:48,152 : INFO : Timer.attract_carousel_timer : Stopping Timer
2025-11-07 00:07:48,152 : INFO : EventManager : Event: ======'timer_attract_carousel_timer_stopped'====== Args={'ticks': 1, 'ticks_remaining': 1}
2025-11-07 00:07:48,152 : INFO : Mode.game : Started. Priority: 20
2025-11-07 00:07:48,152 : INFO : EventManager : Event: ======'modes_active_modes_changed'====== Args={}
2025-11-07 00:07:48,152 : INFO : EventManager : Event: ======'mode_game_started'====== Args={'buttons': [], 'hold_time': 0.1167220410425216}
2025-11-07 00:07:48,153 : INFO : EventManager : Event: ======'game_will_start'====== Args={}
2025-11-07 00:07:48,154 : INFO : EventManager : Event: ======'game_starting'====== Args={'game': <Mode.game>}
2025-11-07 00:07:48,155 : INFO : EventManager : Unordered handler for class <Auditor> on event game_ended with priority 1. Handlers: [RegisteredHandler(callback=<bound method Auditor.disable of <Auditor>>, priority=1, kwargs={}, key=UUID('707315f9-5c35-4322-9566-f6dbe2365d32'), condition=None, blocking_facility=None), RegisteredHandler(callback=<bound method Auditor._save_audits of <Auditor>>, priority=1, kwargs={}, key=UUID('b0257e20-44ae-4d06-b3f2-acb85b7392cf'), condition=None, blocking_facility=None)]. The order of those handlers is not defined and they will be executed in random order. This might lead to race conditions and potential bugs.
2025-11-07 00:07:48,156 : INFO : EventManager : Event: ======'player_add_request'====== Args={}
2025-11-07 00:07:48,156 : INFO : EventManager : Event: ======'player_will_add'====== Args={'number': 1}
2025-11-07 00:07:48,156 : INFO : EventManager : Event: ======'player_adding'====== Args={'player': <Player 1>, 'number': 1}
2025-11-07 00:07:48,156 : INFO : EventManager : Event: ======'player_added'====== Args={'player': <Player 1>, 'num': 1}
2025-11-07 00:07:48,157 : INFO : Mode.game : Player added successfully. Total players: 1
2025-11-07 00:07:48,157 : INFO : EventManager : Event: ======'player_index'====== Args={'value': 0, 'prev_value': 0, 'change': 0, 'player_num': 1}
2025-11-07 00:07:48,157 : INFO : EventManager : Event: ======'player_number'====== Args={'value': 1, 'prev_value': 1, 'change': 0, 'player_num': 1}
2025-11-07 00:07:48,158 : INFO : EventManager : Event: ======'player_bonus_multiplier'====== Args={'value': 1, 'prev_value': 1, 'change': 0, 'player_num': 1}
2025-11-07 00:07:48,158 : INFO : EventManager : Event: ======'player_skull_ramp_nb'====== Args={'value': 0, 'prev_value': 0, 'change': 0, 'player_num': 1}
2025-11-07 00:07:48,158 : INFO : EventManager : Event: ======'player_score'====== Args={'value': 0, 'prev_value': 0, 'change': 0, 'player_num': 1}
2025-11-07 00:07:48,159 : INFO : EventManager : Event: ======'game_started'====== Args={}
2025-11-07 00:07:48,159 : INFO : EventManager : Event: ======'player_turn_will_start'====== Args={'player': <Player 1>, 'number': 1}
2025-11-07 00:07:48,160 : INFO : EventManager : Event: ======'player_turn_starting'====== Args={'player': <Player 1>, 'number': 1}
2025-11-07 00:07:48,166 : INFO : EventManager : Event: ======'player_ball'====== Args={'value': 1, 'prev_value': 0, 'change': 1, 'player_num': 1}
2025-11-07 00:07:48,167 : INFO : EventManager : Event: ======'player_turn_started'====== Args={'player': <Player 1>, 'number': 1}
2025-11-07 00:07:48,168 : INFO : EventManager : Event: ======'ball_will_start'====== Args={'player': 1, 'ball': 1, 'balls_remaining': 2, 'is_extra_ball': False}
2025-11-07 00:07:48,168 : INFO : EventManager : Event: ======'ball_starting'====== Args={'player': 1, 'ball': 1, 'balls_remaining': 2, 'is_extra_ball': False}
2025-11-07 00:07:48,168 : INFO : EventManager : Event: ======'mode_base_will_start'====== Args={'queue': <QueuedEvent>, 'player': 1, 'ball': 1, 'balls_remaining': 2, 'is_extra_ball': False}
2025-11-07 00:07:48,169 : INFO : EventManager : Event: ======'player_base_player_added_timer_tick'====== Args={'value': 0, 'prev_value': 0, 'change': 0, 'player_num': 1}
2025-11-07 00:07:48,169 : INFO : Timer.player_added_timer : Starting Timer.
2025-11-07 00:07:48,169 : INFO : EventManager : Event: ======'timer_player_added_timer_started'====== Args={'ticks': 0, 'ticks_remaining': 1}
2025-11-07 00:07:48,169 : INFO : EventManager : Event: ======'timer_player_added_timer_tick'====== Args={'ticks': 0, 'ticks_remaining': 1}
2025-11-07 00:07:48,170 : INFO : EventManager : Event: ======'mode_base_starting'====== Args={'queue': <QueuedEvent>, 'player': 1, 'ball': 1, 'balls_remaining': 2, 'is_extra_ball': False}
2025-11-07 00:07:48,170 : INFO : Mode.base : Started. Priority: 100
2025-11-07 00:07:48,170 : INFO : EventManager : Event: ======'modes_active_modes_changed'====== Args={}
2025-11-07 00:07:48,170 : INFO : EventManager : Event: ======'mode_base_started'====== Args={'queue': <QueuedEvent>, 'player': 1, 'ball': 1, 'balls_remaining': 2, 'is_extra_ball': False}
2025-11-07 00:07:48,170 : INFO : EventManager : Event: ======'start_mode_bumpers'====== Args={'priority': 0}
2025-11-07 00:07:48,170 : INFO : EventManager : Event: ======'start_mode_csi_lanes'====== Args={'priority': 0}
2025-11-07 00:07:48,171 : INFO : EventManager : Event: ======'mode_bumpers_will_start'====== Args={'priority': 0}
2025-11-07 00:07:48,171 : INFO : EventManager : Event: ======'player_shot_bumper1_enabled'====== Args={'value': True, 'prev_value': 0, 'change': 1, 'player_num': 1}
2025-11-07 00:07:48,171 : INFO : EventManager : Event: ======'player_shot_bumper2_enabled'====== Args={'value': True, 'prev_value': 0, 'change': 1, 'player_num': 1}
2025-11-07 00:07:48,172 : INFO : EventManager : Event: ======'player_shot_bumper3_enabled'====== Args={'value': True, 'prev_value': 0, 'change': 1, 'player_num': 1}
2025-11-07 00:07:48,172 : INFO : EventManager : Event: ======'bumpers_complete'====== Args={'state': 'unlit'}
2025-11-07 00:07:48,172 : INFO : EventManager : Event: ======'bumpers_unlit_complete'====== Args={}
2025-11-07 00:07:48,173 : INFO : EventManager : Event: ======'player_bumpers_bumper_timer_tick'====== Args={'value': 0, 'prev_value': 0, 'change': 0, 'player_num': 1}
2025-11-07 00:07:48,173 : INFO : Timer.bumper_timer : Starting Timer.
2025-11-07 00:07:48,173 : INFO : EventManager : Event: ======'timer_bumper_timer_started'====== Args={'ticks': 0, 'ticks_remaining': 1}
2025-11-07 00:07:48,173 : INFO : EventManager : Event: ======'timer_bumper_timer_tick'====== Args={'ticks': 0, 'ticks_remaining': 1}
2025-11-07 00:07:48,174 : INFO : EventManager : Event: ======'mode_bumpers_starting'====== Args={'priority': 0}
2025-11-07 00:07:48,174 : INFO : EventManager : Event: ======'mode_csi_lanes_will_start'====== Args={'priority': 0}
2025-11-07 00:07:48,174 : INFO : EventManager : Event: ======'player_shot_c_shot_enabled'====== Args={'value': True, 'prev_value': 0, 'change': 1, 'player_num': 1}
2025-11-07 00:07:48,174 : INFO : EventManager : Event: ======'player_shot_s_shot_enabled'====== Args={'value': True, 'prev_value': 0, 'change': 1, 'player_num': 1}
2025-11-07 00:07:48,174 : INFO : EventManager : Event: ======'player_shot_i_shot_enabled'====== Args={'value': True, 'prev_value': 0, 'change': 1, 'player_num': 1}
2025-11-07 00:07:48,175 : INFO : EventManager : Event: ======'csi_shots_complete'====== Args={'state': 'unlit'}
2025-11-07 00:07:48,175 : INFO : EventManager : Event: ======'csi_shots_unlit_complete'====== Args={}
2025-11-07 00:07:48,176 : INFO : EventManager : Event: ======'player_csi_lanes_csi_lanes_timer_tick'====== Args={'value': 0, 'prev_value': 0, 'change': 0, 'player_num': 1}
2025-11-07 00:07:48,176 : INFO : Timer.csi_lanes_timer : Starting Timer.
2025-11-07 00:07:48,177 : INFO : EventManager : Event: ======'timer_csi_lanes_timer_started'====== Args={'ticks': 0, 'ticks_remaining': 1}
2025-11-07 00:07:48,177 : INFO : EventManager : Event: ======'timer_csi_lanes_timer_tick'====== Args={'ticks': 0, 'ticks_remaining': 1}
2025-11-07 00:07:48,177 : INFO : EventManager : Event: ======'player_csi_lanes_csi_right_orbit_timer_tick'====== Args={'value': 0, 'prev_value': 0, 'change': 0, 'player_num': 1}
2025-11-07 00:07:48,178 : INFO : EventManager : Event: ======'mode_csi_lanes_starting'====== Args={'priority': 0}
2025-11-07 00:07:48,178 : INFO : Mode.bumpers : Started. Priority: 200
2025-11-07 00:07:48,179 : INFO : EventManager : Event: ======'modes_active_modes_changed'====== Args={}
2025-11-07 00:07:48,179 : INFO : EventManager : Event: ======'mode_bumpers_started'====== Args={'priority': 0}
2025-11-07 00:07:48,179 : INFO : EventManager : Event: ======'balls_in_play'====== Args={'balls': 1}
2025-11-07 00:07:48,179 : INFO : EventManager : Event: ======'ball_started'====== Args={'player': 1, 'ball': 1, 'balls_remaining': 2, 'is_extra_ball': False}
2025-11-07 00:07:48,180 : INFO : EventManager : Event: ======'logicblock_csi_lanes_then_scoop_updated'====== Args={'value': 0, 'enabled': True}
2025-11-07 00:07:48,180 : INFO : EventManager : Event: ======'logicblock_csi_lanes_then_scoop_then_right_orbit_updated'====== Args={'value': 0, 'enabled': True}
2025-11-07 00:07:48,180 : INFO : EventManager : Event: ======'logicblock_csi_lanes_then_scoop_updated'====== Args={'value': 0, 'enabled': True}
2025-11-07 00:07:48,180 : INFO : EventManager : Event: ======'logicblock_csi_lanes_then_scoop_then_right_orbit_updated'====== Args={'value': 0, 'enabled': True}
2025-11-07 00:07:48,180 : INFO : Mode.csi_lanes : Started. Priority: 200
2025-11-07 00:07:48,180 : INFO : EventManager : Event: ======'modes_active_modes_changed'====== Args={}
2025-11-07 00:07:48,180 : INFO : EventManager : Event: ======'mode_csi_lanes_started'====== Args={'priority': 0}
2025-11-07 00:07:48,181 : INFO : EventManager : Event: ======'player_multiplier'====== Args={'value': 1, 'prev_value': 0, 'change': 1, 'player_num': 1, 'source': 'csi_lanes'}
2025-11-07 00:07:48,181 : INFO : EventManager : Event: ======'single_player_ball_started'====== Args={}
2025-11-07 00:07:48,181 : INFO : EventManager : Event: ======'ball_start_target'====== Args={'target': 'playfield'}
2025-11-07 00:07:48,182 : INFO : ball_device.bd_trough : Setting up player-controlled eject. Balls: 1, Target: <playfield.playfield>, player_controlled_eject_event: None
2025-11-07 00:07:48,182 : INFO : ball_device.bd_trough : Adding 1 ball(s) to the eject_queue with target <playfield.playfield>.
2025-11-07 00:07:48,182 : INFO : EventManager : Event: ======'balldevice_balls_available'====== Args={}
2025-11-07 00:07:48,182 : INFO : ball_device.bd_trough : State: waiting_for_target_ready
2025-11-07 00:07:48,183 : INFO : EventManager : Event: ======'balldevice_bd_trough_ball_eject_attempt'====== Args={'balls': 1, 'target': <ball_device.bd_plunger>, 'source': <ball_device.bd_trough>, 'mechanical_eject': False, 'num_attempts': 0}
2025-11-07 00:07:48,183 : INFO : ball_device.bd_plunger : State: waiting_for_ball
2025-11-07 00:07:48,183 : INFO : ball_device.bd_trough : State: ejecting
2025-11-07 00:07:48,183 : INFO : ball_device.bd_trough : Ejecting ball to <ball_device.bd_plunger>
2025-11-07 00:07:48,183 : INFO : EventManager : Event: ======'balldevice_bd_trough_ejecting_ball'====== Args={'balls': 1, 'target': <ball_device.bd_plunger>, 'source': <ball_device.bd_trough>, 'mechanical_eject': False, 'num_attempts': 0}
2025-11-07 00:07:48,184 : INFO : ball_device.bd_trough : Wait for ball to leave device
2025-11-07 00:07:48,184 : INFO : coil.c_trough_eject : Pulsing Driver for 20ms (1.0 pulse_power)
2025-11-07 00:07:48,184 : INFO : SwitchController : <<<<<<< 's_trough1' inactive >>>>>>>
2025-11-07 00:07:48,184 : INFO : ball_device.bd_trough : State: ball_left
2025-11-07 00:07:48,184 : INFO : ball_device.bd_trough : Ball left
2025-11-07 00:07:48,184 : INFO : ball_device.bd_trough : Wait for confirm with timeout 3.0
2025-11-07 00:07:48,285 : INFO : SwitchController : <<<<<<< 's_plunger_lane' active >>>>>>>
2025-11-07 00:07:48,285 : INFO : EventManager : Event: ======'machine_var_audits_switches_s_plunger_lane'====== Args={'value': 795, 'prev_value': 794, 'change': 1}
2025-11-07 00:07:48,317 : INFO : EventManager : Event: ======'slide_base_slide_created'====== Args={'_from_bcp': True}
2025-11-07 00:07:48,317 : INFO : EventManager : Event: ======'slide_attract_inactive'====== Args={'is_removing': True, '_from_bcp': True}
2025-11-07 00:07:48,317 : INFO : EventManager : Event: ======'slide_base_slide_active'====== Args={'original_context': 'base', 'original_calling_context': 'mode_base_started', 'priority': 100.0, 'queue': '<QueuedEvent>', 'player': 1.0, 'ball': 1.0, 'balls_remaining': 2.0, 'is_extra_ball': False, 'cmd': 'slides_play', '_from_bcp': True}
2025-11-07 00:07:48,318 : INFO : EventManager : Event: ======'slide_attract_removed'====== Args={'_from_bcp': True}
2025-11-07 00:07:48,374 : INFO : EventManager : Event: ======'player_bumpers_bumper_timer_tick'====== Args={'value': 1, 'prev_value': 0, 'change': 1, 'player_num': 1}
2025-11-07 00:07:48,374 : INFO : Timer.bumper_timer : Timer Complete
2025-11-07 00:07:48,374 : INFO : Timer.bumper_timer : Stopping Timer
2025-11-07 00:07:48,374 : INFO : EventManager : Event: ======'timer_bumper_timer_stopped'====== Args={'ticks': 1, 'ticks_remaining': 1}
2025-11-07 00:07:48,374 : INFO : EventManager : Event: ======'timer_bumper_timer_complete'====== Args={'ticks': 1, 'ticks_remaining': 1}
2025-11-07 00:07:48,786 : INFO : ball_device.bd_plunger : Received ball from <ball_device.bd_trough>
2025-11-07 00:07:48,787 : INFO : EventManager : Event: ======'balldevice_bd_plunger_ball_enter'====== Args={'new_balls': 1, 'unclaimed_balls': 0, 'new_available_balls': 0, 'device': <ball_device.bd_plunger>}
2025-11-07 00:07:48,788 : INFO : EventManager : Event: ======'balldevice_bd_plunger_ball_entered'====== Args={'new_balls': 0, 'device': <ball_device.bd_plunger>}
2025-11-07 00:07:48,788 : INFO : EventManager : Event: ======'balldevice_bd_plunger_ball_count_changed'====== Args={'balls': 1}
2025-11-07 00:07:48,789 : INFO : ball_device.bd_trough : Got eject confirm
2025-11-07 00:07:48,789 : INFO : ball_device.bd_trough : Eject successful
2025-11-07 00:07:48,789 : INFO : EventManager : Event: ======'balldevice_bd_trough_ball_eject_success'====== Args={'balls': 1, 'target': <ball_device.bd_plunger>}
2025-11-07 00:07:48,789 : INFO : EventManager : Event: ======'balldevice_bd_trough_ball_count_changed'====== Args={'balls': 3}
2025-11-07 00:07:48,789 : INFO : ball_device.bd_trough : State: idle
2025-11-07 00:07:48,790 : INFO : ball_device.bd_plunger : State: waiting_for_target_ready
2025-11-07 00:07:48,790 : INFO : EventManager : Event: ======'balldevice_bd_plunger_ball_eject_attempt'====== Args={'balls': 1, 'target': <playfield.playfield>, 'source': <ball_device.bd_plunger>, 'mechanical_eject': False, 'num_attempts': 0}
2025-11-07 00:07:48,790 : INFO : ball_device.bd_plunger : State: ejecting
2025-11-07 00:07:48,791 : INFO : ball_device.bd_plunger : Ejecting ball to <playfield.playfield>
2025-11-07 00:07:48,791 : INFO : EventManager : Event: ======'balldevice_bd_plunger_ejecting_ball'====== Args={'balls': 1, 'target': <playfield.playfield>, 'source': <ball_device.bd_plunger>, 'mechanical_eject': False, 'num_attempts': 0}
2025-11-07 00:07:48,792 : INFO : ball_device.bd_plunger : Wait for ball to leave device
2025-11-07 00:07:48,792 : INFO : coil.c_plunger : Pulsing Driver for 20ms (1.0 pulse_power)
2025-11-07 00:07:48,792 : INFO : SwitchController : <<<<<<< 's_plunger_lane' inactive >>>>>>>
2025-11-07 00:07:48,793 : INFO : ball_device.bd_plunger : State: ball_left
2025-11-07 00:07:48,793 : INFO : ball_device.bd_plunger : Ball left
2025-11-07 00:07:48,793 : INFO : ball_device.bd_plunger : Wait for confirm with timeout 3.0
2025-11-07 00:07:48,870 : INFO : EventManager : Event: ======'player_base_player_added_timer_tick'====== Args={'value': 1, 'prev_value': 0, 'change': 1, 'player_num': 1}
2025-11-07 00:07:48,870 : INFO : Timer.player_added_timer : Timer Complete
2025-11-07 00:07:48,870 : INFO : Timer.player_added_timer : Stopping Timer
2025-11-07 00:07:48,870 : INFO : EventManager : Event: ======'timer_player_added_timer_stopped'====== Args={'ticks': 1, 'ticks_remaining': 1}
2025-11-07 00:07:48,870 : INFO : EventManager : Event: ======'timer_player_added_timer_complete'====== Args={'ticks': 1, 'ticks_remaining': 1}
2025-11-07 00:07:48,877 : INFO : EventManager : Event: ======'player_csi_lanes_csi_lanes_timer_tick'====== Args={'value': 1, 'prev_value': 0, 'change': 1, 'player_num': 1}
2025-11-07 00:07:48,877 : INFO : Timer.csi_lanes_timer : Timer Complete
2025-11-07 00:07:48,877 : INFO : Timer.csi_lanes_timer : Stopping Timer
2025-11-07 00:07:48,877 : INFO : EventManager : Event: ======'timer_csi_lanes_timer_stopped'====== Args={'ticks': 1, 'ticks_remaining': 1}
2025-11-07 00:07:48,877 : INFO : EventManager : Event: ======'timer_csi_lanes_timer_complete'====== Args={'ticks': 1, 'ticks_remaining': 1}
2025-11-07 00:07:51,793 : INFO : ball_device.bd_plunger : State: failed_confirm
2025-11-07 00:07:51,794 : INFO : ball_device.bd_plunger : Got timeout (3.0s) before confirm from <playfield.playfield>
2025-11-07 00:07:51,896 : INFO : ball_device.bd_plunger : Confirming eject because target is playfield and ball did not return.
2025-11-07 00:07:51,896 : INFO : ball_device.bd_plunger : Eject successful
2025-11-07 00:07:51,896 : INFO : EventManager : Event: ======'balldevice_bd_plunger_ball_eject_success'====== Args={'balls': 1, 'target': <playfield.playfield>}
2025-11-07 00:07:51,897 : INFO : EventManager : Event: ======'balldevice_playfield_ball_enter'====== Args={'new_balls': 1, 'unclaimed_balls': 1, 'device': <playfield.playfield>}
2025-11-07 00:07:51,898 : INFO : EventManager : Event: ======'playfield_ball_count_change'====== Args={'balls': 1, 'change': 1}
2025-11-07 00:07:51,898 : INFO : EventManager : Event: ======'balldevice_bd_plunger_ball_count_changed'====== Args={'balls': 0}
2025-11-07 00:07:51,899 : INFO : ball_device.bd_plunger : State: idle
2025-11-07 00:07:51,928 : INFO : SwitchController : <<<<<<< 's_popbumper2' active >>>>>>>
2025-11-07 00:07:51,928 : INFO : EventManager : Event: ======'s_popbumper2_active'====== Args={}
2025-11-07 00:07:51,929 : INFO : EventManager : Event: ======'machine_var_audits_switches_s_popbumper2'====== Args={'value': 3751, 'prev_value': 3750, 'change': 1}
2025-11-07 00:07:51,930 : INFO : SwitchController : <<<<<<< 's_popbumper3' active >>>>>>>
2025-11-07 00:07:51,930 : INFO : EventManager : Event: ======'s_popbumper3_active'====== Args={}
2025-11-07 00:07:51,930 : INFO : EventManager : Event: ======'machine_var_audits_switches_s_popbumper3'====== Args={'value': 3647, 'prev_value': 3646, 'change': 1}
2025-11-07 00:07:51,935 : INFO : EventManager : Event: ======'player_shot_bumper2'====== Args={'value': 1, 'prev_value': 0, 'change': 1, 'player_num': 1}
2025-11-07 00:07:51,936 : INFO : EventManager : Event: ======'machine_var_audits_shots_bumper2'====== Args={'value': 3710, 'prev_value': 3709, 'change': 1}
2025-11-07 00:07:51,936 : INFO : EventManager : Event: ======'bumper2_hit'====== Args={'profile': 'default', 'state': 'unlit', 'advancing': True}
2025-11-07 00:07:51,936 : INFO : EventManager : Event: ======'bumper2_default_hit'====== Args={'profile': 'default', 'state': 'unlit', 'advancing': True}
2025-11-07 00:07:51,937 : INFO : EventManager : Event: ======'bumper2_default_unlit_hit'====== Args={'profile': 'default', 'state': 'unlit', 'advancing': True}
2025-11-07 00:07:51,937 : INFO : EventManager : Event: ======'bumper2_unlit_hit'====== Args={'profile': 'default', 'state': 'unlit', 'advancing': True}
2025-11-07 00:07:51,937 : INFO : EventManager : Event: ======'bumpers_hit'====== Args={'shot': 'bumper2'}
2025-11-07 00:07:51,937 : INFO : EventManager : Event: ======'bumpers_unlit_hit'====== Args={'shot': 'bumper2'}
2025-11-07 00:07:51,937 : INFO : EventManager : Event: ======'player_score'====== Args={'value': 3000, 'prev_value': 0, 'change': 3000, 'player_num': 1, 'source': 'bumpers'}
2025-11-07 00:07:51,938 : INFO : EventManager : Event: ======'player_bumpers_bumper_timer_tick'====== Args={'value': 0, 'prev_value': 1, 'change': -1, 'player_num': 1}
2025-11-07 00:07:51,938 : INFO : Timer.bumper_timer : Starting Timer.
2025-11-07 00:07:51,938 : INFO : EventManager : Event: ======'timer_bumper_timer_started'====== Args={'ticks': 0, 'ticks_remaining': 1}
2025-11-07 00:07:51,938 : INFO : EventManager : Event: ======'timer_bumper_timer_tick'====== Args={'ticks': 0, 'ticks_remaining': 1}
2025-11-07 00:07:51,939 : INFO : EventManager : Event: ======'player_shot_bumper3'====== Args={'value': 1, 'prev_value': 0, 'change': 1, 'player_num': 1}
2025-11-07 00:07:51,939 : INFO : EventManager : Event: ======'machine_var_audits_shots_bumper3'====== Args={'value': 3605, 'prev_value': 3604, 'change': 1}
2025-11-07 00:07:51,939 : INFO : EventManager : Event: ======'bumper3_hit'====== Args={'profile': 'default', 'state': 'unlit', 'advancing': True}
2025-11-07 00:07:51,939 : INFO : EventManager : Event: ======'bumper3_default_hit'====== Args={'profile': 'default', 'state': 'unlit', 'advancing': True}
2025-11-07 00:07:51,939 : INFO : EventManager : Event: ======'bumper3_default_unlit_hit'====== Args={'profile': 'default', 'state': 'unlit', 'advancing': True}
2025-11-07 00:07:51,940 : INFO : EventManager : Event: ======'bumper3_unlit_hit'====== Args={'profile': 'default', 'state': 'unlit', 'advancing': True}
2025-11-07 00:07:51,940 : INFO : EventManager : Event: ======'bumpers_hit'====== Args={'shot': 'bumper3'}
2025-11-07 00:07:51,940 : INFO : EventManager : Event: ======'bumpers_unlit_hit'====== Args={'shot': 'bumper3'}
2025-11-07 00:07:51,940 : INFO : EventManager : Event: ======'player_score'====== Args={'value': 6000, 'prev_value': 3000, 'change': 3000, 'player_num': 1, 'source': 'bumpers'}
2025-11-07 00:07:51,940 : INFO : EventManager : Event: ======'timer_bumper_timer_tick'====== Args={'ticks': 0, 'ticks_remaining': 1}
2025-11-07 00:07:51,969 : INFO : EventManager : Event: ======'widget_bumper_widget_active'====== Args={'original_context': 'bumpers', 'original_calling_context': 'bumpers_hit', 'priority': 200.0, 'shot': 'bumper2', 'cmd': 'widgets_play', '_from_bcp': True}
2025-11-07 00:07:52,061 : INFO : SwitchController : <<<<<<< 's_popbumper1' active >>>>>>>
2025-11-07 00:07:52,061 : INFO : EventManager : Event: ======'s_popbumper1_active'====== Args={}
2025-11-07 00:07:52,061 : INFO : EventManager : Event: ======'machine_var_audits_switches_s_popbumper1'====== Args={'value': 3834, 'prev_value': 3833, 'change': 1}
2025-11-07 00:07:52,061 : INFO : EventManager : Event: ======'player_shot_bumper1'====== Args={'value': 1, 'prev_value': 0, 'change': 1, 'player_num': 1}
2025-11-07 00:07:52,061 : INFO : EventManager : Event: ======'machine_var_audits_shots_bumper1'====== Args={'value': 3790, 'prev_value': 3789, 'change': 1}
2025-11-07 00:07:52,061 : INFO : EventManager : Event: ======'bumper1_hit'====== Args={'profile': 'default', 'state': 'unlit', 'advancing': True}
2025-11-07 00:07:52,061 : INFO : EventManager : Event: ======'bumper1_default_hit'====== Args={'profile': 'default', 'state': 'unlit', 'advancing': True}
2025-11-07 00:07:52,062 : INFO : EventManager : Event: ======'bumper1_default_unlit_hit'====== Args={'profile': 'default', 'state': 'unlit', 'advancing': True}
2025-11-07 00:07:52,062 : INFO : EventManager : Event: ======'bumper1_unlit_hit'====== Args={'profile': 'default', 'state': 'unlit', 'advancing': True}
2025-11-07 00:07:52,062 : INFO : EventManager : Event: ======'bumpers_complete'====== Args={'state': 'lit'}
2025-11-07 00:07:52,062 : INFO : EventManager : Event: ======'bumpers_lit_complete'====== Args={}
2025-11-07 00:07:52,062 : INFO : EventManager : Event: ======'bumpers_hit'====== Args={'shot': 'bumper1'}
2025-11-07 00:07:52,062 : INFO : EventManager : Event: ======'bumpers_unlit_hit'====== Args={'shot': 'bumper1'}
2025-11-07 00:07:52,062 : INFO : EventManager : Event: ======'player_score'====== Args={'value': 9000, 'prev_value': 6000, 'change': 3000, 'player_num': 1, 'source': 'bumpers'}
2025-11-07 00:07:52,062 : INFO : EventManager : Event: ======'timer_bumper_timer_tick'====== Args={'ticks': 0, 'ticks_remaining': 1}
2025-11-07 00:07:52,077 : INFO : SwitchController : <<<<<<< 's_popbumper3' inactive >>>>>>>
2025-11-07 00:07:52,160 : INFO : SwitchController : <<<<<<< 's_popbumper2' inactive >>>>>>>
2025-11-07 00:07:52,177 : INFO : SwitchController : <<<<<<< 's_popbumper1' inactive >>>>>>>
2025-11-07 00:07:52,261 : INFO : SwitchController : <<<<<<< 's_popbumper3' active >>>>>>>
2025-11-07 00:07:52,261 : INFO : EventManager : Event: ======'s_popbumper3_active'====== Args={}
2025-11-07 00:07:52,262 : INFO : EventManager : Event: ======'machine_var_audits_switches_s_popbumper3'====== Args={'value': 3648, 'prev_value': 3647, 'change': 1}
2025-11-07 00:07:52,262 : INFO : EventManager : Event: ======'machine_var_audits_shots_bumper3'====== Args={'value': 3606, 'prev_value': 3605, 'change': 1}
2025-11-07 00:07:52,263 : INFO : EventManager : Event: ======'bumper3_hit'====== Args={'profile': 'default', 'state': 'lit', 'advancing': False}
2025-11-07 00:07:52,263 : INFO : EventManager : Event: ======'bumper3_default_hit'====== Args={'profile': 'default', 'state': 'lit', 'advancing': False}
2025-11-07 00:07:52,263 : INFO : EventManager : Event: ======'bumper3_default_lit_hit'====== Args={'profile': 'default', 'state': 'lit', 'advancing': False}
2025-11-07 00:07:52,263 : INFO : EventManager : Event: ======'bumper3_lit_hit'====== Args={'profile': 'default', 'state': 'lit', 'advancing': False}
2025-11-07 00:07:52,263 : INFO : EventManager : Event: ======'bumpers_hit'====== Args={'shot': 'bumper3'}
2025-11-07 00:07:52,264 : INFO : EventManager : Event: ======'bumpers_lit_hit'====== Args={'shot': 'bumper3'}
2025-11-07 00:07:52,264 : INFO : EventManager : Event: ======'player_score'====== Args={'value': 12000, 'prev_value': 9000, 'change': 3000, 'player_num': 1, 'source': 'bumpers'}
2025-11-07 00:07:52,264 : INFO : EventManager : Event: ======'timer_bumper_timer_tick'====== Args={'ticks': 0, 'ticks_remaining': 1}
2025-11-07 00:07:52,394 : INFO : SwitchController : <<<<<<< 's_popbumper3' inactive >>>>>>>
2025-11-07 00:07:52,465 : INFO : EventManager : Event: ======'player_bumpers_bumper_timer_tick'====== Args={'value': 1, 'prev_value': 0, 'change': 1, 'player_num': 1}
2025-11-07 00:07:52,466 : INFO : Timer.bumper_timer : Timer Complete
2025-11-07 00:07:52,467 : INFO : Timer.bumper_timer : Stopping Timer
2025-11-07 00:07:52,467 : INFO : EventManager : Event: ======'timer_bumper_timer_stopped'====== Args={'ticks': 1, 'ticks_remaining': 1}
2025-11-07 00:07:52,467 : INFO : EventManager : Event: ======'timer_bumper_timer_complete'====== Args={'ticks': 1, 'ticks_remaining': 1}
2025-11-07 00:07:52,478 : INFO : EventManager : Event: ======'widget_bumper_widget_removed'====== Args={'_from_bcp': True}
2025-11-07 00:08:01,655 : INFO : SwitchController : <<<<<<< 's_ramp' active >>>>>>>
2025-11-07 00:08:01,655 : INFO : EventManager : Event: ======'machine_var_audits_switches_s_ramp'====== Args={'value': 31, 'prev_value': 30, 'change': 1}
2025-11-07 00:08:01,814 : INFO : SwitchController : <<<<<<< 's_ramp' inactive >>>>>>>
2025-11-07 00:08:03,132 : INFO : SwitchController : <<<<<<< 's_ramp' active >>>>>>>
2025-11-07 00:08:03,132 : INFO : EventManager : Event: ======'machine_var_audits_switches_s_ramp'====== Args={'value': 32, 'prev_value': 31, 'change': 1}
2025-11-07 00:08:03,302 : INFO : SwitchController : <<<<<<< 's_ramp' inactive >>>>>>>
2025-11-07 00:08:03,465 : INFO : SwitchController : <<<<<<< 's_ramp' active >>>>>>>
2025-11-07 00:08:03,466 : INFO : EventManager : Event: ======'machine_var_audits_switches_s_ramp'====== Args={'value': 33, 'prev_value': 32, 'change': 1}
2025-11-07 00:08:03,699 : INFO : SwitchController : <<<<<<< 's_ramp' inactive >>>>>>>
2025-11-07 00:08:03,998 : INFO : SwitchController : <<<<<<< 's_ramp' active >>>>>>>
2025-11-07 00:08:03,998 : INFO : EventManager : Event: ======'machine_var_audits_switches_s_ramp'====== Args={'value': 34, 'prev_value': 33, 'change': 1}
2025-11-07 00:08:04,149 : INFO : SwitchController : <<<<<<< 's_ramp' inactive >>>>>>>
2025-11-07 00:08:04,282 : INFO : SwitchController : <<<<<<< 's_ramp' active >>>>>>>
2025-11-07 00:08:04,282 : INFO : EventManager : Event: ======'machine_var_audits_switches_s_ramp'====== Args={'value': 35, 'prev_value': 34, 'change': 1}
2025-11-07 00:08:04,448 : INFO : SwitchController : <<<<<<< 's_ramp' inactive >>>>>>>
2025-11-07 00:08:04,733 : INFO : SwitchController : <<<<<<< 's_ramp' active >>>>>>>
2025-11-07 00:08:04,733 : INFO : EventManager : Event: ======'machine_var_audits_switches_s_ramp'====== Args={'value': 36, 'prev_value': 35, 'change': 1}
2025-11-07 00:08:04,915 : INFO : SwitchController : <<<<<<< 's_ramp' inactive >>>>>>>
2025-11-07 00:08:05,049 : INFO : SwitchController : <<<<<<< 's_ramp' active >>>>>>>
2025-11-07 00:08:05,049 : INFO : EventManager : Event: ======'machine_var_audits_switches_s_ramp'====== Args={'value': 37, 'prev_value': 36, 'change': 1}
2025-11-07 00:08:05,215 : INFO : SwitchController : <<<<<<< 's_ramp' inactive >>>>>>>
2025-11-07 00:08:05,298 : INFO : SwitchController : <<<<<<< 's_ramp' active >>>>>>>
2025-11-07 00:08:05,298 : INFO : EventManager : Event: ======'machine_var_audits_switches_s_ramp'====== Args={'value': 38, 'prev_value': 37, 'change': 1}
2025-11-07 00:08:05,465 : INFO : SwitchController : <<<<<<< 's_ramp' inactive >>>>>>>
2025-11-07 00:10:18,137 : INFO : Machine : Shutting down...
2025-11-07 00:10:18,137 : INFO : EventManager : Event: ======'shutdown'====== Args={}
2025-11-07 00:10:18,138 : INFO : EventManager : Event: ======'mode_game_will_stop'====== Args={}
2025-11-07 00:10:18,138 : INFO : EventManager : Event: ======'mode_game_stopping'====== Args={}
2025-11-07 00:10:18,139 : INFO : EventManager : Event: ======'mode_base_will_stop'====== Args={}
2025-11-07 00:10:18,139 : INFO : EventManager : Event: ======'mode_base_stopping'====== Args={}
2025-11-07 00:10:18,139 : INFO : EventManager : Event: ======'mode_csi_lanes_will_stop'====== Args={}
2025-11-07 00:10:18,139 : INFO : EventManager : Event: ======'mode_csi_lanes_stopping'====== Args={}
2025-11-07 00:10:18,139 : INFO : EventManager : Event: ======'mode_bumpers_will_stop'====== Args={}
2025-11-07 00:10:18,139 : INFO : EventManager : Event: ======'mode_bumpers_stopping'====== Args={}
2025-11-07 00:10:18,140 : INFO : EventManager : Event: ======'stop_mode_bumpers'====== Args={'priority': 0}
2025-11-07 00:10:18,140 : INFO : EventManager : Event: ======'stop_mode_csi_lanes'====== Args={'priority': 0}
2025-11-07 00:10:18,140 : INFO : Mode.bumpers : Stopped.
2025-11-07 00:10:18,140 : INFO : EventManager : Event: ======'modes_active_modes_changed'====== Args={}
2025-11-07 00:10:18,140 : INFO : EventManager : Event: ======'mode_bumpers_stopped'====== Args={}
2025-11-07 00:10:18,140 : INFO : EventManager : Event: ======'clear'====== Args={'key': 'bumpers'}
2025-11-07 00:10:18,140 : INFO : Timer.bumper_timer : Stopping Timer
2025-11-07 00:10:18,140 : INFO : EventManager : Event: ======'timer_bumper_timer_stopped'====== Args={'ticks': 1, 'ticks_remaining': 1}
2025-11-07 00:10:18,141 : INFO : Mode.csi_lanes : Stopped.
2025-11-07 00:10:18,141 : INFO : EventManager : Event: ======'modes_active_modes_changed'====== Args={}
2025-11-07 00:10:18,141 : INFO : EventManager : Event: ======'mode_csi_lanes_stopped'====== Args={}
2025-11-07 00:10:18,141 : INFO : EventManager : Event: ======'clear'====== Args={'key': 'csi_lanes'}
2025-11-07 00:10:18,141 : INFO : Timer.csi_lanes_timer : Stopping Timer
2025-11-07 00:10:18,141 : INFO : EventManager : Event: ======'timer_csi_lanes_timer_stopped'====== Args={'ticks': 1, 'ticks_remaining': 1}
2025-11-07 00:10:18,141 : INFO : Timer.csi_right_orbit_timer : Stopping Timer
2025-11-07 00:10:18,142 : INFO : EventManager : Event: ======'timer_csi_right_orbit_timer_stopped'====== Args={'ticks': 0, 'ticks_remaining': 0}
2025-11-07 00:10:18,142 : INFO : Mode.base : Stopped.
2025-11-07 00:10:18,142 : INFO : EventManager : Event: ======'modes_active_modes_changed'====== Args={}
2025-11-07 00:10:18,142 : INFO : EventManager : Event: ======'mode_base_stopped'====== Args={}
2025-11-07 00:10:18,142 : INFO : EventManager : Event: ======'clear'====== Args={'key': 'base'}
2025-11-07 00:10:18,142 : INFO : Timer.player_added_timer : Stopping Timer
2025-11-07 00:10:18,142 : INFO : EventManager : Event: ======'timer_player_added_timer_stopped'====== Args={'ticks': 1, 'ticks_remaining': 1}
2025-11-07 00:10:18,142 : INFO : Mode.game : Stopped.
2025-11-07 00:10:18,142 : INFO : EventManager : Event: ======'modes_active_modes_changed'====== Args={}
2025-11-07 00:10:18,143 : INFO : EventManager : Event: ======'mode_game_stopped'====== Args={}
2025-11-07 00:10:18,143 : INFO : EventManager : Event: ======'clear'====== Args={'key': 'game'}
2025-11-07 00:10:18,147 : INFO : root : MPF run loop ended.
