2025-11-07 00:48:56,094 : INFO : root : Loading MPF Monitor Version 0.57.1
2025-11-07 00:48:56,226 : INFO : Core : Looking for MPF at localhost:5051
2025-11-07 00:48:57,180 : INFO : BCP Client : Connected to MPF
2025-11-07 00:50:24,066 : INFO : BCP Client : Connected to MPF
2025-11-07 00:51:34,066 : INFO : BCP Client : Connected to MPF
2025-11-07 00:54:09,064 : INFO : BCP Client : Connected to MPF
2025-11-07 00:54:43,063 : INFO : BCP Client : Connected to MPF
2025-11-08 21:28:17,712 : INFO : BCP Client : Connected to MPF
2025-11-09 11:55:04,571 : INFO : BCP Client : Connected to MPF
2025-11-09 11:58:19,572 : INFO : BCP Client : Connected to MPF
2025-11-09 12:00:55,570 : INFO : BCP Client : Connected to MPF
2025-11-09 12:05:11,569 : INFO : BCP Client : Connected to MPF
2025-11-09 12:10:52,610 : INFO : BCP Client : Connected to MPF
2025-11-09 12:30:16,626 : INFO : BCP Client : Connected to MPF
2025-11-09 12:31:09,628 : INFO : BCP Client : Connected to MPF
2025-11-09 18:49:29,503 : INFO : BCP Client : Connected to MPF
2025-11-09 19:08:03,495 : INFO : BCP Client : Connected to MPF
2025-11-09 19:10:51,493 : INFO : BCP Client : Connected to MPF
2025-11-09 19:13:08,492 : INFO : BCP Client : Connected to MPF
2025-11-09 19:14:57,492 : INFO : BCP Client : Connected to MPF
2025-11-09 19:42:16,479 : INFO : BCP Client : Connected to MPF
2025-11-09 20:13:28,465 : INFO : BCP Client : Connected to MPF
2025-11-09 20:17:13,462 : INFO : BCP Client : Connected to MPF
2025-11-09 21:18:38,519 : INFO : BCP Client : Connected to MPF
2025-11-09 21:22:06,519 : INFO : BCP Client : Connected to MPF
2025-11-09 21:27:18,520 : INFO : BCP Client : Connected to MPF
2025-11-09 21:28:37,519 : INFO : BCP Client : Connected to MPF
2025-11-09 21:41:42,495 : INFO : BCP Client : Connected to MPF
2025-11-09 22:01:36,471 : INFO : BCP Client : Connected to MPF
2025-11-09 22:02:42,468 : INFO : BCP Client : Connected to MPF
2025-11-09 22:03:58,468 : INFO : BCP Client : Connected to MPF
2025-11-09 22:04:47,468 : INFO : BCP Client : Connected to MPF
2025-11-09 23:26:46,466 : INFO : BCP Client : Connected to MPF
2025-11-09 23:28:18,467 : INFO : BCP Client : Connected to MPF
2025-11-09 23:29:49,466 : INFO : BCP Client : Connected to MPF
2025-11-09 23:33:16,467 : INFO : BCP Client : Connected to MPF
2025-11-09 23:35:08,467 : INFO : BCP Client : Connected to MPF
2025-11-09 23:36:59,180 : INFO : Core : Quitting due to quit on close
2025-11-09 23:36:59,204 : INFO : root : MPF Monitor run loop ended.
2025-11-09 23:36:59,205 : INFO : root : Stopping child threads... (2 remaining)
2025-11-09 23:37:00,215 : INFO : root : All child threads stopped.
