2025-11-03 23:26:07,498 : INFO : root : Loading config.
2025-11-03 23:26:07,500 : INFO : YamlMultifileConfigLoader : Machine config file #1: config.yaml
2025-11-03 23:26:07,500 : INFO : ConfigProcessor : Loading config from cache: /var/folders/m3/0d4y64_n3fn8tnkv3ydlhztw0000gn/T/5ca32a6c950d03116abbed96ca44d372.mpf_cache
2025-11-03 23:26:07,511 : INFO : ConfigProcessor : Loading config from cache: /var/folders/m3/0d4y64_n3fn8tnkv3ydlhztw0000gn/T/01c495fa7450a81b4be96cb699872531.mpf_cache
2025-11-03 23:26:07,511 : INFO : ConfigProcessor : Loading config from cache: /var/folders/m3/0d4y64_n3fn8tnkv3ydlhztw0000gn/T/bfde29b5bb803376b0637bb8f0da27a7.mpf_cache
2025-11-03 23:26:07,512 : INFO : ConfigProcessor : Loading config from cache: /var/folders/m3/0d4y64_n3fn8tnkv3ydlhztw0000gn/T/01c495fa7450a81b4be96cb699872531.mpf_cache
2025-11-03 23:26:07,512 : WARNING : ConfigProcessor : Config file in cache changed: /Users/didiergilbin/Desktop/Homebrew_CSI/modes/base/config/base.yaml
2025-11-03 23:26:07,512 : INFO : ConfigProcessor : Loading config from file /Users/didiergilbin/Desktop/Homebrew_CSI/modes/base/config/base.yaml.
2025-11-03 23:26:07,513 : INFO : ConfigProcessor : Loading config: /Users/didiergilbin/Desktop/Homebrew_CSI/modes/base/config/base.yaml
2025-11-03 23:26:07,513 : INFO : ConfigProcessor : Config file cache created: /var/folders/m3/0d4y64_n3fn8tnkv3ydlhztw0000gn/T/3ae89e09515ff8d8b11d68f672b2cc51.mpf_cache
2025-11-03 23:26:07,514 : INFO : ConfigProcessor : Loading config from cache: /var/folders/m3/0d4y64_n3fn8tnkv3ydlhztw0000gn/T/4c420229fa75118c2461cfc9ff5a44e2.mpf_cache
2025-11-03 23:26:07,514 : INFO : Machine : Mission Pinball Framework Core Engine v0.80.0.dev10
2025-11-03 23:26:07,514 : INFO : Machine : Command line arguments: {'no_load_cache': False, 'create_config_cache': True, 'bcp': True, 'configfile': ['config.yaml'], 'force_assets_load': False, 'platform_integration_test': False, 'jsonlogging': False, 'logfile': 'logs/2025-11-03-23-26-07-mpf-mac.home.log', 'pause': False, 'production': False, 'text_ui': False, 'loglevel': 15, 'consoleloglevel': 20, 'force_platform': 'smart_virtual', 'syslog_address': None, 'full_logfile_path': '/Users/didiergilbin/Desktop/Homebrew_CSI/logs/2025-11-03-23-26-07-mpf-mac.home.log'}
2025-11-03 23:26:07,514 : INFO : Machine : MPF path: /Users/didiergilbin/mpfenv/lib/python3.13/site-packages/mpf
2025-11-03 23:26:07,514 : INFO : Machine : Machine path: /Users/didiergilbin/Desktop/Homebrew_CSI
2025-11-03 23:26:07,514 : INFO : Machine : Platform: darwin
2025-11-03 23:26:07,514 : INFO : Machine : Python executable location: /Users/didiergilbin/mpfenv/bin/python3.13
2025-11-03 23:26:07,514 : INFO : Machine : Python version: 3.13.7 (64-bit)
2025-11-03 23:26:07,514 : INFO : Machine : Initializing MPF...
2025-11-03 23:26:07,526 : INFO : EventManager : Event: ======'machine_var_credits_string'====== Args={'value': 'FREE PLAY', 'prev_value': None, 'change': True}
2025-11-03 23:26:07,529 : INFO : EventManager : Event: ======'machine_var_master_volume'====== Args={'value': 0.5, 'prev_value': None, 'change': True}
2025-11-03 23:26:07,529 : INFO : EventManager : Event: ======'machine_var_player1_score'====== Args={'value': 0, 'prev_value': None, 'change': True}
2025-11-03 23:26:07,529 : INFO : EventManager : Event: ======'machine_var_mpf_version'====== Args={'value': 'Mission Pinball Framework v0.80.0.dev10', 'prev_value': None, 'change': True}
2025-11-03 23:26:07,529 : INFO : EventManager : Event: ======'machine_var_mpf_extended_version'====== Args={'value': 'Mission Pinball Framework v0.80.0.dev10, Config version:6, Show version: 6, BCP version:1.1', 'prev_value': None, 'change': True}
2025-11-03 23:26:07,529 : INFO : EventManager : Event: ======'machine_var_python_version'====== Args={'value': '3.13.7', 'prev_value': None, 'change': True}
2025-11-03 23:26:07,534 : INFO : EventManager : Event: ======'machine_var_platform'====== Args={'value': 'macOS-15.6.1-arm64-arm-64bit-Mach-O', 'prev_value': None, 'change': True}
2025-11-03 23:26:07,534 : INFO : EventManager : Event: ======'machine_var_platform_system'====== Args={'value': 'Darwin', 'prev_value': None, 'change': True}
2025-11-03 23:26:07,534 : INFO : EventManager : Event: ======'machine_var_platform_release'====== Args={'value': '24.6.0', 'prev_value': None, 'change': True}
2025-11-03 23:26:07,534 : INFO : EventManager : Event: ======'machine_var_platform_version'====== Args={'value': 'Darwin Kernel Version 24.6.0: Mon Jul 14 11:30:40 PDT 2025; root:xnu-11417.140.69~1/RELEASE_ARM64_T8132', 'prev_value': None, 'change': True}
2025-11-03 23:26:07,534 : INFO : EventManager : Event: ======'machine_var_platform_machine'====== Args={'value': 'arm64', 'prev_value': None, 'change': True}
2025-11-03 23:26:07,534 : INFO : EventManager : Event: ======'machine_var_log_file_path'====== Args={'value': '/Users/didiergilbin/Desktop/Homebrew_CSI/logs/2025-11-03-23-26-07-mpf-mac.home.log', 'prev_value': None, 'change': True}
2025-11-03 23:26:07,535 : INFO : EventManager : Event: ======'init_phase_1'====== Args={}
2025-11-03 23:26:07,539 : INFO : EventManager : Event: ======'init_phase_2'====== Args={}
2025-11-03 23:26:07,539 : INFO : SwitchController : Found active switch: ('2', <Platform.SmartVirtual>) <switch.s_trough1>
2025-11-03 23:26:07,539 : INFO : SwitchController : Found active switch: ('3', <Platform.SmartVirtual>) <switch.s_trough2>
2025-11-03 23:26:07,539 : INFO : SwitchController : Found active switch: ('4', <Platform.SmartVirtual>) <switch.s_trough3>
2025-11-03 23:26:07,539 : INFO : SwitchController : Found active switch: ('5', <Platform.SmartVirtual>) <switch.s_trough4>
2025-11-03 23:26:07,540 : INFO : EventManager : Event: ======'bcp_connection_attempt'====== Args={'name': 'local_display', 'host': 'localhost', 'port': 5050}
2025-11-03 23:26:07,540 : INFO : BCPClientSocket : Connecting BCP to 'local_display' at localhost:5050...
2025-11-03 23:26:07,543 : INFO : BCPClientSocket : Connected BCP to 'local_display' localhost:5050
2025-11-03 23:26:07,543 : INFO : EventManager : Event: ======'bcp_clients_connected'====== Args={}
2025-11-03 23:26:07,543 : INFO : ball_device.bd_drain : BCH: Initial count: 0
2025-11-03 23:26:07,543 : INFO : ball_device.bd_drain : State: idle
2025-11-03 23:26:07,543 : INFO : ball_device.bd_trough : BCH: Initial count: 4
2025-11-03 23:26:07,543 : INFO : ball_device.bd_trough : State: idle
2025-11-03 23:26:07,544 : INFO : ball_device.bd_plunger : BCH: Initial count: 0
2025-11-03 23:26:07,544 : INFO : ball_device.bd_plunger : State: idle
2025-11-03 23:26:07,546 : INFO : EventManager : Event: ======'init_phase_3'====== Args={}
2025-11-03 23:26:07,547 : INFO : EventManager : Event: ======'init_phase_4'====== Args={}
2025-11-03 23:26:07,547 : INFO : BallController : Initial balls found: 4
2025-11-03 23:26:07,547 : INFO : EventManager : Event: ======'machine_var_audits_events_game_ended'====== Args={'value': 50, 'prev_value': None, 'change': True}
2025-11-03 23:26:07,547 : INFO : EventManager : Event: ======'machine_var_audits_events_game_started'====== Args={'value': 306, 'prev_value': None, 'change': True}
2025-11-03 23:26:07,547 : INFO : EventManager : Event: ======'machine_var_audits_missing_switches_s_drain'====== Args={'value': 8, 'prev_value': None, 'change': True}
2025-11-03 23:26:07,547 : INFO : EventManager : Event: ======'machine_var_audits_missing_switches_s_launch_button'====== Args={'value': 306, 'prev_value': None, 'change': True}
2025-11-03 23:26:07,547 : INFO : EventManager : Event: ======'machine_var_audits_missing_switches_s_left_flipper'====== Args={'value': 2, 'prev_value': None, 'change': True}
2025-11-03 23:26:07,547 : INFO : EventManager : Event: ======'machine_var_audits_missing_switches_s_popbumper1'====== Args={'value': 2, 'prev_value': None, 'change': True}
2025-11-03 23:26:07,547 : INFO : EventManager : Event: ======'machine_var_audits_missing_switches_s_popbumper2'====== Args={'value': 2, 'prev_value': None, 'change': True}
2025-11-03 23:26:07,547 : INFO : EventManager : Event: ======'machine_var_audits_missing_switches_s_popbumper3'====== Args={'value': 2, 'prev_value': None, 'change': True}
2025-11-03 23:26:07,547 : INFO : EventManager : Event: ======'machine_var_audits_missing_switches_s_right_flipper'====== Args={'value': 2, 'prev_value': None, 'change': True}
2025-11-03 23:26:07,547 : INFO : EventManager : Event: ======'machine_var_audits_missing_switches_s_sling_left'====== Args={'value': 306, 'prev_value': None, 'change': True}
2025-11-03 23:26:07,547 : INFO : EventManager : Event: ======'machine_var_audits_missing_switches_s_sling_right'====== Args={'value': 306, 'prev_value': None, 'change': True}
2025-11-03 23:26:07,547 : INFO : EventManager : Event: ======'machine_var_audits_missing_switches_s_start'====== Args={'value': 5, 'prev_value': None, 'change': True}
2025-11-03 23:26:07,547 : INFO : EventManager : Event: ======'machine_var_audits_missing_switches_s_trough1'====== Args={'value': 8, 'prev_value': None, 'change': True}
2025-11-03 23:26:07,547 : INFO : EventManager : Event: ======'machine_var_audits_missing_switches_s_trough2'====== Args={'value': 10, 'prev_value': None, 'change': True}
2025-11-03 23:26:07,547 : INFO : EventManager : Event: ======'machine_var_audits_missing_switches_s_trough3'====== Args={'value': 84, 'prev_value': None, 'change': True}
2025-11-03 23:26:07,547 : INFO : EventManager : Event: ======'machine_var_audits_missing_switches_s_trough4'====== Args={'value': 84, 'prev_value': None, 'change': True}
2025-11-03 23:26:07,547 : INFO : EventManager : Event: ======'machine_var_audits_missing_switches_s_trough_jam'====== Args={'value': 20, 'prev_value': None, 'change': True}
2025-11-03 23:26:07,547 : INFO : EventManager : Event: ======'machine_var_audits_player_score'====== Args={'value': {'average': 223095, 'top': [10210000, 1550000, 1070000, 1070000, 810000, 710000, 640000, 570000, 530000, 480000], 'total': 109}, 'prev_value': None, 'change': True}
2025-11-03 23:26:07,547 : INFO : EventManager : Event: ======'machine_var_audits_shots_bumper1'====== Args={'value': 3290, 'prev_value': None, 'change': True}
2025-11-03 23:26:07,547 : INFO : EventManager : Event: ======'machine_var_audits_shots_bumper2'====== Args={'value': 3241, 'prev_value': None, 'change': True}
2025-11-03 23:26:07,547 : INFO : EventManager : Event: ======'machine_var_audits_shots_bumper3'====== Args={'value': 2966, 'prev_value': None, 'change': True}
2025-11-03 23:26:07,547 : INFO : EventManager : Event: ======'machine_var_audits_switches_s_drain'====== Args={'value': 498, 'prev_value': None, 'change': True}
2025-11-03 23:26:07,547 : INFO : EventManager : Event: ======'machine_var_audits_switches_s_launch_button'====== Args={'value': 0, 'prev_value': None, 'change': True}
2025-11-03 23:26:07,547 : INFO : EventManager : Event: ======'machine_var_audits_switches_s_left_flipper'====== Args={'value': 52, 'prev_value': None, 'change': True}
2025-11-03 23:26:07,547 : INFO : EventManager : Event: ======'machine_var_audits_switches_s_plunger_lane'====== Args={'value': 658, 'prev_value': None, 'change': True}
2025-11-03 23:26:07,547 : INFO : EventManager : Event: ======'machine_var_audits_switches_s_popbumper1'====== Args={'value': 3334, 'prev_value': None, 'change': True}
2025-11-03 23:26:07,547 : INFO : EventManager : Event: ======'machine_var_audits_switches_s_popbumper2'====== Args={'value': 3282, 'prev_value': None, 'change': True}
2025-11-03 23:26:07,547 : INFO : EventManager : Event: ======'machine_var_audits_switches_s_popbumper3'====== Args={'value': 3008, 'prev_value': None, 'change': True}
2025-11-03 23:26:07,547 : INFO : EventManager : Event: ======'machine_var_audits_switches_s_right_flipper'====== Args={'value': 84, 'prev_value': None, 'change': True}
2025-11-03 23:26:07,547 : INFO : EventManager : Event: ======'machine_var_audits_switches_s_scoop'====== Args={'value': 161, 'prev_value': None, 'change': True}
2025-11-03 23:26:07,547 : INFO : EventManager : Event: ======'machine_var_audits_switches_s_sling_left'====== Args={'value': 0, 'prev_value': None, 'change': True}
2025-11-03 23:26:07,547 : INFO : EventManager : Event: ======'machine_var_audits_switches_s_sling_right'====== Args={'value': 0, 'prev_value': None, 'change': True}
2025-11-03 23:26:07,547 : INFO : EventManager : Event: ======'machine_var_audits_switches_s_start'====== Args={'value': 614, 'prev_value': None, 'change': True}
2025-11-03 23:26:07,547 : INFO : EventManager : Event: ======'machine_var_audits_switches_s_trough1'====== Args={'value': 350, 'prev_value': None, 'change': True}
2025-11-03 23:26:07,547 : INFO : EventManager : Event: ======'machine_var_audits_switches_s_trough2'====== Args={'value': 14, 'prev_value': None, 'change': True}
2025-11-03 23:26:07,547 : INFO : EventManager : Event: ======'machine_var_audits_switches_s_trough3'====== Args={'value': 1, 'prev_value': None, 'change': True}
2025-11-03 23:26:07,547 : INFO : EventManager : Event: ======'machine_var_audits_switches_s_trough4'====== Args={'value': 1, 'prev_value': None, 'change': True}
2025-11-03 23:26:07,547 : INFO : EventManager : Event: ======'machine_var_audits_switches_s_trough_jam'====== Args={'value': 8, 'prev_value': None, 'change': True}
2025-11-03 23:26:07,548 : INFO : EventManager : Event: ======'init_phase_5'====== Args={}
2025-11-03 23:26:07,548 : INFO : EventManager : Event: ======'init_done'====== Args={}
2025-11-03 23:26:07,548 : INFO : EventManager : Event: ======'machine_reset_phase_1'====== Args={}
2025-11-03 23:26:07,559 : INFO : EventManager : Event: ======'machine_reset_phase_2'====== Args={}
2025-11-03 23:26:07,559 : INFO : EventManager : Event: ======'machine_reset_phase_3'====== Args={}
2025-11-03 23:26:07,560 : INFO : EventManager : Event: ======'reset_complete'====== Args={}
2025-11-03 23:26:07,560 : INFO : EventManager : Event: ======'mode_attract_will_start'====== Args={}
2025-11-03 23:26:07,560 : INFO : Timer.attract_carousel_timer : Starting Timer.
2025-11-03 23:26:07,560 : INFO : EventManager : Event: ======'timer_attract_carousel_timer_started'====== Args={'ticks': 0, 'ticks_remaining': 1}
2025-11-03 23:26:07,560 : INFO : EventManager : Event: ======'timer_attract_carousel_timer_tick'====== Args={'ticks': 0, 'ticks_remaining': 1}
2025-11-03 23:26:07,560 : INFO : EventManager : Event: ======'mode_attract_starting'====== Args={}
2025-11-03 23:26:07,560 : INFO : Mode.attract : Started. Priority: 10
2025-11-03 23:26:07,560 : INFO : EventManager : Event: ======'modes_active_modes_changed'====== Args={}
2025-11-03 23:26:07,560 : INFO : EventManager : Event: ======'mode_attract_started'====== Args={}
2025-11-03 23:26:07,560 : INFO : EventManager : Event: ======'collecting_balls_complete'====== Args={}
2025-11-03 23:26:07,560 : INFO : EventManager : Event: ======'carousel_item_highlighted'====== Args={'carousel': 'attract', 'direction': None, 'item': 'title'}
2025-11-03 23:26:07,561 : INFO : Machine : Starting the main run loop with active modes: [<Mode.attract>]
2025-11-03 23:26:07,935 : INFO : EventManager : Event: ======'slide_attract_created'====== Args={'_from_bcp': True}
2025-11-03 23:26:07,936 : INFO : EventManager : Event: ======'slide__removed'====== Args={'_from_bcp': True}
2025-11-03 23:26:07,936 : INFO : EventManager : Event: ======'slide_attract_active'====== Args={'original_context': 'attract', 'original_calling_context': 'mode_attract_started', 'priority': 10.0, 'cmd': 'slides_play', '_from_bcp': True}
2025-11-03 23:26:10,692 : INFO : SwitchController : <<<<<<< 's_start' active >>>>>>>
2025-11-03 23:26:10,792 : INFO : SwitchController : <<<<<<< 's_start' inactive >>>>>>>
2025-11-03 23:26:10,792 : INFO : EventManager : Event: ======'request_to_start_game'====== Args={}
2025-11-03 23:26:10,793 : INFO : EventManager : Event: ======'game_start'====== Args={'buttons': [], 'hold_time': 0.09997816703980789}
2025-11-03 23:26:10,793 : INFO : EventManager : Event: ======'mode_game_will_start'====== Args={'buttons': [], 'hold_time': 0.09997816703980789}
2025-11-03 23:26:10,794 : INFO : EventManager : Event: ======'mode_game_starting'====== Args={'buttons': [], 'hold_time': 0.09997816703980789}
2025-11-03 23:26:10,794 : INFO : EventManager : Event: ======'mode_attract_will_stop'====== Args={}
2025-11-03 23:26:10,794 : INFO : EventManager : Event: ======'mode_attract_stopping'====== Args={}
2025-11-03 23:26:10,794 : INFO : Mode.attract : Stopped.
2025-11-03 23:26:10,794 : INFO : EventManager : Event: ======'modes_active_modes_changed'====== Args={}
2025-11-03 23:26:10,795 : INFO : EventManager : Event: ======'mode_attract_stopped'====== Args={}
2025-11-03 23:26:10,795 : INFO : EventManager : Event: ======'clear'====== Args={'key': 'attract'}
2025-11-03 23:26:10,795 : INFO : Timer.attract_carousel_timer : Stopping Timer
2025-11-03 23:26:10,795 : INFO : EventManager : Event: ======'timer_attract_carousel_timer_stopped'====== Args={'ticks': 0, 'ticks_remaining': 1}
2025-11-03 23:26:10,795 : INFO : Mode.game : Started. Priority: 20
2025-11-03 23:26:10,795 : INFO : EventManager : Event: ======'modes_active_modes_changed'====== Args={}
2025-11-03 23:26:10,795 : INFO : EventManager : Event: ======'mode_game_started'====== Args={'buttons': [], 'hold_time': 0.09997816703980789}
2025-11-03 23:26:10,796 : INFO : EventManager : Event: ======'game_will_start'====== Args={}
2025-11-03 23:26:10,796 : INFO : EventManager : Event: ======'game_starting'====== Args={'game': <Mode.game>}
2025-11-03 23:26:10,798 : INFO : EventManager : Unordered handler for class <Auditor> on event game_ended with priority 1. Handlers: [RegisteredHandler(callback=<bound method Auditor.disable of <Auditor>>, priority=1, kwargs={}, key=UUID('2471f389-038c-4984-a464-738fc52bb154'), condition=None, blocking_facility=None), RegisteredHandler(callback=<bound method Auditor._save_audits of <Auditor>>, priority=1, kwargs={}, key=UUID('5740f5e8-4b88-4449-b827-2e322d58492c'), condition=None, blocking_facility=None)]. The order of those handlers is not defined and they will be executed in random order. This might lead to race conditions and potential bugs.
2025-11-03 23:26:10,798 : INFO : EventManager : Event: ======'player_add_request'====== Args={}
2025-11-03 23:26:10,798 : INFO : EventManager : Event: ======'player_will_add'====== Args={'number': 1}
2025-11-03 23:26:10,799 : INFO : EventManager : Event: ======'player_adding'====== Args={'player': <Player 1>, 'number': 1}
2025-11-03 23:26:10,799 : INFO : EventManager : Event: ======'player_added'====== Args={'player': <Player 1>, 'num': 1}
2025-11-03 23:26:10,799 : INFO : Mode.game : Player added successfully. Total players: 1
2025-11-03 23:26:10,799 : INFO : EventManager : Event: ======'player_index'====== Args={'value': 0, 'prev_value': 0, 'change': 0, 'player_num': 1}
2025-11-03 23:26:10,799 : INFO : EventManager : Event: ======'player_number'====== Args={'value': 1, 'prev_value': 1, 'change': 0, 'player_num': 1}
2025-11-03 23:26:10,800 : INFO : EventManager : Event: ======'player_score'====== Args={'value': 0, 'prev_value': 0, 'change': 0, 'player_num': 1}
2025-11-03 23:26:10,800 : INFO : EventManager : Event: ======'game_started'====== Args={}
2025-11-03 23:26:10,800 : INFO : EventManager : Event: ======'player_turn_will_start'====== Args={'player': <Player 1>, 'number': 1}
2025-11-03 23:26:10,801 : INFO : EventManager : Event: ======'player_turn_starting'====== Args={'player': <Player 1>, 'number': 1}
2025-11-03 23:26:10,801 : INFO : EventManager : Event: ======'player_ball'====== Args={'value': 1, 'prev_value': 0, 'change': 1, 'player_num': 1}
2025-11-03 23:26:10,807 : INFO : EventManager : Event: ======'player_turn_started'====== Args={'player': <Player 1>, 'number': 1}
2025-11-03 23:26:10,808 : INFO : EventManager : Event: ======'ball_will_start'====== Args={'player': 1, 'ball': 1, 'balls_remaining': 2, 'is_extra_ball': False}
2025-11-03 23:26:10,808 : INFO : EventManager : Event: ======'ball_starting'====== Args={'player': 1, 'ball': 1, 'balls_remaining': 2, 'is_extra_ball': False}
2025-11-03 23:26:10,809 : INFO : EventManager : Event: ======'mode_base_will_start'====== Args={'queue': <QueuedEvent>, 'player': 1, 'ball': 1, 'balls_remaining': 2, 'is_extra_ball': False}
2025-11-03 23:26:10,809 : INFO : EventManager : Event: ======'player_base_player_added_timer_tick'====== Args={'value': 0, 'prev_value': 0, 'change': 0, 'player_num': 1}
2025-11-03 23:26:10,810 : INFO : Timer.player_added_timer : Starting Timer.
2025-11-03 23:26:10,810 : INFO : EventManager : Event: ======'timer_player_added_timer_started'====== Args={'ticks': 0, 'ticks_remaining': 1}
2025-11-03 23:26:10,810 : INFO : EventManager : Event: ======'timer_player_added_timer_tick'====== Args={'ticks': 0, 'ticks_remaining': 1}
2025-11-03 23:26:10,811 : INFO : EventManager : Event: ======'mode_base_starting'====== Args={'queue': <QueuedEvent>, 'player': 1, 'ball': 1, 'balls_remaining': 2, 'is_extra_ball': False}
2025-11-03 23:26:10,811 : INFO : Mode.base : Started. Priority: 100
2025-11-03 23:26:10,811 : INFO : EventManager : Event: ======'modes_active_modes_changed'====== Args={}
2025-11-03 23:26:10,811 : INFO : EventManager : Event: ======'mode_base_started'====== Args={'queue': <QueuedEvent>, 'player': 1, 'ball': 1, 'balls_remaining': 2, 'is_extra_ball': False}
2025-11-03 23:26:10,811 : INFO : EventManager : Event: ======'start_mode_bumpers'====== Args={'priority': 0}
2025-11-03 23:26:10,812 : INFO : EventManager : Event: ======'mode_bumpers_will_start'====== Args={'priority': 0}
2025-11-03 23:26:10,812 : INFO : EventManager : Event: ======'player_shot_bumper1_enabled'====== Args={'value': True, 'prev_value': 0, 'change': 1, 'player_num': 1}
2025-11-03 23:26:10,812 : INFO : EventManager : Event: ======'player_shot_bumper2_enabled'====== Args={'value': True, 'prev_value': 0, 'change': 1, 'player_num': 1}
2025-11-03 23:26:10,813 : INFO : EventManager : Event: ======'player_shot_bumper3_enabled'====== Args={'value': True, 'prev_value': 0, 'change': 1, 'player_num': 1}
2025-11-03 23:26:10,813 : INFO : EventManager : Event: ======'bumpers_complete'====== Args={'state': 'unlit'}
2025-11-03 23:26:10,813 : INFO : EventManager : Event: ======'bumpers_unlit_complete'====== Args={}
2025-11-03 23:26:10,814 : INFO : EventManager : Event: ======'mode_bumpers_starting'====== Args={'priority': 0}
2025-11-03 23:26:10,814 : INFO : Mode.bumpers : Started. Priority: 200
2025-11-03 23:26:10,814 : INFO : EventManager : Event: ======'modes_active_modes_changed'====== Args={}
2025-11-03 23:26:10,814 : INFO : EventManager : Event: ======'mode_bumpers_started'====== Args={'priority': 0}
2025-11-03 23:26:10,814 : INFO : EventManager : Event: ======'balls_in_play'====== Args={'balls': 1}
2025-11-03 23:26:10,814 : INFO : EventManager : Event: ======'ball_started'====== Args={'player': 1, 'ball': 1, 'balls_remaining': 2, 'is_extra_ball': False}
2025-11-03 23:26:10,815 : INFO : EventManager : Event: ======'single_player_ball_started'====== Args={}
2025-11-03 23:26:10,815 : INFO : EventManager : Event: ======'ball_start_target'====== Args={'target': 'playfield'}
2025-11-03 23:26:10,815 : INFO : ball_device.bd_trough : Setting up player-controlled eject. Balls: 1, Target: <playfield.playfield>, player_controlled_eject_event: None
2025-11-03 23:26:10,815 : INFO : ball_device.bd_trough : Adding 1 ball(s) to the eject_queue with target <playfield.playfield>.
2025-11-03 23:26:10,815 : INFO : EventManager : Event: ======'balldevice_balls_available'====== Args={}
2025-11-03 23:26:10,816 : INFO : ball_device.bd_trough : State: waiting_for_target_ready
2025-11-03 23:26:10,816 : INFO : EventManager : Event: ======'balldevice_bd_trough_ball_eject_attempt'====== Args={'balls': 1, 'target': <ball_device.bd_plunger>, 'source': <ball_device.bd_trough>, 'mechanical_eject': False, 'num_attempts': 0}
2025-11-03 23:26:10,816 : INFO : ball_device.bd_plunger : State: waiting_for_ball
2025-11-03 23:26:10,816 : INFO : ball_device.bd_trough : State: ejecting
2025-11-03 23:26:10,816 : INFO : ball_device.bd_trough : Ejecting ball to <ball_device.bd_plunger>
2025-11-03 23:26:10,817 : INFO : EventManager : Event: ======'balldevice_bd_trough_ejecting_ball'====== Args={'balls': 1, 'target': <ball_device.bd_plunger>, 'source': <ball_device.bd_trough>, 'mechanical_eject': False, 'num_attempts': 0}
2025-11-03 23:26:10,817 : INFO : ball_device.bd_trough : Wait for ball to leave device
2025-11-03 23:26:10,817 : INFO : coil.c_trough_eject : Pulsing Driver for 20ms (1.0 pulse_power)
2025-11-03 23:26:10,817 : INFO : SwitchController : <<<<<<< 's_trough1' inactive >>>>>>>
2025-11-03 23:26:10,818 : INFO : ball_device.bd_trough : State: ball_left
2025-11-03 23:26:10,818 : INFO : ball_device.bd_trough : Ball left
2025-11-03 23:26:10,818 : INFO : ball_device.bd_trough : Wait for confirm with timeout 3.0
2025-11-03 23:26:10,919 : INFO : SwitchController : <<<<<<< 's_plunger_lane' active >>>>>>>
2025-11-03 23:26:10,919 : INFO : EventManager : Event: ======'machine_var_audits_switches_s_plunger_lane'====== Args={'value': 659, 'prev_value': 658, 'change': 1}
2025-11-03 23:26:10,996 : INFO : EventManager : Event: ======'slide_base_slide_created'====== Args={'_from_bcp': True}
2025-11-03 23:26:10,997 : INFO : EventManager : Event: ======'slide_attract_inactive'====== Args={'is_removing': True, '_from_bcp': True}
2025-11-03 23:26:10,997 : INFO : EventManager : Event: ======'slide_base_slide_active'====== Args={'original_context': 'base', 'original_calling_context': 'mode_base_started', 'priority': 100.0, 'queue': '<QueuedEvent>', 'player': 1.0, 'ball': 1.0, 'balls_remaining': 2.0, 'is_extra_ball': False, 'cmd': 'slides_play', '_from_bcp': True}
2025-11-03 23:26:10,998 : INFO : EventManager : Event: ======'slide_attract_removed'====== Args={'_from_bcp': True}
2025-11-03 23:26:11,420 : INFO : ball_device.bd_plunger : Received ball from <ball_device.bd_trough>
2025-11-03 23:26:11,420 : INFO : EventManager : Event: ======'balldevice_bd_plunger_ball_enter'====== Args={'new_balls': 1, 'unclaimed_balls': 0, 'new_available_balls': 0, 'device': <ball_device.bd_plunger>}
2025-11-03 23:26:11,421 : INFO : EventManager : Event: ======'balldevice_bd_plunger_ball_entered'====== Args={'new_balls': 0, 'device': <ball_device.bd_plunger>}
2025-11-03 23:26:11,421 : INFO : EventManager : Event: ======'balldevice_bd_plunger_ball_count_changed'====== Args={'balls': 1}
2025-11-03 23:26:11,421 : INFO : ball_device.bd_trough : Got eject confirm
2025-11-03 23:26:11,422 : INFO : ball_device.bd_trough : Eject successful
2025-11-03 23:26:11,422 : INFO : EventManager : Event: ======'balldevice_bd_trough_ball_eject_success'====== Args={'balls': 1, 'target': <ball_device.bd_plunger>}
2025-11-03 23:26:11,422 : INFO : ball_device.bd_plunger : State: waiting_for_target_ready
2025-11-03 23:26:11,422 : INFO : EventManager : Event: ======'balldevice_bd_plunger_ball_eject_attempt'====== Args={'balls': 1, 'target': <playfield.playfield>, 'source': <ball_device.bd_plunger>, 'mechanical_eject': False, 'num_attempts': 0}
2025-11-03 23:26:11,423 : INFO : EventManager : Event: ======'balldevice_bd_trough_ball_count_changed'====== Args={'balls': 3}
2025-11-03 23:26:11,423 : INFO : ball_device.bd_trough : State: idle
2025-11-03 23:26:11,423 : INFO : ball_device.bd_plunger : State: ejecting
2025-11-03 23:26:11,424 : INFO : ball_device.bd_plunger : Ejecting ball to <playfield.playfield>
2025-11-03 23:26:11,424 : INFO : EventManager : Event: ======'balldevice_bd_plunger_ejecting_ball'====== Args={'balls': 1, 'target': <playfield.playfield>, 'source': <ball_device.bd_plunger>, 'mechanical_eject': False, 'num_attempts': 0}
2025-11-03 23:26:11,425 : INFO : ball_device.bd_plunger : Wait for ball to leave device
2025-11-03 23:26:11,426 : INFO : coil.c_plunger : Pulsing Driver for 20ms (1.0 pulse_power)
2025-11-03 23:26:11,426 : INFO : SwitchController : <<<<<<< 's_plunger_lane' inactive >>>>>>>
2025-11-03 23:26:11,427 : INFO : ball_device.bd_plunger : State: ball_left
2025-11-03 23:26:11,427 : INFO : ball_device.bd_plunger : Ball left
2025-11-03 23:26:11,427 : INFO : ball_device.bd_plunger : Wait for confirm with timeout 3.0
2025-11-03 23:26:11,511 : INFO : EventManager : Event: ======'player_base_player_added_timer_tick'====== Args={'value': 1, 'prev_value': 0, 'change': 1, 'player_num': 1}
2025-11-03 23:26:11,511 : INFO : Timer.player_added_timer : Timer Complete
2025-11-03 23:26:11,511 : INFO : Timer.player_added_timer : Stopping Timer
2025-11-03 23:26:11,511 : INFO : EventManager : Event: ======'timer_player_added_timer_stopped'====== Args={'ticks': 1, 'ticks_remaining': 1}
2025-11-03 23:26:11,512 : INFO : EventManager : Event: ======'timer_player_added_timer_complete'====== Args={'ticks': 1, 'ticks_remaining': 1}
2025-11-03 23:26:14,429 : INFO : ball_device.bd_plunger : State: failed_confirm
2025-11-03 23:26:14,429 : INFO : ball_device.bd_plunger : Got timeout (3.0s) before confirm from <playfield.playfield>
2025-11-03 23:26:14,530 : INFO : ball_device.bd_plunger : Confirming eject because target is playfield and ball did not return.
2025-11-03 23:26:14,531 : INFO : ball_device.bd_plunger : Eject successful
2025-11-03 23:26:14,531 : INFO : EventManager : Event: ======'balldevice_bd_plunger_ball_eject_success'====== Args={'balls': 1, 'target': <playfield.playfield>}
2025-11-03 23:26:14,531 : INFO : EventManager : Event: ======'balldevice_playfield_ball_enter'====== Args={'new_balls': 1, 'unclaimed_balls': 1, 'device': <playfield.playfield>}
2025-11-03 23:26:14,531 : INFO : EventManager : Event: ======'playfield_ball_count_change'====== Args={'balls': 1, 'change': 1}
2025-11-03 23:26:14,531 : INFO : EventManager : Event: ======'balldevice_bd_plunger_ball_count_changed'====== Args={'balls': 0}
2025-11-03 23:26:14,531 : INFO : ball_device.bd_plunger : State: idle
2025-11-03 23:26:16,709 : INFO : SwitchController : <<<<<<< 's_scoop' active >>>>>>>
2025-11-03 23:26:16,709 : INFO : EventManager : Event: ======'s_scoop_active'====== Args={}
2025-11-03 23:26:16,709 : INFO : EventManager : Event: ======'machine_var_audits_switches_s_scoop'====== Args={'value': 162, 'prev_value': 161, 'change': 1}
2025-11-03 23:26:16,710 : INFO : EventManager : Event: ======'start_mode_select_mission'====== Args={'priority': 0}
2025-11-03 23:26:16,842 : INFO : SwitchController : <<<<<<< 's_scoop' inactive >>>>>>>
2025-11-03 23:26:18,692 : INFO : SwitchController : <<<<<<< 's_scoop' active >>>>>>>
2025-11-03 23:26:18,692 : INFO : EventManager : Event: ======'s_scoop_active'====== Args={}
2025-11-03 23:26:18,693 : INFO : EventManager : Event: ======'machine_var_audits_switches_s_scoop'====== Args={'value': 163, 'prev_value': 162, 'change': 1}
2025-11-03 23:26:18,694 : INFO : EventManager : Event: ======'start_mode_select_mission'====== Args={'priority': 0}
2025-11-03 23:26:19,025 : INFO : SwitchController : <<<<<<< 's_scoop' inactive >>>>>>>
2025-11-03 23:26:20,825 : INFO : SwitchController : <<<<<<< 's_scoop' active >>>>>>>
2025-11-03 23:26:20,826 : INFO : EventManager : Event: ======'s_scoop_active'====== Args={}
2025-11-03 23:26:20,826 : INFO : EventManager : Event: ======'machine_var_audits_switches_s_scoop'====== Args={'value': 164, 'prev_value': 163, 'change': 1}
2025-11-03 23:26:20,827 : INFO : EventManager : Event: ======'start_mode_select_mission'====== Args={'priority': 0}
2025-11-03 23:26:20,941 : INFO : SwitchController : <<<<<<< 's_scoop' inactive >>>>>>>
2025-11-03 23:26:22,075 : INFO : SwitchController : <<<<<<< 's_scoop' active >>>>>>>
2025-11-03 23:26:22,075 : INFO : EventManager : Event: ======'s_scoop_active'====== Args={}
2025-11-03 23:26:22,075 : INFO : EventManager : Event: ======'machine_var_audits_switches_s_scoop'====== Args={'value': 165, 'prev_value': 164, 'change': 1}
2025-11-03 23:26:22,076 : INFO : EventManager : Event: ======'start_mode_select_mission'====== Args={'priority': 0}
2025-11-03 23:26:22,241 : INFO : SwitchController : <<<<<<< 's_scoop' inactive >>>>>>>
2025-11-03 23:26:23,091 : INFO : SwitchController : <<<<<<< 's_scoop' active >>>>>>>
2025-11-03 23:26:23,091 : INFO : EventManager : Event: ======'s_scoop_active'====== Args={}
2025-11-03 23:26:23,092 : INFO : EventManager : Event: ======'machine_var_audits_switches_s_scoop'====== Args={'value': 166, 'prev_value': 165, 'change': 1}
2025-11-03 23:26:23,093 : INFO : EventManager : Event: ======'start_mode_select_mission'====== Args={'priority': 0}
2025-11-03 23:26:23,275 : INFO : SwitchController : <<<<<<< 's_scoop' inactive >>>>>>>
2025-11-03 23:26:24,327 : INFO : SwitchController : <<<<<<< 's_scoop' active >>>>>>>
2025-11-03 23:26:24,327 : INFO : EventManager : Event: ======'s_scoop_active'====== Args={}
2025-11-03 23:26:24,327 : INFO : EventManager : Event: ======'machine_var_audits_switches_s_scoop'====== Args={'value': 167, 'prev_value': 166, 'change': 1}
2025-11-03 23:26:24,328 : INFO : EventManager : Event: ======'start_mode_select_mission'====== Args={'priority': 0}
2025-11-03 23:26:24,442 : INFO : SwitchController : <<<<<<< 's_scoop' inactive >>>>>>>
2025-11-03 23:26:25,542 : INFO : SwitchController : <<<<<<< 's_scoop' active >>>>>>>
2025-11-03 23:26:25,542 : INFO : EventManager : Event: ======'s_scoop_active'====== Args={}
2025-11-03 23:26:25,542 : INFO : EventManager : Event: ======'machine_var_audits_switches_s_scoop'====== Args={'value': 168, 'prev_value': 167, 'change': 1}
2025-11-03 23:26:25,543 : INFO : EventManager : Event: ======'start_mode_select_mission'====== Args={'priority': 0}
2025-11-03 23:26:25,708 : INFO : SwitchController : <<<<<<< 's_scoop' inactive >>>>>>>
2025-11-03 23:26:26,108 : INFO : SwitchController : <<<<<<< 's_scoop' active >>>>>>>
2025-11-03 23:26:26,108 : INFO : EventManager : Event: ======'s_scoop_active'====== Args={}
2025-11-03 23:26:26,108 : INFO : EventManager : Event: ======'machine_var_audits_switches_s_scoop'====== Args={'value': 169, 'prev_value': 168, 'change': 1}
2025-11-03 23:26:26,109 : INFO : EventManager : Event: ======'start_mode_select_mission'====== Args={'priority': 0}
2025-11-03 23:26:26,258 : INFO : SwitchController : <<<<<<< 's_scoop' inactive >>>>>>>
2025-11-03 23:26:26,575 : INFO : SwitchController : <<<<<<< 's_scoop' active >>>>>>>
2025-11-03 23:26:26,575 : INFO : EventManager : Event: ======'s_scoop_active'====== Args={}
2025-11-03 23:26:26,575 : INFO : EventManager : Event: ======'machine_var_audits_switches_s_scoop'====== Args={'value': 170, 'prev_value': 169, 'change': 1}
2025-11-03 23:26:26,576 : INFO : EventManager : Event: ======'start_mode_select_mission'====== Args={'priority': 0}
2025-11-03 23:26:26,725 : INFO : SwitchController : <<<<<<< 's_scoop' inactive >>>>>>>
2025-11-03 23:26:28,992 : INFO : SwitchController : <<<<<<< 's_right_flipper' active >>>>>>>
2025-11-03 23:26:28,992 : INFO : EventManager : Event: ======'machine_var_audits_switches_s_right_flipper'====== Args={'value': 85, 'prev_value': 84, 'change': 1}
2025-11-03 23:26:29,125 : INFO : SwitchController : <<<<<<< 's_right_flipper' inactive >>>>>>>
2025-11-03 23:26:29,758 : INFO : SwitchController : <<<<<<< 's_left_flipper' active >>>>>>>
2025-11-03 23:26:29,758 : INFO : EventManager : Event: ======'machine_var_audits_switches_s_left_flipper'====== Args={'value': 53, 'prev_value': 52, 'change': 1}
2025-11-03 23:26:29,891 : INFO : SwitchController : <<<<<<< 's_left_flipper' inactive >>>>>>>
2025-11-03 23:26:31,958 : INFO : SwitchController : <<<<<<< 's_left_flipper' active >>>>>>>
2025-11-03 23:26:31,958 : INFO : EventManager : Event: ======'machine_var_audits_switches_s_left_flipper'====== Args={'value': 54, 'prev_value': 53, 'change': 1}
2025-11-03 23:26:32,142 : INFO : SwitchController : <<<<<<< 's_left_flipper' inactive >>>>>>>
2025-11-03 23:26:33,941 : INFO : SwitchController : <<<<<<< 's_right_flipper' active >>>>>>>
2025-11-03 23:26:33,942 : INFO : EventManager : Event: ======'machine_var_audits_switches_s_right_flipper'====== Args={'value': 86, 'prev_value': 85, 'change': 1}
2025-11-03 23:26:34,125 : INFO : SwitchController : <<<<<<< 's_right_flipper' inactive >>>>>>>
2025-11-03 23:26:36,308 : INFO : SwitchController : <<<<<<< 's_start' active >>>>>>>
2025-11-03 23:26:36,309 : INFO : EventManager : Event: ======'sw_start'====== Args={}
2025-11-03 23:26:36,309 : INFO : EventManager : Event: ======'machine_var_audits_switches_s_start'====== Args={'value': 615, 'prev_value': 614, 'change': 1}
2025-11-03 23:26:36,310 : INFO : EventManager : Event: ======'player_add_request'====== Args={}
2025-11-03 23:26:36,311 : INFO : EventManager : Event: ======'player_will_add'====== Args={'number': 2}
2025-11-03 23:26:36,311 : INFO : EventManager : Event: ======'player_adding'====== Args={'player': <Player 2>, 'number': 2}
2025-11-03 23:26:36,311 : INFO : EventManager : Event: ======'player_added'====== Args={'player': <Player 2>, 'num': 2}
2025-11-03 23:26:36,311 : INFO : Mode.game : Player added successfully. Total players: 2
2025-11-03 23:26:36,311 : INFO : EventManager : Event: ======'multiplayer_game'====== Args={}
2025-11-03 23:26:36,318 : INFO : EventManager : Event: ======'player_base_player_added_timer_tick'====== Args={'value': 0, 'prev_value': 1, 'change': -1, 'player_num': 1}
2025-11-03 23:26:36,319 : INFO : Timer.player_added_timer : Starting Timer.
2025-11-03 23:26:36,319 : INFO : EventManager : Event: ======'timer_player_added_timer_started'====== Args={'ticks': 0, 'ticks_remaining': 1}
2025-11-03 23:26:36,319 : INFO : EventManager : Event: ======'timer_player_added_timer_tick'====== Args={'ticks': 0, 'ticks_remaining': 1}
2025-11-03 23:26:36,319 : INFO : EventManager : Event: ======'player_index'====== Args={'value': 1, 'prev_value': 1, 'change': 0, 'player_num': 2}
2025-11-03 23:26:36,319 : INFO : EventManager : Event: ======'player_number'====== Args={'value': 2, 'prev_value': 2, 'change': 0, 'player_num': 2}
2025-11-03 23:26:36,320 : INFO : EventManager : Event: ======'player_score'====== Args={'value': 0, 'prev_value': 0, 'change': 0, 'player_num': 2}
2025-11-03 23:26:36,350 : INFO : EventManager : Event: ======'widget_player_addded_widget_active'====== Args={'original_context': 'base', 'original_calling_context': 'player_added', 'priority': 100.0, 'player': '<Player 2>', 'num': 2.0, 'cmd': 'widgets_play', '_from_bcp': True}
2025-11-03 23:26:36,424 : INFO : SwitchController : <<<<<<< 's_start' inactive >>>>>>>
2025-11-03 23:26:37,020 : INFO : EventManager : Event: ======'player_base_player_added_timer_tick'====== Args={'value': 1, 'prev_value': 0, 'change': 1, 'player_num': 1}
2025-11-03 23:26:37,021 : INFO : Timer.player_added_timer : Timer Complete
2025-11-03 23:26:37,021 : INFO : Timer.player_added_timer : Stopping Timer
2025-11-03 23:26:37,021 : INFO : EventManager : Event: ======'timer_player_added_timer_stopped'====== Args={'ticks': 1, 'ticks_remaining': 1}
2025-11-03 23:26:37,021 : INFO : EventManager : Event: ======'timer_player_added_timer_complete'====== Args={'ticks': 1, 'ticks_remaining': 1}
2025-11-03 23:26:37,041 : INFO : EventManager : Event: ======'widget_player_addded_widget_removed'====== Args={'_from_bcp': True}
2025-11-03 23:26:38,058 : INFO : SwitchController : <<<<<<< 's_scoop' active >>>>>>>
2025-11-03 23:26:38,058 : INFO : EventManager : Event: ======'s_scoop_active'====== Args={}
2025-11-03 23:26:38,058 : INFO : EventManager : Event: ======'machine_var_audits_switches_s_scoop'====== Args={'value': 171, 'prev_value': 170, 'change': 1}
2025-11-03 23:26:38,059 : INFO : EventManager : Event: ======'start_mode_select_mission'====== Args={'priority': 0}
2025-11-03 23:26:38,158 : INFO : SwitchController : <<<<<<< 's_scoop' inactive >>>>>>>
2025-11-03 23:26:40,325 : INFO : SwitchController : <<<<<<< 's_scoop' active >>>>>>>
2025-11-03 23:26:40,325 : INFO : EventManager : Event: ======'s_scoop_active'====== Args={}
2025-11-03 23:26:40,325 : INFO : EventManager : Event: ======'machine_var_audits_switches_s_scoop'====== Args={'value': 172, 'prev_value': 171, 'change': 1}
2025-11-03 23:26:40,326 : INFO : EventManager : Event: ======'start_mode_select_mission'====== Args={'priority': 0}
2025-11-03 23:26:40,974 : INFO : SwitchController : <<<<<<< 's_scoop' inactive >>>>>>>
2025-11-03 23:31:14,353 : INFO : Machine : Shutting down...
2025-11-03 23:31:14,354 : INFO : EventManager : Event: ======'shutdown'====== Args={}
2025-11-03 23:31:14,354 : INFO : EventManager : Event: ======'mode_game_will_stop'====== Args={}
2025-11-03 23:31:14,354 : INFO : EventManager : Event: ======'mode_game_stopping'====== Args={}
2025-11-03 23:31:14,355 : INFO : EventManager : Event: ======'mode_base_will_stop'====== Args={}
2025-11-03 23:31:14,355 : INFO : EventManager : Event: ======'mode_base_stopping'====== Args={}
2025-11-03 23:31:14,355 : INFO : EventManager : Event: ======'mode_bumpers_will_stop'====== Args={}
2025-11-03 23:31:14,355 : INFO : EventManager : Event: ======'mode_bumpers_stopping'====== Args={}
2025-11-03 23:31:14,355 : INFO : EventManager : Event: ======'stop_mode_bumpers'====== Args={'priority': 0}
2025-11-03 23:31:14,356 : INFO : Mode.bumpers : Stopped.
2025-11-03 23:31:14,356 : INFO : EventManager : Event: ======'modes_active_modes_changed'====== Args={}
2025-11-03 23:31:14,356 : INFO : EventManager : Event: ======'mode_bumpers_stopped'====== Args={}
2025-11-03 23:31:14,356 : INFO : EventManager : Event: ======'clear'====== Args={'key': 'bumpers'}
2025-11-03 23:31:14,357 : INFO : Mode.base : Stopped.
2025-11-03 23:31:14,357 : INFO : EventManager : Event: ======'modes_active_modes_changed'====== Args={}
2025-11-03 23:31:14,357 : INFO : EventManager : Event: ======'mode_base_stopped'====== Args={}
2025-11-03 23:31:14,357 : INFO : EventManager : Event: ======'clear'====== Args={'key': 'base'}
2025-11-03 23:31:14,357 : INFO : Timer.player_added_timer : Stopping Timer
2025-11-03 23:31:14,357 : INFO : EventManager : Event: ======'timer_player_added_timer_stopped'====== Args={'ticks': 1, 'ticks_remaining': 1}
2025-11-03 23:31:14,358 : INFO : Mode.game : Stopped.
2025-11-03 23:31:14,358 : INFO : EventManager : Event: ======'modes_active_modes_changed'====== Args={}
2025-11-03 23:31:14,358 : INFO : EventManager : Event: ======'mode_game_stopped'====== Args={}
2025-11-03 23:31:14,358 : INFO : EventManager : Event: ======'clear'====== Args={'key': 'game'}
2025-11-03 23:31:14,360 : INFO : root : MPF run loop ended.
