2025-10-12 23:15:05,506 : INFO : root : Loading config.
2025-10-12 23:15:05,507 : INFO : YamlMultifileConfigLoader : Machine config file #1: config.yaml
2025-10-12 23:15:05,507 : INFO : ConfigProcessor : Loading config from cache: /var/folders/m3/0d4y64_n3fn8tnkv3ydlhztw0000gn/T/5ca32a6c950d03116abbed96ca44d372.mpf_cache
2025-10-12 23:15:05,519 : INFO : ConfigProcessor : Loading config from cache: /var/folders/m3/0d4y64_n3fn8tnkv3ydlhztw0000gn/T/01c495fa7450a81b4be96cb699872531.mpf_cache
2025-10-12 23:15:05,519 : INFO : ConfigProcessor : Loading config from cache: /var/folders/m3/0d4y64_n3fn8tnkv3ydlhztw0000gn/T/bfde29b5bb803376b0637bb8f0da27a7.mpf_cache
2025-10-12 23:15:05,519 : INFO : ConfigProcessor : Loading config from cache: /var/folders/m3/0d4y64_n3fn8tnkv3ydlhztw0000gn/T/01c495fa7450a81b4be96cb699872531.mpf_cache
2025-10-12 23:15:05,519 : INFO : ConfigProcessor : Loading config from cache: /var/folders/m3/0d4y64_n3fn8tnkv3ydlhztw0000gn/T/3ae89e09515ff8d8b11d68f672b2cc51.mpf_cache
2025-10-12 23:15:05,519 : INFO : Machine : Mission Pinball Framework Core Engine v0.80.0.dev10
2025-10-12 23:15:05,519 : INFO : Machine : Command line arguments: {'no_load_cache': False, 'create_config_cache': True, 'bcp': True, 'configfile': ['config.yaml'], 'force_assets_load': False, 'platform_integration_test': False, 'jsonlogging': False, 'logfile': 'logs/2025-10-12-23-15-05-mpf-mac.home.log', 'pause': False, 'production': False, 'text_ui': True, 'loglevel': 15, 'consoleloglevel': 20, 'force_platform': 'smart_virtual', 'syslog_address': None, 'full_logfile_path': '/Users/didiergilbin/Desktop/Homebrew_CSI/logs/2025-10-12-23-15-05-mpf-mac.home.log'}
2025-10-12 23:15:05,519 : INFO : Machine : MPF path: /Users/didiergilbin/mpfenv/lib/python3.13/site-packages/mpf
2025-10-12 23:15:05,519 : INFO : Machine : Machine path: /Users/didiergilbin/Desktop/Homebrew_CSI
2025-10-12 23:15:05,519 : INFO : Machine : Platform: darwin
2025-10-12 23:15:05,519 : INFO : Machine : Python executable location: /Users/didiergilbin/mpfenv/bin/python3.13
2025-10-12 23:15:05,519 : INFO : Machine : Python version: 3.13.7 (64-bit)
2025-10-12 23:15:05,519 : INFO : Machine : Initializing MPF...
2025-10-12 23:15:05,533 : INFO : EventManager : Event: ======'machine_var_credits_string'====== Args={'value': 'FREE PLAY', 'prev_value': None, 'change': True}
2025-10-12 23:15:05,536 : INFO : EventManager : Event: ======'machine_var_master_volume'====== Args={'value': 0.5, 'prev_value': None, 'change': True}
2025-10-12 23:15:05,536 : INFO : EventManager : Event: ======'machine_var_mpf_version'====== Args={'value': 'Mission Pinball Framework v0.80.0.dev10', 'prev_value': None, 'change': True}
2025-10-12 23:15:05,536 : INFO : EventManager : Event: ======'machine_var_mpf_extended_version'====== Args={'value': 'Mission Pinball Framework v0.80.0.dev10, Config version:6, Show version: 6, BCP version:1.1', 'prev_value': None, 'change': True}
2025-10-12 23:15:05,536 : INFO : EventManager : Event: ======'machine_var_python_version'====== Args={'value': '3.13.7', 'prev_value': None, 'change': True}
2025-10-12 23:15:05,541 : INFO : EventManager : Event: ======'machine_var_platform'====== Args={'value': 'macOS-15.6.1-arm64-arm-64bit-Mach-O', 'prev_value': None, 'change': True}
2025-10-12 23:15:05,541 : INFO : EventManager : Event: ======'machine_var_platform_system'====== Args={'value': 'Darwin', 'prev_value': None, 'change': True}
2025-10-12 23:15:05,541 : INFO : EventManager : Event: ======'machine_var_platform_release'====== Args={'value': '24.6.0', 'prev_value': None, 'change': True}
2025-10-12 23:15:05,541 : INFO : EventManager : Event: ======'machine_var_platform_version'====== Args={'value': 'Darwin Kernel Version 24.6.0: Mon Jul 14 11:30:40 PDT 2025; root:xnu-11417.140.69~1/RELEASE_ARM64_T8132', 'prev_value': None, 'change': True}
2025-10-12 23:15:05,541 : INFO : EventManager : Event: ======'machine_var_platform_machine'====== Args={'value': 'arm64', 'prev_value': None, 'change': True}
2025-10-12 23:15:05,541 : INFO : EventManager : Event: ======'machine_var_log_file_path'====== Args={'value': '/Users/didiergilbin/Desktop/Homebrew_CSI/logs/2025-10-12-23-15-05-mpf-mac.home.log', 'prev_value': None, 'change': True}
2025-10-12 23:15:05,541 : INFO : EventManager : Event: ======'init_phase_1'====== Args={}
2025-10-12 23:15:05,545 : INFO : EventManager : Event: ======'init_phase_2'====== Args={}
2025-10-12 23:15:05,545 : INFO : EventManager : Event: ======'bcp_connection_attempt'====== Args={'name': 'local_display', 'host': 'localhost', 'port': 5050}
2025-10-12 23:15:05,545 : INFO : BCPClientSocket : Connecting BCP to 'local_display' at localhost:5050...
2025-10-12 23:15:05,548 : INFO : BCPClientSocket : Connected BCP to 'local_display' localhost:5050
2025-10-12 23:15:05,548 : INFO : EventManager : Event: ======'bcp_clients_connected'====== Args={}
2025-10-12 23:15:05,549 : INFO : EventManager : Event: ======'init_phase_3'====== Args={}
2025-10-12 23:15:05,549 : INFO : EventManager : Event: ======'init_phase_4'====== Args={}
2025-10-12 23:15:05,550 : INFO : EventManager : Event: ======'machine_var_audits_switches_s_sling_right'====== Args={'value': 0, 'prev_value': None, 'change': True}
2025-10-12 23:15:05,550 : INFO : EventManager : Event: ======'machine_var_audits_switches_s_right_flipper'====== Args={'value': 0, 'prev_value': None, 'change': True}
2025-10-12 23:15:05,550 : INFO : EventManager : Event: ======'machine_var_audits_switches_s_left_flipper'====== Args={'value': 0, 'prev_value': None, 'change': True}
2025-10-12 23:15:05,550 : INFO : EventManager : Event: ======'machine_var_audits_switches_s_sling_left'====== Args={'value': 0, 'prev_value': None, 'change': True}
2025-10-12 23:15:05,550 : INFO : EventManager : Event: ======'machine_var_audits_events_game_started'====== Args={'value': 0, 'prev_value': None, 'change': True}
2025-10-12 23:15:05,550 : INFO : EventManager : Event: ======'machine_var_audits_events_game_ended'====== Args={'value': 0, 'prev_value': None, 'change': True}
2025-10-12 23:15:05,550 : INFO : EventManager : Event: ======'machine_var_audits_player_score'====== Args={'value': {'top': [], 'average': 0, 'total': 0}, 'prev_value': None, 'change': True}
2025-10-12 23:15:05,550 : INFO : EventManager : Event: ======'init_phase_5'====== Args={}
2025-10-12 23:15:05,550 : INFO : EventManager : Event: ======'init_done'====== Args={}
2025-10-12 23:15:05,550 : INFO : EventManager : Event: ======'machine_reset_phase_1'====== Args={}
2025-10-12 23:15:05,562 : INFO : EventManager : Event: ======'machine_reset_phase_2'====== Args={}
2025-10-12 23:15:05,562 : INFO : EventManager : Event: ======'machine_reset_phase_3'====== Args={}
2025-10-12 23:15:05,562 : INFO : EventManager : Event: ======'reset_complete'====== Args={}
2025-10-12 23:15:05,562 : INFO : EventManager : Event: ======'mode_attract_will_start'====== Args={}
2025-10-12 23:15:05,562 : INFO : EventManager : Event: ======'mode_attract_starting'====== Args={}
2025-10-12 23:15:05,562 : INFO : Mode.attract : Started. Priority: 10
2025-10-12 23:15:05,562 : INFO : EventManager : Event: ======'modes_active_modes_changed'====== Args={}
2025-10-12 23:15:05,562 : INFO : EventManager : Event: ======'mode_attract_started'====== Args={}
2025-10-12 23:15:05,563 : INFO : EventManager : Event: ======'collecting_balls_complete'====== Args={}
2025-10-12 23:15:05,563 : INFO : Machine : Starting the main run loop with active modes: [<Mode.attract>]
2025-10-12 23:15:05,635 : INFO : EventManager : Event: ======'slide_attract_created'====== Args={'_from_bcp': True}
2025-10-12 23:15:05,635 : INFO : EventManager : Event: ======'slide__removed'====== Args={'_from_bcp': True}
2025-10-12 23:15:05,636 : INFO : EventManager : Event: ======'slide_attract_active'====== Args={'original_context': 'attract', 'original_calling_context': 'mode_attract_started', 'priority': 10.0, 'cmd': 'slides_play', '_from_bcp': True}
2025-10-12 23:15:08,545 : INFO : SwitchController : <<<<<<< 's_right_flipper' active >>>>>>>
2025-10-12 23:15:08,694 : INFO : SwitchController : <<<<<<< 's_right_flipper' inactive >>>>>>>
2025-10-12 23:15:09,528 : INFO : SwitchController : <<<<<<< 's_right_flipper' active >>>>>>>
2025-10-12 23:15:09,728 : INFO : SwitchController : <<<<<<< 's_right_flipper' inactive >>>>>>>
2025-10-12 23:15:10,111 : INFO : SwitchController : <<<<<<< 's_left_flipper' active >>>>>>>
2025-10-12 23:15:10,278 : INFO : SwitchController : <<<<<<< 's_left_flipper' inactive >>>>>>>
2025-10-12 23:15:10,394 : INFO : SwitchController : <<<<<<< 's_right_flipper' active >>>>>>>
2025-10-12 23:15:10,461 : INFO : SwitchController : <<<<<<< 's_left_flipper' active >>>>>>>
2025-10-12 23:15:10,461 : INFO : EventManager : Event: ======'flipper_cancel'====== Args={'triggering_group': 1, 'triggering_switch': 's_left_flipper'}
2025-10-12 23:15:10,462 : INFO : SwitchController : <<<<<<< 's_right_flipper' inactive >>>>>>>
2025-10-12 23:15:10,462 : INFO : EventManager : Event: ======'both_flippers_one'====== Args={'triggering_group': 2, 'triggering_switch': 's_right_flipper'}
2025-10-12 23:15:10,594 : INFO : SwitchController : <<<<<<< 's_left_flipper' inactive >>>>>>>
2025-10-12 23:15:10,595 : INFO : EventManager : Event: ======'both_flippers_inactive'====== Args={'triggering_group': 1, 'triggering_switch': 's_left_flipper'}
2025-10-12 23:15:10,678 : INFO : SwitchController : <<<<<<< 's_right_flipper' active >>>>>>>
2025-10-12 23:15:10,794 : INFO : SwitchController : <<<<<<< 's_right_flipper' inactive >>>>>>>
2025-10-12 23:15:10,811 : INFO : SwitchController : <<<<<<< 's_left_flipper' active >>>>>>>
2025-10-12 23:15:10,944 : INFO : SwitchController : <<<<<<< 's_left_flipper' inactive >>>>>>>
2025-10-12 23:15:10,995 : INFO : SwitchController : <<<<<<< 's_right_flipper' active >>>>>>>
2025-10-12 23:15:11,110 : INFO : SwitchController : <<<<<<< 's_right_flipper' inactive >>>>>>>
2025-10-12 23:15:11,127 : INFO : SwitchController : <<<<<<< 's_left_flipper' active >>>>>>>
2025-10-12 23:15:11,277 : INFO : SwitchController : <<<<<<< 's_left_flipper' inactive >>>>>>>
2025-10-12 23:15:11,378 : INFO : SwitchController : <<<<<<< 's_right_flipper' active >>>>>>>
2025-10-12 23:15:11,444 : INFO : SwitchController : <<<<<<< 's_right_flipper' inactive >>>>>>>
2025-10-12 23:15:11,494 : INFO : SwitchController : <<<<<<< 's_left_flipper' active >>>>>>>
2025-10-12 23:15:11,628 : INFO : SwitchController : <<<<<<< 's_left_flipper' inactive >>>>>>>
2025-10-12 23:15:11,744 : INFO : SwitchController : <<<<<<< 's_right_flipper' active >>>>>>>
2025-10-12 23:15:11,761 : INFO : SwitchController : <<<<<<< 's_left_flipper' active >>>>>>>
2025-10-12 23:15:11,762 : INFO : EventManager : Event: ======'flipper_cancel'====== Args={'triggering_group': 1, 'triggering_switch': 's_left_flipper'}
2025-10-12 23:15:11,795 : INFO : SwitchController : <<<<<<< 's_right_flipper' inactive >>>>>>>
2025-10-12 23:15:11,796 : INFO : EventManager : Event: ======'both_flippers_one'====== Args={'triggering_group': 2, 'triggering_switch': 's_right_flipper'}
2025-10-12 23:15:11,944 : INFO : SwitchController : <<<<<<< 's_left_flipper' inactive >>>>>>>
2025-10-12 23:15:11,945 : INFO : EventManager : Event: ======'both_flippers_inactive'====== Args={'triggering_group': 1, 'triggering_switch': 's_left_flipper'}
2025-10-12 23:15:12,011 : INFO : SwitchController : <<<<<<< 's_right_flipper' active >>>>>>>
2025-10-12 23:15:12,128 : INFO : SwitchController : <<<<<<< 's_right_flipper' inactive >>>>>>>
2025-10-12 23:15:12,261 : INFO : SwitchController : <<<<<<< 's_left_flipper' active >>>>>>>
2025-10-12 23:15:12,411 : INFO : SwitchController : <<<<<<< 's_left_flipper' inactive >>>>>>>
2025-10-12 23:15:12,444 : INFO : SwitchController : <<<<<<< 's_right_flipper' active >>>>>>>
2025-10-12 23:15:12,578 : INFO : SwitchController : <<<<<<< 's_right_flipper' inactive >>>>>>>
2025-10-12 23:15:12,611 : INFO : SwitchController : <<<<<<< 's_left_flipper' active >>>>>>>
2025-10-12 23:15:12,794 : INFO : SwitchController : <<<<<<< 's_left_flipper' inactive >>>>>>>
2025-10-12 23:15:12,877 : INFO : SwitchController : <<<<<<< 's_right_flipper' active >>>>>>>
2025-10-12 23:15:12,944 : INFO : SwitchController : <<<<<<< 's_left_flipper' active >>>>>>>
2025-10-12 23:15:12,945 : INFO : EventManager : Event: ======'flipper_cancel'====== Args={'triggering_group': 1, 'triggering_switch': 's_left_flipper'}
2025-10-12 23:15:12,994 : INFO : SwitchController : <<<<<<< 's_right_flipper' inactive >>>>>>>
2025-10-12 23:15:12,994 : INFO : EventManager : Event: ======'both_flippers_one'====== Args={'triggering_group': 2, 'triggering_switch': 's_right_flipper'}
2025-10-12 23:15:13,044 : INFO : SwitchController : <<<<<<< 's_left_flipper' inactive >>>>>>>
2025-10-12 23:15:13,045 : INFO : EventManager : Event: ======'both_flippers_inactive'====== Args={'triggering_group': 1, 'triggering_switch': 's_left_flipper'}
2025-10-12 23:15:18,361 : INFO : SwitchController : <<<<<<< 's_right_flipper' active >>>>>>>
2025-10-12 23:15:18,527 : INFO : SwitchController : <<<<<<< 's_left_flipper' active >>>>>>>
2025-10-12 23:15:18,528 : INFO : EventManager : Event: ======'flipper_cancel'====== Args={'triggering_group': 1, 'triggering_switch': 's_left_flipper'}
2025-10-12 23:15:18,544 : INFO : SwitchController : <<<<<<< 's_right_flipper' inactive >>>>>>>
2025-10-12 23:15:18,544 : INFO : EventManager : Event: ======'both_flippers_one'====== Args={'triggering_group': 2, 'triggering_switch': 's_right_flipper'}
2025-10-12 23:15:18,728 : INFO : SwitchController : <<<<<<< 's_left_flipper' inactive >>>>>>>
2025-10-12 23:15:18,728 : INFO : EventManager : Event: ======'both_flippers_inactive'====== Args={'triggering_group': 1, 'triggering_switch': 's_left_flipper'}
2025-10-12 23:15:18,794 : INFO : SwitchController : <<<<<<< 's_right_flipper' active >>>>>>>
2025-10-12 23:15:18,961 : INFO : SwitchController : <<<<<<< 's_right_flipper' inactive >>>>>>>
2025-10-12 23:15:18,994 : INFO : SwitchController : <<<<<<< 's_left_flipper' active >>>>>>>
2025-10-12 23:15:19,194 : INFO : SwitchController : <<<<<<< 's_left_flipper' inactive >>>>>>>
2025-10-12 23:15:21,811 : INFO : SwitchController : <<<<<<< 's_right_flipper' active >>>>>>>
2025-10-12 23:15:22,111 : INFO : SwitchController : <<<<<<< 's_left_flipper' active >>>>>>>
2025-10-12 23:15:22,112 : INFO : EventManager : Event: ======'flipper_cancel'====== Args={'triggering_group': 1, 'triggering_switch': 's_left_flipper'}
2025-10-12 23:15:22,128 : INFO : SwitchController : <<<<<<< 's_right_flipper' inactive >>>>>>>
2025-10-12 23:15:22,128 : INFO : EventManager : Event: ======'both_flippers_one'====== Args={'triggering_group': 2, 'triggering_switch': 's_right_flipper'}
2025-10-12 23:15:22,294 : INFO : SwitchController : <<<<<<< 's_left_flipper' inactive >>>>>>>
2025-10-12 23:15:22,295 : INFO : EventManager : Event: ======'both_flippers_inactive'====== Args={'triggering_group': 1, 'triggering_switch': 's_left_flipper'}
2025-10-12 23:15:23,211 : INFO : SwitchController : <<<<<<< 's_left_flipper' active >>>>>>>
2025-10-12 23:15:23,395 : INFO : SwitchController : <<<<<<< 's_left_flipper' inactive >>>>>>>
2025-10-12 23:15:23,611 : INFO : SwitchController : <<<<<<< 's_left_flipper' active >>>>>>>
2025-10-12 23:15:23,744 : INFO : SwitchController : <<<<<<< 's_left_flipper' inactive >>>>>>>
2025-10-12 23:15:23,911 : INFO : SwitchController : <<<<<<< 's_right_flipper' active >>>>>>>
2025-10-12 23:15:23,913 : INFO : SwitchController : <<<<<<< 's_left_flipper' active >>>>>>>
2025-10-12 23:15:23,913 : INFO : EventManager : Event: ======'flipper_cancel'====== Args={'triggering_group': 1, 'triggering_switch': 's_left_flipper'}
2025-10-12 23:15:23,978 : INFO : SwitchController : <<<<<<< 's_right_flipper' inactive >>>>>>>
2025-10-12 23:15:23,978 : INFO : EventManager : Event: ======'both_flippers_one'====== Args={'triggering_group': 2, 'triggering_switch': 's_right_flipper'}
2025-10-12 23:15:23,994 : INFO : SwitchController : <<<<<<< 's_left_flipper' inactive >>>>>>>
2025-10-12 23:15:23,994 : INFO : EventManager : Event: ======'both_flippers_inactive'====== Args={'triggering_group': 1, 'triggering_switch': 's_left_flipper'}
2025-10-12 23:15:24,461 : INFO : SwitchController : <<<<<<< 's_left_flipper' active >>>>>>>
2025-10-12 23:15:24,511 : INFO : SwitchController : <<<<<<< 's_right_flipper' active >>>>>>>
2025-10-12 23:15:24,512 : INFO : EventManager : Event: ======'flipper_cancel'====== Args={'triggering_group': 2, 'triggering_switch': 's_right_flipper'}
2025-10-12 23:15:24,528 : INFO : SwitchController : <<<<<<< 's_right_flipper' inactive >>>>>>>
2025-10-12 23:15:24,528 : INFO : EventManager : Event: ======'both_flippers_one'====== Args={'triggering_group': 2, 'triggering_switch': 's_right_flipper'}
2025-10-12 23:15:24,611 : INFO : SwitchController : <<<<<<< 's_left_flipper' inactive >>>>>>>
2025-10-12 23:15:24,611 : INFO : EventManager : Event: ======'both_flippers_inactive'====== Args={'triggering_group': 1, 'triggering_switch': 's_left_flipper'}
2025-10-12 23:15:24,961 : INFO : SwitchController : <<<<<<< 's_left_flipper' active >>>>>>>
2025-10-12 23:15:24,977 : INFO : SwitchController : <<<<<<< 's_right_flipper' active >>>>>>>
2025-10-12 23:15:24,978 : INFO : EventManager : Event: ======'flipper_cancel'====== Args={'triggering_group': 2, 'triggering_switch': 's_right_flipper'}
2025-10-12 23:15:25,061 : INFO : SwitchController : <<<<<<< 's_right_flipper' inactive >>>>>>>
2025-10-12 23:15:25,061 : INFO : EventManager : Event: ======'both_flippers_one'====== Args={'triggering_group': 2, 'triggering_switch': 's_right_flipper'}
2025-10-12 23:15:25,077 : INFO : SwitchController : <<<<<<< 's_left_flipper' inactive >>>>>>>
2025-10-12 23:15:25,077 : INFO : EventManager : Event: ======'both_flippers_inactive'====== Args={'triggering_group': 1, 'triggering_switch': 's_left_flipper'}
2025-10-12 23:15:25,428 : INFO : SwitchController : <<<<<<< 's_left_flipper' active >>>>>>>
2025-10-12 23:15:25,444 : INFO : SwitchController : <<<<<<< 's_right_flipper' active >>>>>>>
2025-10-12 23:15:25,444 : INFO : EventManager : Event: ======'flipper_cancel'====== Args={'triggering_group': 2, 'triggering_switch': 's_right_flipper'}
2025-10-12 23:15:25,510 : INFO : SwitchController : <<<<<<< 's_right_flipper' inactive >>>>>>>
2025-10-12 23:15:25,511 : INFO : EventManager : Event: ======'both_flippers_one'====== Args={'triggering_group': 2, 'triggering_switch': 's_right_flipper'}
2025-10-12 23:15:25,578 : INFO : SwitchController : <<<<<<< 's_left_flipper' inactive >>>>>>>
2025-10-12 23:15:25,578 : INFO : EventManager : Event: ======'both_flippers_inactive'====== Args={'triggering_group': 1, 'triggering_switch': 's_left_flipper'}
2025-10-12 23:15:25,827 : INFO : SwitchController : <<<<<<< 's_right_flipper' active >>>>>>>
2025-10-12 23:15:25,844 : INFO : SwitchController : <<<<<<< 's_left_flipper' active >>>>>>>
2025-10-12 23:15:25,844 : INFO : EventManager : Event: ======'flipper_cancel'====== Args={'triggering_group': 1, 'triggering_switch': 's_left_flipper'}
2025-10-12 23:15:25,928 : INFO : SwitchController : <<<<<<< 's_left_flipper' inactive >>>>>>>
2025-10-12 23:15:25,928 : INFO : EventManager : Event: ======'both_flippers_one'====== Args={'triggering_group': 1, 'triggering_switch': 's_left_flipper'}
2025-10-12 23:15:25,944 : INFO : SwitchController : <<<<<<< 's_right_flipper' inactive >>>>>>>
2025-10-12 23:15:25,944 : INFO : EventManager : Event: ======'both_flippers_inactive'====== Args={'triggering_group': 2, 'triggering_switch': 's_right_flipper'}
2025-10-12 23:15:26,194 : INFO : SwitchController : <<<<<<< 's_left_flipper' active >>>>>>>
2025-10-12 23:15:26,211 : INFO : SwitchController : <<<<<<< 's_right_flipper' active >>>>>>>
2025-10-12 23:15:26,211 : INFO : EventManager : Event: ======'flipper_cancel'====== Args={'triggering_group': 2, 'triggering_switch': 's_right_flipper'}
2025-10-12 23:15:26,294 : INFO : SwitchController : <<<<<<< 's_right_flipper' inactive >>>>>>>
2025-10-12 23:15:26,295 : INFO : EventManager : Event: ======'both_flippers_one'====== Args={'triggering_group': 2, 'triggering_switch': 's_right_flipper'}
2025-10-12 23:15:26,311 : INFO : SwitchController : <<<<<<< 's_left_flipper' inactive >>>>>>>
2025-10-12 23:15:26,311 : INFO : EventManager : Event: ======'both_flippers_inactive'====== Args={'triggering_group': 1, 'triggering_switch': 's_left_flipper'}
2025-10-12 23:15:26,628 : INFO : SwitchController : <<<<<<< 's_left_flipper' active >>>>>>>
2025-10-12 23:15:26,629 : INFO : SwitchController : <<<<<<< 's_right_flipper' active >>>>>>>
2025-10-12 23:15:26,629 : INFO : EventManager : Event: ======'flipper_cancel'====== Args={'triggering_group': 2, 'triggering_switch': 's_right_flipper'}
2025-10-12 23:15:26,711 : INFO : SwitchController : <<<<<<< 's_right_flipper' inactive >>>>>>>
2025-10-12 23:15:26,711 : INFO : EventManager : Event: ======'both_flippers_one'====== Args={'triggering_group': 2, 'triggering_switch': 's_right_flipper'}
2025-10-12 23:15:26,744 : INFO : SwitchController : <<<<<<< 's_left_flipper' inactive >>>>>>>
2025-10-12 23:15:26,744 : INFO : EventManager : Event: ======'both_flippers_inactive'====== Args={'triggering_group': 1, 'triggering_switch': 's_left_flipper'}
2025-10-12 23:15:26,911 : INFO : SwitchController : <<<<<<< 's_right_flipper' active >>>>>>>
2025-10-12 23:15:26,928 : INFO : SwitchController : <<<<<<< 's_left_flipper' active >>>>>>>
2025-10-12 23:15:26,928 : INFO : EventManager : Event: ======'flipper_cancel'====== Args={'triggering_group': 1, 'triggering_switch': 's_left_flipper'}
2025-10-12 23:15:27,028 : INFO : SwitchController : <<<<<<< 's_left_flipper' inactive >>>>>>>
2025-10-12 23:15:27,028 : INFO : EventManager : Event: ======'both_flippers_one'====== Args={'triggering_group': 1, 'triggering_switch': 's_left_flipper'}
2025-10-12 23:15:27,029 : INFO : SwitchController : <<<<<<< 's_right_flipper' inactive >>>>>>>
2025-10-12 23:15:27,029 : INFO : EventManager : Event: ======'both_flippers_inactive'====== Args={'triggering_group': 2, 'triggering_switch': 's_right_flipper'}
2025-10-12 23:15:27,128 : INFO : SwitchController : <<<<<<< 's_right_flipper' active >>>>>>>
2025-10-12 23:15:27,211 : INFO : SwitchController : <<<<<<< 's_right_flipper' inactive >>>>>>>
2025-10-12 23:15:27,328 : INFO : SwitchController : <<<<<<< 's_right_flipper' active >>>>>>>
2025-10-12 23:15:27,344 : INFO : SwitchController : <<<<<<< 's_left_flipper' active >>>>>>>
2025-10-12 23:15:27,344 : INFO : EventManager : Event: ======'flipper_cancel'====== Args={'triggering_group': 1, 'triggering_switch': 's_left_flipper'}
2025-10-12 23:15:27,427 : INFO : SwitchController : <<<<<<< 's_right_flipper' inactive >>>>>>>
2025-10-12 23:15:27,428 : INFO : EventManager : Event: ======'both_flippers_one'====== Args={'triggering_group': 2, 'triggering_switch': 's_right_flipper'}
2025-10-12 23:15:27,461 : INFO : SwitchController : <<<<<<< 's_left_flipper' inactive >>>>>>>
2025-10-12 23:15:27,461 : INFO : EventManager : Event: ======'both_flippers_inactive'====== Args={'triggering_group': 1, 'triggering_switch': 's_left_flipper'}
2025-10-12 23:15:30,226 : INFO : Machine : Shutting down...
2025-10-12 23:15:30,226 : INFO : EventManager : Event: ======'shutdown'====== Args={}
2025-10-12 23:15:30,229 : INFO : root : MPF run loop ended.
