2025-10-30 21:57:05,075 : INFO : root : Loading config.
2025-10-30 21:57:05,076 : INFO : YamlMultifileConfigLoader : Machine config file #1: config.yaml
2025-10-30 21:57:05,076 : INFO : ConfigProcessor : Loading config from cache: /var/folders/m3/0d4y64_n3fn8tnkv3ydlhztw0000gn/T/5ca32a6c950d03116abbed96ca44d372.mpf_cache
2025-10-30 21:57:05,088 : INFO : ConfigProcessor : Loading config from cache: /var/folders/m3/0d4y64_n3fn8tnkv3ydlhztw0000gn/T/01c495fa7450a81b4be96cb699872531.mpf_cache
2025-10-30 21:57:05,088 : INFO : ConfigProcessor : Loading config from cache: /var/folders/m3/0d4y64_n3fn8tnkv3ydlhztw0000gn/T/bfde29b5bb803376b0637bb8f0da27a7.mpf_cache
2025-10-30 21:57:05,088 : INFO : ConfigProcessor : Loading config from cache: /var/folders/m3/0d4y64_n3fn8tnkv3ydlhztw0000gn/T/01c495fa7450a81b4be96cb699872531.mpf_cache
2025-10-30 21:57:05,088 : INFO : ConfigProcessor : Loading config from cache: /var/folders/m3/0d4y64_n3fn8tnkv3ydlhztw0000gn/T/3ae89e09515ff8d8b11d68f672b2cc51.mpf_cache
2025-10-30 21:57:05,088 : INFO : ConfigProcessor : Loading config from cache: /var/folders/m3/0d4y64_n3fn8tnkv3ydlhztw0000gn/T/4c420229fa75118c2461cfc9ff5a44e2.mpf_cache
2025-10-30 21:57:05,088 : INFO : Machine : Mission Pinball Framework Core Engine v0.80.0.dev10
2025-10-30 21:57:05,089 : INFO : Machine : Command line arguments: {'no_load_cache': False, 'create_config_cache': True, 'bcp': True, 'configfile': ['config.yaml'], 'force_assets_load': False, 'platform_integration_test': False, 'jsonlogging': False, 'logfile': 'logs/2025-10-30-21-57-05-mpf-mac.home.log', 'pause': False, 'production': False, 'text_ui': False, 'loglevel': 15, 'consoleloglevel': 20, 'force_platform': 'smart_virtual', 'syslog_address': None, 'full_logfile_path': '/Users/didiergilbin/Desktop/Homebrew_CSI/logs/2025-10-30-21-57-05-mpf-mac.home.log'}
2025-10-30 21:57:05,089 : INFO : Machine : MPF path: /Users/didiergilbin/mpfenv/lib/python3.13/site-packages/mpf
2025-10-30 21:57:05,089 : INFO : Machine : Machine path: /Users/didiergilbin/Desktop/Homebrew_CSI
2025-10-30 21:57:05,089 : INFO : Machine : Platform: darwin
2025-10-30 21:57:05,089 : INFO : Machine : Python executable location: /Users/didiergilbin/mpfenv/bin/python3.13
2025-10-30 21:57:05,089 : INFO : Machine : Python version: 3.13.7 (64-bit)
2025-10-30 21:57:05,089 : INFO : Machine : Initializing MPF...
2025-10-30 21:57:05,102 : INFO : EventManager : Event: ======'machine_var_credits_string'====== Args={'value': 'FREE PLAY', 'prev_value': None, 'change': True}
2025-10-30 21:57:05,105 : INFO : EventManager : Event: ======'machine_var_master_volume'====== Args={'value': 0.5, 'prev_value': None, 'change': True}
2025-10-30 21:57:05,105 : INFO : EventManager : Event: ======'machine_var_player1_score'====== Args={'value': 70000, 'prev_value': None, 'change': True}
2025-10-30 21:57:05,105 : INFO : EventManager : Event: ======'machine_var_player2_score'====== Args={'value': 0, 'prev_value': None, 'change': True}
2025-10-30 21:57:05,105 : INFO : EventManager : Event: ======'machine_var_player3_score'====== Args={'value': 0, 'prev_value': None, 'change': True}
2025-10-30 21:57:05,105 : INFO : EventManager : Event: ======'machine_var_player4_score'====== Args={'value': 0, 'prev_value': None, 'change': True}
2025-10-30 21:57:05,105 : INFO : EventManager : Event: ======'machine_var_mpf_version'====== Args={'value': 'Mission Pinball Framework v0.80.0.dev10', 'prev_value': None, 'change': True}
2025-10-30 21:57:05,105 : INFO : EventManager : Event: ======'machine_var_mpf_extended_version'====== Args={'value': 'Mission Pinball Framework v0.80.0.dev10, Config version:6, Show version: 6, BCP version:1.1', 'prev_value': None, 'change': True}
2025-10-30 21:57:05,105 : INFO : EventManager : Event: ======'machine_var_python_version'====== Args={'value': '3.13.7', 'prev_value': None, 'change': True}
2025-10-30 21:57:05,111 : INFO : EventManager : Event: ======'machine_var_platform'====== Args={'value': 'macOS-15.6.1-arm64-arm-64bit-Mach-O', 'prev_value': None, 'change': True}
2025-10-30 21:57:05,112 : INFO : EventManager : Event: ======'machine_var_platform_system'====== Args={'value': 'Darwin', 'prev_value': None, 'change': True}
2025-10-30 21:57:05,112 : INFO : EventManager : Event: ======'machine_var_platform_release'====== Args={'value': '24.6.0', 'prev_value': None, 'change': True}
2025-10-30 21:57:05,112 : INFO : EventManager : Event: ======'machine_var_platform_version'====== Args={'value': 'Darwin Kernel Version 24.6.0: Mon Jul 14 11:30:40 PDT 2025; root:xnu-11417.140.69~1/RELEASE_ARM64_T8132', 'prev_value': None, 'change': True}
2025-10-30 21:57:05,112 : INFO : EventManager : Event: ======'machine_var_platform_machine'====== Args={'value': 'arm64', 'prev_value': None, 'change': True}
2025-10-30 21:57:05,112 : INFO : EventManager : Event: ======'machine_var_log_file_path'====== Args={'value': '/Users/didiergilbin/Desktop/Homebrew_CSI/logs/2025-10-30-21-57-05-mpf-mac.home.log', 'prev_value': None, 'change': True}
2025-10-30 21:57:05,112 : INFO : EventManager : Event: ======'init_phase_1'====== Args={}
2025-10-30 21:57:05,117 : INFO : EventManager : Event: ======'init_phase_2'====== Args={}
2025-10-30 21:57:05,117 : INFO : SwitchController : Found active switch: ('2', <Platform.SmartVirtual>) <switch.s_trough1>
2025-10-30 21:57:05,117 : INFO : SwitchController : Found active switch: ('3', <Platform.SmartVirtual>) <switch.s_trough2>
2025-10-30 21:57:05,117 : INFO : SwitchController : Found active switch: ('4', <Platform.SmartVirtual>) <switch.s_trough3>
2025-10-30 21:57:05,117 : INFO : SwitchController : Found active switch: ('5', <Platform.SmartVirtual>) <switch.s_trough4>
2025-10-30 21:57:05,118 : INFO : EventManager : Event: ======'bcp_connection_attempt'====== Args={'name': 'local_display', 'host': 'localhost', 'port': 5050}
2025-10-30 21:57:05,118 : INFO : BCPClientSocket : Connecting BCP to 'local_display' at localhost:5050...
2025-10-30 21:57:05,120 : INFO : BCPClientSocket : Connected BCP to 'local_display' localhost:5050
2025-10-30 21:57:05,120 : INFO : EventManager : Event: ======'bcp_clients_connected'====== Args={}
2025-10-30 21:57:05,121 : INFO : ball_device.bd_drain : BCH: Initial count: 0
2025-10-30 21:57:05,121 : INFO : ball_device.bd_drain : State: idle
2025-10-30 21:57:05,121 : INFO : ball_device.bd_trough : BCH: Initial count: 4
2025-10-30 21:57:05,121 : INFO : ball_device.bd_trough : State: idle
2025-10-30 21:57:05,121 : INFO : ball_device.bd_plunger : BCH: Initial count: 0
2025-10-30 21:57:05,121 : INFO : ball_device.bd_plunger : State: idle
2025-10-30 21:57:05,124 : INFO : EventManager : Event: ======'init_phase_3'====== Args={}
2025-10-30 21:57:05,124 : INFO : EventManager : Event: ======'init_phase_4'====== Args={}
2025-10-30 21:57:05,124 : INFO : BallController : Initial balls found: 4
2025-10-30 21:57:05,125 : INFO : EventManager : Event: ======'machine_var_audits_events_game_ended'====== Args={'value': 10, 'prev_value': None, 'change': True}
2025-10-30 21:57:05,125 : INFO : EventManager : Event: ======'machine_var_audits_events_game_started'====== Args={'value': 171, 'prev_value': None, 'change': True}
2025-10-30 21:57:05,125 : INFO : EventManager : Event: ======'machine_var_audits_missing_switches_s_launch_button'====== Args={'value': 171, 'prev_value': None, 'change': True}
2025-10-30 21:57:05,125 : INFO : EventManager : Event: ======'machine_var_audits_missing_switches_s_left_flipper'====== Args={'value': 5, 'prev_value': None, 'change': True}
2025-10-30 21:57:05,125 : INFO : EventManager : Event: ======'machine_var_audits_missing_switches_s_right_flipper'====== Args={'value': 5, 'prev_value': None, 'change': True}
2025-10-30 21:57:05,125 : INFO : EventManager : Event: ======'machine_var_audits_missing_switches_s_scoop'====== Args={'value': 83, 'prev_value': None, 'change': True}
2025-10-30 21:57:05,125 : INFO : EventManager : Event: ======'machine_var_audits_missing_switches_s_sling_left'====== Args={'value': 171, 'prev_value': None, 'change': True}
2025-10-30 21:57:05,125 : INFO : EventManager : Event: ======'machine_var_audits_missing_switches_s_sling_right'====== Args={'value': 171, 'prev_value': None, 'change': True}
2025-10-30 21:57:05,125 : INFO : EventManager : Event: ======'machine_var_audits_missing_switches_s_trough3'====== Args={'value': 171, 'prev_value': None, 'change': True}
2025-10-30 21:57:05,125 : INFO : EventManager : Event: ======'machine_var_audits_missing_switches_s_trough4'====== Args={'value': 171, 'prev_value': None, 'change': True}
2025-10-30 21:57:05,125 : INFO : EventManager : Event: ======'machine_var_audits_player_score'====== Args={'value': {'average': 492113, 'top': [10210000, 1070000, 810000, 640000, 410000, 380000, 370000, 330000, 320000, 250000], 'total': 33}, 'prev_value': None, 'change': True}
2025-10-30 21:57:05,125 : INFO : EventManager : Event: ======'machine_var_audits_shots_bumper1'====== Args={'value': 2749, 'prev_value': None, 'change': True}
2025-10-30 21:57:05,125 : INFO : EventManager : Event: ======'machine_var_audits_shots_bumper2'====== Args={'value': 2738, 'prev_value': None, 'change': True}
2025-10-30 21:57:05,125 : INFO : EventManager : Event: ======'machine_var_audits_shots_bumper3'====== Args={'value': 2453, 'prev_value': None, 'change': True}
2025-10-30 21:57:05,125 : INFO : EventManager : Event: ======'machine_var_audits_switches_s_drain'====== Args={'value': 158, 'prev_value': None, 'change': True}
2025-10-30 21:57:05,125 : INFO : EventManager : Event: ======'machine_var_audits_switches_s_launch_button'====== Args={'value': 0, 'prev_value': None, 'change': True}
2025-10-30 21:57:05,125 : INFO : EventManager : Event: ======'machine_var_audits_switches_s_left_flipper'====== Args={'value': 10, 'prev_value': None, 'change': True}
2025-10-30 21:57:05,125 : INFO : EventManager : Event: ======'machine_var_audits_switches_s_plunger_lane'====== Args={'value': 272, 'prev_value': None, 'change': True}
2025-10-30 21:57:05,125 : INFO : EventManager : Event: ======'machine_var_audits_switches_s_popbumper1'====== Args={'value': 2749, 'prev_value': None, 'change': True}
2025-10-30 21:57:05,125 : INFO : EventManager : Event: ======'machine_var_audits_switches_s_popbumper2'====== Args={'value': 2738, 'prev_value': None, 'change': True}
2025-10-30 21:57:05,125 : INFO : EventManager : Event: ======'machine_var_audits_switches_s_popbumper3'====== Args={'value': 2453, 'prev_value': None, 'change': True}
2025-10-30 21:57:05,125 : INFO : EventManager : Event: ======'machine_var_audits_switches_s_right_flipper'====== Args={'value': 24, 'prev_value': None, 'change': True}
2025-10-30 21:57:05,125 : INFO : EventManager : Event: ======'machine_var_audits_switches_s_scoop'====== Args={'value': 47, 'prev_value': None, 'change': True}
2025-10-30 21:57:05,125 : INFO : EventManager : Event: ======'machine_var_audits_switches_s_sling_left'====== Args={'value': 0, 'prev_value': None, 'change': True}
2025-10-30 21:57:05,125 : INFO : EventManager : Event: ======'machine_var_audits_switches_s_sling_right'====== Args={'value': 0, 'prev_value': None, 'change': True}
2025-10-30 21:57:05,125 : INFO : EventManager : Event: ======'machine_var_audits_switches_s_start'====== Args={'value': 442, 'prev_value': None, 'change': True}
2025-10-30 21:57:05,125 : INFO : EventManager : Event: ======'machine_var_audits_switches_s_trough1'====== Args={'value': 97, 'prev_value': None, 'change': True}
2025-10-30 21:57:05,125 : INFO : EventManager : Event: ======'machine_var_audits_switches_s_trough2'====== Args={'value': 6, 'prev_value': None, 'change': True}
2025-10-30 21:57:05,125 : INFO : EventManager : Event: ======'machine_var_audits_switches_s_trough3'====== Args={'value': 0, 'prev_value': None, 'change': True}
2025-10-30 21:57:05,125 : INFO : EventManager : Event: ======'machine_var_audits_switches_s_trough4'====== Args={'value': 0, 'prev_value': None, 'change': True}
2025-10-30 21:57:05,125 : INFO : EventManager : Event: ======'machine_var_audits_switches_s_trough_jam'====== Args={'value': 2, 'prev_value': None, 'change': True}
2025-10-30 21:57:05,125 : INFO : EventManager : Event: ======'init_phase_5'====== Args={}
2025-10-30 21:57:05,125 : INFO : EventManager : Event: ======'init_done'====== Args={}
2025-10-30 21:57:05,126 : INFO : EventManager : Event: ======'machine_reset_phase_1'====== Args={}
2025-10-30 21:57:05,136 : INFO : EventManager : Event: ======'machine_reset_phase_2'====== Args={}
2025-10-30 21:57:05,136 : INFO : EventManager : Event: ======'machine_reset_phase_3'====== Args={}
2025-10-30 21:57:05,136 : INFO : EventManager : Event: ======'reset_complete'====== Args={}
2025-10-30 21:57:05,136 : INFO : EventManager : Event: ======'mode_attract_will_start'====== Args={}
2025-10-30 21:57:05,136 : INFO : Timer.attract_carousel_timer : Starting Timer.
2025-10-30 21:57:05,136 : INFO : EventManager : Event: ======'timer_attract_carousel_timer_started'====== Args={'ticks': 0, 'ticks_remaining': 1}
2025-10-30 21:57:05,136 : INFO : EventManager : Event: ======'timer_attract_carousel_timer_tick'====== Args={'ticks': 0, 'ticks_remaining': 1}
2025-10-30 21:57:05,136 : INFO : EventManager : Event: ======'mode_attract_starting'====== Args={}
2025-10-30 21:57:05,137 : INFO : Mode.attract : Started. Priority: 10
2025-10-30 21:57:05,137 : INFO : EventManager : Event: ======'modes_active_modes_changed'====== Args={}
2025-10-30 21:57:05,137 : INFO : EventManager : Event: ======'mode_attract_started'====== Args={}
2025-10-30 21:57:05,137 : INFO : EventManager : Event: ======'collecting_balls_complete'====== Args={}
2025-10-30 21:57:05,137 : INFO : EventManager : Event: ======'carousel_item_highlighted'====== Args={'carousel': 'attract', 'direction': None, 'item': 'title'}
2025-10-30 21:57:05,137 : INFO : Machine : Starting the main run loop with active modes: [<Mode.attract>]
2025-10-30 21:57:05,527 : INFO : EventManager : Event: ======'slide_attract_created'====== Args={'_from_bcp': True}
2025-10-30 21:57:05,527 : INFO : EventManager : Event: ======'slide__removed'====== Args={'_from_bcp': True}
2025-10-30 21:57:05,527 : INFO : EventManager : Event: ======'slide_attract_active'====== Args={'original_context': 'attract', 'original_calling_context': 'mode_attract_started', 'priority': 10.0, 'cmd': 'slides_play', '_from_bcp': True}
2025-10-30 21:57:07,473 : INFO : SwitchController : <<<<<<< 's_start' active >>>>>>>
2025-10-30 21:57:07,590 : INFO : SwitchController : <<<<<<< 's_start' inactive >>>>>>>
2025-10-30 21:57:07,591 : INFO : EventManager : Event: ======'request_to_start_game'====== Args={}
2025-10-30 21:57:07,592 : INFO : EventManager : Event: ======'game_start'====== Args={'buttons': [], 'hold_time': 0.11697624996304512}
2025-10-30 21:57:07,592 : INFO : EventManager : Event: ======'mode_game_will_start'====== Args={'buttons': [], 'hold_time': 0.11697624996304512}
2025-10-30 21:57:07,593 : INFO : EventManager : Event: ======'mode_game_starting'====== Args={'buttons': [], 'hold_time': 0.11697624996304512}
2025-10-30 21:57:07,593 : INFO : EventManager : Event: ======'mode_attract_will_stop'====== Args={}
2025-10-30 21:57:07,593 : INFO : EventManager : Event: ======'mode_attract_stopping'====== Args={}
2025-10-30 21:57:07,593 : INFO : Mode.attract : Stopped.
2025-10-30 21:57:07,593 : INFO : EventManager : Event: ======'modes_active_modes_changed'====== Args={}
2025-10-30 21:57:07,594 : INFO : EventManager : Event: ======'mode_attract_stopped'====== Args={}
2025-10-30 21:57:07,594 : INFO : EventManager : Event: ======'clear'====== Args={'key': 'attract'}
2025-10-30 21:57:07,595 : INFO : Timer.attract_carousel_timer : Stopping Timer
2025-10-30 21:57:07,595 : INFO : EventManager : Event: ======'timer_attract_carousel_timer_stopped'====== Args={'ticks': 0, 'ticks_remaining': 1}
2025-10-30 21:57:07,595 : INFO : Mode.game : Started. Priority: 20
2025-10-30 21:57:07,595 : INFO : EventManager : Event: ======'modes_active_modes_changed'====== Args={}
2025-10-30 21:57:07,595 : INFO : EventManager : Event: ======'mode_game_started'====== Args={'buttons': [], 'hold_time': 0.11697624996304512}
2025-10-30 21:57:07,596 : INFO : EventManager : Event: ======'game_will_start'====== Args={}
2025-10-30 21:57:07,597 : INFO : EventManager : Event: ======'game_starting'====== Args={'game': <Mode.game>}
2025-10-30 21:57:07,598 : INFO : EventManager : Unordered handler for class <Auditor> on event game_ended with priority 1. Handlers: [RegisteredHandler(callback=<bound method Auditor.disable of <Auditor>>, priority=1, kwargs={}, key=UUID('f525861b-12a8-44bb-8ada-c6e86592729b'), condition=None, blocking_facility=None), RegisteredHandler(callback=<bound method Auditor._save_audits of <Auditor>>, priority=1, kwargs={}, key=UUID('5092e19c-5dae-44ae-862d-43f15559a4cc'), condition=None, blocking_facility=None)]. The order of those handlers is not defined and they will be executed in random order. This might lead to race conditions and potential bugs.
2025-10-30 21:57:07,598 : INFO : EventManager : Event: ======'player_add_request'====== Args={}
2025-10-30 21:57:07,598 : INFO : EventManager : Event: ======'player_will_add'====== Args={'number': 1}
2025-10-30 21:57:07,598 : INFO : EventManager : Event: ======'player_adding'====== Args={'player': <Player 1>, 'number': 1}
2025-10-30 21:57:07,599 : INFO : EventManager : Event: ======'player_added'====== Args={'player': <Player 1>, 'num': 1}
2025-10-30 21:57:07,599 : INFO : Mode.game : Player added successfully. Total players: 1
2025-10-30 21:57:07,599 : INFO : EventManager : Event: ======'player_index'====== Args={'value': 0, 'prev_value': 0, 'change': 0, 'player_num': 1}
2025-10-30 21:57:07,599 : INFO : EventManager : Event: ======'player_number'====== Args={'value': 1, 'prev_value': 1, 'change': 0, 'player_num': 1}
2025-10-30 21:57:07,600 : INFO : EventManager : Event: ======'player_score'====== Args={'value': 0, 'prev_value': 0, 'change': 0, 'player_num': 1}
2025-10-30 21:57:07,600 : INFO : EventManager : Event: ======'game_started'====== Args={}
2025-10-30 21:57:07,601 : INFO : EventManager : Event: ======'player_turn_will_start'====== Args={'player': <Player 1>, 'number': 1}
2025-10-30 21:57:07,607 : INFO : EventManager : Event: ======'player_turn_starting'====== Args={'player': <Player 1>, 'number': 1}
2025-10-30 21:57:07,608 : INFO : EventManager : Event: ======'player_ball'====== Args={'value': 1, 'prev_value': 0, 'change': 1, 'player_num': 1}
2025-10-30 21:57:07,608 : INFO : EventManager : Event: ======'player_turn_started'====== Args={'player': <Player 1>, 'number': 1}
2025-10-30 21:57:07,609 : INFO : EventManager : Event: ======'ball_will_start'====== Args={'player': 1, 'ball': 1, 'balls_remaining': 2, 'is_extra_ball': False}
2025-10-30 21:57:07,610 : INFO : EventManager : Event: ======'ball_starting'====== Args={'player': 1, 'ball': 1, 'balls_remaining': 2, 'is_extra_ball': False}
2025-10-30 21:57:07,610 : INFO : EventManager : Event: ======'mode_base_will_start'====== Args={'queue': <QueuedEvent>, 'player': 1, 'ball': 1, 'balls_remaining': 2, 'is_extra_ball': False}
2025-10-30 21:57:07,610 : INFO : EventManager : Event: ======'player_base_player_added_timer_tick'====== Args={'value': 0, 'prev_value': 0, 'change': 0, 'player_num': 1}
2025-10-30 21:57:07,610 : INFO : Timer.player_added_timer : Starting Timer.
2025-10-30 21:57:07,611 : INFO : EventManager : Event: ======'timer_player_added_timer_started'====== Args={'ticks': 0, 'ticks_remaining': 1}
2025-10-30 21:57:07,611 : INFO : EventManager : Event: ======'timer_player_added_timer_tick'====== Args={'ticks': 0, 'ticks_remaining': 1}
2025-10-30 21:57:07,611 : INFO : EventManager : Event: ======'mode_base_starting'====== Args={'queue': <QueuedEvent>, 'player': 1, 'ball': 1, 'balls_remaining': 2, 'is_extra_ball': False}
2025-10-30 21:57:07,612 : INFO : Mode.base : Started. Priority: 100
2025-10-30 21:57:07,612 : INFO : EventManager : Event: ======'modes_active_modes_changed'====== Args={}
2025-10-30 21:57:07,612 : INFO : EventManager : Event: ======'mode_base_started'====== Args={'queue': <QueuedEvent>, 'player': 1, 'ball': 1, 'balls_remaining': 2, 'is_extra_ball': False}
2025-10-30 21:57:07,612 : INFO : EventManager : Event: ======'start_mode_bumpers'====== Args={'priority': 0}
2025-10-30 21:57:07,612 : INFO : EventManager : Event: ======'mode_bumpers_will_start'====== Args={'priority': 0}
2025-10-30 21:57:07,612 : INFO : EventManager : Event: ======'player_shot_bumper1_enabled'====== Args={'value': True, 'prev_value': 0, 'change': 1, 'player_num': 1}
2025-10-30 21:57:07,613 : INFO : EventManager : Event: ======'player_shot_bumper2_enabled'====== Args={'value': True, 'prev_value': 0, 'change': 1, 'player_num': 1}
2025-10-30 21:57:07,613 : INFO : EventManager : Event: ======'player_shot_bumper3_enabled'====== Args={'value': True, 'prev_value': 0, 'change': 1, 'player_num': 1}
2025-10-30 21:57:07,613 : INFO : EventManager : Event: ======'bumpers_complete'====== Args={'state': 'unlit'}
2025-10-30 21:57:07,614 : INFO : EventManager : Event: ======'bumpers_unlit_complete'====== Args={}
2025-10-30 21:57:07,614 : INFO : EventManager : Event: ======'mode_bumpers_starting'====== Args={'priority': 0}
2025-10-30 21:57:07,614 : INFO : Mode.bumpers : Started. Priority: 200
2025-10-30 21:57:07,614 : INFO : EventManager : Event: ======'modes_active_modes_changed'====== Args={}
2025-10-30 21:57:07,614 : INFO : EventManager : Event: ======'mode_bumpers_started'====== Args={'priority': 0}
2025-10-30 21:57:07,615 : INFO : EventManager : Event: ======'balls_in_play'====== Args={'balls': 1}
2025-10-30 21:57:07,615 : INFO : EventManager : Event: ======'ball_started'====== Args={'player': 1, 'ball': 1, 'balls_remaining': 2, 'is_extra_ball': False}
2025-10-30 21:57:07,615 : INFO : EventManager : Event: ======'single_player_ball_started'====== Args={}
2025-10-30 21:57:07,615 : INFO : EventManager : Event: ======'ball_start_target'====== Args={'target': 'playfield'}
2025-10-30 21:57:07,616 : INFO : ball_device.bd_trough : Setting up player-controlled eject. Balls: 1, Target: <playfield.playfield>, player_controlled_eject_event: None
2025-10-30 21:57:07,616 : INFO : ball_device.bd_trough : Adding 1 ball(s) to the eject_queue with target <playfield.playfield>.
2025-10-30 21:57:07,616 : INFO : EventManager : Event: ======'balldevice_balls_available'====== Args={}
2025-10-30 21:57:07,616 : INFO : ball_device.bd_trough : State: waiting_for_target_ready
2025-10-30 21:57:07,617 : INFO : EventManager : Event: ======'balldevice_bd_trough_ball_eject_attempt'====== Args={'balls': 1, 'target': <ball_device.bd_plunger>, 'source': <ball_device.bd_trough>, 'mechanical_eject': False, 'num_attempts': 0}
2025-10-30 21:57:07,617 : INFO : ball_device.bd_plunger : State: waiting_for_ball
2025-10-30 21:57:07,617 : INFO : ball_device.bd_trough : State: ejecting
2025-10-30 21:57:07,617 : INFO : ball_device.bd_trough : Ejecting ball to <ball_device.bd_plunger>
2025-10-30 21:57:07,617 : INFO : EventManager : Event: ======'balldevice_bd_trough_ejecting_ball'====== Args={'balls': 1, 'target': <ball_device.bd_plunger>, 'source': <ball_device.bd_trough>, 'mechanical_eject': False, 'num_attempts': 0}
2025-10-30 21:57:07,617 : INFO : ball_device.bd_trough : Wait for ball to leave device
2025-10-30 21:57:07,618 : INFO : coil.c_trough_eject : Pulsing Driver for 20ms (1.0 pulse_power)
2025-10-30 21:57:07,618 : INFO : SwitchController : <<<<<<< 's_trough1' inactive >>>>>>>
2025-10-30 21:57:07,618 : INFO : ball_device.bd_trough : State: ball_left
2025-10-30 21:57:07,618 : INFO : ball_device.bd_trough : Ball left
2025-10-30 21:57:07,618 : INFO : ball_device.bd_trough : Wait for confirm with timeout 3.0
2025-10-30 21:57:07,674 : INFO : EventManager : Event: ======'slide_base_slide_created'====== Args={'_from_bcp': True}
2025-10-30 21:57:07,675 : INFO : EventManager : Event: ======'slide_attract_inactive'====== Args={'is_removing': True, '_from_bcp': True}
2025-10-30 21:57:07,675 : INFO : EventManager : Event: ======'slide_base_slide_active'====== Args={'original_context': 'base', 'original_calling_context': 'mode_base_started', 'priority': 100.0, 'queue': '<QueuedEvent>', 'player': 1.0, 'ball': 1.0, 'balls_remaining': 2.0, 'is_extra_ball': False, 'cmd': 'slides_play', '_from_bcp': True}
2025-10-30 21:57:07,677 : INFO : EventManager : Event: ======'slide_attract_removed'====== Args={'_from_bcp': True}
2025-10-30 21:57:07,719 : INFO : SwitchController : <<<<<<< 's_plunger_lane' active >>>>>>>
2025-10-30 21:57:07,719 : INFO : EventManager : Event: ======'machine_var_audits_switches_s_plunger_lane'====== Args={'value': 273, 'prev_value': 272, 'change': 1}
2025-10-30 21:57:08,220 : INFO : ball_device.bd_plunger : Received ball from <ball_device.bd_trough>
2025-10-30 21:57:08,221 : INFO : EventManager : Event: ======'balldevice_bd_plunger_ball_enter'====== Args={'new_balls': 1, 'unclaimed_balls': 0, 'new_available_balls': 0, 'device': <ball_device.bd_plunger>}
2025-10-30 21:57:08,222 : INFO : EventManager : Event: ======'balldevice_bd_plunger_ball_entered'====== Args={'new_balls': 0, 'device': <ball_device.bd_plunger>}
2025-10-30 21:57:08,222 : INFO : EventManager : Event: ======'balldevice_bd_plunger_ball_count_changed'====== Args={'balls': 1}
2025-10-30 21:57:08,222 : INFO : ball_device.bd_trough : Got eject confirm
2025-10-30 21:57:08,222 : INFO : ball_device.bd_trough : Eject successful
2025-10-30 21:57:08,222 : INFO : EventManager : Event: ======'balldevice_bd_trough_ball_eject_success'====== Args={'balls': 1, 'target': <ball_device.bd_plunger>}
2025-10-30 21:57:08,223 : INFO : ball_device.bd_plunger : State: waiting_for_target_ready
2025-10-30 21:57:08,223 : INFO : EventManager : Event: ======'balldevice_bd_plunger_ball_eject_attempt'====== Args={'balls': 1, 'target': <playfield.playfield>, 'source': <ball_device.bd_plunger>, 'mechanical_eject': False, 'num_attempts': 0}
2025-10-30 21:57:08,223 : INFO : EventManager : Event: ======'balldevice_bd_trough_ball_count_changed'====== Args={'balls': 3}
2025-10-30 21:57:08,223 : INFO : ball_device.bd_trough : State: idle
2025-10-30 21:57:08,224 : INFO : ball_device.bd_plunger : State: ejecting
2025-10-30 21:57:08,224 : INFO : ball_device.bd_plunger : Ejecting ball to <playfield.playfield>
2025-10-30 21:57:08,224 : INFO : EventManager : Event: ======'balldevice_bd_plunger_ejecting_ball'====== Args={'balls': 1, 'target': <playfield.playfield>, 'source': <ball_device.bd_plunger>, 'mechanical_eject': False, 'num_attempts': 0}
2025-10-30 21:57:08,225 : INFO : ball_device.bd_plunger : Wait for ball to leave device
2025-10-30 21:57:08,226 : INFO : coil.c_plunger : Pulsing Driver for 20ms (1.0 pulse_power)
2025-10-30 21:57:08,226 : INFO : SwitchController : <<<<<<< 's_plunger_lane' inactive >>>>>>>
2025-10-30 21:57:08,226 : INFO : ball_device.bd_plunger : State: ball_left
2025-10-30 21:57:08,226 : INFO : ball_device.bd_plunger : Ball left
2025-10-30 21:57:08,226 : INFO : ball_device.bd_plunger : Wait for confirm with timeout 3.0
2025-10-30 21:57:08,312 : INFO : EventManager : Event: ======'player_base_player_added_timer_tick'====== Args={'value': 1, 'prev_value': 0, 'change': 1, 'player_num': 1}
2025-10-30 21:57:08,312 : INFO : Timer.player_added_timer : Timer Complete
2025-10-30 21:57:08,312 : INFO : Timer.player_added_timer : Stopping Timer
2025-10-30 21:57:08,313 : INFO : EventManager : Event: ======'timer_player_added_timer_stopped'====== Args={'ticks': 1, 'ticks_remaining': 1}
2025-10-30 21:57:08,313 : INFO : EventManager : Event: ======'timer_player_added_timer_complete'====== Args={'ticks': 1, 'ticks_remaining': 1}
2025-10-30 21:57:09,243 : INFO : SwitchController : <<<<<<< 's_start' active >>>>>>>
2025-10-30 21:57:09,243 : INFO : EventManager : Event: ======'sw_start'====== Args={}
2025-10-30 21:57:09,244 : INFO : EventManager : Event: ======'machine_var_audits_switches_s_start'====== Args={'value': 443, 'prev_value': 442, 'change': 1}
2025-10-30 21:57:09,244 : INFO : EventManager : Event: ======'player_add_request'====== Args={}
2025-10-30 21:57:09,245 : INFO : EventManager : Event: ======'player_will_add'====== Args={'number': 2}
2025-10-30 21:57:09,245 : INFO : EventManager : Event: ======'player_adding'====== Args={'player': <Player 2>, 'number': 2}
2025-10-30 21:57:09,245 : INFO : EventManager : Event: ======'player_added'====== Args={'player': <Player 2>, 'num': 2}
2025-10-30 21:57:09,245 : INFO : Mode.game : Player added successfully. Total players: 2
2025-10-30 21:57:09,245 : INFO : EventManager : Event: ======'multiplayer_game'====== Args={}
2025-10-30 21:57:09,246 : INFO : EventManager : Event: ======'player_base_player_added_timer_tick'====== Args={'value': 0, 'prev_value': 1, 'change': -1, 'player_num': 1}
2025-10-30 21:57:09,246 : INFO : Timer.player_added_timer : Starting Timer.
2025-10-30 21:57:09,246 : INFO : EventManager : Event: ======'timer_player_added_timer_started'====== Args={'ticks': 0, 'ticks_remaining': 1}
2025-10-30 21:57:09,246 : INFO : EventManager : Event: ======'timer_player_added_timer_tick'====== Args={'ticks': 0, 'ticks_remaining': 1}
2025-10-30 21:57:09,247 : INFO : EventManager : Event: ======'player_index'====== Args={'value': 1, 'prev_value': 1, 'change': 0, 'player_num': 2}
2025-10-30 21:57:09,247 : INFO : EventManager : Event: ======'player_number'====== Args={'value': 2, 'prev_value': 2, 'change': 0, 'player_num': 2}
2025-10-30 21:57:09,247 : INFO : EventManager : Event: ======'player_score'====== Args={'value': 0, 'prev_value': 0, 'change': 0, 'player_num': 2}
2025-10-30 21:57:09,304 : INFO : EventManager : Event: ======'widget_player_addded_widget_active'====== Args={'original_context': 'base', 'original_calling_context': 'player_added', 'priority': 100.0, 'player': '<Player 2>', 'num': 2.0, 'cmd': 'widgets_play', '_from_bcp': True}
2025-10-30 21:57:09,355 : INFO : SwitchController : <<<<<<< 's_start' inactive >>>>>>>
2025-10-30 21:57:09,947 : INFO : EventManager : Event: ======'player_base_player_added_timer_tick'====== Args={'value': 1, 'prev_value': 0, 'change': 1, 'player_num': 1}
2025-10-30 21:57:09,948 : INFO : Timer.player_added_timer : Timer Complete
2025-10-30 21:57:09,948 : INFO : Timer.player_added_timer : Stopping Timer
2025-10-30 21:57:09,948 : INFO : EventManager : Event: ======'timer_player_added_timer_stopped'====== Args={'ticks': 1, 'ticks_remaining': 1}
2025-10-30 21:57:09,948 : INFO : EventManager : Event: ======'timer_player_added_timer_complete'====== Args={'ticks': 1, 'ticks_remaining': 1}
2025-10-30 21:57:09,974 : INFO : EventManager : Event: ======'widget_player_addded_widget_removed'====== Args={'_from_bcp': True}
2025-10-30 21:57:10,873 : INFO : SwitchController : <<<<<<< 's_start' active >>>>>>>
2025-10-30 21:57:10,873 : INFO : EventManager : Event: ======'sw_start'====== Args={}
2025-10-30 21:57:10,874 : INFO : EventManager : Event: ======'machine_var_audits_switches_s_start'====== Args={'value': 444, 'prev_value': 443, 'change': 1}
2025-10-30 21:57:10,875 : INFO : EventManager : Event: ======'player_add_request'====== Args={}
2025-10-30 21:57:10,875 : INFO : EventManager : Event: ======'player_will_add'====== Args={'number': 3}
2025-10-30 21:57:10,875 : INFO : EventManager : Event: ======'player_adding'====== Args={'player': <Player 3>, 'number': 3}
2025-10-30 21:57:10,875 : INFO : EventManager : Event: ======'player_added'====== Args={'player': <Player 3>, 'num': 3}
2025-10-30 21:57:10,875 : INFO : Mode.game : Player added successfully. Total players: 3
2025-10-30 21:57:10,883 : INFO : EventManager : Event: ======'player_base_player_added_timer_tick'====== Args={'value': 0, 'prev_value': 1, 'change': -1, 'player_num': 1}
2025-10-30 21:57:10,883 : INFO : Timer.player_added_timer : Starting Timer.
2025-10-30 21:57:10,883 : INFO : EventManager : Event: ======'timer_player_added_timer_started'====== Args={'ticks': 0, 'ticks_remaining': 1}
2025-10-30 21:57:10,884 : INFO : EventManager : Event: ======'timer_player_added_timer_tick'====== Args={'ticks': 0, 'ticks_remaining': 1}
2025-10-30 21:57:10,884 : INFO : EventManager : Event: ======'player_index'====== Args={'value': 2, 'prev_value': 2, 'change': 0, 'player_num': 3}
2025-10-30 21:57:10,884 : INFO : EventManager : Event: ======'player_number'====== Args={'value': 3, 'prev_value': 3, 'change': 0, 'player_num': 3}
2025-10-30 21:57:10,884 : INFO : EventManager : Event: ======'player_score'====== Args={'value': 0, 'prev_value': 0, 'change': 0, 'player_num': 3}
2025-10-30 21:57:10,892 : INFO : EventManager : Event: ======'widget_player_addded_widget_active'====== Args={'original_context': 'base', 'original_calling_context': 'player_added', 'priority': 100.0, 'player': '<Player 3>', 'num': 3.0, 'cmd': 'widgets_play', '_from_bcp': True}
2025-10-30 21:57:10,990 : INFO : SwitchController : <<<<<<< 's_start' inactive >>>>>>>
2025-10-30 21:57:11,228 : INFO : ball_device.bd_plunger : State: failed_confirm
2025-10-30 21:57:11,228 : INFO : ball_device.bd_plunger : Got timeout (3.0s) before confirm from <playfield.playfield>
2025-10-30 21:57:11,329 : INFO : ball_device.bd_plunger : Confirming eject because target is playfield and ball did not return.
2025-10-30 21:57:11,330 : INFO : ball_device.bd_plunger : Eject successful
2025-10-30 21:57:11,330 : INFO : EventManager : Event: ======'balldevice_bd_plunger_ball_eject_success'====== Args={'balls': 1, 'target': <playfield.playfield>}
2025-10-30 21:57:11,330 : INFO : EventManager : Event: ======'balldevice_playfield_ball_enter'====== Args={'new_balls': 1, 'unclaimed_balls': 1, 'device': <playfield.playfield>}
2025-10-30 21:57:11,330 : INFO : EventManager : Event: ======'playfield_ball_count_change'====== Args={'balls': 1, 'change': 1}
2025-10-30 21:57:11,331 : INFO : EventManager : Event: ======'balldevice_bd_plunger_ball_count_changed'====== Args={'balls': 0}
2025-10-30 21:57:11,331 : INFO : ball_device.bd_plunger : State: idle
2025-10-30 21:57:11,585 : INFO : EventManager : Event: ======'player_base_player_added_timer_tick'====== Args={'value': 1, 'prev_value': 0, 'change': 1, 'player_num': 1}
2025-10-30 21:57:11,585 : INFO : Timer.player_added_timer : Timer Complete
2025-10-30 21:57:11,585 : INFO : Timer.player_added_timer : Stopping Timer
2025-10-30 21:57:11,585 : INFO : EventManager : Event: ======'timer_player_added_timer_stopped'====== Args={'ticks': 1, 'ticks_remaining': 1}
2025-10-30 21:57:11,586 : INFO : EventManager : Event: ======'timer_player_added_timer_complete'====== Args={'ticks': 1, 'ticks_remaining': 1}
2025-10-30 21:57:11,607 : INFO : EventManager : Event: ======'widget_player_addded_widget_removed'====== Args={'_from_bcp': True}
2025-10-30 21:57:12,307 : INFO : SwitchController : <<<<<<< 's_start' active >>>>>>>
2025-10-30 21:57:12,307 : INFO : EventManager : Event: ======'sw_start'====== Args={}
2025-10-30 21:57:12,307 : INFO : EventManager : Event: ======'machine_var_audits_switches_s_start'====== Args={'value': 445, 'prev_value': 444, 'change': 1}
2025-10-30 21:57:12,308 : INFO : EventManager : Event: ======'player_add_request'====== Args={}
2025-10-30 21:57:12,308 : INFO : EventManager : Event: ======'player_will_add'====== Args={'number': 4}
2025-10-30 21:57:12,308 : INFO : EventManager : Event: ======'player_adding'====== Args={'player': <Player 4>, 'number': 4}
2025-10-30 21:57:12,309 : INFO : EventManager : Event: ======'player_added'====== Args={'player': <Player 4>, 'num': 4}
2025-10-30 21:57:12,309 : INFO : Mode.game : Player added successfully. Total players: 4
2025-10-30 21:57:12,316 : INFO : EventManager : Event: ======'player_base_player_added_timer_tick'====== Args={'value': 0, 'prev_value': 1, 'change': -1, 'player_num': 1}
2025-10-30 21:57:12,317 : INFO : Timer.player_added_timer : Starting Timer.
2025-10-30 21:57:12,317 : INFO : EventManager : Event: ======'timer_player_added_timer_started'====== Args={'ticks': 0, 'ticks_remaining': 1}
2025-10-30 21:57:12,317 : INFO : EventManager : Event: ======'timer_player_added_timer_tick'====== Args={'ticks': 0, 'ticks_remaining': 1}
2025-10-30 21:57:12,317 : INFO : EventManager : Event: ======'player_index'====== Args={'value': 3, 'prev_value': 3, 'change': 0, 'player_num': 4}
2025-10-30 21:57:12,317 : INFO : EventManager : Event: ======'player_number'====== Args={'value': 4, 'prev_value': 4, 'change': 0, 'player_num': 4}
2025-10-30 21:57:12,317 : INFO : EventManager : Event: ======'player_score'====== Args={'value': 0, 'prev_value': 0, 'change': 0, 'player_num': 4}
2025-10-30 21:57:12,341 : INFO : EventManager : Event: ======'widget_player_addded_widget_active'====== Args={'original_context': 'base', 'original_calling_context': 'player_added', 'priority': 100.0, 'player': '<Player 4>', 'num': 4.0, 'cmd': 'widgets_play', '_from_bcp': True}
2025-10-30 21:57:12,406 : INFO : SwitchController : <<<<<<< 's_start' inactive >>>>>>>
2025-10-30 21:57:13,018 : INFO : EventManager : Event: ======'player_base_player_added_timer_tick'====== Args={'value': 1, 'prev_value': 0, 'change': 1, 'player_num': 1}
2025-10-30 21:57:13,019 : INFO : Timer.player_added_timer : Timer Complete
2025-10-30 21:57:13,019 : INFO : Timer.player_added_timer : Stopping Timer
2025-10-30 21:57:13,019 : INFO : EventManager : Event: ======'timer_player_added_timer_stopped'====== Args={'ticks': 1, 'ticks_remaining': 1}
2025-10-30 21:57:13,019 : INFO : EventManager : Event: ======'timer_player_added_timer_complete'====== Args={'ticks': 1, 'ticks_remaining': 1}
2025-10-30 21:57:13,057 : INFO : EventManager : Event: ======'widget_player_addded_widget_removed'====== Args={'_from_bcp': True}
2025-10-30 21:57:19,117 : INFO : Machine : Shutting down...
2025-10-30 21:57:19,117 : INFO : EventManager : Event: ======'shutdown'====== Args={}
2025-10-30 21:57:19,118 : INFO : EventManager : Event: ======'mode_game_will_stop'====== Args={}
2025-10-30 21:57:19,118 : INFO : EventManager : Event: ======'mode_game_stopping'====== Args={}
2025-10-30 21:57:19,119 : INFO : EventManager : Event: ======'mode_base_will_stop'====== Args={}
2025-10-30 21:57:19,119 : INFO : EventManager : Event: ======'mode_base_stopping'====== Args={}
2025-10-30 21:57:19,119 : INFO : EventManager : Event: ======'mode_bumpers_will_stop'====== Args={}
2025-10-30 21:57:19,119 : INFO : EventManager : Event: ======'mode_bumpers_stopping'====== Args={}
2025-10-30 21:57:19,120 : INFO : EventManager : Event: ======'stop_mode_bumpers'====== Args={'priority': 0}
2025-10-30 21:57:19,120 : INFO : Mode.bumpers : Stopped.
2025-10-30 21:57:19,120 : INFO : EventManager : Event: ======'modes_active_modes_changed'====== Args={}
2025-10-30 21:57:19,120 : INFO : EventManager : Event: ======'mode_bumpers_stopped'====== Args={}
2025-10-30 21:57:19,120 : INFO : EventManager : Event: ======'clear'====== Args={'key': 'bumpers'}
2025-10-30 21:57:19,120 : INFO : Mode.base : Stopped.
2025-10-30 21:57:19,120 : INFO : EventManager : Event: ======'modes_active_modes_changed'====== Args={}
2025-10-30 21:57:19,121 : INFO : EventManager : Event: ======'mode_base_stopped'====== Args={}
2025-10-30 21:57:19,121 : INFO : EventManager : Event: ======'clear'====== Args={'key': 'base'}
2025-10-30 21:57:19,121 : INFO : Timer.player_added_timer : Stopping Timer
2025-10-30 21:57:19,121 : INFO : EventManager : Event: ======'timer_player_added_timer_stopped'====== Args={'ticks': 1, 'ticks_remaining': 1}
2025-10-30 21:57:19,121 : INFO : Mode.game : Stopped.
2025-10-30 21:57:19,121 : INFO : EventManager : Event: ======'modes_active_modes_changed'====== Args={}
2025-10-30 21:57:19,121 : INFO : EventManager : Event: ======'mode_game_stopped'====== Args={}
2025-10-30 21:57:19,121 : INFO : EventManager : Event: ======'clear'====== Args={'key': 'game'}
2025-10-30 21:57:19,123 : INFO : root : MPF run loop ended.
