2025-11-10 18:46:55,563 : INFO : root : Loading config.
2025-11-10 18:46:55,564 : INFO : YamlMultifileConfigLoader : Machine config file #1: config.yaml
2025-11-10 18:46:55,564 : INFO : ConfigProcessor : Loading config from cache: /var/folders/m3/0d4y64_n3fn8tnkv3ydlhztw0000gn/T/5ca32a6c950d03116abbed96ca44d372.mpf_cache
2025-11-10 18:46:55,575 : INFO : ConfigProcessor : Loading config from cache: /var/folders/m3/0d4y64_n3fn8tnkv3ydlhztw0000gn/T/01c495fa7450a81b4be96cb699872531.mpf_cache
2025-11-10 18:46:55,575 : INFO : ConfigProcessor : Loading config from cache: /var/folders/m3/0d4y64_n3fn8tnkv3ydlhztw0000gn/T/bfde29b5bb803376b0637bb8f0da27a7.mpf_cache
2025-11-10 18:46:55,575 : INFO : ConfigProcessor : Loading config from cache: /var/folders/m3/0d4y64_n3fn8tnkv3ydlhztw0000gn/T/01c495fa7450a81b4be96cb699872531.mpf_cache
2025-11-10 18:46:55,576 : INFO : ConfigProcessor : Loading config from cache: /var/folders/m3/0d4y64_n3fn8tnkv3ydlhztw0000gn/T/3ae89e09515ff8d8b11d68f672b2cc51.mpf_cache
2025-11-10 18:46:55,576 : INFO : ConfigProcessor : Loading config from cache: /var/folders/m3/0d4y64_n3fn8tnkv3ydlhztw0000gn/T/4c420229fa75118c2461cfc9ff5a44e2.mpf_cache
2025-11-10 18:46:55,576 : INFO : ConfigProcessor : Loading config from cache: /var/folders/m3/0d4y64_n3fn8tnkv3ydlhztw0000gn/T/f5ee6852f1764324c8553249cc53c871.mpf_cache
2025-11-10 18:46:55,576 : INFO : ConfigProcessor : Loading config from cache: /var/folders/m3/0d4y64_n3fn8tnkv3ydlhztw0000gn/T/73ac54cb7a83dfa5473900e439743a84.mpf_cache
2025-11-10 18:46:55,576 : INFO : ConfigProcessor : Loading config from cache: /var/folders/m3/0d4y64_n3fn8tnkv3ydlhztw0000gn/T/97c87487bc6ae826da86d36a6e042c78.mpf_cache
2025-11-10 18:46:55,576 : INFO : Machine : Mission Pinball Framework Core Engine v0.80.0.dev10
2025-11-10 18:46:55,576 : INFO : Machine : Command line arguments: {'no_load_cache': False, 'create_config_cache': True, 'bcp': True, 'configfile': ['config.yaml'], 'force_assets_load': False, 'platform_integration_test': False, 'jsonlogging': False, 'logfile': 'logs/2025-11-10-18-46-55-mpf-mac.home.log', 'pause': False, 'production': False, 'text_ui': False, 'loglevel': 15, 'consoleloglevel': 20, 'force_platform': 'smart_virtual', 'syslog_address': None, 'full_logfile_path': '/Users/didiergilbin/Desktop/Homebrew_CSI/logs/2025-11-10-18-46-55-mpf-mac.home.log'}
2025-11-10 18:46:55,576 : INFO : Machine : MPF path: /Users/didiergilbin/mpfenv/lib/python3.13/site-packages/mpf
2025-11-10 18:46:55,576 : INFO : Machine : Machine path: /Users/didiergilbin/Desktop/Homebrew_CSI
2025-11-10 18:46:55,576 : INFO : Machine : Platform: darwin
2025-11-10 18:46:55,576 : INFO : Machine : Python executable location: /Users/didiergilbin/mpfenv/bin/python3.13
2025-11-10 18:46:55,576 : INFO : Machine : Python version: 3.13.7 (64-bit)
2025-11-10 18:46:55,576 : INFO : Machine : Initializing MPF...
2025-11-10 18:46:55,589 : INFO : EventManager : Event: ======'machine_var_credits_string'====== Args={'value': 'FREE PLAY', 'prev_value': None, 'change': True}
2025-11-10 18:46:55,592 : INFO : EventManager : Event: ======'machine_var_master_volume'====== Args={'value': 0.5, 'prev_value': None, 'change': True}
2025-11-10 18:46:55,592 : INFO : EventManager : Event: ======'machine_var_player1_score'====== Args={'value': 368000, 'prev_value': None, 'change': True}
2025-11-10 18:46:55,592 : INFO : EventManager : Event: ======'machine_var_player2_score'====== Args={'value': 24000, 'prev_value': None, 'change': True}
2025-11-10 18:46:55,592 : INFO : EventManager : Event: ======'machine_var_player3_score'====== Args={'value': 21000, 'prev_value': None, 'change': True}
2025-11-10 18:46:55,592 : INFO : EventManager : Event: ======'machine_var_player4_score'====== Args={'value': 0, 'prev_value': None, 'change': True}
2025-11-10 18:46:55,592 : INFO : EventManager : Event: ======'machine_var_mpf_version'====== Args={'value': 'Mission Pinball Framework v0.80.0.dev10', 'prev_value': None, 'change': True}
2025-11-10 18:46:55,593 : INFO : EventManager : Event: ======'machine_var_mpf_extended_version'====== Args={'value': 'Mission Pinball Framework v0.80.0.dev10, Config version:6, Show version: 6, BCP version:1.1', 'prev_value': None, 'change': True}
2025-11-10 18:46:55,593 : INFO : EventManager : Event: ======'machine_var_python_version'====== Args={'value': '3.13.7', 'prev_value': None, 'change': True}
2025-11-10 18:46:55,598 : INFO : EventManager : Event: ======'machine_var_platform'====== Args={'value': 'macOS-15.6.1-arm64-arm-64bit-Mach-O', 'prev_value': None, 'change': True}
2025-11-10 18:46:55,598 : INFO : EventManager : Event: ======'machine_var_platform_system'====== Args={'value': 'Darwin', 'prev_value': None, 'change': True}
2025-11-10 18:46:55,598 : INFO : EventManager : Event: ======'machine_var_platform_release'====== Args={'value': '24.6.0', 'prev_value': None, 'change': True}
2025-11-10 18:46:55,598 : INFO : EventManager : Event: ======'machine_var_platform_version'====== Args={'value': 'Darwin Kernel Version 24.6.0: Mon Jul 14 11:30:40 PDT 2025; root:xnu-11417.140.69~1/RELEASE_ARM64_T8132', 'prev_value': None, 'change': True}
2025-11-10 18:46:55,598 : INFO : EventManager : Event: ======'machine_var_platform_machine'====== Args={'value': 'arm64', 'prev_value': None, 'change': True}
2025-11-10 18:46:55,598 : INFO : EventManager : Event: ======'machine_var_log_file_path'====== Args={'value': '/Users/didiergilbin/Desktop/Homebrew_CSI/logs/2025-11-10-18-46-55-mpf-mac.home.log', 'prev_value': None, 'change': True}
2025-11-10 18:46:55,598 : INFO : EventManager : Event: ======'init_phase_1'====== Args={}
2025-11-10 18:46:55,604 : INFO : EventManager : Event: ======'init_phase_2'====== Args={}
2025-11-10 18:46:55,605 : INFO : SwitchController : Found active switch: ('2', <Platform.SmartVirtual>) <switch.s_trough1>
2025-11-10 18:46:55,605 : INFO : SwitchController : Found active switch: ('3', <Platform.SmartVirtual>) <switch.s_trough2>
2025-11-10 18:46:55,605 : INFO : SwitchController : Found active switch: ('4', <Platform.SmartVirtual>) <switch.s_trough3>
2025-11-10 18:46:55,605 : INFO : SwitchController : Found active switch: ('5', <Platform.SmartVirtual>) <switch.s_trough4>
2025-11-10 18:46:55,606 : INFO : EventManager : Event: ======'bcp_connection_attempt'====== Args={'name': 'local_display', 'host': 'localhost', 'port': 5050}
2025-11-10 18:46:55,606 : INFO : BCPClientSocket : Connecting BCP to 'local_display' at localhost:5050...
2025-11-10 18:46:55,608 : INFO : BCPClientSocket : Connected BCP to 'local_display' localhost:5050
2025-11-10 18:46:55,608 : INFO : EventManager : Event: ======'bcp_clients_connected'====== Args={}
2025-11-10 18:46:55,609 : INFO : ball_device.bd_drain : BCH: Initial count: 0
2025-11-10 18:46:55,609 : INFO : ball_device.bd_drain : State: idle
2025-11-10 18:46:55,609 : INFO : ball_device.bd_trough : BCH: Initial count: 4
2025-11-10 18:46:55,609 : INFO : ball_device.bd_trough : State: idle
2025-11-10 18:46:55,609 : INFO : ball_device.bd_plunger : BCH: Initial count: 0
2025-11-10 18:46:55,609 : INFO : ball_device.bd_plunger : State: idle
2025-11-10 18:46:55,612 : INFO : EventManager : Event: ======'init_phase_3'====== Args={}
2025-11-10 18:46:55,613 : INFO : EventManager : Event: ======'init_phase_4'====== Args={}
2025-11-10 18:46:55,613 : INFO : BallController : Initial balls found: 4
2025-11-10 18:46:55,613 : INFO : EventManager : Event: ======'machine_var_audits_events_game_ended'====== Args={'value': 54, 'prev_value': None, 'change': True}
2025-11-10 18:46:55,613 : INFO : EventManager : Event: ======'machine_var_audits_events_game_started'====== Args={'value': 497, 'prev_value': None, 'change': True}
2025-11-10 18:46:55,613 : INFO : EventManager : Event: ======'machine_var_audits_missing_switches_s_drain'====== Args={'value': 22, 'prev_value': None, 'change': True}
2025-11-10 18:46:55,613 : INFO : EventManager : Event: ======'machine_var_audits_missing_switches_s_launch_button'====== Args={'value': 144, 'prev_value': None, 'change': True}
2025-11-10 18:46:55,613 : INFO : EventManager : Event: ======'machine_var_audits_missing_switches_s_left_inlane1'====== Args={'value': 30, 'prev_value': None, 'change': True}
2025-11-10 18:46:55,613 : INFO : EventManager : Event: ======'machine_var_audits_missing_switches_s_left_inlane2'====== Args={'value': 30, 'prev_value': None, 'change': True}
2025-11-10 18:46:55,613 : INFO : EventManager : Event: ======'machine_var_audits_missing_switches_s_left_outlane'====== Args={'value': 112, 'prev_value': None, 'change': True}
2025-11-10 18:46:55,613 : INFO : EventManager : Event: ======'machine_var_audits_missing_switches_s_right_inlane'====== Args={'value': 30, 'prev_value': None, 'change': True}
2025-11-10 18:46:55,613 : INFO : EventManager : Event: ======'machine_var_audits_missing_switches_s_right_orbit'====== Args={'value': 30, 'prev_value': None, 'change': True}
2025-11-10 18:46:55,613 : INFO : EventManager : Event: ======'machine_var_audits_missing_switches_s_right_outlane'====== Args={'value': 112, 'prev_value': None, 'change': True}
2025-11-10 18:46:55,613 : INFO : EventManager : Event: ======'machine_var_audits_missing_switches_s_scoop'====== Args={'value': 30, 'prev_value': None, 'change': True}
2025-11-10 18:46:55,613 : INFO : EventManager : Event: ======'machine_var_audits_missing_switches_s_sling_left'====== Args={'value': 497, 'prev_value': None, 'change': True}
2025-11-10 18:46:55,613 : INFO : EventManager : Event: ======'machine_var_audits_missing_switches_s_sling_right'====== Args={'value': 497, 'prev_value': None, 'change': True}
2025-11-10 18:46:55,613 : INFO : EventManager : Event: ======'machine_var_audits_missing_switches_s_start'====== Args={'value': 22, 'prev_value': None, 'change': True}
2025-11-10 18:46:55,613 : INFO : EventManager : Event: ======'machine_var_audits_missing_switches_s_trough1'====== Args={'value': 22, 'prev_value': None, 'change': True}
2025-11-10 18:46:55,613 : INFO : EventManager : Event: ======'machine_var_audits_missing_switches_s_trough2'====== Args={'value': 58, 'prev_value': None, 'change': True}
2025-11-10 18:46:55,613 : INFO : EventManager : Event: ======'machine_var_audits_missing_switches_s_trough3'====== Args={'value': 275, 'prev_value': None, 'change': True}
2025-11-10 18:46:55,613 : INFO : EventManager : Event: ======'machine_var_audits_missing_switches_s_trough4'====== Args={'value': 275, 'prev_value': None, 'change': True}
2025-11-10 18:46:55,613 : INFO : EventManager : Event: ======'machine_var_audits_missing_switches_s_trough_jam'====== Args={'value': 211, 'prev_value': None, 'change': True}
2025-11-10 18:46:55,613 : INFO : EventManager : Event: ======'machine_var_audits_player_score'====== Args={'value': {'average': 215167, 'top': [10210000, 1550000, 1070000, 1070000, 810000, 710000, 640000, 570000, 530000, 480000], 'total': 118}, 'prev_value': None, 'change': True}
2025-11-10 18:46:55,613 : INFO : EventManager : Event: ======'machine_var_audits_shots_bumper1'====== Args={'value': 4324, 'prev_value': None, 'change': True}
2025-11-10 18:46:55,613 : INFO : EventManager : Event: ======'machine_var_audits_shots_bumper2'====== Args={'value': 4255, 'prev_value': None, 'change': True}
2025-11-10 18:46:55,613 : INFO : EventManager : Event: ======'machine_var_audits_shots_bumper3'====== Args={'value': 4079, 'prev_value': None, 'change': True}
2025-11-10 18:46:55,613 : INFO : EventManager : Event: ======'machine_var_audits_shots_c_shot'====== Args={'value': 162, 'prev_value': None, 'change': True}
2025-11-10 18:46:55,613 : INFO : EventManager : Event: ======'machine_var_audits_shots_csi_shot'====== Args={'value': 9, 'prev_value': None, 'change': True}
2025-11-10 18:46:55,613 : INFO : EventManager : Event: ======'machine_var_audits_shots_i_shot'====== Args={'value': 135, 'prev_value': None, 'change': True}
2025-11-10 18:46:55,613 : INFO : EventManager : Event: ======'machine_var_audits_shots_s_shot'====== Args={'value': 152, 'prev_value': None, 'change': True}
2025-11-10 18:46:55,613 : INFO : EventManager : Event: ======'machine_var_audits_shots_switch_shot'====== Args={'value': 245, 'prev_value': None, 'change': True}
2025-11-10 18:46:55,613 : INFO : EventManager : Event: ======'machine_var_audits_switches_s_drain'====== Args={'value': 541, 'prev_value': None, 'change': True}
2025-11-10 18:46:55,613 : INFO : EventManager : Event: ======'machine_var_audits_switches_s_launch_button'====== Args={'value': 1, 'prev_value': None, 'change': True}
2025-11-10 18:46:55,613 : INFO : EventManager : Event: ======'machine_var_audits_switches_s_left_flipper'====== Args={'value': 434, 'prev_value': None, 'change': True}
2025-11-10 18:46:55,613 : INFO : EventManager : Event: ======'machine_var_audits_switches_s_left_inlane1'====== Args={'value': 172, 'prev_value': None, 'change': True}
2025-11-10 18:46:55,613 : INFO : EventManager : Event: ======'machine_var_audits_switches_s_left_inlane2'====== Args={'value': 159, 'prev_value': None, 'change': True}
2025-11-10 18:46:55,613 : INFO : EventManager : Event: ======'machine_var_audits_switches_s_left_outlane'====== Args={'value': 1, 'prev_value': None, 'change': True}
2025-11-10 18:46:55,613 : INFO : EventManager : Event: ======'machine_var_audits_switches_s_plunger_lane'====== Args={'value': 878, 'prev_value': None, 'change': True}
2025-11-10 18:46:55,613 : INFO : EventManager : Event: ======'machine_var_audits_switches_s_popbumper1'====== Args={'value': 4368, 'prev_value': None, 'change': True}
2025-11-10 18:46:55,613 : INFO : EventManager : Event: ======'machine_var_audits_switches_s_popbumper2'====== Args={'value': 4296, 'prev_value': None, 'change': True}
2025-11-10 18:46:55,613 : INFO : EventManager : Event: ======'machine_var_audits_switches_s_popbumper3'====== Args={'value': 4121, 'prev_value': None, 'change': True}
2025-11-10 18:46:55,613 : INFO : EventManager : Event: ======'machine_var_audits_switches_s_ramp'====== Args={'value': 697, 'prev_value': None, 'change': True}
2025-11-10 18:46:55,613 : INFO : EventManager : Event: ======'machine_var_audits_switches_s_right_flipper'====== Args={'value': 712, 'prev_value': None, 'change': True}
2025-11-10 18:46:55,613 : INFO : EventManager : Event: ======'machine_var_audits_switches_s_right_inlane'====== Args={'value': 141, 'prev_value': None, 'change': True}
2025-11-10 18:46:55,613 : INFO : EventManager : Event: ======'machine_var_audits_switches_s_right_orbit'====== Args={'value': 47, 'prev_value': None, 'change': True}
2025-11-10 18:46:55,613 : INFO : EventManager : Event: ======'machine_var_audits_switches_s_right_outlane'====== Args={'value': 5, 'prev_value': None, 'change': True}
2025-11-10 18:46:55,613 : INFO : EventManager : Event: ======'machine_var_audits_switches_s_scoop'====== Args={'value': 428, 'prev_value': None, 'change': True}
2025-11-10 18:46:55,613 : INFO : EventManager : Event: ======'machine_var_audits_switches_s_skull_lock1'====== Args={'value': 44, 'prev_value': None, 'change': True}
2025-11-10 18:46:55,613 : INFO : EventManager : Event: ======'machine_var_audits_switches_s_skull_lock2'====== Args={'value': 47, 'prev_value': None, 'change': True}
2025-11-10 18:46:55,613 : INFO : EventManager : Event: ======'machine_var_audits_switches_s_sling_left'====== Args={'value': 0, 'prev_value': None, 'change': True}
2025-11-10 18:46:55,613 : INFO : EventManager : Event: ======'machine_var_audits_switches_s_sling_right'====== Args={'value': 0, 'prev_value': None, 'change': True}
2025-11-10 18:46:55,613 : INFO : EventManager : Event: ======'machine_var_audits_switches_s_start'====== Args={'value': 661, 'prev_value': None, 'change': True}
2025-11-10 18:46:55,613 : INFO : EventManager : Event: ======'machine_var_audits_switches_s_trough1'====== Args={'value': 382, 'prev_value': None, 'change': True}
2025-11-10 18:46:55,613 : INFO : EventManager : Event: ======'machine_var_audits_switches_s_trough2'====== Args={'value': 18, 'prev_value': None, 'change': True}
2025-11-10 18:46:55,613 : INFO : EventManager : Event: ======'machine_var_audits_switches_s_trough3'====== Args={'value': 1, 'prev_value': None, 'change': True}
2025-11-10 18:46:55,613 : INFO : EventManager : Event: ======'machine_var_audits_switches_s_trough4'====== Args={'value': 1, 'prev_value': None, 'change': True}
2025-11-10 18:46:55,613 : INFO : EventManager : Event: ======'machine_var_audits_switches_s_trough_jam'====== Args={'value': 8, 'prev_value': None, 'change': True}
2025-11-10 18:46:55,614 : INFO : EventManager : Event: ======'init_phase_5'====== Args={}
2025-11-10 18:46:55,614 : INFO : EventManager : Event: ======'init_done'====== Args={}
2025-11-10 18:46:55,614 : INFO : EventManager : Event: ======'machine_reset_phase_1'====== Args={}
2025-11-10 18:46:55,619 : INFO : EventManager : Event: ======'machine_reset_phase_2'====== Args={}
2025-11-10 18:46:55,620 : INFO : EventManager : Event: ======'machine_reset_phase_3'====== Args={}
2025-11-10 18:46:55,620 : INFO : EventManager : Event: ======'reset_complete'====== Args={}
2025-11-10 18:46:55,620 : INFO : EventManager : Event: ======'mode_attract_will_start'====== Args={}
2025-11-10 18:46:55,621 : INFO : Timer.attract_carousel_timer : Starting Timer.
2025-11-10 18:46:55,621 : INFO : EventManager : Event: ======'timer_attract_carousel_timer_started'====== Args={'ticks': 0, 'ticks_remaining': 1}
2025-11-10 18:46:55,621 : INFO : EventManager : Event: ======'timer_attract_carousel_timer_tick'====== Args={'ticks': 0, 'ticks_remaining': 1}
2025-11-10 18:46:55,621 : INFO : EventManager : Event: ======'mode_attract_starting'====== Args={}
2025-11-10 18:46:55,621 : INFO : Mode.attract : Started. Priority: 10
2025-11-10 18:46:55,621 : INFO : EventManager : Event: ======'modes_active_modes_changed'====== Args={}
2025-11-10 18:46:55,621 : INFO : EventManager : Event: ======'mode_attract_started'====== Args={}
2025-11-10 18:46:55,621 : INFO : EventManager : Event: ======'collecting_balls_complete'====== Args={}
2025-11-10 18:46:55,621 : INFO : EventManager : Event: ======'carousel_item_highlighted'====== Args={'carousel': 'attract', 'direction': None, 'item': 'title'}
2025-11-10 18:46:55,621 : INFO : Machine : Starting the main run loop with active modes: [<Mode.attract>]
2025-11-10 18:46:55,737 : INFO : BcpServer : New client connected.
2025-11-10 18:46:56,035 : INFO : EventManager : Event: ======'slide_attract_created'====== Args={'_from_bcp': True}
2025-11-10 18:46:56,036 : INFO : EventManager : Event: ======'slide__removed'====== Args={'_from_bcp': True}
2025-11-10 18:46:56,036 : INFO : EventManager : Event: ======'slide_attract_active'====== Args={'original_context': 'attract', 'original_calling_context': 'mode_attract_started', 'priority': 10.0, 'cmd': 'slides_play', '_from_bcp': True}
2025-11-10 18:46:59,753 : INFO : SwitchController : <<<<<<< 's_start' active >>>>>>>
2025-11-10 18:46:59,836 : INFO : SwitchController : <<<<<<< 's_start' inactive >>>>>>>
2025-11-10 18:46:59,836 : INFO : EventManager : Event: ======'request_to_start_game'====== Args={}
2025-11-10 18:46:59,837 : INFO : EventManager : Event: ======'game_start'====== Args={'buttons': [], 'hold_time': 0.08268225006759167}
2025-11-10 18:46:59,837 : INFO : EventManager : Event: ======'mode_game_will_start'====== Args={'buttons': [], 'hold_time': 0.08268225006759167}
2025-11-10 18:46:59,838 : INFO : EventManager : Event: ======'mode_game_starting'====== Args={'buttons': [], 'hold_time': 0.08268225006759167}
2025-11-10 18:46:59,839 : INFO : EventManager : Event: ======'mode_attract_will_stop'====== Args={}
2025-11-10 18:46:59,839 : INFO : EventManager : Event: ======'mode_attract_stopping'====== Args={}
2025-11-10 18:46:59,839 : INFO : Mode.attract : Stopped.
2025-11-10 18:46:59,839 : INFO : EventManager : Event: ======'modes_active_modes_changed'====== Args={}
2025-11-10 18:46:59,840 : INFO : EventManager : Event: ======'mode_attract_stopped'====== Args={}
2025-11-10 18:46:59,840 : INFO : EventManager : Event: ======'clear'====== Args={'key': 'attract'}
2025-11-10 18:46:59,840 : INFO : Timer.attract_carousel_timer : Stopping Timer
2025-11-10 18:46:59,840 : INFO : EventManager : Event: ======'timer_attract_carousel_timer_stopped'====== Args={'ticks': 0, 'ticks_remaining': 1}
2025-11-10 18:46:59,840 : INFO : Mode.game : Started. Priority: 20
2025-11-10 18:46:59,841 : INFO : EventManager : Event: ======'modes_active_modes_changed'====== Args={}
2025-11-10 18:46:59,841 : INFO : EventManager : Event: ======'mode_game_started'====== Args={'buttons': [], 'hold_time': 0.08268225006759167}
2025-11-10 18:46:59,841 : INFO : EventManager : Event: ======'game_will_start'====== Args={}
2025-11-10 18:46:59,842 : INFO : EventManager : Event: ======'game_starting'====== Args={'game': <Mode.game>}
2025-11-10 18:46:59,842 : INFO : EventManager : Unordered handler for class <Auditor> on event game_ended with priority 1. Handlers: [RegisteredHandler(callback=<bound method Auditor.disable of <Auditor>>, priority=1, kwargs={}, key=UUID('e5b55872-48de-489c-87bf-af6d4bd2c5d8'), condition=None, blocking_facility=None), RegisteredHandler(callback=<bound method Auditor._save_audits of <Auditor>>, priority=1, kwargs={}, key=UUID('33006bbb-fb98-4e6d-bdb5-a9ed5507cd81'), condition=None, blocking_facility=None)]. The order of those handlers is not defined and they will be executed in random order. This might lead to race conditions and potential bugs.
2025-11-10 18:46:59,843 : INFO : EventManager : Event: ======'player_add_request'====== Args={}
2025-11-10 18:46:59,843 : INFO : EventManager : Event: ======'player_will_add'====== Args={'number': 1}
2025-11-10 18:46:59,843 : INFO : EventManager : Event: ======'player_adding'====== Args={'player': <Player 1>, 'number': 1}
2025-11-10 18:46:59,843 : INFO : EventManager : Event: ======'player_added'====== Args={'player': <Player 1>, 'num': 1}
2025-11-10 18:46:59,843 : INFO : Mode.game : Player added successfully. Total players: 1
2025-11-10 18:46:59,844 : INFO : EventManager : Event: ======'player_index'====== Args={'value': 0, 'prev_value': 0, 'change': 0, 'player_num': 1}
2025-11-10 18:46:59,844 : INFO : EventManager : Event: ======'player_number'====== Args={'value': 1, 'prev_value': 1, 'change': 0, 'player_num': 1}
2025-11-10 18:46:59,844 : INFO : EventManager : Event: ======'player_bonus_multiplier'====== Args={'value': 1, 'prev_value': 1, 'change': 0, 'player_num': 1}
2025-11-10 18:46:59,844 : INFO : EventManager : Event: ======'player_skull_ramp_nb'====== Args={'value': 0, 'prev_value': 0, 'change': 0, 'player_num': 1}
2025-11-10 18:46:59,845 : INFO : EventManager : Event: ======'player_score'====== Args={'value': 0, 'prev_value': 0, 'change': 0, 'player_num': 1}
2025-11-10 18:46:59,845 : INFO : EventManager : Event: ======'game_started'====== Args={}
2025-11-10 18:46:59,845 : INFO : EventManager : Event: ======'player_turn_will_start'====== Args={'player': <Player 1>, 'number': 1}
2025-11-10 18:46:59,851 : INFO : EventManager : Event: ======'player_turn_starting'====== Args={'player': <Player 1>, 'number': 1}
2025-11-10 18:46:59,853 : INFO : EventManager : Event: ======'player_ball'====== Args={'value': 1, 'prev_value': 0, 'change': 1, 'player_num': 1}
2025-11-10 18:46:59,854 : INFO : EventManager : Event: ======'player_turn_started'====== Args={'player': <Player 1>, 'number': 1}
2025-11-10 18:46:59,854 : INFO : EventManager : Event: ======'ball_will_start'====== Args={'player': 1, 'ball': 1, 'balls_remaining': 2, 'is_extra_ball': False}
2025-11-10 18:46:59,855 : INFO : EventManager : Event: ======'ball_starting'====== Args={'player': 1, 'ball': 1, 'balls_remaining': 2, 'is_extra_ball': False}
2025-11-10 18:46:59,855 : INFO : EventManager : Event: ======'mode_base_will_start'====== Args={'queue': <QueuedEvent>, 'player': 1, 'ball': 1, 'balls_remaining': 2, 'is_extra_ball': False}
2025-11-10 18:46:59,855 : INFO : EventManager : Event: ======'player_base_player_added_timer_tick'====== Args={'value': 0, 'prev_value': 0, 'change': 0, 'player_num': 1}
2025-11-10 18:46:59,856 : INFO : Timer.player_added_timer : Starting Timer.
2025-11-10 18:46:59,856 : INFO : EventManager : Event: ======'timer_player_added_timer_started'====== Args={'ticks': 0, 'ticks_remaining': 1}
2025-11-10 18:46:59,856 : INFO : EventManager : Event: ======'timer_player_added_timer_tick'====== Args={'ticks': 0, 'ticks_remaining': 1}
2025-11-10 18:46:59,857 : INFO : EventManager : Event: ======'mode_base_starting'====== Args={'queue': <QueuedEvent>, 'player': 1, 'ball': 1, 'balls_remaining': 2, 'is_extra_ball': False}
2025-11-10 18:46:59,857 : INFO : Mode.base : Started. Priority: 100
2025-11-10 18:46:59,858 : INFO : EventManager : Event: ======'modes_active_modes_changed'====== Args={}
2025-11-10 18:46:59,858 : INFO : EventManager : Event: ======'mode_base_started'====== Args={'queue': <QueuedEvent>, 'player': 1, 'ball': 1, 'balls_remaining': 2, 'is_extra_ball': False}
2025-11-10 18:46:59,858 : INFO : EventManager : Event: ======'start_mode_bumpers'====== Args={'priority': 0}
2025-11-10 18:46:59,858 : INFO : EventManager : Event: ======'start_mode_csi_lanes'====== Args={'priority': 0}
2025-11-10 18:46:59,858 : INFO : EventManager : Event: ======'start_mode_skull'====== Args={'priority': 0}
2025-11-10 18:46:59,859 : INFO : EventManager : Event: ======'mode_bumpers_will_start'====== Args={'priority': 0}
2025-11-10 18:46:59,859 : INFO : EventManager : Event: ======'player_shot_bumper1_enabled'====== Args={'value': True, 'prev_value': 0, 'change': 1, 'player_num': 1}
2025-11-10 18:46:59,860 : INFO : EventManager : Event: ======'player_shot_bumper2_enabled'====== Args={'value': True, 'prev_value': 0, 'change': 1, 'player_num': 1}
2025-11-10 18:46:59,860 : INFO : EventManager : Event: ======'player_shot_bumper3_enabled'====== Args={'value': True, 'prev_value': 0, 'change': 1, 'player_num': 1}
2025-11-10 18:46:59,861 : INFO : EventManager : Event: ======'bumpers_complete'====== Args={'state': 'unlit'}
2025-11-10 18:46:59,861 : INFO : EventManager : Event: ======'bumpers_unlit_complete'====== Args={}
2025-11-10 18:46:59,862 : INFO : EventManager : Event: ======'player_bumpers_bumper_timer_tick'====== Args={'value': 0, 'prev_value': 0, 'change': 0, 'player_num': 1}
2025-11-10 18:46:59,862 : INFO : Timer.bumper_timer : Starting Timer.
2025-11-10 18:46:59,862 : INFO : EventManager : Event: ======'timer_bumper_timer_started'====== Args={'ticks': 0, 'ticks_remaining': 1}
2025-11-10 18:46:59,862 : INFO : EventManager : Event: ======'timer_bumper_timer_tick'====== Args={'ticks': 0, 'ticks_remaining': 1}
2025-11-10 18:46:59,863 : INFO : EventManager : Event: ======'mode_bumpers_starting'====== Args={'priority': 0}
2025-11-10 18:46:59,864 : INFO : EventManager : Event: ======'mode_csi_lanes_will_start'====== Args={'priority': 0}
2025-11-10 18:46:59,864 : INFO : EventManager : Event: ======'player_shot_c_shot_enabled'====== Args={'value': True, 'prev_value': 0, 'change': 1, 'player_num': 1}
2025-11-10 18:46:59,865 : INFO : EventManager : Event: ======'player_shot_s_shot_enabled'====== Args={'value': True, 'prev_value': 0, 'change': 1, 'player_num': 1}
2025-11-10 18:46:59,865 : INFO : EventManager : Event: ======'player_shot_i_shot_enabled'====== Args={'value': True, 'prev_value': 0, 'change': 1, 'player_num': 1}
2025-11-10 18:46:59,866 : INFO : EventManager : Event: ======'csi_shots_complete'====== Args={'state': 'unlit'}
2025-11-10 18:46:59,866 : INFO : EventManager : Event: ======'csi_shots_unlit_complete'====== Args={}
2025-11-10 18:46:59,867 : INFO : EventManager : Event: ======'player_csi_lanes_csi_lanes_timer_tick'====== Args={'value': 0, 'prev_value': 0, 'change': 0, 'player_num': 1}
2025-11-10 18:46:59,867 : INFO : Timer.csi_lanes_timer : Starting Timer.
2025-11-10 18:46:59,868 : INFO : EventManager : Event: ======'timer_csi_lanes_timer_started'====== Args={'ticks': 0, 'ticks_remaining': 1}
2025-11-10 18:46:59,868 : INFO : EventManager : Event: ======'timer_csi_lanes_timer_tick'====== Args={'ticks': 0, 'ticks_remaining': 1}
2025-11-10 18:46:59,868 : INFO : EventManager : Event: ======'player_csi_lanes_csi_right_orbit_timer_tick'====== Args={'value': 0, 'prev_value': 0, 'change': 0, 'player_num': 1}
2025-11-10 18:46:59,869 : INFO : EventManager : Event: ======'mode_csi_lanes_starting'====== Args={'priority': 0}
2025-11-10 18:46:59,869 : INFO : EventManager : Event: ======'mode_skull_will_start'====== Args={'priority': 0}
2025-11-10 18:46:59,870 : INFO : EventManager : Event: ======'player_skull_pause_timer_tick'====== Args={'value': 0, 'prev_value': 0, 'change': 0, 'player_num': 1}
2025-11-10 18:46:59,870 : INFO : Timer.pause_timer : Starting Timer.
2025-11-10 18:46:59,870 : INFO : EventManager : Event: ======'timer_pause_timer_started'====== Args={'ticks': 0, 'ticks_remaining': 1}
2025-11-10 18:46:59,870 : INFO : EventManager : Event: ======'timer_pause_timer_tick'====== Args={'ticks': 0, 'ticks_remaining': 1}
2025-11-10 18:46:59,871 : INFO : EventManager : Event: ======'mode_skull_starting'====== Args={'priority': 0}
2025-11-10 18:46:59,871 : INFO : Mode.bumpers : Started. Priority: 200
2025-11-10 18:46:59,871 : INFO : EventManager : Event: ======'modes_active_modes_changed'====== Args={}
2025-11-10 18:46:59,871 : INFO : EventManager : Event: ======'mode_bumpers_started'====== Args={'priority': 0}
2025-11-10 18:46:59,871 : INFO : EventManager : Event: ======'balls_in_play'====== Args={'balls': 1}
2025-11-10 18:46:59,871 : INFO : EventManager : Event: ======'ball_started'====== Args={'player': 1, 'ball': 1, 'balls_remaining': 2, 'is_extra_ball': False}
2025-11-10 18:46:59,872 : INFO : EventManager : Event: ======'logicblock_csi_lanes_then_scoop_updated'====== Args={'value': 0, 'enabled': True}
2025-11-10 18:46:59,872 : INFO : EventManager : Event: ======'logicblock_csi_lanes_then_scoop_then_right_orbit_updated'====== Args={'value': 0, 'enabled': True}
2025-11-10 18:46:59,872 : INFO : EventManager : Event: ======'logicblock_csi_lanes_then_scoop_updated'====== Args={'value': 0, 'enabled': True}
2025-11-10 18:46:59,872 : INFO : EventManager : Event: ======'logicblock_csi_lanes_then_scoop_then_right_orbit_updated'====== Args={'value': 0, 'enabled': True}
2025-11-10 18:46:59,872 : INFO : Mode.csi_lanes : Started. Priority: 200
2025-11-10 18:46:59,872 : INFO : EventManager : Event: ======'modes_active_modes_changed'====== Args={}
2025-11-10 18:46:59,872 : INFO : EventManager : Event: ======'mode_csi_lanes_started'====== Args={'priority': 0}
2025-11-10 18:46:59,873 : INFO : EventManager : Event: ======'player_multiplier'====== Args={'value': 1, 'prev_value': 0, 'change': 1, 'player_num': 1, 'source': 'csi_lanes'}
2025-11-10 18:46:59,873 : INFO : EventManager : Event: ======'logicblock_seq_lock1_updated'====== Args={'value': 0, 'enabled': True}
2025-11-10 18:46:59,873 : INFO : EventManager : Event: ======'logicblock_seq_lock2_updated'====== Args={'value': 0, 'enabled': True}
2025-11-10 18:46:59,873 : INFO : EventManager : Event: ======'logicblock_seq_ready_for_MB_updated'====== Args={'value': 0, 'enabled': True}
2025-11-10 18:46:59,873 : INFO : EventManager : Event: ======'logicblock_seq_lock1_updated'====== Args={'value': 0, 'enabled': True}
2025-11-10 18:46:59,873 : INFO : EventManager : Event: ======'logicblock_seq_lock2_updated'====== Args={'value': 0, 'enabled': True}
2025-11-10 18:46:59,873 : INFO : EventManager : Event: ======'logicblock_seq_ready_for_MB_updated'====== Args={'value': 0, 'enabled': True}
2025-11-10 18:46:59,873 : INFO : Mode.skull : Started. Priority: 200
2025-11-10 18:46:59,874 : INFO : EventManager : Event: ======'modes_active_modes_changed'====== Args={}
2025-11-10 18:46:59,874 : INFO : EventManager : Event: ======'mode_skull_started'====== Args={'priority': 0}
2025-11-10 18:46:59,874 : INFO : EventManager : Event: ======'single_player_ball_started'====== Args={}
2025-11-10 18:46:59,874 : INFO : EventManager : Event: ======'ball_start_target'====== Args={'target': 'playfield'}
2025-11-10 18:46:59,875 : INFO : ball_device.bd_trough : Setting up player-controlled eject. Balls: 1, Target: <playfield.playfield>, player_controlled_eject_event: None
2025-11-10 18:46:59,875 : INFO : ball_device.bd_trough : Adding 1 ball(s) to the eject_queue with target <playfield.playfield>.
2025-11-10 18:46:59,875 : INFO : EventManager : Event: ======'balldevice_balls_available'====== Args={}
2025-11-10 18:46:59,875 : INFO : ball_device.bd_trough : State: waiting_for_target_ready
2025-11-10 18:46:59,875 : INFO : EventManager : Event: ======'balldevice_bd_trough_ball_eject_attempt'====== Args={'balls': 1, 'target': <ball_device.bd_plunger>, 'source': <ball_device.bd_trough>, 'mechanical_eject': False, 'num_attempts': 0}
2025-11-10 18:46:59,876 : INFO : ball_device.bd_plunger : State: waiting_for_ball
2025-11-10 18:46:59,876 : INFO : ball_device.bd_trough : State: ejecting
2025-11-10 18:46:59,876 : INFO : ball_device.bd_trough : Ejecting ball to <ball_device.bd_plunger>
2025-11-10 18:46:59,876 : INFO : EventManager : Event: ======'balldevice_bd_trough_ejecting_ball'====== Args={'balls': 1, 'target': <ball_device.bd_plunger>, 'source': <ball_device.bd_trough>, 'mechanical_eject': False, 'num_attempts': 0}
2025-11-10 18:46:59,876 : INFO : ball_device.bd_trough : Wait for ball to leave device
2025-11-10 18:46:59,876 : INFO : coil.c_trough_eject : Pulsing Driver for 20ms (1.0 pulse_power)
2025-11-10 18:46:59,876 : INFO : SwitchController : <<<<<<< 's_trough1' inactive >>>>>>>
2025-11-10 18:46:59,877 : INFO : ball_device.bd_trough : State: ball_left
2025-11-10 18:46:59,877 : INFO : ball_device.bd_trough : Ball left
2025-11-10 18:46:59,877 : INFO : ball_device.bd_trough : Wait for confirm with timeout 3.0
2025-11-10 18:46:59,978 : INFO : SwitchController : <<<<<<< 's_plunger_lane' active >>>>>>>
2025-11-10 18:46:59,978 : INFO : EventManager : Event: ======'machine_var_audits_switches_s_plunger_lane'====== Args={'value': 879, 'prev_value': 878, 'change': 1}
2025-11-10 18:47:00,006 : INFO : EventManager : Event: ======'slide_base_slide_created'====== Args={'_from_bcp': True}
2025-11-10 18:47:00,006 : INFO : EventManager : Event: ======'slide_attract_inactive'====== Args={'is_removing': True, '_from_bcp': True}
2025-11-10 18:47:00,006 : INFO : EventManager : Event: ======'slide_base_slide_active'====== Args={'original_context': 'base', 'original_calling_context': 'mode_base_started', 'priority': 100.0, 'queue': '<QueuedEvent>', 'player': 1.0, 'ball': 1.0, 'balls_remaining': 2.0, 'is_extra_ball': False, 'cmd': 'slides_play', '_from_bcp': True}
2025-11-10 18:47:00,007 : INFO : EventManager : Event: ======'slide_attract_removed'====== Args={'_from_bcp': True}
2025-11-10 18:47:00,363 : INFO : EventManager : Event: ======'player_bumpers_bumper_timer_tick'====== Args={'value': 1, 'prev_value': 0, 'change': 1, 'player_num': 1}
2025-11-10 18:47:00,364 : INFO : Timer.bumper_timer : Timer Complete
2025-11-10 18:47:00,364 : INFO : Timer.bumper_timer : Stopping Timer
2025-11-10 18:47:00,364 : INFO : EventManager : Event: ======'timer_bumper_timer_stopped'====== Args={'ticks': 1, 'ticks_remaining': 1}
2025-11-10 18:47:00,364 : INFO : EventManager : Event: ======'timer_bumper_timer_complete'====== Args={'ticks': 1, 'ticks_remaining': 1}
2025-11-10 18:47:00,479 : INFO : ball_device.bd_plunger : Received ball from <ball_device.bd_trough>
2025-11-10 18:47:00,479 : INFO : EventManager : Event: ======'balldevice_bd_plunger_ball_enter'====== Args={'new_balls': 1, 'unclaimed_balls': 0, 'new_available_balls': 0, 'device': <ball_device.bd_plunger>}
2025-11-10 18:47:00,479 : INFO : EventManager : Event: ======'balldevice_bd_plunger_ball_entered'====== Args={'new_balls': 0, 'device': <ball_device.bd_plunger>}
2025-11-10 18:47:00,480 : INFO : EventManager : Event: ======'balldevice_bd_plunger_ball_count_changed'====== Args={'balls': 1}
2025-11-10 18:47:00,480 : INFO : ball_device.bd_trough : Got eject confirm
2025-11-10 18:47:00,480 : INFO : ball_device.bd_trough : Eject successful
2025-11-10 18:47:00,480 : INFO : EventManager : Event: ======'balldevice_bd_trough_ball_eject_success'====== Args={'balls': 1, 'target': <ball_device.bd_plunger>}
2025-11-10 18:47:00,480 : INFO : EventManager : Event: ======'balldevice_bd_trough_ball_count_changed'====== Args={'balls': 3}
2025-11-10 18:47:00,480 : INFO : ball_device.bd_trough : State: idle
2025-11-10 18:47:00,480 : INFO : ball_device.bd_plunger : State: waiting_for_target_ready
2025-11-10 18:47:00,481 : INFO : EventManager : Event: ======'balldevice_bd_plunger_ball_eject_attempt'====== Args={'balls': 1, 'target': <playfield.playfield>, 'source': <ball_device.bd_plunger>, 'mechanical_eject': False, 'num_attempts': 0}
2025-11-10 18:47:00,481 : INFO : ball_device.bd_plunger : State: ejecting
2025-11-10 18:47:00,481 : INFO : ball_device.bd_plunger : Ejecting ball to <playfield.playfield>
2025-11-10 18:47:00,481 : INFO : EventManager : Event: ======'balldevice_bd_plunger_ejecting_ball'====== Args={'balls': 1, 'target': <playfield.playfield>, 'source': <ball_device.bd_plunger>, 'mechanical_eject': False, 'num_attempts': 0}
2025-11-10 18:47:00,482 : INFO : ball_device.bd_plunger : Wait for ball to leave device
2025-11-10 18:47:00,482 : INFO : coil.c_plunger : Pulsing Driver for 20ms (1.0 pulse_power)
2025-11-10 18:47:00,482 : INFO : SwitchController : <<<<<<< 's_plunger_lane' inactive >>>>>>>
2025-11-10 18:47:00,482 : INFO : ball_device.bd_plunger : State: ball_left
2025-11-10 18:47:00,482 : INFO : ball_device.bd_plunger : Ball left
2025-11-10 18:47:00,482 : INFO : ball_device.bd_plunger : Wait for confirm with timeout 3.0
2025-11-10 18:47:00,557 : INFO : EventManager : Event: ======'player_base_player_added_timer_tick'====== Args={'value': 1, 'prev_value': 0, 'change': 1, 'player_num': 1}
2025-11-10 18:47:00,557 : INFO : Timer.player_added_timer : Timer Complete
2025-11-10 18:47:00,557 : INFO : Timer.player_added_timer : Stopping Timer
2025-11-10 18:47:00,557 : INFO : EventManager : Event: ======'timer_player_added_timer_stopped'====== Args={'ticks': 1, 'ticks_remaining': 1}
2025-11-10 18:47:00,557 : INFO : EventManager : Event: ======'timer_player_added_timer_complete'====== Args={'ticks': 1, 'ticks_remaining': 1}
2025-11-10 18:47:00,568 : INFO : EventManager : Event: ======'player_csi_lanes_csi_lanes_timer_tick'====== Args={'value': 1, 'prev_value': 0, 'change': 1, 'player_num': 1}
2025-11-10 18:47:00,568 : INFO : Timer.csi_lanes_timer : Timer Complete
2025-11-10 18:47:00,568 : INFO : Timer.csi_lanes_timer : Stopping Timer
2025-11-10 18:47:00,568 : INFO : EventManager : Event: ======'timer_csi_lanes_timer_stopped'====== Args={'ticks': 1, 'ticks_remaining': 1}
2025-11-10 18:47:00,568 : INFO : EventManager : Event: ======'timer_csi_lanes_timer_complete'====== Args={'ticks': 1, 'ticks_remaining': 1}
2025-11-10 18:47:03,483 : INFO : ball_device.bd_plunger : State: failed_confirm
2025-11-10 18:47:03,484 : INFO : ball_device.bd_plunger : Got timeout (3.0s) before confirm from <playfield.playfield>
2025-11-10 18:47:03,585 : INFO : ball_device.bd_plunger : Confirming eject because target is playfield and ball did not return.
2025-11-10 18:47:03,586 : INFO : ball_device.bd_plunger : Eject successful
2025-11-10 18:47:03,586 : INFO : EventManager : Event: ======'balldevice_bd_plunger_ball_eject_success'====== Args={'balls': 1, 'target': <playfield.playfield>}
2025-11-10 18:47:03,586 : INFO : EventManager : Event: ======'balldevice_playfield_ball_enter'====== Args={'new_balls': 1, 'unclaimed_balls': 1, 'device': <playfield.playfield>}
2025-11-10 18:47:03,587 : INFO : EventManager : Event: ======'playfield_ball_count_change'====== Args={'balls': 1, 'change': 1}
2025-11-10 18:47:03,587 : INFO : EventManager : Event: ======'balldevice_bd_plunger_ball_count_changed'====== Args={'balls': 0}
2025-11-10 18:47:03,588 : INFO : ball_device.bd_plunger : State: idle
2025-11-10 18:47:05,055 : INFO : SwitchController : <<<<<<< 's_ramp' active >>>>>>>
2025-11-10 18:47:05,055 : INFO : EventManager : Event: ======'s_ramp_active'====== Args={}
2025-11-10 18:47:05,056 : INFO : EventManager : Event: ======'machine_var_audits_switches_s_ramp'====== Args={'value': 698, 'prev_value': 697, 'change': 1}
2025-11-10 18:47:05,056 : INFO : EventManager : Event: ======'player_skull_ramp_nb'====== Args={'value': 1, 'prev_value': 0, 'change': 1, 'player_num': 1, 'source': 'skull'}
2025-11-10 18:47:05,188 : INFO : SwitchController : <<<<<<< 's_ramp' inactive >>>>>>>
2025-11-10 18:47:05,306 : INFO : SwitchController : <<<<<<< 's_ramp' active >>>>>>>
2025-11-10 18:47:05,306 : INFO : EventManager : Event: ======'s_ramp_active'====== Args={}
2025-11-10 18:47:05,306 : INFO : EventManager : Event: ======'machine_var_audits_switches_s_ramp'====== Args={'value': 699, 'prev_value': 698, 'change': 1}
2025-11-10 18:47:05,307 : INFO : EventManager : Event: ======'player_skull_ramp_nb'====== Args={'value': 2, 'prev_value': 1, 'change': 1, 'player_num': 1, 'source': 'skull'}
2025-11-10 18:47:05,389 : INFO : SwitchController : <<<<<<< 's_ramp' inactive >>>>>>>
2025-11-10 18:47:05,455 : INFO : SwitchController : <<<<<<< 's_ramp' active >>>>>>>
2025-11-10 18:47:05,455 : INFO : EventManager : Event: ======'s_ramp_active'====== Args={}
2025-11-10 18:47:05,455 : INFO : EventManager : Event: ======'machine_var_audits_switches_s_ramp'====== Args={'value': 700, 'prev_value': 699, 'change': 1}
2025-11-10 18:47:05,456 : INFO : EventManager : Event: ======'player_skull_ramp_nb'====== Args={'value': 3, 'prev_value': 2, 'change': 1, 'player_num': 1, 'source': 'skull'}
2025-11-10 18:47:05,538 : INFO : SwitchController : <<<<<<< 's_ramp' inactive >>>>>>>
2025-11-10 18:47:05,588 : INFO : SwitchController : <<<<<<< 's_ramp' active >>>>>>>
2025-11-10 18:47:05,588 : INFO : EventManager : Event: ======'s_ramp_active'====== Args={}
2025-11-10 18:47:05,589 : INFO : EventManager : Event: ======'machine_var_audits_switches_s_ramp'====== Args={'value': 701, 'prev_value': 700, 'change': 1}
2025-11-10 18:47:05,589 : INFO : EventManager : Event: ======'player_skull_ramp_nb'====== Args={'value': 4, 'prev_value': 3, 'change': 1, 'player_num': 1, 'source': 'skull'}
2025-11-10 18:47:05,738 : INFO : SwitchController : <<<<<<< 's_ramp' inactive >>>>>>>
2025-11-10 18:47:05,806 : INFO : SwitchController : <<<<<<< 's_ramp' active >>>>>>>
2025-11-10 18:47:05,806 : INFO : EventManager : Event: ======'s_ramp_active'====== Args={}
2025-11-10 18:47:05,807 : INFO : EventManager : Event: ======'machine_var_audits_switches_s_ramp'====== Args={'value': 702, 'prev_value': 701, 'change': 1}
2025-11-10 18:47:05,807 : INFO : EventManager : Event: ======'player_skull_ramp_nb'====== Args={'value': 5, 'prev_value': 4, 'change': 1, 'player_num': 1, 'source': 'skull'}
2025-11-10 18:47:05,874 : INFO : SwitchController : <<<<<<< 's_ramp' inactive >>>>>>>
2025-11-10 18:47:05,955 : INFO : SwitchController : <<<<<<< 's_ramp' active >>>>>>>
2025-11-10 18:47:05,955 : INFO : EventManager : Event: ======'s_ramp_active'====== Args={}
2025-11-10 18:47:05,955 : INFO : EventManager : Event: ======'machine_var_audits_switches_s_ramp'====== Args={'value': 703, 'prev_value': 702, 'change': 1}
2025-11-10 18:47:05,956 : INFO : EventManager : Event: ======'player_skull_ramp_nb'====== Args={'value': 6, 'prev_value': 5, 'change': 1, 'player_num': 1, 'source': 'skull'}
2025-11-10 18:47:06,023 : INFO : SwitchController : <<<<<<< 's_ramp' inactive >>>>>>>
2025-11-10 18:47:06,104 : INFO : SwitchController : <<<<<<< 's_ramp' active >>>>>>>
2025-11-10 18:47:06,104 : INFO : EventManager : Event: ======'s_ramp_active'====== Args={}
2025-11-10 18:47:06,105 : INFO : EventManager : Event: ======'machine_var_audits_switches_s_ramp'====== Args={'value': 704, 'prev_value': 703, 'change': 1}
2025-11-10 18:47:06,105 : INFO : EventManager : Event: ======'player_skull_ramp_nb'====== Args={'value': 7, 'prev_value': 6, 'change': 1, 'player_num': 1, 'source': 'skull'}
2025-11-10 18:47:06,188 : INFO : SwitchController : <<<<<<< 's_ramp' inactive >>>>>>>
2025-11-10 18:47:06,238 : INFO : SwitchController : <<<<<<< 's_ramp' active >>>>>>>
2025-11-10 18:47:06,238 : INFO : EventManager : Event: ======'s_ramp_active'====== Args={}
2025-11-10 18:47:06,238 : INFO : EventManager : Event: ======'machine_var_audits_switches_s_ramp'====== Args={'value': 705, 'prev_value': 704, 'change': 1}
2025-11-10 18:47:06,238 : INFO : EventManager : Event: ======'player_skull_ramp_nb'====== Args={'value': 8, 'prev_value': 7, 'change': 1, 'player_num': 1, 'source': 'skull'}
2025-11-10 18:47:06,323 : INFO : SwitchController : <<<<<<< 's_ramp' inactive >>>>>>>
2025-11-10 18:47:06,440 : INFO : SwitchController : <<<<<<< 's_ramp' active >>>>>>>
2025-11-10 18:47:06,440 : INFO : EventManager : Event: ======'s_ramp_active'====== Args={}
2025-11-10 18:47:06,441 : INFO : EventManager : Event: ======'machine_var_audits_switches_s_ramp'====== Args={'value': 706, 'prev_value': 705, 'change': 1}
2025-11-10 18:47:06,441 : INFO : EventManager : Event: ======'player_skull_ramp_nb'====== Args={'value': 9, 'prev_value': 8, 'change': 1, 'player_num': 1, 'source': 'skull'}
2025-11-10 18:47:06,538 : INFO : SwitchController : <<<<<<< 's_ramp' inactive >>>>>>>
2025-11-10 18:47:06,607 : INFO : SwitchController : <<<<<<< 's_ramp' active >>>>>>>
2025-11-10 18:47:06,608 : INFO : EventManager : Event: ======'s_ramp_active'====== Args={}
2025-11-10 18:47:06,608 : INFO : EventManager : Event: ======'machine_var_audits_switches_s_ramp'====== Args={'value': 707, 'prev_value': 706, 'change': 1}
2025-11-10 18:47:06,608 : INFO : EventManager : Event: ======'player_skull_ramp_nb'====== Args={'value': 10, 'prev_value': 9, 'change': 1, 'player_num': 1, 'source': 'skull'}
2025-11-10 18:47:06,609 : INFO : EventManager : Event: ======'logicblock_seq_lock1_updated'====== Args={'value': 1, 'enabled': True}
2025-11-10 18:47:06,609 : INFO : EventManager : Event: ======'logicblock_seq_lock1_hit'====== Args={'step': 1}
2025-11-10 18:47:06,739 : INFO : SwitchController : <<<<<<< 's_ramp' inactive >>>>>>>
2025-11-10 18:47:06,807 : INFO : SwitchController : <<<<<<< 's_ramp' active >>>>>>>
2025-11-10 18:47:06,807 : INFO : EventManager : Event: ======'s_ramp_active'====== Args={}
2025-11-10 18:47:06,808 : INFO : EventManager : Event: ======'machine_var_audits_switches_s_ramp'====== Args={'value': 708, 'prev_value': 707, 'change': 1}
2025-11-10 18:47:06,809 : INFO : EventManager : Event: ======'player_skull_ramp_nb'====== Args={'value': 11, 'prev_value': 10, 'change': 1, 'player_num': 1, 'source': 'skull'}
2025-11-10 18:47:06,956 : INFO : SwitchController : <<<<<<< 's_ramp' inactive >>>>>>>
2025-11-10 18:47:07,045 : INFO : SwitchController : <<<<<<< 's_ramp' active >>>>>>>
2025-11-10 18:47:07,045 : INFO : EventManager : Event: ======'s_ramp_active'====== Args={}
2025-11-10 18:47:07,046 : INFO : EventManager : Event: ======'machine_var_audits_switches_s_ramp'====== Args={'value': 709, 'prev_value': 708, 'change': 1}
2025-11-10 18:47:07,046 : INFO : EventManager : Event: ======'player_skull_ramp_nb'====== Args={'value': 12, 'prev_value': 11, 'change': 1, 'player_num': 1, 'source': 'skull'}
2025-11-10 18:47:07,154 : INFO : SwitchController : <<<<<<< 's_ramp' inactive >>>>>>>
2025-11-10 18:47:08,089 : INFO : SwitchController : <<<<<<< 's_skull_lock1' active >>>>>>>
2025-11-10 18:47:08,089 : INFO : EventManager : Event: ======'s_skull_lock1_active'====== Args={}
2025-11-10 18:47:08,090 : INFO : EventManager : Event: ======'machine_var_audits_switches_s_skull_lock1'====== Args={'value': 45, 'prev_value': 44, 'change': 1}
2025-11-10 18:47:08,091 : INFO : EventManager : Event: ======'logicblock_seq_lock1_updated'====== Args={'value': 2, 'enabled': True}
2025-11-10 18:47:08,091 : INFO : EventManager : Event: ======'logicblock_seq_lock1_hit'====== Args={'step': 2}
2025-11-10 18:47:08,091 : INFO : EventManager : Event: ======'seq_lock1_done'====== Args={}
2025-11-10 18:47:08,098 : INFO : EventManager : Event: ======'logicblock_seq_lock1_updated'====== Args={'value': 0, 'enabled': True}
2025-11-10 18:47:08,098 : INFO : EventManager : Event: ======'logicblock_seq_lock2_updated'====== Args={'value': 1, 'enabled': True}
2025-11-10 18:47:08,098 : INFO : EventManager : Event: ======'logicblock_seq_lock2_hit'====== Args={'step': 1}
2025-11-10 18:47:08,206 : INFO : SwitchController : <<<<<<< 's_skull_lock1' inactive >>>>>>>
2025-11-10 18:47:08,941 : INFO : SwitchController : <<<<<<< 's_skull_lock2' active >>>>>>>
2025-11-10 18:47:08,941 : INFO : EventManager : Event: ======'s_skull_lock2_active'====== Args={}
2025-11-10 18:47:08,942 : INFO : EventManager : Event: ======'machine_var_audits_switches_s_skull_lock2'====== Args={'value': 48, 'prev_value': 47, 'change': 1}
2025-11-10 18:47:08,942 : INFO : EventManager : Event: ======'logicblock_seq_lock2_updated'====== Args={'value': 2, 'enabled': True}
2025-11-10 18:47:08,942 : INFO : EventManager : Event: ======'logicblock_seq_lock2_hit'====== Args={'step': 2}
2025-11-10 18:47:08,943 : INFO : EventManager : Event: ======'seq_lock2_done'====== Args={}
2025-11-10 18:47:08,943 : INFO : EventManager : Event: ======'logicblock_seq_lock2_updated'====== Args={'value': 0, 'enabled': True}
2025-11-10 18:47:08,943 : INFO : EventManager : Event: ======'timer_pause_timer_tick'====== Args={'ticks': 0, 'ticks_remaining': 1}
2025-11-10 18:47:08,944 : INFO : EventManager : Event: ======'logicblock_seq_ready_for_MB_updated'====== Args={'value': 1, 'enabled': True}
2025-11-10 18:47:08,944 : INFO : EventManager : Event: ======'logicblock_seq_ready_for_MB_hit'====== Args={'step': 1}
2025-11-10 18:47:09,071 : INFO : SwitchController : <<<<<<< 's_skull_lock2' inactive >>>>>>>
2025-11-10 18:47:11,086 : INFO : SwitchController : <<<<<<< 's_left_flipper' active >>>>>>>
2025-11-10 18:47:11,086 : INFO : EventManager : Event: ======'s_left_flipper_active'====== Args={}
2025-11-10 18:47:11,087 : INFO : EventManager : Event: ======'machine_var_audits_switches_s_left_flipper'====== Args={'value': 435, 'prev_value': 434, 'change': 1}
2025-11-10 18:47:11,088 : INFO : SwitchController : <<<<<<< 's_right_flipper' active >>>>>>>
2025-11-10 18:47:11,088 : INFO : EventManager : Event: ======'s_right_flipper_active'====== Args={}
2025-11-10 18:47:11,089 : INFO : EventManager : Event: ======'flipper_cancel'====== Args={'triggering_group': 2, 'triggering_switch': 's_right_flipper'}
2025-11-10 18:47:11,089 : INFO : EventManager : Event: ======'machine_var_audits_switches_s_right_flipper'====== Args={'value': 713, 'prev_value': 712, 'change': 1}
2025-11-10 18:47:11,185 : INFO : SwitchController : <<<<<<< 's_left_flipper' inactive >>>>>>>
2025-11-10 18:47:11,186 : INFO : EventManager : Event: ======'both_flippers_one'====== Args={'triggering_group': 1, 'triggering_switch': 's_left_flipper'}
2025-11-10 18:47:11,186 : INFO : EventManager : Event: ======'player_skull_pause_timer_tick'====== Args={'value': 10, 'prev_value': 0, 'change': 10, 'player_num': 1}
2025-11-10 18:47:11,186 : INFO : EventManager : Event: ======'timer_pause_timer_time_added'====== Args={'ticks': 10, 'ticks_added': 0, 'ticks_remaining': 1}
2025-11-10 18:47:11,186 : INFO : Timer.pause_timer : Timer Complete
2025-11-10 18:47:11,186 : INFO : Timer.pause_timer : Stopping Timer
2025-11-10 18:47:11,187 : INFO : EventManager : Event: ======'timer_pause_timer_stopped'====== Args={'ticks': 10, 'ticks_remaining': 1}
2025-11-10 18:47:11,187 : INFO : EventManager : Event: ======'timer_pause_timer_complete'====== Args={'ticks': 10, 'ticks_remaining': 1}
2025-11-10 18:47:11,187 : INFO : EventManager : Event: ======'logicblock_seq_ready_for_MB_updated'====== Args={'value': 2, 'enabled': True}
2025-11-10 18:47:11,187 : INFO : EventManager : Event: ======'logicblock_seq_ready_for_MB_hit'====== Args={'step': 2}
2025-11-10 18:47:11,187 : INFO : EventManager : Event: ======'seq_ready_for_multiball_done'====== Args={}
2025-11-10 18:47:11,187 : INFO : EventManager : Event: ======'logicblock_seq_ready_for_MB_updated'====== Args={'value': 0, 'enabled': True}
2025-11-10 18:47:11,187 : INFO : EventManager : Event: ======'player_skull_ramp_nb'====== Args={'value': 0, 'prev_value': 12, 'change': -12, 'player_num': 1, 'source': 'skull'}
2025-11-10 18:47:11,188 : INFO : SwitchController : <<<<<<< 's_right_flipper' inactive >>>>>>>
2025-11-10 18:47:11,188 : INFO : EventManager : Event: ======'both_flippers_inactive'====== Args={'triggering_group': 2, 'triggering_switch': 's_right_flipper'}
2025-11-10 18:47:11,217 : INFO : EventManager : Event: ======'widget_skull_start_multiball_widget_active'====== Args={'original_context': 'skull', 'original_calling_context': 'seq_ready_for_multiball_done', 'priority': 200.0, 'cmd': 'widgets_play', '_from_bcp': True}
2025-11-10 18:47:26,747 : INFO : Machine : Shutting down...
2025-11-10 18:47:26,747 : INFO : EventManager : Event: ======'shutdown'====== Args={}
2025-11-10 18:47:26,749 : INFO : EventManager : Event: ======'mode_game_will_stop'====== Args={}
2025-11-10 18:47:26,749 : INFO : EventManager : Event: ======'mode_game_stopping'====== Args={}
2025-11-10 18:47:26,749 : INFO : EventManager : Event: ======'mode_csi_lanes_will_stop'====== Args={}
2025-11-10 18:47:26,749 : INFO : EventManager : Event: ======'mode_csi_lanes_stopping'====== Args={}
2025-11-10 18:47:26,749 : INFO : EventManager : Event: ======'mode_bumpers_will_stop'====== Args={}
2025-11-10 18:47:26,749 : INFO : EventManager : Event: ======'mode_bumpers_stopping'====== Args={}
2025-11-10 18:47:26,750 : INFO : EventManager : Event: ======'mode_base_will_stop'====== Args={}
2025-11-10 18:47:26,750 : INFO : EventManager : Event: ======'mode_base_stopping'====== Args={}
2025-11-10 18:47:26,750 : INFO : EventManager : Event: ======'mode_skull_will_stop'====== Args={}
2025-11-10 18:47:26,750 : INFO : EventManager : Event: ======'mode_skull_stopping'====== Args={}
2025-11-10 18:47:26,750 : INFO : EventManager : Event: ======'stop_mode_bumpers'====== Args={'priority': 0}
2025-11-10 18:47:26,750 : INFO : EventManager : Event: ======'stop_mode_csi_lanes'====== Args={'priority': 0}
2025-11-10 18:47:26,750 : INFO : EventManager : Event: ======'stop_mode_skull'====== Args={'priority': 0}
2025-11-10 18:47:26,750 : INFO : Mode.skull : Stopped.
2025-11-10 18:47:26,750 : INFO : EventManager : Event: ======'modes_active_modes_changed'====== Args={}
2025-11-10 18:47:26,751 : INFO : EventManager : Event: ======'mode_skull_stopped'====== Args={}
2025-11-10 18:47:26,751 : INFO : EventManager : Event: ======'clear'====== Args={'key': 'skull'}
2025-11-10 18:47:26,751 : INFO : Timer.pause_timer : Stopping Timer
2025-11-10 18:47:26,751 : INFO : EventManager : Event: ======'timer_pause_timer_stopped'====== Args={'ticks': 10, 'ticks_remaining': 1}
2025-11-10 18:47:26,751 : INFO : Mode.base : Stopped.
2025-11-10 18:47:26,751 : INFO : EventManager : Event: ======'modes_active_modes_changed'====== Args={}
2025-11-10 18:47:26,751 : INFO : EventManager : Event: ======'mode_base_stopped'====== Args={}
2025-11-10 18:47:26,751 : INFO : EventManager : Event: ======'clear'====== Args={'key': 'base'}
2025-11-10 18:47:26,751 : INFO : Timer.player_added_timer : Stopping Timer
2025-11-10 18:47:26,751 : INFO : EventManager : Event: ======'timer_player_added_timer_stopped'====== Args={'ticks': 1, 'ticks_remaining': 1}
2025-11-10 18:47:26,751 : INFO : Mode.bumpers : Stopped.
2025-11-10 18:47:26,751 : INFO : EventManager : Event: ======'modes_active_modes_changed'====== Args={}
2025-11-10 18:47:26,751 : INFO : EventManager : Event: ======'mode_bumpers_stopped'====== Args={}
2025-11-10 18:47:26,751 : INFO : EventManager : Event: ======'clear'====== Args={'key': 'bumpers'}
2025-11-10 18:47:26,752 : INFO : Timer.bumper_timer : Stopping Timer
2025-11-10 18:47:26,752 : INFO : EventManager : Event: ======'timer_bumper_timer_stopped'====== Args={'ticks': 1, 'ticks_remaining': 1}
2025-11-10 18:47:26,752 : INFO : Mode.csi_lanes : Stopped.
2025-11-10 18:47:26,752 : INFO : EventManager : Event: ======'modes_active_modes_changed'====== Args={}
2025-11-10 18:47:26,752 : INFO : EventManager : Event: ======'mode_csi_lanes_stopped'====== Args={}
2025-11-10 18:47:26,752 : INFO : EventManager : Event: ======'clear'====== Args={'key': 'csi_lanes'}
2025-11-10 18:47:26,753 : INFO : Timer.csi_lanes_timer : Stopping Timer
2025-11-10 18:47:26,753 : INFO : EventManager : Event: ======'timer_csi_lanes_timer_stopped'====== Args={'ticks': 1, 'ticks_remaining': 1}
2025-11-10 18:47:26,753 : INFO : Timer.csi_right_orbit_timer : Stopping Timer
2025-11-10 18:47:26,753 : INFO : EventManager : Event: ======'timer_csi_right_orbit_timer_stopped'====== Args={'ticks': 0, 'ticks_remaining': 0}
2025-11-10 18:47:26,754 : INFO : Mode.game : Stopped.
2025-11-10 18:47:26,754 : INFO : EventManager : Event: ======'modes_active_modes_changed'====== Args={}
2025-11-10 18:47:26,754 : INFO : EventManager : Event: ======'mode_game_stopped'====== Args={}
2025-11-10 18:47:26,754 : INFO : EventManager : Event: ======'clear'====== Args={'key': 'game'}
2025-11-10 18:47:26,758 : INFO : root : MPF run loop ended.
