2025-10-12 23:24:35,149 : INFO : root : Loading config.
2025-10-12 23:24:35,150 : INFO : YamlMultifileConfigLoader : Machine config file #1: config.yaml
2025-10-12 23:24:35,150 : INFO : ConfigProcessor : Loading config from cache: /var/folders/m3/0d4y64_n3fn8tnkv3ydlhztw0000gn/T/5ca32a6c950d03116abbed96ca44d372.mpf_cache
2025-10-12 23:24:35,162 : INFO : ConfigProcessor : Loading config from cache: /var/folders/m3/0d4y64_n3fn8tnkv3ydlhztw0000gn/T/01c495fa7450a81b4be96cb699872531.mpf_cache
2025-10-12 23:24:35,162 : INFO : ConfigProcessor : Loading config from cache: /var/folders/m3/0d4y64_n3fn8tnkv3ydlhztw0000gn/T/bfde29b5bb803376b0637bb8f0da27a7.mpf_cache
2025-10-12 23:24:35,162 : INFO : ConfigProcessor : Loading config from cache: /var/folders/m3/0d4y64_n3fn8tnkv3ydlhztw0000gn/T/01c495fa7450a81b4be96cb699872531.mpf_cache
2025-10-12 23:24:35,162 : INFO : ConfigProcessor : Loading config from file /Users/didiergilbin/Desktop/Homebrew_CSI/modes/attract_mode/config/attract_mode.yaml.
2025-10-12 23:24:35,163 : INFO : ConfigProcessor : Loading config: /Users/didiergilbin/Desktop/Homebrew_CSI/modes/attract_mode/config/attract_mode.yaml
2025-10-12 23:24:35,163 : INFO : ConfigProcessor : Config file cache created: /var/folders/m3/0d4y64_n3fn8tnkv3ydlhztw0000gn/T/a86ae0cc98eb736a88bf7d473f69ea1c.mpf_cache
2025-10-12 23:24:35,163 : INFO : ConfigProcessor : Loading config from cache: /var/folders/m3/0d4y64_n3fn8tnkv3ydlhztw0000gn/T/3ae89e09515ff8d8b11d68f672b2cc51.mpf_cache
2025-10-12 23:24:35,163 : INFO : Machine : Mission Pinball Framework Core Engine v0.80.0.dev10
2025-10-12 23:24:35,163 : INFO : Machine : Command line arguments: {'no_load_cache': False, 'create_config_cache': True, 'bcp': True, 'configfile': ['config.yaml'], 'force_assets_load': False, 'platform_integration_test': False, 'jsonlogging': False, 'logfile': 'logs/2025-10-12-23-24-35-mpf-mac.home.log', 'pause': False, 'production': False, 'text_ui': True, 'loglevel': 15, 'consoleloglevel': 20, 'force_platform': 'smart_virtual', 'syslog_address': None, 'full_logfile_path': '/Users/didiergilbin/Desktop/Homebrew_CSI/logs/2025-10-12-23-24-35-mpf-mac.home.log'}
2025-10-12 23:24:35,163 : INFO : Machine : MPF path: /Users/didiergilbin/mpfenv/lib/python3.13/site-packages/mpf
2025-10-12 23:24:35,163 : INFO : Machine : Machine path: /Users/didiergilbin/Desktop/Homebrew_CSI
2025-10-12 23:24:35,163 : INFO : Machine : Platform: darwin
2025-10-12 23:24:35,163 : INFO : Machine : Python executable location: /Users/didiergilbin/mpfenv/bin/python3.13
2025-10-12 23:24:35,163 : INFO : Machine : Python version: 3.13.7 (64-bit)
2025-10-12 23:24:35,163 : INFO : Machine : Initializing MPF...
2025-10-12 23:24:35,179 : INFO : EventManager : Event: ======'machine_var_credits_string'====== Args={'value': 'FREE PLAY', 'prev_value': None, 'change': True}
2025-10-12 23:24:35,182 : INFO : EventManager : Event: ======'machine_var_master_volume'====== Args={'value': 0.5, 'prev_value': None, 'change': True}
2025-10-12 23:24:35,182 : INFO : EventManager : Event: ======'machine_var_mpf_version'====== Args={'value': 'Mission Pinball Framework v0.80.0.dev10', 'prev_value': None, 'change': True}
2025-10-12 23:24:35,182 : INFO : EventManager : Event: ======'machine_var_mpf_extended_version'====== Args={'value': 'Mission Pinball Framework v0.80.0.dev10, Config version:6, Show version: 6, BCP version:1.1', 'prev_value': None, 'change': True}
2025-10-12 23:24:35,182 : INFO : EventManager : Event: ======'machine_var_python_version'====== Args={'value': '3.13.7', 'prev_value': None, 'change': True}
2025-10-12 23:24:35,188 : INFO : EventManager : Event: ======'machine_var_platform'====== Args={'value': 'macOS-15.6.1-arm64-arm-64bit-Mach-O', 'prev_value': None, 'change': True}
2025-10-12 23:24:35,188 : INFO : EventManager : Event: ======'machine_var_platform_system'====== Args={'value': 'Darwin', 'prev_value': None, 'change': True}
2025-10-12 23:24:35,188 : INFO : EventManager : Event: ======'machine_var_platform_release'====== Args={'value': '24.6.0', 'prev_value': None, 'change': True}
2025-10-12 23:24:35,188 : INFO : EventManager : Event: ======'machine_var_platform_version'====== Args={'value': 'Darwin Kernel Version 24.6.0: Mon Jul 14 11:30:40 PDT 2025; root:xnu-11417.140.69~1/RELEASE_ARM64_T8132', 'prev_value': None, 'change': True}
2025-10-12 23:24:35,188 : INFO : EventManager : Event: ======'machine_var_platform_machine'====== Args={'value': 'arm64', 'prev_value': None, 'change': True}
2025-10-12 23:24:35,188 : INFO : EventManager : Event: ======'machine_var_log_file_path'====== Args={'value': '/Users/didiergilbin/Desktop/Homebrew_CSI/logs/2025-10-12-23-24-35-mpf-mac.home.log', 'prev_value': None, 'change': True}
2025-10-12 23:24:35,188 : INFO : EventManager : Event: ======'init_phase_1'====== Args={}
2025-10-12 23:24:35,191 : INFO : EventManager : Event: ======'init_phase_2'====== Args={}
2025-10-12 23:24:35,192 : INFO : EventManager : Event: ======'bcp_connection_attempt'====== Args={'name': 'local_display', 'host': 'localhost', 'port': 5050}
2025-10-12 23:24:35,193 : INFO : BCPClientSocket : Connecting BCP to 'local_display' at localhost:5050...
2025-10-12 23:24:35,195 : INFO : BCPClientSocket : Connected BCP to 'local_display' localhost:5050
2025-10-12 23:24:35,195 : INFO : EventManager : Event: ======'bcp_clients_connected'====== Args={}
2025-10-12 23:24:35,196 : INFO : EventManager : Event: ======'init_phase_3'====== Args={}
2025-10-12 23:24:35,197 : INFO : EventManager : Event: ======'init_phase_4'====== Args={}
2025-10-12 23:24:35,197 : INFO : EventManager : Event: ======'machine_var_audits_switches_s_sling_left'====== Args={'value': 0, 'prev_value': None, 'change': True}
2025-10-12 23:24:35,197 : INFO : EventManager : Event: ======'machine_var_audits_switches_s_left_flipper'====== Args={'value': 0, 'prev_value': None, 'change': True}
2025-10-12 23:24:35,197 : INFO : EventManager : Event: ======'machine_var_audits_switches_s_right_flipper'====== Args={'value': 0, 'prev_value': None, 'change': True}
2025-10-12 23:24:35,197 : INFO : EventManager : Event: ======'machine_var_audits_switches_s_sling_right'====== Args={'value': 0, 'prev_value': None, 'change': True}
2025-10-12 23:24:35,197 : INFO : EventManager : Event: ======'machine_var_audits_events_game_started'====== Args={'value': 0, 'prev_value': None, 'change': True}
2025-10-12 23:24:35,197 : INFO : EventManager : Event: ======'machine_var_audits_events_game_ended'====== Args={'value': 0, 'prev_value': None, 'change': True}
2025-10-12 23:24:35,197 : INFO : EventManager : Event: ======'machine_var_audits_player_score'====== Args={'value': {'top': [], 'average': 0, 'total': 0}, 'prev_value': None, 'change': True}
2025-10-12 23:24:35,197 : INFO : EventManager : Event: ======'init_phase_5'====== Args={}
2025-10-12 23:24:35,197 : INFO : EventManager : Event: ======'init_done'====== Args={}
2025-10-12 23:24:35,197 : INFO : EventManager : Event: ======'machine_reset_phase_1'====== Args={}
2025-10-12 23:24:35,210 : INFO : EventManager : Event: ======'machine_reset_phase_2'====== Args={}
2025-10-12 23:24:35,210 : INFO : EventManager : Event: ======'machine_reset_phase_3'====== Args={}
2025-10-12 23:24:35,210 : INFO : EventManager : Event: ======'reset_complete'====== Args={}
2025-10-12 23:24:35,210 : INFO : EventManager : Event: ======'mode_attract_will_start'====== Args={}
2025-10-12 23:24:35,210 : INFO : EventManager : Event: ======'mode_attract_starting'====== Args={}
2025-10-12 23:24:35,210 : INFO : Mode.attract : Started. Priority: 10
2025-10-12 23:24:35,211 : INFO : EventManager : Event: ======'modes_active_modes_changed'====== Args={}
2025-10-12 23:24:35,211 : INFO : EventManager : Event: ======'mode_attract_started'====== Args={}
2025-10-12 23:24:35,211 : INFO : EventManager : Event: ======'mode_attract_mode_will_start'====== Args={}
2025-10-12 23:24:35,211 : INFO : EventManager : Event: ======'mode_attract_mode_starting'====== Args={}
2025-10-12 23:24:35,211 : INFO : Mode.attract_mode : Started. Priority: 100
2025-10-12 23:24:35,211 : INFO : EventManager : Event: ======'modes_active_modes_changed'====== Args={}
2025-10-12 23:24:35,211 : INFO : EventManager : Event: ======'mode_attract_mode_started'====== Args={}
2025-10-12 23:24:35,211 : INFO : EventManager : Event: ======'carousel_item_highlighted'====== Args={'carousel': 'attract_mode', 'direction': None, 'item': 'gameover'}
2025-10-12 23:24:35,211 : INFO : EventManager : Event: ======'collecting_balls_complete'====== Args={}
2025-10-12 23:24:35,211 : INFO : Machine : Starting the main run loop with active modes: [<Mode.attract_mode>, <Mode.attract>]
2025-10-12 23:24:35,257 : INFO : EventManager : Event: ======'slide_attract_created'====== Args={'_from_bcp': True}
2025-10-12 23:24:35,258 : INFO : EventManager : Event: ======'slide__removed'====== Args={'_from_bcp': True}
2025-10-12 23:24:35,258 : INFO : EventManager : Event: ======'slide_attract_active'====== Args={'original_context': 'attract', 'original_calling_context': 'mode_attract_started', 'priority': 10.0, 'cmd': 'slides_play', '_from_bcp': True}
2025-10-12 23:24:40,909 : INFO : SwitchController : <<<<<<< 's_right_flipper' active >>>>>>>
2025-10-12 23:24:41,026 : INFO : SwitchController : <<<<<<< 's_right_flipper' inactive >>>>>>>
2025-10-12 23:24:41,642 : INFO : SwitchController : <<<<<<< 's_right_flipper' active >>>>>>>
2025-10-12 23:24:41,826 : INFO : SwitchController : <<<<<<< 's_right_flipper' inactive >>>>>>>
2025-10-12 23:24:41,942 : INFO : SwitchController : <<<<<<< 's_left_flipper' active >>>>>>>
2025-10-12 23:24:42,143 : INFO : SwitchController : <<<<<<< 's_left_flipper' inactive >>>>>>>
2025-10-12 23:24:42,525 : INFO : SwitchController : <<<<<<< 's_left_flipper' active >>>>>>>
2025-10-12 23:24:42,692 : INFO : SwitchController : <<<<<<< 's_left_flipper' inactive >>>>>>>
2025-10-12 23:24:42,693 : INFO : SwitchController : <<<<<<< 's_right_flipper' active >>>>>>>
2025-10-12 23:24:42,842 : INFO : SwitchController : <<<<<<< 's_right_flipper' inactive >>>>>>>
2025-10-12 23:24:42,859 : INFO : SwitchController : <<<<<<< 's_left_flipper' active >>>>>>>
2025-10-12 23:24:43,042 : INFO : SwitchController : <<<<<<< 's_left_flipper' inactive >>>>>>>
2025-10-12 23:24:43,076 : INFO : SwitchController : <<<<<<< 's_right_flipper' active >>>>>>>
2025-10-12 23:24:43,192 : INFO : SwitchController : <<<<<<< 's_left_flipper' active >>>>>>>
2025-10-12 23:24:43,192 : INFO : EventManager : Event: ======'flipper_cancel'====== Args={'triggering_group': 1, 'triggering_switch': 's_left_flipper'}
2025-10-12 23:24:43,209 : INFO : SwitchController : <<<<<<< 's_right_flipper' inactive >>>>>>>
2025-10-12 23:24:43,209 : INFO : EventManager : Event: ======'both_flippers_one'====== Args={'triggering_group': 2, 'triggering_switch': 's_right_flipper'}
2025-10-12 23:24:43,492 : INFO : SwitchController : <<<<<<< 's_left_flipper' inactive >>>>>>>
2025-10-12 23:24:43,493 : INFO : EventManager : Event: ======'both_flippers_inactive'====== Args={'triggering_group': 1, 'triggering_switch': 's_left_flipper'}
2025-10-12 23:24:43,592 : INFO : SwitchController : <<<<<<< 's_right_flipper' active >>>>>>>
2025-10-12 23:24:43,609 : INFO : SwitchController : <<<<<<< 's_left_flipper' active >>>>>>>
2025-10-12 23:24:43,609 : INFO : EventManager : Event: ======'flipper_cancel'====== Args={'triggering_group': 1, 'triggering_switch': 's_left_flipper'}
2025-10-12 23:24:43,692 : INFO : SwitchController : <<<<<<< 's_right_flipper' inactive >>>>>>>
2025-10-12 23:24:43,693 : INFO : EventManager : Event: ======'both_flippers_one'====== Args={'triggering_group': 2, 'triggering_switch': 's_right_flipper'}
2025-10-12 23:24:43,726 : INFO : SwitchController : <<<<<<< 's_left_flipper' inactive >>>>>>>
2025-10-12 23:24:43,726 : INFO : EventManager : Event: ======'both_flippers_inactive'====== Args={'triggering_group': 1, 'triggering_switch': 's_left_flipper'}
2025-10-12 23:24:43,842 : INFO : SwitchController : <<<<<<< 's_right_flipper' active >>>>>>>
2025-10-12 23:24:43,893 : INFO : SwitchController : <<<<<<< 's_left_flipper' active >>>>>>>
2025-10-12 23:24:43,893 : INFO : EventManager : Event: ======'flipper_cancel'====== Args={'triggering_group': 1, 'triggering_switch': 's_left_flipper'}
2025-10-12 23:24:43,909 : INFO : SwitchController : <<<<<<< 's_right_flipper' inactive >>>>>>>
2025-10-12 23:24:43,909 : INFO : EventManager : Event: ======'both_flippers_one'====== Args={'triggering_group': 2, 'triggering_switch': 's_right_flipper'}
2025-10-12 23:24:44,025 : INFO : SwitchController : <<<<<<< 's_left_flipper' inactive >>>>>>>
2025-10-12 23:24:44,026 : INFO : EventManager : Event: ======'both_flippers_inactive'====== Args={'triggering_group': 1, 'triggering_switch': 's_left_flipper'}
2025-10-12 23:24:44,092 : INFO : SwitchController : <<<<<<< 's_right_flipper' active >>>>>>>
2025-10-12 23:24:44,209 : INFO : SwitchController : <<<<<<< 's_right_flipper' inactive >>>>>>>
2025-10-12 23:24:44,276 : INFO : SwitchController : <<<<<<< 's_left_flipper' active >>>>>>>
2025-10-12 23:24:44,426 : INFO : SwitchController : <<<<<<< 's_left_flipper' inactive >>>>>>>
2025-10-12 23:24:44,526 : INFO : SwitchController : <<<<<<< 's_right_flipper' active >>>>>>>
2025-10-12 23:24:44,559 : INFO : SwitchController : <<<<<<< 's_left_flipper' active >>>>>>>
2025-10-12 23:24:44,560 : INFO : EventManager : Event: ======'flipper_cancel'====== Args={'triggering_group': 1, 'triggering_switch': 's_left_flipper'}
2025-10-12 23:24:44,626 : INFO : SwitchController : <<<<<<< 's_right_flipper' inactive >>>>>>>
2025-10-12 23:24:44,626 : INFO : EventManager : Event: ======'both_flippers_one'====== Args={'triggering_group': 2, 'triggering_switch': 's_right_flipper'}
2025-10-12 23:24:44,627 : INFO : SwitchController : <<<<<<< 's_left_flipper' inactive >>>>>>>
2025-10-12 23:24:44,627 : INFO : EventManager : Event: ======'both_flippers_inactive'====== Args={'triggering_group': 1, 'triggering_switch': 's_left_flipper'}
2025-10-12 23:24:44,742 : INFO : SwitchController : <<<<<<< 's_right_flipper' active >>>>>>>
2025-10-12 23:24:44,825 : INFO : SwitchController : <<<<<<< 's_right_flipper' inactive >>>>>>>
2025-10-12 23:24:44,942 : INFO : SwitchController : <<<<<<< 's_left_flipper' active >>>>>>>
2025-10-12 23:24:44,976 : INFO : SwitchController : <<<<<<< 's_right_flipper' active >>>>>>>
2025-10-12 23:24:44,976 : INFO : EventManager : Event: ======'flipper_cancel'====== Args={'triggering_group': 2, 'triggering_switch': 's_right_flipper'}
2025-10-12 23:24:45,059 : INFO : SwitchController : <<<<<<< 's_left_flipper' inactive >>>>>>>
2025-10-12 23:24:45,059 : INFO : EventManager : Event: ======'both_flippers_one'====== Args={'triggering_group': 1, 'triggering_switch': 's_left_flipper'}
2025-10-12 23:24:45,076 : INFO : SwitchController : <<<<<<< 's_right_flipper' inactive >>>>>>>
2025-10-12 23:24:45,076 : INFO : EventManager : Event: ======'both_flippers_inactive'====== Args={'triggering_group': 2, 'triggering_switch': 's_right_flipper'}
2025-10-12 23:24:45,109 : INFO : SwitchController : <<<<<<< 's_right_flipper' active >>>>>>>
2025-10-12 23:24:45,209 : INFO : SwitchController : <<<<<<< 's_left_flipper' active >>>>>>>
2025-10-12 23:24:45,209 : INFO : EventManager : Event: ======'flipper_cancel'====== Args={'triggering_group': 1, 'triggering_switch': 's_left_flipper'}
2025-10-12 23:24:45,242 : INFO : SwitchController : <<<<<<< 's_right_flipper' inactive >>>>>>>
2025-10-12 23:24:45,243 : INFO : EventManager : Event: ======'both_flippers_one'====== Args={'triggering_group': 2, 'triggering_switch': 's_right_flipper'}
2025-10-12 23:24:45,509 : INFO : SwitchController : <<<<<<< 's_right_flipper' active >>>>>>>
2025-10-12 23:24:45,509 : INFO : EventManager : Event: ======'flipper_cancel'====== Args={'triggering_group': 2, 'triggering_switch': 's_right_flipper'}
2025-10-12 23:24:45,809 : INFO : SwitchController : <<<<<<< 's_left_flipper' inactive >>>>>>>
2025-10-12 23:24:45,809 : INFO : EventManager : Event: ======'both_flippers_one'====== Args={'triggering_group': 1, 'triggering_switch': 's_left_flipper'}
2025-10-12 23:24:46,059 : INFO : SwitchController : <<<<<<< 's_left_flipper' active >>>>>>>
2025-10-12 23:24:46,059 : INFO : EventManager : Event: ======'flipper_cancel'====== Args={'triggering_group': 1, 'triggering_switch': 's_left_flipper'}
2025-10-12 23:24:46,076 : INFO : SwitchController : <<<<<<< 's_right_flipper' inactive >>>>>>>
2025-10-12 23:24:46,077 : INFO : EventManager : Event: ======'both_flippers_one'====== Args={'triggering_group': 2, 'triggering_switch': 's_right_flipper'}
2025-10-12 23:24:46,259 : INFO : SwitchController : <<<<<<< 's_right_flipper' active >>>>>>>
2025-10-12 23:24:46,259 : INFO : EventManager : Event: ======'flipper_cancel'====== Args={'triggering_group': 2, 'triggering_switch': 's_right_flipper'}
2025-10-12 23:24:46,342 : INFO : SwitchController : <<<<<<< 's_left_flipper' inactive >>>>>>>
2025-10-12 23:24:46,342 : INFO : EventManager : Event: ======'both_flippers_one'====== Args={'triggering_group': 1, 'triggering_switch': 's_left_flipper'}
2025-10-12 23:24:46,392 : INFO : SwitchController : <<<<<<< 's_right_flipper' inactive >>>>>>>
2025-10-12 23:24:46,393 : INFO : EventManager : Event: ======'both_flippers_inactive'====== Args={'triggering_group': 2, 'triggering_switch': 's_right_flipper'}
2025-10-12 23:24:46,576 : INFO : SwitchController : <<<<<<< 's_right_flipper' active >>>>>>>
2025-10-12 23:24:46,759 : INFO : SwitchController : <<<<<<< 's_right_flipper' inactive >>>>>>>
2025-10-12 23:24:46,776 : INFO : SwitchController : <<<<<<< 's_left_flipper' active >>>>>>>
2025-10-12 23:24:47,025 : INFO : SwitchController : <<<<<<< 's_left_flipper' inactive >>>>>>>
2025-10-12 23:26:26,172 : INFO : Machine : Shutting down...
2025-10-12 23:26:26,172 : INFO : EventManager : Event: ======'shutdown'====== Args={}
2025-10-12 23:26:26,174 : INFO : root : MPF run loop ended.
