2025-10-30 00:32:50,156 : INFO : root : Loading config.
2025-10-30 00:32:50,157 : INFO : YamlMultifileConfigLoader : Machine config file #1: config.yaml
2025-10-30 00:32:50,157 : INFO : ConfigProcessor : Loading config from cache: /var/folders/m3/0d4y64_n3fn8tnkv3ydlhztw0000gn/T/5ca32a6c950d03116abbed96ca44d372.mpf_cache
2025-10-30 00:32:50,169 : INFO : ConfigProcessor : Loading config from cache: /var/folders/m3/0d4y64_n3fn8tnkv3ydlhztw0000gn/T/01c495fa7450a81b4be96cb699872531.mpf_cache
2025-10-30 00:32:50,169 : INFO : ConfigProcessor : Loading config from cache: /var/folders/m3/0d4y64_n3fn8tnkv3ydlhztw0000gn/T/bfde29b5bb803376b0637bb8f0da27a7.mpf_cache
2025-10-30 00:32:50,169 : INFO : ConfigProcessor : Loading config from cache: /var/folders/m3/0d4y64_n3fn8tnkv3ydlhztw0000gn/T/01c495fa7450a81b4be96cb699872531.mpf_cache
2025-10-30 00:32:50,170 : INFO : ConfigProcessor : Loading config from cache: /var/folders/m3/0d4y64_n3fn8tnkv3ydlhztw0000gn/T/3ae89e09515ff8d8b11d68f672b2cc51.mpf_cache
2025-10-30 00:32:50,170 : INFO : ConfigProcessor : Loading config from cache: /var/folders/m3/0d4y64_n3fn8tnkv3ydlhztw0000gn/T/4c420229fa75118c2461cfc9ff5a44e2.mpf_cache
2025-10-30 00:32:50,170 : INFO : Machine : Mission Pinball Framework Core Engine v0.80.0.dev10
2025-10-30 00:32:50,170 : INFO : Machine : Command line arguments: {'no_load_cache': False, 'create_config_cache': True, 'bcp': True, 'configfile': ['config.yaml'], 'force_assets_load': False, 'platform_integration_test': False, 'jsonlogging': False, 'logfile': 'logs/2025-10-30-00-32-50-mpf-device-156.home.log', 'pause': False, 'production': False, 'text_ui': False, 'loglevel': 15, 'consoleloglevel': 20, 'force_platform': 'smart_virtual', 'syslog_address': None, 'full_logfile_path': '/Users/didiergilbin/Desktop/Homebrew_CSI/logs/2025-10-30-00-32-50-mpf-device-156.home.log'}
2025-10-30 00:32:50,170 : INFO : Machine : MPF path: /Users/didiergilbin/mpfenv/lib/python3.13/site-packages/mpf
2025-10-30 00:32:50,170 : INFO : Machine : Machine path: /Users/didiergilbin/Desktop/Homebrew_CSI
2025-10-30 00:32:50,170 : INFO : Machine : Platform: darwin
2025-10-30 00:32:50,170 : INFO : Machine : Python executable location: /Users/didiergilbin/mpfenv/bin/python3.13
2025-10-30 00:32:50,170 : INFO : Machine : Python version: 3.13.7 (64-bit)
2025-10-30 00:32:50,170 : INFO : Machine : Initializing MPF...
2025-10-30 00:32:50,183 : INFO : EventManager : Event: ======'machine_var_credits_string'====== Args={'value': 'FREE PLAY', 'prev_value': None, 'change': True}
2025-10-30 00:32:50,187 : INFO : EventManager : Event: ======'machine_var_master_volume'====== Args={'value': 0.5, 'prev_value': None, 'change': True}
2025-10-30 00:32:50,187 : INFO : EventManager : Event: ======'machine_var_player1_score'====== Args={'value': 0, 'prev_value': None, 'change': True}
2025-10-30 00:32:50,187 : INFO : EventManager : Event: ======'machine_var_player2_score'====== Args={'value': 0, 'prev_value': None, 'change': True}
2025-10-30 00:32:50,187 : INFO : EventManager : Event: ======'machine_var_player3_score'====== Args={'value': 0, 'prev_value': None, 'change': True}
2025-10-30 00:32:50,187 : INFO : EventManager : Event: ======'machine_var_player4_score'====== Args={'value': 0, 'prev_value': None, 'change': True}
2025-10-30 00:32:50,187 : INFO : EventManager : Event: ======'machine_var_mpf_version'====== Args={'value': 'Mission Pinball Framework v0.80.0.dev10', 'prev_value': None, 'change': True}
2025-10-30 00:32:50,187 : INFO : EventManager : Event: ======'machine_var_mpf_extended_version'====== Args={'value': 'Mission Pinball Framework v0.80.0.dev10, Config version:6, Show version: 6, BCP version:1.1', 'prev_value': None, 'change': True}
2025-10-30 00:32:50,187 : INFO : EventManager : Event: ======'machine_var_python_version'====== Args={'value': '3.13.7', 'prev_value': None, 'change': True}
2025-10-30 00:32:50,192 : INFO : EventManager : Event: ======'machine_var_platform'====== Args={'value': 'macOS-15.6.1-arm64-arm-64bit-Mach-O', 'prev_value': None, 'change': True}
2025-10-30 00:32:50,192 : INFO : EventManager : Event: ======'machine_var_platform_system'====== Args={'value': 'Darwin', 'prev_value': None, 'change': True}
2025-10-30 00:32:50,192 : INFO : EventManager : Event: ======'machine_var_platform_release'====== Args={'value': '24.6.0', 'prev_value': None, 'change': True}
2025-10-30 00:32:50,192 : INFO : EventManager : Event: ======'machine_var_platform_version'====== Args={'value': 'Darwin Kernel Version 24.6.0: Mon Jul 14 11:30:40 PDT 2025; root:xnu-11417.140.69~1/RELEASE_ARM64_T8132', 'prev_value': None, 'change': True}
2025-10-30 00:32:50,192 : INFO : EventManager : Event: ======'machine_var_platform_machine'====== Args={'value': 'arm64', 'prev_value': None, 'change': True}
2025-10-30 00:32:50,192 : INFO : EventManager : Event: ======'machine_var_log_file_path'====== Args={'value': '/Users/didiergilbin/Desktop/Homebrew_CSI/logs/2025-10-30-00-32-50-mpf-device-156.home.log', 'prev_value': None, 'change': True}
2025-10-30 00:32:50,192 : INFO : EventManager : Event: ======'init_phase_1'====== Args={}
2025-10-30 00:32:50,197 : INFO : EventManager : Event: ======'init_phase_2'====== Args={}
2025-10-30 00:32:50,197 : INFO : SwitchController : Found active switch: ('2', <Platform.SmartVirtual>) <switch.s_trough1>
2025-10-30 00:32:50,197 : INFO : SwitchController : Found active switch: ('3', <Platform.SmartVirtual>) <switch.s_trough2>
2025-10-30 00:32:50,197 : INFO : SwitchController : Found active switch: ('4', <Platform.SmartVirtual>) <switch.s_trough3>
2025-10-30 00:32:50,197 : INFO : SwitchController : Found active switch: ('5', <Platform.SmartVirtual>) <switch.s_trough4>
2025-10-30 00:32:50,198 : INFO : EventManager : Event: ======'bcp_connection_attempt'====== Args={'name': 'local_display', 'host': 'localhost', 'port': 5050}
2025-10-30 00:32:50,198 : INFO : BCPClientSocket : Connecting BCP to 'local_display' at localhost:5050...
2025-10-30 00:32:50,201 : INFO : BCPClientSocket : Connected BCP to 'local_display' localhost:5050
2025-10-30 00:32:50,201 : INFO : EventManager : Event: ======'bcp_clients_connected'====== Args={}
2025-10-30 00:32:50,201 : INFO : ball_device.bd_drain : BCH: Initial count: 0
2025-10-30 00:32:50,201 : INFO : ball_device.bd_drain : State: idle
2025-10-30 00:32:50,201 : INFO : ball_device.bd_trough : BCH: Initial count: 4
2025-10-30 00:32:50,201 : INFO : ball_device.bd_trough : State: idle
2025-10-30 00:32:50,201 : INFO : ball_device.bd_plunger : BCH: Initial count: 0
2025-10-30 00:32:50,201 : INFO : ball_device.bd_plunger : State: idle
2025-10-30 00:32:50,204 : INFO : EventManager : Event: ======'init_phase_3'====== Args={}
2025-10-30 00:32:50,205 : INFO : EventManager : Event: ======'init_phase_4'====== Args={}
2025-10-30 00:32:50,205 : INFO : BallController : Initial balls found: 4
2025-10-30 00:32:50,205 : INFO : EventManager : Event: ======'machine_var_audits_events_game_ended'====== Args={'value': 8, 'prev_value': None, 'change': True}
2025-10-30 00:32:50,205 : INFO : EventManager : Event: ======'machine_var_audits_events_game_started'====== Args={'value': 159, 'prev_value': None, 'change': True}
2025-10-30 00:32:50,205 : INFO : EventManager : Event: ======'machine_var_audits_missing_switches_s_drain'====== Args={'value': 1, 'prev_value': None, 'change': True}
2025-10-30 00:32:50,205 : INFO : EventManager : Event: ======'machine_var_audits_missing_switches_s_launch_button'====== Args={'value': 159, 'prev_value': None, 'change': True}
2025-10-30 00:32:50,205 : INFO : EventManager : Event: ======'machine_var_audits_missing_switches_s_left_flipper'====== Args={'value': 53, 'prev_value': None, 'change': True}
2025-10-30 00:32:50,205 : INFO : EventManager : Event: ======'machine_var_audits_missing_switches_s_popbumper1'====== Args={'value': 29, 'prev_value': None, 'change': True}
2025-10-30 00:32:50,205 : INFO : EventManager : Event: ======'machine_var_audits_missing_switches_s_popbumper2'====== Args={'value': 29, 'prev_value': None, 'change': True}
2025-10-30 00:32:50,205 : INFO : EventManager : Event: ======'machine_var_audits_missing_switches_s_popbumper3'====== Args={'value': 29, 'prev_value': None, 'change': True}
2025-10-30 00:32:50,205 : INFO : EventManager : Event: ======'machine_var_audits_missing_switches_s_right_flipper'====== Args={'value': 53, 'prev_value': None, 'change': True}
2025-10-30 00:32:50,205 : INFO : EventManager : Event: ======'machine_var_audits_missing_switches_s_scoop'====== Args={'value': 71, 'prev_value': None, 'change': True}
2025-10-30 00:32:50,205 : INFO : EventManager : Event: ======'machine_var_audits_missing_switches_s_sling_left'====== Args={'value': 159, 'prev_value': None, 'change': True}
2025-10-30 00:32:50,205 : INFO : EventManager : Event: ======'machine_var_audits_missing_switches_s_sling_right'====== Args={'value': 159, 'prev_value': None, 'change': True}
2025-10-30 00:32:50,205 : INFO : EventManager : Event: ======'machine_var_audits_missing_switches_s_trough1'====== Args={'value': 1, 'prev_value': None, 'change': True}
2025-10-30 00:32:50,205 : INFO : EventManager : Event: ======'machine_var_audits_missing_switches_s_trough2'====== Args={'value': 1, 'prev_value': None, 'change': True}
2025-10-30 00:32:50,205 : INFO : EventManager : Event: ======'machine_var_audits_missing_switches_s_trough3'====== Args={'value': 159, 'prev_value': None, 'change': True}
2025-10-30 00:32:50,205 : INFO : EventManager : Event: ======'machine_var_audits_missing_switches_s_trough4'====== Args={'value': 159, 'prev_value': None, 'change': True}
2025-10-30 00:32:50,205 : INFO : EventManager : Event: ======'machine_var_audits_missing_switches_s_trough_jam'====== Args={'value': 2, 'prev_value': None, 'change': True}
2025-10-30 00:32:50,205 : INFO : EventManager : Event: ======'machine_var_audits_player_score'====== Args={'value': {'average': 585994, 'top': [10210000, 1070000, 810000, 380000, 370000, 330000, 320000, 230000, 160000, 130000], 'total': 25}, 'prev_value': None, 'change': True}
2025-10-30 00:32:50,205 : INFO : EventManager : Event: ======'machine_var_audits_shots_bumper1'====== Args={'value': 2673, 'prev_value': None, 'change': True}
2025-10-30 00:32:50,205 : INFO : EventManager : Event: ======'machine_var_audits_shots_bumper2'====== Args={'value': 2724, 'prev_value': None, 'change': True}
2025-10-30 00:32:50,205 : INFO : EventManager : Event: ======'machine_var_audits_shots_bumper3'====== Args={'value': 2384, 'prev_value': None, 'change': True}
2025-10-30 00:32:50,205 : INFO : EventManager : Event: ======'machine_var_audits_switches_s_drain'====== Args={'value': 116, 'prev_value': None, 'change': True}
2025-10-30 00:32:50,205 : INFO : EventManager : Event: ======'machine_var_audits_switches_s_launch_button'====== Args={'value': 0, 'prev_value': None, 'change': True}
2025-10-30 00:32:50,205 : INFO : EventManager : Event: ======'machine_var_audits_switches_s_left_flipper'====== Args={'value': 9, 'prev_value': None, 'change': True}
2025-10-30 00:32:50,205 : INFO : EventManager : Event: ======'machine_var_audits_switches_s_plunger_lane'====== Args={'value': 238, 'prev_value': None, 'change': True}
2025-10-30 00:32:50,205 : INFO : EventManager : Event: ======'machine_var_audits_switches_s_popbumper1'====== Args={'value': 2673, 'prev_value': None, 'change': True}
2025-10-30 00:32:50,205 : INFO : EventManager : Event: ======'machine_var_audits_switches_s_popbumper2'====== Args={'value': 2724, 'prev_value': None, 'change': True}
2025-10-30 00:32:50,205 : INFO : EventManager : Event: ======'machine_var_audits_switches_s_popbumper3'====== Args={'value': 2384, 'prev_value': None, 'change': True}
2025-10-30 00:32:50,205 : INFO : EventManager : Event: ======'machine_var_audits_switches_s_right_flipper'====== Args={'value': 19, 'prev_value': None, 'change': True}
2025-10-30 00:32:50,205 : INFO : EventManager : Event: ======'machine_var_audits_switches_s_scoop'====== Args={'value': 47, 'prev_value': None, 'change': True}
2025-10-30 00:32:50,205 : INFO : EventManager : Event: ======'machine_var_audits_switches_s_sling_left'====== Args={'value': 0, 'prev_value': None, 'change': True}
2025-10-30 00:32:50,205 : INFO : EventManager : Event: ======'machine_var_audits_switches_s_sling_right'====== Args={'value': 0, 'prev_value': None, 'change': True}
2025-10-30 00:32:50,205 : INFO : EventManager : Event: ======'machine_var_audits_switches_s_start'====== Args={'value': 409, 'prev_value': None, 'change': True}
2025-10-30 00:32:50,205 : INFO : EventManager : Event: ======'machine_var_audits_switches_s_trough1'====== Args={'value': 77, 'prev_value': None, 'change': True}
2025-10-30 00:32:50,205 : INFO : EventManager : Event: ======'machine_var_audits_switches_s_trough2'====== Args={'value': 4, 'prev_value': None, 'change': True}
2025-10-30 00:32:50,205 : INFO : EventManager : Event: ======'machine_var_audits_switches_s_trough3'====== Args={'value': 0, 'prev_value': None, 'change': True}
2025-10-30 00:32:50,205 : INFO : EventManager : Event: ======'machine_var_audits_switches_s_trough4'====== Args={'value': 0, 'prev_value': None, 'change': True}
2025-10-30 00:32:50,206 : INFO : EventManager : Event: ======'machine_var_audits_switches_s_trough_jam'====== Args={'value': 1, 'prev_value': None, 'change': True}
2025-10-30 00:32:50,206 : INFO : EventManager : Event: ======'init_phase_5'====== Args={}
2025-10-30 00:32:50,206 : INFO : EventManager : Event: ======'init_done'====== Args={}
2025-10-30 00:32:50,206 : INFO : EventManager : Event: ======'machine_reset_phase_1'====== Args={}
2025-10-30 00:32:50,212 : INFO : EventManager : Event: ======'machine_reset_phase_2'====== Args={}
2025-10-30 00:32:50,212 : INFO : EventManager : Event: ======'machine_reset_phase_3'====== Args={}
2025-10-30 00:32:50,213 : INFO : EventManager : Event: ======'reset_complete'====== Args={}
2025-10-30 00:32:50,213 : INFO : EventManager : Event: ======'mode_attract_will_start'====== Args={}
2025-10-30 00:32:50,213 : INFO : Timer.attract_carousel_timer : Starting Timer.
2025-10-30 00:32:50,213 : INFO : EventManager : Event: ======'timer_attract_carousel_timer_started'====== Args={'ticks': 0, 'ticks_remaining': 1}
2025-10-30 00:32:50,213 : INFO : EventManager : Event: ======'timer_attract_carousel_timer_tick'====== Args={'ticks': 0, 'ticks_remaining': 1}
2025-10-30 00:32:50,213 : INFO : EventManager : Event: ======'mode_attract_starting'====== Args={}
2025-10-30 00:32:50,213 : INFO : Mode.attract : Started. Priority: 10
2025-10-30 00:32:50,213 : INFO : EventManager : Event: ======'modes_active_modes_changed'====== Args={}
2025-10-30 00:32:50,213 : INFO : EventManager : Event: ======'mode_attract_started'====== Args={}
2025-10-30 00:32:50,213 : INFO : EventManager : Event: ======'collecting_balls_complete'====== Args={}
2025-10-30 00:32:50,213 : INFO : EventManager : Event: ======'carousel_item_highlighted'====== Args={'carousel': 'attract', 'direction': None, 'item': 'title'}
2025-10-30 00:32:50,213 : INFO : Machine : Starting the main run loop with active modes: [<Mode.attract>]
2025-10-30 00:32:50,674 : INFO : EventManager : Event: ======'slide_attract_created'====== Args={'_from_bcp': True}
2025-10-30 00:32:50,674 : INFO : EventManager : Event: ======'slide__removed'====== Args={'_from_bcp': True}
2025-10-30 00:32:50,675 : INFO : EventManager : Event: ======'slide_attract_active'====== Args={'original_context': 'attract', 'original_calling_context': 'mode_attract_started', 'priority': 10.0, 'cmd': 'slides_play', '_from_bcp': True}
2025-10-30 00:32:52,621 : INFO : SwitchController : <<<<<<< 's_start' active >>>>>>>
2025-10-30 00:32:52,704 : INFO : SwitchController : <<<<<<< 's_start' inactive >>>>>>>
2025-10-30 00:32:52,704 : INFO : EventManager : Event: ======'request_to_start_game'====== Args={}
2025-10-30 00:32:52,705 : INFO : EventManager : Event: ======'game_start'====== Args={'buttons': [], 'hold_time': 0.08305383299011737}
2025-10-30 00:32:52,705 : INFO : EventManager : Event: ======'mode_game_will_start'====== Args={'buttons': [], 'hold_time': 0.08305383299011737}
2025-10-30 00:32:52,707 : INFO : EventManager : Event: ======'mode_game_starting'====== Args={'buttons': [], 'hold_time': 0.08305383299011737}
2025-10-30 00:32:52,707 : INFO : EventManager : Event: ======'mode_attract_will_stop'====== Args={}
2025-10-30 00:32:52,707 : INFO : EventManager : Event: ======'mode_attract_stopping'====== Args={}
2025-10-30 00:32:52,707 : INFO : Mode.attract : Stopped.
2025-10-30 00:32:52,707 : INFO : EventManager : Event: ======'modes_active_modes_changed'====== Args={}
2025-10-30 00:32:52,708 : INFO : EventManager : Event: ======'mode_attract_stopped'====== Args={}
2025-10-30 00:32:52,708 : INFO : EventManager : Event: ======'clear'====== Args={'key': 'attract'}
2025-10-30 00:32:52,708 : INFO : Timer.attract_carousel_timer : Stopping Timer
2025-10-30 00:32:52,708 : INFO : EventManager : Event: ======'timer_attract_carousel_timer_stopped'====== Args={'ticks': 0, 'ticks_remaining': 1}
2025-10-30 00:32:52,709 : INFO : Mode.game : Started. Priority: 20
2025-10-30 00:32:52,709 : INFO : EventManager : Event: ======'modes_active_modes_changed'====== Args={}
2025-10-30 00:32:52,709 : INFO : EventManager : Event: ======'mode_game_started'====== Args={'buttons': [], 'hold_time': 0.08305383299011737}
2025-10-30 00:32:52,710 : INFO : EventManager : Event: ======'game_will_start'====== Args={}
2025-10-30 00:32:52,710 : INFO : EventManager : Event: ======'game_starting'====== Args={'game': <Mode.game>}
2025-10-30 00:32:52,711 : INFO : EventManager : Unordered handler for class <Auditor> on event game_ended with priority 1. Handlers: [RegisteredHandler(callback=<bound method Auditor.disable of <Auditor>>, priority=1, kwargs={}, key=UUID('8536e45c-cbd4-43f0-b848-3d1ce92b837c'), condition=None, blocking_facility=None), RegisteredHandler(callback=<bound method Auditor._save_audits of <Auditor>>, priority=1, kwargs={}, key=UUID('6dd19171-df99-40db-b233-d7c262149582'), condition=None, blocking_facility=None)]. The order of those handlers is not defined and they will be executed in random order. This might lead to race conditions and potential bugs.
2025-10-30 00:32:52,711 : INFO : EventManager : Event: ======'player_add_request'====== Args={}
2025-10-30 00:32:52,711 : INFO : EventManager : Event: ======'player_will_add'====== Args={'number': 1}
2025-10-30 00:32:52,712 : INFO : EventManager : Event: ======'player_adding'====== Args={'player': <Player 1>, 'number': 1}
2025-10-30 00:32:52,712 : INFO : EventManager : Event: ======'player_added'====== Args={'player': <Player 1>, 'num': 1}
2025-10-30 00:32:52,712 : INFO : Mode.game : Player added successfully. Total players: 1
2025-10-30 00:32:52,712 : INFO : EventManager : Event: ======'player_index'====== Args={'value': 0, 'prev_value': 0, 'change': 0, 'player_num': 1}
2025-10-30 00:32:52,712 : INFO : EventManager : Event: ======'player_number'====== Args={'value': 1, 'prev_value': 1, 'change': 0, 'player_num': 1}
2025-10-30 00:32:52,713 : INFO : EventManager : Event: ======'player_score'====== Args={'value': 0, 'prev_value': 0, 'change': 0, 'player_num': 1}
2025-10-30 00:32:52,713 : INFO : EventManager : Event: ======'game_started'====== Args={}
2025-10-30 00:32:52,714 : INFO : EventManager : Event: ======'player_turn_will_start'====== Args={'player': <Player 1>, 'number': 1}
2025-10-30 00:32:52,714 : INFO : EventManager : Event: ======'player_turn_starting'====== Args={'player': <Player 1>, 'number': 1}
2025-10-30 00:32:52,720 : INFO : EventManager : Event: ======'player_ball'====== Args={'value': 1, 'prev_value': 0, 'change': 1, 'player_num': 1}
2025-10-30 00:32:52,722 : INFO : EventManager : Event: ======'player_turn_started'====== Args={'player': <Player 1>, 'number': 1}
2025-10-30 00:32:52,723 : INFO : EventManager : Event: ======'ball_will_start'====== Args={'player': 1, 'ball': 1, 'balls_remaining': 2, 'is_extra_ball': False}
2025-10-30 00:32:52,723 : INFO : EventManager : Event: ======'ball_starting'====== Args={'player': 1, 'ball': 1, 'balls_remaining': 2, 'is_extra_ball': False}
2025-10-30 00:32:52,723 : INFO : EventManager : Event: ======'mode_base_will_start'====== Args={'queue': <QueuedEvent>, 'player': 1, 'ball': 1, 'balls_remaining': 2, 'is_extra_ball': False}
2025-10-30 00:32:52,723 : INFO : EventManager : Event: ======'player_base_player_added_timer_tick'====== Args={'value': 0, 'prev_value': 0, 'change': 0, 'player_num': 1}
2025-10-30 00:32:52,724 : INFO : Timer.player_added_timer : Starting Timer.
2025-10-30 00:32:52,724 : INFO : EventManager : Event: ======'timer_player_added_timer_started'====== Args={'ticks': 0, 'ticks_remaining': 1}
2025-10-30 00:32:52,724 : INFO : EventManager : Event: ======'timer_player_added_timer_tick'====== Args={'ticks': 0, 'ticks_remaining': 1}
2025-10-30 00:32:52,725 : INFO : EventManager : Event: ======'mode_base_starting'====== Args={'queue': <QueuedEvent>, 'player': 1, 'ball': 1, 'balls_remaining': 2, 'is_extra_ball': False}
2025-10-30 00:32:52,725 : INFO : Mode.base : Started. Priority: 100
2025-10-30 00:32:52,725 : INFO : EventManager : Event: ======'modes_active_modes_changed'====== Args={}
2025-10-30 00:32:52,725 : INFO : EventManager : Event: ======'mode_base_started'====== Args={'queue': <QueuedEvent>, 'player': 1, 'ball': 1, 'balls_remaining': 2, 'is_extra_ball': False}
2025-10-30 00:32:52,725 : INFO : EventManager : Event: ======'start_mode_bumpers'====== Args={'priority': 0}
2025-10-30 00:32:52,725 : INFO : EventManager : Event: ======'mode_bumpers_will_start'====== Args={'priority': 0}
2025-10-30 00:32:52,726 : INFO : EventManager : Event: ======'player_shot_bumper1_enabled'====== Args={'value': True, 'prev_value': 0, 'change': 1, 'player_num': 1}
2025-10-30 00:32:52,726 : INFO : EventManager : Event: ======'player_shot_bumper2_enabled'====== Args={'value': True, 'prev_value': 0, 'change': 1, 'player_num': 1}
2025-10-30 00:32:52,726 : INFO : EventManager : Event: ======'player_shot_bumper3_enabled'====== Args={'value': True, 'prev_value': 0, 'change': 1, 'player_num': 1}
2025-10-30 00:32:52,726 : INFO : EventManager : Event: ======'bumpers_complete'====== Args={'state': 'unlit'}
2025-10-30 00:32:52,727 : INFO : EventManager : Event: ======'bumpers_unlit_complete'====== Args={}
2025-10-30 00:32:52,727 : INFO : EventManager : Event: ======'mode_bumpers_starting'====== Args={'priority': 0}
2025-10-30 00:32:52,727 : INFO : Mode.bumpers : Started. Priority: 200
2025-10-30 00:32:52,727 : INFO : EventManager : Event: ======'modes_active_modes_changed'====== Args={}
2025-10-30 00:32:52,727 : INFO : EventManager : Event: ======'mode_bumpers_started'====== Args={'priority': 0}
2025-10-30 00:32:52,728 : INFO : EventManager : Event: ======'balls_in_play'====== Args={'balls': 1}
2025-10-30 00:32:52,728 : INFO : EventManager : Event: ======'ball_started'====== Args={'player': 1, 'ball': 1, 'balls_remaining': 2, 'is_extra_ball': False}
2025-10-30 00:32:52,728 : INFO : EventManager : Event: ======'single_player_ball_started'====== Args={}
2025-10-30 00:32:52,728 : INFO : EventManager : Event: ======'ball_start_target'====== Args={'target': 'playfield'}
2025-10-30 00:32:52,729 : INFO : ball_device.bd_trough : Setting up player-controlled eject. Balls: 1, Target: <playfield.playfield>, player_controlled_eject_event: None
2025-10-30 00:32:52,729 : INFO : ball_device.bd_trough : Adding 1 ball(s) to the eject_queue with target <playfield.playfield>.
2025-10-30 00:32:52,729 : INFO : EventManager : Event: ======'balldevice_balls_available'====== Args={}
2025-10-30 00:32:52,729 : INFO : ball_device.bd_trough : State: waiting_for_target_ready
2025-10-30 00:32:52,729 : INFO : EventManager : Event: ======'balldevice_bd_trough_ball_eject_attempt'====== Args={'balls': 1, 'target': <ball_device.bd_plunger>, 'source': <ball_device.bd_trough>, 'mechanical_eject': False, 'num_attempts': 0}
2025-10-30 00:32:52,729 : INFO : ball_device.bd_plunger : State: waiting_for_ball
2025-10-30 00:32:52,730 : INFO : ball_device.bd_trough : State: ejecting
2025-10-30 00:32:52,730 : INFO : ball_device.bd_trough : Ejecting ball to <ball_device.bd_plunger>
2025-10-30 00:32:52,730 : INFO : EventManager : Event: ======'balldevice_bd_trough_ejecting_ball'====== Args={'balls': 1, 'target': <ball_device.bd_plunger>, 'source': <ball_device.bd_trough>, 'mechanical_eject': False, 'num_attempts': 0}
2025-10-30 00:32:52,730 : INFO : ball_device.bd_trough : Wait for ball to leave device
2025-10-30 00:32:52,730 : INFO : coil.c_trough_eject : Pulsing Driver for 20ms (1.0 pulse_power)
2025-10-30 00:32:52,730 : INFO : SwitchController : <<<<<<< 's_trough1' inactive >>>>>>>
2025-10-30 00:32:52,731 : INFO : ball_device.bd_trough : State: ball_left
2025-10-30 00:32:52,731 : INFO : ball_device.bd_trough : Ball left
2025-10-30 00:32:52,731 : INFO : ball_device.bd_trough : Wait for confirm with timeout 3.0
2025-10-30 00:32:52,832 : INFO : SwitchController : <<<<<<< 's_plunger_lane' active >>>>>>>
2025-10-30 00:32:52,832 : INFO : EventManager : Event: ======'machine_var_audits_switches_s_plunger_lane'====== Args={'value': 239, 'prev_value': 238, 'change': 1}
2025-10-30 00:32:52,862 : INFO : EventManager : Event: ======'slide_base_slide_created'====== Args={'_from_bcp': True}
2025-10-30 00:32:52,863 : INFO : EventManager : Event: ======'slide_attract_inactive'====== Args={'is_removing': True, '_from_bcp': True}
2025-10-30 00:32:52,863 : INFO : EventManager : Event: ======'slide_base_slide_active'====== Args={'original_context': 'base', 'original_calling_context': 'mode_base_started', 'priority': 100.0, 'queue': '<QueuedEvent>', 'player': 1.0, 'ball': 1.0, 'balls_remaining': 2.0, 'is_extra_ball': False, 'cmd': 'slides_play', '_from_bcp': True}
2025-10-30 00:32:52,865 : INFO : EventManager : Event: ======'slide_attract_removed'====== Args={'_from_bcp': True}
2025-10-30 00:32:53,225 : INFO : EventManager : Event: ======'player_base_player_added_timer_tick'====== Args={'value': 1, 'prev_value': 0, 'change': 1, 'player_num': 1}
2025-10-30 00:32:53,225 : INFO : Timer.player_added_timer : Timer Complete
2025-10-30 00:32:53,225 : INFO : Timer.player_added_timer : Stopping Timer
2025-10-30 00:32:53,225 : INFO : EventManager : Event: ======'timer_player_added_timer_stopped'====== Args={'ticks': 1, 'ticks_remaining': 1}
2025-10-30 00:32:53,226 : INFO : EventManager : Event: ======'timer_player_added_timer_complete'====== Args={'ticks': 1, 'ticks_remaining': 1}
2025-10-30 00:32:53,333 : INFO : ball_device.bd_plunger : Received ball from <ball_device.bd_trough>
2025-10-30 00:32:53,334 : INFO : EventManager : Event: ======'balldevice_bd_plunger_ball_enter'====== Args={'new_balls': 1, 'unclaimed_balls': 0, 'new_available_balls': 0, 'device': <ball_device.bd_plunger>}
2025-10-30 00:32:53,334 : INFO : EventManager : Event: ======'balldevice_bd_plunger_ball_entered'====== Args={'new_balls': 0, 'device': <ball_device.bd_plunger>}
2025-10-30 00:32:53,334 : INFO : EventManager : Event: ======'balldevice_bd_plunger_ball_count_changed'====== Args={'balls': 1}
2025-10-30 00:32:53,335 : INFO : ball_device.bd_trough : Got eject confirm
2025-10-30 00:32:53,335 : INFO : ball_device.bd_trough : Eject successful
2025-10-30 00:32:53,335 : INFO : EventManager : Event: ======'balldevice_bd_trough_ball_eject_success'====== Args={'balls': 1, 'target': <ball_device.bd_plunger>}
2025-10-30 00:32:53,335 : INFO : ball_device.bd_plunger : State: waiting_for_target_ready
2025-10-30 00:32:53,335 : INFO : EventManager : Event: ======'balldevice_bd_plunger_ball_eject_attempt'====== Args={'balls': 1, 'target': <playfield.playfield>, 'source': <ball_device.bd_plunger>, 'mechanical_eject': False, 'num_attempts': 0}
2025-10-30 00:32:53,336 : INFO : EventManager : Event: ======'balldevice_bd_trough_ball_count_changed'====== Args={'balls': 3}
2025-10-30 00:32:53,336 : INFO : ball_device.bd_trough : State: idle
2025-10-30 00:32:53,337 : INFO : ball_device.bd_plunger : State: ejecting
2025-10-30 00:32:53,337 : INFO : ball_device.bd_plunger : Ejecting ball to <playfield.playfield>
2025-10-30 00:32:53,337 : INFO : EventManager : Event: ======'balldevice_bd_plunger_ejecting_ball'====== Args={'balls': 1, 'target': <playfield.playfield>, 'source': <ball_device.bd_plunger>, 'mechanical_eject': False, 'num_attempts': 0}
2025-10-30 00:32:53,338 : INFO : ball_device.bd_plunger : Wait for ball to leave device
2025-10-30 00:32:53,338 : INFO : coil.c_plunger : Pulsing Driver for 20ms (1.0 pulse_power)
2025-10-30 00:32:53,339 : INFO : SwitchController : <<<<<<< 's_plunger_lane' inactive >>>>>>>
2025-10-30 00:32:53,339 : INFO : ball_device.bd_plunger : State: ball_left
2025-10-30 00:32:53,339 : INFO : ball_device.bd_plunger : Ball left
2025-10-30 00:32:53,339 : INFO : ball_device.bd_plunger : Wait for confirm with timeout 3.0
2025-10-30 00:32:54,503 : INFO : SwitchController : <<<<<<< 's_start' active >>>>>>>
2025-10-30 00:32:54,503 : INFO : EventManager : Event: ======'sw_start'====== Args={}
2025-10-30 00:32:54,503 : INFO : EventManager : Event: ======'machine_var_audits_switches_s_start'====== Args={'value': 410, 'prev_value': 409, 'change': 1}
2025-10-30 00:32:54,504 : INFO : EventManager : Event: ======'player_add_request'====== Args={}
2025-10-30 00:32:54,504 : INFO : EventManager : Event: ======'player_will_add'====== Args={'number': 2}
2025-10-30 00:32:54,504 : INFO : EventManager : Event: ======'player_adding'====== Args={'player': <Player 2>, 'number': 2}
2025-10-30 00:32:54,504 : INFO : EventManager : Event: ======'player_added'====== Args={'player': <Player 2>, 'num': 2}
2025-10-30 00:32:54,504 : INFO : Mode.game : Player added successfully. Total players: 2
2025-10-30 00:32:54,504 : INFO : EventManager : Event: ======'multiplayer_game'====== Args={}
2025-10-30 00:32:54,505 : INFO : EventManager : Event: ======'player_base_player_added_timer_tick'====== Args={'value': 0, 'prev_value': 1, 'change': -1, 'player_num': 1}
2025-10-30 00:32:54,505 : INFO : Timer.player_added_timer : Starting Timer.
2025-10-30 00:32:54,506 : INFO : EventManager : Event: ======'timer_player_added_timer_started'====== Args={'ticks': 0, 'ticks_remaining': 1}
2025-10-30 00:32:54,506 : INFO : EventManager : Event: ======'timer_player_added_timer_tick'====== Args={'ticks': 0, 'ticks_remaining': 1}
2025-10-30 00:32:54,506 : INFO : EventManager : Event: ======'player_index'====== Args={'value': 1, 'prev_value': 1, 'change': 0, 'player_num': 2}
2025-10-30 00:32:54,506 : INFO : EventManager : Event: ======'player_number'====== Args={'value': 2, 'prev_value': 2, 'change': 0, 'player_num': 2}
2025-10-30 00:32:54,506 : INFO : EventManager : Event: ======'player_score'====== Args={'value': 0, 'prev_value': 0, 'change': 0, 'player_num': 2}
2025-10-30 00:32:54,593 : INFO : EventManager : Event: ======'widget_newplayer_widget_active'====== Args={'original_context': 'base', 'original_calling_context': 'player_added', 'priority': 100.0, 'player': '<Player 2>', 'num': 2.0, 'cmd': 'widgets_play', '_from_bcp': True}
2025-10-30 00:32:54,608 : INFO : SwitchController : <<<<<<< 's_start' inactive >>>>>>>
2025-10-30 00:32:55,007 : INFO : EventManager : Event: ======'player_base_player_added_timer_tick'====== Args={'value': 1, 'prev_value': 0, 'change': 1, 'player_num': 1}
2025-10-30 00:32:55,007 : INFO : Timer.player_added_timer : Timer Complete
2025-10-30 00:32:55,007 : INFO : Timer.player_added_timer : Stopping Timer
2025-10-30 00:32:55,007 : INFO : EventManager : Event: ======'timer_player_added_timer_stopped'====== Args={'ticks': 1, 'ticks_remaining': 1}
2025-10-30 00:32:55,008 : INFO : EventManager : Event: ======'timer_player_added_timer_complete'====== Args={'ticks': 1, 'ticks_remaining': 1}
2025-10-30 00:32:55,020 : INFO : EventManager : Event: ======'widget_newplayer_widget_removed'====== Args={'_from_bcp': True}
2025-10-30 00:32:56,320 : INFO : SwitchController : <<<<<<< 's_start' active >>>>>>>
2025-10-30 00:32:56,320 : INFO : EventManager : Event: ======'sw_start'====== Args={}
2025-10-30 00:32:56,320 : INFO : EventManager : Event: ======'machine_var_audits_switches_s_start'====== Args={'value': 411, 'prev_value': 410, 'change': 1}
2025-10-30 00:32:56,321 : INFO : EventManager : Event: ======'player_add_request'====== Args={}
2025-10-30 00:32:56,321 : INFO : EventManager : Event: ======'player_will_add'====== Args={'number': 3}
2025-10-30 00:32:56,321 : INFO : EventManager : Event: ======'player_adding'====== Args={'player': <Player 3>, 'number': 3}
2025-10-30 00:32:56,321 : INFO : EventManager : Event: ======'player_added'====== Args={'player': <Player 3>, 'num': 3}
2025-10-30 00:32:56,322 : INFO : Mode.game : Player added successfully. Total players: 3
2025-10-30 00:32:56,328 : INFO : EventManager : Event: ======'player_base_player_added_timer_tick'====== Args={'value': 0, 'prev_value': 1, 'change': -1, 'player_num': 1}
2025-10-30 00:32:56,330 : INFO : Timer.player_added_timer : Starting Timer.
2025-10-30 00:32:56,330 : INFO : EventManager : Event: ======'timer_player_added_timer_started'====== Args={'ticks': 0, 'ticks_remaining': 1}
2025-10-30 00:32:56,330 : INFO : EventManager : Event: ======'timer_player_added_timer_tick'====== Args={'ticks': 0, 'ticks_remaining': 1}
2025-10-30 00:32:56,330 : INFO : EventManager : Event: ======'player_index'====== Args={'value': 2, 'prev_value': 2, 'change': 0, 'player_num': 3}
2025-10-30 00:32:56,331 : INFO : EventManager : Event: ======'player_number'====== Args={'value': 3, 'prev_value': 3, 'change': 0, 'player_num': 3}
2025-10-30 00:32:56,331 : INFO : EventManager : Event: ======'player_score'====== Args={'value': 0, 'prev_value': 0, 'change': 0, 'player_num': 3}
2025-10-30 00:32:56,338 : INFO : EventManager : Event: ======'widget_newplayer_widget_active'====== Args={'original_context': 'base', 'original_calling_context': 'player_added', 'priority': 100.0, 'player': '<Player 3>', 'num': 3.0, 'cmd': 'widgets_play', '_from_bcp': True}
2025-10-30 00:32:56,340 : INFO : ball_device.bd_plunger : State: failed_confirm
2025-10-30 00:32:56,340 : INFO : ball_device.bd_plunger : Got timeout (3.0s) before confirm from <playfield.playfield>
2025-10-30 00:32:56,436 : INFO : SwitchController : <<<<<<< 's_start' inactive >>>>>>>
2025-10-30 00:32:56,441 : INFO : ball_device.bd_plunger : Confirming eject because target is playfield and ball did not return.
2025-10-30 00:32:56,441 : INFO : ball_device.bd_plunger : Eject successful
2025-10-30 00:32:56,441 : INFO : EventManager : Event: ======'balldevice_bd_plunger_ball_eject_success'====== Args={'balls': 1, 'target': <playfield.playfield>}
2025-10-30 00:32:56,441 : INFO : EventManager : Event: ======'balldevice_playfield_ball_enter'====== Args={'new_balls': 1, 'unclaimed_balls': 1, 'device': <playfield.playfield>}
2025-10-30 00:32:56,441 : INFO : EventManager : Event: ======'playfield_ball_count_change'====== Args={'balls': 1, 'change': 1}
2025-10-30 00:32:56,442 : INFO : EventManager : Event: ======'balldevice_bd_plunger_ball_count_changed'====== Args={'balls': 0}
2025-10-30 00:32:56,442 : INFO : ball_device.bd_plunger : State: idle
2025-10-30 00:32:56,831 : INFO : EventManager : Event: ======'player_base_player_added_timer_tick'====== Args={'value': 1, 'prev_value': 0, 'change': 1, 'player_num': 1}
2025-10-30 00:32:56,832 : INFO : Timer.player_added_timer : Timer Complete
2025-10-30 00:32:56,832 : INFO : Timer.player_added_timer : Stopping Timer
2025-10-30 00:32:56,832 : INFO : EventManager : Event: ======'timer_player_added_timer_stopped'====== Args={'ticks': 1, 'ticks_remaining': 1}
2025-10-30 00:32:56,832 : INFO : EventManager : Event: ======'timer_player_added_timer_complete'====== Args={'ticks': 1, 'ticks_remaining': 1}
2025-10-30 00:32:56,870 : INFO : EventManager : Event: ======'widget_newplayer_widget_removed'====== Args={'_from_bcp': True}
2025-10-30 00:32:57,903 : INFO : SwitchController : <<<<<<< 's_start' active >>>>>>>
2025-10-30 00:32:57,903 : INFO : EventManager : Event: ======'sw_start'====== Args={}
2025-10-30 00:32:57,903 : INFO : EventManager : Event: ======'machine_var_audits_switches_s_start'====== Args={'value': 412, 'prev_value': 411, 'change': 1}
2025-10-30 00:32:57,904 : INFO : EventManager : Event: ======'player_add_request'====== Args={}
2025-10-30 00:32:57,904 : INFO : EventManager : Event: ======'player_will_add'====== Args={'number': 4}
2025-10-30 00:32:57,904 : INFO : EventManager : Event: ======'player_adding'====== Args={'player': <Player 4>, 'number': 4}
2025-10-30 00:32:57,904 : INFO : EventManager : Event: ======'player_added'====== Args={'player': <Player 4>, 'num': 4}
2025-10-30 00:32:57,904 : INFO : Mode.game : Player added successfully. Total players: 4
2025-10-30 00:32:57,905 : INFO : EventManager : Event: ======'player_base_player_added_timer_tick'====== Args={'value': 0, 'prev_value': 1, 'change': -1, 'player_num': 1}
2025-10-30 00:32:57,912 : INFO : Timer.player_added_timer : Starting Timer.
2025-10-30 00:32:57,912 : INFO : EventManager : Event: ======'timer_player_added_timer_started'====== Args={'ticks': 0, 'ticks_remaining': 1}
2025-10-30 00:32:57,912 : INFO : EventManager : Event: ======'timer_player_added_timer_tick'====== Args={'ticks': 0, 'ticks_remaining': 1}
2025-10-30 00:32:57,912 : INFO : EventManager : Event: ======'player_index'====== Args={'value': 3, 'prev_value': 3, 'change': 0, 'player_num': 4}
2025-10-30 00:32:57,913 : INFO : EventManager : Event: ======'player_number'====== Args={'value': 4, 'prev_value': 4, 'change': 0, 'player_num': 4}
2025-10-30 00:32:57,914 : INFO : EventManager : Event: ======'player_score'====== Args={'value': 0, 'prev_value': 0, 'change': 0, 'player_num': 4}
2025-10-30 00:32:57,924 : INFO : EventManager : Event: ======'widget_newplayer_widget_active'====== Args={'original_context': 'base', 'original_calling_context': 'player_added', 'priority': 100.0, 'player': '<Player 4>', 'num': 4.0, 'cmd': 'widgets_play', '_from_bcp': True}
2025-10-30 00:32:57,987 : INFO : SwitchController : <<<<<<< 's_start' inactive >>>>>>>
2025-10-30 00:32:58,413 : INFO : EventManager : Event: ======'player_base_player_added_timer_tick'====== Args={'value': 1, 'prev_value': 0, 'change': 1, 'player_num': 1}
2025-10-30 00:32:58,413 : INFO : Timer.player_added_timer : Timer Complete
2025-10-30 00:32:58,414 : INFO : Timer.player_added_timer : Stopping Timer
2025-10-30 00:32:58,414 : INFO : EventManager : Event: ======'timer_player_added_timer_stopped'====== Args={'ticks': 1, 'ticks_remaining': 1}
2025-10-30 00:32:58,414 : INFO : EventManager : Event: ======'timer_player_added_timer_complete'====== Args={'ticks': 1, 'ticks_remaining': 1}
2025-10-30 00:32:58,436 : INFO : EventManager : Event: ======'widget_newplayer_widget_removed'====== Args={'_from_bcp': True}
2025-10-30 00:32:59,303 : INFO : SwitchController : <<<<<<< 's_start' active >>>>>>>
2025-10-30 00:32:59,303 : INFO : EventManager : Event: ======'sw_start'====== Args={}
2025-10-30 00:32:59,304 : INFO : EventManager : Event: ======'machine_var_audits_switches_s_start'====== Args={'value': 413, 'prev_value': 412, 'change': 1}
2025-10-30 00:32:59,403 : INFO : SwitchController : <<<<<<< 's_start' inactive >>>>>>>
2025-10-30 00:33:03,345 : INFO : Machine : Shutting down...
2025-10-30 00:33:03,345 : INFO : EventManager : Event: ======'shutdown'====== Args={}
2025-10-30 00:33:03,346 : INFO : EventManager : Event: ======'mode_game_will_stop'====== Args={}
2025-10-30 00:33:03,346 : INFO : EventManager : Event: ======'mode_game_stopping'====== Args={}
2025-10-30 00:33:03,347 : INFO : EventManager : Event: ======'mode_base_will_stop'====== Args={}
2025-10-30 00:33:03,347 : INFO : EventManager : Event: ======'mode_base_stopping'====== Args={}
2025-10-30 00:33:03,347 : INFO : EventManager : Event: ======'mode_bumpers_will_stop'====== Args={}
2025-10-30 00:33:03,347 : INFO : EventManager : Event: ======'mode_bumpers_stopping'====== Args={}
2025-10-30 00:33:03,348 : INFO : EventManager : Event: ======'stop_mode_bumpers'====== Args={'priority': 0}
2025-10-30 00:33:03,348 : INFO : Mode.bumpers : Stopped.
2025-10-30 00:33:03,348 : INFO : EventManager : Event: ======'modes_active_modes_changed'====== Args={}
2025-10-30 00:33:03,348 : INFO : EventManager : Event: ======'mode_bumpers_stopped'====== Args={}
2025-10-30 00:33:03,348 : INFO : EventManager : Event: ======'clear'====== Args={'key': 'bumpers'}
2025-10-30 00:33:03,349 : INFO : Mode.base : Stopped.
2025-10-30 00:33:03,349 : INFO : EventManager : Event: ======'modes_active_modes_changed'====== Args={}
2025-10-30 00:33:03,349 : INFO : EventManager : Event: ======'mode_base_stopped'====== Args={}
2025-10-30 00:33:03,349 : INFO : EventManager : Event: ======'clear'====== Args={'key': 'base'}
2025-10-30 00:33:03,349 : INFO : Timer.player_added_timer : Stopping Timer
2025-10-30 00:33:03,349 : INFO : EventManager : Event: ======'timer_player_added_timer_stopped'====== Args={'ticks': 1, 'ticks_remaining': 1}
2025-10-30 00:33:03,350 : INFO : Mode.game : Stopped.
2025-10-30 00:33:03,350 : INFO : EventManager : Event: ======'modes_active_modes_changed'====== Args={}
2025-10-30 00:33:03,350 : INFO : EventManager : Event: ======'mode_game_stopped'====== Args={}
2025-10-30 00:33:03,350 : INFO : EventManager : Event: ======'clear'====== Args={'key': 'game'}
2025-10-30 00:33:03,353 : INFO : root : MPF run loop ended.
