2025-11-15 23:08:35,981 : INFO : root : Loading config.
2025-11-15 23:08:35,983 : INFO : YamlMultifileConfigLoader : Machine config file #1: config.yaml
2025-11-15 23:08:35,983 : INFO : ConfigProcessor : Loading config from cache: /var/folders/m3/0d4y64_n3fn8tnkv3ydlhztw0000gn/T/5ca32a6c950d03116abbed96ca44d372.mpf_cache
2025-11-15 23:08:35,983 : WARNING : ConfigProcessor : Config file in cache changed: /Users/didiergilbin/Desktop/Homebrew_CSI/config/config_hardware_switches.yaml
2025-11-15 23:08:35,983 : INFO : ConfigProcessor : Loading config from file /Users/didiergilbin/mpfenv/lib/python3.13/site-packages/mpf/mpfconfig.yaml.
2025-11-15 23:08:35,997 : INFO : ConfigProcessor : Loading config: /Users/didiergilbin/mpfenv/lib/python3.13/site-packages/mpf/mpfconfig.yaml
2025-11-15 23:08:35,998 : INFO : ConfigProcessor : Loading config from file /Users/didiergilbin/Desktop/Homebrew_CSI/config/config.yaml.
2025-11-15 23:08:35,999 : INFO : ConfigProcessor : Loading config: /Users/didiergilbin/Desktop/Homebrew_CSI/config/config.yaml
2025-11-15 23:08:36,014 : INFO : ConfigProcessor : Loading config: /Users/didiergilbin/Desktop/Homebrew_CSI/config/config_settings.yaml
2025-11-15 23:08:36,015 : INFO : ConfigProcessor : Loading config: /Users/didiergilbin/Desktop/Homebrew_CSI/config/config_hardware.yaml
2025-11-15 23:08:36,017 : INFO : ConfigProcessor : Loading config: /Users/didiergilbin/Desktop/Homebrew_CSI/config/config_hardware_lights.yaml
2025-11-15 23:08:36,020 : INFO : ConfigProcessor : Loading config: /Users/didiergilbin/Desktop/Homebrew_CSI/config/config_hardware_switches.yaml
2025-11-15 23:08:36,024 : INFO : ConfigProcessor : Loading config: /Users/didiergilbin/Desktop/Homebrew_CSI/config/config_hardware_coils.yaml
2025-11-15 23:08:36,025 : INFO : ConfigProcessor : Loading config: /Users/didiergilbin/Desktop/Homebrew_CSI/config/config_hardware_motors.yaml
2025-11-15 23:08:36,026 : INFO : ConfigProcessor : Config file cache created: /var/folders/m3/0d4y64_n3fn8tnkv3ydlhztw0000gn/T/5ca32a6c950d03116abbed96ca44d372.mpf_cache
2025-11-15 23:08:36,050 : INFO : ConfigProcessor : Loading config from cache: /var/folders/m3/0d4y64_n3fn8tnkv3ydlhztw0000gn/T/01c495fa7450a81b4be96cb699872531.mpf_cache
2025-11-15 23:08:36,051 : INFO : ConfigProcessor : Loading config from cache: /var/folders/m3/0d4y64_n3fn8tnkv3ydlhztw0000gn/T/bfde29b5bb803376b0637bb8f0da27a7.mpf_cache
2025-11-15 23:08:36,051 : INFO : ConfigProcessor : Loading config from cache: /var/folders/m3/0d4y64_n3fn8tnkv3ydlhztw0000gn/T/01c495fa7450a81b4be96cb699872531.mpf_cache
2025-11-15 23:08:36,051 : INFO : ConfigProcessor : Loading config from cache: /var/folders/m3/0d4y64_n3fn8tnkv3ydlhztw0000gn/T/3ae89e09515ff8d8b11d68f672b2cc51.mpf_cache
2025-11-15 23:08:36,051 : INFO : ConfigProcessor : Loading config from cache: /var/folders/m3/0d4y64_n3fn8tnkv3ydlhztw0000gn/T/b96d5c0baa304abadecf96d33832535c.mpf_cache
2025-11-15 23:08:36,051 : INFO : ConfigProcessor : Loading config from cache: /var/folders/m3/0d4y64_n3fn8tnkv3ydlhztw0000gn/T/4c420229fa75118c2461cfc9ff5a44e2.mpf_cache
2025-11-15 23:08:36,052 : INFO : ConfigProcessor : Loading config from cache: /var/folders/m3/0d4y64_n3fn8tnkv3ydlhztw0000gn/T/f5ee6852f1764324c8553249cc53c871.mpf_cache
2025-11-15 23:08:36,052 : INFO : ConfigProcessor : Loading config from cache: /var/folders/m3/0d4y64_n3fn8tnkv3ydlhztw0000gn/T/73ac54cb7a83dfa5473900e439743a84.mpf_cache
2025-11-15 23:08:36,052 : INFO : ConfigProcessor : Loading config from cache: /var/folders/m3/0d4y64_n3fn8tnkv3ydlhztw0000gn/T/7c5f2517df41a83e1a0c76653d0588fe.mpf_cache
2025-11-15 23:08:36,052 : INFO : ConfigProcessor : Loading config from cache: /var/folders/m3/0d4y64_n3fn8tnkv3ydlhztw0000gn/T/423d2ecbb461580bfe7f1bd97652966d.mpf_cache
2025-11-15 23:08:36,052 : INFO : ConfigProcessor : Loading config from cache: /var/folders/m3/0d4y64_n3fn8tnkv3ydlhztw0000gn/T/1f0b1ad0dd5cd02d88dff9692bd4bb0b.mpf_cache
2025-11-15 23:08:36,052 : INFO : ConfigProcessor : Loading config from cache: /var/folders/m3/0d4y64_n3fn8tnkv3ydlhztw0000gn/T/01554cb25ad741394ae1fcbc8da01619.mpf_cache
2025-11-15 23:08:36,053 : INFO : ConfigProcessor : Loading config from cache: /var/folders/m3/0d4y64_n3fn8tnkv3ydlhztw0000gn/T/97c87487bc6ae826da86d36a6e042c78.mpf_cache
2025-11-15 23:08:36,053 : INFO : Machine : Mission Pinball Framework Core Engine v0.80.0.dev10
2025-11-15 23:08:36,053 : INFO : Machine : Command line arguments: {'no_load_cache': False, 'create_config_cache': True, 'bcp': True, 'configfile': ['config.yaml'], 'force_assets_load': False, 'platform_integration_test': False, 'jsonlogging': False, 'logfile': 'logs/2025-11-15-23-08-35-mpf-mac.home.log', 'pause': False, 'production': False, 'text_ui': False, 'loglevel': 15, 'consoleloglevel': 20, 'force_platform': 'virtual', 'syslog_address': None, 'full_logfile_path': '/Users/didiergilbin/Desktop/Homebrew_CSI/logs/2025-11-15-23-08-35-mpf-mac.home.log'}
2025-11-15 23:08:36,053 : INFO : Machine : MPF path: /Users/didiergilbin/mpfenv/lib/python3.13/site-packages/mpf
2025-11-15 23:08:36,053 : INFO : Machine : Machine path: /Users/didiergilbin/Desktop/Homebrew_CSI
2025-11-15 23:08:36,053 : INFO : Machine : Platform: darwin
2025-11-15 23:08:36,053 : INFO : Machine : Python executable location: /Users/didiergilbin/mpfenv/bin/python3.13
2025-11-15 23:08:36,053 : INFO : Machine : Python version: 3.13.7 (64-bit)
2025-11-15 23:08:36,053 : INFO : Machine : Initializing MPF...
2025-11-15 23:08:36,073 : INFO : EventManager : Event: ======'machine_var_credits_string'====== Args={'value': 'FREE PLAY', 'prev_value': None, 'change': True}
2025-11-15 23:08:36,078 : INFO : EventManager : Event: ======'machine_var_master_volume'====== Args={'value': 0.5, 'prev_value': None, 'change': True}
2025-11-15 23:08:36,078 : INFO : EventManager : Event: ======'machine_var_player1_score'====== Args={'value': 368000, 'prev_value': None, 'change': True}
2025-11-15 23:08:36,078 : INFO : EventManager : Event: ======'machine_var_player2_score'====== Args={'value': 24000, 'prev_value': None, 'change': True}
2025-11-15 23:08:36,078 : INFO : EventManager : Event: ======'machine_var_player3_score'====== Args={'value': 21000, 'prev_value': None, 'change': True}
2025-11-15 23:08:36,078 : INFO : EventManager : Event: ======'machine_var_player4_score'====== Args={'value': 0, 'prev_value': None, 'change': True}
2025-11-15 23:08:36,078 : INFO : EventManager : Event: ======'machine_var_mpf_version'====== Args={'value': 'Mission Pinball Framework v0.80.0.dev10', 'prev_value': None, 'change': True}
2025-11-15 23:08:36,078 : INFO : EventManager : Event: ======'machine_var_mpf_extended_version'====== Args={'value': 'Mission Pinball Framework v0.80.0.dev10, Config version:6, Show version: 6, BCP version:1.1', 'prev_value': None, 'change': True}
2025-11-15 23:08:36,078 : INFO : EventManager : Event: ======'machine_var_python_version'====== Args={'value': '3.13.7', 'prev_value': None, 'change': True}
2025-11-15 23:08:36,085 : INFO : EventManager : Event: ======'machine_var_platform'====== Args={'value': 'macOS-15.6.1-arm64-arm-64bit-Mach-O', 'prev_value': None, 'change': True}
2025-11-15 23:08:36,086 : INFO : EventManager : Event: ======'machine_var_platform_system'====== Args={'value': 'Darwin', 'prev_value': None, 'change': True}
2025-11-15 23:08:36,086 : INFO : EventManager : Event: ======'machine_var_platform_release'====== Args={'value': '24.6.0', 'prev_value': None, 'change': True}
2025-11-15 23:08:36,086 : INFO : EventManager : Event: ======'machine_var_platform_version'====== Args={'value': 'Darwin Kernel Version 24.6.0: Mon Jul 14 11:30:40 PDT 2025; root:xnu-11417.140.69~1/RELEASE_ARM64_T8132', 'prev_value': None, 'change': True}
2025-11-15 23:08:36,086 : INFO : EventManager : Event: ======'machine_var_platform_machine'====== Args={'value': 'arm64', 'prev_value': None, 'change': True}
2025-11-15 23:08:36,086 : INFO : EventManager : Event: ======'machine_var_log_file_path'====== Args={'value': '/Users/didiergilbin/Desktop/Homebrew_CSI/logs/2025-11-15-23-08-35-mpf-mac.home.log', 'prev_value': None, 'change': True}
2025-11-15 23:08:36,086 : INFO : EventManager : Event: ======'init_phase_1'====== Args={}
2025-11-15 23:08:36,096 : ERROR : asyncio : Task exception was never retrieved
future: <Task finished name='Task-85' coro=<SystemWideDevice.device_added_system_wide() done, defined at /Users/didiergilbin/mpfenv/lib/python3.13/site-packages/mpf/core/system_wide_device.py:15> exception=ConfigFileError("Autofire device 'ac_popbumper1' uses switch 's_popbumper1' which has a 'playfield_active' tag. This is handled internally by the device. Remove the redundant 'playfield_active' tag from that switch.")>
Traceback (most recent call last):
  File "/Users/didiergilbin/mpfenv/lib/python3.13/site-packages/mpf/core/system_wide_device.py", line 17, in device_added_system_wide
    await self._initialize()
  File "/Users/didiergilbin/mpfenv/lib/python3.13/site-packages/mpf/devices/autofire.py", line 68, in _initialize
    self.raise_config_error(
    ~~~~~~~~~~~~~~~~~~~~~~~^
        "Autofire device '{}' uses switch '{}' which has a "
        ^^^^^^^^^^^^^^^^^^^^^^^^^^^^^^^^^^^^^^^^^^^^^^^^^^^^
    ...<2 lines>...
            self.name, self.config['switch'].name, self.playfield.name,
            ^^^^^^^^^^^^^^^^^^^^^^^^^^^^^^^^^^^^^^^^^^^^^^^^^^^^^^^^^^^
            self.playfield.name), 1)
            ^^^^^^^^^^^^^^^^^^^^^^^^
  File "/Users/didiergilbin/mpfenv/lib/python3.13/site-packages/mpf/core/logging.py", line 175, in raise_config_error
    raise ConfigFileError(msg, error_no, self.log.name if self.log else "", context, self._url_base) \
        from source_exception
mpf.exceptions.config_file_error.ConfigFileError: Config File Error in autofire.ac_popbumper1: Autofire device 'ac_popbumper1' uses switch 's_popbumper1' which has a 'playfield_active' tag. This is handled internally by the device. Remove the redundant 'playfield_active' tag from that switch. Error Code: CFE-autofire-1 (https://missionpinball.org/logs)
2025-11-15 23:08:36,097 : ERROR : asyncio : Task exception was never retrieved
future: <Task finished name='Task-86' coro=<SystemWideDevice.device_added_system_wide() done, defined at /Users/didiergilbin/mpfenv/lib/python3.13/site-packages/mpf/core/system_wide_device.py:15> exception=ConfigFileError("Autofire device 'ac_popbumper2' uses switch 's_popbumper2' which has a 'playfield_active' tag. This is handled internally by the device. Remove the redundant 'playfield_active' tag from that switch.")>
Traceback (most recent call last):
  File "/Users/didiergilbin/mpfenv/lib/python3.13/site-packages/mpf/core/system_wide_device.py", line 17, in device_added_system_wide
    await self._initialize()
  File "/Users/didiergilbin/mpfenv/lib/python3.13/site-packages/mpf/devices/autofire.py", line 68, in _initialize
    self.raise_config_error(
    ~~~~~~~~~~~~~~~~~~~~~~~^
        "Autofire device '{}' uses switch '{}' which has a "
        ^^^^^^^^^^^^^^^^^^^^^^^^^^^^^^^^^^^^^^^^^^^^^^^^^^^^
    ...<2 lines>...
            self.name, self.config['switch'].name, self.playfield.name,
            ^^^^^^^^^^^^^^^^^^^^^^^^^^^^^^^^^^^^^^^^^^^^^^^^^^^^^^^^^^^
            self.playfield.name), 1)
            ^^^^^^^^^^^^^^^^^^^^^^^^
  File "/Users/didiergilbin/mpfenv/lib/python3.13/site-packages/mpf/core/logging.py", line 175, in raise_config_error
    raise ConfigFileError(msg, error_no, self.log.name if self.log else "", context, self._url_base) \
        from source_exception
mpf.exceptions.config_file_error.ConfigFileError: Config File Error in autofire.ac_popbumper2: Autofire device 'ac_popbumper2' uses switch 's_popbumper2' which has a 'playfield_active' tag. This is handled internally by the device. Remove the redundant 'playfield_active' tag from that switch. Error Code: CFE-autofire-1 (https://missionpinball.org/logs)
2025-11-15 23:08:36,097 : ERROR : asyncio : Task exception was never retrieved
future: <Task finished name='Task-87' coro=<SystemWideDevice.device_added_system_wide() done, defined at /Users/didiergilbin/mpfenv/lib/python3.13/site-packages/mpf/core/system_wide_device.py:15> exception=ConfigFileError("Autofire device 'ac_popbumper3' uses switch 's_popbumper3' which has a 'playfield_active' tag. This is handled internally by the device. Remove the redundant 'playfield_active' tag from that switch.")>
Traceback (most recent call last):
  File "/Users/didiergilbin/mpfenv/lib/python3.13/site-packages/mpf/core/system_wide_device.py", line 17, in device_added_system_wide
    await self._initialize()
  File "/Users/didiergilbin/mpfenv/lib/python3.13/site-packages/mpf/devices/autofire.py", line 68, in _initialize
    self.raise_config_error(
    ~~~~~~~~~~~~~~~~~~~~~~~^
        "Autofire device '{}' uses switch '{}' which has a "
        ^^^^^^^^^^^^^^^^^^^^^^^^^^^^^^^^^^^^^^^^^^^^^^^^^^^^
    ...<2 lines>...
            self.name, self.config['switch'].name, self.playfield.name,
            ^^^^^^^^^^^^^^^^^^^^^^^^^^^^^^^^^^^^^^^^^^^^^^^^^^^^^^^^^^^
            self.playfield.name), 1)
            ^^^^^^^^^^^^^^^^^^^^^^^^
  File "/Users/didiergilbin/mpfenv/lib/python3.13/site-packages/mpf/core/logging.py", line 175, in raise_config_error
    raise ConfigFileError(msg, error_no, self.log.name if self.log else "", context, self._url_base) \
        from source_exception
mpf.exceptions.config_file_error.ConfigFileError: Config File Error in autofire.ac_popbumper3: Autofire device 'ac_popbumper3' uses switch 's_popbumper3' which has a 'playfield_active' tag. This is handled internally by the device. Remove the redundant 'playfield_active' tag from that switch. Error Code: CFE-autofire-1 (https://missionpinball.org/logs)
2025-11-15 23:08:36,097 : ERROR : asyncio : Task exception was never retrieved
future: <Task finished name='Task-88' coro=<SystemWideDevice.device_added_system_wide() done, defined at /Users/didiergilbin/mpfenv/lib/python3.13/site-packages/mpf/core/system_wide_device.py:15> exception=ConfigFileError("Autofire device 'ac_slingshot_left' uses switch 's_sling_left' which has a 'playfield_active' tag. This is handled internally by the device. Remove the redundant 'playfield_active' tag from that switch.")>
Traceback (most recent call last):
  File "/Users/didiergilbin/mpfenv/lib/python3.13/site-packages/mpf/core/system_wide_device.py", line 17, in device_added_system_wide
    await self._initialize()
  File "/Users/didiergilbin/mpfenv/lib/python3.13/site-packages/mpf/devices/autofire.py", line 68, in _initialize
    self.raise_config_error(
    ~~~~~~~~~~~~~~~~~~~~~~~^
        "Autofire device '{}' uses switch '{}' which has a "
        ^^^^^^^^^^^^^^^^^^^^^^^^^^^^^^^^^^^^^^^^^^^^^^^^^^^^
    ...<2 lines>...
            self.name, self.config['switch'].name, self.playfield.name,
            ^^^^^^^^^^^^^^^^^^^^^^^^^^^^^^^^^^^^^^^^^^^^^^^^^^^^^^^^^^^
            self.playfield.name), 1)
            ^^^^^^^^^^^^^^^^^^^^^^^^
  File "/Users/didiergilbin/mpfenv/lib/python3.13/site-packages/mpf/core/logging.py", line 175, in raise_config_error
    raise ConfigFileError(msg, error_no, self.log.name if self.log else "", context, self._url_base) \
        from source_exception
mpf.exceptions.config_file_error.ConfigFileError: Config File Error in autofire.ac_slingshot_left: Autofire device 'ac_slingshot_left' uses switch 's_sling_left' which has a 'playfield_active' tag. This is handled internally by the device. Remove the redundant 'playfield_active' tag from that switch. Error Code: CFE-autofire-1 (https://missionpinball.org/logs)
2025-11-15 23:08:36,098 : ERROR : asyncio : Task exception was never retrieved
future: <Task finished name='Task-89' coro=<SystemWideDevice.device_added_system_wide() done, defined at /Users/didiergilbin/mpfenv/lib/python3.13/site-packages/mpf/core/system_wide_device.py:15> exception=ConfigFileError("Autofire device 'ac_slingshot_right' uses switch 's_sling_right' which has a 'playfield_active' tag. This is handled internally by the device. Remove the redundant 'playfield_active' tag from that switch.")>
Traceback (most recent call last):
  File "/Users/didiergilbin/mpfenv/lib/python3.13/site-packages/mpf/core/system_wide_device.py", line 17, in device_added_system_wide
    await self._initialize()
  File "/Users/didiergilbin/mpfenv/lib/python3.13/site-packages/mpf/devices/autofire.py", line 68, in _initialize
    self.raise_config_error(
    ~~~~~~~~~~~~~~~~~~~~~~~^
        "Autofire device '{}' uses switch '{}' which has a "
        ^^^^^^^^^^^^^^^^^^^^^^^^^^^^^^^^^^^^^^^^^^^^^^^^^^^^
    ...<2 lines>...
            self.name, self.config['switch'].name, self.playfield.name,
            ^^^^^^^^^^^^^^^^^^^^^^^^^^^^^^^^^^^^^^^^^^^^^^^^^^^^^^^^^^^
            self.playfield.name), 1)
            ^^^^^^^^^^^^^^^^^^^^^^^^
  File "/Users/didiergilbin/mpfenv/lib/python3.13/site-packages/mpf/core/logging.py", line 175, in raise_config_error
    raise ConfigFileError(msg, error_no, self.log.name if self.log else "", context, self._url_base) \
        from source_exception
mpf.exceptions.config_file_error.ConfigFileError: Config File Error in autofire.ac_slingshot_right: Autofire device 'ac_slingshot_right' uses switch 's_sling_right' which has a 'playfield_active' tag. This is handled internally by the device. Remove the redundant 'playfield_active' tag from that switch. Error Code: CFE-autofire-1 (https://missionpinball.org/logs)
2025-11-15 23:08:36,098 : INFO : EventManager : Event: ======'init_phase_2'====== Args={}
2025-11-15 23:08:36,098 : INFO : Machine : Starting the main run loop with active modes: []
2025-11-15 23:08:36,098 : WARNING : Machine : Attract mode is not active, game will not be playable. Please check your attract mode configuration.
2025-11-15 23:08:36,098 : INFO : Machine : Shutting down...
2025-11-15 23:08:36,098 : INFO : EventManager : Event: ======'shutdown'====== Args={}
2025-11-15 23:08:36,098 : INFO : SwitchController : Found active switch: ('2', <Platform.Virtual>) <switch.s_trough1>
2025-11-15 23:08:36,098 : INFO : SwitchController : Found active switch: ('3', <Platform.Virtual>) <switch.s_trough2>
2025-11-15 23:08:36,098 : INFO : SwitchController : Found active switch: ('4', <Platform.Virtual>) <switch.s_trough3>
2025-11-15 23:08:36,099 : INFO : SwitchController : Found active switch: ('5', <Platform.Virtual>) <switch.s_trough4>
2025-11-15 23:08:36,100 : INFO : EventManager : Event: ======'bcp_connection_attempt'====== Args={'name': 'local_display', 'host': 'localhost', 'port': 5050}
2025-11-15 23:08:36,100 : INFO : BCPClientSocket : Connecting BCP to 'local_display' at localhost:5050...
2025-11-15 23:08:36,103 : INFO : BCPClientSocket : Connected BCP to 'local_display' localhost:5050
2025-11-15 23:08:36,103 : INFO : EventManager : Event: ======'bcp_clients_connected'====== Args={}
2025-11-15 23:08:36,103 : INFO : ball_device.bd_drain : BCH: Initial count: 0
2025-11-15 23:08:36,103 : INFO : ball_device.bd_drain : State: idle
2025-11-15 23:08:36,103 : INFO : ball_device.bd_trough : BCH: Initial count: 4
2025-11-15 23:08:36,103 : INFO : ball_device.bd_trough : State: idle
2025-11-15 23:08:36,104 : INFO : ball_device.bd_plunger : BCH: Initial count: 0
2025-11-15 23:08:36,104 : INFO : ball_device.bd_plunger : State: idle
2025-11-15 23:08:36,109 : INFO : EventManager : Event: ======'init_phase_3'====== Args={}
2025-11-15 23:08:36,110 : INFO : EventManager : Event: ======'init_phase_4'====== Args={}
2025-11-15 23:08:36,110 : INFO : BallController : Initial balls found: 4
2025-11-15 23:08:36,110 : INFO : EventManager : Event: ======'machine_var_audits_events_game_ended'====== Args={'value': 54, 'prev_value': None, 'change': True}
2025-11-15 23:08:36,110 : INFO : EventManager : Event: ======'machine_var_audits_events_game_started'====== Args={'value': 592, 'prev_value': None, 'change': True}
2025-11-15 23:08:36,110 : INFO : EventManager : Event: ======'machine_var_audits_missing_switches_s_bullet1'====== Args={'value': 3, 'prev_value': None, 'change': True}
2025-11-15 23:08:36,110 : INFO : EventManager : Event: ======'machine_var_audits_missing_switches_s_bullet2'====== Args={'value': 3, 'prev_value': None, 'change': True}
2025-11-15 23:08:36,110 : INFO : EventManager : Event: ======'machine_var_audits_missing_switches_s_bullet3'====== Args={'value': 3, 'prev_value': None, 'change': True}
2025-11-15 23:08:36,110 : INFO : EventManager : Event: ======'machine_var_audits_missing_switches_s_bullet4'====== Args={'value': 3, 'prev_value': None, 'change': True}
2025-11-15 23:08:36,110 : INFO : EventManager : Event: ======'machine_var_audits_missing_switches_s_bullet5'====== Args={'value': 3, 'prev_value': None, 'change': True}
2025-11-15 23:08:36,110 : INFO : EventManager : Event: ======'machine_var_audits_missing_switches_s_centriguge_enter'====== Args={'value': 3, 'prev_value': None, 'change': True}
2025-11-15 23:08:36,110 : INFO : EventManager : Event: ======'machine_var_audits_missing_switches_s_drain'====== Args={'value': 16, 'prev_value': None, 'change': True}
2025-11-15 23:08:36,110 : INFO : EventManager : Event: ======'machine_var_audits_missing_switches_s_left_flipper'====== Args={'value': 58, 'prev_value': None, 'change': True}
2025-11-15 23:08:36,110 : INFO : EventManager : Event: ======'machine_var_audits_missing_switches_s_left_orbit'====== Args={'value': 3, 'prev_value': None, 'change': True}
2025-11-15 23:08:36,110 : INFO : EventManager : Event: ======'machine_var_audits_missing_switches_s_left_outlane'====== Args={'value': 207, 'prev_value': None, 'change': True}
2025-11-15 23:08:36,110 : INFO : EventManager : Event: ======'machine_var_audits_missing_switches_s_microscope_left'====== Args={'value': 3, 'prev_value': None, 'change': True}
2025-11-15 23:08:36,110 : INFO : EventManager : Event: ======'machine_var_audits_missing_switches_s_microscope_right'====== Args={'value': 3, 'prev_value': None, 'change': True}
2025-11-15 23:08:36,110 : INFO : EventManager : Event: ======'machine_var_audits_missing_switches_s_popbumper1'====== Args={'value': 19, 'prev_value': None, 'change': True}
2025-11-15 23:08:36,110 : INFO : EventManager : Event: ======'machine_var_audits_missing_switches_s_popbumper2'====== Args={'value': 46, 'prev_value': None, 'change': True}
2025-11-15 23:08:36,110 : INFO : EventManager : Event: ======'machine_var_audits_missing_switches_s_popbumper3'====== Args={'value': 49, 'prev_value': None, 'change': True}
2025-11-15 23:08:36,110 : INFO : EventManager : Event: ======'machine_var_audits_missing_switches_s_ramp'====== Args={'value': 3, 'prev_value': None, 'change': True}
2025-11-15 23:08:36,110 : INFO : EventManager : Event: ======'machine_var_audits_missing_switches_s_right_flipper'====== Args={'value': 56, 'prev_value': None, 'change': True}
2025-11-15 23:08:36,110 : INFO : EventManager : Event: ======'machine_var_audits_missing_switches_s_right_outlane'====== Args={'value': 207, 'prev_value': None, 'change': True}
2025-11-15 23:08:36,110 : INFO : EventManager : Event: ======'machine_var_audits_missing_switches_s_right_spinner'====== Args={'value': 3, 'prev_value': None, 'change': True}
2025-11-15 23:08:36,110 : INFO : EventManager : Event: ======'machine_var_audits_missing_switches_s_scoop'====== Args={'value': 3, 'prev_value': None, 'change': True}
2025-11-15 23:08:36,110 : INFO : EventManager : Event: ======'machine_var_audits_missing_switches_s_skull_lock1'====== Args={'value': 3, 'prev_value': None, 'change': True}
2025-11-15 23:08:36,110 : INFO : EventManager : Event: ======'machine_var_audits_missing_switches_s_skull_lock2'====== Args={'value': 3, 'prev_value': None, 'change': True}
2025-11-15 23:08:36,110 : INFO : EventManager : Event: ======'machine_var_audits_missing_switches_s_skull_pos_down'====== Args={'value': 20, 'prev_value': None, 'change': True}
2025-11-15 23:08:36,110 : INFO : EventManager : Event: ======'machine_var_audits_missing_switches_s_skull_pos_mid'====== Args={'value': 20, 'prev_value': None, 'change': True}
2025-11-15 23:08:36,110 : INFO : EventManager : Event: ======'machine_var_audits_missing_switches_s_skull_pos_up'====== Args={'value': 20, 'prev_value': None, 'change': True}
2025-11-15 23:08:36,110 : INFO : EventManager : Event: ======'machine_var_audits_missing_switches_s_sling_left'====== Args={'value': 592, 'prev_value': None, 'change': True}
2025-11-15 23:08:36,110 : INFO : EventManager : Event: ======'machine_var_audits_missing_switches_s_sling_right'====== Args={'value': 592, 'prev_value': None, 'change': True}
2025-11-15 23:08:36,110 : INFO : EventManager : Event: ======'machine_var_audits_missing_switches_s_start'====== Args={'value': 32, 'prev_value': None, 'change': True}
2025-11-15 23:08:36,110 : INFO : EventManager : Event: ======'machine_var_audits_player_score'====== Args={'value': {'average': 215167, 'top': [10210000, 1550000, 1070000, 1070000, 810000, 710000, 640000, 570000, 530000, 480000], 'total': 118}, 'prev_value': None, 'change': True}
2025-11-15 23:08:36,110 : INFO : EventManager : Event: ======'machine_var_audits_shots_bumper1'====== Args={'value': 4522, 'prev_value': None, 'change': True}
2025-11-15 23:08:36,110 : INFO : EventManager : Event: ======'machine_var_audits_shots_bumper2'====== Args={'value': 4420, 'prev_value': None, 'change': True}
2025-11-15 23:08:36,110 : INFO : EventManager : Event: ======'machine_var_audits_shots_bumper3'====== Args={'value': 4261, 'prev_value': None, 'change': True}
2025-11-15 23:08:36,110 : INFO : EventManager : Event: ======'machine_var_audits_shots_c_shot'====== Args={'value': 181, 'prev_value': None, 'change': True}
2025-11-15 23:08:36,110 : INFO : EventManager : Event: ======'machine_var_audits_shots_csi_shot'====== Args={'value': 9, 'prev_value': None, 'change': True}
2025-11-15 23:08:36,110 : INFO : EventManager : Event: ======'machine_var_audits_shots_i_shot'====== Args={'value': 153, 'prev_value': None, 'change': True}
2025-11-15 23:08:36,110 : INFO : EventManager : Event: ======'machine_var_audits_shots_s10'====== Args={'value': 10, 'prev_value': None, 'change': True}
2025-11-15 23:08:36,110 : INFO : EventManager : Event: ======'machine_var_audits_shots_s11'====== Args={'value': 8, 'prev_value': None, 'change': True}
2025-11-15 23:08:36,110 : INFO : EventManager : Event: ======'machine_var_audits_shots_s12'====== Args={'value': 2, 'prev_value': None, 'change': True}
2025-11-15 23:08:36,110 : INFO : EventManager : Event: ======'machine_var_audits_shots_s13'====== Args={'value': 3, 'prev_value': None, 'change': True}
2025-11-15 23:08:36,110 : INFO : EventManager : Event: ======'machine_var_audits_shots_s2'====== Args={'value': 33, 'prev_value': None, 'change': True}
2025-11-15 23:08:36,110 : INFO : EventManager : Event: ======'machine_var_audits_shots_s5'====== Args={'value': 13, 'prev_value': None, 'change': True}
2025-11-15 23:08:36,110 : INFO : EventManager : Event: ======'machine_var_audits_shots_s6'====== Args={'value': 10, 'prev_value': None, 'change': True}
2025-11-15 23:08:36,110 : INFO : EventManager : Event: ======'machine_var_audits_shots_s7'====== Args={'value': 20, 'prev_value': None, 'change': True}
2025-11-15 23:08:36,110 : INFO : EventManager : Event: ======'machine_var_audits_shots_s8'====== Args={'value': 9, 'prev_value': None, 'change': True}
2025-11-15 23:08:36,110 : INFO : EventManager : Event: ======'machine_var_audits_shots_s9'====== Args={'value': 315, 'prev_value': None, 'change': True}
2025-11-15 23:08:36,110 : INFO : EventManager : Event: ======'machine_var_audits_shots_s_shot'====== Args={'value': 166, 'prev_value': None, 'change': True}
2025-11-15 23:08:36,110 : INFO : EventManager : Event: ======'machine_var_audits_shots_sa1'====== Args={'value': 26, 'prev_value': None, 'change': True}
2025-11-15 23:08:36,110 : INFO : EventManager : Event: ======'machine_var_audits_shots_sa2'====== Args={'value': 25, 'prev_value': None, 'change': True}
2025-11-15 23:08:36,110 : INFO : EventManager : Event: ======'machine_var_audits_shots_sa3'====== Args={'value': 25, 'prev_value': None, 'change': True}
2025-11-15 23:08:36,111 : INFO : EventManager : Event: ======'machine_var_audits_shots_sa4'====== Args={'value': 25, 'prev_value': None, 'change': True}
2025-11-15 23:08:36,111 : INFO : EventManager : Event: ======'machine_var_audits_shots_sa5'====== Args={'value': 25, 'prev_value': None, 'change': True}
2025-11-15 23:08:36,111 : INFO : EventManager : Event: ======'machine_var_audits_shots_sa6'====== Args={'value': 27, 'prev_value': None, 'change': True}
2025-11-15 23:08:36,111 : INFO : EventManager : Event: ======'machine_var_audits_shots_sb1'====== Args={'value': 19, 'prev_value': None, 'change': True}
2025-11-15 23:08:36,111 : INFO : EventManager : Event: ======'machine_var_audits_shots_sb2'====== Args={'value': 17, 'prev_value': None, 'change': True}
2025-11-15 23:08:36,111 : INFO : EventManager : Event: ======'machine_var_audits_shots_sb3'====== Args={'value': 18, 'prev_value': None, 'change': True}
2025-11-15 23:08:36,111 : INFO : EventManager : Event: ======'machine_var_audits_shots_sb4'====== Args={'value': 18, 'prev_value': None, 'change': True}
2025-11-15 23:08:36,111 : INFO : EventManager : Event: ======'machine_var_audits_shots_sb5'====== Args={'value': 18, 'prev_value': None, 'change': True}
2025-11-15 23:08:36,111 : INFO : EventManager : Event: ======'machine_var_audits_shots_sb6'====== Args={'value': 21, 'prev_value': None, 'change': True}
2025-11-15 23:08:36,111 : INFO : EventManager : Event: ======'machine_var_audits_shots_sra1'====== Args={'value': 9, 'prev_value': None, 'change': True}
2025-11-15 23:08:36,111 : INFO : EventManager : Event: ======'machine_var_audits_shots_sra2'====== Args={'value': 9, 'prev_value': None, 'change': True}
2025-11-15 23:08:36,111 : INFO : EventManager : Event: ======'machine_var_audits_shots_switch_shot'====== Args={'value': 245, 'prev_value': None, 'change': True}
2025-11-15 23:08:36,111 : INFO : EventManager : Event: ======'machine_var_audits_switches_s_bullet1'====== Args={'value': 22, 'prev_value': None, 'change': True}
2025-11-15 23:08:36,111 : INFO : EventManager : Event: ======'machine_var_audits_switches_s_bullet2'====== Args={'value': 19, 'prev_value': None, 'change': True}
2025-11-15 23:08:36,111 : INFO : EventManager : Event: ======'machine_var_audits_switches_s_bullet3'====== Args={'value': 19, 'prev_value': None, 'change': True}
2025-11-15 23:08:36,111 : INFO : EventManager : Event: ======'machine_var_audits_switches_s_bullet4'====== Args={'value': 18, 'prev_value': None, 'change': True}
2025-11-15 23:08:36,111 : INFO : EventManager : Event: ======'machine_var_audits_switches_s_bullet5'====== Args={'value': 19, 'prev_value': None, 'change': True}
2025-11-15 23:08:36,111 : INFO : EventManager : Event: ======'machine_var_audits_switches_s_centriguge_enter'====== Args={'value': 39, 'prev_value': None, 'change': True}
2025-11-15 23:08:36,111 : INFO : EventManager : Event: ======'machine_var_audits_switches_s_drain'====== Args={'value': 562, 'prev_value': None, 'change': True}
2025-11-15 23:08:36,111 : INFO : EventManager : Event: ======'machine_var_audits_switches_s_launch_button'====== Args={'value': 21, 'prev_value': None, 'change': True}
2025-11-15 23:08:36,111 : INFO : EventManager : Event: ======'machine_var_audits_switches_s_left_flipper'====== Args={'value': 478, 'prev_value': None, 'change': True}
2025-11-15 23:08:36,111 : INFO : EventManager : Event: ======'machine_var_audits_switches_s_left_inlane1'====== Args={'value': 191, 'prev_value': None, 'change': True}
2025-11-15 23:08:36,111 : INFO : EventManager : Event: ======'machine_var_audits_switches_s_left_inlane2'====== Args={'value': 173, 'prev_value': None, 'change': True}
2025-11-15 23:08:36,111 : INFO : EventManager : Event: ======'machine_var_audits_switches_s_left_orbit'====== Args={'value': 31, 'prev_value': None, 'change': True}
2025-11-15 23:08:36,111 : INFO : EventManager : Event: ======'machine_var_audits_switches_s_left_outlane'====== Args={'value': 1, 'prev_value': None, 'change': True}
2025-11-15 23:08:36,111 : INFO : EventManager : Event: ======'machine_var_audits_switches_s_microscope_left'====== Args={'value': 30, 'prev_value': None, 'change': True}
2025-11-15 23:08:36,111 : INFO : EventManager : Event: ======'machine_var_audits_switches_s_microscope_right'====== Args={'value': 29, 'prev_value': None, 'change': True}
2025-11-15 23:08:36,111 : INFO : EventManager : Event: ======'machine_var_audits_switches_s_morgue'====== Args={'value': 90, 'prev_value': None, 'change': True}
2025-11-15 23:08:36,111 : INFO : EventManager : Event: ======'machine_var_audits_switches_s_plunger_lane'====== Args={'value': 1064, 'prev_value': None, 'change': True}
2025-11-15 23:08:36,111 : INFO : EventManager : Event: ======'machine_var_audits_switches_s_popbumper1'====== Args={'value': 4566, 'prev_value': None, 'change': True}
2025-11-15 23:08:36,111 : INFO : EventManager : Event: ======'machine_var_audits_switches_s_popbumper2'====== Args={'value': 4461, 'prev_value': None, 'change': True}
2025-11-15 23:08:36,111 : INFO : EventManager : Event: ======'machine_var_audits_switches_s_popbumper3'====== Args={'value': 4303, 'prev_value': None, 'change': True}
2025-11-15 23:08:36,111 : INFO : EventManager : Event: ======'machine_var_audits_switches_s_ramp'====== Args={'value': 1497, 'prev_value': None, 'change': True}
2025-11-15 23:08:36,111 : INFO : EventManager : Event: ======'machine_var_audits_switches_s_right_flipper'====== Args={'value': 787, 'prev_value': None, 'change': True}
2025-11-15 23:08:36,111 : INFO : EventManager : Event: ======'machine_var_audits_switches_s_right_inlane'====== Args={'value': 159, 'prev_value': None, 'change': True}
2025-11-15 23:08:36,111 : INFO : EventManager : Event: ======'machine_var_audits_switches_s_right_orbit'====== Args={'value': 139, 'prev_value': None, 'change': True}
2025-11-15 23:08:36,111 : INFO : EventManager : Event: ======'machine_var_audits_switches_s_right_outlane'====== Args={'value': 5, 'prev_value': None, 'change': True}
2025-11-15 23:08:36,111 : INFO : EventManager : Event: ======'machine_var_audits_switches_s_right_spinner'====== Args={'value': 30, 'prev_value': None, 'change': True}
2025-11-15 23:08:36,111 : INFO : EventManager : Event: ======'machine_var_audits_switches_s_scoop'====== Args={'value': 472, 'prev_value': None, 'change': True}
2025-11-15 23:08:36,111 : INFO : EventManager : Event: ======'machine_var_audits_switches_s_skull_lock1'====== Args={'value': 135, 'prev_value': None, 'change': True}
2025-11-15 23:08:36,111 : INFO : EventManager : Event: ======'machine_var_audits_switches_s_skull_lock2'====== Args={'value': 137, 'prev_value': None, 'change': True}
2025-11-15 23:08:36,111 : INFO : EventManager : Event: ======'machine_var_audits_switches_s_skull_pos_down'====== Args={'value': 0, 'prev_value': None, 'change': True}
2025-11-15 23:08:36,111 : INFO : EventManager : Event: ======'machine_var_audits_switches_s_skull_pos_mid'====== Args={'value': 0, 'prev_value': None, 'change': True}
2025-11-15 23:08:36,111 : INFO : EventManager : Event: ======'machine_var_audits_switches_s_skull_pos_up'====== Args={'value': 0, 'prev_value': None, 'change': True}
2025-11-15 23:08:36,111 : INFO : EventManager : Event: ======'machine_var_audits_switches_s_sling_left'====== Args={'value': 0, 'prev_value': None, 'change': True}
2025-11-15 23:08:36,111 : INFO : EventManager : Event: ======'machine_var_audits_switches_s_sling_right'====== Args={'value': 0, 'prev_value': None, 'change': True}
2025-11-15 23:08:36,111 : INFO : EventManager : Event: ======'machine_var_audits_switches_s_start'====== Args={'value': 685, 'prev_value': None, 'change': True}
2025-11-15 23:08:36,111 : INFO : EventManager : Event: ======'machine_var_audits_switches_s_trough1'====== Args={'value': 403, 'prev_value': None, 'change': True}
2025-11-15 23:08:36,111 : INFO : EventManager : Event: ======'machine_var_audits_switches_s_trough2'====== Args={'value': 20, 'prev_value': None, 'change': True}
2025-11-15 23:08:36,111 : INFO : EventManager : Event: ======'machine_var_audits_switches_s_trough3'====== Args={'value': 4, 'prev_value': None, 'change': True}
2025-11-15 23:08:36,111 : INFO : EventManager : Event: ======'machine_var_audits_switches_s_trough4'====== Args={'value': 10, 'prev_value': None, 'change': True}
2025-11-15 23:08:36,111 : INFO : EventManager : Event: ======'machine_var_audits_switches_s_trough_jam'====== Args={'value': 16, 'prev_value': None, 'change': True}
2025-11-15 23:08:36,111 : INFO : EventManager : Event: ======'init_phase_5'====== Args={}
2025-11-15 23:08:36,112 : INFO : EventManager : Event: ======'init_done'====== Args={}
2025-11-15 23:08:36,112 : INFO : EventManager : Event: ======'machine_reset_phase_1'====== Args={}
2025-11-15 23:08:36,115 : INFO : EventManager : Event: ======'machine_reset_phase_2'====== Args={}
2025-11-15 23:08:36,115 : INFO : EventManager : Event: ======'machine_reset_phase_3'====== Args={}
2025-11-15 23:08:36,115 : INFO : motor.skull_motor : Moving motor to position home
2025-11-15 23:08:36,116 : INFO : EventManager : Event: ======'reset_complete'====== Args={}
2025-11-15 23:08:36,116 : INFO : EventManager : Event: ======'mode_attract_will_start'====== Args={}
2025-11-15 23:08:36,116 : INFO : Timer.attract_carousel_timer : Starting Timer.
2025-11-15 23:08:36,116 : INFO : EventManager : Event: ======'timer_attract_carousel_timer_started'====== Args={'ticks': 0, 'ticks_remaining': 1}
2025-11-15 23:08:36,116 : INFO : EventManager : Event: ======'timer_attract_carousel_timer_tick'====== Args={'ticks': 0, 'ticks_remaining': 1}
2025-11-15 23:08:36,117 : INFO : EventManager : Event: ======'mode_attract_starting'====== Args={}
2025-11-15 23:08:36,117 : INFO : Mode.attract : Will not start because machine is shutting down.
2025-11-15 23:08:36,117 : ERROR : Machine : Runtime Exception
Traceback (most recent call last):
  File "/Users/didiergilbin/mpfenv/lib/python3.13/site-packages/mpf/core/machine.py", line 810, in _run_loop
    raise self._exception['exception']
  File "/Users/didiergilbin/mpfenv/lib/python3.13/site-packages/mpf/core/system_wide_device.py", line 17, in device_added_system_wide
    await self._initialize()
  File "/Users/didiergilbin/mpfenv/lib/python3.13/site-packages/mpf/devices/autofire.py", line 68, in _initialize
    self.raise_config_error(
    ~~~~~~~~~~~~~~~~~~~~~~~^
        "Autofire device '{}' uses switch '{}' which has a "
        ^^^^^^^^^^^^^^^^^^^^^^^^^^^^^^^^^^^^^^^^^^^^^^^^^^^^
    ...<2 lines>...
            self.name, self.config['switch'].name, self.playfield.name,
            ^^^^^^^^^^^^^^^^^^^^^^^^^^^^^^^^^^^^^^^^^^^^^^^^^^^^^^^^^^^
            self.playfield.name), 1)
            ^^^^^^^^^^^^^^^^^^^^^^^^
  File "/Users/didiergilbin/mpfenv/lib/python3.13/site-packages/mpf/core/logging.py", line 175, in raise_config_error
    raise ConfigFileError(msg, error_no, self.log.name if self.log else "", context, self._url_base) \
        from source_exception
mpf.exceptions.config_file_error.ConfigFileError: Config File Error in autofire.ac_popbumper1: Autofire device 'ac_popbumper1' uses switch 's_popbumper1' which has a 'playfield_active' tag. This is handled internally by the device. Remove the redundant 'playfield_active' tag from that switch. Error Code: CFE-autofire-1 (https://missionpinball.org/logs)
2025-11-15 23:08:36,118 : INFO : root : MPF run loop ended.
