2025-11-02 01:16:26,881 : INFO : root : Loading config.
2025-11-02 01:16:26,882 : INFO : YamlMultifileConfigLoader : Machine config file #1: config.yaml
2025-11-02 01:16:26,882 : INFO : ConfigProcessor : Loading config from cache: /var/folders/m3/0d4y64_n3fn8tnkv3ydlhztw0000gn/T/5ca32a6c950d03116abbed96ca44d372.mpf_cache
2025-11-02 01:16:26,893 : INFO : ConfigProcessor : Loading config from cache: /var/folders/m3/0d4y64_n3fn8tnkv3ydlhztw0000gn/T/01c495fa7450a81b4be96cb699872531.mpf_cache
2025-11-02 01:16:26,893 : INFO : ConfigProcessor : Loading config from cache: /var/folders/m3/0d4y64_n3fn8tnkv3ydlhztw0000gn/T/bfde29b5bb803376b0637bb8f0da27a7.mpf_cache
2025-11-02 01:16:26,894 : INFO : ConfigProcessor : Loading config from cache: /var/folders/m3/0d4y64_n3fn8tnkv3ydlhztw0000gn/T/01c495fa7450a81b4be96cb699872531.mpf_cache
2025-11-02 01:16:26,894 : INFO : ConfigProcessor : Loading config from cache: /var/folders/m3/0d4y64_n3fn8tnkv3ydlhztw0000gn/T/3ae89e09515ff8d8b11d68f672b2cc51.mpf_cache
2025-11-02 01:16:26,894 : INFO : ConfigProcessor : Loading config from cache: /var/folders/m3/0d4y64_n3fn8tnkv3ydlhztw0000gn/T/4c420229fa75118c2461cfc9ff5a44e2.mpf_cache
2025-11-02 01:16:26,894 : INFO : Machine : Mission Pinball Framework Core Engine v0.80.0.dev10
2025-11-02 01:16:26,894 : INFO : Machine : Command line arguments: {'no_load_cache': False, 'create_config_cache': True, 'bcp': True, 'configfile': ['config.yaml'], 'force_assets_load': False, 'platform_integration_test': False, 'jsonlogging': False, 'logfile': 'logs/2025-11-02-01-16-26-mpf-mac.home.log', 'pause': False, 'production': False, 'text_ui': False, 'loglevel': 15, 'consoleloglevel': 20, 'force_platform': 'smart_virtual', 'syslog_address': None, 'full_logfile_path': '/Users/didiergilbin/Desktop/Homebrew_CSI/logs/2025-11-02-01-16-26-mpf-mac.home.log'}
2025-11-02 01:16:26,894 : INFO : Machine : MPF path: /Users/didiergilbin/mpfenv/lib/python3.13/site-packages/mpf
2025-11-02 01:16:26,894 : INFO : Machine : Machine path: /Users/didiergilbin/Desktop/Homebrew_CSI
2025-11-02 01:16:26,894 : INFO : Machine : Platform: darwin
2025-11-02 01:16:26,894 : INFO : Machine : Python executable location: /Users/didiergilbin/mpfenv/bin/python3.13
2025-11-02 01:16:26,894 : INFO : Machine : Python version: 3.13.7 (64-bit)
2025-11-02 01:16:26,894 : INFO : Machine : Initializing MPF...
2025-11-02 01:16:26,907 : INFO : EventManager : Event: ======'machine_var_credits_string'====== Args={'value': 'FREE PLAY', 'prev_value': None, 'change': True}
2025-11-02 01:16:26,910 : INFO : EventManager : Event: ======'machine_var_master_volume'====== Args={'value': 0.5, 'prev_value': None, 'change': True}
2025-11-02 01:16:26,910 : INFO : EventManager : Event: ======'machine_var_player1_score'====== Args={'value': 0, 'prev_value': None, 'change': True}
2025-11-02 01:16:26,910 : INFO : EventManager : Event: ======'machine_var_player2_score'====== Args={'value': 0, 'prev_value': None, 'change': True}
2025-11-02 01:16:26,910 : INFO : EventManager : Event: ======'machine_var_mpf_version'====== Args={'value': 'Mission Pinball Framework v0.80.0.dev10', 'prev_value': None, 'change': True}
2025-11-02 01:16:26,910 : INFO : EventManager : Event: ======'machine_var_mpf_extended_version'====== Args={'value': 'Mission Pinball Framework v0.80.0.dev10, Config version:6, Show version: 6, BCP version:1.1', 'prev_value': None, 'change': True}
2025-11-02 01:16:26,910 : INFO : EventManager : Event: ======'machine_var_python_version'====== Args={'value': '3.13.7', 'prev_value': None, 'change': True}
2025-11-02 01:16:26,915 : INFO : EventManager : Event: ======'machine_var_platform'====== Args={'value': 'macOS-15.6.1-arm64-arm-64bit-Mach-O', 'prev_value': None, 'change': True}
2025-11-02 01:16:26,915 : INFO : EventManager : Event: ======'machine_var_platform_system'====== Args={'value': 'Darwin', 'prev_value': None, 'change': True}
2025-11-02 01:16:26,915 : INFO : EventManager : Event: ======'machine_var_platform_release'====== Args={'value': '24.6.0', 'prev_value': None, 'change': True}
2025-11-02 01:16:26,915 : INFO : EventManager : Event: ======'machine_var_platform_version'====== Args={'value': 'Darwin Kernel Version 24.6.0: Mon Jul 14 11:30:40 PDT 2025; root:xnu-11417.140.69~1/RELEASE_ARM64_T8132', 'prev_value': None, 'change': True}
2025-11-02 01:16:26,915 : INFO : EventManager : Event: ======'machine_var_platform_machine'====== Args={'value': 'arm64', 'prev_value': None, 'change': True}
2025-11-02 01:16:26,915 : INFO : EventManager : Event: ======'machine_var_log_file_path'====== Args={'value': '/Users/didiergilbin/Desktop/Homebrew_CSI/logs/2025-11-02-01-16-26-mpf-mac.home.log', 'prev_value': None, 'change': True}
2025-11-02 01:16:26,915 : INFO : EventManager : Event: ======'init_phase_1'====== Args={}
2025-11-02 01:16:26,920 : INFO : EventManager : Event: ======'init_phase_2'====== Args={}
2025-11-02 01:16:26,921 : INFO : SwitchController : Found active switch: ('2', <Platform.SmartVirtual>) <switch.s_trough1>
2025-11-02 01:16:26,921 : INFO : SwitchController : Found active switch: ('3', <Platform.SmartVirtual>) <switch.s_trough2>
2025-11-02 01:16:26,921 : INFO : SwitchController : Found active switch: ('4', <Platform.SmartVirtual>) <switch.s_trough3>
2025-11-02 01:16:26,921 : INFO : SwitchController : Found active switch: ('5', <Platform.SmartVirtual>) <switch.s_trough4>
2025-11-02 01:16:26,921 : INFO : EventManager : Event: ======'bcp_connection_attempt'====== Args={'name': 'local_display', 'host': 'localhost', 'port': 5050}
2025-11-02 01:16:26,922 : INFO : BCPClientSocket : Connecting BCP to 'local_display' at localhost:5050...
2025-11-02 01:16:26,924 : INFO : BCPClientSocket : Connected BCP to 'local_display' localhost:5050
2025-11-02 01:16:26,924 : INFO : EventManager : Event: ======'bcp_clients_connected'====== Args={}
2025-11-02 01:16:26,924 : INFO : ball_device.bd_drain : BCH: Initial count: 0
2025-11-02 01:16:26,924 : INFO : ball_device.bd_drain : State: idle
2025-11-02 01:16:26,925 : INFO : ball_device.bd_trough : BCH: Initial count: 4
2025-11-02 01:16:26,925 : INFO : ball_device.bd_trough : State: idle
2025-11-02 01:16:26,925 : INFO : ball_device.bd_plunger : BCH: Initial count: 0
2025-11-02 01:16:26,925 : INFO : ball_device.bd_plunger : State: idle
2025-11-02 01:16:26,927 : INFO : EventManager : Event: ======'init_phase_3'====== Args={}
2025-11-02 01:16:26,928 : INFO : EventManager : Event: ======'init_phase_4'====== Args={}
2025-11-02 01:16:26,928 : INFO : BallController : Initial balls found: 4
2025-11-02 01:16:26,928 : INFO : EventManager : Event: ======'machine_var_audits_events_game_ended'====== Args={'value': 47, 'prev_value': None, 'change': True}
2025-11-02 01:16:26,928 : INFO : EventManager : Event: ======'machine_var_audits_events_game_started'====== Args={'value': 272, 'prev_value': None, 'change': True}
2025-11-02 01:16:26,928 : INFO : EventManager : Event: ======'machine_var_audits_missing_switches_s_drain'====== Args={'value': 3, 'prev_value': None, 'change': True}
2025-11-02 01:16:26,928 : INFO : EventManager : Event: ======'machine_var_audits_missing_switches_s_launch_button'====== Args={'value': 272, 'prev_value': None, 'change': True}
2025-11-02 01:16:26,928 : INFO : EventManager : Event: ======'machine_var_audits_missing_switches_s_left_flipper'====== Args={'value': 7, 'prev_value': None, 'change': True}
2025-11-02 01:16:26,928 : INFO : EventManager : Event: ======'machine_var_audits_missing_switches_s_sling_left'====== Args={'value': 272, 'prev_value': None, 'change': True}
2025-11-02 01:16:26,928 : INFO : EventManager : Event: ======'machine_var_audits_missing_switches_s_sling_right'====== Args={'value': 272, 'prev_value': None, 'change': True}
2025-11-02 01:16:26,928 : INFO : EventManager : Event: ======'machine_var_audits_missing_switches_s_trough1'====== Args={'value': 3, 'prev_value': None, 'change': True}
2025-11-02 01:16:26,928 : INFO : EventManager : Event: ======'machine_var_audits_missing_switches_s_trough2'====== Args={'value': 3, 'prev_value': None, 'change': True}
2025-11-02 01:16:26,928 : INFO : EventManager : Event: ======'machine_var_audits_missing_switches_s_trough3'====== Args={'value': 50, 'prev_value': None, 'change': True}
2025-11-02 01:16:26,928 : INFO : EventManager : Event: ======'machine_var_audits_missing_switches_s_trough4'====== Args={'value': 50, 'prev_value': None, 'change': True}
2025-11-02 01:16:26,928 : INFO : EventManager : Event: ======'machine_var_audits_missing_switches_s_trough_jam'====== Args={'value': 3, 'prev_value': None, 'change': True}
2025-11-02 01:16:26,928 : INFO : EventManager : Event: ======'machine_var_audits_player_score'====== Args={'value': {'average': 219077, 'top': [10210000, 1550000, 1070000, 1070000, 810000, 640000, 530000, 460000, 410000, 410000], 'total': 100}, 'prev_value': None, 'change': True}
2025-11-02 01:16:26,928 : INFO : EventManager : Event: ======'machine_var_audits_shots_bumper1'====== Args={'value': 3173, 'prev_value': None, 'change': True}
2025-11-02 01:16:26,928 : INFO : EventManager : Event: ======'machine_var_audits_shots_bumper2'====== Args={'value': 3108, 'prev_value': None, 'change': True}
2025-11-02 01:16:26,928 : INFO : EventManager : Event: ======'machine_var_audits_shots_bumper3'====== Args={'value': 2827, 'prev_value': None, 'change': True}
2025-11-02 01:16:26,929 : INFO : EventManager : Event: ======'machine_var_audits_switches_s_drain'====== Args={'value': 450, 'prev_value': None, 'change': True}
2025-11-02 01:16:26,929 : INFO : EventManager : Event: ======'machine_var_audits_switches_s_launch_button'====== Args={'value': 0, 'prev_value': None, 'change': True}
2025-11-02 01:16:26,929 : INFO : EventManager : Event: ======'machine_var_audits_switches_s_left_flipper'====== Args={'value': 45, 'prev_value': None, 'change': True}
2025-11-02 01:16:26,929 : INFO : EventManager : Event: ======'machine_var_audits_switches_s_plunger_lane'====== Args={'value': 594, 'prev_value': None, 'change': True}
2025-11-02 01:16:26,929 : INFO : EventManager : Event: ======'machine_var_audits_switches_s_popbumper1'====== Args={'value': 3187, 'prev_value': None, 'change': True}
2025-11-02 01:16:26,929 : INFO : EventManager : Event: ======'machine_var_audits_switches_s_popbumper2'====== Args={'value': 3118, 'prev_value': None, 'change': True}
2025-11-02 01:16:26,929 : INFO : EventManager : Event: ======'machine_var_audits_switches_s_popbumper3'====== Args={'value': 2839, 'prev_value': None, 'change': True}
2025-11-02 01:16:26,929 : INFO : EventManager : Event: ======'machine_var_audits_switches_s_right_flipper'====== Args={'value': 77, 'prev_value': None, 'change': True}
2025-11-02 01:16:26,929 : INFO : EventManager : Event: ======'machine_var_audits_switches_s_scoop'====== Args={'value': 72, 'prev_value': None, 'change': True}
2025-11-02 01:16:26,929 : INFO : EventManager : Event: ======'machine_var_audits_switches_s_sling_left'====== Args={'value': 0, 'prev_value': None, 'change': True}
2025-11-02 01:16:26,929 : INFO : EventManager : Event: ======'machine_var_audits_switches_s_sling_right'====== Args={'value': 0, 'prev_value': None, 'change': True}
2025-11-02 01:16:26,929 : INFO : EventManager : Event: ======'machine_var_audits_switches_s_start'====== Args={'value': 566, 'prev_value': None, 'change': True}
2025-11-02 01:16:26,929 : INFO : EventManager : Event: ======'machine_var_audits_switches_s_trough1'====== Args={'value': 318, 'prev_value': None, 'change': True}
2025-11-02 01:16:26,929 : INFO : EventManager : Event: ======'machine_var_audits_switches_s_trough2'====== Args={'value': 13, 'prev_value': None, 'change': True}
2025-11-02 01:16:26,929 : INFO : EventManager : Event: ======'machine_var_audits_switches_s_trough3'====== Args={'value': 1, 'prev_value': None, 'change': True}
2025-11-02 01:16:26,929 : INFO : EventManager : Event: ======'machine_var_audits_switches_s_trough4'====== Args={'value': 1, 'prev_value': None, 'change': True}
2025-11-02 01:16:26,929 : INFO : EventManager : Event: ======'machine_var_audits_switches_s_trough_jam'====== Args={'value': 7, 'prev_value': None, 'change': True}
2025-11-02 01:16:26,929 : INFO : EventManager : Event: ======'init_phase_5'====== Args={}
2025-11-02 01:16:26,929 : INFO : EventManager : Event: ======'init_done'====== Args={}
2025-11-02 01:16:26,929 : INFO : EventManager : Event: ======'machine_reset_phase_1'====== Args={}
2025-11-02 01:16:26,964 : INFO : EventManager : Event: ======'machine_reset_phase_2'====== Args={}
2025-11-02 01:16:26,965 : INFO : EventManager : Event: ======'machine_reset_phase_3'====== Args={}
2025-11-02 01:16:26,965 : INFO : EventManager : Event: ======'reset_complete'====== Args={}
2025-11-02 01:16:26,965 : INFO : EventManager : Event: ======'mode_attract_will_start'====== Args={}
2025-11-02 01:16:26,965 : INFO : Timer.attract_carousel_timer : Starting Timer.
2025-11-02 01:16:26,965 : INFO : EventManager : Event: ======'timer_attract_carousel_timer_started'====== Args={'ticks': 0, 'ticks_remaining': 1}
2025-11-02 01:16:26,965 : INFO : EventManager : Event: ======'timer_attract_carousel_timer_tick'====== Args={'ticks': 0, 'ticks_remaining': 1}
2025-11-02 01:16:26,966 : INFO : EventManager : Event: ======'mode_attract_starting'====== Args={}
2025-11-02 01:16:26,966 : INFO : Mode.attract : Started. Priority: 10
2025-11-02 01:16:26,966 : INFO : EventManager : Event: ======'modes_active_modes_changed'====== Args={}
2025-11-02 01:16:26,966 : INFO : EventManager : Event: ======'mode_attract_started'====== Args={}
2025-11-02 01:16:26,966 : INFO : EventManager : Event: ======'collecting_balls_complete'====== Args={}
2025-11-02 01:16:26,966 : INFO : EventManager : Event: ======'carousel_item_highlighted'====== Args={'carousel': 'attract', 'direction': None, 'item': 'title'}
2025-11-02 01:16:26,966 : INFO : Machine : Starting the main run loop with active modes: [<Mode.attract>]
2025-11-02 01:16:27,378 : INFO : EventManager : Event: ======'slide_attract_created'====== Args={'_from_bcp': True}
2025-11-02 01:16:27,378 : INFO : EventManager : Event: ======'slide__removed'====== Args={'_from_bcp': True}
2025-11-02 01:16:27,378 : INFO : EventManager : Event: ======'slide_attract_active'====== Args={'original_context': 'attract', 'original_calling_context': 'mode_attract_started', 'priority': 10.0, 'cmd': 'slides_play', '_from_bcp': True}
2025-11-02 01:16:29,793 : INFO : SwitchController : <<<<<<< 's_start' active >>>>>>>
2025-11-02 01:16:29,910 : INFO : SwitchController : <<<<<<< 's_start' inactive >>>>>>>
2025-11-02 01:16:29,910 : INFO : EventManager : Event: ======'request_to_start_game'====== Args={}
2025-11-02 01:16:29,911 : INFO : EventManager : Event: ======'game_start'====== Args={'buttons': [], 'hold_time': 0.11638125003082678}
2025-11-02 01:16:29,911 : INFO : EventManager : Event: ======'mode_game_will_start'====== Args={'buttons': [], 'hold_time': 0.11638125003082678}
2025-11-02 01:16:29,912 : INFO : EventManager : Event: ======'mode_game_starting'====== Args={'buttons': [], 'hold_time': 0.11638125003082678}
2025-11-02 01:16:29,912 : INFO : EventManager : Event: ======'mode_attract_will_stop'====== Args={}
2025-11-02 01:16:29,912 : INFO : EventManager : Event: ======'mode_attract_stopping'====== Args={}
2025-11-02 01:16:29,912 : INFO : Mode.attract : Stopped.
2025-11-02 01:16:29,912 : INFO : EventManager : Event: ======'modes_active_modes_changed'====== Args={}
2025-11-02 01:16:29,913 : INFO : EventManager : Event: ======'mode_attract_stopped'====== Args={}
2025-11-02 01:16:29,913 : INFO : EventManager : Event: ======'clear'====== Args={'key': 'attract'}
2025-11-02 01:16:29,913 : INFO : Timer.attract_carousel_timer : Stopping Timer
2025-11-02 01:16:29,913 : INFO : EventManager : Event: ======'timer_attract_carousel_timer_stopped'====== Args={'ticks': 0, 'ticks_remaining': 1}
2025-11-02 01:16:29,914 : INFO : Mode.game : Started. Priority: 20
2025-11-02 01:16:29,914 : INFO : EventManager : Event: ======'modes_active_modes_changed'====== Args={}
2025-11-02 01:16:29,914 : INFO : EventManager : Event: ======'mode_game_started'====== Args={'buttons': [], 'hold_time': 0.11638125003082678}
2025-11-02 01:16:29,915 : INFO : EventManager : Event: ======'game_will_start'====== Args={}
2025-11-02 01:16:29,915 : INFO : EventManager : Event: ======'game_starting'====== Args={'game': <Mode.game>}
2025-11-02 01:16:29,916 : INFO : EventManager : Unordered handler for class <Auditor> on event game_ended with priority 1. Handlers: [RegisteredHandler(callback=<bound method Auditor.disable of <Auditor>>, priority=1, kwargs={}, key=UUID('a26ad40d-0f07-4995-8698-25d2b0bed0bb'), condition=None, blocking_facility=None), RegisteredHandler(callback=<bound method Auditor._save_audits of <Auditor>>, priority=1, kwargs={}, key=UUID('4e54d79d-4fb5-4a14-8c5d-1377354f1f72'), condition=None, blocking_facility=None)]. The order of those handlers is not defined and they will be executed in random order. This might lead to race conditions and potential bugs.
2025-11-02 01:16:29,917 : INFO : EventManager : Event: ======'player_add_request'====== Args={}
2025-11-02 01:16:29,917 : INFO : EventManager : Event: ======'player_will_add'====== Args={'number': 1}
2025-11-02 01:16:29,917 : INFO : EventManager : Event: ======'player_adding'====== Args={'player': <Player 1>, 'number': 1}
2025-11-02 01:16:29,917 : INFO : EventManager : Event: ======'player_added'====== Args={'player': <Player 1>, 'num': 1}
2025-11-02 01:16:29,917 : INFO : Mode.game : Player added successfully. Total players: 1
2025-11-02 01:16:29,917 : INFO : EventManager : Event: ======'player_index'====== Args={'value': 0, 'prev_value': 0, 'change': 0, 'player_num': 1}
2025-11-02 01:16:29,917 : INFO : EventManager : Event: ======'player_number'====== Args={'value': 1, 'prev_value': 1, 'change': 0, 'player_num': 1}
2025-11-02 01:16:29,918 : INFO : EventManager : Event: ======'player_score'====== Args={'value': 0, 'prev_value': 0, 'change': 0, 'player_num': 1}
2025-11-02 01:16:29,918 : INFO : EventManager : Event: ======'game_started'====== Args={}
2025-11-02 01:16:29,918 : INFO : EventManager : Event: ======'player_turn_will_start'====== Args={'player': <Player 1>, 'number': 1}
2025-11-02 01:16:29,918 : INFO : EventManager : Event: ======'player_turn_starting'====== Args={'player': <Player 1>, 'number': 1}
2025-11-02 01:16:29,918 : INFO : EventManager : Event: ======'player_ball'====== Args={'value': 1, 'prev_value': 0, 'change': 1, 'player_num': 1}
2025-11-02 01:16:29,925 : INFO : EventManager : Event: ======'player_turn_started'====== Args={'player': <Player 1>, 'number': 1}
2025-11-02 01:16:29,927 : INFO : EventManager : Event: ======'ball_will_start'====== Args={'player': 1, 'ball': 1, 'balls_remaining': 2, 'is_extra_ball': False}
2025-11-02 01:16:29,927 : INFO : EventManager : Event: ======'ball_starting'====== Args={'player': 1, 'ball': 1, 'balls_remaining': 2, 'is_extra_ball': False}
2025-11-02 01:16:29,927 : INFO : EventManager : Event: ======'mode_base_will_start'====== Args={'queue': <QueuedEvent>, 'player': 1, 'ball': 1, 'balls_remaining': 2, 'is_extra_ball': False}
2025-11-02 01:16:29,928 : INFO : EventManager : Event: ======'player_base_player_added_timer_tick'====== Args={'value': 0, 'prev_value': 0, 'change': 0, 'player_num': 1}
2025-11-02 01:16:29,928 : INFO : Timer.player_added_timer : Starting Timer.
2025-11-02 01:16:29,928 : INFO : EventManager : Event: ======'timer_player_added_timer_started'====== Args={'ticks': 0, 'ticks_remaining': 1}
2025-11-02 01:16:29,928 : INFO : EventManager : Event: ======'timer_player_added_timer_tick'====== Args={'ticks': 0, 'ticks_remaining': 1}
2025-11-02 01:16:29,929 : INFO : EventManager : Event: ======'mode_base_starting'====== Args={'queue': <QueuedEvent>, 'player': 1, 'ball': 1, 'balls_remaining': 2, 'is_extra_ball': False}
2025-11-02 01:16:29,929 : INFO : Mode.base : Started. Priority: 100
2025-11-02 01:16:29,929 : INFO : EventManager : Event: ======'modes_active_modes_changed'====== Args={}
2025-11-02 01:16:29,929 : INFO : EventManager : Event: ======'mode_base_started'====== Args={'queue': <QueuedEvent>, 'player': 1, 'ball': 1, 'balls_remaining': 2, 'is_extra_ball': False}
2025-11-02 01:16:29,930 : INFO : EventManager : Event: ======'start_mode_bumpers'====== Args={'priority': 0}
2025-11-02 01:16:29,930 : INFO : EventManager : Event: ======'mode_bumpers_will_start'====== Args={'priority': 0}
2025-11-02 01:16:29,930 : INFO : EventManager : Event: ======'player_shot_bumper1_enabled'====== Args={'value': True, 'prev_value': 0, 'change': 1, 'player_num': 1}
2025-11-02 01:16:29,931 : INFO : EventManager : Event: ======'player_shot_bumper2_enabled'====== Args={'value': True, 'prev_value': 0, 'change': 1, 'player_num': 1}
2025-11-02 01:16:29,931 : INFO : EventManager : Event: ======'player_shot_bumper3_enabled'====== Args={'value': True, 'prev_value': 0, 'change': 1, 'player_num': 1}
2025-11-02 01:16:29,931 : INFO : EventManager : Event: ======'bumpers_complete'====== Args={'state': 'unlit'}
2025-11-02 01:16:29,931 : INFO : EventManager : Event: ======'bumpers_unlit_complete'====== Args={}
2025-11-02 01:16:29,932 : INFO : EventManager : Event: ======'mode_bumpers_starting'====== Args={'priority': 0}
2025-11-02 01:16:29,932 : INFO : Mode.bumpers : Started. Priority: 200
2025-11-02 01:16:29,932 : INFO : EventManager : Event: ======'modes_active_modes_changed'====== Args={}
2025-11-02 01:16:29,932 : INFO : EventManager : Event: ======'mode_bumpers_started'====== Args={'priority': 0}
2025-11-02 01:16:29,932 : INFO : EventManager : Event: ======'balls_in_play'====== Args={'balls': 1}
2025-11-02 01:16:29,932 : INFO : EventManager : Event: ======'ball_started'====== Args={'player': 1, 'ball': 1, 'balls_remaining': 2, 'is_extra_ball': False}
2025-11-02 01:16:29,933 : INFO : EventManager : Event: ======'single_player_ball_started'====== Args={}
2025-11-02 01:16:29,933 : INFO : EventManager : Event: ======'ball_start_target'====== Args={'target': 'playfield'}
2025-11-02 01:16:29,933 : INFO : ball_device.bd_trough : Setting up player-controlled eject. Balls: 1, Target: <playfield.playfield>, player_controlled_eject_event: None
2025-11-02 01:16:29,933 : INFO : ball_device.bd_trough : Adding 1 ball(s) to the eject_queue with target <playfield.playfield>.
2025-11-02 01:16:29,933 : INFO : EventManager : Event: ======'balldevice_balls_available'====== Args={}
2025-11-02 01:16:29,934 : INFO : ball_device.bd_trough : State: waiting_for_target_ready
2025-11-02 01:16:29,934 : INFO : EventManager : Event: ======'balldevice_bd_trough_ball_eject_attempt'====== Args={'balls': 1, 'target': <ball_device.bd_plunger>, 'source': <ball_device.bd_trough>, 'mechanical_eject': False, 'num_attempts': 0}
2025-11-02 01:16:29,934 : INFO : ball_device.bd_plunger : State: waiting_for_ball
2025-11-02 01:16:29,934 : INFO : ball_device.bd_trough : State: ejecting
2025-11-02 01:16:29,934 : INFO : ball_device.bd_trough : Ejecting ball to <ball_device.bd_plunger>
2025-11-02 01:16:29,934 : INFO : EventManager : Event: ======'balldevice_bd_trough_ejecting_ball'====== Args={'balls': 1, 'target': <ball_device.bd_plunger>, 'source': <ball_device.bd_trough>, 'mechanical_eject': False, 'num_attempts': 0}
2025-11-02 01:16:29,935 : INFO : ball_device.bd_trough : Wait for ball to leave device
2025-11-02 01:16:29,935 : INFO : coil.c_trough_eject : Pulsing Driver for 20ms (1.0 pulse_power)
2025-11-02 01:16:29,935 : INFO : SwitchController : <<<<<<< 's_trough1' inactive >>>>>>>
2025-11-02 01:16:29,936 : INFO : ball_device.bd_trough : State: ball_left
2025-11-02 01:16:29,936 : INFO : ball_device.bd_trough : Ball left
2025-11-02 01:16:29,936 : INFO : ball_device.bd_trough : Wait for confirm with timeout 3.0
2025-11-02 01:16:30,037 : INFO : SwitchController : <<<<<<< 's_plunger_lane' active >>>>>>>
2025-11-02 01:16:30,037 : INFO : EventManager : Event: ======'machine_var_audits_switches_s_plunger_lane'====== Args={'value': 595, 'prev_value': 594, 'change': 1}
2025-11-02 01:16:30,126 : INFO : EventManager : Event: ======'slide_base_slide_created'====== Args={'_from_bcp': True}
2025-11-02 01:16:30,127 : INFO : EventManager : Event: ======'slide_attract_inactive'====== Args={'is_removing': True, '_from_bcp': True}
2025-11-02 01:16:30,127 : INFO : EventManager : Event: ======'slide_base_slide_active'====== Args={'original_context': 'base', 'original_calling_context': 'mode_base_started', 'priority': 100.0, 'queue': '<QueuedEvent>', 'player': 1.0, 'ball': 1.0, 'balls_remaining': 2.0, 'is_extra_ball': False, 'cmd': 'slides_play', '_from_bcp': True}
2025-11-02 01:16:30,127 : INFO : EventManager : Event: ======'slide_attract_removed'====== Args={'_from_bcp': True}
2025-11-02 01:16:30,538 : INFO : ball_device.bd_plunger : Received ball from <ball_device.bd_trough>
2025-11-02 01:16:30,538 : INFO : EventManager : Event: ======'balldevice_bd_plunger_ball_enter'====== Args={'new_balls': 1, 'unclaimed_balls': 0, 'new_available_balls': 0, 'device': <ball_device.bd_plunger>}
2025-11-02 01:16:30,539 : INFO : EventManager : Event: ======'balldevice_bd_plunger_ball_entered'====== Args={'new_balls': 0, 'device': <ball_device.bd_plunger>}
2025-11-02 01:16:30,539 : INFO : EventManager : Event: ======'balldevice_bd_plunger_ball_count_changed'====== Args={'balls': 1}
2025-11-02 01:16:30,539 : INFO : ball_device.bd_trough : Got eject confirm
2025-11-02 01:16:30,539 : INFO : ball_device.bd_trough : Eject successful
2025-11-02 01:16:30,539 : INFO : EventManager : Event: ======'balldevice_bd_trough_ball_eject_success'====== Args={'balls': 1, 'target': <ball_device.bd_plunger>}
2025-11-02 01:16:30,539 : INFO : ball_device.bd_plunger : State: waiting_for_target_ready
2025-11-02 01:16:30,539 : INFO : EventManager : Event: ======'balldevice_bd_plunger_ball_eject_attempt'====== Args={'balls': 1, 'target': <playfield.playfield>, 'source': <ball_device.bd_plunger>, 'mechanical_eject': False, 'num_attempts': 0}
2025-11-02 01:16:30,539 : INFO : EventManager : Event: ======'balldevice_bd_trough_ball_count_changed'====== Args={'balls': 3}
2025-11-02 01:16:30,539 : INFO : ball_device.bd_trough : State: idle
2025-11-02 01:16:30,540 : INFO : ball_device.bd_plunger : State: ejecting
2025-11-02 01:16:30,540 : INFO : ball_device.bd_plunger : Ejecting ball to <playfield.playfield>
2025-11-02 01:16:30,540 : INFO : EventManager : Event: ======'balldevice_bd_plunger_ejecting_ball'====== Args={'balls': 1, 'target': <playfield.playfield>, 'source': <ball_device.bd_plunger>, 'mechanical_eject': False, 'num_attempts': 0}
2025-11-02 01:16:30,540 : INFO : ball_device.bd_plunger : Wait for ball to leave device
2025-11-02 01:16:30,540 : INFO : coil.c_plunger : Pulsing Driver for 20ms (1.0 pulse_power)
2025-11-02 01:16:30,541 : INFO : SwitchController : <<<<<<< 's_plunger_lane' inactive >>>>>>>
2025-11-02 01:16:30,541 : INFO : ball_device.bd_plunger : State: ball_left
2025-11-02 01:16:30,541 : INFO : ball_device.bd_plunger : Ball left
2025-11-02 01:16:30,541 : INFO : ball_device.bd_plunger : Wait for confirm with timeout 3.0
2025-11-02 01:16:30,628 : INFO : EventManager : Event: ======'player_base_player_added_timer_tick'====== Args={'value': 1, 'prev_value': 0, 'change': 1, 'player_num': 1}
2025-11-02 01:16:30,629 : INFO : Timer.player_added_timer : Timer Complete
2025-11-02 01:16:30,629 : INFO : Timer.player_added_timer : Stopping Timer
2025-11-02 01:16:30,629 : INFO : EventManager : Event: ======'timer_player_added_timer_stopped'====== Args={'ticks': 1, 'ticks_remaining': 1}
2025-11-02 01:16:30,629 : INFO : EventManager : Event: ======'timer_player_added_timer_complete'====== Args={'ticks': 1, 'ticks_remaining': 1}
2025-11-02 01:16:32,360 : INFO : SwitchController : <<<<<<< 's_popbumper1' active >>>>>>>
2025-11-02 01:16:32,360 : INFO : EventManager : Event: ======'playfield_active'====== Args={'source': 'bumper1'}
2025-11-02 01:16:32,361 : INFO : EventManager : Event: ======'s_popbumper1_active'====== Args={}
2025-11-02 01:16:32,361 : INFO : EventManager : Event: ======'playfield_active'====== Args={'source': 'ac_popbumper1'}
2025-11-02 01:16:32,361 : INFO : EventManager : Event: ======'machine_var_audits_switches_s_popbumper1'====== Args={'value': 3188, 'prev_value': 3187, 'change': 1}
2025-11-02 01:16:32,362 : INFO : EventManager : Event: ======'player_shot_bumper1'====== Args={'value': 1, 'prev_value': 0, 'change': 1, 'player_num': 1}
2025-11-02 01:16:32,369 : INFO : EventManager : Event: ======'machine_var_audits_shots_bumper1'====== Args={'value': 3174, 'prev_value': 3173, 'change': 1}
2025-11-02 01:16:32,370 : INFO : EventManager : Event: ======'bumper1_hit'====== Args={'profile': 'default', 'state': 'unlit', 'advancing': True}
2025-11-02 01:16:32,371 : INFO : EventManager : Event: ======'bumper1_default_hit'====== Args={'profile': 'default', 'state': 'unlit', 'advancing': True}
2025-11-02 01:16:32,371 : INFO : EventManager : Event: ======'bumper1_default_unlit_hit'====== Args={'profile': 'default', 'state': 'unlit', 'advancing': True}
2025-11-02 01:16:32,371 : INFO : EventManager : Event: ======'bumper1_unlit_hit'====== Args={'profile': 'default', 'state': 'unlit', 'advancing': True}
2025-11-02 01:16:32,371 : INFO : EventManager : Event: ======'bumpers_hit'====== Args={'shot': 'bumper1'}
2025-11-02 01:16:32,371 : INFO : EventManager : Event: ======'bumpers_unlit_hit'====== Args={'shot': 'bumper1'}
2025-11-02 01:16:32,371 : INFO : EventManager : Event: ======'player_score'====== Args={'value': 10000, 'prev_value': 0, 'change': 10000, 'player_num': 1, 'source': 'bumpers'}
2025-11-02 01:16:32,372 : INFO : ball_device.bd_plunger : Got eject confirm
2025-11-02 01:16:32,372 : INFO : ball_device.bd_plunger : Eject successful
2025-11-02 01:16:32,372 : INFO : EventManager : Event: ======'balldevice_bd_plunger_ball_eject_success'====== Args={'balls': 1, 'target': <playfield.playfield>}
2025-11-02 01:16:32,372 : INFO : EventManager : Event: ======'balldevice_playfield_ball_enter'====== Args={'new_balls': 1, 'unclaimed_balls': 1, 'device': <playfield.playfield>}
2025-11-02 01:16:32,372 : INFO : EventManager : Event: ======'playfield_ball_count_change'====== Args={'balls': 1, 'change': 1}
2025-11-02 01:16:32,372 : INFO : EventManager : Event: ======'balldevice_bd_plunger_ball_count_changed'====== Args={'balls': 0}
2025-11-02 01:16:32,372 : INFO : ball_device.bd_plunger : State: idle
2025-11-02 01:16:32,377 : INFO : SwitchController : <<<<<<< 's_popbumper2' active >>>>>>>
2025-11-02 01:16:32,377 : INFO : EventManager : Event: ======'s_popbumper2_active'====== Args={}
2025-11-02 01:16:32,377 : INFO : EventManager : Event: ======'machine_var_audits_switches_s_popbumper2'====== Args={'value': 3119, 'prev_value': 3118, 'change': 1}
2025-11-02 01:16:32,378 : INFO : EventManager : Event: ======'player_shot_bumper2'====== Args={'value': 1, 'prev_value': 0, 'change': 1, 'player_num': 1}
2025-11-02 01:16:32,378 : INFO : EventManager : Event: ======'machine_var_audits_shots_bumper2'====== Args={'value': 3109, 'prev_value': 3108, 'change': 1}
2025-11-02 01:16:32,379 : INFO : EventManager : Event: ======'bumper2_hit'====== Args={'profile': 'default', 'state': 'unlit', 'advancing': True}
2025-11-02 01:16:32,379 : INFO : EventManager : Event: ======'bumper2_default_hit'====== Args={'profile': 'default', 'state': 'unlit', 'advancing': True}
2025-11-02 01:16:32,379 : INFO : EventManager : Event: ======'bumper2_default_unlit_hit'====== Args={'profile': 'default', 'state': 'unlit', 'advancing': True}
2025-11-02 01:16:32,379 : INFO : EventManager : Event: ======'bumper2_unlit_hit'====== Args={'profile': 'default', 'state': 'unlit', 'advancing': True}
2025-11-02 01:16:32,379 : INFO : EventManager : Event: ======'bumpers_hit'====== Args={'shot': 'bumper2'}
2025-11-02 01:16:32,379 : INFO : EventManager : Event: ======'bumpers_unlit_hit'====== Args={'shot': 'bumper2'}
2025-11-02 01:16:32,379 : INFO : EventManager : Event: ======'player_score'====== Args={'value': 20000, 'prev_value': 10000, 'change': 10000, 'player_num': 1, 'source': 'bumpers'}
2025-11-02 01:16:32,477 : INFO : SwitchController : <<<<<<< 's_popbumper2' inactive >>>>>>>
2025-11-02 01:16:32,477 : INFO : SwitchController : <<<<<<< 's_popbumper1' inactive >>>>>>>
2025-11-02 01:16:32,610 : INFO : SwitchController : <<<<<<< 's_popbumper2' active >>>>>>>
2025-11-02 01:16:32,610 : INFO : EventManager : Event: ======'s_popbumper2_active'====== Args={}
2025-11-02 01:16:32,611 : INFO : EventManager : Event: ======'machine_var_audits_switches_s_popbumper2'====== Args={'value': 3120, 'prev_value': 3119, 'change': 1}
2025-11-02 01:16:32,612 : INFO : EventManager : Event: ======'machine_var_audits_shots_bumper2'====== Args={'value': 3110, 'prev_value': 3109, 'change': 1}
2025-11-02 01:16:32,612 : INFO : EventManager : Event: ======'bumper2_hit'====== Args={'profile': 'default', 'state': 'lit', 'advancing': False}
2025-11-02 01:16:32,612 : INFO : EventManager : Event: ======'bumper2_default_hit'====== Args={'profile': 'default', 'state': 'lit', 'advancing': False}
2025-11-02 01:16:32,612 : INFO : EventManager : Event: ======'bumper2_default_lit_hit'====== Args={'profile': 'default', 'state': 'lit', 'advancing': False}
2025-11-02 01:16:32,612 : INFO : EventManager : Event: ======'bumper2_lit_hit'====== Args={'profile': 'default', 'state': 'lit', 'advancing': False}
2025-11-02 01:16:32,612 : INFO : EventManager : Event: ======'bumpers_hit'====== Args={'shot': 'bumper2'}
2025-11-02 01:16:32,612 : INFO : EventManager : Event: ======'bumpers_lit_hit'====== Args={'shot': 'bumper2'}
2025-11-02 01:16:32,613 : INFO : EventManager : Event: ======'player_score'====== Args={'value': 30000, 'prev_value': 20000, 'change': 10000, 'player_num': 1, 'source': 'bumpers'}
2025-11-02 01:16:32,693 : INFO : SwitchController : <<<<<<< 's_popbumper2' inactive >>>>>>>
2025-11-02 01:16:32,943 : INFO : SwitchController : <<<<<<< 's_popbumper1' active >>>>>>>
2025-11-02 01:16:32,943 : INFO : EventManager : Event: ======'s_popbumper1_active'====== Args={}
2025-11-02 01:16:32,943 : INFO : EventManager : Event: ======'machine_var_audits_switches_s_popbumper1'====== Args={'value': 3189, 'prev_value': 3188, 'change': 1}
2025-11-02 01:16:32,944 : INFO : EventManager : Event: ======'machine_var_audits_shots_bumper1'====== Args={'value': 3175, 'prev_value': 3174, 'change': 1}
2025-11-02 01:16:32,944 : INFO : EventManager : Event: ======'bumper1_hit'====== Args={'profile': 'default', 'state': 'lit', 'advancing': False}
2025-11-02 01:16:32,944 : INFO : EventManager : Event: ======'bumper1_default_hit'====== Args={'profile': 'default', 'state': 'lit', 'advancing': False}
2025-11-02 01:16:32,944 : INFO : EventManager : Event: ======'bumper1_default_lit_hit'====== Args={'profile': 'default', 'state': 'lit', 'advancing': False}
2025-11-02 01:16:32,944 : INFO : EventManager : Event: ======'bumper1_lit_hit'====== Args={'profile': 'default', 'state': 'lit', 'advancing': False}
2025-11-02 01:16:32,944 : INFO : EventManager : Event: ======'bumpers_hit'====== Args={'shot': 'bumper1'}
2025-11-02 01:16:32,944 : INFO : EventManager : Event: ======'bumpers_lit_hit'====== Args={'shot': 'bumper1'}
2025-11-02 01:16:32,944 : INFO : EventManager : Event: ======'player_score'====== Args={'value': 40000, 'prev_value': 30000, 'change': 10000, 'player_num': 1, 'source': 'bumpers'}
2025-11-02 01:16:32,945 : INFO : SwitchController : <<<<<<< 's_popbumper2' active >>>>>>>
2025-11-02 01:16:32,945 : INFO : EventManager : Event: ======'s_popbumper2_active'====== Args={}
2025-11-02 01:16:32,945 : INFO : EventManager : Event: ======'machine_var_audits_switches_s_popbumper2'====== Args={'value': 3121, 'prev_value': 3120, 'change': 1}
2025-11-02 01:16:32,945 : INFO : EventManager : Event: ======'machine_var_audits_shots_bumper2'====== Args={'value': 3111, 'prev_value': 3110, 'change': 1}
2025-11-02 01:16:32,945 : INFO : EventManager : Event: ======'bumper2_hit'====== Args={'profile': 'default', 'state': 'lit', 'advancing': False}
2025-11-02 01:16:32,945 : INFO : EventManager : Event: ======'bumper2_default_hit'====== Args={'profile': 'default', 'state': 'lit', 'advancing': False}
2025-11-02 01:16:32,945 : INFO : EventManager : Event: ======'bumper2_default_lit_hit'====== Args={'profile': 'default', 'state': 'lit', 'advancing': False}
2025-11-02 01:16:32,945 : INFO : EventManager : Event: ======'bumper2_lit_hit'====== Args={'profile': 'default', 'state': 'lit', 'advancing': False}
2025-11-02 01:16:32,945 : INFO : EventManager : Event: ======'bumpers_hit'====== Args={'shot': 'bumper2'}
2025-11-02 01:16:32,945 : INFO : EventManager : Event: ======'bumpers_lit_hit'====== Args={'shot': 'bumper2'}
2025-11-02 01:16:32,946 : INFO : EventManager : Event: ======'player_score'====== Args={'value': 50000, 'prev_value': 40000, 'change': 10000, 'player_num': 1, 'source': 'bumpers'}
2025-11-02 01:16:33,060 : INFO : SwitchController : <<<<<<< 's_popbumper2' inactive >>>>>>>
2025-11-02 01:16:33,077 : INFO : SwitchController : <<<<<<< 's_popbumper1' inactive >>>>>>>
2025-11-02 01:16:33,143 : INFO : SwitchController : <<<<<<< 's_popbumper1' active >>>>>>>
2025-11-02 01:16:33,144 : INFO : EventManager : Event: ======'s_popbumper1_active'====== Args={}
2025-11-02 01:16:33,144 : INFO : EventManager : Event: ======'machine_var_audits_switches_s_popbumper1'====== Args={'value': 3190, 'prev_value': 3189, 'change': 1}
2025-11-02 01:16:33,145 : INFO : EventManager : Event: ======'machine_var_audits_shots_bumper1'====== Args={'value': 3176, 'prev_value': 3175, 'change': 1}
2025-11-02 01:16:33,145 : INFO : EventManager : Event: ======'bumper1_hit'====== Args={'profile': 'default', 'state': 'lit', 'advancing': False}
2025-11-02 01:16:33,145 : INFO : EventManager : Event: ======'bumper1_default_hit'====== Args={'profile': 'default', 'state': 'lit', 'advancing': False}
2025-11-02 01:16:33,145 : INFO : EventManager : Event: ======'bumper1_default_lit_hit'====== Args={'profile': 'default', 'state': 'lit', 'advancing': False}
2025-11-02 01:16:33,145 : INFO : EventManager : Event: ======'bumper1_lit_hit'====== Args={'profile': 'default', 'state': 'lit', 'advancing': False}
2025-11-02 01:16:33,145 : INFO : EventManager : Event: ======'bumpers_hit'====== Args={'shot': 'bumper1'}
2025-11-02 01:16:33,145 : INFO : EventManager : Event: ======'bumpers_lit_hit'====== Args={'shot': 'bumper1'}
2025-11-02 01:16:33,145 : INFO : EventManager : Event: ======'player_score'====== Args={'value': 60000, 'prev_value': 50000, 'change': 10000, 'player_num': 1, 'source': 'bumpers'}
2025-11-02 01:16:33,160 : INFO : SwitchController : <<<<<<< 's_popbumper3' active >>>>>>>
2025-11-02 01:16:33,161 : INFO : EventManager : Event: ======'s_popbumper3_active'====== Args={}
2025-11-02 01:16:33,161 : INFO : EventManager : Event: ======'machine_var_audits_switches_s_popbumper3'====== Args={'value': 2840, 'prev_value': 2839, 'change': 1}
2025-11-02 01:16:33,162 : INFO : EventManager : Event: ======'player_shot_bumper3'====== Args={'value': 1, 'prev_value': 0, 'change': 1, 'player_num': 1}
2025-11-02 01:16:33,162 : INFO : EventManager : Event: ======'machine_var_audits_shots_bumper3'====== Args={'value': 2828, 'prev_value': 2827, 'change': 1}
2025-11-02 01:16:33,162 : INFO : EventManager : Event: ======'bumper3_hit'====== Args={'profile': 'default', 'state': 'unlit', 'advancing': True}
2025-11-02 01:16:33,162 : INFO : EventManager : Event: ======'bumper3_default_hit'====== Args={'profile': 'default', 'state': 'unlit', 'advancing': True}
2025-11-02 01:16:33,162 : INFO : EventManager : Event: ======'bumper3_default_unlit_hit'====== Args={'profile': 'default', 'state': 'unlit', 'advancing': True}
2025-11-02 01:16:33,162 : INFO : EventManager : Event: ======'bumper3_unlit_hit'====== Args={'profile': 'default', 'state': 'unlit', 'advancing': True}
2025-11-02 01:16:33,162 : INFO : EventManager : Event: ======'bumpers_complete'====== Args={'state': 'lit'}
2025-11-02 01:16:33,162 : INFO : EventManager : Event: ======'bumpers_lit_complete'====== Args={}
2025-11-02 01:16:33,163 : INFO : EventManager : Event: ======'bumpers_hit'====== Args={'shot': 'bumper3'}
2025-11-02 01:16:33,163 : INFO : EventManager : Event: ======'bumpers_unlit_hit'====== Args={'shot': 'bumper3'}
2025-11-02 01:16:33,163 : INFO : EventManager : Event: ======'player_score'====== Args={'value': 70000, 'prev_value': 60000, 'change': 10000, 'player_num': 1, 'source': 'bumpers'}
2025-11-02 01:16:33,244 : INFO : SwitchController : <<<<<<< 's_popbumper3' inactive >>>>>>>
2025-11-02 01:16:33,277 : INFO : SwitchController : <<<<<<< 's_popbumper1' inactive >>>>>>>
2025-11-02 01:16:34,327 : INFO : SwitchController : <<<<<<< 's_scoop' active >>>>>>>
2025-11-02 01:16:34,328 : INFO : EventManager : Event: ======'s_scoop_active'====== Args={}
2025-11-02 01:16:34,328 : INFO : EventManager : Event: ======'machine_var_audits_switches_s_scoop'====== Args={'value': 73, 'prev_value': 72, 'change': 1}
2025-11-02 01:16:34,371 : INFO : EventManager : Event: ======'widget_start_mission_widget_active'====== Args={'original_context': 'base', 'original_calling_context': 's_scoop_active', 'priority': 100.0, 'cmd': 'widgets_play', '_from_bcp': True}
2025-11-02 01:16:34,426 : INFO : SwitchController : <<<<<<< 's_scoop' inactive >>>>>>>
2025-11-02 01:16:48,968 : INFO : Machine : Shutting down...
2025-11-02 01:16:48,968 : INFO : EventManager : Event: ======'shutdown'====== Args={}
2025-11-02 01:16:48,969 : INFO : EventManager : Event: ======'mode_game_will_stop'====== Args={}
2025-11-02 01:16:48,969 : INFO : EventManager : Event: ======'mode_game_stopping'====== Args={}
2025-11-02 01:16:48,970 : INFO : EventManager : Event: ======'mode_base_will_stop'====== Args={}
2025-11-02 01:16:48,970 : INFO : EventManager : Event: ======'mode_base_stopping'====== Args={}
2025-11-02 01:16:48,970 : INFO : EventManager : Event: ======'mode_bumpers_will_stop'====== Args={}
2025-11-02 01:16:48,970 : INFO : EventManager : Event: ======'mode_bumpers_stopping'====== Args={}
2025-11-02 01:16:48,971 : INFO : EventManager : Event: ======'stop_mode_bumpers'====== Args={'priority': 0}
2025-11-02 01:16:48,971 : INFO : Mode.bumpers : Stopped.
2025-11-02 01:16:48,971 : INFO : EventManager : Event: ======'modes_active_modes_changed'====== Args={}
2025-11-02 01:16:48,971 : INFO : EventManager : Event: ======'mode_bumpers_stopped'====== Args={}
2025-11-02 01:16:48,971 : INFO : EventManager : Event: ======'clear'====== Args={'key': 'bumpers'}
2025-11-02 01:16:48,972 : INFO : Mode.base : Stopped.
2025-11-02 01:16:48,972 : INFO : EventManager : Event: ======'modes_active_modes_changed'====== Args={}
2025-11-02 01:16:48,972 : INFO : EventManager : Event: ======'mode_base_stopped'====== Args={}
2025-11-02 01:16:48,972 : INFO : EventManager : Event: ======'clear'====== Args={'key': 'base'}
2025-11-02 01:16:48,972 : INFO : Timer.player_added_timer : Stopping Timer
2025-11-02 01:16:48,972 : INFO : EventManager : Event: ======'timer_player_added_timer_stopped'====== Args={'ticks': 1, 'ticks_remaining': 1}
2025-11-02 01:16:48,973 : INFO : Mode.game : Stopped.
2025-11-02 01:16:48,973 : INFO : EventManager : Event: ======'modes_active_modes_changed'====== Args={}
2025-11-02 01:16:48,973 : INFO : EventManager : Event: ======'mode_game_stopped'====== Args={}
2025-11-02 01:16:48,973 : INFO : EventManager : Event: ======'clear'====== Args={'key': 'game'}
2025-11-02 01:16:48,976 : INFO : root : MPF run loop ended.
