2025-10-23 22:39:03,635 : INFO : root : Loading config.
2025-10-23 22:39:03,635 : INFO : YamlMultifileConfigLoader : Machine config file #1: config.yaml
2025-10-23 22:39:03,636 : INFO : ConfigProcessor : Loading config from cache: /var/folders/m3/0d4y64_n3fn8tnkv3ydlhztw0000gn/T/5ca32a6c950d03116abbed96ca44d372.mpf_cache
2025-10-23 22:39:03,647 : INFO : ConfigProcessor : Loading config from cache: /var/folders/m3/0d4y64_n3fn8tnkv3ydlhztw0000gn/T/01c495fa7450a81b4be96cb699872531.mpf_cache
2025-10-23 22:39:03,647 : INFO : ConfigProcessor : Loading config from cache: /var/folders/m3/0d4y64_n3fn8tnkv3ydlhztw0000gn/T/bfde29b5bb803376b0637bb8f0da27a7.mpf_cache
2025-10-23 22:39:03,647 : INFO : ConfigProcessor : Loading config from cache: /var/folders/m3/0d4y64_n3fn8tnkv3ydlhztw0000gn/T/01c495fa7450a81b4be96cb699872531.mpf_cache
2025-10-23 22:39:03,647 : INFO : ConfigProcessor : Loading config from cache: /var/folders/m3/0d4y64_n3fn8tnkv3ydlhztw0000gn/T/3ae89e09515ff8d8b11d68f672b2cc51.mpf_cache
2025-10-23 22:39:03,647 : INFO : ConfigProcessor : Loading config from cache: /var/folders/m3/0d4y64_n3fn8tnkv3ydlhztw0000gn/T/4c420229fa75118c2461cfc9ff5a44e2.mpf_cache
2025-10-23 22:39:03,648 : INFO : Machine : Mission Pinball Framework Core Engine v0.80.0.dev10
2025-10-23 22:39:03,648 : INFO : Machine : Command line arguments: {'no_load_cache': False, 'create_config_cache': True, 'bcp': True, 'configfile': ['config.yaml'], 'force_assets_load': False, 'platform_integration_test': False, 'jsonlogging': False, 'logfile': 'logs/2025-10-23-22-39-03-mpf-mac.home.log', 'pause': False, 'production': False, 'text_ui': False, 'loglevel': 15, 'consoleloglevel': 20, 'force_platform': 'smart_virtual', 'syslog_address': None, 'full_logfile_path': '/Users/didiergilbin/Desktop/Homebrew_CSI/logs/2025-10-23-22-39-03-mpf-mac.home.log'}
2025-10-23 22:39:03,648 : INFO : Machine : MPF path: /Users/didiergilbin/mpfenv/lib/python3.13/site-packages/mpf
2025-10-23 22:39:03,648 : INFO : Machine : Machine path: /Users/didiergilbin/Desktop/Homebrew_CSI
2025-10-23 22:39:03,648 : INFO : Machine : Platform: darwin
2025-10-23 22:39:03,648 : INFO : Machine : Python executable location: /Users/didiergilbin/mpfenv/bin/python3.13
2025-10-23 22:39:03,648 : INFO : Machine : Python version: 3.13.7 (64-bit)
2025-10-23 22:39:03,648 : INFO : Machine : Initializing MPF...
2025-10-23 22:39:03,660 : INFO : EventManager : Event: ======'machine_var_credits_string'====== Args={'value': 'FREE PLAY', 'prev_value': None, 'change': True}
2025-10-23 22:39:03,662 : INFO : EventManager : Event: ======'machine_var_master_volume'====== Args={'value': 0.5, 'prev_value': None, 'change': True}
2025-10-23 22:39:03,663 : INFO : EventManager : Event: ======'machine_var_mpf_version'====== Args={'value': 'Mission Pinball Framework v0.80.0.dev10', 'prev_value': None, 'change': True}
2025-10-23 22:39:03,663 : INFO : EventManager : Event: ======'machine_var_mpf_extended_version'====== Args={'value': 'Mission Pinball Framework v0.80.0.dev10, Config version:6, Show version: 6, BCP version:1.1', 'prev_value': None, 'change': True}
2025-10-23 22:39:03,663 : INFO : EventManager : Event: ======'machine_var_python_version'====== Args={'value': '3.13.7', 'prev_value': None, 'change': True}
2025-10-23 22:39:03,668 : INFO : EventManager : Event: ======'machine_var_platform'====== Args={'value': 'macOS-15.6.1-arm64-arm-64bit-Mach-O', 'prev_value': None, 'change': True}
2025-10-23 22:39:03,668 : INFO : EventManager : Event: ======'machine_var_platform_system'====== Args={'value': 'Darwin', 'prev_value': None, 'change': True}
2025-10-23 22:39:03,668 : INFO : EventManager : Event: ======'machine_var_platform_release'====== Args={'value': '24.6.0', 'prev_value': None, 'change': True}
2025-10-23 22:39:03,668 : INFO : EventManager : Event: ======'machine_var_platform_version'====== Args={'value': 'Darwin Kernel Version 24.6.0: Mon Jul 14 11:30:40 PDT 2025; root:xnu-11417.140.69~1/RELEASE_ARM64_T8132', 'prev_value': None, 'change': True}
2025-10-23 22:39:03,668 : INFO : EventManager : Event: ======'machine_var_platform_machine'====== Args={'value': 'arm64', 'prev_value': None, 'change': True}
2025-10-23 22:39:03,668 : INFO : EventManager : Event: ======'machine_var_log_file_path'====== Args={'value': '/Users/didiergilbin/Desktop/Homebrew_CSI/logs/2025-10-23-22-39-03-mpf-mac.home.log', 'prev_value': None, 'change': True}
2025-10-23 22:39:03,668 : INFO : EventManager : Event: ======'init_phase_1'====== Args={}
2025-10-23 22:39:03,672 : INFO : EventManager : Event: ======'init_phase_2'====== Args={}
2025-10-23 22:39:03,672 : INFO : SwitchController : Found active switch: ('2', <Platform.SmartVirtual>) <switch.s_trough1>
2025-10-23 22:39:03,672 : INFO : SwitchController : Found active switch: ('3', <Platform.SmartVirtual>) <switch.s_trough2>
2025-10-23 22:39:03,672 : INFO : SwitchController : Found active switch: ('4', <Platform.SmartVirtual>) <switch.s_trough3>
2025-10-23 22:39:03,672 : INFO : SwitchController : Found active switch: ('5', <Platform.SmartVirtual>) <switch.s_trough4>
2025-10-23 22:39:03,673 : INFO : EventManager : Event: ======'bcp_connection_attempt'====== Args={'name': 'local_display', 'host': 'localhost', 'port': 5050}
2025-10-23 22:39:03,673 : INFO : BCPClientSocket : Connecting BCP to 'local_display' at localhost:5050...
2025-10-23 22:39:03,676 : INFO : BCPClientSocket : Connected BCP to 'local_display' localhost:5050
2025-10-23 22:39:03,676 : INFO : EventManager : Event: ======'bcp_clients_connected'====== Args={}
2025-10-23 22:39:03,676 : INFO : ball_device.bd_trough : BCH: Initial count: 4
2025-10-23 22:39:03,676 : INFO : ball_device.bd_trough : State: idle
2025-10-23 22:39:03,676 : INFO : ball_device.bd_plunger : BCH: Initial count: 0
2025-10-23 22:39:03,676 : INFO : ball_device.bd_plunger : State: idle
2025-10-23 22:39:03,679 : INFO : EventManager : Event: ======'init_phase_3'====== Args={}
2025-10-23 22:39:03,680 : INFO : EventManager : Event: ======'init_phase_4'====== Args={}
2025-10-23 22:39:03,680 : INFO : BallController : Initial balls found: 4
2025-10-23 22:39:03,680 : INFO : EventManager : Event: ======'machine_var_audits_events_game_ended'====== Args={'value': 0, 'prev_value': None, 'change': True}
2025-10-23 22:39:03,680 : INFO : EventManager : Event: ======'machine_var_audits_events_game_started'====== Args={'value': 52, 'prev_value': None, 'change': True}
2025-10-23 22:39:03,680 : INFO : EventManager : Event: ======'machine_var_audits_missing_switches_s_launch_button'====== Args={'value': 52, 'prev_value': None, 'change': True}
2025-10-23 22:39:03,680 : INFO : EventManager : Event: ======'machine_var_audits_missing_switches_s_left_flipper'====== Args={'value': 41, 'prev_value': None, 'change': True}
2025-10-23 22:39:03,680 : INFO : EventManager : Event: ======'machine_var_audits_missing_switches_s_popbumper1'====== Args={'value': 1, 'prev_value': None, 'change': True}
2025-10-23 22:39:03,680 : INFO : EventManager : Event: ======'machine_var_audits_missing_switches_s_popbumper2'====== Args={'value': 1, 'prev_value': None, 'change': True}
2025-10-23 22:39:03,680 : INFO : EventManager : Event: ======'machine_var_audits_missing_switches_s_popbumper3'====== Args={'value': 1, 'prev_value': None, 'change': True}
2025-10-23 22:39:03,680 : INFO : EventManager : Event: ======'machine_var_audits_missing_switches_s_right_flipper'====== Args={'value': 41, 'prev_value': None, 'change': True}
2025-10-23 22:39:03,680 : INFO : EventManager : Event: ======'machine_var_audits_missing_switches_s_scoop'====== Args={'value': 23, 'prev_value': None, 'change': True}
2025-10-23 22:39:03,680 : INFO : EventManager : Event: ======'machine_var_audits_missing_switches_s_sling_left'====== Args={'value': 52, 'prev_value': None, 'change': True}
2025-10-23 22:39:03,680 : INFO : EventManager : Event: ======'machine_var_audits_missing_switches_s_sling_right'====== Args={'value': 52, 'prev_value': None, 'change': True}
2025-10-23 22:39:03,680 : INFO : EventManager : Event: ======'machine_var_audits_missing_switches_s_trough1'====== Args={'value': 52, 'prev_value': None, 'change': True}
2025-10-23 22:39:03,680 : INFO : EventManager : Event: ======'machine_var_audits_missing_switches_s_trough2'====== Args={'value': 52, 'prev_value': None, 'change': True}
2025-10-23 22:39:03,680 : INFO : EventManager : Event: ======'machine_var_audits_missing_switches_s_trough3'====== Args={'value': 52, 'prev_value': None, 'change': True}
2025-10-23 22:39:03,680 : INFO : EventManager : Event: ======'machine_var_audits_missing_switches_s_trough4'====== Args={'value': 52, 'prev_value': None, 'change': True}
2025-10-23 22:39:03,680 : INFO : EventManager : Event: ======'machine_var_audits_missing_switches_s_trough_jam'====== Args={'value': 52, 'prev_value': None, 'change': True}
2025-10-23 22:39:03,680 : INFO : EventManager : Event: ======'machine_var_audits_player_score'====== Args={'value': {'average': 0, 'top': [], 'total': 0}, 'prev_value': None, 'change': True}
2025-10-23 22:39:03,680 : INFO : EventManager : Event: ======'machine_var_audits_shots_bumper1'====== Args={'value': 1104, 'prev_value': None, 'change': True}
2025-10-23 22:39:03,680 : INFO : EventManager : Event: ======'machine_var_audits_shots_bumper2'====== Args={'value': 1269, 'prev_value': None, 'change': True}
2025-10-23 22:39:03,680 : INFO : EventManager : Event: ======'machine_var_audits_shots_bumper3'====== Args={'value': 1158, 'prev_value': None, 'change': True}
2025-10-23 22:39:03,680 : INFO : EventManager : Event: ======'machine_var_audits_switches_s_launch_button'====== Args={'value': 0, 'prev_value': None, 'change': True}
2025-10-23 22:39:03,680 : INFO : EventManager : Event: ======'machine_var_audits_switches_s_left_flipper'====== Args={'value': 5, 'prev_value': None, 'change': True}
2025-10-23 22:39:03,680 : INFO : EventManager : Event: ======'machine_var_audits_switches_s_plunger_lane'====== Args={'value': 52, 'prev_value': None, 'change': True}
2025-10-23 22:39:03,680 : INFO : EventManager : Event: ======'machine_var_audits_switches_s_popbumper1'====== Args={'value': 1104, 'prev_value': None, 'change': True}
2025-10-23 22:39:03,680 : INFO : EventManager : Event: ======'machine_var_audits_switches_s_popbumper2'====== Args={'value': 1269, 'prev_value': None, 'change': True}
2025-10-23 22:39:03,680 : INFO : EventManager : Event: ======'machine_var_audits_switches_s_popbumper3'====== Args={'value': 1158, 'prev_value': None, 'change': True}
2025-10-23 22:39:03,680 : INFO : EventManager : Event: ======'machine_var_audits_switches_s_right_flipper'====== Args={'value': 7, 'prev_value': None, 'change': True}
2025-10-23 22:39:03,680 : INFO : EventManager : Event: ======'machine_var_audits_switches_s_scoop'====== Args={'value': 46, 'prev_value': None, 'change': True}
2025-10-23 22:39:03,680 : INFO : EventManager : Event: ======'machine_var_audits_switches_s_sling_left'====== Args={'value': 0, 'prev_value': None, 'change': True}
2025-10-23 22:39:03,680 : INFO : EventManager : Event: ======'machine_var_audits_switches_s_sling_right'====== Args={'value': 0, 'prev_value': None, 'change': True}
2025-10-23 22:39:03,680 : INFO : EventManager : Event: ======'machine_var_audits_switches_s_start'====== Args={'value': 156, 'prev_value': None, 'change': True}
2025-10-23 22:39:03,680 : INFO : EventManager : Event: ======'machine_var_audits_switches_s_trough1'====== Args={'value': 0, 'prev_value': None, 'change': True}
2025-10-23 22:39:03,680 : INFO : EventManager : Event: ======'machine_var_audits_switches_s_trough2'====== Args={'value': 0, 'prev_value': None, 'change': True}
2025-10-23 22:39:03,680 : INFO : EventManager : Event: ======'machine_var_audits_switches_s_trough3'====== Args={'value': 0, 'prev_value': None, 'change': True}
2025-10-23 22:39:03,680 : INFO : EventManager : Event: ======'machine_var_audits_switches_s_trough4'====== Args={'value': 0, 'prev_value': None, 'change': True}
2025-10-23 22:39:03,680 : INFO : EventManager : Event: ======'machine_var_audits_switches_s_trough_jam'====== Args={'value': 0, 'prev_value': None, 'change': True}
2025-10-23 22:39:03,681 : INFO : EventManager : Event: ======'init_phase_5'====== Args={}
2025-10-23 22:39:03,681 : INFO : EventManager : Event: ======'init_done'====== Args={}
2025-10-23 22:39:03,681 : INFO : EventManager : Event: ======'machine_reset_phase_1'====== Args={}
2025-10-23 22:39:03,701 : INFO : EventManager : Event: ======'machine_reset_phase_2'====== Args={}
2025-10-23 22:39:03,701 : INFO : EventManager : Event: ======'machine_reset_phase_3'====== Args={}
2025-10-23 22:39:03,702 : INFO : EventManager : Event: ======'reset_complete'====== Args={}
2025-10-23 22:39:03,702 : INFO : EventManager : Event: ======'mode_attract_will_start'====== Args={}
2025-10-23 22:39:03,702 : INFO : Timer.attract_carousel_timer : Starting Timer.
2025-10-23 22:39:03,702 : INFO : EventManager : Event: ======'timer_attract_carousel_timer_started'====== Args={'ticks': 0, 'ticks_remaining': 1}
2025-10-23 22:39:03,703 : INFO : EventManager : Event: ======'timer_attract_carousel_timer_tick'====== Args={'ticks': 0, 'ticks_remaining': 1}
2025-10-23 22:39:03,703 : INFO : EventManager : Event: ======'mode_attract_starting'====== Args={}
2025-10-23 22:39:03,703 : INFO : Mode.attract : Started. Priority: 10
2025-10-23 22:39:03,703 : INFO : EventManager : Event: ======'modes_active_modes_changed'====== Args={}
2025-10-23 22:39:03,703 : INFO : EventManager : Event: ======'mode_attract_started'====== Args={}
2025-10-23 22:39:03,703 : INFO : EventManager : Event: ======'collecting_balls_complete'====== Args={}
2025-10-23 22:39:03,703 : INFO : EventManager : Event: ======'carousel_item_highlighted'====== Args={'carousel': 'attract', 'direction': None, 'item': 'title'}
2025-10-23 22:39:03,703 : INFO : Machine : Starting the main run loop with active modes: [<Mode.attract>]
2025-10-23 22:39:03,736 : INFO : EventManager : Event: ======'slide_attract_created'====== Args={'_from_bcp': True}
2025-10-23 22:39:03,736 : INFO : EventManager : Event: ======'slide__removed'====== Args={'_from_bcp': True}
2025-10-23 22:39:03,736 : INFO : EventManager : Event: ======'slide_attract_active'====== Args={'original_context': 'attract', 'original_calling_context': 'mode_attract_started', 'priority': 10.0, 'cmd': 'slides_play', '_from_bcp': True}
2025-10-23 22:39:08,704 : INFO : Timer.attract_carousel_timer : Timer Complete
2025-10-23 22:39:08,704 : INFO : Timer.attract_carousel_timer : Stopping Timer
2025-10-23 22:39:08,704 : INFO : EventManager : Event: ======'timer_attract_carousel_timer_stopped'====== Args={'ticks': 1, 'ticks_remaining': 1}
2025-10-23 22:39:08,704 : INFO : EventManager : Event: ======'timer_attract_carousel_timer_complete'====== Args={'ticks': 1, 'ticks_remaining': 1}
2025-10-23 22:39:08,705 : INFO : EventManager : Event: ======'carousel_item_highlighted'====== Args={'carousel': 'attract', 'direction': 'forwards', 'item': 'credits'}
2025-10-23 22:39:20,744 : INFO : SwitchController : <<<<<<< 's_right_flipper' active >>>>>>>
2025-10-23 22:39:20,745 : INFO : EventManager : Event: ======'s_right_flipper_active'====== Args={}
2025-10-23 22:39:20,745 : INFO : EventManager : Event: ======'carousel_item_highlighted'====== Args={'carousel': 'attract', 'direction': 'forwards', 'item': 'logo'}
2025-10-23 22:39:20,911 : INFO : SwitchController : <<<<<<< 's_right_flipper' inactive >>>>>>>
2025-10-23 22:39:21,394 : INFO : SwitchController : <<<<<<< 's_right_flipper' active >>>>>>>
2025-10-23 22:39:21,394 : INFO : EventManager : Event: ======'s_right_flipper_active'====== Args={}
2025-10-23 22:39:21,395 : INFO : EventManager : Event: ======'carousel_item_highlighted'====== Args={'carousel': 'attract', 'direction': 'forwards', 'item': 'title'}
2025-10-23 22:39:21,544 : INFO : SwitchController : <<<<<<< 's_right_flipper' inactive >>>>>>>
2025-10-23 22:39:21,894 : INFO : SwitchController : <<<<<<< 's_right_flipper' active >>>>>>>
2025-10-23 22:39:21,895 : INFO : EventManager : Event: ======'s_right_flipper_active'====== Args={}
2025-10-23 22:39:21,895 : INFO : EventManager : Event: ======'carousel_item_highlighted'====== Args={'carousel': 'attract', 'direction': 'forwards', 'item': 'credits'}
2025-10-23 22:39:22,027 : INFO : SwitchController : <<<<<<< 's_right_flipper' inactive >>>>>>>
2025-10-23 22:39:22,194 : INFO : SwitchController : <<<<<<< 's_right_flipper' active >>>>>>>
2025-10-23 22:39:22,195 : INFO : EventManager : Event: ======'s_right_flipper_active'====== Args={}
2025-10-23 22:39:22,195 : INFO : EventManager : Event: ======'carousel_item_highlighted'====== Args={'carousel': 'attract', 'direction': 'forwards', 'item': 'logo'}
2025-10-23 22:39:22,328 : INFO : SwitchController : <<<<<<< 's_right_flipper' inactive >>>>>>>
2025-10-23 22:39:22,461 : INFO : SwitchController : <<<<<<< 's_right_flipper' active >>>>>>>
2025-10-23 22:39:22,461 : INFO : EventManager : Event: ======'s_right_flipper_active'====== Args={}
2025-10-23 22:39:22,462 : INFO : EventManager : Event: ======'carousel_item_highlighted'====== Args={'carousel': 'attract', 'direction': 'forwards', 'item': 'title'}
2025-10-23 22:39:22,577 : INFO : SwitchController : <<<<<<< 's_right_flipper' inactive >>>>>>>
2025-10-23 22:39:22,794 : INFO : SwitchController : <<<<<<< 's_right_flipper' active >>>>>>>
2025-10-23 22:39:22,795 : INFO : EventManager : Event: ======'s_right_flipper_active'====== Args={}
2025-10-23 22:39:22,795 : INFO : EventManager : Event: ======'carousel_item_highlighted'====== Args={'carousel': 'attract', 'direction': 'forwards', 'item': 'credits'}
2025-10-23 22:39:22,961 : INFO : SwitchController : <<<<<<< 's_right_flipper' inactive >>>>>>>
2025-10-23 22:39:23,294 : INFO : SwitchController : <<<<<<< 's_right_flipper' active >>>>>>>
2025-10-23 22:39:23,295 : INFO : EventManager : Event: ======'s_right_flipper_active'====== Args={}
2025-10-23 22:39:23,295 : INFO : EventManager : Event: ======'carousel_item_highlighted'====== Args={'carousel': 'attract', 'direction': 'forwards', 'item': 'logo'}
2025-10-23 22:39:23,427 : INFO : SwitchController : <<<<<<< 's_right_flipper' inactive >>>>>>>
2025-10-23 22:39:23,561 : INFO : SwitchController : <<<<<<< 's_left_flipper' active >>>>>>>
2025-10-23 22:39:23,561 : INFO : EventManager : Event: ======'s_left_flipper_active'====== Args={}
2025-10-23 22:39:23,562 : INFO : EventManager : Event: ======'carousel_item_highlighted'====== Args={'carousel': 'attract', 'direction': 'backwards', 'item': 'credits'}
2025-10-23 22:39:23,728 : INFO : SwitchController : <<<<<<< 's_left_flipper' inactive >>>>>>>
2025-10-23 22:39:23,927 : INFO : SwitchController : <<<<<<< 's_left_flipper' active >>>>>>>
2025-10-23 22:39:23,928 : INFO : EventManager : Event: ======'s_left_flipper_active'====== Args={}
2025-10-23 22:39:23,928 : INFO : EventManager : Event: ======'carousel_item_highlighted'====== Args={'carousel': 'attract', 'direction': 'backwards', 'item': 'title'}
2025-10-23 22:39:24,044 : INFO : SwitchController : <<<<<<< 's_left_flipper' inactive >>>>>>>
2025-10-23 22:39:24,177 : INFO : SwitchController : <<<<<<< 's_right_flipper' active >>>>>>>
2025-10-23 22:39:24,178 : INFO : EventManager : Event: ======'s_right_flipper_active'====== Args={}
2025-10-23 22:39:24,178 : INFO : EventManager : Event: ======'carousel_item_highlighted'====== Args={'carousel': 'attract', 'direction': 'forwards', 'item': 'credits'}
2025-10-23 22:39:24,245 : INFO : SwitchController : <<<<<<< 's_right_flipper' inactive >>>>>>>
2025-10-23 22:39:24,461 : INFO : SwitchController : <<<<<<< 's_left_flipper' active >>>>>>>
2025-10-23 22:39:24,461 : INFO : EventManager : Event: ======'s_left_flipper_active'====== Args={}
2025-10-23 22:39:24,462 : INFO : EventManager : Event: ======'carousel_item_highlighted'====== Args={'carousel': 'attract', 'direction': 'backwards', 'item': 'title'}
2025-10-23 22:39:24,744 : INFO : SwitchController : <<<<<<< 's_left_flipper' inactive >>>>>>>
2025-10-23 22:39:24,894 : INFO : SwitchController : <<<<<<< 's_right_flipper' active >>>>>>>
2025-10-23 22:39:24,894 : INFO : EventManager : Event: ======'s_right_flipper_active'====== Args={}
2025-10-23 22:39:24,895 : INFO : EventManager : Event: ======'carousel_item_highlighted'====== Args={'carousel': 'attract', 'direction': 'forwards', 'item': 'credits'}
2025-10-23 22:39:25,011 : INFO : SwitchController : <<<<<<< 's_right_flipper' inactive >>>>>>>
2025-10-23 22:39:25,077 : INFO : SwitchController : <<<<<<< 's_left_flipper' active >>>>>>>
2025-10-23 22:39:25,077 : INFO : EventManager : Event: ======'s_left_flipper_active'====== Args={}
2025-10-23 22:39:25,078 : INFO : EventManager : Event: ======'carousel_item_highlighted'====== Args={'carousel': 'attract', 'direction': 'backwards', 'item': 'title'}
2025-10-23 22:39:25,161 : INFO : SwitchController : <<<<<<< 's_right_flipper' active >>>>>>>
2025-10-23 22:39:25,161 : INFO : EventManager : Event: ======'s_right_flipper_active'====== Args={}
2025-10-23 22:39:25,161 : INFO : EventManager : Event: ======'flipper_cancel'====== Args={'triggering_group': 2, 'triggering_switch': 's_right_flipper'}
2025-10-23 22:39:25,162 : INFO : EventManager : Event: ======'carousel_item_highlighted'====== Args={'carousel': 'attract', 'direction': 'forwards', 'item': 'credits'}
2025-10-23 22:39:25,177 : INFO : SwitchController : <<<<<<< 's_left_flipper' inactive >>>>>>>
2025-10-23 22:39:25,178 : INFO : EventManager : Event: ======'both_flippers_one'====== Args={'triggering_group': 1, 'triggering_switch': 's_left_flipper'}
2025-10-23 22:39:25,261 : INFO : SwitchController : <<<<<<< 's_right_flipper' inactive >>>>>>>
2025-10-23 22:39:25,261 : INFO : EventManager : Event: ======'both_flippers_inactive'====== Args={'triggering_group': 2, 'triggering_switch': 's_right_flipper'}
2025-10-23 22:39:25,361 : INFO : SwitchController : <<<<<<< 's_left_flipper' active >>>>>>>
2025-10-23 22:39:25,361 : INFO : EventManager : Event: ======'s_left_flipper_active'====== Args={}
2025-10-23 22:39:25,362 : INFO : EventManager : Event: ======'carousel_item_highlighted'====== Args={'carousel': 'attract', 'direction': 'backwards', 'item': 'title'}
2025-10-23 22:39:25,677 : INFO : SwitchController : <<<<<<< 's_left_flipper' inactive >>>>>>>
2025-10-23 22:39:26,011 : INFO : SwitchController : <<<<<<< 's_left_flipper' active >>>>>>>
2025-10-23 22:39:26,011 : INFO : EventManager : Event: ======'s_left_flipper_active'====== Args={}
2025-10-23 22:39:26,011 : INFO : EventManager : Event: ======'carousel_item_highlighted'====== Args={'carousel': 'attract', 'direction': 'backwards', 'item': 'logo'}
2025-10-23 22:39:26,044 : INFO : SwitchController : <<<<<<< 's_right_flipper' active >>>>>>>
2025-10-23 22:39:26,045 : INFO : EventManager : Event: ======'s_right_flipper_active'====== Args={}
2025-10-23 22:39:26,045 : INFO : EventManager : Event: ======'flipper_cancel'====== Args={'triggering_group': 2, 'triggering_switch': 's_right_flipper'}
2025-10-23 22:39:26,045 : INFO : EventManager : Event: ======'carousel_item_highlighted'====== Args={'carousel': 'attract', 'direction': 'forwards', 'item': 'title'}
2025-10-23 22:39:26,111 : INFO : SwitchController : <<<<<<< 's_right_flipper' inactive >>>>>>>
2025-10-23 22:39:26,111 : INFO : EventManager : Event: ======'both_flippers_one'====== Args={'triggering_group': 2, 'triggering_switch': 's_right_flipper'}
2025-10-23 22:39:26,128 : INFO : SwitchController : <<<<<<< 's_left_flipper' inactive >>>>>>>
2025-10-23 22:39:26,128 : INFO : EventManager : Event: ======'both_flippers_inactive'====== Args={'triggering_group': 1, 'triggering_switch': 's_left_flipper'}
2025-10-23 22:39:26,244 : INFO : SwitchController : <<<<<<< 's_left_flipper' active >>>>>>>
2025-10-23 22:39:26,244 : INFO : EventManager : Event: ======'s_left_flipper_active'====== Args={}
2025-10-23 22:39:26,245 : INFO : EventManager : Event: ======'carousel_item_highlighted'====== Args={'carousel': 'attract', 'direction': 'backwards', 'item': 'logo'}
2025-10-23 22:39:26,411 : INFO : SwitchController : <<<<<<< 's_left_flipper' inactive >>>>>>>
2025-10-23 22:39:26,494 : INFO : SwitchController : <<<<<<< 's_left_flipper' active >>>>>>>
2025-10-23 22:39:26,495 : INFO : EventManager : Event: ======'s_left_flipper_active'====== Args={}
2025-10-23 22:39:26,495 : INFO : EventManager : Event: ======'carousel_item_highlighted'====== Args={'carousel': 'attract', 'direction': 'backwards', 'item': 'credits'}
2025-10-23 22:39:26,510 : INFO : SwitchController : <<<<<<< 's_right_flipper' active >>>>>>>
2025-10-23 22:39:26,511 : INFO : EventManager : Event: ======'s_right_flipper_active'====== Args={}
2025-10-23 22:39:26,511 : INFO : EventManager : Event: ======'flipper_cancel'====== Args={'triggering_group': 2, 'triggering_switch': 's_right_flipper'}
2025-10-23 22:39:26,511 : INFO : EventManager : Event: ======'carousel_item_highlighted'====== Args={'carousel': 'attract', 'direction': 'forwards', 'item': 'logo'}
2025-10-23 22:39:26,577 : INFO : SwitchController : <<<<<<< 's_left_flipper' inactive >>>>>>>
2025-10-23 22:39:26,578 : INFO : EventManager : Event: ======'both_flippers_one'====== Args={'triggering_group': 1, 'triggering_switch': 's_left_flipper'}
2025-10-23 22:39:26,578 : INFO : SwitchController : <<<<<<< 's_right_flipper' inactive >>>>>>>
2025-10-23 22:39:26,578 : INFO : EventManager : Event: ======'both_flippers_inactive'====== Args={'triggering_group': 2, 'triggering_switch': 's_right_flipper'}
2025-10-23 22:39:26,677 : INFO : SwitchController : <<<<<<< 's_left_flipper' active >>>>>>>
2025-10-23 22:39:26,678 : INFO : EventManager : Event: ======'s_left_flipper_active'====== Args={}
2025-10-23 22:39:26,678 : INFO : EventManager : Event: ======'carousel_item_highlighted'====== Args={'carousel': 'attract', 'direction': 'backwards', 'item': 'credits'}
2025-10-23 22:39:26,811 : INFO : SwitchController : <<<<<<< 's_left_flipper' inactive >>>>>>>
2025-10-23 22:39:26,911 : INFO : SwitchController : <<<<<<< 's_right_flipper' active >>>>>>>
2025-10-23 22:39:26,911 : INFO : EventManager : Event: ======'s_right_flipper_active'====== Args={}
2025-10-23 22:39:26,912 : INFO : EventManager : Event: ======'carousel_item_highlighted'====== Args={'carousel': 'attract', 'direction': 'forwards', 'item': 'logo'}
2025-10-23 22:39:27,011 : INFO : SwitchController : <<<<<<< 's_left_flipper' active >>>>>>>
2025-10-23 22:39:27,011 : INFO : EventManager : Event: ======'s_left_flipper_active'====== Args={}
2025-10-23 22:39:27,011 : INFO : EventManager : Event: ======'flipper_cancel'====== Args={'triggering_group': 1, 'triggering_switch': 's_left_flipper'}
2025-10-23 22:39:27,012 : INFO : EventManager : Event: ======'carousel_item_highlighted'====== Args={'carousel': 'attract', 'direction': 'backwards', 'item': 'credits'}
2025-10-23 22:39:27,028 : INFO : SwitchController : <<<<<<< 's_right_flipper' inactive >>>>>>>
2025-10-23 22:39:27,028 : INFO : EventManager : Event: ======'both_flippers_one'====== Args={'triggering_group': 2, 'triggering_switch': 's_right_flipper'}
2025-10-23 22:39:27,177 : INFO : SwitchController : <<<<<<< 's_right_flipper' active >>>>>>>
2025-10-23 22:39:27,178 : INFO : EventManager : Event: ======'s_right_flipper_active'====== Args={}
2025-10-23 22:39:27,178 : INFO : EventManager : Event: ======'flipper_cancel'====== Args={'triggering_group': 2, 'triggering_switch': 's_right_flipper'}
2025-10-23 22:39:27,178 : INFO : EventManager : Event: ======'carousel_item_highlighted'====== Args={'carousel': 'attract', 'direction': 'forwards', 'item': 'logo'}
2025-10-23 22:39:27,244 : INFO : SwitchController : <<<<<<< 's_left_flipper' inactive >>>>>>>
2025-10-23 22:39:27,244 : INFO : EventManager : Event: ======'both_flippers_one'====== Args={'triggering_group': 1, 'triggering_switch': 's_left_flipper'}
2025-10-23 22:39:27,261 : INFO : SwitchController : <<<<<<< 's_right_flipper' inactive >>>>>>>
2025-10-23 22:39:27,261 : INFO : EventManager : Event: ======'both_flippers_inactive'====== Args={'triggering_group': 2, 'triggering_switch': 's_right_flipper'}
2025-10-23 22:39:27,361 : INFO : SwitchController : <<<<<<< 's_right_flipper' active >>>>>>>
2025-10-23 22:39:27,361 : INFO : EventManager : Event: ======'s_right_flipper_active'====== Args={}
2025-10-23 22:39:27,362 : INFO : EventManager : Event: ======'carousel_item_highlighted'====== Args={'carousel': 'attract', 'direction': 'forwards', 'item': 'title'}
2025-10-23 22:39:27,494 : INFO : SwitchController : <<<<<<< 's_right_flipper' inactive >>>>>>>
2025-10-23 22:39:27,611 : INFO : SwitchController : <<<<<<< 's_left_flipper' active >>>>>>>
2025-10-23 22:39:27,611 : INFO : EventManager : Event: ======'s_left_flipper_active'====== Args={}
2025-10-23 22:39:27,612 : INFO : EventManager : Event: ======'carousel_item_highlighted'====== Args={'carousel': 'attract', 'direction': 'backwards', 'item': 'logo'}
2025-10-23 22:39:27,627 : INFO : SwitchController : <<<<<<< 's_right_flipper' active >>>>>>>
2025-10-23 22:39:27,628 : INFO : EventManager : Event: ======'s_right_flipper_active'====== Args={}
2025-10-23 22:39:27,628 : INFO : EventManager : Event: ======'flipper_cancel'====== Args={'triggering_group': 2, 'triggering_switch': 's_right_flipper'}
2025-10-23 22:39:27,628 : INFO : EventManager : Event: ======'carousel_item_highlighted'====== Args={'carousel': 'attract', 'direction': 'forwards', 'item': 'title'}
2025-10-23 22:39:27,711 : INFO : SwitchController : <<<<<<< 's_left_flipper' inactive >>>>>>>
2025-10-23 22:39:27,711 : INFO : EventManager : Event: ======'both_flippers_one'====== Args={'triggering_group': 1, 'triggering_switch': 's_left_flipper'}
2025-10-23 22:39:27,712 : INFO : SwitchController : <<<<<<< 's_right_flipper' inactive >>>>>>>
2025-10-23 22:39:27,712 : INFO : EventManager : Event: ======'both_flippers_inactive'====== Args={'triggering_group': 2, 'triggering_switch': 's_right_flipper'}
2025-10-23 22:39:27,811 : INFO : SwitchController : <<<<<<< 's_left_flipper' active >>>>>>>
2025-10-23 22:39:27,811 : INFO : EventManager : Event: ======'s_left_flipper_active'====== Args={}
2025-10-23 22:39:27,812 : INFO : EventManager : Event: ======'carousel_item_highlighted'====== Args={'carousel': 'attract', 'direction': 'backwards', 'item': 'logo'}
2025-10-23 22:39:27,861 : INFO : SwitchController : <<<<<<< 's_right_flipper' active >>>>>>>
2025-10-23 22:39:27,861 : INFO : EventManager : Event: ======'s_right_flipper_active'====== Args={}
2025-10-23 22:39:27,862 : INFO : EventManager : Event: ======'flipper_cancel'====== Args={'triggering_group': 2, 'triggering_switch': 's_right_flipper'}
2025-10-23 22:39:27,862 : INFO : EventManager : Event: ======'carousel_item_highlighted'====== Args={'carousel': 'attract', 'direction': 'forwards', 'item': 'title'}
2025-10-23 22:39:27,894 : INFO : SwitchController : <<<<<<< 's_right_flipper' inactive >>>>>>>
2025-10-23 22:39:27,894 : INFO : EventManager : Event: ======'both_flippers_one'====== Args={'triggering_group': 2, 'triggering_switch': 's_right_flipper'}
2025-10-23 22:39:27,927 : INFO : SwitchController : <<<<<<< 's_left_flipper' inactive >>>>>>>
2025-10-23 22:39:27,928 : INFO : EventManager : Event: ======'both_flippers_inactive'====== Args={'triggering_group': 1, 'triggering_switch': 's_left_flipper'}
2025-10-23 22:39:28,028 : INFO : SwitchController : <<<<<<< 's_right_flipper' active >>>>>>>
2025-10-23 22:39:28,028 : INFO : EventManager : Event: ======'s_right_flipper_active'====== Args={}
2025-10-23 22:39:28,029 : INFO : EventManager : Event: ======'carousel_item_highlighted'====== Args={'carousel': 'attract', 'direction': 'forwards', 'item': 'credits'}
2025-10-23 22:39:28,077 : INFO : SwitchController : <<<<<<< 's_right_flipper' inactive >>>>>>>
2025-10-23 22:39:28,177 : INFO : SwitchController : <<<<<<< 's_right_flipper' active >>>>>>>
2025-10-23 22:39:28,178 : INFO : EventManager : Event: ======'s_right_flipper_active'====== Args={}
2025-10-23 22:39:28,178 : INFO : EventManager : Event: ======'carousel_item_highlighted'====== Args={'carousel': 'attract', 'direction': 'forwards', 'item': 'logo'}
2025-10-23 22:39:28,261 : INFO : SwitchController : <<<<<<< 's_right_flipper' inactive >>>>>>>
2025-10-23 22:39:28,361 : INFO : SwitchController : <<<<<<< 's_left_flipper' active >>>>>>>
2025-10-23 22:39:28,361 : INFO : EventManager : Event: ======'s_left_flipper_active'====== Args={}
2025-10-23 22:39:28,362 : INFO : EventManager : Event: ======'carousel_item_highlighted'====== Args={'carousel': 'attract', 'direction': 'backwards', 'item': 'credits'}
2025-10-23 22:39:28,377 : INFO : SwitchController : <<<<<<< 's_right_flipper' active >>>>>>>
2025-10-23 22:39:28,378 : INFO : EventManager : Event: ======'s_right_flipper_active'====== Args={}
2025-10-23 22:39:28,378 : INFO : EventManager : Event: ======'flipper_cancel'====== Args={'triggering_group': 2, 'triggering_switch': 's_right_flipper'}
2025-10-23 22:39:28,378 : INFO : EventManager : Event: ======'carousel_item_highlighted'====== Args={'carousel': 'attract', 'direction': 'forwards', 'item': 'logo'}
2025-10-23 22:39:28,444 : INFO : SwitchController : <<<<<<< 's_right_flipper' inactive >>>>>>>
2025-10-23 22:39:28,445 : INFO : EventManager : Event: ======'both_flippers_one'====== Args={'triggering_group': 2, 'triggering_switch': 's_right_flipper'}
2025-10-23 22:39:28,611 : INFO : SwitchController : <<<<<<< 's_right_flipper' active >>>>>>>
2025-10-23 22:39:28,611 : INFO : EventManager : Event: ======'s_right_flipper_active'====== Args={}
2025-10-23 22:39:28,611 : INFO : EventManager : Event: ======'flipper_cancel'====== Args={'triggering_group': 2, 'triggering_switch': 's_right_flipper'}
2025-10-23 22:39:28,612 : INFO : EventManager : Event: ======'carousel_item_highlighted'====== Args={'carousel': 'attract', 'direction': 'forwards', 'item': 'title'}
2025-10-23 22:39:28,644 : INFO : SwitchController : <<<<<<< 's_left_flipper' inactive >>>>>>>
2025-10-23 22:39:28,644 : INFO : EventManager : Event: ======'both_flippers_one'====== Args={'triggering_group': 1, 'triggering_switch': 's_left_flipper'}
2025-10-23 22:39:28,711 : INFO : SwitchController : <<<<<<< 's_right_flipper' inactive >>>>>>>
2025-10-23 22:39:28,711 : INFO : EventManager : Event: ======'both_flippers_inactive'====== Args={'triggering_group': 2, 'triggering_switch': 's_right_flipper'}
2025-10-23 22:39:28,794 : INFO : SwitchController : <<<<<<< 's_left_flipper' active >>>>>>>
2025-10-23 22:39:28,794 : INFO : EventManager : Event: ======'s_left_flipper_active'====== Args={}
2025-10-23 22:39:28,795 : INFO : EventManager : Event: ======'carousel_item_highlighted'====== Args={'carousel': 'attract', 'direction': 'backwards', 'item': 'logo'}
2025-10-23 22:39:28,877 : INFO : SwitchController : <<<<<<< 's_left_flipper' inactive >>>>>>>
2025-10-23 22:39:28,978 : INFO : SwitchController : <<<<<<< 's_right_flipper' active >>>>>>>
2025-10-23 22:39:28,978 : INFO : EventManager : Event: ======'s_right_flipper_active'====== Args={}
2025-10-23 22:39:28,978 : INFO : EventManager : Event: ======'carousel_item_highlighted'====== Args={'carousel': 'attract', 'direction': 'forwards', 'item': 'title'}
2025-10-23 22:39:29,044 : INFO : SwitchController : <<<<<<< 's_left_flipper' active >>>>>>>
2025-10-23 22:39:29,045 : INFO : EventManager : Event: ======'s_left_flipper_active'====== Args={}
2025-10-23 22:39:29,045 : INFO : EventManager : Event: ======'flipper_cancel'====== Args={'triggering_group': 1, 'triggering_switch': 's_left_flipper'}
2025-10-23 22:39:29,045 : INFO : EventManager : Event: ======'carousel_item_highlighted'====== Args={'carousel': 'attract', 'direction': 'backwards', 'item': 'logo'}
2025-10-23 22:39:29,111 : INFO : SwitchController : <<<<<<< 's_right_flipper' inactive >>>>>>>
2025-10-23 22:39:29,111 : INFO : EventManager : Event: ======'both_flippers_one'====== Args={'triggering_group': 2, 'triggering_switch': 's_right_flipper'}
2025-10-23 22:39:29,244 : INFO : SwitchController : <<<<<<< 's_right_flipper' active >>>>>>>
2025-10-23 22:39:29,244 : INFO : EventManager : Event: ======'s_right_flipper_active'====== Args={}
2025-10-23 22:39:29,245 : INFO : EventManager : Event: ======'flipper_cancel'====== Args={'triggering_group': 2, 'triggering_switch': 's_right_flipper'}
2025-10-23 22:39:29,245 : INFO : EventManager : Event: ======'carousel_item_highlighted'====== Args={'carousel': 'attract', 'direction': 'forwards', 'item': 'title'}
2025-10-23 22:39:29,260 : INFO : SwitchController : <<<<<<< 's_left_flipper' inactive >>>>>>>
2025-10-23 22:39:29,261 : INFO : EventManager : Event: ======'both_flippers_one'====== Args={'triggering_group': 1, 'triggering_switch': 's_left_flipper'}
2025-10-23 22:39:29,311 : INFO : SwitchController : <<<<<<< 's_right_flipper' inactive >>>>>>>
2025-10-23 22:39:29,311 : INFO : EventManager : Event: ======'both_flippers_inactive'====== Args={'triggering_group': 2, 'triggering_switch': 's_right_flipper'}
2025-10-23 22:39:29,428 : INFO : SwitchController : <<<<<<< 's_left_flipper' active >>>>>>>
2025-10-23 22:39:29,428 : INFO : EventManager : Event: ======'s_left_flipper_active'====== Args={}
2025-10-23 22:39:29,428 : INFO : EventManager : Event: ======'carousel_item_highlighted'====== Args={'carousel': 'attract', 'direction': 'backwards', 'item': 'logo'}
2025-10-23 22:39:29,444 : INFO : SwitchController : <<<<<<< 's_right_flipper' active >>>>>>>
2025-10-23 22:39:29,444 : INFO : EventManager : Event: ======'s_right_flipper_active'====== Args={}
2025-10-23 22:39:29,445 : INFO : EventManager : Event: ======'flipper_cancel'====== Args={'triggering_group': 2, 'triggering_switch': 's_right_flipper'}
2025-10-23 22:39:29,445 : INFO : EventManager : Event: ======'carousel_item_highlighted'====== Args={'carousel': 'attract', 'direction': 'forwards', 'item': 'title'}
2025-10-23 22:39:29,494 : INFO : SwitchController : <<<<<<< 's_left_flipper' inactive >>>>>>>
2025-10-23 22:39:29,494 : INFO : EventManager : Event: ======'both_flippers_one'====== Args={'triggering_group': 1, 'triggering_switch': 's_left_flipper'}
2025-10-23 22:39:29,528 : INFO : SwitchController : <<<<<<< 's_right_flipper' inactive >>>>>>>
2025-10-23 22:39:29,528 : INFO : EventManager : Event: ======'both_flippers_inactive'====== Args={'triggering_group': 2, 'triggering_switch': 's_right_flipper'}
2025-10-23 22:39:29,644 : INFO : SwitchController : <<<<<<< 's_right_flipper' active >>>>>>>
2025-10-23 22:39:29,645 : INFO : EventManager : Event: ======'s_right_flipper_active'====== Args={}
2025-10-23 22:39:29,645 : INFO : EventManager : Event: ======'carousel_item_highlighted'====== Args={'carousel': 'attract', 'direction': 'forwards', 'item': 'credits'}
2025-10-23 22:39:29,744 : INFO : SwitchController : <<<<<<< 's_right_flipper' inactive >>>>>>>
2025-10-23 22:39:29,861 : INFO : SwitchController : <<<<<<< 's_left_flipper' active >>>>>>>
2025-10-23 22:39:29,861 : INFO : EventManager : Event: ======'s_left_flipper_active'====== Args={}
2025-10-23 22:39:29,862 : INFO : EventManager : Event: ======'carousel_item_highlighted'====== Args={'carousel': 'attract', 'direction': 'backwards', 'item': 'title'}
2025-10-23 22:39:29,878 : INFO : SwitchController : <<<<<<< 's_right_flipper' active >>>>>>>
2025-10-23 22:39:29,878 : INFO : EventManager : Event: ======'s_right_flipper_active'====== Args={}
2025-10-23 22:39:29,878 : INFO : EventManager : Event: ======'flipper_cancel'====== Args={'triggering_group': 2, 'triggering_switch': 's_right_flipper'}
2025-10-23 22:39:29,879 : INFO : EventManager : Event: ======'carousel_item_highlighted'====== Args={'carousel': 'attract', 'direction': 'forwards', 'item': 'credits'}
2025-10-23 22:39:29,944 : INFO : SwitchController : <<<<<<< 's_left_flipper' inactive >>>>>>>
2025-10-23 22:39:29,945 : INFO : EventManager : Event: ======'both_flippers_one'====== Args={'triggering_group': 1, 'triggering_switch': 's_left_flipper'}
2025-10-23 22:39:29,961 : INFO : SwitchController : <<<<<<< 's_right_flipper' inactive >>>>>>>
2025-10-23 22:39:29,961 : INFO : EventManager : Event: ======'both_flippers_inactive'====== Args={'triggering_group': 2, 'triggering_switch': 's_right_flipper'}
2025-10-23 22:39:30,111 : INFO : SwitchController : <<<<<<< 's_right_flipper' active >>>>>>>
2025-10-23 22:39:30,111 : INFO : EventManager : Event: ======'s_right_flipper_active'====== Args={}
2025-10-23 22:39:30,112 : INFO : EventManager : Event: ======'carousel_item_highlighted'====== Args={'carousel': 'attract', 'direction': 'forwards', 'item': 'logo'}
2025-10-23 22:39:30,244 : INFO : SwitchController : <<<<<<< 's_right_flipper' inactive >>>>>>>
2025-10-23 22:39:30,361 : INFO : SwitchController : <<<<<<< 's_right_flipper' active >>>>>>>
2025-10-23 22:39:30,361 : INFO : EventManager : Event: ======'s_right_flipper_active'====== Args={}
2025-10-23 22:39:30,362 : INFO : EventManager : Event: ======'carousel_item_highlighted'====== Args={'carousel': 'attract', 'direction': 'forwards', 'item': 'title'}
2025-10-23 22:39:30,461 : INFO : SwitchController : <<<<<<< 's_right_flipper' inactive >>>>>>>
2025-10-23 22:39:30,577 : INFO : SwitchController : <<<<<<< 's_left_flipper' active >>>>>>>
2025-10-23 22:39:30,578 : INFO : EventManager : Event: ======'s_left_flipper_active'====== Args={}
2025-10-23 22:39:30,578 : INFO : EventManager : Event: ======'carousel_item_highlighted'====== Args={'carousel': 'attract', 'direction': 'backwards', 'item': 'logo'}
2025-10-23 22:39:30,611 : INFO : SwitchController : <<<<<<< 's_right_flipper' active >>>>>>>
2025-10-23 22:39:30,611 : INFO : EventManager : Event: ======'s_right_flipper_active'====== Args={}
2025-10-23 22:39:30,611 : INFO : EventManager : Event: ======'flipper_cancel'====== Args={'triggering_group': 2, 'triggering_switch': 's_right_flipper'}
2025-10-23 22:39:30,611 : INFO : EventManager : Event: ======'carousel_item_highlighted'====== Args={'carousel': 'attract', 'direction': 'forwards', 'item': 'title'}
2025-10-23 22:39:30,711 : INFO : SwitchController : <<<<<<< 's_right_flipper' inactive >>>>>>>
2025-10-23 22:39:30,711 : INFO : EventManager : Event: ======'both_flippers_one'====== Args={'triggering_group': 2, 'triggering_switch': 's_right_flipper'}
2025-10-23 22:39:30,712 : INFO : SwitchController : <<<<<<< 's_left_flipper' inactive >>>>>>>
2025-10-23 22:39:30,712 : INFO : EventManager : Event: ======'both_flippers_inactive'====== Args={'triggering_group': 1, 'triggering_switch': 's_left_flipper'}
2025-10-23 22:39:30,811 : INFO : SwitchController : <<<<<<< 's_right_flipper' active >>>>>>>
2025-10-23 22:39:30,811 : INFO : EventManager : Event: ======'s_right_flipper_active'====== Args={}
2025-10-23 22:39:30,812 : INFO : EventManager : Event: ======'carousel_item_highlighted'====== Args={'carousel': 'attract', 'direction': 'forwards', 'item': 'credits'}
2025-10-23 22:39:30,961 : INFO : SwitchController : <<<<<<< 's_right_flipper' inactive >>>>>>>
2025-10-23 22:39:31,077 : INFO : SwitchController : <<<<<<< 's_right_flipper' active >>>>>>>
2025-10-23 22:39:31,078 : INFO : EventManager : Event: ======'s_right_flipper_active'====== Args={}
2025-10-23 22:39:31,078 : INFO : EventManager : Event: ======'carousel_item_highlighted'====== Args={'carousel': 'attract', 'direction': 'forwards', 'item': 'logo'}
2025-10-23 22:39:31,178 : INFO : SwitchController : <<<<<<< 's_right_flipper' inactive >>>>>>>
2025-10-23 22:39:31,278 : INFO : SwitchController : <<<<<<< 's_right_flipper' active >>>>>>>
2025-10-23 22:39:31,278 : INFO : EventManager : Event: ======'s_right_flipper_active'====== Args={}
2025-10-23 22:39:31,278 : INFO : EventManager : Event: ======'carousel_item_highlighted'====== Args={'carousel': 'attract', 'direction': 'forwards', 'item': 'title'}
2025-10-23 22:39:31,361 : INFO : SwitchController : <<<<<<< 's_right_flipper' inactive >>>>>>>
2025-10-23 22:39:31,461 : INFO : SwitchController : <<<<<<< 's_right_flipper' active >>>>>>>
2025-10-23 22:39:31,461 : INFO : EventManager : Event: ======'s_right_flipper_active'====== Args={}
2025-10-23 22:39:31,462 : INFO : EventManager : Event: ======'carousel_item_highlighted'====== Args={'carousel': 'attract', 'direction': 'forwards', 'item': 'credits'}
2025-10-23 22:39:31,578 : INFO : SwitchController : <<<<<<< 's_right_flipper' inactive >>>>>>>
2025-10-23 22:39:31,678 : INFO : SwitchController : <<<<<<< 's_right_flipper' active >>>>>>>
2025-10-23 22:39:31,678 : INFO : EventManager : Event: ======'s_right_flipper_active'====== Args={}
2025-10-23 22:39:31,679 : INFO : EventManager : Event: ======'carousel_item_highlighted'====== Args={'carousel': 'attract', 'direction': 'forwards', 'item': 'logo'}
2025-10-23 22:39:31,778 : INFO : SwitchController : <<<<<<< 's_right_flipper' inactive >>>>>>>
2025-10-23 22:39:31,894 : INFO : SwitchController : <<<<<<< 's_right_flipper' active >>>>>>>
2025-10-23 22:39:31,895 : INFO : EventManager : Event: ======'s_right_flipper_active'====== Args={}
2025-10-23 22:39:31,895 : INFO : EventManager : Event: ======'carousel_item_highlighted'====== Args={'carousel': 'attract', 'direction': 'forwards', 'item': 'title'}
2025-10-23 22:39:32,011 : INFO : SwitchController : <<<<<<< 's_right_flipper' inactive >>>>>>>
2025-10-23 22:39:33,194 : INFO : SwitchController : <<<<<<< 's_right_flipper' active >>>>>>>
2025-10-23 22:39:33,195 : INFO : EventManager : Event: ======'s_right_flipper_active'====== Args={}
2025-10-23 22:39:33,195 : INFO : EventManager : Event: ======'carousel_item_highlighted'====== Args={'carousel': 'attract', 'direction': 'forwards', 'item': 'credits'}
2025-10-23 22:39:33,328 : INFO : SwitchController : <<<<<<< 's_right_flipper' inactive >>>>>>>
2025-10-23 22:39:33,544 : INFO : SwitchController : <<<<<<< 's_right_flipper' active >>>>>>>
2025-10-23 22:39:33,544 : INFO : EventManager : Event: ======'s_right_flipper_active'====== Args={}
2025-10-23 22:39:33,545 : INFO : EventManager : Event: ======'carousel_item_highlighted'====== Args={'carousel': 'attract', 'direction': 'forwards', 'item': 'logo'}
2025-10-23 22:39:33,677 : INFO : SwitchController : <<<<<<< 's_right_flipper' inactive >>>>>>>
2025-10-23 22:39:33,811 : INFO : SwitchController : <<<<<<< 's_right_flipper' active >>>>>>>
2025-10-23 22:39:33,811 : INFO : EventManager : Event: ======'s_right_flipper_active'====== Args={}
2025-10-23 22:39:33,812 : INFO : EventManager : Event: ======'carousel_item_highlighted'====== Args={'carousel': 'attract', 'direction': 'forwards', 'item': 'title'}
2025-10-23 22:39:33,927 : INFO : SwitchController : <<<<<<< 's_right_flipper' inactive >>>>>>>
2025-10-23 22:39:34,011 : INFO : SwitchController : <<<<<<< 's_right_flipper' active >>>>>>>
2025-10-23 22:39:34,011 : INFO : EventManager : Event: ======'s_right_flipper_active'====== Args={}
2025-10-23 22:39:34,011 : INFO : EventManager : Event: ======'carousel_item_highlighted'====== Args={'carousel': 'attract', 'direction': 'forwards', 'item': 'credits'}
2025-10-23 22:39:34,144 : INFO : SwitchController : <<<<<<< 's_right_flipper' inactive >>>>>>>
2025-10-23 22:39:34,261 : INFO : SwitchController : <<<<<<< 's_right_flipper' active >>>>>>>
2025-10-23 22:39:34,261 : INFO : EventManager : Event: ======'s_right_flipper_active'====== Args={}
2025-10-23 22:39:34,262 : INFO : EventManager : Event: ======'carousel_item_highlighted'====== Args={'carousel': 'attract', 'direction': 'forwards', 'item': 'logo'}
2025-10-23 22:39:34,394 : INFO : SwitchController : <<<<<<< 's_right_flipper' inactive >>>>>>>
2025-10-23 22:39:52,147 : INFO : Machine : Shutting down...
2025-10-23 22:39:52,147 : INFO : EventManager : Event: ======'shutdown'====== Args={}
2025-10-23 22:39:52,150 : INFO : root : MPF run loop ended.
