2025-11-05 22:54:02,700 : INFO : root : Loading config.
2025-11-05 22:54:02,701 : INFO : YamlMultifileConfigLoader : Machine config file #1: config.yaml
2025-11-05 22:54:02,701 : INFO : ConfigProcessor : Loading config from cache: /var/folders/m3/0d4y64_n3fn8tnkv3ydlhztw0000gn/T/5ca32a6c950d03116abbed96ca44d372.mpf_cache
2025-11-05 22:54:02,713 : INFO : ConfigProcessor : Loading config from cache: /var/folders/m3/0d4y64_n3fn8tnkv3ydlhztw0000gn/T/01c495fa7450a81b4be96cb699872531.mpf_cache
2025-11-05 22:54:02,713 : INFO : ConfigProcessor : Loading config from cache: /var/folders/m3/0d4y64_n3fn8tnkv3ydlhztw0000gn/T/bfde29b5bb803376b0637bb8f0da27a7.mpf_cache
2025-11-05 22:54:02,713 : INFO : ConfigProcessor : Loading config from cache: /var/folders/m3/0d4y64_n3fn8tnkv3ydlhztw0000gn/T/01c495fa7450a81b4be96cb699872531.mpf_cache
2025-11-05 22:54:02,714 : INFO : ConfigProcessor : Loading config from cache: /var/folders/m3/0d4y64_n3fn8tnkv3ydlhztw0000gn/T/3ae89e09515ff8d8b11d68f672b2cc51.mpf_cache
2025-11-05 22:54:02,714 : INFO : ConfigProcessor : Loading config from cache: /var/folders/m3/0d4y64_n3fn8tnkv3ydlhztw0000gn/T/4c420229fa75118c2461cfc9ff5a44e2.mpf_cache
2025-11-05 22:54:02,714 : INFO : ConfigProcessor : Loading config from cache: /var/folders/m3/0d4y64_n3fn8tnkv3ydlhztw0000gn/T/f5ee6852f1764324c8553249cc53c871.mpf_cache
2025-11-05 22:54:02,714 : WARNING : ConfigProcessor : Config file in cache changed: /Users/didiergilbin/Desktop/Homebrew_CSI/modes/csi_lanes/config/csi_lanes.yaml
2025-11-05 22:54:02,714 : INFO : ConfigProcessor : Loading config from file /Users/didiergilbin/Desktop/Homebrew_CSI/modes/csi_lanes/config/csi_lanes.yaml.
2025-11-05 22:54:02,717 : INFO : ConfigProcessor : Loading config: /Users/didiergilbin/Desktop/Homebrew_CSI/modes/csi_lanes/config/csi_lanes.yaml
2025-11-05 22:54:02,717 : INFO : ConfigProcessor : Config file cache created: /var/folders/m3/0d4y64_n3fn8tnkv3ydlhztw0000gn/T/97c87487bc6ae826da86d36a6e042c78.mpf_cache
2025-11-05 22:54:02,717 : INFO : Machine : Mission Pinball Framework Core Engine v0.80.0.dev10
2025-11-05 22:54:02,717 : INFO : Machine : Command line arguments: {'no_load_cache': False, 'create_config_cache': True, 'bcp': True, 'configfile': ['config.yaml'], 'force_assets_load': False, 'platform_integration_test': False, 'jsonlogging': False, 'logfile': 'logs/2025-11-05-22-54-02-mpf-mac.home.log', 'pause': False, 'production': False, 'text_ui': False, 'loglevel': 15, 'consoleloglevel': 20, 'force_platform': 'smart_virtual', 'syslog_address': None, 'full_logfile_path': '/Users/didiergilbin/Desktop/Homebrew_CSI/logs/2025-11-05-22-54-02-mpf-mac.home.log'}
2025-11-05 22:54:02,717 : INFO : Machine : MPF path: /Users/didiergilbin/mpfenv/lib/python3.13/site-packages/mpf
2025-11-05 22:54:02,717 : INFO : Machine : Machine path: /Users/didiergilbin/Desktop/Homebrew_CSI
2025-11-05 22:54:02,717 : INFO : Machine : Platform: darwin
2025-11-05 22:54:02,717 : INFO : Machine : Python executable location: /Users/didiergilbin/mpfenv/bin/python3.13
2025-11-05 22:54:02,717 : INFO : Machine : Python version: 3.13.7 (64-bit)
2025-11-05 22:54:02,718 : INFO : Machine : Initializing MPF...
2025-11-05 22:54:02,730 : INFO : EventManager : Event: ======'machine_var_credits_string'====== Args={'value': 'FREE PLAY', 'prev_value': None, 'change': True}
2025-11-05 22:54:02,733 : INFO : EventManager : Event: ======'machine_var_master_volume'====== Args={'value': 0.5, 'prev_value': None, 'change': True}
2025-11-05 22:54:02,733 : INFO : EventManager : Event: ======'machine_var_player1_score'====== Args={'value': 208000, 'prev_value': None, 'change': True}
2025-11-05 22:54:02,733 : INFO : EventManager : Event: ======'machine_var_mpf_version'====== Args={'value': 'Mission Pinball Framework v0.80.0.dev10', 'prev_value': None, 'change': True}
2025-11-05 22:54:02,733 : INFO : EventManager : Event: ======'machine_var_mpf_extended_version'====== Args={'value': 'Mission Pinball Framework v0.80.0.dev10, Config version:6, Show version: 6, BCP version:1.1', 'prev_value': None, 'change': True}
2025-11-05 22:54:02,733 : INFO : EventManager : Event: ======'machine_var_python_version'====== Args={'value': '3.13.7', 'prev_value': None, 'change': True}
2025-11-05 22:54:02,739 : INFO : EventManager : Event: ======'machine_var_platform'====== Args={'value': 'macOS-15.6.1-arm64-arm-64bit-Mach-O', 'prev_value': None, 'change': True}
2025-11-05 22:54:02,739 : INFO : EventManager : Event: ======'machine_var_platform_system'====== Args={'value': 'Darwin', 'prev_value': None, 'change': True}
2025-11-05 22:54:02,739 : INFO : EventManager : Event: ======'machine_var_platform_release'====== Args={'value': '24.6.0', 'prev_value': None, 'change': True}
2025-11-05 22:54:02,739 : INFO : EventManager : Event: ======'machine_var_platform_version'====== Args={'value': 'Darwin Kernel Version 24.6.0: Mon Jul 14 11:30:40 PDT 2025; root:xnu-11417.140.69~1/RELEASE_ARM64_T8132', 'prev_value': None, 'change': True}
2025-11-05 22:54:02,739 : INFO : EventManager : Event: ======'machine_var_platform_machine'====== Args={'value': 'arm64', 'prev_value': None, 'change': True}
2025-11-05 22:54:02,739 : INFO : EventManager : Event: ======'machine_var_log_file_path'====== Args={'value': '/Users/didiergilbin/Desktop/Homebrew_CSI/logs/2025-11-05-22-54-02-mpf-mac.home.log', 'prev_value': None, 'change': True}
2025-11-05 22:54:02,739 : INFO : EventManager : Event: ======'init_phase_1'====== Args={}
2025-11-05 22:54:02,745 : INFO : EventManager : Event: ======'init_phase_2'====== Args={}
2025-11-05 22:54:02,745 : INFO : SwitchController : Found active switch: ('2', <Platform.SmartVirtual>) <switch.s_trough1>
2025-11-05 22:54:02,745 : INFO : SwitchController : Found active switch: ('3', <Platform.SmartVirtual>) <switch.s_trough2>
2025-11-05 22:54:02,745 : INFO : SwitchController : Found active switch: ('4', <Platform.SmartVirtual>) <switch.s_trough3>
2025-11-05 22:54:02,745 : INFO : SwitchController : Found active switch: ('5', <Platform.SmartVirtual>) <switch.s_trough4>
2025-11-05 22:54:02,746 : INFO : EventManager : Event: ======'bcp_connection_attempt'====== Args={'name': 'local_display', 'host': 'localhost', 'port': 5050}
2025-11-05 22:54:02,746 : INFO : BCPClientSocket : Connecting BCP to 'local_display' at localhost:5050...
2025-11-05 22:54:02,748 : INFO : BCPClientSocket : Connected BCP to 'local_display' localhost:5050
2025-11-05 22:54:02,748 : INFO : EventManager : Event: ======'bcp_clients_connected'====== Args={}
2025-11-05 22:54:02,748 : INFO : ball_device.bd_drain : BCH: Initial count: 0
2025-11-05 22:54:02,749 : INFO : ball_device.bd_drain : State: idle
2025-11-05 22:54:02,749 : INFO : ball_device.bd_trough : BCH: Initial count: 4
2025-11-05 22:54:02,749 : INFO : ball_device.bd_trough : State: idle
2025-11-05 22:54:02,749 : INFO : ball_device.bd_plunger : BCH: Initial count: 0
2025-11-05 22:54:02,749 : INFO : ball_device.bd_plunger : State: idle
2025-11-05 22:54:02,752 : INFO : EventManager : Event: ======'init_phase_3'====== Args={}
2025-11-05 22:54:02,752 : INFO : EventManager : Event: ======'init_phase_4'====== Args={}
2025-11-05 22:54:02,753 : INFO : BallController : Initial balls found: 4
2025-11-05 22:54:02,753 : INFO : EventManager : Event: ======'machine_var_audits_events_game_ended'====== Args={'value': 52, 'prev_value': None, 'change': True}
2025-11-05 22:54:02,753 : INFO : EventManager : Event: ======'machine_var_audits_events_game_started'====== Args={'value': 397, 'prev_value': None, 'change': True}
2025-11-05 22:54:02,753 : INFO : EventManager : Event: ======'machine_var_audits_missing_switches_s_drain'====== Args={'value': 13, 'prev_value': None, 'change': True}
2025-11-05 22:54:02,753 : INFO : EventManager : Event: ======'machine_var_audits_missing_switches_s_launch_button'====== Args={'value': 44, 'prev_value': None, 'change': True}
2025-11-05 22:54:02,753 : INFO : EventManager : Event: ======'machine_var_audits_missing_switches_s_left_flipper'====== Args={'value': 5, 'prev_value': None, 'change': True}
2025-11-05 22:54:02,753 : INFO : EventManager : Event: ======'machine_var_audits_missing_switches_s_left_outlane'====== Args={'value': 12, 'prev_value': None, 'change': True}
2025-11-05 22:54:02,753 : INFO : EventManager : Event: ======'machine_var_audits_missing_switches_s_popbumper1'====== Args={'value': 5, 'prev_value': None, 'change': True}
2025-11-05 22:54:02,753 : INFO : EventManager : Event: ======'machine_var_audits_missing_switches_s_popbumper2'====== Args={'value': 5, 'prev_value': None, 'change': True}
2025-11-05 22:54:02,753 : INFO : EventManager : Event: ======'machine_var_audits_missing_switches_s_popbumper3'====== Args={'value': 9, 'prev_value': None, 'change': True}
2025-11-05 22:54:02,753 : INFO : EventManager : Event: ======'machine_var_audits_missing_switches_s_right_flipper'====== Args={'value': 2, 'prev_value': None, 'change': True}
2025-11-05 22:54:02,753 : INFO : EventManager : Event: ======'machine_var_audits_missing_switches_s_right_outlane'====== Args={'value': 12, 'prev_value': None, 'change': True}
2025-11-05 22:54:02,753 : INFO : EventManager : Event: ======'machine_var_audits_missing_switches_s_sling_left'====== Args={'value': 397, 'prev_value': None, 'change': True}
2025-11-05 22:54:02,753 : INFO : EventManager : Event: ======'machine_var_audits_missing_switches_s_sling_right'====== Args={'value': 397, 'prev_value': None, 'change': True}
2025-11-05 22:54:02,753 : INFO : EventManager : Event: ======'machine_var_audits_missing_switches_s_trough1'====== Args={'value': 13, 'prev_value': None, 'change': True}
2025-11-05 22:54:02,753 : INFO : EventManager : Event: ======'machine_var_audits_missing_switches_s_trough2'====== Args={'value': 18, 'prev_value': None, 'change': True}
2025-11-05 22:54:02,753 : INFO : EventManager : Event: ======'machine_var_audits_missing_switches_s_trough3'====== Args={'value': 175, 'prev_value': None, 'change': True}
2025-11-05 22:54:02,753 : INFO : EventManager : Event: ======'machine_var_audits_missing_switches_s_trough4'====== Args={'value': 175, 'prev_value': None, 'change': True}
2025-11-05 22:54:02,753 : INFO : EventManager : Event: ======'machine_var_audits_missing_switches_s_trough_jam'====== Args={'value': 111, 'prev_value': None, 'change': True}
2025-11-05 22:54:02,753 : INFO : EventManager : Event: ======'machine_var_audits_player_score'====== Args={'value': {'average': 220948, 'top': [10210000, 1550000, 1070000, 1070000, 810000, 710000, 640000, 570000, 530000, 480000], 'total': 111}, 'prev_value': None, 'change': True}
2025-11-05 22:54:02,753 : INFO : EventManager : Event: ======'machine_var_audits_shots_bumper1'====== Args={'value': 3513, 'prev_value': None, 'change': True}
2025-11-05 22:54:02,753 : INFO : EventManager : Event: ======'machine_var_audits_shots_bumper2'====== Args={'value': 3530, 'prev_value': None, 'change': True}
2025-11-05 22:54:02,753 : INFO : EventManager : Event: ======'machine_var_audits_shots_bumper3'====== Args={'value': 3364, 'prev_value': None, 'change': True}
2025-11-05 22:54:02,753 : INFO : EventManager : Event: ======'machine_var_audits_shots_c_shot'====== Args={'value': 116, 'prev_value': None, 'change': True}
2025-11-05 22:54:02,753 : INFO : EventManager : Event: ======'machine_var_audits_shots_csi_shot'====== Args={'value': 9, 'prev_value': None, 'change': True}
2025-11-05 22:54:02,753 : INFO : EventManager : Event: ======'machine_var_audits_shots_i_shot'====== Args={'value': 94, 'prev_value': None, 'change': True}
2025-11-05 22:54:02,753 : INFO : EventManager : Event: ======'machine_var_audits_shots_s_shot'====== Args={'value': 107, 'prev_value': None, 'change': True}
2025-11-05 22:54:02,753 : INFO : EventManager : Event: ======'machine_var_audits_shots_switch_shot'====== Args={'value': 245, 'prev_value': None, 'change': True}
2025-11-05 22:54:02,753 : INFO : EventManager : Event: ======'machine_var_audits_switches_s_drain'====== Args={'value': 515, 'prev_value': None, 'change': True}
2025-11-05 22:54:02,753 : INFO : EventManager : Event: ======'machine_var_audits_switches_s_launch_button'====== Args={'value': 1, 'prev_value': None, 'change': True}
2025-11-05 22:54:02,753 : INFO : EventManager : Event: ======'machine_var_audits_switches_s_left_flipper'====== Args={'value': 356, 'prev_value': None, 'change': True}
2025-11-05 22:54:02,753 : INFO : EventManager : Event: ======'machine_var_audits_switches_s_left_inlane1'====== Args={'value': 126, 'prev_value': None, 'change': True}
2025-11-05 22:54:02,753 : INFO : EventManager : Event: ======'machine_var_audits_switches_s_left_inlane2'====== Args={'value': 114, 'prev_value': None, 'change': True}
2025-11-05 22:54:02,753 : INFO : EventManager : Event: ======'machine_var_audits_switches_s_left_outlane'====== Args={'value': 1, 'prev_value': None, 'change': True}
2025-11-05 22:54:02,753 : INFO : EventManager : Event: ======'machine_var_audits_switches_s_plunger_lane'====== Args={'value': 759, 'prev_value': None, 'change': True}
2025-11-05 22:54:02,753 : INFO : EventManager : Event: ======'machine_var_audits_switches_s_popbumper1'====== Args={'value': 3557, 'prev_value': None, 'change': True}
2025-11-05 22:54:02,753 : INFO : EventManager : Event: ======'machine_var_audits_switches_s_popbumper2'====== Args={'value': 3571, 'prev_value': None, 'change': True}
2025-11-05 22:54:02,753 : INFO : EventManager : Event: ======'machine_var_audits_switches_s_popbumper3'====== Args={'value': 3406, 'prev_value': None, 'change': True}
2025-11-05 22:54:02,753 : INFO : EventManager : Event: ======'machine_var_audits_switches_s_right_flipper'====== Args={'value': 618, 'prev_value': None, 'change': True}
2025-11-05 22:54:02,753 : INFO : EventManager : Event: ======'machine_var_audits_switches_s_right_inlane'====== Args={'value': 100, 'prev_value': None, 'change': True}
2025-11-05 22:54:02,753 : INFO : EventManager : Event: ======'machine_var_audits_switches_s_right_outlane'====== Args={'value': 5, 'prev_value': None, 'change': True}
2025-11-05 22:54:02,753 : INFO : EventManager : Event: ======'machine_var_audits_switches_s_scoop'====== Args={'value': 374, 'prev_value': None, 'change': True}
2025-11-05 22:54:02,753 : INFO : EventManager : Event: ======'machine_var_audits_switches_s_sling_left'====== Args={'value': 0, 'prev_value': None, 'change': True}
2025-11-05 22:54:02,753 : INFO : EventManager : Event: ======'machine_var_audits_switches_s_sling_right'====== Args={'value': 0, 'prev_value': None, 'change': True}
2025-11-05 22:54:02,753 : INFO : EventManager : Event: ======'machine_var_audits_switches_s_start'====== Args={'value': 651, 'prev_value': None, 'change': True}
2025-11-05 22:54:02,753 : INFO : EventManager : Event: ======'machine_var_audits_switches_s_trough1'====== Args={'value': 363, 'prev_value': None, 'change': True}
2025-11-05 22:54:02,753 : INFO : EventManager : Event: ======'machine_var_audits_switches_s_trough2'====== Args={'value': 16, 'prev_value': None, 'change': True}
2025-11-05 22:54:02,753 : INFO : EventManager : Event: ======'machine_var_audits_switches_s_trough3'====== Args={'value': 1, 'prev_value': None, 'change': True}
2025-11-05 22:54:02,753 : INFO : EventManager : Event: ======'machine_var_audits_switches_s_trough4'====== Args={'value': 1, 'prev_value': None, 'change': True}
2025-11-05 22:54:02,753 : INFO : EventManager : Event: ======'machine_var_audits_switches_s_trough_jam'====== Args={'value': 8, 'prev_value': None, 'change': True}
2025-11-05 22:54:02,753 : INFO : EventManager : Event: ======'init_phase_5'====== Args={}
2025-11-05 22:54:02,754 : INFO : EventManager : Event: ======'init_done'====== Args={}
2025-11-05 22:54:02,754 : INFO : EventManager : Event: ======'machine_reset_phase_1'====== Args={}
2025-11-05 22:54:02,788 : INFO : EventManager : Event: ======'machine_reset_phase_2'====== Args={}
2025-11-05 22:54:02,788 : INFO : EventManager : Event: ======'machine_reset_phase_3'====== Args={}
2025-11-05 22:54:02,789 : INFO : EventManager : Event: ======'reset_complete'====== Args={}
2025-11-05 22:54:02,789 : INFO : EventManager : Event: ======'mode_attract_will_start'====== Args={}
2025-11-05 22:54:02,789 : INFO : Timer.attract_carousel_timer : Starting Timer.
2025-11-05 22:54:02,789 : INFO : EventManager : Event: ======'timer_attract_carousel_timer_started'====== Args={'ticks': 0, 'ticks_remaining': 1}
2025-11-05 22:54:02,789 : INFO : EventManager : Event: ======'timer_attract_carousel_timer_tick'====== Args={'ticks': 0, 'ticks_remaining': 1}
2025-11-05 22:54:02,789 : INFO : EventManager : Event: ======'mode_attract_starting'====== Args={}
2025-11-05 22:54:02,789 : INFO : Mode.attract : Started. Priority: 10
2025-11-05 22:54:02,789 : INFO : EventManager : Event: ======'modes_active_modes_changed'====== Args={}
2025-11-05 22:54:02,789 : INFO : EventManager : Event: ======'mode_attract_started'====== Args={}
2025-11-05 22:54:02,789 : INFO : EventManager : Event: ======'collecting_balls_complete'====== Args={}
2025-11-05 22:54:02,789 : INFO : EventManager : Event: ======'carousel_item_highlighted'====== Args={'carousel': 'attract', 'direction': None, 'item': 'title'}
2025-11-05 22:54:02,790 : INFO : Machine : Starting the main run loop with active modes: [<Mode.attract>]
2025-11-05 22:54:03,062 : INFO : BcpServer : New client connected.
2025-11-05 22:54:03,168 : INFO : EventManager : Event: ======'slide_attract_created'====== Args={'_from_bcp': True}
2025-11-05 22:54:03,169 : INFO : EventManager : Event: ======'slide__removed'====== Args={'_from_bcp': True}
2025-11-05 22:54:03,169 : INFO : EventManager : Event: ======'slide_attract_active'====== Args={'original_context': 'attract', 'original_calling_context': 'mode_attract_started', 'priority': 10.0, 'cmd': 'slides_play', '_from_bcp': True}
2025-11-05 22:54:06,117 : INFO : SwitchController : <<<<<<< 's_start' active >>>>>>>
2025-11-05 22:54:06,250 : INFO : SwitchController : <<<<<<< 's_start' inactive >>>>>>>
2025-11-05 22:54:06,251 : INFO : EventManager : Event: ======'request_to_start_game'====== Args={}
2025-11-05 22:54:06,252 : INFO : EventManager : Event: ======'game_start'====== Args={'buttons': [], 'hold_time': 0.1337594169890508}
2025-11-05 22:54:06,252 : INFO : EventManager : Event: ======'mode_game_will_start'====== Args={'buttons': [], 'hold_time': 0.1337594169890508}
2025-11-05 22:54:06,254 : INFO : EventManager : Event: ======'mode_game_starting'====== Args={'buttons': [], 'hold_time': 0.1337594169890508}
2025-11-05 22:54:06,254 : INFO : EventManager : Event: ======'mode_attract_will_stop'====== Args={}
2025-11-05 22:54:06,254 : INFO : EventManager : Event: ======'mode_attract_stopping'====== Args={}
2025-11-05 22:54:06,255 : INFO : Mode.attract : Stopped.
2025-11-05 22:54:06,255 : INFO : EventManager : Event: ======'modes_active_modes_changed'====== Args={}
2025-11-05 22:54:06,256 : INFO : EventManager : Event: ======'mode_attract_stopped'====== Args={}
2025-11-05 22:54:06,256 : INFO : EventManager : Event: ======'clear'====== Args={'key': 'attract'}
2025-11-05 22:54:06,256 : INFO : Timer.attract_carousel_timer : Stopping Timer
2025-11-05 22:54:06,257 : INFO : EventManager : Event: ======'timer_attract_carousel_timer_stopped'====== Args={'ticks': 0, 'ticks_remaining': 1}
2025-11-05 22:54:06,257 : INFO : Mode.game : Started. Priority: 20
2025-11-05 22:54:06,257 : INFO : EventManager : Event: ======'modes_active_modes_changed'====== Args={}
2025-11-05 22:54:06,257 : INFO : EventManager : Event: ======'mode_game_started'====== Args={'buttons': [], 'hold_time': 0.1337594169890508}
2025-11-05 22:54:06,258 : INFO : EventManager : Event: ======'game_will_start'====== Args={}
2025-11-05 22:54:06,258 : INFO : EventManager : Event: ======'game_starting'====== Args={'game': <Mode.game>}
2025-11-05 22:54:06,259 : INFO : EventManager : Unordered handler for class <Auditor> on event game_ended with priority 1. Handlers: [RegisteredHandler(callback=<bound method Auditor.disable of <Auditor>>, priority=1, kwargs={}, key=UUID('b58ca0fc-4e6d-4826-b04d-0fcfacd42954'), condition=None, blocking_facility=None), RegisteredHandler(callback=<bound method Auditor._save_audits of <Auditor>>, priority=1, kwargs={}, key=UUID('7c4a2e33-9b6f-48f1-a703-5916318e2a54'), condition=None, blocking_facility=None)]. The order of those handlers is not defined and they will be executed in random order. This might lead to race conditions and potential bugs.
2025-11-05 22:54:06,259 : INFO : EventManager : Event: ======'player_add_request'====== Args={}
2025-11-05 22:54:06,260 : INFO : EventManager : Event: ======'player_will_add'====== Args={'number': 1}
2025-11-05 22:54:06,260 : INFO : EventManager : Event: ======'player_adding'====== Args={'player': <Player 1>, 'number': 1}
2025-11-05 22:54:06,260 : INFO : EventManager : Event: ======'player_added'====== Args={'player': <Player 1>, 'num': 1}
2025-11-05 22:54:06,260 : INFO : Mode.game : Player added successfully. Total players: 1
2025-11-05 22:54:06,261 : INFO : EventManager : Event: ======'player_index'====== Args={'value': 0, 'prev_value': 0, 'change': 0, 'player_num': 1}
2025-11-05 22:54:06,261 : INFO : EventManager : Event: ======'player_number'====== Args={'value': 1, 'prev_value': 1, 'change': 0, 'player_num': 1}
2025-11-05 22:54:06,261 : INFO : EventManager : Event: ======'player_multiplier'====== Args={'value': 1, 'prev_value': 1, 'change': 0, 'player_num': 1}
2025-11-05 22:54:06,261 : INFO : EventManager : Event: ======'player_score'====== Args={'value': 0, 'prev_value': 0, 'change': 0, 'player_num': 1}
2025-11-05 22:54:06,262 : INFO : EventManager : Event: ======'game_started'====== Args={}
2025-11-05 22:54:06,262 : INFO : EventManager : Event: ======'player_turn_will_start'====== Args={'player': <Player 1>, 'number': 1}
2025-11-05 22:54:06,262 : INFO : EventManager : Event: ======'player_turn_starting'====== Args={'player': <Player 1>, 'number': 1}
2025-11-05 22:54:06,269 : INFO : EventManager : Event: ======'player_ball'====== Args={'value': 1, 'prev_value': 0, 'change': 1, 'player_num': 1}
2025-11-05 22:54:06,269 : INFO : EventManager : Event: ======'player_turn_started'====== Args={'player': <Player 1>, 'number': 1}
2025-11-05 22:54:06,270 : INFO : EventManager : Event: ======'ball_will_start'====== Args={'player': 1, 'ball': 1, 'balls_remaining': 2, 'is_extra_ball': False}
2025-11-05 22:54:06,270 : INFO : EventManager : Event: ======'ball_starting'====== Args={'player': 1, 'ball': 1, 'balls_remaining': 2, 'is_extra_ball': False}
2025-11-05 22:54:06,270 : INFO : EventManager : Event: ======'mode_base_will_start'====== Args={'queue': <QueuedEvent>, 'player': 1, 'ball': 1, 'balls_remaining': 2, 'is_extra_ball': False}
2025-11-05 22:54:06,271 : INFO : EventManager : Event: ======'player_base_player_added_timer_tick'====== Args={'value': 0, 'prev_value': 0, 'change': 0, 'player_num': 1}
2025-11-05 22:54:06,271 : INFO : Timer.player_added_timer : Starting Timer.
2025-11-05 22:54:06,271 : INFO : EventManager : Event: ======'timer_player_added_timer_started'====== Args={'ticks': 0, 'ticks_remaining': 1}
2025-11-05 22:54:06,271 : INFO : EventManager : Event: ======'timer_player_added_timer_tick'====== Args={'ticks': 0, 'ticks_remaining': 1}
2025-11-05 22:54:06,272 : INFO : EventManager : Event: ======'mode_base_starting'====== Args={'queue': <QueuedEvent>, 'player': 1, 'ball': 1, 'balls_remaining': 2, 'is_extra_ball': False}
2025-11-05 22:54:06,272 : INFO : Mode.base : Started. Priority: 100
2025-11-05 22:54:06,272 : INFO : EventManager : Event: ======'modes_active_modes_changed'====== Args={}
2025-11-05 22:54:06,272 : INFO : EventManager : Event: ======'mode_base_started'====== Args={'queue': <QueuedEvent>, 'player': 1, 'ball': 1, 'balls_remaining': 2, 'is_extra_ball': False}
2025-11-05 22:54:06,273 : INFO : EventManager : Event: ======'start_mode_bumpers'====== Args={'priority': 0}
2025-11-05 22:54:06,273 : INFO : EventManager : Event: ======'start_mode_csi_lanes'====== Args={'priority': 0}
2025-11-05 22:54:06,273 : INFO : EventManager : Event: ======'mode_bumpers_will_start'====== Args={'priority': 0}
2025-11-05 22:54:06,273 : INFO : EventManager : Event: ======'player_shot_bumper1_enabled'====== Args={'value': True, 'prev_value': 0, 'change': 1, 'player_num': 1}
2025-11-05 22:54:06,274 : INFO : EventManager : Event: ======'player_shot_bumper2_enabled'====== Args={'value': True, 'prev_value': 0, 'change': 1, 'player_num': 1}
2025-11-05 22:54:06,274 : INFO : EventManager : Event: ======'player_shot_bumper3_enabled'====== Args={'value': True, 'prev_value': 0, 'change': 1, 'player_num': 1}
2025-11-05 22:54:06,274 : INFO : EventManager : Event: ======'bumpers_complete'====== Args={'state': 'unlit'}
2025-11-05 22:54:06,275 : INFO : EventManager : Event: ======'bumpers_unlit_complete'====== Args={}
2025-11-05 22:54:06,275 : INFO : EventManager : Event: ======'mode_bumpers_starting'====== Args={'priority': 0}
2025-11-05 22:54:06,276 : INFO : EventManager : Event: ======'mode_csi_lanes_will_start'====== Args={'priority': 0}
2025-11-05 22:54:06,276 : INFO : EventManager : Event: ======'player_shot_c_shot_enabled'====== Args={'value': True, 'prev_value': 0, 'change': 1, 'player_num': 1}
2025-11-05 22:54:06,277 : INFO : EventManager : Event: ======'player_shot_s_shot_enabled'====== Args={'value': True, 'prev_value': 0, 'change': 1, 'player_num': 1}
2025-11-05 22:54:06,277 : INFO : EventManager : Event: ======'player_shot_i_shot_enabled'====== Args={'value': True, 'prev_value': 0, 'change': 1, 'player_num': 1}
2025-11-05 22:54:06,278 : INFO : EventManager : Event: ======'csi_shots_complete'====== Args={'state': 'unlit'}
2025-11-05 22:54:06,278 : INFO : EventManager : Event: ======'csi_shots_unlit_complete'====== Args={}
2025-11-05 22:54:06,278 : INFO : EventManager : Event: ======'player_csi_lanes_csi_lanes_timer_tick'====== Args={'value': 0, 'prev_value': 0, 'change': 0, 'player_num': 1}
2025-11-05 22:54:06,279 : INFO : Timer.csi_lanes_timer : Starting Timer.
2025-11-05 22:54:06,279 : INFO : EventManager : Event: ======'timer_csi_lanes_timer_started'====== Args={'ticks': 0, 'ticks_remaining': 1}
2025-11-05 22:54:06,279 : INFO : EventManager : Event: ======'timer_csi_lanes_timer_tick'====== Args={'ticks': 0, 'ticks_remaining': 1}
2025-11-05 22:54:06,280 : INFO : EventManager : Event: ======'mode_csi_lanes_starting'====== Args={'priority': 0}
2025-11-05 22:54:06,280 : INFO : Mode.bumpers : Started. Priority: 200
2025-11-05 22:54:06,280 : INFO : EventManager : Event: ======'modes_active_modes_changed'====== Args={}
2025-11-05 22:54:06,280 : INFO : EventManager : Event: ======'mode_bumpers_started'====== Args={'priority': 0}
2025-11-05 22:54:06,280 : INFO : EventManager : Event: ======'balls_in_play'====== Args={'balls': 1}
2025-11-05 22:54:06,280 : INFO : EventManager : Event: ======'ball_started'====== Args={'player': 1, 'ball': 1, 'balls_remaining': 2, 'is_extra_ball': False}
2025-11-05 22:54:06,281 : INFO : EventManager : Event: ======'logicblock_csi_lanes_validated_updated'====== Args={'value': 0, 'enabled': True}
2025-11-05 22:54:06,281 : INFO : EventManager : Event: ======'logicblock_csi_lanes_validated_updated'====== Args={'value': 0, 'enabled': True}
2025-11-05 22:54:06,281 : INFO : Mode.csi_lanes : Started. Priority: 200
2025-11-05 22:54:06,281 : INFO : EventManager : Event: ======'modes_active_modes_changed'====== Args={}
2025-11-05 22:54:06,281 : INFO : EventManager : Event: ======'mode_csi_lanes_started'====== Args={'priority': 0}
2025-11-05 22:54:06,282 : INFO : EventManager : Event: ======'single_player_ball_started'====== Args={}
2025-11-05 22:54:06,282 : INFO : EventManager : Event: ======'ball_start_target'====== Args={'target': 'playfield'}
2025-11-05 22:54:06,282 : INFO : ball_device.bd_trough : Setting up player-controlled eject. Balls: 1, Target: <playfield.playfield>, player_controlled_eject_event: None
2025-11-05 22:54:06,282 : INFO : ball_device.bd_trough : Adding 1 ball(s) to the eject_queue with target <playfield.playfield>.
2025-11-05 22:54:06,282 : INFO : EventManager : Event: ======'balldevice_balls_available'====== Args={}
2025-11-05 22:54:06,283 : INFO : ball_device.bd_trough : State: waiting_for_target_ready
2025-11-05 22:54:06,283 : INFO : EventManager : Event: ======'balldevice_bd_trough_ball_eject_attempt'====== Args={'balls': 1, 'target': <ball_device.bd_plunger>, 'source': <ball_device.bd_trough>, 'mechanical_eject': False, 'num_attempts': 0}
2025-11-05 22:54:06,283 : INFO : ball_device.bd_plunger : State: waiting_for_ball
2025-11-05 22:54:06,283 : INFO : ball_device.bd_trough : State: ejecting
2025-11-05 22:54:06,284 : INFO : ball_device.bd_trough : Ejecting ball to <ball_device.bd_plunger>
2025-11-05 22:54:06,284 : INFO : EventManager : Event: ======'balldevice_bd_trough_ejecting_ball'====== Args={'balls': 1, 'target': <ball_device.bd_plunger>, 'source': <ball_device.bd_trough>, 'mechanical_eject': False, 'num_attempts': 0}
2025-11-05 22:54:06,284 : INFO : ball_device.bd_trough : Wait for ball to leave device
2025-11-05 22:54:06,284 : INFO : coil.c_trough_eject : Pulsing Driver for 20ms (1.0 pulse_power)
2025-11-05 22:54:06,284 : INFO : SwitchController : <<<<<<< 's_trough1' inactive >>>>>>>
2025-11-05 22:54:06,285 : INFO : ball_device.bd_trough : State: ball_left
2025-11-05 22:54:06,285 : INFO : ball_device.bd_trough : Ball left
2025-11-05 22:54:06,285 : INFO : ball_device.bd_trough : Wait for confirm with timeout 3.0
2025-11-05 22:54:06,385 : INFO : SwitchController : <<<<<<< 's_plunger_lane' active >>>>>>>
2025-11-05 22:54:06,385 : INFO : EventManager : Event: ======'machine_var_audits_switches_s_plunger_lane'====== Args={'value': 760, 'prev_value': 759, 'change': 1}
2025-11-05 22:54:06,421 : INFO : EventManager : Event: ======'slide_base_slide_created'====== Args={'_from_bcp': True}
2025-11-05 22:54:06,421 : INFO : EventManager : Event: ======'slide_attract_inactive'====== Args={'is_removing': True, '_from_bcp': True}
2025-11-05 22:54:06,421 : INFO : EventManager : Event: ======'slide_base_slide_active'====== Args={'original_context': 'base', 'original_calling_context': 'mode_base_started', 'priority': 100.0, 'queue': '<QueuedEvent>', 'player': 1.0, 'ball': 1.0, 'balls_remaining': 2.0, 'is_extra_ball': False, 'cmd': 'slides_play', '_from_bcp': True}
2025-11-05 22:54:06,422 : INFO : EventManager : Event: ======'slide_attract_removed'====== Args={'_from_bcp': True}
2025-11-05 22:54:06,886 : INFO : ball_device.bd_plunger : Received ball from <ball_device.bd_trough>
2025-11-05 22:54:06,887 : INFO : EventManager : Event: ======'balldevice_bd_plunger_ball_enter'====== Args={'new_balls': 1, 'unclaimed_balls': 0, 'new_available_balls': 0, 'device': <ball_device.bd_plunger>}
2025-11-05 22:54:06,887 : INFO : EventManager : Event: ======'balldevice_bd_plunger_ball_entered'====== Args={'new_balls': 0, 'device': <ball_device.bd_plunger>}
2025-11-05 22:54:06,888 : INFO : EventManager : Event: ======'balldevice_bd_plunger_ball_count_changed'====== Args={'balls': 1}
2025-11-05 22:54:06,888 : INFO : ball_device.bd_trough : Got eject confirm
2025-11-05 22:54:06,888 : INFO : ball_device.bd_trough : Eject successful
2025-11-05 22:54:06,888 : INFO : EventManager : Event: ======'balldevice_bd_trough_ball_eject_success'====== Args={'balls': 1, 'target': <ball_device.bd_plunger>}
2025-11-05 22:54:06,889 : INFO : EventManager : Event: ======'balldevice_bd_trough_ball_count_changed'====== Args={'balls': 3}
2025-11-05 22:54:06,890 : INFO : ball_device.bd_trough : State: idle
2025-11-05 22:54:06,890 : INFO : ball_device.bd_plunger : State: waiting_for_target_ready
2025-11-05 22:54:06,890 : INFO : EventManager : Event: ======'balldevice_bd_plunger_ball_eject_attempt'====== Args={'balls': 1, 'target': <playfield.playfield>, 'source': <ball_device.bd_plunger>, 'mechanical_eject': False, 'num_attempts': 0}
2025-11-05 22:54:06,891 : INFO : ball_device.bd_plunger : State: ejecting
2025-11-05 22:54:06,891 : INFO : ball_device.bd_plunger : Ejecting ball to <playfield.playfield>
2025-11-05 22:54:06,891 : INFO : EventManager : Event: ======'balldevice_bd_plunger_ejecting_ball'====== Args={'balls': 1, 'target': <playfield.playfield>, 'source': <ball_device.bd_plunger>, 'mechanical_eject': False, 'num_attempts': 0}
2025-11-05 22:54:06,892 : INFO : ball_device.bd_plunger : Wait for ball to leave device
2025-11-05 22:54:06,892 : INFO : coil.c_plunger : Pulsing Driver for 20ms (1.0 pulse_power)
2025-11-05 22:54:06,893 : INFO : SwitchController : <<<<<<< 's_plunger_lane' inactive >>>>>>>
2025-11-05 22:54:06,893 : INFO : ball_device.bd_plunger : State: ball_left
2025-11-05 22:54:06,894 : INFO : ball_device.bd_plunger : Ball left
2025-11-05 22:54:06,894 : INFO : ball_device.bd_plunger : Wait for confirm with timeout 3.0
2025-11-05 22:54:06,972 : INFO : EventManager : Event: ======'player_base_player_added_timer_tick'====== Args={'value': 1, 'prev_value': 0, 'change': 1, 'player_num': 1}
2025-11-05 22:54:06,973 : INFO : Timer.player_added_timer : Timer Complete
2025-11-05 22:54:06,973 : INFO : Timer.player_added_timer : Stopping Timer
2025-11-05 22:54:06,973 : INFO : EventManager : Event: ======'timer_player_added_timer_stopped'====== Args={'ticks': 1, 'ticks_remaining': 1}
2025-11-05 22:54:06,973 : INFO : EventManager : Event: ======'timer_player_added_timer_complete'====== Args={'ticks': 1, 'ticks_remaining': 1}
2025-11-05 22:54:06,979 : INFO : EventManager : Event: ======'player_csi_lanes_csi_lanes_timer_tick'====== Args={'value': 1, 'prev_value': 0, 'change': 1, 'player_num': 1}
2025-11-05 22:54:06,980 : INFO : Timer.csi_lanes_timer : Timer Complete
2025-11-05 22:54:06,980 : INFO : Timer.csi_lanes_timer : Stopping Timer
2025-11-05 22:54:06,980 : INFO : EventManager : Event: ======'timer_csi_lanes_timer_stopped'====== Args={'ticks': 1, 'ticks_remaining': 1}
2025-11-05 22:54:06,980 : INFO : EventManager : Event: ======'timer_csi_lanes_timer_complete'====== Args={'ticks': 1, 'ticks_remaining': 1}
2025-11-05 22:54:09,895 : INFO : ball_device.bd_plunger : State: failed_confirm
2025-11-05 22:54:09,896 : INFO : ball_device.bd_plunger : Got timeout (3.0s) before confirm from <playfield.playfield>
2025-11-05 22:54:09,997 : INFO : ball_device.bd_plunger : Confirming eject because target is playfield and ball did not return.
2025-11-05 22:54:09,998 : INFO : ball_device.bd_plunger : Eject successful
2025-11-05 22:54:09,998 : INFO : EventManager : Event: ======'balldevice_bd_plunger_ball_eject_success'====== Args={'balls': 1, 'target': <playfield.playfield>}
2025-11-05 22:54:09,998 : INFO : EventManager : Event: ======'balldevice_playfield_ball_enter'====== Args={'new_balls': 1, 'unclaimed_balls': 1, 'device': <playfield.playfield>}
2025-11-05 22:54:09,999 : INFO : EventManager : Event: ======'playfield_ball_count_change'====== Args={'balls': 1, 'change': 1}
2025-11-05 22:54:10,000 : INFO : EventManager : Event: ======'balldevice_bd_plunger_ball_count_changed'====== Args={'balls': 0}
2025-11-05 22:54:10,000 : INFO : ball_device.bd_plunger : State: idle
2025-11-05 22:54:12,120 : INFO : SwitchController : <<<<<<< 's_left_inlane1' active >>>>>>>
2025-11-05 22:54:12,120 : INFO : EventManager : Event: ======'s_left_inlane1_active'====== Args={}
2025-11-05 22:54:12,120 : INFO : EventManager : Event: ======'sw_playfield_active'====== Args={}
2025-11-05 22:54:12,121 : INFO : EventManager : Event: ======'machine_var_audits_switches_s_left_inlane1'====== Args={'value': 127, 'prev_value': 126, 'change': 1}
2025-11-05 22:54:12,121 : INFO : EventManager : Event: ======'player_shot_c_shot'====== Args={'value': 1, 'prev_value': 0, 'change': 1, 'player_num': 1}
2025-11-05 22:54:12,128 : INFO : EventManager : Event: ======'machine_var_audits_shots_c_shot'====== Args={'value': 117, 'prev_value': 116, 'change': 1}
2025-11-05 22:54:12,128 : INFO : EventManager : Event: ======'c_shot_hit'====== Args={'profile': 'csi_shot_profile', 'state': 'unlit', 'advancing': True}
2025-11-05 22:54:12,128 : INFO : EventManager : Event: ======'c_shot_csi_shot_profile_hit'====== Args={'profile': 'csi_shot_profile', 'state': 'unlit', 'advancing': True}
2025-11-05 22:54:12,128 : INFO : EventManager : Event: ======'c_shot_csi_shot_profile_unlit_hit'====== Args={'profile': 'csi_shot_profile', 'state': 'unlit', 'advancing': True}
2025-11-05 22:54:12,129 : INFO : EventManager : Event: ======'c_shot_unlit_hit'====== Args={'profile': 'csi_shot_profile', 'state': 'unlit', 'advancing': True}
2025-11-05 22:54:12,129 : INFO : EventManager : Event: ======'csi_shots_hit'====== Args={'shot': 'c_shot'}
2025-11-05 22:54:12,129 : INFO : EventManager : Event: ======'csi_shots_unlit_hit'====== Args={'shot': 'c_shot'}
2025-11-05 22:54:12,129 : INFO : EventManager : Event: ======'player_score'====== Args={'value': 1000, 'prev_value': 0, 'change': 1000, 'player_num': 1, 'source': 'csi_lanes'}
2025-11-05 22:54:12,269 : INFO : SwitchController : <<<<<<< 's_left_inlane1' inactive >>>>>>>
2025-11-05 22:54:12,987 : INFO : SwitchController : <<<<<<< 's_left_inlane2' active >>>>>>>
2025-11-05 22:54:12,988 : INFO : EventManager : Event: ======'s_left_inlane2_active'====== Args={}
2025-11-05 22:54:12,988 : INFO : EventManager : Event: ======'sw_playfield_active'====== Args={}
2025-11-05 22:54:12,988 : INFO : EventManager : Event: ======'machine_var_audits_switches_s_left_inlane2'====== Args={'value': 115, 'prev_value': 114, 'change': 1}
2025-11-05 22:54:12,989 : INFO : EventManager : Event: ======'player_shot_s_shot'====== Args={'value': 1, 'prev_value': 0, 'change': 1, 'player_num': 1}
2025-11-05 22:54:12,990 : INFO : EventManager : Event: ======'machine_var_audits_shots_s_shot'====== Args={'value': 108, 'prev_value': 107, 'change': 1}
2025-11-05 22:54:12,990 : INFO : EventManager : Event: ======'s_shot_hit'====== Args={'profile': 'csi_shot_profile', 'state': 'unlit', 'advancing': True}
2025-11-05 22:54:12,990 : INFO : EventManager : Event: ======'s_shot_csi_shot_profile_hit'====== Args={'profile': 'csi_shot_profile', 'state': 'unlit', 'advancing': True}
2025-11-05 22:54:12,990 : INFO : EventManager : Event: ======'s_shot_csi_shot_profile_unlit_hit'====== Args={'profile': 'csi_shot_profile', 'state': 'unlit', 'advancing': True}
2025-11-05 22:54:12,990 : INFO : EventManager : Event: ======'s_shot_unlit_hit'====== Args={'profile': 'csi_shot_profile', 'state': 'unlit', 'advancing': True}
2025-11-05 22:54:12,991 : INFO : EventManager : Event: ======'csi_shots_hit'====== Args={'shot': 's_shot'}
2025-11-05 22:54:12,991 : INFO : EventManager : Event: ======'csi_shots_unlit_hit'====== Args={'shot': 's_shot'}
2025-11-05 22:54:12,991 : INFO : EventManager : Event: ======'player_score'====== Args={'value': 2000, 'prev_value': 1000, 'change': 1000, 'player_num': 1, 'source': 'csi_lanes'}
2025-11-05 22:54:13,119 : INFO : SwitchController : <<<<<<< 's_left_inlane2' inactive >>>>>>>
2025-11-05 22:54:14,320 : INFO : SwitchController : <<<<<<< 's_right_inlane' active >>>>>>>
2025-11-05 22:54:14,321 : INFO : EventManager : Event: ======'s_right_inlane_active'====== Args={}
2025-11-05 22:54:14,321 : INFO : EventManager : Event: ======'sw_playfield_active'====== Args={}
2025-11-05 22:54:14,322 : INFO : EventManager : Event: ======'machine_var_audits_switches_s_right_inlane'====== Args={'value': 101, 'prev_value': 100, 'change': 1}
2025-11-05 22:54:14,322 : INFO : EventManager : Event: ======'player_shot_i_shot'====== Args={'value': 1, 'prev_value': 0, 'change': 1, 'player_num': 1}
2025-11-05 22:54:14,328 : INFO : EventManager : Event: ======'machine_var_audits_shots_i_shot'====== Args={'value': 95, 'prev_value': 94, 'change': 1}
2025-11-05 22:54:14,329 : INFO : EventManager : Event: ======'i_shot_hit'====== Args={'profile': 'csi_shot_profile', 'state': 'unlit', 'advancing': True}
2025-11-05 22:54:14,329 : INFO : EventManager : Event: ======'i_shot_csi_shot_profile_hit'====== Args={'profile': 'csi_shot_profile', 'state': 'unlit', 'advancing': True}
2025-11-05 22:54:14,329 : INFO : EventManager : Event: ======'i_shot_csi_shot_profile_unlit_hit'====== Args={'profile': 'csi_shot_profile', 'state': 'unlit', 'advancing': True}
2025-11-05 22:54:14,330 : INFO : EventManager : Event: ======'i_shot_unlit_hit'====== Args={'profile': 'csi_shot_profile', 'state': 'unlit', 'advancing': True}
2025-11-05 22:54:14,330 : INFO : EventManager : Event: ======'csi_shots_complete'====== Args={'state': 'lit'}
2025-11-05 22:54:14,330 : INFO : EventManager : Event: ======'csi_shots_lit_complete'====== Args={}
2025-11-05 22:54:14,330 : INFO : EventManager : Event: ======'logicblock_csi_lanes_validated_updated'====== Args={'value': 1, 'enabled': True}
2025-11-05 22:54:14,330 : INFO : EventManager : Event: ======'logicblock_csi_lanes_validated_hit'====== Args={'step': 1}
2025-11-05 22:54:14,331 : INFO : EventManager : Event: ======'csi_shots_hit'====== Args={'shot': 'i_shot'}
2025-11-05 22:54:14,331 : INFO : EventManager : Event: ======'csi_shots_unlit_hit'====== Args={'shot': 'i_shot'}
2025-11-05 22:54:14,331 : INFO : EventManager : Event: ======'player_score'====== Args={'value': 3000, 'prev_value': 2000, 'change': 1000, 'player_num': 1, 'source': 'csi_lanes'}
2025-11-05 22:54:14,453 : INFO : SwitchController : <<<<<<< 's_right_inlane' inactive >>>>>>>
2025-11-05 22:54:16,104 : INFO : SwitchController : <<<<<<< 's_scoop' active >>>>>>>
2025-11-05 22:54:16,104 : INFO : EventManager : Event: ======'s_scoop_active'====== Args={}
2025-11-05 22:54:16,105 : INFO : EventManager : Event: ======'machine_var_audits_switches_s_scoop'====== Args={'value': 375, 'prev_value': 374, 'change': 1}
2025-11-05 22:54:16,105 : INFO : EventManager : Event: ======'logicblock_csi_lanes_validated_updated'====== Args={'value': 2, 'enabled': True}
2025-11-05 22:54:16,106 : INFO : EventManager : Event: ======'logicblock_csi_lanes_validated_hit'====== Args={'step': 2}
2025-11-05 22:54:16,106 : INFO : EventManager : Event: ======'csi_done'====== Args={}
2025-11-05 22:54:16,106 : INFO : EventManager : Event: ======'logicblock_csi_lanes_validated_updated'====== Args={'value': 0, 'enabled': True}
2025-11-05 22:54:16,107 : INFO : EventManager : Event: ======'player_score'====== Args={'value': 103000, 'prev_value': 3000, 'change': 100000, 'player_num': 1, 'source': 'csi_lanes'}
2025-11-05 22:54:16,107 : INFO : EventManager : Event: ======'player_multiplier'====== Args={'value': 2, 'prev_value': 1, 'change': 1, 'player_num': 1, 'source': 'csi_lanes'}
2025-11-05 22:54:16,108 : INFO : EventManager : Event: ======'player_csi_lanes_csi_lanes_timer_tick'====== Args={'value': 0, 'prev_value': 1, 'change': -1, 'player_num': 1}
2025-11-05 22:54:16,108 : INFO : Timer.csi_lanes_timer : Starting Timer.
2025-11-05 22:54:16,108 : INFO : EventManager : Event: ======'timer_csi_lanes_timer_started'====== Args={'ticks': 0, 'ticks_remaining': 1}
2025-11-05 22:54:16,108 : INFO : EventManager : Event: ======'timer_csi_lanes_timer_tick'====== Args={'ticks': 0, 'ticks_remaining': 1}
2025-11-05 22:54:16,141 : INFO : EventManager : Event: ======'widget_csi_lanes_widget_active'====== Args={'original_context': 'csi_lanes', 'original_calling_context': 'csi_done', 'priority': 200.0, 'cmd': 'widgets_play', '_from_bcp': True}
2025-11-05 22:54:16,235 : INFO : SwitchController : <<<<<<< 's_scoop' inactive >>>>>>>
2025-11-05 22:54:16,808 : INFO : EventManager : Event: ======'player_csi_lanes_csi_lanes_timer_tick'====== Args={'value': 1, 'prev_value': 0, 'change': 1, 'player_num': 1}
2025-11-05 22:54:16,809 : INFO : Timer.csi_lanes_timer : Timer Complete
2025-11-05 22:54:16,809 : INFO : Timer.csi_lanes_timer : Stopping Timer
2025-11-05 22:54:16,810 : INFO : EventManager : Event: ======'timer_csi_lanes_timer_stopped'====== Args={'ticks': 1, 'ticks_remaining': 1}
2025-11-05 22:54:16,810 : INFO : EventManager : Event: ======'timer_csi_lanes_timer_complete'====== Args={'ticks': 1, 'ticks_remaining': 1}
2025-11-05 22:54:16,850 : INFO : EventManager : Event: ======'widget_csi_lanes_widget_removed'====== Args={'_from_bcp': True}
2025-11-05 22:54:17,109 : INFO : EventManager : Event: ======'player_shot_c_shot'====== Args={'value': 0, 'prev_value': 1, 'change': -1, 'player_num': 1}
2025-11-05 22:54:17,110 : INFO : EventManager : Event: ======'player_shot_s_shot'====== Args={'value': 0, 'prev_value': 1, 'change': -1, 'player_num': 1}
2025-11-05 22:54:17,111 : INFO : EventManager : Event: ======'player_shot_i_shot'====== Args={'value': 0, 'prev_value': 1, 'change': -1, 'player_num': 1}
2025-11-05 22:54:17,111 : INFO : EventManager : Event: ======'csi_shots_complete'====== Args={'state': 'unlit'}
2025-11-05 22:54:17,112 : INFO : EventManager : Event: ======'csi_shots_unlit_complete'====== Args={}
2025-11-05 22:54:18,590 : INFO : SwitchController : <<<<<<< 's_left_inlane1' active >>>>>>>
2025-11-05 22:54:18,590 : INFO : EventManager : Event: ======'s_left_inlane1_active'====== Args={}
2025-11-05 22:54:18,591 : INFO : EventManager : Event: ======'sw_playfield_active'====== Args={}
2025-11-05 22:54:18,591 : INFO : EventManager : Event: ======'machine_var_audits_switches_s_left_inlane1'====== Args={'value': 128, 'prev_value': 127, 'change': 1}
2025-11-05 22:54:18,591 : INFO : EventManager : Event: ======'player_shot_c_shot'====== Args={'value': 1, 'prev_value': 0, 'change': 1, 'player_num': 1}
2025-11-05 22:54:18,597 : INFO : EventManager : Event: ======'machine_var_audits_shots_c_shot'====== Args={'value': 118, 'prev_value': 117, 'change': 1}
2025-11-05 22:54:18,597 : INFO : EventManager : Event: ======'c_shot_hit'====== Args={'profile': 'csi_shot_profile', 'state': 'unlit', 'advancing': True}
2025-11-05 22:54:18,597 : INFO : EventManager : Event: ======'c_shot_csi_shot_profile_hit'====== Args={'profile': 'csi_shot_profile', 'state': 'unlit', 'advancing': True}
2025-11-05 22:54:18,598 : INFO : EventManager : Event: ======'c_shot_csi_shot_profile_unlit_hit'====== Args={'profile': 'csi_shot_profile', 'state': 'unlit', 'advancing': True}
2025-11-05 22:54:18,598 : INFO : EventManager : Event: ======'c_shot_unlit_hit'====== Args={'profile': 'csi_shot_profile', 'state': 'unlit', 'advancing': True}
2025-11-05 22:54:18,598 : INFO : EventManager : Event: ======'csi_shots_hit'====== Args={'shot': 'c_shot'}
2025-11-05 22:54:18,598 : INFO : EventManager : Event: ======'csi_shots_unlit_hit'====== Args={'shot': 'c_shot'}
2025-11-05 22:54:18,599 : INFO : EventManager : Event: ======'player_score'====== Args={'value': 105000, 'prev_value': 103000, 'change': 2000, 'player_num': 1, 'source': 'csi_lanes'}
2025-11-05 22:54:18,703 : INFO : SwitchController : <<<<<<< 's_left_inlane1' inactive >>>>>>>
2025-11-05 22:54:19,553 : INFO : SwitchController : <<<<<<< 's_left_inlane2' active >>>>>>>
2025-11-05 22:54:19,554 : INFO : EventManager : Event: ======'s_left_inlane2_active'====== Args={}
2025-11-05 22:54:19,554 : INFO : EventManager : Event: ======'sw_playfield_active'====== Args={}
2025-11-05 22:54:19,554 : INFO : EventManager : Event: ======'machine_var_audits_switches_s_left_inlane2'====== Args={'value': 116, 'prev_value': 115, 'change': 1}
2025-11-05 22:54:19,555 : INFO : EventManager : Event: ======'player_shot_s_shot'====== Args={'value': 1, 'prev_value': 0, 'change': 1, 'player_num': 1}
2025-11-05 22:54:19,555 : INFO : EventManager : Event: ======'machine_var_audits_shots_s_shot'====== Args={'value': 109, 'prev_value': 108, 'change': 1}
2025-11-05 22:54:19,556 : INFO : EventManager : Event: ======'s_shot_hit'====== Args={'profile': 'csi_shot_profile', 'state': 'unlit', 'advancing': True}
2025-11-05 22:54:19,556 : INFO : EventManager : Event: ======'s_shot_csi_shot_profile_hit'====== Args={'profile': 'csi_shot_profile', 'state': 'unlit', 'advancing': True}
2025-11-05 22:54:19,556 : INFO : EventManager : Event: ======'s_shot_csi_shot_profile_unlit_hit'====== Args={'profile': 'csi_shot_profile', 'state': 'unlit', 'advancing': True}
2025-11-05 22:54:19,556 : INFO : EventManager : Event: ======'s_shot_unlit_hit'====== Args={'profile': 'csi_shot_profile', 'state': 'unlit', 'advancing': True}
2025-11-05 22:54:19,556 : INFO : EventManager : Event: ======'csi_shots_hit'====== Args={'shot': 's_shot'}
2025-11-05 22:54:19,557 : INFO : EventManager : Event: ======'csi_shots_unlit_hit'====== Args={'shot': 's_shot'}
2025-11-05 22:54:19,557 : INFO : EventManager : Event: ======'player_score'====== Args={'value': 107000, 'prev_value': 105000, 'change': 2000, 'player_num': 1, 'source': 'csi_lanes'}
2025-11-05 22:54:19,686 : INFO : SwitchController : <<<<<<< 's_left_inlane2' inactive >>>>>>>
2025-11-05 22:54:21,054 : INFO : SwitchController : <<<<<<< 's_right_inlane' active >>>>>>>
2025-11-05 22:54:21,054 : INFO : EventManager : Event: ======'s_right_inlane_active'====== Args={}
2025-11-05 22:54:21,054 : INFO : EventManager : Event: ======'sw_playfield_active'====== Args={}
2025-11-05 22:54:21,055 : INFO : EventManager : Event: ======'machine_var_audits_switches_s_right_inlane'====== Args={'value': 102, 'prev_value': 101, 'change': 1}
2025-11-05 22:54:21,055 : INFO : EventManager : Event: ======'player_shot_i_shot'====== Args={'value': 1, 'prev_value': 0, 'change': 1, 'player_num': 1}
2025-11-05 22:54:21,056 : INFO : EventManager : Event: ======'machine_var_audits_shots_i_shot'====== Args={'value': 96, 'prev_value': 95, 'change': 1}
2025-11-05 22:54:21,062 : INFO : EventManager : Event: ======'i_shot_hit'====== Args={'profile': 'csi_shot_profile', 'state': 'unlit', 'advancing': True}
2025-11-05 22:54:21,062 : INFO : EventManager : Event: ======'i_shot_csi_shot_profile_hit'====== Args={'profile': 'csi_shot_profile', 'state': 'unlit', 'advancing': True}
2025-11-05 22:54:21,062 : INFO : EventManager : Event: ======'i_shot_csi_shot_profile_unlit_hit'====== Args={'profile': 'csi_shot_profile', 'state': 'unlit', 'advancing': True}
2025-11-05 22:54:21,062 : INFO : EventManager : Event: ======'i_shot_unlit_hit'====== Args={'profile': 'csi_shot_profile', 'state': 'unlit', 'advancing': True}
2025-11-05 22:54:21,063 : INFO : EventManager : Event: ======'csi_shots_complete'====== Args={'state': 'lit'}
2025-11-05 22:54:21,063 : INFO : EventManager : Event: ======'csi_shots_lit_complete'====== Args={}
2025-11-05 22:54:21,063 : INFO : EventManager : Event: ======'logicblock_csi_lanes_validated_updated'====== Args={'value': 1, 'enabled': True}
2025-11-05 22:54:21,063 : INFO : EventManager : Event: ======'logicblock_csi_lanes_validated_hit'====== Args={'step': 1}
2025-11-05 22:54:21,064 : INFO : EventManager : Event: ======'csi_shots_hit'====== Args={'shot': 'i_shot'}
2025-11-05 22:54:21,064 : INFO : EventManager : Event: ======'csi_shots_unlit_hit'====== Args={'shot': 'i_shot'}
2025-11-05 22:54:21,064 : INFO : EventManager : Event: ======'player_score'====== Args={'value': 109000, 'prev_value': 107000, 'change': 2000, 'player_num': 1, 'source': 'csi_lanes'}
2025-11-05 22:54:21,168 : INFO : SwitchController : <<<<<<< 's_right_inlane' inactive >>>>>>>
2025-11-05 22:54:22,654 : INFO : SwitchController : <<<<<<< 's_scoop' active >>>>>>>
2025-11-05 22:54:22,654 : INFO : EventManager : Event: ======'s_scoop_active'====== Args={}
2025-11-05 22:54:22,654 : INFO : EventManager : Event: ======'machine_var_audits_switches_s_scoop'====== Args={'value': 376, 'prev_value': 375, 'change': 1}
2025-11-05 22:54:22,655 : INFO : EventManager : Event: ======'logicblock_csi_lanes_validated_updated'====== Args={'value': 2, 'enabled': True}
2025-11-05 22:54:22,655 : INFO : EventManager : Event: ======'logicblock_csi_lanes_validated_hit'====== Args={'step': 2}
2025-11-05 22:54:22,655 : INFO : EventManager : Event: ======'csi_done'====== Args={}
2025-11-05 22:54:22,656 : INFO : EventManager : Event: ======'logicblock_csi_lanes_validated_updated'====== Args={'value': 0, 'enabled': True}
2025-11-05 22:54:22,656 : INFO : EventManager : Event: ======'player_score'====== Args={'value': 309000, 'prev_value': 109000, 'change': 200000, 'player_num': 1, 'source': 'csi_lanes'}
2025-11-05 22:54:22,656 : INFO : EventManager : Event: ======'player_multiplier'====== Args={'value': 3, 'prev_value': 2, 'change': 1, 'player_num': 1, 'source': 'csi_lanes'}
2025-11-05 22:54:22,657 : INFO : EventManager : Event: ======'player_csi_lanes_csi_lanes_timer_tick'====== Args={'value': 0, 'prev_value': 1, 'change': -1, 'player_num': 1}
2025-11-05 22:54:22,657 : INFO : Timer.csi_lanes_timer : Starting Timer.
2025-11-05 22:54:22,657 : INFO : EventManager : Event: ======'timer_csi_lanes_timer_started'====== Args={'ticks': 0, 'ticks_remaining': 1}
2025-11-05 22:54:22,657 : INFO : EventManager : Event: ======'timer_csi_lanes_timer_tick'====== Args={'ticks': 0, 'ticks_remaining': 1}
2025-11-05 22:54:22,685 : INFO : EventManager : Event: ======'widget_csi_lanes_widget_active'====== Args={'original_context': 'csi_lanes', 'original_calling_context': 'csi_done', 'priority': 200.0, 'cmd': 'widgets_play', '_from_bcp': True}
2025-11-05 22:54:22,785 : INFO : SwitchController : <<<<<<< 's_scoop' inactive >>>>>>>
2025-11-05 22:54:23,357 : INFO : EventManager : Event: ======'player_csi_lanes_csi_lanes_timer_tick'====== Args={'value': 1, 'prev_value': 0, 'change': 1, 'player_num': 1}
2025-11-05 22:54:23,358 : INFO : Timer.csi_lanes_timer : Timer Complete
2025-11-05 22:54:23,359 : INFO : Timer.csi_lanes_timer : Stopping Timer
2025-11-05 22:54:23,359 : INFO : EventManager : Event: ======'timer_csi_lanes_timer_stopped'====== Args={'ticks': 1, 'ticks_remaining': 1}
2025-11-05 22:54:23,359 : INFO : EventManager : Event: ======'timer_csi_lanes_timer_complete'====== Args={'ticks': 1, 'ticks_remaining': 1}
2025-11-05 22:54:23,366 : INFO : EventManager : Event: ======'widget_csi_lanes_widget_removed'====== Args={'_from_bcp': True}
2025-11-05 22:54:23,658 : INFO : EventManager : Event: ======'player_shot_c_shot'====== Args={'value': 0, 'prev_value': 1, 'change': -1, 'player_num': 1}
2025-11-05 22:54:23,659 : INFO : EventManager : Event: ======'player_shot_s_shot'====== Args={'value': 0, 'prev_value': 1, 'change': -1, 'player_num': 1}
2025-11-05 22:54:23,660 : INFO : EventManager : Event: ======'player_shot_i_shot'====== Args={'value': 0, 'prev_value': 1, 'change': -1, 'player_num': 1}
2025-11-05 22:54:23,661 : INFO : EventManager : Event: ======'csi_shots_complete'====== Args={'state': 'unlit'}
2025-11-05 22:54:23,661 : INFO : EventManager : Event: ======'csi_shots_unlit_complete'====== Args={}
2025-11-05 23:02:48,952 : INFO : SwitchController : <<<<<<< 's_left_flipper' active >>>>>>>
2025-11-05 23:02:48,952 : INFO : EventManager : Event: ======'s_left_flipper_active'====== Args={}
2025-11-05 23:02:48,953 : INFO : EventManager : Event: ======'machine_var_audits_switches_s_left_flipper'====== Args={'value': 357, 'prev_value': 356, 'change': 1}
2025-11-05 23:02:49,068 : INFO : SwitchController : <<<<<<< 's_left_flipper' inactive >>>>>>>
2025-11-05 23:02:49,520 : INFO : SwitchController : <<<<<<< 's_left_flipper' active >>>>>>>
2025-11-05 23:02:49,520 : INFO : EventManager : Event: ======'s_left_flipper_active'====== Args={}
2025-11-05 23:02:49,520 : INFO : EventManager : Event: ======'machine_var_audits_switches_s_left_flipper'====== Args={'value': 358, 'prev_value': 357, 'change': 1}
2025-11-05 23:02:49,635 : INFO : SwitchController : <<<<<<< 's_left_flipper' inactive >>>>>>>
2025-11-05 23:02:49,786 : INFO : SwitchController : <<<<<<< 's_left_flipper' active >>>>>>>
2025-11-05 23:02:49,786 : INFO : EventManager : Event: ======'s_left_flipper_active'====== Args={}
2025-11-05 23:02:49,786 : INFO : EventManager : Event: ======'machine_var_audits_switches_s_left_flipper'====== Args={'value': 359, 'prev_value': 358, 'change': 1}
2025-11-05 23:02:49,918 : INFO : SwitchController : <<<<<<< 's_left_flipper' inactive >>>>>>>
2025-11-05 23:02:50,087 : INFO : SwitchController : <<<<<<< 's_left_flipper' active >>>>>>>
2025-11-05 23:02:50,088 : INFO : EventManager : Event: ======'s_left_flipper_active'====== Args={}
2025-11-05 23:02:50,088 : INFO : EventManager : Event: ======'machine_var_audits_switches_s_left_flipper'====== Args={'value': 360, 'prev_value': 359, 'change': 1}
2025-11-05 23:02:50,162 : INFO : SwitchController : <<<<<<< 's_left_flipper' inactive >>>>>>>
2025-11-05 23:02:50,285 : INFO : SwitchController : <<<<<<< 's_left_flipper' active >>>>>>>
2025-11-05 23:02:50,285 : INFO : EventManager : Event: ======'s_left_flipper_active'====== Args={}
2025-11-05 23:02:50,285 : INFO : EventManager : Event: ======'machine_var_audits_switches_s_left_flipper'====== Args={'value': 361, 'prev_value': 360, 'change': 1}
2025-11-05 23:02:50,385 : INFO : SwitchController : <<<<<<< 's_left_flipper' inactive >>>>>>>
2025-11-05 23:02:50,553 : INFO : SwitchController : <<<<<<< 's_left_flipper' active >>>>>>>
2025-11-05 23:02:50,553 : INFO : EventManager : Event: ======'s_left_flipper_active'====== Args={}
2025-11-05 23:02:50,554 : INFO : EventManager : Event: ======'machine_var_audits_switches_s_left_flipper'====== Args={'value': 362, 'prev_value': 361, 'change': 1}
2025-11-05 23:02:53,554 : INFO : EventManager : Event: ======'flipper_cradle'====== Args={}
2025-11-05 23:02:56,520 : INFO : Machine : Shutting down...
2025-11-05 23:02:56,520 : INFO : EventManager : Event: ======'shutdown'====== Args={}
2025-11-05 23:02:56,522 : INFO : EventManager : Event: ======'mode_game_will_stop'====== Args={}
2025-11-05 23:02:56,522 : INFO : EventManager : Event: ======'mode_game_stopping'====== Args={}
2025-11-05 23:02:56,523 : INFO : EventManager : Event: ======'mode_bumpers_will_stop'====== Args={}
2025-11-05 23:02:56,523 : INFO : EventManager : Event: ======'mode_bumpers_stopping'====== Args={}
2025-11-05 23:02:56,523 : INFO : EventManager : Event: ======'mode_csi_lanes_will_stop'====== Args={}
2025-11-05 23:02:56,523 : INFO : EventManager : Event: ======'mode_csi_lanes_stopping'====== Args={}
2025-11-05 23:02:56,523 : INFO : EventManager : Event: ======'mode_base_will_stop'====== Args={}
2025-11-05 23:02:56,523 : INFO : EventManager : Event: ======'mode_base_stopping'====== Args={}
2025-11-05 23:02:56,523 : INFO : EventManager : Event: ======'stop_mode_bumpers'====== Args={'priority': 0}
2025-11-05 23:02:56,524 : INFO : EventManager : Event: ======'stop_mode_csi_lanes'====== Args={'priority': 0}
2025-11-05 23:02:56,524 : INFO : Mode.base : Stopped.
2025-11-05 23:02:56,524 : INFO : EventManager : Event: ======'modes_active_modes_changed'====== Args={}
2025-11-05 23:02:56,524 : INFO : EventManager : Event: ======'mode_base_stopped'====== Args={}
2025-11-05 23:02:56,524 : INFO : EventManager : Event: ======'clear'====== Args={'key': 'base'}
2025-11-05 23:02:56,524 : INFO : Timer.player_added_timer : Stopping Timer
2025-11-05 23:02:56,524 : INFO : EventManager : Event: ======'timer_player_added_timer_stopped'====== Args={'ticks': 1, 'ticks_remaining': 1}
2025-11-05 23:02:56,524 : INFO : Mode.csi_lanes : Stopped.
2025-11-05 23:02:56,524 : INFO : EventManager : Event: ======'modes_active_modes_changed'====== Args={}
2025-11-05 23:02:56,524 : INFO : EventManager : Event: ======'mode_csi_lanes_stopped'====== Args={}
2025-11-05 23:02:56,524 : INFO : EventManager : Event: ======'clear'====== Args={'key': 'csi_lanes'}
2025-11-05 23:02:56,525 : INFO : Timer.csi_lanes_timer : Stopping Timer
2025-11-05 23:02:56,525 : INFO : EventManager : Event: ======'timer_csi_lanes_timer_stopped'====== Args={'ticks': 1, 'ticks_remaining': 1}
2025-11-05 23:02:56,525 : INFO : Mode.bumpers : Stopped.
2025-11-05 23:02:56,525 : INFO : EventManager : Event: ======'modes_active_modes_changed'====== Args={}
2025-11-05 23:02:56,525 : INFO : EventManager : Event: ======'mode_bumpers_stopped'====== Args={}
2025-11-05 23:02:56,525 : INFO : EventManager : Event: ======'clear'====== Args={'key': 'bumpers'}
2025-11-05 23:02:56,526 : INFO : Mode.game : Stopped.
2025-11-05 23:02:56,526 : INFO : EventManager : Event: ======'modes_active_modes_changed'====== Args={}
2025-11-05 23:02:56,526 : INFO : EventManager : Event: ======'mode_game_stopped'====== Args={}
2025-11-05 23:02:56,526 : INFO : EventManager : Event: ======'clear'====== Args={'key': 'game'}
2025-11-05 23:02:56,530 : INFO : root : MPF run loop ended.
