2025-11-09 12:10:52,154 : INFO : root : Loading config.
2025-11-09 12:10:52,155 : INFO : YamlMultifileConfigLoader : Machine config file #1: config.yaml
2025-11-09 12:10:52,155 : INFO : ConfigProcessor : Loading config from cache: /var/folders/m3/0d4y64_n3fn8tnkv3ydlhztw0000gn/T/5ca32a6c950d03116abbed96ca44d372.mpf_cache
2025-11-09 12:10:52,179 : INFO : ConfigProcessor : Loading config from cache: /var/folders/m3/0d4y64_n3fn8tnkv3ydlhztw0000gn/T/01c495fa7450a81b4be96cb699872531.mpf_cache
2025-11-09 12:10:52,179 : INFO : ConfigProcessor : Loading config from cache: /var/folders/m3/0d4y64_n3fn8tnkv3ydlhztw0000gn/T/bfde29b5bb803376b0637bb8f0da27a7.mpf_cache
2025-11-09 12:10:52,179 : INFO : ConfigProcessor : Loading config from cache: /var/folders/m3/0d4y64_n3fn8tnkv3ydlhztw0000gn/T/01c495fa7450a81b4be96cb699872531.mpf_cache
2025-11-09 12:10:52,180 : INFO : ConfigProcessor : Loading config from cache: /var/folders/m3/0d4y64_n3fn8tnkv3ydlhztw0000gn/T/3ae89e09515ff8d8b11d68f672b2cc51.mpf_cache
2025-11-09 12:10:52,180 : INFO : ConfigProcessor : Loading config from cache: /var/folders/m3/0d4y64_n3fn8tnkv3ydlhztw0000gn/T/4c420229fa75118c2461cfc9ff5a44e2.mpf_cache
2025-11-09 12:10:52,180 : INFO : ConfigProcessor : Loading config from cache: /var/folders/m3/0d4y64_n3fn8tnkv3ydlhztw0000gn/T/f5ee6852f1764324c8553249cc53c871.mpf_cache
2025-11-09 12:10:52,180 : WARNING : ConfigProcessor : Config file in cache changed: /Users/didiergilbin/Desktop/Homebrew_CSI/modes/skull/config/skull.yaml
2025-11-09 12:10:52,180 : INFO : ConfigProcessor : Loading config from file /Users/didiergilbin/Desktop/Homebrew_CSI/modes/skull/config/skull.yaml.
2025-11-09 12:10:52,182 : INFO : ConfigProcessor : Loading config: /Users/didiergilbin/Desktop/Homebrew_CSI/modes/skull/config/skull.yaml
2025-11-09 12:10:52,182 : INFO : ConfigProcessor : Config file cache created: /var/folders/m3/0d4y64_n3fn8tnkv3ydlhztw0000gn/T/73ac54cb7a83dfa5473900e439743a84.mpf_cache
2025-11-09 12:10:52,182 : INFO : ConfigProcessor : Loading config from cache: /var/folders/m3/0d4y64_n3fn8tnkv3ydlhztw0000gn/T/97c87487bc6ae826da86d36a6e042c78.mpf_cache
2025-11-09 12:10:52,182 : INFO : Machine : Mission Pinball Framework Core Engine v0.80.0.dev10
2025-11-09 12:10:52,182 : INFO : Machine : Command line arguments: {'no_load_cache': False, 'create_config_cache': True, 'bcp': True, 'configfile': ['config.yaml'], 'force_assets_load': False, 'platform_integration_test': False, 'jsonlogging': False, 'logfile': 'logs/2025-11-09-12-10-52-mpf-mac.home.log', 'pause': False, 'production': False, 'text_ui': False, 'loglevel': 15, 'consoleloglevel': 20, 'force_platform': 'smart_virtual', 'syslog_address': None, 'full_logfile_path': '/Users/didiergilbin/Desktop/Homebrew_CSI/logs/2025-11-09-12-10-52-mpf-mac.home.log'}
2025-11-09 12:10:52,182 : INFO : Machine : MPF path: /Users/didiergilbin/mpfenv/lib/python3.13/site-packages/mpf
2025-11-09 12:10:52,182 : INFO : Machine : Machine path: /Users/didiergilbin/Desktop/Homebrew_CSI
2025-11-09 12:10:52,182 : INFO : Machine : Platform: darwin
2025-11-09 12:10:52,182 : INFO : Machine : Python executable location: /Users/didiergilbin/mpfenv/bin/python3.13
2025-11-09 12:10:52,182 : INFO : Machine : Python version: 3.13.7 (64-bit)
2025-11-09 12:10:52,183 : INFO : Machine : Initializing MPF...
2025-11-09 12:10:52,205 : INFO : EventManager : Event: ======'machine_var_credits_string'====== Args={'value': 'FREE PLAY', 'prev_value': None, 'change': True}
2025-11-09 12:10:52,210 : INFO : EventManager : Event: ======'machine_var_master_volume'====== Args={'value': 0.5, 'prev_value': None, 'change': True}
2025-11-09 12:10:52,210 : INFO : EventManager : Event: ======'machine_var_player1_score'====== Args={'value': 368000, 'prev_value': None, 'change': True}
2025-11-09 12:10:52,210 : INFO : EventManager : Event: ======'machine_var_player2_score'====== Args={'value': 24000, 'prev_value': None, 'change': True}
2025-11-09 12:10:52,210 : INFO : EventManager : Event: ======'machine_var_player3_score'====== Args={'value': 21000, 'prev_value': None, 'change': True}
2025-11-09 12:10:52,210 : INFO : EventManager : Event: ======'machine_var_player4_score'====== Args={'value': 0, 'prev_value': None, 'change': True}
2025-11-09 12:10:52,210 : INFO : EventManager : Event: ======'machine_var_mpf_version'====== Args={'value': 'Mission Pinball Framework v0.80.0.dev10', 'prev_value': None, 'change': True}
2025-11-09 12:10:52,210 : INFO : EventManager : Event: ======'machine_var_mpf_extended_version'====== Args={'value': 'Mission Pinball Framework v0.80.0.dev10, Config version:6, Show version: 6, BCP version:1.1', 'prev_value': None, 'change': True}
2025-11-09 12:10:52,210 : INFO : EventManager : Event: ======'machine_var_python_version'====== Args={'value': '3.13.7', 'prev_value': None, 'change': True}
2025-11-09 12:10:52,217 : INFO : EventManager : Event: ======'machine_var_platform'====== Args={'value': 'macOS-15.6.1-arm64-arm-64bit-Mach-O', 'prev_value': None, 'change': True}
2025-11-09 12:10:52,217 : INFO : EventManager : Event: ======'machine_var_platform_system'====== Args={'value': 'Darwin', 'prev_value': None, 'change': True}
2025-11-09 12:10:52,217 : INFO : EventManager : Event: ======'machine_var_platform_release'====== Args={'value': '24.6.0', 'prev_value': None, 'change': True}
2025-11-09 12:10:52,217 : INFO : EventManager : Event: ======'machine_var_platform_version'====== Args={'value': 'Darwin Kernel Version 24.6.0: Mon Jul 14 11:30:40 PDT 2025; root:xnu-11417.140.69~1/RELEASE_ARM64_T8132', 'prev_value': None, 'change': True}
2025-11-09 12:10:52,217 : INFO : EventManager : Event: ======'machine_var_platform_machine'====== Args={'value': 'arm64', 'prev_value': None, 'change': True}
2025-11-09 12:10:52,217 : INFO : EventManager : Event: ======'machine_var_log_file_path'====== Args={'value': '/Users/didiergilbin/Desktop/Homebrew_CSI/logs/2025-11-09-12-10-52-mpf-mac.home.log', 'prev_value': None, 'change': True}
2025-11-09 12:10:52,217 : INFO : EventManager : Event: ======'init_phase_1'====== Args={}
2025-11-09 12:10:52,225 : INFO : EventManager : Event: ======'init_phase_2'====== Args={}
2025-11-09 12:10:52,225 : INFO : SwitchController : Found active switch: ('2', <Platform.SmartVirtual>) <switch.s_trough1>
2025-11-09 12:10:52,225 : INFO : SwitchController : Found active switch: ('3', <Platform.SmartVirtual>) <switch.s_trough2>
2025-11-09 12:10:52,225 : INFO : SwitchController : Found active switch: ('4', <Platform.SmartVirtual>) <switch.s_trough3>
2025-11-09 12:10:52,225 : INFO : SwitchController : Found active switch: ('5', <Platform.SmartVirtual>) <switch.s_trough4>
2025-11-09 12:10:52,226 : INFO : EventManager : Event: ======'bcp_connection_attempt'====== Args={'name': 'local_display', 'host': 'localhost', 'port': 5050}
2025-11-09 12:10:52,227 : INFO : BCPClientSocket : Connecting BCP to 'local_display' at localhost:5050...
2025-11-09 12:10:52,229 : INFO : BCPClientSocket : Connected BCP to 'local_display' localhost:5050
2025-11-09 12:10:52,229 : INFO : EventManager : Event: ======'bcp_clients_connected'====== Args={}
2025-11-09 12:10:52,229 : INFO : ball_device.bd_drain : BCH: Initial count: 0
2025-11-09 12:10:52,229 : INFO : ball_device.bd_drain : State: idle
2025-11-09 12:10:52,230 : INFO : ball_device.bd_trough : BCH: Initial count: 4
2025-11-09 12:10:52,230 : INFO : ball_device.bd_trough : State: idle
2025-11-09 12:10:52,230 : INFO : ball_device.bd_plunger : BCH: Initial count: 0
2025-11-09 12:10:52,230 : INFO : ball_device.bd_plunger : State: idle
2025-11-09 12:10:52,234 : INFO : EventManager : Event: ======'init_phase_3'====== Args={}
2025-11-09 12:10:52,235 : INFO : EventManager : Event: ======'init_phase_4'====== Args={}
2025-11-09 12:10:52,235 : INFO : BallController : Initial balls found: 4
2025-11-09 12:10:52,235 : INFO : EventManager : Event: ======'machine_var_audits_events_game_ended'====== Args={'value': 54, 'prev_value': None, 'change': True}
2025-11-09 12:10:52,235 : INFO : EventManager : Event: ======'machine_var_audits_events_game_started'====== Args={'value': 444, 'prev_value': None, 'change': True}
2025-11-09 12:10:52,235 : INFO : EventManager : Event: ======'machine_var_audits_missing_switches_s_drain'====== Args={'value': 5, 'prev_value': None, 'change': True}
2025-11-09 12:10:52,235 : INFO : EventManager : Event: ======'machine_var_audits_missing_switches_s_launch_button'====== Args={'value': 91, 'prev_value': None, 'change': True}
2025-11-09 12:10:52,235 : INFO : EventManager : Event: ======'machine_var_audits_missing_switches_s_left_flipper'====== Args={'value': 5, 'prev_value': None, 'change': True}
2025-11-09 12:10:52,235 : INFO : EventManager : Event: ======'machine_var_audits_missing_switches_s_left_inlane1'====== Args={'value': 4, 'prev_value': None, 'change': True}
2025-11-09 12:10:52,235 : INFO : EventManager : Event: ======'machine_var_audits_missing_switches_s_left_inlane2'====== Args={'value': 4, 'prev_value': None, 'change': True}
2025-11-09 12:10:52,235 : INFO : EventManager : Event: ======'machine_var_audits_missing_switches_s_left_outlane'====== Args={'value': 59, 'prev_value': None, 'change': True}
2025-11-09 12:10:52,235 : INFO : EventManager : Event: ======'machine_var_audits_missing_switches_s_popbumper1'====== Args={'value': 5, 'prev_value': None, 'change': True}
2025-11-09 12:10:52,235 : INFO : EventManager : Event: ======'machine_var_audits_missing_switches_s_popbumper2'====== Args={'value': 5, 'prev_value': None, 'change': True}
2025-11-09 12:10:52,235 : INFO : EventManager : Event: ======'machine_var_audits_missing_switches_s_popbumper3'====== Args={'value': 5, 'prev_value': None, 'change': True}
2025-11-09 12:10:52,235 : INFO : EventManager : Event: ======'machine_var_audits_missing_switches_s_right_flipper'====== Args={'value': 5, 'prev_value': None, 'change': True}
2025-11-09 12:10:52,235 : INFO : EventManager : Event: ======'machine_var_audits_missing_switches_s_right_inlane'====== Args={'value': 4, 'prev_value': None, 'change': True}
2025-11-09 12:10:52,235 : INFO : EventManager : Event: ======'machine_var_audits_missing_switches_s_right_orbit'====== Args={'value': 4, 'prev_value': None, 'change': True}
2025-11-09 12:10:52,235 : INFO : EventManager : Event: ======'machine_var_audits_missing_switches_s_right_outlane'====== Args={'value': 59, 'prev_value': None, 'change': True}
2025-11-09 12:10:52,235 : INFO : EventManager : Event: ======'machine_var_audits_missing_switches_s_scoop'====== Args={'value': 4, 'prev_value': None, 'change': True}
2025-11-09 12:10:52,235 : INFO : EventManager : Event: ======'machine_var_audits_missing_switches_s_sling_left'====== Args={'value': 444, 'prev_value': None, 'change': True}
2025-11-09 12:10:52,235 : INFO : EventManager : Event: ======'machine_var_audits_missing_switches_s_sling_right'====== Args={'value': 444, 'prev_value': None, 'change': True}
2025-11-09 12:10:52,235 : INFO : EventManager : Event: ======'machine_var_audits_missing_switches_s_start'====== Args={'value': 5, 'prev_value': None, 'change': True}
2025-11-09 12:10:52,235 : INFO : EventManager : Event: ======'machine_var_audits_missing_switches_s_trough1'====== Args={'value': 5, 'prev_value': None, 'change': True}
2025-11-09 12:10:52,235 : INFO : EventManager : Event: ======'machine_var_audits_missing_switches_s_trough2'====== Args={'value': 5, 'prev_value': None, 'change': True}
2025-11-09 12:10:52,235 : INFO : EventManager : Event: ======'machine_var_audits_missing_switches_s_trough3'====== Args={'value': 222, 'prev_value': None, 'change': True}
2025-11-09 12:10:52,235 : INFO : EventManager : Event: ======'machine_var_audits_missing_switches_s_trough4'====== Args={'value': 222, 'prev_value': None, 'change': True}
2025-11-09 12:10:52,235 : INFO : EventManager : Event: ======'machine_var_audits_missing_switches_s_trough_jam'====== Args={'value': 158, 'prev_value': None, 'change': True}
2025-11-09 12:10:52,235 : INFO : EventManager : Event: ======'machine_var_audits_player_score'====== Args={'value': {'average': 215167, 'top': [10210000, 1550000, 1070000, 1070000, 810000, 710000, 640000, 570000, 530000, 480000], 'total': 118}, 'prev_value': None, 'change': True}
2025-11-09 12:10:52,235 : INFO : EventManager : Event: ======'machine_var_audits_shots_bumper1'====== Args={'value': 3803, 'prev_value': None, 'change': True}
2025-11-09 12:10:52,235 : INFO : EventManager : Event: ======'machine_var_audits_shots_bumper2'====== Args={'value': 3746, 'prev_value': None, 'change': True}
2025-11-09 12:10:52,235 : INFO : EventManager : Event: ======'machine_var_audits_shots_bumper3'====== Args={'value': 3632, 'prev_value': None, 'change': True}
2025-11-09 12:10:52,235 : INFO : EventManager : Event: ======'machine_var_audits_shots_c_shot'====== Args={'value': 161, 'prev_value': None, 'change': True}
2025-11-09 12:10:52,235 : INFO : EventManager : Event: ======'machine_var_audits_shots_csi_shot'====== Args={'value': 9, 'prev_value': None, 'change': True}
2025-11-09 12:10:52,235 : INFO : EventManager : Event: ======'machine_var_audits_shots_i_shot'====== Args={'value': 134, 'prev_value': None, 'change': True}
2025-11-09 12:10:52,235 : INFO : EventManager : Event: ======'machine_var_audits_shots_s_shot'====== Args={'value': 151, 'prev_value': None, 'change': True}
2025-11-09 12:10:52,235 : INFO : EventManager : Event: ======'machine_var_audits_shots_switch_shot'====== Args={'value': 245, 'prev_value': None, 'change': True}
2025-11-09 12:10:52,235 : INFO : EventManager : Event: ======'machine_var_audits_switches_s_drain'====== Args={'value': 540, 'prev_value': None, 'change': True}
2025-11-09 12:10:52,235 : INFO : EventManager : Event: ======'machine_var_audits_switches_s_launch_button'====== Args={'value': 1, 'prev_value': None, 'change': True}
2025-11-09 12:10:52,235 : INFO : EventManager : Event: ======'machine_var_audits_switches_s_left_flipper'====== Args={'value': 374, 'prev_value': None, 'change': True}
2025-11-09 12:10:52,235 : INFO : EventManager : Event: ======'machine_var_audits_switches_s_left_inlane1'====== Args={'value': 171, 'prev_value': None, 'change': True}
2025-11-09 12:10:52,235 : INFO : EventManager : Event: ======'machine_var_audits_switches_s_left_inlane2'====== Args={'value': 158, 'prev_value': None, 'change': True}
2025-11-09 12:10:52,235 : INFO : EventManager : Event: ======'machine_var_audits_switches_s_left_outlane'====== Args={'value': 1, 'prev_value': None, 'change': True}
2025-11-09 12:10:52,235 : INFO : EventManager : Event: ======'machine_var_audits_switches_s_plunger_lane'====== Args={'value': 824, 'prev_value': None, 'change': True}
2025-11-09 12:10:52,235 : INFO : EventManager : Event: ======'machine_var_audits_switches_s_popbumper1'====== Args={'value': 3847, 'prev_value': None, 'change': True}
2025-11-09 12:10:52,235 : INFO : EventManager : Event: ======'machine_var_audits_switches_s_popbumper2'====== Args={'value': 3787, 'prev_value': None, 'change': True}
2025-11-09 12:10:52,235 : INFO : EventManager : Event: ======'machine_var_audits_switches_s_popbumper3'====== Args={'value': 3674, 'prev_value': None, 'change': True}
2025-11-09 12:10:52,235 : INFO : EventManager : Event: ======'machine_var_audits_switches_s_ramp'====== Args={'value': 268, 'prev_value': None, 'change': True}
2025-11-09 12:10:52,235 : INFO : EventManager : Event: ======'machine_var_audits_switches_s_right_flipper'====== Args={'value': 650, 'prev_value': None, 'change': True}
2025-11-09 12:10:52,235 : INFO : EventManager : Event: ======'machine_var_audits_switches_s_right_inlane'====== Args={'value': 140, 'prev_value': None, 'change': True}
2025-11-09 12:10:52,235 : INFO : EventManager : Event: ======'machine_var_audits_switches_s_right_orbit'====== Args={'value': 46, 'prev_value': None, 'change': True}
2025-11-09 12:10:52,235 : INFO : EventManager : Event: ======'machine_var_audits_switches_s_right_outlane'====== Args={'value': 5, 'prev_value': None, 'change': True}
2025-11-09 12:10:52,235 : INFO : EventManager : Event: ======'machine_var_audits_switches_s_scoop'====== Args={'value': 427, 'prev_value': None, 'change': True}
2025-11-09 12:10:52,236 : INFO : EventManager : Event: ======'machine_var_audits_switches_s_skull_lock1'====== Args={'value': 7, 'prev_value': None, 'change': True}
2025-11-09 12:10:52,236 : INFO : EventManager : Event: ======'machine_var_audits_switches_s_skull_lock2'====== Args={'value': 6, 'prev_value': None, 'change': True}
2025-11-09 12:10:52,236 : INFO : EventManager : Event: ======'machine_var_audits_switches_s_sling_left'====== Args={'value': 0, 'prev_value': None, 'change': True}
2025-11-09 12:10:52,236 : INFO : EventManager : Event: ======'machine_var_audits_switches_s_sling_right'====== Args={'value': 0, 'prev_value': None, 'change': True}
2025-11-09 12:10:52,236 : INFO : EventManager : Event: ======'machine_var_audits_switches_s_start'====== Args={'value': 657, 'prev_value': None, 'change': True}
2025-11-09 12:10:52,236 : INFO : EventManager : Event: ======'machine_var_audits_switches_s_trough1'====== Args={'value': 381, 'prev_value': None, 'change': True}
2025-11-09 12:10:52,236 : INFO : EventManager : Event: ======'machine_var_audits_switches_s_trough2'====== Args={'value': 18, 'prev_value': None, 'change': True}
2025-11-09 12:10:52,236 : INFO : EventManager : Event: ======'machine_var_audits_switches_s_trough3'====== Args={'value': 1, 'prev_value': None, 'change': True}
2025-11-09 12:10:52,236 : INFO : EventManager : Event: ======'machine_var_audits_switches_s_trough4'====== Args={'value': 1, 'prev_value': None, 'change': True}
2025-11-09 12:10:52,236 : INFO : EventManager : Event: ======'machine_var_audits_switches_s_trough_jam'====== Args={'value': 8, 'prev_value': None, 'change': True}
2025-11-09 12:10:52,236 : INFO : EventManager : Event: ======'init_phase_5'====== Args={}
2025-11-09 12:10:52,236 : INFO : EventManager : Event: ======'init_done'====== Args={}
2025-11-09 12:10:52,236 : INFO : EventManager : Event: ======'machine_reset_phase_1'====== Args={}
2025-11-09 12:10:52,241 : INFO : EventManager : Event: ======'machine_reset_phase_2'====== Args={}
2025-11-09 12:10:52,241 : INFO : EventManager : Event: ======'machine_reset_phase_3'====== Args={}
2025-11-09 12:10:52,242 : INFO : EventManager : Event: ======'reset_complete'====== Args={}
2025-11-09 12:10:52,243 : INFO : EventManager : Event: ======'mode_attract_will_start'====== Args={}
2025-11-09 12:10:52,243 : INFO : Timer.attract_carousel_timer : Starting Timer.
2025-11-09 12:10:52,243 : INFO : EventManager : Event: ======'timer_attract_carousel_timer_started'====== Args={'ticks': 0, 'ticks_remaining': 1}
2025-11-09 12:10:52,243 : INFO : EventManager : Event: ======'timer_attract_carousel_timer_tick'====== Args={'ticks': 0, 'ticks_remaining': 1}
2025-11-09 12:10:52,243 : INFO : EventManager : Event: ======'mode_attract_starting'====== Args={}
2025-11-09 12:10:52,243 : INFO : Mode.attract : Started. Priority: 10
2025-11-09 12:10:52,243 : INFO : EventManager : Event: ======'modes_active_modes_changed'====== Args={}
2025-11-09 12:10:52,243 : INFO : EventManager : Event: ======'mode_attract_started'====== Args={}
2025-11-09 12:10:52,243 : INFO : EventManager : Event: ======'collecting_balls_complete'====== Args={}
2025-11-09 12:10:52,243 : INFO : EventManager : Event: ======'carousel_item_highlighted'====== Args={'carousel': 'attract', 'direction': None, 'item': 'title'}
2025-11-09 12:10:52,243 : INFO : Machine : Starting the main run loop with active modes: [<Mode.attract>]
2025-11-09 12:10:52,610 : INFO : BcpServer : New client connected.
2025-11-09 12:10:52,679 : INFO : EventManager : Event: ======'slide_attract_created'====== Args={'_from_bcp': True}
2025-11-09 12:10:52,679 : INFO : EventManager : Event: ======'slide__removed'====== Args={'_from_bcp': True}
2025-11-09 12:10:52,679 : INFO : EventManager : Event: ======'slide_attract_active'====== Args={'original_context': 'attract', 'original_calling_context': 'mode_attract_started', 'priority': 10.0, 'cmd': 'slides_play', '_from_bcp': True}
2025-11-09 12:10:57,245 : INFO : Timer.attract_carousel_timer : Timer Complete
2025-11-09 12:10:57,245 : INFO : Timer.attract_carousel_timer : Stopping Timer
2025-11-09 12:10:57,245 : INFO : EventManager : Event: ======'timer_attract_carousel_timer_stopped'====== Args={'ticks': 1, 'ticks_remaining': 1}
2025-11-09 12:10:57,246 : INFO : EventManager : Event: ======'timer_attract_carousel_timer_complete'====== Args={'ticks': 1, 'ticks_remaining': 1}
2025-11-09 12:10:57,247 : INFO : EventManager : Event: ======'carousel_item_highlighted'====== Args={'carousel': 'attract', 'direction': 'forwards', 'item': 'credits'}
2025-11-09 12:10:59,809 : INFO : SwitchController : <<<<<<< 's_start' active >>>>>>>
2025-11-09 12:10:59,894 : INFO : SwitchController : <<<<<<< 's_start' inactive >>>>>>>
2025-11-09 12:10:59,894 : INFO : EventManager : Event: ======'request_to_start_game'====== Args={}
2025-11-09 12:10:59,896 : INFO : EventManager : Event: ======'game_start'====== Args={'buttons': [], 'hold_time': 0.0846852499525994}
2025-11-09 12:10:59,896 : INFO : EventManager : Event: ======'mode_game_will_start'====== Args={'buttons': [], 'hold_time': 0.0846852499525994}
2025-11-09 12:10:59,898 : INFO : EventManager : Event: ======'mode_game_starting'====== Args={'buttons': [], 'hold_time': 0.0846852499525994}
2025-11-09 12:10:59,898 : INFO : EventManager : Event: ======'mode_attract_will_stop'====== Args={}
2025-11-09 12:10:59,898 : INFO : EventManager : Event: ======'mode_attract_stopping'====== Args={}
2025-11-09 12:10:59,899 : INFO : Mode.attract : Stopped.
2025-11-09 12:10:59,899 : INFO : EventManager : Event: ======'modes_active_modes_changed'====== Args={}
2025-11-09 12:10:59,900 : INFO : EventManager : Event: ======'mode_attract_stopped'====== Args={}
2025-11-09 12:10:59,900 : INFO : EventManager : Event: ======'clear'====== Args={'key': 'attract'}
2025-11-09 12:10:59,900 : INFO : Timer.attract_carousel_timer : Stopping Timer
2025-11-09 12:10:59,900 : INFO : EventManager : Event: ======'timer_attract_carousel_timer_stopped'====== Args={'ticks': 1, 'ticks_remaining': 1}
2025-11-09 12:10:59,901 : INFO : Mode.game : Started. Priority: 20
2025-11-09 12:10:59,901 : INFO : EventManager : Event: ======'modes_active_modes_changed'====== Args={}
2025-11-09 12:10:59,901 : INFO : EventManager : Event: ======'mode_game_started'====== Args={'buttons': [], 'hold_time': 0.0846852499525994}
2025-11-09 12:10:59,902 : INFO : EventManager : Event: ======'game_will_start'====== Args={}
2025-11-09 12:10:59,903 : INFO : EventManager : Event: ======'game_starting'====== Args={'game': <Mode.game>}
2025-11-09 12:10:59,904 : INFO : EventManager : Unordered handler for class <Auditor> on event game_ended with priority 1. Handlers: [RegisteredHandler(callback=<bound method Auditor.disable of <Auditor>>, priority=1, kwargs={}, key=UUID('b166ab0d-6d4e-49af-827d-323ad6b55c87'), condition=None, blocking_facility=None), RegisteredHandler(callback=<bound method Auditor._save_audits of <Auditor>>, priority=1, kwargs={}, key=UUID('112b7c17-218e-48ec-8a7a-dcad13e06ef6'), condition=None, blocking_facility=None)]. The order of those handlers is not defined and they will be executed in random order. This might lead to race conditions and potential bugs.
2025-11-09 12:10:59,904 : INFO : EventManager : Event: ======'player_add_request'====== Args={}
2025-11-09 12:10:59,904 : INFO : EventManager : Event: ======'player_will_add'====== Args={'number': 1}
2025-11-09 12:10:59,905 : INFO : EventManager : Event: ======'player_adding'====== Args={'player': <Player 1>, 'number': 1}
2025-11-09 12:10:59,905 : INFO : EventManager : Event: ======'player_added'====== Args={'player': <Player 1>, 'num': 1}
2025-11-09 12:10:59,905 : INFO : Mode.game : Player added successfully. Total players: 1
2025-11-09 12:10:59,906 : INFO : EventManager : Event: ======'player_index'====== Args={'value': 0, 'prev_value': 0, 'change': 0, 'player_num': 1}
2025-11-09 12:10:59,906 : INFO : EventManager : Event: ======'player_number'====== Args={'value': 1, 'prev_value': 1, 'change': 0, 'player_num': 1}
2025-11-09 12:10:59,906 : INFO : EventManager : Event: ======'player_bonus_multiplier'====== Args={'value': 1, 'prev_value': 1, 'change': 0, 'player_num': 1}
2025-11-09 12:10:59,907 : INFO : EventManager : Event: ======'player_skull_ramp_nb'====== Args={'value': 0, 'prev_value': 0, 'change': 0, 'player_num': 1}
2025-11-09 12:10:59,907 : INFO : EventManager : Event: ======'player_score'====== Args={'value': 0, 'prev_value': 0, 'change': 0, 'player_num': 1}
2025-11-09 12:10:59,908 : INFO : EventManager : Event: ======'game_started'====== Args={}
2025-11-09 12:10:59,908 : INFO : EventManager : Event: ======'player_turn_will_start'====== Args={'player': <Player 1>, 'number': 1}
2025-11-09 12:10:59,909 : INFO : EventManager : Event: ======'player_turn_starting'====== Args={'player': <Player 1>, 'number': 1}
2025-11-09 12:10:59,916 : INFO : EventManager : Event: ======'player_ball'====== Args={'value': 1, 'prev_value': 0, 'change': 1, 'player_num': 1}
2025-11-09 12:10:59,917 : INFO : EventManager : Event: ======'player_turn_started'====== Args={'player': <Player 1>, 'number': 1}
2025-11-09 12:10:59,917 : INFO : EventManager : Event: ======'ball_will_start'====== Args={'player': 1, 'ball': 1, 'balls_remaining': 2, 'is_extra_ball': False}
2025-11-09 12:10:59,918 : INFO : EventManager : Event: ======'ball_starting'====== Args={'player': 1, 'ball': 1, 'balls_remaining': 2, 'is_extra_ball': False}
2025-11-09 12:10:59,918 : INFO : EventManager : Event: ======'mode_base_will_start'====== Args={'queue': <QueuedEvent>, 'player': 1, 'ball': 1, 'balls_remaining': 2, 'is_extra_ball': False}
2025-11-09 12:10:59,918 : INFO : EventManager : Event: ======'player_base_player_added_timer_tick'====== Args={'value': 0, 'prev_value': 0, 'change': 0, 'player_num': 1}
2025-11-09 12:10:59,919 : INFO : Timer.player_added_timer : Starting Timer.
2025-11-09 12:10:59,919 : INFO : EventManager : Event: ======'timer_player_added_timer_started'====== Args={'ticks': 0, 'ticks_remaining': 1}
2025-11-09 12:10:59,919 : INFO : EventManager : Event: ======'timer_player_added_timer_tick'====== Args={'ticks': 0, 'ticks_remaining': 1}
2025-11-09 12:10:59,920 : INFO : EventManager : Event: ======'mode_base_starting'====== Args={'queue': <QueuedEvent>, 'player': 1, 'ball': 1, 'balls_remaining': 2, 'is_extra_ball': False}
2025-11-09 12:10:59,920 : INFO : Mode.base : Started. Priority: 100
2025-11-09 12:10:59,920 : INFO : EventManager : Event: ======'modes_active_modes_changed'====== Args={}
2025-11-09 12:10:59,920 : INFO : EventManager : Event: ======'mode_base_started'====== Args={'queue': <QueuedEvent>, 'player': 1, 'ball': 1, 'balls_remaining': 2, 'is_extra_ball': False}
2025-11-09 12:10:59,920 : INFO : EventManager : Event: ======'start_mode_bumpers'====== Args={'priority': 0}
2025-11-09 12:10:59,920 : INFO : EventManager : Event: ======'start_mode_csi_lanes'====== Args={'priority': 0}
2025-11-09 12:10:59,921 : INFO : EventManager : Event: ======'start_mode_skull'====== Args={'priority': 0}
2025-11-09 12:10:59,921 : INFO : EventManager : Event: ======'mode_bumpers_will_start'====== Args={'priority': 0}
2025-11-09 12:10:59,921 : INFO : EventManager : Event: ======'player_shot_bumper1_enabled'====== Args={'value': True, 'prev_value': 0, 'change': 1, 'player_num': 1}
2025-11-09 12:10:59,922 : INFO : EventManager : Event: ======'player_shot_bumper2_enabled'====== Args={'value': True, 'prev_value': 0, 'change': 1, 'player_num': 1}
2025-11-09 12:10:59,922 : INFO : EventManager : Event: ======'player_shot_bumper3_enabled'====== Args={'value': True, 'prev_value': 0, 'change': 1, 'player_num': 1}
2025-11-09 12:10:59,923 : INFO : EventManager : Event: ======'bumpers_complete'====== Args={'state': 'unlit'}
2025-11-09 12:10:59,923 : INFO : EventManager : Event: ======'bumpers_unlit_complete'====== Args={}
2025-11-09 12:10:59,925 : INFO : EventManager : Event: ======'player_bumpers_bumper_timer_tick'====== Args={'value': 0, 'prev_value': 0, 'change': 0, 'player_num': 1}
2025-11-09 12:10:59,925 : INFO : Timer.bumper_timer : Starting Timer.
2025-11-09 12:10:59,925 : INFO : EventManager : Event: ======'timer_bumper_timer_started'====== Args={'ticks': 0, 'ticks_remaining': 1}
2025-11-09 12:10:59,925 : INFO : EventManager : Event: ======'timer_bumper_timer_tick'====== Args={'ticks': 0, 'ticks_remaining': 1}
2025-11-09 12:10:59,926 : INFO : EventManager : Event: ======'mode_bumpers_starting'====== Args={'priority': 0}
2025-11-09 12:10:59,926 : INFO : EventManager : Event: ======'mode_csi_lanes_will_start'====== Args={'priority': 0}
2025-11-09 12:10:59,926 : INFO : EventManager : Event: ======'player_shot_c_shot_enabled'====== Args={'value': True, 'prev_value': 0, 'change': 1, 'player_num': 1}
2025-11-09 12:10:59,927 : INFO : EventManager : Event: ======'player_shot_s_shot_enabled'====== Args={'value': True, 'prev_value': 0, 'change': 1, 'player_num': 1}
2025-11-09 12:10:59,927 : INFO : EventManager : Event: ======'player_shot_i_shot_enabled'====== Args={'value': True, 'prev_value': 0, 'change': 1, 'player_num': 1}
2025-11-09 12:10:59,928 : INFO : EventManager : Event: ======'csi_shots_complete'====== Args={'state': 'unlit'}
2025-11-09 12:10:59,928 : INFO : EventManager : Event: ======'csi_shots_unlit_complete'====== Args={}
2025-11-09 12:10:59,928 : INFO : EventManager : Event: ======'player_csi_lanes_csi_lanes_timer_tick'====== Args={'value': 0, 'prev_value': 0, 'change': 0, 'player_num': 1}
2025-11-09 12:10:59,929 : INFO : Timer.csi_lanes_timer : Starting Timer.
2025-11-09 12:10:59,929 : INFO : EventManager : Event: ======'timer_csi_lanes_timer_started'====== Args={'ticks': 0, 'ticks_remaining': 1}
2025-11-09 12:10:59,929 : INFO : EventManager : Event: ======'timer_csi_lanes_timer_tick'====== Args={'ticks': 0, 'ticks_remaining': 1}
2025-11-09 12:10:59,929 : INFO : EventManager : Event: ======'player_csi_lanes_csi_right_orbit_timer_tick'====== Args={'value': 0, 'prev_value': 0, 'change': 0, 'player_num': 1}
2025-11-09 12:10:59,931 : INFO : EventManager : Event: ======'mode_csi_lanes_starting'====== Args={'priority': 0}
2025-11-09 12:10:59,931 : INFO : EventManager : Event: ======'mode_skull_will_start'====== Args={'priority': 0}
2025-11-09 12:10:59,932 : INFO : EventManager : Event: ======'mode_skull_starting'====== Args={'priority': 0}
2025-11-09 12:10:59,932 : INFO : Mode.bumpers : Started. Priority: 200
2025-11-09 12:10:59,932 : INFO : EventManager : Event: ======'modes_active_modes_changed'====== Args={}
2025-11-09 12:10:59,932 : INFO : EventManager : Event: ======'mode_bumpers_started'====== Args={'priority': 0}
2025-11-09 12:10:59,932 : INFO : EventManager : Event: ======'balls_in_play'====== Args={'balls': 1}
2025-11-09 12:10:59,932 : INFO : EventManager : Event: ======'ball_started'====== Args={'player': 1, 'ball': 1, 'balls_remaining': 2, 'is_extra_ball': False}
2025-11-09 12:10:59,933 : INFO : EventManager : Event: ======'logicblock_csi_lanes_then_scoop_updated'====== Args={'value': 0, 'enabled': True}
2025-11-09 12:10:59,933 : INFO : EventManager : Event: ======'logicblock_csi_lanes_then_scoop_then_right_orbit_updated'====== Args={'value': 0, 'enabled': True}
2025-11-09 12:10:59,933 : INFO : EventManager : Event: ======'logicblock_csi_lanes_then_scoop_updated'====== Args={'value': 0, 'enabled': True}
2025-11-09 12:10:59,933 : INFO : EventManager : Event: ======'logicblock_csi_lanes_then_scoop_then_right_orbit_updated'====== Args={'value': 0, 'enabled': True}
2025-11-09 12:10:59,933 : INFO : Mode.csi_lanes : Started. Priority: 200
2025-11-09 12:10:59,933 : INFO : EventManager : Event: ======'modes_active_modes_changed'====== Args={}
2025-11-09 12:10:59,933 : INFO : EventManager : Event: ======'mode_csi_lanes_started'====== Args={'priority': 0}
2025-11-09 12:10:59,934 : INFO : EventManager : Event: ======'player_multiplier'====== Args={'value': 1, 'prev_value': 0, 'change': 1, 'player_num': 1, 'source': 'csi_lanes'}
2025-11-09 12:10:59,934 : INFO : EventManager : Event: ======'logicblock_seq_lock1_updated'====== Args={'value': 0, 'enabled': True}
2025-11-09 12:10:59,934 : INFO : EventManager : Event: ======'logicblock_seq_lock2_updated'====== Args={'value': 0, 'enabled': True}
2025-11-09 12:10:59,934 : INFO : EventManager : Event: ======'logicblock_seq_lock1_updated'====== Args={'value': 0, 'enabled': True}
2025-11-09 12:10:59,934 : INFO : EventManager : Event: ======'logicblock_seq_lock2_updated'====== Args={'value': 0, 'enabled': True}
2025-11-09 12:10:59,934 : INFO : Mode.skull : Started. Priority: 200
2025-11-09 12:10:59,934 : INFO : EventManager : Event: ======'modes_active_modes_changed'====== Args={}
2025-11-09 12:10:59,934 : INFO : EventManager : Event: ======'mode_skull_started'====== Args={'priority': 0}
2025-11-09 12:10:59,935 : INFO : EventManager : Event: ======'single_player_ball_started'====== Args={}
2025-11-09 12:10:59,935 : INFO : EventManager : Event: ======'ball_start_target'====== Args={'target': 'playfield'}
2025-11-09 12:10:59,935 : INFO : ball_device.bd_trough : Setting up player-controlled eject. Balls: 1, Target: <playfield.playfield>, player_controlled_eject_event: None
2025-11-09 12:10:59,935 : INFO : ball_device.bd_trough : Adding 1 ball(s) to the eject_queue with target <playfield.playfield>.
2025-11-09 12:10:59,935 : INFO : EventManager : Event: ======'balldevice_balls_available'====== Args={}
2025-11-09 12:10:59,936 : INFO : ball_device.bd_trough : State: waiting_for_target_ready
2025-11-09 12:10:59,936 : INFO : EventManager : Event: ======'balldevice_bd_trough_ball_eject_attempt'====== Args={'balls': 1, 'target': <ball_device.bd_plunger>, 'source': <ball_device.bd_trough>, 'mechanical_eject': False, 'num_attempts': 0}
2025-11-09 12:10:59,936 : INFO : ball_device.bd_plunger : State: waiting_for_ball
2025-11-09 12:10:59,936 : INFO : ball_device.bd_trough : State: ejecting
2025-11-09 12:10:59,937 : INFO : ball_device.bd_trough : Ejecting ball to <ball_device.bd_plunger>
2025-11-09 12:10:59,937 : INFO : EventManager : Event: ======'balldevice_bd_trough_ejecting_ball'====== Args={'balls': 1, 'target': <ball_device.bd_plunger>, 'source': <ball_device.bd_trough>, 'mechanical_eject': False, 'num_attempts': 0}
2025-11-09 12:10:59,937 : INFO : ball_device.bd_trough : Wait for ball to leave device
2025-11-09 12:10:59,937 : INFO : coil.c_trough_eject : Pulsing Driver for 20ms (1.0 pulse_power)
2025-11-09 12:10:59,937 : INFO : SwitchController : <<<<<<< 's_trough1' inactive >>>>>>>
2025-11-09 12:10:59,938 : INFO : ball_device.bd_trough : State: ball_left
2025-11-09 12:10:59,938 : INFO : ball_device.bd_trough : Ball left
2025-11-09 12:10:59,938 : INFO : ball_device.bd_trough : Wait for confirm with timeout 3.0
2025-11-09 12:11:00,038 : INFO : SwitchController : <<<<<<< 's_plunger_lane' active >>>>>>>
2025-11-09 12:11:00,038 : INFO : EventManager : Event: ======'machine_var_audits_switches_s_plunger_lane'====== Args={'value': 825, 'prev_value': 824, 'change': 1}
2025-11-09 12:11:00,081 : INFO : EventManager : Event: ======'slide_base_slide_created'====== Args={'_from_bcp': True}
2025-11-09 12:11:00,081 : INFO : EventManager : Event: ======'slide_attract_inactive'====== Args={'is_removing': True, '_from_bcp': True}
2025-11-09 12:11:00,081 : INFO : EventManager : Event: ======'slide_base_slide_active'====== Args={'original_context': 'base', 'original_calling_context': 'mode_base_started', 'priority': 100.0, 'queue': '<QueuedEvent>', 'player': 1.0, 'ball': 1.0, 'balls_remaining': 2.0, 'is_extra_ball': False, 'cmd': 'slides_play', '_from_bcp': True}
2025-11-09 12:11:00,082 : INFO : EventManager : Event: ======'slide_attract_removed'====== Args={'_from_bcp': True}
2025-11-09 12:11:00,126 : INFO : EventManager : Event: ======'player_bumpers_bumper_timer_tick'====== Args={'value': 1, 'prev_value': 0, 'change': 1, 'player_num': 1}
2025-11-09 12:11:00,126 : INFO : Timer.bumper_timer : Timer Complete
2025-11-09 12:11:00,126 : INFO : Timer.bumper_timer : Stopping Timer
2025-11-09 12:11:00,126 : INFO : EventManager : Event: ======'timer_bumper_timer_stopped'====== Args={'ticks': 1, 'ticks_remaining': 1}
2025-11-09 12:11:00,126 : INFO : EventManager : Event: ======'timer_bumper_timer_complete'====== Args={'ticks': 1, 'ticks_remaining': 1}
2025-11-09 12:11:00,540 : INFO : ball_device.bd_plunger : Received ball from <ball_device.bd_trough>
2025-11-09 12:11:00,540 : INFO : EventManager : Event: ======'balldevice_bd_plunger_ball_enter'====== Args={'new_balls': 1, 'unclaimed_balls': 0, 'new_available_balls': 0, 'device': <ball_device.bd_plunger>}
2025-11-09 12:11:00,541 : INFO : EventManager : Event: ======'balldevice_bd_plunger_ball_entered'====== Args={'new_balls': 0, 'device': <ball_device.bd_plunger>}
2025-11-09 12:11:00,541 : INFO : EventManager : Event: ======'balldevice_bd_plunger_ball_count_changed'====== Args={'balls': 1}
2025-11-09 12:11:00,542 : INFO : ball_device.bd_trough : Got eject confirm
2025-11-09 12:11:00,542 : INFO : ball_device.bd_trough : Eject successful
2025-11-09 12:11:00,542 : INFO : EventManager : Event: ======'balldevice_bd_trough_ball_eject_success'====== Args={'balls': 1, 'target': <ball_device.bd_plunger>}
2025-11-09 12:11:00,543 : INFO : EventManager : Event: ======'balldevice_bd_trough_ball_count_changed'====== Args={'balls': 3}
2025-11-09 12:11:00,543 : INFO : ball_device.bd_trough : State: idle
2025-11-09 12:11:00,543 : INFO : ball_device.bd_plunger : State: waiting_for_target_ready
2025-11-09 12:11:00,543 : INFO : EventManager : Event: ======'balldevice_bd_plunger_ball_eject_attempt'====== Args={'balls': 1, 'target': <playfield.playfield>, 'source': <ball_device.bd_plunger>, 'mechanical_eject': False, 'num_attempts': 0}
2025-11-09 12:11:00,544 : INFO : ball_device.bd_plunger : State: ejecting
2025-11-09 12:11:00,544 : INFO : ball_device.bd_plunger : Ejecting ball to <playfield.playfield>
2025-11-09 12:11:00,544 : INFO : EventManager : Event: ======'balldevice_bd_plunger_ejecting_ball'====== Args={'balls': 1, 'target': <playfield.playfield>, 'source': <ball_device.bd_plunger>, 'mechanical_eject': False, 'num_attempts': 0}
2025-11-09 12:11:00,545 : INFO : ball_device.bd_plunger : Wait for ball to leave device
2025-11-09 12:11:00,545 : INFO : coil.c_plunger : Pulsing Driver for 20ms (1.0 pulse_power)
2025-11-09 12:11:00,546 : INFO : SwitchController : <<<<<<< 's_plunger_lane' inactive >>>>>>>
2025-11-09 12:11:00,546 : INFO : ball_device.bd_plunger : State: ball_left
2025-11-09 12:11:00,546 : INFO : ball_device.bd_plunger : Ball left
2025-11-09 12:11:00,546 : INFO : ball_device.bd_plunger : Wait for confirm with timeout 3.0
2025-11-09 12:11:00,620 : INFO : EventManager : Event: ======'player_base_player_added_timer_tick'====== Args={'value': 1, 'prev_value': 0, 'change': 1, 'player_num': 1}
2025-11-09 12:11:00,620 : INFO : Timer.player_added_timer : Timer Complete
2025-11-09 12:11:00,620 : INFO : Timer.player_added_timer : Stopping Timer
2025-11-09 12:11:00,621 : INFO : EventManager : Event: ======'timer_player_added_timer_stopped'====== Args={'ticks': 1, 'ticks_remaining': 1}
2025-11-09 12:11:00,621 : INFO : EventManager : Event: ======'timer_player_added_timer_complete'====== Args={'ticks': 1, 'ticks_remaining': 1}
2025-11-09 12:11:00,629 : INFO : EventManager : Event: ======'player_csi_lanes_csi_lanes_timer_tick'====== Args={'value': 1, 'prev_value': 0, 'change': 1, 'player_num': 1}
2025-11-09 12:11:00,629 : INFO : Timer.csi_lanes_timer : Timer Complete
2025-11-09 12:11:00,629 : INFO : Timer.csi_lanes_timer : Stopping Timer
2025-11-09 12:11:00,629 : INFO : EventManager : Event: ======'timer_csi_lanes_timer_stopped'====== Args={'ticks': 1, 'ticks_remaining': 1}
2025-11-09 12:11:00,629 : INFO : EventManager : Event: ======'timer_csi_lanes_timer_complete'====== Args={'ticks': 1, 'ticks_remaining': 1}
2025-11-09 12:11:03,547 : INFO : ball_device.bd_plunger : State: failed_confirm
2025-11-09 12:11:03,548 : INFO : ball_device.bd_plunger : Got timeout (3.0s) before confirm from <playfield.playfield>
2025-11-09 12:11:03,649 : INFO : ball_device.bd_plunger : Confirming eject because target is playfield and ball did not return.
2025-11-09 12:11:03,649 : INFO : ball_device.bd_plunger : Eject successful
2025-11-09 12:11:03,649 : INFO : EventManager : Event: ======'balldevice_bd_plunger_ball_eject_success'====== Args={'balls': 1, 'target': <playfield.playfield>}
2025-11-09 12:11:03,650 : INFO : EventManager : Event: ======'balldevice_playfield_ball_enter'====== Args={'new_balls': 1, 'unclaimed_balls': 1, 'device': <playfield.playfield>}
2025-11-09 12:11:03,650 : INFO : EventManager : Event: ======'playfield_ball_count_change'====== Args={'balls': 1, 'change': 1}
2025-11-09 12:11:03,651 : INFO : EventManager : Event: ======'balldevice_bd_plunger_ball_count_changed'====== Args={'balls': 0}
2025-11-09 12:11:03,651 : INFO : ball_device.bd_plunger : State: idle
2025-11-09 12:11:09,596 : INFO : SwitchController : <<<<<<< 's_skull_lock1' active >>>>>>>
2025-11-09 12:11:09,596 : INFO : EventManager : Event: ======'s_skull_lock1_active'====== Args={}
2025-11-09 12:11:09,597 : INFO : EventManager : Event: ======'machine_var_audits_switches_s_skull_lock1'====== Args={'value': 8, 'prev_value': 7, 'change': 1}
2025-11-09 12:11:09,712 : INFO : SwitchController : <<<<<<< 's_skull_lock1' inactive >>>>>>>
2025-11-09 12:11:10,480 : INFO : SwitchController : <<<<<<< 's_skull_lock2' active >>>>>>>
2025-11-09 12:11:10,480 : INFO : EventManager : Event: ======'s_skull_lock2_active'====== Args={}
2025-11-09 12:11:10,480 : INFO : EventManager : Event: ======'machine_var_audits_switches_s_skull_lock2'====== Args={'value': 7, 'prev_value': 6, 'change': 1}
2025-11-09 12:11:10,595 : INFO : SwitchController : <<<<<<< 's_skull_lock2' inactive >>>>>>>
2025-11-09 12:11:12,614 : INFO : SwitchController : <<<<<<< 's_ramp' active >>>>>>>
2025-11-09 12:11:12,614 : INFO : EventManager : Event: ======'s_ramp_active'====== Args={}
2025-11-09 12:11:12,615 : INFO : EventManager : Event: ======'machine_var_audits_switches_s_ramp'====== Args={'value': 269, 'prev_value': 268, 'change': 1}
2025-11-09 12:11:12,615 : INFO : EventManager : Event: ======'player_skull_ramp_nb'====== Args={'value': 1, 'prev_value': 0, 'change': 1, 'player_num': 1, 'source': 'skull'}
2025-11-09 12:11:12,714 : INFO : SwitchController : <<<<<<< 's_ramp' inactive >>>>>>>
2025-11-09 12:11:13,064 : INFO : SwitchController : <<<<<<< 's_ramp' active >>>>>>>
2025-11-09 12:11:13,064 : INFO : EventManager : Event: ======'s_ramp_active'====== Args={}
2025-11-09 12:11:13,065 : INFO : EventManager : Event: ======'machine_var_audits_switches_s_ramp'====== Args={'value': 270, 'prev_value': 269, 'change': 1}
2025-11-09 12:11:13,065 : INFO : EventManager : Event: ======'player_skull_ramp_nb'====== Args={'value': 2, 'prev_value': 1, 'change': 1, 'player_num': 1, 'source': 'skull'}
2025-11-09 12:11:13,162 : INFO : SwitchController : <<<<<<< 's_ramp' inactive >>>>>>>
2025-11-09 12:11:13,447 : INFO : SwitchController : <<<<<<< 's_ramp' active >>>>>>>
2025-11-09 12:11:13,447 : INFO : EventManager : Event: ======'s_ramp_active'====== Args={}
2025-11-09 12:11:13,447 : INFO : EventManager : Event: ======'machine_var_audits_switches_s_ramp'====== Args={'value': 271, 'prev_value': 270, 'change': 1}
2025-11-09 12:11:13,448 : INFO : EventManager : Event: ======'player_skull_ramp_nb'====== Args={'value': 3, 'prev_value': 2, 'change': 1, 'player_num': 1, 'source': 'skull'}
2025-11-09 12:11:13,545 : INFO : SwitchController : <<<<<<< 's_ramp' inactive >>>>>>>
2025-11-09 12:11:13,781 : INFO : SwitchController : <<<<<<< 's_ramp' active >>>>>>>
2025-11-09 12:11:13,781 : INFO : EventManager : Event: ======'s_ramp_active'====== Args={}
2025-11-09 12:11:13,782 : INFO : EventManager : Event: ======'machine_var_audits_switches_s_ramp'====== Args={'value': 272, 'prev_value': 271, 'change': 1}
2025-11-09 12:11:13,783 : INFO : EventManager : Event: ======'player_skull_ramp_nb'====== Args={'value': 4, 'prev_value': 3, 'change': 1, 'player_num': 1, 'source': 'skull'}
2025-11-09 12:11:13,895 : INFO : SwitchController : <<<<<<< 's_ramp' inactive >>>>>>>
2025-11-09 12:11:14,180 : INFO : SwitchController : <<<<<<< 's_ramp' active >>>>>>>
2025-11-09 12:11:14,181 : INFO : EventManager : Event: ======'s_ramp_active'====== Args={}
2025-11-09 12:11:14,181 : INFO : EventManager : Event: ======'machine_var_audits_switches_s_ramp'====== Args={'value': 273, 'prev_value': 272, 'change': 1}
2025-11-09 12:11:14,182 : INFO : EventManager : Event: ======'player_skull_ramp_nb'====== Args={'value': 5, 'prev_value': 4, 'change': 1, 'player_num': 1, 'source': 'skull'}
2025-11-09 12:11:14,312 : INFO : SwitchController : <<<<<<< 's_ramp' inactive >>>>>>>
2025-11-09 12:11:14,530 : INFO : SwitchController : <<<<<<< 's_ramp' active >>>>>>>
2025-11-09 12:11:14,530 : INFO : EventManager : Event: ======'s_ramp_active'====== Args={}
2025-11-09 12:11:14,531 : INFO : EventManager : Event: ======'machine_var_audits_switches_s_ramp'====== Args={'value': 274, 'prev_value': 273, 'change': 1}
2025-11-09 12:11:14,532 : INFO : EventManager : Event: ======'player_skull_ramp_nb'====== Args={'value': 6, 'prev_value': 5, 'change': 1, 'player_num': 1, 'source': 'skull'}
2025-11-09 12:11:14,662 : INFO : SwitchController : <<<<<<< 's_ramp' inactive >>>>>>>
2025-11-09 12:11:14,930 : INFO : SwitchController : <<<<<<< 's_ramp' active >>>>>>>
2025-11-09 12:11:14,930 : INFO : EventManager : Event: ======'s_ramp_active'====== Args={}
2025-11-09 12:11:14,931 : INFO : EventManager : Event: ======'machine_var_audits_switches_s_ramp'====== Args={'value': 275, 'prev_value': 274, 'change': 1}
2025-11-09 12:11:14,931 : INFO : EventManager : Event: ======'player_skull_ramp_nb'====== Args={'value': 7, 'prev_value': 6, 'change': 1, 'player_num': 1, 'source': 'skull'}
2025-11-09 12:11:15,045 : INFO : SwitchController : <<<<<<< 's_ramp' inactive >>>>>>>
2025-11-09 12:11:15,283 : INFO : SwitchController : <<<<<<< 's_ramp' active >>>>>>>
2025-11-09 12:11:15,283 : INFO : EventManager : Event: ======'s_ramp_active'====== Args={}
2025-11-09 12:11:15,284 : INFO : EventManager : Event: ======'machine_var_audits_switches_s_ramp'====== Args={'value': 276, 'prev_value': 275, 'change': 1}
2025-11-09 12:11:15,284 : INFO : EventManager : Event: ======'player_skull_ramp_nb'====== Args={'value': 8, 'prev_value': 7, 'change': 1, 'player_num': 1, 'source': 'skull'}
2025-11-09 12:11:15,414 : INFO : SwitchController : <<<<<<< 's_ramp' inactive >>>>>>>
2025-11-09 12:11:15,697 : INFO : SwitchController : <<<<<<< 's_ramp' active >>>>>>>
2025-11-09 12:11:15,698 : INFO : EventManager : Event: ======'s_ramp_active'====== Args={}
2025-11-09 12:11:15,698 : INFO : EventManager : Event: ======'machine_var_audits_switches_s_ramp'====== Args={'value': 277, 'prev_value': 276, 'change': 1}
2025-11-09 12:11:15,699 : INFO : EventManager : Event: ======'player_skull_ramp_nb'====== Args={'value': 9, 'prev_value': 8, 'change': 1, 'player_num': 1, 'source': 'skull'}
2025-11-09 12:11:15,828 : INFO : SwitchController : <<<<<<< 's_ramp' inactive >>>>>>>
2025-11-09 12:11:16,180 : INFO : SwitchController : <<<<<<< 's_ramp' active >>>>>>>
2025-11-09 12:11:16,180 : INFO : EventManager : Event: ======'s_ramp_active'====== Args={}
2025-11-09 12:11:16,181 : INFO : EventManager : Event: ======'machine_var_audits_switches_s_ramp'====== Args={'value': 278, 'prev_value': 277, 'change': 1}
2025-11-09 12:11:16,182 : INFO : EventManager : Event: ======'player_skull_ramp_nb'====== Args={'value': 10, 'prev_value': 9, 'change': 1, 'player_num': 1, 'source': 'skull'}
2025-11-09 12:11:16,182 : INFO : EventManager : Event: ======'logicblock_seq_lock1_updated'====== Args={'value': 1, 'enabled': True}
2025-11-09 12:11:16,182 : INFO : EventManager : Event: ======'logicblock_seq_lock1_hit'====== Args={'step': 1}
2025-11-09 12:11:16,183 : INFO : EventManager : Event: ======'logicblock_seq_lock2_updated'====== Args={'value': 1, 'enabled': True}
2025-11-09 12:11:16,183 : INFO : EventManager : Event: ======'logicblock_seq_lock2_hit'====== Args={'step': 1}
2025-11-09 12:11:16,295 : INFO : SwitchController : <<<<<<< 's_ramp' inactive >>>>>>>
2025-11-09 12:11:17,297 : INFO : SwitchController : <<<<<<< 's_ramp' active >>>>>>>
2025-11-09 12:11:17,297 : INFO : EventManager : Event: ======'s_ramp_active'====== Args={}
2025-11-09 12:11:17,298 : INFO : EventManager : Event: ======'machine_var_audits_switches_s_ramp'====== Args={'value': 279, 'prev_value': 278, 'change': 1}
2025-11-09 12:11:17,298 : INFO : EventManager : Event: ======'player_skull_ramp_nb'====== Args={'value': 11, 'prev_value': 10, 'change': 1, 'player_num': 1, 'source': 'skull'}
2025-11-09 12:11:17,382 : INFO : SwitchController : <<<<<<< 's_ramp' inactive >>>>>>>
2025-11-09 12:11:19,163 : INFO : SwitchController : <<<<<<< 's_skull_lock2' active >>>>>>>
2025-11-09 12:11:19,163 : INFO : EventManager : Event: ======'s_skull_lock2_active'====== Args={}
2025-11-09 12:11:19,164 : INFO : EventManager : Event: ======'machine_var_audits_switches_s_skull_lock2'====== Args={'value': 8, 'prev_value': 7, 'change': 1}
2025-11-09 12:11:19,296 : INFO : SwitchController : <<<<<<< 's_skull_lock2' inactive >>>>>>>
2025-11-09 12:11:20,866 : INFO : SwitchController : <<<<<<< 's_skull_lock1' active >>>>>>>
2025-11-09 12:11:20,866 : INFO : EventManager : Event: ======'s_skull_lock1_active'====== Args={}
2025-11-09 12:11:20,867 : INFO : EventManager : Event: ======'machine_var_audits_switches_s_skull_lock1'====== Args={'value': 9, 'prev_value': 8, 'change': 1}
2025-11-09 12:11:20,868 : INFO : EventManager : Event: ======'logicblock_seq_lock1_updated'====== Args={'value': 2, 'enabled': True}
2025-11-09 12:11:20,868 : INFO : EventManager : Event: ======'logicblock_seq_lock1_hit'====== Args={'step': 2}
2025-11-09 12:11:20,874 : INFO : EventManager : Event: ======'seq_lock1_done'====== Args={}
2025-11-09 12:11:20,875 : INFO : EventManager : Event: ======'logicblock_seq_lock1_updated'====== Args={'value': 0, 'enabled': True}
2025-11-09 12:11:20,875 : INFO : EventManager : Event: ======'logicblock_seq_lock2_updated'====== Args={'value': 2, 'enabled': True}
2025-11-09 12:11:20,875 : INFO : EventManager : Event: ======'logicblock_seq_lock2_hit'====== Args={'step': 2}
2025-11-09 12:11:20,965 : INFO : SwitchController : <<<<<<< 's_skull_lock1' inactive >>>>>>>
2025-11-09 12:11:22,747 : INFO : SwitchController : <<<<<<< 's_skull_lock2' active >>>>>>>
2025-11-09 12:11:22,747 : INFO : EventManager : Event: ======'s_skull_lock2_active'====== Args={}
2025-11-09 12:11:22,748 : INFO : EventManager : Event: ======'machine_var_audits_switches_s_skull_lock2'====== Args={'value': 9, 'prev_value': 8, 'change': 1}
2025-11-09 12:11:22,749 : INFO : EventManager : Event: ======'logicblock_seq_lock2_updated'====== Args={'value': 3, 'enabled': True}
2025-11-09 12:11:22,749 : INFO : EventManager : Event: ======'logicblock_seq_lock2_hit'====== Args={'step': 3}
2025-11-09 12:11:22,755 : INFO : EventManager : Event: ======'seq_lock2_done'====== Args={}
2025-11-09 12:11:22,756 : INFO : EventManager : Event: ======'logicblock_seq_lock2_updated'====== Args={'value': 0, 'enabled': True}
2025-11-09 12:11:22,848 : INFO : SwitchController : <<<<<<< 's_skull_lock2' inactive >>>>>>>
2025-11-09 12:30:09,891 : INFO : Machine : Shutting down...
2025-11-09 12:30:09,891 : INFO : EventManager : Event: ======'shutdown'====== Args={}
2025-11-09 12:30:09,893 : INFO : EventManager : Event: ======'mode_game_will_stop'====== Args={}
2025-11-09 12:30:09,894 : INFO : EventManager : Event: ======'mode_game_stopping'====== Args={}
2025-11-09 12:30:09,894 : INFO : EventManager : Event: ======'mode_csi_lanes_will_stop'====== Args={}
2025-11-09 12:30:09,894 : INFO : EventManager : Event: ======'mode_csi_lanes_stopping'====== Args={}
2025-11-09 12:30:09,894 : INFO : EventManager : Event: ======'mode_base_will_stop'====== Args={}
2025-11-09 12:30:09,895 : INFO : EventManager : Event: ======'mode_base_stopping'====== Args={}
2025-11-09 12:30:09,895 : INFO : EventManager : Event: ======'mode_bumpers_will_stop'====== Args={}
2025-11-09 12:30:09,895 : INFO : EventManager : Event: ======'mode_bumpers_stopping'====== Args={}
2025-11-09 12:30:09,895 : INFO : EventManager : Event: ======'mode_skull_will_stop'====== Args={}
2025-11-09 12:30:09,895 : INFO : EventManager : Event: ======'mode_skull_stopping'====== Args={}
2025-11-09 12:30:09,895 : INFO : EventManager : Event: ======'stop_mode_bumpers'====== Args={'priority': 0}
2025-11-09 12:30:09,895 : INFO : EventManager : Event: ======'stop_mode_csi_lanes'====== Args={'priority': 0}
2025-11-09 12:30:09,895 : INFO : EventManager : Event: ======'stop_mode_skull'====== Args={'priority': 0}
2025-11-09 12:30:09,895 : INFO : Mode.skull : Stopped.
2025-11-09 12:30:09,895 : INFO : EventManager : Event: ======'modes_active_modes_changed'====== Args={}
2025-11-09 12:30:09,895 : INFO : EventManager : Event: ======'mode_skull_stopped'====== Args={}
2025-11-09 12:30:09,896 : INFO : EventManager : Event: ======'clear'====== Args={'key': 'skull'}
2025-11-09 12:30:09,896 : INFO : Mode.bumpers : Stopped.
2025-11-09 12:30:09,896 : INFO : EventManager : Event: ======'modes_active_modes_changed'====== Args={}
2025-11-09 12:30:09,896 : INFO : EventManager : Event: ======'mode_bumpers_stopped'====== Args={}
2025-11-09 12:30:09,896 : INFO : EventManager : Event: ======'clear'====== Args={'key': 'bumpers'}
2025-11-09 12:30:09,896 : INFO : Timer.bumper_timer : Stopping Timer
2025-11-09 12:30:09,896 : INFO : EventManager : Event: ======'timer_bumper_timer_stopped'====== Args={'ticks': 1, 'ticks_remaining': 1}
2025-11-09 12:30:09,896 : INFO : Mode.base : Stopped.
2025-11-09 12:30:09,896 : INFO : EventManager : Event: ======'modes_active_modes_changed'====== Args={}
2025-11-09 12:30:09,896 : INFO : EventManager : Event: ======'mode_base_stopped'====== Args={}
2025-11-09 12:30:09,896 : INFO : EventManager : Event: ======'clear'====== Args={'key': 'base'}
2025-11-09 12:30:09,897 : INFO : Timer.player_added_timer : Stopping Timer
2025-11-09 12:30:09,897 : INFO : EventManager : Event: ======'timer_player_added_timer_stopped'====== Args={'ticks': 1, 'ticks_remaining': 1}
2025-11-09 12:30:09,897 : INFO : Mode.csi_lanes : Stopped.
2025-11-09 12:30:09,897 : INFO : EventManager : Event: ======'modes_active_modes_changed'====== Args={}
2025-11-09 12:30:09,897 : INFO : EventManager : Event: ======'mode_csi_lanes_stopped'====== Args={}
2025-11-09 12:30:09,897 : INFO : EventManager : Event: ======'clear'====== Args={'key': 'csi_lanes'}
2025-11-09 12:30:09,897 : INFO : Timer.csi_lanes_timer : Stopping Timer
2025-11-09 12:30:09,897 : INFO : EventManager : Event: ======'timer_csi_lanes_timer_stopped'====== Args={'ticks': 1, 'ticks_remaining': 1}
2025-11-09 12:30:09,897 : INFO : Timer.csi_right_orbit_timer : Stopping Timer
2025-11-09 12:30:09,897 : INFO : EventManager : Event: ======'timer_csi_right_orbit_timer_stopped'====== Args={'ticks': 0, 'ticks_remaining': 0}
2025-11-09 12:30:09,898 : INFO : Mode.game : Stopped.
2025-11-09 12:30:09,898 : INFO : EventManager : Event: ======'modes_active_modes_changed'====== Args={}
2025-11-09 12:30:09,898 : INFO : EventManager : Event: ======'mode_game_stopped'====== Args={}
2025-11-09 12:30:09,898 : INFO : EventManager : Event: ======'clear'====== Args={'key': 'game'}
2025-11-09 12:30:09,904 : INFO : root : MPF run loop ended.
