2025-11-10 10:14:59,125 : INFO : root : Loading config.
2025-11-10 10:14:59,127 : INFO : YamlMultifileConfigLoader : Machine config file #1: config.yaml
2025-11-10 10:14:59,127 : INFO : ConfigProcessor : Loading config from cache: /var/folders/m3/0d4y64_n3fn8tnkv3ydlhztw0000gn/T/5ca32a6c950d03116abbed96ca44d372.mpf_cache
2025-11-10 10:14:59,151 : INFO : ConfigProcessor : Loading config from cache: /var/folders/m3/0d4y64_n3fn8tnkv3ydlhztw0000gn/T/01c495fa7450a81b4be96cb699872531.mpf_cache
2025-11-10 10:14:59,151 : INFO : ConfigProcessor : Loading config from cache: /var/folders/m3/0d4y64_n3fn8tnkv3ydlhztw0000gn/T/bfde29b5bb803376b0637bb8f0da27a7.mpf_cache
2025-11-10 10:14:59,151 : INFO : ConfigProcessor : Loading config from cache: /var/folders/m3/0d4y64_n3fn8tnkv3ydlhztw0000gn/T/01c495fa7450a81b4be96cb699872531.mpf_cache
2025-11-10 10:14:59,151 : INFO : ConfigProcessor : Loading config from cache: /var/folders/m3/0d4y64_n3fn8tnkv3ydlhztw0000gn/T/3ae89e09515ff8d8b11d68f672b2cc51.mpf_cache
2025-11-10 10:14:59,152 : INFO : ConfigProcessor : Loading config from cache: /var/folders/m3/0d4y64_n3fn8tnkv3ydlhztw0000gn/T/4c420229fa75118c2461cfc9ff5a44e2.mpf_cache
2025-11-10 10:14:59,152 : INFO : ConfigProcessor : Loading config from cache: /var/folders/m3/0d4y64_n3fn8tnkv3ydlhztw0000gn/T/f5ee6852f1764324c8553249cc53c871.mpf_cache
2025-11-10 10:14:59,152 : WARNING : ConfigProcessor : Config file in cache changed: /Users/didiergilbin/Desktop/Homebrew_CSI/modes/skull/config/skull.yaml
2025-11-10 10:14:59,152 : INFO : ConfigProcessor : Loading config from file /Users/didiergilbin/Desktop/Homebrew_CSI/modes/skull/config/skull.yaml.
2025-11-10 10:14:59,155 : INFO : ConfigProcessor : Loading config: /Users/didiergilbin/Desktop/Homebrew_CSI/modes/skull/config/skull.yaml
2025-11-10 10:14:59,155 : INFO : ConfigProcessor : Config file cache created: /var/folders/m3/0d4y64_n3fn8tnkv3ydlhztw0000gn/T/73ac54cb7a83dfa5473900e439743a84.mpf_cache
2025-11-10 10:14:59,155 : INFO : ConfigProcessor : Loading config from cache: /var/folders/m3/0d4y64_n3fn8tnkv3ydlhztw0000gn/T/97c87487bc6ae826da86d36a6e042c78.mpf_cache
2025-11-10 10:14:59,155 : INFO : Machine : Mission Pinball Framework Core Engine v0.80.0.dev10
2025-11-10 10:14:59,155 : INFO : Machine : Command line arguments: {'no_load_cache': False, 'create_config_cache': True, 'bcp': True, 'configfile': ['config.yaml'], 'force_assets_load': False, 'platform_integration_test': False, 'jsonlogging': False, 'logfile': 'logs/2025-11-10-10-14-59-mpf-mac.home.log', 'pause': False, 'production': False, 'text_ui': False, 'loglevel': 15, 'consoleloglevel': 20, 'force_platform': 'smart_virtual', 'syslog_address': None, 'full_logfile_path': '/Users/didiergilbin/Desktop/Homebrew_CSI/logs/2025-11-10-10-14-59-mpf-mac.home.log'}
2025-11-10 10:14:59,155 : INFO : Machine : MPF path: /Users/didiergilbin/mpfenv/lib/python3.13/site-packages/mpf
2025-11-10 10:14:59,155 : INFO : Machine : Machine path: /Users/didiergilbin/Desktop/Homebrew_CSI
2025-11-10 10:14:59,155 : INFO : Machine : Platform: darwin
2025-11-10 10:14:59,155 : INFO : Machine : Python executable location: /Users/didiergilbin/mpfenv/bin/python3.13
2025-11-10 10:14:59,155 : INFO : Machine : Python version: 3.13.7 (64-bit)
2025-11-10 10:14:59,156 : INFO : Machine : Initializing MPF...
2025-11-10 10:14:59,177 : INFO : EventManager : Event: ======'machine_var_credits_string'====== Args={'value': 'FREE PLAY', 'prev_value': None, 'change': True}
2025-11-10 10:14:59,182 : INFO : EventManager : Event: ======'machine_var_master_volume'====== Args={'value': 0.5, 'prev_value': None, 'change': True}
2025-11-10 10:14:59,182 : INFO : EventManager : Event: ======'machine_var_player1_score'====== Args={'value': 368000, 'prev_value': None, 'change': True}
2025-11-10 10:14:59,182 : INFO : EventManager : Event: ======'machine_var_player2_score'====== Args={'value': 24000, 'prev_value': None, 'change': True}
2025-11-10 10:14:59,182 : INFO : EventManager : Event: ======'machine_var_player3_score'====== Args={'value': 21000, 'prev_value': None, 'change': True}
2025-11-10 10:14:59,182 : INFO : EventManager : Event: ======'machine_var_player4_score'====== Args={'value': 0, 'prev_value': None, 'change': True}
2025-11-10 10:14:59,182 : INFO : EventManager : Event: ======'machine_var_mpf_version'====== Args={'value': 'Mission Pinball Framework v0.80.0.dev10', 'prev_value': None, 'change': True}
2025-11-10 10:14:59,182 : INFO : EventManager : Event: ======'machine_var_mpf_extended_version'====== Args={'value': 'Mission Pinball Framework v0.80.0.dev10, Config version:6, Show version: 6, BCP version:1.1', 'prev_value': None, 'change': True}
2025-11-10 10:14:59,182 : INFO : EventManager : Event: ======'machine_var_python_version'====== Args={'value': '3.13.7', 'prev_value': None, 'change': True}
2025-11-10 10:14:59,189 : INFO : EventManager : Event: ======'machine_var_platform'====== Args={'value': 'macOS-15.6.1-arm64-arm-64bit-Mach-O', 'prev_value': None, 'change': True}
2025-11-10 10:14:59,189 : INFO : EventManager : Event: ======'machine_var_platform_system'====== Args={'value': 'Darwin', 'prev_value': None, 'change': True}
2025-11-10 10:14:59,189 : INFO : EventManager : Event: ======'machine_var_platform_release'====== Args={'value': '24.6.0', 'prev_value': None, 'change': True}
2025-11-10 10:14:59,189 : INFO : EventManager : Event: ======'machine_var_platform_version'====== Args={'value': 'Darwin Kernel Version 24.6.0: Mon Jul 14 11:30:40 PDT 2025; root:xnu-11417.140.69~1/RELEASE_ARM64_T8132', 'prev_value': None, 'change': True}
2025-11-10 10:14:59,189 : INFO : EventManager : Event: ======'machine_var_platform_machine'====== Args={'value': 'arm64', 'prev_value': None, 'change': True}
2025-11-10 10:14:59,189 : INFO : EventManager : Event: ======'machine_var_log_file_path'====== Args={'value': '/Users/didiergilbin/Desktop/Homebrew_CSI/logs/2025-11-10-10-14-59-mpf-mac.home.log', 'prev_value': None, 'change': True}
2025-11-10 10:14:59,189 : INFO : EventManager : Event: ======'init_phase_1'====== Args={}
2025-11-10 10:14:59,196 : INFO : EventManager : Event: ======'init_phase_2'====== Args={}
2025-11-10 10:14:59,197 : INFO : SwitchController : Found active switch: ('2', <Platform.SmartVirtual>) <switch.s_trough1>
2025-11-10 10:14:59,197 : INFO : SwitchController : Found active switch: ('3', <Platform.SmartVirtual>) <switch.s_trough2>
2025-11-10 10:14:59,197 : INFO : SwitchController : Found active switch: ('4', <Platform.SmartVirtual>) <switch.s_trough3>
2025-11-10 10:14:59,197 : INFO : SwitchController : Found active switch: ('5', <Platform.SmartVirtual>) <switch.s_trough4>
2025-11-10 10:14:59,198 : INFO : EventManager : Event: ======'bcp_connection_attempt'====== Args={'name': 'local_display', 'host': 'localhost', 'port': 5050}
2025-11-10 10:14:59,198 : INFO : BCPClientSocket : Connecting BCP to 'local_display' at localhost:5050...
2025-11-10 10:14:59,201 : INFO : BCPClientSocket : Connected BCP to 'local_display' localhost:5050
2025-11-10 10:14:59,201 : INFO : EventManager : Event: ======'bcp_clients_connected'====== Args={}
2025-11-10 10:14:59,201 : INFO : ball_device.bd_drain : BCH: Initial count: 0
2025-11-10 10:14:59,201 : INFO : ball_device.bd_drain : State: idle
2025-11-10 10:14:59,201 : INFO : ball_device.bd_trough : BCH: Initial count: 4
2025-11-10 10:14:59,202 : INFO : ball_device.bd_trough : State: idle
2025-11-10 10:14:59,202 : INFO : ball_device.bd_plunger : BCH: Initial count: 0
2025-11-10 10:14:59,202 : INFO : ball_device.bd_plunger : State: idle
2025-11-10 10:14:59,206 : INFO : EventManager : Event: ======'init_phase_3'====== Args={}
2025-11-10 10:14:59,206 : INFO : EventManager : Event: ======'init_phase_4'====== Args={}
2025-11-10 10:14:59,206 : INFO : BallController : Initial balls found: 4
2025-11-10 10:14:59,206 : INFO : EventManager : Event: ======'machine_var_audits_events_game_ended'====== Args={'value': 54, 'prev_value': None, 'change': True}
2025-11-10 10:14:59,207 : INFO : EventManager : Event: ======'machine_var_audits_events_game_started'====== Args={'value': 475, 'prev_value': None, 'change': True}
2025-11-10 10:14:59,207 : INFO : EventManager : Event: ======'machine_var_audits_missing_switches_s_launch_button'====== Args={'value': 122, 'prev_value': None, 'change': True}
2025-11-10 10:14:59,207 : INFO : EventManager : Event: ======'machine_var_audits_missing_switches_s_left_flipper'====== Args={'value': 1, 'prev_value': None, 'change': True}
2025-11-10 10:14:59,207 : INFO : EventManager : Event: ======'machine_var_audits_missing_switches_s_left_inlane1'====== Args={'value': 8, 'prev_value': None, 'change': True}
2025-11-10 10:14:59,207 : INFO : EventManager : Event: ======'machine_var_audits_missing_switches_s_left_inlane2'====== Args={'value': 8, 'prev_value': None, 'change': True}
2025-11-10 10:14:59,207 : INFO : EventManager : Event: ======'machine_var_audits_missing_switches_s_left_outlane'====== Args={'value': 90, 'prev_value': None, 'change': True}
2025-11-10 10:14:59,207 : INFO : EventManager : Event: ======'machine_var_audits_missing_switches_s_ramp'====== Args={'value': 1, 'prev_value': None, 'change': True}
2025-11-10 10:14:59,207 : INFO : EventManager : Event: ======'machine_var_audits_missing_switches_s_right_flipper'====== Args={'value': 1, 'prev_value': None, 'change': True}
2025-11-10 10:14:59,207 : INFO : EventManager : Event: ======'machine_var_audits_missing_switches_s_right_inlane'====== Args={'value': 8, 'prev_value': None, 'change': True}
2025-11-10 10:14:59,207 : INFO : EventManager : Event: ======'machine_var_audits_missing_switches_s_right_orbit'====== Args={'value': 8, 'prev_value': None, 'change': True}
2025-11-10 10:14:59,207 : INFO : EventManager : Event: ======'machine_var_audits_missing_switches_s_right_outlane'====== Args={'value': 90, 'prev_value': None, 'change': True}
2025-11-10 10:14:59,207 : INFO : EventManager : Event: ======'machine_var_audits_missing_switches_s_scoop'====== Args={'value': 8, 'prev_value': None, 'change': True}
2025-11-10 10:14:59,207 : INFO : EventManager : Event: ======'machine_var_audits_missing_switches_s_skull_lock1'====== Args={'value': 1, 'prev_value': None, 'change': True}
2025-11-10 10:14:59,207 : INFO : EventManager : Event: ======'machine_var_audits_missing_switches_s_skull_lock2'====== Args={'value': 1, 'prev_value': None, 'change': True}
2025-11-10 10:14:59,207 : INFO : EventManager : Event: ======'machine_var_audits_missing_switches_s_sling_left'====== Args={'value': 475, 'prev_value': None, 'change': True}
2025-11-10 10:14:59,207 : INFO : EventManager : Event: ======'machine_var_audits_missing_switches_s_sling_right'====== Args={'value': 475, 'prev_value': None, 'change': True}
2025-11-10 10:14:59,207 : INFO : EventManager : Event: ======'machine_var_audits_missing_switches_s_trough2'====== Args={'value': 36, 'prev_value': None, 'change': True}
2025-11-10 10:14:59,207 : INFO : EventManager : Event: ======'machine_var_audits_missing_switches_s_trough3'====== Args={'value': 253, 'prev_value': None, 'change': True}
2025-11-10 10:14:59,207 : INFO : EventManager : Event: ======'machine_var_audits_missing_switches_s_trough4'====== Args={'value': 253, 'prev_value': None, 'change': True}
2025-11-10 10:14:59,207 : INFO : EventManager : Event: ======'machine_var_audits_missing_switches_s_trough_jam'====== Args={'value': 189, 'prev_value': None, 'change': True}
2025-11-10 10:14:59,207 : INFO : EventManager : Event: ======'machine_var_audits_player_score'====== Args={'value': {'average': 215167, 'top': [10210000, 1550000, 1070000, 1070000, 810000, 710000, 640000, 570000, 530000, 480000], 'total': 118}, 'prev_value': None, 'change': True}
2025-11-10 10:14:59,207 : INFO : EventManager : Event: ======'machine_var_audits_shots_bumper1'====== Args={'value': 4286, 'prev_value': None, 'change': True}
2025-11-10 10:14:59,207 : INFO : EventManager : Event: ======'machine_var_audits_shots_bumper2'====== Args={'value': 4218, 'prev_value': None, 'change': True}
2025-11-10 10:14:59,207 : INFO : EventManager : Event: ======'machine_var_audits_shots_bumper3'====== Args={'value': 4041, 'prev_value': None, 'change': True}
2025-11-10 10:14:59,207 : INFO : EventManager : Event: ======'machine_var_audits_shots_c_shot'====== Args={'value': 162, 'prev_value': None, 'change': True}
2025-11-10 10:14:59,207 : INFO : EventManager : Event: ======'machine_var_audits_shots_csi_shot'====== Args={'value': 9, 'prev_value': None, 'change': True}
2025-11-10 10:14:59,207 : INFO : EventManager : Event: ======'machine_var_audits_shots_i_shot'====== Args={'value': 135, 'prev_value': None, 'change': True}
2025-11-10 10:14:59,207 : INFO : EventManager : Event: ======'machine_var_audits_shots_s_shot'====== Args={'value': 152, 'prev_value': None, 'change': True}
2025-11-10 10:14:59,207 : INFO : EventManager : Event: ======'machine_var_audits_shots_switch_shot'====== Args={'value': 245, 'prev_value': None, 'change': True}
2025-11-10 10:14:59,207 : INFO : EventManager : Event: ======'machine_var_audits_switches_s_drain'====== Args={'value': 541, 'prev_value': None, 'change': True}
2025-11-10 10:14:59,207 : INFO : EventManager : Event: ======'machine_var_audits_switches_s_launch_button'====== Args={'value': 1, 'prev_value': None, 'change': True}
2025-11-10 10:14:59,207 : INFO : EventManager : Event: ======'machine_var_audits_switches_s_left_flipper'====== Args={'value': 412, 'prev_value': None, 'change': True}
2025-11-10 10:14:59,207 : INFO : EventManager : Event: ======'machine_var_audits_switches_s_left_inlane1'====== Args={'value': 172, 'prev_value': None, 'change': True}
2025-11-10 10:14:59,207 : INFO : EventManager : Event: ======'machine_var_audits_switches_s_left_inlane2'====== Args={'value': 159, 'prev_value': None, 'change': True}
2025-11-10 10:14:59,207 : INFO : EventManager : Event: ======'machine_var_audits_switches_s_left_outlane'====== Args={'value': 1, 'prev_value': None, 'change': True}
2025-11-10 10:14:59,207 : INFO : EventManager : Event: ======'machine_var_audits_switches_s_plunger_lane'====== Args={'value': 856, 'prev_value': None, 'change': True}
2025-11-10 10:14:59,207 : INFO : EventManager : Event: ======'machine_var_audits_switches_s_popbumper1'====== Args={'value': 4330, 'prev_value': None, 'change': True}
2025-11-10 10:14:59,207 : INFO : EventManager : Event: ======'machine_var_audits_switches_s_popbumper2'====== Args={'value': 4259, 'prev_value': None, 'change': True}
2025-11-10 10:14:59,207 : INFO : EventManager : Event: ======'machine_var_audits_switches_s_popbumper3'====== Args={'value': 4083, 'prev_value': None, 'change': True}
2025-11-10 10:14:59,207 : INFO : EventManager : Event: ======'machine_var_audits_switches_s_ramp'====== Args={'value': 428, 'prev_value': None, 'change': True}
2025-11-10 10:14:59,207 : INFO : EventManager : Event: ======'machine_var_audits_switches_s_right_flipper'====== Args={'value': 688, 'prev_value': None, 'change': True}
2025-11-10 10:14:59,207 : INFO : EventManager : Event: ======'machine_var_audits_switches_s_right_inlane'====== Args={'value': 141, 'prev_value': None, 'change': True}
2025-11-10 10:14:59,207 : INFO : EventManager : Event: ======'machine_var_audits_switches_s_right_orbit'====== Args={'value': 47, 'prev_value': None, 'change': True}
2025-11-10 10:14:59,207 : INFO : EventManager : Event: ======'machine_var_audits_switches_s_right_outlane'====== Args={'value': 5, 'prev_value': None, 'change': True}
2025-11-10 10:14:59,207 : INFO : EventManager : Event: ======'machine_var_audits_switches_s_scoop'====== Args={'value': 428, 'prev_value': None, 'change': True}
2025-11-10 10:14:59,207 : INFO : EventManager : Event: ======'machine_var_audits_switches_s_skull_lock1'====== Args={'value': 21, 'prev_value': None, 'change': True}
2025-11-10 10:14:59,207 : INFO : EventManager : Event: ======'machine_var_audits_switches_s_skull_lock2'====== Args={'value': 24, 'prev_value': None, 'change': True}
2025-11-10 10:14:59,207 : INFO : EventManager : Event: ======'machine_var_audits_switches_s_sling_left'====== Args={'value': 0, 'prev_value': None, 'change': True}
2025-11-10 10:14:59,207 : INFO : EventManager : Event: ======'machine_var_audits_switches_s_sling_right'====== Args={'value': 0, 'prev_value': None, 'change': True}
2025-11-10 10:14:59,207 : INFO : EventManager : Event: ======'machine_var_audits_switches_s_start'====== Args={'value': 661, 'prev_value': None, 'change': True}
2025-11-10 10:14:59,207 : INFO : EventManager : Event: ======'machine_var_audits_switches_s_trough1'====== Args={'value': 382, 'prev_value': None, 'change': True}
2025-11-10 10:14:59,207 : INFO : EventManager : Event: ======'machine_var_audits_switches_s_trough2'====== Args={'value': 18, 'prev_value': None, 'change': True}
2025-11-10 10:14:59,207 : INFO : EventManager : Event: ======'machine_var_audits_switches_s_trough3'====== Args={'value': 1, 'prev_value': None, 'change': True}
2025-11-10 10:14:59,207 : INFO : EventManager : Event: ======'machine_var_audits_switches_s_trough4'====== Args={'value': 1, 'prev_value': None, 'change': True}
2025-11-10 10:14:59,207 : INFO : EventManager : Event: ======'machine_var_audits_switches_s_trough_jam'====== Args={'value': 8, 'prev_value': None, 'change': True}
2025-11-10 10:14:59,207 : INFO : EventManager : Event: ======'init_phase_5'====== Args={}
2025-11-10 10:14:59,207 : INFO : EventManager : Event: ======'init_done'====== Args={}
2025-11-10 10:14:59,208 : INFO : EventManager : Event: ======'machine_reset_phase_1'====== Args={}
2025-11-10 10:14:59,248 : INFO : EventManager : Event: ======'machine_reset_phase_2'====== Args={}
2025-11-10 10:14:59,249 : INFO : EventManager : Event: ======'machine_reset_phase_3'====== Args={}
2025-11-10 10:14:59,249 : INFO : EventManager : Event: ======'reset_complete'====== Args={}
2025-11-10 10:14:59,249 : INFO : EventManager : Event: ======'mode_attract_will_start'====== Args={}
2025-11-10 10:14:59,250 : INFO : Timer.attract_carousel_timer : Starting Timer.
2025-11-10 10:14:59,250 : INFO : EventManager : Event: ======'timer_attract_carousel_timer_started'====== Args={'ticks': 0, 'ticks_remaining': 1}
2025-11-10 10:14:59,250 : INFO : EventManager : Event: ======'timer_attract_carousel_timer_tick'====== Args={'ticks': 0, 'ticks_remaining': 1}
2025-11-10 10:14:59,250 : INFO : EventManager : Event: ======'mode_attract_starting'====== Args={}
2025-11-10 10:14:59,250 : INFO : Mode.attract : Started. Priority: 10
2025-11-10 10:14:59,250 : INFO : EventManager : Event: ======'modes_active_modes_changed'====== Args={}
2025-11-10 10:14:59,250 : INFO : EventManager : Event: ======'mode_attract_started'====== Args={}
2025-11-10 10:14:59,250 : INFO : EventManager : Event: ======'collecting_balls_complete'====== Args={}
2025-11-10 10:14:59,250 : INFO : EventManager : Event: ======'carousel_item_highlighted'====== Args={'carousel': 'attract', 'direction': None, 'item': 'title'}
2025-11-10 10:14:59,250 : INFO : Machine : Starting the main run loop with active modes: [<Mode.attract>]
2025-11-10 10:14:59,664 : INFO : EventManager : Event: ======'slide_attract_created'====== Args={'_from_bcp': True}
2025-11-10 10:14:59,664 : INFO : EventManager : Event: ======'slide__removed'====== Args={'_from_bcp': True}
2025-11-10 10:14:59,664 : INFO : EventManager : Event: ======'slide_attract_active'====== Args={'original_context': 'attract', 'original_calling_context': 'mode_attract_started', 'priority': 10.0, 'cmd': 'slides_play', '_from_bcp': True}
2025-11-10 10:14:59,880 : INFO : BcpServer : New client connected.
2025-11-10 10:15:04,251 : INFO : Timer.attract_carousel_timer : Timer Complete
2025-11-10 10:15:04,251 : INFO : Timer.attract_carousel_timer : Stopping Timer
2025-11-10 10:15:04,252 : INFO : EventManager : Event: ======'timer_attract_carousel_timer_stopped'====== Args={'ticks': 1, 'ticks_remaining': 1}
2025-11-10 10:15:04,253 : INFO : EventManager : Event: ======'timer_attract_carousel_timer_complete'====== Args={'ticks': 1, 'ticks_remaining': 1}
2025-11-10 10:15:04,253 : INFO : EventManager : Event: ======'carousel_item_highlighted'====== Args={'carousel': 'attract', 'direction': 'forwards', 'item': 'credits'}
2025-11-10 10:15:06,009 : INFO : SwitchController : <<<<<<< 's_start' active >>>>>>>
2025-11-10 10:15:06,108 : INFO : SwitchController : <<<<<<< 's_start' inactive >>>>>>>
2025-11-10 10:15:06,108 : INFO : EventManager : Event: ======'request_to_start_game'====== Args={}
2025-11-10 10:15:06,109 : INFO : EventManager : Event: ======'game_start'====== Args={'buttons': [], 'hold_time': 0.09939141606446356}
2025-11-10 10:15:06,110 : INFO : EventManager : Event: ======'mode_game_will_start'====== Args={'buttons': [], 'hold_time': 0.09939141606446356}
2025-11-10 10:15:06,111 : INFO : EventManager : Event: ======'mode_game_starting'====== Args={'buttons': [], 'hold_time': 0.09939141606446356}
2025-11-10 10:15:06,111 : INFO : EventManager : Event: ======'mode_attract_will_stop'====== Args={}
2025-11-10 10:15:06,111 : INFO : EventManager : Event: ======'mode_attract_stopping'====== Args={}
2025-11-10 10:15:06,112 : INFO : Mode.attract : Stopped.
2025-11-10 10:15:06,112 : INFO : EventManager : Event: ======'modes_active_modes_changed'====== Args={}
2025-11-10 10:15:06,113 : INFO : EventManager : Event: ======'mode_attract_stopped'====== Args={}
2025-11-10 10:15:06,113 : INFO : EventManager : Event: ======'clear'====== Args={'key': 'attract'}
2025-11-10 10:15:06,113 : INFO : Timer.attract_carousel_timer : Stopping Timer
2025-11-10 10:15:06,113 : INFO : EventManager : Event: ======'timer_attract_carousel_timer_stopped'====== Args={'ticks': 1, 'ticks_remaining': 1}
2025-11-10 10:15:06,113 : INFO : Mode.game : Started. Priority: 20
2025-11-10 10:15:06,113 : INFO : EventManager : Event: ======'modes_active_modes_changed'====== Args={}
2025-11-10 10:15:06,114 : INFO : EventManager : Event: ======'mode_game_started'====== Args={'buttons': [], 'hold_time': 0.09939141606446356}
2025-11-10 10:15:06,114 : INFO : EventManager : Event: ======'game_will_start'====== Args={}
2025-11-10 10:15:06,114 : INFO : EventManager : Event: ======'game_starting'====== Args={'game': <Mode.game>}
2025-11-10 10:15:06,115 : INFO : EventManager : Unordered handler for class <Auditor> on event game_ended with priority 1. Handlers: [RegisteredHandler(callback=<bound method Auditor.disable of <Auditor>>, priority=1, kwargs={}, key=UUID('2ab3ab0e-7111-45a9-a804-09e7ed76fd40'), condition=None, blocking_facility=None), RegisteredHandler(callback=<bound method Auditor._save_audits of <Auditor>>, priority=1, kwargs={}, key=UUID('866d8d8c-b4b9-4192-b6b0-86a096c10334'), condition=None, blocking_facility=None)]. The order of those handlers is not defined and they will be executed in random order. This might lead to race conditions and potential bugs.
2025-11-10 10:15:06,115 : INFO : EventManager : Event: ======'player_add_request'====== Args={}
2025-11-10 10:15:06,115 : INFO : EventManager : Event: ======'player_will_add'====== Args={'number': 1}
2025-11-10 10:15:06,116 : INFO : EventManager : Event: ======'player_adding'====== Args={'player': <Player 1>, 'number': 1}
2025-11-10 10:15:06,116 : INFO : EventManager : Event: ======'player_added'====== Args={'player': <Player 1>, 'num': 1}
2025-11-10 10:15:06,116 : INFO : Mode.game : Player added successfully. Total players: 1
2025-11-10 10:15:06,117 : INFO : EventManager : Event: ======'player_index'====== Args={'value': 0, 'prev_value': 0, 'change': 0, 'player_num': 1}
2025-11-10 10:15:06,117 : INFO : EventManager : Event: ======'player_number'====== Args={'value': 1, 'prev_value': 1, 'change': 0, 'player_num': 1}
2025-11-10 10:15:06,117 : INFO : EventManager : Event: ======'player_bonus_multiplier'====== Args={'value': 1, 'prev_value': 1, 'change': 0, 'player_num': 1}
2025-11-10 10:15:06,118 : INFO : EventManager : Event: ======'player_skull_ramp_nb'====== Args={'value': 0, 'prev_value': 0, 'change': 0, 'player_num': 1}
2025-11-10 10:15:06,118 : INFO : EventManager : Event: ======'player_score'====== Args={'value': 0, 'prev_value': 0, 'change': 0, 'player_num': 1}
2025-11-10 10:15:06,118 : INFO : EventManager : Event: ======'game_started'====== Args={}
2025-11-10 10:15:06,119 : INFO : EventManager : Event: ======'player_turn_will_start'====== Args={'player': <Player 1>, 'number': 1}
2025-11-10 10:15:06,119 : INFO : EventManager : Event: ======'player_turn_starting'====== Args={'player': <Player 1>, 'number': 1}
2025-11-10 10:15:06,127 : INFO : EventManager : Event: ======'player_ball'====== Args={'value': 1, 'prev_value': 0, 'change': 1, 'player_num': 1}
2025-11-10 10:15:06,127 : INFO : EventManager : Event: ======'player_turn_started'====== Args={'player': <Player 1>, 'number': 1}
2025-11-10 10:15:06,128 : INFO : EventManager : Event: ======'ball_will_start'====== Args={'player': 1, 'ball': 1, 'balls_remaining': 2, 'is_extra_ball': False}
2025-11-10 10:15:06,128 : INFO : EventManager : Event: ======'ball_starting'====== Args={'player': 1, 'ball': 1, 'balls_remaining': 2, 'is_extra_ball': False}
2025-11-10 10:15:06,128 : INFO : EventManager : Event: ======'mode_base_will_start'====== Args={'queue': <QueuedEvent>, 'player': 1, 'ball': 1, 'balls_remaining': 2, 'is_extra_ball': False}
2025-11-10 10:15:06,129 : INFO : EventManager : Event: ======'player_base_player_added_timer_tick'====== Args={'value': 0, 'prev_value': 0, 'change': 0, 'player_num': 1}
2025-11-10 10:15:06,129 : INFO : Timer.player_added_timer : Starting Timer.
2025-11-10 10:15:06,129 : INFO : EventManager : Event: ======'timer_player_added_timer_started'====== Args={'ticks': 0, 'ticks_remaining': 1}
2025-11-10 10:15:06,129 : INFO : EventManager : Event: ======'timer_player_added_timer_tick'====== Args={'ticks': 0, 'ticks_remaining': 1}
2025-11-10 10:15:06,130 : INFO : EventManager : Event: ======'mode_base_starting'====== Args={'queue': <QueuedEvent>, 'player': 1, 'ball': 1, 'balls_remaining': 2, 'is_extra_ball': False}
2025-11-10 10:15:06,130 : INFO : Mode.base : Started. Priority: 100
2025-11-10 10:15:06,130 : INFO : EventManager : Event: ======'modes_active_modes_changed'====== Args={}
2025-11-10 10:15:06,131 : INFO : EventManager : Event: ======'mode_base_started'====== Args={'queue': <QueuedEvent>, 'player': 1, 'ball': 1, 'balls_remaining': 2, 'is_extra_ball': False}
2025-11-10 10:15:06,131 : INFO : EventManager : Event: ======'start_mode_bumpers'====== Args={'priority': 0}
2025-11-10 10:15:06,131 : INFO : EventManager : Event: ======'start_mode_csi_lanes'====== Args={'priority': 0}
2025-11-10 10:15:06,131 : INFO : EventManager : Event: ======'start_mode_skull'====== Args={'priority': 0}
2025-11-10 10:15:06,131 : INFO : EventManager : Event: ======'mode_bumpers_will_start'====== Args={'priority': 0}
2025-11-10 10:15:06,132 : INFO : EventManager : Event: ======'player_shot_bumper1_enabled'====== Args={'value': True, 'prev_value': 0, 'change': 1, 'player_num': 1}
2025-11-10 10:15:06,132 : INFO : EventManager : Event: ======'player_shot_bumper2_enabled'====== Args={'value': True, 'prev_value': 0, 'change': 1, 'player_num': 1}
2025-11-10 10:15:06,133 : INFO : EventManager : Event: ======'player_shot_bumper3_enabled'====== Args={'value': True, 'prev_value': 0, 'change': 1, 'player_num': 1}
2025-11-10 10:15:06,133 : INFO : EventManager : Event: ======'bumpers_complete'====== Args={'state': 'unlit'}
2025-11-10 10:15:06,133 : INFO : EventManager : Event: ======'bumpers_unlit_complete'====== Args={}
2025-11-10 10:15:06,134 : INFO : EventManager : Event: ======'player_bumpers_bumper_timer_tick'====== Args={'value': 0, 'prev_value': 0, 'change': 0, 'player_num': 1}
2025-11-10 10:15:06,134 : INFO : Timer.bumper_timer : Starting Timer.
2025-11-10 10:15:06,134 : INFO : EventManager : Event: ======'timer_bumper_timer_started'====== Args={'ticks': 0, 'ticks_remaining': 1}
2025-11-10 10:15:06,134 : INFO : EventManager : Event: ======'timer_bumper_timer_tick'====== Args={'ticks': 0, 'ticks_remaining': 1}
2025-11-10 10:15:06,135 : INFO : EventManager : Event: ======'mode_bumpers_starting'====== Args={'priority': 0}
2025-11-10 10:15:06,135 : INFO : EventManager : Event: ======'mode_csi_lanes_will_start'====== Args={'priority': 0}
2025-11-10 10:15:06,136 : INFO : EventManager : Event: ======'player_shot_c_shot_enabled'====== Args={'value': True, 'prev_value': 0, 'change': 1, 'player_num': 1}
2025-11-10 10:15:06,136 : INFO : EventManager : Event: ======'player_shot_s_shot_enabled'====== Args={'value': True, 'prev_value': 0, 'change': 1, 'player_num': 1}
2025-11-10 10:15:06,137 : INFO : EventManager : Event: ======'player_shot_i_shot_enabled'====== Args={'value': True, 'prev_value': 0, 'change': 1, 'player_num': 1}
2025-11-10 10:15:06,137 : INFO : EventManager : Event: ======'csi_shots_complete'====== Args={'state': 'unlit'}
2025-11-10 10:15:06,137 : INFO : EventManager : Event: ======'csi_shots_unlit_complete'====== Args={}
2025-11-10 10:15:06,138 : INFO : EventManager : Event: ======'player_csi_lanes_csi_lanes_timer_tick'====== Args={'value': 0, 'prev_value': 0, 'change': 0, 'player_num': 1}
2025-11-10 10:15:06,138 : INFO : Timer.csi_lanes_timer : Starting Timer.
2025-11-10 10:15:06,138 : INFO : EventManager : Event: ======'timer_csi_lanes_timer_started'====== Args={'ticks': 0, 'ticks_remaining': 1}
2025-11-10 10:15:06,138 : INFO : EventManager : Event: ======'timer_csi_lanes_timer_tick'====== Args={'ticks': 0, 'ticks_remaining': 1}
2025-11-10 10:15:06,138 : INFO : EventManager : Event: ======'player_csi_lanes_csi_right_orbit_timer_tick'====== Args={'value': 0, 'prev_value': 0, 'change': 0, 'player_num': 1}
2025-11-10 10:15:06,139 : INFO : EventManager : Event: ======'mode_csi_lanes_starting'====== Args={'priority': 0}
2025-11-10 10:15:06,140 : INFO : EventManager : Event: ======'mode_skull_will_start'====== Args={'priority': 0}
2025-11-10 10:15:06,140 : INFO : EventManager : Event: ======'player_skull_pause_timer_tick'====== Args={'value': 0, 'prev_value': 0, 'change': 0, 'player_num': 1}
2025-11-10 10:15:06,140 : INFO : Timer.pause_timer : Starting Timer.
2025-11-10 10:15:06,141 : INFO : EventManager : Event: ======'timer_pause_timer_started'====== Args={'ticks': 0, 'ticks_remaining': 1}
2025-11-10 10:15:06,141 : INFO : EventManager : Event: ======'timer_pause_timer_tick'====== Args={'ticks': 0, 'ticks_remaining': 1}
2025-11-10 10:15:06,141 : INFO : EventManager : Event: ======'mode_skull_starting'====== Args={'priority': 0}
2025-11-10 10:15:06,141 : INFO : Mode.bumpers : Started. Priority: 200
2025-11-10 10:15:06,141 : INFO : EventManager : Event: ======'modes_active_modes_changed'====== Args={}
2025-11-10 10:15:06,141 : INFO : EventManager : Event: ======'mode_bumpers_started'====== Args={'priority': 0}
2025-11-10 10:15:06,142 : INFO : EventManager : Event: ======'balls_in_play'====== Args={'balls': 1}
2025-11-10 10:15:06,142 : INFO : EventManager : Event: ======'ball_started'====== Args={'player': 1, 'ball': 1, 'balls_remaining': 2, 'is_extra_ball': False}
2025-11-10 10:15:06,142 : INFO : EventManager : Event: ======'logicblock_csi_lanes_then_scoop_updated'====== Args={'value': 0, 'enabled': True}
2025-11-10 10:15:06,142 : INFO : EventManager : Event: ======'logicblock_csi_lanes_then_scoop_then_right_orbit_updated'====== Args={'value': 0, 'enabled': True}
2025-11-10 10:15:06,143 : INFO : EventManager : Event: ======'logicblock_csi_lanes_then_scoop_updated'====== Args={'value': 0, 'enabled': True}
2025-11-10 10:15:06,143 : INFO : EventManager : Event: ======'logicblock_csi_lanes_then_scoop_then_right_orbit_updated'====== Args={'value': 0, 'enabled': True}
2025-11-10 10:15:06,143 : INFO : Mode.csi_lanes : Started. Priority: 200
2025-11-10 10:15:06,143 : INFO : EventManager : Event: ======'modes_active_modes_changed'====== Args={}
2025-11-10 10:15:06,143 : INFO : EventManager : Event: ======'mode_csi_lanes_started'====== Args={'priority': 0}
2025-11-10 10:15:06,143 : INFO : EventManager : Event: ======'player_multiplier'====== Args={'value': 1, 'prev_value': 0, 'change': 1, 'player_num': 1, 'source': 'csi_lanes'}
2025-11-10 10:15:06,143 : INFO : EventManager : Event: ======'logicblock_seq_lock1_updated'====== Args={'value': 0, 'enabled': True}
2025-11-10 10:15:06,143 : INFO : EventManager : Event: ======'logicblock_seq_lock2_updated'====== Args={'value': 0, 'enabled': True}
2025-11-10 10:15:06,143 : INFO : EventManager : Event: ======'logicblock_seq_ready_for_MB_updated'====== Args={'value': 0, 'enabled': True}
2025-11-10 10:15:06,143 : INFO : EventManager : Event: ======'logicblock_seq_lock1_updated'====== Args={'value': 0, 'enabled': True}
2025-11-10 10:15:06,143 : INFO : EventManager : Event: ======'logicblock_seq_lock2_updated'====== Args={'value': 0, 'enabled': True}
2025-11-10 10:15:06,143 : INFO : EventManager : Event: ======'logicblock_seq_ready_for_MB_updated'====== Args={'value': 0, 'enabled': True}
2025-11-10 10:15:06,143 : INFO : Mode.skull : Started. Priority: 200
2025-11-10 10:15:06,143 : INFO : EventManager : Event: ======'modes_active_modes_changed'====== Args={}
2025-11-10 10:15:06,143 : INFO : EventManager : Event: ======'mode_skull_started'====== Args={'priority': 0}
2025-11-10 10:15:06,144 : INFO : EventManager : Event: ======'single_player_ball_started'====== Args={}
2025-11-10 10:15:06,144 : INFO : EventManager : Event: ======'ball_start_target'====== Args={'target': 'playfield'}
2025-11-10 10:15:06,145 : INFO : ball_device.bd_trough : Setting up player-controlled eject. Balls: 1, Target: <playfield.playfield>, player_controlled_eject_event: None
2025-11-10 10:15:06,145 : INFO : ball_device.bd_trough : Adding 1 ball(s) to the eject_queue with target <playfield.playfield>.
2025-11-10 10:15:06,145 : INFO : EventManager : Event: ======'balldevice_balls_available'====== Args={}
2025-11-10 10:15:06,145 : INFO : ball_device.bd_trough : State: waiting_for_target_ready
2025-11-10 10:15:06,146 : INFO : EventManager : Event: ======'balldevice_bd_trough_ball_eject_attempt'====== Args={'balls': 1, 'target': <ball_device.bd_plunger>, 'source': <ball_device.bd_trough>, 'mechanical_eject': False, 'num_attempts': 0}
2025-11-10 10:15:06,146 : INFO : ball_device.bd_plunger : State: waiting_for_ball
2025-11-10 10:15:06,146 : INFO : ball_device.bd_trough : State: ejecting
2025-11-10 10:15:06,146 : INFO : ball_device.bd_trough : Ejecting ball to <ball_device.bd_plunger>
2025-11-10 10:15:06,146 : INFO : EventManager : Event: ======'balldevice_bd_trough_ejecting_ball'====== Args={'balls': 1, 'target': <ball_device.bd_plunger>, 'source': <ball_device.bd_trough>, 'mechanical_eject': False, 'num_attempts': 0}
2025-11-10 10:15:06,146 : INFO : ball_device.bd_trough : Wait for ball to leave device
2025-11-10 10:15:06,146 : INFO : coil.c_trough_eject : Pulsing Driver for 20ms (1.0 pulse_power)
2025-11-10 10:15:06,146 : INFO : SwitchController : <<<<<<< 's_trough1' inactive >>>>>>>
2025-11-10 10:15:06,147 : INFO : ball_device.bd_trough : State: ball_left
2025-11-10 10:15:06,147 : INFO : ball_device.bd_trough : Ball left
2025-11-10 10:15:06,147 : INFO : ball_device.bd_trough : Wait for confirm with timeout 3.0
2025-11-10 10:15:06,247 : INFO : SwitchController : <<<<<<< 's_plunger_lane' active >>>>>>>
2025-11-10 10:15:06,247 : INFO : EventManager : Event: ======'machine_var_audits_switches_s_plunger_lane'====== Args={'value': 857, 'prev_value': 856, 'change': 1}
2025-11-10 10:15:06,298 : INFO : EventManager : Event: ======'slide_base_slide_created'====== Args={'_from_bcp': True}
2025-11-10 10:15:06,298 : INFO : EventManager : Event: ======'slide_attract_inactive'====== Args={'is_removing': True, '_from_bcp': True}
2025-11-10 10:15:06,298 : INFO : EventManager : Event: ======'slide_base_slide_active'====== Args={'original_context': 'base', 'original_calling_context': 'mode_base_started', 'priority': 100.0, 'queue': '<QueuedEvent>', 'player': 1.0, 'ball': 1.0, 'balls_remaining': 2.0, 'is_extra_ball': False, 'cmd': 'slides_play', '_from_bcp': True}
2025-11-10 10:15:06,299 : INFO : EventManager : Event: ======'slide_attract_removed'====== Args={'_from_bcp': True}
2025-11-10 10:15:06,635 : INFO : EventManager : Event: ======'player_bumpers_bumper_timer_tick'====== Args={'value': 1, 'prev_value': 0, 'change': 1, 'player_num': 1}
2025-11-10 10:15:06,636 : INFO : Timer.bumper_timer : Timer Complete
2025-11-10 10:15:06,636 : INFO : Timer.bumper_timer : Stopping Timer
2025-11-10 10:15:06,637 : INFO : EventManager : Event: ======'timer_bumper_timer_stopped'====== Args={'ticks': 1, 'ticks_remaining': 1}
2025-11-10 10:15:06,637 : INFO : EventManager : Event: ======'timer_bumper_timer_complete'====== Args={'ticks': 1, 'ticks_remaining': 1}
2025-11-10 10:15:06,748 : INFO : ball_device.bd_plunger : Received ball from <ball_device.bd_trough>
2025-11-10 10:15:06,748 : INFO : EventManager : Event: ======'balldevice_bd_plunger_ball_enter'====== Args={'new_balls': 1, 'unclaimed_balls': 0, 'new_available_balls': 0, 'device': <ball_device.bd_plunger>}
2025-11-10 10:15:06,749 : INFO : EventManager : Event: ======'balldevice_bd_plunger_ball_entered'====== Args={'new_balls': 0, 'device': <ball_device.bd_plunger>}
2025-11-10 10:15:06,749 : INFO : EventManager : Event: ======'balldevice_bd_plunger_ball_count_changed'====== Args={'balls': 1}
2025-11-10 10:15:06,750 : INFO : ball_device.bd_trough : Got eject confirm
2025-11-10 10:15:06,750 : INFO : ball_device.bd_trough : Eject successful
2025-11-10 10:15:06,750 : INFO : EventManager : Event: ======'balldevice_bd_trough_ball_eject_success'====== Args={'balls': 1, 'target': <ball_device.bd_plunger>}
2025-11-10 10:15:06,750 : INFO : EventManager : Event: ======'balldevice_bd_trough_ball_count_changed'====== Args={'balls': 3}
2025-11-10 10:15:06,750 : INFO : ball_device.bd_trough : State: idle
2025-11-10 10:15:06,750 : INFO : ball_device.bd_plunger : State: waiting_for_target_ready
2025-11-10 10:15:06,750 : INFO : EventManager : Event: ======'balldevice_bd_plunger_ball_eject_attempt'====== Args={'balls': 1, 'target': <playfield.playfield>, 'source': <ball_device.bd_plunger>, 'mechanical_eject': False, 'num_attempts': 0}
2025-11-10 10:15:06,751 : INFO : ball_device.bd_plunger : State: ejecting
2025-11-10 10:15:06,751 : INFO : ball_device.bd_plunger : Ejecting ball to <playfield.playfield>
2025-11-10 10:15:06,751 : INFO : EventManager : Event: ======'balldevice_bd_plunger_ejecting_ball'====== Args={'balls': 1, 'target': <playfield.playfield>, 'source': <ball_device.bd_plunger>, 'mechanical_eject': False, 'num_attempts': 0}
2025-11-10 10:15:06,752 : INFO : ball_device.bd_plunger : Wait for ball to leave device
2025-11-10 10:15:06,752 : INFO : coil.c_plunger : Pulsing Driver for 20ms (1.0 pulse_power)
2025-11-10 10:15:06,752 : INFO : SwitchController : <<<<<<< 's_plunger_lane' inactive >>>>>>>
2025-11-10 10:15:06,752 : INFO : ball_device.bd_plunger : State: ball_left
2025-11-10 10:15:06,752 : INFO : ball_device.bd_plunger : Ball left
2025-11-10 10:15:06,752 : INFO : ball_device.bd_plunger : Wait for confirm with timeout 3.0
2025-11-10 10:15:06,830 : INFO : EventManager : Event: ======'player_base_player_added_timer_tick'====== Args={'value': 1, 'prev_value': 0, 'change': 1, 'player_num': 1}
2025-11-10 10:15:06,830 : INFO : Timer.player_added_timer : Timer Complete
2025-11-10 10:15:06,830 : INFO : Timer.player_added_timer : Stopping Timer
2025-11-10 10:15:06,831 : INFO : EventManager : Event: ======'timer_player_added_timer_stopped'====== Args={'ticks': 1, 'ticks_remaining': 1}
2025-11-10 10:15:06,831 : INFO : EventManager : Event: ======'timer_player_added_timer_complete'====== Args={'ticks': 1, 'ticks_remaining': 1}
2025-11-10 10:15:06,838 : INFO : EventManager : Event: ======'player_csi_lanes_csi_lanes_timer_tick'====== Args={'value': 1, 'prev_value': 0, 'change': 1, 'player_num': 1}
2025-11-10 10:15:06,839 : INFO : Timer.csi_lanes_timer : Timer Complete
2025-11-10 10:15:06,839 : INFO : Timer.csi_lanes_timer : Stopping Timer
2025-11-10 10:15:06,839 : INFO : EventManager : Event: ======'timer_csi_lanes_timer_stopped'====== Args={'ticks': 1, 'ticks_remaining': 1}
2025-11-10 10:15:06,839 : INFO : EventManager : Event: ======'timer_csi_lanes_timer_complete'====== Args={'ticks': 1, 'ticks_remaining': 1}
2025-11-10 10:15:09,692 : INFO : SwitchController : <<<<<<< 's_popbumper1' active >>>>>>>
2025-11-10 10:15:09,692 : INFO : EventManager : Event: ======'playfield_active'====== Args={'source': 'bumper1'}
2025-11-10 10:15:09,693 : INFO : EventManager : Event: ======'s_popbumper1_active'====== Args={}
2025-11-10 10:15:09,693 : INFO : EventManager : Event: ======'playfield_active'====== Args={'source': 'ac_popbumper1'}
2025-11-10 10:15:09,694 : INFO : EventManager : Event: ======'machine_var_audits_switches_s_popbumper1'====== Args={'value': 4331, 'prev_value': 4330, 'change': 1}
2025-11-10 10:15:09,695 : INFO : EventManager : Event: ======'player_shot_bumper1'====== Args={'value': 1, 'prev_value': 0, 'change': 1, 'player_num': 1}
2025-11-10 10:15:09,702 : INFO : EventManager : Event: ======'machine_var_audits_shots_bumper1'====== Args={'value': 4287, 'prev_value': 4286, 'change': 1}
2025-11-10 10:15:09,707 : INFO : EventManager : Event: ======'bumper1_hit'====== Args={'profile': 'default', 'state': 'unlit', 'advancing': True}
2025-11-10 10:15:09,708 : INFO : EventManager : Event: ======'bumper1_default_hit'====== Args={'profile': 'default', 'state': 'unlit', 'advancing': True}
2025-11-10 10:15:09,708 : INFO : EventManager : Event: ======'bumper1_default_unlit_hit'====== Args={'profile': 'default', 'state': 'unlit', 'advancing': True}
2025-11-10 10:15:09,708 : INFO : EventManager : Event: ======'bumper1_unlit_hit'====== Args={'profile': 'default', 'state': 'unlit', 'advancing': True}
2025-11-10 10:15:09,709 : INFO : EventManager : Event: ======'bumpers_hit'====== Args={'shot': 'bumper1'}
2025-11-10 10:15:09,709 : INFO : EventManager : Event: ======'bumpers_unlit_hit'====== Args={'shot': 'bumper1'}
2025-11-10 10:15:09,709 : INFO : EventManager : Event: ======'player_score'====== Args={'value': 3000, 'prev_value': 0, 'change': 3000, 'player_num': 1, 'source': 'bumpers'}
2025-11-10 10:15:09,710 : INFO : EventManager : Event: ======'player_bumpers_bumper_timer_tick'====== Args={'value': 0, 'prev_value': 1, 'change': -1, 'player_num': 1}
2025-11-10 10:15:09,710 : INFO : Timer.bumper_timer : Starting Timer.
2025-11-10 10:15:09,710 : INFO : EventManager : Event: ======'timer_bumper_timer_started'====== Args={'ticks': 0, 'ticks_remaining': 1}
2025-11-10 10:15:09,711 : INFO : EventManager : Event: ======'timer_bumper_timer_tick'====== Args={'ticks': 0, 'ticks_remaining': 1}
2025-11-10 10:15:09,711 : INFO : ball_device.bd_plunger : Got eject confirm
2025-11-10 10:15:09,711 : INFO : ball_device.bd_plunger : Eject successful
2025-11-10 10:15:09,711 : INFO : EventManager : Event: ======'balldevice_bd_plunger_ball_eject_success'====== Args={'balls': 1, 'target': <playfield.playfield>}
2025-11-10 10:15:09,711 : INFO : EventManager : Event: ======'balldevice_playfield_ball_enter'====== Args={'new_balls': 1, 'unclaimed_balls': 1, 'device': <playfield.playfield>}
2025-11-10 10:15:09,712 : INFO : EventManager : Event: ======'playfield_ball_count_change'====== Args={'balls': 1, 'change': 1}
2025-11-10 10:15:09,712 : INFO : EventManager : Event: ======'balldevice_bd_plunger_ball_count_changed'====== Args={'balls': 0}
2025-11-10 10:15:09,712 : INFO : ball_device.bd_plunger : State: idle
2025-11-10 10:15:09,757 : INFO : EventManager : Event: ======'widget_bumper_widget_active'====== Args={'original_context': 'bumpers', 'original_calling_context': 'bumpers_hit', 'priority': 200.0, 'shot': 'bumper1', 'cmd': 'widgets_play', '_from_bcp': True}
2025-11-10 10:15:09,925 : INFO : SwitchController : <<<<<<< 's_popbumper1' inactive >>>>>>>
2025-11-10 10:15:10,008 : INFO : SwitchController : <<<<<<< 's_popbumper3' active >>>>>>>
2025-11-10 10:15:10,009 : INFO : EventManager : Event: ======'s_popbumper3_active'====== Args={}
2025-11-10 10:15:10,009 : INFO : EventManager : Event: ======'machine_var_audits_switches_s_popbumper3'====== Args={'value': 4084, 'prev_value': 4083, 'change': 1}
2025-11-10 10:15:10,010 : INFO : EventManager : Event: ======'player_shot_bumper3'====== Args={'value': 1, 'prev_value': 0, 'change': 1, 'player_num': 1}
2025-11-10 10:15:10,011 : INFO : EventManager : Event: ======'machine_var_audits_shots_bumper3'====== Args={'value': 4042, 'prev_value': 4041, 'change': 1}
2025-11-10 10:15:10,011 : INFO : EventManager : Event: ======'bumper3_hit'====== Args={'profile': 'default', 'state': 'unlit', 'advancing': True}
2025-11-10 10:15:10,012 : INFO : EventManager : Event: ======'bumper3_default_hit'====== Args={'profile': 'default', 'state': 'unlit', 'advancing': True}
2025-11-10 10:15:10,012 : INFO : EventManager : Event: ======'bumper3_default_unlit_hit'====== Args={'profile': 'default', 'state': 'unlit', 'advancing': True}
2025-11-10 10:15:10,012 : INFO : EventManager : Event: ======'bumper3_unlit_hit'====== Args={'profile': 'default', 'state': 'unlit', 'advancing': True}
2025-11-10 10:15:10,013 : INFO : EventManager : Event: ======'bumpers_hit'====== Args={'shot': 'bumper3'}
2025-11-10 10:15:10,013 : INFO : EventManager : Event: ======'bumpers_unlit_hit'====== Args={'shot': 'bumper3'}
2025-11-10 10:15:10,014 : INFO : EventManager : Event: ======'player_score'====== Args={'value': 6000, 'prev_value': 3000, 'change': 3000, 'player_num': 1, 'source': 'bumpers'}
2025-11-10 10:15:10,014 : INFO : EventManager : Event: ======'timer_bumper_timer_tick'====== Args={'ticks': 0, 'ticks_remaining': 1}
2025-11-10 10:15:10,124 : INFO : SwitchController : <<<<<<< 's_popbumper3' inactive >>>>>>>
2025-11-10 10:15:10,515 : INFO : EventManager : Event: ======'player_bumpers_bumper_timer_tick'====== Args={'value': 1, 'prev_value': 0, 'change': 1, 'player_num': 1}
2025-11-10 10:15:10,516 : INFO : Timer.bumper_timer : Timer Complete
2025-11-10 10:15:10,516 : INFO : Timer.bumper_timer : Stopping Timer
2025-11-10 10:15:10,516 : INFO : EventManager : Event: ======'timer_bumper_timer_stopped'====== Args={'ticks': 1, 'ticks_remaining': 1}
2025-11-10 10:15:10,516 : INFO : EventManager : Event: ======'timer_bumper_timer_complete'====== Args={'ticks': 1, 'ticks_remaining': 1}
2025-11-10 10:15:10,558 : INFO : EventManager : Event: ======'widget_bumper_widget_removed'====== Args={'_from_bcp': True}
2025-11-10 10:15:16,142 : INFO : EventManager : Event: ======'player_skull_pause_timer_tick'====== Args={'value': 1, 'prev_value': 0, 'change': 1, 'player_num': 1}
2025-11-10 10:15:16,143 : INFO : Timer.pause_timer : Timer Complete
2025-11-10 10:15:16,143 : INFO : Timer.pause_timer : Stopping Timer
2025-11-10 10:15:16,143 : INFO : EventManager : Event: ======'timer_pause_timer_stopped'====== Args={'ticks': 1, 'ticks_remaining': 1}
2025-11-10 10:15:16,143 : INFO : EventManager : Event: ======'timer_pause_timer_complete'====== Args={'ticks': 1, 'ticks_remaining': 1}
2025-11-10 10:15:22,113 : INFO : SwitchController : <<<<<<< 's_ramp' active >>>>>>>
2025-11-10 10:15:22,114 : INFO : EventManager : Event: ======'s_ramp_active'====== Args={}
2025-11-10 10:15:22,114 : INFO : EventManager : Event: ======'machine_var_audits_switches_s_ramp'====== Args={'value': 429, 'prev_value': 428, 'change': 1}
2025-11-10 10:15:22,115 : INFO : EventManager : Event: ======'player_skull_ramp_nb'====== Args={'value': 1, 'prev_value': 0, 'change': 1, 'player_num': 1, 'source': 'skull'}
2025-11-10 10:15:22,296 : INFO : SwitchController : <<<<<<< 's_ramp' inactive >>>>>>>
2025-11-10 10:15:22,395 : INFO : SwitchController : <<<<<<< 's_ramp' active >>>>>>>
2025-11-10 10:15:22,395 : INFO : EventManager : Event: ======'s_ramp_active'====== Args={}
2025-11-10 10:15:22,395 : INFO : EventManager : Event: ======'machine_var_audits_switches_s_ramp'====== Args={'value': 430, 'prev_value': 429, 'change': 1}
2025-11-10 10:15:22,396 : INFO : EventManager : Event: ======'player_skull_ramp_nb'====== Args={'value': 2, 'prev_value': 1, 'change': 1, 'player_num': 1, 'source': 'skull'}
2025-11-10 10:15:22,528 : INFO : SwitchController : <<<<<<< 's_ramp' inactive >>>>>>>
2025-11-10 10:15:22,646 : INFO : SwitchController : <<<<<<< 's_ramp' active >>>>>>>
2025-11-10 10:15:22,646 : INFO : EventManager : Event: ======'s_ramp_active'====== Args={}
2025-11-10 10:15:22,646 : INFO : EventManager : Event: ======'machine_var_audits_switches_s_ramp'====== Args={'value': 431, 'prev_value': 430, 'change': 1}
2025-11-10 10:15:22,647 : INFO : EventManager : Event: ======'player_skull_ramp_nb'====== Args={'value': 3, 'prev_value': 2, 'change': 1, 'player_num': 1, 'source': 'skull'}
2025-11-10 10:15:22,777 : INFO : SwitchController : <<<<<<< 's_ramp' inactive >>>>>>>
2025-11-10 10:15:22,845 : INFO : SwitchController : <<<<<<< 's_ramp' active >>>>>>>
2025-11-10 10:15:22,845 : INFO : EventManager : Event: ======'s_ramp_active'====== Args={}
2025-11-10 10:15:22,846 : INFO : EventManager : Event: ======'machine_var_audits_switches_s_ramp'====== Args={'value': 432, 'prev_value': 431, 'change': 1}
2025-11-10 10:15:22,846 : INFO : EventManager : Event: ======'player_skull_ramp_nb'====== Args={'value': 4, 'prev_value': 3, 'change': 1, 'player_num': 1, 'source': 'skull'}
2025-11-10 10:15:22,944 : INFO : SwitchController : <<<<<<< 's_ramp' inactive >>>>>>>
2025-11-10 10:15:23,029 : INFO : SwitchController : <<<<<<< 's_ramp' active >>>>>>>
2025-11-10 10:15:23,029 : INFO : EventManager : Event: ======'s_ramp_active'====== Args={}
2025-11-10 10:15:23,029 : INFO : EventManager : Event: ======'machine_var_audits_switches_s_ramp'====== Args={'value': 433, 'prev_value': 432, 'change': 1}
2025-11-10 10:15:23,030 : INFO : EventManager : Event: ======'player_skull_ramp_nb'====== Args={'value': 5, 'prev_value': 4, 'change': 1, 'player_num': 1, 'source': 'skull'}
2025-11-10 10:15:23,129 : INFO : SwitchController : <<<<<<< 's_ramp' inactive >>>>>>>
2025-11-10 10:15:23,195 : INFO : SwitchController : <<<<<<< 's_ramp' active >>>>>>>
2025-11-10 10:15:23,195 : INFO : EventManager : Event: ======'s_ramp_active'====== Args={}
2025-11-10 10:15:23,195 : INFO : EventManager : Event: ======'machine_var_audits_switches_s_ramp'====== Args={'value': 434, 'prev_value': 433, 'change': 1}
2025-11-10 10:15:23,196 : INFO : EventManager : Event: ======'player_skull_ramp_nb'====== Args={'value': 6, 'prev_value': 5, 'change': 1, 'player_num': 1, 'source': 'skull'}
2025-11-10 10:15:23,277 : INFO : SwitchController : <<<<<<< 's_ramp' inactive >>>>>>>
2025-11-10 10:15:23,345 : INFO : SwitchController : <<<<<<< 's_ramp' active >>>>>>>
2025-11-10 10:15:23,346 : INFO : EventManager : Event: ======'s_ramp_active'====== Args={}
2025-11-10 10:15:23,346 : INFO : EventManager : Event: ======'machine_var_audits_switches_s_ramp'====== Args={'value': 435, 'prev_value': 434, 'change': 1}
2025-11-10 10:15:23,346 : INFO : EventManager : Event: ======'player_skull_ramp_nb'====== Args={'value': 7, 'prev_value': 6, 'change': 1, 'player_num': 1, 'source': 'skull'}
2025-11-10 10:15:23,460 : INFO : SwitchController : <<<<<<< 's_ramp' inactive >>>>>>>
2025-11-10 10:15:23,513 : INFO : SwitchController : <<<<<<< 's_ramp' active >>>>>>>
2025-11-10 10:15:23,513 : INFO : EventManager : Event: ======'s_ramp_active'====== Args={}
2025-11-10 10:15:23,514 : INFO : EventManager : Event: ======'machine_var_audits_switches_s_ramp'====== Args={'value': 436, 'prev_value': 435, 'change': 1}
2025-11-10 10:15:23,514 : INFO : EventManager : Event: ======'player_skull_ramp_nb'====== Args={'value': 8, 'prev_value': 7, 'change': 1, 'player_num': 1, 'source': 'skull'}
2025-11-10 10:15:23,610 : INFO : SwitchController : <<<<<<< 's_ramp' inactive >>>>>>>
2025-11-10 10:15:23,963 : INFO : SwitchController : <<<<<<< 's_ramp' active >>>>>>>
2025-11-10 10:15:23,963 : INFO : EventManager : Event: ======'s_ramp_active'====== Args={}
2025-11-10 10:15:23,963 : INFO : EventManager : Event: ======'machine_var_audits_switches_s_ramp'====== Args={'value': 437, 'prev_value': 436, 'change': 1}
2025-11-10 10:15:23,964 : INFO : EventManager : Event: ======'player_skull_ramp_nb'====== Args={'value': 9, 'prev_value': 8, 'change': 1, 'player_num': 1, 'source': 'skull'}
2025-11-10 10:15:24,077 : INFO : SwitchController : <<<<<<< 's_ramp' inactive >>>>>>>
2025-11-10 10:15:24,346 : INFO : SwitchController : <<<<<<< 's_ramp' active >>>>>>>
2025-11-10 10:15:24,346 : INFO : EventManager : Event: ======'s_ramp_active'====== Args={}
2025-11-10 10:15:24,346 : INFO : EventManager : Event: ======'machine_var_audits_switches_s_ramp'====== Args={'value': 438, 'prev_value': 437, 'change': 1}
2025-11-10 10:15:24,347 : INFO : EventManager : Event: ======'player_skull_ramp_nb'====== Args={'value': 10, 'prev_value': 9, 'change': 1, 'player_num': 1, 'source': 'skull'}
2025-11-10 10:15:24,348 : INFO : EventManager : Event: ======'logicblock_seq_lock1_updated'====== Args={'value': 1, 'enabled': True}
2025-11-10 10:15:24,348 : INFO : EventManager : Event: ======'logicblock_seq_lock1_hit'====== Args={'step': 1}
2025-11-10 10:15:24,460 : INFO : SwitchController : <<<<<<< 's_ramp' inactive >>>>>>>
2025-11-10 10:15:24,896 : INFO : SwitchController : <<<<<<< 's_ramp' active >>>>>>>
2025-11-10 10:15:24,896 : INFO : EventManager : Event: ======'s_ramp_active'====== Args={}
2025-11-10 10:15:24,897 : INFO : EventManager : Event: ======'machine_var_audits_switches_s_ramp'====== Args={'value': 439, 'prev_value': 438, 'change': 1}
2025-11-10 10:15:24,898 : INFO : EventManager : Event: ======'player_skull_ramp_nb'====== Args={'value': 11, 'prev_value': 10, 'change': 1, 'player_num': 1, 'source': 'skull'}
2025-11-10 10:15:25,012 : INFO : SwitchController : <<<<<<< 's_ramp' inactive >>>>>>>
2025-11-10 10:15:26,678 : INFO : SwitchController : <<<<<<< 's_skull_lock1' active >>>>>>>
2025-11-10 10:15:26,678 : INFO : EventManager : Event: ======'s_skull_lock1_active'====== Args={}
2025-11-10 10:15:26,679 : INFO : EventManager : Event: ======'machine_var_audits_switches_s_skull_lock1'====== Args={'value': 22, 'prev_value': 21, 'change': 1}
2025-11-10 10:15:26,679 : INFO : EventManager : Event: ======'logicblock_seq_lock1_updated'====== Args={'value': 2, 'enabled': True}
2025-11-10 10:15:26,680 : INFO : EventManager : Event: ======'logicblock_seq_lock1_hit'====== Args={'step': 2}
2025-11-10 10:15:26,686 : INFO : EventManager : Event: ======'seq_lock1_done'====== Args={}
2025-11-10 10:15:26,686 : INFO : EventManager : Event: ======'logicblock_seq_lock1_updated'====== Args={'value': 0, 'enabled': True}
2025-11-10 10:15:26,687 : INFO : EventManager : Event: ======'logicblock_seq_lock2_updated'====== Args={'value': 1, 'enabled': True}
2025-11-10 10:15:26,687 : INFO : EventManager : Event: ======'logicblock_seq_lock2_hit'====== Args={'step': 1}
2025-11-10 10:15:26,829 : INFO : SwitchController : <<<<<<< 's_skull_lock1' inactive >>>>>>>
2025-11-10 10:15:30,635 : INFO : SwitchController : <<<<<<< 's_skull_lock2' active >>>>>>>
2025-11-10 10:15:30,635 : INFO : EventManager : Event: ======'s_skull_lock2_active'====== Args={}
2025-11-10 10:15:30,636 : INFO : EventManager : Event: ======'machine_var_audits_switches_s_skull_lock2'====== Args={'value': 25, 'prev_value': 24, 'change': 1}
2025-11-10 10:15:30,637 : INFO : EventManager : Event: ======'logicblock_seq_lock2_updated'====== Args={'value': 2, 'enabled': True}
2025-11-10 10:15:30,637 : INFO : EventManager : Event: ======'logicblock_seq_lock2_hit'====== Args={'step': 2}
2025-11-10 10:15:30,637 : INFO : EventManager : Event: ======'seq_lock2_done'====== Args={}
2025-11-10 10:15:30,644 : INFO : EventManager : Event: ======'logicblock_seq_lock2_updated'====== Args={'value': 0, 'enabled': True}
2025-11-10 10:15:30,645 : INFO : EventManager : Event: ======'player_skull_pause_timer_tick'====== Args={'value': 0, 'prev_value': 1, 'change': -1, 'player_num': 1}
2025-11-10 10:15:30,645 : INFO : Timer.pause_timer : Starting Timer.
2025-11-10 10:15:30,645 : INFO : EventManager : Event: ======'timer_pause_timer_started'====== Args={'ticks': 0, 'ticks_remaining': 1}
2025-11-10 10:15:30,645 : INFO : EventManager : Event: ======'timer_pause_timer_tick'====== Args={'ticks': 0, 'ticks_remaining': 1}
2025-11-10 10:15:30,646 : INFO : EventManager : Event: ======'logicblock_seq_ready_for_MB_updated'====== Args={'value': 1, 'enabled': True}
2025-11-10 10:15:30,646 : INFO : EventManager : Event: ======'logicblock_seq_ready_for_MB_hit'====== Args={'step': 1}
2025-11-10 10:15:30,730 : INFO : SwitchController : <<<<<<< 's_skull_lock2' inactive >>>>>>>
2025-11-10 10:15:36,359 : INFO : SwitchController : <<<<<<< 's_right_flipper' active >>>>>>>
2025-11-10 10:15:36,359 : INFO : EventManager : Event: ======'s_right_flipper_active'====== Args={}
2025-11-10 10:15:36,359 : INFO : EventManager : Event: ======'machine_var_audits_switches_s_right_flipper'====== Args={'value': 689, 'prev_value': 688, 'change': 1}
2025-11-10 10:15:36,392 : INFO : SwitchController : <<<<<<< 's_left_flipper' active >>>>>>>
2025-11-10 10:15:36,392 : INFO : EventManager : Event: ======'s_left_flipper_active'====== Args={}
2025-11-10 10:15:36,392 : INFO : EventManager : Event: ======'flipper_cancel'====== Args={'triggering_group': 1, 'triggering_switch': 's_left_flipper'}
2025-11-10 10:15:36,392 : INFO : EventManager : Event: ======'machine_var_audits_switches_s_left_flipper'====== Args={'value': 413, 'prev_value': 412, 'change': 1}
2025-11-10 10:15:36,458 : INFO : SwitchController : <<<<<<< 's_left_flipper' inactive >>>>>>>
2025-11-10 10:15:36,458 : INFO : EventManager : Event: ======'both_flippers_one'====== Args={'triggering_group': 1, 'triggering_switch': 's_left_flipper'}
2025-11-10 10:15:36,458 : INFO : EventManager : Event: ======'player_skull_pause_timer_tick'====== Args={'value': 10, 'prev_value': 0, 'change': 10, 'player_num': 1}
2025-11-10 10:15:36,459 : INFO : EventManager : Event: ======'timer_pause_timer_time_added'====== Args={'ticks': 10, 'ticks_added': 0, 'ticks_remaining': 1}
2025-11-10 10:15:36,459 : INFO : Timer.pause_timer : Timer Complete
2025-11-10 10:15:36,459 : INFO : Timer.pause_timer : Stopping Timer
2025-11-10 10:15:36,459 : INFO : EventManager : Event: ======'timer_pause_timer_stopped'====== Args={'ticks': 10, 'ticks_remaining': 1}
2025-11-10 10:15:36,459 : INFO : EventManager : Event: ======'timer_pause_timer_complete'====== Args={'ticks': 10, 'ticks_remaining': 1}
2025-11-10 10:15:36,459 : INFO : EventManager : Event: ======'logicblock_seq_ready_for_MB_updated'====== Args={'value': 2, 'enabled': True}
2025-11-10 10:15:36,459 : INFO : EventManager : Event: ======'logicblock_seq_ready_for_MB_hit'====== Args={'step': 2}
2025-11-10 10:15:36,459 : INFO : EventManager : Event: ======'seq_ready_for_multiball_done'====== Args={}
2025-11-10 10:15:36,459 : INFO : EventManager : Event: ======'logicblock_seq_ready_for_MB_updated'====== Args={'value': 0, 'enabled': True}
2025-11-10 10:15:36,459 : INFO : EventManager : Event: ======'player_skull_ramp_nb'====== Args={'value': 0, 'prev_value': 11, 'change': -11, 'player_num': 1, 'source': 'skull'}
2025-11-10 10:15:36,459 : INFO : SwitchController : <<<<<<< 's_right_flipper' inactive >>>>>>>
2025-11-10 10:15:36,459 : INFO : EventManager : Event: ======'both_flippers_inactive'====== Args={'triggering_group': 2, 'triggering_switch': 's_right_flipper'}
2025-11-10 10:15:46,629 : INFO : SwitchController : <<<<<<< 's_ramp' active >>>>>>>
2025-11-10 10:15:46,629 : INFO : EventManager : Event: ======'s_ramp_active'====== Args={}
2025-11-10 10:15:46,629 : INFO : EventManager : Event: ======'machine_var_audits_switches_s_ramp'====== Args={'value': 440, 'prev_value': 439, 'change': 1}
2025-11-10 10:15:46,630 : INFO : EventManager : Event: ======'player_skull_ramp_nb'====== Args={'value': 1, 'prev_value': 0, 'change': 1, 'player_num': 1, 'source': 'skull'}
2025-11-10 10:15:46,744 : INFO : SwitchController : <<<<<<< 's_ramp' inactive >>>>>>>
2025-11-10 10:15:46,813 : INFO : SwitchController : <<<<<<< 's_ramp' active >>>>>>>
2025-11-10 10:15:46,813 : INFO : EventManager : Event: ======'s_ramp_active'====== Args={}
2025-11-10 10:15:46,813 : INFO : EventManager : Event: ======'machine_var_audits_switches_s_ramp'====== Args={'value': 441, 'prev_value': 440, 'change': 1}
2025-11-10 10:15:46,814 : INFO : EventManager : Event: ======'player_skull_ramp_nb'====== Args={'value': 2, 'prev_value': 1, 'change': 1, 'player_num': 1, 'source': 'skull'}
2025-11-10 10:15:46,893 : INFO : SwitchController : <<<<<<< 's_ramp' inactive >>>>>>>
2025-11-10 10:15:46,979 : INFO : SwitchController : <<<<<<< 's_ramp' active >>>>>>>
2025-11-10 10:15:46,979 : INFO : EventManager : Event: ======'s_ramp_active'====== Args={}
2025-11-10 10:15:46,979 : INFO : EventManager : Event: ======'machine_var_audits_switches_s_ramp'====== Args={'value': 442, 'prev_value': 441, 'change': 1}
2025-11-10 10:15:46,980 : INFO : EventManager : Event: ======'player_skull_ramp_nb'====== Args={'value': 3, 'prev_value': 2, 'change': 1, 'player_num': 1, 'source': 'skull'}
2025-11-10 10:15:47,179 : INFO : SwitchController : <<<<<<< 's_ramp' inactive >>>>>>>
2025-11-10 10:15:47,248 : INFO : SwitchController : <<<<<<< 's_ramp' active >>>>>>>
2025-11-10 10:15:47,248 : INFO : EventManager : Event: ======'s_ramp_active'====== Args={}
2025-11-10 10:15:47,248 : INFO : EventManager : Event: ======'machine_var_audits_switches_s_ramp'====== Args={'value': 443, 'prev_value': 442, 'change': 1}
2025-11-10 10:15:47,249 : INFO : EventManager : Event: ======'player_skull_ramp_nb'====== Args={'value': 4, 'prev_value': 3, 'change': 1, 'player_num': 1, 'source': 'skull'}
2025-11-10 10:15:47,318 : INFO : SwitchController : <<<<<<< 's_ramp' inactive >>>>>>>
2025-11-10 10:15:47,362 : INFO : SwitchController : <<<<<<< 's_ramp' active >>>>>>>
2025-11-10 10:15:47,362 : INFO : EventManager : Event: ======'s_ramp_active'====== Args={}
2025-11-10 10:15:47,362 : INFO : EventManager : Event: ======'machine_var_audits_switches_s_ramp'====== Args={'value': 444, 'prev_value': 443, 'change': 1}
2025-11-10 10:15:47,362 : INFO : EventManager : Event: ======'player_skull_ramp_nb'====== Args={'value': 5, 'prev_value': 4, 'change': 1, 'player_num': 1, 'source': 'skull'}
2025-11-10 10:15:47,445 : INFO : SwitchController : <<<<<<< 's_ramp' inactive >>>>>>>
2025-11-10 10:15:47,513 : INFO : SwitchController : <<<<<<< 's_ramp' active >>>>>>>
2025-11-10 10:15:47,513 : INFO : EventManager : Event: ======'s_ramp_active'====== Args={}
2025-11-10 10:15:47,513 : INFO : EventManager : Event: ======'machine_var_audits_switches_s_ramp'====== Args={'value': 445, 'prev_value': 444, 'change': 1}
2025-11-10 10:15:47,513 : INFO : EventManager : Event: ======'player_skull_ramp_nb'====== Args={'value': 6, 'prev_value': 5, 'change': 1, 'player_num': 1, 'source': 'skull'}
2025-11-10 10:15:47,579 : INFO : SwitchController : <<<<<<< 's_ramp' inactive >>>>>>>
2025-11-10 10:15:47,647 : INFO : SwitchController : <<<<<<< 's_ramp' active >>>>>>>
2025-11-10 10:15:47,647 : INFO : EventManager : Event: ======'s_ramp_active'====== Args={}
2025-11-10 10:15:47,647 : INFO : EventManager : Event: ======'machine_var_audits_switches_s_ramp'====== Args={'value': 446, 'prev_value': 445, 'change': 1}
2025-11-10 10:15:47,647 : INFO : EventManager : Event: ======'player_skull_ramp_nb'====== Args={'value': 7, 'prev_value': 6, 'change': 1, 'player_num': 1, 'source': 'skull'}
2025-11-10 10:15:47,727 : INFO : SwitchController : <<<<<<< 's_ramp' inactive >>>>>>>
2025-11-10 10:15:47,810 : INFO : SwitchController : <<<<<<< 's_ramp' active >>>>>>>
2025-11-10 10:15:47,810 : INFO : EventManager : Event: ======'s_ramp_active'====== Args={}
2025-11-10 10:15:47,811 : INFO : EventManager : Event: ======'machine_var_audits_switches_s_ramp'====== Args={'value': 447, 'prev_value': 446, 'change': 1}
2025-11-10 10:15:47,811 : INFO : EventManager : Event: ======'player_skull_ramp_nb'====== Args={'value': 8, 'prev_value': 7, 'change': 1, 'player_num': 1, 'source': 'skull'}
2025-11-10 10:15:47,884 : INFO : SwitchController : <<<<<<< 's_ramp' inactive >>>>>>>
2025-11-10 10:15:47,961 : INFO : SwitchController : <<<<<<< 's_ramp' active >>>>>>>
2025-11-10 10:15:47,962 : INFO : EventManager : Event: ======'s_ramp_active'====== Args={}
2025-11-10 10:15:47,962 : INFO : EventManager : Event: ======'machine_var_audits_switches_s_ramp'====== Args={'value': 448, 'prev_value': 447, 'change': 1}
2025-11-10 10:15:47,963 : INFO : EventManager : Event: ======'player_skull_ramp_nb'====== Args={'value': 9, 'prev_value': 8, 'change': 1, 'player_num': 1, 'source': 'skull'}
2025-11-10 10:15:48,045 : INFO : SwitchController : <<<<<<< 's_ramp' inactive >>>>>>>
2025-11-10 10:15:48,128 : INFO : SwitchController : <<<<<<< 's_ramp' active >>>>>>>
2025-11-10 10:15:48,128 : INFO : EventManager : Event: ======'s_ramp_active'====== Args={}
2025-11-10 10:15:48,128 : INFO : EventManager : Event: ======'machine_var_audits_switches_s_ramp'====== Args={'value': 449, 'prev_value': 448, 'change': 1}
2025-11-10 10:15:48,128 : INFO : EventManager : Event: ======'player_skull_ramp_nb'====== Args={'value': 10, 'prev_value': 9, 'change': 1, 'player_num': 1, 'source': 'skull'}
2025-11-10 10:15:48,129 : INFO : EventManager : Event: ======'logicblock_seq_lock1_updated'====== Args={'value': 1, 'enabled': True}
2025-11-10 10:15:48,129 : INFO : EventManager : Event: ======'logicblock_seq_lock1_hit'====== Args={'step': 1}
2025-11-10 10:15:48,199 : INFO : SwitchController : <<<<<<< 's_ramp' inactive >>>>>>>
2025-11-10 10:15:48,278 : INFO : SwitchController : <<<<<<< 's_ramp' active >>>>>>>
2025-11-10 10:15:48,278 : INFO : EventManager : Event: ======'s_ramp_active'====== Args={}
2025-11-10 10:15:48,278 : INFO : EventManager : Event: ======'machine_var_audits_switches_s_ramp'====== Args={'value': 450, 'prev_value': 449, 'change': 1}
2025-11-10 10:15:48,278 : INFO : EventManager : Event: ======'player_skull_ramp_nb'====== Args={'value': 11, 'prev_value': 10, 'change': 1, 'player_num': 1, 'source': 'skull'}
2025-11-10 10:15:48,347 : INFO : SwitchController : <<<<<<< 's_ramp' inactive >>>>>>>
2025-11-10 10:15:48,746 : INFO : SwitchController : <<<<<<< 's_ramp' active >>>>>>>
2025-11-10 10:15:48,746 : INFO : EventManager : Event: ======'s_ramp_active'====== Args={}
2025-11-10 10:15:48,746 : INFO : EventManager : Event: ======'machine_var_audits_switches_s_ramp'====== Args={'value': 451, 'prev_value': 450, 'change': 1}
2025-11-10 10:15:48,747 : INFO : EventManager : Event: ======'player_skull_ramp_nb'====== Args={'value': 12, 'prev_value': 11, 'change': 1, 'player_num': 1, 'source': 'skull'}
2025-11-10 10:15:48,878 : INFO : SwitchController : <<<<<<< 's_ramp' inactive >>>>>>>
2025-11-10 10:15:49,262 : INFO : SwitchController : <<<<<<< 's_ramp' active >>>>>>>
2025-11-10 10:15:49,263 : INFO : EventManager : Event: ======'s_ramp_active'====== Args={}
2025-11-10 10:15:49,263 : INFO : EventManager : Event: ======'machine_var_audits_switches_s_ramp'====== Args={'value': 452, 'prev_value': 451, 'change': 1}
2025-11-10 10:15:49,263 : INFO : EventManager : Event: ======'player_skull_ramp_nb'====== Args={'value': 13, 'prev_value': 12, 'change': 1, 'player_num': 1, 'source': 'skull'}
2025-11-10 10:15:49,331 : INFO : SwitchController : <<<<<<< 's_ramp' inactive >>>>>>>
2025-11-10 10:15:50,046 : INFO : SwitchController : <<<<<<< 's_ramp' active >>>>>>>
2025-11-10 10:15:50,047 : INFO : EventManager : Event: ======'s_ramp_active'====== Args={}
2025-11-10 10:15:50,047 : INFO : EventManager : Event: ======'machine_var_audits_switches_s_ramp'====== Args={'value': 453, 'prev_value': 452, 'change': 1}
2025-11-10 10:15:50,048 : INFO : EventManager : Event: ======'player_skull_ramp_nb'====== Args={'value': 14, 'prev_value': 13, 'change': 1, 'player_num': 1, 'source': 'skull'}
2025-11-10 10:15:50,144 : INFO : SwitchController : <<<<<<< 's_ramp' inactive >>>>>>>
2025-11-10 10:15:50,763 : INFO : SwitchController : <<<<<<< 's_ramp' active >>>>>>>
2025-11-10 10:15:50,764 : INFO : EventManager : Event: ======'s_ramp_active'====== Args={}
2025-11-10 10:15:50,764 : INFO : EventManager : Event: ======'machine_var_audits_switches_s_ramp'====== Args={'value': 454, 'prev_value': 453, 'change': 1}
2025-11-10 10:15:50,765 : INFO : EventManager : Event: ======'player_skull_ramp_nb'====== Args={'value': 15, 'prev_value': 14, 'change': 1, 'player_num': 1, 'source': 'skull'}
2025-11-10 10:15:50,927 : INFO : SwitchController : <<<<<<< 's_ramp' inactive >>>>>>>
2025-11-10 10:15:51,332 : INFO : SwitchController : <<<<<<< 's_ramp' active >>>>>>>
2025-11-10 10:15:51,333 : INFO : EventManager : Event: ======'s_ramp_active'====== Args={}
2025-11-10 10:15:51,333 : INFO : EventManager : Event: ======'machine_var_audits_switches_s_ramp'====== Args={'value': 455, 'prev_value': 454, 'change': 1}
2025-11-10 10:15:51,334 : INFO : EventManager : Event: ======'player_skull_ramp_nb'====== Args={'value': 16, 'prev_value': 15, 'change': 1, 'player_num': 1, 'source': 'skull'}
2025-11-10 10:15:51,461 : INFO : SwitchController : <<<<<<< 's_ramp' inactive >>>>>>>
2025-11-10 10:15:52,846 : INFO : SwitchController : <<<<<<< 's_skull_lock1' active >>>>>>>
2025-11-10 10:15:52,846 : INFO : EventManager : Event: ======'s_skull_lock1_active'====== Args={}
2025-11-10 10:15:52,847 : INFO : EventManager : Event: ======'machine_var_audits_switches_s_skull_lock1'====== Args={'value': 23, 'prev_value': 22, 'change': 1}
2025-11-10 10:15:52,848 : INFO : EventManager : Event: ======'logicblock_seq_lock1_updated'====== Args={'value': 2, 'enabled': True}
2025-11-10 10:15:52,848 : INFO : EventManager : Event: ======'logicblock_seq_lock1_hit'====== Args={'step': 2}
2025-11-10 10:15:52,848 : INFO : EventManager : Event: ======'seq_lock1_done'====== Args={}
2025-11-10 10:15:52,854 : INFO : EventManager : Event: ======'logicblock_seq_lock1_updated'====== Args={'value': 0, 'enabled': True}
2025-11-10 10:15:52,854 : INFO : EventManager : Event: ======'logicblock_seq_lock2_updated'====== Args={'value': 1, 'enabled': True}
2025-11-10 10:15:52,855 : INFO : EventManager : Event: ======'logicblock_seq_lock2_hit'====== Args={'step': 1}
2025-11-10 10:15:53,030 : INFO : SwitchController : <<<<<<< 's_skull_lock1' inactive >>>>>>>
2025-11-10 10:15:53,846 : INFO : SwitchController : <<<<<<< 's_skull_lock2' active >>>>>>>
2025-11-10 10:15:53,846 : INFO : EventManager : Event: ======'s_skull_lock2_active'====== Args={}
2025-11-10 10:15:53,847 : INFO : EventManager : Event: ======'machine_var_audits_switches_s_skull_lock2'====== Args={'value': 26, 'prev_value': 25, 'change': 1}
2025-11-10 10:15:53,847 : INFO : EventManager : Event: ======'logicblock_seq_lock2_updated'====== Args={'value': 2, 'enabled': True}
2025-11-10 10:15:53,848 : INFO : EventManager : Event: ======'logicblock_seq_lock2_hit'====== Args={'step': 2}
2025-11-10 10:15:53,848 : INFO : EventManager : Event: ======'seq_lock2_done'====== Args={}
2025-11-10 10:15:53,848 : INFO : EventManager : Event: ======'logicblock_seq_lock2_updated'====== Args={'value': 0, 'enabled': True}
2025-11-10 10:15:53,849 : INFO : EventManager : Event: ======'player_skull_pause_timer_tick'====== Args={'value': 0, 'prev_value': 10, 'change': -10, 'player_num': 1}
2025-11-10 10:15:53,849 : INFO : Timer.pause_timer : Starting Timer.
2025-11-10 10:15:53,849 : INFO : EventManager : Event: ======'timer_pause_timer_started'====== Args={'ticks': 0, 'ticks_remaining': 1}
2025-11-10 10:15:53,849 : INFO : EventManager : Event: ======'timer_pause_timer_tick'====== Args={'ticks': 0, 'ticks_remaining': 1}
2025-11-10 10:15:53,849 : INFO : EventManager : Event: ======'logicblock_seq_ready_for_MB_updated'====== Args={'value': 1, 'enabled': True}
2025-11-10 10:15:53,850 : INFO : EventManager : Event: ======'logicblock_seq_ready_for_MB_hit'====== Args={'step': 1}
2025-11-10 10:15:54,013 : INFO : SwitchController : <<<<<<< 's_skull_lock2' inactive >>>>>>>
2025-11-10 10:15:59,175 : INFO : SwitchController : <<<<<<< 's_right_flipper' active >>>>>>>
2025-11-10 10:15:59,175 : INFO : EventManager : Event: ======'s_right_flipper_active'====== Args={}
2025-11-10 10:15:59,176 : INFO : EventManager : Event: ======'machine_var_audits_switches_s_right_flipper'====== Args={'value': 690, 'prev_value': 689, 'change': 1}
2025-11-10 10:15:59,178 : INFO : SwitchController : <<<<<<< 's_left_flipper' active >>>>>>>
2025-11-10 10:15:59,178 : INFO : EventManager : Event: ======'s_left_flipper_active'====== Args={}
2025-11-10 10:15:59,184 : INFO : EventManager : Event: ======'flipper_cancel'====== Args={'triggering_group': 1, 'triggering_switch': 's_left_flipper'}
2025-11-10 10:15:59,187 : INFO : EventManager : Event: ======'machine_var_audits_switches_s_left_flipper'====== Args={'value': 414, 'prev_value': 413, 'change': 1}
2025-11-10 10:15:59,257 : INFO : SwitchController : <<<<<<< 's_right_flipper' inactive >>>>>>>
2025-11-10 10:15:59,257 : INFO : EventManager : Event: ======'both_flippers_one'====== Args={'triggering_group': 2, 'triggering_switch': 's_right_flipper'}
2025-11-10 10:15:59,257 : INFO : EventManager : Event: ======'player_skull_pause_timer_tick'====== Args={'value': 10, 'prev_value': 0, 'change': 10, 'player_num': 1}
2025-11-10 10:15:59,257 : INFO : EventManager : Event: ======'timer_pause_timer_time_added'====== Args={'ticks': 10, 'ticks_added': 0, 'ticks_remaining': 1}
2025-11-10 10:15:59,258 : INFO : Timer.pause_timer : Timer Complete
2025-11-10 10:15:59,258 : INFO : Timer.pause_timer : Stopping Timer
2025-11-10 10:15:59,258 : INFO : EventManager : Event: ======'timer_pause_timer_stopped'====== Args={'ticks': 10, 'ticks_remaining': 1}
2025-11-10 10:15:59,258 : INFO : EventManager : Event: ======'timer_pause_timer_complete'====== Args={'ticks': 10, 'ticks_remaining': 1}
2025-11-10 10:15:59,258 : INFO : EventManager : Event: ======'logicblock_seq_ready_for_MB_updated'====== Args={'value': 2, 'enabled': True}
2025-11-10 10:15:59,258 : INFO : EventManager : Event: ======'logicblock_seq_ready_for_MB_hit'====== Args={'step': 2}
2025-11-10 10:15:59,258 : INFO : EventManager : Event: ======'seq_ready_for_multiball_done'====== Args={}
2025-11-10 10:15:59,258 : INFO : EventManager : Event: ======'logicblock_seq_ready_for_MB_updated'====== Args={'value': 0, 'enabled': True}
2025-11-10 10:15:59,258 : INFO : EventManager : Event: ======'player_skull_ramp_nb'====== Args={'value': 0, 'prev_value': 16, 'change': -16, 'player_num': 1, 'source': 'skull'}
2025-11-10 10:15:59,274 : INFO : SwitchController : <<<<<<< 's_left_flipper' inactive >>>>>>>
2025-11-10 10:15:59,274 : INFO : EventManager : Event: ======'both_flippers_inactive'====== Args={'triggering_group': 1, 'triggering_switch': 's_left_flipper'}
2025-11-10 10:55:17,802 : INFO : Machine : Shutting down...
2025-11-10 10:55:17,803 : INFO : EventManager : Event: ======'shutdown'====== Args={}
2025-11-10 10:55:17,804 : INFO : EventManager : Event: ======'mode_game_will_stop'====== Args={}
2025-11-10 10:55:17,804 : INFO : EventManager : Event: ======'mode_game_stopping'====== Args={}
2025-11-10 10:55:17,806 : INFO : EventManager : Event: ======'mode_base_will_stop'====== Args={}
2025-11-10 10:55:17,806 : INFO : EventManager : Event: ======'mode_base_stopping'====== Args={}
2025-11-10 10:55:17,806 : INFO : EventManager : Event: ======'mode_bumpers_will_stop'====== Args={}
2025-11-10 10:55:17,806 : INFO : EventManager : Event: ======'mode_bumpers_stopping'====== Args={}
2025-11-10 10:55:17,806 : INFO : EventManager : Event: ======'mode_csi_lanes_will_stop'====== Args={}
2025-11-10 10:55:17,806 : INFO : EventManager : Event: ======'mode_csi_lanes_stopping'====== Args={}
2025-11-10 10:55:17,806 : INFO : EventManager : Event: ======'mode_skull_will_stop'====== Args={}
2025-11-10 10:55:17,806 : INFO : EventManager : Event: ======'mode_skull_stopping'====== Args={}
2025-11-10 10:55:17,807 : INFO : EventManager : Event: ======'stop_mode_bumpers'====== Args={'priority': 0}
2025-11-10 10:55:17,807 : INFO : EventManager : Event: ======'stop_mode_csi_lanes'====== Args={'priority': 0}
2025-11-10 10:55:17,807 : INFO : EventManager : Event: ======'stop_mode_skull'====== Args={'priority': 0}
2025-11-10 10:55:17,807 : INFO : Mode.skull : Stopped.
2025-11-10 10:55:17,807 : INFO : EventManager : Event: ======'modes_active_modes_changed'====== Args={}
2025-11-10 10:55:17,807 : INFO : EventManager : Event: ======'mode_skull_stopped'====== Args={}
2025-11-10 10:55:17,807 : INFO : EventManager : Event: ======'clear'====== Args={'key': 'skull'}
2025-11-10 10:55:17,807 : INFO : Timer.pause_timer : Stopping Timer
2025-11-10 10:55:17,807 : INFO : EventManager : Event: ======'timer_pause_timer_stopped'====== Args={'ticks': 10, 'ticks_remaining': 1}
2025-11-10 10:55:17,807 : INFO : Mode.csi_lanes : Stopped.
2025-11-10 10:55:17,807 : INFO : EventManager : Event: ======'modes_active_modes_changed'====== Args={}
2025-11-10 10:55:17,808 : INFO : EventManager : Event: ======'mode_csi_lanes_stopped'====== Args={}
2025-11-10 10:55:17,808 : INFO : EventManager : Event: ======'clear'====== Args={'key': 'csi_lanes'}
2025-11-10 10:55:17,808 : INFO : Timer.csi_lanes_timer : Stopping Timer
2025-11-10 10:55:17,808 : INFO : EventManager : Event: ======'timer_csi_lanes_timer_stopped'====== Args={'ticks': 1, 'ticks_remaining': 1}
2025-11-10 10:55:17,808 : INFO : Timer.csi_right_orbit_timer : Stopping Timer
2025-11-10 10:55:17,808 : INFO : EventManager : Event: ======'timer_csi_right_orbit_timer_stopped'====== Args={'ticks': 0, 'ticks_remaining': 0}
2025-11-10 10:55:17,809 : INFO : Mode.bumpers : Stopped.
2025-11-10 10:55:17,809 : INFO : EventManager : Event: ======'modes_active_modes_changed'====== Args={}
2025-11-10 10:55:17,809 : INFO : EventManager : Event: ======'mode_bumpers_stopped'====== Args={}
2025-11-10 10:55:17,809 : INFO : EventManager : Event: ======'clear'====== Args={'key': 'bumpers'}
2025-11-10 10:55:17,809 : INFO : Timer.bumper_timer : Stopping Timer
2025-11-10 10:55:17,809 : INFO : EventManager : Event: ======'timer_bumper_timer_stopped'====== Args={'ticks': 1, 'ticks_remaining': 1}
2025-11-10 10:55:17,809 : INFO : Mode.base : Stopped.
2025-11-10 10:55:17,809 : INFO : EventManager : Event: ======'modes_active_modes_changed'====== Args={}
2025-11-10 10:55:17,810 : INFO : EventManager : Event: ======'mode_base_stopped'====== Args={}
2025-11-10 10:55:17,810 : INFO : EventManager : Event: ======'clear'====== Args={'key': 'base'}
2025-11-10 10:55:17,810 : INFO : Timer.player_added_timer : Stopping Timer
2025-11-10 10:55:17,810 : INFO : EventManager : Event: ======'timer_player_added_timer_stopped'====== Args={'ticks': 1, 'ticks_remaining': 1}
2025-11-10 10:55:17,810 : INFO : Mode.game : Stopped.
2025-11-10 10:55:17,810 : INFO : EventManager : Event: ======'modes_active_modes_changed'====== Args={}
2025-11-10 10:55:17,810 : INFO : EventManager : Event: ======'mode_game_stopped'====== Args={}
2025-11-10 10:55:17,810 : INFO : EventManager : Event: ======'clear'====== Args={'key': 'game'}
2025-11-10 10:55:17,813 : INFO : root : MPF run loop ended.
