2025-10-29 23:55:19,699 : INFO : root : Loading config.
2025-10-29 23:55:19,700 : INFO : YamlMultifileConfigLoader : Machine config file #1: config.yaml
2025-10-29 23:55:19,700 : INFO : ConfigProcessor : Loading config from cache: /var/folders/m3/0d4y64_n3fn8tnkv3ydlhztw0000gn/T/5ca32a6c950d03116abbed96ca44d372.mpf_cache
2025-10-29 23:55:19,712 : INFO : ConfigProcessor : Loading config from cache: /var/folders/m3/0d4y64_n3fn8tnkv3ydlhztw0000gn/T/01c495fa7450a81b4be96cb699872531.mpf_cache
2025-10-29 23:55:19,712 : INFO : ConfigProcessor : Loading config from cache: /var/folders/m3/0d4y64_n3fn8tnkv3ydlhztw0000gn/T/bfde29b5bb803376b0637bb8f0da27a7.mpf_cache
2025-10-29 23:55:19,712 : INFO : ConfigProcessor : Loading config from cache: /var/folders/m3/0d4y64_n3fn8tnkv3ydlhztw0000gn/T/01c495fa7450a81b4be96cb699872531.mpf_cache
2025-10-29 23:55:19,712 : INFO : ConfigProcessor : Loading config from cache: /var/folders/m3/0d4y64_n3fn8tnkv3ydlhztw0000gn/T/3ae89e09515ff8d8b11d68f672b2cc51.mpf_cache
2025-10-29 23:55:19,712 : INFO : ConfigProcessor : Loading config from cache: /var/folders/m3/0d4y64_n3fn8tnkv3ydlhztw0000gn/T/4c420229fa75118c2461cfc9ff5a44e2.mpf_cache
2025-10-29 23:55:19,712 : INFO : Machine : Mission Pinball Framework Core Engine v0.80.0.dev10
2025-10-29 23:55:19,712 : INFO : Machine : Command line arguments: {'no_load_cache': False, 'create_config_cache': True, 'bcp': True, 'configfile': ['config.yaml'], 'force_assets_load': False, 'platform_integration_test': False, 'jsonlogging': False, 'logfile': 'logs/2025-10-29-23-55-19-mpf-device-156.home.log', 'pause': False, 'production': False, 'text_ui': False, 'loglevel': 15, 'consoleloglevel': 20, 'force_platform': 'smart_virtual', 'syslog_address': None, 'full_logfile_path': '/Users/didiergilbin/Desktop/Homebrew_CSI/logs/2025-10-29-23-55-19-mpf-device-156.home.log'}
2025-10-29 23:55:19,712 : INFO : Machine : MPF path: /Users/didiergilbin/mpfenv/lib/python3.13/site-packages/mpf
2025-10-29 23:55:19,712 : INFO : Machine : Machine path: /Users/didiergilbin/Desktop/Homebrew_CSI
2025-10-29 23:55:19,712 : INFO : Machine : Platform: darwin
2025-10-29 23:55:19,712 : INFO : Machine : Python executable location: /Users/didiergilbin/mpfenv/bin/python3.13
2025-10-29 23:55:19,712 : INFO : Machine : Python version: 3.13.7 (64-bit)
2025-10-29 23:55:19,713 : INFO : Machine : Initializing MPF...
2025-10-29 23:55:19,725 : INFO : EventManager : Event: ======'machine_var_credits_string'====== Args={'value': 'FREE PLAY', 'prev_value': None, 'change': True}
2025-10-29 23:55:19,729 : INFO : EventManager : Event: ======'machine_var_master_volume'====== Args={'value': 0.5, 'prev_value': None, 'change': True}
2025-10-29 23:55:19,729 : INFO : EventManager : Event: ======'machine_var_player1_score'====== Args={'value': 1070000, 'prev_value': None, 'change': True}
2025-10-29 23:55:19,729 : INFO : EventManager : Event: ======'machine_var_player2_score'====== Args={'value': 380000, 'prev_value': None, 'change': True}
2025-10-29 23:55:19,729 : INFO : EventManager : Event: ======'machine_var_player3_score'====== Args={'value': 130000, 'prev_value': None, 'change': True}
2025-10-29 23:55:19,729 : INFO : EventManager : Event: ======'machine_var_player4_score'====== Args={'value': 20000, 'prev_value': None, 'change': True}
2025-10-29 23:55:19,729 : INFO : EventManager : Event: ======'machine_var_mpf_version'====== Args={'value': 'Mission Pinball Framework v0.80.0.dev10', 'prev_value': None, 'change': True}
2025-10-29 23:55:19,729 : INFO : EventManager : Event: ======'machine_var_mpf_extended_version'====== Args={'value': 'Mission Pinball Framework v0.80.0.dev10, Config version:6, Show version: 6, BCP version:1.1', 'prev_value': None, 'change': True}
2025-10-29 23:55:19,729 : INFO : EventManager : Event: ======'machine_var_python_version'====== Args={'value': '3.13.7', 'prev_value': None, 'change': True}
2025-10-29 23:55:19,734 : INFO : EventManager : Event: ======'machine_var_platform'====== Args={'value': 'macOS-15.6.1-arm64-arm-64bit-Mach-O', 'prev_value': None, 'change': True}
2025-10-29 23:55:19,735 : INFO : EventManager : Event: ======'machine_var_platform_system'====== Args={'value': 'Darwin', 'prev_value': None, 'change': True}
2025-10-29 23:55:19,735 : INFO : EventManager : Event: ======'machine_var_platform_release'====== Args={'value': '24.6.0', 'prev_value': None, 'change': True}
2025-10-29 23:55:19,735 : INFO : EventManager : Event: ======'machine_var_platform_version'====== Args={'value': 'Darwin Kernel Version 24.6.0: Mon Jul 14 11:30:40 PDT 2025; root:xnu-11417.140.69~1/RELEASE_ARM64_T8132', 'prev_value': None, 'change': True}
2025-10-29 23:55:19,735 : INFO : EventManager : Event: ======'machine_var_platform_machine'====== Args={'value': 'arm64', 'prev_value': None, 'change': True}
2025-10-29 23:55:19,735 : INFO : EventManager : Event: ======'machine_var_log_file_path'====== Args={'value': '/Users/didiergilbin/Desktop/Homebrew_CSI/logs/2025-10-29-23-55-19-mpf-device-156.home.log', 'prev_value': None, 'change': True}
2025-10-29 23:55:19,735 : INFO : EventManager : Event: ======'init_phase_1'====== Args={}
2025-10-29 23:55:19,740 : INFO : EventManager : Event: ======'init_phase_2'====== Args={}
2025-10-29 23:55:19,740 : INFO : SwitchController : Found active switch: ('2', <Platform.SmartVirtual>) <switch.s_trough1>
2025-10-29 23:55:19,740 : INFO : SwitchController : Found active switch: ('3', <Platform.SmartVirtual>) <switch.s_trough2>
2025-10-29 23:55:19,740 : INFO : SwitchController : Found active switch: ('4', <Platform.SmartVirtual>) <switch.s_trough3>
2025-10-29 23:55:19,740 : INFO : SwitchController : Found active switch: ('5', <Platform.SmartVirtual>) <switch.s_trough4>
2025-10-29 23:55:19,741 : INFO : EventManager : Event: ======'bcp_connection_attempt'====== Args={'name': 'local_display', 'host': 'localhost', 'port': 5050}
2025-10-29 23:55:19,741 : INFO : BCPClientSocket : Connecting BCP to 'local_display' at localhost:5050...
2025-10-29 23:55:19,743 : INFO : BCPClientSocket : Connected BCP to 'local_display' localhost:5050
2025-10-29 23:55:19,743 : INFO : EventManager : Event: ======'bcp_clients_connected'====== Args={}
2025-10-29 23:55:19,743 : INFO : ball_device.bd_drain : BCH: Initial count: 0
2025-10-29 23:55:19,743 : INFO : ball_device.bd_drain : State: idle
2025-10-29 23:55:19,744 : INFO : ball_device.bd_trough : BCH: Initial count: 4
2025-10-29 23:55:19,744 : INFO : ball_device.bd_trough : State: idle
2025-10-29 23:55:19,744 : INFO : ball_device.bd_plunger : BCH: Initial count: 0
2025-10-29 23:55:19,744 : INFO : ball_device.bd_plunger : State: idle
2025-10-29 23:55:19,747 : INFO : EventManager : Event: ======'init_phase_3'====== Args={}
2025-10-29 23:55:19,747 : INFO : EventManager : Event: ======'init_phase_4'====== Args={}
2025-10-29 23:55:19,747 : INFO : BallController : Initial balls found: 4
2025-10-29 23:55:19,747 : INFO : EventManager : Event: ======'machine_var_audits_events_game_ended'====== Args={'value': 6, 'prev_value': None, 'change': True}
2025-10-29 23:55:19,747 : INFO : EventManager : Event: ======'machine_var_audits_events_game_started'====== Args={'value': 145, 'prev_value': None, 'change': True}
2025-10-29 23:55:19,747 : INFO : EventManager : Event: ======'machine_var_audits_missing_switches_s_drain'====== Args={'value': 13, 'prev_value': None, 'change': True}
2025-10-29 23:55:19,747 : INFO : EventManager : Event: ======'machine_var_audits_missing_switches_s_launch_button'====== Args={'value': 145, 'prev_value': None, 'change': True}
2025-10-29 23:55:19,747 : INFO : EventManager : Event: ======'machine_var_audits_missing_switches_s_left_flipper'====== Args={'value': 39, 'prev_value': None, 'change': True}
2025-10-29 23:55:19,747 : INFO : EventManager : Event: ======'machine_var_audits_missing_switches_s_popbumper1'====== Args={'value': 15, 'prev_value': None, 'change': True}
2025-10-29 23:55:19,747 : INFO : EventManager : Event: ======'machine_var_audits_missing_switches_s_popbumper2'====== Args={'value': 15, 'prev_value': None, 'change': True}
2025-10-29 23:55:19,747 : INFO : EventManager : Event: ======'machine_var_audits_missing_switches_s_popbumper3'====== Args={'value': 15, 'prev_value': None, 'change': True}
2025-10-29 23:55:19,748 : INFO : EventManager : Event: ======'machine_var_audits_missing_switches_s_right_flipper'====== Args={'value': 39, 'prev_value': None, 'change': True}
2025-10-29 23:55:19,748 : INFO : EventManager : Event: ======'machine_var_audits_missing_switches_s_scoop'====== Args={'value': 57, 'prev_value': None, 'change': True}
2025-10-29 23:55:19,748 : INFO : EventManager : Event: ======'machine_var_audits_missing_switches_s_sling_left'====== Args={'value': 145, 'prev_value': None, 'change': True}
2025-10-29 23:55:19,748 : INFO : EventManager : Event: ======'machine_var_audits_missing_switches_s_sling_right'====== Args={'value': 145, 'prev_value': None, 'change': True}
2025-10-29 23:55:19,748 : INFO : EventManager : Event: ======'machine_var_audits_missing_switches_s_trough1'====== Args={'value': 13, 'prev_value': None, 'change': True}
2025-10-29 23:55:19,748 : INFO : EventManager : Event: ======'machine_var_audits_missing_switches_s_trough2'====== Args={'value': 39, 'prev_value': None, 'change': True}
2025-10-29 23:55:19,748 : INFO : EventManager : Event: ======'machine_var_audits_missing_switches_s_trough3'====== Args={'value': 145, 'prev_value': None, 'change': True}
2025-10-29 23:55:19,748 : INFO : EventManager : Event: ======'machine_var_audits_missing_switches_s_trough4'====== Args={'value': 145, 'prev_value': None, 'change': True}
2025-10-29 23:55:19,748 : INFO : EventManager : Event: ======'machine_var_audits_missing_switches_s_trough_jam'====== Args={'value': 41, 'prev_value': None, 'change': True}
2025-10-29 23:55:19,748 : INFO : EventManager : Event: ======'machine_var_audits_player_score'====== Args={'value': {'average': 861761, 'top': [10210000, 1070000, 810000, 380000, 370000, 330000, 320000, 230000, 160000, 130000], 'total': 17}, 'prev_value': None, 'change': True}
2025-10-29 23:55:19,748 : INFO : EventManager : Event: ======'machine_var_audits_shots_bumper1'====== Args={'value': 2673, 'prev_value': None, 'change': True}
2025-10-29 23:55:19,748 : INFO : EventManager : Event: ======'machine_var_audits_shots_bumper2'====== Args={'value': 2724, 'prev_value': None, 'change': True}
2025-10-29 23:55:19,748 : INFO : EventManager : Event: ======'machine_var_audits_shots_bumper3'====== Args={'value': 2384, 'prev_value': None, 'change': True}
2025-10-29 23:55:19,748 : INFO : EventManager : Event: ======'machine_var_audits_switches_s_drain'====== Args={'value': 86, 'prev_value': None, 'change': True}
2025-10-29 23:55:19,748 : INFO : EventManager : Event: ======'machine_var_audits_switches_s_launch_button'====== Args={'value': 0, 'prev_value': None, 'change': True}
2025-10-29 23:55:19,748 : INFO : EventManager : Event: ======'machine_var_audits_switches_s_left_flipper'====== Args={'value': 9, 'prev_value': None, 'change': True}
2025-10-29 23:55:19,748 : INFO : EventManager : Event: ======'machine_var_audits_switches_s_plunger_lane'====== Args={'value': 202, 'prev_value': None, 'change': True}
2025-10-29 23:55:19,748 : INFO : EventManager : Event: ======'machine_var_audits_switches_s_popbumper1'====== Args={'value': 2673, 'prev_value': None, 'change': True}
2025-10-29 23:55:19,748 : INFO : EventManager : Event: ======'machine_var_audits_switches_s_popbumper2'====== Args={'value': 2724, 'prev_value': None, 'change': True}
2025-10-29 23:55:19,748 : INFO : EventManager : Event: ======'machine_var_audits_switches_s_popbumper3'====== Args={'value': 2384, 'prev_value': None, 'change': True}
2025-10-29 23:55:19,748 : INFO : EventManager : Event: ======'machine_var_audits_switches_s_right_flipper'====== Args={'value': 19, 'prev_value': None, 'change': True}
2025-10-29 23:55:19,748 : INFO : EventManager : Event: ======'machine_var_audits_switches_s_scoop'====== Args={'value': 47, 'prev_value': None, 'change': True}
2025-10-29 23:55:19,748 : INFO : EventManager : Event: ======'machine_var_audits_switches_s_sling_left'====== Args={'value': 0, 'prev_value': None, 'change': True}
2025-10-29 23:55:19,748 : INFO : EventManager : Event: ======'machine_var_audits_switches_s_sling_right'====== Args={'value': 0, 'prev_value': None, 'change': True}
2025-10-29 23:55:19,748 : INFO : EventManager : Event: ======'machine_var_audits_switches_s_start'====== Args={'value': 364, 'prev_value': None, 'change': True}
2025-10-29 23:55:19,748 : INFO : EventManager : Event: ======'machine_var_audits_switches_s_trough1'====== Args={'value': 57, 'prev_value': None, 'change': True}
2025-10-29 23:55:19,748 : INFO : EventManager : Event: ======'machine_var_audits_switches_s_trough2'====== Args={'value': 1, 'prev_value': None, 'change': True}
2025-10-29 23:55:19,748 : INFO : EventManager : Event: ======'machine_var_audits_switches_s_trough3'====== Args={'value': 0, 'prev_value': None, 'change': True}
2025-10-29 23:55:19,748 : INFO : EventManager : Event: ======'machine_var_audits_switches_s_trough4'====== Args={'value': 0, 'prev_value': None, 'change': True}
2025-10-29 23:55:19,748 : INFO : EventManager : Event: ======'machine_var_audits_switches_s_trough_jam'====== Args={'value': 0, 'prev_value': None, 'change': True}
2025-10-29 23:55:19,748 : INFO : EventManager : Event: ======'init_phase_5'====== Args={}
2025-10-29 23:55:19,748 : INFO : EventManager : Event: ======'init_done'====== Args={}
2025-10-29 23:55:19,749 : INFO : EventManager : Event: ======'machine_reset_phase_1'====== Args={}
2025-10-29 23:55:19,753 : INFO : EventManager : Event: ======'machine_reset_phase_2'====== Args={}
2025-10-29 23:55:19,753 : INFO : EventManager : Event: ======'machine_reset_phase_3'====== Args={}
2025-10-29 23:55:19,754 : INFO : EventManager : Event: ======'reset_complete'====== Args={}
2025-10-29 23:55:19,754 : INFO : EventManager : Event: ======'mode_attract_will_start'====== Args={}
2025-10-29 23:55:19,754 : INFO : Timer.attract_carousel_timer : Starting Timer.
2025-10-29 23:55:19,754 : INFO : EventManager : Event: ======'timer_attract_carousel_timer_started'====== Args={'ticks': 0, 'ticks_remaining': 1}
2025-10-29 23:55:19,754 : INFO : EventManager : Event: ======'timer_attract_carousel_timer_tick'====== Args={'ticks': 0, 'ticks_remaining': 1}
2025-10-29 23:55:19,754 : INFO : EventManager : Event: ======'mode_attract_starting'====== Args={}
2025-10-29 23:55:19,754 : INFO : Mode.attract : Started. Priority: 10
2025-10-29 23:55:19,754 : INFO : EventManager : Event: ======'modes_active_modes_changed'====== Args={}
2025-10-29 23:55:19,754 : INFO : EventManager : Event: ======'mode_attract_started'====== Args={}
2025-10-29 23:55:19,754 : INFO : EventManager : Event: ======'collecting_balls_complete'====== Args={}
2025-10-29 23:55:19,754 : INFO : EventManager : Event: ======'carousel_item_highlighted'====== Args={'carousel': 'attract', 'direction': None, 'item': 'title'}
2025-10-29 23:55:19,755 : INFO : Machine : Starting the main run loop with active modes: [<Mode.attract>]
2025-10-29 23:55:20,136 : INFO : EventManager : Event: ======'slide_attract_created'====== Args={'_from_bcp': True}
2025-10-29 23:55:20,136 : INFO : EventManager : Event: ======'slide__removed'====== Args={'_from_bcp': True}
2025-10-29 23:55:20,136 : INFO : EventManager : Event: ======'slide_attract_active'====== Args={'original_context': 'attract', 'original_calling_context': 'mode_attract_started', 'priority': 10.0, 'cmd': 'slides_play', '_from_bcp': True}
2025-10-29 23:55:22,052 : INFO : SwitchController : <<<<<<< 's_start' active >>>>>>>
2025-10-29 23:55:22,153 : INFO : SwitchController : <<<<<<< 's_start' inactive >>>>>>>
2025-10-29 23:55:22,153 : INFO : EventManager : Event: ======'request_to_start_game'====== Args={}
2025-10-29 23:55:22,154 : INFO : EventManager : Event: ======'game_start'====== Args={'buttons': [], 'hold_time': 0.10036725003737956}
2025-10-29 23:55:22,154 : INFO : EventManager : Event: ======'mode_game_will_start'====== Args={'buttons': [], 'hold_time': 0.10036725003737956}
2025-10-29 23:55:22,155 : INFO : EventManager : Event: ======'mode_game_starting'====== Args={'buttons': [], 'hold_time': 0.10036725003737956}
2025-10-29 23:55:22,155 : INFO : EventManager : Event: ======'mode_attract_will_stop'====== Args={}
2025-10-29 23:55:22,155 : INFO : EventManager : Event: ======'mode_attract_stopping'====== Args={}
2025-10-29 23:55:22,156 : INFO : Mode.attract : Stopped.
2025-10-29 23:55:22,156 : INFO : EventManager : Event: ======'modes_active_modes_changed'====== Args={}
2025-10-29 23:55:22,156 : INFO : EventManager : Event: ======'mode_attract_stopped'====== Args={}
2025-10-29 23:55:22,156 : INFO : EventManager : Event: ======'clear'====== Args={'key': 'attract'}
2025-10-29 23:55:22,157 : INFO : Timer.attract_carousel_timer : Stopping Timer
2025-10-29 23:55:22,157 : INFO : EventManager : Event: ======'timer_attract_carousel_timer_stopped'====== Args={'ticks': 0, 'ticks_remaining': 1}
2025-10-29 23:55:22,157 : INFO : Mode.game : Started. Priority: 20
2025-10-29 23:55:22,157 : INFO : EventManager : Event: ======'modes_active_modes_changed'====== Args={}
2025-10-29 23:55:22,157 : INFO : EventManager : Event: ======'mode_game_started'====== Args={'buttons': [], 'hold_time': 0.10036725003737956}
2025-10-29 23:55:22,158 : INFO : EventManager : Event: ======'game_will_start'====== Args={}
2025-10-29 23:55:22,159 : INFO : EventManager : Event: ======'game_starting'====== Args={'game': <Mode.game>}
2025-10-29 23:55:22,160 : INFO : EventManager : Unordered handler for class <Auditor> on event game_ended with priority 1. Handlers: [RegisteredHandler(callback=<bound method Auditor.disable of <Auditor>>, priority=1, kwargs={}, key=UUID('963a3327-2876-4988-a5cb-985505f17965'), condition=None, blocking_facility=None), RegisteredHandler(callback=<bound method Auditor._save_audits of <Auditor>>, priority=1, kwargs={}, key=UUID('221c1059-daa4-459a-8c82-12caccf5bd9f'), condition=None, blocking_facility=None)]. The order of those handlers is not defined and they will be executed in random order. This might lead to race conditions and potential bugs.
2025-10-29 23:55:22,160 : INFO : EventManager : Event: ======'player_add_request'====== Args={}
2025-10-29 23:55:22,160 : INFO : EventManager : Event: ======'player_will_add'====== Args={'number': 1}
2025-10-29 23:55:22,160 : INFO : EventManager : Event: ======'player_adding'====== Args={'player': <Player 1>, 'number': 1}
2025-10-29 23:55:22,160 : INFO : EventManager : Event: ======'player_added'====== Args={'player': <Player 1>, 'num': 1}
2025-10-29 23:55:22,161 : INFO : Mode.game : Player added successfully. Total players: 1
2025-10-29 23:55:22,161 : INFO : EventManager : Event: ======'player_index'====== Args={'value': 0, 'prev_value': 0, 'change': 0, 'player_num': 1}
2025-10-29 23:55:22,161 : INFO : EventManager : Event: ======'player_number'====== Args={'value': 1, 'prev_value': 1, 'change': 0, 'player_num': 1}
2025-10-29 23:55:22,161 : INFO : EventManager : Event: ======'player_score'====== Args={'value': 0, 'prev_value': 0, 'change': 0, 'player_num': 1}
2025-10-29 23:55:22,162 : INFO : EventManager : Event: ======'game_started'====== Args={}
2025-10-29 23:55:22,162 : INFO : EventManager : Event: ======'player_turn_will_start'====== Args={'player': <Player 1>, 'number': 1}
2025-10-29 23:55:22,162 : INFO : EventManager : Event: ======'player_turn_starting'====== Args={'player': <Player 1>, 'number': 1}
2025-10-29 23:55:22,163 : INFO : EventManager : Event: ======'player_ball'====== Args={'value': 1, 'prev_value': 0, 'change': 1, 'player_num': 1}
2025-10-29 23:55:22,168 : INFO : EventManager : Event: ======'player_turn_started'====== Args={'player': <Player 1>, 'number': 1}
2025-10-29 23:55:22,169 : INFO : EventManager : Event: ======'ball_will_start'====== Args={'player': 1, 'ball': 1, 'balls_remaining': 2, 'is_extra_ball': False}
2025-10-29 23:55:22,169 : INFO : EventManager : Event: ======'ball_starting'====== Args={'player': 1, 'ball': 1, 'balls_remaining': 2, 'is_extra_ball': False}
2025-10-29 23:55:22,170 : INFO : EventManager : Event: ======'mode_base_will_start'====== Args={'queue': <QueuedEvent>, 'player': 1, 'ball': 1, 'balls_remaining': 2, 'is_extra_ball': False}
2025-10-29 23:55:22,170 : INFO : EventManager : Event: ======'player_base_player_added_timer_tick'====== Args={'value': 0, 'prev_value': 0, 'change': 0, 'player_num': 1}
2025-10-29 23:55:22,170 : INFO : Timer.player_added_timer : Starting Timer.
2025-10-29 23:55:22,170 : INFO : EventManager : Event: ======'timer_player_added_timer_started'====== Args={'ticks': 0, 'ticks_remaining': 1}
2025-10-29 23:55:22,170 : INFO : EventManager : Event: ======'timer_player_added_timer_tick'====== Args={'ticks': 0, 'ticks_remaining': 1}
2025-10-29 23:55:22,171 : INFO : EventManager : Event: ======'mode_base_starting'====== Args={'queue': <QueuedEvent>, 'player': 1, 'ball': 1, 'balls_remaining': 2, 'is_extra_ball': False}
2025-10-29 23:55:22,171 : INFO : Mode.base : Started. Priority: 100
2025-10-29 23:55:22,171 : INFO : EventManager : Event: ======'modes_active_modes_changed'====== Args={}
2025-10-29 23:55:22,171 : INFO : EventManager : Event: ======'mode_base_started'====== Args={'queue': <QueuedEvent>, 'player': 1, 'ball': 1, 'balls_remaining': 2, 'is_extra_ball': False}
2025-10-29 23:55:22,172 : INFO : EventManager : Event: ======'start_mode_bumpers'====== Args={'priority': 0}
2025-10-29 23:55:22,172 : INFO : EventManager : Event: ======'mode_bumpers_will_start'====== Args={'priority': 0}
2025-10-29 23:55:22,172 : INFO : EventManager : Event: ======'player_shot_bumper1_enabled'====== Args={'value': True, 'prev_value': 0, 'change': 1, 'player_num': 1}
2025-10-29 23:55:22,173 : INFO : EventManager : Event: ======'player_shot_bumper2_enabled'====== Args={'value': True, 'prev_value': 0, 'change': 1, 'player_num': 1}
2025-10-29 23:55:22,173 : INFO : EventManager : Event: ======'player_shot_bumper3_enabled'====== Args={'value': True, 'prev_value': 0, 'change': 1, 'player_num': 1}
2025-10-29 23:55:22,173 : INFO : EventManager : Event: ======'bumpers_complete'====== Args={'state': 'unlit'}
2025-10-29 23:55:22,173 : INFO : EventManager : Event: ======'bumpers_unlit_complete'====== Args={}
2025-10-29 23:55:22,174 : INFO : EventManager : Event: ======'mode_bumpers_starting'====== Args={'priority': 0}
2025-10-29 23:55:22,174 : INFO : Mode.bumpers : Started. Priority: 200
2025-10-29 23:55:22,174 : INFO : EventManager : Event: ======'modes_active_modes_changed'====== Args={}
2025-10-29 23:55:22,174 : INFO : EventManager : Event: ======'mode_bumpers_started'====== Args={'priority': 0}
2025-10-29 23:55:22,174 : INFO : EventManager : Event: ======'balls_in_play'====== Args={'balls': 1}
2025-10-29 23:55:22,174 : INFO : EventManager : Event: ======'ball_started'====== Args={'player': 1, 'ball': 1, 'balls_remaining': 2, 'is_extra_ball': False}
2025-10-29 23:55:22,175 : INFO : EventManager : Event: ======'single_player_ball_started'====== Args={}
2025-10-29 23:55:22,175 : INFO : EventManager : Event: ======'ball_start_target'====== Args={'target': 'playfield'}
2025-10-29 23:55:22,175 : INFO : ball_device.bd_trough : Setting up player-controlled eject. Balls: 1, Target: <playfield.playfield>, player_controlled_eject_event: None
2025-10-29 23:55:22,175 : INFO : ball_device.bd_trough : Adding 1 ball(s) to the eject_queue with target <playfield.playfield>.
2025-10-29 23:55:22,175 : INFO : EventManager : Event: ======'balldevice_balls_available'====== Args={}
2025-10-29 23:55:22,176 : INFO : ball_device.bd_trough : State: waiting_for_target_ready
2025-10-29 23:55:22,176 : INFO : EventManager : Event: ======'balldevice_bd_trough_ball_eject_attempt'====== Args={'balls': 1, 'target': <ball_device.bd_plunger>, 'source': <ball_device.bd_trough>, 'mechanical_eject': False, 'num_attempts': 0}
2025-10-29 23:55:22,176 : INFO : ball_device.bd_plunger : State: waiting_for_ball
2025-10-29 23:55:22,176 : INFO : ball_device.bd_trough : State: ejecting
2025-10-29 23:55:22,176 : INFO : ball_device.bd_trough : Ejecting ball to <ball_device.bd_plunger>
2025-10-29 23:55:22,176 : INFO : EventManager : Event: ======'balldevice_bd_trough_ejecting_ball'====== Args={'balls': 1, 'target': <ball_device.bd_plunger>, 'source': <ball_device.bd_trough>, 'mechanical_eject': False, 'num_attempts': 0}
2025-10-29 23:55:22,177 : INFO : ball_device.bd_trough : Wait for ball to leave device
2025-10-29 23:55:22,177 : INFO : coil.c_trough_eject : Pulsing Driver for 20ms (1.0 pulse_power)
2025-10-29 23:55:22,177 : INFO : SwitchController : <<<<<<< 's_trough1' inactive >>>>>>>
2025-10-29 23:55:22,177 : INFO : ball_device.bd_trough : State: ball_left
2025-10-29 23:55:22,177 : INFO : ball_device.bd_trough : Ball left
2025-10-29 23:55:22,178 : INFO : ball_device.bd_trough : Wait for confirm with timeout 3.0
2025-10-29 23:55:22,218 : INFO : EventManager : Event: ======'slide_base_slide_created'====== Args={'_from_bcp': True}
2025-10-29 23:55:22,219 : INFO : EventManager : Event: ======'slide_attract_inactive'====== Args={'is_removing': True, '_from_bcp': True}
2025-10-29 23:55:22,219 : INFO : EventManager : Event: ======'slide_base_slide_active'====== Args={'original_context': 'base', 'original_calling_context': 'mode_base_started', 'priority': 100.0, 'queue': '<QueuedEvent>', 'player': 1.0, 'ball': 1.0, 'balls_remaining': 2.0, 'is_extra_ball': False, 'cmd': 'slides_play', '_from_bcp': True}
2025-10-29 23:55:22,221 : INFO : EventManager : Event: ======'slide_attract_removed'====== Args={'_from_bcp': True}
2025-10-29 23:55:22,278 : INFO : SwitchController : <<<<<<< 's_plunger_lane' active >>>>>>>
2025-10-29 23:55:22,279 : INFO : EventManager : Event: ======'machine_var_audits_switches_s_plunger_lane'====== Args={'value': 203, 'prev_value': 202, 'change': 1}
2025-10-29 23:55:22,780 : INFO : ball_device.bd_plunger : Received ball from <ball_device.bd_trough>
2025-10-29 23:55:22,780 : INFO : EventManager : Event: ======'balldevice_bd_plunger_ball_enter'====== Args={'new_balls': 1, 'unclaimed_balls': 0, 'new_available_balls': 0, 'device': <ball_device.bd_plunger>}
2025-10-29 23:55:22,781 : INFO : EventManager : Event: ======'balldevice_bd_plunger_ball_entered'====== Args={'new_balls': 0, 'device': <ball_device.bd_plunger>}
2025-10-29 23:55:22,781 : INFO : EventManager : Event: ======'balldevice_bd_plunger_ball_count_changed'====== Args={'balls': 1}
2025-10-29 23:55:22,781 : INFO : ball_device.bd_trough : Got eject confirm
2025-10-29 23:55:22,781 : INFO : ball_device.bd_trough : Eject successful
2025-10-29 23:55:22,781 : INFO : EventManager : Event: ======'balldevice_bd_trough_ball_eject_success'====== Args={'balls': 1, 'target': <ball_device.bd_plunger>}
2025-10-29 23:55:22,781 : INFO : ball_device.bd_plunger : State: waiting_for_target_ready
2025-10-29 23:55:22,781 : INFO : EventManager : Event: ======'balldevice_bd_plunger_ball_eject_attempt'====== Args={'balls': 1, 'target': <playfield.playfield>, 'source': <ball_device.bd_plunger>, 'mechanical_eject': False, 'num_attempts': 0}
2025-10-29 23:55:22,781 : INFO : EventManager : Event: ======'balldevice_bd_trough_ball_count_changed'====== Args={'balls': 3}
2025-10-29 23:55:22,781 : INFO : ball_device.bd_trough : State: idle
2025-10-29 23:55:22,782 : INFO : ball_device.bd_plunger : State: ejecting
2025-10-29 23:55:22,782 : INFO : ball_device.bd_plunger : Ejecting ball to <playfield.playfield>
2025-10-29 23:55:22,782 : INFO : EventManager : Event: ======'balldevice_bd_plunger_ejecting_ball'====== Args={'balls': 1, 'target': <playfield.playfield>, 'source': <ball_device.bd_plunger>, 'mechanical_eject': False, 'num_attempts': 0}
2025-10-29 23:55:22,782 : INFO : ball_device.bd_plunger : Wait for ball to leave device
2025-10-29 23:55:22,782 : INFO : coil.c_plunger : Pulsing Driver for 20ms (1.0 pulse_power)
2025-10-29 23:55:22,782 : INFO : SwitchController : <<<<<<< 's_plunger_lane' inactive >>>>>>>
2025-10-29 23:55:22,784 : INFO : ball_device.bd_plunger : State: ball_left
2025-10-29 23:55:22,784 : INFO : ball_device.bd_plunger : Ball left
2025-10-29 23:55:22,784 : INFO : ball_device.bd_plunger : Wait for confirm with timeout 3.0
2025-10-29 23:55:23,519 : INFO : SwitchController : <<<<<<< 's_start' active >>>>>>>
2025-10-29 23:55:23,519 : INFO : EventManager : Event: ======'sw_start'====== Args={}
2025-10-29 23:55:23,519 : INFO : EventManager : Event: ======'machine_var_audits_switches_s_start'====== Args={'value': 365, 'prev_value': 364, 'change': 1}
2025-10-29 23:55:23,520 : INFO : EventManager : Event: ======'player_add_request'====== Args={}
2025-10-29 23:55:23,520 : INFO : EventManager : Event: ======'player_will_add'====== Args={'number': 2}
2025-10-29 23:55:23,520 : INFO : EventManager : Event: ======'player_adding'====== Args={'player': <Player 2>, 'number': 2}
2025-10-29 23:55:23,520 : INFO : EventManager : Event: ======'player_added'====== Args={'player': <Player 2>, 'num': 2}
2025-10-29 23:55:23,520 : INFO : Mode.game : Player added successfully. Total players: 2
2025-10-29 23:55:23,520 : INFO : EventManager : Event: ======'multiplayer_game'====== Args={}
2025-10-29 23:55:23,521 : INFO : EventManager : Event: ======'timer_player_added_timer_tick'====== Args={'ticks': 0, 'ticks_remaining': 1}
2025-10-29 23:55:23,521 : INFO : EventManager : Event: ======'player_index'====== Args={'value': 1, 'prev_value': 1, 'change': 0, 'player_num': 2}
2025-10-29 23:55:23,522 : INFO : EventManager : Event: ======'player_number'====== Args={'value': 2, 'prev_value': 2, 'change': 0, 'player_num': 2}
2025-10-29 23:55:23,522 : INFO : EventManager : Event: ======'player_score'====== Args={'value': 0, 'prev_value': 0, 'change': 0, 'player_num': 2}
2025-10-29 23:55:23,589 : INFO : EventManager : Event: ======'widget_newplayer_widget_active'====== Args={'original_context': 'base', 'original_calling_context': 'player_added', 'priority': 100.0, 'player': '<Player 2>', 'num': 2.0, 'cmd': 'widgets_play', '_from_bcp': True}
2025-10-29 23:55:23,592 : INFO : SwitchController : <<<<<<< 's_start' inactive >>>>>>>
2025-10-29 23:55:24,602 : INFO : SwitchController : <<<<<<< 's_start' active >>>>>>>
2025-10-29 23:55:24,602 : INFO : EventManager : Event: ======'sw_start'====== Args={}
2025-10-29 23:55:24,602 : INFO : EventManager : Event: ======'machine_var_audits_switches_s_start'====== Args={'value': 366, 'prev_value': 365, 'change': 1}
2025-10-29 23:55:24,603 : INFO : EventManager : Event: ======'player_add_request'====== Args={}
2025-10-29 23:55:24,603 : INFO : EventManager : Event: ======'player_will_add'====== Args={'number': 3}
2025-10-29 23:55:24,603 : INFO : EventManager : Event: ======'player_adding'====== Args={'player': <Player 3>, 'number': 3}
2025-10-29 23:55:24,603 : INFO : EventManager : Event: ======'player_added'====== Args={'player': <Player 3>, 'num': 3}
2025-10-29 23:55:24,603 : INFO : Mode.game : Player added successfully. Total players: 3
2025-10-29 23:55:24,604 : INFO : EventManager : Event: ======'timer_player_added_timer_tick'====== Args={'ticks': 0, 'ticks_remaining': 1}
2025-10-29 23:55:24,605 : INFO : EventManager : Event: ======'player_index'====== Args={'value': 2, 'prev_value': 2, 'change': 0, 'player_num': 3}
2025-10-29 23:55:24,605 : INFO : EventManager : Event: ======'player_number'====== Args={'value': 3, 'prev_value': 3, 'change': 0, 'player_num': 3}
2025-10-29 23:55:24,605 : INFO : EventManager : Event: ======'player_score'====== Args={'value': 0, 'prev_value': 0, 'change': 0, 'player_num': 3}
2025-10-29 23:55:24,685 : INFO : SwitchController : <<<<<<< 's_start' inactive >>>>>>>
2025-10-29 23:55:25,785 : INFO : ball_device.bd_plunger : State: failed_confirm
2025-10-29 23:55:25,786 : INFO : ball_device.bd_plunger : Got timeout (3.0s) before confirm from <playfield.playfield>
2025-10-29 23:55:25,887 : INFO : ball_device.bd_plunger : Confirming eject because target is playfield and ball did not return.
2025-10-29 23:55:25,887 : INFO : ball_device.bd_plunger : Eject successful
2025-10-29 23:55:25,887 : INFO : EventManager : Event: ======'balldevice_bd_plunger_ball_eject_success'====== Args={'balls': 1, 'target': <playfield.playfield>}
2025-10-29 23:55:25,888 : INFO : EventManager : Event: ======'balldevice_playfield_ball_enter'====== Args={'new_balls': 1, 'unclaimed_balls': 1, 'device': <playfield.playfield>}
2025-10-29 23:55:25,888 : INFO : EventManager : Event: ======'playfield_ball_count_change'====== Args={'balls': 1, 'change': 1}
2025-10-29 23:55:25,888 : INFO : EventManager : Event: ======'balldevice_bd_plunger_ball_count_changed'====== Args={'balls': 0}
2025-10-29 23:55:25,889 : INFO : ball_device.bd_plunger : State: idle
2025-10-29 23:55:25,969 : INFO : SwitchController : <<<<<<< 's_start' active >>>>>>>
2025-10-29 23:55:25,969 : INFO : EventManager : Event: ======'sw_start'====== Args={}
2025-10-29 23:55:25,969 : INFO : EventManager : Event: ======'machine_var_audits_switches_s_start'====== Args={'value': 367, 'prev_value': 366, 'change': 1}
2025-10-29 23:55:25,970 : INFO : EventManager : Event: ======'player_add_request'====== Args={}
2025-10-29 23:55:25,970 : INFO : EventManager : Event: ======'player_will_add'====== Args={'number': 4}
2025-10-29 23:55:25,970 : INFO : EventManager : Event: ======'player_adding'====== Args={'player': <Player 4>, 'number': 4}
2025-10-29 23:55:25,970 : INFO : EventManager : Event: ======'player_added'====== Args={'player': <Player 4>, 'num': 4}
2025-10-29 23:55:25,970 : INFO : Mode.game : Player added successfully. Total players: 4
2025-10-29 23:55:25,971 : INFO : EventManager : Event: ======'timer_player_added_timer_tick'====== Args={'ticks': 0, 'ticks_remaining': 1}
2025-10-29 23:55:25,971 : INFO : EventManager : Event: ======'player_index'====== Args={'value': 3, 'prev_value': 3, 'change': 0, 'player_num': 4}
2025-10-29 23:55:25,972 : INFO : EventManager : Event: ======'player_number'====== Args={'value': 4, 'prev_value': 4, 'change': 0, 'player_num': 4}
2025-10-29 23:55:25,972 : INFO : EventManager : Event: ======'player_score'====== Args={'value': 0, 'prev_value': 0, 'change': 0, 'player_num': 4}
2025-10-29 23:55:26,052 : INFO : SwitchController : <<<<<<< 's_start' inactive >>>>>>>
2025-10-29 23:55:27,972 : INFO : EventManager : Event: ======'player_base_player_added_timer_tick'====== Args={'value': 1, 'prev_value': 0, 'change': 1, 'player_num': 1}
2025-10-29 23:55:27,973 : INFO : Timer.player_added_timer : Timer Complete
2025-10-29 23:55:27,973 : INFO : Timer.player_added_timer : Stopping Timer
2025-10-29 23:55:27,973 : INFO : EventManager : Event: ======'timer_player_added_timer_stopped'====== Args={'ticks': 1, 'ticks_remaining': 1}
2025-10-29 23:55:27,973 : INFO : EventManager : Event: ======'timer_player_added_timer_complete'====== Args={'ticks': 1, 'ticks_remaining': 1}
2025-10-29 23:55:28,002 : INFO : EventManager : Event: ======'widget_newplayer_widget_removed'====== Args={'_from_bcp': True}
2025-10-29 23:55:43,381 : INFO : Machine : Shutting down...
2025-10-29 23:55:43,381 : INFO : EventManager : Event: ======'shutdown'====== Args={}
2025-10-29 23:55:43,382 : INFO : EventManager : Event: ======'mode_game_will_stop'====== Args={}
2025-10-29 23:55:43,383 : INFO : EventManager : Event: ======'mode_game_stopping'====== Args={}
2025-10-29 23:55:43,383 : INFO : EventManager : Event: ======'mode_base_will_stop'====== Args={}
2025-10-29 23:55:43,383 : INFO : EventManager : Event: ======'mode_base_stopping'====== Args={}
2025-10-29 23:55:43,383 : INFO : EventManager : Event: ======'mode_bumpers_will_stop'====== Args={}
2025-10-29 23:55:43,383 : INFO : EventManager : Event: ======'mode_bumpers_stopping'====== Args={}
2025-10-29 23:55:43,383 : INFO : EventManager : Event: ======'stop_mode_bumpers'====== Args={'priority': 0}
2025-10-29 23:55:43,384 : INFO : Mode.bumpers : Stopped.
2025-10-29 23:55:43,384 : INFO : EventManager : Event: ======'modes_active_modes_changed'====== Args={}
2025-10-29 23:55:43,384 : INFO : EventManager : Event: ======'mode_bumpers_stopped'====== Args={}
2025-10-29 23:55:43,384 : INFO : EventManager : Event: ======'clear'====== Args={'key': 'bumpers'}
2025-10-29 23:55:43,384 : INFO : Mode.base : Stopped.
2025-10-29 23:55:43,384 : INFO : EventManager : Event: ======'modes_active_modes_changed'====== Args={}
2025-10-29 23:55:43,384 : INFO : EventManager : Event: ======'mode_base_stopped'====== Args={}
2025-10-29 23:55:43,384 : INFO : EventManager : Event: ======'clear'====== Args={'key': 'base'}
2025-10-29 23:55:43,384 : INFO : Timer.player_added_timer : Stopping Timer
2025-10-29 23:55:43,385 : INFO : EventManager : Event: ======'timer_player_added_timer_stopped'====== Args={'ticks': 1, 'ticks_remaining': 1}
2025-10-29 23:55:43,385 : INFO : Mode.game : Stopped.
2025-10-29 23:55:43,385 : INFO : EventManager : Event: ======'modes_active_modes_changed'====== Args={}
2025-10-29 23:55:43,385 : INFO : EventManager : Event: ======'mode_game_stopped'====== Args={}
2025-10-29 23:55:43,385 : INFO : EventManager : Event: ======'clear'====== Args={'key': 'game'}
2025-10-29 23:55:43,388 : INFO : root : MPF run loop ended.
