2025-10-13 00:49:59,210 : INFO : root : Loading config.
2025-10-13 00:49:59,211 : INFO : YamlMultifileConfigLoader : Machine config file #1: config.yaml
2025-10-13 00:49:59,211 : WARNING : ConfigProcessor : Config file in cache changed: /Users/didiergilbin/Desktop/Homebrew_CSI/config/config.yaml
2025-10-13 00:49:59,211 : INFO : ConfigProcessor : Loading config from file /Users/didiergilbin/mpfenv/lib/python3.13/site-packages/mpf/mpfconfig.yaml.
2025-10-13 00:49:59,225 : INFO : ConfigProcessor : Loading config: /Users/didiergilbin/mpfenv/lib/python3.13/site-packages/mpf/mpfconfig.yaml
2025-10-13 00:49:59,225 : INFO : ConfigProcessor : Loading config from file /Users/didiergilbin/Desktop/Homebrew_CSI/config/config.yaml.
2025-10-13 00:49:59,225 : INFO : ConfigProcessor : Loading config: /Users/didiergilbin/Desktop/Homebrew_CSI/config/config.yaml
2025-10-13 00:49:59,240 : INFO : ConfigProcessor : Loading config: /Users/didiergilbin/Desktop/Homebrew_CSI/config/config_settings.yaml
2025-10-13 00:49:59,242 : INFO : ConfigProcessor : Loading config: /Users/didiergilbin/Desktop/Homebrew_CSI/config/config_hardware.yaml
2025-10-13 00:49:59,243 : INFO : ConfigProcessor : Config file cache created: /var/folders/m3/0d4y64_n3fn8tnkv3ydlhztw0000gn/T/5ca32a6c950d03116abbed96ca44d372.mpf_cache
2025-10-13 00:49:59,255 : WARNING : ConfigProcessor : Config file in cache changed: /Users/didiergilbin/Desktop/Homebrew_CSI/modes/attract/config/attract.yaml
2025-10-13 00:49:59,255 : INFO : ConfigProcessor : Loading config from file /Users/didiergilbin/mpfenv/lib/python3.13/site-packages/mpf/modes/attract/config/attract.yaml.
2025-10-13 00:49:59,256 : INFO : ConfigProcessor : Loading config: /Users/didiergilbin/mpfenv/lib/python3.13/site-packages/mpf/modes/attract/config/attract.yaml
2025-10-13 00:49:59,256 : INFO : ConfigProcessor : Loading config from file /Users/didiergilbin/Desktop/Homebrew_CSI/modes/attract/config/attract.yaml.
2025-10-13 00:49:59,256 : INFO : ConfigProcessor : Loading config: /Users/didiergilbin/Desktop/Homebrew_CSI/modes/attract/config/attract.yaml
2025-10-13 00:49:59,256 : INFO : ConfigProcessor : Config file cache created: /var/folders/m3/0d4y64_n3fn8tnkv3ydlhztw0000gn/T/01c495fa7450a81b4be96cb699872531.mpf_cache
2025-10-13 00:49:59,256 : INFO : ConfigProcessor : Loading config from cache: /var/folders/m3/0d4y64_n3fn8tnkv3ydlhztw0000gn/T/bfde29b5bb803376b0637bb8f0da27a7.mpf_cache
2025-10-13 00:49:59,256 : INFO : ConfigProcessor : Loading config from cache: /var/folders/m3/0d4y64_n3fn8tnkv3ydlhztw0000gn/T/01c495fa7450a81b4be96cb699872531.mpf_cache
2025-10-13 00:49:59,256 : INFO : ConfigProcessor : Loading config from cache: /var/folders/m3/0d4y64_n3fn8tnkv3ydlhztw0000gn/T/3ae89e09515ff8d8b11d68f672b2cc51.mpf_cache
2025-10-13 00:49:59,257 : INFO : Machine : Mission Pinball Framework Core Engine v0.80.0.dev10
2025-10-13 00:49:59,257 : INFO : Machine : Command line arguments: {'no_load_cache': False, 'create_config_cache': True, 'bcp': True, 'configfile': ['config.yaml'], 'force_assets_load': False, 'platform_integration_test': False, 'jsonlogging': False, 'logfile': 'logs/2025-10-13-00-49-59-mpf-mac.home.log', 'pause': False, 'production': False, 'text_ui': True, 'loglevel': 15, 'consoleloglevel': 20, 'force_platform': 'smart_virtual', 'syslog_address': None, 'full_logfile_path': '/Users/didiergilbin/Desktop/Homebrew_CSI/logs/2025-10-13-00-49-59-mpf-mac.home.log'}
2025-10-13 00:49:59,257 : INFO : Machine : MPF path: /Users/didiergilbin/mpfenv/lib/python3.13/site-packages/mpf
2025-10-13 00:49:59,257 : INFO : Machine : Machine path: /Users/didiergilbin/Desktop/Homebrew_CSI
2025-10-13 00:49:59,257 : INFO : Machine : Platform: darwin
2025-10-13 00:49:59,257 : INFO : Machine : Python executable location: /Users/didiergilbin/mpfenv/bin/python3.13
2025-10-13 00:49:59,257 : INFO : Machine : Python version: 3.13.7 (64-bit)
2025-10-13 00:49:59,257 : INFO : Machine : Initializing MPF...
2025-10-13 00:49:59,272 : INFO : EventManager : Event: ======'machine_var_credits_string'====== Args={'value': 'FREE PLAY', 'prev_value': None, 'change': True}
2025-10-13 00:49:59,274 : INFO : EventManager : Event: ======'machine_var_master_volume'====== Args={'value': 0.5, 'prev_value': None, 'change': True}
2025-10-13 00:49:59,274 : INFO : EventManager : Event: ======'machine_var_mpf_version'====== Args={'value': 'Mission Pinball Framework v0.80.0.dev10', 'prev_value': None, 'change': True}
2025-10-13 00:49:59,274 : INFO : EventManager : Event: ======'machine_var_mpf_extended_version'====== Args={'value': 'Mission Pinball Framework v0.80.0.dev10, Config version:6, Show version: 6, BCP version:1.1', 'prev_value': None, 'change': True}
2025-10-13 00:49:59,274 : INFO : EventManager : Event: ======'machine_var_python_version'====== Args={'value': '3.13.7', 'prev_value': None, 'change': True}
2025-10-13 00:49:59,280 : INFO : EventManager : Event: ======'machine_var_platform'====== Args={'value': 'macOS-15.6.1-arm64-arm-64bit-Mach-O', 'prev_value': None, 'change': True}
2025-10-13 00:49:59,280 : INFO : EventManager : Event: ======'machine_var_platform_system'====== Args={'value': 'Darwin', 'prev_value': None, 'change': True}
2025-10-13 00:49:59,280 : INFO : EventManager : Event: ======'machine_var_platform_release'====== Args={'value': '24.6.0', 'prev_value': None, 'change': True}
2025-10-13 00:49:59,280 : INFO : EventManager : Event: ======'machine_var_platform_version'====== Args={'value': 'Darwin Kernel Version 24.6.0: Mon Jul 14 11:30:40 PDT 2025; root:xnu-11417.140.69~1/RELEASE_ARM64_T8132', 'prev_value': None, 'change': True}
2025-10-13 00:49:59,280 : INFO : EventManager : Event: ======'machine_var_platform_machine'====== Args={'value': 'arm64', 'prev_value': None, 'change': True}
2025-10-13 00:49:59,280 : INFO : EventManager : Event: ======'machine_var_log_file_path'====== Args={'value': '/Users/didiergilbin/Desktop/Homebrew_CSI/logs/2025-10-13-00-49-59-mpf-mac.home.log', 'prev_value': None, 'change': True}
2025-10-13 00:49:59,280 : INFO : EventManager : Event: ======'init_phase_1'====== Args={}
2025-10-13 00:49:59,283 : INFO : EventManager : Event: ======'init_phase_2'====== Args={}
2025-10-13 00:49:59,283 : INFO : EventManager : Event: ======'bcp_connection_attempt'====== Args={'name': 'local_display', 'host': 'localhost', 'port': 5050}
2025-10-13 00:49:59,284 : INFO : BCPClientSocket : Connecting BCP to 'local_display' at localhost:5050...
2025-10-13 00:49:59,286 : INFO : BCPClientSocket : Connected BCP to 'local_display' localhost:5050
2025-10-13 00:49:59,286 : INFO : EventManager : Event: ======'bcp_clients_connected'====== Args={}
2025-10-13 00:49:59,288 : INFO : EventManager : Event: ======'init_phase_3'====== Args={}
2025-10-13 00:49:59,288 : INFO : EventManager : Event: ======'init_phase_4'====== Args={}
2025-10-13 00:49:59,288 : INFO : EventManager : Event: ======'machine_var_audits_switches_s_sling_right'====== Args={'value': 0, 'prev_value': None, 'change': True}
2025-10-13 00:49:59,288 : INFO : EventManager : Event: ======'machine_var_audits_switches_s_sling_left'====== Args={'value': 0, 'prev_value': None, 'change': True}
2025-10-13 00:49:59,288 : INFO : EventManager : Event: ======'machine_var_audits_switches_s_left_flipper'====== Args={'value': 0, 'prev_value': None, 'change': True}
2025-10-13 00:49:59,288 : INFO : EventManager : Event: ======'machine_var_audits_switches_s_right_flipper'====== Args={'value': 0, 'prev_value': None, 'change': True}
2025-10-13 00:49:59,288 : INFO : EventManager : Event: ======'machine_var_audits_events_game_started'====== Args={'value': 0, 'prev_value': None, 'change': True}
2025-10-13 00:49:59,288 : INFO : EventManager : Event: ======'machine_var_audits_events_game_ended'====== Args={'value': 0, 'prev_value': None, 'change': True}
2025-10-13 00:49:59,288 : INFO : EventManager : Event: ======'machine_var_audits_player_score'====== Args={'value': {'top': [], 'average': 0, 'total': 0}, 'prev_value': None, 'change': True}
2025-10-13 00:49:59,289 : INFO : EventManager : Event: ======'init_phase_5'====== Args={}
2025-10-13 00:49:59,289 : INFO : EventManager : Event: ======'init_done'====== Args={}
2025-10-13 00:49:59,289 : INFO : EventManager : Event: ======'machine_reset_phase_1'====== Args={}
2025-10-13 00:49:59,303 : INFO : EventManager : Event: ======'machine_reset_phase_2'====== Args={}
2025-10-13 00:49:59,303 : INFO : EventManager : Event: ======'machine_reset_phase_3'====== Args={}
2025-10-13 00:49:59,303 : INFO : EventManager : Event: ======'reset_complete'====== Args={}
2025-10-13 00:49:59,304 : INFO : EventManager : Event: ======'mode_attract_will_start'====== Args={}
2025-10-13 00:49:59,304 : INFO : EventManager : Event: ======'mode_attract_starting'====== Args={}
2025-10-13 00:49:59,304 : INFO : Mode.attract : Started. Priority: 10
2025-10-13 00:49:59,304 : INFO : EventManager : Event: ======'modes_active_modes_changed'====== Args={}
2025-10-13 00:49:59,304 : INFO : EventManager : Event: ======'mode_attract_started'====== Args={}
2025-10-13 00:49:59,304 : INFO : EventManager : Event: ======'collecting_balls_complete'====== Args={}
2025-10-13 00:49:59,304 : INFO : EventManager : Event: ======'carousel_item_highlighted'====== Args={'carousel': 'attract', 'direction': None, 'item': 'gameover'}
2025-10-13 00:49:59,304 : INFO : Machine : Starting the main run loop with active modes: [<Mode.attract>]
2025-10-13 00:49:59,354 : INFO : EventManager : Event: ======'slide_attract_created'====== Args={'_from_bcp': True}
2025-10-13 00:49:59,354 : INFO : EventManager : Event: ======'slide__removed'====== Args={'_from_bcp': True}
2025-10-13 00:49:59,354 : INFO : EventManager : Event: ======'slide_attract_active'====== Args={'original_context': 'attract', 'original_calling_context': 'mode_attract_started', 'priority': 10.0, 'cmd': 'slides_play', '_from_bcp': True}
2025-10-13 00:50:05,039 : INFO : SwitchController : <<<<<<< 's_right_flipper' active >>>>>>>
2025-10-13 00:50:05,173 : INFO : SwitchController : <<<<<<< 's_right_flipper' inactive >>>>>>>
2025-10-13 00:50:05,872 : INFO : SwitchController : <<<<<<< 's_left_flipper' active >>>>>>>
2025-10-13 00:50:06,006 : INFO : SwitchController : <<<<<<< 's_left_flipper' inactive >>>>>>>
2025-10-13 00:50:06,389 : INFO : SwitchController : <<<<<<< 's_right_flipper' active >>>>>>>
2025-10-13 00:50:06,556 : INFO : SwitchController : <<<<<<< 's_right_flipper' inactive >>>>>>>
2025-10-13 00:50:06,606 : INFO : SwitchController : <<<<<<< 's_right_flipper' active >>>>>>>
2025-10-13 00:50:06,723 : INFO : SwitchController : <<<<<<< 's_right_flipper' inactive >>>>>>>
2025-10-13 00:50:06,840 : INFO : SwitchController : <<<<<<< 's_right_flipper' active >>>>>>>
2025-10-13 00:50:06,922 : INFO : SwitchController : <<<<<<< 's_right_flipper' inactive >>>>>>>
2025-10-13 00:50:06,956 : INFO : SwitchController : <<<<<<< 's_left_flipper' active >>>>>>>
2025-10-13 00:50:07,106 : INFO : SwitchController : <<<<<<< 's_left_flipper' inactive >>>>>>>
2025-10-13 00:50:07,189 : INFO : SwitchController : <<<<<<< 's_right_flipper' active >>>>>>>
2025-10-13 00:50:07,256 : INFO : SwitchController : <<<<<<< 's_right_flipper' inactive >>>>>>>
2025-10-13 00:50:07,405 : INFO : SwitchController : <<<<<<< 's_left_flipper' active >>>>>>>
2025-10-13 00:50:07,489 : INFO : SwitchController : <<<<<<< 's_left_flipper' inactive >>>>>>>
2025-10-13 00:50:07,572 : INFO : SwitchController : <<<<<<< 's_left_flipper' active >>>>>>>
2025-10-13 00:50:07,672 : INFO : SwitchController : <<<<<<< 's_left_flipper' inactive >>>>>>>
2025-10-13 00:50:07,789 : INFO : SwitchController : <<<<<<< 's_left_flipper' active >>>>>>>
2025-10-13 00:50:07,856 : INFO : SwitchController : <<<<<<< 's_left_flipper' inactive >>>>>>>
2025-10-13 00:50:07,971 : INFO : SwitchController : <<<<<<< 's_left_flipper' active >>>>>>>
2025-10-13 00:50:08,056 : INFO : SwitchController : <<<<<<< 's_left_flipper' inactive >>>>>>>
2025-10-13 00:50:08,122 : INFO : SwitchController : <<<<<<< 's_right_flipper' active >>>>>>>
2025-10-13 00:50:08,239 : INFO : SwitchController : <<<<<<< 's_right_flipper' inactive >>>>>>>
2025-10-13 00:50:08,906 : INFO : SwitchController : <<<<<<< 's_right_flipper' active >>>>>>>
2025-10-13 00:50:09,139 : INFO : SwitchController : <<<<<<< 's_left_flipper' active >>>>>>>
2025-10-13 00:50:09,139 : INFO : EventManager : Event: ======'flipper_cancel'====== Args={'triggering_group': 1, 'triggering_switch': 's_left_flipper'}
2025-10-13 00:50:09,172 : INFO : SwitchController : <<<<<<< 's_right_flipper' inactive >>>>>>>
2025-10-13 00:50:09,173 : INFO : EventManager : Event: ======'both_flippers_one'====== Args={'triggering_group': 2, 'triggering_switch': 's_right_flipper'}
2025-10-13 00:50:09,339 : INFO : SwitchController : <<<<<<< 's_right_flipper' active >>>>>>>
2025-10-13 00:50:09,340 : INFO : EventManager : Event: ======'flipper_cancel'====== Args={'triggering_group': 2, 'triggering_switch': 's_right_flipper'}
2025-10-13 00:50:09,406 : INFO : SwitchController : <<<<<<< 's_left_flipper' inactive >>>>>>>
2025-10-13 00:50:09,406 : INFO : EventManager : Event: ======'both_flippers_one'====== Args={'triggering_group': 1, 'triggering_switch': 's_left_flipper'}
2025-10-13 00:50:09,489 : INFO : SwitchController : <<<<<<< 's_right_flipper' inactive >>>>>>>
2025-10-13 00:50:09,489 : INFO : EventManager : Event: ======'both_flippers_inactive'====== Args={'triggering_group': 2, 'triggering_switch': 's_right_flipper'}
2025-10-13 00:50:09,572 : INFO : SwitchController : <<<<<<< 's_left_flipper' active >>>>>>>
2025-10-13 00:50:09,756 : INFO : SwitchController : <<<<<<< 's_left_flipper' inactive >>>>>>>
2025-10-13 00:50:09,757 : INFO : SwitchController : <<<<<<< 's_right_flipper' active >>>>>>>
2025-10-13 00:50:09,855 : INFO : SwitchController : <<<<<<< 's_right_flipper' inactive >>>>>>>
2025-10-13 00:50:09,922 : INFO : SwitchController : <<<<<<< 's_left_flipper' active >>>>>>>
2025-10-13 00:50:10,089 : INFO : SwitchController : <<<<<<< 's_right_flipper' active >>>>>>>
2025-10-13 00:50:10,089 : INFO : EventManager : Event: ======'flipper_cancel'====== Args={'triggering_group': 2, 'triggering_switch': 's_right_flipper'}
2025-10-13 00:50:10,105 : INFO : SwitchController : <<<<<<< 's_left_flipper' inactive >>>>>>>
2025-10-13 00:50:10,106 : INFO : EventManager : Event: ======'both_flippers_one'====== Args={'triggering_group': 1, 'triggering_switch': 's_left_flipper'}
2025-10-13 00:50:10,206 : INFO : SwitchController : <<<<<<< 's_right_flipper' inactive >>>>>>>
2025-10-13 00:50:10,206 : INFO : EventManager : Event: ======'both_flippers_inactive'====== Args={'triggering_group': 2, 'triggering_switch': 's_right_flipper'}
2025-10-13 00:50:10,289 : INFO : SwitchController : <<<<<<< 's_left_flipper' active >>>>>>>
2025-10-13 00:50:10,489 : INFO : SwitchController : <<<<<<< 's_right_flipper' active >>>>>>>
2025-10-13 00:50:10,489 : INFO : EventManager : Event: ======'flipper_cancel'====== Args={'triggering_group': 2, 'triggering_switch': 's_right_flipper'}
2025-10-13 00:50:10,505 : INFO : SwitchController : <<<<<<< 's_left_flipper' inactive >>>>>>>
2025-10-13 00:50:10,505 : INFO : EventManager : Event: ======'both_flippers_one'====== Args={'triggering_group': 1, 'triggering_switch': 's_left_flipper'}
2025-10-13 00:50:10,590 : INFO : SwitchController : <<<<<<< 's_right_flipper' inactive >>>>>>>
2025-10-13 00:50:10,590 : INFO : EventManager : Event: ======'both_flippers_inactive'====== Args={'triggering_group': 2, 'triggering_switch': 's_right_flipper'}
2025-10-13 00:50:10,672 : INFO : SwitchController : <<<<<<< 's_left_flipper' active >>>>>>>
2025-10-13 00:50:10,789 : INFO : SwitchController : <<<<<<< 's_left_flipper' inactive >>>>>>>
2025-10-13 00:50:10,905 : INFO : SwitchController : <<<<<<< 's_right_flipper' active >>>>>>>
2025-10-13 00:50:10,955 : INFO : SwitchController : <<<<<<< 's_left_flipper' active >>>>>>>
2025-10-13 00:50:10,956 : INFO : EventManager : Event: ======'flipper_cancel'====== Args={'triggering_group': 1, 'triggering_switch': 's_left_flipper'}
2025-10-13 00:50:10,989 : INFO : SwitchController : <<<<<<< 's_left_flipper' inactive >>>>>>>
2025-10-13 00:50:10,989 : INFO : EventManager : Event: ======'both_flippers_one'====== Args={'triggering_group': 1, 'triggering_switch': 's_left_flipper'}
2025-10-13 00:50:11,005 : INFO : SwitchController : <<<<<<< 's_right_flipper' inactive >>>>>>>
2025-10-13 00:50:11,006 : INFO : EventManager : Event: ======'both_flippers_inactive'====== Args={'triggering_group': 2, 'triggering_switch': 's_right_flipper'}
2025-10-13 00:50:11,123 : INFO : SwitchController : <<<<<<< 's_right_flipper' active >>>>>>>
2025-10-13 00:50:11,140 : INFO : SwitchController : <<<<<<< 's_left_flipper' active >>>>>>>
2025-10-13 00:50:11,140 : INFO : EventManager : Event: ======'flipper_cancel'====== Args={'triggering_group': 1, 'triggering_switch': 's_left_flipper'}
2025-10-13 00:50:11,189 : INFO : SwitchController : <<<<<<< 's_right_flipper' inactive >>>>>>>
2025-10-13 00:50:11,190 : INFO : EventManager : Event: ======'both_flippers_one'====== Args={'triggering_group': 2, 'triggering_switch': 's_right_flipper'}
2025-10-13 00:50:11,356 : INFO : SwitchController : <<<<<<< 's_right_flipper' active >>>>>>>
2025-10-13 00:50:11,356 : INFO : EventManager : Event: ======'flipper_cancel'====== Args={'triggering_group': 2, 'triggering_switch': 's_right_flipper'}
2025-10-13 00:50:11,406 : INFO : SwitchController : <<<<<<< 's_left_flipper' inactive >>>>>>>
2025-10-13 00:50:11,406 : INFO : EventManager : Event: ======'both_flippers_one'====== Args={'triggering_group': 1, 'triggering_switch': 's_left_flipper'}
2025-10-13 00:50:11,506 : INFO : SwitchController : <<<<<<< 's_right_flipper' inactive >>>>>>>
2025-10-13 00:50:11,506 : INFO : EventManager : Event: ======'both_flippers_inactive'====== Args={'triggering_group': 2, 'triggering_switch': 's_right_flipper'}
2025-10-13 00:50:11,573 : INFO : SwitchController : <<<<<<< 's_left_flipper' active >>>>>>>
2025-10-13 00:50:11,806 : INFO : SwitchController : <<<<<<< 's_left_flipper' inactive >>>>>>>
2025-10-13 00:50:12,539 : INFO : SwitchController : <<<<<<< 's_right_flipper' active >>>>>>>
2025-10-13 00:50:12,656 : INFO : SwitchController : <<<<<<< 's_right_flipper' inactive >>>>>>>
2025-10-13 00:50:12,822 : INFO : SwitchController : <<<<<<< 's_left_flipper' active >>>>>>>
2025-10-13 00:50:12,823 : INFO : SwitchController : <<<<<<< 's_right_flipper' active >>>>>>>
2025-10-13 00:50:12,824 : INFO : EventManager : Event: ======'flipper_cancel'====== Args={'triggering_group': 2, 'triggering_switch': 's_right_flipper'}
2025-10-13 00:50:12,889 : INFO : SwitchController : <<<<<<< 's_right_flipper' inactive >>>>>>>
2025-10-13 00:50:12,890 : INFO : EventManager : Event: ======'both_flippers_one'====== Args={'triggering_group': 2, 'triggering_switch': 's_right_flipper'}
2025-10-13 00:50:12,922 : INFO : SwitchController : <<<<<<< 's_left_flipper' inactive >>>>>>>
2025-10-13 00:50:12,922 : INFO : EventManager : Event: ======'both_flippers_inactive'====== Args={'triggering_group': 1, 'triggering_switch': 's_left_flipper'}
2025-10-13 00:50:12,989 : INFO : SwitchController : <<<<<<< 's_left_flipper' active >>>>>>>
2025-10-13 00:50:12,990 : INFO : SwitchController : <<<<<<< 's_right_flipper' active >>>>>>>
2025-10-13 00:50:12,990 : INFO : EventManager : Event: ======'flipper_cancel'====== Args={'triggering_group': 2, 'triggering_switch': 's_right_flipper'}
2025-10-13 00:50:13,056 : INFO : SwitchController : <<<<<<< 's_right_flipper' inactive >>>>>>>
2025-10-13 00:50:13,056 : INFO : EventManager : Event: ======'both_flippers_one'====== Args={'triggering_group': 2, 'triggering_switch': 's_right_flipper'}
2025-10-13 00:50:13,105 : INFO : SwitchController : <<<<<<< 's_left_flipper' inactive >>>>>>>
2025-10-13 00:50:13,106 : INFO : EventManager : Event: ======'both_flippers_inactive'====== Args={'triggering_group': 1, 'triggering_switch': 's_left_flipper'}
2025-10-13 00:50:13,606 : INFO : SwitchController : <<<<<<< 's_left_flipper' active >>>>>>>
2025-10-13 00:50:13,607 : INFO : SwitchController : <<<<<<< 's_right_flipper' active >>>>>>>
2025-10-13 00:50:13,607 : INFO : EventManager : Event: ======'flipper_cancel'====== Args={'triggering_group': 2, 'triggering_switch': 's_right_flipper'}
2025-10-13 00:50:13,722 : INFO : SwitchController : <<<<<<< 's_right_flipper' inactive >>>>>>>
2025-10-13 00:50:13,723 : INFO : EventManager : Event: ======'both_flippers_one'====== Args={'triggering_group': 2, 'triggering_switch': 's_right_flipper'}
2025-10-13 00:50:13,739 : INFO : SwitchController : <<<<<<< 's_left_flipper' inactive >>>>>>>
2025-10-13 00:50:13,739 : INFO : EventManager : Event: ======'both_flippers_inactive'====== Args={'triggering_group': 1, 'triggering_switch': 's_left_flipper'}
2025-10-13 00:50:13,856 : INFO : SwitchController : <<<<<<< 's_right_flipper' active >>>>>>>
2025-10-13 00:50:13,857 : INFO : SwitchController : <<<<<<< 's_left_flipper' active >>>>>>>
2025-10-13 00:50:13,857 : INFO : EventManager : Event: ======'flipper_cancel'====== Args={'triggering_group': 1, 'triggering_switch': 's_left_flipper'}
2025-10-13 00:50:13,972 : INFO : SwitchController : <<<<<<< 's_right_flipper' inactive >>>>>>>
2025-10-13 00:50:13,973 : INFO : EventManager : Event: ======'both_flippers_one'====== Args={'triggering_group': 2, 'triggering_switch': 's_right_flipper'}
2025-10-13 00:50:13,989 : INFO : SwitchController : <<<<<<< 's_left_flipper' inactive >>>>>>>
2025-10-13 00:50:13,989 : INFO : EventManager : Event: ======'both_flippers_inactive'====== Args={'triggering_group': 1, 'triggering_switch': 's_left_flipper'}
2025-10-13 00:50:20,767 : INFO : Machine : Shutting down...
2025-10-13 00:50:20,767 : INFO : EventManager : Event: ======'shutdown'====== Args={}
2025-10-13 00:50:20,772 : INFO : root : MPF run loop ended.
