2025-11-10 18:51:22,605 : INFO : root : Loading config.
2025-11-10 18:51:22,606 : INFO : YamlMultifileConfigLoader : Machine config file #1: config.yaml
2025-11-10 18:51:22,606 : INFO : ConfigProcessor : Loading config from cache: /var/folders/m3/0d4y64_n3fn8tnkv3ydlhztw0000gn/T/5ca32a6c950d03116abbed96ca44d372.mpf_cache
2025-11-10 18:51:22,618 : INFO : ConfigProcessor : Loading config from cache: /var/folders/m3/0d4y64_n3fn8tnkv3ydlhztw0000gn/T/01c495fa7450a81b4be96cb699872531.mpf_cache
2025-11-10 18:51:22,618 : INFO : ConfigProcessor : Loading config from cache: /var/folders/m3/0d4y64_n3fn8tnkv3ydlhztw0000gn/T/bfde29b5bb803376b0637bb8f0da27a7.mpf_cache
2025-11-10 18:51:22,618 : INFO : ConfigProcessor : Loading config from cache: /var/folders/m3/0d4y64_n3fn8tnkv3ydlhztw0000gn/T/01c495fa7450a81b4be96cb699872531.mpf_cache
2025-11-10 18:51:22,618 : INFO : ConfigProcessor : Loading config from cache: /var/folders/m3/0d4y64_n3fn8tnkv3ydlhztw0000gn/T/3ae89e09515ff8d8b11d68f672b2cc51.mpf_cache
2025-11-10 18:51:22,618 : INFO : ConfigProcessor : Loading config from cache: /var/folders/m3/0d4y64_n3fn8tnkv3ydlhztw0000gn/T/4c420229fa75118c2461cfc9ff5a44e2.mpf_cache
2025-11-10 18:51:22,618 : INFO : ConfigProcessor : Loading config from cache: /var/folders/m3/0d4y64_n3fn8tnkv3ydlhztw0000gn/T/f5ee6852f1764324c8553249cc53c871.mpf_cache
2025-11-10 18:51:22,618 : INFO : ConfigProcessor : Loading config from cache: /var/folders/m3/0d4y64_n3fn8tnkv3ydlhztw0000gn/T/73ac54cb7a83dfa5473900e439743a84.mpf_cache
2025-11-10 18:51:22,618 : INFO : ConfigProcessor : Loading config from cache: /var/folders/m3/0d4y64_n3fn8tnkv3ydlhztw0000gn/T/97c87487bc6ae826da86d36a6e042c78.mpf_cache
2025-11-10 18:51:22,618 : INFO : Machine : Mission Pinball Framework Core Engine v0.80.0.dev10
2025-11-10 18:51:22,618 : INFO : Machine : Command line arguments: {'no_load_cache': False, 'create_config_cache': True, 'bcp': True, 'configfile': ['config.yaml'], 'force_assets_load': False, 'platform_integration_test': False, 'jsonlogging': False, 'logfile': 'logs/2025-11-10-18-51-22-mpf-mac.home.log', 'pause': False, 'production': False, 'text_ui': False, 'loglevel': 15, 'consoleloglevel': 20, 'force_platform': 'smart_virtual', 'syslog_address': None, 'full_logfile_path': '/Users/didiergilbin/Desktop/Homebrew_CSI/logs/2025-11-10-18-51-22-mpf-mac.home.log'}
2025-11-10 18:51:22,619 : INFO : Machine : MPF path: /Users/didiergilbin/mpfenv/lib/python3.13/site-packages/mpf
2025-11-10 18:51:22,619 : INFO : Machine : Machine path: /Users/didiergilbin/Desktop/Homebrew_CSI
2025-11-10 18:51:22,619 : INFO : Machine : Platform: darwin
2025-11-10 18:51:22,619 : INFO : Machine : Python executable location: /Users/didiergilbin/mpfenv/bin/python3.13
2025-11-10 18:51:22,619 : INFO : Machine : Python version: 3.13.7 (64-bit)
2025-11-10 18:51:22,619 : INFO : Machine : Initializing MPF...
2025-11-10 18:51:22,631 : INFO : EventManager : Event: ======'machine_var_credits_string'====== Args={'value': 'FREE PLAY', 'prev_value': None, 'change': True}
2025-11-10 18:51:22,635 : INFO : EventManager : Event: ======'machine_var_master_volume'====== Args={'value': 0.5, 'prev_value': None, 'change': True}
2025-11-10 18:51:22,635 : INFO : EventManager : Event: ======'machine_var_player1_score'====== Args={'value': 368000, 'prev_value': None, 'change': True}
2025-11-10 18:51:22,635 : INFO : EventManager : Event: ======'machine_var_player2_score'====== Args={'value': 24000, 'prev_value': None, 'change': True}
2025-11-10 18:51:22,635 : INFO : EventManager : Event: ======'machine_var_player3_score'====== Args={'value': 21000, 'prev_value': None, 'change': True}
2025-11-10 18:51:22,635 : INFO : EventManager : Event: ======'machine_var_player4_score'====== Args={'value': 0, 'prev_value': None, 'change': True}
2025-11-10 18:51:22,635 : INFO : EventManager : Event: ======'machine_var_mpf_version'====== Args={'value': 'Mission Pinball Framework v0.80.0.dev10', 'prev_value': None, 'change': True}
2025-11-10 18:51:22,635 : INFO : EventManager : Event: ======'machine_var_mpf_extended_version'====== Args={'value': 'Mission Pinball Framework v0.80.0.dev10, Config version:6, Show version: 6, BCP version:1.1', 'prev_value': None, 'change': True}
2025-11-10 18:51:22,635 : INFO : EventManager : Event: ======'machine_var_python_version'====== Args={'value': '3.13.7', 'prev_value': None, 'change': True}
2025-11-10 18:51:22,642 : INFO : EventManager : Event: ======'machine_var_platform'====== Args={'value': 'macOS-15.6.1-arm64-arm-64bit-Mach-O', 'prev_value': None, 'change': True}
2025-11-10 18:51:22,642 : INFO : EventManager : Event: ======'machine_var_platform_system'====== Args={'value': 'Darwin', 'prev_value': None, 'change': True}
2025-11-10 18:51:22,642 : INFO : EventManager : Event: ======'machine_var_platform_release'====== Args={'value': '24.6.0', 'prev_value': None, 'change': True}
2025-11-10 18:51:22,642 : INFO : EventManager : Event: ======'machine_var_platform_version'====== Args={'value': 'Darwin Kernel Version 24.6.0: Mon Jul 14 11:30:40 PDT 2025; root:xnu-11417.140.69~1/RELEASE_ARM64_T8132', 'prev_value': None, 'change': True}
2025-11-10 18:51:22,642 : INFO : EventManager : Event: ======'machine_var_platform_machine'====== Args={'value': 'arm64', 'prev_value': None, 'change': True}
2025-11-10 18:51:22,642 : INFO : EventManager : Event: ======'machine_var_log_file_path'====== Args={'value': '/Users/didiergilbin/Desktop/Homebrew_CSI/logs/2025-11-10-18-51-22-mpf-mac.home.log', 'prev_value': None, 'change': True}
2025-11-10 18:51:22,642 : INFO : EventManager : Event: ======'init_phase_1'====== Args={}
2025-11-10 18:51:22,649 : INFO : EventManager : Event: ======'init_phase_2'====== Args={}
2025-11-10 18:51:22,649 : INFO : SwitchController : Found active switch: ('2', <Platform.SmartVirtual>) <switch.s_trough1>
2025-11-10 18:51:22,649 : INFO : SwitchController : Found active switch: ('3', <Platform.SmartVirtual>) <switch.s_trough2>
2025-11-10 18:51:22,649 : INFO : SwitchController : Found active switch: ('4', <Platform.SmartVirtual>) <switch.s_trough3>
2025-11-10 18:51:22,649 : INFO : SwitchController : Found active switch: ('5', <Platform.SmartVirtual>) <switch.s_trough4>
2025-11-10 18:51:22,650 : INFO : EventManager : Event: ======'bcp_connection_attempt'====== Args={'name': 'local_display', 'host': 'localhost', 'port': 5050}
2025-11-10 18:51:22,650 : INFO : BCPClientSocket : Connecting BCP to 'local_display' at localhost:5050...
2025-11-10 18:51:22,652 : INFO : BCPClientSocket : Connected BCP to 'local_display' localhost:5050
2025-11-10 18:51:22,652 : INFO : EventManager : Event: ======'bcp_clients_connected'====== Args={}
2025-11-10 18:51:22,653 : INFO : ball_device.bd_drain : BCH: Initial count: 0
2025-11-10 18:51:22,653 : INFO : ball_device.bd_drain : State: idle
2025-11-10 18:51:22,653 : INFO : ball_device.bd_trough : BCH: Initial count: 4
2025-11-10 18:51:22,653 : INFO : ball_device.bd_trough : State: idle
2025-11-10 18:51:22,653 : INFO : ball_device.bd_plunger : BCH: Initial count: 0
2025-11-10 18:51:22,653 : INFO : ball_device.bd_plunger : State: idle
2025-11-10 18:51:22,656 : INFO : EventManager : Event: ======'init_phase_3'====== Args={}
2025-11-10 18:51:22,657 : INFO : EventManager : Event: ======'init_phase_4'====== Args={}
2025-11-10 18:51:22,657 : INFO : BallController : Initial balls found: 4
2025-11-10 18:51:22,657 : INFO : EventManager : Event: ======'machine_var_audits_events_game_ended'====== Args={'value': 54, 'prev_value': None, 'change': True}
2025-11-10 18:51:22,657 : INFO : EventManager : Event: ======'machine_var_audits_events_game_started'====== Args={'value': 499, 'prev_value': None, 'change': True}
2025-11-10 18:51:22,657 : INFO : EventManager : Event: ======'machine_var_audits_missing_switches_s_drain'====== Args={'value': 24, 'prev_value': None, 'change': True}
2025-11-10 18:51:22,657 : INFO : EventManager : Event: ======'machine_var_audits_missing_switches_s_launch_button'====== Args={'value': 146, 'prev_value': None, 'change': True}
2025-11-10 18:51:22,657 : INFO : EventManager : Event: ======'machine_var_audits_missing_switches_s_left_inlane1'====== Args={'value': 32, 'prev_value': None, 'change': True}
2025-11-10 18:51:22,657 : INFO : EventManager : Event: ======'machine_var_audits_missing_switches_s_left_inlane2'====== Args={'value': 32, 'prev_value': None, 'change': True}
2025-11-10 18:51:22,657 : INFO : EventManager : Event: ======'machine_var_audits_missing_switches_s_left_outlane'====== Args={'value': 114, 'prev_value': None, 'change': True}
2025-11-10 18:51:22,657 : INFO : EventManager : Event: ======'machine_var_audits_missing_switches_s_right_inlane'====== Args={'value': 32, 'prev_value': None, 'change': True}
2025-11-10 18:51:22,657 : INFO : EventManager : Event: ======'machine_var_audits_missing_switches_s_right_orbit'====== Args={'value': 32, 'prev_value': None, 'change': True}
2025-11-10 18:51:22,657 : INFO : EventManager : Event: ======'machine_var_audits_missing_switches_s_right_outlane'====== Args={'value': 114, 'prev_value': None, 'change': True}
2025-11-10 18:51:22,657 : INFO : EventManager : Event: ======'machine_var_audits_missing_switches_s_scoop'====== Args={'value': 32, 'prev_value': None, 'change': True}
2025-11-10 18:51:22,657 : INFO : EventManager : Event: ======'machine_var_audits_missing_switches_s_sling_left'====== Args={'value': 499, 'prev_value': None, 'change': True}
2025-11-10 18:51:22,657 : INFO : EventManager : Event: ======'machine_var_audits_missing_switches_s_sling_right'====== Args={'value': 499, 'prev_value': None, 'change': True}
2025-11-10 18:51:22,657 : INFO : EventManager : Event: ======'machine_var_audits_missing_switches_s_start'====== Args={'value': 24, 'prev_value': None, 'change': True}
2025-11-10 18:51:22,657 : INFO : EventManager : Event: ======'machine_var_audits_missing_switches_s_trough1'====== Args={'value': 24, 'prev_value': None, 'change': True}
2025-11-10 18:51:22,657 : INFO : EventManager : Event: ======'machine_var_audits_missing_switches_s_trough2'====== Args={'value': 60, 'prev_value': None, 'change': True}
2025-11-10 18:51:22,657 : INFO : EventManager : Event: ======'machine_var_audits_missing_switches_s_trough3'====== Args={'value': 277, 'prev_value': None, 'change': True}
2025-11-10 18:51:22,657 : INFO : EventManager : Event: ======'machine_var_audits_missing_switches_s_trough4'====== Args={'value': 277, 'prev_value': None, 'change': True}
2025-11-10 18:51:22,657 : INFO : EventManager : Event: ======'machine_var_audits_missing_switches_s_trough_jam'====== Args={'value': 213, 'prev_value': None, 'change': True}
2025-11-10 18:51:22,657 : INFO : EventManager : Event: ======'machine_var_audits_player_score'====== Args={'value': {'average': 215167, 'top': [10210000, 1550000, 1070000, 1070000, 810000, 710000, 640000, 570000, 530000, 480000], 'total': 118}, 'prev_value': None, 'change': True}
2025-11-10 18:51:22,657 : INFO : EventManager : Event: ======'machine_var_audits_shots_bumper1'====== Args={'value': 4327, 'prev_value': None, 'change': True}
2025-11-10 18:51:22,657 : INFO : EventManager : Event: ======'machine_var_audits_shots_bumper2'====== Args={'value': 4257, 'prev_value': None, 'change': True}
2025-11-10 18:51:22,657 : INFO : EventManager : Event: ======'machine_var_audits_shots_bumper3'====== Args={'value': 4081, 'prev_value': None, 'change': True}
2025-11-10 18:51:22,657 : INFO : EventManager : Event: ======'machine_var_audits_shots_c_shot'====== Args={'value': 162, 'prev_value': None, 'change': True}
2025-11-10 18:51:22,657 : INFO : EventManager : Event: ======'machine_var_audits_shots_csi_shot'====== Args={'value': 9, 'prev_value': None, 'change': True}
2025-11-10 18:51:22,657 : INFO : EventManager : Event: ======'machine_var_audits_shots_i_shot'====== Args={'value': 135, 'prev_value': None, 'change': True}
2025-11-10 18:51:22,657 : INFO : EventManager : Event: ======'machine_var_audits_shots_s_shot'====== Args={'value': 152, 'prev_value': None, 'change': True}
2025-11-10 18:51:22,657 : INFO : EventManager : Event: ======'machine_var_audits_shots_switch_shot'====== Args={'value': 245, 'prev_value': None, 'change': True}
2025-11-10 18:51:22,657 : INFO : EventManager : Event: ======'machine_var_audits_switches_s_drain'====== Args={'value': 541, 'prev_value': None, 'change': True}
2025-11-10 18:51:22,657 : INFO : EventManager : Event: ======'machine_var_audits_switches_s_launch_button'====== Args={'value': 1, 'prev_value': None, 'change': True}
2025-11-10 18:51:22,657 : INFO : EventManager : Event: ======'machine_var_audits_switches_s_left_flipper'====== Args={'value': 436, 'prev_value': None, 'change': True}
2025-11-10 18:51:22,657 : INFO : EventManager : Event: ======'machine_var_audits_switches_s_left_inlane1'====== Args={'value': 172, 'prev_value': None, 'change': True}
2025-11-10 18:51:22,657 : INFO : EventManager : Event: ======'machine_var_audits_switches_s_left_inlane2'====== Args={'value': 159, 'prev_value': None, 'change': True}
2025-11-10 18:51:22,658 : INFO : EventManager : Event: ======'machine_var_audits_switches_s_left_outlane'====== Args={'value': 1, 'prev_value': None, 'change': True}
2025-11-10 18:51:22,658 : INFO : EventManager : Event: ======'machine_var_audits_switches_s_plunger_lane'====== Args={'value': 880, 'prev_value': None, 'change': True}
2025-11-10 18:51:22,658 : INFO : EventManager : Event: ======'machine_var_audits_switches_s_popbumper1'====== Args={'value': 4371, 'prev_value': None, 'change': True}
2025-11-10 18:51:22,658 : INFO : EventManager : Event: ======'machine_var_audits_switches_s_popbumper2'====== Args={'value': 4298, 'prev_value': None, 'change': True}
2025-11-10 18:51:22,658 : INFO : EventManager : Event: ======'machine_var_audits_switches_s_popbumper3'====== Args={'value': 4123, 'prev_value': None, 'change': True}
2025-11-10 18:51:22,658 : INFO : EventManager : Event: ======'machine_var_audits_switches_s_ramp'====== Args={'value': 720, 'prev_value': None, 'change': True}
2025-11-10 18:51:22,658 : INFO : EventManager : Event: ======'machine_var_audits_switches_s_right_flipper'====== Args={'value': 714, 'prev_value': None, 'change': True}
2025-11-10 18:51:22,658 : INFO : EventManager : Event: ======'machine_var_audits_switches_s_right_inlane'====== Args={'value': 141, 'prev_value': None, 'change': True}
2025-11-10 18:51:22,658 : INFO : EventManager : Event: ======'machine_var_audits_switches_s_right_orbit'====== Args={'value': 47, 'prev_value': None, 'change': True}
2025-11-10 18:51:22,658 : INFO : EventManager : Event: ======'machine_var_audits_switches_s_right_outlane'====== Args={'value': 5, 'prev_value': None, 'change': True}
2025-11-10 18:51:22,658 : INFO : EventManager : Event: ======'machine_var_audits_switches_s_scoop'====== Args={'value': 428, 'prev_value': None, 'change': True}
2025-11-10 18:51:22,658 : INFO : EventManager : Event: ======'machine_var_audits_switches_s_skull_lock1'====== Args={'value': 46, 'prev_value': None, 'change': True}
2025-11-10 18:51:22,658 : INFO : EventManager : Event: ======'machine_var_audits_switches_s_skull_lock2'====== Args={'value': 49, 'prev_value': None, 'change': True}
2025-11-10 18:51:22,658 : INFO : EventManager : Event: ======'machine_var_audits_switches_s_sling_left'====== Args={'value': 0, 'prev_value': None, 'change': True}
2025-11-10 18:51:22,658 : INFO : EventManager : Event: ======'machine_var_audits_switches_s_sling_right'====== Args={'value': 0, 'prev_value': None, 'change': True}
2025-11-10 18:51:22,658 : INFO : EventManager : Event: ======'machine_var_audits_switches_s_start'====== Args={'value': 661, 'prev_value': None, 'change': True}
2025-11-10 18:51:22,658 : INFO : EventManager : Event: ======'machine_var_audits_switches_s_trough1'====== Args={'value': 382, 'prev_value': None, 'change': True}
2025-11-10 18:51:22,658 : INFO : EventManager : Event: ======'machine_var_audits_switches_s_trough2'====== Args={'value': 18, 'prev_value': None, 'change': True}
2025-11-10 18:51:22,658 : INFO : EventManager : Event: ======'machine_var_audits_switches_s_trough3'====== Args={'value': 1, 'prev_value': None, 'change': True}
2025-11-10 18:51:22,658 : INFO : EventManager : Event: ======'machine_var_audits_switches_s_trough4'====== Args={'value': 1, 'prev_value': None, 'change': True}
2025-11-10 18:51:22,658 : INFO : EventManager : Event: ======'machine_var_audits_switches_s_trough_jam'====== Args={'value': 8, 'prev_value': None, 'change': True}
2025-11-10 18:51:22,658 : INFO : EventManager : Event: ======'init_phase_5'====== Args={}
2025-11-10 18:51:22,658 : INFO : EventManager : Event: ======'init_done'====== Args={}
2025-11-10 18:51:22,658 : INFO : EventManager : Event: ======'machine_reset_phase_1'====== Args={}
2025-11-10 18:51:22,668 : INFO : EventManager : Event: ======'machine_reset_phase_2'====== Args={}
2025-11-10 18:51:22,668 : INFO : EventManager : Event: ======'machine_reset_phase_3'====== Args={}
2025-11-10 18:51:22,668 : INFO : EventManager : Event: ======'reset_complete'====== Args={}
2025-11-10 18:51:22,668 : INFO : EventManager : Event: ======'mode_attract_will_start'====== Args={}
2025-11-10 18:51:22,668 : INFO : Timer.attract_carousel_timer : Starting Timer.
2025-11-10 18:51:22,668 : INFO : EventManager : Event: ======'timer_attract_carousel_timer_started'====== Args={'ticks': 0, 'ticks_remaining': 1}
2025-11-10 18:51:22,668 : INFO : EventManager : Event: ======'timer_attract_carousel_timer_tick'====== Args={'ticks': 0, 'ticks_remaining': 1}
2025-11-10 18:51:22,668 : INFO : EventManager : Event: ======'mode_attract_starting'====== Args={}
2025-11-10 18:51:22,668 : INFO : Mode.attract : Started. Priority: 10
2025-11-10 18:51:22,668 : INFO : EventManager : Event: ======'modes_active_modes_changed'====== Args={}
2025-11-10 18:51:22,668 : INFO : EventManager : Event: ======'mode_attract_started'====== Args={}
2025-11-10 18:51:22,668 : INFO : EventManager : Event: ======'collecting_balls_complete'====== Args={}
2025-11-10 18:51:22,669 : INFO : EventManager : Event: ======'carousel_item_highlighted'====== Args={'carousel': 'attract', 'direction': None, 'item': 'title'}
2025-11-10 18:51:22,669 : INFO : Machine : Starting the main run loop with active modes: [<Mode.attract>]
2025-11-10 18:51:22,734 : INFO : BcpServer : New client connected.
2025-11-10 18:51:23,085 : INFO : EventManager : Event: ======'slide_attract_created'====== Args={'_from_bcp': True}
2025-11-10 18:51:23,085 : INFO : EventManager : Event: ======'slide__removed'====== Args={'_from_bcp': True}
2025-11-10 18:51:23,086 : INFO : EventManager : Event: ======'slide_attract_active'====== Args={'original_context': 'attract', 'original_calling_context': 'mode_attract_started', 'priority': 10.0, 'cmd': 'slides_play', '_from_bcp': True}
2025-11-10 18:51:27,634 : INFO : SwitchController : <<<<<<< 's_start' active >>>>>>>
2025-11-10 18:51:27,669 : INFO : Timer.attract_carousel_timer : Timer Complete
2025-11-10 18:51:27,669 : INFO : Timer.attract_carousel_timer : Stopping Timer
2025-11-10 18:51:27,670 : INFO : EventManager : Event: ======'timer_attract_carousel_timer_stopped'====== Args={'ticks': 1, 'ticks_remaining': 1}
2025-11-10 18:51:27,670 : INFO : EventManager : Event: ======'timer_attract_carousel_timer_complete'====== Args={'ticks': 1, 'ticks_remaining': 1}
2025-11-10 18:51:27,671 : INFO : EventManager : Event: ======'carousel_item_highlighted'====== Args={'carousel': 'attract', 'direction': 'forwards', 'item': 'credits'}
2025-11-10 18:51:27,717 : INFO : SwitchController : <<<<<<< 's_start' inactive >>>>>>>
2025-11-10 18:51:27,717 : INFO : EventManager : Event: ======'request_to_start_game'====== Args={}
2025-11-10 18:51:27,718 : INFO : EventManager : Event: ======'game_start'====== Args={'buttons': [], 'hold_time': 0.0833094590343535}
2025-11-10 18:51:27,718 : INFO : EventManager : Event: ======'mode_game_will_start'====== Args={'buttons': [], 'hold_time': 0.0833094590343535}
2025-11-10 18:51:27,718 : INFO : EventManager : Event: ======'mode_game_starting'====== Args={'buttons': [], 'hold_time': 0.0833094590343535}
2025-11-10 18:51:27,718 : INFO : EventManager : Event: ======'mode_attract_will_stop'====== Args={}
2025-11-10 18:51:27,719 : INFO : EventManager : Event: ======'mode_attract_stopping'====== Args={}
2025-11-10 18:51:27,719 : INFO : Mode.attract : Stopped.
2025-11-10 18:51:27,719 : INFO : EventManager : Event: ======'modes_active_modes_changed'====== Args={}
2025-11-10 18:51:27,719 : INFO : EventManager : Event: ======'mode_attract_stopped'====== Args={}
2025-11-10 18:51:27,719 : INFO : EventManager : Event: ======'clear'====== Args={'key': 'attract'}
2025-11-10 18:51:27,719 : INFO : Timer.attract_carousel_timer : Stopping Timer
2025-11-10 18:51:27,719 : INFO : EventManager : Event: ======'timer_attract_carousel_timer_stopped'====== Args={'ticks': 1, 'ticks_remaining': 1}
2025-11-10 18:51:27,719 : INFO : Mode.game : Started. Priority: 20
2025-11-10 18:51:27,719 : INFO : EventManager : Event: ======'modes_active_modes_changed'====== Args={}
2025-11-10 18:51:27,719 : INFO : EventManager : Event: ======'mode_game_started'====== Args={'buttons': [], 'hold_time': 0.0833094590343535}
2025-11-10 18:51:27,720 : INFO : EventManager : Event: ======'game_will_start'====== Args={}
2025-11-10 18:51:27,720 : INFO : EventManager : Event: ======'game_starting'====== Args={'game': <Mode.game>}
2025-11-10 18:51:27,721 : INFO : EventManager : Unordered handler for class <Auditor> on event game_ended with priority 1. Handlers: [RegisteredHandler(callback=<bound method Auditor.disable of <Auditor>>, priority=1, kwargs={}, key=UUID('d0bce733-f257-4c23-84df-ff41221854aa'), condition=None, blocking_facility=None), RegisteredHandler(callback=<bound method Auditor._save_audits of <Auditor>>, priority=1, kwargs={}, key=UUID('731b0a8a-be40-4ba2-917d-864312cd5320'), condition=None, blocking_facility=None)]. The order of those handlers is not defined and they will be executed in random order. This might lead to race conditions and potential bugs.
2025-11-10 18:51:27,721 : INFO : EventManager : Event: ======'player_add_request'====== Args={}
2025-11-10 18:51:27,721 : INFO : EventManager : Event: ======'player_will_add'====== Args={'number': 1}
2025-11-10 18:51:27,721 : INFO : EventManager : Event: ======'player_adding'====== Args={'player': <Player 1>, 'number': 1}
2025-11-10 18:51:27,721 : INFO : EventManager : Event: ======'player_added'====== Args={'player': <Player 1>, 'num': 1}
2025-11-10 18:51:27,721 : INFO : Mode.game : Player added successfully. Total players: 1
2025-11-10 18:51:27,721 : INFO : EventManager : Event: ======'player_index'====== Args={'value': 0, 'prev_value': 0, 'change': 0, 'player_num': 1}
2025-11-10 18:51:27,721 : INFO : EventManager : Event: ======'player_number'====== Args={'value': 1, 'prev_value': 1, 'change': 0, 'player_num': 1}
2025-11-10 18:51:27,721 : INFO : EventManager : Event: ======'player_bonus_multiplier'====== Args={'value': 1, 'prev_value': 1, 'change': 0, 'player_num': 1}
2025-11-10 18:51:27,722 : INFO : EventManager : Event: ======'player_skull_ramp_nb'====== Args={'value': 0, 'prev_value': 0, 'change': 0, 'player_num': 1}
2025-11-10 18:51:27,722 : INFO : EventManager : Event: ======'player_score'====== Args={'value': 0, 'prev_value': 0, 'change': 0, 'player_num': 1}
2025-11-10 18:51:27,722 : INFO : EventManager : Event: ======'game_started'====== Args={}
2025-11-10 18:51:27,722 : INFO : EventManager : Event: ======'player_turn_will_start'====== Args={'player': <Player 1>, 'number': 1}
2025-11-10 18:51:27,722 : INFO : EventManager : Event: ======'player_turn_starting'====== Args={'player': <Player 1>, 'number': 1}
2025-11-10 18:51:27,726 : INFO : EventManager : Event: ======'player_ball'====== Args={'value': 1, 'prev_value': 0, 'change': 1, 'player_num': 1}
2025-11-10 18:51:27,726 : INFO : EventManager : Event: ======'player_turn_started'====== Args={'player': <Player 1>, 'number': 1}
2025-11-10 18:51:27,726 : INFO : EventManager : Event: ======'ball_will_start'====== Args={'player': 1, 'ball': 1, 'balls_remaining': 2, 'is_extra_ball': False}
2025-11-10 18:51:27,726 : INFO : EventManager : Event: ======'ball_starting'====== Args={'player': 1, 'ball': 1, 'balls_remaining': 2, 'is_extra_ball': False}
2025-11-10 18:51:27,727 : INFO : EventManager : Event: ======'mode_base_will_start'====== Args={'queue': <QueuedEvent>, 'player': 1, 'ball': 1, 'balls_remaining': 2, 'is_extra_ball': False}
2025-11-10 18:51:27,727 : INFO : EventManager : Event: ======'player_base_player_added_timer_tick'====== Args={'value': 0, 'prev_value': 0, 'change': 0, 'player_num': 1}
2025-11-10 18:51:27,727 : INFO : Timer.player_added_timer : Starting Timer.
2025-11-10 18:51:27,727 : INFO : EventManager : Event: ======'timer_player_added_timer_started'====== Args={'ticks': 0, 'ticks_remaining': 1}
2025-11-10 18:51:27,727 : INFO : EventManager : Event: ======'timer_player_added_timer_tick'====== Args={'ticks': 0, 'ticks_remaining': 1}
2025-11-10 18:51:27,727 : INFO : EventManager : Event: ======'mode_base_starting'====== Args={'queue': <QueuedEvent>, 'player': 1, 'ball': 1, 'balls_remaining': 2, 'is_extra_ball': False}
2025-11-10 18:51:27,727 : INFO : Mode.base : Started. Priority: 100
2025-11-10 18:51:27,727 : INFO : EventManager : Event: ======'modes_active_modes_changed'====== Args={}
2025-11-10 18:51:27,728 : INFO : EventManager : Event: ======'mode_base_started'====== Args={'queue': <QueuedEvent>, 'player': 1, 'ball': 1, 'balls_remaining': 2, 'is_extra_ball': False}
2025-11-10 18:51:27,728 : INFO : EventManager : Event: ======'start_mode_bumpers'====== Args={'priority': 0}
2025-11-10 18:51:27,728 : INFO : EventManager : Event: ======'start_mode_csi_lanes'====== Args={'priority': 0}
2025-11-10 18:51:27,728 : INFO : EventManager : Event: ======'start_mode_skull'====== Args={'priority': 0}
2025-11-10 18:51:27,728 : INFO : EventManager : Event: ======'mode_bumpers_will_start'====== Args={'priority': 0}
2025-11-10 18:51:27,728 : INFO : EventManager : Event: ======'player_shot_bumper1_enabled'====== Args={'value': True, 'prev_value': 0, 'change': 1, 'player_num': 1}
2025-11-10 18:51:27,728 : INFO : EventManager : Event: ======'player_shot_bumper2_enabled'====== Args={'value': True, 'prev_value': 0, 'change': 1, 'player_num': 1}
2025-11-10 18:51:27,729 : INFO : EventManager : Event: ======'player_shot_bumper3_enabled'====== Args={'value': True, 'prev_value': 0, 'change': 1, 'player_num': 1}
2025-11-10 18:51:27,729 : INFO : EventManager : Event: ======'bumpers_complete'====== Args={'state': 'unlit'}
2025-11-10 18:51:27,729 : INFO : EventManager : Event: ======'bumpers_unlit_complete'====== Args={}
2025-11-10 18:51:27,729 : INFO : EventManager : Event: ======'player_bumpers_bumper_timer_tick'====== Args={'value': 0, 'prev_value': 0, 'change': 0, 'player_num': 1}
2025-11-10 18:51:27,729 : INFO : Timer.bumper_timer : Starting Timer.
2025-11-10 18:51:27,729 : INFO : EventManager : Event: ======'timer_bumper_timer_started'====== Args={'ticks': 0, 'ticks_remaining': 1}
2025-11-10 18:51:27,729 : INFO : EventManager : Event: ======'timer_bumper_timer_tick'====== Args={'ticks': 0, 'ticks_remaining': 1}
2025-11-10 18:51:27,730 : INFO : EventManager : Event: ======'mode_bumpers_starting'====== Args={'priority': 0}
2025-11-10 18:51:27,730 : INFO : EventManager : Event: ======'mode_csi_lanes_will_start'====== Args={'priority': 0}
2025-11-10 18:51:27,730 : INFO : EventManager : Event: ======'player_shot_c_shot_enabled'====== Args={'value': True, 'prev_value': 0, 'change': 1, 'player_num': 1}
2025-11-10 18:51:27,730 : INFO : EventManager : Event: ======'player_shot_s_shot_enabled'====== Args={'value': True, 'prev_value': 0, 'change': 1, 'player_num': 1}
2025-11-10 18:51:27,730 : INFO : EventManager : Event: ======'player_shot_i_shot_enabled'====== Args={'value': True, 'prev_value': 0, 'change': 1, 'player_num': 1}
2025-11-10 18:51:27,731 : INFO : EventManager : Event: ======'csi_shots_complete'====== Args={'state': 'unlit'}
2025-11-10 18:51:27,731 : INFO : EventManager : Event: ======'csi_shots_unlit_complete'====== Args={}
2025-11-10 18:51:27,731 : INFO : EventManager : Event: ======'player_csi_lanes_csi_lanes_timer_tick'====== Args={'value': 0, 'prev_value': 0, 'change': 0, 'player_num': 1}
2025-11-10 18:51:27,731 : INFO : Timer.csi_lanes_timer : Starting Timer.
2025-11-10 18:51:27,731 : INFO : EventManager : Event: ======'timer_csi_lanes_timer_started'====== Args={'ticks': 0, 'ticks_remaining': 1}
2025-11-10 18:51:27,732 : INFO : EventManager : Event: ======'timer_csi_lanes_timer_tick'====== Args={'ticks': 0, 'ticks_remaining': 1}
2025-11-10 18:51:27,732 : INFO : EventManager : Event: ======'player_csi_lanes_csi_right_orbit_timer_tick'====== Args={'value': 0, 'prev_value': 0, 'change': 0, 'player_num': 1}
2025-11-10 18:51:27,732 : INFO : EventManager : Event: ======'mode_csi_lanes_starting'====== Args={'priority': 0}
2025-11-10 18:51:27,732 : INFO : EventManager : Event: ======'mode_skull_will_start'====== Args={'priority': 0}
2025-11-10 18:51:27,733 : INFO : EventManager : Event: ======'player_skull_pause_timer_tick'====== Args={'value': 0, 'prev_value': 0, 'change': 0, 'player_num': 1}
2025-11-10 18:51:27,733 : INFO : Timer.pause_timer : Starting Timer.
2025-11-10 18:51:27,733 : INFO : EventManager : Event: ======'timer_pause_timer_started'====== Args={'ticks': 0, 'ticks_remaining': 1}
2025-11-10 18:51:27,733 : INFO : EventManager : Event: ======'timer_pause_timer_tick'====== Args={'ticks': 0, 'ticks_remaining': 1}
2025-11-10 18:51:27,733 : INFO : EventManager : Event: ======'mode_skull_starting'====== Args={'priority': 0}
2025-11-10 18:51:27,733 : INFO : Mode.bumpers : Started. Priority: 200
2025-11-10 18:51:27,733 : INFO : EventManager : Event: ======'modes_active_modes_changed'====== Args={}
2025-11-10 18:51:27,733 : INFO : EventManager : Event: ======'mode_bumpers_started'====== Args={'priority': 0}
2025-11-10 18:51:27,733 : INFO : EventManager : Event: ======'balls_in_play'====== Args={'balls': 1}
2025-11-10 18:51:27,734 : INFO : EventManager : Event: ======'ball_started'====== Args={'player': 1, 'ball': 1, 'balls_remaining': 2, 'is_extra_ball': False}
2025-11-10 18:51:27,734 : INFO : EventManager : Event: ======'logicblock_csi_lanes_then_scoop_updated'====== Args={'value': 0, 'enabled': True}
2025-11-10 18:51:27,734 : INFO : EventManager : Event: ======'logicblock_csi_lanes_then_scoop_then_right_orbit_updated'====== Args={'value': 0, 'enabled': True}
2025-11-10 18:51:27,734 : INFO : EventManager : Event: ======'logicblock_csi_lanes_then_scoop_updated'====== Args={'value': 0, 'enabled': True}
2025-11-10 18:51:27,734 : INFO : EventManager : Event: ======'logicblock_csi_lanes_then_scoop_then_right_orbit_updated'====== Args={'value': 0, 'enabled': True}
2025-11-10 18:51:27,734 : INFO : Mode.csi_lanes : Started. Priority: 200
2025-11-10 18:51:27,734 : INFO : EventManager : Event: ======'modes_active_modes_changed'====== Args={}
2025-11-10 18:51:27,734 : INFO : EventManager : Event: ======'mode_csi_lanes_started'====== Args={'priority': 0}
2025-11-10 18:51:27,734 : INFO : EventManager : Event: ======'player_multiplier'====== Args={'value': 1, 'prev_value': 0, 'change': 1, 'player_num': 1, 'source': 'csi_lanes'}
2025-11-10 18:51:27,735 : INFO : EventManager : Event: ======'logicblock_seq_lock1_updated'====== Args={'value': 0, 'enabled': True}
2025-11-10 18:51:27,735 : INFO : EventManager : Event: ======'logicblock_seq_lock2_updated'====== Args={'value': 0, 'enabled': True}
2025-11-10 18:51:27,735 : INFO : EventManager : Event: ======'logicblock_seq_ready_for_MB_updated'====== Args={'value': 0, 'enabled': True}
2025-11-10 18:51:27,735 : INFO : EventManager : Event: ======'logicblock_seq_lock1_updated'====== Args={'value': 0, 'enabled': True}
2025-11-10 18:51:27,735 : INFO : EventManager : Event: ======'logicblock_seq_lock2_updated'====== Args={'value': 0, 'enabled': True}
2025-11-10 18:51:27,735 : INFO : EventManager : Event: ======'logicblock_seq_ready_for_MB_updated'====== Args={'value': 0, 'enabled': True}
2025-11-10 18:51:27,735 : INFO : Mode.skull : Started. Priority: 200
2025-11-10 18:51:27,735 : INFO : EventManager : Event: ======'modes_active_modes_changed'====== Args={}
2025-11-10 18:51:27,735 : INFO : EventManager : Event: ======'mode_skull_started'====== Args={'priority': 0}
2025-11-10 18:51:27,735 : INFO : EventManager : Event: ======'single_player_ball_started'====== Args={}
2025-11-10 18:51:27,735 : INFO : EventManager : Event: ======'ball_start_target'====== Args={'target': 'playfield'}
2025-11-10 18:51:27,735 : INFO : ball_device.bd_trough : Setting up player-controlled eject. Balls: 1, Target: <playfield.playfield>, player_controlled_eject_event: None
2025-11-10 18:51:27,735 : INFO : ball_device.bd_trough : Adding 1 ball(s) to the eject_queue with target <playfield.playfield>.
2025-11-10 18:51:27,736 : INFO : EventManager : Event: ======'balldevice_balls_available'====== Args={}
2025-11-10 18:51:27,736 : INFO : ball_device.bd_trough : State: waiting_for_target_ready
2025-11-10 18:51:27,736 : INFO : EventManager : Event: ======'balldevice_bd_trough_ball_eject_attempt'====== Args={'balls': 1, 'target': <ball_device.bd_plunger>, 'source': <ball_device.bd_trough>, 'mechanical_eject': False, 'num_attempts': 0}
2025-11-10 18:51:27,736 : INFO : ball_device.bd_plunger : State: waiting_for_ball
2025-11-10 18:51:27,736 : INFO : ball_device.bd_trough : State: ejecting
2025-11-10 18:51:27,736 : INFO : ball_device.bd_trough : Ejecting ball to <ball_device.bd_plunger>
2025-11-10 18:51:27,736 : INFO : EventManager : Event: ======'balldevice_bd_trough_ejecting_ball'====== Args={'balls': 1, 'target': <ball_device.bd_plunger>, 'source': <ball_device.bd_trough>, 'mechanical_eject': False, 'num_attempts': 0}
2025-11-10 18:51:27,736 : INFO : ball_device.bd_trough : Wait for ball to leave device
2025-11-10 18:51:27,737 : INFO : coil.c_trough_eject : Pulsing Driver for 20ms (1.0 pulse_power)
2025-11-10 18:51:27,737 : INFO : SwitchController : <<<<<<< 's_trough1' inactive >>>>>>>
2025-11-10 18:51:27,737 : INFO : ball_device.bd_trough : State: ball_left
2025-11-10 18:51:27,737 : INFO : ball_device.bd_trough : Ball left
2025-11-10 18:51:27,737 : INFO : ball_device.bd_trough : Wait for confirm with timeout 3.0
2025-11-10 18:51:27,838 : INFO : SwitchController : <<<<<<< 's_plunger_lane' active >>>>>>>
2025-11-10 18:51:27,838 : INFO : EventManager : Event: ======'machine_var_audits_switches_s_plunger_lane'====== Args={'value': 881, 'prev_value': 880, 'change': 1}
2025-11-10 18:51:27,916 : INFO : EventManager : Event: ======'slide_base_slide_created'====== Args={'_from_bcp': True}
2025-11-10 18:51:27,917 : INFO : EventManager : Event: ======'slide_attract_inactive'====== Args={'is_removing': True, '_from_bcp': True}
2025-11-10 18:51:27,917 : INFO : EventManager : Event: ======'slide_base_slide_active'====== Args={'original_context': 'base', 'original_calling_context': 'mode_base_started', 'priority': 100.0, 'queue': '<QueuedEvent>', 'player': 1.0, 'ball': 1.0, 'balls_remaining': 2.0, 'is_extra_ball': False, 'cmd': 'slides_play', '_from_bcp': True}
2025-11-10 18:51:27,917 : INFO : EventManager : Event: ======'slide_attract_removed'====== Args={'_from_bcp': True}
2025-11-10 18:51:28,231 : INFO : EventManager : Event: ======'player_bumpers_bumper_timer_tick'====== Args={'value': 1, 'prev_value': 0, 'change': 1, 'player_num': 1}
2025-11-10 18:51:28,232 : INFO : Timer.bumper_timer : Timer Complete
2025-11-10 18:51:28,232 : INFO : Timer.bumper_timer : Stopping Timer
2025-11-10 18:51:28,233 : INFO : EventManager : Event: ======'timer_bumper_timer_stopped'====== Args={'ticks': 1, 'ticks_remaining': 1}
2025-11-10 18:51:28,233 : INFO : EventManager : Event: ======'timer_bumper_timer_complete'====== Args={'ticks': 1, 'ticks_remaining': 1}
2025-11-10 18:51:28,339 : INFO : ball_device.bd_plunger : Received ball from <ball_device.bd_trough>
2025-11-10 18:51:28,339 : INFO : EventManager : Event: ======'balldevice_bd_plunger_ball_enter'====== Args={'new_balls': 1, 'unclaimed_balls': 0, 'new_available_balls': 0, 'device': <ball_device.bd_plunger>}
2025-11-10 18:51:28,339 : INFO : EventManager : Event: ======'balldevice_bd_plunger_ball_entered'====== Args={'new_balls': 0, 'device': <ball_device.bd_plunger>}
2025-11-10 18:51:28,340 : INFO : EventManager : Event: ======'balldevice_bd_plunger_ball_count_changed'====== Args={'balls': 1}
2025-11-10 18:51:28,340 : INFO : ball_device.bd_trough : Got eject confirm
2025-11-10 18:51:28,340 : INFO : ball_device.bd_trough : Eject successful
2025-11-10 18:51:28,340 : INFO : EventManager : Event: ======'balldevice_bd_trough_ball_eject_success'====== Args={'balls': 1, 'target': <ball_device.bd_plunger>}
2025-11-10 18:51:28,340 : INFO : EventManager : Event: ======'balldevice_bd_trough_ball_count_changed'====== Args={'balls': 3}
2025-11-10 18:51:28,340 : INFO : ball_device.bd_trough : State: idle
2025-11-10 18:51:28,340 : INFO : ball_device.bd_plunger : State: waiting_for_target_ready
2025-11-10 18:51:28,340 : INFO : EventManager : Event: ======'balldevice_bd_plunger_ball_eject_attempt'====== Args={'balls': 1, 'target': <playfield.playfield>, 'source': <ball_device.bd_plunger>, 'mechanical_eject': False, 'num_attempts': 0}
2025-11-10 18:51:28,341 : INFO : ball_device.bd_plunger : State: ejecting
2025-11-10 18:51:28,341 : INFO : ball_device.bd_plunger : Ejecting ball to <playfield.playfield>
2025-11-10 18:51:28,341 : INFO : EventManager : Event: ======'balldevice_bd_plunger_ejecting_ball'====== Args={'balls': 1, 'target': <playfield.playfield>, 'source': <ball_device.bd_plunger>, 'mechanical_eject': False, 'num_attempts': 0}
2025-11-10 18:51:28,341 : INFO : ball_device.bd_plunger : Wait for ball to leave device
2025-11-10 18:51:28,342 : INFO : coil.c_plunger : Pulsing Driver for 20ms (1.0 pulse_power)
2025-11-10 18:51:28,342 : INFO : SwitchController : <<<<<<< 's_plunger_lane' inactive >>>>>>>
2025-11-10 18:51:28,342 : INFO : ball_device.bd_plunger : State: ball_left
2025-11-10 18:51:28,342 : INFO : ball_device.bd_plunger : Ball left
2025-11-10 18:51:28,342 : INFO : ball_device.bd_plunger : Wait for confirm with timeout 3.0
2025-11-10 18:51:28,428 : INFO : EventManager : Event: ======'player_base_player_added_timer_tick'====== Args={'value': 1, 'prev_value': 0, 'change': 1, 'player_num': 1}
2025-11-10 18:51:28,428 : INFO : Timer.player_added_timer : Timer Complete
2025-11-10 18:51:28,428 : INFO : Timer.player_added_timer : Stopping Timer
2025-11-10 18:51:28,428 : INFO : EventManager : Event: ======'timer_player_added_timer_stopped'====== Args={'ticks': 1, 'ticks_remaining': 1}
2025-11-10 18:51:28,429 : INFO : EventManager : Event: ======'timer_player_added_timer_complete'====== Args={'ticks': 1, 'ticks_remaining': 1}
2025-11-10 18:51:28,432 : INFO : EventManager : Event: ======'player_csi_lanes_csi_lanes_timer_tick'====== Args={'value': 1, 'prev_value': 0, 'change': 1, 'player_num': 1}
2025-11-10 18:51:28,432 : INFO : Timer.csi_lanes_timer : Timer Complete
2025-11-10 18:51:28,432 : INFO : Timer.csi_lanes_timer : Stopping Timer
2025-11-10 18:51:28,432 : INFO : EventManager : Event: ======'timer_csi_lanes_timer_stopped'====== Args={'ticks': 1, 'ticks_remaining': 1}
2025-11-10 18:51:28,432 : INFO : EventManager : Event: ======'timer_csi_lanes_timer_complete'====== Args={'ticks': 1, 'ticks_remaining': 1}
2025-11-10 18:51:29,458 : INFO : SwitchController : <<<<<<< 's_ramp' active >>>>>>>
2025-11-10 18:51:29,458 : INFO : EventManager : Event: ======'s_ramp_active'====== Args={}
2025-11-10 18:51:29,459 : INFO : EventManager : Event: ======'machine_var_audits_switches_s_ramp'====== Args={'value': 721, 'prev_value': 720, 'change': 1}
2025-11-10 18:51:29,459 : INFO : EventManager : Event: ======'player_skull_ramp_nb'====== Args={'value': 1, 'prev_value': 0, 'change': 1, 'player_num': 1, 'source': 'skull'}
2025-11-10 18:51:29,552 : INFO : SwitchController : <<<<<<< 's_ramp' inactive >>>>>>>
2025-11-10 18:51:29,671 : INFO : SwitchController : <<<<<<< 's_ramp' active >>>>>>>
2025-11-10 18:51:29,671 : INFO : EventManager : Event: ======'s_ramp_active'====== Args={}
2025-11-10 18:51:29,671 : INFO : EventManager : Event: ======'machine_var_audits_switches_s_ramp'====== Args={'value': 722, 'prev_value': 721, 'change': 1}
2025-11-10 18:51:29,672 : INFO : EventManager : Event: ======'player_skull_ramp_nb'====== Args={'value': 2, 'prev_value': 1, 'change': 1, 'player_num': 1, 'source': 'skull'}
2025-11-10 18:51:29,752 : INFO : SwitchController : <<<<<<< 's_ramp' inactive >>>>>>>
2025-11-10 18:51:29,837 : INFO : SwitchController : <<<<<<< 's_ramp' active >>>>>>>
2025-11-10 18:51:29,837 : INFO : EventManager : Event: ======'s_ramp_active'====== Args={}
2025-11-10 18:51:29,838 : INFO : EventManager : Event: ======'machine_var_audits_switches_s_ramp'====== Args={'value': 723, 'prev_value': 722, 'change': 1}
2025-11-10 18:51:29,838 : INFO : EventManager : Event: ======'player_skull_ramp_nb'====== Args={'value': 3, 'prev_value': 2, 'change': 1, 'player_num': 1, 'source': 'skull'}
2025-11-10 18:51:29,920 : INFO : SwitchController : <<<<<<< 's_ramp' inactive >>>>>>>
2025-11-10 18:51:29,969 : INFO : SwitchController : <<<<<<< 's_ramp' active >>>>>>>
2025-11-10 18:51:29,969 : INFO : EventManager : Event: ======'s_ramp_active'====== Args={}
2025-11-10 18:51:29,969 : INFO : EventManager : Event: ======'machine_var_audits_switches_s_ramp'====== Args={'value': 724, 'prev_value': 723, 'change': 1}
2025-11-10 18:51:29,970 : INFO : EventManager : Event: ======'player_skull_ramp_nb'====== Args={'value': 4, 'prev_value': 3, 'change': 1, 'player_num': 1, 'source': 'skull'}
2025-11-10 18:51:30,052 : INFO : SwitchController : <<<<<<< 's_ramp' inactive >>>>>>>
2025-11-10 18:51:30,120 : INFO : SwitchController : <<<<<<< 's_ramp' active >>>>>>>
2025-11-10 18:51:30,120 : INFO : EventManager : Event: ======'s_ramp_active'====== Args={}
2025-11-10 18:51:30,120 : INFO : EventManager : Event: ======'machine_var_audits_switches_s_ramp'====== Args={'value': 725, 'prev_value': 724, 'change': 1}
2025-11-10 18:51:30,121 : INFO : EventManager : Event: ======'player_skull_ramp_nb'====== Args={'value': 5, 'prev_value': 4, 'change': 1, 'player_num': 1, 'source': 'skull'}
2025-11-10 18:51:30,287 : INFO : SwitchController : <<<<<<< 's_ramp' inactive >>>>>>>
2025-11-10 18:51:30,371 : INFO : SwitchController : <<<<<<< 's_ramp' active >>>>>>>
2025-11-10 18:51:30,371 : INFO : EventManager : Event: ======'s_ramp_active'====== Args={}
2025-11-10 18:51:30,372 : INFO : EventManager : Event: ======'machine_var_audits_switches_s_ramp'====== Args={'value': 726, 'prev_value': 725, 'change': 1}
2025-11-10 18:51:30,372 : INFO : EventManager : Event: ======'player_skull_ramp_nb'====== Args={'value': 6, 'prev_value': 5, 'change': 1, 'player_num': 1, 'source': 'skull'}
2025-11-10 18:51:30,437 : INFO : SwitchController : <<<<<<< 's_ramp' inactive >>>>>>>
2025-11-10 18:51:30,486 : INFO : SwitchController : <<<<<<< 's_ramp' active >>>>>>>
2025-11-10 18:51:30,486 : INFO : EventManager : Event: ======'s_ramp_active'====== Args={}
2025-11-10 18:51:30,486 : INFO : EventManager : Event: ======'machine_var_audits_switches_s_ramp'====== Args={'value': 727, 'prev_value': 726, 'change': 1}
2025-11-10 18:51:30,487 : INFO : EventManager : Event: ======'player_skull_ramp_nb'====== Args={'value': 7, 'prev_value': 6, 'change': 1, 'player_num': 1, 'source': 'skull'}
2025-11-10 18:51:30,569 : INFO : SwitchController : <<<<<<< 's_ramp' inactive >>>>>>>
2025-11-10 18:51:30,653 : INFO : SwitchController : <<<<<<< 's_ramp' active >>>>>>>
2025-11-10 18:51:30,653 : INFO : EventManager : Event: ======'s_ramp_active'====== Args={}
2025-11-10 18:51:30,654 : INFO : EventManager : Event: ======'machine_var_audits_switches_s_ramp'====== Args={'value': 728, 'prev_value': 727, 'change': 1}
2025-11-10 18:51:30,654 : INFO : EventManager : Event: ======'player_skull_ramp_nb'====== Args={'value': 8, 'prev_value': 7, 'change': 1, 'player_num': 1, 'source': 'skull'}
2025-11-10 18:51:30,736 : INFO : SwitchController : <<<<<<< 's_ramp' inactive >>>>>>>
2025-11-10 18:51:30,820 : INFO : SwitchController : <<<<<<< 's_ramp' active >>>>>>>
2025-11-10 18:51:30,820 : INFO : EventManager : Event: ======'s_ramp_active'====== Args={}
2025-11-10 18:51:30,821 : INFO : EventManager : Event: ======'machine_var_audits_switches_s_ramp'====== Args={'value': 729, 'prev_value': 728, 'change': 1}
2025-11-10 18:51:30,821 : INFO : EventManager : Event: ======'player_skull_ramp_nb'====== Args={'value': 9, 'prev_value': 8, 'change': 1, 'player_num': 1, 'source': 'skull'}
2025-11-10 18:51:30,889 : INFO : SwitchController : <<<<<<< 's_ramp' inactive >>>>>>>
2025-11-10 18:51:31,070 : INFO : SwitchController : <<<<<<< 's_ramp' active >>>>>>>
2025-11-10 18:51:31,071 : INFO : EventManager : Event: ======'s_ramp_active'====== Args={}
2025-11-10 18:51:31,071 : INFO : EventManager : Event: ======'machine_var_audits_switches_s_ramp'====== Args={'value': 730, 'prev_value': 729, 'change': 1}
2025-11-10 18:51:31,071 : INFO : EventManager : Event: ======'player_skull_ramp_nb'====== Args={'value': 10, 'prev_value': 9, 'change': 1, 'player_num': 1, 'source': 'skull'}
2025-11-10 18:51:31,072 : INFO : EventManager : Event: ======'logicblock_seq_lock1_updated'====== Args={'value': 1, 'enabled': True}
2025-11-10 18:51:31,072 : INFO : EventManager : Event: ======'logicblock_seq_lock1_hit'====== Args={'step': 1}
2025-11-10 18:51:31,137 : INFO : SwitchController : <<<<<<< 's_ramp' inactive >>>>>>>
2025-11-10 18:51:31,343 : INFO : ball_device.bd_plunger : State: failed_confirm
2025-11-10 18:51:31,344 : INFO : ball_device.bd_plunger : Got timeout (3.0s) before confirm from <playfield.playfield>
2025-11-10 18:51:31,372 : INFO : SwitchController : <<<<<<< 's_ramp' active >>>>>>>
2025-11-10 18:51:31,373 : INFO : EventManager : Event: ======'s_ramp_active'====== Args={}
2025-11-10 18:51:31,373 : INFO : EventManager : Event: ======'machine_var_audits_switches_s_ramp'====== Args={'value': 731, 'prev_value': 730, 'change': 1}
2025-11-10 18:51:31,374 : INFO : EventManager : Event: ======'player_skull_ramp_nb'====== Args={'value': 11, 'prev_value': 10, 'change': 1, 'player_num': 1, 'source': 'skull'}
2025-11-10 18:51:31,445 : INFO : ball_device.bd_plunger : Confirming eject because target is playfield and ball did not return.
2025-11-10 18:51:31,445 : INFO : ball_device.bd_plunger : Eject successful
2025-11-10 18:51:31,445 : INFO : EventManager : Event: ======'balldevice_bd_plunger_ball_eject_success'====== Args={'balls': 1, 'target': <playfield.playfield>}
2025-11-10 18:51:31,445 : INFO : EventManager : Event: ======'balldevice_playfield_ball_enter'====== Args={'new_balls': 1, 'unclaimed_balls': 1, 'device': <playfield.playfield>}
2025-11-10 18:51:31,445 : INFO : EventManager : Event: ======'playfield_ball_count_change'====== Args={'balls': 1, 'change': 1}
2025-11-10 18:51:31,445 : INFO : EventManager : Event: ======'balldevice_bd_plunger_ball_count_changed'====== Args={'balls': 0}
2025-11-10 18:51:31,445 : INFO : ball_device.bd_plunger : State: idle
2025-11-10 18:51:31,469 : INFO : SwitchController : <<<<<<< 's_ramp' inactive >>>>>>>
2025-11-10 18:51:32,640 : INFO : SwitchController : <<<<<<< 's_skull_lock1' active >>>>>>>
2025-11-10 18:51:32,640 : INFO : EventManager : Event: ======'s_skull_lock1_active'====== Args={}
2025-11-10 18:51:32,641 : INFO : EventManager : Event: ======'machine_var_audits_switches_s_skull_lock1'====== Args={'value': 47, 'prev_value': 46, 'change': 1}
2025-11-10 18:51:32,641 : INFO : EventManager : Event: ======'logicblock_seq_lock1_updated'====== Args={'value': 2, 'enabled': True}
2025-11-10 18:51:32,641 : INFO : EventManager : Event: ======'logicblock_seq_lock1_hit'====== Args={'step': 2}
2025-11-10 18:51:32,642 : INFO : EventManager : Event: ======'seq_lock1_done'====== Args={}
2025-11-10 18:51:32,642 : INFO : EventManager : Event: ======'logicblock_seq_lock1_updated'====== Args={'value': 0, 'enabled': True}
2025-11-10 18:51:32,642 : INFO : EventManager : Event: ======'logicblock_seq_lock2_updated'====== Args={'value': 1, 'enabled': True}
2025-11-10 18:51:32,643 : INFO : EventManager : Event: ======'logicblock_seq_lock2_hit'====== Args={'step': 1}
2025-11-10 18:51:32,755 : INFO : SwitchController : <<<<<<< 's_skull_lock1' inactive >>>>>>>
2025-11-10 18:51:33,454 : INFO : SwitchController : <<<<<<< 's_skull_lock2' active >>>>>>>
2025-11-10 18:51:33,454 : INFO : EventManager : Event: ======'s_skull_lock2_active'====== Args={}
2025-11-10 18:51:33,454 : INFO : EventManager : Event: ======'machine_var_audits_switches_s_skull_lock2'====== Args={'value': 50, 'prev_value': 49, 'change': 1}
2025-11-10 18:51:33,455 : INFO : EventManager : Event: ======'logicblock_seq_lock2_updated'====== Args={'value': 2, 'enabled': True}
2025-11-10 18:51:33,455 : INFO : EventManager : Event: ======'logicblock_seq_lock2_hit'====== Args={'step': 2}
2025-11-10 18:51:33,455 : INFO : EventManager : Event: ======'seq_lock2_done'====== Args={}
2025-11-10 18:51:33,456 : INFO : EventManager : Event: ======'logicblock_seq_lock2_updated'====== Args={'value': 0, 'enabled': True}
2025-11-10 18:51:33,456 : INFO : EventManager : Event: ======'timer_pause_timer_tick'====== Args={'ticks': 0, 'ticks_remaining': 1}
2025-11-10 18:51:33,456 : INFO : EventManager : Event: ======'logicblock_seq_ready_for_MB_updated'====== Args={'value': 1, 'enabled': True}
2025-11-10 18:51:33,457 : INFO : EventManager : Event: ======'logicblock_seq_ready_for_MB_hit'====== Args={'step': 1}
2025-11-10 18:51:33,571 : INFO : SwitchController : <<<<<<< 's_skull_lock2' inactive >>>>>>>
2025-11-10 18:51:35,017 : INFO : SwitchController : <<<<<<< 's_right_flipper' active >>>>>>>
2025-11-10 18:51:35,018 : INFO : EventManager : Event: ======'s_right_flipper_active'====== Args={}
2025-11-10 18:51:35,019 : INFO : EventManager : Event: ======'machine_var_audits_switches_s_right_flipper'====== Args={'value': 715, 'prev_value': 714, 'change': 1}
2025-11-10 18:51:35,020 : INFO : SwitchController : <<<<<<< 's_left_flipper' active >>>>>>>
2025-11-10 18:51:35,020 : INFO : EventManager : Event: ======'s_left_flipper_active'====== Args={}
2025-11-10 18:51:35,021 : INFO : EventManager : Event: ======'flipper_cancel'====== Args={'triggering_group': 1, 'triggering_switch': 's_left_flipper'}
2025-11-10 18:51:35,021 : INFO : EventManager : Event: ======'machine_var_audits_switches_s_left_flipper'====== Args={'value': 437, 'prev_value': 436, 'change': 1}
2025-11-10 18:51:35,133 : INFO : SwitchController : <<<<<<< 's_right_flipper' inactive >>>>>>>
2025-11-10 18:51:35,134 : INFO : EventManager : Event: ======'both_flippers_one'====== Args={'triggering_group': 2, 'triggering_switch': 's_right_flipper'}
2025-11-10 18:51:35,134 : INFO : EventManager : Event: ======'player_skull_pause_timer_tick'====== Args={'value': 10, 'prev_value': 0, 'change': 10, 'player_num': 1}
2025-11-10 18:51:35,134 : INFO : EventManager : Event: ======'timer_pause_timer_time_added'====== Args={'ticks': 10, 'ticks_added': 0, 'ticks_remaining': 1}
2025-11-10 18:51:35,135 : INFO : Timer.pause_timer : Timer Complete
2025-11-10 18:51:35,135 : INFO : Timer.pause_timer : Stopping Timer
2025-11-10 18:51:35,135 : INFO : EventManager : Event: ======'timer_pause_timer_stopped'====== Args={'ticks': 10, 'ticks_remaining': 1}
2025-11-10 18:51:35,135 : INFO : EventManager : Event: ======'timer_pause_timer_complete'====== Args={'ticks': 10, 'ticks_remaining': 1}
2025-11-10 18:51:35,135 : INFO : EventManager : Event: ======'logicblock_seq_ready_for_MB_updated'====== Args={'value': 2, 'enabled': True}
2025-11-10 18:51:35,135 : INFO : EventManager : Event: ======'logicblock_seq_ready_for_MB_hit'====== Args={'step': 2}
2025-11-10 18:51:35,136 : INFO : EventManager : Event: ======'seq_ready_for_multiball_done'====== Args={}
2025-11-10 18:51:35,136 : INFO : EventManager : Event: ======'logicblock_seq_ready_for_MB_updated'====== Args={'value': 0, 'enabled': True}
2025-11-10 18:51:35,136 : INFO : EventManager : Event: ======'player_skull_ramp_nb'====== Args={'value': 0, 'prev_value': 11, 'change': -11, 'player_num': 1, 'source': 'skull'}
2025-11-10 18:51:35,150 : INFO : SwitchController : <<<<<<< 's_left_flipper' inactive >>>>>>>
2025-11-10 18:51:35,150 : INFO : EventManager : Event: ======'both_flippers_inactive'====== Args={'triggering_group': 1, 'triggering_switch': 's_left_flipper'}
2025-11-10 18:51:35,173 : INFO : EventManager : Event: ======'widget_skull_start_multiball_widget_active'====== Args={'original_context': 'skull', 'original_calling_context': 'seq_ready_for_multiball_done', 'priority': 200.0, 'cmd': 'widgets_play', '_from_bcp': True}
2025-11-10 18:51:39,166 : INFO : Machine : Shutting down...
2025-11-10 18:51:39,166 : INFO : EventManager : Event: ======'shutdown'====== Args={}
2025-11-10 18:51:39,168 : INFO : EventManager : Event: ======'mode_game_will_stop'====== Args={}
2025-11-10 18:51:39,168 : INFO : EventManager : Event: ======'mode_game_stopping'====== Args={}
2025-11-10 18:51:39,169 : INFO : EventManager : Event: ======'mode_csi_lanes_will_stop'====== Args={}
2025-11-10 18:51:39,169 : INFO : EventManager : Event: ======'mode_csi_lanes_stopping'====== Args={}
2025-11-10 18:51:39,170 : INFO : EventManager : Event: ======'mode_base_will_stop'====== Args={}
2025-11-10 18:51:39,170 : INFO : EventManager : Event: ======'mode_base_stopping'====== Args={}
2025-11-10 18:51:39,170 : INFO : EventManager : Event: ======'mode_bumpers_will_stop'====== Args={}
2025-11-10 18:51:39,170 : INFO : EventManager : Event: ======'mode_bumpers_stopping'====== Args={}
2025-11-10 18:51:39,170 : INFO : EventManager : Event: ======'mode_skull_will_stop'====== Args={}
2025-11-10 18:51:39,170 : INFO : EventManager : Event: ======'mode_skull_stopping'====== Args={}
2025-11-10 18:51:39,170 : INFO : EventManager : Event: ======'stop_mode_bumpers'====== Args={'priority': 0}
2025-11-10 18:51:39,171 : INFO : EventManager : Event: ======'stop_mode_csi_lanes'====== Args={'priority': 0}
2025-11-10 18:51:39,171 : INFO : EventManager : Event: ======'stop_mode_skull'====== Args={'priority': 0}
2025-11-10 18:51:39,171 : INFO : Mode.skull : Stopped.
2025-11-10 18:51:39,171 : INFO : EventManager : Event: ======'modes_active_modes_changed'====== Args={}
2025-11-10 18:51:39,171 : INFO : EventManager : Event: ======'mode_skull_stopped'====== Args={}
2025-11-10 18:51:39,171 : INFO : EventManager : Event: ======'clear'====== Args={'key': 'skull'}
2025-11-10 18:51:39,172 : INFO : Timer.pause_timer : Stopping Timer
2025-11-10 18:51:39,172 : INFO : EventManager : Event: ======'timer_pause_timer_stopped'====== Args={'ticks': 10, 'ticks_remaining': 1}
2025-11-10 18:51:39,172 : INFO : Mode.bumpers : Stopped.
2025-11-10 18:51:39,172 : INFO : EventManager : Event: ======'modes_active_modes_changed'====== Args={}
2025-11-10 18:51:39,172 : INFO : EventManager : Event: ======'mode_bumpers_stopped'====== Args={}
2025-11-10 18:51:39,172 : INFO : EventManager : Event: ======'clear'====== Args={'key': 'bumpers'}
2025-11-10 18:51:39,172 : INFO : Timer.bumper_timer : Stopping Timer
2025-11-10 18:51:39,172 : INFO : EventManager : Event: ======'timer_bumper_timer_stopped'====== Args={'ticks': 1, 'ticks_remaining': 1}
2025-11-10 18:51:39,172 : INFO : Mode.base : Stopped.
2025-11-10 18:51:39,172 : INFO : EventManager : Event: ======'modes_active_modes_changed'====== Args={}
2025-11-10 18:51:39,173 : INFO : EventManager : Event: ======'mode_base_stopped'====== Args={}
2025-11-10 18:51:39,173 : INFO : EventManager : Event: ======'clear'====== Args={'key': 'base'}
2025-11-10 18:51:39,173 : INFO : Timer.player_added_timer : Stopping Timer
2025-11-10 18:51:39,173 : INFO : EventManager : Event: ======'timer_player_added_timer_stopped'====== Args={'ticks': 1, 'ticks_remaining': 1}
2025-11-10 18:51:39,173 : INFO : Mode.csi_lanes : Stopped.
2025-11-10 18:51:39,173 : INFO : EventManager : Event: ======'modes_active_modes_changed'====== Args={}
2025-11-10 18:51:39,173 : INFO : EventManager : Event: ======'mode_csi_lanes_stopped'====== Args={}
2025-11-10 18:51:39,173 : INFO : EventManager : Event: ======'clear'====== Args={'key': 'csi_lanes'}
2025-11-10 18:51:39,173 : INFO : Timer.csi_lanes_timer : Stopping Timer
2025-11-10 18:51:39,173 : INFO : EventManager : Event: ======'timer_csi_lanes_timer_stopped'====== Args={'ticks': 1, 'ticks_remaining': 1}
2025-11-10 18:51:39,174 : INFO : Timer.csi_right_orbit_timer : Stopping Timer
2025-11-10 18:51:39,174 : INFO : EventManager : Event: ======'timer_csi_right_orbit_timer_stopped'====== Args={'ticks': 0, 'ticks_remaining': 0}
2025-11-10 18:51:39,174 : INFO : Mode.game : Stopped.
2025-11-10 18:51:39,174 : INFO : EventManager : Event: ======'modes_active_modes_changed'====== Args={}
2025-11-10 18:51:39,175 : INFO : EventManager : Event: ======'mode_game_stopped'====== Args={}
2025-11-10 18:51:39,175 : INFO : EventManager : Event: ======'clear'====== Args={'key': 'game'}
2025-11-10 18:51:39,178 : INFO : root : MPF run loop ended.
