2025-11-09 22:04:46,675 : INFO : root : Loading config.
2025-11-09 22:04:46,676 : INFO : YamlMultifileConfigLoader : Machine config file #1: config.yaml
2025-11-09 22:04:46,676 : INFO : ConfigProcessor : Loading config from cache: /var/folders/m3/0d4y64_n3fn8tnkv3ydlhztw0000gn/T/5ca32a6c950d03116abbed96ca44d372.mpf_cache
2025-11-09 22:04:46,689 : INFO : ConfigProcessor : Loading config from cache: /var/folders/m3/0d4y64_n3fn8tnkv3ydlhztw0000gn/T/01c495fa7450a81b4be96cb699872531.mpf_cache
2025-11-09 22:04:46,689 : INFO : ConfigProcessor : Loading config from cache: /var/folders/m3/0d4y64_n3fn8tnkv3ydlhztw0000gn/T/bfde29b5bb803376b0637bb8f0da27a7.mpf_cache
2025-11-09 22:04:46,689 : INFO : ConfigProcessor : Loading config from cache: /var/folders/m3/0d4y64_n3fn8tnkv3ydlhztw0000gn/T/01c495fa7450a81b4be96cb699872531.mpf_cache
2025-11-09 22:04:46,689 : INFO : ConfigProcessor : Loading config from cache: /var/folders/m3/0d4y64_n3fn8tnkv3ydlhztw0000gn/T/3ae89e09515ff8d8b11d68f672b2cc51.mpf_cache
2025-11-09 22:04:46,689 : WARNING : ConfigProcessor : Config file in cache changed: /Users/didiergilbin/Desktop/Homebrew_CSI/modes/bumpers/config/bumpers.yaml
2025-11-09 22:04:46,689 : INFO : ConfigProcessor : Loading config from file /Users/didiergilbin/Desktop/Homebrew_CSI/modes/bumpers/config/bumpers.yaml.
2025-11-09 22:04:46,691 : INFO : ConfigProcessor : Loading config: /Users/didiergilbin/Desktop/Homebrew_CSI/modes/bumpers/config/bumpers.yaml
2025-11-09 22:04:46,692 : INFO : ConfigProcessor : Config file cache created: /var/folders/m3/0d4y64_n3fn8tnkv3ydlhztw0000gn/T/4c420229fa75118c2461cfc9ff5a44e2.mpf_cache
2025-11-09 22:04:46,692 : INFO : ConfigProcessor : Loading config from cache: /var/folders/m3/0d4y64_n3fn8tnkv3ydlhztw0000gn/T/f5ee6852f1764324c8553249cc53c871.mpf_cache
2025-11-09 22:04:46,692 : INFO : ConfigProcessor : Loading config from cache: /var/folders/m3/0d4y64_n3fn8tnkv3ydlhztw0000gn/T/73ac54cb7a83dfa5473900e439743a84.mpf_cache
2025-11-09 22:04:46,692 : INFO : ConfigProcessor : Loading config from cache: /var/folders/m3/0d4y64_n3fn8tnkv3ydlhztw0000gn/T/97c87487bc6ae826da86d36a6e042c78.mpf_cache
2025-11-09 22:04:46,692 : INFO : Machine : Mission Pinball Framework Core Engine v0.80.0.dev10
2025-11-09 22:04:46,692 : INFO : Machine : Command line arguments: {'no_load_cache': False, 'create_config_cache': True, 'bcp': True, 'configfile': ['config.yaml'], 'force_assets_load': False, 'platform_integration_test': False, 'jsonlogging': False, 'logfile': 'logs/2025-11-09-22-04-46-mpf-device-242.home.log', 'pause': False, 'production': False, 'text_ui': False, 'loglevel': 15, 'consoleloglevel': 20, 'force_platform': 'smart_virtual', 'syslog_address': None, 'full_logfile_path': '/Users/didiergilbin/Desktop/Homebrew_CSI/logs/2025-11-09-22-04-46-mpf-device-242.home.log'}
2025-11-09 22:04:46,692 : INFO : Machine : MPF path: /Users/didiergilbin/mpfenv/lib/python3.13/site-packages/mpf
2025-11-09 22:04:46,692 : INFO : Machine : Machine path: /Users/didiergilbin/Desktop/Homebrew_CSI
2025-11-09 22:04:46,692 : INFO : Machine : Platform: darwin
2025-11-09 22:04:46,692 : INFO : Machine : Python executable location: /Users/didiergilbin/mpfenv/bin/python3.13
2025-11-09 22:04:46,692 : INFO : Machine : Python version: 3.13.7 (64-bit)
2025-11-09 22:04:46,693 : INFO : Machine : Initializing MPF...
2025-11-09 22:04:46,706 : INFO : EventManager : Event: ======'machine_var_credits_string'====== Args={'value': 'FREE PLAY', 'prev_value': None, 'change': True}
2025-11-09 22:04:46,710 : INFO : EventManager : Event: ======'machine_var_master_volume'====== Args={'value': 0.5, 'prev_value': None, 'change': True}
2025-11-09 22:04:46,710 : INFO : EventManager : Event: ======'machine_var_player1_score'====== Args={'value': 368000, 'prev_value': None, 'change': True}
2025-11-09 22:04:46,710 : INFO : EventManager : Event: ======'machine_var_player2_score'====== Args={'value': 24000, 'prev_value': None, 'change': True}
2025-11-09 22:04:46,710 : INFO : EventManager : Event: ======'machine_var_player3_score'====== Args={'value': 21000, 'prev_value': None, 'change': True}
2025-11-09 22:04:46,710 : INFO : EventManager : Event: ======'machine_var_player4_score'====== Args={'value': 0, 'prev_value': None, 'change': True}
2025-11-09 22:04:46,710 : INFO : EventManager : Event: ======'machine_var_mpf_version'====== Args={'value': 'Mission Pinball Framework v0.80.0.dev10', 'prev_value': None, 'change': True}
2025-11-09 22:04:46,710 : INFO : EventManager : Event: ======'machine_var_mpf_extended_version'====== Args={'value': 'Mission Pinball Framework v0.80.0.dev10, Config version:6, Show version: 6, BCP version:1.1', 'prev_value': None, 'change': True}
2025-11-09 22:04:46,710 : INFO : EventManager : Event: ======'machine_var_python_version'====== Args={'value': '3.13.7', 'prev_value': None, 'change': True}
2025-11-09 22:04:46,717 : INFO : EventManager : Event: ======'machine_var_platform'====== Args={'value': 'macOS-15.6.1-arm64-arm-64bit-Mach-O', 'prev_value': None, 'change': True}
2025-11-09 22:04:46,717 : INFO : EventManager : Event: ======'machine_var_platform_system'====== Args={'value': 'Darwin', 'prev_value': None, 'change': True}
2025-11-09 22:04:46,717 : INFO : EventManager : Event: ======'machine_var_platform_release'====== Args={'value': '24.6.0', 'prev_value': None, 'change': True}
2025-11-09 22:04:46,717 : INFO : EventManager : Event: ======'machine_var_platform_version'====== Args={'value': 'Darwin Kernel Version 24.6.0: Mon Jul 14 11:30:40 PDT 2025; root:xnu-11417.140.69~1/RELEASE_ARM64_T8132', 'prev_value': None, 'change': True}
2025-11-09 22:04:46,717 : INFO : EventManager : Event: ======'machine_var_platform_machine'====== Args={'value': 'arm64', 'prev_value': None, 'change': True}
2025-11-09 22:04:46,717 : INFO : EventManager : Event: ======'machine_var_log_file_path'====== Args={'value': '/Users/didiergilbin/Desktop/Homebrew_CSI/logs/2025-11-09-22-04-46-mpf-device-242.home.log', 'prev_value': None, 'change': True}
2025-11-09 22:04:46,717 : INFO : EventManager : Event: ======'init_phase_1'====== Args={}
2025-11-09 22:04:46,723 : INFO : EventManager : Event: ======'init_phase_2'====== Args={}
2025-11-09 22:04:46,724 : INFO : SwitchController : Found active switch: ('2', <Platform.SmartVirtual>) <switch.s_trough1>
2025-11-09 22:04:46,724 : INFO : SwitchController : Found active switch: ('3', <Platform.SmartVirtual>) <switch.s_trough2>
2025-11-09 22:04:46,724 : INFO : SwitchController : Found active switch: ('4', <Platform.SmartVirtual>) <switch.s_trough3>
2025-11-09 22:04:46,724 : INFO : SwitchController : Found active switch: ('5', <Platform.SmartVirtual>) <switch.s_trough4>
2025-11-09 22:04:46,725 : INFO : EventManager : Event: ======'bcp_connection_attempt'====== Args={'name': 'local_display', 'host': 'localhost', 'port': 5050}
2025-11-09 22:04:46,725 : INFO : BCPClientSocket : Connecting BCP to 'local_display' at localhost:5050...
2025-11-09 22:04:46,727 : INFO : BCPClientSocket : Connected BCP to 'local_display' localhost:5050
2025-11-09 22:04:46,728 : INFO : EventManager : Event: ======'bcp_clients_connected'====== Args={}
2025-11-09 22:04:46,728 : INFO : ball_device.bd_drain : BCH: Initial count: 0
2025-11-09 22:04:46,728 : INFO : ball_device.bd_drain : State: idle
2025-11-09 22:04:46,728 : INFO : ball_device.bd_trough : BCH: Initial count: 4
2025-11-09 22:04:46,728 : INFO : ball_device.bd_trough : State: idle
2025-11-09 22:04:46,728 : INFO : ball_device.bd_plunger : BCH: Initial count: 0
2025-11-09 22:04:46,728 : INFO : ball_device.bd_plunger : State: idle
2025-11-09 22:04:46,732 : INFO : EventManager : Event: ======'init_phase_3'====== Args={}
2025-11-09 22:04:46,732 : INFO : EventManager : Event: ======'init_phase_4'====== Args={}
2025-11-09 22:04:46,732 : INFO : BallController : Initial balls found: 4
2025-11-09 22:04:46,733 : INFO : EventManager : Event: ======'machine_var_audits_events_game_ended'====== Args={'value': 54, 'prev_value': None, 'change': True}
2025-11-09 22:04:46,733 : INFO : EventManager : Event: ======'machine_var_audits_events_game_started'====== Args={'value': 463, 'prev_value': None, 'change': True}
2025-11-09 22:04:46,733 : INFO : EventManager : Event: ======'machine_var_audits_missing_switches_s_drain'====== Args={'value': 24, 'prev_value': None, 'change': True}
2025-11-09 22:04:46,733 : INFO : EventManager : Event: ======'machine_var_audits_missing_switches_s_launch_button'====== Args={'value': 110, 'prev_value': None, 'change': True}
2025-11-09 22:04:46,733 : INFO : EventManager : Event: ======'machine_var_audits_missing_switches_s_left_flipper'====== Args={'value': 16, 'prev_value': None, 'change': True}
2025-11-09 22:04:46,733 : INFO : EventManager : Event: ======'machine_var_audits_missing_switches_s_left_inlane1'====== Args={'value': 23, 'prev_value': None, 'change': True}
2025-11-09 22:04:46,733 : INFO : EventManager : Event: ======'machine_var_audits_missing_switches_s_left_inlane2'====== Args={'value': 23, 'prev_value': None, 'change': True}
2025-11-09 22:04:46,733 : INFO : EventManager : Event: ======'machine_var_audits_missing_switches_s_left_outlane'====== Args={'value': 78, 'prev_value': None, 'change': True}
2025-11-09 22:04:46,733 : INFO : EventManager : Event: ======'machine_var_audits_missing_switches_s_ramp'====== Args={'value': 16, 'prev_value': None, 'change': True}
2025-11-09 22:04:46,733 : INFO : EventManager : Event: ======'machine_var_audits_missing_switches_s_right_flipper'====== Args={'value': 16, 'prev_value': None, 'change': True}
2025-11-09 22:04:46,733 : INFO : EventManager : Event: ======'machine_var_audits_missing_switches_s_right_inlane'====== Args={'value': 23, 'prev_value': None, 'change': True}
2025-11-09 22:04:46,733 : INFO : EventManager : Event: ======'machine_var_audits_missing_switches_s_right_orbit'====== Args={'value': 23, 'prev_value': None, 'change': True}
2025-11-09 22:04:46,733 : INFO : EventManager : Event: ======'machine_var_audits_missing_switches_s_right_outlane'====== Args={'value': 78, 'prev_value': None, 'change': True}
2025-11-09 22:04:46,733 : INFO : EventManager : Event: ======'machine_var_audits_missing_switches_s_scoop'====== Args={'value': 23, 'prev_value': None, 'change': True}
2025-11-09 22:04:46,733 : INFO : EventManager : Event: ======'machine_var_audits_missing_switches_s_skull_lock1'====== Args={'value': 16, 'prev_value': None, 'change': True}
2025-11-09 22:04:46,733 : INFO : EventManager : Event: ======'machine_var_audits_missing_switches_s_skull_lock2'====== Args={'value': 16, 'prev_value': None, 'change': True}
2025-11-09 22:04:46,733 : INFO : EventManager : Event: ======'machine_var_audits_missing_switches_s_sling_left'====== Args={'value': 463, 'prev_value': None, 'change': True}
2025-11-09 22:04:46,733 : INFO : EventManager : Event: ======'machine_var_audits_missing_switches_s_sling_right'====== Args={'value': 463, 'prev_value': None, 'change': True}
2025-11-09 22:04:46,733 : INFO : EventManager : Event: ======'machine_var_audits_missing_switches_s_start'====== Args={'value': 1, 'prev_value': None, 'change': True}
2025-11-09 22:04:46,733 : INFO : EventManager : Event: ======'machine_var_audits_missing_switches_s_trough1'====== Args={'value': 24, 'prev_value': None, 'change': True}
2025-11-09 22:04:46,733 : INFO : EventManager : Event: ======'machine_var_audits_missing_switches_s_trough2'====== Args={'value': 24, 'prev_value': None, 'change': True}
2025-11-09 22:04:46,733 : INFO : EventManager : Event: ======'machine_var_audits_missing_switches_s_trough3'====== Args={'value': 241, 'prev_value': None, 'change': True}
2025-11-09 22:04:46,733 : INFO : EventManager : Event: ======'machine_var_audits_missing_switches_s_trough4'====== Args={'value': 241, 'prev_value': None, 'change': True}
2025-11-09 22:04:46,733 : INFO : EventManager : Event: ======'machine_var_audits_missing_switches_s_trough_jam'====== Args={'value': 177, 'prev_value': None, 'change': True}
2025-11-09 22:04:46,733 : INFO : EventManager : Event: ======'machine_var_audits_player_score'====== Args={'value': {'average': 215167, 'top': [10210000, 1550000, 1070000, 1070000, 810000, 710000, 640000, 570000, 530000, 480000], 'total': 118}, 'prev_value': None, 'change': True}
2025-11-09 22:04:46,733 : INFO : EventManager : Event: ======'machine_var_audits_shots_bumper1'====== Args={'value': 4109, 'prev_value': None, 'change': True}
2025-11-09 22:04:46,733 : INFO : EventManager : Event: ======'machine_var_audits_shots_bumper2'====== Args={'value': 4045, 'prev_value': None, 'change': True}
2025-11-09 22:04:46,733 : INFO : EventManager : Event: ======'machine_var_audits_shots_bumper3'====== Args={'value': 3887, 'prev_value': None, 'change': True}
2025-11-09 22:04:46,733 : INFO : EventManager : Event: ======'machine_var_audits_shots_c_shot'====== Args={'value': 161, 'prev_value': None, 'change': True}
2025-11-09 22:04:46,733 : INFO : EventManager : Event: ======'machine_var_audits_shots_csi_shot'====== Args={'value': 9, 'prev_value': None, 'change': True}
2025-11-09 22:04:46,733 : INFO : EventManager : Event: ======'machine_var_audits_shots_i_shot'====== Args={'value': 134, 'prev_value': None, 'change': True}
2025-11-09 22:04:46,733 : INFO : EventManager : Event: ======'machine_var_audits_shots_s_shot'====== Args={'value': 151, 'prev_value': None, 'change': True}
2025-11-09 22:04:46,733 : INFO : EventManager : Event: ======'machine_var_audits_shots_switch_shot'====== Args={'value': 245, 'prev_value': None, 'change': True}
2025-11-09 22:04:46,733 : INFO : EventManager : Event: ======'machine_var_audits_switches_s_drain'====== Args={'value': 540, 'prev_value': None, 'change': True}
2025-11-09 22:04:46,733 : INFO : EventManager : Event: ======'machine_var_audits_switches_s_launch_button'====== Args={'value': 1, 'prev_value': None, 'change': True}
2025-11-09 22:04:46,733 : INFO : EventManager : Event: ======'machine_var_audits_switches_s_left_flipper'====== Args={'value': 381, 'prev_value': None, 'change': True}
2025-11-09 22:04:46,733 : INFO : EventManager : Event: ======'machine_var_audits_switches_s_left_inlane1'====== Args={'value': 171, 'prev_value': None, 'change': True}
2025-11-09 22:04:46,733 : INFO : EventManager : Event: ======'machine_var_audits_switches_s_left_inlane2'====== Args={'value': 158, 'prev_value': None, 'change': True}
2025-11-09 22:04:46,733 : INFO : EventManager : Event: ======'machine_var_audits_switches_s_left_outlane'====== Args={'value': 1, 'prev_value': None, 'change': True}
2025-11-09 22:04:46,733 : INFO : EventManager : Event: ======'machine_var_audits_switches_s_plunger_lane'====== Args={'value': 843, 'prev_value': None, 'change': True}
2025-11-09 22:04:46,733 : INFO : EventManager : Event: ======'machine_var_audits_switches_s_popbumper1'====== Args={'value': 4153, 'prev_value': None, 'change': True}
2025-11-09 22:04:46,733 : INFO : EventManager : Event: ======'machine_var_audits_switches_s_popbumper2'====== Args={'value': 4086, 'prev_value': None, 'change': True}
2025-11-09 22:04:46,733 : INFO : EventManager : Event: ======'machine_var_audits_switches_s_popbumper3'====== Args={'value': 3929, 'prev_value': None, 'change': True}
2025-11-09 22:04:46,733 : INFO : EventManager : Event: ======'machine_var_audits_switches_s_ramp'====== Args={'value': 317, 'prev_value': None, 'change': True}
2025-11-09 22:04:46,733 : INFO : EventManager : Event: ======'machine_var_audits_switches_s_right_flipper'====== Args={'value': 657, 'prev_value': None, 'change': True}
2025-11-09 22:04:46,733 : INFO : EventManager : Event: ======'machine_var_audits_switches_s_right_inlane'====== Args={'value': 140, 'prev_value': None, 'change': True}
2025-11-09 22:04:46,733 : INFO : EventManager : Event: ======'machine_var_audits_switches_s_right_orbit'====== Args={'value': 46, 'prev_value': None, 'change': True}
2025-11-09 22:04:46,733 : INFO : EventManager : Event: ======'machine_var_audits_switches_s_right_outlane'====== Args={'value': 5, 'prev_value': None, 'change': True}
2025-11-09 22:04:46,733 : INFO : EventManager : Event: ======'machine_var_audits_switches_s_scoop'====== Args={'value': 427, 'prev_value': None, 'change': True}
2025-11-09 22:04:46,733 : INFO : EventManager : Event: ======'machine_var_audits_switches_s_skull_lock1'====== Args={'value': 11, 'prev_value': None, 'change': True}
2025-11-09 22:04:46,733 : INFO : EventManager : Event: ======'machine_var_audits_switches_s_skull_lock2'====== Args={'value': 11, 'prev_value': None, 'change': True}
2025-11-09 22:04:46,733 : INFO : EventManager : Event: ======'machine_var_audits_switches_s_sling_left'====== Args={'value': 0, 'prev_value': None, 'change': True}
2025-11-09 22:04:46,733 : INFO : EventManager : Event: ======'machine_var_audits_switches_s_sling_right'====== Args={'value': 0, 'prev_value': None, 'change': True}
2025-11-09 22:04:46,733 : INFO : EventManager : Event: ======'machine_var_audits_switches_s_start'====== Args={'value': 658, 'prev_value': None, 'change': True}
2025-11-09 22:04:46,733 : INFO : EventManager : Event: ======'machine_var_audits_switches_s_trough1'====== Args={'value': 381, 'prev_value': None, 'change': True}
2025-11-09 22:04:46,733 : INFO : EventManager : Event: ======'machine_var_audits_switches_s_trough2'====== Args={'value': 18, 'prev_value': None, 'change': True}
2025-11-09 22:04:46,733 : INFO : EventManager : Event: ======'machine_var_audits_switches_s_trough3'====== Args={'value': 1, 'prev_value': None, 'change': True}
2025-11-09 22:04:46,733 : INFO : EventManager : Event: ======'machine_var_audits_switches_s_trough4'====== Args={'value': 1, 'prev_value': None, 'change': True}
2025-11-09 22:04:46,733 : INFO : EventManager : Event: ======'machine_var_audits_switches_s_trough_jam'====== Args={'value': 8, 'prev_value': None, 'change': True}
2025-11-09 22:04:46,733 : INFO : EventManager : Event: ======'init_phase_5'====== Args={}
2025-11-09 22:04:46,734 : INFO : EventManager : Event: ======'init_done'====== Args={}
2025-11-09 22:04:46,734 : INFO : EventManager : Event: ======'machine_reset_phase_1'====== Args={}
2025-11-09 22:04:46,738 : INFO : EventManager : Event: ======'machine_reset_phase_2'====== Args={}
2025-11-09 22:04:46,738 : INFO : EventManager : Event: ======'machine_reset_phase_3'====== Args={}
2025-11-09 22:04:46,739 : INFO : EventManager : Event: ======'reset_complete'====== Args={}
2025-11-09 22:04:46,740 : INFO : EventManager : Event: ======'mode_attract_will_start'====== Args={}
2025-11-09 22:04:46,740 : INFO : Timer.attract_carousel_timer : Starting Timer.
2025-11-09 22:04:46,740 : INFO : EventManager : Event: ======'timer_attract_carousel_timer_started'====== Args={'ticks': 0, 'ticks_remaining': 1}
2025-11-09 22:04:46,740 : INFO : EventManager : Event: ======'timer_attract_carousel_timer_tick'====== Args={'ticks': 0, 'ticks_remaining': 1}
2025-11-09 22:04:46,740 : INFO : EventManager : Event: ======'mode_attract_starting'====== Args={}
2025-11-09 22:04:46,740 : INFO : Mode.attract : Started. Priority: 10
2025-11-09 22:04:46,740 : INFO : EventManager : Event: ======'modes_active_modes_changed'====== Args={}
2025-11-09 22:04:46,740 : INFO : EventManager : Event: ======'mode_attract_started'====== Args={}
2025-11-09 22:04:46,740 : INFO : EventManager : Event: ======'collecting_balls_complete'====== Args={}
2025-11-09 22:04:46,740 : INFO : EventManager : Event: ======'carousel_item_highlighted'====== Args={'carousel': 'attract', 'direction': None, 'item': 'title'}
2025-11-09 22:04:46,740 : INFO : Machine : Starting the main run loop with active modes: [<Mode.attract>]
2025-11-09 22:04:47,139 : INFO : EventManager : Event: ======'slide_attract_created'====== Args={'_from_bcp': True}
2025-11-09 22:04:47,139 : INFO : EventManager : Event: ======'slide__removed'====== Args={'_from_bcp': True}
2025-11-09 22:04:47,139 : INFO : EventManager : Event: ======'slide_attract_active'====== Args={'original_context': 'attract', 'original_calling_context': 'mode_attract_started', 'priority': 10.0, 'cmd': 'slides_play', '_from_bcp': True}
2025-11-09 22:04:47,468 : INFO : BcpServer : New client connected.
2025-11-09 22:04:48,922 : INFO : SwitchController : <<<<<<< 's_start' active >>>>>>>
2025-11-09 22:04:49,055 : INFO : SwitchController : <<<<<<< 's_start' inactive >>>>>>>
2025-11-09 22:04:49,055 : INFO : EventManager : Event: ======'request_to_start_game'====== Args={}
2025-11-09 22:04:49,056 : INFO : EventManager : Event: ======'game_start'====== Args={'buttons': [], 'hold_time': 0.13282725005410612}
2025-11-09 22:04:49,057 : INFO : EventManager : Event: ======'mode_game_will_start'====== Args={'buttons': [], 'hold_time': 0.13282725005410612}
2025-11-09 22:04:49,058 : INFO : EventManager : Event: ======'mode_game_starting'====== Args={'buttons': [], 'hold_time': 0.13282725005410612}
2025-11-09 22:04:49,058 : INFO : EventManager : Event: ======'mode_attract_will_stop'====== Args={}
2025-11-09 22:04:49,059 : INFO : EventManager : Event: ======'mode_attract_stopping'====== Args={}
2025-11-09 22:04:49,059 : INFO : Mode.attract : Stopped.
2025-11-09 22:04:49,059 : INFO : EventManager : Event: ======'modes_active_modes_changed'====== Args={}
2025-11-09 22:04:49,060 : INFO : EventManager : Event: ======'mode_attract_stopped'====== Args={}
2025-11-09 22:04:49,060 : INFO : EventManager : Event: ======'clear'====== Args={'key': 'attract'}
2025-11-09 22:04:49,060 : INFO : Timer.attract_carousel_timer : Stopping Timer
2025-11-09 22:04:49,060 : INFO : EventManager : Event: ======'timer_attract_carousel_timer_stopped'====== Args={'ticks': 0, 'ticks_remaining': 1}
2025-11-09 22:04:49,060 : INFO : Mode.game : Started. Priority: 20
2025-11-09 22:04:49,060 : INFO : EventManager : Event: ======'modes_active_modes_changed'====== Args={}
2025-11-09 22:04:49,061 : INFO : EventManager : Event: ======'mode_game_started'====== Args={'buttons': [], 'hold_time': 0.13282725005410612}
2025-11-09 22:04:49,061 : INFO : EventManager : Event: ======'game_will_start'====== Args={}
2025-11-09 22:04:49,062 : INFO : EventManager : Event: ======'game_starting'====== Args={'game': <Mode.game>}
2025-11-09 22:04:49,062 : INFO : EventManager : Unordered handler for class <Auditor> on event game_ended with priority 1. Handlers: [RegisteredHandler(callback=<bound method Auditor.disable of <Auditor>>, priority=1, kwargs={}, key=UUID('1a2d5dbf-4200-44b3-ad1d-3788d6622313'), condition=None, blocking_facility=None), RegisteredHandler(callback=<bound method Auditor._save_audits of <Auditor>>, priority=1, kwargs={}, key=UUID('9b58a835-7ed5-4cbb-95b9-7ee85979e94a'), condition=None, blocking_facility=None)]. The order of those handlers is not defined and they will be executed in random order. This might lead to race conditions and potential bugs.
2025-11-09 22:04:49,062 : INFO : EventManager : Event: ======'player_add_request'====== Args={}
2025-11-09 22:04:49,063 : INFO : EventManager : Event: ======'player_will_add'====== Args={'number': 1}
2025-11-09 22:04:49,063 : INFO : EventManager : Event: ======'player_adding'====== Args={'player': <Player 1>, 'number': 1}
2025-11-09 22:04:49,063 : INFO : EventManager : Event: ======'player_added'====== Args={'player': <Player 1>, 'num': 1}
2025-11-09 22:04:49,063 : INFO : Mode.game : Player added successfully. Total players: 1
2025-11-09 22:04:49,063 : INFO : EventManager : Event: ======'player_index'====== Args={'value': 0, 'prev_value': 0, 'change': 0, 'player_num': 1}
2025-11-09 22:04:49,063 : INFO : EventManager : Event: ======'player_number'====== Args={'value': 1, 'prev_value': 1, 'change': 0, 'player_num': 1}
2025-11-09 22:04:49,064 : INFO : EventManager : Event: ======'player_bonus_multiplier'====== Args={'value': 1, 'prev_value': 1, 'change': 0, 'player_num': 1}
2025-11-09 22:04:49,064 : INFO : EventManager : Event: ======'player_skull_ramp_nb'====== Args={'value': 0, 'prev_value': 0, 'change': 0, 'player_num': 1}
2025-11-09 22:04:49,064 : INFO : EventManager : Event: ======'player_score'====== Args={'value': 0, 'prev_value': 0, 'change': 0, 'player_num': 1}
2025-11-09 22:04:49,064 : INFO : EventManager : Event: ======'game_started'====== Args={}
2025-11-09 22:04:49,065 : INFO : EventManager : Event: ======'player_turn_will_start'====== Args={'player': <Player 1>, 'number': 1}
2025-11-09 22:04:49,065 : INFO : EventManager : Event: ======'player_turn_starting'====== Args={'player': <Player 1>, 'number': 1}
2025-11-09 22:04:49,071 : INFO : EventManager : Event: ======'player_ball'====== Args={'value': 1, 'prev_value': 0, 'change': 1, 'player_num': 1}
2025-11-09 22:04:49,073 : INFO : EventManager : Event: ======'player_turn_started'====== Args={'player': <Player 1>, 'number': 1}
2025-11-09 22:04:49,074 : INFO : EventManager : Event: ======'ball_will_start'====== Args={'player': 1, 'ball': 1, 'balls_remaining': 2, 'is_extra_ball': False}
2025-11-09 22:04:49,074 : INFO : EventManager : Event: ======'ball_starting'====== Args={'player': 1, 'ball': 1, 'balls_remaining': 2, 'is_extra_ball': False}
2025-11-09 22:04:49,074 : INFO : EventManager : Event: ======'mode_base_will_start'====== Args={'queue': <QueuedEvent>, 'player': 1, 'ball': 1, 'balls_remaining': 2, 'is_extra_ball': False}
2025-11-09 22:04:49,075 : INFO : EventManager : Event: ======'player_base_player_added_timer_tick'====== Args={'value': 0, 'prev_value': 0, 'change': 0, 'player_num': 1}
2025-11-09 22:04:49,075 : INFO : Timer.player_added_timer : Starting Timer.
2025-11-09 22:04:49,075 : INFO : EventManager : Event: ======'timer_player_added_timer_started'====== Args={'ticks': 0, 'ticks_remaining': 1}
2025-11-09 22:04:49,075 : INFO : EventManager : Event: ======'timer_player_added_timer_tick'====== Args={'ticks': 0, 'ticks_remaining': 1}
2025-11-09 22:04:49,076 : INFO : EventManager : Event: ======'mode_base_starting'====== Args={'queue': <QueuedEvent>, 'player': 1, 'ball': 1, 'balls_remaining': 2, 'is_extra_ball': False}
2025-11-09 22:04:49,076 : INFO : Mode.base : Started. Priority: 100
2025-11-09 22:04:49,076 : INFO : EventManager : Event: ======'modes_active_modes_changed'====== Args={}
2025-11-09 22:04:49,076 : INFO : EventManager : Event: ======'mode_base_started'====== Args={'queue': <QueuedEvent>, 'player': 1, 'ball': 1, 'balls_remaining': 2, 'is_extra_ball': False}
2025-11-09 22:04:49,077 : INFO : EventManager : Event: ======'start_mode_bumpers'====== Args={'priority': 0}
2025-11-09 22:04:49,077 : INFO : EventManager : Event: ======'start_mode_csi_lanes'====== Args={'priority': 0}
2025-11-09 22:04:49,077 : INFO : EventManager : Event: ======'start_mode_skull'====== Args={'priority': 0}
2025-11-09 22:04:49,077 : INFO : EventManager : Event: ======'mode_bumpers_will_start'====== Args={'priority': 0}
2025-11-09 22:04:49,078 : INFO : EventManager : Event: ======'player_shot_bumper1_enabled'====== Args={'value': True, 'prev_value': 0, 'change': 1, 'player_num': 1}
2025-11-09 22:04:49,078 : INFO : EventManager : Event: ======'player_shot_bumper2_enabled'====== Args={'value': True, 'prev_value': 0, 'change': 1, 'player_num': 1}
2025-11-09 22:04:49,079 : INFO : EventManager : Event: ======'player_shot_bumper3_enabled'====== Args={'value': True, 'prev_value': 0, 'change': 1, 'player_num': 1}
2025-11-09 22:04:49,079 : INFO : EventManager : Event: ======'bumpers_complete'====== Args={'state': 'unlit'}
2025-11-09 22:04:49,079 : INFO : EventManager : Event: ======'bumpers_unlit_complete'====== Args={}
2025-11-09 22:04:49,080 : INFO : EventManager : Event: ======'player_bumpers_bumper_timer_tick'====== Args={'value': 0, 'prev_value': 0, 'change': 0, 'player_num': 1}
2025-11-09 22:04:49,080 : INFO : Timer.bumper_timer : Starting Timer.
2025-11-09 22:04:49,080 : INFO : EventManager : Event: ======'timer_bumper_timer_started'====== Args={'ticks': 0, 'ticks_remaining': 1}
2025-11-09 22:04:49,081 : INFO : EventManager : Event: ======'timer_bumper_timer_tick'====== Args={'ticks': 0, 'ticks_remaining': 1}
2025-11-09 22:04:49,081 : INFO : EventManager : Event: ======'mode_bumpers_starting'====== Args={'priority': 0}
2025-11-09 22:04:49,081 : INFO : EventManager : Event: ======'mode_csi_lanes_will_start'====== Args={'priority': 0}
2025-11-09 22:04:49,081 : INFO : EventManager : Event: ======'player_shot_c_shot_enabled'====== Args={'value': True, 'prev_value': 0, 'change': 1, 'player_num': 1}
2025-11-09 22:04:49,082 : INFO : EventManager : Event: ======'player_shot_s_shot_enabled'====== Args={'value': True, 'prev_value': 0, 'change': 1, 'player_num': 1}
2025-11-09 22:04:49,082 : INFO : EventManager : Event: ======'player_shot_i_shot_enabled'====== Args={'value': True, 'prev_value': 0, 'change': 1, 'player_num': 1}
2025-11-09 22:04:49,082 : INFO : EventManager : Event: ======'csi_shots_complete'====== Args={'state': 'unlit'}
2025-11-09 22:04:49,082 : INFO : EventManager : Event: ======'csi_shots_unlit_complete'====== Args={}
2025-11-09 22:04:49,083 : INFO : EventManager : Event: ======'player_csi_lanes_csi_lanes_timer_tick'====== Args={'value': 0, 'prev_value': 0, 'change': 0, 'player_num': 1}
2025-11-09 22:04:49,083 : INFO : Timer.csi_lanes_timer : Starting Timer.
2025-11-09 22:04:49,083 : INFO : EventManager : Event: ======'timer_csi_lanes_timer_started'====== Args={'ticks': 0, 'ticks_remaining': 1}
2025-11-09 22:04:49,083 : INFO : EventManager : Event: ======'timer_csi_lanes_timer_tick'====== Args={'ticks': 0, 'ticks_remaining': 1}
2025-11-09 22:04:49,083 : INFO : EventManager : Event: ======'player_csi_lanes_csi_right_orbit_timer_tick'====== Args={'value': 0, 'prev_value': 0, 'change': 0, 'player_num': 1}
2025-11-09 22:04:49,085 : INFO : EventManager : Event: ======'mode_csi_lanes_starting'====== Args={'priority': 0}
2025-11-09 22:04:49,085 : INFO : EventManager : Event: ======'mode_skull_will_start'====== Args={'priority': 0}
2025-11-09 22:04:49,085 : INFO : EventManager : Event: ======'player_skull_pause_timer_tick'====== Args={'value': 0, 'prev_value': 0, 'change': 0, 'player_num': 1}
2025-11-09 22:04:49,086 : INFO : Timer.pause_timer : Starting Timer.
2025-11-09 22:04:49,086 : INFO : EventManager : Event: ======'timer_pause_timer_started'====== Args={'ticks': 0, 'ticks_remaining': 1}
2025-11-09 22:04:49,086 : INFO : EventManager : Event: ======'timer_pause_timer_tick'====== Args={'ticks': 0, 'ticks_remaining': 1}
2025-11-09 22:04:49,086 : INFO : EventManager : Event: ======'mode_skull_starting'====== Args={'priority': 0}
2025-11-09 22:04:49,086 : INFO : Mode.bumpers : Started. Priority: 200
2025-11-09 22:04:49,086 : INFO : EventManager : Event: ======'modes_active_modes_changed'====== Args={}
2025-11-09 22:04:49,086 : INFO : EventManager : Event: ======'mode_bumpers_started'====== Args={'priority': 0}
2025-11-09 22:04:49,087 : INFO : EventManager : Event: ======'balls_in_play'====== Args={'balls': 1}
2025-11-09 22:04:49,087 : INFO : EventManager : Event: ======'ball_started'====== Args={'player': 1, 'ball': 1, 'balls_remaining': 2, 'is_extra_ball': False}
2025-11-09 22:04:49,087 : INFO : EventManager : Event: ======'logicblock_csi_lanes_then_scoop_updated'====== Args={'value': 0, 'enabled': True}
2025-11-09 22:04:49,087 : INFO : EventManager : Event: ======'logicblock_csi_lanes_then_scoop_then_right_orbit_updated'====== Args={'value': 0, 'enabled': True}
2025-11-09 22:04:49,087 : INFO : EventManager : Event: ======'logicblock_csi_lanes_then_scoop_updated'====== Args={'value': 0, 'enabled': True}
2025-11-09 22:04:49,088 : INFO : EventManager : Event: ======'logicblock_csi_lanes_then_scoop_then_right_orbit_updated'====== Args={'value': 0, 'enabled': True}
2025-11-09 22:04:49,088 : INFO : Mode.csi_lanes : Started. Priority: 200
2025-11-09 22:04:49,088 : INFO : EventManager : Event: ======'modes_active_modes_changed'====== Args={}
2025-11-09 22:04:49,088 : INFO : EventManager : Event: ======'mode_csi_lanes_started'====== Args={'priority': 0}
2025-11-09 22:04:49,088 : INFO : EventManager : Event: ======'player_multiplier'====== Args={'value': 1, 'prev_value': 0, 'change': 1, 'player_num': 1, 'source': 'csi_lanes'}
2025-11-09 22:04:49,088 : INFO : EventManager : Event: ======'logicblock_seq_lock1_updated'====== Args={'value': 0, 'enabled': True}
2025-11-09 22:04:49,088 : INFO : EventManager : Event: ======'logicblock_seq_lock2_updated'====== Args={'value': 0, 'enabled': True}
2025-11-09 22:04:49,088 : INFO : EventManager : Event: ======'logicblock_seq_ready_for_MB_updated'====== Args={'value': 0, 'enabled': True}
2025-11-09 22:04:49,088 : INFO : EventManager : Event: ======'logicblock_seq_lock1_updated'====== Args={'value': 0, 'enabled': True}
2025-11-09 22:04:49,088 : INFO : EventManager : Event: ======'logicblock_seq_lock2_updated'====== Args={'value': 0, 'enabled': True}
2025-11-09 22:04:49,088 : INFO : EventManager : Event: ======'logicblock_seq_ready_for_MB_updated'====== Args={'value': 0, 'enabled': True}
2025-11-09 22:04:49,089 : INFO : Mode.skull : Started. Priority: 200
2025-11-09 22:04:49,089 : INFO : EventManager : Event: ======'modes_active_modes_changed'====== Args={}
2025-11-09 22:04:49,089 : INFO : EventManager : Event: ======'mode_skull_started'====== Args={'priority': 0}
2025-11-09 22:04:49,089 : INFO : EventManager : Event: ======'single_player_ball_started'====== Args={}
2025-11-09 22:04:49,089 : INFO : EventManager : Event: ======'ball_start_target'====== Args={'target': 'playfield'}
2025-11-09 22:04:49,089 : INFO : ball_device.bd_trough : Setting up player-controlled eject. Balls: 1, Target: <playfield.playfield>, player_controlled_eject_event: None
2025-11-09 22:04:49,089 : INFO : ball_device.bd_trough : Adding 1 ball(s) to the eject_queue with target <playfield.playfield>.
2025-11-09 22:04:49,089 : INFO : EventManager : Event: ======'balldevice_balls_available'====== Args={}
2025-11-09 22:04:49,090 : INFO : ball_device.bd_trough : State: waiting_for_target_ready
2025-11-09 22:04:49,090 : INFO : EventManager : Event: ======'balldevice_bd_trough_ball_eject_attempt'====== Args={'balls': 1, 'target': <ball_device.bd_plunger>, 'source': <ball_device.bd_trough>, 'mechanical_eject': False, 'num_attempts': 0}
2025-11-09 22:04:49,090 : INFO : ball_device.bd_plunger : State: waiting_for_ball
2025-11-09 22:04:49,090 : INFO : ball_device.bd_trough : State: ejecting
2025-11-09 22:04:49,090 : INFO : ball_device.bd_trough : Ejecting ball to <ball_device.bd_plunger>
2025-11-09 22:04:49,090 : INFO : EventManager : Event: ======'balldevice_bd_trough_ejecting_ball'====== Args={'balls': 1, 'target': <ball_device.bd_plunger>, 'source': <ball_device.bd_trough>, 'mechanical_eject': False, 'num_attempts': 0}
2025-11-09 22:04:49,091 : INFO : ball_device.bd_trough : Wait for ball to leave device
2025-11-09 22:04:49,091 : INFO : coil.c_trough_eject : Pulsing Driver for 20ms (1.0 pulse_power)
2025-11-09 22:04:49,091 : INFO : SwitchController : <<<<<<< 's_trough1' inactive >>>>>>>
2025-11-09 22:04:49,092 : INFO : ball_device.bd_trough : State: ball_left
2025-11-09 22:04:49,092 : INFO : ball_device.bd_trough : Ball left
2025-11-09 22:04:49,092 : INFO : ball_device.bd_trough : Wait for confirm with timeout 3.0
2025-11-09 22:04:49,192 : INFO : SwitchController : <<<<<<< 's_plunger_lane' active >>>>>>>
2025-11-09 22:04:49,192 : INFO : EventManager : Event: ======'machine_var_audits_switches_s_plunger_lane'====== Args={'value': 844, 'prev_value': 843, 'change': 1}
2025-11-09 22:04:49,229 : INFO : EventManager : Event: ======'slide_base_slide_created'====== Args={'_from_bcp': True}
2025-11-09 22:04:49,230 : INFO : EventManager : Event: ======'slide_attract_inactive'====== Args={'is_removing': True, '_from_bcp': True}
2025-11-09 22:04:49,230 : INFO : EventManager : Event: ======'slide_base_slide_active'====== Args={'original_context': 'base', 'original_calling_context': 'mode_base_started', 'priority': 100.0, 'queue': '<QueuedEvent>', 'player': 1.0, 'ball': 1.0, 'balls_remaining': 2.0, 'is_extra_ball': False, 'cmd': 'slides_play', '_from_bcp': True}
2025-11-09 22:04:49,231 : INFO : EventManager : Event: ======'slide_attract_removed'====== Args={'_from_bcp': True}
2025-11-09 22:04:49,693 : INFO : ball_device.bd_plunger : Received ball from <ball_device.bd_trough>
2025-11-09 22:04:49,694 : INFO : EventManager : Event: ======'balldevice_bd_plunger_ball_enter'====== Args={'new_balls': 1, 'unclaimed_balls': 0, 'new_available_balls': 0, 'device': <ball_device.bd_plunger>}
2025-11-09 22:04:49,694 : INFO : EventManager : Event: ======'balldevice_bd_plunger_ball_entered'====== Args={'new_balls': 0, 'device': <ball_device.bd_plunger>}
2025-11-09 22:04:49,695 : INFO : EventManager : Event: ======'balldevice_bd_plunger_ball_count_changed'====== Args={'balls': 1}
2025-11-09 22:04:49,695 : INFO : ball_device.bd_trough : Got eject confirm
2025-11-09 22:04:49,695 : INFO : ball_device.bd_trough : Eject successful
2025-11-09 22:04:49,695 : INFO : EventManager : Event: ======'balldevice_bd_trough_ball_eject_success'====== Args={'balls': 1, 'target': <ball_device.bd_plunger>}
2025-11-09 22:04:49,695 : INFO : EventManager : Event: ======'balldevice_bd_trough_ball_count_changed'====== Args={'balls': 3}
2025-11-09 22:04:49,695 : INFO : ball_device.bd_trough : State: idle
2025-11-09 22:04:49,696 : INFO : ball_device.bd_plunger : State: waiting_for_target_ready
2025-11-09 22:04:49,696 : INFO : EventManager : Event: ======'balldevice_bd_plunger_ball_eject_attempt'====== Args={'balls': 1, 'target': <playfield.playfield>, 'source': <ball_device.bd_plunger>, 'mechanical_eject': False, 'num_attempts': 0}
2025-11-09 22:04:49,696 : INFO : ball_device.bd_plunger : State: ejecting
2025-11-09 22:04:49,696 : INFO : ball_device.bd_plunger : Ejecting ball to <playfield.playfield>
2025-11-09 22:04:49,696 : INFO : EventManager : Event: ======'balldevice_bd_plunger_ejecting_ball'====== Args={'balls': 1, 'target': <playfield.playfield>, 'source': <ball_device.bd_plunger>, 'mechanical_eject': False, 'num_attempts': 0}
2025-11-09 22:04:49,697 : INFO : ball_device.bd_plunger : Wait for ball to leave device
2025-11-09 22:04:49,697 : INFO : coil.c_plunger : Pulsing Driver for 20ms (1.0 pulse_power)
2025-11-09 22:04:49,697 : INFO : SwitchController : <<<<<<< 's_plunger_lane' inactive >>>>>>>
2025-11-09 22:04:49,698 : INFO : ball_device.bd_plunger : State: ball_left
2025-11-09 22:04:49,698 : INFO : ball_device.bd_plunger : Ball left
2025-11-09 22:04:49,698 : INFO : ball_device.bd_plunger : Wait for confirm with timeout 3.0
2025-11-09 22:04:49,776 : INFO : EventManager : Event: ======'player_base_player_added_timer_tick'====== Args={'value': 1, 'prev_value': 0, 'change': 1, 'player_num': 1}
2025-11-09 22:04:49,777 : INFO : Timer.player_added_timer : Timer Complete
2025-11-09 22:04:49,777 : INFO : Timer.player_added_timer : Stopping Timer
2025-11-09 22:04:49,777 : INFO : EventManager : Event: ======'timer_player_added_timer_stopped'====== Args={'ticks': 1, 'ticks_remaining': 1}
2025-11-09 22:04:49,777 : INFO : EventManager : Event: ======'timer_player_added_timer_complete'====== Args={'ticks': 1, 'ticks_remaining': 1}
2025-11-09 22:04:49,784 : INFO : EventManager : Event: ======'player_csi_lanes_csi_lanes_timer_tick'====== Args={'value': 1, 'prev_value': 0, 'change': 1, 'player_num': 1}
2025-11-09 22:04:49,784 : INFO : Timer.csi_lanes_timer : Timer Complete
2025-11-09 22:04:49,784 : INFO : Timer.csi_lanes_timer : Stopping Timer
2025-11-09 22:04:49,784 : INFO : EventManager : Event: ======'timer_csi_lanes_timer_stopped'====== Args={'ticks': 1, 'ticks_remaining': 1}
2025-11-09 22:04:49,785 : INFO : EventManager : Event: ======'timer_csi_lanes_timer_complete'====== Args={'ticks': 1, 'ticks_remaining': 1}
2025-11-09 22:04:50,085 : INFO : EventManager : Event: ======'player_bumpers_bumper_timer_tick'====== Args={'value': 1, 'prev_value': 0, 'change': 1, 'player_num': 1}
2025-11-09 22:04:50,085 : INFO : Timer.bumper_timer : Timer Complete
2025-11-09 22:04:50,085 : INFO : Timer.bumper_timer : Stopping Timer
2025-11-09 22:04:50,086 : INFO : EventManager : Event: ======'timer_bumper_timer_stopped'====== Args={'ticks': 1, 'ticks_remaining': 1}
2025-11-09 22:04:50,086 : INFO : EventManager : Event: ======'timer_bumper_timer_complete'====== Args={'ticks': 1, 'ticks_remaining': 1}
2025-11-09 22:04:51,255 : INFO : SwitchController : <<<<<<< 's_popbumper3' active >>>>>>>
2025-11-09 22:04:51,255 : INFO : EventManager : Event: ======'playfield_active'====== Args={'source': 'bumper3'}
2025-11-09 22:04:51,255 : INFO : EventManager : Event: ======'s_popbumper3_active'====== Args={}
2025-11-09 22:04:51,256 : INFO : EventManager : Event: ======'playfield_active'====== Args={'source': 'ac_popbumper3'}
2025-11-09 22:04:51,256 : INFO : EventManager : Event: ======'machine_var_audits_switches_s_popbumper3'====== Args={'value': 3930, 'prev_value': 3929, 'change': 1}
2025-11-09 22:04:51,257 : INFO : EventManager : Event: ======'player_shot_bumper3'====== Args={'value': 1, 'prev_value': 0, 'change': 1, 'player_num': 1}
2025-11-09 22:04:51,257 : INFO : EventManager : Event: ======'machine_var_audits_shots_bumper3'====== Args={'value': 3888, 'prev_value': 3887, 'change': 1}
2025-11-09 22:04:51,264 : INFO : EventManager : Event: ======'bumper3_hit'====== Args={'profile': 'default', 'state': 'unlit', 'advancing': True}
2025-11-09 22:04:51,265 : INFO : EventManager : Event: ======'bumper3_default_hit'====== Args={'profile': 'default', 'state': 'unlit', 'advancing': True}
2025-11-09 22:04:51,265 : INFO : EventManager : Event: ======'bumper3_default_unlit_hit'====== Args={'profile': 'default', 'state': 'unlit', 'advancing': True}
2025-11-09 22:04:51,265 : INFO : EventManager : Event: ======'bumper3_unlit_hit'====== Args={'profile': 'default', 'state': 'unlit', 'advancing': True}
2025-11-09 22:04:51,266 : INFO : EventManager : Event: ======'bumpers_hit'====== Args={'shot': 'bumper3'}
2025-11-09 22:04:51,266 : INFO : EventManager : Event: ======'bumpers_unlit_hit'====== Args={'shot': 'bumper3'}
2025-11-09 22:04:51,266 : INFO : EventManager : Event: ======'player_score'====== Args={'value': 3000, 'prev_value': 0, 'change': 3000, 'player_num': 1, 'source': 'bumpers'}
2025-11-09 22:04:51,267 : INFO : EventManager : Event: ======'player_bumpers_bumper_timer_tick'====== Args={'value': 0, 'prev_value': 1, 'change': -1, 'player_num': 1}
2025-11-09 22:04:51,267 : INFO : Timer.bumper_timer : Starting Timer.
2025-11-09 22:04:51,267 : INFO : EventManager : Event: ======'timer_bumper_timer_started'====== Args={'ticks': 0, 'ticks_remaining': 1}
2025-11-09 22:04:51,267 : INFO : EventManager : Event: ======'timer_bumper_timer_tick'====== Args={'ticks': 0, 'ticks_remaining': 1}
2025-11-09 22:04:51,268 : INFO : ball_device.bd_plunger : Got eject confirm
2025-11-09 22:04:51,268 : INFO : ball_device.bd_plunger : Eject successful
2025-11-09 22:04:51,268 : INFO : EventManager : Event: ======'balldevice_bd_plunger_ball_eject_success'====== Args={'balls': 1, 'target': <playfield.playfield>}
2025-11-09 22:04:51,268 : INFO : EventManager : Event: ======'balldevice_playfield_ball_enter'====== Args={'new_balls': 1, 'unclaimed_balls': 1, 'device': <playfield.playfield>}
2025-11-09 22:04:51,268 : INFO : EventManager : Event: ======'playfield_ball_count_change'====== Args={'balls': 1, 'change': 1}
2025-11-09 22:04:51,269 : INFO : EventManager : Event: ======'balldevice_bd_plunger_ball_count_changed'====== Args={'balls': 0}
2025-11-09 22:04:51,269 : INFO : ball_device.bd_plunger : State: idle
2025-11-09 22:04:51,316 : INFO : EventManager : Event: ======'widget_bumper_widget_active'====== Args={'original_context': 'bumpers', 'original_calling_context': 'bumpers_hit', 'priority': 200.0, 'shot': 'bumper3', 'cmd': 'widgets_play', '_from_bcp': True}
2025-11-09 22:04:51,387 : INFO : SwitchController : <<<<<<< 's_popbumper3' inactive >>>>>>>
2025-11-09 22:04:51,420 : INFO : SwitchController : <<<<<<< 's_popbumper1' active >>>>>>>
2025-11-09 22:04:51,421 : INFO : EventManager : Event: ======'s_popbumper1_active'====== Args={}
2025-11-09 22:04:51,421 : INFO : EventManager : Event: ======'machine_var_audits_switches_s_popbumper1'====== Args={'value': 4154, 'prev_value': 4153, 'change': 1}
2025-11-09 22:04:51,421 : INFO : EventManager : Event: ======'player_shot_bumper1'====== Args={'value': 1, 'prev_value': 0, 'change': 1, 'player_num': 1}
2025-11-09 22:04:51,421 : INFO : EventManager : Event: ======'machine_var_audits_shots_bumper1'====== Args={'value': 4110, 'prev_value': 4109, 'change': 1}
2025-11-09 22:04:51,421 : INFO : EventManager : Event: ======'bumper1_hit'====== Args={'profile': 'default', 'state': 'unlit', 'advancing': True}
2025-11-09 22:04:51,421 : INFO : EventManager : Event: ======'bumper1_default_hit'====== Args={'profile': 'default', 'state': 'unlit', 'advancing': True}
2025-11-09 22:04:51,421 : INFO : EventManager : Event: ======'bumper1_default_unlit_hit'====== Args={'profile': 'default', 'state': 'unlit', 'advancing': True}
2025-11-09 22:04:51,422 : INFO : EventManager : Event: ======'bumper1_unlit_hit'====== Args={'profile': 'default', 'state': 'unlit', 'advancing': True}
2025-11-09 22:04:51,422 : INFO : EventManager : Event: ======'bumpers_hit'====== Args={'shot': 'bumper1'}
2025-11-09 22:04:51,422 : INFO : EventManager : Event: ======'bumpers_unlit_hit'====== Args={'shot': 'bumper1'}
2025-11-09 22:04:51,422 : INFO : EventManager : Event: ======'player_score'====== Args={'value': 6000, 'prev_value': 3000, 'change': 3000, 'player_num': 1, 'source': 'bumpers'}
2025-11-09 22:04:51,422 : INFO : EventManager : Event: ======'timer_bumper_timer_tick'====== Args={'ticks': 0, 'ticks_remaining': 1}
2025-11-09 22:04:51,554 : INFO : SwitchController : <<<<<<< 's_popbumper1' inactive >>>>>>>
2025-11-09 22:04:52,423 : INFO : EventManager : Event: ======'player_bumpers_bumper_timer_tick'====== Args={'value': 1, 'prev_value': 0, 'change': 1, 'player_num': 1}
2025-11-09 22:04:52,423 : INFO : Timer.bumper_timer : Timer Complete
2025-11-09 22:04:52,423 : INFO : Timer.bumper_timer : Stopping Timer
2025-11-09 22:04:52,424 : INFO : EventManager : Event: ======'timer_bumper_timer_stopped'====== Args={'ticks': 1, 'ticks_remaining': 1}
2025-11-09 22:04:52,424 : INFO : EventManager : Event: ======'timer_bumper_timer_complete'====== Args={'ticks': 1, 'ticks_remaining': 1}
2025-11-09 22:04:52,438 : INFO : EventManager : Event: ======'widget_bumper_widget_removed'====== Args={'_from_bcp': True}
2025-11-09 22:04:53,355 : INFO : SwitchController : <<<<<<< 's_popbumper1' active >>>>>>>
2025-11-09 22:04:53,355 : INFO : EventManager : Event: ======'s_popbumper1_active'====== Args={}
2025-11-09 22:04:53,356 : INFO : EventManager : Event: ======'machine_var_audits_switches_s_popbumper1'====== Args={'value': 4155, 'prev_value': 4154, 'change': 1}
2025-11-09 22:04:53,357 : INFO : EventManager : Event: ======'machine_var_audits_shots_bumper1'====== Args={'value': 4111, 'prev_value': 4110, 'change': 1}
2025-11-09 22:04:53,364 : INFO : EventManager : Event: ======'bumper1_hit'====== Args={'profile': 'default', 'state': 'lit', 'advancing': False}
2025-11-09 22:04:53,365 : INFO : EventManager : Event: ======'bumper1_default_hit'====== Args={'profile': 'default', 'state': 'lit', 'advancing': False}
2025-11-09 22:04:53,365 : INFO : EventManager : Event: ======'bumper1_default_lit_hit'====== Args={'profile': 'default', 'state': 'lit', 'advancing': False}
2025-11-09 22:04:53,365 : INFO : EventManager : Event: ======'bumper1_lit_hit'====== Args={'profile': 'default', 'state': 'lit', 'advancing': False}
2025-11-09 22:04:53,365 : INFO : EventManager : Event: ======'bumpers_hit'====== Args={'shot': 'bumper1'}
2025-11-09 22:04:53,365 : INFO : EventManager : Event: ======'bumpers_lit_hit'====== Args={'shot': 'bumper1'}
2025-11-09 22:04:53,365 : INFO : EventManager : Event: ======'player_score'====== Args={'value': 9000, 'prev_value': 6000, 'change': 3000, 'player_num': 1, 'source': 'bumpers'}
2025-11-09 22:04:53,366 : INFO : EventManager : Event: ======'player_bumpers_bumper_timer_tick'====== Args={'value': 0, 'prev_value': 1, 'change': -1, 'player_num': 1}
2025-11-09 22:04:53,366 : INFO : Timer.bumper_timer : Starting Timer.
2025-11-09 22:04:53,366 : INFO : EventManager : Event: ======'timer_bumper_timer_started'====== Args={'ticks': 0, 'ticks_remaining': 1}
2025-11-09 22:04:53,366 : INFO : EventManager : Event: ======'timer_bumper_timer_tick'====== Args={'ticks': 0, 'ticks_remaining': 1}
2025-11-09 22:04:53,406 : INFO : EventManager : Event: ======'widget_bumper_widget_active'====== Args={'original_context': 'bumpers', 'original_calling_context': 'bumpers_hit', 'priority': 200.0, 'shot': 'bumper1', 'cmd': 'widgets_play', '_from_bcp': True}
2025-11-09 22:04:53,555 : INFO : SwitchController : <<<<<<< 's_popbumper1' inactive >>>>>>>
2025-11-09 22:04:53,588 : INFO : SwitchController : <<<<<<< 's_popbumper2' active >>>>>>>
2025-11-09 22:04:53,588 : INFO : EventManager : Event: ======'s_popbumper2_active'====== Args={}
2025-11-09 22:04:53,589 : INFO : EventManager : Event: ======'machine_var_audits_switches_s_popbumper2'====== Args={'value': 4087, 'prev_value': 4086, 'change': 1}
2025-11-09 22:04:53,589 : INFO : EventManager : Event: ======'player_shot_bumper2'====== Args={'value': 1, 'prev_value': 0, 'change': 1, 'player_num': 1}
2025-11-09 22:04:53,590 : INFO : EventManager : Event: ======'machine_var_audits_shots_bumper2'====== Args={'value': 4046, 'prev_value': 4045, 'change': 1}
2025-11-09 22:04:53,590 : INFO : EventManager : Event: ======'bumper2_hit'====== Args={'profile': 'default', 'state': 'unlit', 'advancing': True}
2025-11-09 22:04:53,591 : INFO : EventManager : Event: ======'bumper2_default_hit'====== Args={'profile': 'default', 'state': 'unlit', 'advancing': True}
2025-11-09 22:04:53,591 : INFO : EventManager : Event: ======'bumper2_default_unlit_hit'====== Args={'profile': 'default', 'state': 'unlit', 'advancing': True}
2025-11-09 22:04:53,591 : INFO : EventManager : Event: ======'bumper2_unlit_hit'====== Args={'profile': 'default', 'state': 'unlit', 'advancing': True}
2025-11-09 22:04:53,591 : INFO : EventManager : Event: ======'bumpers_complete'====== Args={'state': 'lit'}
2025-11-09 22:04:53,591 : INFO : EventManager : Event: ======'bumpers_lit_complete'====== Args={}
2025-11-09 22:04:53,591 : INFO : EventManager : Event: ======'bumpers_hit'====== Args={'shot': 'bumper2'}
2025-11-09 22:04:53,592 : INFO : EventManager : Event: ======'bumpers_unlit_hit'====== Args={'shot': 'bumper2'}
2025-11-09 22:04:53,592 : INFO : EventManager : Event: ======'player_score'====== Args={'value': 12000, 'prev_value': 9000, 'change': 3000, 'player_num': 1, 'source': 'bumpers'}
2025-11-09 22:04:53,593 : INFO : EventManager : Event: ======'timer_bumper_timer_tick'====== Args={'ticks': 0, 'ticks_remaining': 1}
2025-11-09 22:04:53,704 : INFO : SwitchController : <<<<<<< 's_popbumper2' inactive >>>>>>>
2025-11-09 22:04:53,705 : INFO : SwitchController : <<<<<<< 's_popbumper3' active >>>>>>>
2025-11-09 22:04:53,705 : INFO : EventManager : Event: ======'s_popbumper3_active'====== Args={}
2025-11-09 22:04:53,705 : INFO : EventManager : Event: ======'machine_var_audits_switches_s_popbumper3'====== Args={'value': 3931, 'prev_value': 3930, 'change': 1}
2025-11-09 22:04:53,705 : INFO : EventManager : Event: ======'machine_var_audits_shots_bumper3'====== Args={'value': 3889, 'prev_value': 3888, 'change': 1}
2025-11-09 22:04:53,705 : INFO : EventManager : Event: ======'bumper3_hit'====== Args={'profile': 'default', 'state': 'lit', 'advancing': False}
2025-11-09 22:04:53,706 : INFO : EventManager : Event: ======'bumper3_default_hit'====== Args={'profile': 'default', 'state': 'lit', 'advancing': False}
2025-11-09 22:04:53,706 : INFO : EventManager : Event: ======'bumper3_default_lit_hit'====== Args={'profile': 'default', 'state': 'lit', 'advancing': False}
2025-11-09 22:04:53,706 : INFO : EventManager : Event: ======'bumper3_lit_hit'====== Args={'profile': 'default', 'state': 'lit', 'advancing': False}
2025-11-09 22:04:53,706 : INFO : EventManager : Event: ======'bumpers_hit'====== Args={'shot': 'bumper3'}
2025-11-09 22:04:53,706 : INFO : EventManager : Event: ======'bumpers_lit_hit'====== Args={'shot': 'bumper3'}
2025-11-09 22:04:53,706 : INFO : EventManager : Event: ======'player_score'====== Args={'value': 15000, 'prev_value': 12000, 'change': 3000, 'player_num': 1, 'source': 'bumpers'}
2025-11-09 22:04:53,707 : INFO : EventManager : Event: ======'timer_bumper_timer_tick'====== Args={'ticks': 0, 'ticks_remaining': 1}
2025-11-09 22:04:53,821 : INFO : SwitchController : <<<<<<< 's_popbumper3' inactive >>>>>>>
2025-11-09 22:04:53,955 : INFO : SwitchController : <<<<<<< 's_popbumper3' active >>>>>>>
2025-11-09 22:04:53,955 : INFO : EventManager : Event: ======'s_popbumper3_active'====== Args={}
2025-11-09 22:04:53,956 : INFO : EventManager : Event: ======'machine_var_audits_switches_s_popbumper3'====== Args={'value': 3932, 'prev_value': 3931, 'change': 1}
2025-11-09 22:04:53,956 : INFO : EventManager : Event: ======'machine_var_audits_shots_bumper3'====== Args={'value': 3890, 'prev_value': 3889, 'change': 1}
2025-11-09 22:04:53,957 : INFO : EventManager : Event: ======'bumper3_hit'====== Args={'profile': 'default', 'state': 'lit', 'advancing': False}
2025-11-09 22:04:53,957 : INFO : EventManager : Event: ======'bumper3_default_hit'====== Args={'profile': 'default', 'state': 'lit', 'advancing': False}
2025-11-09 22:04:53,957 : INFO : EventManager : Event: ======'bumper3_default_lit_hit'====== Args={'profile': 'default', 'state': 'lit', 'advancing': False}
2025-11-09 22:04:53,957 : INFO : EventManager : Event: ======'bumper3_lit_hit'====== Args={'profile': 'default', 'state': 'lit', 'advancing': False}
2025-11-09 22:04:53,957 : INFO : EventManager : Event: ======'bumpers_hit'====== Args={'shot': 'bumper3'}
2025-11-09 22:04:53,958 : INFO : EventManager : Event: ======'bumpers_lit_hit'====== Args={'shot': 'bumper3'}
2025-11-09 22:04:53,958 : INFO : EventManager : Event: ======'player_score'====== Args={'value': 18000, 'prev_value': 15000, 'change': 3000, 'player_num': 1, 'source': 'bumpers'}
2025-11-09 22:04:53,958 : INFO : EventManager : Event: ======'timer_bumper_timer_tick'====== Args={'ticks': 0, 'ticks_remaining': 1}
2025-11-09 22:04:54,054 : INFO : SwitchController : <<<<<<< 's_popbumper3' inactive >>>>>>>
2025-11-09 22:04:54,377 : INFO : SwitchController : <<<<<<< 's_popbumper3' active >>>>>>>
2025-11-09 22:04:54,377 : INFO : EventManager : Event: ======'s_popbumper3_active'====== Args={}
2025-11-09 22:04:54,378 : INFO : EventManager : Event: ======'machine_var_audits_switches_s_popbumper3'====== Args={'value': 3933, 'prev_value': 3932, 'change': 1}
2025-11-09 22:04:54,379 : INFO : EventManager : Event: ======'machine_var_audits_shots_bumper3'====== Args={'value': 3891, 'prev_value': 3890, 'change': 1}
2025-11-09 22:04:54,380 : INFO : EventManager : Event: ======'bumper3_hit'====== Args={'profile': 'default', 'state': 'lit', 'advancing': False}
2025-11-09 22:04:54,380 : INFO : EventManager : Event: ======'bumper3_default_hit'====== Args={'profile': 'default', 'state': 'lit', 'advancing': False}
2025-11-09 22:04:54,380 : INFO : EventManager : Event: ======'bumper3_default_lit_hit'====== Args={'profile': 'default', 'state': 'lit', 'advancing': False}
2025-11-09 22:04:54,380 : INFO : EventManager : Event: ======'bumper3_lit_hit'====== Args={'profile': 'default', 'state': 'lit', 'advancing': False}
2025-11-09 22:04:54,380 : INFO : EventManager : Event: ======'bumpers_hit'====== Args={'shot': 'bumper3'}
2025-11-09 22:04:54,380 : INFO : EventManager : Event: ======'bumpers_lit_hit'====== Args={'shot': 'bumper3'}
2025-11-09 22:04:54,381 : INFO : EventManager : Event: ======'player_score'====== Args={'value': 21000, 'prev_value': 18000, 'change': 3000, 'player_num': 1, 'source': 'bumpers'}
2025-11-09 22:04:54,381 : INFO : EventManager : Event: ======'timer_bumper_timer_tick'====== Args={'ticks': 0, 'ticks_remaining': 1}
2025-11-09 22:04:54,423 : INFO : SwitchController : <<<<<<< 's_popbumper2' active >>>>>>>
2025-11-09 22:04:54,423 : INFO : EventManager : Event: ======'s_popbumper2_active'====== Args={}
2025-11-09 22:04:54,423 : INFO : EventManager : Event: ======'machine_var_audits_switches_s_popbumper2'====== Args={'value': 4088, 'prev_value': 4087, 'change': 1}
2025-11-09 22:04:54,423 : INFO : EventManager : Event: ======'machine_var_audits_shots_bumper2'====== Args={'value': 4047, 'prev_value': 4046, 'change': 1}
2025-11-09 22:04:54,423 : INFO : EventManager : Event: ======'bumper2_hit'====== Args={'profile': 'default', 'state': 'lit', 'advancing': False}
2025-11-09 22:04:54,423 : INFO : EventManager : Event: ======'bumper2_default_hit'====== Args={'profile': 'default', 'state': 'lit', 'advancing': False}
2025-11-09 22:04:54,424 : INFO : EventManager : Event: ======'bumper2_default_lit_hit'====== Args={'profile': 'default', 'state': 'lit', 'advancing': False}
2025-11-09 22:04:54,424 : INFO : EventManager : Event: ======'bumper2_lit_hit'====== Args={'profile': 'default', 'state': 'lit', 'advancing': False}
2025-11-09 22:04:54,424 : INFO : EventManager : Event: ======'bumpers_hit'====== Args={'shot': 'bumper2'}
2025-11-09 22:04:54,424 : INFO : EventManager : Event: ======'bumpers_lit_hit'====== Args={'shot': 'bumper2'}
2025-11-09 22:04:54,424 : INFO : EventManager : Event: ======'player_score'====== Args={'value': 24000, 'prev_value': 21000, 'change': 3000, 'player_num': 1, 'source': 'bumpers'}
2025-11-09 22:04:54,424 : INFO : EventManager : Event: ======'timer_bumper_timer_tick'====== Args={'ticks': 0, 'ticks_remaining': 1}
2025-11-09 22:04:54,504 : INFO : SwitchController : <<<<<<< 's_popbumper3' inactive >>>>>>>
2025-11-09 22:04:54,504 : INFO : SwitchController : <<<<<<< 's_popbumper2' inactive >>>>>>>
2025-11-09 22:04:55,425 : INFO : EventManager : Event: ======'player_bumpers_bumper_timer_tick'====== Args={'value': 1, 'prev_value': 0, 'change': 1, 'player_num': 1}
2025-11-09 22:04:55,426 : INFO : Timer.bumper_timer : Timer Complete
2025-11-09 22:04:55,426 : INFO : Timer.bumper_timer : Stopping Timer
2025-11-09 22:04:55,426 : INFO : EventManager : Event: ======'timer_bumper_timer_stopped'====== Args={'ticks': 1, 'ticks_remaining': 1}
2025-11-09 22:04:55,427 : INFO : EventManager : Event: ======'timer_bumper_timer_complete'====== Args={'ticks': 1, 'ticks_remaining': 1}
2025-11-09 22:04:55,438 : INFO : EventManager : Event: ======'widget_bumper_widget_removed'====== Args={'_from_bcp': True}
2025-11-09 22:04:59,087 : INFO : EventManager : Event: ======'player_skull_pause_timer_tick'====== Args={'value': 1, 'prev_value': 0, 'change': 1, 'player_num': 1}
2025-11-09 22:04:59,088 : INFO : Timer.pause_timer : Timer Complete
2025-11-09 22:04:59,089 : INFO : Timer.pause_timer : Stopping Timer
2025-11-09 22:04:59,089 : INFO : EventManager : Event: ======'timer_pause_timer_stopped'====== Args={'ticks': 1, 'ticks_remaining': 1}
2025-11-09 22:04:59,089 : INFO : EventManager : Event: ======'timer_pause_timer_complete'====== Args={'ticks': 1, 'ticks_remaining': 1}
2025-11-09 22:06:49,787 : INFO : SwitchController : <<<<<<< 's_popbumper1' active >>>>>>>
2025-11-09 22:06:49,788 : INFO : EventManager : Event: ======'s_popbumper1_active'====== Args={}
2025-11-09 22:06:49,788 : INFO : EventManager : Event: ======'machine_var_audits_switches_s_popbumper1'====== Args={'value': 4156, 'prev_value': 4155, 'change': 1}
2025-11-09 22:06:49,789 : INFO : EventManager : Event: ======'machine_var_audits_shots_bumper1'====== Args={'value': 4112, 'prev_value': 4111, 'change': 1}
2025-11-09 22:06:49,794 : INFO : EventManager : Event: ======'bumper1_hit'====== Args={'profile': 'default', 'state': 'lit', 'advancing': False}
2025-11-09 22:06:49,795 : INFO : EventManager : Event: ======'bumper1_default_hit'====== Args={'profile': 'default', 'state': 'lit', 'advancing': False}
2025-11-09 22:06:49,795 : INFO : EventManager : Event: ======'bumper1_default_lit_hit'====== Args={'profile': 'default', 'state': 'lit', 'advancing': False}
2025-11-09 22:06:49,795 : INFO : EventManager : Event: ======'bumper1_lit_hit'====== Args={'profile': 'default', 'state': 'lit', 'advancing': False}
2025-11-09 22:06:49,795 : INFO : EventManager : Event: ======'bumpers_hit'====== Args={'shot': 'bumper1'}
2025-11-09 22:06:49,795 : INFO : EventManager : Event: ======'bumpers_lit_hit'====== Args={'shot': 'bumper1'}
2025-11-09 22:06:49,795 : INFO : EventManager : Event: ======'player_score'====== Args={'value': 27000, 'prev_value': 24000, 'change': 3000, 'player_num': 1, 'source': 'bumpers'}
2025-11-09 22:06:49,796 : INFO : EventManager : Event: ======'player_bumpers_bumper_timer_tick'====== Args={'value': 0, 'prev_value': 1, 'change': -1, 'player_num': 1}
2025-11-09 22:06:49,796 : INFO : Timer.bumper_timer : Starting Timer.
2025-11-09 22:06:49,796 : INFO : EventManager : Event: ======'timer_bumper_timer_started'====== Args={'ticks': 0, 'ticks_remaining': 1}
2025-11-09 22:06:49,796 : INFO : EventManager : Event: ======'timer_bumper_timer_tick'====== Args={'ticks': 0, 'ticks_remaining': 1}
2025-11-09 22:06:49,805 : INFO : EventManager : Event: ======'widget_bumper_widget_active'====== Args={'original_context': 'bumpers', 'original_calling_context': 'bumpers_hit', 'priority': 200.0, 'shot': 'bumper1', 'cmd': 'widgets_play', '_from_bcp': True}
2025-11-09 22:06:49,886 : INFO : SwitchController : <<<<<<< 's_popbumper2' active >>>>>>>
2025-11-09 22:06:49,887 : INFO : EventManager : Event: ======'s_popbumper2_active'====== Args={}
2025-11-09 22:06:49,888 : INFO : EventManager : Event: ======'machine_var_audits_switches_s_popbumper2'====== Args={'value': 4089, 'prev_value': 4088, 'change': 1}
2025-11-09 22:06:49,888 : INFO : EventManager : Event: ======'machine_var_audits_shots_bumper2'====== Args={'value': 4048, 'prev_value': 4047, 'change': 1}
2025-11-09 22:06:49,889 : INFO : EventManager : Event: ======'bumper2_hit'====== Args={'profile': 'default', 'state': 'lit', 'advancing': False}
2025-11-09 22:06:49,889 : INFO : EventManager : Event: ======'bumper2_default_hit'====== Args={'profile': 'default', 'state': 'lit', 'advancing': False}
2025-11-09 22:06:49,889 : INFO : EventManager : Event: ======'bumper2_default_lit_hit'====== Args={'profile': 'default', 'state': 'lit', 'advancing': False}
2025-11-09 22:06:49,889 : INFO : EventManager : Event: ======'bumper2_lit_hit'====== Args={'profile': 'default', 'state': 'lit', 'advancing': False}
2025-11-09 22:06:49,889 : INFO : EventManager : Event: ======'bumpers_hit'====== Args={'shot': 'bumper2'}
2025-11-09 22:06:49,889 : INFO : EventManager : Event: ======'bumpers_lit_hit'====== Args={'shot': 'bumper2'}
2025-11-09 22:06:49,890 : INFO : EventManager : Event: ======'player_score'====== Args={'value': 30000, 'prev_value': 27000, 'change': 3000, 'player_num': 1, 'source': 'bumpers'}
2025-11-09 22:06:49,890 : INFO : EventManager : Event: ======'timer_bumper_timer_tick'====== Args={'ticks': 0, 'ticks_remaining': 1}
2025-11-09 22:06:49,902 : INFO : SwitchController : <<<<<<< 's_popbumper1' inactive >>>>>>>
2025-11-09 22:06:50,137 : INFO : SwitchController : <<<<<<< 's_popbumper3' active >>>>>>>
2025-11-09 22:06:50,137 : INFO : EventManager : Event: ======'s_popbumper3_active'====== Args={}
2025-11-09 22:06:50,138 : INFO : EventManager : Event: ======'machine_var_audits_switches_s_popbumper3'====== Args={'value': 3934, 'prev_value': 3933, 'change': 1}
2025-11-09 22:06:50,139 : INFO : EventManager : Event: ======'machine_var_audits_shots_bumper3'====== Args={'value': 3892, 'prev_value': 3891, 'change': 1}
2025-11-09 22:06:50,139 : INFO : EventManager : Event: ======'bumper3_hit'====== Args={'profile': 'default', 'state': 'lit', 'advancing': False}
2025-11-09 22:06:50,140 : INFO : EventManager : Event: ======'bumper3_default_hit'====== Args={'profile': 'default', 'state': 'lit', 'advancing': False}
2025-11-09 22:06:50,140 : INFO : EventManager : Event: ======'bumper3_default_lit_hit'====== Args={'profile': 'default', 'state': 'lit', 'advancing': False}
2025-11-09 22:06:50,140 : INFO : EventManager : Event: ======'bumper3_lit_hit'====== Args={'profile': 'default', 'state': 'lit', 'advancing': False}
2025-11-09 22:06:50,140 : INFO : EventManager : Event: ======'bumpers_hit'====== Args={'shot': 'bumper3'}
2025-11-09 22:06:50,140 : INFO : EventManager : Event: ======'bumpers_lit_hit'====== Args={'shot': 'bumper3'}
2025-11-09 22:06:50,141 : INFO : EventManager : Event: ======'player_score'====== Args={'value': 33000, 'prev_value': 30000, 'change': 3000, 'player_num': 1, 'source': 'bumpers'}
2025-11-09 22:06:50,141 : INFO : EventManager : Event: ======'timer_bumper_timer_tick'====== Args={'ticks': 0, 'ticks_remaining': 1}
2025-11-09 22:06:50,220 : INFO : SwitchController : <<<<<<< 's_popbumper2' inactive >>>>>>>
2025-11-09 22:06:50,236 : INFO : SwitchController : <<<<<<< 's_popbumper3' inactive >>>>>>>
2025-11-09 22:06:51,142 : INFO : EventManager : Event: ======'player_bumpers_bumper_timer_tick'====== Args={'value': 1, 'prev_value': 0, 'change': 1, 'player_num': 1}
2025-11-09 22:06:51,143 : INFO : Timer.bumper_timer : Timer Complete
2025-11-09 22:06:51,143 : INFO : Timer.bumper_timer : Stopping Timer
2025-11-09 22:06:51,143 : INFO : EventManager : Event: ======'timer_bumper_timer_stopped'====== Args={'ticks': 1, 'ticks_remaining': 1}
2025-11-09 22:06:51,144 : INFO : EventManager : Event: ======'timer_bumper_timer_complete'====== Args={'ticks': 1, 'ticks_remaining': 1}
2025-11-09 22:06:51,171 : INFO : EventManager : Event: ======'widget_bumper_widget_removed'====== Args={'_from_bcp': True}
2025-11-09 22:07:55,765 : INFO : Machine : Shutting down...
2025-11-09 22:07:55,765 : INFO : EventManager : Event: ======'shutdown'====== Args={}
2025-11-09 22:07:55,766 : INFO : EventManager : Event: ======'mode_game_will_stop'====== Args={}
2025-11-09 22:07:55,766 : INFO : EventManager : Event: ======'mode_game_stopping'====== Args={}
2025-11-09 22:07:55,767 : INFO : EventManager : Event: ======'mode_base_will_stop'====== Args={}
2025-11-09 22:07:55,767 : INFO : EventManager : Event: ======'mode_base_stopping'====== Args={}
2025-11-09 22:07:55,767 : INFO : EventManager : Event: ======'mode_skull_will_stop'====== Args={}
2025-11-09 22:07:55,767 : INFO : EventManager : Event: ======'mode_skull_stopping'====== Args={}
2025-11-09 22:07:55,767 : INFO : EventManager : Event: ======'mode_csi_lanes_will_stop'====== Args={}
2025-11-09 22:07:55,767 : INFO : EventManager : Event: ======'mode_csi_lanes_stopping'====== Args={}
2025-11-09 22:07:55,767 : INFO : EventManager : Event: ======'mode_bumpers_will_stop'====== Args={}
2025-11-09 22:07:55,767 : INFO : EventManager : Event: ======'mode_bumpers_stopping'====== Args={}
2025-11-09 22:07:55,767 : INFO : EventManager : Event: ======'stop_mode_bumpers'====== Args={'priority': 0}
2025-11-09 22:07:55,768 : INFO : EventManager : Event: ======'stop_mode_csi_lanes'====== Args={'priority': 0}
2025-11-09 22:07:55,768 : INFO : EventManager : Event: ======'stop_mode_skull'====== Args={'priority': 0}
2025-11-09 22:07:55,768 : INFO : Mode.bumpers : Stopped.
2025-11-09 22:07:55,768 : INFO : EventManager : Event: ======'modes_active_modes_changed'====== Args={}
2025-11-09 22:07:55,768 : INFO : EventManager : Event: ======'mode_bumpers_stopped'====== Args={}
2025-11-09 22:07:55,768 : INFO : EventManager : Event: ======'clear'====== Args={'key': 'bumpers'}
2025-11-09 22:07:55,768 : INFO : Timer.bumper_timer : Stopping Timer
2025-11-09 22:07:55,768 : INFO : EventManager : Event: ======'timer_bumper_timer_stopped'====== Args={'ticks': 1, 'ticks_remaining': 1}
2025-11-09 22:07:55,769 : INFO : Mode.csi_lanes : Stopped.
2025-11-09 22:07:55,769 : INFO : EventManager : Event: ======'modes_active_modes_changed'====== Args={}
2025-11-09 22:07:55,769 : INFO : EventManager : Event: ======'mode_csi_lanes_stopped'====== Args={}
2025-11-09 22:07:55,769 : INFO : EventManager : Event: ======'clear'====== Args={'key': 'csi_lanes'}
2025-11-09 22:07:55,770 : INFO : Timer.csi_lanes_timer : Stopping Timer
2025-11-09 22:07:55,770 : INFO : EventManager : Event: ======'timer_csi_lanes_timer_stopped'====== Args={'ticks': 1, 'ticks_remaining': 1}
2025-11-09 22:07:55,770 : INFO : Timer.csi_right_orbit_timer : Stopping Timer
2025-11-09 22:07:55,770 : INFO : EventManager : Event: ======'timer_csi_right_orbit_timer_stopped'====== Args={'ticks': 0, 'ticks_remaining': 0}
2025-11-09 22:07:55,770 : INFO : Mode.skull : Stopped.
2025-11-09 22:07:55,771 : INFO : EventManager : Event: ======'modes_active_modes_changed'====== Args={}
2025-11-09 22:07:55,771 : INFO : EventManager : Event: ======'mode_skull_stopped'====== Args={}
2025-11-09 22:07:55,771 : INFO : EventManager : Event: ======'clear'====== Args={'key': 'skull'}
2025-11-09 22:07:55,771 : INFO : Timer.pause_timer : Stopping Timer
2025-11-09 22:07:55,771 : INFO : EventManager : Event: ======'timer_pause_timer_stopped'====== Args={'ticks': 1, 'ticks_remaining': 1}
2025-11-09 22:07:55,771 : INFO : Mode.base : Stopped.
2025-11-09 22:07:55,771 : INFO : EventManager : Event: ======'modes_active_modes_changed'====== Args={}
2025-11-09 22:07:55,771 : INFO : EventManager : Event: ======'mode_base_stopped'====== Args={}
2025-11-09 22:07:55,771 : INFO : EventManager : Event: ======'clear'====== Args={'key': 'base'}
2025-11-09 22:07:55,771 : INFO : Timer.player_added_timer : Stopping Timer
2025-11-09 22:07:55,771 : INFO : EventManager : Event: ======'timer_player_added_timer_stopped'====== Args={'ticks': 1, 'ticks_remaining': 1}
2025-11-09 22:07:55,771 : INFO : Mode.game : Stopped.
2025-11-09 22:07:55,771 : INFO : EventManager : Event: ======'modes_active_modes_changed'====== Args={}
2025-11-09 22:07:55,771 : INFO : EventManager : Event: ======'mode_game_stopped'====== Args={}
2025-11-09 22:07:55,771 : INFO : EventManager : Event: ======'clear'====== Args={'key': 'game'}
2025-11-09 22:07:55,784 : INFO : root : MPF run loop ended.
