2025-11-06 21:29:44,981 : INFO : root : Loading config.
2025-11-06 21:29:44,982 : INFO : YamlMultifileConfigLoader : Machine config file #1: config.yaml
2025-11-06 21:29:44,982 : INFO : ConfigProcessor : Loading config from cache: /var/folders/m3/0d4y64_n3fn8tnkv3ydlhztw0000gn/T/5ca32a6c950d03116abbed96ca44d372.mpf_cache
2025-11-06 21:29:44,982 : WARNING : ConfigProcessor : Config file in cache changed: /Users/didiergilbin/Desktop/Homebrew_CSI/config/config_hardware.yaml
2025-11-06 21:29:44,982 : INFO : ConfigProcessor : Loading config from file /Users/didiergilbin/mpfenv/lib/python3.13/site-packages/mpf/mpfconfig.yaml.
2025-11-06 21:29:44,997 : INFO : ConfigProcessor : Loading config: /Users/didiergilbin/mpfenv/lib/python3.13/site-packages/mpf/mpfconfig.yaml
2025-11-06 21:29:44,997 : INFO : ConfigProcessor : Loading config from file /Users/didiergilbin/Desktop/Homebrew_CSI/config/config.yaml.
2025-11-06 21:29:44,998 : INFO : ConfigProcessor : Loading config: /Users/didiergilbin/Desktop/Homebrew_CSI/config/config.yaml
2025-11-06 21:29:45,012 : INFO : ConfigProcessor : Loading config: /Users/didiergilbin/Desktop/Homebrew_CSI/config/config_settings.yaml
2025-11-06 21:29:45,018 : INFO : ConfigProcessor : Loading config: /Users/didiergilbin/Desktop/Homebrew_CSI/config/config_hardware.yaml
2025-11-06 21:29:45,018 : INFO : ConfigProcessor : Config file cache created: /var/folders/m3/0d4y64_n3fn8tnkv3ydlhztw0000gn/T/5ca32a6c950d03116abbed96ca44d372.mpf_cache
2025-11-06 21:29:45,031 : INFO : ConfigProcessor : Loading config from cache: /var/folders/m3/0d4y64_n3fn8tnkv3ydlhztw0000gn/T/01c495fa7450a81b4be96cb699872531.mpf_cache
2025-11-06 21:29:45,031 : INFO : ConfigProcessor : Loading config from cache: /var/folders/m3/0d4y64_n3fn8tnkv3ydlhztw0000gn/T/bfde29b5bb803376b0637bb8f0da27a7.mpf_cache
2025-11-06 21:29:45,031 : INFO : ConfigProcessor : Loading config from cache: /var/folders/m3/0d4y64_n3fn8tnkv3ydlhztw0000gn/T/01c495fa7450a81b4be96cb699872531.mpf_cache
2025-11-06 21:29:45,031 : INFO : ConfigProcessor : Loading config from cache: /var/folders/m3/0d4y64_n3fn8tnkv3ydlhztw0000gn/T/3ae89e09515ff8d8b11d68f672b2cc51.mpf_cache
2025-11-06 21:29:45,031 : INFO : ConfigProcessor : Loading config from cache: /var/folders/m3/0d4y64_n3fn8tnkv3ydlhztw0000gn/T/4c420229fa75118c2461cfc9ff5a44e2.mpf_cache
2025-11-06 21:29:45,031 : INFO : ConfigProcessor : Loading config from cache: /var/folders/m3/0d4y64_n3fn8tnkv3ydlhztw0000gn/T/f5ee6852f1764324c8553249cc53c871.mpf_cache
2025-11-06 21:29:45,032 : WARNING : ConfigProcessor : Config file in cache changed: /Users/didiergilbin/Desktop/Homebrew_CSI/modes/csi_lanes/config/csi_lanes.yaml
2025-11-06 21:29:45,032 : INFO : ConfigProcessor : Loading config from file /Users/didiergilbin/Desktop/Homebrew_CSI/modes/csi_lanes/config/csi_lanes.yaml.
2025-11-06 21:29:45,034 : INFO : ConfigProcessor : Loading config: /Users/didiergilbin/Desktop/Homebrew_CSI/modes/csi_lanes/config/csi_lanes.yaml
2025-11-06 21:29:45,034 : INFO : ConfigProcessor : Config file cache created: /var/folders/m3/0d4y64_n3fn8tnkv3ydlhztw0000gn/T/97c87487bc6ae826da86d36a6e042c78.mpf_cache
2025-11-06 21:29:45,034 : INFO : Machine : Mission Pinball Framework Core Engine v0.80.0.dev10
2025-11-06 21:29:45,034 : INFO : Machine : Command line arguments: {'no_load_cache': False, 'create_config_cache': True, 'bcp': True, 'configfile': ['config.yaml'], 'force_assets_load': False, 'platform_integration_test': False, 'jsonlogging': False, 'logfile': 'logs/2025-11-06-21-29-44-mpf-mac.home.log', 'pause': False, 'production': False, 'text_ui': False, 'loglevel': 15, 'consoleloglevel': 20, 'force_platform': 'smart_virtual', 'syslog_address': None, 'full_logfile_path': '/Users/didiergilbin/Desktop/Homebrew_CSI/logs/2025-11-06-21-29-44-mpf-mac.home.log'}
2025-11-06 21:29:45,034 : INFO : Machine : MPF path: /Users/didiergilbin/mpfenv/lib/python3.13/site-packages/mpf
2025-11-06 21:29:45,034 : INFO : Machine : Machine path: /Users/didiergilbin/Desktop/Homebrew_CSI
2025-11-06 21:29:45,034 : INFO : Machine : Platform: darwin
2025-11-06 21:29:45,034 : INFO : Machine : Python executable location: /Users/didiergilbin/mpfenv/bin/python3.13
2025-11-06 21:29:45,034 : INFO : Machine : Python version: 3.13.7 (64-bit)
2025-11-06 21:29:45,035 : INFO : Machine : Initializing MPF...
2025-11-06 21:29:45,046 : INFO : EventManager : Event: ======'machine_var_credits_string'====== Args={'value': 'FREE PLAY', 'prev_value': None, 'change': True}
2025-11-06 21:29:45,049 : INFO : EventManager : Event: ======'machine_var_master_volume'====== Args={'value': 0.5, 'prev_value': None, 'change': True}
2025-11-06 21:29:45,049 : INFO : EventManager : Event: ======'machine_var_player1_score'====== Args={'value': 208000, 'prev_value': None, 'change': True}
2025-11-06 21:29:45,049 : INFO : EventManager : Event: ======'machine_var_mpf_version'====== Args={'value': 'Mission Pinball Framework v0.80.0.dev10', 'prev_value': None, 'change': True}
2025-11-06 21:29:45,049 : INFO : EventManager : Event: ======'machine_var_mpf_extended_version'====== Args={'value': 'Mission Pinball Framework v0.80.0.dev10, Config version:6, Show version: 6, BCP version:1.1', 'prev_value': None, 'change': True}
2025-11-06 21:29:45,049 : INFO : EventManager : Event: ======'machine_var_python_version'====== Args={'value': '3.13.7', 'prev_value': None, 'change': True}
2025-11-06 21:29:45,055 : INFO : EventManager : Event: ======'machine_var_platform'====== Args={'value': 'macOS-15.6.1-arm64-arm-64bit-Mach-O', 'prev_value': None, 'change': True}
2025-11-06 21:29:45,055 : INFO : EventManager : Event: ======'machine_var_platform_system'====== Args={'value': 'Darwin', 'prev_value': None, 'change': True}
2025-11-06 21:29:45,055 : INFO : EventManager : Event: ======'machine_var_platform_release'====== Args={'value': '24.6.0', 'prev_value': None, 'change': True}
2025-11-06 21:29:45,055 : INFO : EventManager : Event: ======'machine_var_platform_version'====== Args={'value': 'Darwin Kernel Version 24.6.0: Mon Jul 14 11:30:40 PDT 2025; root:xnu-11417.140.69~1/RELEASE_ARM64_T8132', 'prev_value': None, 'change': True}
2025-11-06 21:29:45,055 : INFO : EventManager : Event: ======'machine_var_platform_machine'====== Args={'value': 'arm64', 'prev_value': None, 'change': True}
2025-11-06 21:29:45,055 : INFO : EventManager : Event: ======'machine_var_log_file_path'====== Args={'value': '/Users/didiergilbin/Desktop/Homebrew_CSI/logs/2025-11-06-21-29-44-mpf-mac.home.log', 'prev_value': None, 'change': True}
2025-11-06 21:29:45,055 : INFO : EventManager : Event: ======'init_phase_1'====== Args={}
2025-11-06 21:29:45,060 : INFO : EventManager : Event: ======'init_phase_2'====== Args={}
2025-11-06 21:29:45,060 : INFO : SwitchController : Found active switch: ('2', <Platform.SmartVirtual>) <switch.s_trough1>
2025-11-06 21:29:45,060 : INFO : SwitchController : Found active switch: ('3', <Platform.SmartVirtual>) <switch.s_trough2>
2025-11-06 21:29:45,061 : INFO : SwitchController : Found active switch: ('4', <Platform.SmartVirtual>) <switch.s_trough3>
2025-11-06 21:29:45,061 : INFO : SwitchController : Found active switch: ('5', <Platform.SmartVirtual>) <switch.s_trough4>
2025-11-06 21:29:45,061 : INFO : EventManager : Event: ======'bcp_connection_attempt'====== Args={'name': 'local_display', 'host': 'localhost', 'port': 5050}
2025-11-06 21:29:45,062 : INFO : BCPClientSocket : Connecting BCP to 'local_display' at localhost:5050...
2025-11-06 21:29:45,064 : INFO : BCPClientSocket : Connected BCP to 'local_display' localhost:5050
2025-11-06 21:29:45,064 : INFO : EventManager : Event: ======'bcp_clients_connected'====== Args={}
2025-11-06 21:29:45,064 : INFO : ball_device.bd_drain : BCH: Initial count: 0
2025-11-06 21:29:45,064 : INFO : ball_device.bd_drain : State: idle
2025-11-06 21:29:45,065 : INFO : ball_device.bd_trough : BCH: Initial count: 4
2025-11-06 21:29:45,065 : INFO : ball_device.bd_trough : State: idle
2025-11-06 21:29:45,065 : INFO : ball_device.bd_plunger : BCH: Initial count: 0
2025-11-06 21:29:45,065 : INFO : ball_device.bd_plunger : State: idle
2025-11-06 21:29:45,068 : INFO : EventManager : Event: ======'init_phase_3'====== Args={}
2025-11-06 21:29:45,068 : INFO : EventManager : Event: ======'init_phase_4'====== Args={}
2025-11-06 21:29:45,068 : INFO : BallController : Initial balls found: 4
2025-11-06 21:29:45,069 : INFO : EventManager : Event: ======'machine_var_audits_events_game_ended'====== Args={'value': 52, 'prev_value': None, 'change': True}
2025-11-06 21:29:45,069 : INFO : EventManager : Event: ======'machine_var_audits_events_game_started'====== Args={'value': 399, 'prev_value': None, 'change': True}
2025-11-06 21:29:45,069 : INFO : EventManager : Event: ======'machine_var_audits_missing_switches_s_drain'====== Args={'value': 15, 'prev_value': None, 'change': True}
2025-11-06 21:29:45,069 : INFO : EventManager : Event: ======'machine_var_audits_missing_switches_s_launch_button'====== Args={'value': 46, 'prev_value': None, 'change': True}
2025-11-06 21:29:45,069 : INFO : EventManager : Event: ======'machine_var_audits_missing_switches_s_left_flipper'====== Args={'value': 1, 'prev_value': None, 'change': True}
2025-11-06 21:29:45,069 : INFO : EventManager : Event: ======'machine_var_audits_missing_switches_s_left_outlane'====== Args={'value': 14, 'prev_value': None, 'change': True}
2025-11-06 21:29:45,069 : INFO : EventManager : Event: ======'machine_var_audits_missing_switches_s_popbumper1'====== Args={'value': 7, 'prev_value': None, 'change': True}
2025-11-06 21:29:45,069 : INFO : EventManager : Event: ======'machine_var_audits_missing_switches_s_popbumper2'====== Args={'value': 7, 'prev_value': None, 'change': True}
2025-11-06 21:29:45,069 : INFO : EventManager : Event: ======'machine_var_audits_missing_switches_s_popbumper3'====== Args={'value': 11, 'prev_value': None, 'change': True}
2025-11-06 21:29:45,069 : INFO : EventManager : Event: ======'machine_var_audits_missing_switches_s_right_flipper'====== Args={'value': 4, 'prev_value': None, 'change': True}
2025-11-06 21:29:45,069 : INFO : EventManager : Event: ======'machine_var_audits_missing_switches_s_right_outlane'====== Args={'value': 14, 'prev_value': None, 'change': True}
2025-11-06 21:29:45,069 : INFO : EventManager : Event: ======'machine_var_audits_missing_switches_s_sling_left'====== Args={'value': 399, 'prev_value': None, 'change': True}
2025-11-06 21:29:45,069 : INFO : EventManager : Event: ======'machine_var_audits_missing_switches_s_sling_right'====== Args={'value': 399, 'prev_value': None, 'change': True}
2025-11-06 21:29:45,069 : INFO : EventManager : Event: ======'machine_var_audits_missing_switches_s_trough1'====== Args={'value': 15, 'prev_value': None, 'change': True}
2025-11-06 21:29:45,069 : INFO : EventManager : Event: ======'machine_var_audits_missing_switches_s_trough2'====== Args={'value': 20, 'prev_value': None, 'change': True}
2025-11-06 21:29:45,069 : INFO : EventManager : Event: ======'machine_var_audits_missing_switches_s_trough3'====== Args={'value': 177, 'prev_value': None, 'change': True}
2025-11-06 21:29:45,069 : INFO : EventManager : Event: ======'machine_var_audits_missing_switches_s_trough4'====== Args={'value': 177, 'prev_value': None, 'change': True}
2025-11-06 21:29:45,069 : INFO : EventManager : Event: ======'machine_var_audits_missing_switches_s_trough_jam'====== Args={'value': 113, 'prev_value': None, 'change': True}
2025-11-06 21:29:45,069 : INFO : EventManager : Event: ======'machine_var_audits_player_score'====== Args={'value': {'average': 220948, 'top': [10210000, 1550000, 1070000, 1070000, 810000, 710000, 640000, 570000, 530000, 480000], 'total': 111}, 'prev_value': None, 'change': True}
2025-11-06 21:29:45,069 : INFO : EventManager : Event: ======'machine_var_audits_shots_bumper1'====== Args={'value': 3513, 'prev_value': None, 'change': True}
2025-11-06 21:29:45,069 : INFO : EventManager : Event: ======'machine_var_audits_shots_bumper2'====== Args={'value': 3530, 'prev_value': None, 'change': True}
2025-11-06 21:29:45,069 : INFO : EventManager : Event: ======'machine_var_audits_shots_bumper3'====== Args={'value': 3364, 'prev_value': None, 'change': True}
2025-11-06 21:29:45,069 : INFO : EventManager : Event: ======'machine_var_audits_shots_c_shot'====== Args={'value': 120, 'prev_value': None, 'change': True}
2025-11-06 21:29:45,069 : INFO : EventManager : Event: ======'machine_var_audits_shots_csi_shot'====== Args={'value': 9, 'prev_value': None, 'change': True}
2025-11-06 21:29:45,069 : INFO : EventManager : Event: ======'machine_var_audits_shots_i_shot'====== Args={'value': 98, 'prev_value': None, 'change': True}
2025-11-06 21:29:45,069 : INFO : EventManager : Event: ======'machine_var_audits_shots_s_shot'====== Args={'value': 111, 'prev_value': None, 'change': True}
2025-11-06 21:29:45,069 : INFO : EventManager : Event: ======'machine_var_audits_shots_switch_shot'====== Args={'value': 245, 'prev_value': None, 'change': True}
2025-11-06 21:29:45,069 : INFO : EventManager : Event: ======'machine_var_audits_switches_s_drain'====== Args={'value': 515, 'prev_value': None, 'change': True}
2025-11-06 21:29:45,069 : INFO : EventManager : Event: ======'machine_var_audits_switches_s_launch_button'====== Args={'value': 1, 'prev_value': None, 'change': True}
2025-11-06 21:29:45,069 : INFO : EventManager : Event: ======'machine_var_audits_switches_s_left_flipper'====== Args={'value': 362, 'prev_value': None, 'change': True}
2025-11-06 21:29:45,069 : INFO : EventManager : Event: ======'machine_var_audits_switches_s_left_inlane1'====== Args={'value': 130, 'prev_value': None, 'change': True}
2025-11-06 21:29:45,069 : INFO : EventManager : Event: ======'machine_var_audits_switches_s_left_inlane2'====== Args={'value': 118, 'prev_value': None, 'change': True}
2025-11-06 21:29:45,069 : INFO : EventManager : Event: ======'machine_var_audits_switches_s_left_outlane'====== Args={'value': 1, 'prev_value': None, 'change': True}
2025-11-06 21:29:45,069 : INFO : EventManager : Event: ======'machine_var_audits_switches_s_plunger_lane'====== Args={'value': 761, 'prev_value': None, 'change': True}
2025-11-06 21:29:45,069 : INFO : EventManager : Event: ======'machine_var_audits_switches_s_popbumper1'====== Args={'value': 3557, 'prev_value': None, 'change': True}
2025-11-06 21:29:45,069 : INFO : EventManager : Event: ======'machine_var_audits_switches_s_popbumper2'====== Args={'value': 3571, 'prev_value': None, 'change': True}
2025-11-06 21:29:45,069 : INFO : EventManager : Event: ======'machine_var_audits_switches_s_popbumper3'====== Args={'value': 3406, 'prev_value': None, 'change': True}
2025-11-06 21:29:45,069 : INFO : EventManager : Event: ======'machine_var_audits_switches_s_right_flipper'====== Args={'value': 618, 'prev_value': None, 'change': True}
2025-11-06 21:29:45,069 : INFO : EventManager : Event: ======'machine_var_audits_switches_s_right_inlane'====== Args={'value': 104, 'prev_value': None, 'change': True}
2025-11-06 21:29:45,069 : INFO : EventManager : Event: ======'machine_var_audits_switches_s_right_outlane'====== Args={'value': 5, 'prev_value': None, 'change': True}
2025-11-06 21:29:45,069 : INFO : EventManager : Event: ======'machine_var_audits_switches_s_scoop'====== Args={'value': 378, 'prev_value': None, 'change': True}
2025-11-06 21:29:45,069 : INFO : EventManager : Event: ======'machine_var_audits_switches_s_sling_left'====== Args={'value': 0, 'prev_value': None, 'change': True}
2025-11-06 21:29:45,069 : INFO : EventManager : Event: ======'machine_var_audits_switches_s_sling_right'====== Args={'value': 0, 'prev_value': None, 'change': True}
2025-11-06 21:29:45,069 : INFO : EventManager : Event: ======'machine_var_audits_switches_s_start'====== Args={'value': 652, 'prev_value': None, 'change': True}
2025-11-06 21:29:45,069 : INFO : EventManager : Event: ======'machine_var_audits_switches_s_trough1'====== Args={'value': 363, 'prev_value': None, 'change': True}
2025-11-06 21:29:45,069 : INFO : EventManager : Event: ======'machine_var_audits_switches_s_trough2'====== Args={'value': 16, 'prev_value': None, 'change': True}
2025-11-06 21:29:45,069 : INFO : EventManager : Event: ======'machine_var_audits_switches_s_trough3'====== Args={'value': 1, 'prev_value': None, 'change': True}
2025-11-06 21:29:45,069 : INFO : EventManager : Event: ======'machine_var_audits_switches_s_trough4'====== Args={'value': 1, 'prev_value': None, 'change': True}
2025-11-06 21:29:45,069 : INFO : EventManager : Event: ======'machine_var_audits_switches_s_trough_jam'====== Args={'value': 8, 'prev_value': None, 'change': True}
2025-11-06 21:29:45,069 : INFO : EventManager : Event: ======'init_phase_5'====== Args={}
2025-11-06 21:29:45,070 : INFO : EventManager : Event: ======'init_done'====== Args={}
2025-11-06 21:29:45,070 : INFO : EventManager : Event: ======'machine_reset_phase_1'====== Args={}
2025-11-06 21:29:45,077 : INFO : EventManager : Event: ======'machine_reset_phase_2'====== Args={}
2025-11-06 21:29:45,077 : INFO : EventManager : Event: ======'machine_reset_phase_3'====== Args={}
2025-11-06 21:29:45,078 : INFO : EventManager : Event: ======'reset_complete'====== Args={}
2025-11-06 21:29:45,078 : INFO : EventManager : Event: ======'mode_attract_will_start'====== Args={}
2025-11-06 21:29:45,078 : INFO : Timer.attract_carousel_timer : Starting Timer.
2025-11-06 21:29:45,078 : INFO : EventManager : Event: ======'timer_attract_carousel_timer_started'====== Args={'ticks': 0, 'ticks_remaining': 1}
2025-11-06 21:29:45,079 : INFO : EventManager : Event: ======'timer_attract_carousel_timer_tick'====== Args={'ticks': 0, 'ticks_remaining': 1}
2025-11-06 21:29:45,079 : INFO : EventManager : Event: ======'mode_attract_starting'====== Args={}
2025-11-06 21:29:45,079 : INFO : Mode.attract : Started. Priority: 10
2025-11-06 21:29:45,079 : INFO : EventManager : Event: ======'modes_active_modes_changed'====== Args={}
2025-11-06 21:29:45,079 : INFO : EventManager : Event: ======'mode_attract_started'====== Args={}
2025-11-06 21:29:45,079 : INFO : EventManager : Event: ======'collecting_balls_complete'====== Args={}
2025-11-06 21:29:45,079 : INFO : EventManager : Event: ======'carousel_item_highlighted'====== Args={'carousel': 'attract', 'direction': None, 'item': 'title'}
2025-11-06 21:29:45,079 : INFO : Machine : Starting the main run loop with active modes: [<Mode.attract>]
2025-11-06 21:29:45,179 : INFO : BcpServer : New client connected.
2025-11-06 21:29:45,465 : INFO : EventManager : Event: ======'slide_attract_created'====== Args={'_from_bcp': True}
2025-11-06 21:29:45,466 : INFO : EventManager : Event: ======'slide__removed'====== Args={'_from_bcp': True}
2025-11-06 21:29:45,466 : INFO : EventManager : Event: ======'slide_attract_active'====== Args={'original_context': 'attract', 'original_calling_context': 'mode_attract_started', 'priority': 10.0, 'cmd': 'slides_play', '_from_bcp': True}
2025-11-06 21:29:50,079 : INFO : Timer.attract_carousel_timer : Timer Complete
2025-11-06 21:29:50,080 : INFO : Timer.attract_carousel_timer : Stopping Timer
2025-11-06 21:29:50,080 : INFO : EventManager : Event: ======'timer_attract_carousel_timer_stopped'====== Args={'ticks': 1, 'ticks_remaining': 1}
2025-11-06 21:29:50,081 : INFO : EventManager : Event: ======'timer_attract_carousel_timer_complete'====== Args={'ticks': 1, 'ticks_remaining': 1}
2025-11-06 21:29:50,082 : INFO : EventManager : Event: ======'carousel_item_highlighted'====== Args={'carousel': 'attract', 'direction': 'forwards', 'item': 'credits'}
2025-11-06 21:29:52,294 : INFO : SwitchController : <<<<<<< 's_start' active >>>>>>>
2025-11-06 21:29:52,411 : INFO : SwitchController : <<<<<<< 's_start' inactive >>>>>>>
2025-11-06 21:29:52,411 : INFO : EventManager : Event: ======'request_to_start_game'====== Args={}
2025-11-06 21:29:52,412 : INFO : EventManager : Event: ======'game_start'====== Args={'buttons': [], 'hold_time': 0.1166812910232693}
2025-11-06 21:29:52,413 : INFO : EventManager : Event: ======'mode_game_will_start'====== Args={'buttons': [], 'hold_time': 0.1166812910232693}
2025-11-06 21:29:52,414 : INFO : EventManager : Event: ======'mode_game_starting'====== Args={'buttons': [], 'hold_time': 0.1166812910232693}
2025-11-06 21:29:52,414 : INFO : EventManager : Event: ======'mode_attract_will_stop'====== Args={}
2025-11-06 21:29:52,415 : INFO : EventManager : Event: ======'mode_attract_stopping'====== Args={}
2025-11-06 21:29:52,415 : INFO : Mode.attract : Stopped.
2025-11-06 21:29:52,415 : INFO : EventManager : Event: ======'modes_active_modes_changed'====== Args={}
2025-11-06 21:29:52,416 : INFO : EventManager : Event: ======'mode_attract_stopped'====== Args={}
2025-11-06 21:29:52,416 : INFO : EventManager : Event: ======'clear'====== Args={'key': 'attract'}
2025-11-06 21:29:52,417 : INFO : Timer.attract_carousel_timer : Stopping Timer
2025-11-06 21:29:52,417 : INFO : EventManager : Event: ======'timer_attract_carousel_timer_stopped'====== Args={'ticks': 1, 'ticks_remaining': 1}
2025-11-06 21:29:52,417 : INFO : Mode.game : Started. Priority: 20
2025-11-06 21:29:52,418 : INFO : EventManager : Event: ======'modes_active_modes_changed'====== Args={}
2025-11-06 21:29:52,418 : INFO : EventManager : Event: ======'mode_game_started'====== Args={'buttons': [], 'hold_time': 0.1166812910232693}
2025-11-06 21:29:52,419 : INFO : EventManager : Event: ======'game_will_start'====== Args={}
2025-11-06 21:29:52,419 : INFO : EventManager : Event: ======'game_starting'====== Args={'game': <Mode.game>}
2025-11-06 21:29:52,420 : INFO : EventManager : Unordered handler for class <Auditor> on event game_ended with priority 1. Handlers: [RegisteredHandler(callback=<bound method Auditor.disable of <Auditor>>, priority=1, kwargs={}, key=UUID('0ae9da3d-d045-424a-834a-a0d4e28cc187'), condition=None, blocking_facility=None), RegisteredHandler(callback=<bound method Auditor._save_audits of <Auditor>>, priority=1, kwargs={}, key=UUID('33364436-0e05-4ea8-a97d-b84642a1e9fa'), condition=None, blocking_facility=None)]. The order of those handlers is not defined and they will be executed in random order. This might lead to race conditions and potential bugs.
2025-11-06 21:29:52,420 : INFO : EventManager : Event: ======'player_add_request'====== Args={}
2025-11-06 21:29:52,421 : INFO : EventManager : Event: ======'player_will_add'====== Args={'number': 1}
2025-11-06 21:29:52,421 : INFO : EventManager : Event: ======'player_adding'====== Args={'player': <Player 1>, 'number': 1}
2025-11-06 21:29:52,421 : INFO : EventManager : Event: ======'player_added'====== Args={'player': <Player 1>, 'num': 1}
2025-11-06 21:29:52,422 : INFO : Mode.game : Player added successfully. Total players: 1
2025-11-06 21:29:52,422 : INFO : EventManager : Event: ======'player_index'====== Args={'value': 0, 'prev_value': 0, 'change': 0, 'player_num': 1}
2025-11-06 21:29:52,422 : INFO : EventManager : Event: ======'player_number'====== Args={'value': 1, 'prev_value': 1, 'change': 0, 'player_num': 1}
2025-11-06 21:29:52,422 : INFO : EventManager : Event: ======'player_multiplier'====== Args={'value': 1, 'prev_value': 1, 'change': 0, 'player_num': 1}
2025-11-06 21:29:52,423 : INFO : EventManager : Event: ======'player_score'====== Args={'value': 0, 'prev_value': 0, 'change': 0, 'player_num': 1}
2025-11-06 21:29:52,423 : INFO : EventManager : Event: ======'game_started'====== Args={}
2025-11-06 21:29:52,423 : INFO : EventManager : Event: ======'player_turn_will_start'====== Args={'player': <Player 1>, 'number': 1}
2025-11-06 21:29:52,424 : INFO : EventManager : Event: ======'player_turn_starting'====== Args={'player': <Player 1>, 'number': 1}
2025-11-06 21:29:52,431 : INFO : EventManager : Event: ======'player_ball'====== Args={'value': 1, 'prev_value': 0, 'change': 1, 'player_num': 1}
2025-11-06 21:29:52,432 : INFO : EventManager : Event: ======'player_turn_started'====== Args={'player': <Player 1>, 'number': 1}
2025-11-06 21:29:52,432 : INFO : EventManager : Event: ======'ball_will_start'====== Args={'player': 1, 'ball': 1, 'balls_remaining': 2, 'is_extra_ball': False}
2025-11-06 21:29:52,433 : INFO : EventManager : Event: ======'ball_starting'====== Args={'player': 1, 'ball': 1, 'balls_remaining': 2, 'is_extra_ball': False}
2025-11-06 21:29:52,433 : INFO : EventManager : Event: ======'mode_base_will_start'====== Args={'queue': <QueuedEvent>, 'player': 1, 'ball': 1, 'balls_remaining': 2, 'is_extra_ball': False}
2025-11-06 21:29:52,433 : INFO : EventManager : Event: ======'player_base_player_added_timer_tick'====== Args={'value': 0, 'prev_value': 0, 'change': 0, 'player_num': 1}
2025-11-06 21:29:52,434 : INFO : Timer.player_added_timer : Starting Timer.
2025-11-06 21:29:52,434 : INFO : EventManager : Event: ======'timer_player_added_timer_started'====== Args={'ticks': 0, 'ticks_remaining': 1}
2025-11-06 21:29:52,434 : INFO : EventManager : Event: ======'timer_player_added_timer_tick'====== Args={'ticks': 0, 'ticks_remaining': 1}
2025-11-06 21:29:52,435 : INFO : EventManager : Event: ======'mode_base_starting'====== Args={'queue': <QueuedEvent>, 'player': 1, 'ball': 1, 'balls_remaining': 2, 'is_extra_ball': False}
2025-11-06 21:29:52,435 : INFO : Mode.base : Started. Priority: 100
2025-11-06 21:29:52,435 : INFO : EventManager : Event: ======'modes_active_modes_changed'====== Args={}
2025-11-06 21:29:52,435 : INFO : EventManager : Event: ======'mode_base_started'====== Args={'queue': <QueuedEvent>, 'player': 1, 'ball': 1, 'balls_remaining': 2, 'is_extra_ball': False}
2025-11-06 21:29:52,435 : INFO : EventManager : Event: ======'start_mode_bumpers'====== Args={'priority': 0}
2025-11-06 21:29:52,436 : INFO : EventManager : Event: ======'start_mode_csi_lanes'====== Args={'priority': 0}
2025-11-06 21:29:52,436 : INFO : EventManager : Event: ======'mode_bumpers_will_start'====== Args={'priority': 0}
2025-11-06 21:29:52,436 : INFO : EventManager : Event: ======'player_shot_bumper1_enabled'====== Args={'value': True, 'prev_value': 0, 'change': 1, 'player_num': 1}
2025-11-06 21:29:52,437 : INFO : EventManager : Event: ======'player_shot_bumper2_enabled'====== Args={'value': True, 'prev_value': 0, 'change': 1, 'player_num': 1}
2025-11-06 21:29:52,437 : INFO : EventManager : Event: ======'player_shot_bumper3_enabled'====== Args={'value': True, 'prev_value': 0, 'change': 1, 'player_num': 1}
2025-11-06 21:29:52,437 : INFO : EventManager : Event: ======'bumpers_complete'====== Args={'state': 'unlit'}
2025-11-06 21:29:52,437 : INFO : EventManager : Event: ======'bumpers_unlit_complete'====== Args={}
2025-11-06 21:29:52,438 : INFO : EventManager : Event: ======'mode_bumpers_starting'====== Args={'priority': 0}
2025-11-06 21:29:52,439 : INFO : EventManager : Event: ======'mode_csi_lanes_will_start'====== Args={'priority': 0}
2025-11-06 21:29:52,439 : INFO : EventManager : Event: ======'player_shot_c_shot_enabled'====== Args={'value': True, 'prev_value': 0, 'change': 1, 'player_num': 1}
2025-11-06 21:29:52,439 : INFO : EventManager : Event: ======'player_shot_s_shot_enabled'====== Args={'value': True, 'prev_value': 0, 'change': 1, 'player_num': 1}
2025-11-06 21:29:52,440 : INFO : EventManager : Event: ======'player_shot_i_shot_enabled'====== Args={'value': True, 'prev_value': 0, 'change': 1, 'player_num': 1}
2025-11-06 21:29:52,440 : INFO : EventManager : Event: ======'csi_shots_complete'====== Args={'state': 'unlit'}
2025-11-06 21:29:52,440 : INFO : EventManager : Event: ======'csi_shots_unlit_complete'====== Args={}
2025-11-06 21:29:52,441 : INFO : EventManager : Event: ======'player_csi_lanes_csi_lanes_timer_tick'====== Args={'value': 0, 'prev_value': 0, 'change': 0, 'player_num': 1}
2025-11-06 21:29:52,441 : INFO : Timer.csi_lanes_timer : Starting Timer.
2025-11-06 21:29:52,441 : INFO : EventManager : Event: ======'timer_csi_lanes_timer_started'====== Args={'ticks': 0, 'ticks_remaining': 1}
2025-11-06 21:29:52,441 : INFO : EventManager : Event: ======'timer_csi_lanes_timer_tick'====== Args={'ticks': 0, 'ticks_remaining': 1}
2025-11-06 21:29:52,442 : INFO : EventManager : Event: ======'mode_csi_lanes_starting'====== Args={'priority': 0}
2025-11-06 21:29:52,442 : INFO : Mode.bumpers : Started. Priority: 200
2025-11-06 21:29:52,442 : INFO : EventManager : Event: ======'modes_active_modes_changed'====== Args={}
2025-11-06 21:29:52,443 : INFO : EventManager : Event: ======'mode_bumpers_started'====== Args={'priority': 0}
2025-11-06 21:29:52,443 : INFO : EventManager : Event: ======'balls_in_play'====== Args={'balls': 1}
2025-11-06 21:29:52,443 : INFO : EventManager : Event: ======'ball_started'====== Args={'player': 1, 'ball': 1, 'balls_remaining': 2, 'is_extra_ball': False}
2025-11-06 21:29:52,444 : INFO : EventManager : Event: ======'logicblock_csi_lanes_then_scoop_updated'====== Args={'value': 0, 'enabled': True}
2025-11-06 21:29:52,444 : INFO : EventManager : Event: ======'logicblock_csi_lanes_then_scoop_updated'====== Args={'value': 0, 'enabled': True}
2025-11-06 21:29:52,444 : INFO : Mode.csi_lanes : Started. Priority: 200
2025-11-06 21:29:52,444 : INFO : EventManager : Event: ======'modes_active_modes_changed'====== Args={}
2025-11-06 21:29:52,444 : INFO : EventManager : Event: ======'mode_csi_lanes_started'====== Args={'priority': 0}
2025-11-06 21:29:52,444 : INFO : EventManager : Event: ======'single_player_ball_started'====== Args={}
2025-11-06 21:29:52,445 : INFO : EventManager : Event: ======'ball_start_target'====== Args={'target': 'playfield'}
2025-11-06 21:29:52,445 : INFO : ball_device.bd_trough : Setting up player-controlled eject. Balls: 1, Target: <playfield.playfield>, player_controlled_eject_event: None
2025-11-06 21:29:52,445 : INFO : ball_device.bd_trough : Adding 1 ball(s) to the eject_queue with target <playfield.playfield>.
2025-11-06 21:29:52,445 : INFO : EventManager : Event: ======'balldevice_balls_available'====== Args={}
2025-11-06 21:29:52,445 : INFO : ball_device.bd_trough : State: waiting_for_target_ready
2025-11-06 21:29:52,446 : INFO : EventManager : Event: ======'balldevice_bd_trough_ball_eject_attempt'====== Args={'balls': 1, 'target': <ball_device.bd_plunger>, 'source': <ball_device.bd_trough>, 'mechanical_eject': False, 'num_attempts': 0}
2025-11-06 21:29:52,446 : INFO : ball_device.bd_plunger : State: waiting_for_ball
2025-11-06 21:29:52,446 : INFO : ball_device.bd_trough : State: ejecting
2025-11-06 21:29:52,446 : INFO : ball_device.bd_trough : Ejecting ball to <ball_device.bd_plunger>
2025-11-06 21:29:52,446 : INFO : EventManager : Event: ======'balldevice_bd_trough_ejecting_ball'====== Args={'balls': 1, 'target': <ball_device.bd_plunger>, 'source': <ball_device.bd_trough>, 'mechanical_eject': False, 'num_attempts': 0}
2025-11-06 21:29:52,446 : INFO : ball_device.bd_trough : Wait for ball to leave device
2025-11-06 21:29:52,447 : INFO : coil.c_trough_eject : Pulsing Driver for 20ms (1.0 pulse_power)
2025-11-06 21:29:52,447 : INFO : SwitchController : <<<<<<< 's_trough1' inactive >>>>>>>
2025-11-06 21:29:52,447 : INFO : ball_device.bd_trough : State: ball_left
2025-11-06 21:29:52,447 : INFO : ball_device.bd_trough : Ball left
2025-11-06 21:29:52,447 : INFO : ball_device.bd_trough : Wait for confirm with timeout 3.0
2025-11-06 21:29:52,548 : INFO : SwitchController : <<<<<<< 's_plunger_lane' active >>>>>>>
2025-11-06 21:29:52,548 : INFO : EventManager : Event: ======'machine_var_audits_switches_s_plunger_lane'====== Args={'value': 762, 'prev_value': 761, 'change': 1}
2025-11-06 21:29:52,612 : INFO : EventManager : Event: ======'slide_base_slide_created'====== Args={'_from_bcp': True}
2025-11-06 21:29:52,612 : INFO : EventManager : Event: ======'slide_attract_inactive'====== Args={'is_removing': True, '_from_bcp': True}
2025-11-06 21:29:52,612 : INFO : EventManager : Event: ======'slide_base_slide_active'====== Args={'original_context': 'base', 'original_calling_context': 'mode_base_started', 'priority': 100.0, 'queue': '<QueuedEvent>', 'player': 1.0, 'ball': 1.0, 'balls_remaining': 2.0, 'is_extra_ball': False, 'cmd': 'slides_play', '_from_bcp': True}
2025-11-06 21:29:52,613 : INFO : EventManager : Event: ======'slide_attract_removed'====== Args={'_from_bcp': True}
2025-11-06 21:29:53,049 : INFO : ball_device.bd_plunger : Received ball from <ball_device.bd_trough>
2025-11-06 21:29:53,050 : INFO : EventManager : Event: ======'balldevice_bd_plunger_ball_enter'====== Args={'new_balls': 1, 'unclaimed_balls': 0, 'new_available_balls': 0, 'device': <ball_device.bd_plunger>}
2025-11-06 21:29:53,051 : INFO : EventManager : Event: ======'balldevice_bd_plunger_ball_entered'====== Args={'new_balls': 0, 'device': <ball_device.bd_plunger>}
2025-11-06 21:29:53,052 : INFO : EventManager : Event: ======'balldevice_bd_plunger_ball_count_changed'====== Args={'balls': 1}
2025-11-06 21:29:53,052 : INFO : ball_device.bd_trough : Got eject confirm
2025-11-06 21:29:53,052 : INFO : ball_device.bd_trough : Eject successful
2025-11-06 21:29:53,052 : INFO : EventManager : Event: ======'balldevice_bd_trough_ball_eject_success'====== Args={'balls': 1, 'target': <ball_device.bd_plunger>}
2025-11-06 21:29:53,053 : INFO : EventManager : Event: ======'balldevice_bd_trough_ball_count_changed'====== Args={'balls': 3}
2025-11-06 21:29:53,053 : INFO : ball_device.bd_trough : State: idle
2025-11-06 21:29:53,054 : INFO : ball_device.bd_plunger : State: waiting_for_target_ready
2025-11-06 21:29:53,054 : INFO : EventManager : Event: ======'balldevice_bd_plunger_ball_eject_attempt'====== Args={'balls': 1, 'target': <playfield.playfield>, 'source': <ball_device.bd_plunger>, 'mechanical_eject': False, 'num_attempts': 0}
2025-11-06 21:29:53,055 : INFO : ball_device.bd_plunger : State: ejecting
2025-11-06 21:29:53,055 : INFO : ball_device.bd_plunger : Ejecting ball to <playfield.playfield>
2025-11-06 21:29:53,055 : INFO : EventManager : Event: ======'balldevice_bd_plunger_ejecting_ball'====== Args={'balls': 1, 'target': <playfield.playfield>, 'source': <ball_device.bd_plunger>, 'mechanical_eject': False, 'num_attempts': 0}
2025-11-06 21:29:53,057 : INFO : ball_device.bd_plunger : Wait for ball to leave device
2025-11-06 21:29:53,057 : INFO : coil.c_plunger : Pulsing Driver for 20ms (1.0 pulse_power)
2025-11-06 21:29:53,057 : INFO : SwitchController : <<<<<<< 's_plunger_lane' inactive >>>>>>>
2025-11-06 21:29:53,058 : INFO : ball_device.bd_plunger : State: ball_left
2025-11-06 21:29:53,058 : INFO : ball_device.bd_plunger : Ball left
2025-11-06 21:29:53,058 : INFO : ball_device.bd_plunger : Wait for confirm with timeout 3.0
2025-11-06 21:29:53,135 : INFO : EventManager : Event: ======'player_base_player_added_timer_tick'====== Args={'value': 1, 'prev_value': 0, 'change': 1, 'player_num': 1}
2025-11-06 21:29:53,135 : INFO : Timer.player_added_timer : Timer Complete
2025-11-06 21:29:53,135 : INFO : Timer.player_added_timer : Stopping Timer
2025-11-06 21:29:53,135 : INFO : EventManager : Event: ======'timer_player_added_timer_stopped'====== Args={'ticks': 1, 'ticks_remaining': 1}
2025-11-06 21:29:53,135 : INFO : EventManager : Event: ======'timer_player_added_timer_complete'====== Args={'ticks': 1, 'ticks_remaining': 1}
2025-11-06 21:29:53,142 : INFO : EventManager : Event: ======'player_csi_lanes_csi_lanes_timer_tick'====== Args={'value': 1, 'prev_value': 0, 'change': 1, 'player_num': 1}
2025-11-06 21:29:53,142 : INFO : Timer.csi_lanes_timer : Timer Complete
2025-11-06 21:29:53,142 : INFO : Timer.csi_lanes_timer : Stopping Timer
2025-11-06 21:29:53,142 : INFO : EventManager : Event: ======'timer_csi_lanes_timer_stopped'====== Args={'ticks': 1, 'ticks_remaining': 1}
2025-11-06 21:29:53,142 : INFO : EventManager : Event: ======'timer_csi_lanes_timer_complete'====== Args={'ticks': 1, 'ticks_remaining': 1}
2025-11-06 21:29:56,059 : INFO : ball_device.bd_plunger : State: failed_confirm
2025-11-06 21:29:56,060 : INFO : ball_device.bd_plunger : Got timeout (3.0s) before confirm from <playfield.playfield>
2025-11-06 21:29:56,161 : INFO : ball_device.bd_plunger : Confirming eject because target is playfield and ball did not return.
2025-11-06 21:29:56,161 : INFO : ball_device.bd_plunger : Eject successful
2025-11-06 21:29:56,161 : INFO : EventManager : Event: ======'balldevice_bd_plunger_ball_eject_success'====== Args={'balls': 1, 'target': <playfield.playfield>}
2025-11-06 21:29:56,162 : INFO : EventManager : Event: ======'balldevice_playfield_ball_enter'====== Args={'new_balls': 1, 'unclaimed_balls': 1, 'device': <playfield.playfield>}
2025-11-06 21:29:56,163 : INFO : EventManager : Event: ======'playfield_ball_count_change'====== Args={'balls': 1, 'change': 1}
2025-11-06 21:29:56,163 : INFO : EventManager : Event: ======'balldevice_bd_plunger_ball_count_changed'====== Args={'balls': 0}
2025-11-06 21:29:56,164 : INFO : ball_device.bd_plunger : State: idle
2025-11-06 21:30:36,147 : INFO : SwitchController : <<<<<<< 's_left_inlane1' active >>>>>>>
2025-11-06 21:30:36,148 : INFO : EventManager : Event: ======'s_left_inlane1_active'====== Args={}
2025-11-06 21:30:36,148 : INFO : EventManager : Event: ======'sw_playfield_active'====== Args={}
2025-11-06 21:30:36,148 : INFO : EventManager : Event: ======'machine_var_audits_switches_s_left_inlane1'====== Args={'value': 131, 'prev_value': 130, 'change': 1}
2025-11-06 21:30:36,149 : INFO : EventManager : Event: ======'player_shot_c_shot'====== Args={'value': 1, 'prev_value': 0, 'change': 1, 'player_num': 1}
2025-11-06 21:30:36,155 : INFO : EventManager : Event: ======'machine_var_audits_shots_c_shot'====== Args={'value': 121, 'prev_value': 120, 'change': 1}
2025-11-06 21:30:36,156 : INFO : EventManager : Event: ======'c_shot_hit'====== Args={'profile': 'csi_shot_profile', 'state': 'unlit', 'advancing': True}
2025-11-06 21:30:36,156 : INFO : EventManager : Event: ======'c_shot_csi_shot_profile_hit'====== Args={'profile': 'csi_shot_profile', 'state': 'unlit', 'advancing': True}
2025-11-06 21:30:36,156 : INFO : EventManager : Event: ======'c_shot_csi_shot_profile_unlit_hit'====== Args={'profile': 'csi_shot_profile', 'state': 'unlit', 'advancing': True}
2025-11-06 21:30:36,156 : INFO : EventManager : Event: ======'c_shot_unlit_hit'====== Args={'profile': 'csi_shot_profile', 'state': 'unlit', 'advancing': True}
2025-11-06 21:30:36,156 : INFO : EventManager : Event: ======'csi_shots_hit'====== Args={'shot': 'c_shot'}
2025-11-06 21:30:36,157 : INFO : EventManager : Event: ======'csi_shots_unlit_hit'====== Args={'shot': 'c_shot'}
2025-11-06 21:30:36,157 : INFO : EventManager : Event: ======'player_score'====== Args={'value': 1000, 'prev_value': 0, 'change': 1000, 'player_num': 1, 'source': 'csi_lanes'}
2025-11-06 21:30:36,297 : INFO : SwitchController : <<<<<<< 's_left_inlane1' inactive >>>>>>>
2025-11-06 21:30:37,114 : INFO : SwitchController : <<<<<<< 's_left_inlane2' active >>>>>>>
2025-11-06 21:30:37,115 : INFO : EventManager : Event: ======'s_left_inlane2_active'====== Args={}
2025-11-06 21:30:37,115 : INFO : EventManager : Event: ======'sw_playfield_active'====== Args={}
2025-11-06 21:30:37,115 : INFO : EventManager : Event: ======'machine_var_audits_switches_s_left_inlane2'====== Args={'value': 119, 'prev_value': 118, 'change': 1}
2025-11-06 21:30:37,116 : INFO : EventManager : Event: ======'player_shot_s_shot'====== Args={'value': 1, 'prev_value': 0, 'change': 1, 'player_num': 1}
2025-11-06 21:30:37,117 : INFO : EventManager : Event: ======'machine_var_audits_shots_s_shot'====== Args={'value': 112, 'prev_value': 111, 'change': 1}
2025-11-06 21:30:37,117 : INFO : EventManager : Event: ======'s_shot_hit'====== Args={'profile': 'csi_shot_profile', 'state': 'unlit', 'advancing': True}
2025-11-06 21:30:37,117 : INFO : EventManager : Event: ======'s_shot_csi_shot_profile_hit'====== Args={'profile': 'csi_shot_profile', 'state': 'unlit', 'advancing': True}
2025-11-06 21:30:37,117 : INFO : EventManager : Event: ======'s_shot_csi_shot_profile_unlit_hit'====== Args={'profile': 'csi_shot_profile', 'state': 'unlit', 'advancing': True}
2025-11-06 21:30:37,117 : INFO : EventManager : Event: ======'s_shot_unlit_hit'====== Args={'profile': 'csi_shot_profile', 'state': 'unlit', 'advancing': True}
2025-11-06 21:30:37,118 : INFO : EventManager : Event: ======'csi_shots_hit'====== Args={'shot': 's_shot'}
2025-11-06 21:30:37,118 : INFO : EventManager : Event: ======'csi_shots_unlit_hit'====== Args={'shot': 's_shot'}
2025-11-06 21:30:37,118 : INFO : EventManager : Event: ======'player_score'====== Args={'value': 2000, 'prev_value': 1000, 'change': 1000, 'player_num': 1, 'source': 'csi_lanes'}
2025-11-06 21:30:37,230 : INFO : SwitchController : <<<<<<< 's_left_inlane2' inactive >>>>>>>
2025-11-06 21:30:38,717 : INFO : SwitchController : <<<<<<< 's_right_inlane' active >>>>>>>
2025-11-06 21:30:38,717 : INFO : EventManager : Event: ======'s_right_inlane_active'====== Args={}
2025-11-06 21:30:38,717 : INFO : EventManager : Event: ======'sw_playfield_active'====== Args={}
2025-11-06 21:30:38,718 : INFO : EventManager : Event: ======'machine_var_audits_switches_s_right_inlane'====== Args={'value': 105, 'prev_value': 104, 'change': 1}
2025-11-06 21:30:38,718 : INFO : EventManager : Event: ======'player_shot_i_shot'====== Args={'value': 1, 'prev_value': 0, 'change': 1, 'player_num': 1}
2025-11-06 21:30:38,724 : INFO : EventManager : Event: ======'machine_var_audits_shots_i_shot'====== Args={'value': 99, 'prev_value': 98, 'change': 1}
2025-11-06 21:30:38,725 : INFO : EventManager : Event: ======'i_shot_hit'====== Args={'profile': 'csi_shot_profile', 'state': 'unlit', 'advancing': True}
2025-11-06 21:30:38,725 : INFO : EventManager : Event: ======'i_shot_csi_shot_profile_hit'====== Args={'profile': 'csi_shot_profile', 'state': 'unlit', 'advancing': True}
2025-11-06 21:30:38,725 : INFO : EventManager : Event: ======'i_shot_csi_shot_profile_unlit_hit'====== Args={'profile': 'csi_shot_profile', 'state': 'unlit', 'advancing': True}
2025-11-06 21:30:38,726 : INFO : EventManager : Event: ======'i_shot_unlit_hit'====== Args={'profile': 'csi_shot_profile', 'state': 'unlit', 'advancing': True}
2025-11-06 21:30:38,726 : INFO : EventManager : Event: ======'csi_shots_complete'====== Args={'state': 'lit'}
2025-11-06 21:30:38,726 : INFO : EventManager : Event: ======'csi_shots_lit_complete'====== Args={}
2025-11-06 21:30:38,727 : INFO : EventManager : Event: ======'player_score'====== Args={'value': 102000, 'prev_value': 2000, 'change': 100000, 'player_num': 1, 'source': 'csi_lanes'}
2025-11-06 21:30:38,727 : INFO : EventManager : Event: ======'player_multiplier'====== Args={'value': 2, 'prev_value': 1, 'change': 1, 'player_num': 1, 'source': 'csi_lanes'}
2025-11-06 21:30:38,728 : INFO : EventManager : Event: ======'logicblock_csi_lanes_then_scoop_updated'====== Args={'value': 1, 'enabled': True}
2025-11-06 21:30:38,728 : INFO : EventManager : Event: ======'logicblock_csi_lanes_then_scoop_hit'====== Args={'step': 1}
2025-11-06 21:30:38,728 : INFO : EventManager : Event: ======'csi_shots_hit'====== Args={'shot': 'i_shot'}
2025-11-06 21:30:38,728 : INFO : EventManager : Event: ======'csi_shots_unlit_hit'====== Args={'shot': 'i_shot'}
2025-11-06 21:30:38,728 : INFO : EventManager : Event: ======'player_score'====== Args={'value': 103000, 'prev_value': 102000, 'change': 1000, 'player_num': 1, 'source': 'csi_lanes'}
2025-11-06 21:30:38,846 : INFO : SwitchController : <<<<<<< 's_right_inlane' inactive >>>>>>>
2025-11-06 21:30:39,734 : INFO : EventManager : Event: ======'player_shot_c_shot'====== Args={'value': 0, 'prev_value': 1, 'change': -1, 'player_num': 1}
2025-11-06 21:30:39,736 : INFO : EventManager : Event: ======'player_shot_s_shot'====== Args={'value': 0, 'prev_value': 1, 'change': -1, 'player_num': 1}
2025-11-06 21:30:39,736 : INFO : EventManager : Event: ======'player_shot_i_shot'====== Args={'value': 0, 'prev_value': 1, 'change': -1, 'player_num': 1}
2025-11-06 21:30:39,737 : INFO : EventManager : Event: ======'csi_shots_complete'====== Args={'state': 'unlit'}
2025-11-06 21:30:39,737 : INFO : EventManager : Event: ======'csi_shots_unlit_complete'====== Args={}
2025-11-06 21:30:43,847 : INFO : SwitchController : <<<<<<< 's_scoop' active >>>>>>>
2025-11-06 21:30:43,847 : INFO : EventManager : Event: ======'s_scoop_active'====== Args={}
2025-11-06 21:30:43,848 : INFO : EventManager : Event: ======'machine_var_audits_switches_s_scoop'====== Args={'value': 379, 'prev_value': 378, 'change': 1}
2025-11-06 21:30:43,849 : INFO : EventManager : Event: ======'logicblock_csi_lanes_then_scoop_updated'====== Args={'value': 2, 'enabled': True}
2025-11-06 21:30:43,849 : INFO : EventManager : Event: ======'logicblock_csi_lanes_then_scoop_hit'====== Args={'step': 2}
2025-11-06 21:30:43,855 : INFO : EventManager : Event: ======'csi_scoop_done'====== Args={}
2025-11-06 21:30:43,855 : INFO : EventManager : Event: ======'logicblock_csi_lanes_then_scoop_updated'====== Args={'value': 0, 'enabled': True}
2025-11-06 21:30:43,855 : INFO : EventManager : Event: ======'player_multiplier'====== Args={'value': 3, 'prev_value': 2, 'change': 1, 'player_num': 1, 'source': 'csi_lanes'}
2025-11-06 21:30:43,856 : INFO : EventManager : Event: ======'player_csi_lanes_csi_lanes_timer_tick'====== Args={'value': 0, 'prev_value': 1, 'change': -1, 'player_num': 1}
2025-11-06 21:30:43,856 : INFO : Timer.csi_lanes_timer : Starting Timer.
2025-11-06 21:30:43,856 : INFO : EventManager : Event: ======'timer_csi_lanes_timer_started'====== Args={'ticks': 0, 'ticks_remaining': 1}
2025-11-06 21:30:43,856 : INFO : EventManager : Event: ======'timer_csi_lanes_timer_tick'====== Args={'ticks': 0, 'ticks_remaining': 1}
2025-11-06 21:30:43,887 : INFO : EventManager : Event: ======'widget_csi_lanes_widget_active'====== Args={'original_context': 'csi_lanes', 'original_calling_context': 'csi_scoop_done', 'priority': 200.0, 'cmd': 'widgets_play', '_from_bcp': True}
2025-11-06 21:30:44,012 : INFO : SwitchController : <<<<<<< 's_scoop' inactive >>>>>>>
2025-11-06 21:30:44,557 : INFO : EventManager : Event: ======'player_csi_lanes_csi_lanes_timer_tick'====== Args={'value': 1, 'prev_value': 0, 'change': 1, 'player_num': 1}
2025-11-06 21:30:44,558 : INFO : Timer.csi_lanes_timer : Timer Complete
2025-11-06 21:30:44,559 : INFO : Timer.csi_lanes_timer : Stopping Timer
2025-11-06 21:30:44,559 : INFO : EventManager : Event: ======'timer_csi_lanes_timer_stopped'====== Args={'ticks': 1, 'ticks_remaining': 1}
2025-11-06 21:30:44,559 : INFO : EventManager : Event: ======'timer_csi_lanes_timer_complete'====== Args={'ticks': 1, 'ticks_remaining': 1}
2025-11-06 21:30:44,577 : INFO : EventManager : Event: ======'widget_csi_lanes_widget_removed'====== Args={'_from_bcp': True}
2025-11-06 21:30:49,030 : INFO : SwitchController : <<<<<<< 's_left_inlane1' active >>>>>>>
2025-11-06 21:30:49,031 : INFO : EventManager : Event: ======'s_left_inlane1_active'====== Args={}
2025-11-06 21:30:49,031 : INFO : EventManager : Event: ======'sw_playfield_active'====== Args={}
2025-11-06 21:30:49,031 : INFO : EventManager : Event: ======'machine_var_audits_switches_s_left_inlane1'====== Args={'value': 132, 'prev_value': 131, 'change': 1}
2025-11-06 21:30:49,032 : INFO : EventManager : Event: ======'player_shot_c_shot'====== Args={'value': 1, 'prev_value': 0, 'change': 1, 'player_num': 1}
2025-11-06 21:30:49,038 : INFO : EventManager : Event: ======'machine_var_audits_shots_c_shot'====== Args={'value': 122, 'prev_value': 121, 'change': 1}
2025-11-06 21:30:49,038 : INFO : EventManager : Event: ======'c_shot_hit'====== Args={'profile': 'csi_shot_profile', 'state': 'unlit', 'advancing': True}
2025-11-06 21:30:49,038 : INFO : EventManager : Event: ======'c_shot_csi_shot_profile_hit'====== Args={'profile': 'csi_shot_profile', 'state': 'unlit', 'advancing': True}
2025-11-06 21:30:49,039 : INFO : EventManager : Event: ======'c_shot_csi_shot_profile_unlit_hit'====== Args={'profile': 'csi_shot_profile', 'state': 'unlit', 'advancing': True}
2025-11-06 21:30:49,039 : INFO : EventManager : Event: ======'c_shot_unlit_hit'====== Args={'profile': 'csi_shot_profile', 'state': 'unlit', 'advancing': True}
2025-11-06 21:30:49,039 : INFO : EventManager : Event: ======'csi_shots_hit'====== Args={'shot': 'c_shot'}
2025-11-06 21:30:49,039 : INFO : EventManager : Event: ======'csi_shots_unlit_hit'====== Args={'shot': 'c_shot'}
2025-11-06 21:30:49,039 : INFO : EventManager : Event: ======'player_score'====== Args={'value': 104000, 'prev_value': 103000, 'change': 1000, 'player_num': 1, 'source': 'csi_lanes'}
2025-11-06 21:30:49,163 : INFO : SwitchController : <<<<<<< 's_left_inlane1' inactive >>>>>>>
2025-11-06 21:30:49,948 : INFO : SwitchController : <<<<<<< 's_left_inlane2' active >>>>>>>
2025-11-06 21:30:49,948 : INFO : EventManager : Event: ======'s_left_inlane2_active'====== Args={}
2025-11-06 21:30:49,948 : INFO : EventManager : Event: ======'sw_playfield_active'====== Args={}
2025-11-06 21:30:49,948 : INFO : EventManager : Event: ======'machine_var_audits_switches_s_left_inlane2'====== Args={'value': 120, 'prev_value': 119, 'change': 1}
2025-11-06 21:30:49,949 : INFO : EventManager : Event: ======'player_shot_s_shot'====== Args={'value': 1, 'prev_value': 0, 'change': 1, 'player_num': 1}
2025-11-06 21:30:49,950 : INFO : EventManager : Event: ======'machine_var_audits_shots_s_shot'====== Args={'value': 113, 'prev_value': 112, 'change': 1}
2025-11-06 21:30:49,950 : INFO : EventManager : Event: ======'s_shot_hit'====== Args={'profile': 'csi_shot_profile', 'state': 'unlit', 'advancing': True}
2025-11-06 21:30:49,950 : INFO : EventManager : Event: ======'s_shot_csi_shot_profile_hit'====== Args={'profile': 'csi_shot_profile', 'state': 'unlit', 'advancing': True}
2025-11-06 21:30:49,950 : INFO : EventManager : Event: ======'s_shot_csi_shot_profile_unlit_hit'====== Args={'profile': 'csi_shot_profile', 'state': 'unlit', 'advancing': True}
2025-11-06 21:30:49,950 : INFO : EventManager : Event: ======'s_shot_unlit_hit'====== Args={'profile': 'csi_shot_profile', 'state': 'unlit', 'advancing': True}
2025-11-06 21:30:49,951 : INFO : EventManager : Event: ======'csi_shots_hit'====== Args={'shot': 's_shot'}
2025-11-06 21:30:49,951 : INFO : EventManager : Event: ======'csi_shots_unlit_hit'====== Args={'shot': 's_shot'}
2025-11-06 21:30:49,951 : INFO : EventManager : Event: ======'player_score'====== Args={'value': 105000, 'prev_value': 104000, 'change': 1000, 'player_num': 1, 'source': 'csi_lanes'}
2025-11-06 21:30:50,045 : INFO : SwitchController : <<<<<<< 's_left_inlane2' inactive >>>>>>>
2025-11-06 21:30:53,298 : INFO : SwitchController : <<<<<<< 's_scoop' active >>>>>>>
2025-11-06 21:30:53,298 : INFO : EventManager : Event: ======'s_scoop_active'====== Args={}
2025-11-06 21:30:53,298 : INFO : EventManager : Event: ======'machine_var_audits_switches_s_scoop'====== Args={'value': 380, 'prev_value': 379, 'change': 1}
2025-11-06 21:30:53,429 : INFO : SwitchController : <<<<<<< 's_scoop' inactive >>>>>>>
2025-11-06 21:30:58,198 : INFO : SwitchController : <<<<<<< 's_right_flipper' active >>>>>>>
2025-11-06 21:30:58,198 : INFO : EventManager : Event: ======'s_right_flipper_active'====== Args={}
2025-11-06 21:30:58,199 : INFO : EventManager : Event: ======'machine_var_audits_switches_s_right_flipper'====== Args={'value': 619, 'prev_value': 618, 'change': 1}
2025-11-06 21:30:58,199 : INFO : EventManager : Event: ======'player_shot_c_shot'====== Args={'value': 0, 'prev_value': 1, 'change': -1, 'player_num': 1}
2025-11-06 21:30:58,206 : INFO : EventManager : Event: ======'player_shot_i_shot'====== Args={'value': 1, 'prev_value': 0, 'change': 1, 'player_num': 1}
2025-11-06 21:30:58,347 : INFO : SwitchController : <<<<<<< 's_right_flipper' inactive >>>>>>>
2025-11-06 21:30:59,031 : INFO : SwitchController : <<<<<<< 's_right_flipper' active >>>>>>>
2025-11-06 21:30:59,031 : INFO : EventManager : Event: ======'s_right_flipper_active'====== Args={}
2025-11-06 21:30:59,032 : INFO : EventManager : Event: ======'machine_var_audits_switches_s_right_flipper'====== Args={'value': 620, 'prev_value': 619, 'change': 1}
2025-11-06 21:30:59,032 : INFO : EventManager : Event: ======'player_shot_c_shot'====== Args={'value': 1, 'prev_value': 0, 'change': 1, 'player_num': 1}
2025-11-06 21:30:59,033 : INFO : EventManager : Event: ======'player_shot_s_shot'====== Args={'value': 0, 'prev_value': 1, 'change': -1, 'player_num': 1}
2025-11-06 21:30:59,217 : INFO : SwitchController : <<<<<<< 's_right_flipper' inactive >>>>>>>
2025-11-06 21:31:03,181 : INFO : SwitchController : <<<<<<< 's_left_inlane2' active >>>>>>>
2025-11-06 21:31:03,181 : INFO : EventManager : Event: ======'s_left_inlane2_active'====== Args={}
2025-11-06 21:31:03,182 : INFO : EventManager : Event: ======'sw_playfield_active'====== Args={}
2025-11-06 21:31:03,182 : INFO : EventManager : Event: ======'machine_var_audits_switches_s_left_inlane2'====== Args={'value': 121, 'prev_value': 120, 'change': 1}
2025-11-06 21:31:03,183 : INFO : EventManager : Event: ======'player_shot_s_shot'====== Args={'value': 1, 'prev_value': 0, 'change': 1, 'player_num': 1}
2025-11-06 21:31:03,189 : INFO : EventManager : Event: ======'machine_var_audits_shots_s_shot'====== Args={'value': 114, 'prev_value': 113, 'change': 1}
2025-11-06 21:31:03,189 : INFO : EventManager : Event: ======'s_shot_hit'====== Args={'profile': 'csi_shot_profile', 'state': 'unlit', 'advancing': True}
2025-11-06 21:31:03,189 : INFO : EventManager : Event: ======'s_shot_csi_shot_profile_hit'====== Args={'profile': 'csi_shot_profile', 'state': 'unlit', 'advancing': True}
2025-11-06 21:31:03,189 : INFO : EventManager : Event: ======'s_shot_csi_shot_profile_unlit_hit'====== Args={'profile': 'csi_shot_profile', 'state': 'unlit', 'advancing': True}
2025-11-06 21:31:03,190 : INFO : EventManager : Event: ======'s_shot_unlit_hit'====== Args={'profile': 'csi_shot_profile', 'state': 'unlit', 'advancing': True}
2025-11-06 21:31:03,190 : INFO : EventManager : Event: ======'csi_shots_complete'====== Args={'state': 'lit'}
2025-11-06 21:31:03,190 : INFO : EventManager : Event: ======'csi_shots_lit_complete'====== Args={}
2025-11-06 21:31:03,190 : INFO : EventManager : Event: ======'player_score'====== Args={'value': 205000, 'prev_value': 105000, 'change': 100000, 'player_num': 1, 'source': 'csi_lanes'}
2025-11-06 21:31:03,191 : INFO : EventManager : Event: ======'player_multiplier'====== Args={'value': 4, 'prev_value': 3, 'change': 1, 'player_num': 1, 'source': 'csi_lanes'}
2025-11-06 21:31:03,191 : INFO : EventManager : Event: ======'logicblock_csi_lanes_then_scoop_updated'====== Args={'value': 1, 'enabled': True}
2025-11-06 21:31:03,191 : INFO : EventManager : Event: ======'logicblock_csi_lanes_then_scoop_hit'====== Args={'step': 1}
2025-11-06 21:31:03,191 : INFO : EventManager : Event: ======'csi_shots_hit'====== Args={'shot': 's_shot'}
2025-11-06 21:31:03,191 : INFO : EventManager : Event: ======'csi_shots_unlit_hit'====== Args={'shot': 's_shot'}
2025-11-06 21:31:03,192 : INFO : EventManager : Event: ======'player_score'====== Args={'value': 206000, 'prev_value': 205000, 'change': 1000, 'player_num': 1, 'source': 'csi_lanes'}
2025-11-06 21:31:03,280 : INFO : SwitchController : <<<<<<< 's_left_inlane2' inactive >>>>>>>
2025-11-06 21:31:04,192 : INFO : EventManager : Event: ======'player_shot_c_shot'====== Args={'value': 0, 'prev_value': 1, 'change': -1, 'player_num': 1}
2025-11-06 21:31:04,194 : INFO : EventManager : Event: ======'player_shot_s_shot'====== Args={'value': 0, 'prev_value': 1, 'change': -1, 'player_num': 1}
2025-11-06 21:31:04,195 : INFO : EventManager : Event: ======'player_shot_i_shot'====== Args={'value': 0, 'prev_value': 1, 'change': -1, 'player_num': 1}
2025-11-06 21:31:04,196 : INFO : EventManager : Event: ======'csi_shots_complete'====== Args={'state': 'unlit'}
2025-11-06 21:31:04,196 : INFO : EventManager : Event: ======'csi_shots_unlit_complete'====== Args={}
2025-11-06 21:31:07,380 : INFO : SwitchController : <<<<<<< 's_popbumper2' active >>>>>>>
2025-11-06 21:31:07,380 : INFO : EventManager : Event: ======'s_popbumper2_active'====== Args={}
2025-11-06 21:31:07,381 : INFO : EventManager : Event: ======'machine_var_audits_switches_s_popbumper2'====== Args={'value': 3572, 'prev_value': 3571, 'change': 1}
2025-11-06 21:31:07,381 : INFO : EventManager : Event: ======'player_shot_bumper2'====== Args={'value': 1, 'prev_value': 0, 'change': 1, 'player_num': 1}
2025-11-06 21:31:07,382 : INFO : EventManager : Event: ======'machine_var_audits_shots_bumper2'====== Args={'value': 3531, 'prev_value': 3530, 'change': 1}
2025-11-06 21:31:07,387 : INFO : EventManager : Event: ======'bumper2_hit'====== Args={'profile': 'default', 'state': 'unlit', 'advancing': True}
2025-11-06 21:31:07,388 : INFO : EventManager : Event: ======'bumper2_default_hit'====== Args={'profile': 'default', 'state': 'unlit', 'advancing': True}
2025-11-06 21:31:07,388 : INFO : EventManager : Event: ======'bumper2_default_unlit_hit'====== Args={'profile': 'default', 'state': 'unlit', 'advancing': True}
2025-11-06 21:31:07,388 : INFO : EventManager : Event: ======'bumper2_unlit_hit'====== Args={'profile': 'default', 'state': 'unlit', 'advancing': True}
2025-11-06 21:31:07,388 : INFO : EventManager : Event: ======'bumpers_hit'====== Args={'shot': 'bumper2'}
2025-11-06 21:31:07,389 : INFO : EventManager : Event: ======'bumpers_unlit_hit'====== Args={'shot': 'bumper2'}
2025-11-06 21:31:07,389 : INFO : EventManager : Event: ======'player_score'====== Args={'value': 246000, 'prev_value': 206000, 'change': 40000, 'player_num': 1, 'source': 'bumpers'}
2025-11-06 21:31:07,596 : INFO : SwitchController : <<<<<<< 's_popbumper2' inactive >>>>>>>
2025-11-06 21:31:08,796 : INFO : SwitchController : <<<<<<< 's_popbumper1' active >>>>>>>
2025-11-06 21:31:08,797 : INFO : EventManager : Event: ======'s_popbumper1_active'====== Args={}
2025-11-06 21:31:08,797 : INFO : EventManager : Event: ======'machine_var_audits_switches_s_popbumper1'====== Args={'value': 3558, 'prev_value': 3557, 'change': 1}
2025-11-06 21:31:08,797 : INFO : EventManager : Event: ======'player_shot_bumper1'====== Args={'value': 1, 'prev_value': 0, 'change': 1, 'player_num': 1}
2025-11-06 21:31:08,798 : INFO : EventManager : Event: ======'machine_var_audits_shots_bumper1'====== Args={'value': 3514, 'prev_value': 3513, 'change': 1}
2025-11-06 21:31:08,798 : INFO : EventManager : Event: ======'bumper1_hit'====== Args={'profile': 'default', 'state': 'unlit', 'advancing': True}
2025-11-06 21:31:08,798 : INFO : EventManager : Event: ======'bumper1_default_hit'====== Args={'profile': 'default', 'state': 'unlit', 'advancing': True}
2025-11-06 21:31:08,799 : INFO : EventManager : Event: ======'bumper1_default_unlit_hit'====== Args={'profile': 'default', 'state': 'unlit', 'advancing': True}
2025-11-06 21:31:08,799 : INFO : EventManager : Event: ======'bumper1_unlit_hit'====== Args={'profile': 'default', 'state': 'unlit', 'advancing': True}
2025-11-06 21:31:08,799 : INFO : EventManager : Event: ======'bumpers_hit'====== Args={'shot': 'bumper1'}
2025-11-06 21:31:08,799 : INFO : EventManager : Event: ======'bumpers_unlit_hit'====== Args={'shot': 'bumper1'}
2025-11-06 21:31:08,799 : INFO : EventManager : Event: ======'player_score'====== Args={'value': 286000, 'prev_value': 246000, 'change': 40000, 'player_num': 1, 'source': 'bumpers'}
2025-11-06 21:31:08,980 : INFO : SwitchController : <<<<<<< 's_popbumper1' inactive >>>>>>>
2025-11-06 21:31:11,698 : INFO : SwitchController : <<<<<<< 's_left_inlane1' active >>>>>>>
2025-11-06 21:31:11,698 : INFO : EventManager : Event: ======'s_left_inlane1_active'====== Args={}
2025-11-06 21:31:11,698 : INFO : EventManager : Event: ======'sw_playfield_active'====== Args={}
2025-11-06 21:31:11,698 : INFO : EventManager : Event: ======'machine_var_audits_switches_s_left_inlane1'====== Args={'value': 133, 'prev_value': 132, 'change': 1}
2025-11-06 21:31:11,699 : INFO : EventManager : Event: ======'player_shot_c_shot'====== Args={'value': 1, 'prev_value': 0, 'change': 1, 'player_num': 1}
2025-11-06 21:31:11,705 : INFO : EventManager : Event: ======'machine_var_audits_shots_c_shot'====== Args={'value': 123, 'prev_value': 122, 'change': 1}
2025-11-06 21:31:11,705 : INFO : EventManager : Event: ======'c_shot_hit'====== Args={'profile': 'csi_shot_profile', 'state': 'unlit', 'advancing': True}
2025-11-06 21:31:11,705 : INFO : EventManager : Event: ======'c_shot_csi_shot_profile_hit'====== Args={'profile': 'csi_shot_profile', 'state': 'unlit', 'advancing': True}
2025-11-06 21:31:11,706 : INFO : EventManager : Event: ======'c_shot_csi_shot_profile_unlit_hit'====== Args={'profile': 'csi_shot_profile', 'state': 'unlit', 'advancing': True}
2025-11-06 21:31:11,706 : INFO : EventManager : Event: ======'c_shot_unlit_hit'====== Args={'profile': 'csi_shot_profile', 'state': 'unlit', 'advancing': True}
2025-11-06 21:31:11,706 : INFO : EventManager : Event: ======'csi_shots_hit'====== Args={'shot': 'c_shot'}
2025-11-06 21:31:11,706 : INFO : EventManager : Event: ======'csi_shots_unlit_hit'====== Args={'shot': 'c_shot'}
2025-11-06 21:31:11,706 : INFO : EventManager : Event: ======'player_score'====== Args={'value': 287000, 'prev_value': 286000, 'change': 1000, 'player_num': 1, 'source': 'csi_lanes'}
2025-11-06 21:31:11,812 : INFO : SwitchController : <<<<<<< 's_left_inlane1' inactive >>>>>>>
2025-11-06 21:31:12,897 : INFO : SwitchController : <<<<<<< 's_left_inlane2' active >>>>>>>
2025-11-06 21:31:12,898 : INFO : EventManager : Event: ======'s_left_inlane2_active'====== Args={}
2025-11-06 21:31:12,898 : INFO : EventManager : Event: ======'sw_playfield_active'====== Args={}
2025-11-06 21:31:12,898 : INFO : EventManager : Event: ======'machine_var_audits_switches_s_left_inlane2'====== Args={'value': 122, 'prev_value': 121, 'change': 1}
2025-11-06 21:31:12,899 : INFO : EventManager : Event: ======'player_shot_s_shot'====== Args={'value': 1, 'prev_value': 0, 'change': 1, 'player_num': 1}
2025-11-06 21:31:12,899 : INFO : EventManager : Event: ======'machine_var_audits_shots_s_shot'====== Args={'value': 115, 'prev_value': 114, 'change': 1}
2025-11-06 21:31:12,900 : INFO : EventManager : Event: ======'s_shot_hit'====== Args={'profile': 'csi_shot_profile', 'state': 'unlit', 'advancing': True}
2025-11-06 21:31:12,900 : INFO : EventManager : Event: ======'s_shot_csi_shot_profile_hit'====== Args={'profile': 'csi_shot_profile', 'state': 'unlit', 'advancing': True}
2025-11-06 21:31:12,900 : INFO : EventManager : Event: ======'s_shot_csi_shot_profile_unlit_hit'====== Args={'profile': 'csi_shot_profile', 'state': 'unlit', 'advancing': True}
2025-11-06 21:31:12,900 : INFO : EventManager : Event: ======'s_shot_unlit_hit'====== Args={'profile': 'csi_shot_profile', 'state': 'unlit', 'advancing': True}
2025-11-06 21:31:12,900 : INFO : EventManager : Event: ======'csi_shots_hit'====== Args={'shot': 's_shot'}
2025-11-06 21:31:12,901 : INFO : EventManager : Event: ======'csi_shots_unlit_hit'====== Args={'shot': 's_shot'}
2025-11-06 21:31:12,901 : INFO : EventManager : Event: ======'player_score'====== Args={'value': 288000, 'prev_value': 287000, 'change': 1000, 'player_num': 1, 'source': 'csi_lanes'}
2025-11-06 21:31:13,014 : INFO : SwitchController : <<<<<<< 's_left_inlane2' inactive >>>>>>>
2025-11-06 21:31:16,570 : INFO : SwitchController : <<<<<<< 's_scoop' active >>>>>>>
2025-11-06 21:31:16,570 : INFO : EventManager : Event: ======'s_scoop_active'====== Args={}
2025-11-06 21:31:16,570 : INFO : EventManager : Event: ======'machine_var_audits_switches_s_scoop'====== Args={'value': 381, 'prev_value': 380, 'change': 1}
2025-11-06 21:31:16,571 : INFO : EventManager : Event: ======'logicblock_csi_lanes_then_scoop_updated'====== Args={'value': 2, 'enabled': True}
2025-11-06 21:31:16,577 : INFO : EventManager : Event: ======'logicblock_csi_lanes_then_scoop_hit'====== Args={'step': 2}
2025-11-06 21:31:16,578 : INFO : EventManager : Event: ======'csi_scoop_done'====== Args={}
2025-11-06 21:31:16,579 : INFO : EventManager : Event: ======'logicblock_csi_lanes_then_scoop_updated'====== Args={'value': 0, 'enabled': True}
2025-11-06 21:31:16,579 : INFO : EventManager : Event: ======'player_multiplier'====== Args={'value': 5, 'prev_value': 4, 'change': 1, 'player_num': 1, 'source': 'csi_lanes'}
2025-11-06 21:31:16,580 : INFO : EventManager : Event: ======'player_csi_lanes_csi_lanes_timer_tick'====== Args={'value': 0, 'prev_value': 1, 'change': -1, 'player_num': 1}
2025-11-06 21:31:16,580 : INFO : Timer.csi_lanes_timer : Starting Timer.
2025-11-06 21:31:16,580 : INFO : EventManager : Event: ======'timer_csi_lanes_timer_started'====== Args={'ticks': 0, 'ticks_remaining': 1}
2025-11-06 21:31:16,580 : INFO : EventManager : Event: ======'timer_csi_lanes_timer_tick'====== Args={'ticks': 0, 'ticks_remaining': 1}
2025-11-06 21:31:16,594 : INFO : EventManager : Event: ======'widget_csi_lanes_widget_active'====== Args={'original_context': 'csi_lanes', 'original_calling_context': 'csi_scoop_done', 'priority': 200.0, 'cmd': 'widgets_play', '_from_bcp': True}
2025-11-06 21:31:16,697 : INFO : SwitchController : <<<<<<< 's_scoop' inactive >>>>>>>
2025-11-06 21:31:17,281 : INFO : EventManager : Event: ======'player_csi_lanes_csi_lanes_timer_tick'====== Args={'value': 1, 'prev_value': 0, 'change': 1, 'player_num': 1}
2025-11-06 21:31:17,282 : INFO : Timer.csi_lanes_timer : Timer Complete
2025-11-06 21:31:17,282 : INFO : Timer.csi_lanes_timer : Stopping Timer
2025-11-06 21:31:17,283 : INFO : EventManager : Event: ======'timer_csi_lanes_timer_stopped'====== Args={'ticks': 1, 'ticks_remaining': 1}
2025-11-06 21:31:17,283 : INFO : EventManager : Event: ======'timer_csi_lanes_timer_complete'====== Args={'ticks': 1, 'ticks_remaining': 1}
2025-11-06 21:31:17,327 : INFO : EventManager : Event: ======'widget_csi_lanes_widget_removed'====== Args={'_from_bcp': True}
2025-11-06 21:31:22,197 : INFO : SwitchController : <<<<<<< 's_right_inlane' active >>>>>>>
2025-11-06 21:31:22,197 : INFO : EventManager : Event: ======'s_right_inlane_active'====== Args={}
2025-11-06 21:31:22,198 : INFO : EventManager : Event: ======'sw_playfield_active'====== Args={}
2025-11-06 21:31:22,198 : INFO : EventManager : Event: ======'machine_var_audits_switches_s_right_inlane'====== Args={'value': 106, 'prev_value': 105, 'change': 1}
2025-11-06 21:31:22,199 : INFO : EventManager : Event: ======'player_shot_i_shot'====== Args={'value': 1, 'prev_value': 0, 'change': 1, 'player_num': 1}
2025-11-06 21:31:22,200 : INFO : EventManager : Event: ======'machine_var_audits_shots_i_shot'====== Args={'value': 100, 'prev_value': 99, 'change': 1}
2025-11-06 21:31:22,205 : INFO : EventManager : Event: ======'i_shot_hit'====== Args={'profile': 'csi_shot_profile', 'state': 'unlit', 'advancing': True}
2025-11-06 21:31:22,205 : INFO : EventManager : Event: ======'i_shot_csi_shot_profile_hit'====== Args={'profile': 'csi_shot_profile', 'state': 'unlit', 'advancing': True}
2025-11-06 21:31:22,206 : INFO : EventManager : Event: ======'i_shot_csi_shot_profile_unlit_hit'====== Args={'profile': 'csi_shot_profile', 'state': 'unlit', 'advancing': True}
2025-11-06 21:31:22,206 : INFO : EventManager : Event: ======'i_shot_unlit_hit'====== Args={'profile': 'csi_shot_profile', 'state': 'unlit', 'advancing': True}
2025-11-06 21:31:22,206 : INFO : EventManager : Event: ======'csi_shots_complete'====== Args={'state': 'lit'}
2025-11-06 21:31:22,206 : INFO : EventManager : Event: ======'csi_shots_lit_complete'====== Args={}
2025-11-06 21:31:22,207 : INFO : EventManager : Event: ======'player_score'====== Args={'value': 388000, 'prev_value': 288000, 'change': 100000, 'player_num': 1, 'source': 'csi_lanes'}
2025-11-06 21:31:22,207 : INFO : EventManager : Event: ======'player_multiplier'====== Args={'value': 6, 'prev_value': 5, 'change': 1, 'player_num': 1, 'source': 'csi_lanes'}
2025-11-06 21:31:22,207 : INFO : EventManager : Event: ======'logicblock_csi_lanes_then_scoop_updated'====== Args={'value': 1, 'enabled': True}
2025-11-06 21:31:22,208 : INFO : EventManager : Event: ======'logicblock_csi_lanes_then_scoop_hit'====== Args={'step': 1}
2025-11-06 21:31:22,208 : INFO : EventManager : Event: ======'csi_shots_hit'====== Args={'shot': 'i_shot'}
2025-11-06 21:31:22,208 : INFO : EventManager : Event: ======'csi_shots_unlit_hit'====== Args={'shot': 'i_shot'}
2025-11-06 21:31:22,208 : INFO : EventManager : Event: ======'player_score'====== Args={'value': 389000, 'prev_value': 388000, 'change': 1000, 'player_num': 1, 'source': 'csi_lanes'}
2025-11-06 21:31:22,298 : INFO : SwitchController : <<<<<<< 's_right_inlane' inactive >>>>>>>
2025-11-06 21:31:23,208 : INFO : EventManager : Event: ======'player_shot_c_shot'====== Args={'value': 0, 'prev_value': 1, 'change': -1, 'player_num': 1}
2025-11-06 21:31:23,215 : INFO : EventManager : Event: ======'player_shot_s_shot'====== Args={'value': 0, 'prev_value': 1, 'change': -1, 'player_num': 1}
2025-11-06 21:31:23,217 : INFO : EventManager : Event: ======'player_shot_i_shot'====== Args={'value': 0, 'prev_value': 1, 'change': -1, 'player_num': 1}
2025-11-06 21:31:23,217 : INFO : EventManager : Event: ======'csi_shots_complete'====== Args={'state': 'unlit'}
2025-11-06 21:31:23,217 : INFO : EventManager : Event: ======'csi_shots_unlit_complete'====== Args={}
2025-11-06 21:31:29,181 : INFO : SwitchController : <<<<<<< 's_scoop' active >>>>>>>
2025-11-06 21:31:29,181 : INFO : EventManager : Event: ======'s_scoop_active'====== Args={}
2025-11-06 21:31:29,182 : INFO : EventManager : Event: ======'machine_var_audits_switches_s_scoop'====== Args={'value': 382, 'prev_value': 381, 'change': 1}
2025-11-06 21:31:29,182 : INFO : EventManager : Event: ======'logicblock_csi_lanes_then_scoop_updated'====== Args={'value': 2, 'enabled': True}
2025-11-06 21:31:29,183 : INFO : EventManager : Event: ======'logicblock_csi_lanes_then_scoop_hit'====== Args={'step': 2}
2025-11-06 21:31:29,188 : INFO : EventManager : Event: ======'csi_scoop_done'====== Args={}
2025-11-06 21:31:29,188 : INFO : EventManager : Event: ======'logicblock_csi_lanes_then_scoop_updated'====== Args={'value': 0, 'enabled': True}
2025-11-06 21:31:29,189 : INFO : EventManager : Event: ======'player_multiplier'====== Args={'value': 7, 'prev_value': 6, 'change': 1, 'player_num': 1, 'source': 'csi_lanes'}
2025-11-06 21:31:29,189 : INFO : EventManager : Event: ======'player_csi_lanes_csi_lanes_timer_tick'====== Args={'value': 0, 'prev_value': 1, 'change': -1, 'player_num': 1}
2025-11-06 21:31:29,189 : INFO : Timer.csi_lanes_timer : Starting Timer.
2025-11-06 21:31:29,190 : INFO : EventManager : Event: ======'timer_csi_lanes_timer_started'====== Args={'ticks': 0, 'ticks_remaining': 1}
2025-11-06 21:31:29,190 : INFO : EventManager : Event: ======'timer_csi_lanes_timer_tick'====== Args={'ticks': 0, 'ticks_remaining': 1}
2025-11-06 21:31:29,195 : INFO : EventManager : Event: ======'widget_csi_lanes_widget_active'====== Args={'original_context': 'csi_lanes', 'original_calling_context': 'csi_scoop_done', 'priority': 200.0, 'cmd': 'widgets_play', '_from_bcp': True}
2025-11-06 21:31:29,296 : INFO : SwitchController : <<<<<<< 's_scoop' inactive >>>>>>>
2025-11-06 21:31:29,891 : INFO : EventManager : Event: ======'player_csi_lanes_csi_lanes_timer_tick'====== Args={'value': 1, 'prev_value': 0, 'change': 1, 'player_num': 1}
2025-11-06 21:31:29,891 : INFO : Timer.csi_lanes_timer : Timer Complete
2025-11-06 21:31:29,891 : INFO : Timer.csi_lanes_timer : Stopping Timer
2025-11-06 21:31:29,892 : INFO : EventManager : Event: ======'timer_csi_lanes_timer_stopped'====== Args={'ticks': 1, 'ticks_remaining': 1}
2025-11-06 21:31:29,892 : INFO : EventManager : Event: ======'timer_csi_lanes_timer_complete'====== Args={'ticks': 1, 'ticks_remaining': 1}
2025-11-06 21:31:29,909 : INFO : EventManager : Event: ======'widget_csi_lanes_widget_removed'====== Args={'_from_bcp': True}
2025-11-06 21:39:49,018 : INFO : Machine : Shutting down...
2025-11-06 21:39:49,018 : INFO : EventManager : Event: ======'shutdown'====== Args={}
2025-11-06 21:39:49,020 : INFO : EventManager : Event: ======'mode_game_will_stop'====== Args={}
2025-11-06 21:39:49,020 : INFO : EventManager : Event: ======'mode_game_stopping'====== Args={}
2025-11-06 21:39:49,020 : INFO : EventManager : Event: ======'mode_csi_lanes_will_stop'====== Args={}
2025-11-06 21:39:49,020 : INFO : EventManager : Event: ======'mode_csi_lanes_stopping'====== Args={}
2025-11-06 21:39:49,020 : INFO : EventManager : Event: ======'mode_base_will_stop'====== Args={}
2025-11-06 21:39:49,021 : INFO : EventManager : Event: ======'mode_base_stopping'====== Args={}
2025-11-06 21:39:49,021 : INFO : EventManager : Event: ======'mode_bumpers_will_stop'====== Args={}
2025-11-06 21:39:49,021 : INFO : EventManager : Event: ======'mode_bumpers_stopping'====== Args={}
2025-11-06 21:39:49,021 : INFO : EventManager : Event: ======'stop_mode_bumpers'====== Args={'priority': 0}
2025-11-06 21:39:49,021 : INFO : EventManager : Event: ======'stop_mode_csi_lanes'====== Args={'priority': 0}
2025-11-06 21:39:49,021 : INFO : Mode.bumpers : Stopped.
2025-11-06 21:39:49,021 : INFO : EventManager : Event: ======'modes_active_modes_changed'====== Args={}
2025-11-06 21:39:49,021 : INFO : EventManager : Event: ======'mode_bumpers_stopped'====== Args={}
2025-11-06 21:39:49,021 : INFO : EventManager : Event: ======'clear'====== Args={'key': 'bumpers'}
2025-11-06 21:39:49,022 : INFO : Mode.base : Stopped.
2025-11-06 21:39:49,022 : INFO : EventManager : Event: ======'modes_active_modes_changed'====== Args={}
2025-11-06 21:39:49,022 : INFO : EventManager : Event: ======'mode_base_stopped'====== Args={}
2025-11-06 21:39:49,022 : INFO : EventManager : Event: ======'clear'====== Args={'key': 'base'}
2025-11-06 21:39:49,022 : INFO : Timer.player_added_timer : Stopping Timer
2025-11-06 21:39:49,022 : INFO : EventManager : Event: ======'timer_player_added_timer_stopped'====== Args={'ticks': 1, 'ticks_remaining': 1}
2025-11-06 21:39:49,022 : INFO : Mode.csi_lanes : Stopped.
2025-11-06 21:39:49,022 : INFO : EventManager : Event: ======'modes_active_modes_changed'====== Args={}
2025-11-06 21:39:49,022 : INFO : EventManager : Event: ======'mode_csi_lanes_stopped'====== Args={}
2025-11-06 21:39:49,022 : INFO : EventManager : Event: ======'clear'====== Args={'key': 'csi_lanes'}
2025-11-06 21:39:49,022 : INFO : Timer.csi_lanes_timer : Stopping Timer
2025-11-06 21:39:49,022 : INFO : EventManager : Event: ======'timer_csi_lanes_timer_stopped'====== Args={'ticks': 1, 'ticks_remaining': 1}
2025-11-06 21:39:49,023 : INFO : Mode.game : Stopped.
2025-11-06 21:39:49,023 : INFO : EventManager : Event: ======'modes_active_modes_changed'====== Args={}
2025-11-06 21:39:49,024 : INFO : EventManager : Event: ======'mode_game_stopped'====== Args={}
2025-11-06 21:39:49,024 : INFO : EventManager : Event: ======'clear'====== Args={'key': 'game'}
2025-11-06 21:39:49,029 : INFO : root : MPF run loop ended.
