2025-11-07 00:48:12,834 : INFO : root : Loading config.
2025-11-07 00:48:12,835 : INFO : YamlMultifileConfigLoader : Machine config file #1: config.yaml
2025-11-07 00:48:12,836 : INFO : ConfigProcessor : Loading config from cache: /var/folders/m3/0d4y64_n3fn8tnkv3ydlhztw0000gn/T/5ca32a6c950d03116abbed96ca44d372.mpf_cache
2025-11-07 00:48:12,859 : INFO : ConfigProcessor : Loading config from cache: /var/folders/m3/0d4y64_n3fn8tnkv3ydlhztw0000gn/T/01c495fa7450a81b4be96cb699872531.mpf_cache
2025-11-07 00:48:12,859 : INFO : ConfigProcessor : Loading config from cache: /var/folders/m3/0d4y64_n3fn8tnkv3ydlhztw0000gn/T/bfde29b5bb803376b0637bb8f0da27a7.mpf_cache
2025-11-07 00:48:12,860 : INFO : ConfigProcessor : Loading config from cache: /var/folders/m3/0d4y64_n3fn8tnkv3ydlhztw0000gn/T/01c495fa7450a81b4be96cb699872531.mpf_cache
2025-11-07 00:48:12,860 : INFO : ConfigProcessor : Loading config from cache: /var/folders/m3/0d4y64_n3fn8tnkv3ydlhztw0000gn/T/3ae89e09515ff8d8b11d68f672b2cc51.mpf_cache
2025-11-07 00:48:12,860 : INFO : ConfigProcessor : Loading config from cache: /var/folders/m3/0d4y64_n3fn8tnkv3ydlhztw0000gn/T/4c420229fa75118c2461cfc9ff5a44e2.mpf_cache
2025-11-07 00:48:12,860 : INFO : ConfigProcessor : Loading config from cache: /var/folders/m3/0d4y64_n3fn8tnkv3ydlhztw0000gn/T/f5ee6852f1764324c8553249cc53c871.mpf_cache
2025-11-07 00:48:12,860 : WARNING : ConfigProcessor : Config file in cache changed: /Users/didiergilbin/Desktop/Homebrew_CSI/modes/skull/config/skull.yaml
2025-11-07 00:48:12,860 : INFO : ConfigProcessor : Loading config from file /Users/didiergilbin/Desktop/Homebrew_CSI/modes/skull/config/skull.yaml.
2025-11-07 00:48:12,861 : INFO : ConfigProcessor : Loading config: /Users/didiergilbin/Desktop/Homebrew_CSI/modes/skull/config/skull.yaml
2025-11-07 00:48:12,862 : INFO : ConfigProcessor : Config file cache created: /var/folders/m3/0d4y64_n3fn8tnkv3ydlhztw0000gn/T/73ac54cb7a83dfa5473900e439743a84.mpf_cache
2025-11-07 00:48:12,862 : INFO : ConfigProcessor : Loading config from cache: /var/folders/m3/0d4y64_n3fn8tnkv3ydlhztw0000gn/T/97c87487bc6ae826da86d36a6e042c78.mpf_cache
2025-11-07 00:48:12,862 : INFO : Machine : Mission Pinball Framework Core Engine v0.80.0.dev10
2025-11-07 00:48:12,862 : INFO : Machine : Command line arguments: {'no_load_cache': False, 'create_config_cache': True, 'bcp': True, 'configfile': ['config.yaml'], 'force_assets_load': False, 'platform_integration_test': False, 'jsonlogging': False, 'logfile': 'logs/2025-11-07-00-48-12-mpf-mac.home.log', 'pause': False, 'production': False, 'text_ui': False, 'loglevel': 15, 'consoleloglevel': 20, 'force_platform': 'smart_virtual', 'syslog_address': None, 'full_logfile_path': '/Users/didiergilbin/Desktop/Homebrew_CSI/logs/2025-11-07-00-48-12-mpf-mac.home.log'}
2025-11-07 00:48:12,862 : INFO : Machine : MPF path: /Users/didiergilbin/mpfenv/lib/python3.13/site-packages/mpf
2025-11-07 00:48:12,862 : INFO : Machine : Machine path: /Users/didiergilbin/Desktop/Homebrew_CSI
2025-11-07 00:48:12,862 : INFO : Machine : Platform: darwin
2025-11-07 00:48:12,862 : INFO : Machine : Python executable location: /Users/didiergilbin/mpfenv/bin/python3.13
2025-11-07 00:48:12,862 : INFO : Machine : Python version: 3.13.7 (64-bit)
2025-11-07 00:48:12,862 : INFO : Machine : Initializing MPF...
2025-11-07 00:48:12,884 : INFO : EventManager : Event: ======'machine_var_credits_string'====== Args={'value': 'FREE PLAY', 'prev_value': None, 'change': True}
2025-11-07 00:48:12,888 : INFO : EventManager : Event: ======'machine_var_master_volume'====== Args={'value': 0.5, 'prev_value': None, 'change': True}
2025-11-07 00:48:12,888 : INFO : EventManager : Event: ======'machine_var_player1_score'====== Args={'value': 69000, 'prev_value': None, 'change': True}
2025-11-07 00:48:12,888 : INFO : EventManager : Event: ======'machine_var_player2_score'====== Args={'value': 196000, 'prev_value': None, 'change': True}
2025-11-07 00:48:12,888 : INFO : EventManager : Event: ======'machine_var_player3_score'====== Args={'value': 187000, 'prev_value': None, 'change': True}
2025-11-07 00:48:12,888 : INFO : EventManager : Event: ======'machine_var_mpf_version'====== Args={'value': 'Mission Pinball Framework v0.80.0.dev10', 'prev_value': None, 'change': True}
2025-11-07 00:48:12,888 : INFO : EventManager : Event: ======'machine_var_mpf_extended_version'====== Args={'value': 'Mission Pinball Framework v0.80.0.dev10, Config version:6, Show version: 6, BCP version:1.1', 'prev_value': None, 'change': True}
2025-11-07 00:48:12,889 : INFO : EventManager : Event: ======'machine_var_python_version'====== Args={'value': '3.13.7', 'prev_value': None, 'change': True}
2025-11-07 00:48:12,895 : INFO : EventManager : Event: ======'machine_var_platform'====== Args={'value': 'macOS-15.6.1-arm64-arm-64bit-Mach-O', 'prev_value': None, 'change': True}
2025-11-07 00:48:12,895 : INFO : EventManager : Event: ======'machine_var_platform_system'====== Args={'value': 'Darwin', 'prev_value': None, 'change': True}
2025-11-07 00:48:12,895 : INFO : EventManager : Event: ======'machine_var_platform_release'====== Args={'value': '24.6.0', 'prev_value': None, 'change': True}
2025-11-07 00:48:12,895 : INFO : EventManager : Event: ======'machine_var_platform_version'====== Args={'value': 'Darwin Kernel Version 24.6.0: Mon Jul 14 11:30:40 PDT 2025; root:xnu-11417.140.69~1/RELEASE_ARM64_T8132', 'prev_value': None, 'change': True}
2025-11-07 00:48:12,895 : INFO : EventManager : Event: ======'machine_var_platform_machine'====== Args={'value': 'arm64', 'prev_value': None, 'change': True}
2025-11-07 00:48:12,895 : INFO : EventManager : Event: ======'machine_var_log_file_path'====== Args={'value': '/Users/didiergilbin/Desktop/Homebrew_CSI/logs/2025-11-07-00-48-12-mpf-mac.home.log', 'prev_value': None, 'change': True}
2025-11-07 00:48:12,895 : INFO : EventManager : Event: ======'init_phase_1'====== Args={}
2025-11-07 00:48:12,902 : INFO : EventManager : Event: ======'init_phase_2'====== Args={}
2025-11-07 00:48:12,902 : INFO : SwitchController : Found active switch: ('2', <Platform.SmartVirtual>) <switch.s_trough1>
2025-11-07 00:48:12,902 : INFO : SwitchController : Found active switch: ('3', <Platform.SmartVirtual>) <switch.s_trough2>
2025-11-07 00:48:12,902 : INFO : SwitchController : Found active switch: ('4', <Platform.SmartVirtual>) <switch.s_trough3>
2025-11-07 00:48:12,902 : INFO : SwitchController : Found active switch: ('5', <Platform.SmartVirtual>) <switch.s_trough4>
2025-11-07 00:48:12,903 : INFO : EventManager : Event: ======'bcp_connection_attempt'====== Args={'name': 'local_display', 'host': 'localhost', 'port': 5050}
2025-11-07 00:48:12,903 : INFO : BCPClientSocket : Connecting BCP to 'local_display' at localhost:5050...
2025-11-07 00:48:12,906 : INFO : BCPClientSocket : Connected BCP to 'local_display' localhost:5050
2025-11-07 00:48:12,906 : INFO : EventManager : Event: ======'bcp_clients_connected'====== Args={}
2025-11-07 00:48:12,906 : INFO : ball_device.bd_drain : BCH: Initial count: 0
2025-11-07 00:48:12,906 : INFO : ball_device.bd_drain : State: idle
2025-11-07 00:48:12,907 : INFO : ball_device.bd_trough : BCH: Initial count: 4
2025-11-07 00:48:12,907 : INFO : ball_device.bd_trough : State: idle
2025-11-07 00:48:12,907 : INFO : ball_device.bd_plunger : BCH: Initial count: 0
2025-11-07 00:48:12,907 : INFO : ball_device.bd_plunger : State: idle
2025-11-07 00:48:12,911 : INFO : EventManager : Event: ======'init_phase_3'====== Args={}
2025-11-07 00:48:12,911 : INFO : EventManager : Event: ======'init_phase_4'====== Args={}
2025-11-07 00:48:12,911 : INFO : BallController : Initial balls found: 4
2025-11-07 00:48:12,912 : INFO : EventManager : Event: ======'machine_var_audits_events_game_ended'====== Args={'value': 53, 'prev_value': None, 'change': True}
2025-11-07 00:48:12,912 : INFO : EventManager : Event: ======'machine_var_audits_events_game_started'====== Args={'value': 433, 'prev_value': None, 'change': True}
2025-11-07 00:48:12,912 : INFO : EventManager : Event: ======'machine_var_audits_missing_switches_s_launch_button'====== Args={'value': 80, 'prev_value': None, 'change': True}
2025-11-07 00:48:12,912 : INFO : EventManager : Event: ======'machine_var_audits_missing_switches_s_left_flipper'====== Args={'value': 16, 'prev_value': None, 'change': True}
2025-11-07 00:48:12,912 : INFO : EventManager : Event: ======'machine_var_audits_missing_switches_s_left_inlane1'====== Args={'value': 6, 'prev_value': None, 'change': True}
2025-11-07 00:48:12,912 : INFO : EventManager : Event: ======'machine_var_audits_missing_switches_s_left_inlane2'====== Args={'value': 6, 'prev_value': None, 'change': True}
2025-11-07 00:48:12,912 : INFO : EventManager : Event: ======'machine_var_audits_missing_switches_s_left_outlane'====== Args={'value': 48, 'prev_value': None, 'change': True}
2025-11-07 00:48:12,912 : INFO : EventManager : Event: ======'machine_var_audits_missing_switches_s_popbumper1'====== Args={'value': 6, 'prev_value': None, 'change': True}
2025-11-07 00:48:12,912 : INFO : EventManager : Event: ======'machine_var_audits_missing_switches_s_popbumper2'====== Args={'value': 5, 'prev_value': None, 'change': True}
2025-11-07 00:48:12,912 : INFO : EventManager : Event: ======'machine_var_audits_missing_switches_s_popbumper3'====== Args={'value': 8, 'prev_value': None, 'change': True}
2025-11-07 00:48:12,912 : INFO : EventManager : Event: ======'machine_var_audits_missing_switches_s_right_flipper'====== Args={'value': 16, 'prev_value': None, 'change': True}
2025-11-07 00:48:12,912 : INFO : EventManager : Event: ======'machine_var_audits_missing_switches_s_right_inlane'====== Args={'value': 6, 'prev_value': None, 'change': True}
2025-11-07 00:48:12,912 : INFO : EventManager : Event: ======'machine_var_audits_missing_switches_s_right_orbit'====== Args={'value': 7, 'prev_value': None, 'change': True}
2025-11-07 00:48:12,912 : INFO : EventManager : Event: ======'machine_var_audits_missing_switches_s_right_outlane'====== Args={'value': 48, 'prev_value': None, 'change': True}
2025-11-07 00:48:12,912 : INFO : EventManager : Event: ======'machine_var_audits_missing_switches_s_scoop'====== Args={'value': 7, 'prev_value': None, 'change': True}
2025-11-07 00:48:12,912 : INFO : EventManager : Event: ======'machine_var_audits_missing_switches_s_sling_left'====== Args={'value': 433, 'prev_value': None, 'change': True}
2025-11-07 00:48:12,912 : INFO : EventManager : Event: ======'machine_var_audits_missing_switches_s_sling_right'====== Args={'value': 433, 'prev_value': None, 'change': True}
2025-11-07 00:48:12,912 : INFO : EventManager : Event: ======'machine_var_audits_missing_switches_s_start'====== Args={'value': 12, 'prev_value': None, 'change': True}
2025-11-07 00:48:12,912 : INFO : EventManager : Event: ======'machine_var_audits_missing_switches_s_trough2'====== Args={'value': 54, 'prev_value': None, 'change': True}
2025-11-07 00:48:12,912 : INFO : EventManager : Event: ======'machine_var_audits_missing_switches_s_trough3'====== Args={'value': 211, 'prev_value': None, 'change': True}
2025-11-07 00:48:12,912 : INFO : EventManager : Event: ======'machine_var_audits_missing_switches_s_trough4'====== Args={'value': 211, 'prev_value': None, 'change': True}
2025-11-07 00:48:12,912 : INFO : EventManager : Event: ======'machine_var_audits_missing_switches_s_trough_jam'====== Args={'value': 147, 'prev_value': None, 'change': True}
2025-11-07 00:48:12,912 : INFO : EventManager : Event: ======'machine_var_audits_player_score'====== Args={'value': {'average': 219097, 'top': [10210000, 1550000, 1070000, 1070000, 810000, 710000, 640000, 570000, 530000, 480000], 'total': 114}, 'prev_value': None, 'change': True}
2025-11-07 00:48:12,912 : INFO : EventManager : Event: ======'machine_var_audits_shots_bumper1'====== Args={'value': 3793, 'prev_value': None, 'change': True}
2025-11-07 00:48:12,912 : INFO : EventManager : Event: ======'machine_var_audits_shots_bumper2'====== Args={'value': 3713, 'prev_value': None, 'change': True}
2025-11-07 00:48:12,912 : INFO : EventManager : Event: ======'machine_var_audits_shots_bumper3'====== Args={'value': 3606, 'prev_value': None, 'change': True}
2025-11-07 00:48:12,912 : INFO : EventManager : Event: ======'machine_var_audits_shots_c_shot'====== Args={'value': 157, 'prev_value': None, 'change': True}
2025-11-07 00:48:12,912 : INFO : EventManager : Event: ======'machine_var_audits_shots_csi_shot'====== Args={'value': 9, 'prev_value': None, 'change': True}
2025-11-07 00:48:12,912 : INFO : EventManager : Event: ======'machine_var_audits_shots_i_shot'====== Args={'value': 132, 'prev_value': None, 'change': True}
2025-11-07 00:48:12,912 : INFO : EventManager : Event: ======'machine_var_audits_shots_s_shot'====== Args={'value': 148, 'prev_value': None, 'change': True}
2025-11-07 00:48:12,912 : INFO : EventManager : Event: ======'machine_var_audits_shots_switch_shot'====== Args={'value': 245, 'prev_value': None, 'change': True}
2025-11-07 00:48:12,912 : INFO : EventManager : Event: ======'machine_var_audits_switches_s_drain'====== Args={'value': 526, 'prev_value': None, 'change': True}
2025-11-07 00:48:12,912 : INFO : EventManager : Event: ======'machine_var_audits_switches_s_launch_button'====== Args={'value': 1, 'prev_value': None, 'change': True}
2025-11-07 00:48:12,912 : INFO : EventManager : Event: ======'machine_var_audits_switches_s_left_flipper'====== Args={'value': 370, 'prev_value': None, 'change': True}
2025-11-07 00:48:12,912 : INFO : EventManager : Event: ======'machine_var_audits_switches_s_left_inlane1'====== Args={'value': 167, 'prev_value': None, 'change': True}
2025-11-07 00:48:12,912 : INFO : EventManager : Event: ======'machine_var_audits_switches_s_left_inlane2'====== Args={'value': 155, 'prev_value': None, 'change': True}
2025-11-07 00:48:12,912 : INFO : EventManager : Event: ======'machine_var_audits_switches_s_left_outlane'====== Args={'value': 1, 'prev_value': None, 'change': True}
2025-11-07 00:48:12,912 : INFO : EventManager : Event: ======'machine_var_audits_switches_s_plunger_lane'====== Args={'value': 804, 'prev_value': None, 'change': True}
2025-11-07 00:48:12,912 : INFO : EventManager : Event: ======'machine_var_audits_switches_s_popbumper1'====== Args={'value': 3837, 'prev_value': None, 'change': True}
2025-11-07 00:48:12,912 : INFO : EventManager : Event: ======'machine_var_audits_switches_s_popbumper2'====== Args={'value': 3754, 'prev_value': None, 'change': True}
2025-11-07 00:48:12,912 : INFO : EventManager : Event: ======'machine_var_audits_switches_s_popbumper3'====== Args={'value': 3648, 'prev_value': None, 'change': True}
2025-11-07 00:48:12,912 : INFO : EventManager : Event: ======'machine_var_audits_switches_s_ramp'====== Args={'value': 157, 'prev_value': None, 'change': True}
2025-11-07 00:48:12,912 : INFO : EventManager : Event: ======'machine_var_audits_switches_s_right_flipper'====== Args={'value': 628, 'prev_value': None, 'change': True}
2025-11-07 00:48:12,912 : INFO : EventManager : Event: ======'machine_var_audits_switches_s_right_inlane'====== Args={'value': 138, 'prev_value': None, 'change': True}
2025-11-07 00:48:12,912 : INFO : EventManager : Event: ======'machine_var_audits_switches_s_right_orbit'====== Args={'value': 41, 'prev_value': None, 'change': True}
2025-11-07 00:48:12,912 : INFO : EventManager : Event: ======'machine_var_audits_switches_s_right_outlane'====== Args={'value': 5, 'prev_value': None, 'change': True}
2025-11-07 00:48:12,912 : INFO : EventManager : Event: ======'machine_var_audits_switches_s_scoop'====== Args={'value': 424, 'prev_value': None, 'change': True}
2025-11-07 00:48:12,912 : INFO : EventManager : Event: ======'machine_var_audits_switches_s_sling_left'====== Args={'value': 0, 'prev_value': None, 'change': True}
2025-11-07 00:48:12,912 : INFO : EventManager : Event: ======'machine_var_audits_switches_s_sling_right'====== Args={'value': 0, 'prev_value': None, 'change': True}
2025-11-07 00:48:12,912 : INFO : EventManager : Event: ======'machine_var_audits_switches_s_start'====== Args={'value': 654, 'prev_value': None, 'change': True}
2025-11-07 00:48:12,912 : INFO : EventManager : Event: ======'machine_var_audits_switches_s_trough1'====== Args={'value': 372, 'prev_value': None, 'change': True}
2025-11-07 00:48:12,912 : INFO : EventManager : Event: ======'machine_var_audits_switches_s_trough2'====== Args={'value': 16, 'prev_value': None, 'change': True}
2025-11-07 00:48:12,912 : INFO : EventManager : Event: ======'machine_var_audits_switches_s_trough3'====== Args={'value': 1, 'prev_value': None, 'change': True}
2025-11-07 00:48:12,912 : INFO : EventManager : Event: ======'machine_var_audits_switches_s_trough4'====== Args={'value': 1, 'prev_value': None, 'change': True}
2025-11-07 00:48:12,912 : INFO : EventManager : Event: ======'machine_var_audits_switches_s_trough_jam'====== Args={'value': 8, 'prev_value': None, 'change': True}
2025-11-07 00:48:12,912 : INFO : EventManager : Event: ======'init_phase_5'====== Args={}
2025-11-07 00:48:12,913 : INFO : EventManager : Event: ======'init_done'====== Args={}
2025-11-07 00:48:12,913 : INFO : EventManager : Event: ======'machine_reset_phase_1'====== Args={}
2025-11-07 00:48:12,925 : INFO : EventManager : Event: ======'machine_reset_phase_2'====== Args={}
2025-11-07 00:48:12,925 : INFO : EventManager : Event: ======'machine_reset_phase_3'====== Args={}
2025-11-07 00:48:12,925 : INFO : EventManager : Event: ======'reset_complete'====== Args={}
2025-11-07 00:48:12,925 : INFO : EventManager : Event: ======'mode_attract_will_start'====== Args={}
2025-11-07 00:48:12,925 : INFO : Timer.attract_carousel_timer : Starting Timer.
2025-11-07 00:48:12,925 : INFO : EventManager : Event: ======'timer_attract_carousel_timer_started'====== Args={'ticks': 0, 'ticks_remaining': 1}
2025-11-07 00:48:12,925 : INFO : EventManager : Event: ======'timer_attract_carousel_timer_tick'====== Args={'ticks': 0, 'ticks_remaining': 1}
2025-11-07 00:48:12,925 : INFO : EventManager : Event: ======'mode_attract_starting'====== Args={}
2025-11-07 00:48:12,925 : INFO : Mode.attract : Started. Priority: 10
2025-11-07 00:48:12,925 : INFO : EventManager : Event: ======'modes_active_modes_changed'====== Args={}
2025-11-07 00:48:12,925 : INFO : EventManager : Event: ======'mode_attract_started'====== Args={}
2025-11-07 00:48:12,925 : INFO : EventManager : Event: ======'collecting_balls_complete'====== Args={}
2025-11-07 00:48:12,926 : INFO : EventManager : Event: ======'carousel_item_highlighted'====== Args={'carousel': 'attract', 'direction': None, 'item': 'title'}
2025-11-07 00:48:12,927 : INFO : Machine : Starting the main run loop with active modes: [<Mode.attract>]
2025-11-07 00:48:13,317 : INFO : EventManager : Event: ======'slide_attract_created'====== Args={'_from_bcp': True}
2025-11-07 00:48:13,317 : INFO : EventManager : Event: ======'slide__removed'====== Args={'_from_bcp': True}
2025-11-07 00:48:13,317 : INFO : EventManager : Event: ======'slide_attract_active'====== Args={'original_context': 'attract', 'original_calling_context': 'mode_attract_started', 'priority': 10.0, 'cmd': 'slides_play', '_from_bcp': True}
2025-11-07 00:48:13,569 : INFO : BcpServer : New client connected.
2025-11-07 00:48:16,674 : INFO : SwitchController : <<<<<<< 's_start' active >>>>>>>
2025-11-07 00:48:16,841 : INFO : SwitchController : <<<<<<< 's_start' inactive >>>>>>>
2025-11-07 00:48:16,841 : INFO : EventManager : Event: ======'request_to_start_game'====== Args={}
2025-11-07 00:48:16,842 : INFO : EventManager : Event: ======'game_start'====== Args={'buttons': [], 'hold_time': 0.16659341705963016}
2025-11-07 00:48:16,843 : INFO : EventManager : Event: ======'mode_game_will_start'====== Args={'buttons': [], 'hold_time': 0.16659341705963016}
2025-11-07 00:48:16,844 : INFO : EventManager : Event: ======'mode_game_starting'====== Args={'buttons': [], 'hold_time': 0.16659341705963016}
2025-11-07 00:48:16,845 : INFO : EventManager : Event: ======'mode_attract_will_stop'====== Args={}
2025-11-07 00:48:16,845 : INFO : EventManager : Event: ======'mode_attract_stopping'====== Args={}
2025-11-07 00:48:16,846 : INFO : Mode.attract : Stopped.
2025-11-07 00:48:16,846 : INFO : EventManager : Event: ======'modes_active_modes_changed'====== Args={}
2025-11-07 00:48:16,846 : INFO : EventManager : Event: ======'mode_attract_stopped'====== Args={}
2025-11-07 00:48:16,847 : INFO : EventManager : Event: ======'clear'====== Args={'key': 'attract'}
2025-11-07 00:48:16,847 : INFO : Timer.attract_carousel_timer : Stopping Timer
2025-11-07 00:48:16,847 : INFO : EventManager : Event: ======'timer_attract_carousel_timer_stopped'====== Args={'ticks': 0, 'ticks_remaining': 1}
2025-11-07 00:48:16,848 : INFO : Mode.game : Started. Priority: 20
2025-11-07 00:48:16,848 : INFO : EventManager : Event: ======'modes_active_modes_changed'====== Args={}
2025-11-07 00:48:16,848 : INFO : EventManager : Event: ======'mode_game_started'====== Args={'buttons': [], 'hold_time': 0.16659341705963016}
2025-11-07 00:48:16,849 : INFO : EventManager : Event: ======'game_will_start'====== Args={}
2025-11-07 00:48:16,850 : INFO : EventManager : Event: ======'game_starting'====== Args={'game': <Mode.game>}
2025-11-07 00:48:16,851 : INFO : EventManager : Unordered handler for class <Auditor> on event game_ended with priority 1. Handlers: [RegisteredHandler(callback=<bound method Auditor.disable of <Auditor>>, priority=1, kwargs={}, key=UUID('ca977785-0f86-40ee-aa74-c3f5323086b1'), condition=None, blocking_facility=None), RegisteredHandler(callback=<bound method Auditor._save_audits of <Auditor>>, priority=1, kwargs={}, key=UUID('f63fb2ff-f0ec-4627-82e8-5e2295b0f8d7'), condition=None, blocking_facility=None)]. The order of those handlers is not defined and they will be executed in random order. This might lead to race conditions and potential bugs.
2025-11-07 00:48:16,851 : INFO : EventManager : Event: ======'player_add_request'====== Args={}
2025-11-07 00:48:16,851 : INFO : EventManager : Event: ======'player_will_add'====== Args={'number': 1}
2025-11-07 00:48:16,852 : INFO : EventManager : Event: ======'player_adding'====== Args={'player': <Player 1>, 'number': 1}
2025-11-07 00:48:16,852 : INFO : EventManager : Event: ======'player_added'====== Args={'player': <Player 1>, 'num': 1}
2025-11-07 00:48:16,852 : INFO : Mode.game : Player added successfully. Total players: 1
2025-11-07 00:48:16,853 : INFO : EventManager : Event: ======'player_index'====== Args={'value': 0, 'prev_value': 0, 'change': 0, 'player_num': 1}
2025-11-07 00:48:16,853 : INFO : EventManager : Event: ======'player_number'====== Args={'value': 1, 'prev_value': 1, 'change': 0, 'player_num': 1}
2025-11-07 00:48:16,853 : INFO : EventManager : Event: ======'player_bonus_multiplier'====== Args={'value': 1, 'prev_value': 1, 'change': 0, 'player_num': 1}
2025-11-07 00:48:16,854 : INFO : EventManager : Event: ======'player_skull_ramp_nb'====== Args={'value': 0, 'prev_value': 0, 'change': 0, 'player_num': 1}
2025-11-07 00:48:16,854 : INFO : EventManager : Event: ======'player_score'====== Args={'value': 0, 'prev_value': 0, 'change': 0, 'player_num': 1}
2025-11-07 00:48:16,854 : INFO : EventManager : Event: ======'game_started'====== Args={}
2025-11-07 00:48:16,855 : INFO : EventManager : Event: ======'player_turn_will_start'====== Args={'player': <Player 1>, 'number': 1}
2025-11-07 00:48:16,855 : INFO : EventManager : Event: ======'player_turn_starting'====== Args={'player': <Player 1>, 'number': 1}
2025-11-07 00:48:16,855 : INFO : EventManager : Event: ======'player_ball'====== Args={'value': 1, 'prev_value': 0, 'change': 1, 'player_num': 1}
2025-11-07 00:48:16,863 : INFO : EventManager : Event: ======'player_turn_started'====== Args={'player': <Player 1>, 'number': 1}
2025-11-07 00:48:16,863 : INFO : EventManager : Event: ======'ball_will_start'====== Args={'player': 1, 'ball': 1, 'balls_remaining': 2, 'is_extra_ball': False}
2025-11-07 00:48:16,864 : INFO : EventManager : Event: ======'ball_starting'====== Args={'player': 1, 'ball': 1, 'balls_remaining': 2, 'is_extra_ball': False}
2025-11-07 00:48:16,864 : INFO : EventManager : Event: ======'mode_base_will_start'====== Args={'queue': <QueuedEvent>, 'player': 1, 'ball': 1, 'balls_remaining': 2, 'is_extra_ball': False}
2025-11-07 00:48:16,864 : INFO : EventManager : Event: ======'player_base_player_added_timer_tick'====== Args={'value': 0, 'prev_value': 0, 'change': 0, 'player_num': 1}
2025-11-07 00:48:16,865 : INFO : Timer.player_added_timer : Starting Timer.
2025-11-07 00:48:16,865 : INFO : EventManager : Event: ======'timer_player_added_timer_started'====== Args={'ticks': 0, 'ticks_remaining': 1}
2025-11-07 00:48:16,865 : INFO : EventManager : Event: ======'timer_player_added_timer_tick'====== Args={'ticks': 0, 'ticks_remaining': 1}
2025-11-07 00:48:16,866 : INFO : EventManager : Event: ======'mode_base_starting'====== Args={'queue': <QueuedEvent>, 'player': 1, 'ball': 1, 'balls_remaining': 2, 'is_extra_ball': False}
2025-11-07 00:48:16,866 : INFO : Mode.base : Started. Priority: 100
2025-11-07 00:48:16,866 : INFO : EventManager : Event: ======'modes_active_modes_changed'====== Args={}
2025-11-07 00:48:16,866 : INFO : EventManager : Event: ======'mode_base_started'====== Args={'queue': <QueuedEvent>, 'player': 1, 'ball': 1, 'balls_remaining': 2, 'is_extra_ball': False}
2025-11-07 00:48:16,866 : INFO : EventManager : Event: ======'start_mode_bumpers'====== Args={'priority': 0}
2025-11-07 00:48:16,867 : INFO : EventManager : Event: ======'start_mode_csi_lanes'====== Args={'priority': 0}
2025-11-07 00:48:16,867 : INFO : EventManager : Event: ======'start_mode_skull'====== Args={'priority': 0}
2025-11-07 00:48:16,867 : INFO : EventManager : Event: ======'mode_bumpers_will_start'====== Args={'priority': 0}
2025-11-07 00:48:16,867 : INFO : EventManager : Event: ======'player_shot_bumper1_enabled'====== Args={'value': True, 'prev_value': 0, 'change': 1, 'player_num': 1}
2025-11-07 00:48:16,868 : INFO : EventManager : Event: ======'player_shot_bumper2_enabled'====== Args={'value': True, 'prev_value': 0, 'change': 1, 'player_num': 1}
2025-11-07 00:48:16,868 : INFO : EventManager : Event: ======'player_shot_bumper3_enabled'====== Args={'value': True, 'prev_value': 0, 'change': 1, 'player_num': 1}
2025-11-07 00:48:16,869 : INFO : EventManager : Event: ======'bumpers_complete'====== Args={'state': 'unlit'}
2025-11-07 00:48:16,869 : INFO : EventManager : Event: ======'bumpers_unlit_complete'====== Args={}
2025-11-07 00:48:16,870 : INFO : EventManager : Event: ======'player_bumpers_bumper_timer_tick'====== Args={'value': 0, 'prev_value': 0, 'change': 0, 'player_num': 1}
2025-11-07 00:48:16,870 : INFO : Timer.bumper_timer : Starting Timer.
2025-11-07 00:48:16,870 : INFO : EventManager : Event: ======'timer_bumper_timer_started'====== Args={'ticks': 0, 'ticks_remaining': 1}
2025-11-07 00:48:16,870 : INFO : EventManager : Event: ======'timer_bumper_timer_tick'====== Args={'ticks': 0, 'ticks_remaining': 1}
2025-11-07 00:48:16,871 : INFO : EventManager : Event: ======'mode_bumpers_starting'====== Args={'priority': 0}
2025-11-07 00:48:16,871 : INFO : EventManager : Event: ======'mode_csi_lanes_will_start'====== Args={'priority': 0}
2025-11-07 00:48:16,871 : INFO : EventManager : Event: ======'player_shot_c_shot_enabled'====== Args={'value': True, 'prev_value': 0, 'change': 1, 'player_num': 1}
2025-11-07 00:48:16,872 : INFO : EventManager : Event: ======'player_shot_s_shot_enabled'====== Args={'value': True, 'prev_value': 0, 'change': 1, 'player_num': 1}
2025-11-07 00:48:16,872 : INFO : EventManager : Event: ======'player_shot_i_shot_enabled'====== Args={'value': True, 'prev_value': 0, 'change': 1, 'player_num': 1}
2025-11-07 00:48:16,873 : INFO : EventManager : Event: ======'csi_shots_complete'====== Args={'state': 'unlit'}
2025-11-07 00:48:16,873 : INFO : EventManager : Event: ======'csi_shots_unlit_complete'====== Args={}
2025-11-07 00:48:16,873 : INFO : EventManager : Event: ======'player_csi_lanes_csi_lanes_timer_tick'====== Args={'value': 0, 'prev_value': 0, 'change': 0, 'player_num': 1}
2025-11-07 00:48:16,874 : INFO : Timer.csi_lanes_timer : Starting Timer.
2025-11-07 00:48:16,874 : INFO : EventManager : Event: ======'timer_csi_lanes_timer_started'====== Args={'ticks': 0, 'ticks_remaining': 1}
2025-11-07 00:48:16,874 : INFO : EventManager : Event: ======'timer_csi_lanes_timer_tick'====== Args={'ticks': 0, 'ticks_remaining': 1}
2025-11-07 00:48:16,874 : INFO : EventManager : Event: ======'player_csi_lanes_csi_right_orbit_timer_tick'====== Args={'value': 0, 'prev_value': 0, 'change': 0, 'player_num': 1}
2025-11-07 00:48:16,875 : INFO : EventManager : Event: ======'mode_csi_lanes_starting'====== Args={'priority': 0}
2025-11-07 00:48:16,875 : INFO : EventManager : Event: ======'mode_skull_will_start'====== Args={'priority': 0}
2025-11-07 00:48:16,876 : INFO : EventManager : Event: ======'mode_skull_starting'====== Args={'priority': 0}
2025-11-07 00:48:16,876 : INFO : Mode.skull : Started. Priority: 200
2025-11-07 00:48:16,876 : INFO : EventManager : Event: ======'modes_active_modes_changed'====== Args={}
2025-11-07 00:48:16,876 : INFO : EventManager : Event: ======'mode_skull_started'====== Args={'priority': 0}
2025-11-07 00:48:16,876 : INFO : Mode.bumpers : Started. Priority: 200
2025-11-07 00:48:16,876 : INFO : EventManager : Event: ======'modes_active_modes_changed'====== Args={}
2025-11-07 00:48:16,876 : INFO : EventManager : Event: ======'mode_bumpers_started'====== Args={'priority': 0}
2025-11-07 00:48:16,877 : INFO : EventManager : Event: ======'balls_in_play'====== Args={'balls': 1}
2025-11-07 00:48:16,877 : INFO : EventManager : Event: ======'ball_started'====== Args={'player': 1, 'ball': 1, 'balls_remaining': 2, 'is_extra_ball': False}
2025-11-07 00:48:16,877 : INFO : EventManager : Event: ======'logicblock_csi_lanes_then_scoop_updated'====== Args={'value': 0, 'enabled': True}
2025-11-07 00:48:16,878 : INFO : EventManager : Event: ======'logicblock_csi_lanes_then_scoop_then_right_orbit_updated'====== Args={'value': 0, 'enabled': True}
2025-11-07 00:48:16,878 : INFO : EventManager : Event: ======'logicblock_csi_lanes_then_scoop_updated'====== Args={'value': 0, 'enabled': True}
2025-11-07 00:48:16,878 : INFO : EventManager : Event: ======'logicblock_csi_lanes_then_scoop_then_right_orbit_updated'====== Args={'value': 0, 'enabled': True}
2025-11-07 00:48:16,878 : INFO : Mode.csi_lanes : Started. Priority: 200
2025-11-07 00:48:16,878 : INFO : EventManager : Event: ======'modes_active_modes_changed'====== Args={}
2025-11-07 00:48:16,878 : INFO : EventManager : Event: ======'mode_csi_lanes_started'====== Args={'priority': 0}
2025-11-07 00:48:16,879 : INFO : EventManager : Event: ======'player_multiplier'====== Args={'value': 1, 'prev_value': 0, 'change': 1, 'player_num': 1, 'source': 'csi_lanes'}
2025-11-07 00:48:16,879 : INFO : EventManager : Event: ======'single_player_ball_started'====== Args={}
2025-11-07 00:48:16,879 : INFO : EventManager : Event: ======'ball_start_target'====== Args={'target': 'playfield'}
2025-11-07 00:48:16,880 : INFO : ball_device.bd_trough : Setting up player-controlled eject. Balls: 1, Target: <playfield.playfield>, player_controlled_eject_event: None
2025-11-07 00:48:16,880 : INFO : ball_device.bd_trough : Adding 1 ball(s) to the eject_queue with target <playfield.playfield>.
2025-11-07 00:48:16,880 : INFO : EventManager : Event: ======'balldevice_balls_available'====== Args={}
2025-11-07 00:48:16,881 : INFO : ball_device.bd_trough : State: waiting_for_target_ready
2025-11-07 00:48:16,881 : INFO : EventManager : Event: ======'balldevice_bd_trough_ball_eject_attempt'====== Args={'balls': 1, 'target': <ball_device.bd_plunger>, 'source': <ball_device.bd_trough>, 'mechanical_eject': False, 'num_attempts': 0}
2025-11-07 00:48:16,881 : INFO : ball_device.bd_plunger : State: waiting_for_ball
2025-11-07 00:48:16,881 : INFO : ball_device.bd_trough : State: ejecting
2025-11-07 00:48:16,881 : INFO : ball_device.bd_trough : Ejecting ball to <ball_device.bd_plunger>
2025-11-07 00:48:16,881 : INFO : EventManager : Event: ======'balldevice_bd_trough_ejecting_ball'====== Args={'balls': 1, 'target': <ball_device.bd_plunger>, 'source': <ball_device.bd_trough>, 'mechanical_eject': False, 'num_attempts': 0}
2025-11-07 00:48:16,882 : INFO : ball_device.bd_trough : Wait for ball to leave device
2025-11-07 00:48:16,882 : INFO : coil.c_trough_eject : Pulsing Driver for 20ms (1.0 pulse_power)
2025-11-07 00:48:16,882 : INFO : SwitchController : <<<<<<< 's_trough1' inactive >>>>>>>
2025-11-07 00:48:16,882 : INFO : ball_device.bd_trough : State: ball_left
2025-11-07 00:48:16,882 : INFO : ball_device.bd_trough : Ball left
2025-11-07 00:48:16,882 : INFO : ball_device.bd_trough : Wait for confirm with timeout 3.0
2025-11-07 00:48:16,983 : INFO : SwitchController : <<<<<<< 's_plunger_lane' active >>>>>>>
2025-11-07 00:48:16,983 : INFO : EventManager : Event: ======'machine_var_audits_switches_s_plunger_lane'====== Args={'value': 805, 'prev_value': 804, 'change': 1}
2025-11-07 00:48:17,051 : INFO : EventManager : Event: ======'slide_base_slide_created'====== Args={'_from_bcp': True}
2025-11-07 00:48:17,052 : INFO : EventManager : Event: ======'slide_attract_inactive'====== Args={'is_removing': True, '_from_bcp': True}
2025-11-07 00:48:17,052 : INFO : EventManager : Event: ======'slide_base_slide_active'====== Args={'original_context': 'base', 'original_calling_context': 'mode_base_started', 'priority': 100.0, 'queue': '<QueuedEvent>', 'player': 1.0, 'ball': 1.0, 'balls_remaining': 2.0, 'is_extra_ball': False, 'cmd': 'slides_play', '_from_bcp': True}
2025-11-07 00:48:17,052 : INFO : EventManager : Event: ======'slide_attract_removed'====== Args={'_from_bcp': True}
2025-11-07 00:48:17,071 : INFO : EventManager : Event: ======'player_bumpers_bumper_timer_tick'====== Args={'value': 1, 'prev_value': 0, 'change': 1, 'player_num': 1}
2025-11-07 00:48:17,071 : INFO : Timer.bumper_timer : Timer Complete
2025-11-07 00:48:17,071 : INFO : Timer.bumper_timer : Stopping Timer
2025-11-07 00:48:17,071 : INFO : EventManager : Event: ======'timer_bumper_timer_stopped'====== Args={'ticks': 1, 'ticks_remaining': 1}
2025-11-07 00:48:17,071 : INFO : EventManager : Event: ======'timer_bumper_timer_complete'====== Args={'ticks': 1, 'ticks_remaining': 1}
2025-11-07 00:48:17,484 : INFO : ball_device.bd_plunger : Received ball from <ball_device.bd_trough>
2025-11-07 00:48:17,485 : INFO : EventManager : Event: ======'balldevice_bd_plunger_ball_enter'====== Args={'new_balls': 1, 'unclaimed_balls': 0, 'new_available_balls': 0, 'device': <ball_device.bd_plunger>}
2025-11-07 00:48:17,485 : INFO : EventManager : Event: ======'balldevice_bd_plunger_ball_entered'====== Args={'new_balls': 0, 'device': <ball_device.bd_plunger>}
2025-11-07 00:48:17,486 : INFO : EventManager : Event: ======'balldevice_bd_plunger_ball_count_changed'====== Args={'balls': 1}
2025-11-07 00:48:17,486 : INFO : ball_device.bd_trough : Got eject confirm
2025-11-07 00:48:17,486 : INFO : ball_device.bd_trough : Eject successful
2025-11-07 00:48:17,486 : INFO : EventManager : Event: ======'balldevice_bd_trough_ball_eject_success'====== Args={'balls': 1, 'target': <ball_device.bd_plunger>}
2025-11-07 00:48:17,487 : INFO : EventManager : Event: ======'balldevice_bd_trough_ball_count_changed'====== Args={'balls': 3}
2025-11-07 00:48:17,488 : INFO : ball_device.bd_trough : State: idle
2025-11-07 00:48:17,488 : INFO : ball_device.bd_plunger : State: waiting_for_target_ready
2025-11-07 00:48:17,488 : INFO : EventManager : Event: ======'balldevice_bd_plunger_ball_eject_attempt'====== Args={'balls': 1, 'target': <playfield.playfield>, 'source': <ball_device.bd_plunger>, 'mechanical_eject': False, 'num_attempts': 0}
2025-11-07 00:48:17,489 : INFO : ball_device.bd_plunger : State: ejecting
2025-11-07 00:48:17,490 : INFO : ball_device.bd_plunger : Ejecting ball to <playfield.playfield>
2025-11-07 00:48:17,490 : INFO : EventManager : Event: ======'balldevice_bd_plunger_ejecting_ball'====== Args={'balls': 1, 'target': <playfield.playfield>, 'source': <ball_device.bd_plunger>, 'mechanical_eject': False, 'num_attempts': 0}
2025-11-07 00:48:17,493 : INFO : ball_device.bd_plunger : Wait for ball to leave device
2025-11-07 00:48:17,493 : INFO : coil.c_plunger : Pulsing Driver for 20ms (1.0 pulse_power)
2025-11-07 00:48:17,493 : INFO : SwitchController : <<<<<<< 's_plunger_lane' inactive >>>>>>>
2025-11-07 00:48:17,494 : INFO : ball_device.bd_plunger : State: ball_left
2025-11-07 00:48:17,494 : INFO : ball_device.bd_plunger : Ball left
2025-11-07 00:48:17,494 : INFO : ball_device.bd_plunger : Wait for confirm with timeout 3.0
2025-11-07 00:48:17,566 : INFO : EventManager : Event: ======'player_base_player_added_timer_tick'====== Args={'value': 1, 'prev_value': 0, 'change': 1, 'player_num': 1}
2025-11-07 00:48:17,566 : INFO : Timer.player_added_timer : Timer Complete
2025-11-07 00:48:17,566 : INFO : Timer.player_added_timer : Stopping Timer
2025-11-07 00:48:17,566 : INFO : EventManager : Event: ======'timer_player_added_timer_stopped'====== Args={'ticks': 1, 'ticks_remaining': 1}
2025-11-07 00:48:17,566 : INFO : EventManager : Event: ======'timer_player_added_timer_complete'====== Args={'ticks': 1, 'ticks_remaining': 1}
2025-11-07 00:48:17,575 : INFO : EventManager : Event: ======'player_csi_lanes_csi_lanes_timer_tick'====== Args={'value': 1, 'prev_value': 0, 'change': 1, 'player_num': 1}
2025-11-07 00:48:17,575 : INFO : Timer.csi_lanes_timer : Timer Complete
2025-11-07 00:48:17,575 : INFO : Timer.csi_lanes_timer : Stopping Timer
2025-11-07 00:48:17,575 : INFO : EventManager : Event: ======'timer_csi_lanes_timer_stopped'====== Args={'ticks': 1, 'ticks_remaining': 1}
2025-11-07 00:48:17,575 : INFO : EventManager : Event: ======'timer_csi_lanes_timer_complete'====== Args={'ticks': 1, 'ticks_remaining': 1}
2025-11-07 00:48:20,496 : INFO : ball_device.bd_plunger : State: failed_confirm
2025-11-07 00:48:20,496 : INFO : ball_device.bd_plunger : Got timeout (3.0s) before confirm from <playfield.playfield>
2025-11-07 00:48:20,598 : INFO : ball_device.bd_plunger : Confirming eject because target is playfield and ball did not return.
2025-11-07 00:48:20,598 : INFO : ball_device.bd_plunger : Eject successful
2025-11-07 00:48:20,598 : INFO : EventManager : Event: ======'balldevice_bd_plunger_ball_eject_success'====== Args={'balls': 1, 'target': <playfield.playfield>}
2025-11-07 00:48:20,599 : INFO : EventManager : Event: ======'balldevice_playfield_ball_enter'====== Args={'new_balls': 1, 'unclaimed_balls': 1, 'device': <playfield.playfield>}
2025-11-07 00:48:20,600 : INFO : EventManager : Event: ======'playfield_ball_count_change'====== Args={'balls': 1, 'change': 1}
2025-11-07 00:48:20,600 : INFO : EventManager : Event: ======'balldevice_bd_plunger_ball_count_changed'====== Args={'balls': 0}
2025-11-07 00:48:20,601 : INFO : ball_device.bd_plunger : State: idle
2025-11-07 00:48:26,566 : INFO : SwitchController : <<<<<<< 's_ramp' active >>>>>>>
2025-11-07 00:48:26,566 : INFO : EventManager : Event: ======'s_ramp_active'====== Args={}
2025-11-07 00:48:26,566 : INFO : EventManager : Event: ======'machine_var_audits_switches_s_ramp'====== Args={'value': 158, 'prev_value': 157, 'change': 1}
2025-11-07 00:48:26,567 : INFO : EventManager : Event: ======'player_skull_ramp_nb'====== Args={'value': 1, 'prev_value': 0, 'change': 1, 'player_num': 1, 'source': 'skull'}
2025-11-07 00:48:26,659 : INFO : SwitchController : <<<<<<< 's_ramp' inactive >>>>>>>
2025-11-07 00:48:27,344 : INFO : SwitchController : <<<<<<< 's_ramp' active >>>>>>>
2025-11-07 00:48:27,344 : INFO : EventManager : Event: ======'s_ramp_active'====== Args={}
2025-11-07 00:48:27,345 : INFO : EventManager : Event: ======'machine_var_audits_switches_s_ramp'====== Args={'value': 159, 'prev_value': 158, 'change': 1}
2025-11-07 00:48:27,345 : INFO : EventManager : Event: ======'player_skull_ramp_nb'====== Args={'value': 2, 'prev_value': 1, 'change': 1, 'player_num': 1, 'source': 'skull'}
2025-11-07 00:48:27,476 : INFO : SwitchController : <<<<<<< 's_ramp' inactive >>>>>>>
2025-11-07 00:48:27,794 : INFO : SwitchController : <<<<<<< 's_ramp' active >>>>>>>
2025-11-07 00:48:27,794 : INFO : EventManager : Event: ======'s_ramp_active'====== Args={}
2025-11-07 00:48:27,794 : INFO : EventManager : Event: ======'machine_var_audits_switches_s_ramp'====== Args={'value': 160, 'prev_value': 159, 'change': 1}
2025-11-07 00:48:27,795 : INFO : EventManager : Event: ======'player_skull_ramp_nb'====== Args={'value': 3, 'prev_value': 2, 'change': 1, 'player_num': 1, 'source': 'skull'}
2025-11-07 00:48:27,927 : INFO : SwitchController : <<<<<<< 's_ramp' inactive >>>>>>>
2025-11-07 00:48:28,278 : INFO : SwitchController : <<<<<<< 's_ramp' active >>>>>>>
2025-11-07 00:48:28,278 : INFO : EventManager : Event: ======'s_ramp_active'====== Args={}
2025-11-07 00:48:28,278 : INFO : EventManager : Event: ======'machine_var_audits_switches_s_ramp'====== Args={'value': 161, 'prev_value': 160, 'change': 1}
2025-11-07 00:48:28,279 : INFO : EventManager : Event: ======'player_skull_ramp_nb'====== Args={'value': 4, 'prev_value': 3, 'change': 1, 'player_num': 1, 'source': 'skull'}
2025-11-07 00:48:28,393 : INFO : SwitchController : <<<<<<< 's_ramp' inactive >>>>>>>
2025-11-07 00:48:28,728 : INFO : SwitchController : <<<<<<< 's_ramp' active >>>>>>>
2025-11-07 00:48:28,728 : INFO : EventManager : Event: ======'s_ramp_active'====== Args={}
2025-11-07 00:48:28,729 : INFO : EventManager : Event: ======'machine_var_audits_switches_s_ramp'====== Args={'value': 162, 'prev_value': 161, 'change': 1}
2025-11-07 00:48:28,729 : INFO : EventManager : Event: ======'player_skull_ramp_nb'====== Args={'value': 5, 'prev_value': 4, 'change': 1, 'player_num': 1, 'source': 'skull'}
2025-11-07 00:48:28,859 : INFO : SwitchController : <<<<<<< 's_ramp' inactive >>>>>>>
2025-11-07 00:48:29,261 : INFO : SwitchController : <<<<<<< 's_ramp' active >>>>>>>
2025-11-07 00:48:29,262 : INFO : EventManager : Event: ======'s_ramp_active'====== Args={}
2025-11-07 00:48:29,262 : INFO : EventManager : Event: ======'machine_var_audits_switches_s_ramp'====== Args={'value': 163, 'prev_value': 162, 'change': 1}
2025-11-07 00:48:29,263 : INFO : EventManager : Event: ======'player_skull_ramp_nb'====== Args={'value': 6, 'prev_value': 5, 'change': 1, 'player_num': 1, 'source': 'skull'}
2025-11-07 00:48:29,393 : INFO : SwitchController : <<<<<<< 's_ramp' inactive >>>>>>>
2025-11-07 00:48:29,728 : INFO : SwitchController : <<<<<<< 's_ramp' active >>>>>>>
2025-11-07 00:48:29,728 : INFO : EventManager : Event: ======'s_ramp_active'====== Args={}
2025-11-07 00:48:29,728 : INFO : EventManager : Event: ======'machine_var_audits_switches_s_ramp'====== Args={'value': 164, 'prev_value': 163, 'change': 1}
2025-11-07 00:48:29,729 : INFO : EventManager : Event: ======'player_skull_ramp_nb'====== Args={'value': 7, 'prev_value': 6, 'change': 1, 'player_num': 1, 'source': 'skull'}
2025-11-07 00:48:29,876 : INFO : SwitchController : <<<<<<< 's_ramp' inactive >>>>>>>
2025-11-07 00:48:30,144 : INFO : SwitchController : <<<<<<< 's_ramp' active >>>>>>>
2025-11-07 00:48:30,145 : INFO : EventManager : Event: ======'s_ramp_active'====== Args={}
2025-11-07 00:48:30,145 : INFO : EventManager : Event: ======'machine_var_audits_switches_s_ramp'====== Args={'value': 165, 'prev_value': 164, 'change': 1}
2025-11-07 00:48:30,146 : INFO : EventManager : Event: ======'player_skull_ramp_nb'====== Args={'value': 8, 'prev_value': 7, 'change': 1, 'player_num': 1, 'source': 'skull'}
2025-11-07 00:48:30,276 : INFO : SwitchController : <<<<<<< 's_ramp' inactive >>>>>>>
2025-11-07 00:48:30,611 : INFO : SwitchController : <<<<<<< 's_ramp' active >>>>>>>
2025-11-07 00:48:30,611 : INFO : EventManager : Event: ======'s_ramp_active'====== Args={}
2025-11-07 00:48:30,612 : INFO : EventManager : Event: ======'machine_var_audits_switches_s_ramp'====== Args={'value': 166, 'prev_value': 165, 'change': 1}
2025-11-07 00:48:30,613 : INFO : EventManager : Event: ======'player_skull_ramp_nb'====== Args={'value': 9, 'prev_value': 8, 'change': 1, 'player_num': 1, 'source': 'skull'}
2025-11-07 00:48:30,743 : INFO : SwitchController : <<<<<<< 's_ramp' inactive >>>>>>>
2025-11-07 00:48:31,711 : INFO : SwitchController : <<<<<<< 's_ramp' active >>>>>>>
2025-11-07 00:48:31,711 : INFO : EventManager : Event: ======'s_ramp_active'====== Args={}
2025-11-07 00:48:31,712 : INFO : EventManager : Event: ======'machine_var_audits_switches_s_ramp'====== Args={'value': 167, 'prev_value': 166, 'change': 1}
2025-11-07 00:48:31,712 : INFO : EventManager : Event: ======'player_skull_ramp_nb'====== Args={'value': 10, 'prev_value': 9, 'change': 1, 'player_num': 1, 'source': 'skull'}
2025-11-07 00:48:31,826 : INFO : SwitchController : <<<<<<< 's_ramp' inactive >>>>>>>
2025-11-07 00:48:33,245 : INFO : SwitchController : <<<<<<< 's_ramp' active >>>>>>>
2025-11-07 00:48:33,245 : INFO : EventManager : Event: ======'s_ramp_active'====== Args={}
2025-11-07 00:48:33,245 : INFO : EventManager : Event: ======'machine_var_audits_switches_s_ramp'====== Args={'value': 168, 'prev_value': 167, 'change': 1}
2025-11-07 00:48:33,246 : INFO : EventManager : Event: ======'player_skull_ramp_nb'====== Args={'value': 11, 'prev_value': 10, 'change': 1, 'player_num': 1, 'source': 'skull'}
2025-11-07 00:48:33,286 : INFO : EventManager : Event: ======'widget_csi_lanes_widget_active'====== Args={'original_context': 'skull', 'original_calling_context': 's_ramp_active{current_player.skull_ramp_nb>10}', 'priority': 200.0, 'cmd': 'widgets_play', '_from_bcp': True}
2025-11-07 00:48:33,361 : INFO : SwitchController : <<<<<<< 's_ramp' inactive >>>>>>>
2025-11-07 00:48:34,628 : INFO : SwitchController : <<<<<<< 's_ramp' active >>>>>>>
2025-11-07 00:48:34,628 : INFO : EventManager : Event: ======'s_ramp_active'====== Args={}
2025-11-07 00:48:34,629 : INFO : EventManager : Event: ======'machine_var_audits_switches_s_ramp'====== Args={'value': 169, 'prev_value': 168, 'change': 1}
2025-11-07 00:48:34,629 : INFO : EventManager : Event: ======'player_skull_ramp_nb'====== Args={'value': 12, 'prev_value': 11, 'change': 1, 'player_num': 1, 'source': 'skull'}
2025-11-07 00:48:34,743 : INFO : SwitchController : <<<<<<< 's_ramp' inactive >>>>>>>
2025-11-07 00:48:57,180 : INFO : BcpServer : New client connected.
2025-11-07 00:48:58,950 : INFO : Machine : Shutting down...
2025-11-07 00:48:58,950 : INFO : EventManager : Event: ======'shutdown'====== Args={}
2025-11-07 00:48:58,952 : INFO : EventManager : Event: ======'mode_game_will_stop'====== Args={}
2025-11-07 00:48:58,952 : INFO : EventManager : Event: ======'mode_game_stopping'====== Args={}
2025-11-07 00:48:58,952 : INFO : EventManager : Event: ======'mode_csi_lanes_will_stop'====== Args={}
2025-11-07 00:48:58,952 : INFO : EventManager : Event: ======'mode_csi_lanes_stopping'====== Args={}
2025-11-07 00:48:58,952 : INFO : EventManager : Event: ======'mode_base_will_stop'====== Args={}
2025-11-07 00:48:58,952 : INFO : EventManager : Event: ======'mode_base_stopping'====== Args={}
2025-11-07 00:48:58,952 : INFO : EventManager : Event: ======'mode_bumpers_will_stop'====== Args={}
2025-11-07 00:48:58,953 : INFO : EventManager : Event: ======'mode_bumpers_stopping'====== Args={}
2025-11-07 00:48:58,953 : INFO : EventManager : Event: ======'mode_skull_will_stop'====== Args={}
2025-11-07 00:48:58,953 : INFO : EventManager : Event: ======'mode_skull_stopping'====== Args={}
2025-11-07 00:48:58,953 : INFO : EventManager : Event: ======'stop_mode_bumpers'====== Args={'priority': 0}
2025-11-07 00:48:58,953 : INFO : EventManager : Event: ======'stop_mode_csi_lanes'====== Args={'priority': 0}
2025-11-07 00:48:58,953 : INFO : EventManager : Event: ======'stop_mode_skull'====== Args={'priority': 0}
2025-11-07 00:48:58,953 : INFO : Mode.skull : Stopped.
2025-11-07 00:48:58,953 : INFO : EventManager : Event: ======'modes_active_modes_changed'====== Args={}
2025-11-07 00:48:58,953 : INFO : EventManager : Event: ======'mode_skull_stopped'====== Args={}
2025-11-07 00:48:58,953 : INFO : EventManager : Event: ======'clear'====== Args={'key': 'skull'}
2025-11-07 00:48:58,953 : INFO : Mode.bumpers : Stopped.
2025-11-07 00:48:58,953 : INFO : EventManager : Event: ======'modes_active_modes_changed'====== Args={}
2025-11-07 00:48:58,953 : INFO : EventManager : Event: ======'mode_bumpers_stopped'====== Args={}
2025-11-07 00:48:58,953 : INFO : EventManager : Event: ======'clear'====== Args={'key': 'bumpers'}
2025-11-07 00:48:58,954 : INFO : Timer.bumper_timer : Stopping Timer
2025-11-07 00:48:58,954 : INFO : EventManager : Event: ======'timer_bumper_timer_stopped'====== Args={'ticks': 1, 'ticks_remaining': 1}
2025-11-07 00:48:58,954 : INFO : Mode.base : Stopped.
2025-11-07 00:48:58,954 : INFO : EventManager : Event: ======'modes_active_modes_changed'====== Args={}
2025-11-07 00:48:58,954 : INFO : EventManager : Event: ======'mode_base_stopped'====== Args={}
2025-11-07 00:48:58,954 : INFO : EventManager : Event: ======'clear'====== Args={'key': 'base'}
2025-11-07 00:48:58,954 : INFO : Timer.player_added_timer : Stopping Timer
2025-11-07 00:48:58,954 : INFO : EventManager : Event: ======'timer_player_added_timer_stopped'====== Args={'ticks': 1, 'ticks_remaining': 1}
2025-11-07 00:48:58,954 : INFO : Mode.csi_lanes : Stopped.
2025-11-07 00:48:58,954 : INFO : EventManager : Event: ======'modes_active_modes_changed'====== Args={}
2025-11-07 00:48:58,954 : INFO : EventManager : Event: ======'mode_csi_lanes_stopped'====== Args={}
2025-11-07 00:48:58,954 : INFO : EventManager : Event: ======'clear'====== Args={'key': 'csi_lanes'}
2025-11-07 00:48:58,955 : INFO : Timer.csi_lanes_timer : Stopping Timer
2025-11-07 00:48:58,955 : INFO : EventManager : Event: ======'timer_csi_lanes_timer_stopped'====== Args={'ticks': 1, 'ticks_remaining': 1}
2025-11-07 00:48:58,955 : INFO : Timer.csi_right_orbit_timer : Stopping Timer
2025-11-07 00:48:58,955 : INFO : EventManager : Event: ======'timer_csi_right_orbit_timer_stopped'====== Args={'ticks': 0, 'ticks_remaining': 0}
2025-11-07 00:48:58,955 : INFO : Mode.game : Stopped.
2025-11-07 00:48:58,955 : INFO : EventManager : Event: ======'modes_active_modes_changed'====== Args={}
2025-11-07 00:48:58,955 : INFO : EventManager : Event: ======'mode_game_stopped'====== Args={}
2025-11-07 00:48:58,955 : INFO : EventManager : Event: ======'clear'====== Args={'key': 'game'}
2025-11-07 00:48:58,968 : INFO : root : MPF run loop ended.
