2025-11-02 01:13:41,479 : INFO : root : Loading config.
2025-11-02 01:13:41,480 : INFO : YamlMultifileConfigLoader : Machine config file #1: config.yaml
2025-11-02 01:13:41,480 : INFO : ConfigProcessor : Loading config from cache: /var/folders/m3/0d4y64_n3fn8tnkv3ydlhztw0000gn/T/5ca32a6c950d03116abbed96ca44d372.mpf_cache
2025-11-02 01:13:41,492 : INFO : ConfigProcessor : Loading config from cache: /var/folders/m3/0d4y64_n3fn8tnkv3ydlhztw0000gn/T/01c495fa7450a81b4be96cb699872531.mpf_cache
2025-11-02 01:13:41,492 : INFO : ConfigProcessor : Loading config from cache: /var/folders/m3/0d4y64_n3fn8tnkv3ydlhztw0000gn/T/bfde29b5bb803376b0637bb8f0da27a7.mpf_cache
2025-11-02 01:13:41,492 : INFO : ConfigProcessor : Loading config from cache: /var/folders/m3/0d4y64_n3fn8tnkv3ydlhztw0000gn/T/01c495fa7450a81b4be96cb699872531.mpf_cache
2025-11-02 01:13:41,492 : WARNING : ConfigProcessor : Config file in cache changed: /Users/didiergilbin/Desktop/Homebrew_CSI/modes/base/config/base.yaml
2025-11-02 01:13:41,492 : INFO : ConfigProcessor : Loading config from file /Users/didiergilbin/Desktop/Homebrew_CSI/modes/base/config/base.yaml.
2025-11-02 01:13:41,494 : INFO : ConfigProcessor : Loading config: /Users/didiergilbin/Desktop/Homebrew_CSI/modes/base/config/base.yaml
2025-11-02 01:13:41,494 : INFO : ConfigProcessor : Config file cache created: /var/folders/m3/0d4y64_n3fn8tnkv3ydlhztw0000gn/T/3ae89e09515ff8d8b11d68f672b2cc51.mpf_cache
2025-11-02 01:13:41,494 : INFO : ConfigProcessor : Loading config from cache: /var/folders/m3/0d4y64_n3fn8tnkv3ydlhztw0000gn/T/4c420229fa75118c2461cfc9ff5a44e2.mpf_cache
2025-11-02 01:13:41,494 : INFO : Machine : Mission Pinball Framework Core Engine v0.80.0.dev10
2025-11-02 01:13:41,494 : INFO : Machine : Command line arguments: {'no_load_cache': False, 'create_config_cache': True, 'bcp': True, 'configfile': ['config.yaml'], 'force_assets_load': False, 'platform_integration_test': False, 'jsonlogging': False, 'logfile': 'logs/2025-11-02-01-13-41-mpf-mac.home.log', 'pause': False, 'production': False, 'text_ui': False, 'loglevel': 15, 'consoleloglevel': 20, 'force_platform': 'smart_virtual', 'syslog_address': None, 'full_logfile_path': '/Users/didiergilbin/Desktop/Homebrew_CSI/logs/2025-11-02-01-13-41-mpf-mac.home.log'}
2025-11-02 01:13:41,494 : INFO : Machine : MPF path: /Users/didiergilbin/mpfenv/lib/python3.13/site-packages/mpf
2025-11-02 01:13:41,494 : INFO : Machine : Machine path: /Users/didiergilbin/Desktop/Homebrew_CSI
2025-11-02 01:13:41,494 : INFO : Machine : Platform: darwin
2025-11-02 01:13:41,494 : INFO : Machine : Python executable location: /Users/didiergilbin/mpfenv/bin/python3.13
2025-11-02 01:13:41,494 : INFO : Machine : Python version: 3.13.7 (64-bit)
2025-11-02 01:13:41,494 : INFO : Machine : Initializing MPF...
2025-11-02 01:13:41,507 : INFO : EventManager : Event: ======'machine_var_credits_string'====== Args={'value': 'FREE PLAY', 'prev_value': None, 'change': True}
2025-11-02 01:13:41,510 : INFO : EventManager : Event: ======'machine_var_master_volume'====== Args={'value': 0.5, 'prev_value': None, 'change': True}
2025-11-02 01:13:41,510 : INFO : EventManager : Event: ======'machine_var_player1_score'====== Args={'value': 0, 'prev_value': None, 'change': True}
2025-11-02 01:13:41,510 : INFO : EventManager : Event: ======'machine_var_player2_score'====== Args={'value': 0, 'prev_value': None, 'change': True}
2025-11-02 01:13:41,510 : INFO : EventManager : Event: ======'machine_var_mpf_version'====== Args={'value': 'Mission Pinball Framework v0.80.0.dev10', 'prev_value': None, 'change': True}
2025-11-02 01:13:41,510 : INFO : EventManager : Event: ======'machine_var_mpf_extended_version'====== Args={'value': 'Mission Pinball Framework v0.80.0.dev10, Config version:6, Show version: 6, BCP version:1.1', 'prev_value': None, 'change': True}
2025-11-02 01:13:41,510 : INFO : EventManager : Event: ======'machine_var_python_version'====== Args={'value': '3.13.7', 'prev_value': None, 'change': True}
2025-11-02 01:13:41,517 : INFO : EventManager : Event: ======'machine_var_platform'====== Args={'value': 'macOS-15.6.1-arm64-arm-64bit-Mach-O', 'prev_value': None, 'change': True}
2025-11-02 01:13:41,517 : INFO : EventManager : Event: ======'machine_var_platform_system'====== Args={'value': 'Darwin', 'prev_value': None, 'change': True}
2025-11-02 01:13:41,517 : INFO : EventManager : Event: ======'machine_var_platform_release'====== Args={'value': '24.6.0', 'prev_value': None, 'change': True}
2025-11-02 01:13:41,517 : INFO : EventManager : Event: ======'machine_var_platform_version'====== Args={'value': 'Darwin Kernel Version 24.6.0: Mon Jul 14 11:30:40 PDT 2025; root:xnu-11417.140.69~1/RELEASE_ARM64_T8132', 'prev_value': None, 'change': True}
2025-11-02 01:13:41,517 : INFO : EventManager : Event: ======'machine_var_platform_machine'====== Args={'value': 'arm64', 'prev_value': None, 'change': True}
2025-11-02 01:13:41,517 : INFO : EventManager : Event: ======'machine_var_log_file_path'====== Args={'value': '/Users/didiergilbin/Desktop/Homebrew_CSI/logs/2025-11-02-01-13-41-mpf-mac.home.log', 'prev_value': None, 'change': True}
2025-11-02 01:13:41,517 : INFO : EventManager : Event: ======'init_phase_1'====== Args={}
2025-11-02 01:13:41,522 : INFO : EventManager : Event: ======'init_phase_2'====== Args={}
2025-11-02 01:13:41,522 : INFO : SwitchController : Found active switch: ('2', <Platform.SmartVirtual>) <switch.s_trough1>
2025-11-02 01:13:41,522 : INFO : SwitchController : Found active switch: ('3', <Platform.SmartVirtual>) <switch.s_trough2>
2025-11-02 01:13:41,522 : INFO : SwitchController : Found active switch: ('4', <Platform.SmartVirtual>) <switch.s_trough3>
2025-11-02 01:13:41,522 : INFO : SwitchController : Found active switch: ('5', <Platform.SmartVirtual>) <switch.s_trough4>
2025-11-02 01:13:41,523 : INFO : EventManager : Event: ======'bcp_connection_attempt'====== Args={'name': 'local_display', 'host': 'localhost', 'port': 5050}
2025-11-02 01:13:41,523 : INFO : BCPClientSocket : Connecting BCP to 'local_display' at localhost:5050...
2025-11-02 01:13:41,525 : INFO : BCPClientSocket : Connected BCP to 'local_display' localhost:5050
2025-11-02 01:13:41,525 : INFO : EventManager : Event: ======'bcp_clients_connected'====== Args={}
2025-11-02 01:13:41,525 : INFO : ball_device.bd_drain : BCH: Initial count: 0
2025-11-02 01:13:41,525 : INFO : ball_device.bd_drain : State: idle
2025-11-02 01:13:41,526 : INFO : ball_device.bd_trough : BCH: Initial count: 4
2025-11-02 01:13:41,526 : INFO : ball_device.bd_trough : State: idle
2025-11-02 01:13:41,526 : INFO : ball_device.bd_plunger : BCH: Initial count: 0
2025-11-02 01:13:41,526 : INFO : ball_device.bd_plunger : State: idle
2025-11-02 01:13:41,528 : INFO : EventManager : Event: ======'init_phase_3'====== Args={}
2025-11-02 01:13:41,529 : INFO : EventManager : Event: ======'init_phase_4'====== Args={}
2025-11-02 01:13:41,529 : INFO : BallController : Initial balls found: 4
2025-11-02 01:13:41,529 : INFO : EventManager : Event: ======'machine_var_audits_events_game_ended'====== Args={'value': 47, 'prev_value': None, 'change': True}
2025-11-02 01:13:41,529 : INFO : EventManager : Event: ======'machine_var_audits_events_game_started'====== Args={'value': 271, 'prev_value': None, 'change': True}
2025-11-02 01:13:41,529 : INFO : EventManager : Event: ======'machine_var_audits_missing_switches_s_drain'====== Args={'value': 2, 'prev_value': None, 'change': True}
2025-11-02 01:13:41,529 : INFO : EventManager : Event: ======'machine_var_audits_missing_switches_s_launch_button'====== Args={'value': 271, 'prev_value': None, 'change': True}
2025-11-02 01:13:41,529 : INFO : EventManager : Event: ======'machine_var_audits_missing_switches_s_left_flipper'====== Args={'value': 6, 'prev_value': None, 'change': True}
2025-11-02 01:13:41,529 : INFO : EventManager : Event: ======'machine_var_audits_missing_switches_s_right_flipper'====== Args={'value': 6, 'prev_value': None, 'change': True}
2025-11-02 01:13:41,529 : INFO : EventManager : Event: ======'machine_var_audits_missing_switches_s_sling_left'====== Args={'value': 271, 'prev_value': None, 'change': True}
2025-11-02 01:13:41,529 : INFO : EventManager : Event: ======'machine_var_audits_missing_switches_s_sling_right'====== Args={'value': 271, 'prev_value': None, 'change': True}
2025-11-02 01:13:41,529 : INFO : EventManager : Event: ======'machine_var_audits_missing_switches_s_trough1'====== Args={'value': 2, 'prev_value': None, 'change': True}
2025-11-02 01:13:41,529 : INFO : EventManager : Event: ======'machine_var_audits_missing_switches_s_trough2'====== Args={'value': 2, 'prev_value': None, 'change': True}
2025-11-02 01:13:41,529 : INFO : EventManager : Event: ======'machine_var_audits_missing_switches_s_trough3'====== Args={'value': 49, 'prev_value': None, 'change': True}
2025-11-02 01:13:41,529 : INFO : EventManager : Event: ======'machine_var_audits_missing_switches_s_trough4'====== Args={'value': 49, 'prev_value': None, 'change': True}
2025-11-02 01:13:41,529 : INFO : EventManager : Event: ======'machine_var_audits_missing_switches_s_trough_jam'====== Args={'value': 2, 'prev_value': None, 'change': True}
2025-11-02 01:13:41,529 : INFO : EventManager : Event: ======'machine_var_audits_player_score'====== Args={'value': {'average': 219077, 'top': [10210000, 1550000, 1070000, 1070000, 810000, 640000, 530000, 460000, 410000, 410000], 'total': 100}, 'prev_value': None, 'change': True}
2025-11-02 01:13:41,529 : INFO : EventManager : Event: ======'machine_var_audits_shots_bumper1'====== Args={'value': 3168, 'prev_value': None, 'change': True}
2025-11-02 01:13:41,529 : INFO : EventManager : Event: ======'machine_var_audits_shots_bumper2'====== Args={'value': 3105, 'prev_value': None, 'change': True}
2025-11-02 01:13:41,529 : INFO : EventManager : Event: ======'machine_var_audits_shots_bumper3'====== Args={'value': 2825, 'prev_value': None, 'change': True}
2025-11-02 01:13:41,529 : INFO : EventManager : Event: ======'machine_var_audits_switches_s_drain'====== Args={'value': 450, 'prev_value': None, 'change': True}
2025-11-02 01:13:41,529 : INFO : EventManager : Event: ======'machine_var_audits_switches_s_launch_button'====== Args={'value': 0, 'prev_value': None, 'change': True}
2025-11-02 01:13:41,529 : INFO : EventManager : Event: ======'machine_var_audits_switches_s_left_flipper'====== Args={'value': 45, 'prev_value': None, 'change': True}
2025-11-02 01:13:41,529 : INFO : EventManager : Event: ======'machine_var_audits_switches_s_plunger_lane'====== Args={'value': 593, 'prev_value': None, 'change': True}
2025-11-02 01:13:41,529 : INFO : EventManager : Event: ======'machine_var_audits_switches_s_popbumper1'====== Args={'value': 3182, 'prev_value': None, 'change': True}
2025-11-02 01:13:41,529 : INFO : EventManager : Event: ======'machine_var_audits_switches_s_popbumper2'====== Args={'value': 3115, 'prev_value': None, 'change': True}
2025-11-02 01:13:41,529 : INFO : EventManager : Event: ======'machine_var_audits_switches_s_popbumper3'====== Args={'value': 2837, 'prev_value': None, 'change': True}
2025-11-02 01:13:41,529 : INFO : EventManager : Event: ======'machine_var_audits_switches_s_right_flipper'====== Args={'value': 76, 'prev_value': None, 'change': True}
2025-11-02 01:13:41,529 : INFO : EventManager : Event: ======'machine_var_audits_switches_s_scoop'====== Args={'value': 71, 'prev_value': None, 'change': True}
2025-11-02 01:13:41,529 : INFO : EventManager : Event: ======'machine_var_audits_switches_s_sling_left'====== Args={'value': 0, 'prev_value': None, 'change': True}
2025-11-02 01:13:41,529 : INFO : EventManager : Event: ======'machine_var_audits_switches_s_sling_right'====== Args={'value': 0, 'prev_value': None, 'change': True}
2025-11-02 01:13:41,529 : INFO : EventManager : Event: ======'machine_var_audits_switches_s_start'====== Args={'value': 565, 'prev_value': None, 'change': True}
2025-11-02 01:13:41,529 : INFO : EventManager : Event: ======'machine_var_audits_switches_s_trough1'====== Args={'value': 318, 'prev_value': None, 'change': True}
2025-11-02 01:13:41,529 : INFO : EventManager : Event: ======'machine_var_audits_switches_s_trough2'====== Args={'value': 13, 'prev_value': None, 'change': True}
2025-11-02 01:13:41,529 : INFO : EventManager : Event: ======'machine_var_audits_switches_s_trough3'====== Args={'value': 1, 'prev_value': None, 'change': True}
2025-11-02 01:13:41,530 : INFO : EventManager : Event: ======'machine_var_audits_switches_s_trough4'====== Args={'value': 1, 'prev_value': None, 'change': True}
2025-11-02 01:13:41,530 : INFO : EventManager : Event: ======'machine_var_audits_switches_s_trough_jam'====== Args={'value': 7, 'prev_value': None, 'change': True}
2025-11-02 01:13:41,530 : INFO : EventManager : Event: ======'init_phase_5'====== Args={}
2025-11-02 01:13:41,530 : INFO : EventManager : Event: ======'init_done'====== Args={}
2025-11-02 01:13:41,530 : INFO : EventManager : Event: ======'machine_reset_phase_1'====== Args={}
2025-11-02 01:13:41,567 : INFO : EventManager : Event: ======'machine_reset_phase_2'====== Args={}
2025-11-02 01:13:41,568 : INFO : EventManager : Event: ======'machine_reset_phase_3'====== Args={}
2025-11-02 01:13:41,568 : INFO : EventManager : Event: ======'reset_complete'====== Args={}
2025-11-02 01:13:41,568 : INFO : EventManager : Event: ======'mode_attract_will_start'====== Args={}
2025-11-02 01:13:41,568 : INFO : Timer.attract_carousel_timer : Starting Timer.
2025-11-02 01:13:41,568 : INFO : EventManager : Event: ======'timer_attract_carousel_timer_started'====== Args={'ticks': 0, 'ticks_remaining': 1}
2025-11-02 01:13:41,568 : INFO : EventManager : Event: ======'timer_attract_carousel_timer_tick'====== Args={'ticks': 0, 'ticks_remaining': 1}
2025-11-02 01:13:41,568 : INFO : EventManager : Event: ======'mode_attract_starting'====== Args={}
2025-11-02 01:13:41,569 : INFO : Mode.attract : Started. Priority: 10
2025-11-02 01:13:41,569 : INFO : EventManager : Event: ======'modes_active_modes_changed'====== Args={}
2025-11-02 01:13:41,569 : INFO : EventManager : Event: ======'mode_attract_started'====== Args={}
2025-11-02 01:13:41,569 : INFO : EventManager : Event: ======'collecting_balls_complete'====== Args={}
2025-11-02 01:13:41,569 : INFO : EventManager : Event: ======'carousel_item_highlighted'====== Args={'carousel': 'attract', 'direction': None, 'item': 'title'}
2025-11-02 01:13:41,569 : INFO : Machine : Starting the main run loop with active modes: [<Mode.attract>]
2025-11-02 01:13:41,951 : INFO : EventManager : Event: ======'slide_attract_created'====== Args={'_from_bcp': True}
2025-11-02 01:13:41,951 : INFO : EventManager : Event: ======'slide__removed'====== Args={'_from_bcp': True}
2025-11-02 01:13:41,951 : INFO : EventManager : Event: ======'slide_attract_active'====== Args={'original_context': 'attract', 'original_calling_context': 'mode_attract_started', 'priority': 10.0, 'cmd': 'slides_play', '_from_bcp': True}
2025-11-02 01:13:44,596 : INFO : SwitchController : <<<<<<< 's_start' active >>>>>>>
2025-11-02 01:13:44,711 : INFO : SwitchController : <<<<<<< 's_start' inactive >>>>>>>
2025-11-02 01:13:44,712 : INFO : EventManager : Event: ======'request_to_start_game'====== Args={}
2025-11-02 01:13:44,712 : INFO : EventManager : Event: ======'game_start'====== Args={'buttons': [], 'hold_time': 0.11485633300617337}
2025-11-02 01:13:44,713 : INFO : EventManager : Event: ======'mode_game_will_start'====== Args={'buttons': [], 'hold_time': 0.11485633300617337}
2025-11-02 01:13:44,714 : INFO : EventManager : Event: ======'mode_game_starting'====== Args={'buttons': [], 'hold_time': 0.11485633300617337}
2025-11-02 01:13:44,714 : INFO : EventManager : Event: ======'mode_attract_will_stop'====== Args={}
2025-11-02 01:13:44,714 : INFO : EventManager : Event: ======'mode_attract_stopping'====== Args={}
2025-11-02 01:13:44,714 : INFO : Mode.attract : Stopped.
2025-11-02 01:13:44,714 : INFO : EventManager : Event: ======'modes_active_modes_changed'====== Args={}
2025-11-02 01:13:44,715 : INFO : EventManager : Event: ======'mode_attract_stopped'====== Args={}
2025-11-02 01:13:44,715 : INFO : EventManager : Event: ======'clear'====== Args={'key': 'attract'}
2025-11-02 01:13:44,716 : INFO : Timer.attract_carousel_timer : Stopping Timer
2025-11-02 01:13:44,716 : INFO : EventManager : Event: ======'timer_attract_carousel_timer_stopped'====== Args={'ticks': 0, 'ticks_remaining': 1}
2025-11-02 01:13:44,716 : INFO : Mode.game : Started. Priority: 20
2025-11-02 01:13:44,716 : INFO : EventManager : Event: ======'modes_active_modes_changed'====== Args={}
2025-11-02 01:13:44,716 : INFO : EventManager : Event: ======'mode_game_started'====== Args={'buttons': [], 'hold_time': 0.11485633300617337}
2025-11-02 01:13:44,717 : INFO : EventManager : Event: ======'game_will_start'====== Args={}
2025-11-02 01:13:44,717 : INFO : EventManager : Event: ======'game_starting'====== Args={'game': <Mode.game>}
2025-11-02 01:13:44,719 : INFO : EventManager : Unordered handler for class <Auditor> on event game_ended with priority 1. Handlers: [RegisteredHandler(callback=<bound method Auditor.disable of <Auditor>>, priority=1, kwargs={}, key=UUID('fa90851a-6632-49e1-9637-4e843f58bc6e'), condition=None, blocking_facility=None), RegisteredHandler(callback=<bound method Auditor._save_audits of <Auditor>>, priority=1, kwargs={}, key=UUID('824b4fed-b809-415e-a70f-f514e0344c4c'), condition=None, blocking_facility=None)]. The order of those handlers is not defined and they will be executed in random order. This might lead to race conditions and potential bugs.
2025-11-02 01:13:44,719 : INFO : EventManager : Event: ======'player_add_request'====== Args={}
2025-11-02 01:13:44,719 : INFO : EventManager : Event: ======'player_will_add'====== Args={'number': 1}
2025-11-02 01:13:44,719 : INFO : EventManager : Event: ======'player_adding'====== Args={'player': <Player 1>, 'number': 1}
2025-11-02 01:13:44,720 : INFO : EventManager : Event: ======'player_added'====== Args={'player': <Player 1>, 'num': 1}
2025-11-02 01:13:44,720 : INFO : Mode.game : Player added successfully. Total players: 1
2025-11-02 01:13:44,720 : INFO : EventManager : Event: ======'player_index'====== Args={'value': 0, 'prev_value': 0, 'change': 0, 'player_num': 1}
2025-11-02 01:13:44,720 : INFO : EventManager : Event: ======'player_number'====== Args={'value': 1, 'prev_value': 1, 'change': 0, 'player_num': 1}
2025-11-02 01:13:44,721 : INFO : EventManager : Event: ======'player_score'====== Args={'value': 0, 'prev_value': 0, 'change': 0, 'player_num': 1}
2025-11-02 01:13:44,721 : INFO : EventManager : Event: ======'game_started'====== Args={}
2025-11-02 01:13:44,722 : INFO : EventManager : Event: ======'player_turn_will_start'====== Args={'player': <Player 1>, 'number': 1}
2025-11-02 01:13:44,722 : INFO : EventManager : Event: ======'player_turn_starting'====== Args={'player': <Player 1>, 'number': 1}
2025-11-02 01:13:44,728 : INFO : EventManager : Event: ======'player_ball'====== Args={'value': 1, 'prev_value': 0, 'change': 1, 'player_num': 1}
2025-11-02 01:13:44,730 : INFO : EventManager : Event: ======'player_turn_started'====== Args={'player': <Player 1>, 'number': 1}
2025-11-02 01:13:44,730 : INFO : EventManager : Event: ======'ball_will_start'====== Args={'player': 1, 'ball': 1, 'balls_remaining': 2, 'is_extra_ball': False}
2025-11-02 01:13:44,731 : INFO : EventManager : Event: ======'ball_starting'====== Args={'player': 1, 'ball': 1, 'balls_remaining': 2, 'is_extra_ball': False}
2025-11-02 01:13:44,731 : INFO : EventManager : Event: ======'mode_base_will_start'====== Args={'queue': <QueuedEvent>, 'player': 1, 'ball': 1, 'balls_remaining': 2, 'is_extra_ball': False}
2025-11-02 01:13:44,731 : INFO : EventManager : Event: ======'player_base_player_added_timer_tick'====== Args={'value': 0, 'prev_value': 0, 'change': 0, 'player_num': 1}
2025-11-02 01:13:44,731 : INFO : Timer.player_added_timer : Starting Timer.
2025-11-02 01:13:44,731 : INFO : EventManager : Event: ======'timer_player_added_timer_started'====== Args={'ticks': 0, 'ticks_remaining': 1}
2025-11-02 01:13:44,732 : INFO : EventManager : Event: ======'timer_player_added_timer_tick'====== Args={'ticks': 0, 'ticks_remaining': 1}
2025-11-02 01:13:44,732 : INFO : EventManager : Event: ======'mode_base_starting'====== Args={'queue': <QueuedEvent>, 'player': 1, 'ball': 1, 'balls_remaining': 2, 'is_extra_ball': False}
2025-11-02 01:13:44,732 : INFO : Mode.base : Started. Priority: 100
2025-11-02 01:13:44,733 : INFO : EventManager : Event: ======'modes_active_modes_changed'====== Args={}
2025-11-02 01:13:44,733 : INFO : EventManager : Event: ======'mode_base_started'====== Args={'queue': <QueuedEvent>, 'player': 1, 'ball': 1, 'balls_remaining': 2, 'is_extra_ball': False}
2025-11-02 01:13:44,733 : INFO : EventManager : Event: ======'start_mode_bumpers'====== Args={'priority': 0}
2025-11-02 01:13:44,733 : INFO : EventManager : Event: ======'mode_bumpers_will_start'====== Args={'priority': 0}
2025-11-02 01:13:44,733 : INFO : EventManager : Event: ======'player_shot_bumper1_enabled'====== Args={'value': True, 'prev_value': 0, 'change': 1, 'player_num': 1}
2025-11-02 01:13:44,734 : INFO : EventManager : Event: ======'player_shot_bumper2_enabled'====== Args={'value': True, 'prev_value': 0, 'change': 1, 'player_num': 1}
2025-11-02 01:13:44,734 : INFO : EventManager : Event: ======'player_shot_bumper3_enabled'====== Args={'value': True, 'prev_value': 0, 'change': 1, 'player_num': 1}
2025-11-02 01:13:44,735 : INFO : EventManager : Event: ======'bumpers_complete'====== Args={'state': 'unlit'}
2025-11-02 01:13:44,735 : INFO : EventManager : Event: ======'bumpers_unlit_complete'====== Args={}
2025-11-02 01:13:44,735 : INFO : EventManager : Event: ======'mode_bumpers_starting'====== Args={'priority': 0}
2025-11-02 01:13:44,735 : INFO : Mode.bumpers : Started. Priority: 200
2025-11-02 01:13:44,735 : INFO : EventManager : Event: ======'modes_active_modes_changed'====== Args={}
2025-11-02 01:13:44,735 : INFO : EventManager : Event: ======'mode_bumpers_started'====== Args={'priority': 0}
2025-11-02 01:13:44,736 : INFO : EventManager : Event: ======'balls_in_play'====== Args={'balls': 1}
2025-11-02 01:13:44,736 : INFO : EventManager : Event: ======'ball_started'====== Args={'player': 1, 'ball': 1, 'balls_remaining': 2, 'is_extra_ball': False}
2025-11-02 01:13:44,736 : INFO : EventManager : Event: ======'single_player_ball_started'====== Args={}
2025-11-02 01:13:44,737 : INFO : EventManager : Event: ======'ball_start_target'====== Args={'target': 'playfield'}
2025-11-02 01:13:44,737 : INFO : ball_device.bd_trough : Setting up player-controlled eject. Balls: 1, Target: <playfield.playfield>, player_controlled_eject_event: None
2025-11-02 01:13:44,737 : INFO : ball_device.bd_trough : Adding 1 ball(s) to the eject_queue with target <playfield.playfield>.
2025-11-02 01:13:44,737 : INFO : EventManager : Event: ======'balldevice_balls_available'====== Args={}
2025-11-02 01:13:44,738 : INFO : ball_device.bd_trough : State: waiting_for_target_ready
2025-11-02 01:13:44,738 : INFO : EventManager : Event: ======'balldevice_bd_trough_ball_eject_attempt'====== Args={'balls': 1, 'target': <ball_device.bd_plunger>, 'source': <ball_device.bd_trough>, 'mechanical_eject': False, 'num_attempts': 0}
2025-11-02 01:13:44,738 : INFO : ball_device.bd_plunger : State: waiting_for_ball
2025-11-02 01:13:44,738 : INFO : ball_device.bd_trough : State: ejecting
2025-11-02 01:13:44,738 : INFO : ball_device.bd_trough : Ejecting ball to <ball_device.bd_plunger>
2025-11-02 01:13:44,738 : INFO : EventManager : Event: ======'balldevice_bd_trough_ejecting_ball'====== Args={'balls': 1, 'target': <ball_device.bd_plunger>, 'source': <ball_device.bd_trough>, 'mechanical_eject': False, 'num_attempts': 0}
2025-11-02 01:13:44,739 : INFO : ball_device.bd_trough : Wait for ball to leave device
2025-11-02 01:13:44,739 : INFO : coil.c_trough_eject : Pulsing Driver for 20ms (1.0 pulse_power)
2025-11-02 01:13:44,739 : INFO : SwitchController : <<<<<<< 's_trough1' inactive >>>>>>>
2025-11-02 01:13:44,739 : INFO : ball_device.bd_trough : State: ball_left
2025-11-02 01:13:44,739 : INFO : ball_device.bd_trough : Ball left
2025-11-02 01:13:44,740 : INFO : ball_device.bd_trough : Wait for confirm with timeout 3.0
2025-11-02 01:13:44,840 : INFO : SwitchController : <<<<<<< 's_plunger_lane' active >>>>>>>
2025-11-02 01:13:44,841 : INFO : EventManager : Event: ======'machine_var_audits_switches_s_plunger_lane'====== Args={'value': 594, 'prev_value': 593, 'change': 1}
2025-11-02 01:13:44,892 : INFO : EventManager : Event: ======'slide_base_slide_created'====== Args={'_from_bcp': True}
2025-11-02 01:13:44,893 : INFO : EventManager : Event: ======'slide_attract_inactive'====== Args={'is_removing': True, '_from_bcp': True}
2025-11-02 01:13:44,893 : INFO : EventManager : Event: ======'slide_base_slide_active'====== Args={'original_context': 'base', 'original_calling_context': 'mode_base_started', 'priority': 100.0, 'queue': '<QueuedEvent>', 'player': 1.0, 'ball': 1.0, 'balls_remaining': 2.0, 'is_extra_ball': False, 'cmd': 'slides_play', '_from_bcp': True}
2025-11-02 01:13:44,893 : INFO : EventManager : Event: ======'slide_attract_removed'====== Args={'_from_bcp': True}
2025-11-02 01:13:45,342 : INFO : ball_device.bd_plunger : Received ball from <ball_device.bd_trough>
2025-11-02 01:13:45,342 : INFO : EventManager : Event: ======'balldevice_bd_plunger_ball_enter'====== Args={'new_balls': 1, 'unclaimed_balls': 0, 'new_available_balls': 0, 'device': <ball_device.bd_plunger>}
2025-11-02 01:13:45,347 : INFO : EventManager : Event: ======'balldevice_bd_plunger_ball_entered'====== Args={'new_balls': 0, 'device': <ball_device.bd_plunger>}
2025-11-02 01:13:45,347 : INFO : EventManager : Event: ======'balldevice_bd_plunger_ball_count_changed'====== Args={'balls': 1}
2025-11-02 01:13:45,348 : INFO : ball_device.bd_trough : Got eject confirm
2025-11-02 01:13:45,348 : INFO : ball_device.bd_trough : Eject successful
2025-11-02 01:13:45,348 : INFO : EventManager : Event: ======'balldevice_bd_trough_ball_eject_success'====== Args={'balls': 1, 'target': <ball_device.bd_plunger>}
2025-11-02 01:13:45,348 : INFO : ball_device.bd_plunger : State: waiting_for_target_ready
2025-11-02 01:13:45,348 : INFO : EventManager : Event: ======'balldevice_bd_plunger_ball_eject_attempt'====== Args={'balls': 1, 'target': <playfield.playfield>, 'source': <ball_device.bd_plunger>, 'mechanical_eject': False, 'num_attempts': 0}
2025-11-02 01:13:45,348 : INFO : EventManager : Event: ======'balldevice_bd_trough_ball_count_changed'====== Args={'balls': 3}
2025-11-02 01:13:45,348 : INFO : ball_device.bd_trough : State: idle
2025-11-02 01:13:45,349 : INFO : ball_device.bd_plunger : State: ejecting
2025-11-02 01:13:45,349 : INFO : ball_device.bd_plunger : Ejecting ball to <playfield.playfield>
2025-11-02 01:13:45,349 : INFO : EventManager : Event: ======'balldevice_bd_plunger_ejecting_ball'====== Args={'balls': 1, 'target': <playfield.playfield>, 'source': <ball_device.bd_plunger>, 'mechanical_eject': False, 'num_attempts': 0}
2025-11-02 01:13:45,349 : INFO : ball_device.bd_plunger : Wait for ball to leave device
2025-11-02 01:13:45,349 : INFO : coil.c_plunger : Pulsing Driver for 20ms (1.0 pulse_power)
2025-11-02 01:13:45,349 : INFO : SwitchController : <<<<<<< 's_plunger_lane' inactive >>>>>>>
2025-11-02 01:13:45,350 : INFO : ball_device.bd_plunger : State: ball_left
2025-11-02 01:13:45,350 : INFO : ball_device.bd_plunger : Ball left
2025-11-02 01:13:45,350 : INFO : ball_device.bd_plunger : Wait for confirm with timeout 3.0
2025-11-02 01:13:45,433 : INFO : EventManager : Event: ======'player_base_player_added_timer_tick'====== Args={'value': 1, 'prev_value': 0, 'change': 1, 'player_num': 1}
2025-11-02 01:13:45,433 : INFO : Timer.player_added_timer : Timer Complete
2025-11-02 01:13:45,433 : INFO : Timer.player_added_timer : Stopping Timer
2025-11-02 01:13:45,433 : INFO : EventManager : Event: ======'timer_player_added_timer_stopped'====== Args={'ticks': 1, 'ticks_remaining': 1}
2025-11-02 01:13:45,433 : INFO : EventManager : Event: ======'timer_player_added_timer_complete'====== Args={'ticks': 1, 'ticks_remaining': 1}
2025-11-02 01:13:45,944 : INFO : SwitchController : <<<<<<< 's_start' active >>>>>>>
2025-11-02 01:13:45,945 : INFO : EventManager : Event: ======'sw_start'====== Args={}
2025-11-02 01:13:45,945 : INFO : EventManager : Event: ======'machine_var_audits_switches_s_start'====== Args={'value': 566, 'prev_value': 565, 'change': 1}
2025-11-02 01:13:45,946 : INFO : EventManager : Event: ======'player_add_request'====== Args={}
2025-11-02 01:13:45,946 : INFO : EventManager : Event: ======'player_will_add'====== Args={'number': 2}
2025-11-02 01:13:45,946 : INFO : EventManager : Event: ======'player_adding'====== Args={'player': <Player 2>, 'number': 2}
2025-11-02 01:13:45,946 : INFO : EventManager : Event: ======'player_added'====== Args={'player': <Player 2>, 'num': 2}
2025-11-02 01:13:45,946 : INFO : Mode.game : Player added successfully. Total players: 2
2025-11-02 01:13:45,946 : INFO : EventManager : Event: ======'multiplayer_game'====== Args={}
2025-11-02 01:13:45,947 : INFO : EventManager : Event: ======'player_base_player_added_timer_tick'====== Args={'value': 0, 'prev_value': 1, 'change': -1, 'player_num': 1}
2025-11-02 01:13:45,947 : INFO : Timer.player_added_timer : Starting Timer.
2025-11-02 01:13:45,947 : INFO : EventManager : Event: ======'timer_player_added_timer_started'====== Args={'ticks': 0, 'ticks_remaining': 1}
2025-11-02 01:13:45,948 : INFO : EventManager : Event: ======'timer_player_added_timer_tick'====== Args={'ticks': 0, 'ticks_remaining': 1}
2025-11-02 01:13:45,948 : INFO : EventManager : Event: ======'player_index'====== Args={'value': 1, 'prev_value': 1, 'change': 0, 'player_num': 2}
2025-11-02 01:13:45,948 : INFO : EventManager : Event: ======'player_number'====== Args={'value': 2, 'prev_value': 2, 'change': 0, 'player_num': 2}
2025-11-02 01:13:45,948 : INFO : EventManager : Event: ======'player_score'====== Args={'value': 0, 'prev_value': 0, 'change': 0, 'player_num': 2}
2025-11-02 01:13:45,987 : INFO : EventManager : Event: ======'widget_player_addded_widget_active'====== Args={'original_context': 'base', 'original_calling_context': 'player_added', 'priority': 100.0, 'player': '<Player 2>', 'num': 2.0, 'cmd': 'widgets_play', '_from_bcp': True}
2025-11-02 01:13:46,078 : INFO : SwitchController : <<<<<<< 's_start' inactive >>>>>>>
2025-11-02 01:13:46,648 : INFO : EventManager : Event: ======'player_base_player_added_timer_tick'====== Args={'value': 1, 'prev_value': 0, 'change': 1, 'player_num': 1}
2025-11-02 01:13:46,649 : INFO : Timer.player_added_timer : Timer Complete
2025-11-02 01:13:46,649 : INFO : Timer.player_added_timer : Stopping Timer
2025-11-02 01:13:46,649 : INFO : EventManager : Event: ======'timer_player_added_timer_stopped'====== Args={'ticks': 1, 'ticks_remaining': 1}
2025-11-02 01:13:46,649 : INFO : EventManager : Event: ======'timer_player_added_timer_complete'====== Args={'ticks': 1, 'ticks_remaining': 1}
2025-11-02 01:13:46,661 : INFO : EventManager : Event: ======'widget_player_addded_widget_removed'====== Args={'_from_bcp': True}
2025-11-02 01:13:47,461 : INFO : SwitchController : <<<<<<< 's_right_flipper' active >>>>>>>
2025-11-02 01:13:47,462 : INFO : EventManager : Event: ======'machine_var_audits_switches_s_right_flipper'====== Args={'value': 77, 'prev_value': 76, 'change': 1}
2025-11-02 01:13:47,578 : INFO : SwitchController : <<<<<<< 's_right_flipper' inactive >>>>>>>
2025-11-02 01:13:48,351 : INFO : ball_device.bd_plunger : State: failed_confirm
2025-11-02 01:13:48,351 : INFO : ball_device.bd_plunger : Got timeout (3.0s) before confirm from <playfield.playfield>
2025-11-02 01:13:48,453 : INFO : ball_device.bd_plunger : Confirming eject because target is playfield and ball did not return.
2025-11-02 01:13:48,453 : INFO : ball_device.bd_plunger : Eject successful
2025-11-02 01:13:48,453 : INFO : EventManager : Event: ======'balldevice_bd_plunger_ball_eject_success'====== Args={'balls': 1, 'target': <playfield.playfield>}
2025-11-02 01:13:48,454 : INFO : EventManager : Event: ======'balldevice_playfield_ball_enter'====== Args={'new_balls': 1, 'unclaimed_balls': 1, 'device': <playfield.playfield>}
2025-11-02 01:13:48,454 : INFO : EventManager : Event: ======'playfield_ball_count_change'====== Args={'balls': 1, 'change': 1}
2025-11-02 01:13:48,454 : INFO : EventManager : Event: ======'balldevice_bd_plunger_ball_count_changed'====== Args={'balls': 0}
2025-11-02 01:13:48,454 : INFO : ball_device.bd_plunger : State: idle
2025-11-02 01:13:48,594 : INFO : SwitchController : <<<<<<< 's_popbumper2' active >>>>>>>
2025-11-02 01:13:48,595 : INFO : EventManager : Event: ======'s_popbumper2_active'====== Args={}
2025-11-02 01:13:48,595 : INFO : EventManager : Event: ======'machine_var_audits_switches_s_popbumper2'====== Args={'value': 3116, 'prev_value': 3115, 'change': 1}
2025-11-02 01:13:48,596 : INFO : EventManager : Event: ======'player_shot_bumper2'====== Args={'value': 1, 'prev_value': 0, 'change': 1, 'player_num': 1}
2025-11-02 01:13:48,596 : INFO : EventManager : Event: ======'machine_var_audits_shots_bumper2'====== Args={'value': 3106, 'prev_value': 3105, 'change': 1}
2025-11-02 01:13:48,596 : INFO : EventManager : Event: ======'bumper2_hit'====== Args={'profile': 'default', 'state': 'unlit', 'advancing': True}
2025-11-02 01:13:48,596 : INFO : EventManager : Event: ======'bumper2_default_hit'====== Args={'profile': 'default', 'state': 'unlit', 'advancing': True}
2025-11-02 01:13:48,597 : INFO : EventManager : Event: ======'bumper2_default_unlit_hit'====== Args={'profile': 'default', 'state': 'unlit', 'advancing': True}
2025-11-02 01:13:48,597 : INFO : EventManager : Event: ======'bumper2_unlit_hit'====== Args={'profile': 'default', 'state': 'unlit', 'advancing': True}
2025-11-02 01:13:48,597 : INFO : EventManager : Event: ======'bumpers_hit'====== Args={'shot': 'bumper2'}
2025-11-02 01:13:48,597 : INFO : EventManager : Event: ======'bumpers_unlit_hit'====== Args={'shot': 'bumper2'}
2025-11-02 01:13:48,597 : INFO : EventManager : Event: ======'player_score'====== Args={'value': 10000, 'prev_value': 0, 'change': 10000, 'player_num': 1, 'source': 'bumpers'}
2025-11-02 01:13:48,761 : INFO : SwitchController : <<<<<<< 's_popbumper2' inactive >>>>>>>
2025-11-02 01:13:48,811 : INFO : SwitchController : <<<<<<< 's_popbumper1' active >>>>>>>
2025-11-02 01:13:48,811 : INFO : EventManager : Event: ======'s_popbumper1_active'====== Args={}
2025-11-02 01:13:48,811 : INFO : EventManager : Event: ======'machine_var_audits_switches_s_popbumper1'====== Args={'value': 3183, 'prev_value': 3182, 'change': 1}
2025-11-02 01:13:48,812 : INFO : EventManager : Event: ======'player_shot_bumper1'====== Args={'value': 1, 'prev_value': 0, 'change': 1, 'player_num': 1}
2025-11-02 01:13:48,812 : INFO : EventManager : Event: ======'machine_var_audits_shots_bumper1'====== Args={'value': 3169, 'prev_value': 3168, 'change': 1}
2025-11-02 01:13:48,813 : INFO : EventManager : Event: ======'bumper1_hit'====== Args={'profile': 'default', 'state': 'unlit', 'advancing': True}
2025-11-02 01:13:48,813 : INFO : EventManager : Event: ======'bumper1_default_hit'====== Args={'profile': 'default', 'state': 'unlit', 'advancing': True}
2025-11-02 01:13:48,813 : INFO : EventManager : Event: ======'bumper1_default_unlit_hit'====== Args={'profile': 'default', 'state': 'unlit', 'advancing': True}
2025-11-02 01:13:48,813 : INFO : EventManager : Event: ======'bumper1_unlit_hit'====== Args={'profile': 'default', 'state': 'unlit', 'advancing': True}
2025-11-02 01:13:48,813 : INFO : EventManager : Event: ======'bumpers_hit'====== Args={'shot': 'bumper1'}
2025-11-02 01:13:48,813 : INFO : EventManager : Event: ======'bumpers_unlit_hit'====== Args={'shot': 'bumper1'}
2025-11-02 01:13:48,813 : INFO : EventManager : Event: ======'player_score'====== Args={'value': 20000, 'prev_value': 10000, 'change': 10000, 'player_num': 1, 'source': 'bumpers'}
2025-11-02 01:13:48,894 : INFO : SwitchController : <<<<<<< 's_popbumper1' inactive >>>>>>>
2025-11-02 01:13:48,977 : INFO : SwitchController : <<<<<<< 's_popbumper2' active >>>>>>>
2025-11-02 01:13:48,977 : INFO : EventManager : Event: ======'s_popbumper2_active'====== Args={}
2025-11-02 01:13:48,978 : INFO : EventManager : Event: ======'machine_var_audits_switches_s_popbumper2'====== Args={'value': 3117, 'prev_value': 3116, 'change': 1}
2025-11-02 01:13:48,978 : INFO : EventManager : Event: ======'machine_var_audits_shots_bumper2'====== Args={'value': 3107, 'prev_value': 3106, 'change': 1}
2025-11-02 01:13:48,979 : INFO : EventManager : Event: ======'bumper2_hit'====== Args={'profile': 'default', 'state': 'lit', 'advancing': False}
2025-11-02 01:13:48,979 : INFO : EventManager : Event: ======'bumper2_default_hit'====== Args={'profile': 'default', 'state': 'lit', 'advancing': False}
2025-11-02 01:13:48,979 : INFO : EventManager : Event: ======'bumper2_default_lit_hit'====== Args={'profile': 'default', 'state': 'lit', 'advancing': False}
2025-11-02 01:13:48,979 : INFO : EventManager : Event: ======'bumper2_lit_hit'====== Args={'profile': 'default', 'state': 'lit', 'advancing': False}
2025-11-02 01:13:48,979 : INFO : EventManager : Event: ======'bumpers_hit'====== Args={'shot': 'bumper2'}
2025-11-02 01:13:48,979 : INFO : EventManager : Event: ======'bumpers_lit_hit'====== Args={'shot': 'bumper2'}
2025-11-02 01:13:48,979 : INFO : EventManager : Event: ======'player_score'====== Args={'value': 30000, 'prev_value': 20000, 'change': 10000, 'player_num': 1, 'source': 'bumpers'}
2025-11-02 01:13:48,994 : INFO : SwitchController : <<<<<<< 's_popbumper1' active >>>>>>>
2025-11-02 01:13:48,995 : INFO : EventManager : Event: ======'s_popbumper1_active'====== Args={}
2025-11-02 01:13:48,995 : INFO : EventManager : Event: ======'machine_var_audits_switches_s_popbumper1'====== Args={'value': 3184, 'prev_value': 3183, 'change': 1}
2025-11-02 01:13:48,996 : INFO : EventManager : Event: ======'machine_var_audits_shots_bumper1'====== Args={'value': 3170, 'prev_value': 3169, 'change': 1}
2025-11-02 01:13:48,996 : INFO : EventManager : Event: ======'bumper1_hit'====== Args={'profile': 'default', 'state': 'lit', 'advancing': False}
2025-11-02 01:13:48,996 : INFO : EventManager : Event: ======'bumper1_default_hit'====== Args={'profile': 'default', 'state': 'lit', 'advancing': False}
2025-11-02 01:13:48,996 : INFO : EventManager : Event: ======'bumper1_default_lit_hit'====== Args={'profile': 'default', 'state': 'lit', 'advancing': False}
2025-11-02 01:13:48,996 : INFO : EventManager : Event: ======'bumper1_lit_hit'====== Args={'profile': 'default', 'state': 'lit', 'advancing': False}
2025-11-02 01:13:48,996 : INFO : EventManager : Event: ======'bumpers_hit'====== Args={'shot': 'bumper1'}
2025-11-02 01:13:48,996 : INFO : EventManager : Event: ======'bumpers_lit_hit'====== Args={'shot': 'bumper1'}
2025-11-02 01:13:48,996 : INFO : EventManager : Event: ======'player_score'====== Args={'value': 40000, 'prev_value': 30000, 'change': 10000, 'player_num': 1, 'source': 'bumpers'}
2025-11-02 01:13:49,078 : INFO : SwitchController : <<<<<<< 's_popbumper2' inactive >>>>>>>
2025-11-02 01:13:49,079 : INFO : SwitchController : <<<<<<< 's_popbumper1' inactive >>>>>>>
2025-11-02 01:13:49,344 : INFO : SwitchController : <<<<<<< 's_popbumper1' active >>>>>>>
2025-11-02 01:13:49,345 : INFO : EventManager : Event: ======'s_popbumper1_active'====== Args={}
2025-11-02 01:13:49,345 : INFO : EventManager : Event: ======'machine_var_audits_switches_s_popbumper1'====== Args={'value': 3185, 'prev_value': 3184, 'change': 1}
2025-11-02 01:13:49,346 : INFO : EventManager : Event: ======'machine_var_audits_shots_bumper1'====== Args={'value': 3171, 'prev_value': 3170, 'change': 1}
2025-11-02 01:13:49,346 : INFO : EventManager : Event: ======'bumper1_hit'====== Args={'profile': 'default', 'state': 'lit', 'advancing': False}
2025-11-02 01:13:49,346 : INFO : EventManager : Event: ======'bumper1_default_hit'====== Args={'profile': 'default', 'state': 'lit', 'advancing': False}
2025-11-02 01:13:49,346 : INFO : EventManager : Event: ======'bumper1_default_lit_hit'====== Args={'profile': 'default', 'state': 'lit', 'advancing': False}
2025-11-02 01:13:49,346 : INFO : EventManager : Event: ======'bumper1_lit_hit'====== Args={'profile': 'default', 'state': 'lit', 'advancing': False}
2025-11-02 01:13:49,346 : INFO : EventManager : Event: ======'bumpers_hit'====== Args={'shot': 'bumper1'}
2025-11-02 01:13:49,346 : INFO : EventManager : Event: ======'bumpers_lit_hit'====== Args={'shot': 'bumper1'}
2025-11-02 01:13:49,347 : INFO : EventManager : Event: ======'player_score'====== Args={'value': 50000, 'prev_value': 40000, 'change': 10000, 'player_num': 1, 'source': 'bumpers'}
2025-11-02 01:13:49,363 : INFO : SwitchController : <<<<<<< 's_popbumper2' active >>>>>>>
2025-11-02 01:13:49,363 : INFO : EventManager : Event: ======'s_popbumper2_active'====== Args={}
2025-11-02 01:13:49,363 : INFO : EventManager : Event: ======'machine_var_audits_switches_s_popbumper2'====== Args={'value': 3118, 'prev_value': 3117, 'change': 1}
2025-11-02 01:13:49,364 : INFO : EventManager : Event: ======'machine_var_audits_shots_bumper2'====== Args={'value': 3108, 'prev_value': 3107, 'change': 1}
2025-11-02 01:13:49,365 : INFO : EventManager : Event: ======'bumper2_hit'====== Args={'profile': 'default', 'state': 'lit', 'advancing': False}
2025-11-02 01:13:49,365 : INFO : EventManager : Event: ======'bumper2_default_hit'====== Args={'profile': 'default', 'state': 'lit', 'advancing': False}
2025-11-02 01:13:49,365 : INFO : EventManager : Event: ======'bumper2_default_lit_hit'====== Args={'profile': 'default', 'state': 'lit', 'advancing': False}
2025-11-02 01:13:49,365 : INFO : EventManager : Event: ======'bumper2_lit_hit'====== Args={'profile': 'default', 'state': 'lit', 'advancing': False}
2025-11-02 01:13:49,365 : INFO : EventManager : Event: ======'bumpers_hit'====== Args={'shot': 'bumper2'}
2025-11-02 01:13:49,365 : INFO : EventManager : Event: ======'bumpers_lit_hit'====== Args={'shot': 'bumper2'}
2025-11-02 01:13:49,365 : INFO : EventManager : Event: ======'player_score'====== Args={'value': 60000, 'prev_value': 50000, 'change': 10000, 'player_num': 1, 'source': 'bumpers'}
2025-11-02 01:13:49,444 : INFO : SwitchController : <<<<<<< 's_popbumper2' inactive >>>>>>>
2025-11-02 01:13:49,495 : INFO : SwitchController : <<<<<<< 's_popbumper1' inactive >>>>>>>
2025-11-02 01:13:49,511 : INFO : SwitchController : <<<<<<< 's_popbumper1' active >>>>>>>
2025-11-02 01:13:49,511 : INFO : EventManager : Event: ======'s_popbumper1_active'====== Args={}
2025-11-02 01:13:49,511 : INFO : EventManager : Event: ======'machine_var_audits_switches_s_popbumper1'====== Args={'value': 3186, 'prev_value': 3185, 'change': 1}
2025-11-02 01:13:49,511 : INFO : EventManager : Event: ======'machine_var_audits_shots_bumper1'====== Args={'value': 3172, 'prev_value': 3171, 'change': 1}
2025-11-02 01:13:49,512 : INFO : EventManager : Event: ======'bumper1_hit'====== Args={'profile': 'default', 'state': 'lit', 'advancing': False}
2025-11-02 01:13:49,512 : INFO : EventManager : Event: ======'bumper1_default_hit'====== Args={'profile': 'default', 'state': 'lit', 'advancing': False}
2025-11-02 01:13:49,512 : INFO : EventManager : Event: ======'bumper1_default_lit_hit'====== Args={'profile': 'default', 'state': 'lit', 'advancing': False}
2025-11-02 01:13:49,512 : INFO : EventManager : Event: ======'bumper1_lit_hit'====== Args={'profile': 'default', 'state': 'lit', 'advancing': False}
2025-11-02 01:13:49,512 : INFO : EventManager : Event: ======'bumpers_hit'====== Args={'shot': 'bumper1'}
2025-11-02 01:13:49,512 : INFO : EventManager : Event: ======'bumpers_lit_hit'====== Args={'shot': 'bumper1'}
2025-11-02 01:13:49,512 : INFO : EventManager : Event: ======'player_score'====== Args={'value': 70000, 'prev_value': 60000, 'change': 10000, 'player_num': 1, 'source': 'bumpers'}
2025-11-02 01:13:49,578 : INFO : SwitchController : <<<<<<< 's_popbumper3' active >>>>>>>
2025-11-02 01:13:49,578 : INFO : EventManager : Event: ======'s_popbumper3_active'====== Args={}
2025-11-02 01:13:49,578 : INFO : EventManager : Event: ======'machine_var_audits_switches_s_popbumper3'====== Args={'value': 2838, 'prev_value': 2837, 'change': 1}
2025-11-02 01:13:49,579 : INFO : EventManager : Event: ======'player_shot_bumper3'====== Args={'value': 1, 'prev_value': 0, 'change': 1, 'player_num': 1}
2025-11-02 01:13:49,580 : INFO : EventManager : Event: ======'machine_var_audits_shots_bumper3'====== Args={'value': 2826, 'prev_value': 2825, 'change': 1}
2025-11-02 01:13:49,580 : INFO : EventManager : Event: ======'bumper3_hit'====== Args={'profile': 'default', 'state': 'unlit', 'advancing': True}
2025-11-02 01:13:49,580 : INFO : EventManager : Event: ======'bumper3_default_hit'====== Args={'profile': 'default', 'state': 'unlit', 'advancing': True}
2025-11-02 01:13:49,580 : INFO : EventManager : Event: ======'bumper3_default_unlit_hit'====== Args={'profile': 'default', 'state': 'unlit', 'advancing': True}
2025-11-02 01:13:49,580 : INFO : EventManager : Event: ======'bumper3_unlit_hit'====== Args={'profile': 'default', 'state': 'unlit', 'advancing': True}
2025-11-02 01:13:49,580 : INFO : EventManager : Event: ======'bumpers_complete'====== Args={'state': 'lit'}
2025-11-02 01:13:49,580 : INFO : EventManager : Event: ======'bumpers_lit_complete'====== Args={}
2025-11-02 01:13:49,580 : INFO : EventManager : Event: ======'bumpers_hit'====== Args={'shot': 'bumper3'}
2025-11-02 01:13:49,581 : INFO : EventManager : Event: ======'bumpers_unlit_hit'====== Args={'shot': 'bumper3'}
2025-11-02 01:13:49,581 : INFO : EventManager : Event: ======'player_score'====== Args={'value': 80000, 'prev_value': 70000, 'change': 10000, 'player_num': 1, 'source': 'bumpers'}
2025-11-02 01:13:49,694 : INFO : SwitchController : <<<<<<< 's_popbumper3' inactive >>>>>>>
2025-11-02 01:13:49,711 : INFO : SwitchController : <<<<<<< 's_popbumper1' inactive >>>>>>>
2025-11-02 01:13:49,811 : INFO : SwitchController : <<<<<<< 's_popbumper1' active >>>>>>>
2025-11-02 01:13:49,812 : INFO : EventManager : Event: ======'s_popbumper1_active'====== Args={}
2025-11-02 01:13:49,812 : INFO : EventManager : Event: ======'machine_var_audits_switches_s_popbumper1'====== Args={'value': 3187, 'prev_value': 3186, 'change': 1}
2025-11-02 01:13:49,813 : INFO : EventManager : Event: ======'machine_var_audits_shots_bumper1'====== Args={'value': 3173, 'prev_value': 3172, 'change': 1}
2025-11-02 01:13:49,813 : INFO : EventManager : Event: ======'bumper1_hit'====== Args={'profile': 'default', 'state': 'lit', 'advancing': False}
2025-11-02 01:13:49,813 : INFO : EventManager : Event: ======'bumper1_default_hit'====== Args={'profile': 'default', 'state': 'lit', 'advancing': False}
2025-11-02 01:13:49,813 : INFO : EventManager : Event: ======'bumper1_default_lit_hit'====== Args={'profile': 'default', 'state': 'lit', 'advancing': False}
2025-11-02 01:13:49,813 : INFO : EventManager : Event: ======'bumper1_lit_hit'====== Args={'profile': 'default', 'state': 'lit', 'advancing': False}
2025-11-02 01:13:49,813 : INFO : EventManager : Event: ======'bumpers_hit'====== Args={'shot': 'bumper1'}
2025-11-02 01:13:49,814 : INFO : EventManager : Event: ======'bumpers_lit_hit'====== Args={'shot': 'bumper1'}
2025-11-02 01:13:49,814 : INFO : EventManager : Event: ======'player_score'====== Args={'value': 90000, 'prev_value': 80000, 'change': 10000, 'player_num': 1, 'source': 'bumpers'}
2025-11-02 01:13:49,827 : INFO : SwitchController : <<<<<<< 's_popbumper3' active >>>>>>>
2025-11-02 01:13:49,828 : INFO : EventManager : Event: ======'s_popbumper3_active'====== Args={}
2025-11-02 01:13:49,828 : INFO : EventManager : Event: ======'machine_var_audits_switches_s_popbumper3'====== Args={'value': 2839, 'prev_value': 2838, 'change': 1}
2025-11-02 01:13:49,829 : INFO : EventManager : Event: ======'machine_var_audits_shots_bumper3'====== Args={'value': 2827, 'prev_value': 2826, 'change': 1}
2025-11-02 01:13:49,829 : INFO : EventManager : Event: ======'bumper3_hit'====== Args={'profile': 'default', 'state': 'lit', 'advancing': False}
2025-11-02 01:13:49,829 : INFO : EventManager : Event: ======'bumper3_default_hit'====== Args={'profile': 'default', 'state': 'lit', 'advancing': False}
2025-11-02 01:13:49,829 : INFO : EventManager : Event: ======'bumper3_default_lit_hit'====== Args={'profile': 'default', 'state': 'lit', 'advancing': False}
2025-11-02 01:13:49,829 : INFO : EventManager : Event: ======'bumper3_lit_hit'====== Args={'profile': 'default', 'state': 'lit', 'advancing': False}
2025-11-02 01:13:49,829 : INFO : EventManager : Event: ======'bumpers_hit'====== Args={'shot': 'bumper3'}
2025-11-02 01:13:49,829 : INFO : EventManager : Event: ======'bumpers_lit_hit'====== Args={'shot': 'bumper3'}
2025-11-02 01:13:49,829 : INFO : EventManager : Event: ======'player_score'====== Args={'value': 100000, 'prev_value': 90000, 'change': 10000, 'player_num': 1, 'source': 'bumpers'}
2025-11-02 01:13:49,944 : INFO : SwitchController : <<<<<<< 's_popbumper3' inactive >>>>>>>
2025-11-02 01:13:49,977 : INFO : SwitchController : <<<<<<< 's_popbumper1' inactive >>>>>>>
2025-11-02 01:13:50,661 : INFO : SwitchController : <<<<<<< 's_scoop' active >>>>>>>
2025-11-02 01:13:50,662 : INFO : EventManager : Event: ======'s_scoop_active'====== Args={}
2025-11-02 01:13:50,662 : INFO : EventManager : Event: ======'machine_var_audits_switches_s_scoop'====== Args={'value': 72, 'prev_value': 71, 'change': 1}
2025-11-02 01:13:50,707 : INFO : EventManager : Event: ======'widget_start_mission_widget_active'====== Args={'original_context': 'base', 'original_calling_context': 's_scoop_active', 'priority': 100.0, 'cmd': 'widgets_play', '_from_bcp': True}
2025-11-02 01:13:50,744 : INFO : SwitchController : <<<<<<< 's_scoop' inactive >>>>>>>
2025-11-02 01:14:09,381 : INFO : Machine : Shutting down...
2025-11-02 01:14:09,381 : INFO : EventManager : Event: ======'shutdown'====== Args={}
2025-11-02 01:14:09,382 : INFO : EventManager : Event: ======'mode_game_will_stop'====== Args={}
2025-11-02 01:14:09,382 : INFO : EventManager : Event: ======'mode_game_stopping'====== Args={}
2025-11-02 01:14:09,382 : INFO : EventManager : Event: ======'mode_base_will_stop'====== Args={}
2025-11-02 01:14:09,382 : INFO : EventManager : Event: ======'mode_base_stopping'====== Args={}
2025-11-02 01:14:09,382 : INFO : EventManager : Event: ======'mode_bumpers_will_stop'====== Args={}
2025-11-02 01:14:09,382 : INFO : EventManager : Event: ======'mode_bumpers_stopping'====== Args={}
2025-11-02 01:14:09,383 : INFO : EventManager : Event: ======'stop_mode_bumpers'====== Args={'priority': 0}
2025-11-02 01:14:09,383 : INFO : Mode.bumpers : Stopped.
2025-11-02 01:14:09,383 : INFO : EventManager : Event: ======'modes_active_modes_changed'====== Args={}
2025-11-02 01:14:09,383 : INFO : EventManager : Event: ======'mode_bumpers_stopped'====== Args={}
2025-11-02 01:14:09,383 : INFO : EventManager : Event: ======'clear'====== Args={'key': 'bumpers'}
2025-11-02 01:14:09,383 : INFO : Mode.base : Stopped.
2025-11-02 01:14:09,383 : INFO : EventManager : Event: ======'modes_active_modes_changed'====== Args={}
2025-11-02 01:14:09,383 : INFO : EventManager : Event: ======'mode_base_stopped'====== Args={}
2025-11-02 01:14:09,383 : INFO : EventManager : Event: ======'clear'====== Args={'key': 'base'}
2025-11-02 01:14:09,383 : INFO : Timer.player_added_timer : Stopping Timer
2025-11-02 01:14:09,383 : INFO : EventManager : Event: ======'timer_player_added_timer_stopped'====== Args={'ticks': 1, 'ticks_remaining': 1}
2025-11-02 01:14:09,384 : INFO : Mode.game : Stopped.
2025-11-02 01:14:09,384 : INFO : EventManager : Event: ======'modes_active_modes_changed'====== Args={}
2025-11-02 01:14:09,384 : INFO : EventManager : Event: ======'mode_game_stopped'====== Args={}
2025-11-02 01:14:09,384 : INFO : EventManager : Event: ======'clear'====== Args={'key': 'game'}
2025-11-02 01:14:09,386 : INFO : root : MPF run loop ended.
