2025-11-09 19:13:07,887 : INFO : root : Loading config.
2025-11-09 19:13:07,888 : INFO : YamlMultifileConfigLoader : Machine config file #1: config.yaml
2025-11-09 19:13:07,888 : INFO : ConfigProcessor : Loading config from cache: /var/folders/m3/0d4y64_n3fn8tnkv3ydlhztw0000gn/T/5ca32a6c950d03116abbed96ca44d372.mpf_cache
2025-11-09 19:13:07,900 : INFO : ConfigProcessor : Loading config from cache: /var/folders/m3/0d4y64_n3fn8tnkv3ydlhztw0000gn/T/01c495fa7450a81b4be96cb699872531.mpf_cache
2025-11-09 19:13:07,900 : INFO : ConfigProcessor : Loading config from cache: /var/folders/m3/0d4y64_n3fn8tnkv3ydlhztw0000gn/T/bfde29b5bb803376b0637bb8f0da27a7.mpf_cache
2025-11-09 19:13:07,900 : INFO : ConfigProcessor : Loading config from cache: /var/folders/m3/0d4y64_n3fn8tnkv3ydlhztw0000gn/T/01c495fa7450a81b4be96cb699872531.mpf_cache
2025-11-09 19:13:07,900 : INFO : ConfigProcessor : Loading config from cache: /var/folders/m3/0d4y64_n3fn8tnkv3ydlhztw0000gn/T/3ae89e09515ff8d8b11d68f672b2cc51.mpf_cache
2025-11-09 19:13:07,900 : WARNING : ConfigProcessor : Config file in cache changed: /Users/didiergilbin/Desktop/Homebrew_CSI/modes/bumpers/config/bumpers.yaml
2025-11-09 19:13:07,900 : INFO : ConfigProcessor : Loading config from file /Users/didiergilbin/Desktop/Homebrew_CSI/modes/bumpers/config/bumpers.yaml.
2025-11-09 19:13:07,902 : INFO : ConfigProcessor : Loading config: /Users/didiergilbin/Desktop/Homebrew_CSI/modes/bumpers/config/bumpers.yaml
2025-11-09 19:13:07,903 : INFO : ConfigProcessor : Config file cache created: /var/folders/m3/0d4y64_n3fn8tnkv3ydlhztw0000gn/T/4c420229fa75118c2461cfc9ff5a44e2.mpf_cache
2025-11-09 19:13:07,903 : INFO : ConfigProcessor : Loading config from cache: /var/folders/m3/0d4y64_n3fn8tnkv3ydlhztw0000gn/T/f5ee6852f1764324c8553249cc53c871.mpf_cache
2025-11-09 19:13:07,903 : INFO : ConfigProcessor : Loading config from cache: /var/folders/m3/0d4y64_n3fn8tnkv3ydlhztw0000gn/T/73ac54cb7a83dfa5473900e439743a84.mpf_cache
2025-11-09 19:13:07,903 : INFO : ConfigProcessor : Loading config from cache: /var/folders/m3/0d4y64_n3fn8tnkv3ydlhztw0000gn/T/97c87487bc6ae826da86d36a6e042c78.mpf_cache
2025-11-09 19:13:07,903 : INFO : Machine : Mission Pinball Framework Core Engine v0.80.0.dev10
2025-11-09 19:13:07,903 : INFO : Machine : Command line arguments: {'no_load_cache': False, 'create_config_cache': True, 'bcp': True, 'configfile': ['config.yaml'], 'force_assets_load': False, 'platform_integration_test': False, 'jsonlogging': False, 'logfile': 'logs/2025-11-09-19-13-07-mpf-mac.home.log', 'pause': False, 'production': False, 'text_ui': False, 'loglevel': 15, 'consoleloglevel': 20, 'force_platform': 'smart_virtual', 'syslog_address': None, 'full_logfile_path': '/Users/didiergilbin/Desktop/Homebrew_CSI/logs/2025-11-09-19-13-07-mpf-mac.home.log'}
2025-11-09 19:13:07,903 : INFO : Machine : MPF path: /Users/didiergilbin/mpfenv/lib/python3.13/site-packages/mpf
2025-11-09 19:13:07,903 : INFO : Machine : Machine path: /Users/didiergilbin/Desktop/Homebrew_CSI
2025-11-09 19:13:07,903 : INFO : Machine : Platform: darwin
2025-11-09 19:13:07,903 : INFO : Machine : Python executable location: /Users/didiergilbin/mpfenv/bin/python3.13
2025-11-09 19:13:07,903 : INFO : Machine : Python version: 3.13.7 (64-bit)
2025-11-09 19:13:07,903 : INFO : Machine : Initializing MPF...
2025-11-09 19:13:07,916 : INFO : EventManager : Event: ======'machine_var_credits_string'====== Args={'value': 'FREE PLAY', 'prev_value': None, 'change': True}
2025-11-09 19:13:07,919 : INFO : EventManager : Event: ======'machine_var_master_volume'====== Args={'value': 0.5, 'prev_value': None, 'change': True}
2025-11-09 19:13:07,919 : INFO : EventManager : Event: ======'machine_var_player1_score'====== Args={'value': 368000, 'prev_value': None, 'change': True}
2025-11-09 19:13:07,919 : INFO : EventManager : Event: ======'machine_var_player2_score'====== Args={'value': 24000, 'prev_value': None, 'change': True}
2025-11-09 19:13:07,919 : INFO : EventManager : Event: ======'machine_var_player3_score'====== Args={'value': 21000, 'prev_value': None, 'change': True}
2025-11-09 19:13:07,919 : INFO : EventManager : Event: ======'machine_var_player4_score'====== Args={'value': 0, 'prev_value': None, 'change': True}
2025-11-09 19:13:07,919 : INFO : EventManager : Event: ======'machine_var_mpf_version'====== Args={'value': 'Mission Pinball Framework v0.80.0.dev10', 'prev_value': None, 'change': True}
2025-11-09 19:13:07,919 : INFO : EventManager : Event: ======'machine_var_mpf_extended_version'====== Args={'value': 'Mission Pinball Framework v0.80.0.dev10, Config version:6, Show version: 6, BCP version:1.1', 'prev_value': None, 'change': True}
2025-11-09 19:13:07,920 : INFO : EventManager : Event: ======'machine_var_python_version'====== Args={'value': '3.13.7', 'prev_value': None, 'change': True}
2025-11-09 19:13:07,926 : INFO : EventManager : Event: ======'machine_var_platform'====== Args={'value': 'macOS-15.6.1-arm64-arm-64bit-Mach-O', 'prev_value': None, 'change': True}
2025-11-09 19:13:07,926 : INFO : EventManager : Event: ======'machine_var_platform_system'====== Args={'value': 'Darwin', 'prev_value': None, 'change': True}
2025-11-09 19:13:07,926 : INFO : EventManager : Event: ======'machine_var_platform_release'====== Args={'value': '24.6.0', 'prev_value': None, 'change': True}
2025-11-09 19:13:07,926 : INFO : EventManager : Event: ======'machine_var_platform_version'====== Args={'value': 'Darwin Kernel Version 24.6.0: Mon Jul 14 11:30:40 PDT 2025; root:xnu-11417.140.69~1/RELEASE_ARM64_T8132', 'prev_value': None, 'change': True}
2025-11-09 19:13:07,926 : INFO : EventManager : Event: ======'machine_var_platform_machine'====== Args={'value': 'arm64', 'prev_value': None, 'change': True}
2025-11-09 19:13:07,926 : INFO : EventManager : Event: ======'machine_var_log_file_path'====== Args={'value': '/Users/didiergilbin/Desktop/Homebrew_CSI/logs/2025-11-09-19-13-07-mpf-mac.home.log', 'prev_value': None, 'change': True}
2025-11-09 19:13:07,926 : INFO : EventManager : Event: ======'init_phase_1'====== Args={}
2025-11-09 19:13:07,932 : INFO : EventManager : Event: ======'init_phase_2'====== Args={}
2025-11-09 19:13:07,932 : INFO : SwitchController : Found active switch: ('2', <Platform.SmartVirtual>) <switch.s_trough1>
2025-11-09 19:13:07,932 : INFO : SwitchController : Found active switch: ('3', <Platform.SmartVirtual>) <switch.s_trough2>
2025-11-09 19:13:07,932 : INFO : SwitchController : Found active switch: ('4', <Platform.SmartVirtual>) <switch.s_trough3>
2025-11-09 19:13:07,932 : INFO : SwitchController : Found active switch: ('5', <Platform.SmartVirtual>) <switch.s_trough4>
2025-11-09 19:13:07,933 : INFO : EventManager : Event: ======'bcp_connection_attempt'====== Args={'name': 'local_display', 'host': 'localhost', 'port': 5050}
2025-11-09 19:13:07,933 : INFO : BCPClientSocket : Connecting BCP to 'local_display' at localhost:5050...
2025-11-09 19:13:07,936 : INFO : BCPClientSocket : Connected BCP to 'local_display' localhost:5050
2025-11-09 19:13:07,936 : INFO : EventManager : Event: ======'bcp_clients_connected'====== Args={}
2025-11-09 19:13:07,936 : INFO : ball_device.bd_drain : BCH: Initial count: 0
2025-11-09 19:13:07,936 : INFO : ball_device.bd_drain : State: idle
2025-11-09 19:13:07,936 : INFO : ball_device.bd_trough : BCH: Initial count: 4
2025-11-09 19:13:07,936 : INFO : ball_device.bd_trough : State: idle
2025-11-09 19:13:07,937 : INFO : ball_device.bd_plunger : BCH: Initial count: 0
2025-11-09 19:13:07,937 : INFO : ball_device.bd_plunger : State: idle
2025-11-09 19:13:07,940 : INFO : EventManager : Event: ======'init_phase_3'====== Args={}
2025-11-09 19:13:07,940 : INFO : EventManager : Event: ======'init_phase_4'====== Args={}
2025-11-09 19:13:07,940 : INFO : BallController : Initial balls found: 4
2025-11-09 19:13:07,941 : INFO : EventManager : Event: ======'machine_var_audits_events_game_ended'====== Args={'value': 54, 'prev_value': None, 'change': True}
2025-11-09 19:13:07,941 : INFO : EventManager : Event: ======'machine_var_audits_events_game_started'====== Args={'value': 450, 'prev_value': None, 'change': True}
2025-11-09 19:13:07,941 : INFO : EventManager : Event: ======'machine_var_audits_missing_switches_s_drain'====== Args={'value': 11, 'prev_value': None, 'change': True}
2025-11-09 19:13:07,941 : INFO : EventManager : Event: ======'machine_var_audits_missing_switches_s_launch_button'====== Args={'value': 97, 'prev_value': None, 'change': True}
2025-11-09 19:13:07,941 : INFO : EventManager : Event: ======'machine_var_audits_missing_switches_s_left_flipper'====== Args={'value': 3, 'prev_value': None, 'change': True}
2025-11-09 19:13:07,941 : INFO : EventManager : Event: ======'machine_var_audits_missing_switches_s_left_inlane1'====== Args={'value': 10, 'prev_value': None, 'change': True}
2025-11-09 19:13:07,941 : INFO : EventManager : Event: ======'machine_var_audits_missing_switches_s_left_inlane2'====== Args={'value': 10, 'prev_value': None, 'change': True}
2025-11-09 19:13:07,941 : INFO : EventManager : Event: ======'machine_var_audits_missing_switches_s_left_outlane'====== Args={'value': 65, 'prev_value': None, 'change': True}
2025-11-09 19:13:07,941 : INFO : EventManager : Event: ======'machine_var_audits_missing_switches_s_ramp'====== Args={'value': 3, 'prev_value': None, 'change': True}
2025-11-09 19:13:07,941 : INFO : EventManager : Event: ======'machine_var_audits_missing_switches_s_right_flipper'====== Args={'value': 3, 'prev_value': None, 'change': True}
2025-11-09 19:13:07,941 : INFO : EventManager : Event: ======'machine_var_audits_missing_switches_s_right_inlane'====== Args={'value': 10, 'prev_value': None, 'change': True}
2025-11-09 19:13:07,941 : INFO : EventManager : Event: ======'machine_var_audits_missing_switches_s_right_orbit'====== Args={'value': 10, 'prev_value': None, 'change': True}
2025-11-09 19:13:07,941 : INFO : EventManager : Event: ======'machine_var_audits_missing_switches_s_right_outlane'====== Args={'value': 65, 'prev_value': None, 'change': True}
2025-11-09 19:13:07,941 : INFO : EventManager : Event: ======'machine_var_audits_missing_switches_s_scoop'====== Args={'value': 10, 'prev_value': None, 'change': True}
2025-11-09 19:13:07,941 : INFO : EventManager : Event: ======'machine_var_audits_missing_switches_s_skull_lock1'====== Args={'value': 3, 'prev_value': None, 'change': True}
2025-11-09 19:13:07,941 : INFO : EventManager : Event: ======'machine_var_audits_missing_switches_s_skull_lock2'====== Args={'value': 3, 'prev_value': None, 'change': True}
2025-11-09 19:13:07,941 : INFO : EventManager : Event: ======'machine_var_audits_missing_switches_s_sling_left'====== Args={'value': 450, 'prev_value': None, 'change': True}
2025-11-09 19:13:07,941 : INFO : EventManager : Event: ======'machine_var_audits_missing_switches_s_sling_right'====== Args={'value': 450, 'prev_value': None, 'change': True}
2025-11-09 19:13:07,941 : INFO : EventManager : Event: ======'machine_var_audits_missing_switches_s_start'====== Args={'value': 11, 'prev_value': None, 'change': True}
2025-11-09 19:13:07,941 : INFO : EventManager : Event: ======'machine_var_audits_missing_switches_s_trough1'====== Args={'value': 11, 'prev_value': None, 'change': True}
2025-11-09 19:13:07,941 : INFO : EventManager : Event: ======'machine_var_audits_missing_switches_s_trough2'====== Args={'value': 11, 'prev_value': None, 'change': True}
2025-11-09 19:13:07,941 : INFO : EventManager : Event: ======'machine_var_audits_missing_switches_s_trough3'====== Args={'value': 228, 'prev_value': None, 'change': True}
2025-11-09 19:13:07,941 : INFO : EventManager : Event: ======'machine_var_audits_missing_switches_s_trough4'====== Args={'value': 228, 'prev_value': None, 'change': True}
2025-11-09 19:13:07,941 : INFO : EventManager : Event: ======'machine_var_audits_missing_switches_s_trough_jam'====== Args={'value': 164, 'prev_value': None, 'change': True}
2025-11-09 19:13:07,941 : INFO : EventManager : Event: ======'machine_var_audits_player_score'====== Args={'value': {'average': 215167, 'top': [10210000, 1550000, 1070000, 1070000, 810000, 710000, 640000, 570000, 530000, 480000], 'total': 118}, 'prev_value': None, 'change': True}
2025-11-09 19:13:07,941 : INFO : EventManager : Event: ======'machine_var_audits_shots_bumper1'====== Args={'value': 3873, 'prev_value': None, 'change': True}
2025-11-09 19:13:07,941 : INFO : EventManager : Event: ======'machine_var_audits_shots_bumper2'====== Args={'value': 3839, 'prev_value': None, 'change': True}
2025-11-09 19:13:07,941 : INFO : EventManager : Event: ======'machine_var_audits_shots_bumper3'====== Args={'value': 3674, 'prev_value': None, 'change': True}
2025-11-09 19:13:07,941 : INFO : EventManager : Event: ======'machine_var_audits_shots_c_shot'====== Args={'value': 161, 'prev_value': None, 'change': True}
2025-11-09 19:13:07,941 : INFO : EventManager : Event: ======'machine_var_audits_shots_csi_shot'====== Args={'value': 9, 'prev_value': None, 'change': True}
2025-11-09 19:13:07,941 : INFO : EventManager : Event: ======'machine_var_audits_shots_i_shot'====== Args={'value': 134, 'prev_value': None, 'change': True}
2025-11-09 19:13:07,941 : INFO : EventManager : Event: ======'machine_var_audits_shots_s_shot'====== Args={'value': 151, 'prev_value': None, 'change': True}
2025-11-09 19:13:07,941 : INFO : EventManager : Event: ======'machine_var_audits_shots_switch_shot'====== Args={'value': 245, 'prev_value': None, 'change': True}
2025-11-09 19:13:07,941 : INFO : EventManager : Event: ======'machine_var_audits_switches_s_drain'====== Args={'value': 540, 'prev_value': None, 'change': True}
2025-11-09 19:13:07,941 : INFO : EventManager : Event: ======'machine_var_audits_switches_s_launch_button'====== Args={'value': 1, 'prev_value': None, 'change': True}
2025-11-09 19:13:07,941 : INFO : EventManager : Event: ======'machine_var_audits_switches_s_left_flipper'====== Args={'value': 381, 'prev_value': None, 'change': True}
2025-11-09 19:13:07,941 : INFO : EventManager : Event: ======'machine_var_audits_switches_s_left_inlane1'====== Args={'value': 171, 'prev_value': None, 'change': True}
2025-11-09 19:13:07,941 : INFO : EventManager : Event: ======'machine_var_audits_switches_s_left_inlane2'====== Args={'value': 158, 'prev_value': None, 'change': True}
2025-11-09 19:13:07,941 : INFO : EventManager : Event: ======'machine_var_audits_switches_s_left_outlane'====== Args={'value': 1, 'prev_value': None, 'change': True}
2025-11-09 19:13:07,941 : INFO : EventManager : Event: ======'machine_var_audits_switches_s_plunger_lane'====== Args={'value': 830, 'prev_value': None, 'change': True}
2025-11-09 19:13:07,941 : INFO : EventManager : Event: ======'machine_var_audits_switches_s_popbumper1'====== Args={'value': 3917, 'prev_value': None, 'change': True}
2025-11-09 19:13:07,941 : INFO : EventManager : Event: ======'machine_var_audits_switches_s_popbumper2'====== Args={'value': 3880, 'prev_value': None, 'change': True}
2025-11-09 19:13:07,941 : INFO : EventManager : Event: ======'machine_var_audits_switches_s_popbumper3'====== Args={'value': 3716, 'prev_value': None, 'change': True}
2025-11-09 19:13:07,941 : INFO : EventManager : Event: ======'machine_var_audits_switches_s_ramp'====== Args={'value': 317, 'prev_value': None, 'change': True}
2025-11-09 19:13:07,941 : INFO : EventManager : Event: ======'machine_var_audits_switches_s_right_flipper'====== Args={'value': 657, 'prev_value': None, 'change': True}
2025-11-09 19:13:07,941 : INFO : EventManager : Event: ======'machine_var_audits_switches_s_right_inlane'====== Args={'value': 140, 'prev_value': None, 'change': True}
2025-11-09 19:13:07,941 : INFO : EventManager : Event: ======'machine_var_audits_switches_s_right_orbit'====== Args={'value': 46, 'prev_value': None, 'change': True}
2025-11-09 19:13:07,941 : INFO : EventManager : Event: ======'machine_var_audits_switches_s_right_outlane'====== Args={'value': 5, 'prev_value': None, 'change': True}
2025-11-09 19:13:07,941 : INFO : EventManager : Event: ======'machine_var_audits_switches_s_scoop'====== Args={'value': 427, 'prev_value': None, 'change': True}
2025-11-09 19:13:07,941 : INFO : EventManager : Event: ======'machine_var_audits_switches_s_skull_lock1'====== Args={'value': 11, 'prev_value': None, 'change': True}
2025-11-09 19:13:07,941 : INFO : EventManager : Event: ======'machine_var_audits_switches_s_skull_lock2'====== Args={'value': 11, 'prev_value': None, 'change': True}
2025-11-09 19:13:07,941 : INFO : EventManager : Event: ======'machine_var_audits_switches_s_sling_left'====== Args={'value': 0, 'prev_value': None, 'change': True}
2025-11-09 19:13:07,941 : INFO : EventManager : Event: ======'machine_var_audits_switches_s_sling_right'====== Args={'value': 0, 'prev_value': None, 'change': True}
2025-11-09 19:13:07,941 : INFO : EventManager : Event: ======'machine_var_audits_switches_s_start'====== Args={'value': 657, 'prev_value': None, 'change': True}
2025-11-09 19:13:07,941 : INFO : EventManager : Event: ======'machine_var_audits_switches_s_trough1'====== Args={'value': 381, 'prev_value': None, 'change': True}
2025-11-09 19:13:07,941 : INFO : EventManager : Event: ======'machine_var_audits_switches_s_trough2'====== Args={'value': 18, 'prev_value': None, 'change': True}
2025-11-09 19:13:07,941 : INFO : EventManager : Event: ======'machine_var_audits_switches_s_trough3'====== Args={'value': 1, 'prev_value': None, 'change': True}
2025-11-09 19:13:07,941 : INFO : EventManager : Event: ======'machine_var_audits_switches_s_trough4'====== Args={'value': 1, 'prev_value': None, 'change': True}
2025-11-09 19:13:07,941 : INFO : EventManager : Event: ======'machine_var_audits_switches_s_trough_jam'====== Args={'value': 8, 'prev_value': None, 'change': True}
2025-11-09 19:13:07,941 : INFO : EventManager : Event: ======'init_phase_5'====== Args={}
2025-11-09 19:13:07,942 : INFO : EventManager : Event: ======'init_done'====== Args={}
2025-11-09 19:13:07,942 : INFO : EventManager : Event: ======'machine_reset_phase_1'====== Args={}
2025-11-09 19:13:07,973 : INFO : EventManager : Event: ======'machine_reset_phase_2'====== Args={}
2025-11-09 19:13:07,973 : INFO : EventManager : Event: ======'machine_reset_phase_3'====== Args={}
2025-11-09 19:13:07,974 : INFO : EventManager : Event: ======'reset_complete'====== Args={}
2025-11-09 19:13:07,975 : INFO : EventManager : Event: ======'mode_attract_will_start'====== Args={}
2025-11-09 19:13:07,975 : INFO : Timer.attract_carousel_timer : Starting Timer.
2025-11-09 19:13:07,975 : INFO : EventManager : Event: ======'timer_attract_carousel_timer_started'====== Args={'ticks': 0, 'ticks_remaining': 1}
2025-11-09 19:13:07,975 : INFO : EventManager : Event: ======'timer_attract_carousel_timer_tick'====== Args={'ticks': 0, 'ticks_remaining': 1}
2025-11-09 19:13:07,975 : INFO : EventManager : Event: ======'mode_attract_starting'====== Args={}
2025-11-09 19:13:07,975 : INFO : Mode.attract : Started. Priority: 10
2025-11-09 19:13:07,975 : INFO : EventManager : Event: ======'modes_active_modes_changed'====== Args={}
2025-11-09 19:13:07,975 : INFO : EventManager : Event: ======'mode_attract_started'====== Args={}
2025-11-09 19:13:07,975 : INFO : EventManager : Event: ======'collecting_balls_complete'====== Args={}
2025-11-09 19:13:07,975 : INFO : EventManager : Event: ======'carousel_item_highlighted'====== Args={'carousel': 'attract', 'direction': None, 'item': 'title'}
2025-11-09 19:13:07,975 : INFO : Machine : Starting the main run loop with active modes: [<Mode.attract>]
2025-11-09 19:13:08,425 : INFO : EventManager : Event: ======'slide_attract_created'====== Args={'_from_bcp': True}
2025-11-09 19:13:08,426 : INFO : EventManager : Event: ======'slide__removed'====== Args={'_from_bcp': True}
2025-11-09 19:13:08,426 : INFO : EventManager : Event: ======'slide_attract_active'====== Args={'original_context': 'attract', 'original_calling_context': 'mode_attract_started', 'priority': 10.0, 'cmd': 'slides_play', '_from_bcp': True}
2025-11-09 19:13:08,492 : INFO : BcpServer : New client connected.
2025-11-09 19:13:11,338 : INFO : SwitchController : <<<<<<< 's_start' active >>>>>>>
2025-11-09 19:13:11,421 : INFO : SwitchController : <<<<<<< 's_start' inactive >>>>>>>
2025-11-09 19:13:11,422 : INFO : EventManager : Event: ======'request_to_start_game'====== Args={}
2025-11-09 19:13:11,423 : INFO : EventManager : Event: ======'game_start'====== Args={'buttons': [], 'hold_time': 0.08340712497010827}
2025-11-09 19:13:11,423 : INFO : EventManager : Event: ======'mode_game_will_start'====== Args={'buttons': [], 'hold_time': 0.08340712497010827}
2025-11-09 19:13:11,424 : INFO : EventManager : Event: ======'mode_game_starting'====== Args={'buttons': [], 'hold_time': 0.08340712497010827}
2025-11-09 19:13:11,425 : INFO : EventManager : Event: ======'mode_attract_will_stop'====== Args={}
2025-11-09 19:13:11,425 : INFO : EventManager : Event: ======'mode_attract_stopping'====== Args={}
2025-11-09 19:13:11,426 : INFO : Mode.attract : Stopped.
2025-11-09 19:13:11,426 : INFO : EventManager : Event: ======'modes_active_modes_changed'====== Args={}
2025-11-09 19:13:11,426 : INFO : EventManager : Event: ======'mode_attract_stopped'====== Args={}
2025-11-09 19:13:11,427 : INFO : EventManager : Event: ======'clear'====== Args={'key': 'attract'}
2025-11-09 19:13:11,427 : INFO : Timer.attract_carousel_timer : Stopping Timer
2025-11-09 19:13:11,427 : INFO : EventManager : Event: ======'timer_attract_carousel_timer_stopped'====== Args={'ticks': 0, 'ticks_remaining': 1}
2025-11-09 19:13:11,428 : INFO : Mode.game : Started. Priority: 20
2025-11-09 19:13:11,428 : INFO : EventManager : Event: ======'modes_active_modes_changed'====== Args={}
2025-11-09 19:13:11,428 : INFO : EventManager : Event: ======'mode_game_started'====== Args={'buttons': [], 'hold_time': 0.08340712497010827}
2025-11-09 19:13:11,429 : INFO : EventManager : Event: ======'game_will_start'====== Args={}
2025-11-09 19:13:11,430 : INFO : EventManager : Event: ======'game_starting'====== Args={'game': <Mode.game>}
2025-11-09 19:13:11,431 : INFO : EventManager : Unordered handler for class <Auditor> on event game_ended with priority 1. Handlers: [RegisteredHandler(callback=<bound method Auditor.disable of <Auditor>>, priority=1, kwargs={}, key=UUID('7b76651b-1711-4c93-b776-f3f5f0636ff6'), condition=None, blocking_facility=None), RegisteredHandler(callback=<bound method Auditor._save_audits of <Auditor>>, priority=1, kwargs={}, key=UUID('4cd61ed9-459e-440e-8283-39ed900de3ec'), condition=None, blocking_facility=None)]. The order of those handlers is not defined and they will be executed in random order. This might lead to race conditions and potential bugs.
2025-11-09 19:13:11,431 : INFO : EventManager : Event: ======'player_add_request'====== Args={}
2025-11-09 19:13:11,431 : INFO : EventManager : Event: ======'player_will_add'====== Args={'number': 1}
2025-11-09 19:13:11,432 : INFO : EventManager : Event: ======'player_adding'====== Args={'player': <Player 1>, 'number': 1}
2025-11-09 19:13:11,432 : INFO : EventManager : Event: ======'player_added'====== Args={'player': <Player 1>, 'num': 1}
2025-11-09 19:13:11,432 : INFO : Mode.game : Player added successfully. Total players: 1
2025-11-09 19:13:11,433 : INFO : EventManager : Event: ======'player_index'====== Args={'value': 0, 'prev_value': 0, 'change': 0, 'player_num': 1}
2025-11-09 19:13:11,433 : INFO : EventManager : Event: ======'player_number'====== Args={'value': 1, 'prev_value': 1, 'change': 0, 'player_num': 1}
2025-11-09 19:13:11,433 : INFO : EventManager : Event: ======'player_bonus_multiplier'====== Args={'value': 1, 'prev_value': 1, 'change': 0, 'player_num': 1}
2025-11-09 19:13:11,433 : INFO : EventManager : Event: ======'player_skull_ramp_nb'====== Args={'value': 0, 'prev_value': 0, 'change': 0, 'player_num': 1}
2025-11-09 19:13:11,434 : INFO : EventManager : Event: ======'player_score'====== Args={'value': 0, 'prev_value': 0, 'change': 0, 'player_num': 1}
2025-11-09 19:13:11,434 : INFO : EventManager : Event: ======'game_started'====== Args={}
2025-11-09 19:13:11,435 : INFO : EventManager : Event: ======'player_turn_will_start'====== Args={'player': <Player 1>, 'number': 1}
2025-11-09 19:13:11,435 : INFO : EventManager : Event: ======'player_turn_starting'====== Args={'player': <Player 1>, 'number': 1}
2025-11-09 19:13:11,441 : INFO : EventManager : Event: ======'player_ball'====== Args={'value': 1, 'prev_value': 0, 'change': 1, 'player_num': 1}
2025-11-09 19:13:11,443 : INFO : EventManager : Event: ======'player_turn_started'====== Args={'player': <Player 1>, 'number': 1}
2025-11-09 19:13:11,444 : INFO : EventManager : Event: ======'ball_will_start'====== Args={'player': 1, 'ball': 1, 'balls_remaining': 2, 'is_extra_ball': False}
2025-11-09 19:13:11,444 : INFO : EventManager : Event: ======'ball_starting'====== Args={'player': 1, 'ball': 1, 'balls_remaining': 2, 'is_extra_ball': False}
2025-11-09 19:13:11,444 : INFO : EventManager : Event: ======'mode_base_will_start'====== Args={'queue': <QueuedEvent>, 'player': 1, 'ball': 1, 'balls_remaining': 2, 'is_extra_ball': False}
2025-11-09 19:13:11,444 : INFO : EventManager : Event: ======'player_base_player_added_timer_tick'====== Args={'value': 0, 'prev_value': 0, 'change': 0, 'player_num': 1}
2025-11-09 19:13:11,445 : INFO : Timer.player_added_timer : Starting Timer.
2025-11-09 19:13:11,445 : INFO : EventManager : Event: ======'timer_player_added_timer_started'====== Args={'ticks': 0, 'ticks_remaining': 1}
2025-11-09 19:13:11,445 : INFO : EventManager : Event: ======'timer_player_added_timer_tick'====== Args={'ticks': 0, 'ticks_remaining': 1}
2025-11-09 19:13:11,446 : INFO : EventManager : Event: ======'mode_base_starting'====== Args={'queue': <QueuedEvent>, 'player': 1, 'ball': 1, 'balls_remaining': 2, 'is_extra_ball': False}
2025-11-09 19:13:11,446 : INFO : Mode.base : Started. Priority: 100
2025-11-09 19:13:11,446 : INFO : EventManager : Event: ======'modes_active_modes_changed'====== Args={}
2025-11-09 19:13:11,446 : INFO : EventManager : Event: ======'mode_base_started'====== Args={'queue': <QueuedEvent>, 'player': 1, 'ball': 1, 'balls_remaining': 2, 'is_extra_ball': False}
2025-11-09 19:13:11,446 : INFO : EventManager : Event: ======'start_mode_bumpers'====== Args={'priority': 0}
2025-11-09 19:13:11,446 : INFO : EventManager : Event: ======'start_mode_csi_lanes'====== Args={'priority': 0}
2025-11-09 19:13:11,446 : INFO : EventManager : Event: ======'start_mode_skull'====== Args={'priority': 0}
2025-11-09 19:13:11,447 : INFO : EventManager : Event: ======'mode_bumpers_will_start'====== Args={'priority': 0}
2025-11-09 19:13:11,447 : INFO : EventManager : Event: ======'player_shot_bumper1_enabled'====== Args={'value': True, 'prev_value': 0, 'change': 1, 'player_num': 1}
2025-11-09 19:13:11,447 : INFO : EventManager : Event: ======'player_shot_bumper2_enabled'====== Args={'value': True, 'prev_value': 0, 'change': 1, 'player_num': 1}
2025-11-09 19:13:11,448 : INFO : EventManager : Event: ======'player_shot_bumper3_enabled'====== Args={'value': True, 'prev_value': 0, 'change': 1, 'player_num': 1}
2025-11-09 19:13:11,448 : INFO : EventManager : Event: ======'bumpers_complete'====== Args={'state': 'unlit'}
2025-11-09 19:13:11,448 : INFO : EventManager : Event: ======'bumpers_unlit_complete'====== Args={}
2025-11-09 19:13:11,449 : INFO : EventManager : Event: ======'player_bumpers_bumper_timer_tick'====== Args={'value': 0, 'prev_value': 0, 'change': 0, 'player_num': 1}
2025-11-09 19:13:11,449 : INFO : Timer.bumper_timer : Starting Timer.
2025-11-09 19:13:11,450 : INFO : EventManager : Event: ======'timer_bumper_timer_started'====== Args={'ticks': 0, 'ticks_remaining': 1}
2025-11-09 19:13:11,450 : INFO : EventManager : Event: ======'timer_bumper_timer_tick'====== Args={'ticks': 0, 'ticks_remaining': 1}
2025-11-09 19:13:11,450 : INFO : EventManager : Event: ======'mode_bumpers_starting'====== Args={'priority': 0}
2025-11-09 19:13:11,450 : INFO : EventManager : Event: ======'mode_csi_lanes_will_start'====== Args={'priority': 0}
2025-11-09 19:13:11,451 : INFO : EventManager : Event: ======'player_shot_c_shot_enabled'====== Args={'value': True, 'prev_value': 0, 'change': 1, 'player_num': 1}
2025-11-09 19:13:11,451 : INFO : EventManager : Event: ======'player_shot_s_shot_enabled'====== Args={'value': True, 'prev_value': 0, 'change': 1, 'player_num': 1}
2025-11-09 19:13:11,452 : INFO : EventManager : Event: ======'player_shot_i_shot_enabled'====== Args={'value': True, 'prev_value': 0, 'change': 1, 'player_num': 1}
2025-11-09 19:13:11,452 : INFO : EventManager : Event: ======'csi_shots_complete'====== Args={'state': 'unlit'}
2025-11-09 19:13:11,452 : INFO : EventManager : Event: ======'csi_shots_unlit_complete'====== Args={}
2025-11-09 19:13:11,453 : INFO : EventManager : Event: ======'player_csi_lanes_csi_lanes_timer_tick'====== Args={'value': 0, 'prev_value': 0, 'change': 0, 'player_num': 1}
2025-11-09 19:13:11,453 : INFO : Timer.csi_lanes_timer : Starting Timer.
2025-11-09 19:13:11,453 : INFO : EventManager : Event: ======'timer_csi_lanes_timer_started'====== Args={'ticks': 0, 'ticks_remaining': 1}
2025-11-09 19:13:11,453 : INFO : EventManager : Event: ======'timer_csi_lanes_timer_tick'====== Args={'ticks': 0, 'ticks_remaining': 1}
2025-11-09 19:13:11,453 : INFO : EventManager : Event: ======'player_csi_lanes_csi_right_orbit_timer_tick'====== Args={'value': 0, 'prev_value': 0, 'change': 0, 'player_num': 1}
2025-11-09 19:13:11,455 : INFO : EventManager : Event: ======'mode_csi_lanes_starting'====== Args={'priority': 0}
2025-11-09 19:13:11,455 : INFO : EventManager : Event: ======'mode_skull_will_start'====== Args={'priority': 0}
2025-11-09 19:13:11,456 : INFO : EventManager : Event: ======'player_skull_pause_timer_tick'====== Args={'value': 0, 'prev_value': 0, 'change': 0, 'player_num': 1}
2025-11-09 19:13:11,456 : INFO : Timer.pause_timer : Starting Timer.
2025-11-09 19:13:11,456 : INFO : EventManager : Event: ======'timer_pause_timer_started'====== Args={'ticks': 0, 'ticks_remaining': 1}
2025-11-09 19:13:11,456 : INFO : EventManager : Event: ======'timer_pause_timer_tick'====== Args={'ticks': 0, 'ticks_remaining': 1}
2025-11-09 19:13:11,457 : INFO : EventManager : Event: ======'mode_skull_starting'====== Args={'priority': 0}
2025-11-09 19:13:11,457 : INFO : Mode.bumpers : Started. Priority: 200
2025-11-09 19:13:11,457 : INFO : EventManager : Event: ======'modes_active_modes_changed'====== Args={}
2025-11-09 19:13:11,457 : INFO : EventManager : Event: ======'mode_bumpers_started'====== Args={'priority': 0}
2025-11-09 19:13:11,457 : INFO : EventManager : Event: ======'balls_in_play'====== Args={'balls': 1}
2025-11-09 19:13:11,457 : INFO : EventManager : Event: ======'ball_started'====== Args={'player': 1, 'ball': 1, 'balls_remaining': 2, 'is_extra_ball': False}
2025-11-09 19:13:11,458 : INFO : EventManager : Event: ======'logicblock_csi_lanes_then_scoop_updated'====== Args={'value': 0, 'enabled': True}
2025-11-09 19:13:11,458 : INFO : EventManager : Event: ======'logicblock_csi_lanes_then_scoop_then_right_orbit_updated'====== Args={'value': 0, 'enabled': True}
2025-11-09 19:13:11,458 : INFO : EventManager : Event: ======'logicblock_csi_lanes_then_scoop_updated'====== Args={'value': 0, 'enabled': True}
2025-11-09 19:13:11,458 : INFO : EventManager : Event: ======'logicblock_csi_lanes_then_scoop_then_right_orbit_updated'====== Args={'value': 0, 'enabled': True}
2025-11-09 19:13:11,458 : INFO : Mode.csi_lanes : Started. Priority: 200
2025-11-09 19:13:11,458 : INFO : EventManager : Event: ======'modes_active_modes_changed'====== Args={}
2025-11-09 19:13:11,458 : INFO : EventManager : Event: ======'mode_csi_lanes_started'====== Args={'priority': 0}
2025-11-09 19:13:11,459 : INFO : EventManager : Event: ======'player_multiplier'====== Args={'value': 1, 'prev_value': 0, 'change': 1, 'player_num': 1, 'source': 'csi_lanes'}
2025-11-09 19:13:11,459 : INFO : EventManager : Event: ======'logicblock_seq_lock1_updated'====== Args={'value': 0, 'enabled': True}
2025-11-09 19:13:11,459 : INFO : EventManager : Event: ======'logicblock_seq_lock2_updated'====== Args={'value': 0, 'enabled': True}
2025-11-09 19:13:11,459 : INFO : EventManager : Event: ======'logicblock_seq_ready_for_MB_updated'====== Args={'value': 0, 'enabled': True}
2025-11-09 19:13:11,459 : INFO : EventManager : Event: ======'logicblock_seq_lock1_updated'====== Args={'value': 0, 'enabled': True}
2025-11-09 19:13:11,459 : INFO : EventManager : Event: ======'logicblock_seq_lock2_updated'====== Args={'value': 0, 'enabled': True}
2025-11-09 19:13:11,459 : INFO : EventManager : Event: ======'logicblock_seq_ready_for_MB_updated'====== Args={'value': 0, 'enabled': True}
2025-11-09 19:13:11,459 : INFO : Mode.skull : Started. Priority: 200
2025-11-09 19:13:11,459 : INFO : EventManager : Event: ======'modes_active_modes_changed'====== Args={}
2025-11-09 19:13:11,459 : INFO : EventManager : Event: ======'mode_skull_started'====== Args={'priority': 0}
2025-11-09 19:13:11,460 : INFO : EventManager : Event: ======'single_player_ball_started'====== Args={}
2025-11-09 19:13:11,460 : INFO : EventManager : Event: ======'ball_start_target'====== Args={'target': 'playfield'}
2025-11-09 19:13:11,460 : INFO : ball_device.bd_trough : Setting up player-controlled eject. Balls: 1, Target: <playfield.playfield>, player_controlled_eject_event: None
2025-11-09 19:13:11,460 : INFO : ball_device.bd_trough : Adding 1 ball(s) to the eject_queue with target <playfield.playfield>.
2025-11-09 19:13:11,461 : INFO : EventManager : Event: ======'balldevice_balls_available'====== Args={}
2025-11-09 19:13:11,461 : INFO : ball_device.bd_trough : State: waiting_for_target_ready
2025-11-09 19:13:11,461 : INFO : EventManager : Event: ======'balldevice_bd_trough_ball_eject_attempt'====== Args={'balls': 1, 'target': <ball_device.bd_plunger>, 'source': <ball_device.bd_trough>, 'mechanical_eject': False, 'num_attempts': 0}
2025-11-09 19:13:11,461 : INFO : ball_device.bd_plunger : State: waiting_for_ball
2025-11-09 19:13:11,462 : INFO : ball_device.bd_trough : State: ejecting
2025-11-09 19:13:11,462 : INFO : ball_device.bd_trough : Ejecting ball to <ball_device.bd_plunger>
2025-11-09 19:13:11,462 : INFO : EventManager : Event: ======'balldevice_bd_trough_ejecting_ball'====== Args={'balls': 1, 'target': <ball_device.bd_plunger>, 'source': <ball_device.bd_trough>, 'mechanical_eject': False, 'num_attempts': 0}
2025-11-09 19:13:11,462 : INFO : ball_device.bd_trough : Wait for ball to leave device
2025-11-09 19:13:11,462 : INFO : coil.c_trough_eject : Pulsing Driver for 20ms (1.0 pulse_power)
2025-11-09 19:13:11,462 : INFO : SwitchController : <<<<<<< 's_trough1' inactive >>>>>>>
2025-11-09 19:13:11,463 : INFO : ball_device.bd_trough : State: ball_left
2025-11-09 19:13:11,463 : INFO : ball_device.bd_trough : Ball left
2025-11-09 19:13:11,463 : INFO : ball_device.bd_trough : Wait for confirm with timeout 3.0
2025-11-09 19:13:11,563 : INFO : SwitchController : <<<<<<< 's_plunger_lane' active >>>>>>>
2025-11-09 19:13:11,563 : INFO : EventManager : Event: ======'machine_var_audits_switches_s_plunger_lane'====== Args={'value': 831, 'prev_value': 830, 'change': 1}
2025-11-09 19:13:11,661 : INFO : EventManager : Event: ======'slide_base_slide_created'====== Args={'_from_bcp': True}
2025-11-09 19:13:11,661 : INFO : EventManager : Event: ======'slide_attract_inactive'====== Args={'is_removing': True, '_from_bcp': True}
2025-11-09 19:13:11,661 : INFO : EventManager : Event: ======'slide_base_slide_active'====== Args={'original_context': 'base', 'original_calling_context': 'mode_base_started', 'priority': 100.0, 'queue': '<QueuedEvent>', 'player': 1.0, 'ball': 1.0, 'balls_remaining': 2.0, 'is_extra_ball': False, 'cmd': 'slides_play', '_from_bcp': True}
2025-11-09 19:13:11,662 : INFO : EventManager : Event: ======'slide_attract_removed'====== Args={'_from_bcp': True}
2025-11-09 19:13:12,065 : INFO : ball_device.bd_plunger : Received ball from <ball_device.bd_trough>
2025-11-09 19:13:12,065 : INFO : EventManager : Event: ======'balldevice_bd_plunger_ball_enter'====== Args={'new_balls': 1, 'unclaimed_balls': 0, 'new_available_balls': 0, 'device': <ball_device.bd_plunger>}
2025-11-09 19:13:12,066 : INFO : EventManager : Event: ======'balldevice_bd_plunger_ball_entered'====== Args={'new_balls': 0, 'device': <ball_device.bd_plunger>}
2025-11-09 19:13:12,066 : INFO : EventManager : Event: ======'balldevice_bd_plunger_ball_count_changed'====== Args={'balls': 1}
2025-11-09 19:13:12,067 : INFO : ball_device.bd_trough : Got eject confirm
2025-11-09 19:13:12,067 : INFO : ball_device.bd_trough : Eject successful
2025-11-09 19:13:12,067 : INFO : EventManager : Event: ======'balldevice_bd_trough_ball_eject_success'====== Args={'balls': 1, 'target': <ball_device.bd_plunger>}
2025-11-09 19:13:12,068 : INFO : EventManager : Event: ======'balldevice_bd_trough_ball_count_changed'====== Args={'balls': 3}
2025-11-09 19:13:12,075 : INFO : ball_device.bd_trough : State: idle
2025-11-09 19:13:12,075 : INFO : ball_device.bd_plunger : State: waiting_for_target_ready
2025-11-09 19:13:12,075 : INFO : EventManager : Event: ======'balldevice_bd_plunger_ball_eject_attempt'====== Args={'balls': 1, 'target': <playfield.playfield>, 'source': <ball_device.bd_plunger>, 'mechanical_eject': False, 'num_attempts': 0}
2025-11-09 19:13:12,082 : INFO : ball_device.bd_plunger : State: ejecting
2025-11-09 19:13:12,083 : INFO : ball_device.bd_plunger : Ejecting ball to <playfield.playfield>
2025-11-09 19:13:12,083 : INFO : EventManager : Event: ======'balldevice_bd_plunger_ejecting_ball'====== Args={'balls': 1, 'target': <playfield.playfield>, 'source': <ball_device.bd_plunger>, 'mechanical_eject': False, 'num_attempts': 0}
2025-11-09 19:13:12,083 : INFO : ball_device.bd_plunger : Wait for ball to leave device
2025-11-09 19:13:12,083 : INFO : coil.c_plunger : Pulsing Driver for 20ms (1.0 pulse_power)
2025-11-09 19:13:12,083 : INFO : SwitchController : <<<<<<< 's_plunger_lane' inactive >>>>>>>
2025-11-09 19:13:12,084 : INFO : ball_device.bd_plunger : State: ball_left
2025-11-09 19:13:12,084 : INFO : ball_device.bd_plunger : Ball left
2025-11-09 19:13:12,084 : INFO : ball_device.bd_plunger : Wait for confirm with timeout 3.0
2025-11-09 19:13:12,146 : INFO : EventManager : Event: ======'player_base_player_added_timer_tick'====== Args={'value': 1, 'prev_value': 0, 'change': 1, 'player_num': 1}
2025-11-09 19:13:12,146 : INFO : Timer.player_added_timer : Timer Complete
2025-11-09 19:13:12,146 : INFO : Timer.player_added_timer : Stopping Timer
2025-11-09 19:13:12,146 : INFO : EventManager : Event: ======'timer_player_added_timer_stopped'====== Args={'ticks': 1, 'ticks_remaining': 1}
2025-11-09 19:13:12,147 : INFO : EventManager : Event: ======'timer_player_added_timer_complete'====== Args={'ticks': 1, 'ticks_remaining': 1}
2025-11-09 19:13:12,154 : INFO : EventManager : Event: ======'player_csi_lanes_csi_lanes_timer_tick'====== Args={'value': 1, 'prev_value': 0, 'change': 1, 'player_num': 1}
2025-11-09 19:13:12,154 : INFO : Timer.csi_lanes_timer : Timer Complete
2025-11-09 19:13:12,154 : INFO : Timer.csi_lanes_timer : Stopping Timer
2025-11-09 19:13:12,154 : INFO : EventManager : Event: ======'timer_csi_lanes_timer_stopped'====== Args={'ticks': 1, 'ticks_remaining': 1}
2025-11-09 19:13:12,154 : INFO : EventManager : Event: ======'timer_csi_lanes_timer_complete'====== Args={'ticks': 1, 'ticks_remaining': 1}
2025-11-09 19:13:12,457 : INFO : EventManager : Event: ======'player_bumpers_bumper_timer_tick'====== Args={'value': 1, 'prev_value': 0, 'change': 1, 'player_num': 1}
2025-11-09 19:13:12,459 : INFO : Timer.bumper_timer : Timer Complete
2025-11-09 19:13:12,459 : INFO : Timer.bumper_timer : Stopping Timer
2025-11-09 19:13:12,459 : INFO : EventManager : Event: ======'timer_bumper_timer_stopped'====== Args={'ticks': 1, 'ticks_remaining': 1}
2025-11-09 19:13:12,459 : INFO : EventManager : Event: ======'timer_bumper_timer_complete'====== Args={'ticks': 1, 'ticks_remaining': 1}
2025-11-09 19:13:13,187 : INFO : SwitchController : <<<<<<< 's_popbumper1' active >>>>>>>
2025-11-09 19:13:13,187 : INFO : EventManager : Event: ======'playfield_active'====== Args={'source': 'bumper1'}
2025-11-09 19:13:13,188 : INFO : EventManager : Event: ======'s_popbumper1_active'====== Args={}
2025-11-09 19:13:13,188 : INFO : EventManager : Event: ======'playfield_active'====== Args={'source': 'ac_popbumper1'}
2025-11-09 19:13:13,189 : INFO : EventManager : Event: ======'machine_var_audits_switches_s_popbumper1'====== Args={'value': 3918, 'prev_value': 3917, 'change': 1}
2025-11-09 19:13:13,190 : INFO : EventManager : Event: ======'player_shot_bumper1'====== Args={'value': 1, 'prev_value': 0, 'change': 1, 'player_num': 1}
2025-11-09 19:13:13,190 : INFO : EventManager : Event: ======'machine_var_audits_shots_bumper1'====== Args={'value': 3874, 'prev_value': 3873, 'change': 1}
2025-11-09 19:13:13,191 : INFO : EventManager : Event: ======'bumper1_hit'====== Args={'profile': 'default', 'state': 'unlit', 'advancing': True}
2025-11-09 19:13:13,191 : INFO : EventManager : Event: ======'bumper1_default_hit'====== Args={'profile': 'default', 'state': 'unlit', 'advancing': True}
2025-11-09 19:13:13,191 : INFO : EventManager : Event: ======'bumper1_default_unlit_hit'====== Args={'profile': 'default', 'state': 'unlit', 'advancing': True}
2025-11-09 19:13:13,191 : INFO : EventManager : Event: ======'bumper1_unlit_hit'====== Args={'profile': 'default', 'state': 'unlit', 'advancing': True}
2025-11-09 19:13:13,192 : INFO : EventManager : Event: ======'bumpers_hit'====== Args={'shot': 'bumper1'}
2025-11-09 19:13:13,192 : INFO : EventManager : Event: ======'bumpers_unlit_hit'====== Args={'shot': 'bumper1'}
2025-11-09 19:13:13,192 : INFO : EventManager : Event: ======'player_score'====== Args={'value': 3000, 'prev_value': 0, 'change': 3000, 'player_num': 1, 'source': 'bumpers'}
2025-11-09 19:13:13,193 : INFO : EventManager : Event: ======'player_bumpers_bumper_timer_tick'====== Args={'value': 0, 'prev_value': 1, 'change': -1, 'player_num': 1}
2025-11-09 19:13:13,193 : INFO : Timer.bumper_timer : Starting Timer.
2025-11-09 19:13:13,194 : INFO : EventManager : Event: ======'timer_bumper_timer_started'====== Args={'ticks': 0, 'ticks_remaining': 1}
2025-11-09 19:13:13,194 : INFO : EventManager : Event: ======'timer_bumper_timer_tick'====== Args={'ticks': 0, 'ticks_remaining': 1}
2025-11-09 19:13:13,194 : INFO : ball_device.bd_plunger : Got eject confirm
2025-11-09 19:13:13,195 : INFO : ball_device.bd_plunger : Eject successful
2025-11-09 19:13:13,195 : INFO : EventManager : Event: ======'balldevice_bd_plunger_ball_eject_success'====== Args={'balls': 1, 'target': <playfield.playfield>}
2025-11-09 19:13:13,195 : INFO : EventManager : Event: ======'balldevice_playfield_ball_enter'====== Args={'new_balls': 1, 'unclaimed_balls': 1, 'device': <playfield.playfield>}
2025-11-09 19:13:13,195 : INFO : EventManager : Event: ======'playfield_ball_count_change'====== Args={'balls': 1, 'change': 1}
2025-11-09 19:13:13,196 : INFO : EventManager : Event: ======'balldevice_bd_plunger_ball_count_changed'====== Args={'balls': 0}
2025-11-09 19:13:13,196 : INFO : ball_device.bd_plunger : State: idle
2025-11-09 19:13:13,288 : INFO : EventManager : Event: ======'widget_bumper_widget_active'====== Args={'original_context': 'bumpers', 'original_calling_context': 'bumpers_hit', 'priority': 200.0, 'shot': 'bumper1', 'cmd': 'widgets_play', '_from_bcp': True}
2025-11-09 19:13:13,320 : INFO : SwitchController : <<<<<<< 's_popbumper1' inactive >>>>>>>
2025-11-09 19:13:14,195 : INFO : EventManager : Event: ======'player_bumpers_bumper_timer_tick'====== Args={'value': 1, 'prev_value': 0, 'change': 1, 'player_num': 1}
2025-11-09 19:13:14,196 : INFO : Timer.bumper_timer : Timer Complete
2025-11-09 19:13:14,196 : INFO : Timer.bumper_timer : Stopping Timer
2025-11-09 19:13:14,196 : INFO : EventManager : Event: ======'timer_bumper_timer_stopped'====== Args={'ticks': 1, 'ticks_remaining': 1}
2025-11-09 19:13:14,197 : INFO : EventManager : Event: ======'timer_bumper_timer_complete'====== Args={'ticks': 1, 'ticks_remaining': 1}
2025-11-09 19:13:14,237 : INFO : EventManager : Event: ======'widget_bumper_widget_removed'====== Args={'_from_bcp': True}
2025-11-09 19:13:14,871 : INFO : SwitchController : <<<<<<< 's_popbumper2' active >>>>>>>
2025-11-09 19:13:14,871 : INFO : EventManager : Event: ======'s_popbumper2_active'====== Args={}
2025-11-09 19:13:14,872 : INFO : EventManager : Event: ======'machine_var_audits_switches_s_popbumper2'====== Args={'value': 3881, 'prev_value': 3880, 'change': 1}
2025-11-09 19:13:14,873 : INFO : EventManager : Event: ======'player_shot_bumper2'====== Args={'value': 1, 'prev_value': 0, 'change': 1, 'player_num': 1}
2025-11-09 19:13:14,884 : INFO : EventManager : Event: ======'machine_var_audits_shots_bumper2'====== Args={'value': 3840, 'prev_value': 3839, 'change': 1}
2025-11-09 19:13:14,885 : INFO : EventManager : Event: ======'bumper2_hit'====== Args={'profile': 'default', 'state': 'unlit', 'advancing': True}
2025-11-09 19:13:14,885 : INFO : EventManager : Event: ======'bumper2_default_hit'====== Args={'profile': 'default', 'state': 'unlit', 'advancing': True}
2025-11-09 19:13:14,885 : INFO : EventManager : Event: ======'bumper2_default_unlit_hit'====== Args={'profile': 'default', 'state': 'unlit', 'advancing': True}
2025-11-09 19:13:14,886 : INFO : EventManager : Event: ======'bumper2_unlit_hit'====== Args={'profile': 'default', 'state': 'unlit', 'advancing': True}
2025-11-09 19:13:14,886 : INFO : EventManager : Event: ======'bumpers_hit'====== Args={'shot': 'bumper2'}
2025-11-09 19:13:14,887 : INFO : EventManager : Event: ======'bumpers_unlit_hit'====== Args={'shot': 'bumper2'}
2025-11-09 19:13:14,887 : INFO : EventManager : Event: ======'player_score'====== Args={'value': 6000, 'prev_value': 3000, 'change': 3000, 'player_num': 1, 'source': 'bumpers'}
2025-11-09 19:13:14,888 : INFO : EventManager : Event: ======'player_bumpers_bumper_timer_tick'====== Args={'value': 0, 'prev_value': 1, 'change': -1, 'player_num': 1}
2025-11-09 19:13:14,889 : INFO : Timer.bumper_timer : Starting Timer.
2025-11-09 19:13:14,889 : INFO : EventManager : Event: ======'timer_bumper_timer_started'====== Args={'ticks': 0, 'ticks_remaining': 1}
2025-11-09 19:13:14,890 : INFO : EventManager : Event: ======'timer_bumper_timer_tick'====== Args={'ticks': 0, 'ticks_remaining': 1}
2025-11-09 19:13:14,904 : INFO : EventManager : Event: ======'widget_bumper_widget_active'====== Args={'original_context': 'bumpers', 'original_calling_context': 'bumpers_hit', 'priority': 200.0, 'shot': 'bumper2', 'cmd': 'widgets_play', '_from_bcp': True}
2025-11-09 19:13:14,989 : INFO : SwitchController : <<<<<<< 's_popbumper2' inactive >>>>>>>
2025-11-09 19:13:15,671 : INFO : SwitchController : <<<<<<< 's_popbumper3' active >>>>>>>
2025-11-09 19:13:15,671 : INFO : EventManager : Event: ======'s_popbumper3_active'====== Args={}
2025-11-09 19:13:15,672 : INFO : EventManager : Event: ======'machine_var_audits_switches_s_popbumper3'====== Args={'value': 3717, 'prev_value': 3716, 'change': 1}
2025-11-09 19:13:15,673 : INFO : EventManager : Event: ======'player_shot_bumper3'====== Args={'value': 1, 'prev_value': 0, 'change': 1, 'player_num': 1}
2025-11-09 19:13:15,673 : INFO : EventManager : Event: ======'machine_var_audits_shots_bumper3'====== Args={'value': 3675, 'prev_value': 3674, 'change': 1}
2025-11-09 19:13:15,674 : INFO : EventManager : Event: ======'bumper3_hit'====== Args={'profile': 'default', 'state': 'unlit', 'advancing': True}
2025-11-09 19:13:15,675 : INFO : EventManager : Event: ======'bumper3_default_hit'====== Args={'profile': 'default', 'state': 'unlit', 'advancing': True}
2025-11-09 19:13:15,675 : INFO : EventManager : Event: ======'bumper3_default_unlit_hit'====== Args={'profile': 'default', 'state': 'unlit', 'advancing': True}
2025-11-09 19:13:15,676 : INFO : EventManager : Event: ======'bumper3_unlit_hit'====== Args={'profile': 'default', 'state': 'unlit', 'advancing': True}
2025-11-09 19:13:15,676 : INFO : EventManager : Event: ======'bumpers_complete'====== Args={'state': 'lit'}
2025-11-09 19:13:15,676 : INFO : EventManager : Event: ======'bumpers_lit_complete'====== Args={}
2025-11-09 19:13:15,677 : INFO : EventManager : Event: ======'bumpers_hit'====== Args={'shot': 'bumper3'}
2025-11-09 19:13:15,677 : INFO : EventManager : Event: ======'bumpers_unlit_hit'====== Args={'shot': 'bumper3'}
2025-11-09 19:13:15,677 : INFO : EventManager : Event: ======'player_score'====== Args={'value': 9000, 'prev_value': 6000, 'change': 3000, 'player_num': 1, 'source': 'bumpers'}
2025-11-09 19:13:15,678 : INFO : EventManager : Event: ======'timer_bumper_timer_tick'====== Args={'ticks': 0, 'ticks_remaining': 1}
2025-11-09 19:13:15,820 : INFO : SwitchController : <<<<<<< 's_popbumper3' inactive >>>>>>>
2025-11-09 19:13:16,470 : INFO : SwitchController : <<<<<<< 's_popbumper2' active >>>>>>>
2025-11-09 19:13:16,471 : INFO : EventManager : Event: ======'s_popbumper2_active'====== Args={}
2025-11-09 19:13:16,471 : INFO : EventManager : Event: ======'machine_var_audits_switches_s_popbumper2'====== Args={'value': 3882, 'prev_value': 3881, 'change': 1}
2025-11-09 19:13:16,472 : INFO : EventManager : Event: ======'machine_var_audits_shots_bumper2'====== Args={'value': 3841, 'prev_value': 3840, 'change': 1}
2025-11-09 19:13:16,472 : INFO : EventManager : Event: ======'bumper2_hit'====== Args={'profile': 'default', 'state': 'lit', 'advancing': False}
2025-11-09 19:13:16,473 : INFO : EventManager : Event: ======'bumper2_default_hit'====== Args={'profile': 'default', 'state': 'lit', 'advancing': False}
2025-11-09 19:13:16,473 : INFO : EventManager : Event: ======'bumper2_default_lit_hit'====== Args={'profile': 'default', 'state': 'lit', 'advancing': False}
2025-11-09 19:13:16,473 : INFO : EventManager : Event: ======'bumper2_lit_hit'====== Args={'profile': 'default', 'state': 'lit', 'advancing': False}
2025-11-09 19:13:16,473 : INFO : EventManager : Event: ======'bumpers_hit'====== Args={'shot': 'bumper2'}
2025-11-09 19:13:16,473 : INFO : EventManager : Event: ======'bumpers_lit_hit'====== Args={'shot': 'bumper2'}
2025-11-09 19:13:16,473 : INFO : EventManager : Event: ======'player_score'====== Args={'value': 12000, 'prev_value': 9000, 'change': 3000, 'player_num': 1, 'source': 'bumpers'}
2025-11-09 19:13:16,474 : INFO : EventManager : Event: ======'timer_bumper_timer_tick'====== Args={'ticks': 0, 'ticks_remaining': 1}
2025-11-09 19:13:16,586 : INFO : SwitchController : <<<<<<< 's_popbumper2' inactive >>>>>>>
2025-11-09 19:13:16,770 : INFO : SwitchController : <<<<<<< 's_popbumper1' active >>>>>>>
2025-11-09 19:13:16,771 : INFO : EventManager : Event: ======'s_popbumper1_active'====== Args={}
2025-11-09 19:13:16,772 : INFO : EventManager : Event: ======'machine_var_audits_switches_s_popbumper1'====== Args={'value': 3919, 'prev_value': 3918, 'change': 1}
2025-11-09 19:13:16,773 : INFO : EventManager : Event: ======'machine_var_audits_shots_bumper1'====== Args={'value': 3875, 'prev_value': 3874, 'change': 1}
2025-11-09 19:13:16,773 : INFO : EventManager : Event: ======'bumper1_hit'====== Args={'profile': 'default', 'state': 'lit', 'advancing': False}
2025-11-09 19:13:16,774 : INFO : EventManager : Event: ======'bumper1_default_hit'====== Args={'profile': 'default', 'state': 'lit', 'advancing': False}
2025-11-09 19:13:16,774 : INFO : EventManager : Event: ======'bumper1_default_lit_hit'====== Args={'profile': 'default', 'state': 'lit', 'advancing': False}
2025-11-09 19:13:16,774 : INFO : EventManager : Event: ======'bumper1_lit_hit'====== Args={'profile': 'default', 'state': 'lit', 'advancing': False}
2025-11-09 19:13:16,775 : INFO : EventManager : Event: ======'bumpers_hit'====== Args={'shot': 'bumper1'}
2025-11-09 19:13:16,775 : INFO : EventManager : Event: ======'bumpers_lit_hit'====== Args={'shot': 'bumper1'}
2025-11-09 19:13:16,776 : INFO : EventManager : Event: ======'player_score'====== Args={'value': 15000, 'prev_value': 12000, 'change': 3000, 'player_num': 1, 'source': 'bumpers'}
2025-11-09 19:13:16,776 : INFO : EventManager : Event: ======'timer_bumper_timer_tick'====== Args={'ticks': 0, 'ticks_remaining': 1}
2025-11-09 19:13:17,021 : INFO : SwitchController : <<<<<<< 's_popbumper1' inactive >>>>>>>
2025-11-09 19:13:17,387 : INFO : SwitchController : <<<<<<< 's_popbumper2' active >>>>>>>
2025-11-09 19:13:17,387 : INFO : EventManager : Event: ======'s_popbumper2_active'====== Args={}
2025-11-09 19:13:17,388 : INFO : EventManager : Event: ======'machine_var_audits_switches_s_popbumper2'====== Args={'value': 3883, 'prev_value': 3882, 'change': 1}
2025-11-09 19:13:17,389 : INFO : EventManager : Event: ======'machine_var_audits_shots_bumper2'====== Args={'value': 3842, 'prev_value': 3841, 'change': 1}
2025-11-09 19:13:17,389 : INFO : EventManager : Event: ======'bumper2_hit'====== Args={'profile': 'default', 'state': 'lit', 'advancing': False}
2025-11-09 19:13:17,390 : INFO : EventManager : Event: ======'bumper2_default_hit'====== Args={'profile': 'default', 'state': 'lit', 'advancing': False}
2025-11-09 19:13:17,390 : INFO : EventManager : Event: ======'bumper2_default_lit_hit'====== Args={'profile': 'default', 'state': 'lit', 'advancing': False}
2025-11-09 19:13:17,390 : INFO : EventManager : Event: ======'bumper2_lit_hit'====== Args={'profile': 'default', 'state': 'lit', 'advancing': False}
2025-11-09 19:13:17,391 : INFO : EventManager : Event: ======'bumpers_hit'====== Args={'shot': 'bumper2'}
2025-11-09 19:13:17,391 : INFO : EventManager : Event: ======'bumpers_lit_hit'====== Args={'shot': 'bumper2'}
2025-11-09 19:13:17,392 : INFO : EventManager : Event: ======'player_score'====== Args={'value': 18000, 'prev_value': 15000, 'change': 3000, 'player_num': 1, 'source': 'bumpers'}
2025-11-09 19:13:17,392 : INFO : EventManager : Event: ======'timer_bumper_timer_tick'====== Args={'ticks': 0, 'ticks_remaining': 1}
2025-11-09 19:13:17,537 : INFO : SwitchController : <<<<<<< 's_popbumper2' inactive >>>>>>>
2025-11-09 19:13:17,971 : INFO : SwitchController : <<<<<<< 's_popbumper1' active >>>>>>>
2025-11-09 19:13:17,971 : INFO : EventManager : Event: ======'s_popbumper1_active'====== Args={}
2025-11-09 19:13:17,972 : INFO : EventManager : Event: ======'machine_var_audits_switches_s_popbumper1'====== Args={'value': 3920, 'prev_value': 3919, 'change': 1}
2025-11-09 19:13:17,973 : INFO : EventManager : Event: ======'machine_var_audits_shots_bumper1'====== Args={'value': 3876, 'prev_value': 3875, 'change': 1}
2025-11-09 19:13:17,974 : INFO : EventManager : Event: ======'bumper1_hit'====== Args={'profile': 'default', 'state': 'lit', 'advancing': False}
2025-11-09 19:13:17,974 : INFO : EventManager : Event: ======'bumper1_default_hit'====== Args={'profile': 'default', 'state': 'lit', 'advancing': False}
2025-11-09 19:13:17,974 : INFO : EventManager : Event: ======'bumper1_default_lit_hit'====== Args={'profile': 'default', 'state': 'lit', 'advancing': False}
2025-11-09 19:13:17,974 : INFO : EventManager : Event: ======'bumper1_lit_hit'====== Args={'profile': 'default', 'state': 'lit', 'advancing': False}
2025-11-09 19:13:17,975 : INFO : EventManager : Event: ======'bumpers_hit'====== Args={'shot': 'bumper1'}
2025-11-09 19:13:17,975 : INFO : EventManager : Event: ======'bumpers_lit_hit'====== Args={'shot': 'bumper1'}
2025-11-09 19:13:17,975 : INFO : EventManager : Event: ======'player_score'====== Args={'value': 21000, 'prev_value': 18000, 'change': 3000, 'player_num': 1, 'source': 'bumpers'}
2025-11-09 19:13:17,976 : INFO : EventManager : Event: ======'timer_bumper_timer_tick'====== Args={'ticks': 0, 'ticks_remaining': 1}
2025-11-09 19:13:18,121 : INFO : SwitchController : <<<<<<< 's_popbumper1' inactive >>>>>>>
2025-11-09 19:13:18,976 : INFO : EventManager : Event: ======'player_bumpers_bumper_timer_tick'====== Args={'value': 1, 'prev_value': 0, 'change': 1, 'player_num': 1}
2025-11-09 19:13:18,978 : INFO : Timer.bumper_timer : Timer Complete
2025-11-09 19:13:18,978 : INFO : Timer.bumper_timer : Stopping Timer
2025-11-09 19:13:18,978 : INFO : EventManager : Event: ======'timer_bumper_timer_stopped'====== Args={'ticks': 1, 'ticks_remaining': 1}
2025-11-09 19:13:18,979 : INFO : EventManager : Event: ======'timer_bumper_timer_complete'====== Args={'ticks': 1, 'ticks_remaining': 1}
2025-11-09 19:13:19,004 : INFO : EventManager : Event: ======'widget_bumper_widget_removed'====== Args={'_from_bcp': True}
2025-11-09 19:13:19,737 : INFO : SwitchController : <<<<<<< 's_popbumper1' active >>>>>>>
2025-11-09 19:13:19,738 : INFO : EventManager : Event: ======'s_popbumper1_active'====== Args={}
2025-11-09 19:13:19,739 : INFO : EventManager : Event: ======'machine_var_audits_switches_s_popbumper1'====== Args={'value': 3921, 'prev_value': 3920, 'change': 1}
2025-11-09 19:13:19,739 : INFO : EventManager : Event: ======'machine_var_audits_shots_bumper1'====== Args={'value': 3877, 'prev_value': 3876, 'change': 1}
2025-11-09 19:13:19,740 : INFO : EventManager : Event: ======'bumper1_hit'====== Args={'profile': 'default', 'state': 'lit', 'advancing': False}
2025-11-09 19:13:19,740 : INFO : EventManager : Event: ======'bumper1_default_hit'====== Args={'profile': 'default', 'state': 'lit', 'advancing': False}
2025-11-09 19:13:19,741 : INFO : EventManager : Event: ======'bumper1_default_lit_hit'====== Args={'profile': 'default', 'state': 'lit', 'advancing': False}
2025-11-09 19:13:19,741 : INFO : EventManager : Event: ======'bumper1_lit_hit'====== Args={'profile': 'default', 'state': 'lit', 'advancing': False}
2025-11-09 19:13:19,741 : INFO : EventManager : Event: ======'bumpers_hit'====== Args={'shot': 'bumper1'}
2025-11-09 19:13:19,742 : INFO : EventManager : Event: ======'bumpers_lit_hit'====== Args={'shot': 'bumper1'}
2025-11-09 19:13:19,742 : INFO : EventManager : Event: ======'player_score'====== Args={'value': 24000, 'prev_value': 21000, 'change': 3000, 'player_num': 1, 'source': 'bumpers'}
2025-11-09 19:13:19,743 : INFO : EventManager : Event: ======'player_bumpers_bumper_timer_tick'====== Args={'value': 0, 'prev_value': 1, 'change': -1, 'player_num': 1}
2025-11-09 19:13:19,743 : INFO : Timer.bumper_timer : Starting Timer.
2025-11-09 19:13:19,743 : INFO : EventManager : Event: ======'timer_bumper_timer_started'====== Args={'ticks': 0, 'ticks_remaining': 1}
2025-11-09 19:13:19,743 : INFO : EventManager : Event: ======'timer_bumper_timer_tick'====== Args={'ticks': 0, 'ticks_remaining': 1}
2025-11-09 19:13:19,754 : INFO : EventManager : Event: ======'widget_bumper_widget_active'====== Args={'original_context': 'bumpers', 'original_calling_context': 'bumpers_hit', 'priority': 200.0, 'shot': 'bumper1', 'cmd': 'widgets_play', '_from_bcp': True}
2025-11-09 19:13:19,904 : INFO : SwitchController : <<<<<<< 's_popbumper1' inactive >>>>>>>
2025-11-09 19:13:20,357 : INFO : SwitchController : <<<<<<< 's_popbumper2' active >>>>>>>
2025-11-09 19:13:20,358 : INFO : EventManager : Event: ======'s_popbumper2_active'====== Args={}
2025-11-09 19:13:20,358 : INFO : EventManager : Event: ======'machine_var_audits_switches_s_popbumper2'====== Args={'value': 3884, 'prev_value': 3883, 'change': 1}
2025-11-09 19:13:20,359 : INFO : EventManager : Event: ======'machine_var_audits_shots_bumper2'====== Args={'value': 3843, 'prev_value': 3842, 'change': 1}
2025-11-09 19:13:20,359 : INFO : EventManager : Event: ======'bumper2_hit'====== Args={'profile': 'default', 'state': 'lit', 'advancing': False}
2025-11-09 19:13:20,359 : INFO : EventManager : Event: ======'bumper2_default_hit'====== Args={'profile': 'default', 'state': 'lit', 'advancing': False}
2025-11-09 19:13:20,360 : INFO : EventManager : Event: ======'bumper2_default_lit_hit'====== Args={'profile': 'default', 'state': 'lit', 'advancing': False}
2025-11-09 19:13:20,360 : INFO : EventManager : Event: ======'bumper2_lit_hit'====== Args={'profile': 'default', 'state': 'lit', 'advancing': False}
2025-11-09 19:13:20,360 : INFO : EventManager : Event: ======'bumpers_hit'====== Args={'shot': 'bumper2'}
2025-11-09 19:13:20,360 : INFO : EventManager : Event: ======'bumpers_lit_hit'====== Args={'shot': 'bumper2'}
2025-11-09 19:13:20,360 : INFO : EventManager : Event: ======'player_score'====== Args={'value': 27000, 'prev_value': 24000, 'change': 3000, 'player_num': 1, 'source': 'bumpers'}
2025-11-09 19:13:20,361 : INFO : EventManager : Event: ======'timer_bumper_timer_tick'====== Args={'ticks': 0, 'ticks_remaining': 1}
2025-11-09 19:13:20,520 : INFO : SwitchController : <<<<<<< 's_popbumper2' inactive >>>>>>>
2025-11-09 19:13:20,821 : INFO : SwitchController : <<<<<<< 's_popbumper3' active >>>>>>>
2025-11-09 19:13:20,821 : INFO : EventManager : Event: ======'s_popbumper3_active'====== Args={}
2025-11-09 19:13:20,822 : INFO : EventManager : Event: ======'machine_var_audits_switches_s_popbumper3'====== Args={'value': 3718, 'prev_value': 3717, 'change': 1}
2025-11-09 19:13:20,823 : INFO : EventManager : Event: ======'machine_var_audits_shots_bumper3'====== Args={'value': 3676, 'prev_value': 3675, 'change': 1}
2025-11-09 19:13:20,823 : INFO : EventManager : Event: ======'bumper3_hit'====== Args={'profile': 'default', 'state': 'lit', 'advancing': False}
2025-11-09 19:13:20,823 : INFO : EventManager : Event: ======'bumper3_default_hit'====== Args={'profile': 'default', 'state': 'lit', 'advancing': False}
2025-11-09 19:13:20,823 : INFO : EventManager : Event: ======'bumper3_default_lit_hit'====== Args={'profile': 'default', 'state': 'lit', 'advancing': False}
2025-11-09 19:13:20,824 : INFO : EventManager : Event: ======'bumper3_lit_hit'====== Args={'profile': 'default', 'state': 'lit', 'advancing': False}
2025-11-09 19:13:20,824 : INFO : EventManager : Event: ======'bumpers_hit'====== Args={'shot': 'bumper3'}
2025-11-09 19:13:20,824 : INFO : EventManager : Event: ======'bumpers_lit_hit'====== Args={'shot': 'bumper3'}
2025-11-09 19:13:20,825 : INFO : EventManager : Event: ======'player_score'====== Args={'value': 30000, 'prev_value': 27000, 'change': 3000, 'player_num': 1, 'source': 'bumpers'}
2025-11-09 19:13:20,825 : INFO : EventManager : Event: ======'timer_bumper_timer_tick'====== Args={'ticks': 0, 'ticks_remaining': 1}
2025-11-09 19:13:20,970 : INFO : SwitchController : <<<<<<< 's_popbumper3' inactive >>>>>>>
2025-11-09 19:13:21,456 : INFO : EventManager : Event: ======'player_skull_pause_timer_tick'====== Args={'value': 1, 'prev_value': 0, 'change': 1, 'player_num': 1}
2025-11-09 19:13:21,457 : INFO : Timer.pause_timer : Timer Complete
2025-11-09 19:13:21,457 : INFO : Timer.pause_timer : Stopping Timer
2025-11-09 19:13:21,457 : INFO : EventManager : Event: ======'timer_pause_timer_stopped'====== Args={'ticks': 1, 'ticks_remaining': 1}
2025-11-09 19:13:21,458 : INFO : EventManager : Event: ======'timer_pause_timer_complete'====== Args={'ticks': 1, 'ticks_remaining': 1}
2025-11-09 19:13:21,826 : INFO : EventManager : Event: ======'player_bumpers_bumper_timer_tick'====== Args={'value': 1, 'prev_value': 0, 'change': 1, 'player_num': 1}
2025-11-09 19:13:21,827 : INFO : Timer.bumper_timer : Timer Complete
2025-11-09 19:13:21,827 : INFO : Timer.bumper_timer : Stopping Timer
2025-11-09 19:13:21,827 : INFO : EventManager : Event: ======'timer_bumper_timer_stopped'====== Args={'ticks': 1, 'ticks_remaining': 1}
2025-11-09 19:13:21,828 : INFO : EventManager : Event: ======'timer_bumper_timer_complete'====== Args={'ticks': 1, 'ticks_remaining': 1}
2025-11-09 19:13:21,870 : INFO : EventManager : Event: ======'widget_bumper_widget_removed'====== Args={'_from_bcp': True}
2025-11-09 19:13:21,919 : INFO : SwitchController : <<<<<<< 's_popbumper1' active >>>>>>>
2025-11-09 19:13:21,919 : INFO : EventManager : Event: ======'s_popbumper1_active'====== Args={}
2025-11-09 19:13:21,919 : INFO : EventManager : Event: ======'machine_var_audits_switches_s_popbumper1'====== Args={'value': 3922, 'prev_value': 3921, 'change': 1}
2025-11-09 19:13:21,920 : INFO : EventManager : Event: ======'machine_var_audits_shots_bumper1'====== Args={'value': 3878, 'prev_value': 3877, 'change': 1}
2025-11-09 19:13:21,920 : INFO : EventManager : Event: ======'bumper1_hit'====== Args={'profile': 'default', 'state': 'lit', 'advancing': False}
2025-11-09 19:13:21,920 : INFO : EventManager : Event: ======'bumper1_default_hit'====== Args={'profile': 'default', 'state': 'lit', 'advancing': False}
2025-11-09 19:13:21,920 : INFO : EventManager : Event: ======'bumper1_default_lit_hit'====== Args={'profile': 'default', 'state': 'lit', 'advancing': False}
2025-11-09 19:13:21,920 : INFO : EventManager : Event: ======'bumper1_lit_hit'====== Args={'profile': 'default', 'state': 'lit', 'advancing': False}
2025-11-09 19:13:21,920 : INFO : EventManager : Event: ======'bumpers_hit'====== Args={'shot': 'bumper1'}
2025-11-09 19:13:21,920 : INFO : EventManager : Event: ======'bumpers_lit_hit'====== Args={'shot': 'bumper1'}
2025-11-09 19:13:21,920 : INFO : EventManager : Event: ======'player_score'====== Args={'value': 33000, 'prev_value': 30000, 'change': 3000, 'player_num': 1, 'source': 'bumpers'}
2025-11-09 19:13:21,920 : INFO : EventManager : Event: ======'player_bumpers_bumper_timer_tick'====== Args={'value': 0, 'prev_value': 1, 'change': -1, 'player_num': 1}
2025-11-09 19:13:21,920 : INFO : Timer.bumper_timer : Starting Timer.
2025-11-09 19:13:21,920 : INFO : EventManager : Event: ======'timer_bumper_timer_started'====== Args={'ticks': 0, 'ticks_remaining': 1}
2025-11-09 19:13:21,920 : INFO : EventManager : Event: ======'timer_bumper_timer_tick'====== Args={'ticks': 0, 'ticks_remaining': 1}
2025-11-09 19:13:21,936 : INFO : EventManager : Event: ======'widget_bumper_widget_active'====== Args={'original_context': 'bumpers', 'original_calling_context': 'bumpers_hit', 'priority': 200.0, 'shot': 'bumper1', 'cmd': 'widgets_play', '_from_bcp': True}
2025-11-09 19:13:22,103 : INFO : SwitchController : <<<<<<< 's_popbumper1' inactive >>>>>>>
2025-11-09 19:13:22,921 : INFO : EventManager : Event: ======'player_bumpers_bumper_timer_tick'====== Args={'value': 1, 'prev_value': 0, 'change': 1, 'player_num': 1}
2025-11-09 19:13:22,923 : INFO : Timer.bumper_timer : Timer Complete
2025-11-09 19:13:22,923 : INFO : Timer.bumper_timer : Stopping Timer
2025-11-09 19:13:22,923 : INFO : EventManager : Event: ======'timer_bumper_timer_stopped'====== Args={'ticks': 1, 'ticks_remaining': 1}
2025-11-09 19:13:22,923 : INFO : EventManager : Event: ======'timer_bumper_timer_complete'====== Args={'ticks': 1, 'ticks_remaining': 1}
2025-11-09 19:13:22,937 : INFO : EventManager : Event: ======'widget_bumper_widget_removed'====== Args={'_from_bcp': True}
2025-11-09 19:14:52,433 : INFO : Machine : Shutting down...
2025-11-09 19:14:52,434 : INFO : EventManager : Event: ======'shutdown'====== Args={}
2025-11-09 19:14:52,436 : INFO : EventManager : Event: ======'mode_game_will_stop'====== Args={}
2025-11-09 19:14:52,436 : INFO : EventManager : Event: ======'mode_game_stopping'====== Args={}
2025-11-09 19:14:52,436 : INFO : EventManager : Event: ======'mode_bumpers_will_stop'====== Args={}
2025-11-09 19:14:52,437 : INFO : EventManager : Event: ======'mode_bumpers_stopping'====== Args={}
2025-11-09 19:14:52,437 : INFO : EventManager : Event: ======'mode_skull_will_stop'====== Args={}
2025-11-09 19:14:52,437 : INFO : EventManager : Event: ======'mode_skull_stopping'====== Args={}
2025-11-09 19:14:52,437 : INFO : EventManager : Event: ======'mode_base_will_stop'====== Args={}
2025-11-09 19:14:52,437 : INFO : EventManager : Event: ======'mode_base_stopping'====== Args={}
2025-11-09 19:14:52,437 : INFO : EventManager : Event: ======'mode_csi_lanes_will_stop'====== Args={}
2025-11-09 19:14:52,437 : INFO : EventManager : Event: ======'mode_csi_lanes_stopping'====== Args={}
2025-11-09 19:14:52,437 : INFO : EventManager : Event: ======'stop_mode_bumpers'====== Args={'priority': 0}
2025-11-09 19:14:52,437 : INFO : EventManager : Event: ======'stop_mode_csi_lanes'====== Args={'priority': 0}
2025-11-09 19:14:52,437 : INFO : EventManager : Event: ======'stop_mode_skull'====== Args={'priority': 0}
2025-11-09 19:14:52,437 : INFO : Mode.csi_lanes : Stopped.
2025-11-09 19:14:52,437 : INFO : EventManager : Event: ======'modes_active_modes_changed'====== Args={}
2025-11-09 19:14:52,438 : INFO : EventManager : Event: ======'mode_csi_lanes_stopped'====== Args={}
2025-11-09 19:14:52,438 : INFO : EventManager : Event: ======'clear'====== Args={'key': 'csi_lanes'}
2025-11-09 19:14:52,438 : INFO : Timer.csi_lanes_timer : Stopping Timer
2025-11-09 19:14:52,438 : INFO : EventManager : Event: ======'timer_csi_lanes_timer_stopped'====== Args={'ticks': 1, 'ticks_remaining': 1}
2025-11-09 19:14:52,438 : INFO : Timer.csi_right_orbit_timer : Stopping Timer
2025-11-09 19:14:52,438 : INFO : EventManager : Event: ======'timer_csi_right_orbit_timer_stopped'====== Args={'ticks': 0, 'ticks_remaining': 0}
2025-11-09 19:14:52,439 : INFO : Mode.base : Stopped.
2025-11-09 19:14:52,439 : INFO : EventManager : Event: ======'modes_active_modes_changed'====== Args={}
2025-11-09 19:14:52,439 : INFO : EventManager : Event: ======'mode_base_stopped'====== Args={}
2025-11-09 19:14:52,439 : INFO : EventManager : Event: ======'clear'====== Args={'key': 'base'}
2025-11-09 19:14:52,439 : INFO : Timer.player_added_timer : Stopping Timer
2025-11-09 19:14:52,439 : INFO : EventManager : Event: ======'timer_player_added_timer_stopped'====== Args={'ticks': 1, 'ticks_remaining': 1}
2025-11-09 19:14:52,439 : INFO : Mode.skull : Stopped.
2025-11-09 19:14:52,439 : INFO : EventManager : Event: ======'modes_active_modes_changed'====== Args={}
2025-11-09 19:14:52,439 : INFO : EventManager : Event: ======'mode_skull_stopped'====== Args={}
2025-11-09 19:14:52,439 : INFO : EventManager : Event: ======'clear'====== Args={'key': 'skull'}
2025-11-09 19:14:52,439 : INFO : Timer.pause_timer : Stopping Timer
2025-11-09 19:14:52,439 : INFO : EventManager : Event: ======'timer_pause_timer_stopped'====== Args={'ticks': 1, 'ticks_remaining': 1}
2025-11-09 19:14:52,439 : INFO : Mode.bumpers : Stopped.
2025-11-09 19:14:52,439 : INFO : EventManager : Event: ======'modes_active_modes_changed'====== Args={}
2025-11-09 19:14:52,439 : INFO : EventManager : Event: ======'mode_bumpers_stopped'====== Args={}
2025-11-09 19:14:52,439 : INFO : EventManager : Event: ======'clear'====== Args={'key': 'bumpers'}
2025-11-09 19:14:52,439 : INFO : Timer.bumper_timer : Stopping Timer
2025-11-09 19:14:52,440 : INFO : EventManager : Event: ======'timer_bumper_timer_stopped'====== Args={'ticks': 1, 'ticks_remaining': 1}
2025-11-09 19:14:52,440 : INFO : Mode.game : Stopped.
2025-11-09 19:14:52,440 : INFO : EventManager : Event: ======'modes_active_modes_changed'====== Args={}
2025-11-09 19:14:52,440 : INFO : EventManager : Event: ======'mode_game_stopped'====== Args={}
2025-11-09 19:14:52,440 : INFO : EventManager : Event: ======'clear'====== Args={'key': 'game'}
2025-11-09 19:14:52,450 : INFO : root : MPF run loop ended.
