2025-10-31 01:08:20,823 : INFO : root : Loading config.
2025-10-31 01:08:20,824 : INFO : YamlMultifileConfigLoader : Machine config file #1: config.yaml
2025-10-31 01:08:20,824 : INFO : ConfigProcessor : Loading config from cache: /var/folders/m3/0d4y64_n3fn8tnkv3ydlhztw0000gn/T/5ca32a6c950d03116abbed96ca44d372.mpf_cache
2025-10-31 01:08:20,835 : INFO : ConfigProcessor : Loading config from cache: /var/folders/m3/0d4y64_n3fn8tnkv3ydlhztw0000gn/T/01c495fa7450a81b4be96cb699872531.mpf_cache
2025-10-31 01:08:20,835 : INFO : ConfigProcessor : Loading config from cache: /var/folders/m3/0d4y64_n3fn8tnkv3ydlhztw0000gn/T/bfde29b5bb803376b0637bb8f0da27a7.mpf_cache
2025-10-31 01:08:20,836 : INFO : ConfigProcessor : Loading config from cache: /var/folders/m3/0d4y64_n3fn8tnkv3ydlhztw0000gn/T/01c495fa7450a81b4be96cb699872531.mpf_cache
2025-10-31 01:08:20,836 : INFO : ConfigProcessor : Loading config from cache: /var/folders/m3/0d4y64_n3fn8tnkv3ydlhztw0000gn/T/3ae89e09515ff8d8b11d68f672b2cc51.mpf_cache
2025-10-31 01:08:20,836 : INFO : ConfigProcessor : Loading config from cache: /var/folders/m3/0d4y64_n3fn8tnkv3ydlhztw0000gn/T/4c420229fa75118c2461cfc9ff5a44e2.mpf_cache
2025-10-31 01:08:20,836 : INFO : Machine : Mission Pinball Framework Core Engine v0.80.0.dev10
2025-10-31 01:08:20,836 : INFO : Machine : Command line arguments: {'no_load_cache': False, 'create_config_cache': True, 'bcp': True, 'configfile': ['config.yaml'], 'force_assets_load': False, 'platform_integration_test': False, 'jsonlogging': False, 'logfile': 'logs/2025-10-31-01-08-20-mpf-mac.home.log', 'pause': False, 'production': False, 'text_ui': False, 'loglevel': 15, 'consoleloglevel': 20, 'force_platform': 'smart_virtual', 'syslog_address': None, 'full_logfile_path': '/Users/didiergilbin/Desktop/Homebrew_CSI/logs/2025-10-31-01-08-20-mpf-mac.home.log'}
2025-10-31 01:08:20,836 : INFO : Machine : MPF path: /Users/didiergilbin/mpfenv/lib/python3.13/site-packages/mpf
2025-10-31 01:08:20,836 : INFO : Machine : Machine path: /Users/didiergilbin/Desktop/Homebrew_CSI
2025-10-31 01:08:20,836 : INFO : Machine : Platform: darwin
2025-10-31 01:08:20,836 : INFO : Machine : Python executable location: /Users/didiergilbin/mpfenv/bin/python3.13
2025-10-31 01:08:20,836 : INFO : Machine : Python version: 3.13.7 (64-bit)
2025-10-31 01:08:20,836 : INFO : Machine : Initializing MPF...
2025-10-31 01:08:20,848 : INFO : EventManager : Event: ======'machine_var_credits_string'====== Args={'value': 'FREE PLAY', 'prev_value': None, 'change': True}
2025-10-31 01:08:20,852 : INFO : EventManager : Event: ======'machine_var_master_volume'====== Args={'value': 0.5, 'prev_value': None, 'change': True}
2025-10-31 01:08:20,852 : INFO : EventManager : Event: ======'machine_var_player1_score'====== Args={'value': 0, 'prev_value': None, 'change': True}
2025-10-31 01:08:20,852 : INFO : EventManager : Event: ======'machine_var_player2_score'====== Args={'value': 0, 'prev_value': None, 'change': True}
2025-10-31 01:08:20,852 : INFO : EventManager : Event: ======'machine_var_mpf_version'====== Args={'value': 'Mission Pinball Framework v0.80.0.dev10', 'prev_value': None, 'change': True}
2025-10-31 01:08:20,852 : INFO : EventManager : Event: ======'machine_var_mpf_extended_version'====== Args={'value': 'Mission Pinball Framework v0.80.0.dev10, Config version:6, Show version: 6, BCP version:1.1', 'prev_value': None, 'change': True}
2025-10-31 01:08:20,852 : INFO : EventManager : Event: ======'machine_var_python_version'====== Args={'value': '3.13.7', 'prev_value': None, 'change': True}
2025-10-31 01:08:20,857 : INFO : EventManager : Event: ======'machine_var_platform'====== Args={'value': 'macOS-15.6.1-arm64-arm-64bit-Mach-O', 'prev_value': None, 'change': True}
2025-10-31 01:08:20,857 : INFO : EventManager : Event: ======'machine_var_platform_system'====== Args={'value': 'Darwin', 'prev_value': None, 'change': True}
2025-10-31 01:08:20,857 : INFO : EventManager : Event: ======'machine_var_platform_release'====== Args={'value': '24.6.0', 'prev_value': None, 'change': True}
2025-10-31 01:08:20,857 : INFO : EventManager : Event: ======'machine_var_platform_version'====== Args={'value': 'Darwin Kernel Version 24.6.0: Mon Jul 14 11:30:40 PDT 2025; root:xnu-11417.140.69~1/RELEASE_ARM64_T8132', 'prev_value': None, 'change': True}
2025-10-31 01:08:20,857 : INFO : EventManager : Event: ======'machine_var_platform_machine'====== Args={'value': 'arm64', 'prev_value': None, 'change': True}
2025-10-31 01:08:20,857 : INFO : EventManager : Event: ======'machine_var_log_file_path'====== Args={'value': '/Users/didiergilbin/Desktop/Homebrew_CSI/logs/2025-10-31-01-08-20-mpf-mac.home.log', 'prev_value': None, 'change': True}
2025-10-31 01:08:20,857 : INFO : EventManager : Event: ======'init_phase_1'====== Args={}
2025-10-31 01:08:20,862 : INFO : EventManager : Event: ======'init_phase_2'====== Args={}
2025-10-31 01:08:20,862 : INFO : SwitchController : Found active switch: ('2', <Platform.SmartVirtual>) <switch.s_trough1>
2025-10-31 01:08:20,862 : INFO : SwitchController : Found active switch: ('3', <Platform.SmartVirtual>) <switch.s_trough2>
2025-10-31 01:08:20,862 : INFO : SwitchController : Found active switch: ('4', <Platform.SmartVirtual>) <switch.s_trough3>
2025-10-31 01:08:20,862 : INFO : SwitchController : Found active switch: ('5', <Platform.SmartVirtual>) <switch.s_trough4>
2025-10-31 01:08:20,863 : INFO : EventManager : Event: ======'bcp_connection_attempt'====== Args={'name': 'local_display', 'host': 'localhost', 'port': 5050}
2025-10-31 01:08:20,863 : INFO : BCPClientSocket : Connecting BCP to 'local_display' at localhost:5050...
2025-10-31 01:08:20,866 : INFO : BCPClientSocket : Connected BCP to 'local_display' localhost:5050
2025-10-31 01:08:20,866 : INFO : EventManager : Event: ======'bcp_clients_connected'====== Args={}
2025-10-31 01:08:20,866 : INFO : ball_device.bd_drain : BCH: Initial count: 0
2025-10-31 01:08:20,866 : INFO : ball_device.bd_drain : State: idle
2025-10-31 01:08:20,866 : INFO : ball_device.bd_trough : BCH: Initial count: 4
2025-10-31 01:08:20,866 : INFO : ball_device.bd_trough : State: idle
2025-10-31 01:08:20,866 : INFO : ball_device.bd_plunger : BCH: Initial count: 0
2025-10-31 01:08:20,866 : INFO : ball_device.bd_plunger : State: idle
2025-10-31 01:08:20,869 : INFO : EventManager : Event: ======'init_phase_3'====== Args={}
2025-10-31 01:08:20,869 : INFO : EventManager : Event: ======'init_phase_4'====== Args={}
2025-10-31 01:08:20,870 : INFO : BallController : Initial balls found: 4
2025-10-31 01:08:20,870 : INFO : EventManager : Event: ======'machine_var_audits_events_game_ended'====== Args={'value': 36, 'prev_value': None, 'change': True}
2025-10-31 01:08:20,870 : INFO : EventManager : Event: ======'machine_var_audits_events_game_started'====== Args={'value': 241, 'prev_value': None, 'change': True}
2025-10-31 01:08:20,870 : INFO : EventManager : Event: ======'machine_var_audits_missing_switches_s_launch_button'====== Args={'value': 241, 'prev_value': None, 'change': True}
2025-10-31 01:08:20,870 : INFO : EventManager : Event: ======'machine_var_audits_missing_switches_s_left_flipper'====== Args={'value': 19, 'prev_value': None, 'change': True}
2025-10-31 01:08:20,870 : INFO : EventManager : Event: ======'machine_var_audits_missing_switches_s_popbumper1'====== Args={'value': 19, 'prev_value': None, 'change': True}
2025-10-31 01:08:20,870 : INFO : EventManager : Event: ======'machine_var_audits_missing_switches_s_popbumper2'====== Args={'value': 19, 'prev_value': None, 'change': True}
2025-10-31 01:08:20,870 : INFO : EventManager : Event: ======'machine_var_audits_missing_switches_s_popbumper3'====== Args={'value': 19, 'prev_value': None, 'change': True}
2025-10-31 01:08:20,870 : INFO : EventManager : Event: ======'machine_var_audits_missing_switches_s_right_flipper'====== Args={'value': 19, 'prev_value': None, 'change': True}
2025-10-31 01:08:20,870 : INFO : EventManager : Event: ======'machine_var_audits_missing_switches_s_scoop'====== Args={'value': 19, 'prev_value': None, 'change': True}
2025-10-31 01:08:20,870 : INFO : EventManager : Event: ======'machine_var_audits_missing_switches_s_sling_left'====== Args={'value': 241, 'prev_value': None, 'change': True}
2025-10-31 01:08:20,870 : INFO : EventManager : Event: ======'machine_var_audits_missing_switches_s_sling_right'====== Args={'value': 241, 'prev_value': None, 'change': True}
2025-10-31 01:08:20,870 : INFO : EventManager : Event: ======'machine_var_audits_missing_switches_s_trough3'====== Args={'value': 19, 'prev_value': None, 'change': True}
2025-10-31 01:08:20,870 : INFO : EventManager : Event: ======'machine_var_audits_missing_switches_s_trough4'====== Args={'value': 19, 'prev_value': None, 'change': True}
2025-10-31 01:08:20,870 : INFO : EventManager : Event: ======'machine_var_audits_player_score'====== Args={'value': {'average': 257218, 'top': [10210000, 1550000, 1070000, 1070000, 810000, 640000, 410000, 380000, 370000, 330000], 'total': 76}, 'prev_value': None, 'change': True}
2025-10-31 01:08:20,870 : INFO : EventManager : Event: ======'machine_var_audits_shots_bumper1'====== Args={'value': 3005, 'prev_value': None, 'change': True}
2025-10-31 01:08:20,870 : INFO : EventManager : Event: ======'machine_var_audits_shots_bumper2'====== Args={'value': 2995, 'prev_value': None, 'change': True}
2025-10-31 01:08:20,870 : INFO : EventManager : Event: ======'machine_var_audits_shots_bumper3'====== Args={'value': 2627, 'prev_value': None, 'change': True}
2025-10-31 01:08:20,870 : INFO : EventManager : Event: ======'machine_var_audits_switches_s_drain'====== Args={'value': 346, 'prev_value': None, 'change': True}
2025-10-31 01:08:20,870 : INFO : EventManager : Event: ======'machine_var_audits_switches_s_launch_button'====== Args={'value': 0, 'prev_value': None, 'change': True}
2025-10-31 01:08:20,870 : INFO : EventManager : Event: ======'machine_var_audits_switches_s_left_flipper'====== Args={'value': 45, 'prev_value': None, 'change': True}
2025-10-31 01:08:20,870 : INFO : EventManager : Event: ======'machine_var_audits_switches_s_plunger_lane'====== Args={'value': 483, 'prev_value': None, 'change': True}
2025-10-31 01:08:20,870 : INFO : EventManager : Event: ======'machine_var_audits_switches_s_popbumper1'====== Args={'value': 3019, 'prev_value': None, 'change': True}
2025-10-31 01:08:20,870 : INFO : EventManager : Event: ======'machine_var_audits_switches_s_popbumper2'====== Args={'value': 3005, 'prev_value': None, 'change': True}
2025-10-31 01:08:20,870 : INFO : EventManager : Event: ======'machine_var_audits_switches_s_popbumper3'====== Args={'value': 2639, 'prev_value': None, 'change': True}
2025-10-31 01:08:20,870 : INFO : EventManager : Event: ======'machine_var_audits_switches_s_right_flipper'====== Args={'value': 76, 'prev_value': None, 'change': True}
2025-10-31 01:08:20,870 : INFO : EventManager : Event: ======'machine_var_audits_switches_s_scoop'====== Args={'value': 59, 'prev_value': None, 'change': True}
2025-10-31 01:08:20,870 : INFO : EventManager : Event: ======'machine_var_audits_switches_s_sling_left'====== Args={'value': 0, 'prev_value': None, 'change': True}
2025-10-31 01:08:20,870 : INFO : EventManager : Event: ======'machine_var_audits_switches_s_sling_right'====== Args={'value': 0, 'prev_value': None, 'change': True}
2025-10-31 01:08:20,870 : INFO : EventManager : Event: ======'machine_var_audits_switches_s_start'====== Args={'value': 514, 'prev_value': None, 'change': True}
2025-10-31 01:08:20,870 : INFO : EventManager : Event: ======'machine_var_audits_switches_s_trough1'====== Args={'value': 240, 'prev_value': None, 'change': True}
2025-10-31 01:08:20,870 : INFO : EventManager : Event: ======'machine_var_audits_switches_s_trough2'====== Args={'value': 9, 'prev_value': None, 'change': True}
2025-10-31 01:08:20,870 : INFO : EventManager : Event: ======'machine_var_audits_switches_s_trough3'====== Args={'value': 1, 'prev_value': None, 'change': True}
2025-10-31 01:08:20,870 : INFO : EventManager : Event: ======'machine_var_audits_switches_s_trough4'====== Args={'value': 1, 'prev_value': None, 'change': True}
2025-10-31 01:08:20,870 : INFO : EventManager : Event: ======'machine_var_audits_switches_s_trough_jam'====== Args={'value': 5, 'prev_value': None, 'change': True}
2025-10-31 01:08:20,870 : INFO : EventManager : Event: ======'init_phase_5'====== Args={}
2025-10-31 01:08:20,871 : INFO : EventManager : Event: ======'init_done'====== Args={}
2025-10-31 01:08:20,871 : INFO : EventManager : Event: ======'machine_reset_phase_1'====== Args={}
2025-10-31 01:08:20,876 : INFO : EventManager : Event: ======'machine_reset_phase_2'====== Args={}
2025-10-31 01:08:20,876 : INFO : EventManager : Event: ======'machine_reset_phase_3'====== Args={}
2025-10-31 01:08:20,876 : INFO : EventManager : Event: ======'reset_complete'====== Args={}
2025-10-31 01:08:20,876 : INFO : EventManager : Event: ======'mode_attract_will_start'====== Args={}
2025-10-31 01:08:20,876 : INFO : Timer.attract_carousel_timer : Starting Timer.
2025-10-31 01:08:20,876 : INFO : EventManager : Event: ======'timer_attract_carousel_timer_started'====== Args={'ticks': 0, 'ticks_remaining': 1}
2025-10-31 01:08:20,876 : INFO : EventManager : Event: ======'timer_attract_carousel_timer_tick'====== Args={'ticks': 0, 'ticks_remaining': 1}
2025-10-31 01:08:20,876 : INFO : EventManager : Event: ======'mode_attract_starting'====== Args={}
2025-10-31 01:08:20,876 : INFO : Mode.attract : Started. Priority: 10
2025-10-31 01:08:20,877 : INFO : EventManager : Event: ======'modes_active_modes_changed'====== Args={}
2025-10-31 01:08:20,877 : INFO : EventManager : Event: ======'mode_attract_started'====== Args={}
2025-10-31 01:08:20,877 : INFO : EventManager : Event: ======'collecting_balls_complete'====== Args={}
2025-10-31 01:08:20,877 : INFO : EventManager : Event: ======'carousel_item_highlighted'====== Args={'carousel': 'attract', 'direction': None, 'item': 'title'}
2025-10-31 01:08:20,878 : INFO : Machine : Starting the main run loop with active modes: [<Mode.attract>]
2025-10-31 01:08:21,268 : INFO : EventManager : Event: ======'slide_attract_created'====== Args={'_from_bcp': True}
2025-10-31 01:08:21,268 : INFO : EventManager : Event: ======'slide__removed'====== Args={'_from_bcp': True}
2025-10-31 01:08:21,269 : INFO : EventManager : Event: ======'slide_attract_active'====== Args={'original_context': 'attract', 'original_calling_context': 'mode_attract_started', 'priority': 10.0, 'cmd': 'slides_play', '_from_bcp': True}
2025-10-31 01:08:21,573 : INFO : BcpServer : New client connected.
2025-10-31 01:08:25,609 : INFO : SwitchController : <<<<<<< 's_start' active >>>>>>>
2025-10-31 01:08:25,725 : INFO : SwitchController : <<<<<<< 's_start' inactive >>>>>>>
2025-10-31 01:08:25,726 : INFO : EventManager : Event: ======'request_to_start_game'====== Args={}
2025-10-31 01:08:25,727 : INFO : EventManager : Event: ======'game_start'====== Args={'buttons': [], 'hold_time': 0.11651316599454731}
2025-10-31 01:08:25,727 : INFO : EventManager : Event: ======'mode_game_will_start'====== Args={'buttons': [], 'hold_time': 0.11651316599454731}
2025-10-31 01:08:25,728 : INFO : EventManager : Event: ======'mode_game_starting'====== Args={'buttons': [], 'hold_time': 0.11651316599454731}
2025-10-31 01:08:25,728 : INFO : EventManager : Event: ======'mode_attract_will_stop'====== Args={}
2025-10-31 01:08:25,729 : INFO : EventManager : Event: ======'mode_attract_stopping'====== Args={}
2025-10-31 01:08:25,729 : INFO : Mode.attract : Stopped.
2025-10-31 01:08:25,729 : INFO : EventManager : Event: ======'modes_active_modes_changed'====== Args={}
2025-10-31 01:08:25,729 : INFO : EventManager : Event: ======'mode_attract_stopped'====== Args={}
2025-10-31 01:08:25,730 : INFO : EventManager : Event: ======'clear'====== Args={'key': 'attract'}
2025-10-31 01:08:25,730 : INFO : Timer.attract_carousel_timer : Stopping Timer
2025-10-31 01:08:25,731 : INFO : EventManager : Event: ======'timer_attract_carousel_timer_stopped'====== Args={'ticks': 0, 'ticks_remaining': 1}
2025-10-31 01:08:25,731 : INFO : Mode.game : Started. Priority: 20
2025-10-31 01:08:25,731 : INFO : EventManager : Event: ======'modes_active_modes_changed'====== Args={}
2025-10-31 01:08:25,732 : INFO : EventManager : Event: ======'mode_game_started'====== Args={'buttons': [], 'hold_time': 0.11651316599454731}
2025-10-31 01:08:25,733 : INFO : EventManager : Event: ======'game_will_start'====== Args={}
2025-10-31 01:08:25,733 : INFO : EventManager : Event: ======'game_starting'====== Args={'game': <Mode.game>}
2025-10-31 01:08:25,734 : INFO : EventManager : Unordered handler for class <Auditor> on event game_ended with priority 1. Handlers: [RegisteredHandler(callback=<bound method Auditor.disable of <Auditor>>, priority=1, kwargs={}, key=UUID('821657df-9284-4f90-a4a3-c3b25221593e'), condition=None, blocking_facility=None), RegisteredHandler(callback=<bound method Auditor._save_audits of <Auditor>>, priority=1, kwargs={}, key=UUID('12e21356-5b06-43fa-ab74-2e9e39c592e9'), condition=None, blocking_facility=None)]. The order of those handlers is not defined and they will be executed in random order. This might lead to race conditions and potential bugs.
2025-10-31 01:08:25,734 : INFO : EventManager : Event: ======'player_add_request'====== Args={}
2025-10-31 01:08:25,734 : INFO : EventManager : Event: ======'player_will_add'====== Args={'number': 1}
2025-10-31 01:08:25,735 : INFO : EventManager : Event: ======'player_adding'====== Args={'player': <Player 1>, 'number': 1}
2025-10-31 01:08:25,735 : INFO : EventManager : Event: ======'player_added'====== Args={'player': <Player 1>, 'num': 1}
2025-10-31 01:08:25,735 : INFO : Mode.game : Player added successfully. Total players: 1
2025-10-31 01:08:25,735 : INFO : EventManager : Event: ======'player_index'====== Args={'value': 0, 'prev_value': 0, 'change': 0, 'player_num': 1}
2025-10-31 01:08:25,736 : INFO : EventManager : Event: ======'player_number'====== Args={'value': 1, 'prev_value': 1, 'change': 0, 'player_num': 1}
2025-10-31 01:08:25,736 : INFO : EventManager : Event: ======'player_score'====== Args={'value': 0, 'prev_value': 0, 'change': 0, 'player_num': 1}
2025-10-31 01:08:25,736 : INFO : EventManager : Event: ======'game_started'====== Args={}
2025-10-31 01:08:25,737 : INFO : EventManager : Event: ======'player_turn_will_start'====== Args={'player': <Player 1>, 'number': 1}
2025-10-31 01:08:25,737 : INFO : EventManager : Event: ======'player_turn_starting'====== Args={'player': <Player 1>, 'number': 1}
2025-10-31 01:08:25,743 : INFO : EventManager : Event: ======'player_ball'====== Args={'value': 1, 'prev_value': 0, 'change': 1, 'player_num': 1}
2025-10-31 01:08:25,744 : INFO : EventManager : Event: ======'player_turn_started'====== Args={'player': <Player 1>, 'number': 1}
2025-10-31 01:08:25,745 : INFO : EventManager : Event: ======'ball_will_start'====== Args={'player': 1, 'ball': 1, 'balls_remaining': 2, 'is_extra_ball': False}
2025-10-31 01:08:25,745 : INFO : EventManager : Event: ======'ball_starting'====== Args={'player': 1, 'ball': 1, 'balls_remaining': 2, 'is_extra_ball': False}
2025-10-31 01:08:25,745 : INFO : EventManager : Event: ======'mode_base_will_start'====== Args={'queue': <QueuedEvent>, 'player': 1, 'ball': 1, 'balls_remaining': 2, 'is_extra_ball': False}
2025-10-31 01:08:25,745 : INFO : EventManager : Event: ======'player_base_player_added_timer_tick'====== Args={'value': 0, 'prev_value': 0, 'change': 0, 'player_num': 1}
2025-10-31 01:08:25,746 : INFO : Timer.player_added_timer : Starting Timer.
2025-10-31 01:08:25,746 : INFO : EventManager : Event: ======'timer_player_added_timer_started'====== Args={'ticks': 0, 'ticks_remaining': 1}
2025-10-31 01:08:25,746 : INFO : EventManager : Event: ======'timer_player_added_timer_tick'====== Args={'ticks': 0, 'ticks_remaining': 1}
2025-10-31 01:08:25,747 : INFO : EventManager : Event: ======'mode_base_starting'====== Args={'queue': <QueuedEvent>, 'player': 1, 'ball': 1, 'balls_remaining': 2, 'is_extra_ball': False}
2025-10-31 01:08:25,747 : INFO : Mode.base : Started. Priority: 100
2025-10-31 01:08:25,747 : INFO : EventManager : Event: ======'modes_active_modes_changed'====== Args={}
2025-10-31 01:08:25,747 : INFO : EventManager : Event: ======'mode_base_started'====== Args={'queue': <QueuedEvent>, 'player': 1, 'ball': 1, 'balls_remaining': 2, 'is_extra_ball': False}
2025-10-31 01:08:25,747 : INFO : EventManager : Event: ======'start_mode_bumpers'====== Args={'priority': 0}
2025-10-31 01:08:25,748 : INFO : EventManager : Event: ======'mode_bumpers_will_start'====== Args={'priority': 0}
2025-10-31 01:08:25,748 : INFO : EventManager : Event: ======'player_shot_bumper1_enabled'====== Args={'value': True, 'prev_value': 0, 'change': 1, 'player_num': 1}
2025-10-31 01:08:25,748 : INFO : EventManager : Event: ======'player_shot_bumper2_enabled'====== Args={'value': True, 'prev_value': 0, 'change': 1, 'player_num': 1}
2025-10-31 01:08:25,749 : INFO : EventManager : Event: ======'player_shot_bumper3_enabled'====== Args={'value': True, 'prev_value': 0, 'change': 1, 'player_num': 1}
2025-10-31 01:08:25,749 : INFO : EventManager : Event: ======'bumpers_complete'====== Args={'state': 'unlit'}
2025-10-31 01:08:25,749 : INFO : EventManager : Event: ======'bumpers_unlit_complete'====== Args={}
2025-10-31 01:08:25,750 : INFO : EventManager : Event: ======'mode_bumpers_starting'====== Args={'priority': 0}
2025-10-31 01:08:25,750 : INFO : Mode.bumpers : Started. Priority: 200
2025-10-31 01:08:25,750 : INFO : EventManager : Event: ======'modes_active_modes_changed'====== Args={}
2025-10-31 01:08:25,750 : INFO : EventManager : Event: ======'mode_bumpers_started'====== Args={'priority': 0}
2025-10-31 01:08:25,751 : INFO : EventManager : Event: ======'balls_in_play'====== Args={'balls': 1}
2025-10-31 01:08:25,751 : INFO : EventManager : Event: ======'ball_started'====== Args={'player': 1, 'ball': 1, 'balls_remaining': 2, 'is_extra_ball': False}
2025-10-31 01:08:25,752 : INFO : EventManager : Event: ======'single_player_ball_started'====== Args={}
2025-10-31 01:08:25,752 : INFO : EventManager : Event: ======'ball_start_target'====== Args={'target': 'playfield'}
2025-10-31 01:08:25,752 : INFO : ball_device.bd_trough : Setting up player-controlled eject. Balls: 1, Target: <playfield.playfield>, player_controlled_eject_event: None
2025-10-31 01:08:25,752 : INFO : ball_device.bd_trough : Adding 1 ball(s) to the eject_queue with target <playfield.playfield>.
2025-10-31 01:08:25,752 : INFO : EventManager : Event: ======'balldevice_balls_available'====== Args={}
2025-10-31 01:08:25,753 : INFO : ball_device.bd_trough : State: waiting_for_target_ready
2025-10-31 01:08:25,753 : INFO : EventManager : Event: ======'balldevice_bd_trough_ball_eject_attempt'====== Args={'balls': 1, 'target': <ball_device.bd_plunger>, 'source': <ball_device.bd_trough>, 'mechanical_eject': False, 'num_attempts': 0}
2025-10-31 01:08:25,754 : INFO : ball_device.bd_plunger : State: waiting_for_ball
2025-10-31 01:08:25,754 : INFO : ball_device.bd_trough : State: ejecting
2025-10-31 01:08:25,754 : INFO : ball_device.bd_trough : Ejecting ball to <ball_device.bd_plunger>
2025-10-31 01:08:25,754 : INFO : EventManager : Event: ======'balldevice_bd_trough_ejecting_ball'====== Args={'balls': 1, 'target': <ball_device.bd_plunger>, 'source': <ball_device.bd_trough>, 'mechanical_eject': False, 'num_attempts': 0}
2025-10-31 01:08:25,755 : INFO : ball_device.bd_trough : Wait for ball to leave device
2025-10-31 01:08:25,755 : INFO : coil.c_trough_eject : Pulsing Driver for 20ms (1.0 pulse_power)
2025-10-31 01:08:25,755 : INFO : SwitchController : <<<<<<< 's_trough1' inactive >>>>>>>
2025-10-31 01:08:25,755 : INFO : ball_device.bd_trough : State: ball_left
2025-10-31 01:08:25,756 : INFO : ball_device.bd_trough : Ball left
2025-10-31 01:08:25,756 : INFO : ball_device.bd_trough : Wait for confirm with timeout 3.0
2025-10-31 01:08:25,856 : INFO : SwitchController : <<<<<<< 's_plunger_lane' active >>>>>>>
2025-10-31 01:08:25,856 : INFO : EventManager : Event: ======'machine_var_audits_switches_s_plunger_lane'====== Args={'value': 484, 'prev_value': 483, 'change': 1}
2025-10-31 01:08:25,946 : INFO : EventManager : Event: ======'slide_base_slide_created'====== Args={'_from_bcp': True}
2025-10-31 01:08:25,947 : INFO : EventManager : Event: ======'slide_attract_inactive'====== Args={'is_removing': True, '_from_bcp': True}
2025-10-31 01:08:25,947 : INFO : EventManager : Event: ======'slide_base_slide_active'====== Args={'original_context': 'base', 'original_calling_context': 'mode_base_started', 'priority': 100.0, 'queue': '<QueuedEvent>', 'player': 1.0, 'ball': 1.0, 'balls_remaining': 2.0, 'is_extra_ball': False, 'cmd': 'slides_play', '_from_bcp': True}
2025-10-31 01:08:25,948 : INFO : EventManager : Event: ======'slide_attract_removed'====== Args={'_from_bcp': True}
2025-10-31 01:08:26,358 : INFO : ball_device.bd_plunger : Received ball from <ball_device.bd_trough>
2025-10-31 01:08:26,358 : INFO : EventManager : Event: ======'balldevice_bd_plunger_ball_enter'====== Args={'new_balls': 1, 'unclaimed_balls': 0, 'new_available_balls': 0, 'device': <ball_device.bd_plunger>}
2025-10-31 01:08:26,360 : INFO : EventManager : Event: ======'balldevice_bd_plunger_ball_entered'====== Args={'new_balls': 0, 'device': <ball_device.bd_plunger>}
2025-10-31 01:08:26,360 : INFO : EventManager : Event: ======'balldevice_bd_plunger_ball_count_changed'====== Args={'balls': 1}
2025-10-31 01:08:26,361 : INFO : ball_device.bd_trough : Got eject confirm
2025-10-31 01:08:26,361 : INFO : ball_device.bd_trough : Eject successful
2025-10-31 01:08:26,361 : INFO : EventManager : Event: ======'balldevice_bd_trough_ball_eject_success'====== Args={'balls': 1, 'target': <ball_device.bd_plunger>}
2025-10-31 01:08:26,362 : INFO : EventManager : Event: ======'balldevice_bd_trough_ball_count_changed'====== Args={'balls': 3}
2025-10-31 01:08:26,362 : INFO : ball_device.bd_trough : State: idle
2025-10-31 01:08:26,362 : INFO : ball_device.bd_plunger : State: waiting_for_target_ready
2025-10-31 01:08:26,363 : INFO : EventManager : Event: ======'balldevice_bd_plunger_ball_eject_attempt'====== Args={'balls': 1, 'target': <playfield.playfield>, 'source': <ball_device.bd_plunger>, 'mechanical_eject': False, 'num_attempts': 0}
2025-10-31 01:08:26,363 : INFO : ball_device.bd_plunger : State: ejecting
2025-10-31 01:08:26,364 : INFO : ball_device.bd_plunger : Ejecting ball to <playfield.playfield>
2025-10-31 01:08:26,364 : INFO : EventManager : Event: ======'balldevice_bd_plunger_ejecting_ball'====== Args={'balls': 1, 'target': <playfield.playfield>, 'source': <ball_device.bd_plunger>, 'mechanical_eject': False, 'num_attempts': 0}
2025-10-31 01:08:26,365 : INFO : ball_device.bd_plunger : Wait for ball to leave device
2025-10-31 01:08:26,365 : INFO : coil.c_plunger : Pulsing Driver for 20ms (1.0 pulse_power)
2025-10-31 01:08:26,365 : INFO : SwitchController : <<<<<<< 's_plunger_lane' inactive >>>>>>>
2025-10-31 01:08:26,366 : INFO : ball_device.bd_plunger : State: ball_left
2025-10-31 01:08:26,366 : INFO : ball_device.bd_plunger : Ball left
2025-10-31 01:08:26,366 : INFO : ball_device.bd_plunger : Wait for confirm with timeout 3.0
2025-10-31 01:08:26,447 : INFO : EventManager : Event: ======'player_base_player_added_timer_tick'====== Args={'value': 1, 'prev_value': 0, 'change': 1, 'player_num': 1}
2025-10-31 01:08:26,448 : INFO : Timer.player_added_timer : Timer Complete
2025-10-31 01:08:26,448 : INFO : Timer.player_added_timer : Stopping Timer
2025-10-31 01:08:26,448 : INFO : EventManager : Event: ======'timer_player_added_timer_stopped'====== Args={'ticks': 1, 'ticks_remaining': 1}
2025-10-31 01:08:26,448 : INFO : EventManager : Event: ======'timer_player_added_timer_complete'====== Args={'ticks': 1, 'ticks_remaining': 1}
2025-10-31 01:08:27,325 : INFO : SwitchController : <<<<<<< 's_start' active >>>>>>>
2025-10-31 01:08:27,326 : INFO : EventManager : Event: ======'sw_start'====== Args={}
2025-10-31 01:08:27,326 : INFO : EventManager : Event: ======'machine_var_audits_switches_s_start'====== Args={'value': 515, 'prev_value': 514, 'change': 1}
2025-10-31 01:08:27,327 : INFO : EventManager : Event: ======'player_add_request'====== Args={}
2025-10-31 01:08:27,327 : INFO : EventManager : Event: ======'player_will_add'====== Args={'number': 2}
2025-10-31 01:08:27,328 : INFO : EventManager : Event: ======'player_adding'====== Args={'player': <Player 2>, 'number': 2}
2025-10-31 01:08:27,328 : INFO : EventManager : Event: ======'player_added'====== Args={'player': <Player 2>, 'num': 2}
2025-10-31 01:08:27,328 : INFO : Mode.game : Player added successfully. Total players: 2
2025-10-31 01:08:27,328 : INFO : EventManager : Event: ======'multiplayer_game'====== Args={}
2025-10-31 01:08:27,329 : INFO : EventManager : Event: ======'player_base_player_added_timer_tick'====== Args={'value': 0, 'prev_value': 1, 'change': -1, 'player_num': 1}
2025-10-31 01:08:27,329 : INFO : Timer.player_added_timer : Starting Timer.
2025-10-31 01:08:27,330 : INFO : EventManager : Event: ======'timer_player_added_timer_started'====== Args={'ticks': 0, 'ticks_remaining': 1}
2025-10-31 01:08:27,330 : INFO : EventManager : Event: ======'timer_player_added_timer_tick'====== Args={'ticks': 0, 'ticks_remaining': 1}
2025-10-31 01:08:27,330 : INFO : EventManager : Event: ======'player_index'====== Args={'value': 1, 'prev_value': 1, 'change': 0, 'player_num': 2}
2025-10-31 01:08:27,331 : INFO : EventManager : Event: ======'player_number'====== Args={'value': 2, 'prev_value': 2, 'change': 0, 'player_num': 2}
2025-10-31 01:08:27,331 : INFO : EventManager : Event: ======'player_score'====== Args={'value': 0, 'prev_value': 0, 'change': 0, 'player_num': 2}
2025-10-31 01:08:27,355 : INFO : EventManager : Event: ======'widget_player_addded_widget_active'====== Args={'original_context': 'base', 'original_calling_context': 'player_added', 'priority': 100.0, 'player': '<Player 2>', 'num': 2.0, 'cmd': 'widgets_play', '_from_bcp': True}
2025-10-31 01:08:27,424 : INFO : SwitchController : <<<<<<< 's_start' inactive >>>>>>>
2025-10-31 01:08:28,031 : INFO : EventManager : Event: ======'player_base_player_added_timer_tick'====== Args={'value': 1, 'prev_value': 0, 'change': 1, 'player_num': 1}
2025-10-31 01:08:28,032 : INFO : Timer.player_added_timer : Timer Complete
2025-10-31 01:08:28,032 : INFO : Timer.player_added_timer : Stopping Timer
2025-10-31 01:08:28,032 : INFO : EventManager : Event: ======'timer_player_added_timer_stopped'====== Args={'ticks': 1, 'ticks_remaining': 1}
2025-10-31 01:08:28,032 : INFO : EventManager : Event: ======'timer_player_added_timer_complete'====== Args={'ticks': 1, 'ticks_remaining': 1}
2025-10-31 01:08:28,075 : INFO : EventManager : Event: ======'widget_player_addded_widget_removed'====== Args={'_from_bcp': True}
2025-10-31 01:08:28,575 : INFO : SwitchController : <<<<<<< 's_start' active >>>>>>>
2025-10-31 01:08:28,576 : INFO : EventManager : Event: ======'sw_start'====== Args={}
2025-10-31 01:08:28,576 : INFO : EventManager : Event: ======'machine_var_audits_switches_s_start'====== Args={'value': 516, 'prev_value': 515, 'change': 1}
2025-10-31 01:08:28,577 : INFO : EventManager : Event: ======'player_add_request'====== Args={}
2025-10-31 01:08:28,577 : INFO : EventManager : Event: ======'player_will_add'====== Args={'number': 3}
2025-10-31 01:08:28,578 : INFO : EventManager : Event: ======'player_adding'====== Args={'player': <Player 3>, 'number': 3}
2025-10-31 01:08:28,578 : INFO : EventManager : Event: ======'player_added'====== Args={'player': <Player 3>, 'num': 3}
2025-10-31 01:08:28,579 : INFO : Mode.game : Player added successfully. Total players: 3
2025-10-31 01:08:28,579 : INFO : EventManager : Event: ======'player_base_player_added_timer_tick'====== Args={'value': 0, 'prev_value': 1, 'change': -1, 'player_num': 1}
2025-10-31 01:08:28,580 : INFO : Timer.player_added_timer : Starting Timer.
2025-10-31 01:08:28,580 : INFO : EventManager : Event: ======'timer_player_added_timer_started'====== Args={'ticks': 0, 'ticks_remaining': 1}
2025-10-31 01:08:28,581 : INFO : EventManager : Event: ======'timer_player_added_timer_tick'====== Args={'ticks': 0, 'ticks_remaining': 1}
2025-10-31 01:08:28,581 : INFO : EventManager : Event: ======'player_index'====== Args={'value': 2, 'prev_value': 2, 'change': 0, 'player_num': 3}
2025-10-31 01:08:28,581 : INFO : EventManager : Event: ======'player_number'====== Args={'value': 3, 'prev_value': 3, 'change': 0, 'player_num': 3}
2025-10-31 01:08:28,582 : INFO : EventManager : Event: ======'player_score'====== Args={'value': 0, 'prev_value': 0, 'change': 0, 'player_num': 3}
2025-10-31 01:08:28,626 : INFO : EventManager : Event: ======'widget_player_addded_widget_active'====== Args={'original_context': 'base', 'original_calling_context': 'player_added', 'priority': 100.0, 'player': '<Player 3>', 'num': 3.0, 'cmd': 'widgets_play', '_from_bcp': True}
2025-10-31 01:08:28,673 : INFO : SwitchController : <<<<<<< 's_start' inactive >>>>>>>
2025-10-31 01:08:29,281 : INFO : EventManager : Event: ======'player_base_player_added_timer_tick'====== Args={'value': 1, 'prev_value': 0, 'change': 1, 'player_num': 1}
2025-10-31 01:08:29,282 : INFO : Timer.player_added_timer : Timer Complete
2025-10-31 01:08:29,282 : INFO : Timer.player_added_timer : Stopping Timer
2025-10-31 01:08:29,282 : INFO : EventManager : Event: ======'timer_player_added_timer_stopped'====== Args={'ticks': 1, 'ticks_remaining': 1}
2025-10-31 01:08:29,283 : INFO : EventManager : Event: ======'timer_player_added_timer_complete'====== Args={'ticks': 1, 'ticks_remaining': 1}
2025-10-31 01:08:29,325 : INFO : EventManager : Event: ======'widget_player_addded_widget_removed'====== Args={'_from_bcp': True}
2025-10-31 01:08:29,367 : INFO : ball_device.bd_plunger : State: failed_confirm
2025-10-31 01:08:29,367 : INFO : ball_device.bd_plunger : Got timeout (3.0s) before confirm from <playfield.playfield>
2025-10-31 01:08:29,467 : INFO : ball_device.bd_plunger : Confirming eject because target is playfield and ball did not return.
2025-10-31 01:08:29,468 : INFO : ball_device.bd_plunger : Eject successful
2025-10-31 01:08:29,468 : INFO : EventManager : Event: ======'balldevice_bd_plunger_ball_eject_success'====== Args={'balls': 1, 'target': <playfield.playfield>}
2025-10-31 01:08:29,468 : INFO : EventManager : Event: ======'balldevice_playfield_ball_enter'====== Args={'new_balls': 1, 'unclaimed_balls': 1, 'device': <playfield.playfield>}
2025-10-31 01:08:29,468 : INFO : EventManager : Event: ======'playfield_ball_count_change'====== Args={'balls': 1, 'change': 1}
2025-10-31 01:08:29,468 : INFO : EventManager : Event: ======'balldevice_bd_plunger_ball_count_changed'====== Args={'balls': 0}
2025-10-31 01:08:29,468 : INFO : ball_device.bd_plunger : State: idle
2025-10-31 01:08:30,392 : INFO : SwitchController : <<<<<<< 's_drain' active >>>>>>>
2025-10-31 01:08:30,392 : INFO : EventManager : Event: ======'machine_var_audits_switches_s_drain'====== Args={'value': 347, 'prev_value': 346, 'change': 1}
2025-10-31 01:08:30,893 : INFO : EventManager : Event: ======'balldevice_bd_drain_ball_count_changed'====== Args={'balls': 1}
2025-10-31 01:08:30,893 : INFO : ball_device.bd_drain : Received unexpected ball
2025-10-31 01:08:30,894 : INFO : EventManager : Event: ======'balldevice_captured_from_playfield'====== Args={'balls': 1}
2025-10-31 01:08:30,894 : INFO : EventManager : Event: ======'sw_playfield_active'====== Args={'balls': 1}
2025-10-31 01:08:30,895 : INFO : EventManager : Event: ======'playfield_ball_count_change'====== Args={'balls': 0, 'change': -1}
2025-10-31 01:08:30,896 : INFO : EventManager : Event: ======'balldevice_bd_drain_ball_enter'====== Args={'new_balls': 1, 'unclaimed_balls': 1, 'new_available_balls': 1, 'device': <ball_device.bd_drain>}
2025-10-31 01:08:30,896 : INFO : EventManager : Event: ======'ball_drain'====== Args={'device': <ball_device.bd_drain>, 'balls': 1}
2025-10-31 01:08:30,897 : INFO : EventManager : Event: ======'ball_will_end'====== Args={}
2025-10-31 01:08:30,898 : INFO : EventManager : Event: ======'balldevice_balls_available'====== Args={}
2025-10-31 01:08:30,898 : INFO : EventManager : Event: ======'balldevice_balls_available'====== Args={}
2025-10-31 01:08:30,898 : INFO : EventManager : Event: ======'balldevice_bd_drain_ball_entered'====== Args={'new_balls': 1, 'device': <ball_device.bd_drain>}
2025-10-31 01:08:30,899 : INFO : EventManager : Event: ======'mode_base_will_stop'====== Args={}
2025-10-31 01:08:30,899 : INFO : EventManager : Event: ======'mode_base_stopping'====== Args={}
2025-10-31 01:08:30,900 : INFO : EventManager : Event: ======'stop_mode_bumpers'====== Args={'priority': 0}
2025-10-31 01:08:30,900 : INFO : EventManager : Event: ======'mode_bumpers_will_stop'====== Args={}
2025-10-31 01:08:30,901 : INFO : EventManager : Event: ======'mode_bumpers_stopping'====== Args={}
2025-10-31 01:08:30,901 : INFO : Mode.base : Stopped.
2025-10-31 01:08:30,901 : INFO : EventManager : Event: ======'modes_active_modes_changed'====== Args={}
2025-10-31 01:08:30,902 : INFO : EventManager : Event: ======'mode_base_stopped'====== Args={}
2025-10-31 01:08:30,902 : INFO : EventManager : Event: ======'clear'====== Args={'key': 'base'}
2025-10-31 01:08:30,902 : INFO : Timer.player_added_timer : Stopping Timer
2025-10-31 01:08:30,902 : INFO : EventManager : Event: ======'timer_player_added_timer_stopped'====== Args={'ticks': 1, 'ticks_remaining': 1}
2025-10-31 01:08:30,902 : INFO : Mode.bumpers : Stopped.
2025-10-31 01:08:30,902 : INFO : EventManager : Event: ======'modes_active_modes_changed'====== Args={}
2025-10-31 01:08:30,903 : INFO : EventManager : Event: ======'mode_bumpers_stopped'====== Args={}
2025-10-31 01:08:30,903 : INFO : EventManager : Event: ======'clear'====== Args={'key': 'bumpers'}
2025-10-31 01:08:30,904 : INFO : EventManager : Event: ======'ball_ending'====== Args={}
2025-10-31 01:08:30,904 : INFO : EventManager : Event: ======'ball_ended'====== Args={}
2025-10-31 01:08:30,905 : INFO : EventManager : Event: ======'player_turn_will_end'====== Args={'player': <Player 1>, 'number': 1}
2025-10-31 01:08:30,905 : INFO : ball_device.bd_drain : State: waiting_for_target_ready
2025-10-31 01:08:30,905 : INFO : EventManager : Event: ======'balldevice_bd_drain_ball_eject_attempt'====== Args={'balls': 1, 'target': <ball_device.bd_trough>, 'source': <ball_device.bd_drain>, 'mechanical_eject': False, 'num_attempts': 0}
2025-10-31 01:08:30,905 : INFO : ball_device.bd_drain : State: ejecting
2025-10-31 01:08:30,906 : INFO : ball_device.bd_drain : Ejecting ball to <ball_device.bd_trough>
2025-10-31 01:08:30,906 : INFO : EventManager : Event: ======'balldevice_bd_drain_ejecting_ball'====== Args={'balls': 1, 'target': <ball_device.bd_trough>, 'source': <ball_device.bd_drain>, 'mechanical_eject': False, 'num_attempts': 0}
2025-10-31 01:08:30,906 : INFO : EventManager : Event: ======'player_turn_ending'====== Args={'player': <Player 1>, 'number': 1}
2025-10-31 01:08:30,906 : INFO : EventManager : Event: ======'player_turn_ended'====== Args={'player': <Player 1>, 'number': 1}
2025-10-31 01:08:30,907 : INFO : EventManager : Event: ======'player_turn_will_start'====== Args={'player': <Player 2>, 'number': 2}
2025-10-31 01:08:30,907 : INFO : ball_device.bd_drain : Wait for ball to leave device
2025-10-31 01:08:30,907 : INFO : coil.c_drain_eject : Pulsing Driver for 20ms (1.0 pulse_power)
2025-10-31 01:08:30,907 : INFO : SwitchController : <<<<<<< 's_drain' inactive >>>>>>>
2025-10-31 01:08:30,908 : INFO : EventManager : Event: ======'player_turn_starting'====== Args={'player': <Player 2>, 'number': 2}
2025-10-31 01:08:30,908 : INFO : EventManager : Event: ======'player_ball'====== Args={'value': 1, 'prev_value': 0, 'change': 1, 'player_num': 2}
2025-10-31 01:08:30,908 : INFO : EventManager : Event: ======'player_turn_started'====== Args={'player': <Player 2>, 'number': 2}
2025-10-31 01:08:30,909 : INFO : EventManager : Event: ======'ball_will_start'====== Args={'player': 2, 'ball': 1, 'balls_remaining': 2, 'is_extra_ball': False}
2025-10-31 01:08:30,909 : INFO : ball_device.bd_drain : State: ball_left
2025-10-31 01:08:30,909 : INFO : ball_device.bd_drain : Ball left
2025-10-31 01:08:30,909 : INFO : ball_device.bd_drain : Wait for confirm with timeout 10.0
2025-10-31 01:08:30,910 : INFO : EventManager : Event: ======'ball_starting'====== Args={'player': 2, 'ball': 1, 'balls_remaining': 2, 'is_extra_ball': False}
2025-10-31 01:08:30,910 : INFO : EventManager : Event: ======'mode_base_will_start'====== Args={'queue': <QueuedEvent>, 'player': 2, 'ball': 1, 'balls_remaining': 2, 'is_extra_ball': False}
2025-10-31 01:08:30,910 : INFO : EventManager : Event: ======'player_base_player_added_timer_tick'====== Args={'value': 0, 'prev_value': 0, 'change': 0, 'player_num': 2}
2025-10-31 01:08:30,911 : INFO : Timer.player_added_timer : Starting Timer.
2025-10-31 01:08:30,911 : INFO : EventManager : Event: ======'timer_player_added_timer_started'====== Args={'ticks': 0, 'ticks_remaining': 1}
2025-10-31 01:08:30,911 : INFO : EventManager : Event: ======'timer_player_added_timer_tick'====== Args={'ticks': 0, 'ticks_remaining': 1}
2025-10-31 01:08:30,912 : INFO : EventManager : Event: ======'mode_base_starting'====== Args={'queue': <QueuedEvent>, 'player': 2, 'ball': 1, 'balls_remaining': 2, 'is_extra_ball': False}
2025-10-31 01:08:30,912 : INFO : Mode.base : Started. Priority: 100
2025-10-31 01:08:30,912 : INFO : EventManager : Event: ======'modes_active_modes_changed'====== Args={}
2025-10-31 01:08:30,912 : INFO : EventManager : Event: ======'mode_base_started'====== Args={'queue': <QueuedEvent>, 'player': 2, 'ball': 1, 'balls_remaining': 2, 'is_extra_ball': False}
2025-10-31 01:08:30,913 : INFO : EventManager : Event: ======'start_mode_bumpers'====== Args={'priority': 0}
2025-10-31 01:08:30,913 : INFO : EventManager : Event: ======'mode_bumpers_will_start'====== Args={'priority': 0}
2025-10-31 01:08:30,914 : INFO : EventManager : Event: ======'player_shot_bumper1_enabled'====== Args={'value': True, 'prev_value': 0, 'change': 1, 'player_num': 2}
2025-10-31 01:08:30,914 : INFO : EventManager : Event: ======'player_shot_bumper2_enabled'====== Args={'value': True, 'prev_value': 0, 'change': 1, 'player_num': 2}
2025-10-31 01:08:30,915 : INFO : EventManager : Event: ======'player_shot_bumper3_enabled'====== Args={'value': True, 'prev_value': 0, 'change': 1, 'player_num': 2}
2025-10-31 01:08:30,916 : INFO : EventManager : Event: ======'mode_bumpers_starting'====== Args={'priority': 0}
2025-10-31 01:08:30,916 : INFO : Mode.bumpers : Started. Priority: 200
2025-10-31 01:08:30,916 : INFO : EventManager : Event: ======'modes_active_modes_changed'====== Args={}
2025-10-31 01:08:30,916 : INFO : EventManager : Event: ======'mode_bumpers_started'====== Args={'priority': 0}
2025-10-31 01:08:30,917 : INFO : EventManager : Event: ======'balls_in_play'====== Args={'balls': 1}
2025-10-31 01:08:30,917 : INFO : EventManager : Event: ======'ball_started'====== Args={'player': 2, 'ball': 1, 'balls_remaining': 2, 'is_extra_ball': False}
2025-10-31 01:08:30,918 : INFO : EventManager : Event: ======'multi_player_ball_started'====== Args={}
2025-10-31 01:08:30,918 : INFO : EventManager : Event: ======'player_2_ball_started'====== Args={}
2025-10-31 01:08:30,918 : INFO : EventManager : Event: ======'ball_start_target'====== Args={'target': 'playfield'}
2025-10-31 01:08:30,919 : INFO : ball_device.bd_trough : Setting up player-controlled eject. Balls: 1, Target: <playfield.playfield>, player_controlled_eject_event: None
2025-10-31 01:08:30,919 : INFO : ball_device.bd_trough : Adding 1 ball(s) to the eject_queue with target <playfield.playfield>.
2025-10-31 01:08:30,919 : INFO : EventManager : Event: ======'balldevice_balls_available'====== Args={}
2025-10-31 01:08:30,919 : INFO : ball_device.bd_trough : State: waiting_for_target_ready
2025-10-31 01:08:30,920 : INFO : EventManager : Event: ======'balldevice_bd_trough_ball_eject_attempt'====== Args={'balls': 1, 'target': <ball_device.bd_plunger>, 'source': <ball_device.bd_trough>, 'mechanical_eject': False, 'num_attempts': 0}
2025-10-31 01:08:30,920 : INFO : ball_device.bd_plunger : State: waiting_for_ball
2025-10-31 01:08:30,920 : INFO : ball_device.bd_trough : State: ejecting
2025-10-31 01:08:30,920 : INFO : ball_device.bd_trough : Ejecting ball to <ball_device.bd_plunger>
2025-10-31 01:08:30,920 : INFO : EventManager : Event: ======'balldevice_bd_trough_ejecting_ball'====== Args={'balls': 1, 'target': <ball_device.bd_plunger>, 'source': <ball_device.bd_trough>, 'mechanical_eject': False, 'num_attempts': 0}
2025-10-31 01:08:30,921 : INFO : ball_device.bd_trough : Wait for ball to leave device
2025-10-31 01:08:30,938 : INFO : coil.c_trough_eject : Pulsing Driver for 20ms (1.0 pulse_power)
2025-10-31 01:08:30,938 : INFO : SwitchController : <<<<<<< 's_trough2' inactive >>>>>>>
2025-10-31 01:08:30,938 : INFO : ball_device.bd_trough : State: ball_left
2025-10-31 01:08:30,938 : INFO : ball_device.bd_trough : Ball left
2025-10-31 01:08:30,938 : INFO : ball_device.bd_trough : Wait for confirm with timeout 3.0
2025-10-31 01:08:31,009 : INFO : SwitchController : <<<<<<< 's_trough1' active >>>>>>>
2025-10-31 01:08:31,009 : INFO : EventManager : Event: ======'machine_var_audits_switches_s_trough1'====== Args={'value': 241, 'prev_value': 240, 'change': 1}
2025-10-31 01:08:31,039 : INFO : SwitchController : <<<<<<< 's_plunger_lane' active >>>>>>>
2025-10-31 01:08:31,039 : INFO : EventManager : Event: ======'machine_var_audits_switches_s_plunger_lane'====== Args={'value': 485, 'prev_value': 484, 'change': 1}
2025-10-31 01:08:31,540 : INFO : ball_device.bd_plunger : Received ball from <ball_device.bd_trough>
2025-10-31 01:08:31,540 : INFO : EventManager : Event: ======'balldevice_bd_plunger_ball_enter'====== Args={'new_balls': 1, 'unclaimed_balls': 0, 'new_available_balls': 0, 'device': <ball_device.bd_plunger>}
2025-10-31 01:08:31,542 : INFO : EventManager : Event: ======'balldevice_bd_plunger_ball_entered'====== Args={'new_balls': 0, 'device': <ball_device.bd_plunger>}
2025-10-31 01:08:31,542 : INFO : EventManager : Event: ======'balldevice_bd_plunger_ball_count_changed'====== Args={'balls': 1}
2025-10-31 01:08:31,543 : INFO : ball_device.bd_trough : Got eject confirm
2025-10-31 01:08:31,543 : INFO : ball_device.bd_trough : Eject successful
2025-10-31 01:08:31,543 : INFO : EventManager : Event: ======'balldevice_bd_trough_ball_eject_success'====== Args={'balls': 1, 'target': <ball_device.bd_plunger>}
2025-10-31 01:08:31,544 : INFO : EventManager : Event: ======'balldevice_bd_trough_ball_count_changed'====== Args={'balls': 2}
2025-10-31 01:08:31,544 : INFO : ball_device.bd_trough : State: idle
2025-10-31 01:08:31,544 : INFO : ball_device.bd_plunger : State: waiting_for_target_ready
2025-10-31 01:08:31,545 : INFO : EventManager : Event: ======'balldevice_bd_plunger_ball_eject_attempt'====== Args={'balls': 1, 'target': <playfield.playfield>, 'source': <ball_device.bd_plunger>, 'mechanical_eject': False, 'num_attempts': 0}
2025-10-31 01:08:31,546 : INFO : EventManager : Event: ======'balldevice_bd_trough_ball_count_changed'====== Args={'balls': 3}
2025-10-31 01:08:31,546 : INFO : ball_device.bd_trough : Received ball from <ball_device.bd_drain>
2025-10-31 01:08:31,546 : INFO : EventManager : Event: ======'balldevice_bd_trough_ball_enter'====== Args={'new_balls': 1, 'unclaimed_balls': 0, 'new_available_balls': 0, 'device': <ball_device.bd_trough>}
2025-10-31 01:08:31,547 : INFO : ball_device.bd_plunger : State: ejecting
2025-10-31 01:08:31,547 : INFO : ball_device.bd_plunger : Ejecting ball to <playfield.playfield>
2025-10-31 01:08:31,547 : INFO : EventManager : Event: ======'balldevice_bd_plunger_ejecting_ball'====== Args={'balls': 1, 'target': <playfield.playfield>, 'source': <ball_device.bd_plunger>, 'mechanical_eject': False, 'num_attempts': 0}
2025-10-31 01:08:31,548 : INFO : EventManager : Event: ======'ball_drain'====== Args={'device': <ball_device.bd_trough>, 'balls': 0}
2025-10-31 01:08:31,549 : INFO : EventManager : Event: ======'balldevice_bd_trough_ball_entered'====== Args={'new_balls': 0, 'device': <ball_device.bd_trough>}
2025-10-31 01:08:31,549 : INFO : ball_device.bd_drain : Got eject confirm
2025-10-31 01:08:31,549 : INFO : ball_device.bd_drain : Eject successful
2025-10-31 01:08:31,549 : INFO : EventManager : Event: ======'balldevice_bd_drain_ball_eject_success'====== Args={'balls': 1, 'target': <ball_device.bd_trough>}
2025-10-31 01:08:31,550 : INFO : ball_device.bd_plunger : Wait for ball to leave device
2025-10-31 01:08:31,550 : INFO : coil.c_plunger : Pulsing Driver for 20ms (1.0 pulse_power)
2025-10-31 01:08:31,550 : INFO : SwitchController : <<<<<<< 's_plunger_lane' inactive >>>>>>>
2025-10-31 01:08:31,551 : INFO : EventManager : Event: ======'balldevice_bd_drain_ball_count_changed'====== Args={'balls': 0}
2025-10-31 01:08:31,551 : INFO : ball_device.bd_drain : State: idle
2025-10-31 01:08:31,552 : INFO : ball_device.bd_plunger : State: ball_left
2025-10-31 01:08:31,553 : INFO : ball_device.bd_plunger : Ball left
2025-10-31 01:08:31,553 : INFO : ball_device.bd_plunger : Wait for confirm with timeout 3.0
2025-10-31 01:08:31,612 : INFO : EventManager : Event: ======'player_base_player_added_timer_tick'====== Args={'value': 1, 'prev_value': 0, 'change': 1, 'player_num': 2}
2025-10-31 01:08:31,612 : INFO : Timer.player_added_timer : Timer Complete
2025-10-31 01:08:31,612 : INFO : Timer.player_added_timer : Stopping Timer
2025-10-31 01:08:31,612 : INFO : EventManager : Event: ======'timer_player_added_timer_stopped'====== Args={'ticks': 1, 'ticks_remaining': 1}
2025-10-31 01:08:31,613 : INFO : EventManager : Event: ======'timer_player_added_timer_complete'====== Args={'ticks': 1, 'ticks_remaining': 1}
2025-10-31 01:08:32,013 : WARNING : SwitchController : Received duplicate switch state 0 for switch s_drain from the platform interface. Log Code: Log-SwitchController-1 (https://missionpinball.org/logs)
2025-10-31 01:08:34,554 : INFO : ball_device.bd_plunger : State: failed_confirm
2025-10-31 01:08:34,555 : INFO : ball_device.bd_plunger : Got timeout (3.0s) before confirm from <playfield.playfield>
2025-10-31 01:08:34,655 : INFO : ball_device.bd_plunger : Confirming eject because target is playfield and ball did not return.
2025-10-31 01:08:34,656 : INFO : ball_device.bd_plunger : Eject successful
2025-10-31 01:08:34,656 : INFO : EventManager : Event: ======'balldevice_bd_plunger_ball_eject_success'====== Args={'balls': 1, 'target': <playfield.playfield>}
2025-10-31 01:08:34,656 : INFO : EventManager : Event: ======'balldevice_playfield_ball_enter'====== Args={'new_balls': 1, 'unclaimed_balls': 1, 'device': <playfield.playfield>}
2025-10-31 01:08:34,657 : INFO : EventManager : Event: ======'playfield_ball_count_change'====== Args={'balls': 1, 'change': 1}
2025-10-31 01:08:34,658 : INFO : EventManager : Event: ======'balldevice_bd_plunger_ball_count_changed'====== Args={'balls': 0}
2025-10-31 01:08:34,658 : INFO : ball_device.bd_plunger : State: idle
2025-10-31 01:12:23,188 : INFO : Machine : Shutting down...
2025-10-31 01:12:23,188 : INFO : EventManager : Event: ======'shutdown'====== Args={}
2025-10-31 01:12:23,189 : INFO : EventManager : Event: ======'mode_game_will_stop'====== Args={}
2025-10-31 01:12:23,189 : INFO : EventManager : Event: ======'mode_game_stopping'====== Args={}
2025-10-31 01:12:23,190 : INFO : EventManager : Event: ======'mode_bumpers_will_stop'====== Args={}
2025-10-31 01:12:23,190 : INFO : EventManager : Event: ======'mode_bumpers_stopping'====== Args={}
2025-10-31 01:12:23,190 : INFO : EventManager : Event: ======'mode_base_will_stop'====== Args={}
2025-10-31 01:12:23,190 : INFO : EventManager : Event: ======'mode_base_stopping'====== Args={}
2025-10-31 01:12:23,190 : INFO : EventManager : Event: ======'stop_mode_bumpers'====== Args={'priority': 0}
2025-10-31 01:12:23,190 : INFO : Mode.base : Stopped.
2025-10-31 01:12:23,190 : INFO : EventManager : Event: ======'modes_active_modes_changed'====== Args={}
2025-10-31 01:12:23,191 : INFO : EventManager : Event: ======'mode_base_stopped'====== Args={}
2025-10-31 01:12:23,191 : INFO : EventManager : Event: ======'clear'====== Args={'key': 'base'}
2025-10-31 01:12:23,191 : INFO : Timer.player_added_timer : Stopping Timer
2025-10-31 01:12:23,191 : INFO : EventManager : Event: ======'timer_player_added_timer_stopped'====== Args={'ticks': 1, 'ticks_remaining': 1}
2025-10-31 01:12:23,191 : INFO : Mode.bumpers : Stopped.
2025-10-31 01:12:23,191 : INFO : EventManager : Event: ======'modes_active_modes_changed'====== Args={}
2025-10-31 01:12:23,191 : INFO : EventManager : Event: ======'mode_bumpers_stopped'====== Args={}
2025-10-31 01:12:23,191 : INFO : EventManager : Event: ======'clear'====== Args={'key': 'bumpers'}
2025-10-31 01:12:23,192 : INFO : Mode.game : Stopped.
2025-10-31 01:12:23,192 : INFO : EventManager : Event: ======'modes_active_modes_changed'====== Args={}
2025-10-31 01:12:23,192 : INFO : EventManager : Event: ======'mode_game_stopped'====== Args={}
2025-10-31 01:12:23,192 : INFO : EventManager : Event: ======'clear'====== Args={'key': 'game'}
2025-10-31 01:12:23,195 : INFO : root : MPF run loop ended.
