2025-11-04 22:37:04,373 : INFO : root : Loading config.
2025-11-04 22:37:04,374 : INFO : YamlMultifileConfigLoader : Machine config file #1: config.yaml
2025-11-04 22:37:04,374 : INFO : ConfigProcessor : Loading config from cache: /var/folders/m3/0d4y64_n3fn8tnkv3ydlhztw0000gn/T/5ca32a6c950d03116abbed96ca44d372.mpf_cache
2025-11-04 22:37:04,385 : INFO : ConfigProcessor : Loading config from cache: /var/folders/m3/0d4y64_n3fn8tnkv3ydlhztw0000gn/T/01c495fa7450a81b4be96cb699872531.mpf_cache
2025-11-04 22:37:04,385 : INFO : ConfigProcessor : Loading config from cache: /var/folders/m3/0d4y64_n3fn8tnkv3ydlhztw0000gn/T/bfde29b5bb803376b0637bb8f0da27a7.mpf_cache
2025-11-04 22:37:04,385 : INFO : ConfigProcessor : Loading config from cache: /var/folders/m3/0d4y64_n3fn8tnkv3ydlhztw0000gn/T/01c495fa7450a81b4be96cb699872531.mpf_cache
2025-11-04 22:37:04,386 : WARNING : ConfigProcessor : Config file in cache changed: /Users/didiergilbin/Desktop/Homebrew_CSI/modes/base/config/base.yaml
2025-11-04 22:37:04,386 : INFO : ConfigProcessor : Loading config from file /Users/didiergilbin/Desktop/Homebrew_CSI/modes/base/config/base.yaml.
2025-11-04 22:37:04,389 : INFO : ConfigProcessor : Loading config: /Users/didiergilbin/Desktop/Homebrew_CSI/modes/base/config/base.yaml
2025-11-04 22:37:04,389 : INFO : ConfigProcessor : Config file cache created: /var/folders/m3/0d4y64_n3fn8tnkv3ydlhztw0000gn/T/3ae89e09515ff8d8b11d68f672b2cc51.mpf_cache
2025-11-04 22:37:04,389 : INFO : ConfigProcessor : Loading config from cache: /var/folders/m3/0d4y64_n3fn8tnkv3ydlhztw0000gn/T/4c420229fa75118c2461cfc9ff5a44e2.mpf_cache
2025-11-04 22:37:04,389 : INFO : ConfigProcessor : Loading config from cache: /var/folders/m3/0d4y64_n3fn8tnkv3ydlhztw0000gn/T/f5ee6852f1764324c8553249cc53c871.mpf_cache
2025-11-04 22:37:04,389 : INFO : Machine : Mission Pinball Framework Core Engine v0.80.0.dev10
2025-11-04 22:37:04,389 : INFO : Machine : Command line arguments: {'no_load_cache': False, 'create_config_cache': True, 'bcp': True, 'configfile': ['config.yaml'], 'force_assets_load': False, 'platform_integration_test': False, 'jsonlogging': False, 'logfile': 'logs/2025-11-04-22-37-04-mpf-mac.home.log', 'pause': False, 'production': False, 'text_ui': False, 'loglevel': 15, 'consoleloglevel': 20, 'force_platform': 'smart_virtual', 'syslog_address': None, 'full_logfile_path': '/Users/didiergilbin/Desktop/Homebrew_CSI/logs/2025-11-04-22-37-04-mpf-mac.home.log'}
2025-11-04 22:37:04,389 : INFO : Machine : MPF path: /Users/didiergilbin/mpfenv/lib/python3.13/site-packages/mpf
2025-11-04 22:37:04,389 : INFO : Machine : Machine path: /Users/didiergilbin/Desktop/Homebrew_CSI
2025-11-04 22:37:04,389 : INFO : Machine : Platform: darwin
2025-11-04 22:37:04,389 : INFO : Machine : Python executable location: /Users/didiergilbin/mpfenv/bin/python3.13
2025-11-04 22:37:04,389 : INFO : Machine : Python version: 3.13.7 (64-bit)
2025-11-04 22:37:04,390 : INFO : Machine : Initializing MPF...
2025-11-04 22:37:04,402 : INFO : EventManager : Event: ======'machine_var_credits_string'====== Args={'value': 'FREE PLAY', 'prev_value': None, 'change': True}
2025-11-04 22:37:04,405 : INFO : EventManager : Event: ======'machine_var_master_volume'====== Args={'value': 0.5, 'prev_value': None, 'change': True}
2025-11-04 22:37:04,405 : INFO : EventManager : Event: ======'machine_var_player1_score'====== Args={'value': 0, 'prev_value': None, 'change': True}
2025-11-04 22:37:04,405 : INFO : EventManager : Event: ======'machine_var_mpf_version'====== Args={'value': 'Mission Pinball Framework v0.80.0.dev10', 'prev_value': None, 'change': True}
2025-11-04 22:37:04,405 : INFO : EventManager : Event: ======'machine_var_mpf_extended_version'====== Args={'value': 'Mission Pinball Framework v0.80.0.dev10, Config version:6, Show version: 6, BCP version:1.1', 'prev_value': None, 'change': True}
2025-11-04 22:37:04,405 : INFO : EventManager : Event: ======'machine_var_python_version'====== Args={'value': '3.13.7', 'prev_value': None, 'change': True}
2025-11-04 22:37:04,410 : INFO : EventManager : Event: ======'machine_var_platform'====== Args={'value': 'macOS-15.6.1-arm64-arm-64bit-Mach-O', 'prev_value': None, 'change': True}
2025-11-04 22:37:04,410 : INFO : EventManager : Event: ======'machine_var_platform_system'====== Args={'value': 'Darwin', 'prev_value': None, 'change': True}
2025-11-04 22:37:04,411 : INFO : EventManager : Event: ======'machine_var_platform_release'====== Args={'value': '24.6.0', 'prev_value': None, 'change': True}
2025-11-04 22:37:04,411 : INFO : EventManager : Event: ======'machine_var_platform_version'====== Args={'value': 'Darwin Kernel Version 24.6.0: Mon Jul 14 11:30:40 PDT 2025; root:xnu-11417.140.69~1/RELEASE_ARM64_T8132', 'prev_value': None, 'change': True}
2025-11-04 22:37:04,411 : INFO : EventManager : Event: ======'machine_var_platform_machine'====== Args={'value': 'arm64', 'prev_value': None, 'change': True}
2025-11-04 22:37:04,411 : INFO : EventManager : Event: ======'machine_var_log_file_path'====== Args={'value': '/Users/didiergilbin/Desktop/Homebrew_CSI/logs/2025-11-04-22-37-04-mpf-mac.home.log', 'prev_value': None, 'change': True}
2025-11-04 22:37:04,411 : INFO : EventManager : Event: ======'init_phase_1'====== Args={}
2025-11-04 22:37:04,416 : INFO : EventManager : Event: ======'init_phase_2'====== Args={}
2025-11-04 22:37:04,416 : INFO : SwitchController : Found active switch: ('2', <Platform.SmartVirtual>) <switch.s_trough1>
2025-11-04 22:37:04,416 : INFO : SwitchController : Found active switch: ('3', <Platform.SmartVirtual>) <switch.s_trough2>
2025-11-04 22:37:04,416 : INFO : SwitchController : Found active switch: ('4', <Platform.SmartVirtual>) <switch.s_trough3>
2025-11-04 22:37:04,416 : INFO : SwitchController : Found active switch: ('5', <Platform.SmartVirtual>) <switch.s_trough4>
2025-11-04 22:37:04,417 : INFO : EventManager : Event: ======'bcp_connection_attempt'====== Args={'name': 'local_display', 'host': 'localhost', 'port': 5050}
2025-11-04 22:37:04,417 : INFO : BCPClientSocket : Connecting BCP to 'local_display' at localhost:5050...
2025-11-04 22:37:04,419 : INFO : BCPClientSocket : Connected BCP to 'local_display' localhost:5050
2025-11-04 22:37:04,419 : INFO : EventManager : Event: ======'bcp_clients_connected'====== Args={}
2025-11-04 22:37:04,420 : INFO : ball_device.bd_drain : BCH: Initial count: 0
2025-11-04 22:37:04,420 : INFO : ball_device.bd_drain : State: idle
2025-11-04 22:37:04,420 : INFO : ball_device.bd_trough : BCH: Initial count: 4
2025-11-04 22:37:04,420 : INFO : ball_device.bd_trough : State: idle
2025-11-04 22:37:04,420 : INFO : ball_device.bd_plunger : BCH: Initial count: 0
2025-11-04 22:37:04,420 : INFO : ball_device.bd_plunger : State: idle
2025-11-04 22:37:04,423 : INFO : EventManager : Event: ======'init_phase_3'====== Args={}
2025-11-04 22:37:04,424 : INFO : EventManager : Event: ======'init_phase_4'====== Args={}
2025-11-04 22:37:04,424 : INFO : BallController : Initial balls found: 4
2025-11-04 22:37:04,424 : INFO : EventManager : Event: ======'machine_var_audits_events_game_ended'====== Args={'value': 51, 'prev_value': None, 'change': True}
2025-11-04 22:37:04,424 : INFO : EventManager : Event: ======'machine_var_audits_events_game_started'====== Args={'value': 366, 'prev_value': None, 'change': True}
2025-11-04 22:37:04,424 : INFO : EventManager : Event: ======'machine_var_audits_missing_switches_s_drain'====== Args={'value': 12, 'prev_value': None, 'change': True}
2025-11-04 22:37:04,424 : INFO : EventManager : Event: ======'machine_var_audits_missing_switches_s_launch_button'====== Args={'value': 13, 'prev_value': None, 'change': True}
2025-11-04 22:37:04,424 : INFO : EventManager : Event: ======'machine_var_audits_missing_switches_s_left_flipper'====== Args={'value': 3, 'prev_value': None, 'change': True}
2025-11-04 22:37:04,424 : INFO : EventManager : Event: ======'machine_var_audits_missing_switches_s_left_outlane'====== Args={'value': 11, 'prev_value': None, 'change': True}
2025-11-04 22:37:04,424 : INFO : EventManager : Event: ======'machine_var_audits_missing_switches_s_popbumper1'====== Args={'value': 1, 'prev_value': None, 'change': True}
2025-11-04 22:37:04,424 : INFO : EventManager : Event: ======'machine_var_audits_missing_switches_s_popbumper2'====== Args={'value': 1, 'prev_value': None, 'change': True}
2025-11-04 22:37:04,424 : INFO : EventManager : Event: ======'machine_var_audits_missing_switches_s_popbumper3'====== Args={'value': 1, 'prev_value': None, 'change': True}
2025-11-04 22:37:04,424 : INFO : EventManager : Event: ======'machine_var_audits_missing_switches_s_right_outlane'====== Args={'value': 9, 'prev_value': None, 'change': True}
2025-11-04 22:37:04,424 : INFO : EventManager : Event: ======'machine_var_audits_missing_switches_s_scoop'====== Args={'value': 4, 'prev_value': None, 'change': True}
2025-11-04 22:37:04,424 : INFO : EventManager : Event: ======'machine_var_audits_missing_switches_s_sling_left'====== Args={'value': 366, 'prev_value': None, 'change': True}
2025-11-04 22:37:04,424 : INFO : EventManager : Event: ======'machine_var_audits_missing_switches_s_sling_right'====== Args={'value': 366, 'prev_value': None, 'change': True}
2025-11-04 22:37:04,424 : INFO : EventManager : Event: ======'machine_var_audits_missing_switches_s_start'====== Args={'value': 4, 'prev_value': None, 'change': True}
2025-11-04 22:37:04,424 : INFO : EventManager : Event: ======'machine_var_audits_missing_switches_s_trough1'====== Args={'value': 12, 'prev_value': None, 'change': True}
2025-11-04 22:37:04,424 : INFO : EventManager : Event: ======'machine_var_audits_missing_switches_s_trough2'====== Args={'value': 13, 'prev_value': None, 'change': True}
2025-11-04 22:37:04,424 : INFO : EventManager : Event: ======'machine_var_audits_missing_switches_s_trough3'====== Args={'value': 144, 'prev_value': None, 'change': True}
2025-11-04 22:37:04,424 : INFO : EventManager : Event: ======'machine_var_audits_missing_switches_s_trough4'====== Args={'value': 144, 'prev_value': None, 'change': True}
2025-11-04 22:37:04,424 : INFO : EventManager : Event: ======'machine_var_audits_missing_switches_s_trough_jam'====== Args={'value': 80, 'prev_value': None, 'change': True}
2025-11-04 22:37:04,424 : INFO : EventManager : Event: ======'machine_var_audits_player_score'====== Args={'value': {'average': 221066, 'top': [10210000, 1550000, 1070000, 1070000, 810000, 710000, 640000, 570000, 530000, 480000], 'total': 110}, 'prev_value': None, 'change': True}
2025-11-04 22:37:04,424 : INFO : EventManager : Event: ======'machine_var_audits_shots_bumper1'====== Args={'value': 3315, 'prev_value': None, 'change': True}
2025-11-04 22:37:04,424 : INFO : EventManager : Event: ======'machine_var_audits_shots_bumper2'====== Args={'value': 3269, 'prev_value': None, 'change': True}
2025-11-04 22:37:04,424 : INFO : EventManager : Event: ======'machine_var_audits_shots_bumper3'====== Args={'value': 2989, 'prev_value': None, 'change': True}
2025-11-04 22:37:04,424 : INFO : EventManager : Event: ======'machine_var_audits_shots_c_shot'====== Args={'value': 36, 'prev_value': None, 'change': True}
2025-11-04 22:37:04,424 : INFO : EventManager : Event: ======'machine_var_audits_shots_csi_shot'====== Args={'value': 9, 'prev_value': None, 'change': True}
2025-11-04 22:37:04,424 : INFO : EventManager : Event: ======'machine_var_audits_shots_i_shot'====== Args={'value': 22, 'prev_value': None, 'change': True}
2025-11-04 22:37:04,424 : INFO : EventManager : Event: ======'machine_var_audits_shots_s_shot'====== Args={'value': 37, 'prev_value': None, 'change': True}
2025-11-04 22:37:04,424 : INFO : EventManager : Event: ======'machine_var_audits_shots_switch_shot'====== Args={'value': 95, 'prev_value': None, 'change': True}
2025-11-04 22:37:04,424 : INFO : EventManager : Event: ======'machine_var_audits_switches_s_drain'====== Args={'value': 506, 'prev_value': None, 'change': True}
2025-11-04 22:37:04,424 : INFO : EventManager : Event: ======'machine_var_audits_switches_s_launch_button'====== Args={'value': 1, 'prev_value': None, 'change': True}
2025-11-04 22:37:04,424 : INFO : EventManager : Event: ======'machine_var_audits_switches_s_left_flipper'====== Args={'value': 345, 'prev_value': None, 'change': True}
2025-11-04 22:37:04,424 : INFO : EventManager : Event: ======'machine_var_audits_switches_s_left_inlane1'====== Args={'value': 39, 'prev_value': None, 'change': True}
2025-11-04 22:37:04,424 : INFO : EventManager : Event: ======'machine_var_audits_switches_s_left_inlane2'====== Args={'value': 40, 'prev_value': None, 'change': True}
2025-11-04 22:37:04,424 : INFO : EventManager : Event: ======'machine_var_audits_switches_s_left_outlane'====== Args={'value': 0, 'prev_value': None, 'change': True}
2025-11-04 22:37:04,424 : INFO : EventManager : Event: ======'machine_var_audits_switches_s_plunger_lane'====== Args={'value': 724, 'prev_value': None, 'change': True}
2025-11-04 22:37:04,424 : INFO : EventManager : Event: ======'machine_var_audits_switches_s_popbumper1'====== Args={'value': 3359, 'prev_value': None, 'change': True}
2025-11-04 22:37:04,424 : INFO : EventManager : Event: ======'machine_var_audits_switches_s_popbumper2'====== Args={'value': 3310, 'prev_value': None, 'change': True}
2025-11-04 22:37:04,424 : INFO : EventManager : Event: ======'machine_var_audits_switches_s_popbumper3'====== Args={'value': 3031, 'prev_value': None, 'change': True}
2025-11-04 22:37:04,424 : INFO : EventManager : Event: ======'machine_var_audits_switches_s_right_flipper'====== Args={'value': 601, 'prev_value': None, 'change': True}
2025-11-04 22:37:04,424 : INFO : EventManager : Event: ======'machine_var_audits_switches_s_right_inlane'====== Args={'value': 25, 'prev_value': None, 'change': True}
2025-11-04 22:37:04,424 : INFO : EventManager : Event: ======'machine_var_audits_switches_s_right_outlane'====== Args={'value': 2, 'prev_value': None, 'change': True}
2025-11-04 22:37:04,424 : INFO : EventManager : Event: ======'machine_var_audits_switches_s_scoop'====== Args={'value': 347, 'prev_value': None, 'change': True}
2025-11-04 22:37:04,424 : INFO : EventManager : Event: ======'machine_var_audits_switches_s_sling_left'====== Args={'value': 0, 'prev_value': None, 'change': True}
2025-11-04 22:37:04,424 : INFO : EventManager : Event: ======'machine_var_audits_switches_s_sling_right'====== Args={'value': 0, 'prev_value': None, 'change': True}
2025-11-04 22:37:04,424 : INFO : EventManager : Event: ======'machine_var_audits_switches_s_start'====== Args={'value': 637, 'prev_value': None, 'change': True}
2025-11-04 22:37:04,424 : INFO : EventManager : Event: ======'machine_var_audits_switches_s_trough1'====== Args={'value': 355, 'prev_value': None, 'change': True}
2025-11-04 22:37:04,424 : INFO : EventManager : Event: ======'machine_var_audits_switches_s_trough2'====== Args={'value': 16, 'prev_value': None, 'change': True}
2025-11-04 22:37:04,424 : INFO : EventManager : Event: ======'machine_var_audits_switches_s_trough3'====== Args={'value': 1, 'prev_value': None, 'change': True}
2025-11-04 22:37:04,424 : INFO : EventManager : Event: ======'machine_var_audits_switches_s_trough4'====== Args={'value': 1, 'prev_value': None, 'change': True}
2025-11-04 22:37:04,424 : INFO : EventManager : Event: ======'machine_var_audits_switches_s_trough_jam'====== Args={'value': 8, 'prev_value': None, 'change': True}
2025-11-04 22:37:04,425 : INFO : EventManager : Event: ======'init_phase_5'====== Args={}
2025-11-04 22:37:04,425 : INFO : EventManager : Event: ======'init_done'====== Args={}
2025-11-04 22:37:04,425 : INFO : EventManager : Event: ======'machine_reset_phase_1'====== Args={}
2025-11-04 22:37:04,429 : INFO : EventManager : Event: ======'machine_reset_phase_2'====== Args={}
2025-11-04 22:37:04,429 : INFO : EventManager : Event: ======'machine_reset_phase_3'====== Args={}
2025-11-04 22:37:04,429 : INFO : EventManager : Event: ======'reset_complete'====== Args={}
2025-11-04 22:37:04,430 : INFO : EventManager : Event: ======'mode_attract_will_start'====== Args={}
2025-11-04 22:37:04,430 : INFO : Timer.attract_carousel_timer : Starting Timer.
2025-11-04 22:37:04,430 : INFO : EventManager : Event: ======'timer_attract_carousel_timer_started'====== Args={'ticks': 0, 'ticks_remaining': 1}
2025-11-04 22:37:04,430 : INFO : EventManager : Event: ======'timer_attract_carousel_timer_tick'====== Args={'ticks': 0, 'ticks_remaining': 1}
2025-11-04 22:37:04,430 : INFO : EventManager : Event: ======'mode_attract_starting'====== Args={}
2025-11-04 22:37:04,430 : INFO : Mode.attract : Started. Priority: 10
2025-11-04 22:37:04,430 : INFO : EventManager : Event: ======'modes_active_modes_changed'====== Args={}
2025-11-04 22:37:04,430 : INFO : EventManager : Event: ======'mode_attract_started'====== Args={}
2025-11-04 22:37:04,430 : INFO : EventManager : Event: ======'collecting_balls_complete'====== Args={}
2025-11-04 22:37:04,430 : INFO : EventManager : Event: ======'carousel_item_highlighted'====== Args={'carousel': 'attract', 'direction': None, 'item': 'title'}
2025-11-04 22:37:04,431 : INFO : Machine : Starting the main run loop with active modes: [<Mode.attract>]
2025-11-04 22:37:04,814 : INFO : EventManager : Event: ======'slide_attract_created'====== Args={'_from_bcp': True}
2025-11-04 22:37:04,815 : INFO : EventManager : Event: ======'slide__removed'====== Args={'_from_bcp': True}
2025-11-04 22:37:04,815 : INFO : EventManager : Event: ======'slide_attract_active'====== Args={'original_context': 'attract', 'original_calling_context': 'mode_attract_started', 'priority': 10.0, 'cmd': 'slides_play', '_from_bcp': True}
2025-11-04 22:37:05,380 : INFO : BcpServer : New client connected.
2025-11-04 22:37:07,029 : INFO : SwitchController : <<<<<<< 's_start' active >>>>>>>
2025-11-04 22:37:07,112 : INFO : SwitchController : <<<<<<< 's_start' inactive >>>>>>>
2025-11-04 22:37:07,113 : INFO : EventManager : Event: ======'request_to_start_game'====== Args={}
2025-11-04 22:37:07,114 : INFO : EventManager : Event: ======'game_start'====== Args={'buttons': [], 'hold_time': 0.08334524999372661}
2025-11-04 22:37:07,114 : INFO : EventManager : Event: ======'mode_game_will_start'====== Args={'buttons': [], 'hold_time': 0.08334524999372661}
2025-11-04 22:37:07,116 : INFO : EventManager : Event: ======'mode_game_starting'====== Args={'buttons': [], 'hold_time': 0.08334524999372661}
2025-11-04 22:37:07,116 : INFO : EventManager : Event: ======'mode_attract_will_stop'====== Args={}
2025-11-04 22:37:07,116 : INFO : EventManager : Event: ======'mode_attract_stopping'====== Args={}
2025-11-04 22:37:07,116 : INFO : Mode.attract : Stopped.
2025-11-04 22:37:07,116 : INFO : EventManager : Event: ======'modes_active_modes_changed'====== Args={}
2025-11-04 22:37:07,117 : INFO : EventManager : Event: ======'mode_attract_stopped'====== Args={}
2025-11-04 22:37:07,117 : INFO : EventManager : Event: ======'clear'====== Args={'key': 'attract'}
2025-11-04 22:37:07,118 : INFO : Timer.attract_carousel_timer : Stopping Timer
2025-11-04 22:37:07,118 : INFO : EventManager : Event: ======'timer_attract_carousel_timer_stopped'====== Args={'ticks': 0, 'ticks_remaining': 1}
2025-11-04 22:37:07,119 : INFO : Mode.game : Started. Priority: 20
2025-11-04 22:37:07,119 : INFO : EventManager : Event: ======'modes_active_modes_changed'====== Args={}
2025-11-04 22:37:07,119 : INFO : EventManager : Event: ======'mode_game_started'====== Args={'buttons': [], 'hold_time': 0.08334524999372661}
2025-11-04 22:37:07,120 : INFO : EventManager : Event: ======'game_will_start'====== Args={}
2025-11-04 22:37:07,121 : INFO : EventManager : Event: ======'game_starting'====== Args={'game': <Mode.game>}
2025-11-04 22:37:07,122 : INFO : EventManager : Unordered handler for class <Auditor> on event game_ended with priority 1. Handlers: [RegisteredHandler(callback=<bound method Auditor.disable of <Auditor>>, priority=1, kwargs={}, key=UUID('830ee206-3e57-4a77-b0a6-e92429882cec'), condition=None, blocking_facility=None), RegisteredHandler(callback=<bound method Auditor._save_audits of <Auditor>>, priority=1, kwargs={}, key=UUID('cf4de9f2-eaf7-47a8-8c48-07852c542609'), condition=None, blocking_facility=None)]. The order of those handlers is not defined and they will be executed in random order. This might lead to race conditions and potential bugs.
2025-11-04 22:37:07,122 : INFO : EventManager : Event: ======'player_add_request'====== Args={}
2025-11-04 22:37:07,122 : INFO : EventManager : Event: ======'player_will_add'====== Args={'number': 1}
2025-11-04 22:37:07,123 : INFO : EventManager : Event: ======'player_adding'====== Args={'player': <Player 1>, 'number': 1}
2025-11-04 22:37:07,123 : INFO : EventManager : Event: ======'player_added'====== Args={'player': <Player 1>, 'num': 1}
2025-11-04 22:37:07,123 : INFO : Mode.game : Player added successfully. Total players: 1
2025-11-04 22:37:07,123 : INFO : EventManager : Event: ======'player_index'====== Args={'value': 0, 'prev_value': 0, 'change': 0, 'player_num': 1}
2025-11-04 22:37:07,123 : INFO : EventManager : Event: ======'player_number'====== Args={'value': 1, 'prev_value': 1, 'change': 0, 'player_num': 1}
2025-11-04 22:37:07,124 : INFO : EventManager : Event: ======'player_score'====== Args={'value': 0, 'prev_value': 0, 'change': 0, 'player_num': 1}
2025-11-04 22:37:07,124 : INFO : EventManager : Event: ======'game_started'====== Args={}
2025-11-04 22:37:07,125 : INFO : EventManager : Event: ======'player_turn_will_start'====== Args={'player': <Player 1>, 'number': 1}
2025-11-04 22:37:07,125 : INFO : EventManager : Event: ======'player_turn_starting'====== Args={'player': <Player 1>, 'number': 1}
2025-11-04 22:37:07,132 : INFO : EventManager : Event: ======'player_ball'====== Args={'value': 1, 'prev_value': 0, 'change': 1, 'player_num': 1}
2025-11-04 22:37:07,133 : INFO : EventManager : Event: ======'player_turn_started'====== Args={'player': <Player 1>, 'number': 1}
2025-11-04 22:37:07,133 : INFO : EventManager : Event: ======'ball_will_start'====== Args={'player': 1, 'ball': 1, 'balls_remaining': 2, 'is_extra_ball': False}
2025-11-04 22:37:07,134 : INFO : EventManager : Event: ======'ball_starting'====== Args={'player': 1, 'ball': 1, 'balls_remaining': 2, 'is_extra_ball': False}
2025-11-04 22:37:07,134 : INFO : EventManager : Event: ======'mode_base_will_start'====== Args={'queue': <QueuedEvent>, 'player': 1, 'ball': 1, 'balls_remaining': 2, 'is_extra_ball': False}
2025-11-04 22:37:07,134 : INFO : EventManager : Event: ======'player_base_player_added_timer_tick'====== Args={'value': 0, 'prev_value': 0, 'change': 0, 'player_num': 1}
2025-11-04 22:37:07,135 : INFO : Timer.player_added_timer : Starting Timer.
2025-11-04 22:37:07,135 : INFO : EventManager : Event: ======'timer_player_added_timer_started'====== Args={'ticks': 0, 'ticks_remaining': 1}
2025-11-04 22:37:07,135 : INFO : EventManager : Event: ======'timer_player_added_timer_tick'====== Args={'ticks': 0, 'ticks_remaining': 1}
2025-11-04 22:37:07,135 : INFO : EventManager : Event: ======'player_shot_switch_shot_enabled'====== Args={'value': True, 'prev_value': 0, 'change': 1, 'player_num': 1}
2025-11-04 22:37:07,136 : INFO : EventManager : Event: ======'player_shot_c_shot_enabled'====== Args={'value': True, 'prev_value': 0, 'change': 1, 'player_num': 1}
2025-11-04 22:37:07,136 : INFO : EventManager : Event: ======'player_shot_s_shot_enabled'====== Args={'value': True, 'prev_value': 0, 'change': 1, 'player_num': 1}
2025-11-04 22:37:07,137 : INFO : EventManager : Event: ======'player_shot_i_shot_enabled'====== Args={'value': True, 'prev_value': 0, 'change': 1, 'player_num': 1}
2025-11-04 22:37:07,137 : INFO : EventManager : Event: ======'csi_shots_complete'====== Args={'state': 'unlit'}
2025-11-04 22:37:07,137 : INFO : EventManager : Event: ======'csi_shots_unlit_complete'====== Args={}
2025-11-04 22:37:07,138 : INFO : EventManager : Event: ======'mode_base_starting'====== Args={'queue': <QueuedEvent>, 'player': 1, 'ball': 1, 'balls_remaining': 2, 'is_extra_ball': False}
2025-11-04 22:37:07,139 : INFO : Mode.base : Started. Priority: 100
2025-11-04 22:37:07,139 : INFO : EventManager : Event: ======'modes_active_modes_changed'====== Args={}
2025-11-04 22:37:07,139 : INFO : EventManager : Event: ======'mode_base_started'====== Args={'queue': <QueuedEvent>, 'player': 1, 'ball': 1, 'balls_remaining': 2, 'is_extra_ball': False}
2025-11-04 22:37:07,139 : INFO : EventManager : Event: ======'start_mode_bumpers'====== Args={'priority': 0}
2025-11-04 22:37:07,139 : INFO : EventManager : Event: ======'mode_bumpers_will_start'====== Args={'priority': 0}
2025-11-04 22:37:07,139 : INFO : EventManager : Event: ======'player_shot_bumper1_enabled'====== Args={'value': True, 'prev_value': 0, 'change': 1, 'player_num': 1}
2025-11-04 22:37:07,140 : INFO : EventManager : Event: ======'player_shot_bumper2_enabled'====== Args={'value': True, 'prev_value': 0, 'change': 1, 'player_num': 1}
2025-11-04 22:37:07,140 : INFO : EventManager : Event: ======'player_shot_bumper3_enabled'====== Args={'value': True, 'prev_value': 0, 'change': 1, 'player_num': 1}
2025-11-04 22:37:07,140 : INFO : EventManager : Event: ======'bumpers_complete'====== Args={'state': 'unlit'}
2025-11-04 22:37:07,140 : INFO : EventManager : Event: ======'bumpers_unlit_complete'====== Args={}
2025-11-04 22:37:07,141 : INFO : EventManager : Event: ======'mode_bumpers_starting'====== Args={'priority': 0}
2025-11-04 22:37:07,141 : INFO : Mode.bumpers : Started. Priority: 200
2025-11-04 22:37:07,141 : INFO : EventManager : Event: ======'modes_active_modes_changed'====== Args={}
2025-11-04 22:37:07,141 : INFO : EventManager : Event: ======'mode_bumpers_started'====== Args={'priority': 0}
2025-11-04 22:37:07,142 : INFO : EventManager : Event: ======'balls_in_play'====== Args={'balls': 1}
2025-11-04 22:37:07,142 : INFO : EventManager : Event: ======'ball_started'====== Args={'player': 1, 'ball': 1, 'balls_remaining': 2, 'is_extra_ball': False}
2025-11-04 22:37:07,143 : INFO : EventManager : Event: ======'single_player_ball_started'====== Args={}
2025-11-04 22:37:07,143 : INFO : EventManager : Event: ======'ball_start_target'====== Args={'target': 'playfield'}
2025-11-04 22:37:07,143 : INFO : ball_device.bd_trough : Setting up player-controlled eject. Balls: 1, Target: <playfield.playfield>, player_controlled_eject_event: None
2025-11-04 22:37:07,143 : INFO : ball_device.bd_trough : Adding 1 ball(s) to the eject_queue with target <playfield.playfield>.
2025-11-04 22:37:07,144 : INFO : EventManager : Event: ======'balldevice_balls_available'====== Args={}
2025-11-04 22:37:07,144 : INFO : ball_device.bd_trough : State: waiting_for_target_ready
2025-11-04 22:37:07,144 : INFO : EventManager : Event: ======'balldevice_bd_trough_ball_eject_attempt'====== Args={'balls': 1, 'target': <ball_device.bd_plunger>, 'source': <ball_device.bd_trough>, 'mechanical_eject': False, 'num_attempts': 0}
2025-11-04 22:37:07,145 : INFO : ball_device.bd_plunger : State: waiting_for_ball
2025-11-04 22:37:07,145 : INFO : ball_device.bd_trough : State: ejecting
2025-11-04 22:37:07,145 : INFO : ball_device.bd_trough : Ejecting ball to <ball_device.bd_plunger>
2025-11-04 22:37:07,145 : INFO : EventManager : Event: ======'balldevice_bd_trough_ejecting_ball'====== Args={'balls': 1, 'target': <ball_device.bd_plunger>, 'source': <ball_device.bd_trough>, 'mechanical_eject': False, 'num_attempts': 0}
2025-11-04 22:37:07,146 : INFO : ball_device.bd_trough : Wait for ball to leave device
2025-11-04 22:37:07,146 : INFO : coil.c_trough_eject : Pulsing Driver for 20ms (1.0 pulse_power)
2025-11-04 22:37:07,146 : INFO : SwitchController : <<<<<<< 's_trough1' inactive >>>>>>>
2025-11-04 22:37:07,146 : INFO : ball_device.bd_trough : State: ball_left
2025-11-04 22:37:07,147 : INFO : ball_device.bd_trough : Ball left
2025-11-04 22:37:07,147 : INFO : ball_device.bd_trough : Wait for confirm with timeout 3.0
2025-11-04 22:37:07,247 : INFO : SwitchController : <<<<<<< 's_plunger_lane' active >>>>>>>
2025-11-04 22:37:07,247 : INFO : EventManager : Event: ======'machine_var_audits_switches_s_plunger_lane'====== Args={'value': 725, 'prev_value': 724, 'change': 1}
2025-11-04 22:37:07,299 : INFO : EventManager : Event: ======'slide_base_slide_created'====== Args={'_from_bcp': True}
2025-11-04 22:37:07,299 : INFO : EventManager : Event: ======'slide_attract_inactive'====== Args={'is_removing': True, '_from_bcp': True}
2025-11-04 22:37:07,299 : INFO : EventManager : Event: ======'slide_base_slide_active'====== Args={'original_context': 'base', 'original_calling_context': 'mode_base_started', 'priority': 100.0, 'queue': '<QueuedEvent>', 'player': 1.0, 'ball': 1.0, 'balls_remaining': 2.0, 'is_extra_ball': False, 'cmd': 'slides_play', '_from_bcp': True}
2025-11-04 22:37:07,300 : INFO : EventManager : Event: ======'slide_attract_removed'====== Args={'_from_bcp': True}
2025-11-04 22:37:07,748 : INFO : ball_device.bd_plunger : Received ball from <ball_device.bd_trough>
2025-11-04 22:37:07,749 : INFO : EventManager : Event: ======'balldevice_bd_plunger_ball_enter'====== Args={'new_balls': 1, 'unclaimed_balls': 0, 'new_available_balls': 0, 'device': <ball_device.bd_plunger>}
2025-11-04 22:37:07,750 : INFO : EventManager : Event: ======'balldevice_bd_plunger_ball_entered'====== Args={'new_balls': 0, 'device': <ball_device.bd_plunger>}
2025-11-04 22:37:07,750 : INFO : EventManager : Event: ======'balldevice_bd_plunger_ball_count_changed'====== Args={'balls': 1}
2025-11-04 22:37:07,750 : INFO : ball_device.bd_trough : Got eject confirm
2025-11-04 22:37:07,750 : INFO : ball_device.bd_trough : Eject successful
2025-11-04 22:37:07,750 : INFO : EventManager : Event: ======'balldevice_bd_trough_ball_eject_success'====== Args={'balls': 1, 'target': <ball_device.bd_plunger>}
2025-11-04 22:37:07,751 : INFO : EventManager : Event: ======'balldevice_bd_trough_ball_count_changed'====== Args={'balls': 3}
2025-11-04 22:37:07,751 : INFO : ball_device.bd_trough : State: idle
2025-11-04 22:37:07,751 : INFO : ball_device.bd_plunger : State: waiting_for_target_ready
2025-11-04 22:37:07,752 : INFO : EventManager : Event: ======'balldevice_bd_plunger_ball_eject_attempt'====== Args={'balls': 1, 'target': <playfield.playfield>, 'source': <ball_device.bd_plunger>, 'mechanical_eject': False, 'num_attempts': 0}
2025-11-04 22:37:07,752 : INFO : ball_device.bd_plunger : State: ejecting
2025-11-04 22:37:07,752 : INFO : ball_device.bd_plunger : Ejecting ball to <playfield.playfield>
2025-11-04 22:37:07,753 : INFO : EventManager : Event: ======'balldevice_bd_plunger_ejecting_ball'====== Args={'balls': 1, 'target': <playfield.playfield>, 'source': <ball_device.bd_plunger>, 'mechanical_eject': False, 'num_attempts': 0}
2025-11-04 22:37:07,754 : INFO : ball_device.bd_plunger : Wait for ball to leave device
2025-11-04 22:37:07,754 : INFO : coil.c_plunger : Pulsing Driver for 20ms (1.0 pulse_power)
2025-11-04 22:37:07,754 : INFO : SwitchController : <<<<<<< 's_plunger_lane' inactive >>>>>>>
2025-11-04 22:37:07,755 : INFO : ball_device.bd_plunger : State: ball_left
2025-11-04 22:37:07,755 : INFO : ball_device.bd_plunger : Ball left
2025-11-04 22:37:07,755 : INFO : ball_device.bd_plunger : Wait for confirm with timeout 3.0
2025-11-04 22:37:07,836 : INFO : EventManager : Event: ======'player_base_player_added_timer_tick'====== Args={'value': 1, 'prev_value': 0, 'change': 1, 'player_num': 1}
2025-11-04 22:37:07,836 : INFO : Timer.player_added_timer : Timer Complete
2025-11-04 22:37:07,836 : INFO : Timer.player_added_timer : Stopping Timer
2025-11-04 22:37:07,836 : INFO : EventManager : Event: ======'timer_player_added_timer_stopped'====== Args={'ticks': 1, 'ticks_remaining': 1}
2025-11-04 22:37:07,836 : INFO : EventManager : Event: ======'timer_player_added_timer_complete'====== Args={'ticks': 1, 'ticks_remaining': 1}
2025-11-04 22:37:10,756 : INFO : ball_device.bd_plunger : State: failed_confirm
2025-11-04 22:37:10,757 : INFO : ball_device.bd_plunger : Got timeout (3.0s) before confirm from <playfield.playfield>
2025-11-04 22:37:10,858 : INFO : ball_device.bd_plunger : Confirming eject because target is playfield and ball did not return.
2025-11-04 22:37:10,858 : INFO : ball_device.bd_plunger : Eject successful
2025-11-04 22:37:10,858 : INFO : EventManager : Event: ======'balldevice_bd_plunger_ball_eject_success'====== Args={'balls': 1, 'target': <playfield.playfield>}
2025-11-04 22:37:10,859 : INFO : EventManager : Event: ======'balldevice_playfield_ball_enter'====== Args={'new_balls': 1, 'unclaimed_balls': 1, 'device': <playfield.playfield>}
2025-11-04 22:37:10,859 : INFO : EventManager : Event: ======'playfield_ball_count_change'====== Args={'balls': 1, 'change': 1}
2025-11-04 22:37:10,860 : INFO : EventManager : Event: ======'balldevice_bd_plunger_ball_count_changed'====== Args={'balls': 0}
2025-11-04 22:37:10,860 : INFO : ball_device.bd_plunger : State: idle
2025-11-04 22:37:16,083 : INFO : SwitchController : <<<<<<< 's_left_inlane1' active >>>>>>>
2025-11-04 22:37:16,084 : INFO : EventManager : Event: ======'s_left_inlane1_active'====== Args={}
2025-11-04 22:37:16,084 : INFO : EventManager : Event: ======'sw_playfield_active'====== Args={}
2025-11-04 22:37:16,084 : INFO : EventManager : Event: ======'machine_var_audits_switches_s_left_inlane1'====== Args={'value': 40, 'prev_value': 39, 'change': 1}
2025-11-04 22:37:16,085 : INFO : EventManager : Event: ======'player_shot_switch_shot'====== Args={'value': 1, 'prev_value': 0, 'change': 1, 'player_num': 1}
2025-11-04 22:37:16,085 : INFO : EventManager : Event: ======'machine_var_audits_shots_switch_shot'====== Args={'value': 96, 'prev_value': 95, 'change': 1}
2025-11-04 22:37:16,089 : INFO : EventManager : Event: ======'switch_shot_hit'====== Args={'profile': 'default', 'state': 'unlit', 'advancing': True}
2025-11-04 22:37:16,089 : INFO : EventManager : Event: ======'switch_shot_default_hit'====== Args={'profile': 'default', 'state': 'unlit', 'advancing': True}
2025-11-04 22:37:16,089 : INFO : EventManager : Event: ======'switch_shot_default_unlit_hit'====== Args={'profile': 'default', 'state': 'unlit', 'advancing': True}
2025-11-04 22:37:16,089 : INFO : EventManager : Event: ======'switch_shot_unlit_hit'====== Args={'profile': 'default', 'state': 'unlit', 'advancing': True}
2025-11-04 22:37:16,089 : INFO : EventManager : Event: ======'player_shot_c_shot'====== Args={'value': 1, 'prev_value': 0, 'change': 1, 'player_num': 1}
2025-11-04 22:37:16,090 : INFO : EventManager : Event: ======'machine_var_audits_shots_c_shot'====== Args={'value': 37, 'prev_value': 36, 'change': 1}
2025-11-04 22:37:16,090 : INFO : EventManager : Event: ======'c_shot_hit'====== Args={'profile': 'csi_shot_profile', 'state': 'unlit', 'advancing': True}
2025-11-04 22:37:16,090 : INFO : EventManager : Event: ======'c_shot_csi_shot_profile_hit'====== Args={'profile': 'csi_shot_profile', 'state': 'unlit', 'advancing': True}
2025-11-04 22:37:16,090 : INFO : EventManager : Event: ======'c_shot_csi_shot_profile_unlit_hit'====== Args={'profile': 'csi_shot_profile', 'state': 'unlit', 'advancing': True}
2025-11-04 22:37:16,090 : INFO : EventManager : Event: ======'c_shot_unlit_hit'====== Args={'profile': 'csi_shot_profile', 'state': 'unlit', 'advancing': True}
2025-11-04 22:37:16,091 : INFO : EventManager : Event: ======'csi_shots_hit'====== Args={'shot': 'c_shot'}
2025-11-04 22:37:16,091 : INFO : EventManager : Event: ======'csi_shots_unlit_hit'====== Args={'shot': 'c_shot'}
2025-11-04 22:37:16,091 : INFO : EventManager : Event: ======'player_score'====== Args={'value': 1000, 'prev_value': 0, 'change': 1000, 'player_num': 1, 'source': 'base'}
2025-11-04 22:37:16,214 : INFO : SwitchController : <<<<<<< 's_left_inlane1' inactive >>>>>>>
2025-11-04 22:37:18,015 : INFO : SwitchController : <<<<<<< 's_left_inlane2' active >>>>>>>
2025-11-04 22:37:18,016 : INFO : EventManager : Event: ======'s_left_inlane2_active'====== Args={}
2025-11-04 22:37:18,016 : INFO : EventManager : Event: ======'sw_playfield_active'====== Args={}
2025-11-04 22:37:18,016 : INFO : EventManager : Event: ======'machine_var_audits_switches_s_left_inlane2'====== Args={'value': 41, 'prev_value': 40, 'change': 1}
2025-11-04 22:37:18,017 : INFO : EventManager : Event: ======'machine_var_audits_shots_switch_shot'====== Args={'value': 97, 'prev_value': 96, 'change': 1}
2025-11-04 22:37:18,017 : INFO : EventManager : Event: ======'switch_shot_hit'====== Args={'profile': 'default', 'state': 'lit', 'advancing': False}
2025-11-04 22:37:18,017 : INFO : EventManager : Event: ======'switch_shot_default_hit'====== Args={'profile': 'default', 'state': 'lit', 'advancing': False}
2025-11-04 22:37:18,017 : INFO : EventManager : Event: ======'switch_shot_default_lit_hit'====== Args={'profile': 'default', 'state': 'lit', 'advancing': False}
2025-11-04 22:37:18,017 : INFO : EventManager : Event: ======'switch_shot_lit_hit'====== Args={'profile': 'default', 'state': 'lit', 'advancing': False}
2025-11-04 22:37:18,018 : INFO : EventManager : Event: ======'player_shot_s_shot'====== Args={'value': 1, 'prev_value': 0, 'change': 1, 'player_num': 1}
2025-11-04 22:37:18,018 : INFO : EventManager : Event: ======'machine_var_audits_shots_s_shot'====== Args={'value': 38, 'prev_value': 37, 'change': 1}
2025-11-04 22:37:18,019 : INFO : EventManager : Event: ======'s_shot_hit'====== Args={'profile': 'csi_shot_profile', 'state': 'unlit', 'advancing': True}
2025-11-04 22:37:18,019 : INFO : EventManager : Event: ======'s_shot_csi_shot_profile_hit'====== Args={'profile': 'csi_shot_profile', 'state': 'unlit', 'advancing': True}
2025-11-04 22:37:18,019 : INFO : EventManager : Event: ======'s_shot_csi_shot_profile_unlit_hit'====== Args={'profile': 'csi_shot_profile', 'state': 'unlit', 'advancing': True}
2025-11-04 22:37:18,019 : INFO : EventManager : Event: ======'s_shot_unlit_hit'====== Args={'profile': 'csi_shot_profile', 'state': 'unlit', 'advancing': True}
2025-11-04 22:37:18,019 : INFO : EventManager : Event: ======'csi_shots_hit'====== Args={'shot': 's_shot'}
2025-11-04 22:37:18,019 : INFO : EventManager : Event: ======'csi_shots_unlit_hit'====== Args={'shot': 's_shot'}
2025-11-04 22:37:18,020 : INFO : EventManager : Event: ======'player_score'====== Args={'value': 2000, 'prev_value': 1000, 'change': 1000, 'player_num': 1, 'source': 'base'}
2025-11-04 22:37:18,133 : INFO : SwitchController : <<<<<<< 's_left_inlane2' inactive >>>>>>>
2025-11-04 22:37:20,149 : INFO : SwitchController : <<<<<<< 's_right_inlane' active >>>>>>>
2025-11-04 22:37:20,149 : INFO : EventManager : Event: ======'s_right_inlane_active'====== Args={}
2025-11-04 22:37:20,150 : INFO : EventManager : Event: ======'sw_playfield_active'====== Args={}
2025-11-04 22:37:20,150 : INFO : EventManager : Event: ======'machine_var_audits_switches_s_right_inlane'====== Args={'value': 26, 'prev_value': 25, 'change': 1}
2025-11-04 22:37:20,151 : INFO : EventManager : Event: ======'machine_var_audits_shots_switch_shot'====== Args={'value': 98, 'prev_value': 97, 'change': 1}
2025-11-04 22:37:20,151 : INFO : EventManager : Event: ======'switch_shot_hit'====== Args={'profile': 'default', 'state': 'lit', 'advancing': False}
2025-11-04 22:37:20,151 : INFO : EventManager : Event: ======'switch_shot_default_hit'====== Args={'profile': 'default', 'state': 'lit', 'advancing': False}
2025-11-04 22:37:20,156 : INFO : EventManager : Event: ======'switch_shot_default_lit_hit'====== Args={'profile': 'default', 'state': 'lit', 'advancing': False}
2025-11-04 22:37:20,157 : INFO : EventManager : Event: ======'switch_shot_lit_hit'====== Args={'profile': 'default', 'state': 'lit', 'advancing': False}
2025-11-04 22:37:20,157 : INFO : EventManager : Event: ======'player_shot_i_shot'====== Args={'value': 1, 'prev_value': 0, 'change': 1, 'player_num': 1}
2025-11-04 22:37:20,158 : INFO : EventManager : Event: ======'machine_var_audits_shots_i_shot'====== Args={'value': 23, 'prev_value': 22, 'change': 1}
2025-11-04 22:37:20,158 : INFO : EventManager : Event: ======'i_shot_hit'====== Args={'profile': 'csi_shot_profile', 'state': 'unlit', 'advancing': True}
2025-11-04 22:37:20,158 : INFO : EventManager : Event: ======'i_shot_csi_shot_profile_hit'====== Args={'profile': 'csi_shot_profile', 'state': 'unlit', 'advancing': True}
2025-11-04 22:37:20,158 : INFO : EventManager : Event: ======'i_shot_csi_shot_profile_unlit_hit'====== Args={'profile': 'csi_shot_profile', 'state': 'unlit', 'advancing': True}
2025-11-04 22:37:20,158 : INFO : EventManager : Event: ======'i_shot_unlit_hit'====== Args={'profile': 'csi_shot_profile', 'state': 'unlit', 'advancing': True}
2025-11-04 22:37:20,158 : INFO : EventManager : Event: ======'csi_shots_complete'====== Args={'state': 'lit'}
2025-11-04 22:37:20,159 : INFO : EventManager : Event: ======'csi_shots_lit_complete'====== Args={}
2025-11-04 22:37:20,159 : INFO : EventManager : Event: ======'player_shot_c_shot'====== Args={'value': 0, 'prev_value': 1, 'change': -1, 'player_num': 1}
2025-11-04 22:37:20,159 : INFO : EventManager : Event: ======'player_shot_s_shot'====== Args={'value': 0, 'prev_value': 1, 'change': -1, 'player_num': 1}
2025-11-04 22:37:20,160 : INFO : EventManager : Event: ======'player_shot_i_shot'====== Args={'value': 0, 'prev_value': 1, 'change': -1, 'player_num': 1}
2025-11-04 22:37:20,160 : INFO : EventManager : Event: ======'player_score'====== Args={'value': 52000, 'prev_value': 2000, 'change': 50000, 'player_num': 1, 'source': 'base'}
2025-11-04 22:37:20,161 : INFO : EventManager : Event: ======'csi_shots_complete'====== Args={'state': 'unlit'}
2025-11-04 22:37:20,161 : INFO : EventManager : Event: ======'csi_shots_unlit_complete'====== Args={}
2025-11-04 22:37:20,161 : INFO : EventManager : Event: ======'csi_shots_hit'====== Args={'shot': 'i_shot'}
2025-11-04 22:37:20,161 : INFO : EventManager : Event: ======'csi_shots_unlit_hit'====== Args={'shot': 'i_shot'}
2025-11-04 22:37:20,162 : INFO : EventManager : Event: ======'player_score'====== Args={'value': 53000, 'prev_value': 52000, 'change': 1000, 'player_num': 1, 'source': 'base'}
2025-11-04 22:37:20,248 : INFO : SwitchController : <<<<<<< 's_right_inlane' inactive >>>>>>>
2025-11-04 22:37:41,221 : INFO : SwitchController : <<<<<<< 's_left_inlane1' active >>>>>>>
2025-11-04 22:37:41,221 : INFO : EventManager : Event: ======'s_left_inlane1_active'====== Args={}
2025-11-04 22:37:41,221 : INFO : EventManager : Event: ======'sw_playfield_active'====== Args={}
2025-11-04 22:37:41,222 : INFO : EventManager : Event: ======'machine_var_audits_switches_s_left_inlane1'====== Args={'value': 41, 'prev_value': 40, 'change': 1}
2025-11-04 22:37:41,222 : INFO : EventManager : Event: ======'machine_var_audits_shots_switch_shot'====== Args={'value': 99, 'prev_value': 98, 'change': 1}
2025-11-04 22:37:41,227 : INFO : EventManager : Event: ======'switch_shot_hit'====== Args={'profile': 'default', 'state': 'lit', 'advancing': False}
2025-11-04 22:37:41,227 : INFO : EventManager : Event: ======'switch_shot_default_hit'====== Args={'profile': 'default', 'state': 'lit', 'advancing': False}
2025-11-04 22:37:41,227 : INFO : EventManager : Event: ======'switch_shot_default_lit_hit'====== Args={'profile': 'default', 'state': 'lit', 'advancing': False}
2025-11-04 22:37:41,227 : INFO : EventManager : Event: ======'switch_shot_lit_hit'====== Args={'profile': 'default', 'state': 'lit', 'advancing': False}
2025-11-04 22:37:41,227 : INFO : EventManager : Event: ======'player_shot_c_shot'====== Args={'value': 1, 'prev_value': 0, 'change': 1, 'player_num': 1}
2025-11-04 22:37:41,228 : INFO : EventManager : Event: ======'machine_var_audits_shots_c_shot'====== Args={'value': 38, 'prev_value': 37, 'change': 1}
2025-11-04 22:37:41,228 : INFO : EventManager : Event: ======'c_shot_hit'====== Args={'profile': 'csi_shot_profile', 'state': 'unlit', 'advancing': True}
2025-11-04 22:37:41,228 : INFO : EventManager : Event: ======'c_shot_csi_shot_profile_hit'====== Args={'profile': 'csi_shot_profile', 'state': 'unlit', 'advancing': True}
2025-11-04 22:37:41,228 : INFO : EventManager : Event: ======'c_shot_csi_shot_profile_unlit_hit'====== Args={'profile': 'csi_shot_profile', 'state': 'unlit', 'advancing': True}
2025-11-04 22:37:41,228 : INFO : EventManager : Event: ======'c_shot_unlit_hit'====== Args={'profile': 'csi_shot_profile', 'state': 'unlit', 'advancing': True}
2025-11-04 22:37:41,228 : INFO : EventManager : Event: ======'csi_shots_hit'====== Args={'shot': 'c_shot'}
2025-11-04 22:37:41,228 : INFO : EventManager : Event: ======'csi_shots_unlit_hit'====== Args={'shot': 'c_shot'}
2025-11-04 22:37:41,229 : INFO : EventManager : Event: ======'player_score'====== Args={'value': 54000, 'prev_value': 53000, 'change': 1000, 'player_num': 1, 'source': 'base'}
2025-11-04 22:37:41,348 : INFO : SwitchController : <<<<<<< 's_left_inlane1' inactive >>>>>>>
2025-11-04 22:37:42,732 : INFO : SwitchController : <<<<<<< 's_left_inlane2' active >>>>>>>
2025-11-04 22:37:42,733 : INFO : EventManager : Event: ======'s_left_inlane2_active'====== Args={}
2025-11-04 22:37:42,733 : INFO : EventManager : Event: ======'sw_playfield_active'====== Args={}
2025-11-04 22:37:42,733 : INFO : EventManager : Event: ======'machine_var_audits_switches_s_left_inlane2'====== Args={'value': 42, 'prev_value': 41, 'change': 1}
2025-11-04 22:37:42,734 : INFO : EventManager : Event: ======'machine_var_audits_shots_switch_shot'====== Args={'value': 100, 'prev_value': 99, 'change': 1}
2025-11-04 22:37:42,734 : INFO : EventManager : Event: ======'switch_shot_hit'====== Args={'profile': 'default', 'state': 'lit', 'advancing': False}
2025-11-04 22:37:42,734 : INFO : EventManager : Event: ======'switch_shot_default_hit'====== Args={'profile': 'default', 'state': 'lit', 'advancing': False}
2025-11-04 22:37:42,734 : INFO : EventManager : Event: ======'switch_shot_default_lit_hit'====== Args={'profile': 'default', 'state': 'lit', 'advancing': False}
2025-11-04 22:37:42,735 : INFO : EventManager : Event: ======'switch_shot_lit_hit'====== Args={'profile': 'default', 'state': 'lit', 'advancing': False}
2025-11-04 22:37:42,735 : INFO : EventManager : Event: ======'player_shot_s_shot'====== Args={'value': 1, 'prev_value': 0, 'change': 1, 'player_num': 1}
2025-11-04 22:37:42,735 : INFO : EventManager : Event: ======'machine_var_audits_shots_s_shot'====== Args={'value': 39, 'prev_value': 38, 'change': 1}
2025-11-04 22:37:42,736 : INFO : EventManager : Event: ======'s_shot_hit'====== Args={'profile': 'csi_shot_profile', 'state': 'unlit', 'advancing': True}
2025-11-04 22:37:42,736 : INFO : EventManager : Event: ======'s_shot_csi_shot_profile_hit'====== Args={'profile': 'csi_shot_profile', 'state': 'unlit', 'advancing': True}
2025-11-04 22:37:42,736 : INFO : EventManager : Event: ======'s_shot_csi_shot_profile_unlit_hit'====== Args={'profile': 'csi_shot_profile', 'state': 'unlit', 'advancing': True}
2025-11-04 22:37:42,736 : INFO : EventManager : Event: ======'s_shot_unlit_hit'====== Args={'profile': 'csi_shot_profile', 'state': 'unlit', 'advancing': True}
2025-11-04 22:37:42,736 : INFO : EventManager : Event: ======'csi_shots_hit'====== Args={'shot': 's_shot'}
2025-11-04 22:37:42,737 : INFO : EventManager : Event: ======'csi_shots_unlit_hit'====== Args={'shot': 's_shot'}
2025-11-04 22:37:42,737 : INFO : EventManager : Event: ======'player_score'====== Args={'value': 55000, 'prev_value': 54000, 'change': 1000, 'player_num': 1, 'source': 'base'}
2025-11-04 22:37:42,816 : INFO : SwitchController : <<<<<<< 's_left_inlane2' inactive >>>>>>>
2025-11-04 22:37:44,232 : INFO : SwitchController : <<<<<<< 's_right_inlane' active >>>>>>>
2025-11-04 22:37:44,233 : INFO : EventManager : Event: ======'s_right_inlane_active'====== Args={}
2025-11-04 22:37:44,233 : INFO : EventManager : Event: ======'sw_playfield_active'====== Args={}
2025-11-04 22:37:44,233 : INFO : EventManager : Event: ======'machine_var_audits_switches_s_right_inlane'====== Args={'value': 27, 'prev_value': 26, 'change': 1}
2025-11-04 22:37:44,234 : INFO : EventManager : Event: ======'machine_var_audits_shots_switch_shot'====== Args={'value': 101, 'prev_value': 100, 'change': 1}
2025-11-04 22:37:44,234 : INFO : EventManager : Event: ======'switch_shot_hit'====== Args={'profile': 'default', 'state': 'lit', 'advancing': False}
2025-11-04 22:37:44,234 : INFO : EventManager : Event: ======'switch_shot_default_hit'====== Args={'profile': 'default', 'state': 'lit', 'advancing': False}
2025-11-04 22:37:44,234 : INFO : EventManager : Event: ======'switch_shot_default_lit_hit'====== Args={'profile': 'default', 'state': 'lit', 'advancing': False}
2025-11-04 22:37:44,235 : INFO : EventManager : Event: ======'switch_shot_lit_hit'====== Args={'profile': 'default', 'state': 'lit', 'advancing': False}
2025-11-04 22:37:44,235 : INFO : EventManager : Event: ======'player_shot_i_shot'====== Args={'value': 1, 'prev_value': 0, 'change': 1, 'player_num': 1}
2025-11-04 22:37:44,235 : INFO : EventManager : Event: ======'machine_var_audits_shots_i_shot'====== Args={'value': 24, 'prev_value': 23, 'change': 1}
2025-11-04 22:37:44,236 : INFO : EventManager : Event: ======'i_shot_hit'====== Args={'profile': 'csi_shot_profile', 'state': 'unlit', 'advancing': True}
2025-11-04 22:37:44,236 : INFO : EventManager : Event: ======'i_shot_csi_shot_profile_hit'====== Args={'profile': 'csi_shot_profile', 'state': 'unlit', 'advancing': True}
2025-11-04 22:37:44,236 : INFO : EventManager : Event: ======'i_shot_csi_shot_profile_unlit_hit'====== Args={'profile': 'csi_shot_profile', 'state': 'unlit', 'advancing': True}
2025-11-04 22:37:44,236 : INFO : EventManager : Event: ======'i_shot_unlit_hit'====== Args={'profile': 'csi_shot_profile', 'state': 'unlit', 'advancing': True}
2025-11-04 22:37:44,236 : INFO : EventManager : Event: ======'csi_shots_complete'====== Args={'state': 'lit'}
2025-11-04 22:37:44,237 : INFO : EventManager : Event: ======'csi_shots_lit_complete'====== Args={}
2025-11-04 22:37:44,237 : INFO : EventManager : Event: ======'player_shot_c_shot'====== Args={'value': 0, 'prev_value': 1, 'change': -1, 'player_num': 1}
2025-11-04 22:37:44,237 : INFO : EventManager : Event: ======'player_shot_s_shot'====== Args={'value': 0, 'prev_value': 1, 'change': -1, 'player_num': 1}
2025-11-04 22:37:44,238 : INFO : EventManager : Event: ======'player_shot_i_shot'====== Args={'value': 0, 'prev_value': 1, 'change': -1, 'player_num': 1}
2025-11-04 22:37:44,238 : INFO : EventManager : Event: ======'player_score'====== Args={'value': 105000, 'prev_value': 55000, 'change': 50000, 'player_num': 1, 'source': 'base'}
2025-11-04 22:37:44,239 : INFO : EventManager : Event: ======'csi_shots_complete'====== Args={'state': 'unlit'}
2025-11-04 22:37:44,239 : INFO : EventManager : Event: ======'csi_shots_unlit_complete'====== Args={}
2025-11-04 22:37:44,239 : INFO : EventManager : Event: ======'csi_shots_hit'====== Args={'shot': 'i_shot'}
2025-11-04 22:37:44,239 : INFO : EventManager : Event: ======'csi_shots_unlit_hit'====== Args={'shot': 'i_shot'}
2025-11-04 22:37:44,239 : INFO : EventManager : Event: ======'player_score'====== Args={'value': 106000, 'prev_value': 105000, 'change': 1000, 'player_num': 1, 'source': 'base'}
2025-11-04 22:37:44,348 : INFO : SwitchController : <<<<<<< 's_right_inlane' inactive >>>>>>>
2025-11-04 22:43:52,128 : INFO : Machine : Shutting down...
2025-11-04 22:43:52,128 : INFO : EventManager : Event: ======'shutdown'====== Args={}
2025-11-04 22:43:52,129 : INFO : EventManager : Event: ======'mode_game_will_stop'====== Args={}
2025-11-04 22:43:52,130 : INFO : EventManager : Event: ======'mode_game_stopping'====== Args={}
2025-11-04 22:43:52,130 : INFO : EventManager : Event: ======'mode_bumpers_will_stop'====== Args={}
2025-11-04 22:43:52,130 : INFO : EventManager : Event: ======'mode_bumpers_stopping'====== Args={}
2025-11-04 22:43:52,130 : INFO : EventManager : Event: ======'mode_base_will_stop'====== Args={}
2025-11-04 22:43:52,130 : INFO : EventManager : Event: ======'mode_base_stopping'====== Args={}
2025-11-04 22:43:52,130 : INFO : EventManager : Event: ======'stop_mode_bumpers'====== Args={'priority': 0}
2025-11-04 22:43:52,131 : INFO : Mode.base : Stopped.
2025-11-04 22:43:52,131 : INFO : EventManager : Event: ======'modes_active_modes_changed'====== Args={}
2025-11-04 22:43:52,131 : INFO : EventManager : Event: ======'mode_base_stopped'====== Args={}
2025-11-04 22:43:52,131 : INFO : EventManager : Event: ======'clear'====== Args={'key': 'base'}
2025-11-04 22:43:52,131 : INFO : Timer.player_added_timer : Stopping Timer
2025-11-04 22:43:52,131 : INFO : EventManager : Event: ======'timer_player_added_timer_stopped'====== Args={'ticks': 1, 'ticks_remaining': 1}
2025-11-04 22:43:52,131 : INFO : Mode.bumpers : Stopped.
2025-11-04 22:43:52,131 : INFO : EventManager : Event: ======'modes_active_modes_changed'====== Args={}
2025-11-04 22:43:52,131 : INFO : EventManager : Event: ======'mode_bumpers_stopped'====== Args={}
2025-11-04 22:43:52,131 : INFO : EventManager : Event: ======'clear'====== Args={'key': 'bumpers'}
2025-11-04 22:43:52,132 : INFO : Mode.game : Stopped.
2025-11-04 22:43:52,132 : INFO : EventManager : Event: ======'modes_active_modes_changed'====== Args={}
2025-11-04 22:43:52,132 : INFO : EventManager : Event: ======'mode_game_stopped'====== Args={}
2025-11-04 22:43:52,132 : INFO : EventManager : Event: ======'clear'====== Args={'key': 'game'}
2025-11-04 22:43:52,140 : INFO : root : MPF run loop ended.
