2025-11-10 17:04:05,748 : INFO : root : Loading config.
2025-11-10 17:04:05,748 : INFO : YamlMultifileConfigLoader : Machine config file #1: config.yaml
2025-11-10 17:04:05,749 : INFO : ConfigProcessor : Loading config from cache: /var/folders/m3/0d4y64_n3fn8tnkv3ydlhztw0000gn/T/5ca32a6c950d03116abbed96ca44d372.mpf_cache
2025-11-10 17:04:05,760 : INFO : ConfigProcessor : Loading config from cache: /var/folders/m3/0d4y64_n3fn8tnkv3ydlhztw0000gn/T/01c495fa7450a81b4be96cb699872531.mpf_cache
2025-11-10 17:04:05,760 : INFO : ConfigProcessor : Loading config from cache: /var/folders/m3/0d4y64_n3fn8tnkv3ydlhztw0000gn/T/bfde29b5bb803376b0637bb8f0da27a7.mpf_cache
2025-11-10 17:04:05,760 : INFO : ConfigProcessor : Loading config from cache: /var/folders/m3/0d4y64_n3fn8tnkv3ydlhztw0000gn/T/01c495fa7450a81b4be96cb699872531.mpf_cache
2025-11-10 17:04:05,760 : INFO : ConfigProcessor : Loading config from cache: /var/folders/m3/0d4y64_n3fn8tnkv3ydlhztw0000gn/T/3ae89e09515ff8d8b11d68f672b2cc51.mpf_cache
2025-11-10 17:04:05,760 : INFO : ConfigProcessor : Loading config from cache: /var/folders/m3/0d4y64_n3fn8tnkv3ydlhztw0000gn/T/4c420229fa75118c2461cfc9ff5a44e2.mpf_cache
2025-11-10 17:04:05,760 : INFO : ConfigProcessor : Loading config from cache: /var/folders/m3/0d4y64_n3fn8tnkv3ydlhztw0000gn/T/f5ee6852f1764324c8553249cc53c871.mpf_cache
2025-11-10 17:04:05,760 : INFO : ConfigProcessor : Loading config from cache: /var/folders/m3/0d4y64_n3fn8tnkv3ydlhztw0000gn/T/73ac54cb7a83dfa5473900e439743a84.mpf_cache
2025-11-10 17:04:05,761 : INFO : ConfigProcessor : Loading config from cache: /var/folders/m3/0d4y64_n3fn8tnkv3ydlhztw0000gn/T/97c87487bc6ae826da86d36a6e042c78.mpf_cache
2025-11-10 17:04:05,761 : INFO : Machine : Mission Pinball Framework Core Engine v0.80.0.dev10
2025-11-10 17:04:05,761 : INFO : Machine : Command line arguments: {'no_load_cache': False, 'create_config_cache': True, 'bcp': True, 'configfile': ['config.yaml'], 'force_assets_load': False, 'platform_integration_test': False, 'jsonlogging': False, 'logfile': 'logs/2025-11-10-17-04-05-mpf-mac.home.log', 'pause': False, 'production': False, 'text_ui': False, 'loglevel': 15, 'consoleloglevel': 20, 'force_platform': 'smart_virtual', 'syslog_address': None, 'full_logfile_path': '/Users/didiergilbin/Desktop/Homebrew_CSI/logs/2025-11-10-17-04-05-mpf-mac.home.log'}
2025-11-10 17:04:05,761 : INFO : Machine : MPF path: /Users/didiergilbin/mpfenv/lib/python3.13/site-packages/mpf
2025-11-10 17:04:05,761 : INFO : Machine : Machine path: /Users/didiergilbin/Desktop/Homebrew_CSI
2025-11-10 17:04:05,761 : INFO : Machine : Platform: darwin
2025-11-10 17:04:05,761 : INFO : Machine : Python executable location: /Users/didiergilbin/mpfenv/bin/python3.13
2025-11-10 17:04:05,761 : INFO : Machine : Python version: 3.13.7 (64-bit)
2025-11-10 17:04:05,761 : INFO : Machine : Initializing MPF...
2025-11-10 17:04:05,774 : INFO : EventManager : Event: ======'machine_var_credits_string'====== Args={'value': 'FREE PLAY', 'prev_value': None, 'change': True}
2025-11-10 17:04:05,777 : INFO : EventManager : Event: ======'machine_var_master_volume'====== Args={'value': 0.5, 'prev_value': None, 'change': True}
2025-11-10 17:04:05,778 : INFO : EventManager : Event: ======'machine_var_player1_score'====== Args={'value': 368000, 'prev_value': None, 'change': True}
2025-11-10 17:04:05,778 : INFO : EventManager : Event: ======'machine_var_player2_score'====== Args={'value': 24000, 'prev_value': None, 'change': True}
2025-11-10 17:04:05,778 : INFO : EventManager : Event: ======'machine_var_player3_score'====== Args={'value': 21000, 'prev_value': None, 'change': True}
2025-11-10 17:04:05,778 : INFO : EventManager : Event: ======'machine_var_player4_score'====== Args={'value': 0, 'prev_value': None, 'change': True}
2025-11-10 17:04:05,778 : INFO : EventManager : Event: ======'machine_var_mpf_version'====== Args={'value': 'Mission Pinball Framework v0.80.0.dev10', 'prev_value': None, 'change': True}
2025-11-10 17:04:05,778 : INFO : EventManager : Event: ======'machine_var_mpf_extended_version'====== Args={'value': 'Mission Pinball Framework v0.80.0.dev10, Config version:6, Show version: 6, BCP version:1.1', 'prev_value': None, 'change': True}
2025-11-10 17:04:05,778 : INFO : EventManager : Event: ======'machine_var_python_version'====== Args={'value': '3.13.7', 'prev_value': None, 'change': True}
2025-11-10 17:04:05,783 : INFO : EventManager : Event: ======'machine_var_platform'====== Args={'value': 'macOS-15.6.1-arm64-arm-64bit-Mach-O', 'prev_value': None, 'change': True}
2025-11-10 17:04:05,783 : INFO : EventManager : Event: ======'machine_var_platform_system'====== Args={'value': 'Darwin', 'prev_value': None, 'change': True}
2025-11-10 17:04:05,783 : INFO : EventManager : Event: ======'machine_var_platform_release'====== Args={'value': '24.6.0', 'prev_value': None, 'change': True}
2025-11-10 17:04:05,783 : INFO : EventManager : Event: ======'machine_var_platform_version'====== Args={'value': 'Darwin Kernel Version 24.6.0: Mon Jul 14 11:30:40 PDT 2025; root:xnu-11417.140.69~1/RELEASE_ARM64_T8132', 'prev_value': None, 'change': True}
2025-11-10 17:04:05,783 : INFO : EventManager : Event: ======'machine_var_platform_machine'====== Args={'value': 'arm64', 'prev_value': None, 'change': True}
2025-11-10 17:04:05,783 : INFO : EventManager : Event: ======'machine_var_log_file_path'====== Args={'value': '/Users/didiergilbin/Desktop/Homebrew_CSI/logs/2025-11-10-17-04-05-mpf-mac.home.log', 'prev_value': None, 'change': True}
2025-11-10 17:04:05,783 : INFO : EventManager : Event: ======'init_phase_1'====== Args={}
2025-11-10 17:04:05,790 : INFO : EventManager : Event: ======'init_phase_2'====== Args={}
2025-11-10 17:04:05,790 : INFO : SwitchController : Found active switch: ('2', <Platform.SmartVirtual>) <switch.s_trough1>
2025-11-10 17:04:05,790 : INFO : SwitchController : Found active switch: ('3', <Platform.SmartVirtual>) <switch.s_trough2>
2025-11-10 17:04:05,790 : INFO : SwitchController : Found active switch: ('4', <Platform.SmartVirtual>) <switch.s_trough3>
2025-11-10 17:04:05,790 : INFO : SwitchController : Found active switch: ('5', <Platform.SmartVirtual>) <switch.s_trough4>
2025-11-10 17:04:05,791 : INFO : EventManager : Event: ======'bcp_connection_attempt'====== Args={'name': 'local_display', 'host': 'localhost', 'port': 5050}
2025-11-10 17:04:05,791 : INFO : BCPClientSocket : Connecting BCP to 'local_display' at localhost:5050...
2025-11-10 17:04:05,793 : INFO : BCPClientSocket : Connected BCP to 'local_display' localhost:5050
2025-11-10 17:04:05,794 : INFO : EventManager : Event: ======'bcp_clients_connected'====== Args={}
2025-11-10 17:04:05,794 : INFO : ball_device.bd_drain : BCH: Initial count: 0
2025-11-10 17:04:05,794 : INFO : ball_device.bd_drain : State: idle
2025-11-10 17:04:05,794 : INFO : ball_device.bd_trough : BCH: Initial count: 4
2025-11-10 17:04:05,794 : INFO : ball_device.bd_trough : State: idle
2025-11-10 17:04:05,794 : INFO : ball_device.bd_plunger : BCH: Initial count: 0
2025-11-10 17:04:05,794 : INFO : ball_device.bd_plunger : State: idle
2025-11-10 17:04:05,798 : INFO : EventManager : Event: ======'init_phase_3'====== Args={}
2025-11-10 17:04:05,798 : INFO : EventManager : Event: ======'init_phase_4'====== Args={}
2025-11-10 17:04:05,798 : INFO : BallController : Initial balls found: 4
2025-11-10 17:04:05,799 : INFO : EventManager : Event: ======'machine_var_audits_events_game_ended'====== Args={'value': 54, 'prev_value': None, 'change': True}
2025-11-10 17:04:05,799 : INFO : EventManager : Event: ======'machine_var_audits_events_game_started'====== Args={'value': 492, 'prev_value': None, 'change': True}
2025-11-10 17:04:05,799 : INFO : EventManager : Event: ======'machine_var_audits_missing_switches_s_drain'====== Args={'value': 17, 'prev_value': None, 'change': True}
2025-11-10 17:04:05,799 : INFO : EventManager : Event: ======'machine_var_audits_missing_switches_s_launch_button'====== Args={'value': 139, 'prev_value': None, 'change': True}
2025-11-10 17:04:05,799 : INFO : EventManager : Event: ======'machine_var_audits_missing_switches_s_left_flipper'====== Args={'value': 1, 'prev_value': None, 'change': True}
2025-11-10 17:04:05,799 : INFO : EventManager : Event: ======'machine_var_audits_missing_switches_s_left_inlane1'====== Args={'value': 25, 'prev_value': None, 'change': True}
2025-11-10 17:04:05,799 : INFO : EventManager : Event: ======'machine_var_audits_missing_switches_s_left_inlane2'====== Args={'value': 25, 'prev_value': None, 'change': True}
2025-11-10 17:04:05,799 : INFO : EventManager : Event: ======'machine_var_audits_missing_switches_s_left_outlane'====== Args={'value': 107, 'prev_value': None, 'change': True}
2025-11-10 17:04:05,799 : INFO : EventManager : Event: ======'machine_var_audits_missing_switches_s_popbumper3'====== Args={'value': 1, 'prev_value': None, 'change': True}
2025-11-10 17:04:05,799 : INFO : EventManager : Event: ======'machine_var_audits_missing_switches_s_ramp'====== Args={'value': 1, 'prev_value': None, 'change': True}
2025-11-10 17:04:05,799 : INFO : EventManager : Event: ======'machine_var_audits_missing_switches_s_right_flipper'====== Args={'value': 1, 'prev_value': None, 'change': True}
2025-11-10 17:04:05,799 : INFO : EventManager : Event: ======'machine_var_audits_missing_switches_s_right_inlane'====== Args={'value': 25, 'prev_value': None, 'change': True}
2025-11-10 17:04:05,799 : INFO : EventManager : Event: ======'machine_var_audits_missing_switches_s_right_orbit'====== Args={'value': 25, 'prev_value': None, 'change': True}
2025-11-10 17:04:05,799 : INFO : EventManager : Event: ======'machine_var_audits_missing_switches_s_right_outlane'====== Args={'value': 107, 'prev_value': None, 'change': True}
2025-11-10 17:04:05,799 : INFO : EventManager : Event: ======'machine_var_audits_missing_switches_s_scoop'====== Args={'value': 25, 'prev_value': None, 'change': True}
2025-11-10 17:04:05,799 : INFO : EventManager : Event: ======'machine_var_audits_missing_switches_s_skull_lock1'====== Args={'value': 1, 'prev_value': None, 'change': True}
2025-11-10 17:04:05,799 : INFO : EventManager : Event: ======'machine_var_audits_missing_switches_s_skull_lock2'====== Args={'value': 1, 'prev_value': None, 'change': True}
2025-11-10 17:04:05,799 : INFO : EventManager : Event: ======'machine_var_audits_missing_switches_s_sling_left'====== Args={'value': 492, 'prev_value': None, 'change': True}
2025-11-10 17:04:05,799 : INFO : EventManager : Event: ======'machine_var_audits_missing_switches_s_sling_right'====== Args={'value': 492, 'prev_value': None, 'change': True}
2025-11-10 17:04:05,799 : INFO : EventManager : Event: ======'machine_var_audits_missing_switches_s_start'====== Args={'value': 17, 'prev_value': None, 'change': True}
2025-11-10 17:04:05,799 : INFO : EventManager : Event: ======'machine_var_audits_missing_switches_s_trough1'====== Args={'value': 17, 'prev_value': None, 'change': True}
2025-11-10 17:04:05,799 : INFO : EventManager : Event: ======'machine_var_audits_missing_switches_s_trough2'====== Args={'value': 53, 'prev_value': None, 'change': True}
2025-11-10 17:04:05,799 : INFO : EventManager : Event: ======'machine_var_audits_missing_switches_s_trough3'====== Args={'value': 270, 'prev_value': None, 'change': True}
2025-11-10 17:04:05,799 : INFO : EventManager : Event: ======'machine_var_audits_missing_switches_s_trough4'====== Args={'value': 270, 'prev_value': None, 'change': True}
2025-11-10 17:04:05,799 : INFO : EventManager : Event: ======'machine_var_audits_missing_switches_s_trough_jam'====== Args={'value': 206, 'prev_value': None, 'change': True}
2025-11-10 17:04:05,799 : INFO : EventManager : Event: ======'machine_var_audits_player_score'====== Args={'value': {'average': 215167, 'top': [10210000, 1550000, 1070000, 1070000, 810000, 710000, 640000, 570000, 530000, 480000], 'total': 118}, 'prev_value': None, 'change': True}
2025-11-10 17:04:05,799 : INFO : EventManager : Event: ======'machine_var_audits_shots_bumper1'====== Args={'value': 4322, 'prev_value': None, 'change': True}
2025-11-10 17:04:05,799 : INFO : EventManager : Event: ======'machine_var_audits_shots_bumper2'====== Args={'value': 4254, 'prev_value': None, 'change': True}
2025-11-10 17:04:05,799 : INFO : EventManager : Event: ======'machine_var_audits_shots_bumper3'====== Args={'value': 4078, 'prev_value': None, 'change': True}
2025-11-10 17:04:05,799 : INFO : EventManager : Event: ======'machine_var_audits_shots_c_shot'====== Args={'value': 162, 'prev_value': None, 'change': True}
2025-11-10 17:04:05,799 : INFO : EventManager : Event: ======'machine_var_audits_shots_csi_shot'====== Args={'value': 9, 'prev_value': None, 'change': True}
2025-11-10 17:04:05,799 : INFO : EventManager : Event: ======'machine_var_audits_shots_i_shot'====== Args={'value': 135, 'prev_value': None, 'change': True}
2025-11-10 17:04:05,799 : INFO : EventManager : Event: ======'machine_var_audits_shots_s_shot'====== Args={'value': 152, 'prev_value': None, 'change': True}
2025-11-10 17:04:05,799 : INFO : EventManager : Event: ======'machine_var_audits_shots_switch_shot'====== Args={'value': 245, 'prev_value': None, 'change': True}
2025-11-10 17:04:05,799 : INFO : EventManager : Event: ======'machine_var_audits_switches_s_drain'====== Args={'value': 541, 'prev_value': None, 'change': True}
2025-11-10 17:04:05,799 : INFO : EventManager : Event: ======'machine_var_audits_switches_s_launch_button'====== Args={'value': 1, 'prev_value': None, 'change': True}
2025-11-10 17:04:05,799 : INFO : EventManager : Event: ======'machine_var_audits_switches_s_left_flipper'====== Args={'value': 429, 'prev_value': None, 'change': True}
2025-11-10 17:04:05,799 : INFO : EventManager : Event: ======'machine_var_audits_switches_s_left_inlane1'====== Args={'value': 172, 'prev_value': None, 'change': True}
2025-11-10 17:04:05,799 : INFO : EventManager : Event: ======'machine_var_audits_switches_s_left_inlane2'====== Args={'value': 159, 'prev_value': None, 'change': True}
2025-11-10 17:04:05,799 : INFO : EventManager : Event: ======'machine_var_audits_switches_s_left_outlane'====== Args={'value': 1, 'prev_value': None, 'change': True}
2025-11-10 17:04:05,799 : INFO : EventManager : Event: ======'machine_var_audits_switches_s_plunger_lane'====== Args={'value': 873, 'prev_value': None, 'change': True}
2025-11-10 17:04:05,799 : INFO : EventManager : Event: ======'machine_var_audits_switches_s_popbumper1'====== Args={'value': 4366, 'prev_value': None, 'change': True}
2025-11-10 17:04:05,799 : INFO : EventManager : Event: ======'machine_var_audits_switches_s_popbumper2'====== Args={'value': 4295, 'prev_value': None, 'change': True}
2025-11-10 17:04:05,799 : INFO : EventManager : Event: ======'machine_var_audits_switches_s_popbumper3'====== Args={'value': 4120, 'prev_value': None, 'change': True}
2025-11-10 17:04:05,799 : INFO : EventManager : Event: ======'machine_var_audits_switches_s_ramp'====== Args={'value': 639, 'prev_value': None, 'change': True}
2025-11-10 17:04:05,799 : INFO : EventManager : Event: ======'machine_var_audits_switches_s_right_flipper'====== Args={'value': 707, 'prev_value': None, 'change': True}
2025-11-10 17:04:05,799 : INFO : EventManager : Event: ======'machine_var_audits_switches_s_right_inlane'====== Args={'value': 141, 'prev_value': None, 'change': True}
2025-11-10 17:04:05,799 : INFO : EventManager : Event: ======'machine_var_audits_switches_s_right_orbit'====== Args={'value': 47, 'prev_value': None, 'change': True}
2025-11-10 17:04:05,799 : INFO : EventManager : Event: ======'machine_var_audits_switches_s_right_outlane'====== Args={'value': 5, 'prev_value': None, 'change': True}
2025-11-10 17:04:05,799 : INFO : EventManager : Event: ======'machine_var_audits_switches_s_scoop'====== Args={'value': 428, 'prev_value': None, 'change': True}
2025-11-10 17:04:05,799 : INFO : EventManager : Event: ======'machine_var_audits_switches_s_skull_lock1'====== Args={'value': 39, 'prev_value': None, 'change': True}
2025-11-10 17:04:05,799 : INFO : EventManager : Event: ======'machine_var_audits_switches_s_skull_lock2'====== Args={'value': 42, 'prev_value': None, 'change': True}
2025-11-10 17:04:05,799 : INFO : EventManager : Event: ======'machine_var_audits_switches_s_sling_left'====== Args={'value': 0, 'prev_value': None, 'change': True}
2025-11-10 17:04:05,799 : INFO : EventManager : Event: ======'machine_var_audits_switches_s_sling_right'====== Args={'value': 0, 'prev_value': None, 'change': True}
2025-11-10 17:04:05,799 : INFO : EventManager : Event: ======'machine_var_audits_switches_s_start'====== Args={'value': 661, 'prev_value': None, 'change': True}
2025-11-10 17:04:05,799 : INFO : EventManager : Event: ======'machine_var_audits_switches_s_trough1'====== Args={'value': 382, 'prev_value': None, 'change': True}
2025-11-10 17:04:05,799 : INFO : EventManager : Event: ======'machine_var_audits_switches_s_trough2'====== Args={'value': 18, 'prev_value': None, 'change': True}
2025-11-10 17:04:05,799 : INFO : EventManager : Event: ======'machine_var_audits_switches_s_trough3'====== Args={'value': 1, 'prev_value': None, 'change': True}
2025-11-10 17:04:05,799 : INFO : EventManager : Event: ======'machine_var_audits_switches_s_trough4'====== Args={'value': 1, 'prev_value': None, 'change': True}
2025-11-10 17:04:05,799 : INFO : EventManager : Event: ======'machine_var_audits_switches_s_trough_jam'====== Args={'value': 8, 'prev_value': None, 'change': True}
2025-11-10 17:04:05,799 : INFO : EventManager : Event: ======'init_phase_5'====== Args={}
2025-11-10 17:04:05,800 : INFO : EventManager : Event: ======'init_done'====== Args={}
2025-11-10 17:04:05,800 : INFO : EventManager : Event: ======'machine_reset_phase_1'====== Args={}
2025-11-10 17:04:05,800 : INFO : BcpServer : New client connected.
2025-11-10 17:04:05,817 : INFO : EventManager : Event: ======'machine_reset_phase_2'====== Args={}
2025-11-10 17:04:05,818 : INFO : EventManager : Event: ======'machine_reset_phase_3'====== Args={}
2025-11-10 17:04:05,818 : INFO : EventManager : Event: ======'reset_complete'====== Args={}
2025-11-10 17:04:05,818 : INFO : EventManager : Event: ======'mode_attract_will_start'====== Args={}
2025-11-10 17:04:05,819 : INFO : Timer.attract_carousel_timer : Starting Timer.
2025-11-10 17:04:05,819 : INFO : EventManager : Event: ======'timer_attract_carousel_timer_started'====== Args={'ticks': 0, 'ticks_remaining': 1}
2025-11-10 17:04:05,819 : INFO : EventManager : Event: ======'timer_attract_carousel_timer_tick'====== Args={'ticks': 0, 'ticks_remaining': 1}
2025-11-10 17:04:05,819 : INFO : EventManager : Event: ======'mode_attract_starting'====== Args={}
2025-11-10 17:04:05,819 : INFO : Mode.attract : Started. Priority: 10
2025-11-10 17:04:05,819 : INFO : EventManager : Event: ======'modes_active_modes_changed'====== Args={}
2025-11-10 17:04:05,819 : INFO : EventManager : Event: ======'mode_attract_started'====== Args={}
2025-11-10 17:04:05,819 : INFO : EventManager : Event: ======'collecting_balls_complete'====== Args={}
2025-11-10 17:04:05,819 : INFO : EventManager : Event: ======'carousel_item_highlighted'====== Args={'carousel': 'attract', 'direction': None, 'item': 'title'}
2025-11-10 17:04:05,820 : INFO : Machine : Starting the main run loop with active modes: [<Mode.attract>]
2025-11-10 17:04:06,182 : INFO : EventManager : Event: ======'slide_attract_created'====== Args={'_from_bcp': True}
2025-11-10 17:04:06,183 : INFO : EventManager : Event: ======'slide__removed'====== Args={'_from_bcp': True}
2025-11-10 17:04:06,184 : INFO : EventManager : Event: ======'slide_attract_active'====== Args={'original_context': 'attract', 'original_calling_context': 'mode_attract_started', 'priority': 10.0, 'cmd': 'slides_play', '_from_bcp': True}
2025-11-10 17:04:09,402 : INFO : SwitchController : <<<<<<< 's_start' active >>>>>>>
2025-11-10 17:04:09,518 : INFO : SwitchController : <<<<<<< 's_start' inactive >>>>>>>
2025-11-10 17:04:09,518 : INFO : EventManager : Event: ======'request_to_start_game'====== Args={}
2025-11-10 17:04:09,519 : INFO : EventManager : Event: ======'game_start'====== Args={'buttons': [], 'hold_time': 0.11656049999874085}
2025-11-10 17:04:09,520 : INFO : EventManager : Event: ======'mode_game_will_start'====== Args={'buttons': [], 'hold_time': 0.11656049999874085}
2025-11-10 17:04:09,521 : INFO : EventManager : Event: ======'mode_game_starting'====== Args={'buttons': [], 'hold_time': 0.11656049999874085}
2025-11-10 17:04:09,521 : INFO : EventManager : Event: ======'mode_attract_will_stop'====== Args={}
2025-11-10 17:04:09,521 : INFO : EventManager : Event: ======'mode_attract_stopping'====== Args={}
2025-11-10 17:04:09,522 : INFO : Mode.attract : Stopped.
2025-11-10 17:04:09,522 : INFO : EventManager : Event: ======'modes_active_modes_changed'====== Args={}
2025-11-10 17:04:09,523 : INFO : EventManager : Event: ======'mode_attract_stopped'====== Args={}
2025-11-10 17:04:09,523 : INFO : EventManager : Event: ======'clear'====== Args={'key': 'attract'}
2025-11-10 17:04:09,523 : INFO : Timer.attract_carousel_timer : Stopping Timer
2025-11-10 17:04:09,524 : INFO : EventManager : Event: ======'timer_attract_carousel_timer_stopped'====== Args={'ticks': 0, 'ticks_remaining': 1}
2025-11-10 17:04:09,524 : INFO : Mode.game : Started. Priority: 20
2025-11-10 17:04:09,524 : INFO : EventManager : Event: ======'modes_active_modes_changed'====== Args={}
2025-11-10 17:04:09,524 : INFO : EventManager : Event: ======'mode_game_started'====== Args={'buttons': [], 'hold_time': 0.11656049999874085}
2025-11-10 17:04:09,525 : INFO : EventManager : Event: ======'game_will_start'====== Args={}
2025-11-10 17:04:09,526 : INFO : EventManager : Event: ======'game_starting'====== Args={'game': <Mode.game>}
2025-11-10 17:04:09,527 : INFO : EventManager : Unordered handler for class <Auditor> on event game_ended with priority 1. Handlers: [RegisteredHandler(callback=<bound method Auditor.disable of <Auditor>>, priority=1, kwargs={}, key=UUID('a149e09c-e7da-4c92-8558-8d3ccce6620a'), condition=None, blocking_facility=None), RegisteredHandler(callback=<bound method Auditor._save_audits of <Auditor>>, priority=1, kwargs={}, key=UUID('39038776-1d90-43c3-b80b-e0df3bacfe5f'), condition=None, blocking_facility=None)]. The order of those handlers is not defined and they will be executed in random order. This might lead to race conditions and potential bugs.
2025-11-10 17:04:09,527 : INFO : EventManager : Event: ======'player_add_request'====== Args={}
2025-11-10 17:04:09,527 : INFO : EventManager : Event: ======'player_will_add'====== Args={'number': 1}
2025-11-10 17:04:09,527 : INFO : EventManager : Event: ======'player_adding'====== Args={'player': <Player 1>, 'number': 1}
2025-11-10 17:04:09,528 : INFO : EventManager : Event: ======'player_added'====== Args={'player': <Player 1>, 'num': 1}
2025-11-10 17:04:09,528 : INFO : Mode.game : Player added successfully. Total players: 1
2025-11-10 17:04:09,528 : INFO : EventManager : Event: ======'player_index'====== Args={'value': 0, 'prev_value': 0, 'change': 0, 'player_num': 1}
2025-11-10 17:04:09,529 : INFO : EventManager : Event: ======'player_number'====== Args={'value': 1, 'prev_value': 1, 'change': 0, 'player_num': 1}
2025-11-10 17:04:09,529 : INFO : EventManager : Event: ======'player_bonus_multiplier'====== Args={'value': 1, 'prev_value': 1, 'change': 0, 'player_num': 1}
2025-11-10 17:04:09,529 : INFO : EventManager : Event: ======'player_skull_ramp_nb'====== Args={'value': 0, 'prev_value': 0, 'change': 0, 'player_num': 1}
2025-11-10 17:04:09,529 : INFO : EventManager : Event: ======'player_score'====== Args={'value': 0, 'prev_value': 0, 'change': 0, 'player_num': 1}
2025-11-10 17:04:09,530 : INFO : EventManager : Event: ======'game_started'====== Args={}
2025-11-10 17:04:09,530 : INFO : EventManager : Event: ======'player_turn_will_start'====== Args={'player': <Player 1>, 'number': 1}
2025-11-10 17:04:09,530 : INFO : EventManager : Event: ======'player_turn_starting'====== Args={'player': <Player 1>, 'number': 1}
2025-11-10 17:04:09,539 : INFO : EventManager : Event: ======'player_ball'====== Args={'value': 1, 'prev_value': 0, 'change': 1, 'player_num': 1}
2025-11-10 17:04:09,540 : INFO : EventManager : Event: ======'player_turn_started'====== Args={'player': <Player 1>, 'number': 1}
2025-11-10 17:04:09,540 : INFO : EventManager : Event: ======'ball_will_start'====== Args={'player': 1, 'ball': 1, 'balls_remaining': 2, 'is_extra_ball': False}
2025-11-10 17:04:09,541 : INFO : EventManager : Event: ======'ball_starting'====== Args={'player': 1, 'ball': 1, 'balls_remaining': 2, 'is_extra_ball': False}
2025-11-10 17:04:09,541 : INFO : EventManager : Event: ======'mode_base_will_start'====== Args={'queue': <QueuedEvent>, 'player': 1, 'ball': 1, 'balls_remaining': 2, 'is_extra_ball': False}
2025-11-10 17:04:09,541 : INFO : EventManager : Event: ======'player_base_player_added_timer_tick'====== Args={'value': 0, 'prev_value': 0, 'change': 0, 'player_num': 1}
2025-11-10 17:04:09,541 : INFO : Timer.player_added_timer : Starting Timer.
2025-11-10 17:04:09,542 : INFO : EventManager : Event: ======'timer_player_added_timer_started'====== Args={'ticks': 0, 'ticks_remaining': 1}
2025-11-10 17:04:09,542 : INFO : EventManager : Event: ======'timer_player_added_timer_tick'====== Args={'ticks': 0, 'ticks_remaining': 1}
2025-11-10 17:04:09,542 : INFO : EventManager : Event: ======'mode_base_starting'====== Args={'queue': <QueuedEvent>, 'player': 1, 'ball': 1, 'balls_remaining': 2, 'is_extra_ball': False}
2025-11-10 17:04:09,543 : INFO : Mode.base : Started. Priority: 100
2025-11-10 17:04:09,543 : INFO : EventManager : Event: ======'modes_active_modes_changed'====== Args={}
2025-11-10 17:04:09,543 : INFO : EventManager : Event: ======'mode_base_started'====== Args={'queue': <QueuedEvent>, 'player': 1, 'ball': 1, 'balls_remaining': 2, 'is_extra_ball': False}
2025-11-10 17:04:09,543 : INFO : EventManager : Event: ======'start_mode_bumpers'====== Args={'priority': 0}
2025-11-10 17:04:09,543 : INFO : EventManager : Event: ======'start_mode_csi_lanes'====== Args={'priority': 0}
2025-11-10 17:04:09,544 : INFO : EventManager : Event: ======'start_mode_skull'====== Args={'priority': 0}
2025-11-10 17:04:09,544 : INFO : EventManager : Event: ======'mode_bumpers_will_start'====== Args={'priority': 0}
2025-11-10 17:04:09,544 : INFO : EventManager : Event: ======'player_shot_bumper1_enabled'====== Args={'value': True, 'prev_value': 0, 'change': 1, 'player_num': 1}
2025-11-10 17:04:09,545 : INFO : EventManager : Event: ======'player_shot_bumper2_enabled'====== Args={'value': True, 'prev_value': 0, 'change': 1, 'player_num': 1}
2025-11-10 17:04:09,546 : INFO : EventManager : Event: ======'player_shot_bumper3_enabled'====== Args={'value': True, 'prev_value': 0, 'change': 1, 'player_num': 1}
2025-11-10 17:04:09,546 : INFO : EventManager : Event: ======'bumpers_complete'====== Args={'state': 'unlit'}
2025-11-10 17:04:09,546 : INFO : EventManager : Event: ======'bumpers_unlit_complete'====== Args={}
2025-11-10 17:04:09,547 : INFO : EventManager : Event: ======'player_bumpers_bumper_timer_tick'====== Args={'value': 0, 'prev_value': 0, 'change': 0, 'player_num': 1}
2025-11-10 17:04:09,547 : INFO : Timer.bumper_timer : Starting Timer.
2025-11-10 17:04:09,547 : INFO : EventManager : Event: ======'timer_bumper_timer_started'====== Args={'ticks': 0, 'ticks_remaining': 1}
2025-11-10 17:04:09,547 : INFO : EventManager : Event: ======'timer_bumper_timer_tick'====== Args={'ticks': 0, 'ticks_remaining': 1}
2025-11-10 17:04:09,548 : INFO : EventManager : Event: ======'mode_bumpers_starting'====== Args={'priority': 0}
2025-11-10 17:04:09,548 : INFO : EventManager : Event: ======'mode_csi_lanes_will_start'====== Args={'priority': 0}
2025-11-10 17:04:09,548 : INFO : EventManager : Event: ======'player_shot_c_shot_enabled'====== Args={'value': True, 'prev_value': 0, 'change': 1, 'player_num': 1}
2025-11-10 17:04:09,548 : INFO : EventManager : Event: ======'player_shot_s_shot_enabled'====== Args={'value': True, 'prev_value': 0, 'change': 1, 'player_num': 1}
2025-11-10 17:04:09,549 : INFO : EventManager : Event: ======'player_shot_i_shot_enabled'====== Args={'value': True, 'prev_value': 0, 'change': 1, 'player_num': 1}
2025-11-10 17:04:09,549 : INFO : EventManager : Event: ======'csi_shots_complete'====== Args={'state': 'unlit'}
2025-11-10 17:04:09,549 : INFO : EventManager : Event: ======'csi_shots_unlit_complete'====== Args={}
2025-11-10 17:04:09,550 : INFO : EventManager : Event: ======'player_csi_lanes_csi_lanes_timer_tick'====== Args={'value': 0, 'prev_value': 0, 'change': 0, 'player_num': 1}
2025-11-10 17:04:09,550 : INFO : Timer.csi_lanes_timer : Starting Timer.
2025-11-10 17:04:09,550 : INFO : EventManager : Event: ======'timer_csi_lanes_timer_started'====== Args={'ticks': 0, 'ticks_remaining': 1}
2025-11-10 17:04:09,550 : INFO : EventManager : Event: ======'timer_csi_lanes_timer_tick'====== Args={'ticks': 0, 'ticks_remaining': 1}
2025-11-10 17:04:09,550 : INFO : EventManager : Event: ======'player_csi_lanes_csi_right_orbit_timer_tick'====== Args={'value': 0, 'prev_value': 0, 'change': 0, 'player_num': 1}
2025-11-10 17:04:09,551 : INFO : EventManager : Event: ======'mode_csi_lanes_starting'====== Args={'priority': 0}
2025-11-10 17:04:09,552 : INFO : EventManager : Event: ======'mode_skull_will_start'====== Args={'priority': 0}
2025-11-10 17:04:09,552 : INFO : EventManager : Event: ======'player_skull_pause_timer_tick'====== Args={'value': 0, 'prev_value': 0, 'change': 0, 'player_num': 1}
2025-11-10 17:04:09,552 : INFO : Timer.pause_timer : Starting Timer.
2025-11-10 17:04:09,553 : INFO : EventManager : Event: ======'timer_pause_timer_started'====== Args={'ticks': 0, 'ticks_remaining': 1}
2025-11-10 17:04:09,553 : INFO : EventManager : Event: ======'timer_pause_timer_tick'====== Args={'ticks': 0, 'ticks_remaining': 1}
2025-11-10 17:04:09,553 : INFO : EventManager : Event: ======'mode_skull_starting'====== Args={'priority': 0}
2025-11-10 17:04:09,553 : INFO : Mode.bumpers : Started. Priority: 200
2025-11-10 17:04:09,553 : INFO : EventManager : Event: ======'modes_active_modes_changed'====== Args={}
2025-11-10 17:04:09,553 : INFO : EventManager : Event: ======'mode_bumpers_started'====== Args={'priority': 0}
2025-11-10 17:04:09,554 : INFO : EventManager : Event: ======'balls_in_play'====== Args={'balls': 1}
2025-11-10 17:04:09,554 : INFO : EventManager : Event: ======'ball_started'====== Args={'player': 1, 'ball': 1, 'balls_remaining': 2, 'is_extra_ball': False}
2025-11-10 17:04:09,554 : INFO : EventManager : Event: ======'logicblock_csi_lanes_then_scoop_updated'====== Args={'value': 0, 'enabled': True}
2025-11-10 17:04:09,554 : INFO : EventManager : Event: ======'logicblock_csi_lanes_then_scoop_then_right_orbit_updated'====== Args={'value': 0, 'enabled': True}
2025-11-10 17:04:09,555 : INFO : EventManager : Event: ======'logicblock_csi_lanes_then_scoop_updated'====== Args={'value': 0, 'enabled': True}
2025-11-10 17:04:09,555 : INFO : EventManager : Event: ======'logicblock_csi_lanes_then_scoop_then_right_orbit_updated'====== Args={'value': 0, 'enabled': True}
2025-11-10 17:04:09,555 : INFO : Mode.csi_lanes : Started. Priority: 200
2025-11-10 17:04:09,555 : INFO : EventManager : Event: ======'modes_active_modes_changed'====== Args={}
2025-11-10 17:04:09,555 : INFO : EventManager : Event: ======'mode_csi_lanes_started'====== Args={'priority': 0}
2025-11-10 17:04:09,555 : INFO : EventManager : Event: ======'player_multiplier'====== Args={'value': 1, 'prev_value': 0, 'change': 1, 'player_num': 1, 'source': 'csi_lanes'}
2025-11-10 17:04:09,556 : INFO : EventManager : Event: ======'logicblock_seq_lock1_updated'====== Args={'value': 0, 'enabled': True}
2025-11-10 17:04:09,556 : INFO : EventManager : Event: ======'logicblock_seq_lock2_updated'====== Args={'value': 0, 'enabled': True}
2025-11-10 17:04:09,556 : INFO : EventManager : Event: ======'logicblock_seq_ready_for_MB_updated'====== Args={'value': 0, 'enabled': True}
2025-11-10 17:04:09,556 : INFO : EventManager : Event: ======'logicblock_seq_lock1_updated'====== Args={'value': 0, 'enabled': True}
2025-11-10 17:04:09,556 : INFO : EventManager : Event: ======'logicblock_seq_lock2_updated'====== Args={'value': 0, 'enabled': True}
2025-11-10 17:04:09,556 : INFO : EventManager : Event: ======'logicblock_seq_ready_for_MB_updated'====== Args={'value': 0, 'enabled': True}
2025-11-10 17:04:09,556 : INFO : Mode.skull : Started. Priority: 200
2025-11-10 17:04:09,556 : INFO : EventManager : Event: ======'modes_active_modes_changed'====== Args={}
2025-11-10 17:04:09,556 : INFO : EventManager : Event: ======'mode_skull_started'====== Args={'priority': 0}
2025-11-10 17:04:09,556 : INFO : EventManager : Event: ======'single_player_ball_started'====== Args={}
2025-11-10 17:04:09,557 : INFO : EventManager : Event: ======'ball_start_target'====== Args={'target': 'playfield'}
2025-11-10 17:04:09,557 : INFO : ball_device.bd_trough : Setting up player-controlled eject. Balls: 1, Target: <playfield.playfield>, player_controlled_eject_event: None
2025-11-10 17:04:09,557 : INFO : ball_device.bd_trough : Adding 1 ball(s) to the eject_queue with target <playfield.playfield>.
2025-11-10 17:04:09,557 : INFO : EventManager : Event: ======'balldevice_balls_available'====== Args={}
2025-11-10 17:04:09,557 : INFO : ball_device.bd_trough : State: waiting_for_target_ready
2025-11-10 17:04:09,557 : INFO : EventManager : Event: ======'balldevice_bd_trough_ball_eject_attempt'====== Args={'balls': 1, 'target': <ball_device.bd_plunger>, 'source': <ball_device.bd_trough>, 'mechanical_eject': False, 'num_attempts': 0}
2025-11-10 17:04:09,558 : INFO : ball_device.bd_plunger : State: waiting_for_ball
2025-11-10 17:04:09,558 : INFO : ball_device.bd_trough : State: ejecting
2025-11-10 17:04:09,558 : INFO : ball_device.bd_trough : Ejecting ball to <ball_device.bd_plunger>
2025-11-10 17:04:09,558 : INFO : EventManager : Event: ======'balldevice_bd_trough_ejecting_ball'====== Args={'balls': 1, 'target': <ball_device.bd_plunger>, 'source': <ball_device.bd_trough>, 'mechanical_eject': False, 'num_attempts': 0}
2025-11-10 17:04:09,558 : INFO : ball_device.bd_trough : Wait for ball to leave device
2025-11-10 17:04:09,558 : INFO : coil.c_trough_eject : Pulsing Driver for 20ms (1.0 pulse_power)
2025-11-10 17:04:09,558 : INFO : SwitchController : <<<<<<< 's_trough1' inactive >>>>>>>
2025-11-10 17:04:09,559 : INFO : ball_device.bd_trough : State: ball_left
2025-11-10 17:04:09,559 : INFO : ball_device.bd_trough : Ball left
2025-11-10 17:04:09,559 : INFO : ball_device.bd_trough : Wait for confirm with timeout 3.0
2025-11-10 17:04:09,660 : INFO : SwitchController : <<<<<<< 's_plunger_lane' active >>>>>>>
2025-11-10 17:04:09,660 : INFO : EventManager : Event: ======'machine_var_audits_switches_s_plunger_lane'====== Args={'value': 874, 'prev_value': 873, 'change': 1}
2025-11-10 17:04:09,706 : INFO : EventManager : Event: ======'slide_base_slide_created'====== Args={'_from_bcp': True}
2025-11-10 17:04:09,706 : INFO : EventManager : Event: ======'slide_attract_inactive'====== Args={'is_removing': True, '_from_bcp': True}
2025-11-10 17:04:09,706 : INFO : EventManager : Event: ======'slide_base_slide_active'====== Args={'original_context': 'base', 'original_calling_context': 'mode_base_started', 'priority': 100.0, 'queue': '<QueuedEvent>', 'player': 1.0, 'ball': 1.0, 'balls_remaining': 2.0, 'is_extra_ball': False, 'cmd': 'slides_play', '_from_bcp': True}
2025-11-10 17:04:09,707 : INFO : EventManager : Event: ======'slide_attract_removed'====== Args={'_from_bcp': True}
2025-11-10 17:04:10,048 : INFO : EventManager : Event: ======'player_bumpers_bumper_timer_tick'====== Args={'value': 1, 'prev_value': 0, 'change': 1, 'player_num': 1}
2025-11-10 17:04:10,050 : INFO : Timer.bumper_timer : Timer Complete
2025-11-10 17:04:10,050 : INFO : Timer.bumper_timer : Stopping Timer
2025-11-10 17:04:10,052 : INFO : EventManager : Event: ======'timer_bumper_timer_stopped'====== Args={'ticks': 1, 'ticks_remaining': 1}
2025-11-10 17:04:10,053 : INFO : EventManager : Event: ======'timer_bumper_timer_complete'====== Args={'ticks': 1, 'ticks_remaining': 1}
2025-11-10 17:04:10,161 : INFO : ball_device.bd_plunger : Received ball from <ball_device.bd_trough>
2025-11-10 17:04:10,161 : INFO : EventManager : Event: ======'balldevice_bd_plunger_ball_enter'====== Args={'new_balls': 1, 'unclaimed_balls': 0, 'new_available_balls': 0, 'device': <ball_device.bd_plunger>}
2025-11-10 17:04:10,161 : INFO : EventManager : Event: ======'balldevice_bd_plunger_ball_entered'====== Args={'new_balls': 0, 'device': <ball_device.bd_plunger>}
2025-11-10 17:04:10,162 : INFO : EventManager : Event: ======'balldevice_bd_plunger_ball_count_changed'====== Args={'balls': 1}
2025-11-10 17:04:10,162 : INFO : ball_device.bd_trough : Got eject confirm
2025-11-10 17:04:10,162 : INFO : ball_device.bd_trough : Eject successful
2025-11-10 17:04:10,162 : INFO : EventManager : Event: ======'balldevice_bd_trough_ball_eject_success'====== Args={'balls': 1, 'target': <ball_device.bd_plunger>}
2025-11-10 17:04:10,162 : INFO : EventManager : Event: ======'balldevice_bd_trough_ball_count_changed'====== Args={'balls': 3}
2025-11-10 17:04:10,163 : INFO : ball_device.bd_trough : State: idle
2025-11-10 17:04:10,163 : INFO : ball_device.bd_plunger : State: waiting_for_target_ready
2025-11-10 17:04:10,163 : INFO : EventManager : Event: ======'balldevice_bd_plunger_ball_eject_attempt'====== Args={'balls': 1, 'target': <playfield.playfield>, 'source': <ball_device.bd_plunger>, 'mechanical_eject': False, 'num_attempts': 0}
2025-11-10 17:04:10,163 : INFO : ball_device.bd_plunger : State: ejecting
2025-11-10 17:04:10,163 : INFO : ball_device.bd_plunger : Ejecting ball to <playfield.playfield>
2025-11-10 17:04:10,163 : INFO : EventManager : Event: ======'balldevice_bd_plunger_ejecting_ball'====== Args={'balls': 1, 'target': <playfield.playfield>, 'source': <ball_device.bd_plunger>, 'mechanical_eject': False, 'num_attempts': 0}
2025-11-10 17:04:10,164 : INFO : ball_device.bd_plunger : Wait for ball to leave device
2025-11-10 17:04:10,164 : INFO : coil.c_plunger : Pulsing Driver for 20ms (1.0 pulse_power)
2025-11-10 17:04:10,164 : INFO : SwitchController : <<<<<<< 's_plunger_lane' inactive >>>>>>>
2025-11-10 17:04:10,165 : INFO : ball_device.bd_plunger : State: ball_left
2025-11-10 17:04:10,165 : INFO : ball_device.bd_plunger : Ball left
2025-11-10 17:04:10,165 : INFO : ball_device.bd_plunger : Wait for confirm with timeout 3.0
2025-11-10 17:04:10,243 : INFO : EventManager : Event: ======'player_base_player_added_timer_tick'====== Args={'value': 1, 'prev_value': 0, 'change': 1, 'player_num': 1}
2025-11-10 17:04:10,243 : INFO : Timer.player_added_timer : Timer Complete
2025-11-10 17:04:10,243 : INFO : Timer.player_added_timer : Stopping Timer
2025-11-10 17:04:10,243 : INFO : EventManager : Event: ======'timer_player_added_timer_stopped'====== Args={'ticks': 1, 'ticks_remaining': 1}
2025-11-10 17:04:10,243 : INFO : EventManager : Event: ======'timer_player_added_timer_complete'====== Args={'ticks': 1, 'ticks_remaining': 1}
2025-11-10 17:04:10,250 : INFO : EventManager : Event: ======'player_csi_lanes_csi_lanes_timer_tick'====== Args={'value': 1, 'prev_value': 0, 'change': 1, 'player_num': 1}
2025-11-10 17:04:10,250 : INFO : Timer.csi_lanes_timer : Timer Complete
2025-11-10 17:04:10,250 : INFO : Timer.csi_lanes_timer : Stopping Timer
2025-11-10 17:04:10,251 : INFO : EventManager : Event: ======'timer_csi_lanes_timer_stopped'====== Args={'ticks': 1, 'ticks_remaining': 1}
2025-11-10 17:04:10,251 : INFO : EventManager : Event: ======'timer_csi_lanes_timer_complete'====== Args={'ticks': 1, 'ticks_remaining': 1}
2025-11-10 17:04:13,166 : INFO : ball_device.bd_plunger : State: failed_confirm
2025-11-10 17:04:13,166 : INFO : ball_device.bd_plunger : Got timeout (3.0s) before confirm from <playfield.playfield>
2025-11-10 17:04:13,268 : INFO : ball_device.bd_plunger : Confirming eject because target is playfield and ball did not return.
2025-11-10 17:04:13,268 : INFO : ball_device.bd_plunger : Eject successful
2025-11-10 17:04:13,268 : INFO : EventManager : Event: ======'balldevice_bd_plunger_ball_eject_success'====== Args={'balls': 1, 'target': <playfield.playfield>}
2025-11-10 17:04:13,269 : INFO : EventManager : Event: ======'balldevice_playfield_ball_enter'====== Args={'new_balls': 1, 'unclaimed_balls': 1, 'device': <playfield.playfield>}
2025-11-10 17:04:13,269 : INFO : EventManager : Event: ======'playfield_ball_count_change'====== Args={'balls': 1, 'change': 1}
2025-11-10 17:04:13,270 : INFO : EventManager : Event: ======'balldevice_bd_plunger_ball_count_changed'====== Args={'balls': 0}
2025-11-10 17:04:13,270 : INFO : ball_device.bd_plunger : State: idle
2025-11-10 17:04:13,922 : INFO : SwitchController : <<<<<<< 's_ramp' active >>>>>>>
2025-11-10 17:04:13,922 : INFO : EventManager : Event: ======'s_ramp_active'====== Args={}
2025-11-10 17:04:13,923 : INFO : EventManager : Event: ======'machine_var_audits_switches_s_ramp'====== Args={'value': 640, 'prev_value': 639, 'change': 1}
2025-11-10 17:04:13,923 : INFO : EventManager : Event: ======'player_skull_ramp_nb'====== Args={'value': 1, 'prev_value': 0, 'change': 1, 'player_num': 1, 'source': 'skull'}
2025-11-10 17:04:14,053 : INFO : SwitchController : <<<<<<< 's_ramp' inactive >>>>>>>
2025-11-10 17:04:14,138 : INFO : SwitchController : <<<<<<< 's_ramp' active >>>>>>>
2025-11-10 17:04:14,138 : INFO : EventManager : Event: ======'s_ramp_active'====== Args={}
2025-11-10 17:04:14,139 : INFO : EventManager : Event: ======'machine_var_audits_switches_s_ramp'====== Args={'value': 641, 'prev_value': 640, 'change': 1}
2025-11-10 17:04:14,139 : INFO : EventManager : Event: ======'player_skull_ramp_nb'====== Args={'value': 2, 'prev_value': 1, 'change': 1, 'player_num': 1, 'source': 'skull'}
2025-11-10 17:04:14,237 : INFO : SwitchController : <<<<<<< 's_ramp' inactive >>>>>>>
2025-11-10 17:04:14,305 : INFO : SwitchController : <<<<<<< 's_ramp' active >>>>>>>
2025-11-10 17:04:14,305 : INFO : EventManager : Event: ======'s_ramp_active'====== Args={}
2025-11-10 17:04:14,305 : INFO : EventManager : Event: ======'machine_var_audits_switches_s_ramp'====== Args={'value': 642, 'prev_value': 641, 'change': 1}
2025-11-10 17:04:14,306 : INFO : EventManager : Event: ======'player_skull_ramp_nb'====== Args={'value': 3, 'prev_value': 2, 'change': 1, 'player_num': 1, 'source': 'skull'}
2025-11-10 17:04:14,505 : INFO : SwitchController : <<<<<<< 's_ramp' inactive >>>>>>>
2025-11-10 17:04:14,555 : INFO : SwitchController : <<<<<<< 's_ramp' active >>>>>>>
2025-11-10 17:04:14,555 : INFO : EventManager : Event: ======'s_ramp_active'====== Args={}
2025-11-10 17:04:14,556 : INFO : EventManager : Event: ======'machine_var_audits_switches_s_ramp'====== Args={'value': 643, 'prev_value': 642, 'change': 1}
2025-11-10 17:04:14,556 : INFO : EventManager : Event: ======'player_skull_ramp_nb'====== Args={'value': 4, 'prev_value': 3, 'change': 1, 'player_num': 1, 'source': 'skull'}
2025-11-10 17:04:14,622 : INFO : SwitchController : <<<<<<< 's_ramp' inactive >>>>>>>
2025-11-10 17:04:14,688 : INFO : SwitchController : <<<<<<< 's_ramp' active >>>>>>>
2025-11-10 17:04:14,688 : INFO : EventManager : Event: ======'s_ramp_active'====== Args={}
2025-11-10 17:04:14,688 : INFO : EventManager : Event: ======'machine_var_audits_switches_s_ramp'====== Args={'value': 644, 'prev_value': 643, 'change': 1}
2025-11-10 17:04:14,689 : INFO : EventManager : Event: ======'player_skull_ramp_nb'====== Args={'value': 5, 'prev_value': 4, 'change': 1, 'player_num': 1, 'source': 'skull'}
2025-11-10 17:04:14,770 : INFO : SwitchController : <<<<<<< 's_ramp' inactive >>>>>>>
2025-11-10 17:04:14,839 : INFO : SwitchController : <<<<<<< 's_ramp' active >>>>>>>
2025-11-10 17:04:14,839 : INFO : EventManager : Event: ======'s_ramp_active'====== Args={}
2025-11-10 17:04:14,839 : INFO : EventManager : Event: ======'machine_var_audits_switches_s_ramp'====== Args={'value': 645, 'prev_value': 644, 'change': 1}
2025-11-10 17:04:14,840 : INFO : EventManager : Event: ======'player_skull_ramp_nb'====== Args={'value': 6, 'prev_value': 5, 'change': 1, 'player_num': 1, 'source': 'skull'}
2025-11-10 17:04:14,895 : INFO : SwitchController : <<<<<<< 's_ramp' inactive >>>>>>>
2025-11-10 17:04:14,921 : INFO : SwitchController : <<<<<<< 's_ramp' active >>>>>>>
2025-11-10 17:04:14,921 : INFO : EventManager : Event: ======'s_ramp_active'====== Args={}
2025-11-10 17:04:14,921 : INFO : EventManager : Event: ======'machine_var_audits_switches_s_ramp'====== Args={'value': 646, 'prev_value': 645, 'change': 1}
2025-11-10 17:04:14,921 : INFO : EventManager : Event: ======'player_skull_ramp_nb'====== Args={'value': 7, 'prev_value': 6, 'change': 1, 'player_num': 1, 'source': 'skull'}
2025-11-10 17:04:14,986 : INFO : SwitchController : <<<<<<< 's_ramp' inactive >>>>>>>
2025-11-10 17:04:15,054 : INFO : SwitchController : <<<<<<< 's_ramp' active >>>>>>>
2025-11-10 17:04:15,054 : INFO : EventManager : Event: ======'s_ramp_active'====== Args={}
2025-11-10 17:04:15,054 : INFO : EventManager : Event: ======'machine_var_audits_switches_s_ramp'====== Args={'value': 647, 'prev_value': 646, 'change': 1}
2025-11-10 17:04:15,055 : INFO : EventManager : Event: ======'player_skull_ramp_nb'====== Args={'value': 8, 'prev_value': 7, 'change': 1, 'player_num': 1, 'source': 'skull'}
2025-11-10 17:04:15,121 : INFO : SwitchController : <<<<<<< 's_ramp' inactive >>>>>>>
2025-11-10 17:04:15,188 : INFO : SwitchController : <<<<<<< 's_ramp' active >>>>>>>
2025-11-10 17:04:15,188 : INFO : EventManager : Event: ======'s_ramp_active'====== Args={}
2025-11-10 17:04:15,189 : INFO : EventManager : Event: ======'machine_var_audits_switches_s_ramp'====== Args={'value': 648, 'prev_value': 647, 'change': 1}
2025-11-10 17:04:15,189 : INFO : EventManager : Event: ======'player_skull_ramp_nb'====== Args={'value': 9, 'prev_value': 8, 'change': 1, 'player_num': 1, 'source': 'skull'}
2025-11-10 17:04:15,256 : INFO : SwitchController : <<<<<<< 's_ramp' inactive >>>>>>>
2025-11-10 17:04:15,939 : INFO : SwitchController : <<<<<<< 's_ramp' active >>>>>>>
2025-11-10 17:04:15,939 : INFO : EventManager : Event: ======'s_ramp_active'====== Args={}
2025-11-10 17:04:15,940 : INFO : EventManager : Event: ======'machine_var_audits_switches_s_ramp'====== Args={'value': 649, 'prev_value': 648, 'change': 1}
2025-11-10 17:04:15,940 : INFO : EventManager : Event: ======'player_skull_ramp_nb'====== Args={'value': 10, 'prev_value': 9, 'change': 1, 'player_num': 1, 'source': 'skull'}
2025-11-10 17:04:15,941 : INFO : EventManager : Event: ======'logicblock_seq_lock1_updated'====== Args={'value': 1, 'enabled': True}
2025-11-10 17:04:15,941 : INFO : EventManager : Event: ======'logicblock_seq_lock1_hit'====== Args={'step': 1}
2025-11-10 17:04:16,088 : INFO : SwitchController : <<<<<<< 's_ramp' inactive >>>>>>>
2025-11-10 17:04:16,788 : INFO : SwitchController : <<<<<<< 's_ramp' active >>>>>>>
2025-11-10 17:04:16,788 : INFO : EventManager : Event: ======'s_ramp_active'====== Args={}
2025-11-10 17:04:16,789 : INFO : EventManager : Event: ======'machine_var_audits_switches_s_ramp'====== Args={'value': 650, 'prev_value': 649, 'change': 1}
2025-11-10 17:04:16,790 : INFO : EventManager : Event: ======'player_skull_ramp_nb'====== Args={'value': 11, 'prev_value': 10, 'change': 1, 'player_num': 1, 'source': 'skull'}
2025-11-10 17:04:16,922 : INFO : SwitchController : <<<<<<< 's_ramp' inactive >>>>>>>
2025-11-10 17:04:18,456 : INFO : SwitchController : <<<<<<< 's_skull_lock1' active >>>>>>>
2025-11-10 17:04:18,456 : INFO : EventManager : Event: ======'s_skull_lock1_active'====== Args={}
2025-11-10 17:04:18,457 : INFO : EventManager : Event: ======'machine_var_audits_switches_s_skull_lock1'====== Args={'value': 40, 'prev_value': 39, 'change': 1}
2025-11-10 17:04:18,458 : INFO : EventManager : Event: ======'logicblock_seq_lock1_updated'====== Args={'value': 2, 'enabled': True}
2025-11-10 17:04:18,463 : INFO : EventManager : Event: ======'logicblock_seq_lock1_hit'====== Args={'step': 2}
2025-11-10 17:04:18,464 : INFO : EventManager : Event: ======'seq_lock1_done'====== Args={}
2025-11-10 17:04:18,465 : INFO : EventManager : Event: ======'logicblock_seq_lock1_updated'====== Args={'value': 0, 'enabled': True}
2025-11-10 17:04:18,465 : INFO : EventManager : Event: ======'logicblock_seq_lock2_updated'====== Args={'value': 1, 'enabled': True}
2025-11-10 17:04:18,466 : INFO : EventManager : Event: ======'logicblock_seq_lock2_hit'====== Args={'step': 1}
2025-11-10 17:04:18,620 : INFO : SwitchController : <<<<<<< 's_skull_lock1' inactive >>>>>>>
2025-11-10 17:04:19,373 : INFO : SwitchController : <<<<<<< 's_skull_lock2' active >>>>>>>
2025-11-10 17:04:19,373 : INFO : EventManager : Event: ======'s_skull_lock2_active'====== Args={}
2025-11-10 17:04:19,373 : INFO : EventManager : Event: ======'machine_var_audits_switches_s_skull_lock2'====== Args={'value': 43, 'prev_value': 42, 'change': 1}
2025-11-10 17:04:19,374 : INFO : EventManager : Event: ======'logicblock_seq_lock2_updated'====== Args={'value': 2, 'enabled': True}
2025-11-10 17:04:19,374 : INFO : EventManager : Event: ======'logicblock_seq_lock2_hit'====== Args={'step': 2}
2025-11-10 17:04:19,374 : INFO : EventManager : Event: ======'seq_lock2_done'====== Args={}
2025-11-10 17:04:19,375 : INFO : EventManager : Event: ======'logicblock_seq_lock2_updated'====== Args={'value': 0, 'enabled': True}
2025-11-10 17:04:19,375 : INFO : EventManager : Event: ======'timer_pause_timer_tick'====== Args={'ticks': 0, 'ticks_remaining': 1}
2025-11-10 17:04:19,375 : INFO : EventManager : Event: ======'logicblock_seq_ready_for_MB_updated'====== Args={'value': 1, 'enabled': True}
2025-11-10 17:04:19,375 : INFO : EventManager : Event: ======'logicblock_seq_ready_for_MB_hit'====== Args={'step': 1}
2025-11-10 17:04:19,553 : INFO : SwitchController : <<<<<<< 's_skull_lock2' inactive >>>>>>>
2025-11-10 17:04:21,252 : INFO : SwitchController : <<<<<<< 's_right_flipper' active >>>>>>>
2025-11-10 17:04:21,252 : INFO : EventManager : Event: ======'s_right_flipper_active'====== Args={}
2025-11-10 17:04:21,253 : INFO : EventManager : Event: ======'machine_var_audits_switches_s_right_flipper'====== Args={'value': 708, 'prev_value': 707, 'change': 1}
2025-11-10 17:04:21,254 : INFO : SwitchController : <<<<<<< 's_left_flipper' active >>>>>>>
2025-11-10 17:04:21,254 : INFO : EventManager : Event: ======'s_left_flipper_active'====== Args={}
2025-11-10 17:04:21,261 : INFO : EventManager : Event: ======'flipper_cancel'====== Args={'triggering_group': 1, 'triggering_switch': 's_left_flipper'}
2025-11-10 17:04:21,264 : INFO : EventManager : Event: ======'machine_var_audits_switches_s_left_flipper'====== Args={'value': 430, 'prev_value': 429, 'change': 1}
2025-11-10 17:04:21,332 : INFO : SwitchController : <<<<<<< 's_right_flipper' inactive >>>>>>>
2025-11-10 17:04:21,333 : INFO : EventManager : Event: ======'both_flippers_one'====== Args={'triggering_group': 2, 'triggering_switch': 's_right_flipper'}
2025-11-10 17:04:21,333 : INFO : EventManager : Event: ======'player_skull_pause_timer_tick'====== Args={'value': 10, 'prev_value': 0, 'change': 10, 'player_num': 1}
2025-11-10 17:04:21,333 : INFO : EventManager : Event: ======'timer_pause_timer_time_added'====== Args={'ticks': 10, 'ticks_added': 0, 'ticks_remaining': 1}
2025-11-10 17:04:21,333 : INFO : Timer.pause_timer : Timer Complete
2025-11-10 17:04:21,333 : INFO : Timer.pause_timer : Stopping Timer
2025-11-10 17:04:21,333 : INFO : EventManager : Event: ======'timer_pause_timer_stopped'====== Args={'ticks': 10, 'ticks_remaining': 1}
2025-11-10 17:04:21,333 : INFO : EventManager : Event: ======'timer_pause_timer_complete'====== Args={'ticks': 10, 'ticks_remaining': 1}
2025-11-10 17:04:21,333 : INFO : EventManager : Event: ======'logicblock_seq_ready_for_MB_updated'====== Args={'value': 2, 'enabled': True}
2025-11-10 17:04:21,333 : INFO : EventManager : Event: ======'logicblock_seq_ready_for_MB_hit'====== Args={'step': 2}
2025-11-10 17:04:21,333 : INFO : EventManager : Event: ======'seq_ready_for_multiball_done'====== Args={}
2025-11-10 17:04:21,334 : INFO : EventManager : Event: ======'logicblock_seq_ready_for_MB_updated'====== Args={'value': 0, 'enabled': True}
2025-11-10 17:04:21,334 : INFO : EventManager : Event: ======'player_skull_ramp_nb'====== Args={'value': 0, 'prev_value': 11, 'change': -11, 'player_num': 1, 'source': 'skull'}
2025-11-10 17:04:21,349 : INFO : SwitchController : <<<<<<< 's_left_flipper' inactive >>>>>>>
2025-11-10 17:04:21,349 : INFO : EventManager : Event: ======'both_flippers_inactive'====== Args={'triggering_group': 1, 'triggering_switch': 's_left_flipper'}
2025-11-10 17:04:21,375 : INFO : EventManager : Event: ======'widget_skull_start_multiball_widget_active'====== Args={'original_context': 'skull', 'original_calling_context': 'seq_ready_for_multiball_done', 'priority': 200.0, 'cmd': 'widgets_play', '_from_bcp': True}
2025-11-10 17:05:14,020 : INFO : Machine : Shutting down...
2025-11-10 17:05:14,020 : INFO : EventManager : Event: ======'shutdown'====== Args={}
2025-11-10 17:05:14,022 : INFO : EventManager : Event: ======'mode_game_will_stop'====== Args={}
2025-11-10 17:05:14,022 : INFO : EventManager : Event: ======'mode_game_stopping'====== Args={}
2025-11-10 17:05:14,023 : INFO : EventManager : Event: ======'mode_csi_lanes_will_stop'====== Args={}
2025-11-10 17:05:14,023 : INFO : EventManager : Event: ======'mode_csi_lanes_stopping'====== Args={}
2025-11-10 17:05:14,023 : INFO : EventManager : Event: ======'mode_skull_will_stop'====== Args={}
2025-11-10 17:05:14,023 : INFO : EventManager : Event: ======'mode_skull_stopping'====== Args={}
2025-11-10 17:05:14,023 : INFO : EventManager : Event: ======'mode_base_will_stop'====== Args={}
2025-11-10 17:05:14,023 : INFO : EventManager : Event: ======'mode_base_stopping'====== Args={}
2025-11-10 17:05:14,023 : INFO : EventManager : Event: ======'mode_bumpers_will_stop'====== Args={}
2025-11-10 17:05:14,023 : INFO : EventManager : Event: ======'mode_bumpers_stopping'====== Args={}
2025-11-10 17:05:14,024 : INFO : EventManager : Event: ======'stop_mode_bumpers'====== Args={'priority': 0}
2025-11-10 17:05:14,024 : INFO : EventManager : Event: ======'stop_mode_csi_lanes'====== Args={'priority': 0}
2025-11-10 17:05:14,024 : INFO : EventManager : Event: ======'stop_mode_skull'====== Args={'priority': 0}
2025-11-10 17:05:14,024 : INFO : Mode.bumpers : Stopped.
2025-11-10 17:05:14,024 : INFO : EventManager : Event: ======'modes_active_modes_changed'====== Args={}
2025-11-10 17:05:14,024 : INFO : EventManager : Event: ======'mode_bumpers_stopped'====== Args={}
2025-11-10 17:05:14,024 : INFO : EventManager : Event: ======'clear'====== Args={'key': 'bumpers'}
2025-11-10 17:05:14,024 : INFO : Timer.bumper_timer : Stopping Timer
2025-11-10 17:05:14,024 : INFO : EventManager : Event: ======'timer_bumper_timer_stopped'====== Args={'ticks': 1, 'ticks_remaining': 1}
2025-11-10 17:05:14,025 : INFO : Mode.base : Stopped.
2025-11-10 17:05:14,025 : INFO : EventManager : Event: ======'modes_active_modes_changed'====== Args={}
2025-11-10 17:05:14,025 : INFO : EventManager : Event: ======'mode_base_stopped'====== Args={}
2025-11-10 17:05:14,025 : INFO : EventManager : Event: ======'clear'====== Args={'key': 'base'}
2025-11-10 17:05:14,026 : INFO : Timer.player_added_timer : Stopping Timer
2025-11-10 17:05:14,026 : INFO : EventManager : Event: ======'timer_player_added_timer_stopped'====== Args={'ticks': 1, 'ticks_remaining': 1}
2025-11-10 17:05:14,026 : INFO : Mode.skull : Stopped.
2025-11-10 17:05:14,026 : INFO : EventManager : Event: ======'modes_active_modes_changed'====== Args={}
2025-11-10 17:05:14,026 : INFO : EventManager : Event: ======'mode_skull_stopped'====== Args={}
2025-11-10 17:05:14,026 : INFO : EventManager : Event: ======'clear'====== Args={'key': 'skull'}
2025-11-10 17:05:14,027 : INFO : Timer.pause_timer : Stopping Timer
2025-11-10 17:05:14,027 : INFO : EventManager : Event: ======'timer_pause_timer_stopped'====== Args={'ticks': 10, 'ticks_remaining': 1}
2025-11-10 17:05:14,027 : INFO : Mode.csi_lanes : Stopped.
2025-11-10 17:05:14,027 : INFO : EventManager : Event: ======'modes_active_modes_changed'====== Args={}
2025-11-10 17:05:14,027 : INFO : EventManager : Event: ======'mode_csi_lanes_stopped'====== Args={}
2025-11-10 17:05:14,027 : INFO : EventManager : Event: ======'clear'====== Args={'key': 'csi_lanes'}
2025-11-10 17:05:14,027 : INFO : Timer.csi_lanes_timer : Stopping Timer
2025-11-10 17:05:14,027 : INFO : EventManager : Event: ======'timer_csi_lanes_timer_stopped'====== Args={'ticks': 1, 'ticks_remaining': 1}
2025-11-10 17:05:14,028 : INFO : Timer.csi_right_orbit_timer : Stopping Timer
2025-11-10 17:05:14,028 : INFO : EventManager : Event: ======'timer_csi_right_orbit_timer_stopped'====== Args={'ticks': 0, 'ticks_remaining': 0}
2025-11-10 17:05:14,028 : INFO : Mode.game : Stopped.
2025-11-10 17:05:14,028 : INFO : EventManager : Event: ======'modes_active_modes_changed'====== Args={}
2025-11-10 17:05:14,028 : INFO : EventManager : Event: ======'mode_game_stopped'====== Args={}
2025-11-10 17:05:14,028 : INFO : EventManager : Event: ======'clear'====== Args={'key': 'game'}
2025-11-10 17:05:14,032 : INFO : root : MPF run loop ended.
