2025-11-13 23:32:33,205 : INFO : root : Loading config.
2025-11-13 23:32:33,206 : INFO : YamlMultifileConfigLoader : Machine config file #1: config.yaml
2025-11-13 23:32:33,206 : INFO : ConfigProcessor : Loading config from cache: /var/folders/m3/0d4y64_n3fn8tnkv3ydlhztw0000gn/T/5ca32a6c950d03116abbed96ca44d372.mpf_cache
2025-11-13 23:32:33,218 : INFO : ConfigProcessor : Loading config from cache: /var/folders/m3/0d4y64_n3fn8tnkv3ydlhztw0000gn/T/01c495fa7450a81b4be96cb699872531.mpf_cache
2025-11-13 23:32:33,218 : INFO : ConfigProcessor : Loading config from cache: /var/folders/m3/0d4y64_n3fn8tnkv3ydlhztw0000gn/T/bfde29b5bb803376b0637bb8f0da27a7.mpf_cache
2025-11-13 23:32:33,218 : INFO : ConfigProcessor : Loading config from cache: /var/folders/m3/0d4y64_n3fn8tnkv3ydlhztw0000gn/T/01c495fa7450a81b4be96cb699872531.mpf_cache
2025-11-13 23:32:33,218 : INFO : ConfigProcessor : Loading config from cache: /var/folders/m3/0d4y64_n3fn8tnkv3ydlhztw0000gn/T/3ae89e09515ff8d8b11d68f672b2cc51.mpf_cache
2025-11-13 23:32:33,218 : WARNING : ConfigProcessor : Config file in cache changed: /Users/didiergilbin/Desktop/Homebrew_CSI/modes/skillshot/config/skillshot.yaml
2025-11-13 23:32:33,218 : INFO : ConfigProcessor : Loading config from file /Users/didiergilbin/Desktop/Homebrew_CSI/modes/skillshot/config/skillshot.yaml.
2025-11-13 23:32:33,222 : INFO : ConfigProcessor : Loading config: /Users/didiergilbin/Desktop/Homebrew_CSI/modes/skillshot/config/skillshot.yaml
2025-11-13 23:32:33,222 : INFO : ConfigProcessor : Config file cache created: /var/folders/m3/0d4y64_n3fn8tnkv3ydlhztw0000gn/T/b96d5c0baa304abadecf96d33832535c.mpf_cache
2025-11-13 23:32:33,222 : INFO : ConfigProcessor : Loading config from cache: /var/folders/m3/0d4y64_n3fn8tnkv3ydlhztw0000gn/T/4c420229fa75118c2461cfc9ff5a44e2.mpf_cache
2025-11-13 23:32:33,222 : INFO : ConfigProcessor : Loading config from cache: /var/folders/m3/0d4y64_n3fn8tnkv3ydlhztw0000gn/T/f5ee6852f1764324c8553249cc53c871.mpf_cache
2025-11-13 23:32:33,222 : INFO : ConfigProcessor : Loading config from cache: /var/folders/m3/0d4y64_n3fn8tnkv3ydlhztw0000gn/T/73ac54cb7a83dfa5473900e439743a84.mpf_cache
2025-11-13 23:32:33,222 : INFO : ConfigProcessor : Loading config from cache: /var/folders/m3/0d4y64_n3fn8tnkv3ydlhztw0000gn/T/97c87487bc6ae826da86d36a6e042c78.mpf_cache
2025-11-13 23:32:33,222 : INFO : Machine : Mission Pinball Framework Core Engine v0.80.0.dev10
2025-11-13 23:32:33,222 : INFO : Machine : Command line arguments: {'no_load_cache': False, 'create_config_cache': True, 'bcp': True, 'configfile': ['config.yaml'], 'force_assets_load': False, 'platform_integration_test': False, 'jsonlogging': False, 'logfile': 'logs/2025-11-13-23-32-33-mpf-mac.home.log', 'pause': False, 'production': False, 'text_ui': False, 'loglevel': 15, 'consoleloglevel': 20, 'force_platform': 'smart_virtual', 'syslog_address': None, 'full_logfile_path': '/Users/didiergilbin/Desktop/Homebrew_CSI/logs/2025-11-13-23-32-33-mpf-mac.home.log'}
2025-11-13 23:32:33,222 : INFO : Machine : MPF path: /Users/didiergilbin/mpfenv/lib/python3.13/site-packages/mpf
2025-11-13 23:32:33,223 : INFO : Machine : Machine path: /Users/didiergilbin/Desktop/Homebrew_CSI
2025-11-13 23:32:33,223 : INFO : Machine : Platform: darwin
2025-11-13 23:32:33,223 : INFO : Machine : Python executable location: /Users/didiergilbin/mpfenv/bin/python3.13
2025-11-13 23:32:33,223 : INFO : Machine : Python version: 3.13.7 (64-bit)
2025-11-13 23:32:33,223 : INFO : Machine : Initializing MPF...
2025-11-13 23:32:33,235 : INFO : EventManager : Event: ======'machine_var_credits_string'====== Args={'value': 'FREE PLAY', 'prev_value': None, 'change': True}
2025-11-13 23:32:33,239 : INFO : EventManager : Event: ======'machine_var_master_volume'====== Args={'value': 0.5, 'prev_value': None, 'change': True}
2025-11-13 23:32:33,239 : INFO : EventManager : Event: ======'machine_var_player1_score'====== Args={'value': 368000, 'prev_value': None, 'change': True}
2025-11-13 23:32:33,239 : INFO : EventManager : Event: ======'machine_var_player2_score'====== Args={'value': 24000, 'prev_value': None, 'change': True}
2025-11-13 23:32:33,239 : INFO : EventManager : Event: ======'machine_var_player3_score'====== Args={'value': 21000, 'prev_value': None, 'change': True}
2025-11-13 23:32:33,239 : INFO : EventManager : Event: ======'machine_var_player4_score'====== Args={'value': 0, 'prev_value': None, 'change': True}
2025-11-13 23:32:33,239 : INFO : EventManager : Event: ======'machine_var_mpf_version'====== Args={'value': 'Mission Pinball Framework v0.80.0.dev10', 'prev_value': None, 'change': True}
2025-11-13 23:32:33,239 : INFO : EventManager : Event: ======'machine_var_mpf_extended_version'====== Args={'value': 'Mission Pinball Framework v0.80.0.dev10, Config version:6, Show version: 6, BCP version:1.1', 'prev_value': None, 'change': True}
2025-11-13 23:32:33,239 : INFO : EventManager : Event: ======'machine_var_python_version'====== Args={'value': '3.13.7', 'prev_value': None, 'change': True}
2025-11-13 23:32:33,245 : INFO : EventManager : Event: ======'machine_var_platform'====== Args={'value': 'macOS-15.6.1-arm64-arm-64bit-Mach-O', 'prev_value': None, 'change': True}
2025-11-13 23:32:33,245 : INFO : EventManager : Event: ======'machine_var_platform_system'====== Args={'value': 'Darwin', 'prev_value': None, 'change': True}
2025-11-13 23:32:33,245 : INFO : EventManager : Event: ======'machine_var_platform_release'====== Args={'value': '24.6.0', 'prev_value': None, 'change': True}
2025-11-13 23:32:33,245 : INFO : EventManager : Event: ======'machine_var_platform_version'====== Args={'value': 'Darwin Kernel Version 24.6.0: Mon Jul 14 11:30:40 PDT 2025; root:xnu-11417.140.69~1/RELEASE_ARM64_T8132', 'prev_value': None, 'change': True}
2025-11-13 23:32:33,245 : INFO : EventManager : Event: ======'machine_var_platform_machine'====== Args={'value': 'arm64', 'prev_value': None, 'change': True}
2025-11-13 23:32:33,245 : INFO : EventManager : Event: ======'machine_var_log_file_path'====== Args={'value': '/Users/didiergilbin/Desktop/Homebrew_CSI/logs/2025-11-13-23-32-33-mpf-mac.home.log', 'prev_value': None, 'change': True}
2025-11-13 23:32:33,245 : INFO : EventManager : Event: ======'init_phase_1'====== Args={}
2025-11-13 23:32:33,251 : INFO : EventManager : Event: ======'init_phase_2'====== Args={}
2025-11-13 23:32:33,252 : INFO : SwitchController : Found active switch: ('2', <Platform.SmartVirtual>) <switch.s_trough1>
2025-11-13 23:32:33,252 : INFO : SwitchController : Found active switch: ('3', <Platform.SmartVirtual>) <switch.s_trough2>
2025-11-13 23:32:33,252 : INFO : SwitchController : Found active switch: ('4', <Platform.SmartVirtual>) <switch.s_trough3>
2025-11-13 23:32:33,252 : INFO : SwitchController : Found active switch: ('5', <Platform.SmartVirtual>) <switch.s_trough4>
2025-11-13 23:32:33,253 : INFO : EventManager : Event: ======'bcp_connection_attempt'====== Args={'name': 'local_display', 'host': 'localhost', 'port': 5050}
2025-11-13 23:32:33,253 : INFO : BCPClientSocket : Connecting BCP to 'local_display' at localhost:5050...
2025-11-13 23:32:33,255 : INFO : BCPClientSocket : Connected BCP to 'local_display' localhost:5050
2025-11-13 23:32:33,255 : INFO : EventManager : Event: ======'bcp_clients_connected'====== Args={}
2025-11-13 23:32:33,256 : INFO : ball_device.bd_drain : BCH: Initial count: 0
2025-11-13 23:32:33,256 : INFO : ball_device.bd_drain : State: idle
2025-11-13 23:32:33,256 : INFO : ball_device.bd_trough : BCH: Initial count: 4
2025-11-13 23:32:33,256 : INFO : ball_device.bd_trough : State: idle
2025-11-13 23:32:33,256 : INFO : ball_device.bd_plunger : BCH: Initial count: 0
2025-11-13 23:32:33,256 : INFO : ball_device.bd_plunger : State: idle
2025-11-13 23:32:33,260 : INFO : EventManager : Event: ======'init_phase_3'====== Args={}
2025-11-13 23:32:33,260 : INFO : EventManager : Event: ======'init_phase_4'====== Args={}
2025-11-13 23:32:33,260 : INFO : BallController : Initial balls found: 4
2025-11-13 23:32:33,261 : INFO : EventManager : Event: ======'machine_var_audits_events_game_ended'====== Args={'value': 54, 'prev_value': None, 'change': True}
2025-11-13 23:32:33,261 : INFO : EventManager : Event: ======'machine_var_audits_events_game_started'====== Args={'value': 548, 'prev_value': None, 'change': True}
2025-11-13 23:32:33,261 : INFO : EventManager : Event: ======'machine_var_audits_missing_switches_s_launch_button'====== Args={'value': 195, 'prev_value': None, 'change': True}
2025-11-13 23:32:33,261 : INFO : EventManager : Event: ======'machine_var_audits_missing_switches_s_left_flipper'====== Args={'value': 14, 'prev_value': None, 'change': True}
2025-11-13 23:32:33,261 : INFO : EventManager : Event: ======'machine_var_audits_missing_switches_s_left_inlane1'====== Args={'value': 11, 'prev_value': None, 'change': True}
2025-11-13 23:32:33,261 : INFO : EventManager : Event: ======'machine_var_audits_missing_switches_s_left_inlane2'====== Args={'value': 23, 'prev_value': None, 'change': True}
2025-11-13 23:32:33,261 : INFO : EventManager : Event: ======'machine_var_audits_missing_switches_s_left_outlane'====== Args={'value': 163, 'prev_value': None, 'change': True}
2025-11-13 23:32:33,261 : INFO : EventManager : Event: ======'machine_var_audits_missing_switches_s_popbumper1'====== Args={'value': 3, 'prev_value': None, 'change': True}
2025-11-13 23:32:33,261 : INFO : EventManager : Event: ======'machine_var_audits_missing_switches_s_popbumper2'====== Args={'value': 2, 'prev_value': None, 'change': True}
2025-11-13 23:32:33,261 : INFO : EventManager : Event: ======'machine_var_audits_missing_switches_s_popbumper3'====== Args={'value': 5, 'prev_value': None, 'change': True}
2025-11-13 23:32:33,261 : INFO : EventManager : Event: ======'machine_var_audits_missing_switches_s_ramp'====== Args={'value': 23, 'prev_value': None, 'change': True}
2025-11-13 23:32:33,261 : INFO : EventManager : Event: ======'machine_var_audits_missing_switches_s_right_flipper'====== Args={'value': 12, 'prev_value': None, 'change': True}
2025-11-13 23:32:33,261 : INFO : EventManager : Event: ======'machine_var_audits_missing_switches_s_right_inlane'====== Args={'value': 12, 'prev_value': None, 'change': True}
2025-11-13 23:32:33,261 : INFO : EventManager : Event: ======'machine_var_audits_missing_switches_s_right_outlane'====== Args={'value': 163, 'prev_value': None, 'change': True}
2025-11-13 23:32:33,261 : INFO : EventManager : Event: ======'machine_var_audits_missing_switches_s_scoop'====== Args={'value': 4, 'prev_value': None, 'change': True}
2025-11-13 23:32:33,261 : INFO : EventManager : Event: ======'machine_var_audits_missing_switches_s_skull_lock1'====== Args={'value': 6, 'prev_value': None, 'change': True}
2025-11-13 23:32:33,261 : INFO : EventManager : Event: ======'machine_var_audits_missing_switches_s_skull_lock2'====== Args={'value': 6, 'prev_value': None, 'change': True}
2025-11-13 23:32:33,261 : INFO : EventManager : Event: ======'machine_var_audits_missing_switches_s_sling_left'====== Args={'value': 548, 'prev_value': None, 'change': True}
2025-11-13 23:32:33,261 : INFO : EventManager : Event: ======'machine_var_audits_missing_switches_s_sling_right'====== Args={'value': 548, 'prev_value': None, 'change': True}
2025-11-13 23:32:33,261 : INFO : EventManager : Event: ======'machine_var_audits_missing_switches_s_start'====== Args={'value': 6, 'prev_value': None, 'change': True}
2025-11-13 23:32:33,261 : INFO : EventManager : Event: ======'machine_var_audits_missing_switches_s_trough2'====== Args={'value': 109, 'prev_value': None, 'change': True}
2025-11-13 23:32:33,261 : INFO : EventManager : Event: ======'machine_var_audits_missing_switches_s_trough3'====== Args={'value': 326, 'prev_value': None, 'change': True}
2025-11-13 23:32:33,261 : INFO : EventManager : Event: ======'machine_var_audits_missing_switches_s_trough4'====== Args={'value': 326, 'prev_value': None, 'change': True}
2025-11-13 23:32:33,261 : INFO : EventManager : Event: ======'machine_var_audits_missing_switches_s_trough_jam'====== Args={'value': 262, 'prev_value': None, 'change': True}
2025-11-13 23:32:33,261 : INFO : EventManager : Event: ======'machine_var_audits_player_score'====== Args={'value': {'average': 215167, 'top': [10210000, 1550000, 1070000, 1070000, 810000, 710000, 640000, 570000, 530000, 480000], 'total': 118}, 'prev_value': None, 'change': True}
2025-11-13 23:32:33,261 : INFO : EventManager : Event: ======'machine_var_audits_shots_bumper1'====== Args={'value': 4520, 'prev_value': None, 'change': True}
2025-11-13 23:32:33,261 : INFO : EventManager : Event: ======'machine_var_audits_shots_bumper2'====== Args={'value': 4420, 'prev_value': None, 'change': True}
2025-11-13 23:32:33,261 : INFO : EventManager : Event: ======'machine_var_audits_shots_bumper3'====== Args={'value': 4261, 'prev_value': None, 'change': True}
2025-11-13 23:32:33,261 : INFO : EventManager : Event: ======'machine_var_audits_shots_c_shot'====== Args={'value': 176, 'prev_value': None, 'change': True}
2025-11-13 23:32:33,261 : INFO : EventManager : Event: ======'machine_var_audits_shots_csi_shot'====== Args={'value': 9, 'prev_value': None, 'change': True}
2025-11-13 23:32:33,261 : INFO : EventManager : Event: ======'machine_var_audits_shots_i_shot'====== Args={'value': 148, 'prev_value': None, 'change': True}
2025-11-13 23:32:33,261 : INFO : EventManager : Event: ======'machine_var_audits_shots_s10'====== Args={'value': 9, 'prev_value': None, 'change': True}
2025-11-13 23:32:33,261 : INFO : EventManager : Event: ======'machine_var_audits_shots_s11'====== Args={'value': 8, 'prev_value': None, 'change': True}
2025-11-13 23:32:33,261 : INFO : EventManager : Event: ======'machine_var_audits_shots_s13'====== Args={'value': 2, 'prev_value': None, 'change': True}
2025-11-13 23:32:33,261 : INFO : EventManager : Event: ======'machine_var_audits_shots_s2'====== Args={'value': 33, 'prev_value': None, 'change': True}
2025-11-13 23:32:33,261 : INFO : EventManager : Event: ======'machine_var_audits_shots_s5'====== Args={'value': 13, 'prev_value': None, 'change': True}
2025-11-13 23:32:33,261 : INFO : EventManager : Event: ======'machine_var_audits_shots_s6'====== Args={'value': 10, 'prev_value': None, 'change': True}
2025-11-13 23:32:33,261 : INFO : EventManager : Event: ======'machine_var_audits_shots_s7'====== Args={'value': 20, 'prev_value': None, 'change': True}
2025-11-13 23:32:33,261 : INFO : EventManager : Event: ======'machine_var_audits_shots_s8'====== Args={'value': 7, 'prev_value': None, 'change': True}
2025-11-13 23:32:33,261 : INFO : EventManager : Event: ======'machine_var_audits_shots_s_shot'====== Args={'value': 161, 'prev_value': None, 'change': True}
2025-11-13 23:32:33,261 : INFO : EventManager : Event: ======'machine_var_audits_shots_switch_shot'====== Args={'value': 245, 'prev_value': None, 'change': True}
2025-11-13 23:32:33,261 : INFO : EventManager : Event: ======'machine_var_audits_switches_s_drain'====== Args={'value': 555, 'prev_value': None, 'change': True}
2025-11-13 23:32:33,261 : INFO : EventManager : Event: ======'machine_var_audits_switches_s_launch_button'====== Args={'value': 1, 'prev_value': None, 'change': True}
2025-11-13 23:32:33,261 : INFO : EventManager : Event: ======'machine_var_audits_switches_s_left_flipper'====== Args={'value': 478, 'prev_value': None, 'change': True}
2025-11-13 23:32:33,261 : INFO : EventManager : Event: ======'machine_var_audits_switches_s_left_inlane1'====== Args={'value': 186, 'prev_value': None, 'change': True}
2025-11-13 23:32:33,261 : INFO : EventManager : Event: ======'machine_var_audits_switches_s_left_inlane2'====== Args={'value': 168, 'prev_value': None, 'change': True}
2025-11-13 23:32:33,261 : INFO : EventManager : Event: ======'machine_var_audits_switches_s_left_outlane'====== Args={'value': 1, 'prev_value': None, 'change': True}
2025-11-13 23:32:33,261 : INFO : EventManager : Event: ======'machine_var_audits_switches_s_morgue'====== Args={'value': 62, 'prev_value': None, 'change': True}
2025-11-13 23:32:33,261 : INFO : EventManager : Event: ======'machine_var_audits_switches_s_plunger_lane'====== Args={'value': 992, 'prev_value': None, 'change': True}
2025-11-13 23:32:33,261 : INFO : EventManager : Event: ======'machine_var_audits_switches_s_popbumper1'====== Args={'value': 4564, 'prev_value': None, 'change': True}
2025-11-13 23:32:33,261 : INFO : EventManager : Event: ======'machine_var_audits_switches_s_popbumper2'====== Args={'value': 4461, 'prev_value': None, 'change': True}
2025-11-13 23:32:33,261 : INFO : EventManager : Event: ======'machine_var_audits_switches_s_popbumper3'====== Args={'value': 4303, 'prev_value': None, 'change': True}
2025-11-13 23:32:33,261 : INFO : EventManager : Event: ======'machine_var_audits_switches_s_ramp'====== Args={'value': 1048, 'prev_value': None, 'change': True}
2025-11-13 23:32:33,261 : INFO : EventManager : Event: ======'machine_var_audits_switches_s_right_flipper'====== Args={'value': 787, 'prev_value': None, 'change': True}
2025-11-13 23:32:33,261 : INFO : EventManager : Event: ======'machine_var_audits_switches_s_right_inlane'====== Args={'value': 154, 'prev_value': None, 'change': True}
2025-11-13 23:32:33,261 : INFO : EventManager : Event: ======'machine_var_audits_switches_s_right_orbit'====== Args={'value': 111, 'prev_value': None, 'change': True}
2025-11-13 23:32:33,261 : INFO : EventManager : Event: ======'machine_var_audits_switches_s_right_outlane'====== Args={'value': 5, 'prev_value': None, 'change': True}
2025-11-13 23:32:33,261 : INFO : EventManager : Event: ======'machine_var_audits_switches_s_scoop'====== Args={'value': 447, 'prev_value': None, 'change': True}
2025-11-13 23:32:33,261 : INFO : EventManager : Event: ======'machine_var_audits_switches_s_skull_lock1'====== Args={'value': 75, 'prev_value': None, 'change': True}
2025-11-13 23:32:33,261 : INFO : EventManager : Event: ======'machine_var_audits_switches_s_skull_lock2'====== Args={'value': 82, 'prev_value': None, 'change': True}
2025-11-13 23:32:33,261 : INFO : EventManager : Event: ======'machine_var_audits_switches_s_sling_left'====== Args={'value': 0, 'prev_value': None, 'change': True}
2025-11-13 23:32:33,261 : INFO : EventManager : Event: ======'machine_var_audits_switches_s_sling_right'====== Args={'value': 0, 'prev_value': None, 'change': True}
2025-11-13 23:32:33,261 : INFO : EventManager : Event: ======'machine_var_audits_switches_s_start'====== Args={'value': 682, 'prev_value': None, 'change': True}
2025-11-13 23:32:33,261 : INFO : EventManager : Event: ======'machine_var_audits_switches_s_trough1'====== Args={'value': 390, 'prev_value': None, 'change': True}
2025-11-13 23:32:33,261 : INFO : EventManager : Event: ======'machine_var_audits_switches_s_trough2'====== Args={'value': 18, 'prev_value': None, 'change': True}
2025-11-13 23:32:33,261 : INFO : EventManager : Event: ======'machine_var_audits_switches_s_trough3'====== Args={'value': 1, 'prev_value': None, 'change': True}
2025-11-13 23:32:33,261 : INFO : EventManager : Event: ======'machine_var_audits_switches_s_trough4'====== Args={'value': 1, 'prev_value': None, 'change': True}
2025-11-13 23:32:33,261 : INFO : EventManager : Event: ======'machine_var_audits_switches_s_trough_jam'====== Args={'value': 8, 'prev_value': None, 'change': True}
2025-11-13 23:32:33,261 : INFO : EventManager : Event: ======'init_phase_5'====== Args={}
2025-11-13 23:32:33,262 : INFO : EventManager : Event: ======'init_done'====== Args={}
2025-11-13 23:32:33,262 : INFO : EventManager : Event: ======'machine_reset_phase_1'====== Args={}
2025-11-13 23:32:33,432 : INFO : BcpServer : New client connected.
2025-11-13 23:32:34,221 : INFO : EventManager : Event: ======'machine_reset_phase_2'====== Args={}
2025-11-13 23:32:34,222 : INFO : EventManager : Event: ======'machine_reset_phase_3'====== Args={}
2025-11-13 23:32:34,224 : INFO : EventManager : Event: ======'reset_complete'====== Args={}
2025-11-13 23:32:34,224 : INFO : EventManager : Event: ======'mode_attract_will_start'====== Args={}
2025-11-13 23:32:34,226 : INFO : Timer.attract_carousel_timer : Starting Timer.
2025-11-13 23:32:34,227 : INFO : EventManager : Event: ======'timer_attract_carousel_timer_started'====== Args={'ticks': 0, 'ticks_remaining': 1}
2025-11-13 23:32:34,228 : INFO : EventManager : Event: ======'timer_attract_carousel_timer_tick'====== Args={'ticks': 0, 'ticks_remaining': 1}
2025-11-13 23:32:34,229 : INFO : EventManager : Event: ======'mode_attract_starting'====== Args={}
2025-11-13 23:32:34,230 : INFO : Mode.attract : Started. Priority: 10
2025-11-13 23:32:34,230 : INFO : EventManager : Event: ======'modes_active_modes_changed'====== Args={}
2025-11-13 23:32:34,230 : INFO : EventManager : Event: ======'mode_attract_started'====== Args={}
2025-11-13 23:32:34,231 : INFO : EventManager : Event: ======'collecting_balls_complete'====== Args={}
2025-11-13 23:32:34,232 : INFO : EventManager : Event: ======'carousel_item_highlighted'====== Args={'carousel': 'attract', 'direction': None, 'item': 'title'}
2025-11-13 23:32:34,232 : INFO : Machine : Starting the main run loop with active modes: [<Mode.attract>]
2025-11-13 23:32:34,615 : INFO : EventManager : Event: ======'slide_attract_created'====== Args={'_from_bcp': True}
2025-11-13 23:32:34,615 : INFO : EventManager : Event: ======'slide__removed'====== Args={'_from_bcp': True}
2025-11-13 23:32:34,616 : INFO : EventManager : Event: ======'slide_attract_active'====== Args={'original_context': 'attract', 'original_calling_context': 'mode_attract_started', 'priority': 10.0, 'cmd': 'slides_play', '_from_bcp': True}
2025-11-13 23:32:39,229 : INFO : Timer.attract_carousel_timer : Timer Complete
2025-11-13 23:32:39,229 : INFO : Timer.attract_carousel_timer : Stopping Timer
2025-11-13 23:32:39,230 : INFO : EventManager : Event: ======'timer_attract_carousel_timer_stopped'====== Args={'ticks': 1, 'ticks_remaining': 1}
2025-11-13 23:32:39,230 : INFO : EventManager : Event: ======'timer_attract_carousel_timer_complete'====== Args={'ticks': 1, 'ticks_remaining': 1}
2025-11-13 23:32:39,231 : INFO : EventManager : Event: ======'carousel_item_highlighted'====== Args={'carousel': 'attract', 'direction': 'forwards', 'item': 'credits'}
2025-11-13 23:32:40,161 : INFO : SwitchController : <<<<<<< 's_start' active >>>>>>>
2025-11-13 23:32:40,246 : INFO : SwitchController : <<<<<<< 's_start' inactive >>>>>>>
2025-11-13 23:32:40,246 : INFO : EventManager : Event: ======'request_to_start_game'====== Args={}
2025-11-13 23:32:40,247 : INFO : EventManager : Event: ======'game_start'====== Args={'buttons': [], 'hold_time': 0.08418620796874166}
2025-11-13 23:32:40,247 : INFO : EventManager : Event: ======'mode_game_will_start'====== Args={'buttons': [], 'hold_time': 0.08418620796874166}
2025-11-13 23:32:40,248 : INFO : EventManager : Event: ======'mode_game_starting'====== Args={'buttons': [], 'hold_time': 0.08418620796874166}
2025-11-13 23:32:40,249 : INFO : EventManager : Event: ======'mode_attract_will_stop'====== Args={}
2025-11-13 23:32:40,249 : INFO : EventManager : Event: ======'mode_attract_stopping'====== Args={}
2025-11-13 23:32:40,250 : INFO : Mode.attract : Stopped.
2025-11-13 23:32:40,250 : INFO : EventManager : Event: ======'modes_active_modes_changed'====== Args={}
2025-11-13 23:32:40,250 : INFO : EventManager : Event: ======'mode_attract_stopped'====== Args={}
2025-11-13 23:32:40,251 : INFO : EventManager : Event: ======'clear'====== Args={'key': 'attract'}
2025-11-13 23:32:40,251 : INFO : Timer.attract_carousel_timer : Stopping Timer
2025-11-13 23:32:40,251 : INFO : EventManager : Event: ======'timer_attract_carousel_timer_stopped'====== Args={'ticks': 1, 'ticks_remaining': 1}
2025-11-13 23:32:40,252 : INFO : Mode.game : Started. Priority: 20
2025-11-13 23:32:40,252 : INFO : EventManager : Event: ======'modes_active_modes_changed'====== Args={}
2025-11-13 23:32:40,252 : INFO : EventManager : Event: ======'mode_game_started'====== Args={'buttons': [], 'hold_time': 0.08418620796874166}
2025-11-13 23:32:40,253 : INFO : EventManager : Event: ======'game_will_start'====== Args={}
2025-11-13 23:32:40,254 : INFO : EventManager : Event: ======'game_starting'====== Args={'game': <Mode.game>}
2025-11-13 23:32:40,255 : INFO : EventManager : Unordered handler for class <Auditor> on event game_ended with priority 1. Handlers: [RegisteredHandler(callback=<bound method Auditor.disable of <Auditor>>, priority=1, kwargs={}, key=UUID('73a33330-e973-4f95-84d0-563420a0efbe'), condition=None, blocking_facility=None), RegisteredHandler(callback=<bound method Auditor._save_audits of <Auditor>>, priority=1, kwargs={}, key=UUID('48256880-be40-4508-adb1-0bf954e84f58'), condition=None, blocking_facility=None)]. The order of those handlers is not defined and they will be executed in random order. This might lead to race conditions and potential bugs.
2025-11-13 23:32:40,255 : INFO : EventManager : Event: ======'player_add_request'====== Args={}
2025-11-13 23:32:40,256 : INFO : EventManager : Event: ======'player_will_add'====== Args={'number': 1}
2025-11-13 23:32:40,256 : INFO : EventManager : Event: ======'player_adding'====== Args={'player': <Player 1>, 'number': 1}
2025-11-13 23:32:40,256 : INFO : EventManager : Event: ======'player_added'====== Args={'player': <Player 1>, 'num': 1}
2025-11-13 23:32:40,257 : INFO : Mode.game : Player added successfully. Total players: 1
2025-11-13 23:32:40,257 : INFO : EventManager : Event: ======'player_index'====== Args={'value': 0, 'prev_value': 0, 'change': 0, 'player_num': 1}
2025-11-13 23:32:40,257 : INFO : EventManager : Event: ======'player_number'====== Args={'value': 1, 'prev_value': 1, 'change': 0, 'player_num': 1}
2025-11-13 23:32:40,258 : INFO : EventManager : Event: ======'player_bonus_multiplier'====== Args={'value': 1, 'prev_value': 1, 'change': 0, 'player_num': 1}
2025-11-13 23:32:40,258 : INFO : EventManager : Event: ======'player_skull_ramp_nb'====== Args={'value': 0, 'prev_value': 0, 'change': 0, 'player_num': 1}
2025-11-13 23:32:40,258 : INFO : EventManager : Event: ======'player_skillshot'====== Args={'value': 0, 'prev_value': 0, 'change': 0, 'player_num': 1}
2025-11-13 23:32:40,259 : INFO : EventManager : Event: ======'player_skillshot_count'====== Args={'value': 0, 'prev_value': 0, 'change': 0, 'player_num': 1}
2025-11-13 23:32:40,259 : INFO : EventManager : Event: ======'player_score'====== Args={'value': 0, 'prev_value': 0, 'change': 0, 'player_num': 1}
2025-11-13 23:32:40,260 : INFO : EventManager : Event: ======'game_started'====== Args={}
2025-11-13 23:32:40,261 : INFO : EventManager : Event: ======'player_turn_will_start'====== Args={'player': <Player 1>, 'number': 1}
2025-11-13 23:32:40,261 : INFO : EventManager : Event: ======'player_turn_starting'====== Args={'player': <Player 1>, 'number': 1}
2025-11-13 23:32:40,269 : INFO : EventManager : Event: ======'player_ball'====== Args={'value': 1, 'prev_value': 0, 'change': 1, 'player_num': 1}
2025-11-13 23:32:40,270 : INFO : EventManager : Event: ======'player_turn_started'====== Args={'player': <Player 1>, 'number': 1}
2025-11-13 23:32:40,271 : INFO : EventManager : Event: ======'ball_will_start'====== Args={'player': 1, 'ball': 1, 'balls_remaining': 2, 'is_extra_ball': False}
2025-11-13 23:32:40,271 : INFO : EventManager : Event: ======'ball_starting'====== Args={'player': 1, 'ball': 1, 'balls_remaining': 2, 'is_extra_ball': False}
2025-11-13 23:32:40,272 : INFO : EventManager : Event: ======'mode_base_will_start'====== Args={'queue': <QueuedEvent>, 'player': 1, 'ball': 1, 'balls_remaining': 2, 'is_extra_ball': False}
2025-11-13 23:32:40,272 : INFO : EventManager : Event: ======'player_base_player_added_timer_tick'====== Args={'value': 0, 'prev_value': 0, 'change': 0, 'player_num': 1}
2025-11-13 23:32:40,272 : INFO : Timer.player_added_timer : Starting Timer.
2025-11-13 23:32:40,273 : INFO : EventManager : Event: ======'timer_player_added_timer_started'====== Args={'ticks': 0, 'ticks_remaining': 1}
2025-11-13 23:32:40,273 : INFO : EventManager : Event: ======'timer_player_added_timer_tick'====== Args={'ticks': 0, 'ticks_remaining': 1}
2025-11-13 23:32:40,273 : INFO : EventManager : Event: ======'mode_base_starting'====== Args={'queue': <QueuedEvent>, 'player': 1, 'ball': 1, 'balls_remaining': 2, 'is_extra_ball': False}
2025-11-13 23:32:40,274 : INFO : Mode.base : Started. Priority: 100
2025-11-13 23:32:40,274 : INFO : EventManager : Event: ======'modes_active_modes_changed'====== Args={}
2025-11-13 23:32:40,274 : INFO : EventManager : Event: ======'mode_base_started'====== Args={'queue': <QueuedEvent>, 'player': 1, 'ball': 1, 'balls_remaining': 2, 'is_extra_ball': False}
2025-11-13 23:32:40,275 : INFO : EventManager : Event: ======'start_mode_bumpers'====== Args={'priority': 0}
2025-11-13 23:32:40,275 : INFO : EventManager : Event: ======'start_mode_csi_lanes'====== Args={'priority': 0}
2025-11-13 23:32:40,276 : INFO : EventManager : Event: ======'start_mode_skull'====== Args={'priority': 0}
2025-11-13 23:32:40,276 : INFO : EventManager : Event: ======'mode_bumpers_will_start'====== Args={'priority': 0}
2025-11-13 23:32:40,276 : INFO : EventManager : Event: ======'player_shot_bumper1_enabled'====== Args={'value': True, 'prev_value': 0, 'change': 1, 'player_num': 1}
2025-11-13 23:32:40,277 : INFO : EventManager : Event: ======'player_shot_bumper2_enabled'====== Args={'value': True, 'prev_value': 0, 'change': 1, 'player_num': 1}
2025-11-13 23:32:40,277 : INFO : EventManager : Event: ======'player_shot_bumper3_enabled'====== Args={'value': True, 'prev_value': 0, 'change': 1, 'player_num': 1}
2025-11-13 23:32:40,278 : INFO : EventManager : Event: ======'bumpers_complete'====== Args={'state': 'unlit'}
2025-11-13 23:32:40,278 : INFO : EventManager : Event: ======'bumpers_unlit_complete'====== Args={}
2025-11-13 23:32:40,278 : INFO : EventManager : Event: ======'player_bumpers_bumper_timer_tick'====== Args={'value': 0, 'prev_value': 0, 'change': 0, 'player_num': 1}
2025-11-13 23:32:40,279 : INFO : Timer.bumper_timer : Starting Timer.
2025-11-13 23:32:40,279 : INFO : EventManager : Event: ======'timer_bumper_timer_started'====== Args={'ticks': 0, 'ticks_remaining': 1}
2025-11-13 23:32:40,279 : INFO : EventManager : Event: ======'timer_bumper_timer_tick'====== Args={'ticks': 0, 'ticks_remaining': 1}
2025-11-13 23:32:40,279 : INFO : EventManager : Event: ======'mode_bumpers_starting'====== Args={'priority': 0}
2025-11-13 23:32:40,279 : INFO : EventManager : Event: ======'mode_csi_lanes_will_start'====== Args={'priority': 0}
2025-11-13 23:32:40,280 : INFO : EventManager : Event: ======'player_shot_c_shot_enabled'====== Args={'value': True, 'prev_value': 0, 'change': 1, 'player_num': 1}
2025-11-13 23:32:40,280 : INFO : EventManager : Event: ======'player_shot_s_shot_enabled'====== Args={'value': True, 'prev_value': 0, 'change': 1, 'player_num': 1}
2025-11-13 23:32:40,281 : INFO : EventManager : Event: ======'player_shot_i_shot_enabled'====== Args={'value': True, 'prev_value': 0, 'change': 1, 'player_num': 1}
2025-11-13 23:32:40,281 : INFO : EventManager : Event: ======'csi_shots_complete'====== Args={'state': 'unlit'}
2025-11-13 23:32:40,281 : INFO : EventManager : Event: ======'csi_shots_unlit_complete'====== Args={}
2025-11-13 23:32:40,282 : INFO : EventManager : Event: ======'player_csi_lanes_csi_lanes_timer_tick'====== Args={'value': 0, 'prev_value': 0, 'change': 0, 'player_num': 1}
2025-11-13 23:32:40,282 : INFO : Timer.csi_lanes_timer : Starting Timer.
2025-11-13 23:32:40,282 : INFO : EventManager : Event: ======'timer_csi_lanes_timer_started'====== Args={'ticks': 0, 'ticks_remaining': 1}
2025-11-13 23:32:40,282 : INFO : EventManager : Event: ======'timer_csi_lanes_timer_tick'====== Args={'ticks': 0, 'ticks_remaining': 1}
2025-11-13 23:32:40,282 : INFO : EventManager : Event: ======'player_csi_lanes_csi_right_orbit_timer_tick'====== Args={'value': 0, 'prev_value': 0, 'change': 0, 'player_num': 1}
2025-11-13 23:32:40,283 : INFO : EventManager : Event: ======'mode_csi_lanes_starting'====== Args={'priority': 0}
2025-11-13 23:32:40,284 : INFO : EventManager : Event: ======'mode_skull_will_start'====== Args={'priority': 0}
2025-11-13 23:32:40,284 : INFO : EventManager : Event: ======'player_skull_pause_timer_tick'====== Args={'value': 0, 'prev_value': 0, 'change': 0, 'player_num': 1}
2025-11-13 23:32:40,284 : INFO : Timer.pause_timer : Starting Timer.
2025-11-13 23:32:40,285 : INFO : EventManager : Event: ======'timer_pause_timer_started'====== Args={'ticks': 0, 'ticks_remaining': 1}
2025-11-13 23:32:40,285 : INFO : EventManager : Event: ======'timer_pause_timer_tick'====== Args={'ticks': 0, 'ticks_remaining': 1}
2025-11-13 23:32:40,285 : INFO : EventManager : Event: ======'mode_skull_starting'====== Args={'priority': 0}
2025-11-13 23:32:40,285 : INFO : Mode.bumpers : Started. Priority: 200
2025-11-13 23:32:40,285 : INFO : EventManager : Event: ======'modes_active_modes_changed'====== Args={}
2025-11-13 23:32:40,286 : INFO : EventManager : Event: ======'mode_bumpers_started'====== Args={'priority': 0}
2025-11-13 23:32:40,286 : INFO : EventManager : Event: ======'balls_in_play'====== Args={'balls': 1}
2025-11-13 23:32:40,286 : INFO : EventManager : Event: ======'ball_started'====== Args={'player': 1, 'ball': 1, 'balls_remaining': 2, 'is_extra_ball': False}
2025-11-13 23:32:40,286 : INFO : EventManager : Event: ======'mode_skillshot_will_start'====== Args={'player': 1, 'ball': 1, 'balls_remaining': 2, 'is_extra_ball': False}
2025-11-13 23:32:40,286 : INFO : EventManager : Event: ======'player_shot_s1_enabled'====== Args={'value': True, 'prev_value': 0, 'change': 1, 'player_num': 1}
2025-11-13 23:32:40,287 : INFO : EventManager : Event: ======'player_shot_s2_enabled'====== Args={'value': True, 'prev_value': 0, 'change': 1, 'player_num': 1}
2025-11-13 23:32:40,287 : INFO : EventManager : Event: ======'player_shot_s3_enabled'====== Args={'value': True, 'prev_value': 0, 'change': 1, 'player_num': 1}
2025-11-13 23:32:40,287 : INFO : EventManager : Event: ======'player_shot_s4_enabled'====== Args={'value': True, 'prev_value': 0, 'change': 1, 'player_num': 1}
2025-11-13 23:32:40,287 : INFO : EventManager : Event: ======'player_shot_s5_enabled'====== Args={'value': True, 'prev_value': 0, 'change': 1, 'player_num': 1}
2025-11-13 23:32:40,288 : INFO : EventManager : Event: ======'player_shot_s6_enabled'====== Args={'value': True, 'prev_value': 0, 'change': 1, 'player_num': 1}
2025-11-13 23:32:40,288 : INFO : EventManager : Event: ======'player_shot_s7_enabled'====== Args={'value': True, 'prev_value': 0, 'change': 1, 'player_num': 1}
2025-11-13 23:32:40,288 : INFO : EventManager : Event: ======'player_shot_s8_enabled'====== Args={'value': True, 'prev_value': 0, 'change': 1, 'player_num': 1}
2025-11-13 23:32:40,288 : INFO : EventManager : Event: ======'player_shot_s9_enabled'====== Args={'value': True, 'prev_value': 0, 'change': 1, 'player_num': 1}
2025-11-13 23:32:40,288 : INFO : EventManager : Event: ======'player_shot_s10_enabled'====== Args={'value': True, 'prev_value': 0, 'change': 1, 'player_num': 1}
2025-11-13 23:32:40,289 : INFO : EventManager : Event: ======'player_shot_s11_enabled'====== Args={'value': True, 'prev_value': 0, 'change': 1, 'player_num': 1}
2025-11-13 23:32:40,289 : INFO : EventManager : Event: ======'player_shot_s12_enabled'====== Args={'value': True, 'prev_value': 0, 'change': 1, 'player_num': 1}
2025-11-13 23:32:40,289 : INFO : EventManager : Event: ======'player_shot_s13_enabled'====== Args={'value': True, 'prev_value': 0, 'change': 1, 'player_num': 1}
2025-11-13 23:32:40,289 : INFO : EventManager : Event: ======'player_shot_s14_enabled'====== Args={'value': True, 'prev_value': 0, 'change': 1, 'player_num': 1}
2025-11-13 23:32:40,289 : INFO : EventManager : Event: ======'not_skillshot_complete'====== Args={'state': 'unlit'}
2025-11-13 23:32:40,290 : INFO : EventManager : Event: ======'not_skillshot_unlit_complete'====== Args={}
2025-11-13 23:32:40,291 : INFO : EventManager : Event: ======'mode_skillshot_starting'====== Args={'player': 1, 'ball': 1, 'balls_remaining': 2, 'is_extra_ball': False}
2025-11-13 23:32:40,291 : INFO : EventManager : Event: ======'logicblock_csi_lanes_then_scoop_updated'====== Args={'value': 0, 'enabled': True}
2025-11-13 23:32:40,291 : INFO : EventManager : Event: ======'logicblock_csi_lanes_then_scoop_then_right_orbit_updated'====== Args={'value': 0, 'enabled': True}
2025-11-13 23:32:40,291 : INFO : EventManager : Event: ======'logicblock_csi_lanes_then_scoop_updated'====== Args={'value': 0, 'enabled': True}
2025-11-13 23:32:40,291 : INFO : EventManager : Event: ======'logicblock_csi_lanes_then_scoop_then_right_orbit_updated'====== Args={'value': 0, 'enabled': True}
2025-11-13 23:32:40,291 : INFO : Mode.csi_lanes : Started. Priority: 200
2025-11-13 23:32:40,291 : INFO : EventManager : Event: ======'modes_active_modes_changed'====== Args={}
2025-11-13 23:32:40,291 : INFO : EventManager : Event: ======'mode_csi_lanes_started'====== Args={'priority': 0}
2025-11-13 23:32:40,292 : INFO : EventManager : Event: ======'player_multiplier'====== Args={'value': 1, 'prev_value': 0, 'change': 1, 'player_num': 1, 'source': 'csi_lanes'}
2025-11-13 23:32:40,292 : INFO : EventManager : Event: ======'logicblock_seq_lock1_updated'====== Args={'value': 0, 'enabled': True}
2025-11-13 23:32:40,292 : INFO : EventManager : Event: ======'logicblock_seq_lock2_updated'====== Args={'value': 0, 'enabled': True}
2025-11-13 23:32:40,292 : INFO : EventManager : Event: ======'logicblock_seq_ready_for_MB_updated'====== Args={'value': 0, 'enabled': True}
2025-11-13 23:32:40,292 : INFO : EventManager : Event: ======'logicblock_seq_lock1_updated'====== Args={'value': 0, 'enabled': True}
2025-11-13 23:32:40,292 : INFO : EventManager : Event: ======'logicblock_seq_lock2_updated'====== Args={'value': 0, 'enabled': True}
2025-11-13 23:32:40,292 : INFO : EventManager : Event: ======'logicblock_seq_ready_for_MB_updated'====== Args={'value': 0, 'enabled': True}
2025-11-13 23:32:40,292 : INFO : Mode.skull : Started. Priority: 200
2025-11-13 23:32:40,292 : INFO : EventManager : Event: ======'modes_active_modes_changed'====== Args={}
2025-11-13 23:32:40,292 : INFO : EventManager : Event: ======'mode_skull_started'====== Args={'priority': 0}
2025-11-13 23:32:40,293 : INFO : EventManager : Event: ======'logicblock_seq_skillshot_success_updated'====== Args={'value': 0, 'enabled': True}
2025-11-13 23:32:40,293 : INFO : EventManager : Event: ======'logicblock_seq_skillshot_success_updated'====== Args={'value': 0, 'enabled': True}
2025-11-13 23:32:40,293 : INFO : Mode.skillshot : Started. Priority: 200
2025-11-13 23:32:40,293 : INFO : EventManager : Event: ======'modes_active_modes_changed'====== Args={}
2025-11-13 23:32:40,293 : INFO : EventManager : Event: ======'mode_skillshot_started'====== Args={'player': 1, 'ball': 1, 'balls_remaining': 2, 'is_extra_ball': False}
2025-11-13 23:32:40,293 : INFO : EventManager : Event: ======'single_player_ball_started'====== Args={}
2025-11-13 23:32:40,293 : INFO : EventManager : Event: ======'ball_start_target'====== Args={'target': 'playfield'}
2025-11-13 23:32:40,294 : INFO : ball_device.bd_trough : Setting up player-controlled eject. Balls: 1, Target: <playfield.playfield>, player_controlled_eject_event: None
2025-11-13 23:32:40,294 : INFO : ball_device.bd_trough : Adding 1 ball(s) to the eject_queue with target <playfield.playfield>.
2025-11-13 23:32:40,294 : INFO : EventManager : Event: ======'balldevice_balls_available'====== Args={}
2025-11-13 23:32:40,294 : INFO : ball_device.bd_trough : State: waiting_for_target_ready
2025-11-13 23:32:40,294 : INFO : EventManager : Event: ======'balldevice_bd_trough_ball_eject_attempt'====== Args={'balls': 1, 'target': <ball_device.bd_plunger>, 'source': <ball_device.bd_trough>, 'mechanical_eject': False, 'num_attempts': 0}
2025-11-13 23:32:40,295 : INFO : ball_device.bd_plunger : State: waiting_for_ball
2025-11-13 23:32:40,295 : INFO : ball_device.bd_trough : State: ejecting
2025-11-13 23:32:40,295 : INFO : ball_device.bd_trough : Ejecting ball to <ball_device.bd_plunger>
2025-11-13 23:32:40,295 : INFO : EventManager : Event: ======'balldevice_bd_trough_ejecting_ball'====== Args={'balls': 1, 'target': <ball_device.bd_plunger>, 'source': <ball_device.bd_trough>, 'mechanical_eject': False, 'num_attempts': 0}
2025-11-13 23:32:40,295 : INFO : ball_device.bd_trough : Wait for ball to leave device
2025-11-13 23:32:40,295 : INFO : coil.c_trough_eject : Pulsing Driver for 20ms (1.0 pulse_power)
2025-11-13 23:32:40,295 : INFO : SwitchController : <<<<<<< 's_trough1' inactive >>>>>>>
2025-11-13 23:32:40,296 : INFO : ball_device.bd_trough : State: ball_left
2025-11-13 23:32:40,296 : INFO : ball_device.bd_trough : Ball left
2025-11-13 23:32:40,296 : INFO : ball_device.bd_trough : Wait for confirm with timeout 3.0
2025-11-13 23:32:40,396 : INFO : SwitchController : <<<<<<< 's_plunger_lane' active >>>>>>>
2025-11-13 23:32:40,397 : INFO : EventManager : Event: ======'machine_var_audits_switches_s_plunger_lane'====== Args={'value': 993, 'prev_value': 992, 'change': 1}
2025-11-13 23:32:40,431 : INFO : EventManager : Event: ======'slide_base_slide_created'====== Args={'_from_bcp': True}
2025-11-13 23:32:40,431 : INFO : EventManager : Event: ======'slide_attract_inactive'====== Args={'is_removing': True, '_from_bcp': True}
2025-11-13 23:32:40,432 : INFO : EventManager : Event: ======'slide_base_slide_active'====== Args={'original_context': 'base', 'original_calling_context': 'mode_base_started', 'priority': 100.0, 'queue': '<QueuedEvent>', 'player': 1.0, 'ball': 1.0, 'balls_remaining': 2.0, 'is_extra_ball': False, 'cmd': 'slides_play', '_from_bcp': True}
2025-11-13 23:32:40,433 : INFO : EventManager : Event: ======'slide_attract_removed'====== Args={'_from_bcp': True}
2025-11-13 23:32:40,779 : INFO : EventManager : Event: ======'player_bumpers_bumper_timer_tick'====== Args={'value': 1, 'prev_value': 0, 'change': 1, 'player_num': 1}
2025-11-13 23:32:40,780 : INFO : Timer.bumper_timer : Timer Complete
2025-11-13 23:32:40,781 : INFO : Timer.bumper_timer : Stopping Timer
2025-11-13 23:32:40,781 : INFO : EventManager : Event: ======'timer_bumper_timer_stopped'====== Args={'ticks': 1, 'ticks_remaining': 1}
2025-11-13 23:32:40,781 : INFO : EventManager : Event: ======'timer_bumper_timer_complete'====== Args={'ticks': 1, 'ticks_remaining': 1}
2025-11-13 23:32:40,898 : INFO : ball_device.bd_plunger : Received ball from <ball_device.bd_trough>
2025-11-13 23:32:40,898 : INFO : EventManager : Event: ======'balldevice_bd_plunger_ball_enter'====== Args={'new_balls': 1, 'unclaimed_balls': 0, 'new_available_balls': 0, 'device': <ball_device.bd_plunger>}
2025-11-13 23:32:40,898 : INFO : EventManager : Event: ======'balldevice_bd_plunger_ball_entered'====== Args={'new_balls': 0, 'device': <ball_device.bd_plunger>}
2025-11-13 23:32:40,899 : INFO : EventManager : Event: ======'balldevice_bd_plunger_ball_count_changed'====== Args={'balls': 1}
2025-11-13 23:32:40,899 : INFO : ball_device.bd_trough : Got eject confirm
2025-11-13 23:32:40,899 : INFO : ball_device.bd_trough : Eject successful
2025-11-13 23:32:40,899 : INFO : EventManager : Event: ======'balldevice_bd_trough_ball_eject_success'====== Args={'balls': 1, 'target': <ball_device.bd_plunger>}
2025-11-13 23:32:40,899 : INFO : EventManager : Event: ======'balldevice_bd_trough_ball_count_changed'====== Args={'balls': 3}
2025-11-13 23:32:40,899 : INFO : ball_device.bd_trough : State: idle
2025-11-13 23:32:40,899 : INFO : ball_device.bd_plunger : State: waiting_for_target_ready
2025-11-13 23:32:40,900 : INFO : EventManager : Event: ======'balldevice_bd_plunger_ball_eject_attempt'====== Args={'balls': 1, 'target': <playfield.playfield>, 'source': <ball_device.bd_plunger>, 'mechanical_eject': False, 'num_attempts': 0}
2025-11-13 23:32:40,900 : INFO : ball_device.bd_plunger : State: ejecting
2025-11-13 23:32:40,900 : INFO : ball_device.bd_plunger : Ejecting ball to <playfield.playfield>
2025-11-13 23:32:40,900 : INFO : EventManager : Event: ======'balldevice_bd_plunger_ejecting_ball'====== Args={'balls': 1, 'target': <playfield.playfield>, 'source': <ball_device.bd_plunger>, 'mechanical_eject': False, 'num_attempts': 0}
2025-11-13 23:32:40,901 : INFO : ball_device.bd_plunger : Wait for ball to leave device
2025-11-13 23:32:40,901 : INFO : coil.c_plunger : Pulsing Driver for 20ms (1.0 pulse_power)
2025-11-13 23:32:40,901 : INFO : SwitchController : <<<<<<< 's_plunger_lane' inactive >>>>>>>
2025-11-13 23:32:40,901 : INFO : EventManager : Event: ======'s_plunger_lane_inactive'====== Args={}
2025-11-13 23:32:40,901 : INFO : EventManager : Event: ======'logicblock_seq_skillshot_success_updated'====== Args={'value': 1, 'enabled': True}
2025-11-13 23:32:40,901 : INFO : EventManager : Event: ======'logicblock_seq_skillshot_success_hit'====== Args={'step': 1}
2025-11-13 23:32:40,902 : INFO : ball_device.bd_plunger : State: ball_left
2025-11-13 23:32:40,902 : INFO : ball_device.bd_plunger : Ball left
2025-11-13 23:32:40,902 : INFO : ball_device.bd_plunger : Wait for confirm with timeout 3.0
2025-11-13 23:32:40,973 : INFO : EventManager : Event: ======'player_base_player_added_timer_tick'====== Args={'value': 1, 'prev_value': 0, 'change': 1, 'player_num': 1}
2025-11-13 23:32:40,974 : INFO : Timer.player_added_timer : Timer Complete
2025-11-13 23:32:40,974 : INFO : Timer.player_added_timer : Stopping Timer
2025-11-13 23:32:40,974 : INFO : EventManager : Event: ======'timer_player_added_timer_stopped'====== Args={'ticks': 1, 'ticks_remaining': 1}
2025-11-13 23:32:40,974 : INFO : EventManager : Event: ======'timer_player_added_timer_complete'====== Args={'ticks': 1, 'ticks_remaining': 1}
2025-11-13 23:32:40,983 : INFO : EventManager : Event: ======'player_csi_lanes_csi_lanes_timer_tick'====== Args={'value': 1, 'prev_value': 0, 'change': 1, 'player_num': 1}
2025-11-13 23:32:40,983 : INFO : Timer.csi_lanes_timer : Timer Complete
2025-11-13 23:32:40,983 : INFO : Timer.csi_lanes_timer : Stopping Timer
2025-11-13 23:32:40,983 : INFO : EventManager : Event: ======'timer_csi_lanes_timer_stopped'====== Args={'ticks': 1, 'ticks_remaining': 1}
2025-11-13 23:32:40,983 : INFO : EventManager : Event: ======'timer_csi_lanes_timer_complete'====== Args={'ticks': 1, 'ticks_remaining': 1}
2025-11-13 23:32:43,902 : INFO : ball_device.bd_plunger : State: failed_confirm
2025-11-13 23:32:43,903 : INFO : ball_device.bd_plunger : Got timeout (3.0s) before confirm from <playfield.playfield>
2025-11-13 23:32:44,004 : INFO : ball_device.bd_plunger : Confirming eject because target is playfield and ball did not return.
2025-11-13 23:32:44,004 : INFO : ball_device.bd_plunger : Eject successful
2025-11-13 23:32:44,005 : INFO : EventManager : Event: ======'balldevice_bd_plunger_ball_eject_success'====== Args={'balls': 1, 'target': <playfield.playfield>}
2025-11-13 23:32:44,006 : INFO : EventManager : Event: ======'balldevice_playfield_ball_enter'====== Args={'new_balls': 1, 'unclaimed_balls': 1, 'device': <playfield.playfield>}
2025-11-13 23:32:44,006 : INFO : EventManager : Event: ======'playfield_ball_count_change'====== Args={'balls': 1, 'change': 1}
2025-11-13 23:32:44,007 : INFO : EventManager : Event: ======'balldevice_bd_plunger_ball_count_changed'====== Args={'balls': 0}
2025-11-13 23:32:44,007 : INFO : ball_device.bd_plunger : State: idle
2025-11-13 23:32:44,214 : INFO : SwitchController : <<<<<<< 's_plunger_lane' active >>>>>>>
2025-11-13 23:32:44,214 : INFO : EventManager : Event: ======'machine_var_audits_switches_s_plunger_lane'====== Args={'value': 994, 'prev_value': 993, 'change': 1}
2025-11-13 23:32:44,287 : INFO : SwitchController : <<<<<<< 's_plunger_lane' inactive >>>>>>>
2025-11-13 23:32:44,288 : INFO : EventManager : Event: ======'s_plunger_lane_inactive'====== Args={}
2025-11-13 23:32:45,480 : INFO : SwitchController : <<<<<<< 's_right_orbit' active >>>>>>>
2025-11-13 23:32:45,480 : INFO : EventManager : Event: ======'s_right_orbit_active'====== Args={}
2025-11-13 23:32:45,481 : INFO : EventManager : Event: ======'machine_var_audits_switches_s_right_orbit'====== Args={'value': 112, 'prev_value': 111, 'change': 1}
2025-11-13 23:32:45,481 : INFO : EventManager : Event: ======'logicblock_seq_skillshot_success_updated'====== Args={'value': 2, 'enabled': True}
2025-11-13 23:32:45,482 : INFO : EventManager : Event: ======'logicblock_seq_skillshot_success_hit'====== Args={'step': 2}
2025-11-13 23:32:45,612 : INFO : SwitchController : <<<<<<< 's_right_orbit' inactive >>>>>>>
2025-11-13 23:32:46,514 : INFO : SwitchController : <<<<<<< 's_morgue' active >>>>>>>
2025-11-13 23:32:46,515 : INFO : EventManager : Event: ======'s_morgue_active'====== Args={}
2025-11-13 23:32:46,515 : INFO : EventManager : Event: ======'machine_var_audits_switches_s_morgue'====== Args={'value': 63, 'prev_value': 62, 'change': 1}
2025-11-13 23:32:46,516 : INFO : EventManager : Event: ======'logicblock_seq_skillshot_success_updated'====== Args={'value': 3, 'enabled': True}
2025-11-13 23:32:46,516 : INFO : EventManager : Event: ======'logicblock_seq_skillshot_success_hit'====== Args={'step': 3}
2025-11-13 23:32:46,522 : INFO : EventManager : Event: ======'seq_skillshot_success_done'====== Args={}
2025-11-13 23:32:46,524 : INFO : EventManager : Event: ======'logicblock_seq_skillshot_success_updated'====== Args={'value': 0, 'enabled': True}
2025-11-13 23:32:46,524 : INFO : EventManager : Event: ======'player_skillshot'====== Args={'value': 1, 'prev_value': 0, 'change': 1, 'player_num': 1, 'source': 'skillshot'}
2025-11-13 23:32:46,524 : INFO : EventManager : Event: ======'player_tmp_int'====== Args={'value': 500000, 'prev_value': 0, 'change': 500000, 'player_num': 1, 'source': 'skillshot'}
2025-11-13 23:32:46,525 : INFO : EventManager : Event: ======'player_score'====== Args={'value': 500000, 'prev_value': 0, 'change': 500000, 'player_num': 1, 'source': 'skillshot'}
2025-11-13 23:32:46,525 : INFO : EventManager : Event: ======'player_skillshot_count'====== Args={'value': 1, 'prev_value': 0, 'change': 1, 'player_num': 1, 'source': 'skillshot'}
2025-11-13 23:32:46,551 : INFO : EventManager : Event: ======'widget_skillshot_widget_active'====== Args={'original_context': 'skillshot', 'original_calling_context': 'seq_skillshot_success_done', 'priority': 200.0, 'cmd': 'widgets_play', '_from_bcp': True}
2025-11-13 23:32:46,631 : INFO : SwitchController : <<<<<<< 's_morgue' inactive >>>>>>>
2025-11-13 23:32:48,543 : INFO : EventManager : Event: ======'widget_skillshot_widget_removed'====== Args={'_from_bcp': True}
2025-11-13 23:32:48,544 : INFO : EventManager : Event: ======'skillshoot_ended'====== Args={'priority': 0}
2025-11-13 23:32:48,545 : INFO : EventManager : Event: ======'mode_skillshot_will_stop'====== Args={}
2025-11-13 23:32:48,545 : INFO : EventManager : Event: ======'mode_skillshot_stopping'====== Args={}
2025-11-13 23:32:48,546 : INFO : Mode.skillshot : Stopped.
2025-11-13 23:32:48,546 : INFO : EventManager : Event: ======'modes_active_modes_changed'====== Args={}
2025-11-13 23:32:48,547 : INFO : EventManager : Event: ======'mode_skillshot_stopped'====== Args={}
2025-11-13 23:32:48,547 : INFO : EventManager : Event: ======'clear'====== Args={'key': 'skillshot'}
2025-11-13 23:32:50,286 : INFO : EventManager : Event: ======'player_skull_pause_timer_tick'====== Args={'value': 1, 'prev_value': 0, 'change': 1, 'player_num': 1}
2025-11-13 23:32:50,287 : INFO : Timer.pause_timer : Timer Complete
2025-11-13 23:32:50,287 : INFO : Timer.pause_timer : Stopping Timer
2025-11-13 23:32:50,287 : INFO : EventManager : Event: ======'timer_pause_timer_stopped'====== Args={'ticks': 1, 'ticks_remaining': 1}
2025-11-13 23:32:50,287 : INFO : EventManager : Event: ======'timer_pause_timer_complete'====== Args={'ticks': 1, 'ticks_remaining': 1}
2025-11-13 23:32:51,398 : INFO : SwitchController : <<<<<<< 's_plunger_lane' active >>>>>>>
2025-11-13 23:32:51,398 : INFO : EventManager : Event: ======'machine_var_audits_switches_s_plunger_lane'====== Args={'value': 995, 'prev_value': 994, 'change': 1}
2025-11-13 23:32:51,495 : INFO : SwitchController : <<<<<<< 's_plunger_lane' inactive >>>>>>>
2025-11-13 23:32:51,495 : INFO : EventManager : Event: ======'s_plunger_lane_inactive'====== Args={}
2025-11-13 23:32:53,277 : INFO : SwitchController : <<<<<<< 's_drain' active >>>>>>>
2025-11-13 23:32:53,277 : INFO : EventManager : Event: ======'machine_var_audits_switches_s_drain'====== Args={'value': 556, 'prev_value': 555, 'change': 1}
2025-11-13 23:32:53,778 : INFO : EventManager : Event: ======'balldevice_bd_drain_ball_count_changed'====== Args={'balls': 1}
2025-11-13 23:32:53,778 : INFO : ball_device.bd_drain : Received unexpected ball
2025-11-13 23:32:53,778 : INFO : EventManager : Event: ======'balldevice_captured_from_playfield'====== Args={'balls': 1}
2025-11-13 23:32:53,779 : INFO : EventManager : Event: ======'sw_playfield_active'====== Args={'balls': 1}
2025-11-13 23:32:53,779 : INFO : EventManager : Event: ======'playfield_ball_count_change'====== Args={'balls': 0, 'change': -1}
2025-11-13 23:32:53,780 : INFO : EventManager : Event: ======'balldevice_bd_drain_ball_enter'====== Args={'new_balls': 1, 'unclaimed_balls': 1, 'new_available_balls': 1, 'device': <ball_device.bd_drain>}
2025-11-13 23:32:53,780 : INFO : EventManager : Event: ======'ball_drain'====== Args={'device': <ball_device.bd_drain>, 'balls': 1}
2025-11-13 23:32:53,780 : INFO : EventManager : Event: ======'ball_will_end'====== Args={}
2025-11-13 23:32:53,781 : INFO : EventManager : Event: ======'balldevice_balls_available'====== Args={}
2025-11-13 23:32:53,781 : INFO : EventManager : Event: ======'balldevice_balls_available'====== Args={}
2025-11-13 23:32:53,781 : INFO : EventManager : Event: ======'balldevice_bd_drain_ball_entered'====== Args={'new_balls': 1, 'device': <ball_device.bd_drain>}
2025-11-13 23:32:53,781 : INFO : EventManager : Event: ======'mode_base_will_stop'====== Args={}
2025-11-13 23:32:53,781 : INFO : EventManager : Event: ======'mode_base_stopping'====== Args={}
2025-11-13 23:32:53,782 : INFO : EventManager : Event: ======'stop_mode_bumpers'====== Args={'priority': 0}
2025-11-13 23:32:53,782 : INFO : EventManager : Event: ======'stop_mode_csi_lanes'====== Args={'priority': 0}
2025-11-13 23:32:53,782 : INFO : EventManager : Event: ======'stop_mode_skull'====== Args={'priority': 0}
2025-11-13 23:32:53,783 : INFO : EventManager : Event: ======'mode_bumpers_will_stop'====== Args={}
2025-11-13 23:32:53,783 : INFO : EventManager : Event: ======'mode_bumpers_stopping'====== Args={}
2025-11-13 23:32:53,783 : INFO : EventManager : Event: ======'mode_csi_lanes_will_stop'====== Args={}
2025-11-13 23:32:53,783 : INFO : EventManager : Event: ======'mode_csi_lanes_stopping'====== Args={}
2025-11-13 23:32:53,783 : INFO : EventManager : Event: ======'mode_skull_will_stop'====== Args={}
2025-11-13 23:32:53,783 : INFO : EventManager : Event: ======'mode_skull_stopping'====== Args={}
2025-11-13 23:32:53,783 : INFO : Mode.base : Stopped.
2025-11-13 23:32:53,783 : INFO : EventManager : Event: ======'modes_active_modes_changed'====== Args={}
2025-11-13 23:32:53,784 : INFO : EventManager : Event: ======'mode_base_stopped'====== Args={}
2025-11-13 23:32:53,784 : INFO : EventManager : Event: ======'clear'====== Args={'key': 'base'}
2025-11-13 23:32:53,784 : INFO : Timer.player_added_timer : Stopping Timer
2025-11-13 23:32:53,784 : INFO : EventManager : Event: ======'timer_player_added_timer_stopped'====== Args={'ticks': 1, 'ticks_remaining': 1}
2025-11-13 23:32:53,784 : INFO : Mode.skull : Stopped.
2025-11-13 23:32:53,784 : INFO : EventManager : Event: ======'modes_active_modes_changed'====== Args={}
2025-11-13 23:32:53,785 : INFO : EventManager : Event: ======'mode_skull_stopped'====== Args={}
2025-11-13 23:32:53,785 : INFO : EventManager : Event: ======'clear'====== Args={'key': 'skull'}
2025-11-13 23:32:53,785 : INFO : Timer.pause_timer : Stopping Timer
2025-11-13 23:32:53,785 : INFO : EventManager : Event: ======'timer_pause_timer_stopped'====== Args={'ticks': 1, 'ticks_remaining': 1}
2025-11-13 23:32:53,785 : INFO : Mode.csi_lanes : Stopped.
2025-11-13 23:32:53,785 : INFO : EventManager : Event: ======'modes_active_modes_changed'====== Args={}
2025-11-13 23:32:53,785 : INFO : EventManager : Event: ======'mode_csi_lanes_stopped'====== Args={}
2025-11-13 23:32:53,786 : INFO : EventManager : Event: ======'clear'====== Args={'key': 'csi_lanes'}
2025-11-13 23:32:53,786 : INFO : Timer.csi_lanes_timer : Stopping Timer
2025-11-13 23:32:53,786 : INFO : EventManager : Event: ======'timer_csi_lanes_timer_stopped'====== Args={'ticks': 1, 'ticks_remaining': 1}
2025-11-13 23:32:53,787 : INFO : Timer.csi_right_orbit_timer : Stopping Timer
2025-11-13 23:32:53,787 : INFO : EventManager : Event: ======'timer_csi_right_orbit_timer_stopped'====== Args={'ticks': 0, 'ticks_remaining': 0}
2025-11-13 23:32:53,787 : INFO : Mode.bumpers : Stopped.
2025-11-13 23:32:53,787 : INFO : EventManager : Event: ======'modes_active_modes_changed'====== Args={}
2025-11-13 23:32:53,787 : INFO : EventManager : Event: ======'mode_bumpers_stopped'====== Args={}
2025-11-13 23:32:53,788 : INFO : EventManager : Event: ======'clear'====== Args={'key': 'bumpers'}
2025-11-13 23:32:53,788 : INFO : Timer.bumper_timer : Stopping Timer
2025-11-13 23:32:53,788 : INFO : EventManager : Event: ======'timer_bumper_timer_stopped'====== Args={'ticks': 1, 'ticks_remaining': 1}
2025-11-13 23:32:53,788 : INFO : EventManager : Event: ======'ball_ending'====== Args={}
2025-11-13 23:32:53,789 : INFO : EventManager : Event: ======'ball_ended'====== Args={}
2025-11-13 23:32:53,790 : INFO : EventManager : Event: ======'player_turn_will_end'====== Args={'player': <Player 1>, 'number': 1}
2025-11-13 23:32:53,790 : INFO : ball_device.bd_drain : State: waiting_for_target_ready
2025-11-13 23:32:53,790 : INFO : EventManager : Event: ======'balldevice_bd_drain_ball_eject_attempt'====== Args={'balls': 1, 'target': <ball_device.bd_trough>, 'source': <ball_device.bd_drain>, 'mechanical_eject': False, 'num_attempts': 0}
2025-11-13 23:32:53,790 : INFO : ball_device.bd_drain : State: ejecting
2025-11-13 23:32:53,791 : INFO : ball_device.bd_drain : Ejecting ball to <ball_device.bd_trough>
2025-11-13 23:32:53,791 : INFO : EventManager : Event: ======'balldevice_bd_drain_ejecting_ball'====== Args={'balls': 1, 'target': <ball_device.bd_trough>, 'source': <ball_device.bd_drain>, 'mechanical_eject': False, 'num_attempts': 0}
2025-11-13 23:32:53,791 : INFO : EventManager : Event: ======'player_turn_ending'====== Args={'player': <Player 1>, 'number': 1}
2025-11-13 23:32:53,791 : INFO : EventManager : Event: ======'player_turn_ended'====== Args={'player': <Player 1>, 'number': 1}
2025-11-13 23:32:53,792 : INFO : EventManager : Event: ======'player_turn_will_start'====== Args={'player': <Player 1>, 'number': 1}
2025-11-13 23:32:53,792 : INFO : ball_device.bd_drain : Wait for ball to leave device
2025-11-13 23:32:53,792 : INFO : coil.c_drain_eject : Pulsing Driver for 20ms (1.0 pulse_power)
2025-11-13 23:32:53,793 : INFO : SwitchController : <<<<<<< 's_drain' inactive >>>>>>>
2025-11-13 23:32:53,793 : INFO : EventManager : Event: ======'player_turn_starting'====== Args={'player': <Player 1>, 'number': 1}
2025-11-13 23:32:53,794 : INFO : EventManager : Event: ======'player_ball'====== Args={'value': 2, 'prev_value': 1, 'change': 1, 'player_num': 1}
2025-11-13 23:32:53,794 : INFO : EventManager : Event: ======'player_turn_started'====== Args={'player': <Player 1>, 'number': 1}
2025-11-13 23:32:53,795 : INFO : EventManager : Event: ======'ball_will_start'====== Args={'player': 1, 'ball': 2, 'balls_remaining': 1, 'is_extra_ball': False}
2025-11-13 23:32:53,795 : INFO : ball_device.bd_drain : State: ball_left
2025-11-13 23:32:53,795 : INFO : ball_device.bd_drain : Ball left
2025-11-13 23:32:53,795 : INFO : ball_device.bd_drain : Wait for confirm with timeout 10.0
2025-11-13 23:32:53,796 : INFO : EventManager : Event: ======'ball_starting'====== Args={'player': 1, 'ball': 2, 'balls_remaining': 1, 'is_extra_ball': False}
2025-11-13 23:32:53,796 : INFO : EventManager : Event: ======'mode_base_will_start'====== Args={'queue': <QueuedEvent>, 'player': 1, 'ball': 2, 'balls_remaining': 1, 'is_extra_ball': False}
2025-11-13 23:32:53,796 : INFO : EventManager : Event: ======'player_base_player_added_timer_tick'====== Args={'value': 0, 'prev_value': 1, 'change': -1, 'player_num': 1}
2025-11-13 23:32:53,797 : INFO : Timer.player_added_timer : Starting Timer.
2025-11-13 23:32:53,797 : INFO : EventManager : Event: ======'timer_player_added_timer_started'====== Args={'ticks': 0, 'ticks_remaining': 1}
2025-11-13 23:32:53,797 : INFO : EventManager : Event: ======'timer_player_added_timer_tick'====== Args={'ticks': 0, 'ticks_remaining': 1}
2025-11-13 23:32:53,798 : INFO : EventManager : Event: ======'mode_base_starting'====== Args={'queue': <QueuedEvent>, 'player': 1, 'ball': 2, 'balls_remaining': 1, 'is_extra_ball': False}
2025-11-13 23:32:53,798 : INFO : Mode.base : Started. Priority: 100
2025-11-13 23:32:53,798 : INFO : EventManager : Event: ======'modes_active_modes_changed'====== Args={}
2025-11-13 23:32:53,798 : INFO : EventManager : Event: ======'mode_base_started'====== Args={'queue': <QueuedEvent>, 'player': 1, 'ball': 2, 'balls_remaining': 1, 'is_extra_ball': False}
2025-11-13 23:32:53,799 : INFO : EventManager : Event: ======'start_mode_bumpers'====== Args={'priority': 0}
2025-11-13 23:32:53,799 : INFO : EventManager : Event: ======'start_mode_csi_lanes'====== Args={'priority': 0}
2025-11-13 23:32:53,799 : INFO : EventManager : Event: ======'start_mode_skull'====== Args={'priority': 0}
2025-11-13 23:32:53,799 : INFO : EventManager : Event: ======'mode_bumpers_will_start'====== Args={'priority': 0}
2025-11-13 23:32:53,800 : INFO : EventManager : Event: ======'player_bumpers_bumper_timer_tick'====== Args={'value': 0, 'prev_value': 1, 'change': -1, 'player_num': 1}
2025-11-13 23:32:53,801 : INFO : Timer.bumper_timer : Starting Timer.
2025-11-13 23:32:53,801 : INFO : EventManager : Event: ======'timer_bumper_timer_started'====== Args={'ticks': 0, 'ticks_remaining': 1}
2025-11-13 23:32:53,801 : INFO : EventManager : Event: ======'timer_bumper_timer_tick'====== Args={'ticks': 0, 'ticks_remaining': 1}
2025-11-13 23:32:53,802 : INFO : EventManager : Event: ======'mode_bumpers_starting'====== Args={'priority': 0}
2025-11-13 23:32:53,802 : INFO : EventManager : Event: ======'mode_csi_lanes_will_start'====== Args={'priority': 0}
2025-11-13 23:32:53,803 : INFO : EventManager : Event: ======'player_csi_lanes_csi_lanes_timer_tick'====== Args={'value': 0, 'prev_value': 1, 'change': -1, 'player_num': 1}
2025-11-13 23:32:53,803 : INFO : Timer.csi_lanes_timer : Starting Timer.
2025-11-13 23:32:53,804 : INFO : EventManager : Event: ======'timer_csi_lanes_timer_started'====== Args={'ticks': 0, 'ticks_remaining': 1}
2025-11-13 23:32:53,804 : INFO : EventManager : Event: ======'timer_csi_lanes_timer_tick'====== Args={'ticks': 0, 'ticks_remaining': 1}
2025-11-13 23:32:53,805 : INFO : EventManager : Event: ======'mode_csi_lanes_starting'====== Args={'priority': 0}
2025-11-13 23:32:53,805 : INFO : EventManager : Event: ======'mode_skull_will_start'====== Args={'priority': 0}
2025-11-13 23:32:53,806 : INFO : EventManager : Event: ======'player_skull_pause_timer_tick'====== Args={'value': 0, 'prev_value': 1, 'change': -1, 'player_num': 1}
2025-11-13 23:32:53,807 : INFO : Timer.pause_timer : Starting Timer.
2025-11-13 23:32:53,807 : INFO : EventManager : Event: ======'timer_pause_timer_started'====== Args={'ticks': 0, 'ticks_remaining': 1}
2025-11-13 23:32:53,807 : INFO : EventManager : Event: ======'timer_pause_timer_tick'====== Args={'ticks': 0, 'ticks_remaining': 1}
2025-11-13 23:32:53,808 : INFO : EventManager : Event: ======'mode_skull_starting'====== Args={'priority': 0}
2025-11-13 23:32:53,808 : INFO : Mode.bumpers : Started. Priority: 200
2025-11-13 23:32:53,808 : INFO : EventManager : Event: ======'modes_active_modes_changed'====== Args={}
2025-11-13 23:32:53,809 : INFO : EventManager : Event: ======'mode_bumpers_started'====== Args={'priority': 0}
2025-11-13 23:32:53,809 : INFO : EventManager : Event: ======'balls_in_play'====== Args={'balls': 1}
2025-11-13 23:32:53,809 : INFO : EventManager : Event: ======'ball_started'====== Args={'player': 1, 'ball': 2, 'balls_remaining': 1, 'is_extra_ball': False}
2025-11-13 23:32:53,809 : INFO : EventManager : Event: ======'mode_skillshot_will_start'====== Args={'player': 1, 'ball': 2, 'balls_remaining': 1, 'is_extra_ball': False}
2025-11-13 23:32:53,812 : INFO : EventManager : Event: ======'mode_skillshot_starting'====== Args={'player': 1, 'ball': 2, 'balls_remaining': 1, 'is_extra_ball': False}
2025-11-13 23:32:53,812 : INFO : EventManager : Event: ======'logicblock_csi_lanes_then_scoop_updated'====== Args={'value': 0, 'enabled': True}
2025-11-13 23:32:53,812 : INFO : EventManager : Event: ======'logicblock_csi_lanes_then_scoop_then_right_orbit_updated'====== Args={'value': 0, 'enabled': True}
2025-11-13 23:32:53,812 : INFO : EventManager : Event: ======'logicblock_csi_lanes_then_scoop_updated'====== Args={'value': 0, 'enabled': True}
2025-11-13 23:32:53,812 : INFO : EventManager : Event: ======'logicblock_csi_lanes_then_scoop_then_right_orbit_updated'====== Args={'value': 0, 'enabled': True}
2025-11-13 23:32:53,813 : INFO : Mode.csi_lanes : Started. Priority: 200
2025-11-13 23:32:53,813 : INFO : EventManager : Event: ======'modes_active_modes_changed'====== Args={}
2025-11-13 23:32:53,813 : INFO : EventManager : Event: ======'mode_csi_lanes_started'====== Args={'priority': 0}
2025-11-13 23:32:53,813 : INFO : EventManager : Event: ======'logicblock_seq_lock1_updated'====== Args={'value': 0, 'enabled': True}
2025-11-13 23:32:53,813 : INFO : EventManager : Event: ======'logicblock_seq_lock2_updated'====== Args={'value': 0, 'enabled': True}
2025-11-13 23:32:53,813 : INFO : EventManager : Event: ======'logicblock_seq_ready_for_MB_updated'====== Args={'value': 0, 'enabled': True}
2025-11-13 23:32:53,813 : INFO : EventManager : Event: ======'logicblock_seq_lock1_updated'====== Args={'value': 0, 'enabled': True}
2025-11-13 23:32:53,814 : INFO : EventManager : Event: ======'logicblock_seq_lock2_updated'====== Args={'value': 0, 'enabled': True}
2025-11-13 23:32:53,814 : INFO : EventManager : Event: ======'logicblock_seq_ready_for_MB_updated'====== Args={'value': 0, 'enabled': True}
2025-11-13 23:32:53,814 : INFO : Mode.skull : Started. Priority: 200
2025-11-13 23:32:53,814 : INFO : EventManager : Event: ======'modes_active_modes_changed'====== Args={}
2025-11-13 23:32:53,814 : INFO : EventManager : Event: ======'mode_skull_started'====== Args={'priority': 0}
2025-11-13 23:32:53,814 : INFO : EventManager : Event: ======'logicblock_seq_skillshot_success_updated'====== Args={'value': 0, 'enabled': True}
2025-11-13 23:32:53,814 : INFO : EventManager : Event: ======'logicblock_seq_skillshot_success_updated'====== Args={'value': 0, 'enabled': True}
2025-11-13 23:32:53,814 : INFO : Mode.skillshot : Started. Priority: 200
2025-11-13 23:32:53,814 : INFO : EventManager : Event: ======'modes_active_modes_changed'====== Args={}
2025-11-13 23:32:53,814 : INFO : EventManager : Event: ======'mode_skillshot_started'====== Args={'player': 1, 'ball': 2, 'balls_remaining': 1, 'is_extra_ball': False}
2025-11-13 23:32:53,814 : INFO : EventManager : Event: ======'single_player_ball_started'====== Args={}
2025-11-13 23:32:53,815 : INFO : EventManager : Event: ======'ball_start_target'====== Args={'target': 'playfield'}
2025-11-13 23:32:53,815 : INFO : EventManager : Event: ======'slide_base_slide_created'====== Args={'_from_bcp': True}
2025-11-13 23:32:53,815 : INFO : EventManager : Event: ======'slide_base_slide_inactive'====== Args={'is_removing': True, '_from_bcp': True}
2025-11-13 23:32:53,815 : INFO : EventManager : Event: ======'slide_base_slide_active'====== Args={'original_context': 'base', 'original_calling_context': 'mode_base_started', 'priority': 100.0, 'queue': '<QueuedEvent>', 'player': 1.0, 'ball': 2.0, 'balls_remaining': 1.0, 'is_extra_ball': False, 'cmd': 'slides_play', '_from_bcp': True}
2025-11-13 23:32:53,816 : INFO : EventManager : Event: ======'slide_base_slide_removed'====== Args={'_from_bcp': True}
2025-11-13 23:32:53,816 : INFO : ball_device.bd_trough : Setting up player-controlled eject. Balls: 1, Target: <playfield.playfield>, player_controlled_eject_event: None
2025-11-13 23:32:53,816 : INFO : ball_device.bd_trough : Adding 1 ball(s) to the eject_queue with target <playfield.playfield>.
2025-11-13 23:32:53,816 : INFO : EventManager : Event: ======'balldevice_balls_available'====== Args={}
2025-11-13 23:32:53,817 : INFO : ball_device.bd_trough : State: waiting_for_target_ready
2025-11-13 23:32:53,817 : INFO : EventManager : Event: ======'balldevice_bd_trough_ball_eject_attempt'====== Args={'balls': 1, 'target': <ball_device.bd_plunger>, 'source': <ball_device.bd_trough>, 'mechanical_eject': False, 'num_attempts': 0}
2025-11-13 23:32:53,817 : INFO : ball_device.bd_plunger : State: waiting_for_ball
2025-11-13 23:32:53,817 : INFO : ball_device.bd_trough : State: ejecting
2025-11-13 23:32:53,817 : INFO : ball_device.bd_trough : Ejecting ball to <ball_device.bd_plunger>
2025-11-13 23:32:53,817 : INFO : EventManager : Event: ======'balldevice_bd_trough_ejecting_ball'====== Args={'balls': 1, 'target': <ball_device.bd_plunger>, 'source': <ball_device.bd_trough>, 'mechanical_eject': False, 'num_attempts': 0}
2025-11-13 23:32:53,818 : INFO : ball_device.bd_trough : Wait for ball to leave device
2025-11-13 23:32:53,823 : INFO : coil.c_trough_eject : Pulsing Driver for 20ms (1.0 pulse_power)
2025-11-13 23:32:53,823 : INFO : SwitchController : <<<<<<< 's_trough2' inactive >>>>>>>
2025-11-13 23:32:53,823 : INFO : ball_device.bd_trough : State: ball_left
2025-11-13 23:32:53,823 : INFO : ball_device.bd_trough : Ball left
2025-11-13 23:32:53,823 : INFO : ball_device.bd_trough : Wait for confirm with timeout 3.0
2025-11-13 23:32:53,894 : INFO : SwitchController : <<<<<<< 's_trough1' active >>>>>>>
2025-11-13 23:32:53,894 : INFO : EventManager : Event: ======'machine_var_audits_switches_s_trough1'====== Args={'value': 391, 'prev_value': 390, 'change': 1}
2025-11-13 23:32:53,923 : INFO : SwitchController : <<<<<<< 's_plunger_lane' active >>>>>>>
2025-11-13 23:32:53,923 : INFO : EventManager : Event: ======'machine_var_audits_switches_s_plunger_lane'====== Args={'value': 996, 'prev_value': 995, 'change': 1}
2025-11-13 23:32:54,093 : WARNING : SwitchController : Received duplicate switch state 0 for switch s_drain from the platform interface. Log Code: Log-SwitchController-1 (https://missionpinball.org/logs)
2025-11-13 23:32:54,305 : INFO : EventManager : Event: ======'player_bumpers_bumper_timer_tick'====== Args={'value': 1, 'prev_value': 0, 'change': 1, 'player_num': 1}
2025-11-13 23:32:54,307 : INFO : Timer.bumper_timer : Timer Complete
2025-11-13 23:32:54,308 : INFO : Timer.bumper_timer : Stopping Timer
2025-11-13 23:32:54,308 : INFO : EventManager : Event: ======'timer_bumper_timer_stopped'====== Args={'ticks': 1, 'ticks_remaining': 1}
2025-11-13 23:32:54,308 : INFO : EventManager : Event: ======'timer_bumper_timer_complete'====== Args={'ticks': 1, 'ticks_remaining': 1}
2025-11-13 23:32:54,424 : INFO : ball_device.bd_plunger : Received ball from <ball_device.bd_trough>
2025-11-13 23:32:54,425 : INFO : EventManager : Event: ======'balldevice_bd_plunger_ball_enter'====== Args={'new_balls': 1, 'unclaimed_balls': 0, 'new_available_balls': 0, 'device': <ball_device.bd_plunger>}
2025-11-13 23:32:54,425 : INFO : EventManager : Event: ======'balldevice_bd_plunger_ball_entered'====== Args={'new_balls': 0, 'device': <ball_device.bd_plunger>}
2025-11-13 23:32:54,425 : INFO : EventManager : Event: ======'balldevice_bd_plunger_ball_count_changed'====== Args={'balls': 1}
2025-11-13 23:32:54,426 : INFO : ball_device.bd_trough : Got eject confirm
2025-11-13 23:32:54,426 : INFO : ball_device.bd_trough : Eject successful
2025-11-13 23:32:54,426 : INFO : EventManager : Event: ======'balldevice_bd_trough_ball_eject_success'====== Args={'balls': 1, 'target': <ball_device.bd_plunger>}
2025-11-13 23:32:54,426 : INFO : EventManager : Event: ======'balldevice_bd_trough_ball_count_changed'====== Args={'balls': 2}
2025-11-13 23:32:54,426 : INFO : ball_device.bd_trough : State: idle
2025-11-13 23:32:54,426 : INFO : ball_device.bd_plunger : State: waiting_for_target_ready
2025-11-13 23:32:54,426 : INFO : EventManager : Event: ======'balldevice_bd_plunger_ball_eject_attempt'====== Args={'balls': 1, 'target': <playfield.playfield>, 'source': <ball_device.bd_plunger>, 'mechanical_eject': False, 'num_attempts': 0}
2025-11-13 23:32:54,427 : INFO : EventManager : Event: ======'balldevice_bd_trough_ball_count_changed'====== Args={'balls': 3}
2025-11-13 23:32:54,427 : INFO : ball_device.bd_trough : Received ball from <ball_device.bd_drain>
2025-11-13 23:32:54,427 : INFO : EventManager : Event: ======'balldevice_bd_trough_ball_enter'====== Args={'new_balls': 1, 'unclaimed_balls': 0, 'new_available_balls': 0, 'device': <ball_device.bd_trough>}
2025-11-13 23:32:54,427 : INFO : ball_device.bd_plunger : State: ejecting
2025-11-13 23:32:54,427 : INFO : ball_device.bd_plunger : Ejecting ball to <playfield.playfield>
2025-11-13 23:32:54,427 : INFO : EventManager : Event: ======'balldevice_bd_plunger_ejecting_ball'====== Args={'balls': 1, 'target': <playfield.playfield>, 'source': <ball_device.bd_plunger>, 'mechanical_eject': False, 'num_attempts': 0}
2025-11-13 23:32:54,428 : INFO : EventManager : Event: ======'ball_drain'====== Args={'device': <ball_device.bd_trough>, 'balls': 0}
2025-11-13 23:32:54,428 : INFO : EventManager : Event: ======'balldevice_bd_trough_ball_entered'====== Args={'new_balls': 0, 'device': <ball_device.bd_trough>}
2025-11-13 23:32:54,428 : INFO : ball_device.bd_drain : Got eject confirm
2025-11-13 23:32:54,428 : INFO : ball_device.bd_drain : Eject successful
2025-11-13 23:32:54,428 : INFO : EventManager : Event: ======'balldevice_bd_drain_ball_eject_success'====== Args={'balls': 1, 'target': <ball_device.bd_trough>}
2025-11-13 23:32:54,429 : INFO : ball_device.bd_plunger : Wait for ball to leave device
2025-11-13 23:32:54,429 : INFO : coil.c_plunger : Pulsing Driver for 20ms (1.0 pulse_power)
2025-11-13 23:32:54,429 : INFO : SwitchController : <<<<<<< 's_plunger_lane' inactive >>>>>>>
2025-11-13 23:32:54,429 : INFO : EventManager : Event: ======'s_plunger_lane_inactive'====== Args={}
2025-11-13 23:32:54,429 : INFO : EventManager : Event: ======'logicblock_seq_skillshot_success_updated'====== Args={'value': 1, 'enabled': True}
2025-11-13 23:32:54,429 : INFO : EventManager : Event: ======'logicblock_seq_skillshot_success_hit'====== Args={'step': 1}
2025-11-13 23:32:54,429 : INFO : EventManager : Event: ======'balldevice_bd_drain_ball_count_changed'====== Args={'balls': 0}
2025-11-13 23:32:54,430 : INFO : ball_device.bd_drain : State: idle
2025-11-13 23:32:54,430 : INFO : ball_device.bd_plunger : State: ball_left
2025-11-13 23:32:54,430 : INFO : ball_device.bd_plunger : Ball left
2025-11-13 23:32:54,430 : INFO : ball_device.bd_plunger : Wait for confirm with timeout 3.0
2025-11-13 23:32:54,498 : INFO : EventManager : Event: ======'player_base_player_added_timer_tick'====== Args={'value': 1, 'prev_value': 0, 'change': 1, 'player_num': 1}
2025-11-13 23:32:54,498 : INFO : Timer.player_added_timer : Timer Complete
2025-11-13 23:32:54,498 : INFO : Timer.player_added_timer : Stopping Timer
2025-11-13 23:32:54,498 : INFO : EventManager : Event: ======'timer_player_added_timer_stopped'====== Args={'ticks': 1, 'ticks_remaining': 1}
2025-11-13 23:32:54,498 : INFO : EventManager : Event: ======'timer_player_added_timer_complete'====== Args={'ticks': 1, 'ticks_remaining': 1}
2025-11-13 23:32:54,504 : INFO : EventManager : Event: ======'player_csi_lanes_csi_lanes_timer_tick'====== Args={'value': 1, 'prev_value': 0, 'change': 1, 'player_num': 1}
2025-11-13 23:32:54,504 : INFO : Timer.csi_lanes_timer : Timer Complete
2025-11-13 23:32:54,504 : INFO : Timer.csi_lanes_timer : Stopping Timer
2025-11-13 23:32:54,505 : INFO : EventManager : Event: ======'timer_csi_lanes_timer_stopped'====== Args={'ticks': 1, 'ticks_remaining': 1}
2025-11-13 23:32:54,505 : INFO : EventManager : Event: ======'timer_csi_lanes_timer_complete'====== Args={'ticks': 1, 'ticks_remaining': 1}
2025-11-13 23:32:57,013 : INFO : SwitchController : <<<<<<< 's_plunger_lane' active >>>>>>>
2025-11-13 23:32:57,014 : INFO : EventManager : Event: ======'machine_var_audits_switches_s_plunger_lane'====== Args={'value': 997, 'prev_value': 996, 'change': 1}
2025-11-13 23:32:57,079 : INFO : SwitchController : <<<<<<< 's_plunger_lane' inactive >>>>>>>
2025-11-13 23:32:57,079 : INFO : EventManager : Event: ======'s_plunger_lane_inactive'====== Args={}
2025-11-13 23:32:57,432 : INFO : ball_device.bd_plunger : State: failed_confirm
2025-11-13 23:32:57,432 : INFO : ball_device.bd_plunger : Got timeout (3.0s) before confirm from <playfield.playfield>
2025-11-13 23:32:57,534 : INFO : ball_device.bd_plunger : Confirming eject because target is playfield and ball did not return.
2025-11-13 23:32:57,534 : INFO : ball_device.bd_plunger : Eject successful
2025-11-13 23:32:57,534 : INFO : EventManager : Event: ======'balldevice_bd_plunger_ball_eject_success'====== Args={'balls': 1, 'target': <playfield.playfield>}
2025-11-13 23:32:57,535 : INFO : EventManager : Event: ======'balldevice_playfield_ball_enter'====== Args={'new_balls': 1, 'unclaimed_balls': 1, 'device': <playfield.playfield>}
2025-11-13 23:32:57,535 : INFO : EventManager : Event: ======'playfield_ball_count_change'====== Args={'balls': 1, 'change': 1}
2025-11-13 23:32:57,536 : INFO : EventManager : Event: ======'balldevice_bd_plunger_ball_count_changed'====== Args={'balls': 0}
2025-11-13 23:32:57,536 : INFO : ball_device.bd_plunger : State: idle
2025-11-13 23:32:58,314 : INFO : SwitchController : <<<<<<< 's_right_orbit' active >>>>>>>
2025-11-13 23:32:58,315 : INFO : EventManager : Event: ======'s_right_orbit_active'====== Args={}
2025-11-13 23:32:58,315 : INFO : EventManager : Event: ======'machine_var_audits_switches_s_right_orbit'====== Args={'value': 113, 'prev_value': 112, 'change': 1}
2025-11-13 23:32:58,316 : INFO : EventManager : Event: ======'logicblock_seq_skillshot_success_updated'====== Args={'value': 2, 'enabled': True}
2025-11-13 23:32:58,316 : INFO : EventManager : Event: ======'logicblock_seq_skillshot_success_hit'====== Args={'step': 2}
2025-11-13 23:32:58,429 : INFO : SwitchController : <<<<<<< 's_right_orbit' inactive >>>>>>>
2025-11-13 23:32:59,114 : INFO : SwitchController : <<<<<<< 's_morgue' active >>>>>>>
2025-11-13 23:32:59,114 : INFO : EventManager : Event: ======'s_morgue_active'====== Args={}
2025-11-13 23:32:59,114 : INFO : EventManager : Event: ======'machine_var_audits_switches_s_morgue'====== Args={'value': 64, 'prev_value': 63, 'change': 1}
2025-11-13 23:32:59,115 : INFO : EventManager : Event: ======'logicblock_seq_skillshot_success_updated'====== Args={'value': 3, 'enabled': True}
2025-11-13 23:32:59,115 : INFO : EventManager : Event: ======'logicblock_seq_skillshot_success_hit'====== Args={'step': 3}
2025-11-13 23:32:59,115 : INFO : EventManager : Event: ======'seq_skillshot_success_done'====== Args={}
2025-11-13 23:32:59,116 : INFO : EventManager : Event: ======'logicblock_seq_skillshot_success_updated'====== Args={'value': 0, 'enabled': True}
2025-11-13 23:32:59,116 : INFO : EventManager : Event: ======'player_tmp_int'====== Args={'value': 600000, 'prev_value': 500000, 'change': 100000, 'player_num': 1, 'source': 'skillshot'}
2025-11-13 23:32:59,117 : INFO : EventManager : Event: ======'player_score'====== Args={'value': 1100000, 'prev_value': 500000, 'change': 600000, 'player_num': 1, 'source': 'skillshot'}
2025-11-13 23:32:59,117 : INFO : EventManager : Event: ======'player_skillshot_count'====== Args={'value': 2, 'prev_value': 1, 'change': 1, 'player_num': 1, 'source': 'skillshot'}
2025-11-13 23:32:59,128 : INFO : EventManager : Event: ======'widget_skillshot_widget_active'====== Args={'original_context': 'skillshot', 'original_calling_context': 'seq_skillshot_success_done', 'priority': 200.0, 'cmd': 'widgets_play', '_from_bcp': True}
2025-11-13 23:32:59,248 : INFO : SwitchController : <<<<<<< 's_morgue' inactive >>>>>>>
2025-11-13 23:33:01,127 : INFO : EventManager : Event: ======'widget_skillshot_widget_removed'====== Args={'_from_bcp': True}
2025-11-13 23:33:01,128 : INFO : EventManager : Event: ======'skillshoot_ended'====== Args={'priority': 0}
2025-11-13 23:33:01,128 : INFO : EventManager : Event: ======'mode_skillshot_will_stop'====== Args={}
2025-11-13 23:33:01,129 : INFO : EventManager : Event: ======'mode_skillshot_stopping'====== Args={}
2025-11-13 23:33:01,129 : INFO : Mode.skillshot : Stopped.
2025-11-13 23:33:01,129 : INFO : EventManager : Event: ======'modes_active_modes_changed'====== Args={}
2025-11-13 23:33:01,130 : INFO : EventManager : Event: ======'mode_skillshot_stopped'====== Args={}
2025-11-13 23:33:01,131 : INFO : EventManager : Event: ======'clear'====== Args={'key': 'skillshot'}
2025-11-13 23:33:03,808 : INFO : EventManager : Event: ======'player_skull_pause_timer_tick'====== Args={'value': 1, 'prev_value': 0, 'change': 1, 'player_num': 1}
2025-11-13 23:33:03,809 : INFO : Timer.pause_timer : Timer Complete
2025-11-13 23:33:03,809 : INFO : Timer.pause_timer : Stopping Timer
2025-11-13 23:33:03,810 : INFO : EventManager : Event: ======'timer_pause_timer_stopped'====== Args={'ticks': 1, 'ticks_remaining': 1}
2025-11-13 23:33:03,810 : INFO : EventManager : Event: ======'timer_pause_timer_complete'====== Args={'ticks': 1, 'ticks_remaining': 1}
2025-11-13 23:33:36,473 : INFO : Machine : Shutting down...
2025-11-13 23:33:36,474 : INFO : EventManager : Event: ======'shutdown'====== Args={}
2025-11-13 23:33:36,476 : INFO : EventManager : Event: ======'mode_game_will_stop'====== Args={}
2025-11-13 23:33:36,476 : INFO : EventManager : Event: ======'mode_game_stopping'====== Args={}
2025-11-13 23:33:36,477 : INFO : EventManager : Event: ======'mode_bumpers_will_stop'====== Args={}
2025-11-13 23:33:36,477 : INFO : EventManager : Event: ======'mode_bumpers_stopping'====== Args={}
2025-11-13 23:33:36,477 : INFO : EventManager : Event: ======'mode_csi_lanes_will_stop'====== Args={}
2025-11-13 23:33:36,477 : INFO : EventManager : Event: ======'mode_csi_lanes_stopping'====== Args={}
2025-11-13 23:33:36,477 : INFO : EventManager : Event: ======'mode_base_will_stop'====== Args={}
2025-11-13 23:33:36,478 : INFO : EventManager : Event: ======'mode_base_stopping'====== Args={}
2025-11-13 23:33:36,478 : INFO : EventManager : Event: ======'mode_skull_will_stop'====== Args={}
2025-11-13 23:33:36,478 : INFO : EventManager : Event: ======'mode_skull_stopping'====== Args={}
2025-11-13 23:33:36,478 : INFO : EventManager : Event: ======'stop_mode_bumpers'====== Args={'priority': 0}
2025-11-13 23:33:36,478 : INFO : EventManager : Event: ======'stop_mode_csi_lanes'====== Args={'priority': 0}
2025-11-13 23:33:36,478 : INFO : EventManager : Event: ======'stop_mode_skull'====== Args={'priority': 0}
2025-11-13 23:33:36,479 : INFO : Mode.skull : Stopped.
2025-11-13 23:33:36,479 : INFO : EventManager : Event: ======'modes_active_modes_changed'====== Args={}
2025-11-13 23:33:36,479 : INFO : EventManager : Event: ======'mode_skull_stopped'====== Args={}
2025-11-13 23:33:36,479 : INFO : EventManager : Event: ======'clear'====== Args={'key': 'skull'}
2025-11-13 23:33:36,479 : INFO : Timer.pause_timer : Stopping Timer
2025-11-13 23:33:36,479 : INFO : EventManager : Event: ======'timer_pause_timer_stopped'====== Args={'ticks': 1, 'ticks_remaining': 1}
2025-11-13 23:33:36,479 : INFO : Mode.base : Stopped.
2025-11-13 23:33:36,479 : INFO : EventManager : Event: ======'modes_active_modes_changed'====== Args={}
2025-11-13 23:33:36,479 : INFO : EventManager : Event: ======'mode_base_stopped'====== Args={}
2025-11-13 23:33:36,479 : INFO : EventManager : Event: ======'clear'====== Args={'key': 'base'}
2025-11-13 23:33:36,479 : INFO : Timer.player_added_timer : Stopping Timer
2025-11-13 23:33:36,480 : INFO : EventManager : Event: ======'timer_player_added_timer_stopped'====== Args={'ticks': 1, 'ticks_remaining': 1}
2025-11-13 23:33:36,480 : INFO : Mode.csi_lanes : Stopped.
2025-11-13 23:33:36,480 : INFO : EventManager : Event: ======'modes_active_modes_changed'====== Args={}
2025-11-13 23:33:36,480 : INFO : EventManager : Event: ======'mode_csi_lanes_stopped'====== Args={}
2025-11-13 23:33:36,480 : INFO : EventManager : Event: ======'clear'====== Args={'key': 'csi_lanes'}
2025-11-13 23:33:36,480 : INFO : Timer.csi_lanes_timer : Stopping Timer
2025-11-13 23:33:36,480 : INFO : EventManager : Event: ======'timer_csi_lanes_timer_stopped'====== Args={'ticks': 1, 'ticks_remaining': 1}
2025-11-13 23:33:36,481 : INFO : Timer.csi_right_orbit_timer : Stopping Timer
2025-11-13 23:33:36,481 : INFO : EventManager : Event: ======'timer_csi_right_orbit_timer_stopped'====== Args={'ticks': 0, 'ticks_remaining': 0}
2025-11-13 23:33:36,481 : INFO : Mode.bumpers : Stopped.
2025-11-13 23:33:36,481 : INFO : EventManager : Event: ======'modes_active_modes_changed'====== Args={}
2025-11-13 23:33:36,481 : INFO : EventManager : Event: ======'mode_bumpers_stopped'====== Args={}
2025-11-13 23:33:36,481 : INFO : EventManager : Event: ======'clear'====== Args={'key': 'bumpers'}
2025-11-13 23:33:36,482 : INFO : Timer.bumper_timer : Stopping Timer
2025-11-13 23:33:36,482 : INFO : EventManager : Event: ======'timer_bumper_timer_stopped'====== Args={'ticks': 1, 'ticks_remaining': 1}
2025-11-13 23:33:36,482 : INFO : Mode.game : Stopped.
2025-11-13 23:33:36,482 : INFO : EventManager : Event: ======'modes_active_modes_changed'====== Args={}
2025-11-13 23:33:36,483 : INFO : EventManager : Event: ======'mode_game_stopped'====== Args={}
2025-11-13 23:33:36,483 : INFO : EventManager : Event: ======'clear'====== Args={'key': 'game'}
2025-11-13 23:33:36,486 : INFO : root : MPF run loop ended.
