2025-11-04 00:23:01,096 : INFO : root : Loading config.
2025-11-04 00:23:01,097 : INFO : YamlMultifileConfigLoader : Machine config file #1: config.yaml
2025-11-04 00:23:01,097 : INFO : ConfigProcessor : Loading config from cache: /var/folders/m3/0d4y64_n3fn8tnkv3ydlhztw0000gn/T/5ca32a6c950d03116abbed96ca44d372.mpf_cache
2025-11-04 00:23:01,109 : INFO : ConfigProcessor : Loading config from cache: /var/folders/m3/0d4y64_n3fn8tnkv3ydlhztw0000gn/T/01c495fa7450a81b4be96cb699872531.mpf_cache
2025-11-04 00:23:01,109 : INFO : ConfigProcessor : Loading config from cache: /var/folders/m3/0d4y64_n3fn8tnkv3ydlhztw0000gn/T/bfde29b5bb803376b0637bb8f0da27a7.mpf_cache
2025-11-04 00:23:01,109 : INFO : ConfigProcessor : Loading config from cache: /var/folders/m3/0d4y64_n3fn8tnkv3ydlhztw0000gn/T/01c495fa7450a81b4be96cb699872531.mpf_cache
2025-11-04 00:23:01,109 : INFO : ConfigProcessor : Loading config from cache: /var/folders/m3/0d4y64_n3fn8tnkv3ydlhztw0000gn/T/3ae89e09515ff8d8b11d68f672b2cc51.mpf_cache
2025-11-04 00:23:01,109 : INFO : ConfigProcessor : Loading config from cache: /var/folders/m3/0d4y64_n3fn8tnkv3ydlhztw0000gn/T/4c420229fa75118c2461cfc9ff5a44e2.mpf_cache
2025-11-04 00:23:01,109 : INFO : ConfigProcessor : Loading config from cache: /var/folders/m3/0d4y64_n3fn8tnkv3ydlhztw0000gn/T/f5ee6852f1764324c8553249cc53c871.mpf_cache
2025-11-04 00:23:01,109 : INFO : Machine : Mission Pinball Framework Core Engine v0.80.0.dev10
2025-11-04 00:23:01,109 : INFO : Machine : Command line arguments: {'no_load_cache': False, 'create_config_cache': True, 'bcp': True, 'configfile': ['config.yaml'], 'force_assets_load': False, 'platform_integration_test': False, 'jsonlogging': False, 'logfile': 'logs/2025-11-04-00-23-01-mpf-mac.home.log', 'pause': False, 'production': False, 'text_ui': False, 'loglevel': 15, 'consoleloglevel': 20, 'force_platform': 'smart_virtual', 'syslog_address': None, 'full_logfile_path': '/Users/didiergilbin/Desktop/Homebrew_CSI/logs/2025-11-04-00-23-01-mpf-mac.home.log'}
2025-11-04 00:23:01,109 : INFO : Machine : MPF path: /Users/didiergilbin/mpfenv/lib/python3.13/site-packages/mpf
2025-11-04 00:23:01,109 : INFO : Machine : Machine path: /Users/didiergilbin/Desktop/Homebrew_CSI
2025-11-04 00:23:01,110 : INFO : Machine : Platform: darwin
2025-11-04 00:23:01,110 : INFO : Machine : Python executable location: /Users/didiergilbin/mpfenv/bin/python3.13
2025-11-04 00:23:01,110 : INFO : Machine : Python version: 3.13.7 (64-bit)
2025-11-04 00:23:01,110 : INFO : Machine : Initializing MPF...
2025-11-04 00:23:01,122 : INFO : EventManager : Event: ======'machine_var_credits_string'====== Args={'value': 'FREE PLAY', 'prev_value': None, 'change': True}
2025-11-04 00:23:01,126 : INFO : EventManager : Event: ======'machine_var_master_volume'====== Args={'value': 0.5, 'prev_value': None, 'change': True}
2025-11-04 00:23:01,126 : INFO : EventManager : Event: ======'machine_var_player1_score'====== Args={'value': 0, 'prev_value': None, 'change': True}
2025-11-04 00:23:01,126 : INFO : EventManager : Event: ======'machine_var_mpf_version'====== Args={'value': 'Mission Pinball Framework v0.80.0.dev10', 'prev_value': None, 'change': True}
2025-11-04 00:23:01,126 : INFO : EventManager : Event: ======'machine_var_mpf_extended_version'====== Args={'value': 'Mission Pinball Framework v0.80.0.dev10, Config version:6, Show version: 6, BCP version:1.1', 'prev_value': None, 'change': True}
2025-11-04 00:23:01,126 : INFO : EventManager : Event: ======'machine_var_python_version'====== Args={'value': '3.13.7', 'prev_value': None, 'change': True}
2025-11-04 00:23:01,131 : INFO : EventManager : Event: ======'machine_var_platform'====== Args={'value': 'macOS-15.6.1-arm64-arm-64bit-Mach-O', 'prev_value': None, 'change': True}
2025-11-04 00:23:01,131 : INFO : EventManager : Event: ======'machine_var_platform_system'====== Args={'value': 'Darwin', 'prev_value': None, 'change': True}
2025-11-04 00:23:01,131 : INFO : EventManager : Event: ======'machine_var_platform_release'====== Args={'value': '24.6.0', 'prev_value': None, 'change': True}
2025-11-04 00:23:01,131 : INFO : EventManager : Event: ======'machine_var_platform_version'====== Args={'value': 'Darwin Kernel Version 24.6.0: Mon Jul 14 11:30:40 PDT 2025; root:xnu-11417.140.69~1/RELEASE_ARM64_T8132', 'prev_value': None, 'change': True}
2025-11-04 00:23:01,132 : INFO : EventManager : Event: ======'machine_var_platform_machine'====== Args={'value': 'arm64', 'prev_value': None, 'change': True}
2025-11-04 00:23:01,132 : INFO : EventManager : Event: ======'machine_var_log_file_path'====== Args={'value': '/Users/didiergilbin/Desktop/Homebrew_CSI/logs/2025-11-04-00-23-01-mpf-mac.home.log', 'prev_value': None, 'change': True}
2025-11-04 00:23:01,132 : INFO : EventManager : Event: ======'init_phase_1'====== Args={}
2025-11-04 00:23:01,136 : INFO : EventManager : Event: ======'init_phase_2'====== Args={}
2025-11-04 00:23:01,137 : INFO : SwitchController : Found active switch: ('2', <Platform.SmartVirtual>) <switch.s_trough1>
2025-11-04 00:23:01,137 : INFO : SwitchController : Found active switch: ('3', <Platform.SmartVirtual>) <switch.s_trough2>
2025-11-04 00:23:01,137 : INFO : SwitchController : Found active switch: ('4', <Platform.SmartVirtual>) <switch.s_trough3>
2025-11-04 00:23:01,137 : INFO : SwitchController : Found active switch: ('5', <Platform.SmartVirtual>) <switch.s_trough4>
2025-11-04 00:23:01,137 : INFO : EventManager : Event: ======'bcp_connection_attempt'====== Args={'name': 'local_display', 'host': 'localhost', 'port': 5050}
2025-11-04 00:23:01,138 : INFO : BCPClientSocket : Connecting BCP to 'local_display' at localhost:5050...
2025-11-04 00:23:01,140 : INFO : BCPClientSocket : Connected BCP to 'local_display' localhost:5050
2025-11-04 00:23:01,140 : INFO : EventManager : Event: ======'bcp_clients_connected'====== Args={}
2025-11-04 00:23:01,140 : INFO : ball_device.bd_drain : BCH: Initial count: 0
2025-11-04 00:23:01,140 : INFO : ball_device.bd_drain : State: idle
2025-11-04 00:23:01,140 : INFO : ball_device.bd_trough : BCH: Initial count: 4
2025-11-04 00:23:01,141 : INFO : ball_device.bd_trough : State: idle
2025-11-04 00:23:01,141 : INFO : ball_device.bd_plunger : BCH: Initial count: 0
2025-11-04 00:23:01,141 : INFO : ball_device.bd_plunger : State: idle
2025-11-04 00:23:01,143 : INFO : EventManager : Event: ======'init_phase_3'====== Args={}
2025-11-04 00:23:01,144 : INFO : EventManager : Event: ======'init_phase_4'====== Args={}
2025-11-04 00:23:01,144 : INFO : BallController : Initial balls found: 4
2025-11-04 00:23:01,144 : INFO : EventManager : Event: ======'machine_var_audits_events_game_ended'====== Args={'value': 50, 'prev_value': None, 'change': True}
2025-11-04 00:23:01,144 : INFO : EventManager : Event: ======'machine_var_audits_events_game_started'====== Args={'value': 323, 'prev_value': None, 'change': True}
2025-11-04 00:23:01,144 : INFO : EventManager : Event: ======'machine_var_audits_missing_switches_s_drain'====== Args={'value': 25, 'prev_value': None, 'change': True}
2025-11-04 00:23:01,144 : INFO : EventManager : Event: ======'machine_var_audits_missing_switches_s_launch_button'====== Args={'value': 323, 'prev_value': None, 'change': True}
2025-11-04 00:23:01,144 : INFO : EventManager : Event: ======'machine_var_audits_missing_switches_s_left_flipper'====== Args={'value': 4, 'prev_value': None, 'change': True}
2025-11-04 00:23:01,144 : INFO : EventManager : Event: ======'machine_var_audits_missing_switches_s_popbumper1'====== Args={'value': 19, 'prev_value': None, 'change': True}
2025-11-04 00:23:01,144 : INFO : EventManager : Event: ======'machine_var_audits_missing_switches_s_popbumper2'====== Args={'value': 19, 'prev_value': None, 'change': True}
2025-11-04 00:23:01,144 : INFO : EventManager : Event: ======'machine_var_audits_missing_switches_s_popbumper3'====== Args={'value': 19, 'prev_value': None, 'change': True}
2025-11-04 00:23:01,144 : INFO : EventManager : Event: ======'machine_var_audits_missing_switches_s_right_flipper'====== Args={'value': 4, 'prev_value': None, 'change': True}
2025-11-04 00:23:01,144 : INFO : EventManager : Event: ======'machine_var_audits_missing_switches_s_sling_left'====== Args={'value': 323, 'prev_value': None, 'change': True}
2025-11-04 00:23:01,144 : INFO : EventManager : Event: ======'machine_var_audits_missing_switches_s_sling_right'====== Args={'value': 323, 'prev_value': None, 'change': True}
2025-11-04 00:23:01,144 : INFO : EventManager : Event: ======'machine_var_audits_missing_switches_s_trough1'====== Args={'value': 25, 'prev_value': None, 'change': True}
2025-11-04 00:23:01,144 : INFO : EventManager : Event: ======'machine_var_audits_missing_switches_s_trough2'====== Args={'value': 27, 'prev_value': None, 'change': True}
2025-11-04 00:23:01,144 : INFO : EventManager : Event: ======'machine_var_audits_missing_switches_s_trough3'====== Args={'value': 101, 'prev_value': None, 'change': True}
2025-11-04 00:23:01,144 : INFO : EventManager : Event: ======'machine_var_audits_missing_switches_s_trough4'====== Args={'value': 101, 'prev_value': None, 'change': True}
2025-11-04 00:23:01,144 : INFO : EventManager : Event: ======'machine_var_audits_missing_switches_s_trough_jam'====== Args={'value': 37, 'prev_value': None, 'change': True}
2025-11-04 00:23:01,144 : INFO : EventManager : Event: ======'machine_var_audits_player_score'====== Args={'value': {'average': 223095, 'top': [10210000, 1550000, 1070000, 1070000, 810000, 710000, 640000, 570000, 530000, 480000], 'total': 109}, 'prev_value': None, 'change': True}
2025-11-04 00:23:01,144 : INFO : EventManager : Event: ======'machine_var_audits_shots_bumper1'====== Args={'value': 3290, 'prev_value': None, 'change': True}
2025-11-04 00:23:01,144 : INFO : EventManager : Event: ======'machine_var_audits_shots_bumper2'====== Args={'value': 3241, 'prev_value': None, 'change': True}
2025-11-04 00:23:01,144 : INFO : EventManager : Event: ======'machine_var_audits_shots_bumper3'====== Args={'value': 2966, 'prev_value': None, 'change': True}
2025-11-04 00:23:01,144 : INFO : EventManager : Event: ======'machine_var_audits_switches_s_drain'====== Args={'value': 498, 'prev_value': None, 'change': True}
2025-11-04 00:23:01,144 : INFO : EventManager : Event: ======'machine_var_audits_switches_s_launch_button'====== Args={'value': 0, 'prev_value': None, 'change': True}
2025-11-04 00:23:01,144 : INFO : EventManager : Event: ======'machine_var_audits_switches_s_left_flipper'====== Args={'value': 141, 'prev_value': None, 'change': True}
2025-11-04 00:23:01,144 : INFO : EventManager : Event: ======'machine_var_audits_switches_s_plunger_lane'====== Args={'value': 675, 'prev_value': None, 'change': True}
2025-11-04 00:23:01,144 : INFO : EventManager : Event: ======'machine_var_audits_switches_s_popbumper1'====== Args={'value': 3334, 'prev_value': None, 'change': True}
2025-11-04 00:23:01,144 : INFO : EventManager : Event: ======'machine_var_audits_switches_s_popbumper2'====== Args={'value': 3282, 'prev_value': None, 'change': True}
2025-11-04 00:23:01,144 : INFO : EventManager : Event: ======'machine_var_audits_switches_s_popbumper3'====== Args={'value': 3008, 'prev_value': None, 'change': True}
2025-11-04 00:23:01,144 : INFO : EventManager : Event: ======'machine_var_audits_switches_s_right_flipper'====== Args={'value': 207, 'prev_value': None, 'change': True}
2025-11-04 00:23:01,144 : INFO : EventManager : Event: ======'machine_var_audits_switches_s_scoop'====== Args={'value': 257, 'prev_value': None, 'change': True}
2025-11-04 00:23:01,144 : INFO : EventManager : Event: ======'machine_var_audits_switches_s_sling_left'====== Args={'value': 0, 'prev_value': None, 'change': True}
2025-11-04 00:23:01,144 : INFO : EventManager : Event: ======'machine_var_audits_switches_s_sling_right'====== Args={'value': 0, 'prev_value': None, 'change': True}
2025-11-04 00:23:01,144 : INFO : EventManager : Event: ======'machine_var_audits_switches_s_start'====== Args={'value': 618, 'prev_value': None, 'change': True}
2025-11-04 00:23:01,144 : INFO : EventManager : Event: ======'machine_var_audits_switches_s_trough1'====== Args={'value': 350, 'prev_value': None, 'change': True}
2025-11-04 00:23:01,145 : INFO : EventManager : Event: ======'machine_var_audits_switches_s_trough2'====== Args={'value': 14, 'prev_value': None, 'change': True}
2025-11-04 00:23:01,145 : INFO : EventManager : Event: ======'machine_var_audits_switches_s_trough3'====== Args={'value': 1, 'prev_value': None, 'change': True}
2025-11-04 00:23:01,145 : INFO : EventManager : Event: ======'machine_var_audits_switches_s_trough4'====== Args={'value': 1, 'prev_value': None, 'change': True}
2025-11-04 00:23:01,145 : INFO : EventManager : Event: ======'machine_var_audits_switches_s_trough_jam'====== Args={'value': 8, 'prev_value': None, 'change': True}
2025-11-04 00:23:01,145 : INFO : EventManager : Event: ======'init_phase_5'====== Args={}
2025-11-04 00:23:01,145 : INFO : EventManager : Event: ======'init_done'====== Args={}
2025-11-04 00:23:01,145 : INFO : EventManager : Event: ======'machine_reset_phase_1'====== Args={}
2025-11-04 00:23:01,153 : INFO : EventManager : Event: ======'machine_reset_phase_2'====== Args={}
2025-11-04 00:23:01,153 : INFO : EventManager : Event: ======'machine_reset_phase_3'====== Args={}
2025-11-04 00:23:01,154 : INFO : EventManager : Event: ======'reset_complete'====== Args={}
2025-11-04 00:23:01,154 : INFO : EventManager : Event: ======'mode_attract_will_start'====== Args={}
2025-11-04 00:23:01,154 : INFO : Timer.attract_carousel_timer : Starting Timer.
2025-11-04 00:23:01,154 : INFO : EventManager : Event: ======'timer_attract_carousel_timer_started'====== Args={'ticks': 0, 'ticks_remaining': 1}
2025-11-04 00:23:01,154 : INFO : EventManager : Event: ======'timer_attract_carousel_timer_tick'====== Args={'ticks': 0, 'ticks_remaining': 1}
2025-11-04 00:23:01,154 : INFO : EventManager : Event: ======'mode_attract_starting'====== Args={}
2025-11-04 00:23:01,154 : INFO : Mode.attract : Started. Priority: 10
2025-11-04 00:23:01,155 : INFO : EventManager : Event: ======'modes_active_modes_changed'====== Args={}
2025-11-04 00:23:01,155 : INFO : EventManager : Event: ======'mode_attract_started'====== Args={}
2025-11-04 00:23:01,155 : INFO : EventManager : Event: ======'collecting_balls_complete'====== Args={}
2025-11-04 00:23:01,155 : INFO : EventManager : Event: ======'carousel_item_highlighted'====== Args={'carousel': 'attract', 'direction': None, 'item': 'title'}
2025-11-04 00:23:01,155 : INFO : Machine : Starting the main run loop with active modes: [<Mode.attract>]
2025-11-04 00:23:01,192 : INFO : EventManager : Event: ======'slide_attract_created'====== Args={'_from_bcp': True}
2025-11-04 00:23:01,192 : INFO : EventManager : Event: ======'slide__removed'====== Args={'_from_bcp': True}
2025-11-04 00:23:01,193 : INFO : EventManager : Event: ======'slide_attract_active'====== Args={'original_context': 'attract', 'original_calling_context': 'mode_attract_started', 'priority': 10.0, 'cmd': 'slides_play', '_from_bcp': True}
2025-11-04 00:23:01,693 : INFO : BcpServer : New client connected.
2025-11-04 00:23:02,536 : INFO : SwitchController : <<<<<<< 's_start' active >>>>>>>
2025-11-04 00:23:02,636 : INFO : SwitchController : <<<<<<< 's_start' inactive >>>>>>>
2025-11-04 00:23:02,637 : INFO : EventManager : Event: ======'request_to_start_game'====== Args={}
2025-11-04 00:23:02,638 : INFO : EventManager : Event: ======'game_start'====== Args={'buttons': [], 'hold_time': 0.10038762498879805}
2025-11-04 00:23:02,638 : INFO : EventManager : Event: ======'mode_game_will_start'====== Args={'buttons': [], 'hold_time': 0.10038762498879805}
2025-11-04 00:23:02,639 : INFO : EventManager : Event: ======'mode_game_starting'====== Args={'buttons': [], 'hold_time': 0.10038762498879805}
2025-11-04 00:23:02,640 : INFO : EventManager : Event: ======'mode_attract_will_stop'====== Args={}
2025-11-04 00:23:02,640 : INFO : EventManager : Event: ======'mode_attract_stopping'====== Args={}
2025-11-04 00:23:02,640 : INFO : Mode.attract : Stopped.
2025-11-04 00:23:02,640 : INFO : EventManager : Event: ======'modes_active_modes_changed'====== Args={}
2025-11-04 00:23:02,641 : INFO : EventManager : Event: ======'mode_attract_stopped'====== Args={}
2025-11-04 00:23:02,641 : INFO : EventManager : Event: ======'clear'====== Args={'key': 'attract'}
2025-11-04 00:23:02,641 : INFO : Timer.attract_carousel_timer : Stopping Timer
2025-11-04 00:23:02,642 : INFO : EventManager : Event: ======'timer_attract_carousel_timer_stopped'====== Args={'ticks': 0, 'ticks_remaining': 1}
2025-11-04 00:23:02,642 : INFO : Mode.game : Started. Priority: 20
2025-11-04 00:23:02,642 : INFO : EventManager : Event: ======'modes_active_modes_changed'====== Args={}
2025-11-04 00:23:02,642 : INFO : EventManager : Event: ======'mode_game_started'====== Args={'buttons': [], 'hold_time': 0.10038762498879805}
2025-11-04 00:23:02,643 : INFO : EventManager : Event: ======'game_will_start'====== Args={}
2025-11-04 00:23:02,644 : INFO : EventManager : Event: ======'game_starting'====== Args={'game': <Mode.game>}
2025-11-04 00:23:02,644 : INFO : EventManager : Unordered handler for class <Auditor> on event game_ended with priority 1. Handlers: [RegisteredHandler(callback=<bound method Auditor.disable of <Auditor>>, priority=1, kwargs={}, key=UUID('cff1ef42-2f67-4845-a885-d29977099a7f'), condition=None, blocking_facility=None), RegisteredHandler(callback=<bound method Auditor._save_audits of <Auditor>>, priority=1, kwargs={}, key=UUID('633550b3-c5a9-44cb-9afc-784aafe93740'), condition=None, blocking_facility=None)]. The order of those handlers is not defined and they will be executed in random order. This might lead to race conditions and potential bugs.
2025-11-04 00:23:02,645 : INFO : EventManager : Event: ======'player_add_request'====== Args={}
2025-11-04 00:23:02,645 : INFO : EventManager : Event: ======'player_will_add'====== Args={'number': 1}
2025-11-04 00:23:02,645 : INFO : EventManager : Event: ======'player_adding'====== Args={'player': <Player 1>, 'number': 1}
2025-11-04 00:23:02,645 : INFO : EventManager : Event: ======'player_added'====== Args={'player': <Player 1>, 'num': 1}
2025-11-04 00:23:02,646 : INFO : Mode.game : Player added successfully. Total players: 1
2025-11-04 00:23:02,646 : INFO : EventManager : Event: ======'player_index'====== Args={'value': 0, 'prev_value': 0, 'change': 0, 'player_num': 1}
2025-11-04 00:23:02,646 : INFO : EventManager : Event: ======'player_number'====== Args={'value': 1, 'prev_value': 1, 'change': 0, 'player_num': 1}
2025-11-04 00:23:02,647 : INFO : EventManager : Event: ======'player_score'====== Args={'value': 0, 'prev_value': 0, 'change': 0, 'player_num': 1}
2025-11-04 00:23:02,647 : INFO : EventManager : Event: ======'game_started'====== Args={}
2025-11-04 00:23:02,647 : INFO : EventManager : Event: ======'player_turn_will_start'====== Args={'player': <Player 1>, 'number': 1}
2025-11-04 00:23:02,648 : INFO : EventManager : Event: ======'player_turn_starting'====== Args={'player': <Player 1>, 'number': 1}
2025-11-04 00:23:02,653 : INFO : EventManager : Event: ======'player_ball'====== Args={'value': 1, 'prev_value': 0, 'change': 1, 'player_num': 1}
2025-11-04 00:23:02,654 : INFO : EventManager : Event: ======'player_turn_started'====== Args={'player': <Player 1>, 'number': 1}
2025-11-04 00:23:02,655 : INFO : EventManager : Event: ======'ball_will_start'====== Args={'player': 1, 'ball': 1, 'balls_remaining': 2, 'is_extra_ball': False}
2025-11-04 00:23:02,656 : INFO : EventManager : Event: ======'ball_starting'====== Args={'player': 1, 'ball': 1, 'balls_remaining': 2, 'is_extra_ball': False}
2025-11-04 00:23:02,656 : INFO : EventManager : Event: ======'mode_base_will_start'====== Args={'queue': <QueuedEvent>, 'player': 1, 'ball': 1, 'balls_remaining': 2, 'is_extra_ball': False}
2025-11-04 00:23:02,656 : INFO : EventManager : Event: ======'player_base_player_added_timer_tick'====== Args={'value': 0, 'prev_value': 0, 'change': 0, 'player_num': 1}
2025-11-04 00:23:02,657 : INFO : Timer.player_added_timer : Starting Timer.
2025-11-04 00:23:02,657 : INFO : EventManager : Event: ======'timer_player_added_timer_started'====== Args={'ticks': 0, 'ticks_remaining': 1}
2025-11-04 00:23:02,657 : INFO : EventManager : Event: ======'timer_player_added_timer_tick'====== Args={'ticks': 0, 'ticks_remaining': 1}
2025-11-04 00:23:02,658 : INFO : EventManager : Event: ======'mode_base_starting'====== Args={'queue': <QueuedEvent>, 'player': 1, 'ball': 1, 'balls_remaining': 2, 'is_extra_ball': False}
2025-11-04 00:23:02,658 : INFO : Mode.base : Started. Priority: 100
2025-11-04 00:23:02,658 : INFO : EventManager : Event: ======'modes_active_modes_changed'====== Args={}
2025-11-04 00:23:02,658 : INFO : EventManager : Event: ======'mode_base_started'====== Args={'queue': <QueuedEvent>, 'player': 1, 'ball': 1, 'balls_remaining': 2, 'is_extra_ball': False}
2025-11-04 00:23:02,659 : INFO : EventManager : Event: ======'start_mode_bumpers'====== Args={'priority': 0}
2025-11-04 00:23:02,659 : INFO : EventManager : Event: ======'mode_bumpers_will_start'====== Args={'priority': 0}
2025-11-04 00:23:02,659 : INFO : EventManager : Event: ======'player_shot_bumper1_enabled'====== Args={'value': True, 'prev_value': 0, 'change': 1, 'player_num': 1}
2025-11-04 00:23:02,660 : INFO : EventManager : Event: ======'player_shot_bumper2_enabled'====== Args={'value': True, 'prev_value': 0, 'change': 1, 'player_num': 1}
2025-11-04 00:23:02,660 : INFO : EventManager : Event: ======'player_shot_bumper3_enabled'====== Args={'value': True, 'prev_value': 0, 'change': 1, 'player_num': 1}
2025-11-04 00:23:02,661 : INFO : EventManager : Event: ======'bumpers_complete'====== Args={'state': 'unlit'}
2025-11-04 00:23:02,661 : INFO : EventManager : Event: ======'bumpers_unlit_complete'====== Args={}
2025-11-04 00:23:02,661 : INFO : EventManager : Event: ======'mode_bumpers_starting'====== Args={'priority': 0}
2025-11-04 00:23:02,662 : INFO : Mode.bumpers : Started. Priority: 200
2025-11-04 00:23:02,662 : INFO : EventManager : Event: ======'modes_active_modes_changed'====== Args={}
2025-11-04 00:23:02,662 : INFO : EventManager : Event: ======'mode_bumpers_started'====== Args={'priority': 0}
2025-11-04 00:23:02,662 : INFO : EventManager : Event: ======'balls_in_play'====== Args={'balls': 1}
2025-11-04 00:23:02,663 : INFO : EventManager : Event: ======'ball_started'====== Args={'player': 1, 'ball': 1, 'balls_remaining': 2, 'is_extra_ball': False}
2025-11-04 00:23:02,663 : INFO : EventManager : Event: ======'single_player_ball_started'====== Args={}
2025-11-04 00:23:02,664 : INFO : EventManager : Event: ======'ball_start_target'====== Args={'target': 'playfield'}
2025-11-04 00:23:02,664 : INFO : ball_device.bd_trough : Setting up player-controlled eject. Balls: 1, Target: <playfield.playfield>, player_controlled_eject_event: None
2025-11-04 00:23:02,664 : INFO : ball_device.bd_trough : Adding 1 ball(s) to the eject_queue with target <playfield.playfield>.
2025-11-04 00:23:02,664 : INFO : EventManager : Event: ======'balldevice_balls_available'====== Args={}
2025-11-04 00:23:02,665 : INFO : ball_device.bd_trough : State: waiting_for_target_ready
2025-11-04 00:23:02,665 : INFO : EventManager : Event: ======'balldevice_bd_trough_ball_eject_attempt'====== Args={'balls': 1, 'target': <ball_device.bd_plunger>, 'source': <ball_device.bd_trough>, 'mechanical_eject': False, 'num_attempts': 0}
2025-11-04 00:23:02,665 : INFO : ball_device.bd_plunger : State: waiting_for_ball
2025-11-04 00:23:02,665 : INFO : ball_device.bd_trough : State: ejecting
2025-11-04 00:23:02,666 : INFO : ball_device.bd_trough : Ejecting ball to <ball_device.bd_plunger>
2025-11-04 00:23:02,666 : INFO : EventManager : Event: ======'balldevice_bd_trough_ejecting_ball'====== Args={'balls': 1, 'target': <ball_device.bd_plunger>, 'source': <ball_device.bd_trough>, 'mechanical_eject': False, 'num_attempts': 0}
2025-11-04 00:23:02,666 : INFO : ball_device.bd_trough : Wait for ball to leave device
2025-11-04 00:23:02,666 : INFO : coil.c_trough_eject : Pulsing Driver for 20ms (1.0 pulse_power)
2025-11-04 00:23:02,666 : INFO : SwitchController : <<<<<<< 's_trough1' inactive >>>>>>>
2025-11-04 00:23:02,667 : INFO : ball_device.bd_trough : State: ball_left
2025-11-04 00:23:02,667 : INFO : ball_device.bd_trough : Ball left
2025-11-04 00:23:02,667 : INFO : ball_device.bd_trough : Wait for confirm with timeout 3.0
2025-11-04 00:23:02,768 : INFO : SwitchController : <<<<<<< 's_plunger_lane' active >>>>>>>
2025-11-04 00:23:02,768 : INFO : EventManager : Event: ======'machine_var_audits_switches_s_plunger_lane'====== Args={'value': 676, 'prev_value': 675, 'change': 1}
2025-11-04 00:23:02,840 : INFO : EventManager : Event: ======'slide_base_slide_created'====== Args={'_from_bcp': True}
2025-11-04 00:23:02,840 : INFO : EventManager : Event: ======'slide_attract_inactive'====== Args={'is_removing': True, '_from_bcp': True}
2025-11-04 00:23:02,840 : INFO : EventManager : Event: ======'slide_base_slide_active'====== Args={'original_context': 'base', 'original_calling_context': 'mode_base_started', 'priority': 100.0, 'queue': '<QueuedEvent>', 'player': 1.0, 'ball': 1.0, 'balls_remaining': 2.0, 'is_extra_ball': False, 'cmd': 'slides_play', '_from_bcp': True}
2025-11-04 00:23:02,841 : INFO : EventManager : Event: ======'slide_attract_removed'====== Args={'_from_bcp': True}
2025-11-04 00:23:03,269 : INFO : ball_device.bd_plunger : Received ball from <ball_device.bd_trough>
2025-11-04 00:23:03,270 : INFO : EventManager : Event: ======'balldevice_bd_plunger_ball_enter'====== Args={'new_balls': 1, 'unclaimed_balls': 0, 'new_available_balls': 0, 'device': <ball_device.bd_plunger>}
2025-11-04 00:23:03,271 : INFO : EventManager : Event: ======'balldevice_bd_plunger_ball_entered'====== Args={'new_balls': 0, 'device': <ball_device.bd_plunger>}
2025-11-04 00:23:03,272 : INFO : EventManager : Event: ======'balldevice_bd_plunger_ball_count_changed'====== Args={'balls': 1}
2025-11-04 00:23:03,272 : INFO : ball_device.bd_trough : Got eject confirm
2025-11-04 00:23:03,272 : INFO : ball_device.bd_trough : Eject successful
2025-11-04 00:23:03,272 : INFO : EventManager : Event: ======'balldevice_bd_trough_ball_eject_success'====== Args={'balls': 1, 'target': <ball_device.bd_plunger>}
2025-11-04 00:23:03,273 : INFO : EventManager : Event: ======'balldevice_bd_trough_ball_count_changed'====== Args={'balls': 3}
2025-11-04 00:23:03,274 : INFO : ball_device.bd_trough : State: idle
2025-11-04 00:23:03,274 : INFO : ball_device.bd_plunger : State: waiting_for_target_ready
2025-11-04 00:23:03,274 : INFO : EventManager : Event: ======'balldevice_bd_plunger_ball_eject_attempt'====== Args={'balls': 1, 'target': <playfield.playfield>, 'source': <ball_device.bd_plunger>, 'mechanical_eject': False, 'num_attempts': 0}
2025-11-04 00:23:03,275 : INFO : ball_device.bd_plunger : State: ejecting
2025-11-04 00:23:03,276 : INFO : ball_device.bd_plunger : Ejecting ball to <playfield.playfield>
2025-11-04 00:23:03,276 : INFO : EventManager : Event: ======'balldevice_bd_plunger_ejecting_ball'====== Args={'balls': 1, 'target': <playfield.playfield>, 'source': <ball_device.bd_plunger>, 'mechanical_eject': False, 'num_attempts': 0}
2025-11-04 00:23:03,277 : INFO : ball_device.bd_plunger : Wait for ball to leave device
2025-11-04 00:23:03,277 : INFO : coil.c_plunger : Pulsing Driver for 20ms (1.0 pulse_power)
2025-11-04 00:23:03,277 : INFO : SwitchController : <<<<<<< 's_plunger_lane' inactive >>>>>>>
2025-11-04 00:23:03,278 : INFO : ball_device.bd_plunger : State: ball_left
2025-11-04 00:23:03,278 : INFO : ball_device.bd_plunger : Ball left
2025-11-04 00:23:03,279 : INFO : ball_device.bd_plunger : Wait for confirm with timeout 3.0
2025-11-04 00:23:03,358 : INFO : EventManager : Event: ======'player_base_player_added_timer_tick'====== Args={'value': 1, 'prev_value': 0, 'change': 1, 'player_num': 1}
2025-11-04 00:23:03,358 : INFO : Timer.player_added_timer : Timer Complete
2025-11-04 00:23:03,358 : INFO : Timer.player_added_timer : Stopping Timer
2025-11-04 00:23:03,358 : INFO : EventManager : Event: ======'timer_player_added_timer_stopped'====== Args={'ticks': 1, 'ticks_remaining': 1}
2025-11-04 00:23:03,358 : INFO : EventManager : Event: ======'timer_player_added_timer_complete'====== Args={'ticks': 1, 'ticks_remaining': 1}
2025-11-04 00:23:03,502 : INFO : SwitchController : <<<<<<< 's_start' active >>>>>>>
2025-11-04 00:23:03,502 : INFO : EventManager : Event: ======'sw_start'====== Args={}
2025-11-04 00:23:03,502 : INFO : EventManager : Event: ======'machine_var_audits_switches_s_start'====== Args={'value': 619, 'prev_value': 618, 'change': 1}
2025-11-04 00:23:03,502 : INFO : EventManager : Event: ======'player_add_request'====== Args={}
2025-11-04 00:23:03,502 : INFO : EventManager : Event: ======'player_will_add'====== Args={'number': 2}
2025-11-04 00:23:03,503 : INFO : EventManager : Event: ======'player_adding'====== Args={'player': <Player 2>, 'number': 2}
2025-11-04 00:23:03,503 : INFO : EventManager : Event: ======'player_added'====== Args={'player': <Player 2>, 'num': 2}
2025-11-04 00:23:03,503 : INFO : Mode.game : Player added successfully. Total players: 2
2025-11-04 00:23:03,503 : INFO : EventManager : Event: ======'multiplayer_game'====== Args={}
2025-11-04 00:23:03,503 : INFO : EventManager : Event: ======'player_base_player_added_timer_tick'====== Args={'value': 0, 'prev_value': 1, 'change': -1, 'player_num': 1}
2025-11-04 00:23:03,503 : INFO : Timer.player_added_timer : Starting Timer.
2025-11-04 00:23:03,503 : INFO : EventManager : Event: ======'timer_player_added_timer_started'====== Args={'ticks': 0, 'ticks_remaining': 1}
2025-11-04 00:23:03,504 : INFO : EventManager : Event: ======'timer_player_added_timer_tick'====== Args={'ticks': 0, 'ticks_remaining': 1}
2025-11-04 00:23:03,504 : INFO : EventManager : Event: ======'player_index'====== Args={'value': 1, 'prev_value': 1, 'change': 0, 'player_num': 2}
2025-11-04 00:23:03,504 : INFO : EventManager : Event: ======'player_number'====== Args={'value': 2, 'prev_value': 2, 'change': 0, 'player_num': 2}
2025-11-04 00:23:03,504 : INFO : EventManager : Event: ======'player_score'====== Args={'value': 0, 'prev_value': 0, 'change': 0, 'player_num': 2}
2025-11-04 00:23:03,531 : INFO : EventManager : Event: ======'widget_player_addded_widget_active'====== Args={'original_context': 'base', 'original_calling_context': 'player_added', 'priority': 100.0, 'player': '<Player 2>', 'num': 2.0, 'cmd': 'widgets_play', '_from_bcp': True}
2025-11-04 00:23:03,568 : INFO : SwitchController : <<<<<<< 's_start' inactive >>>>>>>
2025-11-04 00:23:04,202 : INFO : SwitchController : <<<<<<< 's_scoop' active >>>>>>>
2025-11-04 00:23:04,202 : INFO : EventManager : Event: ======'s_scoop_active'====== Args={}
2025-11-04 00:23:04,203 : INFO : EventManager : Event: ======'machine_var_audits_switches_s_scoop'====== Args={'value': 258, 'prev_value': 257, 'change': 1}
2025-11-04 00:23:04,204 : INFO : EventManager : Event: ======'start_mode_selectmission'====== Args={'priority': 0}
2025-11-04 00:23:04,204 : INFO : EventManager : Event: ======'mode_selectmission_will_start'====== Args={'priority': 0}
2025-11-04 00:23:04,205 : INFO : EventManager : Event: ======'mode_selectmission_starting'====== Args={'priority': 0}
2025-11-04 00:23:04,206 : INFO : Mode.selectmission : Started. Priority: 200
2025-11-04 00:23:04,206 : INFO : EventManager : Event: ======'modes_active_modes_changed'====== Args={}
2025-11-04 00:23:04,206 : INFO : EventManager : Event: ======'mode_selectmission_started'====== Args={'priority': 0}
2025-11-04 00:23:04,207 : INFO : EventManager : Event: ======'player_base_player_added_timer_tick'====== Args={'value': 1, 'prev_value': 0, 'change': 1, 'player_num': 1}
2025-11-04 00:23:04,208 : INFO : Timer.player_added_timer : Timer Complete
2025-11-04 00:23:04,208 : INFO : Timer.player_added_timer : Stopping Timer
2025-11-04 00:23:04,208 : INFO : EventManager : Event: ======'timer_player_added_timer_stopped'====== Args={'ticks': 1, 'ticks_remaining': 1}
2025-11-04 00:23:04,208 : INFO : EventManager : Event: ======'timer_player_added_timer_complete'====== Args={'ticks': 1, 'ticks_remaining': 1}
2025-11-04 00:23:04,257 : INFO : EventManager : Event: ======'slide_selectmiss_created'====== Args={'_from_bcp': True}
2025-11-04 00:23:04,257 : INFO : EventManager : Event: ======'slide_base_slide_inactive'====== Args={'is_removing': False, '_from_bcp': True}
2025-11-04 00:23:04,257 : INFO : EventManager : Event: ======'slide_selectmiss_active'====== Args={'original_context': 'selectmission', 'original_calling_context': 'mode_selectmission_started', 'priority': 200.0, 'cmd': 'slides_play', '_from_bcp': True}
2025-11-04 00:23:04,284 : INFO : SwitchController : <<<<<<< 's_scoop' inactive >>>>>>>
2025-11-04 00:23:06,280 : INFO : ball_device.bd_plunger : State: failed_confirm
2025-11-04 00:23:06,280 : INFO : ball_device.bd_plunger : Got timeout (3.0s) before confirm from <playfield.playfield>
2025-11-04 00:23:06,382 : INFO : ball_device.bd_plunger : Confirming eject because target is playfield and ball did not return.
2025-11-04 00:23:06,382 : INFO : ball_device.bd_plunger : Eject successful
2025-11-04 00:23:06,382 : INFO : EventManager : Event: ======'balldevice_bd_plunger_ball_eject_success'====== Args={'balls': 1, 'target': <playfield.playfield>}
2025-11-04 00:23:06,383 : INFO : EventManager : Event: ======'balldevice_playfield_ball_enter'====== Args={'new_balls': 1, 'unclaimed_balls': 1, 'device': <playfield.playfield>}
2025-11-04 00:23:06,384 : INFO : EventManager : Event: ======'playfield_ball_count_change'====== Args={'balls': 1, 'change': 1}
2025-11-04 00:23:06,385 : INFO : EventManager : Event: ======'balldevice_bd_plunger_ball_count_changed'====== Args={'balls': 0}
2025-11-04 00:23:06,385 : INFO : ball_device.bd_plunger : State: idle
2025-11-04 00:23:20,586 : INFO : SwitchController : <<<<<<< 's_start' active >>>>>>>
2025-11-04 00:23:20,586 : INFO : EventManager : Event: ======'sw_start'====== Args={}
2025-11-04 00:23:20,587 : INFO : EventManager : Event: ======'machine_var_audits_switches_s_start'====== Args={'value': 620, 'prev_value': 619, 'change': 1}
2025-11-04 00:23:20,588 : INFO : EventManager : Event: ======'player_add_request'====== Args={}
2025-11-04 00:23:20,594 : INFO : EventManager : Event: ======'player_will_add'====== Args={'number': 3}
2025-11-04 00:23:20,596 : INFO : EventManager : Event: ======'player_adding'====== Args={'player': <Player 3>, 'number': 3}
2025-11-04 00:23:20,596 : INFO : EventManager : Event: ======'player_added'====== Args={'player': <Player 3>, 'num': 3}
2025-11-04 00:23:20,597 : INFO : Mode.game : Player added successfully. Total players: 3
2025-11-04 00:23:20,597 : INFO : EventManager : Event: ======'player_base_player_added_timer_tick'====== Args={'value': 0, 'prev_value': 1, 'change': -1, 'player_num': 1}
2025-11-04 00:23:20,597 : INFO : Timer.player_added_timer : Starting Timer.
2025-11-04 00:23:20,598 : INFO : EventManager : Event: ======'timer_player_added_timer_started'====== Args={'ticks': 0, 'ticks_remaining': 1}
2025-11-04 00:23:20,598 : INFO : EventManager : Event: ======'timer_player_added_timer_tick'====== Args={'ticks': 0, 'ticks_remaining': 1}
2025-11-04 00:23:20,598 : INFO : EventManager : Event: ======'player_index'====== Args={'value': 2, 'prev_value': 2, 'change': 0, 'player_num': 3}
2025-11-04 00:23:20,598 : INFO : EventManager : Event: ======'player_number'====== Args={'value': 3, 'prev_value': 3, 'change': 0, 'player_num': 3}
2025-11-04 00:23:20,599 : INFO : EventManager : Event: ======'player_score'====== Args={'value': 0, 'prev_value': 0, 'change': 0, 'player_num': 3}
2025-11-04 00:23:20,637 : INFO : EventManager : Event: ======'widget_player_addded_widget_active'====== Args={'original_context': 'base', 'original_calling_context': 'player_added', 'priority': 100.0, 'player': '<Player 3>', 'num': 3.0, 'cmd': 'widgets_play', '_from_bcp': True}
2025-11-04 00:23:20,703 : INFO : SwitchController : <<<<<<< 's_start' inactive >>>>>>>
2025-11-04 00:23:21,299 : INFO : EventManager : Event: ======'player_base_player_added_timer_tick'====== Args={'value': 1, 'prev_value': 0, 'change': 1, 'player_num': 1}
2025-11-04 00:23:21,300 : INFO : Timer.player_added_timer : Timer Complete
2025-11-04 00:23:21,300 : INFO : Timer.player_added_timer : Stopping Timer
2025-11-04 00:23:21,300 : INFO : EventManager : Event: ======'timer_player_added_timer_stopped'====== Args={'ticks': 1, 'ticks_remaining': 1}
2025-11-04 00:23:21,301 : INFO : EventManager : Event: ======'timer_player_added_timer_complete'====== Args={'ticks': 1, 'ticks_remaining': 1}
2025-11-04 00:23:21,319 : INFO : EventManager : Event: ======'widget_player_addded_widget_removed'====== Args={'_from_bcp': True}
2025-11-04 00:23:21,902 : INFO : SwitchController : <<<<<<< 's_start' active >>>>>>>
2025-11-04 00:23:21,903 : INFO : EventManager : Event: ======'sw_start'====== Args={}
2025-11-04 00:23:21,903 : INFO : EventManager : Event: ======'machine_var_audits_switches_s_start'====== Args={'value': 621, 'prev_value': 620, 'change': 1}
2025-11-04 00:23:21,904 : INFO : EventManager : Event: ======'player_add_request'====== Args={}
2025-11-04 00:23:21,905 : INFO : EventManager : Event: ======'player_will_add'====== Args={'number': 4}
2025-11-04 00:23:21,911 : INFO : EventManager : Event: ======'player_adding'====== Args={'player': <Player 4>, 'number': 4}
2025-11-04 00:23:21,912 : INFO : EventManager : Event: ======'player_added'====== Args={'player': <Player 4>, 'num': 4}
2025-11-04 00:23:21,914 : INFO : Mode.game : Player added successfully. Total players: 4
2025-11-04 00:23:21,914 : INFO : EventManager : Event: ======'player_base_player_added_timer_tick'====== Args={'value': 0, 'prev_value': 1, 'change': -1, 'player_num': 1}
2025-11-04 00:23:21,915 : INFO : Timer.player_added_timer : Starting Timer.
2025-11-04 00:23:21,915 : INFO : EventManager : Event: ======'timer_player_added_timer_started'====== Args={'ticks': 0, 'ticks_remaining': 1}
2025-11-04 00:23:21,915 : INFO : EventManager : Event: ======'timer_player_added_timer_tick'====== Args={'ticks': 0, 'ticks_remaining': 1}
2025-11-04 00:23:21,915 : INFO : EventManager : Event: ======'player_index'====== Args={'value': 3, 'prev_value': 3, 'change': 0, 'player_num': 4}
2025-11-04 00:23:21,915 : INFO : EventManager : Event: ======'player_number'====== Args={'value': 4, 'prev_value': 4, 'change': 0, 'player_num': 4}
2025-11-04 00:23:21,916 : INFO : EventManager : Event: ======'player_score'====== Args={'value': 0, 'prev_value': 0, 'change': 0, 'player_num': 4}
2025-11-04 00:23:21,937 : INFO : EventManager : Event: ======'widget_player_addded_widget_active'====== Args={'original_context': 'base', 'original_calling_context': 'player_added', 'priority': 100.0, 'player': '<Player 4>', 'num': 4.0, 'cmd': 'widgets_play', '_from_bcp': True}
2025-11-04 00:23:21,985 : INFO : SwitchController : <<<<<<< 's_start' inactive >>>>>>>
2025-11-04 00:23:22,615 : INFO : EventManager : Event: ======'player_base_player_added_timer_tick'====== Args={'value': 1, 'prev_value': 0, 'change': 1, 'player_num': 1}
2025-11-04 00:23:22,616 : INFO : Timer.player_added_timer : Timer Complete
2025-11-04 00:23:22,617 : INFO : Timer.player_added_timer : Stopping Timer
2025-11-04 00:23:22,617 : INFO : EventManager : Event: ======'timer_player_added_timer_stopped'====== Args={'ticks': 1, 'ticks_remaining': 1}
2025-11-04 00:23:22,617 : INFO : EventManager : Event: ======'timer_player_added_timer_complete'====== Args={'ticks': 1, 'ticks_remaining': 1}
2025-11-04 00:23:22,652 : INFO : EventManager : Event: ======'widget_player_addded_widget_removed'====== Args={'_from_bcp': True}
2025-11-04 00:23:23,169 : INFO : SwitchController : <<<<<<< 's_scoop' active >>>>>>>
2025-11-04 00:23:23,169 : INFO : EventManager : Event: ======'s_scoop_active'====== Args={}
2025-11-04 00:23:23,170 : INFO : EventManager : Event: ======'machine_var_audits_switches_s_scoop'====== Args={'value': 259, 'prev_value': 258, 'change': 1}
2025-11-04 00:23:23,171 : INFO : EventManager : Event: ======'stop_mode_selectmission'====== Args={'priority': 0}
2025-11-04 00:23:23,171 : INFO : EventManager : Event: ======'start_mode_selectmission'====== Args={'priority': 0}
2025-11-04 00:23:23,178 : INFO : EventManager : Event: ======'mode_selectmission_will_stop'====== Args={}
2025-11-04 00:23:23,180 : INFO : EventManager : Event: ======'mode_selectmission_stopping'====== Args={}
2025-11-04 00:23:23,180 : INFO : Mode.selectmission : Stopped.
2025-11-04 00:23:23,180 : INFO : EventManager : Event: ======'modes_active_modes_changed'====== Args={}
2025-11-04 00:23:23,181 : INFO : EventManager : Event: ======'mode_selectmission_stopped'====== Args={}
2025-11-04 00:23:23,181 : INFO : EventManager : Event: ======'clear'====== Args={'key': 'selectmission'}
2025-11-04 00:23:23,202 : INFO : EventManager : Event: ======'slide_selectmiss_inactive'====== Args={'is_removing': True, '_from_bcp': True}
2025-11-04 00:23:23,203 : INFO : EventManager : Event: ======'slide_base_slide_active'====== Args={'_from_bcp': True}
2025-11-04 00:23:23,204 : INFO : EventManager : Event: ======'slide_selectmiss_removed'====== Args={'_from_bcp': True}
2025-11-04 00:23:23,285 : INFO : SwitchController : <<<<<<< 's_scoop' inactive >>>>>>>
2025-11-04 00:23:23,786 : INFO : SwitchController : <<<<<<< 's_scoop' active >>>>>>>
2025-11-04 00:23:23,786 : INFO : EventManager : Event: ======'s_scoop_active'====== Args={}
2025-11-04 00:23:23,787 : INFO : EventManager : Event: ======'machine_var_audits_switches_s_scoop'====== Args={'value': 260, 'prev_value': 259, 'change': 1}
2025-11-04 00:23:23,788 : INFO : EventManager : Event: ======'start_mode_selectmission'====== Args={'priority': 0}
2025-11-04 00:23:23,788 : INFO : EventManager : Event: ======'mode_selectmission_will_start'====== Args={'priority': 0}
2025-11-04 00:23:23,789 : INFO : EventManager : Event: ======'mode_selectmission_starting'====== Args={'priority': 0}
2025-11-04 00:23:23,790 : INFO : Mode.selectmission : Started. Priority: 200
2025-11-04 00:23:23,790 : INFO : EventManager : Event: ======'modes_active_modes_changed'====== Args={}
2025-11-04 00:23:23,790 : INFO : EventManager : Event: ======'mode_selectmission_started'====== Args={'priority': 0}
2025-11-04 00:23:23,804 : INFO : EventManager : Event: ======'slide_selectmiss_created'====== Args={'_from_bcp': True}
2025-11-04 00:23:23,805 : INFO : EventManager : Event: ======'slide_base_slide_inactive'====== Args={'is_removing': False, '_from_bcp': True}
2025-11-04 00:23:23,805 : INFO : EventManager : Event: ======'slide_selectmiss_active'====== Args={'original_context': 'selectmission', 'original_calling_context': 'mode_selectmission_started', 'priority': 200.0, 'cmd': 'slides_play', '_from_bcp': True}
2025-11-04 00:23:23,935 : INFO : SwitchController : <<<<<<< 's_scoop' inactive >>>>>>>
2025-11-04 00:23:24,102 : INFO : SwitchController : <<<<<<< 's_scoop' active >>>>>>>
2025-11-04 00:23:24,103 : INFO : EventManager : Event: ======'s_scoop_active'====== Args={}
2025-11-04 00:23:24,103 : INFO : EventManager : Event: ======'machine_var_audits_switches_s_scoop'====== Args={'value': 261, 'prev_value': 260, 'change': 1}
2025-11-04 00:23:24,104 : INFO : EventManager : Event: ======'stop_mode_selectmission'====== Args={'priority': 0}
2025-11-04 00:23:24,105 : INFO : EventManager : Event: ======'start_mode_selectmission'====== Args={'priority': 0}
2025-11-04 00:23:24,105 : INFO : EventManager : Event: ======'mode_selectmission_will_stop'====== Args={}
2025-11-04 00:23:24,105 : INFO : EventManager : Event: ======'mode_selectmission_stopping'====== Args={}
2025-11-04 00:23:24,106 : INFO : Mode.selectmission : Stopped.
2025-11-04 00:23:24,106 : INFO : EventManager : Event: ======'modes_active_modes_changed'====== Args={}
2025-11-04 00:23:24,106 : INFO : EventManager : Event: ======'mode_selectmission_stopped'====== Args={}
2025-11-04 00:23:24,107 : INFO : EventManager : Event: ======'clear'====== Args={'key': 'selectmission'}
2025-11-04 00:23:24,119 : INFO : EventManager : Event: ======'slide_selectmiss_inactive'====== Args={'is_removing': True, '_from_bcp': True}
2025-11-04 00:23:24,120 : INFO : EventManager : Event: ======'slide_base_slide_active'====== Args={'_from_bcp': True}
2025-11-04 00:23:24,121 : INFO : EventManager : Event: ======'slide_selectmiss_removed'====== Args={'_from_bcp': True}
2025-11-04 00:23:24,235 : INFO : SwitchController : <<<<<<< 's_scoop' inactive >>>>>>>
2025-11-04 00:23:24,335 : INFO : SwitchController : <<<<<<< 's_scoop' active >>>>>>>
2025-11-04 00:23:24,335 : INFO : EventManager : Event: ======'s_scoop_active'====== Args={}
2025-11-04 00:23:24,335 : INFO : EventManager : Event: ======'machine_var_audits_switches_s_scoop'====== Args={'value': 262, 'prev_value': 261, 'change': 1}
2025-11-04 00:23:24,336 : INFO : EventManager : Event: ======'start_mode_selectmission'====== Args={'priority': 0}
2025-11-04 00:23:24,336 : INFO : EventManager : Event: ======'mode_selectmission_will_start'====== Args={'priority': 0}
2025-11-04 00:23:24,337 : INFO : EventManager : Event: ======'mode_selectmission_starting'====== Args={'priority': 0}
2025-11-04 00:23:24,337 : INFO : Mode.selectmission : Started. Priority: 200
2025-11-04 00:23:24,337 : INFO : EventManager : Event: ======'modes_active_modes_changed'====== Args={}
2025-11-04 00:23:24,337 : INFO : EventManager : Event: ======'mode_selectmission_started'====== Args={'priority': 0}
2025-11-04 00:23:24,353 : INFO : EventManager : Event: ======'slide_selectmiss_created'====== Args={'_from_bcp': True}
2025-11-04 00:23:24,354 : INFO : EventManager : Event: ======'slide_base_slide_inactive'====== Args={'is_removing': False, '_from_bcp': True}
2025-11-04 00:23:24,354 : INFO : EventManager : Event: ======'slide_selectmiss_active'====== Args={'original_context': 'selectmission', 'original_calling_context': 'mode_selectmission_started', 'priority': 200.0, 'cmd': 'slides_play', '_from_bcp': True}
2025-11-04 00:23:24,435 : INFO : SwitchController : <<<<<<< 's_scoop' inactive >>>>>>>
2025-11-04 00:23:25,420 : INFO : SwitchController : <<<<<<< 's_scoop' active >>>>>>>
2025-11-04 00:23:25,420 : INFO : EventManager : Event: ======'s_scoop_active'====== Args={}
2025-11-04 00:23:25,421 : INFO : EventManager : Event: ======'machine_var_audits_switches_s_scoop'====== Args={'value': 263, 'prev_value': 262, 'change': 1}
2025-11-04 00:23:25,422 : INFO : EventManager : Event: ======'stop_mode_selectmission'====== Args={'priority': 0}
2025-11-04 00:23:25,422 : INFO : EventManager : Event: ======'start_mode_selectmission'====== Args={'priority': 0}
2025-11-04 00:23:25,423 : INFO : EventManager : Event: ======'mode_selectmission_will_stop'====== Args={}
2025-11-04 00:23:25,423 : INFO : EventManager : Event: ======'mode_selectmission_stopping'====== Args={}
2025-11-04 00:23:25,423 : INFO : Mode.selectmission : Stopped.
2025-11-04 00:23:25,423 : INFO : EventManager : Event: ======'modes_active_modes_changed'====== Args={}
2025-11-04 00:23:25,424 : INFO : EventManager : Event: ======'mode_selectmission_stopped'====== Args={}
2025-11-04 00:23:25,424 : INFO : EventManager : Event: ======'clear'====== Args={'key': 'selectmission'}
2025-11-04 00:23:25,452 : INFO : EventManager : Event: ======'slide_selectmiss_inactive'====== Args={'is_removing': True, '_from_bcp': True}
2025-11-04 00:23:25,453 : INFO : EventManager : Event: ======'slide_base_slide_active'====== Args={'_from_bcp': True}
2025-11-04 00:23:25,453 : INFO : EventManager : Event: ======'slide_selectmiss_removed'====== Args={'_from_bcp': True}
2025-11-04 00:23:25,552 : INFO : SwitchController : <<<<<<< 's_scoop' inactive >>>>>>>
2025-11-04 00:23:46,443 : INFO : Machine : Shutting down...
2025-11-04 00:23:46,443 : INFO : EventManager : Event: ======'shutdown'====== Args={}
2025-11-04 00:23:46,445 : INFO : EventManager : Event: ======'mode_game_will_stop'====== Args={}
2025-11-04 00:23:46,445 : INFO : EventManager : Event: ======'mode_game_stopping'====== Args={}
2025-11-04 00:23:46,446 : INFO : EventManager : Event: ======'mode_base_will_stop'====== Args={}
2025-11-04 00:23:46,446 : INFO : EventManager : Event: ======'mode_base_stopping'====== Args={}
2025-11-04 00:23:46,446 : INFO : EventManager : Event: ======'mode_bumpers_will_stop'====== Args={}
2025-11-04 00:23:46,446 : INFO : EventManager : Event: ======'mode_bumpers_stopping'====== Args={}
2025-11-04 00:23:46,446 : INFO : EventManager : Event: ======'stop_mode_bumpers'====== Args={'priority': 0}
2025-11-04 00:23:46,446 : INFO : Mode.bumpers : Stopped.
2025-11-04 00:23:46,446 : INFO : EventManager : Event: ======'modes_active_modes_changed'====== Args={}
2025-11-04 00:23:46,446 : INFO : EventManager : Event: ======'mode_bumpers_stopped'====== Args={}
2025-11-04 00:23:46,446 : INFO : EventManager : Event: ======'clear'====== Args={'key': 'bumpers'}
2025-11-04 00:23:46,447 : INFO : Mode.base : Stopped.
2025-11-04 00:23:46,447 : INFO : EventManager : Event: ======'modes_active_modes_changed'====== Args={}
2025-11-04 00:23:46,447 : INFO : EventManager : Event: ======'mode_base_stopped'====== Args={}
2025-11-04 00:23:46,447 : INFO : EventManager : Event: ======'clear'====== Args={'key': 'base'}
2025-11-04 00:23:46,447 : INFO : Timer.player_added_timer : Stopping Timer
2025-11-04 00:23:46,447 : INFO : EventManager : Event: ======'timer_player_added_timer_stopped'====== Args={'ticks': 1, 'ticks_remaining': 1}
2025-11-04 00:23:46,447 : INFO : Mode.game : Stopped.
2025-11-04 00:23:46,447 : INFO : EventManager : Event: ======'modes_active_modes_changed'====== Args={}
2025-11-04 00:23:46,447 : INFO : EventManager : Event: ======'mode_game_stopped'====== Args={}
2025-11-04 00:23:46,447 : INFO : EventManager : Event: ======'clear'====== Args={'key': 'game'}
2025-11-04 00:23:46,462 : INFO : root : MPF run loop ended.
