2025-11-09 23:55:04,362 : INFO : root : Loading config.
2025-11-09 23:55:04,364 : INFO : YamlMultifileConfigLoader : Machine config file #1: config.yaml
2025-11-09 23:55:04,364 : INFO : ConfigProcessor : Loading config from cache: /var/folders/m3/0d4y64_n3fn8tnkv3ydlhztw0000gn/T/5ca32a6c950d03116abbed96ca44d372.mpf_cache
2025-11-09 23:55:04,377 : INFO : ConfigProcessor : Loading config from cache: /var/folders/m3/0d4y64_n3fn8tnkv3ydlhztw0000gn/T/01c495fa7450a81b4be96cb699872531.mpf_cache
2025-11-09 23:55:04,377 : INFO : ConfigProcessor : Loading config from cache: /var/folders/m3/0d4y64_n3fn8tnkv3ydlhztw0000gn/T/bfde29b5bb803376b0637bb8f0da27a7.mpf_cache
2025-11-09 23:55:04,377 : INFO : ConfigProcessor : Loading config from cache: /var/folders/m3/0d4y64_n3fn8tnkv3ydlhztw0000gn/T/01c495fa7450a81b4be96cb699872531.mpf_cache
2025-11-09 23:55:04,377 : INFO : ConfigProcessor : Loading config from cache: /var/folders/m3/0d4y64_n3fn8tnkv3ydlhztw0000gn/T/3ae89e09515ff8d8b11d68f672b2cc51.mpf_cache
2025-11-09 23:55:04,377 : INFO : ConfigProcessor : Loading config from cache: /var/folders/m3/0d4y64_n3fn8tnkv3ydlhztw0000gn/T/4c420229fa75118c2461cfc9ff5a44e2.mpf_cache
2025-11-09 23:55:04,377 : INFO : ConfigProcessor : Loading config from cache: /var/folders/m3/0d4y64_n3fn8tnkv3ydlhztw0000gn/T/f5ee6852f1764324c8553249cc53c871.mpf_cache
2025-11-09 23:55:04,377 : WARNING : ConfigProcessor : Config file in cache changed: /Users/didiergilbin/Desktop/Homebrew_CSI/modes/skull/config/skull.yaml
2025-11-09 23:55:04,377 : INFO : ConfigProcessor : Loading config from file /Users/didiergilbin/Desktop/Homebrew_CSI/modes/skull/config/skull.yaml.
2025-11-09 23:55:04,380 : INFO : ConfigProcessor : Loading config: /Users/didiergilbin/Desktop/Homebrew_CSI/modes/skull/config/skull.yaml
2025-11-09 23:55:04,380 : INFO : ConfigProcessor : Config file cache created: /var/folders/m3/0d4y64_n3fn8tnkv3ydlhztw0000gn/T/73ac54cb7a83dfa5473900e439743a84.mpf_cache
2025-11-09 23:55:04,381 : INFO : ConfigProcessor : Loading config from cache: /var/folders/m3/0d4y64_n3fn8tnkv3ydlhztw0000gn/T/97c87487bc6ae826da86d36a6e042c78.mpf_cache
2025-11-09 23:55:04,381 : INFO : Machine : Mission Pinball Framework Core Engine v0.80.0.dev10
2025-11-09 23:55:04,381 : INFO : Machine : Command line arguments: {'no_load_cache': False, 'create_config_cache': True, 'bcp': True, 'configfile': ['config.yaml'], 'force_assets_load': False, 'platform_integration_test': False, 'jsonlogging': False, 'logfile': 'logs/2025-11-09-23-55-04-mpf-device-242.home.log', 'pause': False, 'production': False, 'text_ui': False, 'loglevel': 15, 'consoleloglevel': 20, 'force_platform': 'smart_virtual', 'syslog_address': None, 'full_logfile_path': '/Users/didiergilbin/Desktop/Homebrew_CSI/logs/2025-11-09-23-55-04-mpf-device-242.home.log'}
2025-11-09 23:55:04,381 : INFO : Machine : MPF path: /Users/didiergilbin/mpfenv/lib/python3.13/site-packages/mpf
2025-11-09 23:55:04,381 : INFO : Machine : Machine path: /Users/didiergilbin/Desktop/Homebrew_CSI
2025-11-09 23:55:04,381 : INFO : Machine : Platform: darwin
2025-11-09 23:55:04,381 : INFO : Machine : Python executable location: /Users/didiergilbin/mpfenv/bin/python3.13
2025-11-09 23:55:04,381 : INFO : Machine : Python version: 3.13.7 (64-bit)
2025-11-09 23:55:04,381 : INFO : Machine : Initializing MPF...
2025-11-09 23:55:04,395 : INFO : EventManager : Event: ======'machine_var_credits_string'====== Args={'value': 'FREE PLAY', 'prev_value': None, 'change': True}
2025-11-09 23:55:04,398 : INFO : EventManager : Event: ======'machine_var_master_volume'====== Args={'value': 0.5, 'prev_value': None, 'change': True}
2025-11-09 23:55:04,399 : INFO : EventManager : Event: ======'machine_var_player1_score'====== Args={'value': 368000, 'prev_value': None, 'change': True}
2025-11-09 23:55:04,399 : INFO : EventManager : Event: ======'machine_var_player2_score'====== Args={'value': 24000, 'prev_value': None, 'change': True}
2025-11-09 23:55:04,399 : INFO : EventManager : Event: ======'machine_var_player3_score'====== Args={'value': 21000, 'prev_value': None, 'change': True}
2025-11-09 23:55:04,399 : INFO : EventManager : Event: ======'machine_var_player4_score'====== Args={'value': 0, 'prev_value': None, 'change': True}
2025-11-09 23:55:04,399 : INFO : EventManager : Event: ======'machine_var_mpf_version'====== Args={'value': 'Mission Pinball Framework v0.80.0.dev10', 'prev_value': None, 'change': True}
2025-11-09 23:55:04,399 : INFO : EventManager : Event: ======'machine_var_mpf_extended_version'====== Args={'value': 'Mission Pinball Framework v0.80.0.dev10, Config version:6, Show version: 6, BCP version:1.1', 'prev_value': None, 'change': True}
2025-11-09 23:55:04,399 : INFO : EventManager : Event: ======'machine_var_python_version'====== Args={'value': '3.13.7', 'prev_value': None, 'change': True}
2025-11-09 23:55:04,405 : INFO : EventManager : Event: ======'machine_var_platform'====== Args={'value': 'macOS-15.6.1-arm64-arm-64bit-Mach-O', 'prev_value': None, 'change': True}
2025-11-09 23:55:04,405 : INFO : EventManager : Event: ======'machine_var_platform_system'====== Args={'value': 'Darwin', 'prev_value': None, 'change': True}
2025-11-09 23:55:04,406 : INFO : EventManager : Event: ======'machine_var_platform_release'====== Args={'value': '24.6.0', 'prev_value': None, 'change': True}
2025-11-09 23:55:04,406 : INFO : EventManager : Event: ======'machine_var_platform_version'====== Args={'value': 'Darwin Kernel Version 24.6.0: Mon Jul 14 11:30:40 PDT 2025; root:xnu-11417.140.69~1/RELEASE_ARM64_T8132', 'prev_value': None, 'change': True}
2025-11-09 23:55:04,406 : INFO : EventManager : Event: ======'machine_var_platform_machine'====== Args={'value': 'arm64', 'prev_value': None, 'change': True}
2025-11-09 23:55:04,406 : INFO : EventManager : Event: ======'machine_var_log_file_path'====== Args={'value': '/Users/didiergilbin/Desktop/Homebrew_CSI/logs/2025-11-09-23-55-04-mpf-device-242.home.log', 'prev_value': None, 'change': True}
2025-11-09 23:55:04,406 : INFO : EventManager : Event: ======'init_phase_1'====== Args={}
2025-11-09 23:55:04,412 : INFO : EventManager : Event: ======'init_phase_2'====== Args={}
2025-11-09 23:55:04,413 : INFO : SwitchController : Found active switch: ('2', <Platform.SmartVirtual>) <switch.s_trough1>
2025-11-09 23:55:04,413 : INFO : SwitchController : Found active switch: ('3', <Platform.SmartVirtual>) <switch.s_trough2>
2025-11-09 23:55:04,413 : INFO : SwitchController : Found active switch: ('4', <Platform.SmartVirtual>) <switch.s_trough3>
2025-11-09 23:55:04,413 : INFO : SwitchController : Found active switch: ('5', <Platform.SmartVirtual>) <switch.s_trough4>
2025-11-09 23:55:04,414 : INFO : EventManager : Event: ======'bcp_connection_attempt'====== Args={'name': 'local_display', 'host': 'localhost', 'port': 5050}
2025-11-09 23:55:04,414 : INFO : BCPClientSocket : Connecting BCP to 'local_display' at localhost:5050...
2025-11-09 23:55:04,417 : INFO : BCPClientSocket : Connected BCP to 'local_display' localhost:5050
2025-11-09 23:55:04,417 : INFO : EventManager : Event: ======'bcp_clients_connected'====== Args={}
2025-11-09 23:55:04,417 : INFO : ball_device.bd_drain : BCH: Initial count: 0
2025-11-09 23:55:04,417 : INFO : ball_device.bd_drain : State: idle
2025-11-09 23:55:04,417 : INFO : ball_device.bd_trough : BCH: Initial count: 4
2025-11-09 23:55:04,418 : INFO : ball_device.bd_trough : State: idle
2025-11-09 23:55:04,418 : INFO : ball_device.bd_plunger : BCH: Initial count: 0
2025-11-09 23:55:04,418 : INFO : ball_device.bd_plunger : State: idle
2025-11-09 23:55:04,421 : INFO : EventManager : Event: ======'init_phase_3'====== Args={}
2025-11-09 23:55:04,421 : INFO : EventManager : Event: ======'init_phase_4'====== Args={}
2025-11-09 23:55:04,422 : INFO : BallController : Initial balls found: 4
2025-11-09 23:55:04,422 : INFO : EventManager : Event: ======'machine_var_audits_events_game_ended'====== Args={'value': 54, 'prev_value': None, 'change': True}
2025-11-09 23:55:04,422 : INFO : EventManager : Event: ======'machine_var_audits_events_game_started'====== Args={'value': 473, 'prev_value': None, 'change': True}
2025-11-09 23:55:04,422 : INFO : EventManager : Event: ======'machine_var_audits_missing_switches_s_drain'====== Args={'value': 34, 'prev_value': None, 'change': True}
2025-11-09 23:55:04,422 : INFO : EventManager : Event: ======'machine_var_audits_missing_switches_s_launch_button'====== Args={'value': 120, 'prev_value': None, 'change': True}
2025-11-09 23:55:04,422 : INFO : EventManager : Event: ======'machine_var_audits_missing_switches_s_left_flipper'====== Args={'value': 1, 'prev_value': None, 'change': True}
2025-11-09 23:55:04,422 : INFO : EventManager : Event: ======'machine_var_audits_missing_switches_s_left_inlane1'====== Args={'value': 6, 'prev_value': None, 'change': True}
2025-11-09 23:55:04,422 : INFO : EventManager : Event: ======'machine_var_audits_missing_switches_s_left_inlane2'====== Args={'value': 6, 'prev_value': None, 'change': True}
2025-11-09 23:55:04,422 : INFO : EventManager : Event: ======'machine_var_audits_missing_switches_s_left_outlane'====== Args={'value': 88, 'prev_value': None, 'change': True}
2025-11-09 23:55:04,422 : INFO : EventManager : Event: ======'machine_var_audits_missing_switches_s_popbumper1'====== Args={'value': 3, 'prev_value': None, 'change': True}
2025-11-09 23:55:04,422 : INFO : EventManager : Event: ======'machine_var_audits_missing_switches_s_popbumper2'====== Args={'value': 3, 'prev_value': None, 'change': True}
2025-11-09 23:55:04,422 : INFO : EventManager : Event: ======'machine_var_audits_missing_switches_s_popbumper3'====== Args={'value': 3, 'prev_value': None, 'change': True}
2025-11-09 23:55:04,422 : INFO : EventManager : Event: ======'machine_var_audits_missing_switches_s_right_inlane'====== Args={'value': 6, 'prev_value': None, 'change': True}
2025-11-09 23:55:04,422 : INFO : EventManager : Event: ======'machine_var_audits_missing_switches_s_right_orbit'====== Args={'value': 6, 'prev_value': None, 'change': True}
2025-11-09 23:55:04,422 : INFO : EventManager : Event: ======'machine_var_audits_missing_switches_s_right_outlane'====== Args={'value': 88, 'prev_value': None, 'change': True}
2025-11-09 23:55:04,422 : INFO : EventManager : Event: ======'machine_var_audits_missing_switches_s_scoop'====== Args={'value': 6, 'prev_value': None, 'change': True}
2025-11-09 23:55:04,422 : INFO : EventManager : Event: ======'machine_var_audits_missing_switches_s_sling_left'====== Args={'value': 473, 'prev_value': None, 'change': True}
2025-11-09 23:55:04,422 : INFO : EventManager : Event: ======'machine_var_audits_missing_switches_s_sling_right'====== Args={'value': 473, 'prev_value': None, 'change': True}
2025-11-09 23:55:04,422 : INFO : EventManager : Event: ======'machine_var_audits_missing_switches_s_start'====== Args={'value': 11, 'prev_value': None, 'change': True}
2025-11-09 23:55:04,422 : INFO : EventManager : Event: ======'machine_var_audits_missing_switches_s_trough1'====== Args={'value': 34, 'prev_value': None, 'change': True}
2025-11-09 23:55:04,422 : INFO : EventManager : Event: ======'machine_var_audits_missing_switches_s_trough2'====== Args={'value': 34, 'prev_value': None, 'change': True}
2025-11-09 23:55:04,422 : INFO : EventManager : Event: ======'machine_var_audits_missing_switches_s_trough3'====== Args={'value': 251, 'prev_value': None, 'change': True}
2025-11-09 23:55:04,422 : INFO : EventManager : Event: ======'machine_var_audits_missing_switches_s_trough4'====== Args={'value': 251, 'prev_value': None, 'change': True}
2025-11-09 23:55:04,422 : INFO : EventManager : Event: ======'machine_var_audits_missing_switches_s_trough_jam'====== Args={'value': 187, 'prev_value': None, 'change': True}
2025-11-09 23:55:04,422 : INFO : EventManager : Event: ======'machine_var_audits_player_score'====== Args={'value': {'average': 215167, 'top': [10210000, 1550000, 1070000, 1070000, 810000, 710000, 640000, 570000, 530000, 480000], 'total': 118}, 'prev_value': None, 'change': True}
2025-11-09 23:55:04,422 : INFO : EventManager : Event: ======'machine_var_audits_shots_bumper1'====== Args={'value': 4233, 'prev_value': None, 'change': True}
2025-11-09 23:55:04,422 : INFO : EventManager : Event: ======'machine_var_audits_shots_bumper2'====== Args={'value': 4133, 'prev_value': None, 'change': True}
2025-11-09 23:55:04,422 : INFO : EventManager : Event: ======'machine_var_audits_shots_bumper3'====== Args={'value': 3990, 'prev_value': None, 'change': True}
2025-11-09 23:55:04,422 : INFO : EventManager : Event: ======'machine_var_audits_shots_c_shot'====== Args={'value': 162, 'prev_value': None, 'change': True}
2025-11-09 23:55:04,422 : INFO : EventManager : Event: ======'machine_var_audits_shots_csi_shot'====== Args={'value': 9, 'prev_value': None, 'change': True}
2025-11-09 23:55:04,422 : INFO : EventManager : Event: ======'machine_var_audits_shots_i_shot'====== Args={'value': 135, 'prev_value': None, 'change': True}
2025-11-09 23:55:04,422 : INFO : EventManager : Event: ======'machine_var_audits_shots_s_shot'====== Args={'value': 152, 'prev_value': None, 'change': True}
2025-11-09 23:55:04,422 : INFO : EventManager : Event: ======'machine_var_audits_shots_switch_shot'====== Args={'value': 245, 'prev_value': None, 'change': True}
2025-11-09 23:55:04,422 : INFO : EventManager : Event: ======'machine_var_audits_switches_s_drain'====== Args={'value': 540, 'prev_value': None, 'change': True}
2025-11-09 23:55:04,422 : INFO : EventManager : Event: ======'machine_var_audits_switches_s_launch_button'====== Args={'value': 1, 'prev_value': None, 'change': True}
2025-11-09 23:55:04,422 : INFO : EventManager : Event: ======'machine_var_audits_switches_s_left_flipper'====== Args={'value': 410, 'prev_value': None, 'change': True}
2025-11-09 23:55:04,422 : INFO : EventManager : Event: ======'machine_var_audits_switches_s_left_inlane1'====== Args={'value': 172, 'prev_value': None, 'change': True}
2025-11-09 23:55:04,422 : INFO : EventManager : Event: ======'machine_var_audits_switches_s_left_inlane2'====== Args={'value': 159, 'prev_value': None, 'change': True}
2025-11-09 23:55:04,422 : INFO : EventManager : Event: ======'machine_var_audits_switches_s_left_outlane'====== Args={'value': 1, 'prev_value': None, 'change': True}
2025-11-09 23:55:04,422 : INFO : EventManager : Event: ======'machine_var_audits_switches_s_plunger_lane'====== Args={'value': 853, 'prev_value': None, 'change': True}
2025-11-09 23:55:04,422 : INFO : EventManager : Event: ======'machine_var_audits_switches_s_popbumper1'====== Args={'value': 4277, 'prev_value': None, 'change': True}
2025-11-09 23:55:04,422 : INFO : EventManager : Event: ======'machine_var_audits_switches_s_popbumper2'====== Args={'value': 4174, 'prev_value': None, 'change': True}
2025-11-09 23:55:04,422 : INFO : EventManager : Event: ======'machine_var_audits_switches_s_popbumper3'====== Args={'value': 4032, 'prev_value': None, 'change': True}
2025-11-09 23:55:04,422 : INFO : EventManager : Event: ======'machine_var_audits_switches_s_ramp'====== Args={'value': 405, 'prev_value': None, 'change': True}
2025-11-09 23:55:04,422 : INFO : EventManager : Event: ======'machine_var_audits_switches_s_right_flipper'====== Args={'value': 686, 'prev_value': None, 'change': True}
2025-11-09 23:55:04,422 : INFO : EventManager : Event: ======'machine_var_audits_switches_s_right_inlane'====== Args={'value': 141, 'prev_value': None, 'change': True}
2025-11-09 23:55:04,422 : INFO : EventManager : Event: ======'machine_var_audits_switches_s_right_orbit'====== Args={'value': 47, 'prev_value': None, 'change': True}
2025-11-09 23:55:04,422 : INFO : EventManager : Event: ======'machine_var_audits_switches_s_right_outlane'====== Args={'value': 5, 'prev_value': None, 'change': True}
2025-11-09 23:55:04,422 : INFO : EventManager : Event: ======'machine_var_audits_switches_s_scoop'====== Args={'value': 428, 'prev_value': None, 'change': True}
2025-11-09 23:55:04,422 : INFO : EventManager : Event: ======'machine_var_audits_switches_s_skull_lock1'====== Args={'value': 19, 'prev_value': None, 'change': True}
2025-11-09 23:55:04,422 : INFO : EventManager : Event: ======'machine_var_audits_switches_s_skull_lock2'====== Args={'value': 22, 'prev_value': None, 'change': True}
2025-11-09 23:55:04,422 : INFO : EventManager : Event: ======'machine_var_audits_switches_s_sling_left'====== Args={'value': 0, 'prev_value': None, 'change': True}
2025-11-09 23:55:04,422 : INFO : EventManager : Event: ======'machine_var_audits_switches_s_sling_right'====== Args={'value': 0, 'prev_value': None, 'change': True}
2025-11-09 23:55:04,422 : INFO : EventManager : Event: ======'machine_var_audits_switches_s_start'====== Args={'value': 658, 'prev_value': None, 'change': True}
2025-11-09 23:55:04,422 : INFO : EventManager : Event: ======'machine_var_audits_switches_s_trough1'====== Args={'value': 381, 'prev_value': None, 'change': True}
2025-11-09 23:55:04,422 : INFO : EventManager : Event: ======'machine_var_audits_switches_s_trough2'====== Args={'value': 18, 'prev_value': None, 'change': True}
2025-11-09 23:55:04,422 : INFO : EventManager : Event: ======'machine_var_audits_switches_s_trough3'====== Args={'value': 1, 'prev_value': None, 'change': True}
2025-11-09 23:55:04,422 : INFO : EventManager : Event: ======'machine_var_audits_switches_s_trough4'====== Args={'value': 1, 'prev_value': None, 'change': True}
2025-11-09 23:55:04,422 : INFO : EventManager : Event: ======'machine_var_audits_switches_s_trough_jam'====== Args={'value': 8, 'prev_value': None, 'change': True}
2025-11-09 23:55:04,423 : INFO : EventManager : Event: ======'init_phase_5'====== Args={}
2025-11-09 23:55:04,423 : INFO : EventManager : Event: ======'init_done'====== Args={}
2025-11-09 23:55:04,423 : INFO : EventManager : Event: ======'machine_reset_phase_1'====== Args={}
2025-11-09 23:55:04,427 : INFO : EventManager : Event: ======'machine_reset_phase_2'====== Args={}
2025-11-09 23:55:04,428 : INFO : EventManager : Event: ======'machine_reset_phase_3'====== Args={}
2025-11-09 23:55:04,429 : INFO : EventManager : Event: ======'reset_complete'====== Args={}
2025-11-09 23:55:04,429 : INFO : EventManager : Event: ======'mode_attract_will_start'====== Args={}
2025-11-09 23:55:04,429 : INFO : Timer.attract_carousel_timer : Starting Timer.
2025-11-09 23:55:04,429 : INFO : EventManager : Event: ======'timer_attract_carousel_timer_started'====== Args={'ticks': 0, 'ticks_remaining': 1}
2025-11-09 23:55:04,429 : INFO : EventManager : Event: ======'timer_attract_carousel_timer_tick'====== Args={'ticks': 0, 'ticks_remaining': 1}
2025-11-09 23:55:04,429 : INFO : EventManager : Event: ======'mode_attract_starting'====== Args={}
2025-11-09 23:55:04,429 : INFO : Mode.attract : Started. Priority: 10
2025-11-09 23:55:04,429 : INFO : EventManager : Event: ======'modes_active_modes_changed'====== Args={}
2025-11-09 23:55:04,429 : INFO : EventManager : Event: ======'mode_attract_started'====== Args={}
2025-11-09 23:55:04,429 : INFO : EventManager : Event: ======'collecting_balls_complete'====== Args={}
2025-11-09 23:55:04,429 : INFO : EventManager : Event: ======'carousel_item_highlighted'====== Args={'carousel': 'attract', 'direction': None, 'item': 'title'}
2025-11-09 23:55:04,429 : INFO : Machine : Starting the main run loop with active modes: [<Mode.attract>]
2025-11-09 23:55:04,882 : INFO : EventManager : Event: ======'slide_attract_created'====== Args={'_from_bcp': True}
2025-11-09 23:55:04,882 : INFO : EventManager : Event: ======'slide__removed'====== Args={'_from_bcp': True}
2025-11-09 23:55:04,882 : INFO : EventManager : Event: ======'slide_attract_active'====== Args={'original_context': 'attract', 'original_calling_context': 'mode_attract_started', 'priority': 10.0, 'cmd': 'slides_play', '_from_bcp': True}
2025-11-09 23:55:04,986 : INFO : BcpServer : New client connected.
2025-11-09 23:55:09,430 : INFO : Timer.attract_carousel_timer : Timer Complete
2025-11-09 23:55:09,430 : INFO : Timer.attract_carousel_timer : Stopping Timer
2025-11-09 23:55:09,430 : INFO : EventManager : Event: ======'timer_attract_carousel_timer_stopped'====== Args={'ticks': 1, 'ticks_remaining': 1}
2025-11-09 23:55:09,430 : INFO : EventManager : Event: ======'timer_attract_carousel_timer_complete'====== Args={'ticks': 1, 'ticks_remaining': 1}
2025-11-09 23:55:09,431 : INFO : EventManager : Event: ======'carousel_item_highlighted'====== Args={'carousel': 'attract', 'direction': 'forwards', 'item': 'credits'}
2025-11-09 23:55:10,212 : INFO : SwitchController : <<<<<<< 's_start' active >>>>>>>
2025-11-09 23:55:10,345 : INFO : SwitchController : <<<<<<< 's_start' inactive >>>>>>>
2025-11-09 23:55:10,345 : INFO : EventManager : Event: ======'request_to_start_game'====== Args={}
2025-11-09 23:55:10,346 : INFO : EventManager : Event: ======'game_start'====== Args={'buttons': [], 'hold_time': 0.13288691698107868}
2025-11-09 23:55:10,346 : INFO : EventManager : Event: ======'mode_game_will_start'====== Args={'buttons': [], 'hold_time': 0.13288691698107868}
2025-11-09 23:55:10,346 : INFO : EventManager : Event: ======'mode_game_starting'====== Args={'buttons': [], 'hold_time': 0.13288691698107868}
2025-11-09 23:55:10,347 : INFO : EventManager : Event: ======'mode_attract_will_stop'====== Args={}
2025-11-09 23:55:10,347 : INFO : EventManager : Event: ======'mode_attract_stopping'====== Args={}
2025-11-09 23:55:10,347 : INFO : Mode.attract : Stopped.
2025-11-09 23:55:10,347 : INFO : EventManager : Event: ======'modes_active_modes_changed'====== Args={}
2025-11-09 23:55:10,348 : INFO : EventManager : Event: ======'mode_attract_stopped'====== Args={}
2025-11-09 23:55:10,348 : INFO : EventManager : Event: ======'clear'====== Args={'key': 'attract'}
2025-11-09 23:55:10,348 : INFO : Timer.attract_carousel_timer : Stopping Timer
2025-11-09 23:55:10,348 : INFO : EventManager : Event: ======'timer_attract_carousel_timer_stopped'====== Args={'ticks': 1, 'ticks_remaining': 1}
2025-11-09 23:55:10,348 : INFO : Mode.game : Started. Priority: 20
2025-11-09 23:55:10,348 : INFO : EventManager : Event: ======'modes_active_modes_changed'====== Args={}
2025-11-09 23:55:10,348 : INFO : EventManager : Event: ======'mode_game_started'====== Args={'buttons': [], 'hold_time': 0.13288691698107868}
2025-11-09 23:55:10,349 : INFO : EventManager : Event: ======'game_will_start'====== Args={}
2025-11-09 23:55:10,349 : INFO : EventManager : Event: ======'game_starting'====== Args={'game': <Mode.game>}
2025-11-09 23:55:10,350 : INFO : EventManager : Unordered handler for class <Auditor> on event game_ended with priority 1. Handlers: [RegisteredHandler(callback=<bound method Auditor.disable of <Auditor>>, priority=1, kwargs={}, key=UUID('0a4a8aa4-ccb6-46fa-9ab5-821ad39f0218'), condition=None, blocking_facility=None), RegisteredHandler(callback=<bound method Auditor._save_audits of <Auditor>>, priority=1, kwargs={}, key=UUID('92b0c77c-7c5c-4368-ab09-7914ff3b560e'), condition=None, blocking_facility=None)]. The order of those handlers is not defined and they will be executed in random order. This might lead to race conditions and potential bugs.
2025-11-09 23:55:10,350 : INFO : EventManager : Event: ======'player_add_request'====== Args={}
2025-11-09 23:55:10,350 : INFO : EventManager : Event: ======'player_will_add'====== Args={'number': 1}
2025-11-09 23:55:10,350 : INFO : EventManager : Event: ======'player_adding'====== Args={'player': <Player 1>, 'number': 1}
2025-11-09 23:55:10,351 : INFO : EventManager : Event: ======'player_added'====== Args={'player': <Player 1>, 'num': 1}
2025-11-09 23:55:10,351 : INFO : Mode.game : Player added successfully. Total players: 1
2025-11-09 23:55:10,351 : INFO : EventManager : Event: ======'player_index'====== Args={'value': 0, 'prev_value': 0, 'change': 0, 'player_num': 1}
2025-11-09 23:55:10,351 : INFO : EventManager : Event: ======'player_number'====== Args={'value': 1, 'prev_value': 1, 'change': 0, 'player_num': 1}
2025-11-09 23:55:10,351 : INFO : EventManager : Event: ======'player_bonus_multiplier'====== Args={'value': 1, 'prev_value': 1, 'change': 0, 'player_num': 1}
2025-11-09 23:55:10,351 : INFO : EventManager : Event: ======'player_skull_ramp_nb'====== Args={'value': 0, 'prev_value': 0, 'change': 0, 'player_num': 1}
2025-11-09 23:55:10,352 : INFO : EventManager : Event: ======'player_score'====== Args={'value': 0, 'prev_value': 0, 'change': 0, 'player_num': 1}
2025-11-09 23:55:10,352 : INFO : EventManager : Event: ======'game_started'====== Args={}
2025-11-09 23:55:10,352 : INFO : EventManager : Event: ======'player_turn_will_start'====== Args={'player': <Player 1>, 'number': 1}
2025-11-09 23:55:10,352 : INFO : EventManager : Event: ======'player_turn_starting'====== Args={'player': <Player 1>, 'number': 1}
2025-11-09 23:55:10,353 : INFO : EventManager : Event: ======'player_ball'====== Args={'value': 1, 'prev_value': 0, 'change': 1, 'player_num': 1}
2025-11-09 23:55:10,359 : INFO : EventManager : Event: ======'player_turn_started'====== Args={'player': <Player 1>, 'number': 1}
2025-11-09 23:55:10,360 : INFO : EventManager : Event: ======'ball_will_start'====== Args={'player': 1, 'ball': 1, 'balls_remaining': 2, 'is_extra_ball': False}
2025-11-09 23:55:10,362 : INFO : EventManager : Event: ======'ball_starting'====== Args={'player': 1, 'ball': 1, 'balls_remaining': 2, 'is_extra_ball': False}
2025-11-09 23:55:10,363 : INFO : EventManager : Event: ======'mode_base_will_start'====== Args={'queue': <QueuedEvent>, 'player': 1, 'ball': 1, 'balls_remaining': 2, 'is_extra_ball': False}
2025-11-09 23:55:10,363 : INFO : EventManager : Event: ======'player_base_player_added_timer_tick'====== Args={'value': 0, 'prev_value': 0, 'change': 0, 'player_num': 1}
2025-11-09 23:55:10,364 : INFO : Timer.player_added_timer : Starting Timer.
2025-11-09 23:55:10,364 : INFO : EventManager : Event: ======'timer_player_added_timer_started'====== Args={'ticks': 0, 'ticks_remaining': 1}
2025-11-09 23:55:10,365 : INFO : EventManager : Event: ======'timer_player_added_timer_tick'====== Args={'ticks': 0, 'ticks_remaining': 1}
2025-11-09 23:55:10,365 : INFO : EventManager : Event: ======'mode_base_starting'====== Args={'queue': <QueuedEvent>, 'player': 1, 'ball': 1, 'balls_remaining': 2, 'is_extra_ball': False}
2025-11-09 23:55:10,366 : INFO : Mode.base : Started. Priority: 100
2025-11-09 23:55:10,366 : INFO : EventManager : Event: ======'modes_active_modes_changed'====== Args={}
2025-11-09 23:55:10,366 : INFO : EventManager : Event: ======'mode_base_started'====== Args={'queue': <QueuedEvent>, 'player': 1, 'ball': 1, 'balls_remaining': 2, 'is_extra_ball': False}
2025-11-09 23:55:10,366 : INFO : EventManager : Event: ======'start_mode_bumpers'====== Args={'priority': 0}
2025-11-09 23:55:10,366 : INFO : EventManager : Event: ======'start_mode_csi_lanes'====== Args={'priority': 0}
2025-11-09 23:55:10,367 : INFO : EventManager : Event: ======'start_mode_skull'====== Args={'priority': 0}
2025-11-09 23:55:10,367 : INFO : EventManager : Event: ======'mode_bumpers_will_start'====== Args={'priority': 0}
2025-11-09 23:55:10,367 : INFO : EventManager : Event: ======'player_shot_bumper1_enabled'====== Args={'value': True, 'prev_value': 0, 'change': 1, 'player_num': 1}
2025-11-09 23:55:10,368 : INFO : EventManager : Event: ======'player_shot_bumper2_enabled'====== Args={'value': True, 'prev_value': 0, 'change': 1, 'player_num': 1}
2025-11-09 23:55:10,368 : INFO : EventManager : Event: ======'player_shot_bumper3_enabled'====== Args={'value': True, 'prev_value': 0, 'change': 1, 'player_num': 1}
2025-11-09 23:55:10,369 : INFO : EventManager : Event: ======'bumpers_complete'====== Args={'state': 'unlit'}
2025-11-09 23:55:10,369 : INFO : EventManager : Event: ======'bumpers_unlit_complete'====== Args={}
2025-11-09 23:55:10,369 : INFO : EventManager : Event: ======'player_bumpers_bumper_timer_tick'====== Args={'value': 0, 'prev_value': 0, 'change': 0, 'player_num': 1}
2025-11-09 23:55:10,370 : INFO : Timer.bumper_timer : Starting Timer.
2025-11-09 23:55:10,370 : INFO : EventManager : Event: ======'timer_bumper_timer_started'====== Args={'ticks': 0, 'ticks_remaining': 1}
2025-11-09 23:55:10,370 : INFO : EventManager : Event: ======'timer_bumper_timer_tick'====== Args={'ticks': 0, 'ticks_remaining': 1}
2025-11-09 23:55:10,371 : INFO : EventManager : Event: ======'mode_bumpers_starting'====== Args={'priority': 0}
2025-11-09 23:55:10,371 : INFO : EventManager : Event: ======'mode_csi_lanes_will_start'====== Args={'priority': 0}
2025-11-09 23:55:10,371 : INFO : EventManager : Event: ======'player_shot_c_shot_enabled'====== Args={'value': True, 'prev_value': 0, 'change': 1, 'player_num': 1}
2025-11-09 23:55:10,372 : INFO : EventManager : Event: ======'player_shot_s_shot_enabled'====== Args={'value': True, 'prev_value': 0, 'change': 1, 'player_num': 1}
2025-11-09 23:55:10,372 : INFO : EventManager : Event: ======'player_shot_i_shot_enabled'====== Args={'value': True, 'prev_value': 0, 'change': 1, 'player_num': 1}
2025-11-09 23:55:10,373 : INFO : EventManager : Event: ======'csi_shots_complete'====== Args={'state': 'unlit'}
2025-11-09 23:55:10,373 : INFO : EventManager : Event: ======'csi_shots_unlit_complete'====== Args={}
2025-11-09 23:55:10,374 : INFO : EventManager : Event: ======'player_csi_lanes_csi_lanes_timer_tick'====== Args={'value': 0, 'prev_value': 0, 'change': 0, 'player_num': 1}
2025-11-09 23:55:10,374 : INFO : Timer.csi_lanes_timer : Starting Timer.
2025-11-09 23:55:10,374 : INFO : EventManager : Event: ======'timer_csi_lanes_timer_started'====== Args={'ticks': 0, 'ticks_remaining': 1}
2025-11-09 23:55:10,374 : INFO : EventManager : Event: ======'timer_csi_lanes_timer_tick'====== Args={'ticks': 0, 'ticks_remaining': 1}
2025-11-09 23:55:10,375 : INFO : EventManager : Event: ======'player_csi_lanes_csi_right_orbit_timer_tick'====== Args={'value': 0, 'prev_value': 0, 'change': 0, 'player_num': 1}
2025-11-09 23:55:10,375 : INFO : EventManager : Event: ======'mode_csi_lanes_starting'====== Args={'priority': 0}
2025-11-09 23:55:10,376 : INFO : EventManager : Event: ======'mode_skull_will_start'====== Args={'priority': 0}
2025-11-09 23:55:10,376 : INFO : EventManager : Event: ======'player_skull_pause_timer_tick'====== Args={'value': 0, 'prev_value': 0, 'change': 0, 'player_num': 1}
2025-11-09 23:55:10,377 : INFO : Timer.pause_timer : Starting Timer.
2025-11-09 23:55:10,377 : INFO : EventManager : Event: ======'timer_pause_timer_started'====== Args={'ticks': 0, 'ticks_remaining': 1}
2025-11-09 23:55:10,377 : INFO : EventManager : Event: ======'timer_pause_timer_tick'====== Args={'ticks': 0, 'ticks_remaining': 1}
2025-11-09 23:55:10,377 : INFO : EventManager : Event: ======'mode_skull_starting'====== Args={'priority': 0}
2025-11-09 23:55:10,377 : INFO : Mode.bumpers : Started. Priority: 200
2025-11-09 23:55:10,377 : INFO : EventManager : Event: ======'modes_active_modes_changed'====== Args={}
2025-11-09 23:55:10,378 : INFO : EventManager : Event: ======'mode_bumpers_started'====== Args={'priority': 0}
2025-11-09 23:55:10,378 : INFO : EventManager : Event: ======'balls_in_play'====== Args={'balls': 1}
2025-11-09 23:55:10,378 : INFO : EventManager : Event: ======'ball_started'====== Args={'player': 1, 'ball': 1, 'balls_remaining': 2, 'is_extra_ball': False}
2025-11-09 23:55:10,379 : INFO : EventManager : Event: ======'logicblock_csi_lanes_then_scoop_updated'====== Args={'value': 0, 'enabled': True}
2025-11-09 23:55:10,379 : INFO : EventManager : Event: ======'logicblock_csi_lanes_then_scoop_then_right_orbit_updated'====== Args={'value': 0, 'enabled': True}
2025-11-09 23:55:10,379 : INFO : EventManager : Event: ======'logicblock_csi_lanes_then_scoop_updated'====== Args={'value': 0, 'enabled': True}
2025-11-09 23:55:10,379 : INFO : EventManager : Event: ======'logicblock_csi_lanes_then_scoop_then_right_orbit_updated'====== Args={'value': 0, 'enabled': True}
2025-11-09 23:55:10,379 : INFO : Mode.csi_lanes : Started. Priority: 200
2025-11-09 23:55:10,379 : INFO : EventManager : Event: ======'modes_active_modes_changed'====== Args={}
2025-11-09 23:55:10,379 : INFO : EventManager : Event: ======'mode_csi_lanes_started'====== Args={'priority': 0}
2025-11-09 23:55:10,379 : INFO : EventManager : Event: ======'player_multiplier'====== Args={'value': 1, 'prev_value': 0, 'change': 1, 'player_num': 1, 'source': 'csi_lanes'}
2025-11-09 23:55:10,380 : INFO : EventManager : Event: ======'logicblock_seq_lock1_updated'====== Args={'value': 0, 'enabled': True}
2025-11-09 23:55:10,380 : INFO : EventManager : Event: ======'logicblock_seq_lock2_updated'====== Args={'value': 0, 'enabled': True}
2025-11-09 23:55:10,380 : INFO : EventManager : Event: ======'logicblock_seq_ready_for_MB_updated'====== Args={'value': 0, 'enabled': True}
2025-11-09 23:55:10,380 : INFO : EventManager : Event: ======'logicblock_seq_lock1_updated'====== Args={'value': 0, 'enabled': True}
2025-11-09 23:55:10,380 : INFO : EventManager : Event: ======'logicblock_seq_lock2_updated'====== Args={'value': 0, 'enabled': True}
2025-11-09 23:55:10,380 : INFO : EventManager : Event: ======'logicblock_seq_ready_for_MB_updated'====== Args={'value': 0, 'enabled': True}
2025-11-09 23:55:10,380 : INFO : Mode.skull : Started. Priority: 200
2025-11-09 23:55:10,380 : INFO : EventManager : Event: ======'modes_active_modes_changed'====== Args={}
2025-11-09 23:55:10,380 : INFO : EventManager : Event: ======'mode_skull_started'====== Args={'priority': 0}
2025-11-09 23:55:10,380 : INFO : EventManager : Event: ======'single_player_ball_started'====== Args={}
2025-11-09 23:55:10,381 : INFO : EventManager : Event: ======'ball_start_target'====== Args={'target': 'playfield'}
2025-11-09 23:55:10,381 : INFO : ball_device.bd_trough : Setting up player-controlled eject. Balls: 1, Target: <playfield.playfield>, player_controlled_eject_event: None
2025-11-09 23:55:10,381 : INFO : ball_device.bd_trough : Adding 1 ball(s) to the eject_queue with target <playfield.playfield>.
2025-11-09 23:55:10,381 : INFO : EventManager : Event: ======'balldevice_balls_available'====== Args={}
2025-11-09 23:55:10,382 : INFO : ball_device.bd_trough : State: waiting_for_target_ready
2025-11-09 23:55:10,382 : INFO : EventManager : Event: ======'balldevice_bd_trough_ball_eject_attempt'====== Args={'balls': 1, 'target': <ball_device.bd_plunger>, 'source': <ball_device.bd_trough>, 'mechanical_eject': False, 'num_attempts': 0}
2025-11-09 23:55:10,382 : INFO : ball_device.bd_plunger : State: waiting_for_ball
2025-11-09 23:55:10,382 : INFO : ball_device.bd_trough : State: ejecting
2025-11-09 23:55:10,382 : INFO : ball_device.bd_trough : Ejecting ball to <ball_device.bd_plunger>
2025-11-09 23:55:10,382 : INFO : EventManager : Event: ======'balldevice_bd_trough_ejecting_ball'====== Args={'balls': 1, 'target': <ball_device.bd_plunger>, 'source': <ball_device.bd_trough>, 'mechanical_eject': False, 'num_attempts': 0}
2025-11-09 23:55:10,383 : INFO : ball_device.bd_trough : Wait for ball to leave device
2025-11-09 23:55:10,383 : INFO : coil.c_trough_eject : Pulsing Driver for 20ms (1.0 pulse_power)
2025-11-09 23:55:10,383 : INFO : SwitchController : <<<<<<< 's_trough1' inactive >>>>>>>
2025-11-09 23:55:10,383 : INFO : ball_device.bd_trough : State: ball_left
2025-11-09 23:55:10,383 : INFO : ball_device.bd_trough : Ball left
2025-11-09 23:55:10,383 : INFO : ball_device.bd_trough : Wait for confirm with timeout 3.0
2025-11-09 23:55:10,484 : INFO : SwitchController : <<<<<<< 's_plunger_lane' active >>>>>>>
2025-11-09 23:55:10,484 : INFO : EventManager : Event: ======'machine_var_audits_switches_s_plunger_lane'====== Args={'value': 854, 'prev_value': 853, 'change': 1}
2025-11-09 23:55:10,578 : INFO : EventManager : Event: ======'slide_base_slide_created'====== Args={'_from_bcp': True}
2025-11-09 23:55:10,578 : INFO : EventManager : Event: ======'slide_attract_inactive'====== Args={'is_removing': True, '_from_bcp': True}
2025-11-09 23:55:10,578 : INFO : EventManager : Event: ======'slide_base_slide_active'====== Args={'original_context': 'base', 'original_calling_context': 'mode_base_started', 'priority': 100.0, 'queue': '<QueuedEvent>', 'player': 1.0, 'ball': 1.0, 'balls_remaining': 2.0, 'is_extra_ball': False, 'cmd': 'slides_play', '_from_bcp': True}
2025-11-09 23:55:10,579 : INFO : EventManager : Event: ======'slide_attract_removed'====== Args={'_from_bcp': True}
2025-11-09 23:55:10,871 : INFO : EventManager : Event: ======'player_bumpers_bumper_timer_tick'====== Args={'value': 1, 'prev_value': 0, 'change': 1, 'player_num': 1}
2025-11-09 23:55:10,872 : INFO : Timer.bumper_timer : Timer Complete
2025-11-09 23:55:10,872 : INFO : Timer.bumper_timer : Stopping Timer
2025-11-09 23:55:10,872 : INFO : EventManager : Event: ======'timer_bumper_timer_stopped'====== Args={'ticks': 1, 'ticks_remaining': 1}
2025-11-09 23:55:10,872 : INFO : EventManager : Event: ======'timer_bumper_timer_complete'====== Args={'ticks': 1, 'ticks_remaining': 1}
2025-11-09 23:55:10,985 : INFO : ball_device.bd_plunger : Received ball from <ball_device.bd_trough>
2025-11-09 23:55:10,986 : INFO : EventManager : Event: ======'balldevice_bd_plunger_ball_enter'====== Args={'new_balls': 1, 'unclaimed_balls': 0, 'new_available_balls': 0, 'device': <ball_device.bd_plunger>}
2025-11-09 23:55:10,986 : INFO : EventManager : Event: ======'balldevice_bd_plunger_ball_entered'====== Args={'new_balls': 0, 'device': <ball_device.bd_plunger>}
2025-11-09 23:55:10,987 : INFO : EventManager : Event: ======'balldevice_bd_plunger_ball_count_changed'====== Args={'balls': 1}
2025-11-09 23:55:10,987 : INFO : ball_device.bd_trough : Got eject confirm
2025-11-09 23:55:10,987 : INFO : ball_device.bd_trough : Eject successful
2025-11-09 23:55:10,987 : INFO : EventManager : Event: ======'balldevice_bd_trough_ball_eject_success'====== Args={'balls': 1, 'target': <ball_device.bd_plunger>}
2025-11-09 23:55:10,987 : INFO : EventManager : Event: ======'balldevice_bd_trough_ball_count_changed'====== Args={'balls': 3}
2025-11-09 23:55:10,987 : INFO : ball_device.bd_trough : State: idle
2025-11-09 23:55:10,988 : INFO : ball_device.bd_plunger : State: waiting_for_target_ready
2025-11-09 23:55:10,988 : INFO : EventManager : Event: ======'balldevice_bd_plunger_ball_eject_attempt'====== Args={'balls': 1, 'target': <playfield.playfield>, 'source': <ball_device.bd_plunger>, 'mechanical_eject': False, 'num_attempts': 0}
2025-11-09 23:55:10,988 : INFO : ball_device.bd_plunger : State: ejecting
2025-11-09 23:55:10,988 : INFO : ball_device.bd_plunger : Ejecting ball to <playfield.playfield>
2025-11-09 23:55:10,989 : INFO : EventManager : Event: ======'balldevice_bd_plunger_ejecting_ball'====== Args={'balls': 1, 'target': <playfield.playfield>, 'source': <ball_device.bd_plunger>, 'mechanical_eject': False, 'num_attempts': 0}
2025-11-09 23:55:10,989 : INFO : ball_device.bd_plunger : Wait for ball to leave device
2025-11-09 23:55:10,989 : INFO : coil.c_plunger : Pulsing Driver for 20ms (1.0 pulse_power)
2025-11-09 23:55:10,990 : INFO : SwitchController : <<<<<<< 's_plunger_lane' inactive >>>>>>>
2025-11-09 23:55:10,990 : INFO : ball_device.bd_plunger : State: ball_left
2025-11-09 23:55:10,990 : INFO : ball_device.bd_plunger : Ball left
2025-11-09 23:55:10,990 : INFO : ball_device.bd_plunger : Wait for confirm with timeout 3.0
2025-11-09 23:55:11,065 : INFO : EventManager : Event: ======'player_base_player_added_timer_tick'====== Args={'value': 1, 'prev_value': 0, 'change': 1, 'player_num': 1}
2025-11-09 23:55:11,066 : INFO : Timer.player_added_timer : Timer Complete
2025-11-09 23:55:11,066 : INFO : Timer.player_added_timer : Stopping Timer
2025-11-09 23:55:11,066 : INFO : EventManager : Event: ======'timer_player_added_timer_stopped'====== Args={'ticks': 1, 'ticks_remaining': 1}
2025-11-09 23:55:11,066 : INFO : EventManager : Event: ======'timer_player_added_timer_complete'====== Args={'ticks': 1, 'ticks_remaining': 1}
2025-11-09 23:55:11,075 : INFO : EventManager : Event: ======'player_csi_lanes_csi_lanes_timer_tick'====== Args={'value': 1, 'prev_value': 0, 'change': 1, 'player_num': 1}
2025-11-09 23:55:11,075 : INFO : Timer.csi_lanes_timer : Timer Complete
2025-11-09 23:55:11,075 : INFO : Timer.csi_lanes_timer : Stopping Timer
2025-11-09 23:55:11,075 : INFO : EventManager : Event: ======'timer_csi_lanes_timer_stopped'====== Args={'ticks': 1, 'ticks_remaining': 1}
2025-11-09 23:55:11,075 : INFO : EventManager : Event: ======'timer_csi_lanes_timer_complete'====== Args={'ticks': 1, 'ticks_remaining': 1}
2025-11-09 23:55:13,992 : INFO : ball_device.bd_plunger : State: failed_confirm
2025-11-09 23:55:13,992 : INFO : ball_device.bd_plunger : Got timeout (3.0s) before confirm from <playfield.playfield>
2025-11-09 23:55:14,094 : INFO : ball_device.bd_plunger : Confirming eject because target is playfield and ball did not return.
2025-11-09 23:55:14,094 : INFO : ball_device.bd_plunger : Eject successful
2025-11-09 23:55:14,094 : INFO : EventManager : Event: ======'balldevice_bd_plunger_ball_eject_success'====== Args={'balls': 1, 'target': <playfield.playfield>}
2025-11-09 23:55:14,095 : INFO : EventManager : Event: ======'balldevice_playfield_ball_enter'====== Args={'new_balls': 1, 'unclaimed_balls': 1, 'device': <playfield.playfield>}
2025-11-09 23:55:14,096 : INFO : EventManager : Event: ======'playfield_ball_count_change'====== Args={'balls': 1, 'change': 1}
2025-11-09 23:55:14,097 : INFO : EventManager : Event: ======'balldevice_bd_plunger_ball_count_changed'====== Args={'balls': 0}
2025-11-09 23:55:14,097 : INFO : ball_device.bd_plunger : State: idle
2025-11-09 23:55:17,895 : INFO : SwitchController : <<<<<<< 's_popbumper1' active >>>>>>>
2025-11-09 23:55:17,895 : INFO : EventManager : Event: ======'s_popbumper1_active'====== Args={}
2025-11-09 23:55:17,896 : INFO : EventManager : Event: ======'machine_var_audits_switches_s_popbumper1'====== Args={'value': 4278, 'prev_value': 4277, 'change': 1}
2025-11-09 23:55:17,897 : INFO : EventManager : Event: ======'player_shot_bumper1'====== Args={'value': 1, 'prev_value': 0, 'change': 1, 'player_num': 1}
2025-11-09 23:55:17,906 : INFO : EventManager : Event: ======'machine_var_audits_shots_bumper1'====== Args={'value': 4234, 'prev_value': 4233, 'change': 1}
2025-11-09 23:55:17,906 : INFO : EventManager : Event: ======'bumper1_hit'====== Args={'profile': 'default', 'state': 'unlit', 'advancing': True}
2025-11-09 23:55:17,907 : INFO : EventManager : Event: ======'bumper1_default_hit'====== Args={'profile': 'default', 'state': 'unlit', 'advancing': True}
2025-11-09 23:55:17,907 : INFO : EventManager : Event: ======'bumper1_default_unlit_hit'====== Args={'profile': 'default', 'state': 'unlit', 'advancing': True}
2025-11-09 23:55:17,907 : INFO : EventManager : Event: ======'bumper1_unlit_hit'====== Args={'profile': 'default', 'state': 'unlit', 'advancing': True}
2025-11-09 23:55:17,907 : INFO : EventManager : Event: ======'bumpers_hit'====== Args={'shot': 'bumper1'}
2025-11-09 23:55:17,907 : INFO : EventManager : Event: ======'bumpers_unlit_hit'====== Args={'shot': 'bumper1'}
2025-11-09 23:55:17,908 : INFO : EventManager : Event: ======'player_score'====== Args={'value': 3000, 'prev_value': 0, 'change': 3000, 'player_num': 1, 'source': 'bumpers'}
2025-11-09 23:55:17,908 : INFO : EventManager : Event: ======'player_bumpers_bumper_timer_tick'====== Args={'value': 0, 'prev_value': 1, 'change': -1, 'player_num': 1}
2025-11-09 23:55:17,908 : INFO : Timer.bumper_timer : Starting Timer.
2025-11-09 23:55:17,909 : INFO : EventManager : Event: ======'timer_bumper_timer_started'====== Args={'ticks': 0, 'ticks_remaining': 1}
2025-11-09 23:55:17,909 : INFO : EventManager : Event: ======'timer_bumper_timer_tick'====== Args={'ticks': 0, 'ticks_remaining': 1}
2025-11-09 23:55:17,928 : INFO : SwitchController : <<<<<<< 's_popbumper2' active >>>>>>>
2025-11-09 23:55:17,928 : INFO : EventManager : Event: ======'s_popbumper2_active'====== Args={}
2025-11-09 23:55:17,928 : INFO : EventManager : Event: ======'machine_var_audits_switches_s_popbumper2'====== Args={'value': 4175, 'prev_value': 4174, 'change': 1}
2025-11-09 23:55:17,929 : INFO : EventManager : Event: ======'player_shot_bumper2'====== Args={'value': 1, 'prev_value': 0, 'change': 1, 'player_num': 1}
2025-11-09 23:55:17,929 : INFO : EventManager : Event: ======'machine_var_audits_shots_bumper2'====== Args={'value': 4134, 'prev_value': 4133, 'change': 1}
2025-11-09 23:55:17,929 : INFO : EventManager : Event: ======'bumper2_hit'====== Args={'profile': 'default', 'state': 'unlit', 'advancing': True}
2025-11-09 23:55:17,930 : INFO : EventManager : Event: ======'bumper2_default_hit'====== Args={'profile': 'default', 'state': 'unlit', 'advancing': True}
2025-11-09 23:55:17,930 : INFO : EventManager : Event: ======'bumper2_default_unlit_hit'====== Args={'profile': 'default', 'state': 'unlit', 'advancing': True}
2025-11-09 23:55:17,930 : INFO : EventManager : Event: ======'bumper2_unlit_hit'====== Args={'profile': 'default', 'state': 'unlit', 'advancing': True}
2025-11-09 23:55:17,930 : INFO : EventManager : Event: ======'bumpers_hit'====== Args={'shot': 'bumper2'}
2025-11-09 23:55:17,930 : INFO : EventManager : Event: ======'bumpers_unlit_hit'====== Args={'shot': 'bumper2'}
2025-11-09 23:55:17,930 : INFO : EventManager : Event: ======'player_score'====== Args={'value': 6000, 'prev_value': 3000, 'change': 3000, 'player_num': 1, 'source': 'bumpers'}
2025-11-09 23:55:17,930 : INFO : EventManager : Event: ======'timer_bumper_timer_tick'====== Args={'ticks': 0, 'ticks_remaining': 1}
2025-11-09 23:55:18,009 : INFO : EventManager : Event: ======'widget_bumper_widget_active'====== Args={'original_context': 'bumpers', 'original_calling_context': 'bumpers_hit', 'priority': 200.0, 'shot': 'bumper1', 'cmd': 'widgets_play', '_from_bcp': True}
2025-11-09 23:55:18,043 : INFO : SwitchController : <<<<<<< 's_popbumper1' inactive >>>>>>>
2025-11-09 23:55:18,043 : INFO : SwitchController : <<<<<<< 's_popbumper2' inactive >>>>>>>
2025-11-09 23:55:18,178 : INFO : SwitchController : <<<<<<< 's_popbumper2' active >>>>>>>
2025-11-09 23:55:18,178 : INFO : EventManager : Event: ======'s_popbumper2_active'====== Args={}
2025-11-09 23:55:18,178 : INFO : EventManager : Event: ======'machine_var_audits_switches_s_popbumper2'====== Args={'value': 4176, 'prev_value': 4175, 'change': 1}
2025-11-09 23:55:18,179 : INFO : EventManager : Event: ======'machine_var_audits_shots_bumper2'====== Args={'value': 4135, 'prev_value': 4134, 'change': 1}
2025-11-09 23:55:18,179 : INFO : EventManager : Event: ======'bumper2_hit'====== Args={'profile': 'default', 'state': 'lit', 'advancing': False}
2025-11-09 23:55:18,179 : INFO : EventManager : Event: ======'bumper2_default_hit'====== Args={'profile': 'default', 'state': 'lit', 'advancing': False}
2025-11-09 23:55:18,179 : INFO : EventManager : Event: ======'bumper2_default_lit_hit'====== Args={'profile': 'default', 'state': 'lit', 'advancing': False}
2025-11-09 23:55:18,179 : INFO : EventManager : Event: ======'bumper2_lit_hit'====== Args={'profile': 'default', 'state': 'lit', 'advancing': False}
2025-11-09 23:55:18,179 : INFO : EventManager : Event: ======'bumpers_hit'====== Args={'shot': 'bumper2'}
2025-11-09 23:55:18,180 : INFO : EventManager : Event: ======'bumpers_lit_hit'====== Args={'shot': 'bumper2'}
2025-11-09 23:55:18,180 : INFO : EventManager : Event: ======'player_score'====== Args={'value': 9000, 'prev_value': 6000, 'change': 3000, 'player_num': 1, 'source': 'bumpers'}
2025-11-09 23:55:18,180 : INFO : EventManager : Event: ======'timer_bumper_timer_tick'====== Args={'ticks': 0, 'ticks_remaining': 1}
2025-11-09 23:55:18,227 : INFO : SwitchController : <<<<<<< 's_popbumper2' inactive >>>>>>>
2025-11-09 23:55:18,681 : INFO : EventManager : Event: ======'player_bumpers_bumper_timer_tick'====== Args={'value': 1, 'prev_value': 0, 'change': 1, 'player_num': 1}
2025-11-09 23:55:18,682 : INFO : Timer.bumper_timer : Timer Complete
2025-11-09 23:55:18,682 : INFO : Timer.bumper_timer : Stopping Timer
2025-11-09 23:55:18,682 : INFO : EventManager : Event: ======'timer_bumper_timer_stopped'====== Args={'ticks': 1, 'ticks_remaining': 1}
2025-11-09 23:55:18,683 : INFO : EventManager : Event: ======'timer_bumper_timer_complete'====== Args={'ticks': 1, 'ticks_remaining': 1}
2025-11-09 23:55:18,694 : INFO : EventManager : Event: ======'widget_bumper_widget_removed'====== Args={'_from_bcp': True}
2025-11-09 23:55:20,377 : INFO : EventManager : Event: ======'player_skull_pause_timer_tick'====== Args={'value': 1, 'prev_value': 0, 'change': 1, 'player_num': 1}
2025-11-09 23:55:20,378 : INFO : Timer.pause_timer : Timer Complete
2025-11-09 23:55:20,379 : INFO : Timer.pause_timer : Stopping Timer
2025-11-09 23:55:20,379 : INFO : EventManager : Event: ======'timer_pause_timer_stopped'====== Args={'ticks': 1, 'ticks_remaining': 1}
2025-11-09 23:55:20,379 : INFO : EventManager : Event: ======'timer_pause_timer_complete'====== Args={'ticks': 1, 'ticks_remaining': 1}
2025-11-09 23:55:20,682 : INFO : SwitchController : <<<<<<< 's_ramp' active >>>>>>>
2025-11-09 23:55:20,682 : INFO : EventManager : Event: ======'s_ramp_active'====== Args={}
2025-11-09 23:55:20,683 : INFO : EventManager : Event: ======'machine_var_audits_switches_s_ramp'====== Args={'value': 406, 'prev_value': 405, 'change': 1}
2025-11-09 23:55:20,683 : INFO : EventManager : Event: ======'player_skull_ramp_nb'====== Args={'value': 1, 'prev_value': 0, 'change': 1, 'player_num': 1, 'source': 'skull'}
2025-11-09 23:55:20,814 : INFO : SwitchController : <<<<<<< 's_ramp' inactive >>>>>>>
2025-11-09 23:55:20,933 : INFO : SwitchController : <<<<<<< 's_ramp' active >>>>>>>
2025-11-09 23:55:20,933 : INFO : EventManager : Event: ======'s_ramp_active'====== Args={}
2025-11-09 23:55:20,933 : INFO : EventManager : Event: ======'machine_var_audits_switches_s_ramp'====== Args={'value': 407, 'prev_value': 406, 'change': 1}
2025-11-09 23:55:20,934 : INFO : EventManager : Event: ======'player_skull_ramp_nb'====== Args={'value': 2, 'prev_value': 1, 'change': 1, 'player_num': 1, 'source': 'skull'}
2025-11-09 23:55:21,065 : INFO : SwitchController : <<<<<<< 's_ramp' inactive >>>>>>>
2025-11-09 23:55:21,182 : INFO : SwitchController : <<<<<<< 's_ramp' active >>>>>>>
2025-11-09 23:55:21,182 : INFO : EventManager : Event: ======'s_ramp_active'====== Args={}
2025-11-09 23:55:21,183 : INFO : EventManager : Event: ======'machine_var_audits_switches_s_ramp'====== Args={'value': 408, 'prev_value': 407, 'change': 1}
2025-11-09 23:55:21,184 : INFO : EventManager : Event: ======'player_skull_ramp_nb'====== Args={'value': 3, 'prev_value': 2, 'change': 1, 'player_num': 1, 'source': 'skull'}
2025-11-09 23:55:21,314 : INFO : SwitchController : <<<<<<< 's_ramp' inactive >>>>>>>
2025-11-09 23:55:21,482 : INFO : SwitchController : <<<<<<< 's_ramp' active >>>>>>>
2025-11-09 23:55:21,482 : INFO : EventManager : Event: ======'s_ramp_active'====== Args={}
2025-11-09 23:55:21,483 : INFO : EventManager : Event: ======'machine_var_audits_switches_s_ramp'====== Args={'value': 409, 'prev_value': 408, 'change': 1}
2025-11-09 23:55:21,483 : INFO : EventManager : Event: ======'player_skull_ramp_nb'====== Args={'value': 4, 'prev_value': 3, 'change': 1, 'player_num': 1, 'source': 'skull'}
2025-11-09 23:55:21,632 : INFO : SwitchController : <<<<<<< 's_ramp' inactive >>>>>>>
2025-11-09 23:55:21,733 : INFO : SwitchController : <<<<<<< 's_ramp' active >>>>>>>
2025-11-09 23:55:21,733 : INFO : EventManager : Event: ======'s_ramp_active'====== Args={}
2025-11-09 23:55:21,734 : INFO : EventManager : Event: ======'machine_var_audits_switches_s_ramp'====== Args={'value': 410, 'prev_value': 409, 'change': 1}
2025-11-09 23:55:21,734 : INFO : EventManager : Event: ======'player_skull_ramp_nb'====== Args={'value': 5, 'prev_value': 4, 'change': 1, 'player_num': 1, 'source': 'skull'}
2025-11-09 23:55:21,881 : INFO : SwitchController : <<<<<<< 's_ramp' inactive >>>>>>>
2025-11-09 23:55:22,015 : INFO : SwitchController : <<<<<<< 's_ramp' active >>>>>>>
2025-11-09 23:55:22,015 : INFO : EventManager : Event: ======'s_ramp_active'====== Args={}
2025-11-09 23:55:22,016 : INFO : EventManager : Event: ======'machine_var_audits_switches_s_ramp'====== Args={'value': 411, 'prev_value': 410, 'change': 1}
2025-11-09 23:55:22,016 : INFO : EventManager : Event: ======'player_skull_ramp_nb'====== Args={'value': 6, 'prev_value': 5, 'change': 1, 'player_num': 1, 'source': 'skull'}
2025-11-09 23:55:22,165 : INFO : SwitchController : <<<<<<< 's_ramp' inactive >>>>>>>
2025-11-09 23:55:22,316 : INFO : SwitchController : <<<<<<< 's_ramp' active >>>>>>>
2025-11-09 23:55:22,317 : INFO : EventManager : Event: ======'s_ramp_active'====== Args={}
2025-11-09 23:55:22,317 : INFO : EventManager : Event: ======'machine_var_audits_switches_s_ramp'====== Args={'value': 412, 'prev_value': 411, 'change': 1}
2025-11-09 23:55:22,318 : INFO : EventManager : Event: ======'player_skull_ramp_nb'====== Args={'value': 7, 'prev_value': 6, 'change': 1, 'player_num': 1, 'source': 'skull'}
2025-11-09 23:55:22,466 : INFO : SwitchController : <<<<<<< 's_ramp' inactive >>>>>>>
2025-11-09 23:55:22,683 : INFO : SwitchController : <<<<<<< 's_ramp' active >>>>>>>
2025-11-09 23:55:22,683 : INFO : EventManager : Event: ======'s_ramp_active'====== Args={}
2025-11-09 23:55:22,683 : INFO : EventManager : Event: ======'machine_var_audits_switches_s_ramp'====== Args={'value': 413, 'prev_value': 412, 'change': 1}
2025-11-09 23:55:22,684 : INFO : EventManager : Event: ======'player_skull_ramp_nb'====== Args={'value': 8, 'prev_value': 7, 'change': 1, 'player_num': 1, 'source': 'skull'}
2025-11-09 23:55:22,782 : INFO : SwitchController : <<<<<<< 's_ramp' inactive >>>>>>>
2025-11-09 23:55:22,948 : INFO : SwitchController : <<<<<<< 's_ramp' active >>>>>>>
2025-11-09 23:55:22,948 : INFO : EventManager : Event: ======'s_ramp_active'====== Args={}
2025-11-09 23:55:22,949 : INFO : EventManager : Event: ======'machine_var_audits_switches_s_ramp'====== Args={'value': 414, 'prev_value': 413, 'change': 1}
2025-11-09 23:55:22,949 : INFO : EventManager : Event: ======'player_skull_ramp_nb'====== Args={'value': 9, 'prev_value': 8, 'change': 1, 'player_num': 1, 'source': 'skull'}
2025-11-09 23:55:23,083 : INFO : SwitchController : <<<<<<< 's_ramp' inactive >>>>>>>
2025-11-09 23:55:23,466 : INFO : SwitchController : <<<<<<< 's_ramp' active >>>>>>>
2025-11-09 23:55:23,466 : INFO : EventManager : Event: ======'s_ramp_active'====== Args={}
2025-11-09 23:55:23,466 : INFO : EventManager : Event: ======'machine_var_audits_switches_s_ramp'====== Args={'value': 415, 'prev_value': 414, 'change': 1}
2025-11-09 23:55:23,467 : INFO : EventManager : Event: ======'player_skull_ramp_nb'====== Args={'value': 10, 'prev_value': 9, 'change': 1, 'player_num': 1, 'source': 'skull'}
2025-11-09 23:55:23,467 : INFO : EventManager : Event: ======'logicblock_seq_lock1_updated'====== Args={'value': 1, 'enabled': True}
2025-11-09 23:55:23,467 : INFO : EventManager : Event: ======'logicblock_seq_lock1_hit'====== Args={'step': 1}
2025-11-09 23:55:23,581 : INFO : SwitchController : <<<<<<< 's_ramp' inactive >>>>>>>
2025-11-09 23:55:24,167 : INFO : SwitchController : <<<<<<< 's_ramp' active >>>>>>>
2025-11-09 23:55:24,167 : INFO : EventManager : Event: ======'s_ramp_active'====== Args={}
2025-11-09 23:55:24,167 : INFO : EventManager : Event: ======'machine_var_audits_switches_s_ramp'====== Args={'value': 416, 'prev_value': 415, 'change': 1}
2025-11-09 23:55:24,168 : INFO : EventManager : Event: ======'player_skull_ramp_nb'====== Args={'value': 11, 'prev_value': 10, 'change': 1, 'player_num': 1, 'source': 'skull'}
2025-11-09 23:55:24,283 : INFO : SwitchController : <<<<<<< 's_ramp' inactive >>>>>>>
2025-11-09 23:55:26,232 : INFO : SwitchController : <<<<<<< 's_skull_lock1' active >>>>>>>
2025-11-09 23:55:26,233 : INFO : EventManager : Event: ======'s_skull_lock1_active'====== Args={}
2025-11-09 23:55:26,233 : INFO : EventManager : Event: ======'machine_var_audits_switches_s_skull_lock1'====== Args={'value': 20, 'prev_value': 19, 'change': 1}
2025-11-09 23:55:26,234 : INFO : EventManager : Event: ======'logicblock_seq_lock1_updated'====== Args={'value': 2, 'enabled': True}
2025-11-09 23:55:26,234 : INFO : EventManager : Event: ======'logicblock_seq_lock1_hit'====== Args={'step': 2}
2025-11-09 23:55:26,234 : INFO : EventManager : Event: ======'seq_lock1_done'====== Args={}
2025-11-09 23:55:26,239 : INFO : EventManager : Event: ======'logicblock_seq_lock1_updated'====== Args={'value': 0, 'enabled': True}
2025-11-09 23:55:26,240 : INFO : EventManager : Event: ======'logicblock_seq_lock2_updated'====== Args={'value': 1, 'enabled': True}
2025-11-09 23:55:26,240 : INFO : EventManager : Event: ======'logicblock_seq_lock2_hit'====== Args={'step': 1}
2025-11-09 23:55:26,368 : INFO : SwitchController : <<<<<<< 's_skull_lock1' inactive >>>>>>>
2025-11-09 23:55:28,232 : INFO : SwitchController : <<<<<<< 's_skull_lock2' active >>>>>>>
2025-11-09 23:55:28,232 : INFO : EventManager : Event: ======'s_skull_lock2_active'====== Args={}
2025-11-09 23:55:28,233 : INFO : EventManager : Event: ======'machine_var_audits_switches_s_skull_lock2'====== Args={'value': 23, 'prev_value': 22, 'change': 1}
2025-11-09 23:55:28,234 : INFO : EventManager : Event: ======'logicblock_seq_lock2_updated'====== Args={'value': 2, 'enabled': True}
2025-11-09 23:55:28,234 : INFO : EventManager : Event: ======'logicblock_seq_lock2_hit'====== Args={'step': 2}
2025-11-09 23:55:28,238 : INFO : EventManager : Event: ======'seq_lock2_done'====== Args={}
2025-11-09 23:55:28,239 : INFO : EventManager : Event: ======'logicblock_seq_lock2_updated'====== Args={'value': 0, 'enabled': True}
2025-11-09 23:55:28,239 : INFO : EventManager : Event: ======'player_skull_pause_timer_tick'====== Args={'value': 0, 'prev_value': 1, 'change': -1, 'player_num': 1}
2025-11-09 23:55:28,239 : INFO : Timer.pause_timer : Starting Timer.
2025-11-09 23:55:28,239 : INFO : EventManager : Event: ======'timer_pause_timer_started'====== Args={'ticks': 0, 'ticks_remaining': 1}
2025-11-09 23:55:28,240 : INFO : EventManager : Event: ======'timer_pause_timer_tick'====== Args={'ticks': 0, 'ticks_remaining': 1}
2025-11-09 23:55:28,240 : INFO : EventManager : Event: ======'logicblock_seq_ready_for_MB_updated'====== Args={'value': 1, 'enabled': True}
2025-11-09 23:55:28,240 : INFO : EventManager : Event: ======'logicblock_seq_ready_for_MB_hit'====== Args={'step': 1}
2025-11-09 23:55:28,383 : INFO : SwitchController : <<<<<<< 's_skull_lock2' inactive >>>>>>>
2025-11-09 23:55:29,828 : INFO : SwitchController : <<<<<<< 's_left_flipper' active >>>>>>>
2025-11-09 23:55:29,828 : INFO : EventManager : Event: ======'s_left_flipper_active'====== Args={}
2025-11-09 23:55:29,829 : INFO : EventManager : Event: ======'machine_var_audits_switches_s_left_flipper'====== Args={'value': 411, 'prev_value': 410, 'change': 1}
2025-11-09 23:55:29,845 : INFO : SwitchController : <<<<<<< 's_right_flipper' active >>>>>>>
2025-11-09 23:55:29,845 : INFO : EventManager : Event: ======'s_right_flipper_active'====== Args={}
2025-11-09 23:55:29,846 : INFO : EventManager : Event: ======'flipper_cancel'====== Args={'triggering_group': 2, 'triggering_switch': 's_right_flipper'}
2025-11-09 23:55:29,846 : INFO : EventManager : Event: ======'machine_var_audits_switches_s_right_flipper'====== Args={'value': 687, 'prev_value': 686, 'change': 1}
2025-11-09 23:55:29,994 : INFO : SwitchController : <<<<<<< 's_right_flipper' inactive >>>>>>>
2025-11-09 23:55:29,994 : INFO : EventManager : Event: ======'both_flippers_one'====== Args={'triggering_group': 2, 'triggering_switch': 's_right_flipper'}
2025-11-09 23:55:29,995 : INFO : EventManager : Event: ======'player_skull_pause_timer_tick'====== Args={'value': 10, 'prev_value': 0, 'change': 10, 'player_num': 1}
2025-11-09 23:55:29,996 : INFO : EventManager : Event: ======'timer_pause_timer_time_added'====== Args={'ticks': 10, 'ticks_added': 0, 'ticks_remaining': 1}
2025-11-09 23:55:29,996 : INFO : Timer.pause_timer : Timer Complete
2025-11-09 23:55:29,996 : INFO : Timer.pause_timer : Stopping Timer
2025-11-09 23:55:29,996 : INFO : EventManager : Event: ======'timer_pause_timer_stopped'====== Args={'ticks': 10, 'ticks_remaining': 1}
2025-11-09 23:55:29,997 : INFO : EventManager : Event: ======'timer_pause_timer_complete'====== Args={'ticks': 10, 'ticks_remaining': 1}
2025-11-09 23:55:29,997 : INFO : EventManager : Event: ======'logicblock_seq_ready_for_MB_updated'====== Args={'value': 2, 'enabled': True}
2025-11-09 23:55:29,997 : INFO : EventManager : Event: ======'logicblock_seq_ready_for_MB_hit'====== Args={'step': 2}
2025-11-09 23:55:29,997 : INFO : EventManager : Event: ======'seq_ready_for_multiball_done'====== Args={}
2025-11-09 23:55:29,998 : INFO : EventManager : Event: ======'logicblock_seq_ready_for_MB_updated'====== Args={'value': 0, 'enabled': True}
2025-11-09 23:55:29,998 : INFO : EventManager : Event: ======'player_skull_ramp_nb'====== Args={'value': 0, 'prev_value': 11, 'change': -11, 'player_num': 1, 'source': 'skull'}
2025-11-09 23:55:30,011 : INFO : SwitchController : <<<<<<< 's_left_flipper' inactive >>>>>>>
2025-11-09 23:55:30,011 : INFO : EventManager : Event: ======'both_flippers_inactive'====== Args={'triggering_group': 1, 'triggering_switch': 's_left_flipper'}
2025-11-09 23:55:33,716 : INFO : SwitchController : <<<<<<< 's_ramp' active >>>>>>>
2025-11-09 23:55:33,716 : INFO : EventManager : Event: ======'s_ramp_active'====== Args={}
2025-11-09 23:55:33,716 : INFO : EventManager : Event: ======'machine_var_audits_switches_s_ramp'====== Args={'value': 417, 'prev_value': 416, 'change': 1}
2025-11-09 23:55:33,717 : INFO : EventManager : Event: ======'player_skull_ramp_nb'====== Args={'value': 1, 'prev_value': 0, 'change': 1, 'player_num': 1, 'source': 'skull'}
2025-11-09 23:55:33,864 : INFO : SwitchController : <<<<<<< 's_ramp' inactive >>>>>>>
2025-11-09 23:55:33,949 : INFO : SwitchController : <<<<<<< 's_ramp' active >>>>>>>
2025-11-09 23:55:33,949 : INFO : EventManager : Event: ======'s_ramp_active'====== Args={}
2025-11-09 23:55:33,949 : INFO : EventManager : Event: ======'machine_var_audits_switches_s_ramp'====== Args={'value': 418, 'prev_value': 417, 'change': 1}
2025-11-09 23:55:33,950 : INFO : EventManager : Event: ======'player_skull_ramp_nb'====== Args={'value': 2, 'prev_value': 1, 'change': 1, 'player_num': 1, 'source': 'skull'}
2025-11-09 23:55:34,049 : INFO : SwitchController : <<<<<<< 's_ramp' inactive >>>>>>>
2025-11-09 23:55:34,148 : INFO : SwitchController : <<<<<<< 's_ramp' active >>>>>>>
2025-11-09 23:55:34,149 : INFO : EventManager : Event: ======'s_ramp_active'====== Args={}
2025-11-09 23:55:34,149 : INFO : EventManager : Event: ======'machine_var_audits_switches_s_ramp'====== Args={'value': 419, 'prev_value': 418, 'change': 1}
2025-11-09 23:55:34,149 : INFO : EventManager : Event: ======'player_skull_ramp_nb'====== Args={'value': 3, 'prev_value': 2, 'change': 1, 'player_num': 1, 'source': 'skull'}
2025-11-09 23:55:34,249 : INFO : SwitchController : <<<<<<< 's_ramp' inactive >>>>>>>
2025-11-09 23:55:34,353 : INFO : SwitchController : <<<<<<< 's_ramp' active >>>>>>>
2025-11-09 23:55:34,353 : INFO : EventManager : Event: ======'s_ramp_active'====== Args={}
2025-11-09 23:55:34,354 : INFO : EventManager : Event: ======'machine_var_audits_switches_s_ramp'====== Args={'value': 420, 'prev_value': 419, 'change': 1}
2025-11-09 23:55:34,354 : INFO : EventManager : Event: ======'player_skull_ramp_nb'====== Args={'value': 4, 'prev_value': 3, 'change': 1, 'player_num': 1, 'source': 'skull'}
2025-11-09 23:55:34,465 : INFO : SwitchController : <<<<<<< 's_ramp' inactive >>>>>>>
2025-11-09 23:55:34,534 : INFO : SwitchController : <<<<<<< 's_ramp' active >>>>>>>
2025-11-09 23:55:34,534 : INFO : EventManager : Event: ======'s_ramp_active'====== Args={}
2025-11-09 23:55:34,535 : INFO : EventManager : Event: ======'machine_var_audits_switches_s_ramp'====== Args={'value': 421, 'prev_value': 420, 'change': 1}
2025-11-09 23:55:34,535 : INFO : EventManager : Event: ======'player_skull_ramp_nb'====== Args={'value': 5, 'prev_value': 4, 'change': 1, 'player_num': 1, 'source': 'skull'}
2025-11-09 23:55:34,631 : INFO : SwitchController : <<<<<<< 's_ramp' inactive >>>>>>>
2025-11-09 23:55:34,701 : INFO : SwitchController : <<<<<<< 's_ramp' active >>>>>>>
2025-11-09 23:55:34,701 : INFO : EventManager : Event: ======'s_ramp_active'====== Args={}
2025-11-09 23:55:34,701 : INFO : EventManager : Event: ======'machine_var_audits_switches_s_ramp'====== Args={'value': 422, 'prev_value': 421, 'change': 1}
2025-11-09 23:55:34,702 : INFO : EventManager : Event: ======'player_skull_ramp_nb'====== Args={'value': 6, 'prev_value': 5, 'change': 1, 'player_num': 1, 'source': 'skull'}
2025-11-09 23:55:34,799 : INFO : SwitchController : <<<<<<< 's_ramp' inactive >>>>>>>
2025-11-09 23:55:34,882 : INFO : SwitchController : <<<<<<< 's_ramp' active >>>>>>>
2025-11-09 23:55:34,883 : INFO : EventManager : Event: ======'s_ramp_active'====== Args={}
2025-11-09 23:55:34,883 : INFO : EventManager : Event: ======'machine_var_audits_switches_s_ramp'====== Args={'value': 423, 'prev_value': 422, 'change': 1}
2025-11-09 23:55:34,883 : INFO : EventManager : Event: ======'player_skull_ramp_nb'====== Args={'value': 7, 'prev_value': 6, 'change': 1, 'player_num': 1, 'source': 'skull'}
2025-11-09 23:55:34,965 : INFO : SwitchController : <<<<<<< 's_ramp' inactive >>>>>>>
2025-11-09 23:55:35,049 : INFO : SwitchController : <<<<<<< 's_ramp' active >>>>>>>
2025-11-09 23:55:35,049 : INFO : EventManager : Event: ======'s_ramp_active'====== Args={}
2025-11-09 23:55:35,050 : INFO : EventManager : Event: ======'machine_var_audits_switches_s_ramp'====== Args={'value': 424, 'prev_value': 423, 'change': 1}
2025-11-09 23:55:35,050 : INFO : EventManager : Event: ======'player_skull_ramp_nb'====== Args={'value': 8, 'prev_value': 7, 'change': 1, 'player_num': 1, 'source': 'skull'}
2025-11-09 23:55:35,133 : INFO : SwitchController : <<<<<<< 's_ramp' inactive >>>>>>>
2025-11-09 23:55:35,216 : INFO : SwitchController : <<<<<<< 's_ramp' active >>>>>>>
2025-11-09 23:55:35,216 : INFO : EventManager : Event: ======'s_ramp_active'====== Args={}
2025-11-09 23:55:35,217 : INFO : EventManager : Event: ======'machine_var_audits_switches_s_ramp'====== Args={'value': 425, 'prev_value': 424, 'change': 1}
2025-11-09 23:55:35,217 : INFO : EventManager : Event: ======'player_skull_ramp_nb'====== Args={'value': 9, 'prev_value': 8, 'change': 1, 'player_num': 1, 'source': 'skull'}
2025-11-09 23:55:35,298 : INFO : SwitchController : <<<<<<< 's_ramp' inactive >>>>>>>
2025-11-09 23:55:35,381 : INFO : SwitchController : <<<<<<< 's_ramp' active >>>>>>>
2025-11-09 23:55:35,381 : INFO : EventManager : Event: ======'s_ramp_active'====== Args={}
2025-11-09 23:55:35,382 : INFO : EventManager : Event: ======'machine_var_audits_switches_s_ramp'====== Args={'value': 426, 'prev_value': 425, 'change': 1}
2025-11-09 23:55:35,382 : INFO : EventManager : Event: ======'player_skull_ramp_nb'====== Args={'value': 10, 'prev_value': 9, 'change': 1, 'player_num': 1, 'source': 'skull'}
2025-11-09 23:55:35,382 : INFO : EventManager : Event: ======'logicblock_seq_lock1_updated'====== Args={'value': 1, 'enabled': True}
2025-11-09 23:55:35,383 : INFO : EventManager : Event: ======'logicblock_seq_lock1_hit'====== Args={'step': 1}
2025-11-09 23:55:35,465 : INFO : SwitchController : <<<<<<< 's_ramp' inactive >>>>>>>
2025-11-09 23:55:35,717 : INFO : SwitchController : <<<<<<< 's_ramp' active >>>>>>>
2025-11-09 23:55:35,717 : INFO : EventManager : Event: ======'s_ramp_active'====== Args={}
2025-11-09 23:55:35,717 : INFO : EventManager : Event: ======'machine_var_audits_switches_s_ramp'====== Args={'value': 427, 'prev_value': 426, 'change': 1}
2025-11-09 23:55:35,718 : INFO : EventManager : Event: ======'player_skull_ramp_nb'====== Args={'value': 11, 'prev_value': 10, 'change': 1, 'player_num': 1, 'source': 'skull'}
2025-11-09 23:55:35,800 : INFO : SwitchController : <<<<<<< 's_ramp' inactive >>>>>>>
2025-11-09 23:55:35,932 : INFO : SwitchController : <<<<<<< 's_ramp' active >>>>>>>
2025-11-09 23:55:35,932 : INFO : EventManager : Event: ======'s_ramp_active'====== Args={}
2025-11-09 23:55:35,932 : INFO : EventManager : Event: ======'machine_var_audits_switches_s_ramp'====== Args={'value': 428, 'prev_value': 427, 'change': 1}
2025-11-09 23:55:35,933 : INFO : EventManager : Event: ======'player_skull_ramp_nb'====== Args={'value': 12, 'prev_value': 11, 'change': 1, 'player_num': 1, 'source': 'skull'}
2025-11-09 23:55:36,048 : INFO : SwitchController : <<<<<<< 's_ramp' inactive >>>>>>>
2025-11-09 23:55:39,016 : INFO : SwitchController : <<<<<<< 's_skull_lock1' active >>>>>>>
2025-11-09 23:55:39,016 : INFO : EventManager : Event: ======'s_skull_lock1_active'====== Args={}
2025-11-09 23:55:39,016 : INFO : EventManager : Event: ======'machine_var_audits_switches_s_skull_lock1'====== Args={'value': 21, 'prev_value': 20, 'change': 1}
2025-11-09 23:55:39,017 : INFO : EventManager : Event: ======'logicblock_seq_lock1_updated'====== Args={'value': 2, 'enabled': True}
2025-11-09 23:55:39,017 : INFO : EventManager : Event: ======'logicblock_seq_lock1_hit'====== Args={'step': 2}
2025-11-09 23:55:39,023 : INFO : EventManager : Event: ======'seq_lock1_done'====== Args={}
2025-11-09 23:55:39,023 : INFO : EventManager : Event: ======'logicblock_seq_lock1_updated'====== Args={'value': 0, 'enabled': True}
2025-11-09 23:55:39,024 : INFO : EventManager : Event: ======'logicblock_seq_lock2_updated'====== Args={'value': 1, 'enabled': True}
2025-11-09 23:55:39,024 : INFO : EventManager : Event: ======'logicblock_seq_lock2_hit'====== Args={'step': 1}
2025-11-09 23:55:39,165 : INFO : SwitchController : <<<<<<< 's_skull_lock1' inactive >>>>>>>
2025-11-09 23:55:40,316 : INFO : SwitchController : <<<<<<< 's_skull_lock2' active >>>>>>>
2025-11-09 23:55:40,316 : INFO : EventManager : Event: ======'s_skull_lock2_active'====== Args={}
2025-11-09 23:55:40,317 : INFO : EventManager : Event: ======'machine_var_audits_switches_s_skull_lock2'====== Args={'value': 24, 'prev_value': 23, 'change': 1}
2025-11-09 23:55:40,317 : INFO : EventManager : Event: ======'logicblock_seq_lock2_updated'====== Args={'value': 2, 'enabled': True}
2025-11-09 23:55:40,318 : INFO : EventManager : Event: ======'logicblock_seq_lock2_hit'====== Args={'step': 2}
2025-11-09 23:55:40,318 : INFO : EventManager : Event: ======'seq_lock2_done'====== Args={}
2025-11-09 23:55:40,318 : INFO : EventManager : Event: ======'logicblock_seq_lock2_updated'====== Args={'value': 0, 'enabled': True}
2025-11-09 23:55:40,318 : INFO : EventManager : Event: ======'player_skull_pause_timer_tick'====== Args={'value': 0, 'prev_value': 10, 'change': -10, 'player_num': 1}
2025-11-09 23:55:40,323 : INFO : Timer.pause_timer : Starting Timer.
2025-11-09 23:55:40,323 : INFO : EventManager : Event: ======'timer_pause_timer_started'====== Args={'ticks': 0, 'ticks_remaining': 1}
2025-11-09 23:55:40,323 : INFO : EventManager : Event: ======'timer_pause_timer_tick'====== Args={'ticks': 0, 'ticks_remaining': 1}
2025-11-09 23:55:40,324 : INFO : EventManager : Event: ======'logicblock_seq_ready_for_MB_updated'====== Args={'value': 1, 'enabled': True}
2025-11-09 23:55:40,324 : INFO : EventManager : Event: ======'logicblock_seq_ready_for_MB_hit'====== Args={'step': 1}
2025-11-09 23:55:40,481 : INFO : SwitchController : <<<<<<< 's_skull_lock2' inactive >>>>>>>
2025-11-09 23:55:41,978 : INFO : SwitchController : <<<<<<< 's_left_flipper' active >>>>>>>
2025-11-09 23:55:41,978 : INFO : EventManager : Event: ======'s_left_flipper_active'====== Args={}
2025-11-09 23:55:41,979 : INFO : EventManager : Event: ======'machine_var_audits_switches_s_left_flipper'====== Args={'value': 412, 'prev_value': 411, 'change': 1}
2025-11-09 23:55:41,980 : INFO : SwitchController : <<<<<<< 's_right_flipper' active >>>>>>>
2025-11-09 23:55:41,981 : INFO : EventManager : Event: ======'s_right_flipper_active'====== Args={}
2025-11-09 23:55:41,986 : INFO : EventManager : Event: ======'flipper_cancel'====== Args={'triggering_group': 2, 'triggering_switch': 's_right_flipper'}
2025-11-09 23:55:41,986 : INFO : EventManager : Event: ======'machine_var_audits_switches_s_right_flipper'====== Args={'value': 688, 'prev_value': 687, 'change': 1}
2025-11-09 23:55:42,111 : INFO : SwitchController : <<<<<<< 's_left_flipper' inactive >>>>>>>
2025-11-09 23:55:42,112 : INFO : EventManager : Event: ======'both_flippers_one'====== Args={'triggering_group': 1, 'triggering_switch': 's_left_flipper'}
2025-11-09 23:55:42,113 : INFO : EventManager : Event: ======'player_skull_pause_timer_tick'====== Args={'value': 10, 'prev_value': 0, 'change': 10, 'player_num': 1}
2025-11-09 23:55:42,114 : INFO : EventManager : Event: ======'timer_pause_timer_time_added'====== Args={'ticks': 10, 'ticks_added': 0, 'ticks_remaining': 1}
2025-11-09 23:55:42,114 : INFO : Timer.pause_timer : Timer Complete
2025-11-09 23:55:42,114 : INFO : Timer.pause_timer : Stopping Timer
2025-11-09 23:55:42,114 : INFO : EventManager : Event: ======'timer_pause_timer_stopped'====== Args={'ticks': 10, 'ticks_remaining': 1}
2025-11-09 23:55:42,114 : INFO : EventManager : Event: ======'timer_pause_timer_complete'====== Args={'ticks': 10, 'ticks_remaining': 1}
2025-11-09 23:55:42,115 : INFO : EventManager : Event: ======'logicblock_seq_ready_for_MB_updated'====== Args={'value': 2, 'enabled': True}
2025-11-09 23:55:42,115 : INFO : EventManager : Event: ======'logicblock_seq_ready_for_MB_hit'====== Args={'step': 2}
2025-11-09 23:55:42,115 : INFO : EventManager : Event: ======'seq_ready_for_multiball_done'====== Args={}
2025-11-09 23:55:42,116 : INFO : EventManager : Event: ======'logicblock_seq_ready_for_MB_updated'====== Args={'value': 0, 'enabled': True}
2025-11-09 23:55:42,116 : INFO : EventManager : Event: ======'player_skull_ramp_nb'====== Args={'value': 0, 'prev_value': 12, 'change': -12, 'player_num': 1, 'source': 'skull'}
2025-11-09 23:55:42,128 : INFO : SwitchController : <<<<<<< 's_right_flipper' inactive >>>>>>>
2025-11-09 23:55:42,128 : INFO : EventManager : Event: ======'both_flippers_inactive'====== Args={'triggering_group': 2, 'triggering_switch': 's_right_flipper'}
2025-11-09 23:56:13,092 : INFO : Machine : Shutting down...
2025-11-09 23:56:13,092 : INFO : EventManager : Event: ======'shutdown'====== Args={}
2025-11-09 23:56:13,094 : INFO : EventManager : Event: ======'mode_game_will_stop'====== Args={}
2025-11-09 23:56:13,094 : INFO : EventManager : Event: ======'mode_game_stopping'====== Args={}
2025-11-09 23:56:13,094 : INFO : EventManager : Event: ======'mode_csi_lanes_will_stop'====== Args={}
2025-11-09 23:56:13,095 : INFO : EventManager : Event: ======'mode_csi_lanes_stopping'====== Args={}
2025-11-09 23:56:13,095 : INFO : EventManager : Event: ======'mode_skull_will_stop'====== Args={}
2025-11-09 23:56:13,095 : INFO : EventManager : Event: ======'mode_skull_stopping'====== Args={}
2025-11-09 23:56:13,095 : INFO : EventManager : Event: ======'mode_base_will_stop'====== Args={}
2025-11-09 23:56:13,095 : INFO : EventManager : Event: ======'mode_base_stopping'====== Args={}
2025-11-09 23:56:13,095 : INFO : EventManager : Event: ======'mode_bumpers_will_stop'====== Args={}
2025-11-09 23:56:13,095 : INFO : EventManager : Event: ======'mode_bumpers_stopping'====== Args={}
2025-11-09 23:56:13,095 : INFO : EventManager : Event: ======'stop_mode_bumpers'====== Args={'priority': 0}
2025-11-09 23:56:13,096 : INFO : EventManager : Event: ======'stop_mode_csi_lanes'====== Args={'priority': 0}
2025-11-09 23:56:13,096 : INFO : EventManager : Event: ======'stop_mode_skull'====== Args={'priority': 0}
2025-11-09 23:56:13,096 : INFO : Mode.bumpers : Stopped.
2025-11-09 23:56:13,096 : INFO : EventManager : Event: ======'modes_active_modes_changed'====== Args={}
2025-11-09 23:56:13,096 : INFO : EventManager : Event: ======'mode_bumpers_stopped'====== Args={}
2025-11-09 23:56:13,096 : INFO : EventManager : Event: ======'clear'====== Args={'key': 'bumpers'}
2025-11-09 23:56:13,096 : INFO : Timer.bumper_timer : Stopping Timer
2025-11-09 23:56:13,096 : INFO : EventManager : Event: ======'timer_bumper_timer_stopped'====== Args={'ticks': 1, 'ticks_remaining': 1}
2025-11-09 23:56:13,097 : INFO : Mode.base : Stopped.
2025-11-09 23:56:13,097 : INFO : EventManager : Event: ======'modes_active_modes_changed'====== Args={}
2025-11-09 23:56:13,097 : INFO : EventManager : Event: ======'mode_base_stopped'====== Args={}
2025-11-09 23:56:13,097 : INFO : EventManager : Event: ======'clear'====== Args={'key': 'base'}
2025-11-09 23:56:13,097 : INFO : Timer.player_added_timer : Stopping Timer
2025-11-09 23:56:13,097 : INFO : EventManager : Event: ======'timer_player_added_timer_stopped'====== Args={'ticks': 1, 'ticks_remaining': 1}
2025-11-09 23:56:13,097 : INFO : Mode.skull : Stopped.
2025-11-09 23:56:13,097 : INFO : EventManager : Event: ======'modes_active_modes_changed'====== Args={}
2025-11-09 23:56:13,097 : INFO : EventManager : Event: ======'mode_skull_stopped'====== Args={}
2025-11-09 23:56:13,097 : INFO : EventManager : Event: ======'clear'====== Args={'key': 'skull'}
2025-11-09 23:56:13,098 : INFO : Timer.pause_timer : Stopping Timer
2025-11-09 23:56:13,098 : INFO : EventManager : Event: ======'timer_pause_timer_stopped'====== Args={'ticks': 10, 'ticks_remaining': 1}
2025-11-09 23:56:13,098 : INFO : Mode.csi_lanes : Stopped.
2025-11-09 23:56:13,098 : INFO : EventManager : Event: ======'modes_active_modes_changed'====== Args={}
2025-11-09 23:56:13,098 : INFO : EventManager : Event: ======'mode_csi_lanes_stopped'====== Args={}
2025-11-09 23:56:13,098 : INFO : EventManager : Event: ======'clear'====== Args={'key': 'csi_lanes'}
2025-11-09 23:56:13,098 : INFO : Timer.csi_lanes_timer : Stopping Timer
2025-11-09 23:56:13,098 : INFO : EventManager : Event: ======'timer_csi_lanes_timer_stopped'====== Args={'ticks': 1, 'ticks_remaining': 1}
2025-11-09 23:56:13,098 : INFO : Timer.csi_right_orbit_timer : Stopping Timer
2025-11-09 23:56:13,098 : INFO : EventManager : Event: ======'timer_csi_right_orbit_timer_stopped'====== Args={'ticks': 0, 'ticks_remaining': 0}
2025-11-09 23:56:13,099 : INFO : Mode.game : Stopped.
2025-11-09 23:56:13,099 : INFO : EventManager : Event: ======'modes_active_modes_changed'====== Args={}
2025-11-09 23:56:13,099 : INFO : EventManager : Event: ======'mode_game_stopped'====== Args={}
2025-11-09 23:56:13,099 : INFO : EventManager : Event: ======'clear'====== Args={'key': 'game'}
2025-11-09 23:56:13,101 : INFO : root : MPF run loop ended.
