2025-11-04 01:07:33,109 : INFO : root : Loading config.
2025-11-04 01:07:33,110 : INFO : YamlMultifileConfigLoader : Machine config file #1: config.yaml
2025-11-04 01:07:33,110 : INFO : ConfigProcessor : Loading config from cache: /var/folders/m3/0d4y64_n3fn8tnkv3ydlhztw0000gn/T/5ca32a6c950d03116abbed96ca44d372.mpf_cache
2025-11-04 01:07:33,122 : INFO : ConfigProcessor : Loading config from cache: /var/folders/m3/0d4y64_n3fn8tnkv3ydlhztw0000gn/T/01c495fa7450a81b4be96cb699872531.mpf_cache
2025-11-04 01:07:33,122 : INFO : ConfigProcessor : Loading config from cache: /var/folders/m3/0d4y64_n3fn8tnkv3ydlhztw0000gn/T/bfde29b5bb803376b0637bb8f0da27a7.mpf_cache
2025-11-04 01:07:33,122 : INFO : ConfigProcessor : Loading config from cache: /var/folders/m3/0d4y64_n3fn8tnkv3ydlhztw0000gn/T/01c495fa7450a81b4be96cb699872531.mpf_cache
2025-11-04 01:07:33,122 : INFO : ConfigProcessor : Loading config from cache: /var/folders/m3/0d4y64_n3fn8tnkv3ydlhztw0000gn/T/3ae89e09515ff8d8b11d68f672b2cc51.mpf_cache
2025-11-04 01:07:33,122 : INFO : ConfigProcessor : Loading config from cache: /var/folders/m3/0d4y64_n3fn8tnkv3ydlhztw0000gn/T/4c420229fa75118c2461cfc9ff5a44e2.mpf_cache
2025-11-04 01:07:33,122 : INFO : ConfigProcessor : Loading config from cache: /var/folders/m3/0d4y64_n3fn8tnkv3ydlhztw0000gn/T/f5ee6852f1764324c8553249cc53c871.mpf_cache
2025-11-04 01:07:33,122 : INFO : Machine : Mission Pinball Framework Core Engine v0.80.0.dev10
2025-11-04 01:07:33,122 : INFO : Machine : Command line arguments: {'no_load_cache': False, 'create_config_cache': True, 'bcp': True, 'configfile': ['config.yaml'], 'force_assets_load': False, 'platform_integration_test': False, 'jsonlogging': False, 'logfile': 'logs/2025-11-04-01-07-33-mpf-mac.home.log', 'pause': False, 'production': False, 'text_ui': False, 'loglevel': 15, 'consoleloglevel': 20, 'force_platform': 'smart_virtual', 'syslog_address': None, 'full_logfile_path': '/Users/didiergilbin/Desktop/Homebrew_CSI/logs/2025-11-04-01-07-33-mpf-mac.home.log'}
2025-11-04 01:07:33,122 : INFO : Machine : MPF path: /Users/didiergilbin/mpfenv/lib/python3.13/site-packages/mpf
2025-11-04 01:07:33,122 : INFO : Machine : Machine path: /Users/didiergilbin/Desktop/Homebrew_CSI
2025-11-04 01:07:33,122 : INFO : Machine : Platform: darwin
2025-11-04 01:07:33,122 : INFO : Machine : Python executable location: /Users/didiergilbin/mpfenv/bin/python3.13
2025-11-04 01:07:33,122 : INFO : Machine : Python version: 3.13.7 (64-bit)
2025-11-04 01:07:33,123 : INFO : Machine : Initializing MPF...
2025-11-04 01:07:33,136 : INFO : EventManager : Event: ======'machine_var_credits_string'====== Args={'value': 'FREE PLAY', 'prev_value': None, 'change': True}
2025-11-04 01:07:33,139 : INFO : EventManager : Event: ======'machine_var_master_volume'====== Args={'value': 0.5, 'prev_value': None, 'change': True}
2025-11-04 01:07:33,139 : INFO : EventManager : Event: ======'machine_var_player1_score'====== Args={'value': 0, 'prev_value': None, 'change': True}
2025-11-04 01:07:33,139 : INFO : EventManager : Event: ======'machine_var_mpf_version'====== Args={'value': 'Mission Pinball Framework v0.80.0.dev10', 'prev_value': None, 'change': True}
2025-11-04 01:07:33,139 : INFO : EventManager : Event: ======'machine_var_mpf_extended_version'====== Args={'value': 'Mission Pinball Framework v0.80.0.dev10, Config version:6, Show version: 6, BCP version:1.1', 'prev_value': None, 'change': True}
2025-11-04 01:07:33,139 : INFO : EventManager : Event: ======'machine_var_python_version'====== Args={'value': '3.13.7', 'prev_value': None, 'change': True}
2025-11-04 01:07:33,144 : INFO : EventManager : Event: ======'machine_var_platform'====== Args={'value': 'macOS-15.6.1-arm64-arm-64bit-Mach-O', 'prev_value': None, 'change': True}
2025-11-04 01:07:33,145 : INFO : EventManager : Event: ======'machine_var_platform_system'====== Args={'value': 'Darwin', 'prev_value': None, 'change': True}
2025-11-04 01:07:33,145 : INFO : EventManager : Event: ======'machine_var_platform_release'====== Args={'value': '24.6.0', 'prev_value': None, 'change': True}
2025-11-04 01:07:33,145 : INFO : EventManager : Event: ======'machine_var_platform_version'====== Args={'value': 'Darwin Kernel Version 24.6.0: Mon Jul 14 11:30:40 PDT 2025; root:xnu-11417.140.69~1/RELEASE_ARM64_T8132', 'prev_value': None, 'change': True}
2025-11-04 01:07:33,145 : INFO : EventManager : Event: ======'machine_var_platform_machine'====== Args={'value': 'arm64', 'prev_value': None, 'change': True}
2025-11-04 01:07:33,145 : INFO : EventManager : Event: ======'machine_var_log_file_path'====== Args={'value': '/Users/didiergilbin/Desktop/Homebrew_CSI/logs/2025-11-04-01-07-33-mpf-mac.home.log', 'prev_value': None, 'change': True}
2025-11-04 01:07:33,145 : INFO : EventManager : Event: ======'init_phase_1'====== Args={}
2025-11-04 01:07:33,150 : INFO : EventManager : Event: ======'init_phase_2'====== Args={}
2025-11-04 01:07:33,150 : INFO : SwitchController : Found active switch: ('2', <Platform.SmartVirtual>) <switch.s_trough1>
2025-11-04 01:07:33,150 : INFO : SwitchController : Found active switch: ('3', <Platform.SmartVirtual>) <switch.s_trough2>
2025-11-04 01:07:33,150 : INFO : SwitchController : Found active switch: ('4', <Platform.SmartVirtual>) <switch.s_trough3>
2025-11-04 01:07:33,150 : INFO : SwitchController : Found active switch: ('5', <Platform.SmartVirtual>) <switch.s_trough4>
2025-11-04 01:07:33,151 : INFO : EventManager : Event: ======'bcp_connection_attempt'====== Args={'name': 'local_display', 'host': 'localhost', 'port': 5050}
2025-11-04 01:07:33,151 : INFO : BCPClientSocket : Connecting BCP to 'local_display' at localhost:5050...
2025-11-04 01:07:33,153 : INFO : BCPClientSocket : Connected BCP to 'local_display' localhost:5050
2025-11-04 01:07:33,153 : INFO : EventManager : Event: ======'bcp_clients_connected'====== Args={}
2025-11-04 01:07:33,154 : INFO : ball_device.bd_drain : BCH: Initial count: 0
2025-11-04 01:07:33,154 : INFO : ball_device.bd_drain : State: idle
2025-11-04 01:07:33,154 : INFO : ball_device.bd_trough : BCH: Initial count: 4
2025-11-04 01:07:33,154 : INFO : ball_device.bd_trough : State: idle
2025-11-04 01:07:33,154 : INFO : ball_device.bd_plunger : BCH: Initial count: 0
2025-11-04 01:07:33,154 : INFO : ball_device.bd_plunger : State: idle
2025-11-04 01:07:33,157 : INFO : EventManager : Event: ======'init_phase_3'====== Args={}
2025-11-04 01:07:33,157 : INFO : EventManager : Event: ======'init_phase_4'====== Args={}
2025-11-04 01:07:33,157 : INFO : BallController : Initial balls found: 4
2025-11-04 01:07:33,158 : INFO : EventManager : Event: ======'machine_var_audits_events_game_ended'====== Args={'value': 51, 'prev_value': None, 'change': True}
2025-11-04 01:07:33,158 : INFO : EventManager : Event: ======'machine_var_audits_events_game_started'====== Args={'value': 344, 'prev_value': None, 'change': True}
2025-11-04 01:07:33,158 : INFO : EventManager : Event: ======'machine_var_audits_missing_switches_s_drain'====== Args={'value': 5, 'prev_value': None, 'change': True}
2025-11-04 01:07:33,158 : INFO : EventManager : Event: ======'machine_var_audits_missing_switches_s_launch_button'====== Args={'value': 344, 'prev_value': None, 'change': True}
2025-11-04 01:07:33,158 : INFO : EventManager : Event: ======'machine_var_audits_missing_switches_s_popbumper1'====== Args={'value': 7, 'prev_value': None, 'change': True}
2025-11-04 01:07:33,158 : INFO : EventManager : Event: ======'machine_var_audits_missing_switches_s_popbumper2'====== Args={'value': 7, 'prev_value': None, 'change': True}
2025-11-04 01:07:33,158 : INFO : EventManager : Event: ======'machine_var_audits_missing_switches_s_popbumper3'====== Args={'value': 11, 'prev_value': None, 'change': True}
2025-11-04 01:07:33,158 : INFO : EventManager : Event: ======'machine_var_audits_missing_switches_s_sling_left'====== Args={'value': 344, 'prev_value': None, 'change': True}
2025-11-04 01:07:33,158 : INFO : EventManager : Event: ======'machine_var_audits_missing_switches_s_sling_right'====== Args={'value': 344, 'prev_value': None, 'change': True}
2025-11-04 01:07:33,158 : INFO : EventManager : Event: ======'machine_var_audits_missing_switches_s_start'====== Args={'value': 5, 'prev_value': None, 'change': True}
2025-11-04 01:07:33,158 : INFO : EventManager : Event: ======'machine_var_audits_missing_switches_s_trough1'====== Args={'value': 5, 'prev_value': None, 'change': True}
2025-11-04 01:07:33,158 : INFO : EventManager : Event: ======'machine_var_audits_missing_switches_s_trough2'====== Args={'value': 5, 'prev_value': None, 'change': True}
2025-11-04 01:07:33,158 : INFO : EventManager : Event: ======'machine_var_audits_missing_switches_s_trough3'====== Args={'value': 122, 'prev_value': None, 'change': True}
2025-11-04 01:07:33,158 : INFO : EventManager : Event: ======'machine_var_audits_missing_switches_s_trough4'====== Args={'value': 122, 'prev_value': None, 'change': True}
2025-11-04 01:07:33,158 : INFO : EventManager : Event: ======'machine_var_audits_missing_switches_s_trough_jam'====== Args={'value': 58, 'prev_value': None, 'change': True}
2025-11-04 01:07:33,158 : INFO : EventManager : Event: ======'machine_var_audits_player_score'====== Args={'value': {'average': 221066, 'top': [10210000, 1550000, 1070000, 1070000, 810000, 710000, 640000, 570000, 530000, 480000], 'total': 110}, 'prev_value': None, 'change': True}
2025-11-04 01:07:33,158 : INFO : EventManager : Event: ======'machine_var_audits_shots_bumper1'====== Args={'value': 3302, 'prev_value': None, 'change': True}
2025-11-04 01:07:33,158 : INFO : EventManager : Event: ======'machine_var_audits_shots_bumper2'====== Args={'value': 3252, 'prev_value': None, 'change': True}
2025-11-04 01:07:33,158 : INFO : EventManager : Event: ======'machine_var_audits_shots_bumper3'====== Args={'value': 2975, 'prev_value': None, 'change': True}
2025-11-04 01:07:33,158 : INFO : EventManager : Event: ======'machine_var_audits_switches_s_drain'====== Args={'value': 501, 'prev_value': None, 'change': True}
2025-11-04 01:07:33,158 : INFO : EventManager : Event: ======'machine_var_audits_switches_s_launch_button'====== Args={'value': 0, 'prev_value': None, 'change': True}
2025-11-04 01:07:33,158 : INFO : EventManager : Event: ======'machine_var_audits_switches_s_left_flipper'====== Args={'value': 239, 'prev_value': None, 'change': True}
2025-11-04 01:07:33,158 : INFO : EventManager : Event: ======'machine_var_audits_switches_s_plunger_lane'====== Args={'value': 698, 'prev_value': None, 'change': True}
2025-11-04 01:07:33,158 : INFO : EventManager : Event: ======'machine_var_audits_switches_s_popbumper1'====== Args={'value': 3346, 'prev_value': None, 'change': True}
2025-11-04 01:07:33,158 : INFO : EventManager : Event: ======'machine_var_audits_switches_s_popbumper2'====== Args={'value': 3293, 'prev_value': None, 'change': True}
2025-11-04 01:07:33,158 : INFO : EventManager : Event: ======'machine_var_audits_switches_s_popbumper3'====== Args={'value': 3017, 'prev_value': None, 'change': True}
2025-11-04 01:07:33,158 : INFO : EventManager : Event: ======'machine_var_audits_switches_s_right_flipper'====== Args={'value': 409, 'prev_value': None, 'change': True}
2025-11-04 01:07:33,158 : INFO : EventManager : Event: ======'machine_var_audits_switches_s_scoop'====== Args={'value': 310, 'prev_value': None, 'change': True}
2025-11-04 01:07:33,158 : INFO : EventManager : Event: ======'machine_var_audits_switches_s_sling_left'====== Args={'value': 0, 'prev_value': None, 'change': True}
2025-11-04 01:07:33,158 : INFO : EventManager : Event: ======'machine_var_audits_switches_s_sling_right'====== Args={'value': 0, 'prev_value': None, 'change': True}
2025-11-04 01:07:33,158 : INFO : EventManager : Event: ======'machine_var_audits_switches_s_start'====== Args={'value': 622, 'prev_value': None, 'change': True}
2025-11-04 01:07:33,158 : INFO : EventManager : Event: ======'machine_var_audits_switches_s_trough1'====== Args={'value': 351, 'prev_value': None, 'change': True}
2025-11-04 01:07:33,158 : INFO : EventManager : Event: ======'machine_var_audits_switches_s_trough2'====== Args={'value': 15, 'prev_value': None, 'change': True}
2025-11-04 01:07:33,158 : INFO : EventManager : Event: ======'machine_var_audits_switches_s_trough3'====== Args={'value': 1, 'prev_value': None, 'change': True}
2025-11-04 01:07:33,158 : INFO : EventManager : Event: ======'machine_var_audits_switches_s_trough4'====== Args={'value': 1, 'prev_value': None, 'change': True}
2025-11-04 01:07:33,158 : INFO : EventManager : Event: ======'machine_var_audits_switches_s_trough_jam'====== Args={'value': 8, 'prev_value': None, 'change': True}
2025-11-04 01:07:33,158 : INFO : EventManager : Event: ======'init_phase_5'====== Args={}
2025-11-04 01:07:33,159 : INFO : EventManager : Event: ======'init_done'====== Args={}
2025-11-04 01:07:33,159 : INFO : EventManager : Event: ======'machine_reset_phase_1'====== Args={}
2025-11-04 01:07:33,164 : INFO : EventManager : Event: ======'machine_reset_phase_2'====== Args={}
2025-11-04 01:07:33,164 : INFO : EventManager : Event: ======'machine_reset_phase_3'====== Args={}
2025-11-04 01:07:33,165 : INFO : EventManager : Event: ======'reset_complete'====== Args={}
2025-11-04 01:07:33,165 : INFO : EventManager : Event: ======'mode_attract_will_start'====== Args={}
2025-11-04 01:07:33,165 : INFO : Timer.attract_carousel_timer : Starting Timer.
2025-11-04 01:07:33,165 : INFO : EventManager : Event: ======'timer_attract_carousel_timer_started'====== Args={'ticks': 0, 'ticks_remaining': 1}
2025-11-04 01:07:33,165 : INFO : EventManager : Event: ======'timer_attract_carousel_timer_tick'====== Args={'ticks': 0, 'ticks_remaining': 1}
2025-11-04 01:07:33,165 : INFO : EventManager : Event: ======'mode_attract_starting'====== Args={}
2025-11-04 01:07:33,165 : INFO : Mode.attract : Started. Priority: 10
2025-11-04 01:07:33,165 : INFO : EventManager : Event: ======'modes_active_modes_changed'====== Args={}
2025-11-04 01:07:33,165 : INFO : EventManager : Event: ======'mode_attract_started'====== Args={}
2025-11-04 01:07:33,165 : INFO : EventManager : Event: ======'collecting_balls_complete'====== Args={}
2025-11-04 01:07:33,165 : INFO : EventManager : Event: ======'carousel_item_highlighted'====== Args={'carousel': 'attract', 'direction': None, 'item': 'title'}
2025-11-04 01:07:33,165 : INFO : Machine : Starting the main run loop with active modes: [<Mode.attract>]
2025-11-04 01:07:33,549 : INFO : EventManager : Event: ======'slide_attract_created'====== Args={'_from_bcp': True}
2025-11-04 01:07:33,549 : INFO : EventManager : Event: ======'slide__removed'====== Args={'_from_bcp': True}
2025-11-04 01:07:33,549 : INFO : EventManager : Event: ======'slide_attract_active'====== Args={'original_context': 'attract', 'original_calling_context': 'mode_attract_started', 'priority': 10.0, 'cmd': 'slides_play', '_from_bcp': True}
2025-11-04 01:07:33,651 : INFO : BcpServer : New client connected.
2025-11-04 01:07:35,430 : INFO : SwitchController : <<<<<<< 's_start' active >>>>>>>
2025-11-04 01:07:35,546 : INFO : SwitchController : <<<<<<< 's_start' inactive >>>>>>>
2025-11-04 01:07:35,547 : INFO : EventManager : Event: ======'request_to_start_game'====== Args={}
2025-11-04 01:07:35,548 : INFO : EventManager : Event: ======'game_start'====== Args={'buttons': [], 'hold_time': 0.11614391597686335}
2025-11-04 01:07:35,548 : INFO : EventManager : Event: ======'mode_game_will_start'====== Args={'buttons': [], 'hold_time': 0.11614391597686335}
2025-11-04 01:07:35,549 : INFO : EventManager : Event: ======'mode_game_starting'====== Args={'buttons': [], 'hold_time': 0.11614391597686335}
2025-11-04 01:07:35,550 : INFO : EventManager : Event: ======'mode_attract_will_stop'====== Args={}
2025-11-04 01:07:35,550 : INFO : EventManager : Event: ======'mode_attract_stopping'====== Args={}
2025-11-04 01:07:35,550 : INFO : Mode.attract : Stopped.
2025-11-04 01:07:35,551 : INFO : EventManager : Event: ======'modes_active_modes_changed'====== Args={}
2025-11-04 01:07:35,551 : INFO : EventManager : Event: ======'mode_attract_stopped'====== Args={}
2025-11-04 01:07:35,552 : INFO : EventManager : Event: ======'clear'====== Args={'key': 'attract'}
2025-11-04 01:07:35,552 : INFO : Timer.attract_carousel_timer : Stopping Timer
2025-11-04 01:07:35,553 : INFO : EventManager : Event: ======'timer_attract_carousel_timer_stopped'====== Args={'ticks': 0, 'ticks_remaining': 1}
2025-11-04 01:07:35,553 : INFO : Mode.game : Started. Priority: 20
2025-11-04 01:07:35,553 : INFO : EventManager : Event: ======'modes_active_modes_changed'====== Args={}
2025-11-04 01:07:35,553 : INFO : EventManager : Event: ======'mode_game_started'====== Args={'buttons': [], 'hold_time': 0.11614391597686335}
2025-11-04 01:07:35,554 : INFO : EventManager : Event: ======'game_will_start'====== Args={}
2025-11-04 01:07:35,555 : INFO : EventManager : Event: ======'game_starting'====== Args={'game': <Mode.game>}
2025-11-04 01:07:35,555 : INFO : EventManager : Unordered handler for class <Auditor> on event game_ended with priority 1. Handlers: [RegisteredHandler(callback=<bound method Auditor.disable of <Auditor>>, priority=1, kwargs={}, key=UUID('b675dd33-86f0-4a07-ba4f-1654e2e8fe12'), condition=None, blocking_facility=None), RegisteredHandler(callback=<bound method Auditor._save_audits of <Auditor>>, priority=1, kwargs={}, key=UUID('1fdb7095-4460-4913-a084-1feffc8f761a'), condition=None, blocking_facility=None)]. The order of those handlers is not defined and they will be executed in random order. This might lead to race conditions and potential bugs.
2025-11-04 01:07:35,556 : INFO : EventManager : Event: ======'player_add_request'====== Args={}
2025-11-04 01:07:35,556 : INFO : EventManager : Event: ======'player_will_add'====== Args={'number': 1}
2025-11-04 01:07:35,556 : INFO : EventManager : Event: ======'player_adding'====== Args={'player': <Player 1>, 'number': 1}
2025-11-04 01:07:35,556 : INFO : EventManager : Event: ======'player_added'====== Args={'player': <Player 1>, 'num': 1}
2025-11-04 01:07:35,557 : INFO : Mode.game : Player added successfully. Total players: 1
2025-11-04 01:07:35,557 : INFO : EventManager : Event: ======'player_index'====== Args={'value': 0, 'prev_value': 0, 'change': 0, 'player_num': 1}
2025-11-04 01:07:35,557 : INFO : EventManager : Event: ======'player_number'====== Args={'value': 1, 'prev_value': 1, 'change': 0, 'player_num': 1}
2025-11-04 01:07:35,558 : INFO : EventManager : Event: ======'player_score'====== Args={'value': 0, 'prev_value': 0, 'change': 0, 'player_num': 1}
2025-11-04 01:07:35,558 : INFO : EventManager : Event: ======'game_started'====== Args={}
2025-11-04 01:07:35,558 : INFO : EventManager : Event: ======'player_turn_will_start'====== Args={'player': <Player 1>, 'number': 1}
2025-11-04 01:07:35,559 : INFO : EventManager : Event: ======'player_turn_starting'====== Args={'player': <Player 1>, 'number': 1}
2025-11-04 01:07:35,564 : INFO : EventManager : Event: ======'player_ball'====== Args={'value': 1, 'prev_value': 0, 'change': 1, 'player_num': 1}
2025-11-04 01:07:35,566 : INFO : EventManager : Event: ======'player_turn_started'====== Args={'player': <Player 1>, 'number': 1}
2025-11-04 01:07:35,566 : INFO : EventManager : Event: ======'ball_will_start'====== Args={'player': 1, 'ball': 1, 'balls_remaining': 2, 'is_extra_ball': False}
2025-11-04 01:07:35,567 : INFO : EventManager : Event: ======'ball_starting'====== Args={'player': 1, 'ball': 1, 'balls_remaining': 2, 'is_extra_ball': False}
2025-11-04 01:07:35,567 : INFO : EventManager : Event: ======'mode_base_will_start'====== Args={'queue': <QueuedEvent>, 'player': 1, 'ball': 1, 'balls_remaining': 2, 'is_extra_ball': False}
2025-11-04 01:07:35,567 : INFO : EventManager : Event: ======'player_base_player_added_timer_tick'====== Args={'value': 0, 'prev_value': 0, 'change': 0, 'player_num': 1}
2025-11-04 01:07:35,568 : INFO : Timer.player_added_timer : Starting Timer.
2025-11-04 01:07:35,568 : INFO : EventManager : Event: ======'timer_player_added_timer_started'====== Args={'ticks': 0, 'ticks_remaining': 1}
2025-11-04 01:07:35,568 : INFO : EventManager : Event: ======'timer_player_added_timer_tick'====== Args={'ticks': 0, 'ticks_remaining': 1}
2025-11-04 01:07:35,569 : INFO : EventManager : Event: ======'mode_base_starting'====== Args={'queue': <QueuedEvent>, 'player': 1, 'ball': 1, 'balls_remaining': 2, 'is_extra_ball': False}
2025-11-04 01:07:35,569 : INFO : Mode.base : Started. Priority: 100
2025-11-04 01:07:35,569 : INFO : EventManager : Event: ======'modes_active_modes_changed'====== Args={}
2025-11-04 01:07:35,570 : INFO : EventManager : Event: ======'mode_base_started'====== Args={'queue': <QueuedEvent>, 'player': 1, 'ball': 1, 'balls_remaining': 2, 'is_extra_ball': False}
2025-11-04 01:07:35,570 : INFO : EventManager : Event: ======'start_mode_bumpers'====== Args={'priority': 0}
2025-11-04 01:07:35,570 : INFO : EventManager : Event: ======'mode_bumpers_will_start'====== Args={'priority': 0}
2025-11-04 01:07:35,571 : INFO : EventManager : Event: ======'player_shot_bumper1_enabled'====== Args={'value': True, 'prev_value': 0, 'change': 1, 'player_num': 1}
2025-11-04 01:07:35,571 : INFO : EventManager : Event: ======'player_shot_bumper2_enabled'====== Args={'value': True, 'prev_value': 0, 'change': 1, 'player_num': 1}
2025-11-04 01:07:35,572 : INFO : EventManager : Event: ======'player_shot_bumper3_enabled'====== Args={'value': True, 'prev_value': 0, 'change': 1, 'player_num': 1}
2025-11-04 01:07:35,572 : INFO : EventManager : Event: ======'bumpers_complete'====== Args={'state': 'unlit'}
2025-11-04 01:07:35,572 : INFO : EventManager : Event: ======'bumpers_unlit_complete'====== Args={}
2025-11-04 01:07:35,573 : INFO : EventManager : Event: ======'mode_bumpers_starting'====== Args={'priority': 0}
2025-11-04 01:07:35,573 : INFO : Mode.bumpers : Started. Priority: 200
2025-11-04 01:07:35,573 : INFO : EventManager : Event: ======'modes_active_modes_changed'====== Args={}
2025-11-04 01:07:35,574 : INFO : EventManager : Event: ======'mode_bumpers_started'====== Args={'priority': 0}
2025-11-04 01:07:35,574 : INFO : EventManager : Event: ======'balls_in_play'====== Args={'balls': 1}
2025-11-04 01:07:35,574 : INFO : EventManager : Event: ======'ball_started'====== Args={'player': 1, 'ball': 1, 'balls_remaining': 2, 'is_extra_ball': False}
2025-11-04 01:07:35,575 : INFO : EventManager : Event: ======'single_player_ball_started'====== Args={}
2025-11-04 01:07:35,575 : INFO : EventManager : Event: ======'ball_start_target'====== Args={'target': 'playfield'}
2025-11-04 01:07:35,576 : INFO : ball_device.bd_trough : Setting up player-controlled eject. Balls: 1, Target: <playfield.playfield>, player_controlled_eject_event: None
2025-11-04 01:07:35,576 : INFO : ball_device.bd_trough : Adding 1 ball(s) to the eject_queue with target <playfield.playfield>.
2025-11-04 01:07:35,576 : INFO : EventManager : Event: ======'balldevice_balls_available'====== Args={}
2025-11-04 01:07:35,577 : INFO : ball_device.bd_trough : State: waiting_for_target_ready
2025-11-04 01:07:35,577 : INFO : EventManager : Event: ======'balldevice_bd_trough_ball_eject_attempt'====== Args={'balls': 1, 'target': <ball_device.bd_plunger>, 'source': <ball_device.bd_trough>, 'mechanical_eject': False, 'num_attempts': 0}
2025-11-04 01:07:35,577 : INFO : ball_device.bd_plunger : State: waiting_for_ball
2025-11-04 01:07:35,577 : INFO : ball_device.bd_trough : State: ejecting
2025-11-04 01:07:35,577 : INFO : ball_device.bd_trough : Ejecting ball to <ball_device.bd_plunger>
2025-11-04 01:07:35,577 : INFO : EventManager : Event: ======'balldevice_bd_trough_ejecting_ball'====== Args={'balls': 1, 'target': <ball_device.bd_plunger>, 'source': <ball_device.bd_trough>, 'mechanical_eject': False, 'num_attempts': 0}
2025-11-04 01:07:35,578 : INFO : ball_device.bd_trough : Wait for ball to leave device
2025-11-04 01:07:35,578 : INFO : coil.c_trough_eject : Pulsing Driver for 20ms (1.0 pulse_power)
2025-11-04 01:07:35,578 : INFO : SwitchController : <<<<<<< 's_trough1' inactive >>>>>>>
2025-11-04 01:07:35,578 : INFO : ball_device.bd_trough : State: ball_left
2025-11-04 01:07:35,579 : INFO : ball_device.bd_trough : Ball left
2025-11-04 01:07:35,579 : INFO : ball_device.bd_trough : Wait for confirm with timeout 3.0
2025-11-04 01:07:35,679 : INFO : SwitchController : <<<<<<< 's_plunger_lane' active >>>>>>>
2025-11-04 01:07:35,679 : INFO : EventManager : Event: ======'machine_var_audits_switches_s_plunger_lane'====== Args={'value': 699, 'prev_value': 698, 'change': 1}
2025-11-04 01:07:35,760 : INFO : EventManager : Event: ======'slide_base_slide_created'====== Args={'_from_bcp': True}
2025-11-04 01:07:35,761 : INFO : EventManager : Event: ======'slide_attract_inactive'====== Args={'is_removing': True, '_from_bcp': True}
2025-11-04 01:07:35,761 : INFO : EventManager : Event: ======'slide_base_slide_active'====== Args={'original_context': 'base', 'original_calling_context': 'mode_base_started', 'priority': 100.0, 'queue': '<QueuedEvent>', 'player': 1.0, 'ball': 1.0, 'balls_remaining': 2.0, 'is_extra_ball': False, 'cmd': 'slides_play', '_from_bcp': True}
2025-11-04 01:07:35,762 : INFO : EventManager : Event: ======'slide_attract_removed'====== Args={'_from_bcp': True}
2025-11-04 01:07:36,181 : INFO : ball_device.bd_plunger : Received ball from <ball_device.bd_trough>
2025-11-04 01:07:36,181 : INFO : EventManager : Event: ======'balldevice_bd_plunger_ball_enter'====== Args={'new_balls': 1, 'unclaimed_balls': 0, 'new_available_balls': 0, 'device': <ball_device.bd_plunger>}
2025-11-04 01:07:36,182 : INFO : EventManager : Event: ======'balldevice_bd_plunger_ball_entered'====== Args={'new_balls': 0, 'device': <ball_device.bd_plunger>}
2025-11-04 01:07:36,183 : INFO : EventManager : Event: ======'balldevice_bd_plunger_ball_count_changed'====== Args={'balls': 1}
2025-11-04 01:07:36,183 : INFO : ball_device.bd_trough : Got eject confirm
2025-11-04 01:07:36,183 : INFO : ball_device.bd_trough : Eject successful
2025-11-04 01:07:36,183 : INFO : EventManager : Event: ======'balldevice_bd_trough_ball_eject_success'====== Args={'balls': 1, 'target': <ball_device.bd_plunger>}
2025-11-04 01:07:36,183 : INFO : EventManager : Event: ======'balldevice_bd_trough_ball_count_changed'====== Args={'balls': 3}
2025-11-04 01:07:36,184 : INFO : ball_device.bd_trough : State: idle
2025-11-04 01:07:36,184 : INFO : ball_device.bd_plunger : State: waiting_for_target_ready
2025-11-04 01:07:36,185 : INFO : EventManager : Event: ======'balldevice_bd_plunger_ball_eject_attempt'====== Args={'balls': 1, 'target': <playfield.playfield>, 'source': <ball_device.bd_plunger>, 'mechanical_eject': False, 'num_attempts': 0}
2025-11-04 01:07:36,185 : INFO : ball_device.bd_plunger : State: ejecting
2025-11-04 01:07:36,186 : INFO : ball_device.bd_plunger : Ejecting ball to <playfield.playfield>
2025-11-04 01:07:36,186 : INFO : EventManager : Event: ======'balldevice_bd_plunger_ejecting_ball'====== Args={'balls': 1, 'target': <playfield.playfield>, 'source': <ball_device.bd_plunger>, 'mechanical_eject': False, 'num_attempts': 0}
2025-11-04 01:07:36,187 : INFO : ball_device.bd_plunger : Wait for ball to leave device
2025-11-04 01:07:36,187 : INFO : coil.c_plunger : Pulsing Driver for 20ms (1.0 pulse_power)
2025-11-04 01:07:36,188 : INFO : SwitchController : <<<<<<< 's_plunger_lane' inactive >>>>>>>
2025-11-04 01:07:36,188 : INFO : ball_device.bd_plunger : State: ball_left
2025-11-04 01:07:36,188 : INFO : ball_device.bd_plunger : Ball left
2025-11-04 01:07:36,188 : INFO : ball_device.bd_plunger : Wait for confirm with timeout 3.0
2025-11-04 01:07:36,269 : INFO : EventManager : Event: ======'player_base_player_added_timer_tick'====== Args={'value': 1, 'prev_value': 0, 'change': 1, 'player_num': 1}
2025-11-04 01:07:36,269 : INFO : Timer.player_added_timer : Timer Complete
2025-11-04 01:07:36,269 : INFO : Timer.player_added_timer : Stopping Timer
2025-11-04 01:07:36,270 : INFO : EventManager : Event: ======'timer_player_added_timer_stopped'====== Args={'ticks': 1, 'ticks_remaining': 1}
2025-11-04 01:07:36,270 : INFO : EventManager : Event: ======'timer_player_added_timer_complete'====== Args={'ticks': 1, 'ticks_remaining': 1}
2025-11-04 01:07:37,346 : INFO : SwitchController : <<<<<<< 's_scoop' active >>>>>>>
2025-11-04 01:07:37,346 : INFO : EventManager : Event: ======'s_scoop_active'====== Args={}
2025-11-04 01:07:37,347 : INFO : EventManager : Event: ======'machine_var_audits_switches_s_scoop'====== Args={'value': 311, 'prev_value': 310, 'change': 1}
2025-11-04 01:07:37,347 : INFO : EventManager : Event: ======'start_mode_selectmission'====== Args={'priority': 0}
2025-11-04 01:07:37,348 : INFO : EventManager : Event: ======'mode_selectmission_will_start'====== Args={'priority': 0}
2025-11-04 01:07:37,348 : INFO : EventManager : Unordered handler for class ConfigPlayer.event_player/events on event s_scoop_active with priority 100. Handlers: [RegisteredHandler(callback=<bound method ConfigPlayer.config_play_callback of ConfigPlayer.event_player/events>, priority=100, kwargs={'calling_context': 's_scoop_active', 'mode': <Mode.base>, 'settings': {'start_mode_selectmission': [{'condition': None, 'number': None, 'priority': 0, 'params': {}}]}}, key=UUID('af1d9064-c58a-4a49-8695-27fc499603b1'), condition=None, blocking_facility=None), RegisteredHandler(callback=<bound method ConfigPlayer.config_play_callback of ConfigPlayer.event_player/events>, priority=100, kwargs={'calling_context': 's_scoop_active', 'mode': <Mode.selectmission>, 'settings': {'stop_mode_selectmission': [{'condition': None, 'number': None, 'priority': 0, 'params': {}}]}}, key=UUID('8f319572-8e64-4dd9-9a75-bfa27a80c3ec'), condition=None, blocking_facility=None)]. The order of those handlers is not defined and they will be executed in random order. This might lead to race conditions and potential bugs.
2025-11-04 01:07:37,349 : INFO : EventManager : Event: ======'mode_selectmission_starting'====== Args={'priority': 0}
2025-11-04 01:07:37,349 : INFO : Mode.selectmission : Started. Priority: 100
2025-11-04 01:07:37,349 : INFO : EventManager : Event: ======'modes_active_modes_changed'====== Args={}
2025-11-04 01:07:37,349 : INFO : EventManager : Event: ======'mode_selectmission_started'====== Args={'priority': 0}
2025-11-04 01:07:37,350 : INFO : EventManager : Event: ======'carousel_item_highlighted'====== Args={'carousel': 'selectmission', 'direction': None, 'item': 'test'}
2025-11-04 01:07:37,383 : INFO : EventManager : Event: ======'widget_selectmission_widget_active'====== Args={'original_context': 'selectmission', 'original_calling_context': 'mode_selectmission_started', 'priority': 100.0, 'cmd': 'widgets_play', '_from_bcp': True}
2025-11-04 01:07:37,479 : INFO : SwitchController : <<<<<<< 's_scoop' inactive >>>>>>>
2025-11-04 01:07:38,730 : INFO : SwitchController : <<<<<<< 's_right_flipper' active >>>>>>>
2025-11-04 01:07:38,730 : INFO : EventManager : Event: ======'s_right_flipper_active'====== Args={}
2025-11-04 01:07:38,731 : INFO : EventManager : Event: ======'machine_var_audits_switches_s_right_flipper'====== Args={'value': 410, 'prev_value': 409, 'change': 1}
2025-11-04 01:07:38,732 : INFO : EventManager : Event: ======'carousel_item_highlighted'====== Args={'carousel': 'selectmission', 'direction': 'forwards', 'item': 'mission2'}
2025-11-04 01:07:38,862 : INFO : SwitchController : <<<<<<< 's_right_flipper' inactive >>>>>>>
2025-11-04 01:07:39,189 : INFO : ball_device.bd_plunger : State: failed_confirm
2025-11-04 01:07:39,190 : INFO : ball_device.bd_plunger : Got timeout (3.0s) before confirm from <playfield.playfield>
2025-11-04 01:07:39,280 : INFO : SwitchController : <<<<<<< 's_right_flipper' active >>>>>>>
2025-11-04 01:07:39,280 : INFO : EventManager : Event: ======'s_right_flipper_active'====== Args={}
2025-11-04 01:07:39,281 : INFO : EventManager : Event: ======'machine_var_audits_switches_s_right_flipper'====== Args={'value': 411, 'prev_value': 410, 'change': 1}
2025-11-04 01:07:39,282 : INFO : EventManager : Event: ======'carousel_item_highlighted'====== Args={'carousel': 'selectmission', 'direction': 'forwards', 'item': 'mission3'}
2025-11-04 01:07:39,291 : INFO : ball_device.bd_plunger : Confirming eject because target is playfield and ball did not return.
2025-11-04 01:07:39,291 : INFO : ball_device.bd_plunger : Eject successful
2025-11-04 01:07:39,291 : INFO : EventManager : Event: ======'balldevice_bd_plunger_ball_eject_success'====== Args={'balls': 1, 'target': <playfield.playfield>}
2025-11-04 01:07:39,292 : INFO : EventManager : Event: ======'balldevice_playfield_ball_enter'====== Args={'new_balls': 1, 'unclaimed_balls': 1, 'device': <playfield.playfield>}
2025-11-04 01:07:39,292 : INFO : EventManager : Event: ======'playfield_ball_count_change'====== Args={'balls': 1, 'change': 1}
2025-11-04 01:07:39,292 : INFO : EventManager : Event: ======'balldevice_bd_plunger_ball_count_changed'====== Args={'balls': 0}
2025-11-04 01:07:39,293 : INFO : ball_device.bd_plunger : State: idle
2025-11-04 01:07:39,396 : INFO : SwitchController : <<<<<<< 's_right_flipper' inactive >>>>>>>
2025-11-04 01:07:39,596 : INFO : SwitchController : <<<<<<< 's_right_flipper' active >>>>>>>
2025-11-04 01:07:39,596 : INFO : EventManager : Event: ======'s_right_flipper_active'====== Args={}
2025-11-04 01:07:39,597 : INFO : EventManager : Event: ======'machine_var_audits_switches_s_right_flipper'====== Args={'value': 412, 'prev_value': 411, 'change': 1}
2025-11-04 01:07:39,598 : INFO : EventManager : Event: ======'carousel_item_highlighted'====== Args={'carousel': 'selectmission', 'direction': 'forwards', 'item': 'mission4'}
2025-11-04 01:07:39,729 : INFO : SwitchController : <<<<<<< 's_right_flipper' inactive >>>>>>>
2025-11-04 01:07:39,863 : INFO : SwitchController : <<<<<<< 's_right_flipper' active >>>>>>>
2025-11-04 01:07:39,863 : INFO : EventManager : Event: ======'s_right_flipper_active'====== Args={}
2025-11-04 01:07:39,863 : INFO : EventManager : Event: ======'machine_var_audits_switches_s_right_flipper'====== Args={'value': 413, 'prev_value': 412, 'change': 1}
2025-11-04 01:07:39,864 : INFO : EventManager : Event: ======'carousel_item_highlighted'====== Args={'carousel': 'selectmission', 'direction': 'forwards', 'item': 'test'}
2025-11-04 01:07:39,978 : INFO : SwitchController : <<<<<<< 's_right_flipper' inactive >>>>>>>
2025-11-04 01:07:40,079 : INFO : SwitchController : <<<<<<< 's_right_flipper' active >>>>>>>
2025-11-04 01:07:40,080 : INFO : EventManager : Event: ======'s_right_flipper_active'====== Args={}
2025-11-04 01:07:40,080 : INFO : EventManager : Event: ======'machine_var_audits_switches_s_right_flipper'====== Args={'value': 414, 'prev_value': 413, 'change': 1}
2025-11-04 01:07:40,081 : INFO : EventManager : Event: ======'carousel_item_highlighted'====== Args={'carousel': 'selectmission', 'direction': 'forwards', 'item': 'mission2'}
2025-11-04 01:07:40,212 : INFO : SwitchController : <<<<<<< 's_right_flipper' inactive >>>>>>>
2025-11-04 01:07:40,346 : INFO : SwitchController : <<<<<<< 's_right_flipper' active >>>>>>>
2025-11-04 01:07:40,346 : INFO : EventManager : Event: ======'s_right_flipper_active'====== Args={}
2025-11-04 01:07:40,347 : INFO : EventManager : Event: ======'machine_var_audits_switches_s_right_flipper'====== Args={'value': 415, 'prev_value': 414, 'change': 1}
2025-11-04 01:07:40,348 : INFO : EventManager : Event: ======'carousel_item_highlighted'====== Args={'carousel': 'selectmission', 'direction': 'forwards', 'item': 'mission3'}
2025-11-04 01:07:40,462 : INFO : SwitchController : <<<<<<< 's_right_flipper' inactive >>>>>>>
2025-11-04 01:07:40,629 : INFO : SwitchController : <<<<<<< 's_right_flipper' active >>>>>>>
2025-11-04 01:07:40,629 : INFO : EventManager : Event: ======'s_right_flipper_active'====== Args={}
2025-11-04 01:07:40,630 : INFO : EventManager : Event: ======'machine_var_audits_switches_s_right_flipper'====== Args={'value': 416, 'prev_value': 415, 'change': 1}
2025-11-04 01:07:40,631 : INFO : EventManager : Event: ======'carousel_item_highlighted'====== Args={'carousel': 'selectmission', 'direction': 'forwards', 'item': 'mission4'}
2025-11-04 01:07:40,695 : INFO : SwitchController : <<<<<<< 's_right_flipper' inactive >>>>>>>
2025-11-04 01:07:40,813 : INFO : SwitchController : <<<<<<< 's_right_flipper' active >>>>>>>
2025-11-04 01:07:40,813 : INFO : EventManager : Event: ======'s_right_flipper_active'====== Args={}
2025-11-04 01:07:40,813 : INFO : EventManager : Event: ======'machine_var_audits_switches_s_right_flipper'====== Args={'value': 417, 'prev_value': 416, 'change': 1}
2025-11-04 01:07:40,814 : INFO : EventManager : Event: ======'carousel_item_highlighted'====== Args={'carousel': 'selectmission', 'direction': 'forwards', 'item': 'test'}
2025-11-04 01:07:40,878 : INFO : SwitchController : <<<<<<< 's_right_flipper' inactive >>>>>>>
2025-11-04 01:07:41,046 : INFO : SwitchController : <<<<<<< 's_right_flipper' active >>>>>>>
2025-11-04 01:07:41,046 : INFO : EventManager : Event: ======'s_right_flipper_active'====== Args={}
2025-11-04 01:07:41,047 : INFO : EventManager : Event: ======'machine_var_audits_switches_s_right_flipper'====== Args={'value': 418, 'prev_value': 417, 'change': 1}
2025-11-04 01:07:41,048 : INFO : EventManager : Event: ======'carousel_item_highlighted'====== Args={'carousel': 'selectmission', 'direction': 'forwards', 'item': 'mission2'}
2025-11-04 01:07:41,145 : INFO : SwitchController : <<<<<<< 's_right_flipper' inactive >>>>>>>
2025-11-04 01:07:41,246 : INFO : SwitchController : <<<<<<< 's_right_flipper' active >>>>>>>
2025-11-04 01:07:41,246 : INFO : EventManager : Event: ======'s_right_flipper_active'====== Args={}
2025-11-04 01:07:41,247 : INFO : EventManager : Event: ======'machine_var_audits_switches_s_right_flipper'====== Args={'value': 419, 'prev_value': 418, 'change': 1}
2025-11-04 01:07:41,247 : INFO : EventManager : Event: ======'carousel_item_highlighted'====== Args={'carousel': 'selectmission', 'direction': 'forwards', 'item': 'mission3'}
2025-11-04 01:07:41,379 : INFO : SwitchController : <<<<<<< 's_right_flipper' inactive >>>>>>>
2025-11-04 01:07:41,479 : INFO : SwitchController : <<<<<<< 's_right_flipper' active >>>>>>>
2025-11-04 01:07:41,479 : INFO : EventManager : Event: ======'s_right_flipper_active'====== Args={}
2025-11-04 01:07:41,480 : INFO : EventManager : Event: ======'machine_var_audits_switches_s_right_flipper'====== Args={'value': 420, 'prev_value': 419, 'change': 1}
2025-11-04 01:07:41,480 : INFO : EventManager : Event: ======'carousel_item_highlighted'====== Args={'carousel': 'selectmission', 'direction': 'forwards', 'item': 'mission4'}
2025-11-04 01:07:41,663 : INFO : SwitchController : <<<<<<< 's_right_flipper' inactive >>>>>>>
2025-11-04 01:07:41,813 : INFO : SwitchController : <<<<<<< 's_right_flipper' active >>>>>>>
2025-11-04 01:07:41,813 : INFO : EventManager : Event: ======'s_right_flipper_active'====== Args={}
2025-11-04 01:07:41,814 : INFO : EventManager : Event: ======'machine_var_audits_switches_s_right_flipper'====== Args={'value': 421, 'prev_value': 420, 'change': 1}
2025-11-04 01:07:41,814 : INFO : EventManager : Event: ======'carousel_item_highlighted'====== Args={'carousel': 'selectmission', 'direction': 'forwards', 'item': 'test'}
2025-11-04 01:07:41,979 : INFO : SwitchController : <<<<<<< 's_right_flipper' inactive >>>>>>>
2025-11-04 01:07:42,079 : INFO : SwitchController : <<<<<<< 's_left_flipper' active >>>>>>>
2025-11-04 01:07:42,079 : INFO : EventManager : Event: ======'s_left_flipper_active'====== Args={}
2025-11-04 01:07:42,080 : INFO : EventManager : Event: ======'machine_var_audits_switches_s_left_flipper'====== Args={'value': 240, 'prev_value': 239, 'change': 1}
2025-11-04 01:07:42,080 : INFO : EventManager : Event: ======'carousel_item_highlighted'====== Args={'carousel': 'selectmission', 'direction': 'backwards', 'item': 'mission4'}
2025-11-04 01:07:42,246 : INFO : SwitchController : <<<<<<< 's_left_flipper' inactive >>>>>>>
2025-11-04 01:07:42,362 : INFO : SwitchController : <<<<<<< 's_left_flipper' active >>>>>>>
2025-11-04 01:07:42,363 : INFO : EventManager : Event: ======'s_left_flipper_active'====== Args={}
2025-11-04 01:07:42,363 : INFO : EventManager : Event: ======'machine_var_audits_switches_s_left_flipper'====== Args={'value': 241, 'prev_value': 240, 'change': 1}
2025-11-04 01:07:42,364 : INFO : EventManager : Event: ======'carousel_item_highlighted'====== Args={'carousel': 'selectmission', 'direction': 'backwards', 'item': 'mission3'}
2025-11-04 01:07:42,495 : INFO : SwitchController : <<<<<<< 's_left_flipper' inactive >>>>>>>
2025-11-04 01:07:42,679 : INFO : SwitchController : <<<<<<< 's_left_flipper' active >>>>>>>
2025-11-04 01:07:42,680 : INFO : EventManager : Event: ======'s_left_flipper_active'====== Args={}
2025-11-04 01:07:42,680 : INFO : EventManager : Event: ======'machine_var_audits_switches_s_left_flipper'====== Args={'value': 242, 'prev_value': 241, 'change': 1}
2025-11-04 01:07:42,681 : INFO : EventManager : Event: ======'carousel_item_highlighted'====== Args={'carousel': 'selectmission', 'direction': 'backwards', 'item': 'mission2'}
2025-11-04 01:07:42,762 : INFO : SwitchController : <<<<<<< 's_left_flipper' inactive >>>>>>>
2025-11-04 01:07:42,779 : INFO : SwitchController : <<<<<<< 's_left_flipper' active >>>>>>>
2025-11-04 01:07:42,779 : INFO : EventManager : Event: ======'s_left_flipper_active'====== Args={}
2025-11-04 01:07:42,779 : INFO : EventManager : Event: ======'machine_var_audits_switches_s_left_flipper'====== Args={'value': 243, 'prev_value': 242, 'change': 1}
2025-11-04 01:07:42,779 : INFO : EventManager : Event: ======'carousel_item_highlighted'====== Args={'carousel': 'selectmission', 'direction': 'backwards', 'item': 'test'}
2025-11-04 01:07:42,912 : INFO : SwitchController : <<<<<<< 's_left_flipper' inactive >>>>>>>
2025-11-04 01:07:43,012 : INFO : SwitchController : <<<<<<< 's_right_flipper' active >>>>>>>
2025-11-04 01:07:43,012 : INFO : EventManager : Event: ======'s_right_flipper_active'====== Args={}
2025-11-04 01:07:43,013 : INFO : EventManager : Event: ======'machine_var_audits_switches_s_right_flipper'====== Args={'value': 422, 'prev_value': 421, 'change': 1}
2025-11-04 01:07:43,013 : INFO : EventManager : Event: ======'carousel_item_highlighted'====== Args={'carousel': 'selectmission', 'direction': 'forwards', 'item': 'mission2'}
2025-11-04 01:07:43,129 : INFO : SwitchController : <<<<<<< 's_right_flipper' inactive >>>>>>>
2025-11-04 01:07:43,246 : INFO : SwitchController : <<<<<<< 's_right_flipper' active >>>>>>>
2025-11-04 01:07:43,246 : INFO : EventManager : Event: ======'s_right_flipper_active'====== Args={}
2025-11-04 01:07:43,247 : INFO : EventManager : Event: ======'machine_var_audits_switches_s_right_flipper'====== Args={'value': 423, 'prev_value': 422, 'change': 1}
2025-11-04 01:07:43,247 : INFO : EventManager : Event: ======'carousel_item_highlighted'====== Args={'carousel': 'selectmission', 'direction': 'forwards', 'item': 'mission3'}
2025-11-04 01:07:43,328 : INFO : SwitchController : <<<<<<< 's_right_flipper' inactive >>>>>>>
2025-11-04 01:07:43,463 : INFO : SwitchController : <<<<<<< 's_right_flipper' active >>>>>>>
2025-11-04 01:07:43,463 : INFO : EventManager : Event: ======'s_right_flipper_active'====== Args={}
2025-11-04 01:07:43,464 : INFO : EventManager : Event: ======'machine_var_audits_switches_s_right_flipper'====== Args={'value': 424, 'prev_value': 423, 'change': 1}
2025-11-04 01:07:43,465 : INFO : EventManager : Event: ======'carousel_item_highlighted'====== Args={'carousel': 'selectmission', 'direction': 'forwards', 'item': 'mission4'}
2025-11-04 01:07:43,563 : INFO : SwitchController : <<<<<<< 's_right_flipper' inactive >>>>>>>
2025-11-04 01:07:43,679 : INFO : SwitchController : <<<<<<< 's_right_flipper' active >>>>>>>
2025-11-04 01:07:43,680 : INFO : EventManager : Event: ======'s_right_flipper_active'====== Args={}
2025-11-04 01:07:43,680 : INFO : EventManager : Event: ======'machine_var_audits_switches_s_right_flipper'====== Args={'value': 425, 'prev_value': 424, 'change': 1}
2025-11-04 01:07:43,681 : INFO : EventManager : Event: ======'carousel_item_highlighted'====== Args={'carousel': 'selectmission', 'direction': 'forwards', 'item': 'test'}
2025-11-04 01:07:43,696 : INFO : SwitchController : <<<<<<< 's_left_flipper' active >>>>>>>
2025-11-04 01:07:43,696 : INFO : EventManager : Event: ======'s_left_flipper_active'====== Args={}
2025-11-04 01:07:43,697 : INFO : EventManager : Event: ======'flipper_cancel'====== Args={'triggering_group': 1, 'triggering_switch': 's_left_flipper'}
2025-11-04 01:07:43,697 : INFO : EventManager : Event: ======'machine_var_audits_switches_s_left_flipper'====== Args={'value': 244, 'prev_value': 243, 'change': 1}
2025-11-04 01:07:43,698 : INFO : EventManager : Event: ======'carousel_item_highlighted'====== Args={'carousel': 'selectmission', 'direction': 'backwards', 'item': 'mission4'}
2025-11-04 01:07:43,745 : INFO : SwitchController : <<<<<<< 's_right_flipper' inactive >>>>>>>
2025-11-04 01:07:43,745 : INFO : EventManager : Event: ======'both_flippers_one'====== Args={'triggering_group': 2, 'triggering_switch': 's_right_flipper'}
2025-11-04 01:07:43,778 : INFO : SwitchController : <<<<<<< 's_left_flipper' inactive >>>>>>>
2025-11-04 01:07:43,778 : INFO : EventManager : Event: ======'both_flippers_inactive'====== Args={'triggering_group': 1, 'triggering_switch': 's_left_flipper'}
2025-11-04 01:07:44,179 : INFO : SwitchController : <<<<<<< 's_right_flipper' active >>>>>>>
2025-11-04 01:07:44,179 : INFO : EventManager : Event: ======'s_right_flipper_active'====== Args={}
2025-11-04 01:07:44,180 : INFO : EventManager : Event: ======'machine_var_audits_switches_s_right_flipper'====== Args={'value': 426, 'prev_value': 425, 'change': 1}
2025-11-04 01:07:44,180 : INFO : EventManager : Event: ======'carousel_item_highlighted'====== Args={'carousel': 'selectmission', 'direction': 'forwards', 'item': 'test'}
2025-11-04 01:07:44,246 : INFO : SwitchController : <<<<<<< 's_right_flipper' inactive >>>>>>>
2025-11-04 01:07:44,412 : INFO : SwitchController : <<<<<<< 's_right_flipper' active >>>>>>>
2025-11-04 01:07:44,413 : INFO : EventManager : Event: ======'s_right_flipper_active'====== Args={}
2025-11-04 01:07:44,413 : INFO : EventManager : Event: ======'machine_var_audits_switches_s_right_flipper'====== Args={'value': 427, 'prev_value': 426, 'change': 1}
2025-11-04 01:07:44,414 : INFO : EventManager : Event: ======'carousel_item_highlighted'====== Args={'carousel': 'selectmission', 'direction': 'forwards', 'item': 'mission2'}
2025-11-04 01:07:44,446 : INFO : SwitchController : <<<<<<< 's_left_flipper' active >>>>>>>
2025-11-04 01:07:44,446 : INFO : EventManager : Event: ======'s_left_flipper_active'====== Args={}
2025-11-04 01:07:44,446 : INFO : EventManager : Event: ======'flipper_cancel'====== Args={'triggering_group': 1, 'triggering_switch': 's_left_flipper'}
2025-11-04 01:07:44,447 : INFO : EventManager : Event: ======'machine_var_audits_switches_s_left_flipper'====== Args={'value': 245, 'prev_value': 244, 'change': 1}
2025-11-04 01:07:44,447 : INFO : EventManager : Event: ======'carousel_item_highlighted'====== Args={'carousel': 'selectmission', 'direction': 'backwards', 'item': 'test'}
2025-11-04 01:07:44,545 : INFO : SwitchController : <<<<<<< 's_right_flipper' inactive >>>>>>>
2025-11-04 01:07:44,545 : INFO : EventManager : Event: ======'both_flippers_one'====== Args={'triggering_group': 2, 'triggering_switch': 's_right_flipper'}
2025-11-04 01:07:44,561 : INFO : SwitchController : <<<<<<< 's_left_flipper' inactive >>>>>>>
2025-11-04 01:07:44,561 : INFO : EventManager : Event: ======'both_flippers_inactive'====== Args={'triggering_group': 1, 'triggering_switch': 's_left_flipper'}
2025-11-04 01:07:44,679 : INFO : SwitchController : <<<<<<< 's_right_flipper' active >>>>>>>
2025-11-04 01:07:44,679 : INFO : EventManager : Event: ======'s_right_flipper_active'====== Args={}
2025-11-04 01:07:44,679 : INFO : EventManager : Event: ======'machine_var_audits_switches_s_right_flipper'====== Args={'value': 428, 'prev_value': 427, 'change': 1}
2025-11-04 01:07:44,679 : INFO : EventManager : Event: ======'carousel_item_highlighted'====== Args={'carousel': 'selectmission', 'direction': 'forwards', 'item': 'mission2'}
2025-11-04 01:07:44,762 : INFO : SwitchController : <<<<<<< 's_right_flipper' inactive >>>>>>>
2025-11-04 01:07:44,896 : INFO : SwitchController : <<<<<<< 's_right_flipper' active >>>>>>>
2025-11-04 01:07:44,896 : INFO : EventManager : Event: ======'s_right_flipper_active'====== Args={}
2025-11-04 01:07:44,897 : INFO : EventManager : Event: ======'machine_var_audits_switches_s_right_flipper'====== Args={'value': 429, 'prev_value': 428, 'change': 1}
2025-11-04 01:07:44,897 : INFO : EventManager : Event: ======'carousel_item_highlighted'====== Args={'carousel': 'selectmission', 'direction': 'forwards', 'item': 'mission3'}
2025-11-04 01:07:44,929 : INFO : SwitchController : <<<<<<< 's_right_flipper' inactive >>>>>>>
2025-11-04 01:07:49,108 : INFO : Machine : Shutting down...
2025-11-04 01:07:49,108 : INFO : EventManager : Event: ======'shutdown'====== Args={}
2025-11-04 01:07:49,110 : INFO : EventManager : Event: ======'mode_game_will_stop'====== Args={}
2025-11-04 01:07:49,110 : INFO : EventManager : Event: ======'mode_game_stopping'====== Args={}
2025-11-04 01:07:49,110 : INFO : EventManager : Event: ======'mode_bumpers_will_stop'====== Args={}
2025-11-04 01:07:49,110 : INFO : EventManager : Event: ======'mode_bumpers_stopping'====== Args={}
2025-11-04 01:07:49,110 : INFO : EventManager : Event: ======'mode_base_will_stop'====== Args={}
2025-11-04 01:07:49,110 : INFO : EventManager : Event: ======'mode_base_stopping'====== Args={}
2025-11-04 01:07:49,111 : INFO : EventManager : Event: ======'stop_mode_bumpers'====== Args={'priority': 0}
2025-11-04 01:07:49,111 : INFO : Mode.base : Stopped.
2025-11-04 01:07:49,111 : INFO : EventManager : Event: ======'modes_active_modes_changed'====== Args={}
2025-11-04 01:07:49,111 : INFO : EventManager : Event: ======'mode_base_stopped'====== Args={}
2025-11-04 01:07:49,111 : INFO : EventManager : Event: ======'clear'====== Args={'key': 'base'}
2025-11-04 01:07:49,111 : INFO : Timer.player_added_timer : Stopping Timer
2025-11-04 01:07:49,111 : INFO : EventManager : Event: ======'timer_player_added_timer_stopped'====== Args={'ticks': 1, 'ticks_remaining': 1}
2025-11-04 01:07:49,111 : INFO : Mode.bumpers : Stopped.
2025-11-04 01:07:49,111 : INFO : EventManager : Event: ======'modes_active_modes_changed'====== Args={}
2025-11-04 01:07:49,111 : INFO : EventManager : Event: ======'mode_bumpers_stopped'====== Args={}
2025-11-04 01:07:49,111 : INFO : EventManager : Event: ======'clear'====== Args={'key': 'bumpers'}
2025-11-04 01:07:49,112 : INFO : Mode.game : Stopped.
2025-11-04 01:07:49,112 : INFO : EventManager : Event: ======'modes_active_modes_changed'====== Args={}
2025-11-04 01:07:49,112 : INFO : EventManager : Event: ======'mode_game_stopped'====== Args={}
2025-11-04 01:07:49,112 : INFO : EventManager : Event: ======'clear'====== Args={'key': 'game'}
2025-11-04 01:07:49,125 : INFO : root : MPF run loop ended.
