2025-11-10 22:11:18,071 : INFO : root : Loading config.
2025-11-10 22:11:18,072 : INFO : YamlMultifileConfigLoader : Machine config file #1: config.yaml
2025-11-10 22:11:18,072 : INFO : ConfigProcessor : Loading config from cache: /var/folders/m3/0d4y64_n3fn8tnkv3ydlhztw0000gn/T/5ca32a6c950d03116abbed96ca44d372.mpf_cache
2025-11-10 22:11:18,085 : INFO : ConfigProcessor : Loading config from cache: /var/folders/m3/0d4y64_n3fn8tnkv3ydlhztw0000gn/T/01c495fa7450a81b4be96cb699872531.mpf_cache
2025-11-10 22:11:18,085 : INFO : ConfigProcessor : Loading config from cache: /var/folders/m3/0d4y64_n3fn8tnkv3ydlhztw0000gn/T/bfde29b5bb803376b0637bb8f0da27a7.mpf_cache
2025-11-10 22:11:18,085 : INFO : ConfigProcessor : Loading config from cache: /var/folders/m3/0d4y64_n3fn8tnkv3ydlhztw0000gn/T/01c495fa7450a81b4be96cb699872531.mpf_cache
2025-11-10 22:11:18,085 : INFO : ConfigProcessor : Loading config from cache: /var/folders/m3/0d4y64_n3fn8tnkv3ydlhztw0000gn/T/3ae89e09515ff8d8b11d68f672b2cc51.mpf_cache
2025-11-10 22:11:18,085 : INFO : ConfigProcessor : Loading config from cache: /var/folders/m3/0d4y64_n3fn8tnkv3ydlhztw0000gn/T/4c420229fa75118c2461cfc9ff5a44e2.mpf_cache
2025-11-10 22:11:18,085 : INFO : ConfigProcessor : Loading config from cache: /var/folders/m3/0d4y64_n3fn8tnkv3ydlhztw0000gn/T/f5ee6852f1764324c8553249cc53c871.mpf_cache
2025-11-10 22:11:18,085 : INFO : ConfigProcessor : Loading config from cache: /var/folders/m3/0d4y64_n3fn8tnkv3ydlhztw0000gn/T/73ac54cb7a83dfa5473900e439743a84.mpf_cache
2025-11-10 22:11:18,085 : INFO : ConfigProcessor : Loading config from cache: /var/folders/m3/0d4y64_n3fn8tnkv3ydlhztw0000gn/T/97c87487bc6ae826da86d36a6e042c78.mpf_cache
2025-11-10 22:11:18,085 : INFO : Machine : Mission Pinball Framework Core Engine v0.80.0.dev10
2025-11-10 22:11:18,085 : INFO : Machine : Command line arguments: {'no_load_cache': False, 'create_config_cache': True, 'bcp': True, 'configfile': ['config.yaml'], 'force_assets_load': False, 'platform_integration_test': False, 'jsonlogging': False, 'logfile': 'logs/2025-11-10-22-11-18-mpf-mac.home.log', 'pause': False, 'production': False, 'text_ui': False, 'loglevel': 15, 'consoleloglevel': 20, 'force_platform': 'smart_virtual', 'syslog_address': None, 'full_logfile_path': '/Users/didiergilbin/Desktop/Homebrew_CSI/logs/2025-11-10-22-11-18-mpf-mac.home.log'}
2025-11-10 22:11:18,085 : INFO : Machine : MPF path: /Users/didiergilbin/mpfenv/lib/python3.13/site-packages/mpf
2025-11-10 22:11:18,085 : INFO : Machine : Machine path: /Users/didiergilbin/Desktop/Homebrew_CSI
2025-11-10 22:11:18,085 : INFO : Machine : Platform: darwin
2025-11-10 22:11:18,085 : INFO : Machine : Python executable location: /Users/didiergilbin/mpfenv/bin/python3.13
2025-11-10 22:11:18,085 : INFO : Machine : Python version: 3.13.7 (64-bit)
2025-11-10 22:11:18,086 : INFO : Machine : Initializing MPF...
2025-11-10 22:11:18,099 : INFO : EventManager : Event: ======'machine_var_credits_string'====== Args={'value': 'FREE PLAY', 'prev_value': None, 'change': True}
2025-11-10 22:11:18,103 : INFO : EventManager : Event: ======'machine_var_master_volume'====== Args={'value': 0.5, 'prev_value': None, 'change': True}
2025-11-10 22:11:18,103 : INFO : EventManager : Event: ======'machine_var_player1_score'====== Args={'value': 368000, 'prev_value': None, 'change': True}
2025-11-10 22:11:18,103 : INFO : EventManager : Event: ======'machine_var_player2_score'====== Args={'value': 24000, 'prev_value': None, 'change': True}
2025-11-10 22:11:18,103 : INFO : EventManager : Event: ======'machine_var_player3_score'====== Args={'value': 21000, 'prev_value': None, 'change': True}
2025-11-10 22:11:18,103 : INFO : EventManager : Event: ======'machine_var_player4_score'====== Args={'value': 0, 'prev_value': None, 'change': True}
2025-11-10 22:11:18,103 : INFO : EventManager : Event: ======'machine_var_mpf_version'====== Args={'value': 'Mission Pinball Framework v0.80.0.dev10', 'prev_value': None, 'change': True}
2025-11-10 22:11:18,103 : INFO : EventManager : Event: ======'machine_var_mpf_extended_version'====== Args={'value': 'Mission Pinball Framework v0.80.0.dev10, Config version:6, Show version: 6, BCP version:1.1', 'prev_value': None, 'change': True}
2025-11-10 22:11:18,104 : INFO : EventManager : Event: ======'machine_var_python_version'====== Args={'value': '3.13.7', 'prev_value': None, 'change': True}
2025-11-10 22:11:18,110 : INFO : EventManager : Event: ======'machine_var_platform'====== Args={'value': 'macOS-15.6.1-arm64-arm-64bit-Mach-O', 'prev_value': None, 'change': True}
2025-11-10 22:11:18,110 : INFO : EventManager : Event: ======'machine_var_platform_system'====== Args={'value': 'Darwin', 'prev_value': None, 'change': True}
2025-11-10 22:11:18,110 : INFO : EventManager : Event: ======'machine_var_platform_release'====== Args={'value': '24.6.0', 'prev_value': None, 'change': True}
2025-11-10 22:11:18,110 : INFO : EventManager : Event: ======'machine_var_platform_version'====== Args={'value': 'Darwin Kernel Version 24.6.0: Mon Jul 14 11:30:40 PDT 2025; root:xnu-11417.140.69~1/RELEASE_ARM64_T8132', 'prev_value': None, 'change': True}
2025-11-10 22:11:18,110 : INFO : EventManager : Event: ======'machine_var_platform_machine'====== Args={'value': 'arm64', 'prev_value': None, 'change': True}
2025-11-10 22:11:18,110 : INFO : EventManager : Event: ======'machine_var_log_file_path'====== Args={'value': '/Users/didiergilbin/Desktop/Homebrew_CSI/logs/2025-11-10-22-11-18-mpf-mac.home.log', 'prev_value': None, 'change': True}
2025-11-10 22:11:18,110 : INFO : EventManager : Event: ======'init_phase_1'====== Args={}
2025-11-10 22:11:18,117 : INFO : EventManager : Event: ======'init_phase_2'====== Args={}
2025-11-10 22:11:18,117 : INFO : SwitchController : Found active switch: ('2', <Platform.SmartVirtual>) <switch.s_trough1>
2025-11-10 22:11:18,117 : INFO : SwitchController : Found active switch: ('3', <Platform.SmartVirtual>) <switch.s_trough2>
2025-11-10 22:11:18,117 : INFO : SwitchController : Found active switch: ('4', <Platform.SmartVirtual>) <switch.s_trough3>
2025-11-10 22:11:18,117 : INFO : SwitchController : Found active switch: ('5', <Platform.SmartVirtual>) <switch.s_trough4>
2025-11-10 22:11:18,118 : INFO : EventManager : Event: ======'bcp_connection_attempt'====== Args={'name': 'local_display', 'host': 'localhost', 'port': 5050}
2025-11-10 22:11:18,118 : INFO : BCPClientSocket : Connecting BCP to 'local_display' at localhost:5050...
2025-11-10 22:11:18,120 : INFO : BCPClientSocket : Connected BCP to 'local_display' localhost:5050
2025-11-10 22:11:18,121 : INFO : EventManager : Event: ======'bcp_clients_connected'====== Args={}
2025-11-10 22:11:18,121 : INFO : ball_device.bd_drain : BCH: Initial count: 0
2025-11-10 22:11:18,121 : INFO : ball_device.bd_drain : State: idle
2025-11-10 22:11:18,121 : INFO : ball_device.bd_trough : BCH: Initial count: 4
2025-11-10 22:11:18,121 : INFO : ball_device.bd_trough : State: idle
2025-11-10 22:11:18,121 : INFO : ball_device.bd_plunger : BCH: Initial count: 0
2025-11-10 22:11:18,121 : INFO : ball_device.bd_plunger : State: idle
2025-11-10 22:11:18,125 : INFO : EventManager : Event: ======'init_phase_3'====== Args={}
2025-11-10 22:11:18,125 : INFO : EventManager : Event: ======'init_phase_4'====== Args={}
2025-11-10 22:11:18,125 : INFO : BallController : Initial balls found: 4
2025-11-10 22:11:18,125 : INFO : EventManager : Event: ======'machine_var_audits_events_game_ended'====== Args={'value': 54, 'prev_value': None, 'change': True}
2025-11-10 22:11:18,125 : INFO : EventManager : Event: ======'machine_var_audits_events_game_started'====== Args={'value': 519, 'prev_value': None, 'change': True}
2025-11-10 22:11:18,125 : INFO : EventManager : Event: ======'machine_var_audits_missing_switches_s_drain'====== Args={'value': 14, 'prev_value': None, 'change': True}
2025-11-10 22:11:18,125 : INFO : EventManager : Event: ======'machine_var_audits_missing_switches_s_launch_button'====== Args={'value': 166, 'prev_value': None, 'change': True}
2025-11-10 22:11:18,126 : INFO : EventManager : Event: ======'machine_var_audits_missing_switches_s_left_flipper'====== Args={'value': 6, 'prev_value': None, 'change': True}
2025-11-10 22:11:18,126 : INFO : EventManager : Event: ======'machine_var_audits_missing_switches_s_left_inlane1'====== Args={'value': 52, 'prev_value': None, 'change': True}
2025-11-10 22:11:18,126 : INFO : EventManager : Event: ======'machine_var_audits_missing_switches_s_left_inlane2'====== Args={'value': 52, 'prev_value': None, 'change': True}
2025-11-10 22:11:18,126 : INFO : EventManager : Event: ======'machine_var_audits_missing_switches_s_left_outlane'====== Args={'value': 134, 'prev_value': None, 'change': True}
2025-11-10 22:11:18,126 : INFO : EventManager : Event: ======'machine_var_audits_missing_switches_s_popbumper2'====== Args={'value': 11, 'prev_value': None, 'change': True}
2025-11-10 22:11:18,126 : INFO : EventManager : Event: ======'machine_var_audits_missing_switches_s_right_flipper'====== Args={'value': 6, 'prev_value': None, 'change': True}
2025-11-10 22:11:18,126 : INFO : EventManager : Event: ======'machine_var_audits_missing_switches_s_right_inlane'====== Args={'value': 52, 'prev_value': None, 'change': True}
2025-11-10 22:11:18,126 : INFO : EventManager : Event: ======'machine_var_audits_missing_switches_s_right_orbit'====== Args={'value': 52, 'prev_value': None, 'change': True}
2025-11-10 22:11:18,126 : INFO : EventManager : Event: ======'machine_var_audits_missing_switches_s_right_outlane'====== Args={'value': 134, 'prev_value': None, 'change': True}
2025-11-10 22:11:18,126 : INFO : EventManager : Event: ======'machine_var_audits_missing_switches_s_scoop'====== Args={'value': 52, 'prev_value': None, 'change': True}
2025-11-10 22:11:18,126 : INFO : EventManager : Event: ======'machine_var_audits_missing_switches_s_sling_left'====== Args={'value': 519, 'prev_value': None, 'change': True}
2025-11-10 22:11:18,126 : INFO : EventManager : Event: ======'machine_var_audits_missing_switches_s_sling_right'====== Args={'value': 519, 'prev_value': None, 'change': True}
2025-11-10 22:11:18,126 : INFO : EventManager : Event: ======'machine_var_audits_missing_switches_s_start'====== Args={'value': 14, 'prev_value': None, 'change': True}
2025-11-10 22:11:18,126 : INFO : EventManager : Event: ======'machine_var_audits_missing_switches_s_trough1'====== Args={'value': 14, 'prev_value': None, 'change': True}
2025-11-10 22:11:18,126 : INFO : EventManager : Event: ======'machine_var_audits_missing_switches_s_trough2'====== Args={'value': 80, 'prev_value': None, 'change': True}
2025-11-10 22:11:18,126 : INFO : EventManager : Event: ======'machine_var_audits_missing_switches_s_trough3'====== Args={'value': 297, 'prev_value': None, 'change': True}
2025-11-10 22:11:18,126 : INFO : EventManager : Event: ======'machine_var_audits_missing_switches_s_trough4'====== Args={'value': 297, 'prev_value': None, 'change': True}
2025-11-10 22:11:18,126 : INFO : EventManager : Event: ======'machine_var_audits_missing_switches_s_trough_jam'====== Args={'value': 233, 'prev_value': None, 'change': True}
2025-11-10 22:11:18,126 : INFO : EventManager : Event: ======'machine_var_audits_player_score'====== Args={'value': {'average': 215167, 'top': [10210000, 1550000, 1070000, 1070000, 810000, 710000, 640000, 570000, 530000, 480000], 'total': 118}, 'prev_value': None, 'change': True}
2025-11-10 22:11:18,126 : INFO : EventManager : Event: ======'machine_var_audits_shots_bumper1'====== Args={'value': 4378, 'prev_value': None, 'change': True}
2025-11-10 22:11:18,126 : INFO : EventManager : Event: ======'machine_var_audits_shots_bumper2'====== Args={'value': 4305, 'prev_value': None, 'change': True}
2025-11-10 22:11:18,126 : INFO : EventManager : Event: ======'machine_var_audits_shots_bumper3'====== Args={'value': 4135, 'prev_value': None, 'change': True}
2025-11-10 22:11:18,126 : INFO : EventManager : Event: ======'machine_var_audits_shots_c_shot'====== Args={'value': 162, 'prev_value': None, 'change': True}
2025-11-10 22:11:18,126 : INFO : EventManager : Event: ======'machine_var_audits_shots_csi_shot'====== Args={'value': 9, 'prev_value': None, 'change': True}
2025-11-10 22:11:18,126 : INFO : EventManager : Event: ======'machine_var_audits_shots_i_shot'====== Args={'value': 135, 'prev_value': None, 'change': True}
2025-11-10 22:11:18,126 : INFO : EventManager : Event: ======'machine_var_audits_shots_s_shot'====== Args={'value': 152, 'prev_value': None, 'change': True}
2025-11-10 22:11:18,126 : INFO : EventManager : Event: ======'machine_var_audits_shots_switch_shot'====== Args={'value': 245, 'prev_value': None, 'change': True}
2025-11-10 22:11:18,126 : INFO : EventManager : Event: ======'machine_var_audits_switches_s_drain'====== Args={'value': 542, 'prev_value': None, 'change': True}
2025-11-10 22:11:18,126 : INFO : EventManager : Event: ======'machine_var_audits_switches_s_launch_button'====== Args={'value': 1, 'prev_value': None, 'change': True}
2025-11-10 22:11:18,126 : INFO : EventManager : Event: ======'machine_var_audits_switches_s_left_flipper'====== Args={'value': 463, 'prev_value': None, 'change': True}
2025-11-10 22:11:18,126 : INFO : EventManager : Event: ======'machine_var_audits_switches_s_left_inlane1'====== Args={'value': 172, 'prev_value': None, 'change': True}
2025-11-10 22:11:18,126 : INFO : EventManager : Event: ======'machine_var_audits_switches_s_left_inlane2'====== Args={'value': 159, 'prev_value': None, 'change': True}
2025-11-10 22:11:18,126 : INFO : EventManager : Event: ======'machine_var_audits_switches_s_left_outlane'====== Args={'value': 1, 'prev_value': None, 'change': True}
2025-11-10 22:11:18,126 : INFO : EventManager : Event: ======'machine_var_audits_switches_s_plunger_lane'====== Args={'value': 901, 'prev_value': None, 'change': True}
2025-11-10 22:11:18,126 : INFO : EventManager : Event: ======'machine_var_audits_switches_s_popbumper1'====== Args={'value': 4422, 'prev_value': None, 'change': True}
2025-11-10 22:11:18,126 : INFO : EventManager : Event: ======'machine_var_audits_switches_s_popbumper2'====== Args={'value': 4346, 'prev_value': None, 'change': True}
2025-11-10 22:11:18,126 : INFO : EventManager : Event: ======'machine_var_audits_switches_s_popbumper3'====== Args={'value': 4177, 'prev_value': None, 'change': True}
2025-11-10 22:11:18,126 : INFO : EventManager : Event: ======'machine_var_audits_switches_s_ramp'====== Args={'value': 958, 'prev_value': None, 'change': True}
2025-11-10 22:11:18,126 : INFO : EventManager : Event: ======'machine_var_audits_switches_s_right_flipper'====== Args={'value': 743, 'prev_value': None, 'change': True}
2025-11-10 22:11:18,126 : INFO : EventManager : Event: ======'machine_var_audits_switches_s_right_inlane'====== Args={'value': 141, 'prev_value': None, 'change': True}
2025-11-10 22:11:18,126 : INFO : EventManager : Event: ======'machine_var_audits_switches_s_right_orbit'====== Args={'value': 47, 'prev_value': None, 'change': True}
2025-11-10 22:11:18,126 : INFO : EventManager : Event: ======'machine_var_audits_switches_s_right_outlane'====== Args={'value': 5, 'prev_value': None, 'change': True}
2025-11-10 22:11:18,126 : INFO : EventManager : Event: ======'machine_var_audits_switches_s_scoop'====== Args={'value': 428, 'prev_value': None, 'change': True}
2025-11-10 22:11:18,126 : INFO : EventManager : Event: ======'machine_var_audits_switches_s_skull_lock1'====== Args={'value': 64, 'prev_value': None, 'change': True}
2025-11-10 22:11:18,126 : INFO : EventManager : Event: ======'machine_var_audits_switches_s_skull_lock2'====== Args={'value': 65, 'prev_value': None, 'change': True}
2025-11-10 22:11:18,126 : INFO : EventManager : Event: ======'machine_var_audits_switches_s_sling_left'====== Args={'value': 0, 'prev_value': None, 'change': True}
2025-11-10 22:11:18,126 : INFO : EventManager : Event: ======'machine_var_audits_switches_s_sling_right'====== Args={'value': 0, 'prev_value': None, 'change': True}
2025-11-10 22:11:18,126 : INFO : EventManager : Event: ======'machine_var_audits_switches_s_start'====== Args={'value': 667, 'prev_value': None, 'change': True}
2025-11-10 22:11:18,126 : INFO : EventManager : Event: ======'machine_var_audits_switches_s_trough1'====== Args={'value': 383, 'prev_value': None, 'change': True}
2025-11-10 22:11:18,126 : INFO : EventManager : Event: ======'machine_var_audits_switches_s_trough2'====== Args={'value': 18, 'prev_value': None, 'change': True}
2025-11-10 22:11:18,126 : INFO : EventManager : Event: ======'machine_var_audits_switches_s_trough3'====== Args={'value': 1, 'prev_value': None, 'change': True}
2025-11-10 22:11:18,126 : INFO : EventManager : Event: ======'machine_var_audits_switches_s_trough4'====== Args={'value': 1, 'prev_value': None, 'change': True}
2025-11-10 22:11:18,126 : INFO : EventManager : Event: ======'machine_var_audits_switches_s_trough_jam'====== Args={'value': 8, 'prev_value': None, 'change': True}
2025-11-10 22:11:18,126 : INFO : EventManager : Event: ======'init_phase_5'====== Args={}
2025-11-10 22:11:18,126 : INFO : EventManager : Event: ======'init_done'====== Args={}
2025-11-10 22:11:18,127 : INFO : EventManager : Event: ======'machine_reset_phase_1'====== Args={}
2025-11-10 22:11:18,163 : INFO : EventManager : Event: ======'machine_reset_phase_2'====== Args={}
2025-11-10 22:11:18,164 : INFO : EventManager : Event: ======'machine_reset_phase_3'====== Args={}
2025-11-10 22:11:18,165 : INFO : EventManager : Event: ======'reset_complete'====== Args={}
2025-11-10 22:11:18,165 : INFO : EventManager : Event: ======'mode_attract_will_start'====== Args={}
2025-11-10 22:11:18,165 : INFO : Timer.attract_carousel_timer : Starting Timer.
2025-11-10 22:11:18,165 : INFO : EventManager : Event: ======'timer_attract_carousel_timer_started'====== Args={'ticks': 0, 'ticks_remaining': 1}
2025-11-10 22:11:18,165 : INFO : EventManager : Event: ======'timer_attract_carousel_timer_tick'====== Args={'ticks': 0, 'ticks_remaining': 1}
2025-11-10 22:11:18,165 : INFO : EventManager : Event: ======'mode_attract_starting'====== Args={}
2025-11-10 22:11:18,165 : INFO : Mode.attract : Started. Priority: 10
2025-11-10 22:11:18,165 : INFO : EventManager : Event: ======'modes_active_modes_changed'====== Args={}
2025-11-10 22:11:18,165 : INFO : EventManager : Event: ======'mode_attract_started'====== Args={}
2025-11-10 22:11:18,165 : INFO : EventManager : Event: ======'collecting_balls_complete'====== Args={}
2025-11-10 22:11:18,165 : INFO : EventManager : Event: ======'carousel_item_highlighted'====== Args={'carousel': 'attract', 'direction': None, 'item': 'title'}
2025-11-10 22:11:18,165 : INFO : Machine : Starting the main run loop with active modes: [<Mode.attract>]
2025-11-10 22:11:18,561 : INFO : EventManager : Event: ======'slide_attract_created'====== Args={'_from_bcp': True}
2025-11-10 22:11:18,561 : INFO : EventManager : Event: ======'slide__removed'====== Args={'_from_bcp': True}
2025-11-10 22:11:18,561 : INFO : EventManager : Event: ======'slide_attract_active'====== Args={'original_context': 'attract', 'original_calling_context': 'mode_attract_started', 'priority': 10.0, 'cmd': 'slides_play', '_from_bcp': True}
2025-11-10 22:11:18,729 : INFO : BcpServer : New client connected.
2025-11-10 22:11:23,165 : INFO : Timer.attract_carousel_timer : Timer Complete
2025-11-10 22:11:23,165 : INFO : Timer.attract_carousel_timer : Stopping Timer
2025-11-10 22:11:23,166 : INFO : EventManager : Event: ======'timer_attract_carousel_timer_stopped'====== Args={'ticks': 1, 'ticks_remaining': 1}
2025-11-10 22:11:23,166 : INFO : EventManager : Event: ======'timer_attract_carousel_timer_complete'====== Args={'ticks': 1, 'ticks_remaining': 1}
2025-11-10 22:11:23,167 : INFO : EventManager : Event: ======'carousel_item_highlighted'====== Args={'carousel': 'attract', 'direction': 'forwards', 'item': 'credits'}
2025-11-10 22:11:27,791 : INFO : SwitchController : <<<<<<< 's_start' active >>>>>>>
2025-11-10 22:11:27,907 : INFO : SwitchController : <<<<<<< 's_start' inactive >>>>>>>
2025-11-10 22:11:27,908 : INFO : EventManager : Event: ======'request_to_start_game'====== Args={}
2025-11-10 22:11:27,909 : INFO : EventManager : Event: ======'game_start'====== Args={'buttons': [], 'hold_time': 0.11634587496519089}
2025-11-10 22:11:27,909 : INFO : EventManager : Event: ======'mode_game_will_start'====== Args={'buttons': [], 'hold_time': 0.11634587496519089}
2025-11-10 22:11:27,910 : INFO : EventManager : Event: ======'mode_game_starting'====== Args={'buttons': [], 'hold_time': 0.11634587496519089}
2025-11-10 22:11:27,910 : INFO : EventManager : Event: ======'mode_attract_will_stop'====== Args={}
2025-11-10 22:11:27,910 : INFO : EventManager : Event: ======'mode_attract_stopping'====== Args={}
2025-11-10 22:11:27,910 : INFO : Mode.attract : Stopped.
2025-11-10 22:11:27,910 : INFO : EventManager : Event: ======'modes_active_modes_changed'====== Args={}
2025-11-10 22:11:27,911 : INFO : EventManager : Event: ======'mode_attract_stopped'====== Args={}
2025-11-10 22:11:27,911 : INFO : EventManager : Event: ======'clear'====== Args={'key': 'attract'}
2025-11-10 22:11:27,911 : INFO : Timer.attract_carousel_timer : Stopping Timer
2025-11-10 22:11:27,911 : INFO : EventManager : Event: ======'timer_attract_carousel_timer_stopped'====== Args={'ticks': 1, 'ticks_remaining': 1}
2025-11-10 22:11:27,911 : INFO : Mode.game : Started. Priority: 20
2025-11-10 22:11:27,911 : INFO : EventManager : Event: ======'modes_active_modes_changed'====== Args={}
2025-11-10 22:11:27,911 : INFO : EventManager : Event: ======'mode_game_started'====== Args={'buttons': [], 'hold_time': 0.11634587496519089}
2025-11-10 22:11:27,912 : INFO : EventManager : Event: ======'game_will_start'====== Args={}
2025-11-10 22:11:27,912 : INFO : EventManager : Event: ======'game_starting'====== Args={'game': <Mode.game>}
2025-11-10 22:11:27,913 : INFO : EventManager : Unordered handler for class <Auditor> on event game_ended with priority 1. Handlers: [RegisteredHandler(callback=<bound method Auditor.disable of <Auditor>>, priority=1, kwargs={}, key=UUID('39a9e611-decd-4318-ac9a-8079fe9b279f'), condition=None, blocking_facility=None), RegisteredHandler(callback=<bound method Auditor._save_audits of <Auditor>>, priority=1, kwargs={}, key=UUID('b5b8e101-d350-46f9-b659-928608c2f2e2'), condition=None, blocking_facility=None)]. The order of those handlers is not defined and they will be executed in random order. This might lead to race conditions and potential bugs.
2025-11-10 22:11:27,913 : INFO : EventManager : Event: ======'player_add_request'====== Args={}
2025-11-10 22:11:27,913 : INFO : EventManager : Event: ======'player_will_add'====== Args={'number': 1}
2025-11-10 22:11:27,914 : INFO : EventManager : Event: ======'player_adding'====== Args={'player': <Player 1>, 'number': 1}
2025-11-10 22:11:27,914 : INFO : EventManager : Event: ======'player_added'====== Args={'player': <Player 1>, 'num': 1}
2025-11-10 22:11:27,914 : INFO : Mode.game : Player added successfully. Total players: 1
2025-11-10 22:11:27,914 : INFO : EventManager : Event: ======'player_index'====== Args={'value': 0, 'prev_value': 0, 'change': 0, 'player_num': 1}
2025-11-10 22:11:27,914 : INFO : EventManager : Event: ======'player_number'====== Args={'value': 1, 'prev_value': 1, 'change': 0, 'player_num': 1}
2025-11-10 22:11:27,914 : INFO : EventManager : Event: ======'player_bonus_multiplier'====== Args={'value': 1, 'prev_value': 1, 'change': 0, 'player_num': 1}
2025-11-10 22:11:27,915 : INFO : EventManager : Event: ======'player_skull_ramp_nb'====== Args={'value': 0, 'prev_value': 0, 'change': 0, 'player_num': 1}
2025-11-10 22:11:27,915 : INFO : EventManager : Event: ======'player_score'====== Args={'value': 0, 'prev_value': 0, 'change': 0, 'player_num': 1}
2025-11-10 22:11:27,915 : INFO : EventManager : Event: ======'game_started'====== Args={}
2025-11-10 22:11:27,916 : INFO : EventManager : Event: ======'player_turn_will_start'====== Args={'player': <Player 1>, 'number': 1}
2025-11-10 22:11:27,916 : INFO : EventManager : Event: ======'player_turn_starting'====== Args={'player': <Player 1>, 'number': 1}
2025-11-10 22:11:27,922 : INFO : EventManager : Event: ======'player_ball'====== Args={'value': 1, 'prev_value': 0, 'change': 1, 'player_num': 1}
2025-11-10 22:11:27,922 : INFO : EventManager : Event: ======'player_turn_started'====== Args={'player': <Player 1>, 'number': 1}
2025-11-10 22:11:27,923 : INFO : EventManager : Event: ======'ball_will_start'====== Args={'player': 1, 'ball': 1, 'balls_remaining': 2, 'is_extra_ball': False}
2025-11-10 22:11:27,924 : INFO : EventManager : Event: ======'ball_starting'====== Args={'player': 1, 'ball': 1, 'balls_remaining': 2, 'is_extra_ball': False}
2025-11-10 22:11:27,924 : INFO : EventManager : Event: ======'mode_base_will_start'====== Args={'queue': <QueuedEvent>, 'player': 1, 'ball': 1, 'balls_remaining': 2, 'is_extra_ball': False}
2025-11-10 22:11:27,924 : INFO : EventManager : Event: ======'player_base_player_added_timer_tick'====== Args={'value': 0, 'prev_value': 0, 'change': 0, 'player_num': 1}
2025-11-10 22:11:27,925 : INFO : Timer.player_added_timer : Starting Timer.
2025-11-10 22:11:27,925 : INFO : EventManager : Event: ======'timer_player_added_timer_started'====== Args={'ticks': 0, 'ticks_remaining': 1}
2025-11-10 22:11:27,925 : INFO : EventManager : Event: ======'timer_player_added_timer_tick'====== Args={'ticks': 0, 'ticks_remaining': 1}
2025-11-10 22:11:27,926 : INFO : EventManager : Event: ======'mode_base_starting'====== Args={'queue': <QueuedEvent>, 'player': 1, 'ball': 1, 'balls_remaining': 2, 'is_extra_ball': False}
2025-11-10 22:11:27,926 : INFO : Mode.base : Started. Priority: 100
2025-11-10 22:11:27,926 : INFO : EventManager : Event: ======'modes_active_modes_changed'====== Args={}
2025-11-10 22:11:27,926 : INFO : EventManager : Event: ======'mode_base_started'====== Args={'queue': <QueuedEvent>, 'player': 1, 'ball': 1, 'balls_remaining': 2, 'is_extra_ball': False}
2025-11-10 22:11:27,926 : INFO : EventManager : Event: ======'start_mode_bumpers'====== Args={'priority': 0}
2025-11-10 22:11:27,926 : INFO : EventManager : Event: ======'start_mode_csi_lanes'====== Args={'priority': 0}
2025-11-10 22:11:27,927 : INFO : EventManager : Event: ======'start_mode_skull'====== Args={'priority': 0}
2025-11-10 22:11:27,927 : INFO : EventManager : Event: ======'mode_bumpers_will_start'====== Args={'priority': 0}
2025-11-10 22:11:27,927 : INFO : EventManager : Event: ======'player_shot_bumper1_enabled'====== Args={'value': True, 'prev_value': 0, 'change': 1, 'player_num': 1}
2025-11-10 22:11:27,928 : INFO : EventManager : Event: ======'player_shot_bumper2_enabled'====== Args={'value': True, 'prev_value': 0, 'change': 1, 'player_num': 1}
2025-11-10 22:11:27,928 : INFO : EventManager : Event: ======'player_shot_bumper3_enabled'====== Args={'value': True, 'prev_value': 0, 'change': 1, 'player_num': 1}
2025-11-10 22:11:27,929 : INFO : EventManager : Event: ======'bumpers_complete'====== Args={'state': 'unlit'}
2025-11-10 22:11:27,929 : INFO : EventManager : Event: ======'bumpers_unlit_complete'====== Args={}
2025-11-10 22:11:27,929 : INFO : EventManager : Event: ======'player_bumpers_bumper_timer_tick'====== Args={'value': 0, 'prev_value': 0, 'change': 0, 'player_num': 1}
2025-11-10 22:11:27,930 : INFO : Timer.bumper_timer : Starting Timer.
2025-11-10 22:11:27,930 : INFO : EventManager : Event: ======'timer_bumper_timer_started'====== Args={'ticks': 0, 'ticks_remaining': 1}
2025-11-10 22:11:27,930 : INFO : EventManager : Event: ======'timer_bumper_timer_tick'====== Args={'ticks': 0, 'ticks_remaining': 1}
2025-11-10 22:11:27,931 : INFO : EventManager : Event: ======'mode_bumpers_starting'====== Args={'priority': 0}
2025-11-10 22:11:27,931 : INFO : EventManager : Event: ======'mode_csi_lanes_will_start'====== Args={'priority': 0}
2025-11-10 22:11:27,931 : INFO : EventManager : Event: ======'player_shot_c_shot_enabled'====== Args={'value': True, 'prev_value': 0, 'change': 1, 'player_num': 1}
2025-11-10 22:11:27,932 : INFO : EventManager : Event: ======'player_shot_s_shot_enabled'====== Args={'value': True, 'prev_value': 0, 'change': 1, 'player_num': 1}
2025-11-10 22:11:27,932 : INFO : EventManager : Event: ======'player_shot_i_shot_enabled'====== Args={'value': True, 'prev_value': 0, 'change': 1, 'player_num': 1}
2025-11-10 22:11:27,932 : INFO : EventManager : Event: ======'csi_shots_complete'====== Args={'state': 'unlit'}
2025-11-10 22:11:27,932 : INFO : EventManager : Event: ======'csi_shots_unlit_complete'====== Args={}
2025-11-10 22:11:27,933 : INFO : EventManager : Event: ======'player_csi_lanes_csi_lanes_timer_tick'====== Args={'value': 0, 'prev_value': 0, 'change': 0, 'player_num': 1}
2025-11-10 22:11:27,934 : INFO : Timer.csi_lanes_timer : Starting Timer.
2025-11-10 22:11:27,934 : INFO : EventManager : Event: ======'timer_csi_lanes_timer_started'====== Args={'ticks': 0, 'ticks_remaining': 1}
2025-11-10 22:11:27,934 : INFO : EventManager : Event: ======'timer_csi_lanes_timer_tick'====== Args={'ticks': 0, 'ticks_remaining': 1}
2025-11-10 22:11:27,935 : INFO : EventManager : Event: ======'player_csi_lanes_csi_right_orbit_timer_tick'====== Args={'value': 0, 'prev_value': 0, 'change': 0, 'player_num': 1}
2025-11-10 22:11:27,936 : INFO : EventManager : Event: ======'mode_csi_lanes_starting'====== Args={'priority': 0}
2025-11-10 22:11:27,936 : INFO : EventManager : Event: ======'mode_skull_will_start'====== Args={'priority': 0}
2025-11-10 22:11:27,936 : INFO : EventManager : Event: ======'player_skull_pause_timer_tick'====== Args={'value': 0, 'prev_value': 0, 'change': 0, 'player_num': 1}
2025-11-10 22:11:27,937 : INFO : Timer.pause_timer : Starting Timer.
2025-11-10 22:11:27,937 : INFO : EventManager : Event: ======'timer_pause_timer_started'====== Args={'ticks': 0, 'ticks_remaining': 1}
2025-11-10 22:11:27,937 : INFO : EventManager : Event: ======'timer_pause_timer_tick'====== Args={'ticks': 0, 'ticks_remaining': 1}
2025-11-10 22:11:27,938 : INFO : EventManager : Event: ======'mode_skull_starting'====== Args={'priority': 0}
2025-11-10 22:11:27,938 : INFO : Mode.bumpers : Started. Priority: 200
2025-11-10 22:11:27,938 : INFO : EventManager : Event: ======'modes_active_modes_changed'====== Args={}
2025-11-10 22:11:27,938 : INFO : EventManager : Event: ======'mode_bumpers_started'====== Args={'priority': 0}
2025-11-10 22:11:27,938 : INFO : EventManager : Event: ======'balls_in_play'====== Args={'balls': 1}
2025-11-10 22:11:27,938 : INFO : EventManager : Event: ======'ball_started'====== Args={'player': 1, 'ball': 1, 'balls_remaining': 2, 'is_extra_ball': False}
2025-11-10 22:11:27,939 : INFO : EventManager : Event: ======'logicblock_csi_lanes_then_scoop_updated'====== Args={'value': 0, 'enabled': True}
2025-11-10 22:11:27,939 : INFO : EventManager : Event: ======'logicblock_csi_lanes_then_scoop_then_right_orbit_updated'====== Args={'value': 0, 'enabled': True}
2025-11-10 22:11:27,939 : INFO : EventManager : Event: ======'logicblock_csi_lanes_then_scoop_updated'====== Args={'value': 0, 'enabled': True}
2025-11-10 22:11:27,939 : INFO : EventManager : Event: ======'logicblock_csi_lanes_then_scoop_then_right_orbit_updated'====== Args={'value': 0, 'enabled': True}
2025-11-10 22:11:27,939 : INFO : Mode.csi_lanes : Started. Priority: 200
2025-11-10 22:11:27,939 : INFO : EventManager : Event: ======'modes_active_modes_changed'====== Args={}
2025-11-10 22:11:27,939 : INFO : EventManager : Event: ======'mode_csi_lanes_started'====== Args={'priority': 0}
2025-11-10 22:11:27,940 : INFO : EventManager : Event: ======'player_multiplier'====== Args={'value': 1, 'prev_value': 0, 'change': 1, 'player_num': 1, 'source': 'csi_lanes'}
2025-11-10 22:11:27,940 : INFO : EventManager : Event: ======'logicblock_seq_lock1_updated'====== Args={'value': 0, 'enabled': True}
2025-11-10 22:11:27,940 : INFO : EventManager : Event: ======'logicblock_seq_lock2_updated'====== Args={'value': 0, 'enabled': True}
2025-11-10 22:11:27,940 : INFO : EventManager : Event: ======'logicblock_seq_ready_for_MB_updated'====== Args={'value': 0, 'enabled': True}
2025-11-10 22:11:27,940 : INFO : EventManager : Event: ======'logicblock_seq_lock1_updated'====== Args={'value': 0, 'enabled': True}
2025-11-10 22:11:27,940 : INFO : EventManager : Event: ======'logicblock_seq_lock2_updated'====== Args={'value': 0, 'enabled': True}
2025-11-10 22:11:27,940 : INFO : EventManager : Event: ======'logicblock_seq_ready_for_MB_updated'====== Args={'value': 0, 'enabled': True}
2025-11-10 22:11:27,940 : INFO : Mode.skull : Started. Priority: 200
2025-11-10 22:11:27,940 : INFO : EventManager : Event: ======'modes_active_modes_changed'====== Args={}
2025-11-10 22:11:27,940 : INFO : EventManager : Event: ======'mode_skull_started'====== Args={'priority': 0}
2025-11-10 22:11:27,940 : INFO : EventManager : Event: ======'single_player_ball_started'====== Args={}
2025-11-10 22:11:27,941 : INFO : EventManager : Event: ======'ball_start_target'====== Args={'target': 'playfield'}
2025-11-10 22:11:27,941 : INFO : ball_device.bd_trough : Setting up player-controlled eject. Balls: 1, Target: <playfield.playfield>, player_controlled_eject_event: None
2025-11-10 22:11:27,941 : INFO : ball_device.bd_trough : Adding 1 ball(s) to the eject_queue with target <playfield.playfield>.
2025-11-10 22:11:27,941 : INFO : EventManager : Event: ======'balldevice_balls_available'====== Args={}
2025-11-10 22:11:27,942 : INFO : ball_device.bd_trough : State: waiting_for_target_ready
2025-11-10 22:11:27,942 : INFO : EventManager : Event: ======'balldevice_bd_trough_ball_eject_attempt'====== Args={'balls': 1, 'target': <ball_device.bd_plunger>, 'source': <ball_device.bd_trough>, 'mechanical_eject': False, 'num_attempts': 0}
2025-11-10 22:11:27,942 : INFO : ball_device.bd_plunger : State: waiting_for_ball
2025-11-10 22:11:27,942 : INFO : ball_device.bd_trough : State: ejecting
2025-11-10 22:11:27,942 : INFO : ball_device.bd_trough : Ejecting ball to <ball_device.bd_plunger>
2025-11-10 22:11:27,942 : INFO : EventManager : Event: ======'balldevice_bd_trough_ejecting_ball'====== Args={'balls': 1, 'target': <ball_device.bd_plunger>, 'source': <ball_device.bd_trough>, 'mechanical_eject': False, 'num_attempts': 0}
2025-11-10 22:11:27,943 : INFO : ball_device.bd_trough : Wait for ball to leave device
2025-11-10 22:11:27,943 : INFO : coil.c_trough_eject : Pulsing Driver for 20ms (1.0 pulse_power)
2025-11-10 22:11:27,943 : INFO : SwitchController : <<<<<<< 's_trough1' inactive >>>>>>>
2025-11-10 22:11:27,943 : INFO : ball_device.bd_trough : State: ball_left
2025-11-10 22:11:27,943 : INFO : ball_device.bd_trough : Ball left
2025-11-10 22:11:27,943 : INFO : ball_device.bd_trough : Wait for confirm with timeout 3.0
2025-11-10 22:11:28,044 : INFO : SwitchController : <<<<<<< 's_plunger_lane' active >>>>>>>
2025-11-10 22:11:28,044 : INFO : EventManager : Event: ======'machine_var_audits_switches_s_plunger_lane'====== Args={'value': 902, 'prev_value': 901, 'change': 1}
2025-11-10 22:11:28,076 : INFO : EventManager : Event: ======'slide_base_slide_created'====== Args={'_from_bcp': True}
2025-11-10 22:11:28,076 : INFO : EventManager : Event: ======'slide_attract_inactive'====== Args={'is_removing': True, '_from_bcp': True}
2025-11-10 22:11:28,076 : INFO : EventManager : Event: ======'slide_base_slide_active'====== Args={'original_context': 'base', 'original_calling_context': 'mode_base_started', 'priority': 100.0, 'queue': '<QueuedEvent>', 'player': 1.0, 'ball': 1.0, 'balls_remaining': 2.0, 'is_extra_ball': False, 'cmd': 'slides_play', '_from_bcp': True}
2025-11-10 22:11:28,077 : INFO : EventManager : Event: ======'slide_attract_removed'====== Args={'_from_bcp': True}
2025-11-10 22:11:28,430 : INFO : EventManager : Event: ======'player_bumpers_bumper_timer_tick'====== Args={'value': 1, 'prev_value': 0, 'change': 1, 'player_num': 1}
2025-11-10 22:11:28,431 : INFO : Timer.bumper_timer : Timer Complete
2025-11-10 22:11:28,431 : INFO : Timer.bumper_timer : Stopping Timer
2025-11-10 22:11:28,431 : INFO : EventManager : Event: ======'timer_bumper_timer_stopped'====== Args={'ticks': 1, 'ticks_remaining': 1}
2025-11-10 22:11:28,431 : INFO : EventManager : Event: ======'timer_bumper_timer_complete'====== Args={'ticks': 1, 'ticks_remaining': 1}
2025-11-10 22:11:28,545 : INFO : ball_device.bd_plunger : Received ball from <ball_device.bd_trough>
2025-11-10 22:11:28,546 : INFO : EventManager : Event: ======'balldevice_bd_plunger_ball_enter'====== Args={'new_balls': 1, 'unclaimed_balls': 0, 'new_available_balls': 0, 'device': <ball_device.bd_plunger>}
2025-11-10 22:11:28,546 : INFO : EventManager : Event: ======'balldevice_bd_plunger_ball_entered'====== Args={'new_balls': 0, 'device': <ball_device.bd_plunger>}
2025-11-10 22:11:28,547 : INFO : EventManager : Event: ======'balldevice_bd_plunger_ball_count_changed'====== Args={'balls': 1}
2025-11-10 22:11:28,547 : INFO : ball_device.bd_trough : Got eject confirm
2025-11-10 22:11:28,547 : INFO : ball_device.bd_trough : Eject successful
2025-11-10 22:11:28,547 : INFO : EventManager : Event: ======'balldevice_bd_trough_ball_eject_success'====== Args={'balls': 1, 'target': <ball_device.bd_plunger>}
2025-11-10 22:11:28,548 : INFO : EventManager : Event: ======'balldevice_bd_trough_ball_count_changed'====== Args={'balls': 3}
2025-11-10 22:11:28,548 : INFO : ball_device.bd_trough : State: idle
2025-11-10 22:11:28,548 : INFO : ball_device.bd_plunger : State: waiting_for_target_ready
2025-11-10 22:11:28,548 : INFO : EventManager : Event: ======'balldevice_bd_plunger_ball_eject_attempt'====== Args={'balls': 1, 'target': <playfield.playfield>, 'source': <ball_device.bd_plunger>, 'mechanical_eject': False, 'num_attempts': 0}
2025-11-10 22:11:28,548 : INFO : ball_device.bd_plunger : State: ejecting
2025-11-10 22:11:28,549 : INFO : ball_device.bd_plunger : Ejecting ball to <playfield.playfield>
2025-11-10 22:11:28,549 : INFO : EventManager : Event: ======'balldevice_bd_plunger_ejecting_ball'====== Args={'balls': 1, 'target': <playfield.playfield>, 'source': <ball_device.bd_plunger>, 'mechanical_eject': False, 'num_attempts': 0}
2025-11-10 22:11:28,549 : INFO : ball_device.bd_plunger : Wait for ball to leave device
2025-11-10 22:11:28,549 : INFO : coil.c_plunger : Pulsing Driver for 20ms (1.0 pulse_power)
2025-11-10 22:11:28,550 : INFO : SwitchController : <<<<<<< 's_plunger_lane' inactive >>>>>>>
2025-11-10 22:11:28,550 : INFO : ball_device.bd_plunger : State: ball_left
2025-11-10 22:11:28,550 : INFO : ball_device.bd_plunger : Ball left
2025-11-10 22:11:28,550 : INFO : ball_device.bd_plunger : Wait for confirm with timeout 3.0
2025-11-10 22:11:28,626 : INFO : EventManager : Event: ======'player_base_player_added_timer_tick'====== Args={'value': 1, 'prev_value': 0, 'change': 1, 'player_num': 1}
2025-11-10 22:11:28,626 : INFO : Timer.player_added_timer : Timer Complete
2025-11-10 22:11:28,626 : INFO : Timer.player_added_timer : Stopping Timer
2025-11-10 22:11:28,627 : INFO : EventManager : Event: ======'timer_player_added_timer_stopped'====== Args={'ticks': 1, 'ticks_remaining': 1}
2025-11-10 22:11:28,627 : INFO : EventManager : Event: ======'timer_player_added_timer_complete'====== Args={'ticks': 1, 'ticks_remaining': 1}
2025-11-10 22:11:28,634 : INFO : EventManager : Event: ======'player_csi_lanes_csi_lanes_timer_tick'====== Args={'value': 1, 'prev_value': 0, 'change': 1, 'player_num': 1}
2025-11-10 22:11:28,635 : INFO : Timer.csi_lanes_timer : Timer Complete
2025-11-10 22:11:28,635 : INFO : Timer.csi_lanes_timer : Stopping Timer
2025-11-10 22:11:28,635 : INFO : EventManager : Event: ======'timer_csi_lanes_timer_stopped'====== Args={'ticks': 1, 'ticks_remaining': 1}
2025-11-10 22:11:28,635 : INFO : EventManager : Event: ======'timer_csi_lanes_timer_complete'====== Args={'ticks': 1, 'ticks_remaining': 1}
2025-11-10 22:11:31,551 : INFO : ball_device.bd_plunger : State: failed_confirm
2025-11-10 22:11:31,551 : INFO : ball_device.bd_plunger : Got timeout (3.0s) before confirm from <playfield.playfield>
2025-11-10 22:11:31,652 : INFO : ball_device.bd_plunger : Confirming eject because target is playfield and ball did not return.
2025-11-10 22:11:31,652 : INFO : ball_device.bd_plunger : Eject successful
2025-11-10 22:11:31,652 : INFO : EventManager : Event: ======'balldevice_bd_plunger_ball_eject_success'====== Args={'balls': 1, 'target': <playfield.playfield>}
2025-11-10 22:11:31,653 : INFO : EventManager : Event: ======'balldevice_playfield_ball_enter'====== Args={'new_balls': 1, 'unclaimed_balls': 1, 'device': <playfield.playfield>}
2025-11-10 22:11:31,653 : INFO : EventManager : Event: ======'playfield_ball_count_change'====== Args={'balls': 1, 'change': 1}
2025-11-10 22:11:31,653 : INFO : EventManager : Event: ======'balldevice_bd_plunger_ball_count_changed'====== Args={'balls': 0}
2025-11-10 22:11:31,653 : INFO : ball_device.bd_plunger : State: idle
2025-11-10 22:11:37,938 : INFO : EventManager : Event: ======'player_skull_pause_timer_tick'====== Args={'value': 1, 'prev_value': 0, 'change': 1, 'player_num': 1}
2025-11-10 22:11:37,940 : INFO : Timer.pause_timer : Timer Complete
2025-11-10 22:11:37,940 : INFO : Timer.pause_timer : Stopping Timer
2025-11-10 22:11:37,940 : INFO : EventManager : Event: ======'timer_pause_timer_stopped'====== Args={'ticks': 1, 'ticks_remaining': 1}
2025-11-10 22:11:37,941 : INFO : EventManager : Event: ======'timer_pause_timer_complete'====== Args={'ticks': 1, 'ticks_remaining': 1}
2025-11-10 22:11:39,849 : INFO : SwitchController : <<<<<<< 's_ramp' active >>>>>>>
2025-11-10 22:11:39,849 : INFO : EventManager : Event: ======'s_ramp_active'====== Args={}
2025-11-10 22:11:39,850 : INFO : EventManager : Event: ======'machine_var_audits_switches_s_ramp'====== Args={'value': 959, 'prev_value': 958, 'change': 1}
2025-11-10 22:11:39,851 : INFO : EventManager : Event: ======'player_skull_ramp_nb'====== Args={'value': 1, 'prev_value': 0, 'change': 1, 'player_num': 1, 'source': 'skull'}
2025-11-10 22:11:40,044 : INFO : SwitchController : <<<<<<< 's_ramp' inactive >>>>>>>
2025-11-10 22:11:40,144 : INFO : SwitchController : <<<<<<< 's_ramp' active >>>>>>>
2025-11-10 22:11:40,144 : INFO : EventManager : Event: ======'s_ramp_active'====== Args={}
2025-11-10 22:11:40,144 : INFO : EventManager : Event: ======'machine_var_audits_switches_s_ramp'====== Args={'value': 960, 'prev_value': 959, 'change': 1}
2025-11-10 22:11:40,145 : INFO : EventManager : Event: ======'player_skull_ramp_nb'====== Args={'value': 2, 'prev_value': 1, 'change': 1, 'player_num': 1, 'source': 'skull'}
2025-11-10 22:11:40,259 : INFO : SwitchController : <<<<<<< 's_ramp' inactive >>>>>>>
2025-11-10 22:11:40,377 : INFO : SwitchController : <<<<<<< 's_ramp' active >>>>>>>
2025-11-10 22:11:40,377 : INFO : EventManager : Event: ======'s_ramp_active'====== Args={}
2025-11-10 22:11:40,378 : INFO : EventManager : Event: ======'machine_var_audits_switches_s_ramp'====== Args={'value': 961, 'prev_value': 960, 'change': 1}
2025-11-10 22:11:40,379 : INFO : EventManager : Event: ======'player_skull_ramp_nb'====== Args={'value': 3, 'prev_value': 2, 'change': 1, 'player_num': 1, 'source': 'skull'}
2025-11-10 22:11:40,476 : INFO : SwitchController : <<<<<<< 's_ramp' inactive >>>>>>>
2025-11-10 22:11:40,594 : INFO : SwitchController : <<<<<<< 's_ramp' active >>>>>>>
2025-11-10 22:11:40,594 : INFO : EventManager : Event: ======'s_ramp_active'====== Args={}
2025-11-10 22:11:40,594 : INFO : EventManager : Event: ======'machine_var_audits_switches_s_ramp'====== Args={'value': 962, 'prev_value': 961, 'change': 1}
2025-11-10 22:11:40,595 : INFO : EventManager : Event: ======'player_skull_ramp_nb'====== Args={'value': 4, 'prev_value': 3, 'change': 1, 'player_num': 1, 'source': 'skull'}
2025-11-10 22:11:40,676 : INFO : SwitchController : <<<<<<< 's_ramp' inactive >>>>>>>
2025-11-10 22:11:40,778 : INFO : SwitchController : <<<<<<< 's_ramp' active >>>>>>>
2025-11-10 22:11:40,778 : INFO : EventManager : Event: ======'s_ramp_active'====== Args={}
2025-11-10 22:11:40,779 : INFO : EventManager : Event: ======'machine_var_audits_switches_s_ramp'====== Args={'value': 963, 'prev_value': 962, 'change': 1}
2025-11-10 22:11:40,779 : INFO : EventManager : Event: ======'player_skull_ramp_nb'====== Args={'value': 5, 'prev_value': 4, 'change': 1, 'player_num': 1, 'source': 'skull'}
2025-11-10 22:11:40,876 : INFO : SwitchController : <<<<<<< 's_ramp' inactive >>>>>>>
2025-11-10 22:11:40,944 : INFO : SwitchController : <<<<<<< 's_ramp' active >>>>>>>
2025-11-10 22:11:40,945 : INFO : EventManager : Event: ======'s_ramp_active'====== Args={}
2025-11-10 22:11:40,945 : INFO : EventManager : Event: ======'machine_var_audits_switches_s_ramp'====== Args={'value': 964, 'prev_value': 963, 'change': 1}
2025-11-10 22:11:40,945 : INFO : EventManager : Event: ======'player_skull_ramp_nb'====== Args={'value': 6, 'prev_value': 5, 'change': 1, 'player_num': 1, 'source': 'skull'}
2025-11-10 22:11:41,060 : INFO : SwitchController : <<<<<<< 's_ramp' inactive >>>>>>>
2025-11-10 22:11:41,395 : INFO : SwitchController : <<<<<<< 's_ramp' active >>>>>>>
2025-11-10 22:11:41,395 : INFO : EventManager : Event: ======'s_ramp_active'====== Args={}
2025-11-10 22:11:41,396 : INFO : EventManager : Event: ======'machine_var_audits_switches_s_ramp'====== Args={'value': 965, 'prev_value': 964, 'change': 1}
2025-11-10 22:11:41,396 : INFO : EventManager : Event: ======'player_skull_ramp_nb'====== Args={'value': 7, 'prev_value': 6, 'change': 1, 'player_num': 1, 'source': 'skull'}
2025-11-10 22:11:41,527 : INFO : SwitchController : <<<<<<< 's_ramp' inactive >>>>>>>
2025-11-10 22:11:41,644 : INFO : SwitchController : <<<<<<< 's_ramp' active >>>>>>>
2025-11-10 22:11:41,644 : INFO : EventManager : Event: ======'s_ramp_active'====== Args={}
2025-11-10 22:11:41,644 : INFO : EventManager : Event: ======'machine_var_audits_switches_s_ramp'====== Args={'value': 966, 'prev_value': 965, 'change': 1}
2025-11-10 22:11:41,645 : INFO : EventManager : Event: ======'player_skull_ramp_nb'====== Args={'value': 8, 'prev_value': 7, 'change': 1, 'player_num': 1, 'source': 'skull'}
2025-11-10 22:11:41,760 : INFO : SwitchController : <<<<<<< 's_ramp' inactive >>>>>>>
2025-11-10 22:11:41,860 : INFO : SwitchController : <<<<<<< 's_ramp' active >>>>>>>
2025-11-10 22:11:41,860 : INFO : EventManager : Event: ======'s_ramp_active'====== Args={}
2025-11-10 22:11:41,861 : INFO : EventManager : Event: ======'machine_var_audits_switches_s_ramp'====== Args={'value': 967, 'prev_value': 966, 'change': 1}
2025-11-10 22:11:41,861 : INFO : EventManager : Event: ======'player_skull_ramp_nb'====== Args={'value': 9, 'prev_value': 8, 'change': 1, 'player_num': 1, 'source': 'skull'}
2025-11-10 22:11:41,959 : INFO : SwitchController : <<<<<<< 's_ramp' inactive >>>>>>>
2025-11-10 22:11:42,227 : INFO : SwitchController : <<<<<<< 's_ramp' active >>>>>>>
2025-11-10 22:11:42,227 : INFO : EventManager : Event: ======'s_ramp_active'====== Args={}
2025-11-10 22:11:42,228 : INFO : EventManager : Event: ======'machine_var_audits_switches_s_ramp'====== Args={'value': 968, 'prev_value': 967, 'change': 1}
2025-11-10 22:11:42,228 : INFO : EventManager : Event: ======'player_skull_ramp_nb'====== Args={'value': 10, 'prev_value': 9, 'change': 1, 'player_num': 1, 'source': 'skull'}
2025-11-10 22:11:42,229 : INFO : EventManager : Event: ======'logicblock_seq_lock1_updated'====== Args={'value': 1, 'enabled': True}
2025-11-10 22:11:42,229 : INFO : EventManager : Event: ======'logicblock_seq_lock1_hit'====== Args={'step': 1}
2025-11-10 22:11:42,273 : INFO : EventManager : Event: ======'widget_skull_light_lock_widget_active'====== Args={'original_context': 'skull', 'original_calling_context': 's_ramp_active{current_player.skull_ramp_nb==10}', 'priority': 200.0, 'cmd': 'widgets_play', '_from_bcp': True}
2025-11-10 22:11:42,376 : INFO : SwitchController : <<<<<<< 's_ramp' inactive >>>>>>>
2025-11-10 22:11:43,495 : INFO : SwitchController : <<<<<<< 's_ramp' active >>>>>>>
2025-11-10 22:11:43,495 : INFO : EventManager : Event: ======'s_ramp_active'====== Args={}
2025-11-10 22:11:43,495 : INFO : EventManager : Event: ======'machine_var_audits_switches_s_ramp'====== Args={'value': 969, 'prev_value': 968, 'change': 1}
2025-11-10 22:11:43,496 : INFO : EventManager : Event: ======'player_skull_ramp_nb'====== Args={'value': 11, 'prev_value': 10, 'change': 1, 'player_num': 1, 'source': 'skull'}
2025-11-10 22:11:43,627 : INFO : SwitchController : <<<<<<< 's_ramp' inactive >>>>>>>
2025-11-10 22:12:00,832 : INFO : SwitchController : <<<<<<< 's_skull_lock1' active >>>>>>>
2025-11-10 22:12:00,832 : INFO : EventManager : Event: ======'s_skull_lock1_active'====== Args={}
2025-11-10 22:12:00,832 : INFO : EventManager : Event: ======'machine_var_audits_switches_s_skull_lock1'====== Args={'value': 65, 'prev_value': 64, 'change': 1}
2025-11-10 22:12:00,833 : INFO : EventManager : Event: ======'logicblock_seq_lock1_updated'====== Args={'value': 2, 'enabled': True}
2025-11-10 22:12:00,833 : INFO : EventManager : Event: ======'logicblock_seq_lock1_hit'====== Args={'step': 2}
2025-11-10 22:12:00,836 : INFO : EventManager : Event: ======'seq_lock1_done'====== Args={}
2025-11-10 22:12:00,837 : INFO : EventManager : Event: ======'logicblock_seq_lock1_updated'====== Args={'value': 0, 'enabled': True}
2025-11-10 22:12:00,837 : INFO : EventManager : Event: ======'logicblock_seq_lock2_updated'====== Args={'value': 1, 'enabled': True}
2025-11-10 22:12:00,837 : INFO : EventManager : Event: ======'logicblock_seq_lock2_hit'====== Args={'step': 1}
2025-11-10 22:12:00,910 : INFO : SwitchController : <<<<<<< 's_skull_lock1' inactive >>>>>>>
2025-11-10 22:12:01,029 : INFO : EventManager : Event: ======'widget_skull_lock1_widget_active'====== Args={'original_context': 'skull', 'original_calling_context': 'seq_lock1_done', 'priority': 200.0, 'cmd': 'widgets_play', '_from_bcp': True}
2025-11-10 22:12:11,729 : INFO : SwitchController : <<<<<<< 's_skull_lock2' active >>>>>>>
2025-11-10 22:12:11,729 : INFO : EventManager : Event: ======'s_skull_lock2_active'====== Args={}
2025-11-10 22:12:11,729 : INFO : EventManager : Event: ======'machine_var_audits_switches_s_skull_lock2'====== Args={'value': 66, 'prev_value': 65, 'change': 1}
2025-11-10 22:12:11,730 : INFO : EventManager : Event: ======'logicblock_seq_lock2_updated'====== Args={'value': 2, 'enabled': True}
2025-11-10 22:12:11,730 : INFO : EventManager : Event: ======'logicblock_seq_lock2_hit'====== Args={'step': 2}
2025-11-10 22:12:11,735 : INFO : EventManager : Event: ======'seq_lock2_done'====== Args={}
2025-11-10 22:12:11,736 : INFO : EventManager : Event: ======'logicblock_seq_lock2_updated'====== Args={'value': 0, 'enabled': True}
2025-11-10 22:12:11,736 : INFO : EventManager : Event: ======'player_skull_pause_timer_tick'====== Args={'value': 0, 'prev_value': 1, 'change': -1, 'player_num': 1}
2025-11-10 22:12:11,736 : INFO : Timer.pause_timer : Starting Timer.
2025-11-10 22:12:11,737 : INFO : EventManager : Event: ======'timer_pause_timer_started'====== Args={'ticks': 0, 'ticks_remaining': 1}
2025-11-10 22:12:11,737 : INFO : EventManager : Event: ======'timer_pause_timer_tick'====== Args={'ticks': 0, 'ticks_remaining': 1}
2025-11-10 22:12:11,737 : INFO : EventManager : Event: ======'logicblock_seq_ready_for_MB_updated'====== Args={'value': 1, 'enabled': True}
2025-11-10 22:12:11,737 : INFO : EventManager : Event: ======'logicblock_seq_ready_for_MB_hit'====== Args={'step': 1}
2025-11-10 22:12:11,760 : INFO : EventManager : Event: ======'widget_skull_lock2_widget_active'====== Args={'original_context': 'skull', 'original_calling_context': 'seq_lock2_done', 'priority': 200.0, 'cmd': 'widgets_play', '_from_bcp': True}
2025-11-10 22:12:11,819 : INFO : SwitchController : <<<<<<< 's_skull_lock2' inactive >>>>>>>
2025-11-10 22:12:21,738 : INFO : EventManager : Event: ======'player_skull_pause_timer_tick'====== Args={'value': 1, 'prev_value': 0, 'change': 1, 'player_num': 1}
2025-11-10 22:12:21,738 : INFO : Timer.pause_timer : Timer Complete
2025-11-10 22:12:21,739 : INFO : Timer.pause_timer : Stopping Timer
2025-11-10 22:12:21,739 : INFO : EventManager : Event: ======'timer_pause_timer_stopped'====== Args={'ticks': 1, 'ticks_remaining': 1}
2025-11-10 22:12:21,739 : INFO : EventManager : Event: ======'timer_pause_timer_complete'====== Args={'ticks': 1, 'ticks_remaining': 1}
2025-11-10 22:12:21,740 : INFO : EventManager : Event: ======'logicblock_seq_ready_for_MB_updated'====== Args={'value': 2, 'enabled': True}
2025-11-10 22:12:21,740 : INFO : EventManager : Event: ======'logicblock_seq_ready_for_MB_hit'====== Args={'step': 2}
2025-11-10 22:12:21,741 : INFO : EventManager : Event: ======'seq_ready_for_multiball_done'====== Args={}
2025-11-10 22:12:21,741 : INFO : EventManager : Event: ======'logicblock_seq_ready_for_MB_updated'====== Args={'value': 0, 'enabled': True}
2025-11-10 22:12:21,741 : INFO : EventManager : Event: ======'player_skull_ramp_nb'====== Args={'value': 0, 'prev_value': 11, 'change': -11, 'player_num': 1, 'source': 'skull'}
2025-11-10 22:12:21,778 : INFO : EventManager : Event: ======'widget_skull_start_multiball_widget_active'====== Args={'original_context': 'skull', 'original_calling_context': 'seq_ready_for_multiball_done', 'priority': 200.0, 'cmd': 'widgets_play', '_from_bcp': True}
2025-11-10 22:12:43,034 : INFO : Machine : Shutting down...
2025-11-10 22:12:43,035 : INFO : EventManager : Event: ======'shutdown'====== Args={}
2025-11-10 22:12:43,036 : INFO : EventManager : Event: ======'mode_game_will_stop'====== Args={}
2025-11-10 22:12:43,036 : INFO : EventManager : Event: ======'mode_game_stopping'====== Args={}
2025-11-10 22:12:43,037 : INFO : EventManager : Event: ======'mode_bumpers_will_stop'====== Args={}
2025-11-10 22:12:43,037 : INFO : EventManager : Event: ======'mode_bumpers_stopping'====== Args={}
2025-11-10 22:12:43,037 : INFO : EventManager : Event: ======'mode_skull_will_stop'====== Args={}
2025-11-10 22:12:43,037 : INFO : EventManager : Event: ======'mode_skull_stopping'====== Args={}
2025-11-10 22:12:43,037 : INFO : EventManager : Event: ======'mode_csi_lanes_will_stop'====== Args={}
2025-11-10 22:12:43,037 : INFO : EventManager : Event: ======'mode_csi_lanes_stopping'====== Args={}
2025-11-10 22:12:43,037 : INFO : EventManager : Event: ======'mode_base_will_stop'====== Args={}
2025-11-10 22:12:43,037 : INFO : EventManager : Event: ======'mode_base_stopping'====== Args={}
2025-11-10 22:12:43,038 : INFO : EventManager : Event: ======'stop_mode_bumpers'====== Args={'priority': 0}
2025-11-10 22:12:43,038 : INFO : EventManager : Event: ======'stop_mode_csi_lanes'====== Args={'priority': 0}
2025-11-10 22:12:43,038 : INFO : EventManager : Event: ======'stop_mode_skull'====== Args={'priority': 0}
2025-11-10 22:12:43,038 : INFO : Mode.base : Stopped.
2025-11-10 22:12:43,038 : INFO : EventManager : Event: ======'modes_active_modes_changed'====== Args={}
2025-11-10 22:12:43,038 : INFO : EventManager : Event: ======'mode_base_stopped'====== Args={}
2025-11-10 22:12:43,038 : INFO : EventManager : Event: ======'clear'====== Args={'key': 'base'}
2025-11-10 22:12:43,038 : INFO : Timer.player_added_timer : Stopping Timer
2025-11-10 22:12:43,038 : INFO : EventManager : Event: ======'timer_player_added_timer_stopped'====== Args={'ticks': 1, 'ticks_remaining': 1}
2025-11-10 22:12:43,038 : INFO : Mode.csi_lanes : Stopped.
2025-11-10 22:12:43,038 : INFO : EventManager : Event: ======'modes_active_modes_changed'====== Args={}
2025-11-10 22:12:43,038 : INFO : EventManager : Event: ======'mode_csi_lanes_stopped'====== Args={}
2025-11-10 22:12:43,038 : INFO : EventManager : Event: ======'clear'====== Args={'key': 'csi_lanes'}
2025-11-10 22:12:43,039 : INFO : Timer.csi_right_orbit_timer : Stopping Timer
2025-11-10 22:12:43,039 : INFO : EventManager : Event: ======'timer_csi_right_orbit_timer_stopped'====== Args={'ticks': 0, 'ticks_remaining': 0}
2025-11-10 22:12:43,039 : INFO : Timer.csi_lanes_timer : Stopping Timer
2025-11-10 22:12:43,039 : INFO : EventManager : Event: ======'timer_csi_lanes_timer_stopped'====== Args={'ticks': 1, 'ticks_remaining': 1}
2025-11-10 22:12:43,039 : INFO : Mode.skull : Stopped.
2025-11-10 22:12:43,039 : INFO : EventManager : Event: ======'modes_active_modes_changed'====== Args={}
2025-11-10 22:12:43,039 : INFO : EventManager : Event: ======'mode_skull_stopped'====== Args={}
2025-11-10 22:12:43,039 : INFO : EventManager : Event: ======'clear'====== Args={'key': 'skull'}
2025-11-10 22:12:43,039 : INFO : Timer.pause_timer : Stopping Timer
2025-11-10 22:12:43,039 : INFO : EventManager : Event: ======'timer_pause_timer_stopped'====== Args={'ticks': 1, 'ticks_remaining': 1}
2025-11-10 22:12:43,039 : INFO : Mode.bumpers : Stopped.
2025-11-10 22:12:43,040 : INFO : EventManager : Event: ======'modes_active_modes_changed'====== Args={}
2025-11-10 22:12:43,040 : INFO : EventManager : Event: ======'mode_bumpers_stopped'====== Args={}
2025-11-10 22:12:43,040 : INFO : EventManager : Event: ======'clear'====== Args={'key': 'bumpers'}
2025-11-10 22:12:43,040 : INFO : Timer.bumper_timer : Stopping Timer
2025-11-10 22:12:43,040 : INFO : EventManager : Event: ======'timer_bumper_timer_stopped'====== Args={'ticks': 1, 'ticks_remaining': 1}
2025-11-10 22:12:43,040 : INFO : Mode.game : Stopped.
2025-11-10 22:12:43,040 : INFO : EventManager : Event: ======'modes_active_modes_changed'====== Args={}
2025-11-10 22:12:43,040 : INFO : EventManager : Event: ======'mode_game_stopped'====== Args={}
2025-11-10 22:12:43,040 : INFO : EventManager : Event: ======'clear'====== Args={'key': 'game'}
2025-11-10 22:12:43,043 : INFO : root : MPF run loop ended.
