2025-10-23 22:29:17,672 : INFO : root : Loading config.
2025-10-23 22:29:17,674 : INFO : YamlMultifileConfigLoader : Machine config file #1: config.yaml
2025-10-23 22:29:17,674 : INFO : ConfigProcessor : Loading config from cache: /var/folders/m3/0d4y64_n3fn8tnkv3ydlhztw0000gn/T/5ca32a6c950d03116abbed96ca44d372.mpf_cache
2025-10-23 22:29:17,699 : INFO : ConfigProcessor : Loading config from cache: /var/folders/m3/0d4y64_n3fn8tnkv3ydlhztw0000gn/T/01c495fa7450a81b4be96cb699872531.mpf_cache
2025-10-23 22:29:17,700 : INFO : ConfigProcessor : Loading config from cache: /var/folders/m3/0d4y64_n3fn8tnkv3ydlhztw0000gn/T/bfde29b5bb803376b0637bb8f0da27a7.mpf_cache
2025-10-23 22:29:17,700 : INFO : ConfigProcessor : Loading config from cache: /var/folders/m3/0d4y64_n3fn8tnkv3ydlhztw0000gn/T/01c495fa7450a81b4be96cb699872531.mpf_cache
2025-10-23 22:29:17,700 : INFO : ConfigProcessor : Loading config from cache: /var/folders/m3/0d4y64_n3fn8tnkv3ydlhztw0000gn/T/3ae89e09515ff8d8b11d68f672b2cc51.mpf_cache
2025-10-23 22:29:17,700 : INFO : ConfigProcessor : Loading config from cache: /var/folders/m3/0d4y64_n3fn8tnkv3ydlhztw0000gn/T/4c420229fa75118c2461cfc9ff5a44e2.mpf_cache
2025-10-23 22:29:17,700 : INFO : Machine : Mission Pinball Framework Core Engine v0.80.0.dev10
2025-10-23 22:29:17,700 : INFO : Machine : Command line arguments: {'no_load_cache': False, 'create_config_cache': True, 'bcp': True, 'configfile': ['config.yaml'], 'force_assets_load': False, 'platform_integration_test': False, 'jsonlogging': False, 'logfile': 'logs/2025-10-23-22-29-17-mpf-mac.home.log', 'pause': False, 'production': False, 'text_ui': False, 'loglevel': 15, 'consoleloglevel': 20, 'force_platform': 'smart_virtual', 'syslog_address': None, 'full_logfile_path': '/Users/didiergilbin/Desktop/Homebrew_CSI/logs/2025-10-23-22-29-17-mpf-mac.home.log'}
2025-10-23 22:29:17,700 : INFO : Machine : MPF path: /Users/didiergilbin/mpfenv/lib/python3.13/site-packages/mpf
2025-10-23 22:29:17,700 : INFO : Machine : Machine path: /Users/didiergilbin/Desktop/Homebrew_CSI
2025-10-23 22:29:17,700 : INFO : Machine : Platform: darwin
2025-10-23 22:29:17,700 : INFO : Machine : Python executable location: /Users/didiergilbin/mpfenv/bin/python3.13
2025-10-23 22:29:17,700 : INFO : Machine : Python version: 3.13.7 (64-bit)
2025-10-23 22:29:17,701 : INFO : Machine : Initializing MPF...
2025-10-23 22:29:17,727 : INFO : EventManager : Event: ======'machine_var_credits_string'====== Args={'value': 'FREE PLAY', 'prev_value': None, 'change': True}
2025-10-23 22:29:17,731 : INFO : EventManager : Event: ======'machine_var_master_volume'====== Args={'value': 0.5, 'prev_value': None, 'change': True}
2025-10-23 22:29:17,731 : INFO : EventManager : Event: ======'machine_var_mpf_version'====== Args={'value': 'Mission Pinball Framework v0.80.0.dev10', 'prev_value': None, 'change': True}
2025-10-23 22:29:17,731 : INFO : EventManager : Event: ======'machine_var_mpf_extended_version'====== Args={'value': 'Mission Pinball Framework v0.80.0.dev10, Config version:6, Show version: 6, BCP version:1.1', 'prev_value': None, 'change': True}
2025-10-23 22:29:17,732 : INFO : EventManager : Event: ======'machine_var_python_version'====== Args={'value': '3.13.7', 'prev_value': None, 'change': True}
2025-10-23 22:29:17,739 : INFO : EventManager : Event: ======'machine_var_platform'====== Args={'value': 'macOS-15.6.1-arm64-arm-64bit-Mach-O', 'prev_value': None, 'change': True}
2025-10-23 22:29:17,739 : INFO : EventManager : Event: ======'machine_var_platform_system'====== Args={'value': 'Darwin', 'prev_value': None, 'change': True}
2025-10-23 22:29:17,739 : INFO : EventManager : Event: ======'machine_var_platform_release'====== Args={'value': '24.6.0', 'prev_value': None, 'change': True}
2025-10-23 22:29:17,739 : INFO : EventManager : Event: ======'machine_var_platform_version'====== Args={'value': 'Darwin Kernel Version 24.6.0: Mon Jul 14 11:30:40 PDT 2025; root:xnu-11417.140.69~1/RELEASE_ARM64_T8132', 'prev_value': None, 'change': True}
2025-10-23 22:29:17,739 : INFO : EventManager : Event: ======'machine_var_platform_machine'====== Args={'value': 'arm64', 'prev_value': None, 'change': True}
2025-10-23 22:29:17,739 : INFO : EventManager : Event: ======'machine_var_log_file_path'====== Args={'value': '/Users/didiergilbin/Desktop/Homebrew_CSI/logs/2025-10-23-22-29-17-mpf-mac.home.log', 'prev_value': None, 'change': True}
2025-10-23 22:29:17,739 : INFO : EventManager : Event: ======'init_phase_1'====== Args={}
2025-10-23 22:29:17,744 : INFO : EventManager : Event: ======'init_phase_2'====== Args={}
2025-10-23 22:29:17,745 : INFO : SwitchController : Found active switch: ('2', <Platform.SmartVirtual>) <switch.s_trough1>
2025-10-23 22:29:17,745 : INFO : SwitchController : Found active switch: ('3', <Platform.SmartVirtual>) <switch.s_trough2>
2025-10-23 22:29:17,745 : INFO : SwitchController : Found active switch: ('4', <Platform.SmartVirtual>) <switch.s_trough3>
2025-10-23 22:29:17,745 : INFO : SwitchController : Found active switch: ('5', <Platform.SmartVirtual>) <switch.s_trough4>
2025-10-23 22:29:17,745 : INFO : EventManager : Event: ======'bcp_connection_attempt'====== Args={'name': 'local_display', 'host': 'localhost', 'port': 5050}
2025-10-23 22:29:17,746 : INFO : BCPClientSocket : Connecting BCP to 'local_display' at localhost:5050...
2025-10-23 22:29:17,749 : INFO : BCPClientSocket : Connected BCP to 'local_display' localhost:5050
2025-10-23 22:29:17,749 : INFO : EventManager : Event: ======'bcp_clients_connected'====== Args={}
2025-10-23 22:29:17,749 : INFO : ball_device.bd_trough : BCH: Initial count: 4
2025-10-23 22:29:17,749 : INFO : ball_device.bd_trough : State: idle
2025-10-23 22:29:17,749 : INFO : ball_device.bd_plunger : BCH: Initial count: 0
2025-10-23 22:29:17,749 : INFO : ball_device.bd_plunger : State: idle
2025-10-23 22:29:17,753 : INFO : EventManager : Event: ======'init_phase_3'====== Args={}
2025-10-23 22:29:17,754 : INFO : EventManager : Event: ======'init_phase_4'====== Args={}
2025-10-23 22:29:17,754 : INFO : BallController : Initial balls found: 4
2025-10-23 22:29:17,754 : INFO : EventManager : Event: ======'machine_var_audits_events_game_ended'====== Args={'value': 0, 'prev_value': None, 'change': True}
2025-10-23 22:29:17,754 : INFO : EventManager : Event: ======'machine_var_audits_events_game_started'====== Args={'value': 51, 'prev_value': None, 'change': True}
2025-10-23 22:29:17,754 : INFO : EventManager : Event: ======'machine_var_audits_missing_switches_s_launch_button'====== Args={'value': 51, 'prev_value': None, 'change': True}
2025-10-23 22:29:17,754 : INFO : EventManager : Event: ======'machine_var_audits_missing_switches_s_left_flipper'====== Args={'value': 40, 'prev_value': None, 'change': True}
2025-10-23 22:29:17,754 : INFO : EventManager : Event: ======'machine_var_audits_missing_switches_s_right_flipper'====== Args={'value': 40, 'prev_value': None, 'change': True}
2025-10-23 22:29:17,754 : INFO : EventManager : Event: ======'machine_var_audits_missing_switches_s_scoop'====== Args={'value': 22, 'prev_value': None, 'change': True}
2025-10-23 22:29:17,754 : INFO : EventManager : Event: ======'machine_var_audits_missing_switches_s_sling_left'====== Args={'value': 51, 'prev_value': None, 'change': True}
2025-10-23 22:29:17,754 : INFO : EventManager : Event: ======'machine_var_audits_missing_switches_s_sling_right'====== Args={'value': 51, 'prev_value': None, 'change': True}
2025-10-23 22:29:17,754 : INFO : EventManager : Event: ======'machine_var_audits_missing_switches_s_trough1'====== Args={'value': 51, 'prev_value': None, 'change': True}
2025-10-23 22:29:17,754 : INFO : EventManager : Event: ======'machine_var_audits_missing_switches_s_trough2'====== Args={'value': 51, 'prev_value': None, 'change': True}
2025-10-23 22:29:17,754 : INFO : EventManager : Event: ======'machine_var_audits_missing_switches_s_trough3'====== Args={'value': 51, 'prev_value': None, 'change': True}
2025-10-23 22:29:17,754 : INFO : EventManager : Event: ======'machine_var_audits_missing_switches_s_trough4'====== Args={'value': 51, 'prev_value': None, 'change': True}
2025-10-23 22:29:17,754 : INFO : EventManager : Event: ======'machine_var_audits_missing_switches_s_trough_jam'====== Args={'value': 51, 'prev_value': None, 'change': True}
2025-10-23 22:29:17,754 : INFO : EventManager : Event: ======'machine_var_audits_player_score'====== Args={'value': {'average': 0, 'top': [], 'total': 0}, 'prev_value': None, 'change': True}
2025-10-23 22:29:17,754 : INFO : EventManager : Event: ======'machine_var_audits_shots_bumper1'====== Args={'value': 1104, 'prev_value': None, 'change': True}
2025-10-23 22:29:17,754 : INFO : EventManager : Event: ======'machine_var_audits_shots_bumper2'====== Args={'value': 1269, 'prev_value': None, 'change': True}
2025-10-23 22:29:17,754 : INFO : EventManager : Event: ======'machine_var_audits_shots_bumper3'====== Args={'value': 1158, 'prev_value': None, 'change': True}
2025-10-23 22:29:17,754 : INFO : EventManager : Event: ======'machine_var_audits_switches_s_launch_button'====== Args={'value': 0, 'prev_value': None, 'change': True}
2025-10-23 22:29:17,754 : INFO : EventManager : Event: ======'machine_var_audits_switches_s_left_flipper'====== Args={'value': 5, 'prev_value': None, 'change': True}
2025-10-23 22:29:17,754 : INFO : EventManager : Event: ======'machine_var_audits_switches_s_plunger_lane'====== Args={'value': 51, 'prev_value': None, 'change': True}
2025-10-23 22:29:17,754 : INFO : EventManager : Event: ======'machine_var_audits_switches_s_popbumper1'====== Args={'value': 1104, 'prev_value': None, 'change': True}
2025-10-23 22:29:17,754 : INFO : EventManager : Event: ======'machine_var_audits_switches_s_popbumper2'====== Args={'value': 1269, 'prev_value': None, 'change': True}
2025-10-23 22:29:17,754 : INFO : EventManager : Event: ======'machine_var_audits_switches_s_popbumper3'====== Args={'value': 1158, 'prev_value': None, 'change': True}
2025-10-23 22:29:17,754 : INFO : EventManager : Event: ======'machine_var_audits_switches_s_right_flipper'====== Args={'value': 7, 'prev_value': None, 'change': True}
2025-10-23 22:29:17,754 : INFO : EventManager : Event: ======'machine_var_audits_switches_s_scoop'====== Args={'value': 46, 'prev_value': None, 'change': True}
2025-10-23 22:29:17,754 : INFO : EventManager : Event: ======'machine_var_audits_switches_s_sling_left'====== Args={'value': 0, 'prev_value': None, 'change': True}
2025-10-23 22:29:17,754 : INFO : EventManager : Event: ======'machine_var_audits_switches_s_sling_right'====== Args={'value': 0, 'prev_value': None, 'change': True}
2025-10-23 22:29:17,754 : INFO : EventManager : Event: ======'machine_var_audits_switches_s_start'====== Args={'value': 153, 'prev_value': None, 'change': True}
2025-10-23 22:29:17,754 : INFO : EventManager : Event: ======'machine_var_audits_switches_s_trough1'====== Args={'value': 0, 'prev_value': None, 'change': True}
2025-10-23 22:29:17,754 : INFO : EventManager : Event: ======'machine_var_audits_switches_s_trough2'====== Args={'value': 0, 'prev_value': None, 'change': True}
2025-10-23 22:29:17,754 : INFO : EventManager : Event: ======'machine_var_audits_switches_s_trough3'====== Args={'value': 0, 'prev_value': None, 'change': True}
2025-10-23 22:29:17,754 : INFO : EventManager : Event: ======'machine_var_audits_switches_s_trough4'====== Args={'value': 0, 'prev_value': None, 'change': True}
2025-10-23 22:29:17,754 : INFO : EventManager : Event: ======'machine_var_audits_switches_s_trough_jam'====== Args={'value': 0, 'prev_value': None, 'change': True}
2025-10-23 22:29:17,755 : INFO : EventManager : Event: ======'init_phase_5'====== Args={}
2025-10-23 22:29:17,755 : INFO : EventManager : Event: ======'init_done'====== Args={}
2025-10-23 22:29:17,755 : INFO : EventManager : Event: ======'machine_reset_phase_1'====== Args={}
2025-10-23 22:29:17,763 : INFO : EventManager : Event: ======'machine_reset_phase_2'====== Args={}
2025-10-23 22:29:17,763 : INFO : EventManager : Event: ======'machine_reset_phase_3'====== Args={}
2025-10-23 22:29:17,764 : INFO : EventManager : Event: ======'reset_complete'====== Args={}
2025-10-23 22:29:17,764 : INFO : EventManager : Event: ======'mode_attract_will_start'====== Args={}
2025-10-23 22:29:17,765 : INFO : Timer.attract_carousel_timer : Starting Timer.
2025-10-23 22:29:17,765 : INFO : EventManager : Event: ======'timer_attract_carousel_timer_started'====== Args={'ticks': 0, 'ticks_remaining': 1}
2025-10-23 22:29:17,765 : INFO : EventManager : Event: ======'timer_attract_carousel_timer_tick'====== Args={'ticks': 0, 'ticks_remaining': 1}
2025-10-23 22:29:17,765 : INFO : EventManager : Event: ======'mode_attract_starting'====== Args={}
2025-10-23 22:29:17,765 : INFO : Mode.attract : Started. Priority: 10
2025-10-23 22:29:17,765 : INFO : EventManager : Event: ======'modes_active_modes_changed'====== Args={}
2025-10-23 22:29:17,765 : INFO : EventManager : Event: ======'mode_attract_started'====== Args={}
2025-10-23 22:29:17,765 : INFO : EventManager : Event: ======'collecting_balls_complete'====== Args={}
2025-10-23 22:29:17,765 : INFO : EventManager : Event: ======'carousel_item_highlighted'====== Args={'carousel': 'attract', 'direction': None, 'item': 'title'}
2025-10-23 22:29:17,765 : INFO : Machine : Starting the main run loop with active modes: [<Mode.attract>]
2025-10-23 22:29:17,840 : INFO : EventManager : Event: ======'slide_attract_created'====== Args={'_from_bcp': True}
2025-10-23 22:29:17,840 : INFO : EventManager : Event: ======'slide__removed'====== Args={'_from_bcp': True}
2025-10-23 22:29:17,840 : INFO : EventManager : Event: ======'slide_attract_active'====== Args={'original_context': 'attract', 'original_calling_context': 'mode_attract_started', 'priority': 10.0, 'cmd': 'slides_play', '_from_bcp': True}
2025-10-23 22:29:22,766 : INFO : Timer.attract_carousel_timer : Timer Complete
2025-10-23 22:29:22,766 : INFO : Timer.attract_carousel_timer : Stopping Timer
2025-10-23 22:29:22,766 : INFO : EventManager : Event: ======'timer_attract_carousel_timer_stopped'====== Args={'ticks': 1, 'ticks_remaining': 1}
2025-10-23 22:29:22,767 : INFO : EventManager : Event: ======'timer_attract_carousel_timer_complete'====== Args={'ticks': 1, 'ticks_remaining': 1}
2025-10-23 22:29:22,767 : INFO : EventManager : Event: ======'carousel_item_highlighted'====== Args={'carousel': 'attract', 'direction': 'forwards', 'item': 'credits'}
2025-10-23 22:29:32,265 : INFO : SwitchController : <<<<<<< 's_right_flipper' active >>>>>>>
2025-10-23 22:29:32,265 : INFO : EventManager : Event: ======'s_right_flipper_active'====== Args={}
2025-10-23 22:29:32,266 : INFO : EventManager : Event: ======'carousel_item_highlighted'====== Args={'carousel': 'attract', 'direction': 'forwards', 'item': 'logo'}
2025-10-23 22:29:32,398 : INFO : SwitchController : <<<<<<< 's_right_flipper' inactive >>>>>>>
2025-10-23 22:29:32,598 : INFO : SwitchController : <<<<<<< 's_right_flipper' active >>>>>>>
2025-10-23 22:29:32,599 : INFO : EventManager : Event: ======'s_right_flipper_active'====== Args={}
2025-10-23 22:29:32,599 : INFO : EventManager : Event: ======'carousel_item_highlighted'====== Args={'carousel': 'attract', 'direction': 'forwards', 'item': 'title'}
2025-10-23 22:29:32,631 : INFO : SwitchController : <<<<<<< 's_right_flipper' inactive >>>>>>>
2025-10-23 22:29:33,131 : INFO : SwitchController : <<<<<<< 's_right_flipper' active >>>>>>>
2025-10-23 22:29:33,131 : INFO : EventManager : Event: ======'s_right_flipper_active'====== Args={}
2025-10-23 22:29:33,132 : INFO : EventManager : Event: ======'carousel_item_highlighted'====== Args={'carousel': 'attract', 'direction': 'forwards', 'item': 'credits'}
2025-10-23 22:29:33,264 : INFO : SwitchController : <<<<<<< 's_right_flipper' inactive >>>>>>>
2025-10-23 22:29:33,464 : INFO : SwitchController : <<<<<<< 's_right_flipper' active >>>>>>>
2025-10-23 22:29:33,464 : INFO : EventManager : Event: ======'s_right_flipper_active'====== Args={}
2025-10-23 22:29:33,465 : INFO : EventManager : Event: ======'carousel_item_highlighted'====== Args={'carousel': 'attract', 'direction': 'forwards', 'item': 'logo'}
2025-10-23 22:29:33,647 : INFO : SwitchController : <<<<<<< 's_right_flipper' inactive >>>>>>>
2025-10-23 22:29:33,998 : INFO : SwitchController : <<<<<<< 's_left_flipper' active >>>>>>>
2025-10-23 22:29:33,998 : INFO : EventManager : Event: ======'s_left_flipper_active'====== Args={}
2025-10-23 22:29:33,999 : INFO : EventManager : Event: ======'carousel_item_highlighted'====== Args={'carousel': 'attract', 'direction': 'backwards', 'item': 'credits'}
2025-10-23 22:29:34,181 : INFO : SwitchController : <<<<<<< 's_left_flipper' inactive >>>>>>>
2025-10-23 22:29:34,331 : INFO : SwitchController : <<<<<<< 's_left_flipper' active >>>>>>>
2025-10-23 22:29:34,331 : INFO : EventManager : Event: ======'s_left_flipper_active'====== Args={}
2025-10-23 22:29:34,332 : INFO : EventManager : Event: ======'carousel_item_highlighted'====== Args={'carousel': 'attract', 'direction': 'backwards', 'item': 'title'}
2025-10-23 22:29:34,481 : INFO : SwitchController : <<<<<<< 's_left_flipper' inactive >>>>>>>
2025-10-23 22:29:34,765 : INFO : SwitchController : <<<<<<< 's_right_flipper' active >>>>>>>
2025-10-23 22:29:34,765 : INFO : EventManager : Event: ======'s_right_flipper_active'====== Args={}
2025-10-23 22:29:34,766 : INFO : EventManager : Event: ======'carousel_item_highlighted'====== Args={'carousel': 'attract', 'direction': 'forwards', 'item': 'credits'}
2025-10-23 22:29:34,931 : INFO : SwitchController : <<<<<<< 's_right_flipper' inactive >>>>>>>
2025-10-23 22:29:35,131 : INFO : SwitchController : <<<<<<< 's_right_flipper' active >>>>>>>
2025-10-23 22:29:35,131 : INFO : EventManager : Event: ======'s_right_flipper_active'====== Args={}
2025-10-23 22:29:35,132 : INFO : EventManager : Event: ======'carousel_item_highlighted'====== Args={'carousel': 'attract', 'direction': 'forwards', 'item': 'logo'}
2025-10-23 22:29:35,248 : INFO : SwitchController : <<<<<<< 's_right_flipper' inactive >>>>>>>
2025-10-23 22:29:35,381 : INFO : SwitchController : <<<<<<< 's_right_flipper' active >>>>>>>
2025-10-23 22:29:35,381 : INFO : EventManager : Event: ======'s_right_flipper_active'====== Args={}
2025-10-23 22:29:35,382 : INFO : EventManager : Event: ======'carousel_item_highlighted'====== Args={'carousel': 'attract', 'direction': 'forwards', 'item': 'title'}
2025-10-23 22:29:35,481 : INFO : SwitchController : <<<<<<< 's_right_flipper' inactive >>>>>>>
2025-10-23 22:29:35,848 : INFO : SwitchController : <<<<<<< 's_right_flipper' active >>>>>>>
2025-10-23 22:29:35,848 : INFO : EventManager : Event: ======'s_right_flipper_active'====== Args={}
2025-10-23 22:29:35,848 : INFO : EventManager : Event: ======'carousel_item_highlighted'====== Args={'carousel': 'attract', 'direction': 'forwards', 'item': 'credits'}
2025-10-23 22:29:35,997 : INFO : SwitchController : <<<<<<< 's_right_flipper' inactive >>>>>>>
2025-10-23 22:29:36,214 : INFO : SwitchController : <<<<<<< 's_right_flipper' active >>>>>>>
2025-10-23 22:29:36,214 : INFO : EventManager : Event: ======'s_right_flipper_active'====== Args={}
2025-10-23 22:29:36,215 : INFO : EventManager : Event: ======'carousel_item_highlighted'====== Args={'carousel': 'attract', 'direction': 'forwards', 'item': 'logo'}
2025-10-23 22:29:36,414 : INFO : SwitchController : <<<<<<< 's_right_flipper' inactive >>>>>>>
2025-10-23 22:29:36,647 : INFO : SwitchController : <<<<<<< 's_right_flipper' active >>>>>>>
2025-10-23 22:29:36,647 : INFO : EventManager : Event: ======'s_right_flipper_active'====== Args={}
2025-10-23 22:29:36,648 : INFO : EventManager : Event: ======'carousel_item_highlighted'====== Args={'carousel': 'attract', 'direction': 'forwards', 'item': 'title'}
2025-10-23 22:29:36,815 : INFO : SwitchController : <<<<<<< 's_right_flipper' inactive >>>>>>>
2025-10-23 22:29:37,097 : INFO : SwitchController : <<<<<<< 's_right_flipper' active >>>>>>>
2025-10-23 22:29:37,098 : INFO : EventManager : Event: ======'s_right_flipper_active'====== Args={}
2025-10-23 22:29:37,098 : INFO : EventManager : Event: ======'carousel_item_highlighted'====== Args={'carousel': 'attract', 'direction': 'forwards', 'item': 'credits'}
2025-10-23 22:29:37,281 : INFO : SwitchController : <<<<<<< 's_right_flipper' inactive >>>>>>>
2025-10-23 22:29:37,814 : INFO : SwitchController : <<<<<<< 's_right_flipper' active >>>>>>>
2025-10-23 22:29:37,814 : INFO : EventManager : Event: ======'s_right_flipper_active'====== Args={}
2025-10-23 22:29:37,815 : INFO : EventManager : Event: ======'carousel_item_highlighted'====== Args={'carousel': 'attract', 'direction': 'forwards', 'item': 'logo'}
2025-10-23 22:29:37,964 : INFO : SwitchController : <<<<<<< 's_right_flipper' inactive >>>>>>>
2025-10-23 22:29:38,781 : INFO : SwitchController : <<<<<<< 's_right_flipper' active >>>>>>>
2025-10-23 22:29:38,781 : INFO : EventManager : Event: ======'s_right_flipper_active'====== Args={}
2025-10-23 22:29:38,782 : INFO : EventManager : Event: ======'carousel_item_highlighted'====== Args={'carousel': 'attract', 'direction': 'forwards', 'item': 'title'}
2025-10-23 22:29:38,897 : INFO : SwitchController : <<<<<<< 's_right_flipper' inactive >>>>>>>
2025-10-23 22:29:39,431 : INFO : SwitchController : <<<<<<< 's_right_flipper' active >>>>>>>
2025-10-23 22:29:39,431 : INFO : EventManager : Event: ======'s_right_flipper_active'====== Args={}
2025-10-23 22:29:39,432 : INFO : EventManager : Event: ======'carousel_item_highlighted'====== Args={'carousel': 'attract', 'direction': 'forwards', 'item': 'credits'}
2025-10-23 22:29:39,564 : INFO : SwitchController : <<<<<<< 's_right_flipper' inactive >>>>>>>
2025-10-23 22:29:40,631 : INFO : SwitchController : <<<<<<< 's_right_flipper' active >>>>>>>
2025-10-23 22:29:40,631 : INFO : EventManager : Event: ======'s_right_flipper_active'====== Args={}
2025-10-23 22:29:40,631 : INFO : EventManager : Event: ======'carousel_item_highlighted'====== Args={'carousel': 'attract', 'direction': 'forwards', 'item': 'logo'}
2025-10-23 22:29:40,764 : INFO : SwitchController : <<<<<<< 's_right_flipper' inactive >>>>>>>
2025-10-23 22:29:41,448 : INFO : SwitchController : <<<<<<< 's_right_flipper' active >>>>>>>
2025-10-23 22:29:41,448 : INFO : EventManager : Event: ======'s_right_flipper_active'====== Args={}
2025-10-23 22:29:41,448 : INFO : EventManager : Event: ======'carousel_item_highlighted'====== Args={'carousel': 'attract', 'direction': 'forwards', 'item': 'title'}
2025-10-23 22:29:41,581 : INFO : SwitchController : <<<<<<< 's_right_flipper' inactive >>>>>>>
2025-10-23 22:29:42,147 : INFO : SwitchController : <<<<<<< 's_right_flipper' active >>>>>>>
2025-10-23 22:29:42,148 : INFO : EventManager : Event: ======'s_right_flipper_active'====== Args={}
2025-10-23 22:29:42,148 : INFO : EventManager : Event: ======'carousel_item_highlighted'====== Args={'carousel': 'attract', 'direction': 'forwards', 'item': 'credits'}
2025-10-23 22:29:42,297 : INFO : SwitchController : <<<<<<< 's_right_flipper' inactive >>>>>>>
2025-10-23 22:29:42,897 : INFO : SwitchController : <<<<<<< 's_right_flipper' active >>>>>>>
2025-10-23 22:29:42,898 : INFO : EventManager : Event: ======'s_right_flipper_active'====== Args={}
2025-10-23 22:29:42,898 : INFO : EventManager : Event: ======'carousel_item_highlighted'====== Args={'carousel': 'attract', 'direction': 'forwards', 'item': 'logo'}
2025-10-23 22:29:43,048 : INFO : SwitchController : <<<<<<< 's_right_flipper' inactive >>>>>>>
2025-10-23 22:29:43,547 : INFO : SwitchController : <<<<<<< 's_right_flipper' active >>>>>>>
2025-10-23 22:29:43,548 : INFO : EventManager : Event: ======'s_right_flipper_active'====== Args={}
2025-10-23 22:29:43,548 : INFO : EventManager : Event: ======'carousel_item_highlighted'====== Args={'carousel': 'attract', 'direction': 'forwards', 'item': 'title'}
2025-10-23 22:29:43,698 : INFO : SwitchController : <<<<<<< 's_right_flipper' inactive >>>>>>>
2025-10-23 22:29:44,147 : INFO : SwitchController : <<<<<<< 's_right_flipper' active >>>>>>>
2025-10-23 22:29:44,148 : INFO : EventManager : Event: ======'s_right_flipper_active'====== Args={}
2025-10-23 22:29:44,148 : INFO : EventManager : Event: ======'carousel_item_highlighted'====== Args={'carousel': 'attract', 'direction': 'forwards', 'item': 'credits'}
2025-10-23 22:29:44,281 : INFO : SwitchController : <<<<<<< 's_right_flipper' inactive >>>>>>>
2025-10-23 22:29:45,164 : INFO : SwitchController : <<<<<<< 's_right_flipper' active >>>>>>>
2025-10-23 22:29:45,165 : INFO : EventManager : Event: ======'s_right_flipper_active'====== Args={}
2025-10-23 22:29:45,165 : INFO : EventManager : Event: ======'carousel_item_highlighted'====== Args={'carousel': 'attract', 'direction': 'forwards', 'item': 'logo'}
2025-10-23 22:29:45,331 : INFO : SwitchController : <<<<<<< 's_right_flipper' inactive >>>>>>>
2025-10-23 22:29:45,798 : INFO : SwitchController : <<<<<<< 's_right_flipper' active >>>>>>>
2025-10-23 22:29:45,798 : INFO : EventManager : Event: ======'s_right_flipper_active'====== Args={}
2025-10-23 22:29:45,799 : INFO : EventManager : Event: ======'carousel_item_highlighted'====== Args={'carousel': 'attract', 'direction': 'forwards', 'item': 'title'}
2025-10-23 22:29:45,964 : INFO : SwitchController : <<<<<<< 's_right_flipper' inactive >>>>>>>
2025-10-23 22:29:47,764 : INFO : SwitchController : <<<<<<< 's_right_flipper' active >>>>>>>
2025-10-23 22:29:47,764 : INFO : EventManager : Event: ======'s_right_flipper_active'====== Args={}
2025-10-23 22:29:47,765 : INFO : EventManager : Event: ======'carousel_item_highlighted'====== Args={'carousel': 'attract', 'direction': 'forwards', 'item': 'credits'}
2025-10-23 22:29:47,931 : INFO : SwitchController : <<<<<<< 's_right_flipper' inactive >>>>>>>
2025-10-23 22:29:49,031 : INFO : SwitchController : <<<<<<< 's_right_flipper' active >>>>>>>
2025-10-23 22:29:49,031 : INFO : EventManager : Event: ======'s_right_flipper_active'====== Args={}
2025-10-23 22:29:49,031 : INFO : EventManager : Event: ======'carousel_item_highlighted'====== Args={'carousel': 'attract', 'direction': 'forwards', 'item': 'logo'}
2025-10-23 22:29:49,181 : INFO : SwitchController : <<<<<<< 's_right_flipper' inactive >>>>>>>
2025-10-23 22:29:49,764 : INFO : SwitchController : <<<<<<< 's_right_flipper' active >>>>>>>
2025-10-23 22:29:49,765 : INFO : EventManager : Event: ======'s_right_flipper_active'====== Args={}
2025-10-23 22:29:49,765 : INFO : EventManager : Event: ======'carousel_item_highlighted'====== Args={'carousel': 'attract', 'direction': 'forwards', 'item': 'title'}
2025-10-23 22:29:49,931 : INFO : SwitchController : <<<<<<< 's_right_flipper' inactive >>>>>>>
2025-10-23 22:29:50,397 : INFO : SwitchController : <<<<<<< 's_right_flipper' active >>>>>>>
2025-10-23 22:29:50,398 : INFO : EventManager : Event: ======'s_right_flipper_active'====== Args={}
2025-10-23 22:29:50,398 : INFO : EventManager : Event: ======'carousel_item_highlighted'====== Args={'carousel': 'attract', 'direction': 'forwards', 'item': 'credits'}
2025-10-23 22:29:50,548 : INFO : SwitchController : <<<<<<< 's_right_flipper' inactive >>>>>>>
2025-10-23 22:29:55,248 : INFO : SwitchController : <<<<<<< 's_right_flipper' active >>>>>>>
2025-10-23 22:29:55,248 : INFO : EventManager : Event: ======'s_right_flipper_active'====== Args={}
2025-10-23 22:29:55,248 : INFO : EventManager : Event: ======'carousel_item_highlighted'====== Args={'carousel': 'attract', 'direction': 'forwards', 'item': 'logo'}
2025-10-23 22:29:55,397 : INFO : SwitchController : <<<<<<< 's_right_flipper' inactive >>>>>>>
2025-10-23 22:29:55,831 : INFO : SwitchController : <<<<<<< 's_right_flipper' active >>>>>>>
2025-10-23 22:29:55,831 : INFO : EventManager : Event: ======'s_right_flipper_active'====== Args={}
2025-10-23 22:29:55,831 : INFO : EventManager : Event: ======'carousel_item_highlighted'====== Args={'carousel': 'attract', 'direction': 'forwards', 'item': 'title'}
2025-10-23 22:29:55,981 : INFO : SwitchController : <<<<<<< 's_right_flipper' inactive >>>>>>>
2025-10-23 22:29:56,231 : INFO : SwitchController : <<<<<<< 's_right_flipper' active >>>>>>>
2025-10-23 22:29:56,231 : INFO : EventManager : Event: ======'s_right_flipper_active'====== Args={}
2025-10-23 22:29:56,232 : INFO : EventManager : Event: ======'carousel_item_highlighted'====== Args={'carousel': 'attract', 'direction': 'forwards', 'item': 'credits'}
2025-10-23 22:29:56,381 : INFO : SwitchController : <<<<<<< 's_right_flipper' inactive >>>>>>>
2025-10-23 22:29:56,564 : INFO : SwitchController : <<<<<<< 's_right_flipper' active >>>>>>>
2025-10-23 22:29:56,565 : INFO : EventManager : Event: ======'s_right_flipper_active'====== Args={}
2025-10-23 22:29:56,565 : INFO : EventManager : Event: ======'carousel_item_highlighted'====== Args={'carousel': 'attract', 'direction': 'forwards', 'item': 'logo'}
2025-10-23 22:29:56,664 : INFO : SwitchController : <<<<<<< 's_right_flipper' inactive >>>>>>>
2025-10-23 22:29:56,814 : INFO : SwitchController : <<<<<<< 's_right_flipper' active >>>>>>>
2025-10-23 22:29:56,814 : INFO : EventManager : Event: ======'s_right_flipper_active'====== Args={}
2025-10-23 22:29:56,814 : INFO : EventManager : Event: ======'carousel_item_highlighted'====== Args={'carousel': 'attract', 'direction': 'forwards', 'item': 'title'}
2025-10-23 22:29:56,947 : INFO : SwitchController : <<<<<<< 's_right_flipper' inactive >>>>>>>
2025-10-23 22:29:57,064 : INFO : SwitchController : <<<<<<< 's_right_flipper' active >>>>>>>
2025-10-23 22:29:57,064 : INFO : EventManager : Event: ======'s_right_flipper_active'====== Args={}
2025-10-23 22:29:57,065 : INFO : EventManager : Event: ======'carousel_item_highlighted'====== Args={'carousel': 'attract', 'direction': 'forwards', 'item': 'credits'}
2025-10-23 22:29:57,147 : INFO : SwitchController : <<<<<<< 's_right_flipper' inactive >>>>>>>
2025-10-23 22:29:57,231 : INFO : SwitchController : <<<<<<< 's_right_flipper' active >>>>>>>
2025-10-23 22:29:57,231 : INFO : EventManager : Event: ======'s_right_flipper_active'====== Args={}
2025-10-23 22:29:57,232 : INFO : EventManager : Event: ======'carousel_item_highlighted'====== Args={'carousel': 'attract', 'direction': 'forwards', 'item': 'logo'}
2025-10-23 22:29:57,348 : INFO : SwitchController : <<<<<<< 's_right_flipper' inactive >>>>>>>
2025-10-23 22:29:57,464 : INFO : SwitchController : <<<<<<< 's_right_flipper' active >>>>>>>
2025-10-23 22:29:57,465 : INFO : EventManager : Event: ======'s_right_flipper_active'====== Args={}
2025-10-23 22:29:57,465 : INFO : EventManager : Event: ======'carousel_item_highlighted'====== Args={'carousel': 'attract', 'direction': 'forwards', 'item': 'title'}
2025-10-23 22:29:57,548 : INFO : SwitchController : <<<<<<< 's_right_flipper' inactive >>>>>>>
2025-10-23 22:29:57,631 : INFO : SwitchController : <<<<<<< 's_right_flipper' active >>>>>>>
2025-10-23 22:29:57,631 : INFO : EventManager : Event: ======'s_right_flipper_active'====== Args={}
2025-10-23 22:29:57,632 : INFO : EventManager : Event: ======'carousel_item_highlighted'====== Args={'carousel': 'attract', 'direction': 'forwards', 'item': 'credits'}
2025-10-23 22:29:57,731 : INFO : SwitchController : <<<<<<< 's_right_flipper' inactive >>>>>>>
2025-10-23 22:29:57,848 : INFO : SwitchController : <<<<<<< 's_right_flipper' active >>>>>>>
2025-10-23 22:29:57,848 : INFO : EventManager : Event: ======'s_right_flipper_active'====== Args={}
2025-10-23 22:29:57,848 : INFO : EventManager : Event: ======'carousel_item_highlighted'====== Args={'carousel': 'attract', 'direction': 'forwards', 'item': 'logo'}
2025-10-23 22:29:57,931 : INFO : SwitchController : <<<<<<< 's_right_flipper' inactive >>>>>>>
2025-10-23 22:29:58,031 : INFO : SwitchController : <<<<<<< 's_right_flipper' active >>>>>>>
2025-10-23 22:29:58,031 : INFO : EventManager : Event: ======'s_right_flipper_active'====== Args={}
2025-10-23 22:29:58,031 : INFO : EventManager : Event: ======'carousel_item_highlighted'====== Args={'carousel': 'attract', 'direction': 'forwards', 'item': 'title'}
2025-10-23 22:29:58,164 : INFO : SwitchController : <<<<<<< 's_right_flipper' inactive >>>>>>>
2025-10-23 22:29:58,297 : INFO : SwitchController : <<<<<<< 's_right_flipper' active >>>>>>>
2025-10-23 22:29:58,298 : INFO : EventManager : Event: ======'s_right_flipper_active'====== Args={}
2025-10-23 22:29:58,298 : INFO : EventManager : Event: ======'carousel_item_highlighted'====== Args={'carousel': 'attract', 'direction': 'forwards', 'item': 'credits'}
2025-10-23 22:29:58,397 : INFO : SwitchController : <<<<<<< 's_right_flipper' inactive >>>>>>>
2025-10-23 22:29:58,497 : INFO : SwitchController : <<<<<<< 's_right_flipper' active >>>>>>>
2025-10-23 22:29:58,497 : INFO : EventManager : Event: ======'s_right_flipper_active'====== Args={}
2025-10-23 22:29:58,498 : INFO : EventManager : Event: ======'carousel_item_highlighted'====== Args={'carousel': 'attract', 'direction': 'forwards', 'item': 'logo'}
2025-10-23 22:29:58,631 : INFO : SwitchController : <<<<<<< 's_right_flipper' inactive >>>>>>>
2025-10-23 22:29:58,765 : INFO : SwitchController : <<<<<<< 's_right_flipper' active >>>>>>>
2025-10-23 22:29:58,765 : INFO : EventManager : Event: ======'s_right_flipper_active'====== Args={}
2025-10-23 22:29:58,765 : INFO : EventManager : Event: ======'carousel_item_highlighted'====== Args={'carousel': 'attract', 'direction': 'forwards', 'item': 'title'}
2025-10-23 22:29:58,881 : INFO : SwitchController : <<<<<<< 's_right_flipper' inactive >>>>>>>
2025-10-23 22:29:58,997 : INFO : SwitchController : <<<<<<< 's_right_flipper' active >>>>>>>
2025-10-23 22:29:58,998 : INFO : EventManager : Event: ======'s_right_flipper_active'====== Args={}
2025-10-23 22:29:58,998 : INFO : EventManager : Event: ======'carousel_item_highlighted'====== Args={'carousel': 'attract', 'direction': 'forwards', 'item': 'credits'}
2025-10-23 22:29:59,131 : INFO : SwitchController : <<<<<<< 's_right_flipper' inactive >>>>>>>
2025-10-23 22:29:59,214 : INFO : SwitchController : <<<<<<< 's_right_flipper' active >>>>>>>
2025-10-23 22:29:59,214 : INFO : EventManager : Event: ======'s_right_flipper_active'====== Args={}
2025-10-23 22:29:59,215 : INFO : EventManager : Event: ======'carousel_item_highlighted'====== Args={'carousel': 'attract', 'direction': 'forwards', 'item': 'logo'}
2025-10-23 22:29:59,381 : INFO : SwitchController : <<<<<<< 's_right_flipper' inactive >>>>>>>
2025-10-23 22:29:59,415 : INFO : SwitchController : <<<<<<< 's_right_flipper' active >>>>>>>
2025-10-23 22:29:59,415 : INFO : EventManager : Event: ======'s_right_flipper_active'====== Args={}
2025-10-23 22:29:59,416 : INFO : EventManager : Event: ======'carousel_item_highlighted'====== Args={'carousel': 'attract', 'direction': 'forwards', 'item': 'title'}
2025-10-23 22:29:59,564 : INFO : SwitchController : <<<<<<< 's_right_flipper' inactive >>>>>>>
2025-10-23 22:29:59,731 : INFO : SwitchController : <<<<<<< 's_right_flipper' active >>>>>>>
2025-10-23 22:29:59,731 : INFO : EventManager : Event: ======'s_right_flipper_active'====== Args={}
2025-10-23 22:29:59,732 : INFO : EventManager : Event: ======'carousel_item_highlighted'====== Args={'carousel': 'attract', 'direction': 'forwards', 'item': 'credits'}
2025-10-23 22:29:59,847 : INFO : SwitchController : <<<<<<< 's_right_flipper' inactive >>>>>>>
2025-10-23 22:29:59,981 : INFO : SwitchController : <<<<<<< 's_right_flipper' active >>>>>>>
2025-10-23 22:29:59,981 : INFO : EventManager : Event: ======'s_right_flipper_active'====== Args={}
2025-10-23 22:29:59,982 : INFO : EventManager : Event: ======'carousel_item_highlighted'====== Args={'carousel': 'attract', 'direction': 'forwards', 'item': 'logo'}
2025-10-23 22:30:00,131 : INFO : SwitchController : <<<<<<< 's_right_flipper' inactive >>>>>>>
2025-10-23 22:30:00,248 : INFO : SwitchController : <<<<<<< 's_right_flipper' active >>>>>>>
2025-10-23 22:30:00,248 : INFO : EventManager : Event: ======'s_right_flipper_active'====== Args={}
2025-10-23 22:30:00,249 : INFO : EventManager : Event: ======'carousel_item_highlighted'====== Args={'carousel': 'attract', 'direction': 'forwards', 'item': 'title'}
2025-10-23 22:30:00,364 : INFO : SwitchController : <<<<<<< 's_right_flipper' inactive >>>>>>>
2025-10-23 22:30:00,481 : INFO : SwitchController : <<<<<<< 's_right_flipper' active >>>>>>>
2025-10-23 22:30:00,481 : INFO : EventManager : Event: ======'s_right_flipper_active'====== Args={}
2025-10-23 22:30:00,482 : INFO : EventManager : Event: ======'carousel_item_highlighted'====== Args={'carousel': 'attract', 'direction': 'forwards', 'item': 'credits'}
2025-10-23 22:30:00,647 : INFO : SwitchController : <<<<<<< 's_right_flipper' inactive >>>>>>>
2025-10-23 22:30:01,247 : INFO : SwitchController : <<<<<<< 's_right_flipper' active >>>>>>>
2025-10-23 22:30:01,248 : INFO : EventManager : Event: ======'s_right_flipper_active'====== Args={}
2025-10-23 22:30:01,248 : INFO : EventManager : Event: ======'carousel_item_highlighted'====== Args={'carousel': 'attract', 'direction': 'forwards', 'item': 'logo'}
2025-10-23 22:30:01,414 : INFO : SwitchController : <<<<<<< 's_right_flipper' inactive >>>>>>>
2025-10-23 22:30:01,548 : INFO : SwitchController : <<<<<<< 's_right_flipper' active >>>>>>>
2025-10-23 22:30:01,548 : INFO : EventManager : Event: ======'s_right_flipper_active'====== Args={}
2025-10-23 22:30:01,548 : INFO : EventManager : Event: ======'carousel_item_highlighted'====== Args={'carousel': 'attract', 'direction': 'forwards', 'item': 'title'}
2025-10-23 22:30:01,664 : INFO : SwitchController : <<<<<<< 's_right_flipper' inactive >>>>>>>
2025-10-23 22:30:03,014 : INFO : SwitchController : <<<<<<< 's_right_flipper' active >>>>>>>
2025-10-23 22:30:03,015 : INFO : EventManager : Event: ======'s_right_flipper_active'====== Args={}
2025-10-23 22:30:03,015 : INFO : EventManager : Event: ======'carousel_item_highlighted'====== Args={'carousel': 'attract', 'direction': 'forwards', 'item': 'credits'}
2025-10-23 22:30:03,197 : INFO : SwitchController : <<<<<<< 's_right_flipper' inactive >>>>>>>
2025-10-23 22:30:03,331 : INFO : SwitchController : <<<<<<< 's_right_flipper' active >>>>>>>
2025-10-23 22:30:03,331 : INFO : EventManager : Event: ======'s_right_flipper_active'====== Args={}
2025-10-23 22:30:03,331 : INFO : EventManager : Event: ======'carousel_item_highlighted'====== Args={'carousel': 'attract', 'direction': 'forwards', 'item': 'logo'}
2025-10-23 22:30:03,497 : INFO : SwitchController : <<<<<<< 's_right_flipper' inactive >>>>>>>
2025-10-23 22:30:03,614 : INFO : SwitchController : <<<<<<< 's_right_flipper' active >>>>>>>
2025-10-23 22:30:03,614 : INFO : EventManager : Event: ======'s_right_flipper_active'====== Args={}
2025-10-23 22:30:03,615 : INFO : EventManager : Event: ======'carousel_item_highlighted'====== Args={'carousel': 'attract', 'direction': 'forwards', 'item': 'title'}
2025-10-23 22:30:03,731 : INFO : SwitchController : <<<<<<< 's_right_flipper' inactive >>>>>>>
2025-10-23 22:30:04,247 : INFO : SwitchController : <<<<<<< 's_left_flipper' active >>>>>>>
2025-10-23 22:30:04,248 : INFO : EventManager : Event: ======'s_left_flipper_active'====== Args={}
2025-10-23 22:30:04,248 : INFO : EventManager : Event: ======'carousel_item_highlighted'====== Args={'carousel': 'attract', 'direction': 'backwards', 'item': 'logo'}
2025-10-23 22:30:04,397 : INFO : SwitchController : <<<<<<< 's_left_flipper' inactive >>>>>>>
2025-10-23 22:30:04,514 : INFO : SwitchController : <<<<<<< 's_left_flipper' active >>>>>>>
2025-10-23 22:30:04,514 : INFO : EventManager : Event: ======'s_left_flipper_active'====== Args={}
2025-10-23 22:30:04,515 : INFO : EventManager : Event: ======'carousel_item_highlighted'====== Args={'carousel': 'attract', 'direction': 'backwards', 'item': 'credits'}
2025-10-23 22:30:04,647 : INFO : SwitchController : <<<<<<< 's_left_flipper' inactive >>>>>>>
2025-10-23 22:30:04,864 : INFO : SwitchController : <<<<<<< 's_left_flipper' active >>>>>>>
2025-10-23 22:30:04,865 : INFO : EventManager : Event: ======'s_left_flipper_active'====== Args={}
2025-10-23 22:30:04,865 : INFO : EventManager : Event: ======'carousel_item_highlighted'====== Args={'carousel': 'attract', 'direction': 'backwards', 'item': 'title'}
2025-10-23 22:30:05,047 : INFO : SwitchController : <<<<<<< 's_left_flipper' inactive >>>>>>>
2025-10-23 22:30:05,914 : INFO : SwitchController : <<<<<<< 's_right_flipper' active >>>>>>>
2025-10-23 22:30:05,914 : INFO : EventManager : Event: ======'s_right_flipper_active'====== Args={}
2025-10-23 22:30:05,915 : INFO : EventManager : Event: ======'carousel_item_highlighted'====== Args={'carousel': 'attract', 'direction': 'forwards', 'item': 'credits'}
2025-10-23 22:30:06,031 : INFO : SwitchController : <<<<<<< 's_right_flipper' inactive >>>>>>>
2025-10-23 22:30:06,164 : INFO : SwitchController : <<<<<<< 's_right_flipper' active >>>>>>>
2025-10-23 22:30:06,164 : INFO : EventManager : Event: ======'s_right_flipper_active'====== Args={}
2025-10-23 22:30:06,165 : INFO : EventManager : Event: ======'carousel_item_highlighted'====== Args={'carousel': 'attract', 'direction': 'forwards', 'item': 'logo'}
2025-10-23 22:30:06,281 : INFO : SwitchController : <<<<<<< 's_right_flipper' inactive >>>>>>>
2025-10-23 22:30:06,414 : INFO : SwitchController : <<<<<<< 's_right_flipper' active >>>>>>>
2025-10-23 22:30:06,414 : INFO : EventManager : Event: ======'s_right_flipper_active'====== Args={}
2025-10-23 22:30:06,415 : INFO : EventManager : Event: ======'carousel_item_highlighted'====== Args={'carousel': 'attract', 'direction': 'forwards', 'item': 'title'}
2025-10-23 22:30:06,481 : INFO : SwitchController : <<<<<<< 's_right_flipper' inactive >>>>>>>
2025-10-23 22:30:06,631 : INFO : SwitchController : <<<<<<< 's_right_flipper' active >>>>>>>
2025-10-23 22:30:06,631 : INFO : EventManager : Event: ======'s_right_flipper_active'====== Args={}
2025-10-23 22:30:06,632 : INFO : EventManager : Event: ======'carousel_item_highlighted'====== Args={'carousel': 'attract', 'direction': 'forwards', 'item': 'credits'}
2025-10-23 22:30:06,681 : INFO : SwitchController : <<<<<<< 's_right_flipper' inactive >>>>>>>
2025-10-23 22:30:06,914 : INFO : SwitchController : <<<<<<< 's_right_flipper' active >>>>>>>
2025-10-23 22:30:06,914 : INFO : EventManager : Event: ======'s_right_flipper_active'====== Args={}
2025-10-23 22:30:06,915 : INFO : EventManager : Event: ======'carousel_item_highlighted'====== Args={'carousel': 'attract', 'direction': 'forwards', 'item': 'logo'}
2025-10-23 22:30:07,081 : INFO : SwitchController : <<<<<<< 's_right_flipper' inactive >>>>>>>
2025-10-23 22:30:07,647 : INFO : SwitchController : <<<<<<< 's_right_flipper' active >>>>>>>
2025-10-23 22:30:07,648 : INFO : EventManager : Event: ======'s_right_flipper_active'====== Args={}
2025-10-23 22:30:07,648 : INFO : EventManager : Event: ======'carousel_item_highlighted'====== Args={'carousel': 'attract', 'direction': 'forwards', 'item': 'title'}
2025-10-23 22:30:07,797 : INFO : SwitchController : <<<<<<< 's_right_flipper' inactive >>>>>>>
2025-10-23 22:30:19,982 : INFO : SwitchController : <<<<<<< 's_left_flipper' active >>>>>>>
2025-10-23 22:30:19,982 : INFO : EventManager : Event: ======'s_left_flipper_active'====== Args={}
2025-10-23 22:30:19,982 : INFO : EventManager : Event: ======'carousel_item_highlighted'====== Args={'carousel': 'attract', 'direction': 'backwards', 'item': 'logo'}
2025-10-23 22:30:20,164 : INFO : SwitchController : <<<<<<< 's_left_flipper' inactive >>>>>>>
2025-10-23 22:30:20,481 : INFO : SwitchController : <<<<<<< 's_right_flipper' active >>>>>>>
2025-10-23 22:30:20,481 : INFO : EventManager : Event: ======'s_right_flipper_active'====== Args={}
2025-10-23 22:30:20,481 : INFO : EventManager : Event: ======'carousel_item_highlighted'====== Args={'carousel': 'attract', 'direction': 'forwards', 'item': 'title'}
2025-10-23 22:30:20,614 : INFO : SwitchController : <<<<<<< 's_right_flipper' inactive >>>>>>>
2025-10-23 22:30:20,764 : INFO : SwitchController : <<<<<<< 's_right_flipper' active >>>>>>>
2025-10-23 22:30:20,764 : INFO : EventManager : Event: ======'s_right_flipper_active'====== Args={}
2025-10-23 22:30:20,765 : INFO : EventManager : Event: ======'carousel_item_highlighted'====== Args={'carousel': 'attract', 'direction': 'forwards', 'item': 'credits'}
2025-10-23 22:30:20,864 : INFO : SwitchController : <<<<<<< 's_right_flipper' inactive >>>>>>>
2025-10-23 22:30:20,947 : INFO : SwitchController : <<<<<<< 's_right_flipper' active >>>>>>>
2025-10-23 22:30:20,947 : INFO : EventManager : Event: ======'s_right_flipper_active'====== Args={}
2025-10-23 22:30:20,948 : INFO : EventManager : Event: ======'carousel_item_highlighted'====== Args={'carousel': 'attract', 'direction': 'forwards', 'item': 'logo'}
2025-10-23 22:30:21,097 : INFO : SwitchController : <<<<<<< 's_right_flipper' inactive >>>>>>>
2025-10-23 22:30:21,247 : INFO : SwitchController : <<<<<<< 's_right_flipper' active >>>>>>>
2025-10-23 22:30:21,247 : INFO : EventManager : Event: ======'s_right_flipper_active'====== Args={}
2025-10-23 22:30:21,248 : INFO : EventManager : Event: ======'carousel_item_highlighted'====== Args={'carousel': 'attract', 'direction': 'forwards', 'item': 'title'}
2025-10-23 22:30:21,347 : INFO : SwitchController : <<<<<<< 's_right_flipper' inactive >>>>>>>
2025-10-23 22:30:21,497 : INFO : SwitchController : <<<<<<< 's_right_flipper' active >>>>>>>
2025-10-23 22:30:21,497 : INFO : EventManager : Event: ======'s_right_flipper_active'====== Args={}
2025-10-23 22:30:21,498 : INFO : EventManager : Event: ======'carousel_item_highlighted'====== Args={'carousel': 'attract', 'direction': 'forwards', 'item': 'credits'}
2025-10-23 22:30:21,664 : INFO : SwitchController : <<<<<<< 's_right_flipper' inactive >>>>>>>
2025-10-23 22:30:21,798 : INFO : SwitchController : <<<<<<< 's_right_flipper' active >>>>>>>
2025-10-23 22:30:21,798 : INFO : EventManager : Event: ======'s_right_flipper_active'====== Args={}
2025-10-23 22:30:21,798 : INFO : EventManager : Event: ======'carousel_item_highlighted'====== Args={'carousel': 'attract', 'direction': 'forwards', 'item': 'logo'}
2025-10-23 22:30:21,881 : INFO : SwitchController : <<<<<<< 's_right_flipper' inactive >>>>>>>
2025-10-23 22:30:22,014 : INFO : SwitchController : <<<<<<< 's_right_flipper' active >>>>>>>
2025-10-23 22:30:22,014 : INFO : EventManager : Event: ======'s_right_flipper_active'====== Args={}
2025-10-23 22:30:22,014 : INFO : EventManager : Event: ======'carousel_item_highlighted'====== Args={'carousel': 'attract', 'direction': 'forwards', 'item': 'title'}
2025-10-23 22:30:22,131 : INFO : SwitchController : <<<<<<< 's_right_flipper' inactive >>>>>>>
2025-10-23 22:30:23,697 : INFO : SwitchController : <<<<<<< 's_left_flipper' active >>>>>>>
2025-10-23 22:30:23,698 : INFO : EventManager : Event: ======'s_left_flipper_active'====== Args={}
2025-10-23 22:30:23,698 : INFO : EventManager : Event: ======'carousel_item_highlighted'====== Args={'carousel': 'attract', 'direction': 'backwards', 'item': 'logo'}
2025-10-23 22:30:23,864 : INFO : SwitchController : <<<<<<< 's_left_flipper' inactive >>>>>>>
2025-10-23 22:30:24,231 : INFO : SwitchController : <<<<<<< 's_right_flipper' active >>>>>>>
2025-10-23 22:30:24,231 : INFO : EventManager : Event: ======'s_right_flipper_active'====== Args={}
2025-10-23 22:30:24,231 : INFO : EventManager : Event: ======'carousel_item_highlighted'====== Args={'carousel': 'attract', 'direction': 'forwards', 'item': 'title'}
2025-10-23 22:30:24,347 : INFO : SwitchController : <<<<<<< 's_right_flipper' inactive >>>>>>>
2025-10-23 22:30:50,897 : INFO : SwitchController : <<<<<<< 's_start' active >>>>>>>
2025-10-23 22:30:51,014 : INFO : SwitchController : <<<<<<< 's_start' inactive >>>>>>>
2025-10-23 22:30:51,014 : INFO : EventManager : Event: ======'request_to_start_game'====== Args={}
2025-10-23 22:30:51,015 : INFO : EventManager : Event: ======'game_start'====== Args={'buttons': [], 'hold_time': 0.11677441700157942}
2025-10-23 22:30:51,015 : INFO : EventManager : Event: ======'mode_game_will_start'====== Args={'buttons': [], 'hold_time': 0.11677441700157942}
2025-10-23 22:30:51,016 : INFO : EventManager : Event: ======'mode_game_starting'====== Args={'buttons': [], 'hold_time': 0.11677441700157942}
2025-10-23 22:30:51,017 : INFO : EventManager : Event: ======'mode_attract_will_stop'====== Args={}
2025-10-23 22:30:51,017 : INFO : EventManager : Event: ======'mode_attract_stopping'====== Args={}
2025-10-23 22:30:51,017 : INFO : Mode.attract : Stopped.
2025-10-23 22:30:51,017 : INFO : EventManager : Event: ======'modes_active_modes_changed'====== Args={}
2025-10-23 22:30:51,018 : INFO : EventManager : Event: ======'mode_attract_stopped'====== Args={}
2025-10-23 22:30:51,018 : INFO : EventManager : Event: ======'clear'====== Args={'key': 'attract'}
2025-10-23 22:30:51,018 : INFO : Timer.attract_carousel_timer : Stopping Timer
2025-10-23 22:30:51,018 : INFO : EventManager : Event: ======'timer_attract_carousel_timer_stopped'====== Args={'ticks': 1, 'ticks_remaining': 1}
2025-10-23 22:30:51,018 : INFO : Mode.game : Started. Priority: 20
2025-10-23 22:30:51,018 : INFO : EventManager : Event: ======'modes_active_modes_changed'====== Args={}
2025-10-23 22:30:51,018 : INFO : EventManager : Event: ======'mode_game_started'====== Args={'buttons': [], 'hold_time': 0.11677441700157942}
2025-10-23 22:30:51,020 : INFO : EventManager : Event: ======'game_will_start'====== Args={}
2025-10-23 22:30:51,020 : INFO : EventManager : Event: ======'game_starting'====== Args={'game': <Mode.game>}
2025-10-23 22:30:51,021 : INFO : EventManager : Unordered handler for class <Auditor> on event game_ended with priority 1. Handlers: [RegisteredHandler(callback=<bound method Auditor.disable of <Auditor>>, priority=1, kwargs={}, key=UUID('0cb8b8a8-7b76-430e-8c0d-1bba1f73b78c'), condition=None, blocking_facility=None), RegisteredHandler(callback=<bound method Auditor._save_audits of <Auditor>>, priority=1, kwargs={}, key=UUID('12c59b82-d78b-4efc-83ce-daf3fcfb728f'), condition=None, blocking_facility=None)]. The order of those handlers is not defined and they will be executed in random order. This might lead to race conditions and potential bugs.
2025-10-23 22:30:51,021 : INFO : EventManager : Event: ======'player_add_request'====== Args={}
2025-10-23 22:30:51,022 : INFO : EventManager : Event: ======'player_will_add'====== Args={'number': 1}
2025-10-23 22:30:51,022 : INFO : EventManager : Event: ======'player_adding'====== Args={'player': <Player 1>, 'number': 1}
2025-10-23 22:30:51,022 : INFO : EventManager : Event: ======'player_added'====== Args={'player': <Player 1>, 'num': 1}
2025-10-23 22:30:51,022 : INFO : Mode.game : Player added successfully. Total players: 1
2025-10-23 22:30:51,022 : INFO : EventManager : Event: ======'player_index'====== Args={'value': 0, 'prev_value': 0, 'change': 0, 'player_num': 1}
2025-10-23 22:30:51,023 : INFO : EventManager : Event: ======'player_number'====== Args={'value': 1, 'prev_value': 1, 'change': 0, 'player_num': 1}
2025-10-23 22:30:51,023 : INFO : EventManager : Event: ======'player_score'====== Args={'value': 0, 'prev_value': 0, 'change': 0, 'player_num': 1}
2025-10-23 22:30:51,023 : INFO : EventManager : Event: ======'game_started'====== Args={}
2025-10-23 22:30:51,024 : INFO : EventManager : Event: ======'player_turn_will_start'====== Args={'player': <Player 1>, 'number': 1}
2025-10-23 22:30:51,024 : INFO : EventManager : Event: ======'player_turn_starting'====== Args={'player': <Player 1>, 'number': 1}
2025-10-23 22:30:51,031 : INFO : EventManager : Event: ======'player_ball'====== Args={'value': 1, 'prev_value': 0, 'change': 1, 'player_num': 1}
2025-10-23 22:30:51,032 : INFO : EventManager : Event: ======'player_turn_started'====== Args={'player': <Player 1>, 'number': 1}
2025-10-23 22:30:51,033 : INFO : EventManager : Event: ======'ball_will_start'====== Args={'player': 1, 'ball': 1, 'balls_remaining': 2, 'is_extra_ball': False}
2025-10-23 22:30:51,033 : INFO : EventManager : Event: ======'ball_starting'====== Args={'player': 1, 'ball': 1, 'balls_remaining': 2, 'is_extra_ball': False}
2025-10-23 22:30:51,033 : INFO : EventManager : Event: ======'mode_base_will_start'====== Args={'queue': <QueuedEvent>, 'player': 1, 'ball': 1, 'balls_remaining': 2, 'is_extra_ball': False}
2025-10-23 22:30:51,034 : INFO : EventManager : Event: ======'mode_base_starting'====== Args={'queue': <QueuedEvent>, 'player': 1, 'ball': 1, 'balls_remaining': 2, 'is_extra_ball': False}
2025-10-23 22:30:51,034 : INFO : Mode.base : Started. Priority: 100
2025-10-23 22:30:51,034 : INFO : EventManager : Event: ======'modes_active_modes_changed'====== Args={}
2025-10-23 22:30:51,034 : INFO : EventManager : Event: ======'mode_base_started'====== Args={'queue': <QueuedEvent>, 'player': 1, 'ball': 1, 'balls_remaining': 2, 'is_extra_ball': False}
2025-10-23 22:30:51,034 : INFO : EventManager : Event: ======'start_mode_bumpers'====== Args={'priority': 0}
2025-10-23 22:30:51,035 : INFO : EventManager : Event: ======'mode_bumpers_will_start'====== Args={'priority': 0}
2025-10-23 22:30:51,035 : INFO : EventManager : Event: ======'player_shot_bumper1_enabled'====== Args={'value': True, 'prev_value': 0, 'change': 1, 'player_num': 1}
2025-10-23 22:30:51,035 : INFO : EventManager : Event: ======'player_shot_bumper2_enabled'====== Args={'value': True, 'prev_value': 0, 'change': 1, 'player_num': 1}
2025-10-23 22:30:51,036 : INFO : EventManager : Event: ======'player_shot_bumper3_enabled'====== Args={'value': True, 'prev_value': 0, 'change': 1, 'player_num': 1}
2025-10-23 22:30:51,036 : INFO : EventManager : Event: ======'bumpers_complete'====== Args={'state': 'unlit'}
2025-10-23 22:30:51,036 : INFO : EventManager : Event: ======'bumpers_unlit_complete'====== Args={}
2025-10-23 22:30:51,036 : INFO : EventManager : Event: ======'mode_bumpers_starting'====== Args={'priority': 0}
2025-10-23 22:30:51,037 : INFO : Mode.bumpers : Started. Priority: 200
2025-10-23 22:30:51,037 : INFO : EventManager : Event: ======'modes_active_modes_changed'====== Args={}
2025-10-23 22:30:51,037 : INFO : EventManager : Event: ======'mode_bumpers_started'====== Args={'priority': 0}
2025-10-23 22:30:51,037 : INFO : EventManager : Event: ======'balls_in_play'====== Args={'balls': 1}
2025-10-23 22:30:51,037 : INFO : EventManager : Event: ======'ball_started'====== Args={'player': 1, 'ball': 1, 'balls_remaining': 2, 'is_extra_ball': False}
2025-10-23 22:30:51,037 : INFO : EventManager : Event: ======'single_player_ball_started'====== Args={}
2025-10-23 22:30:51,038 : INFO : EventManager : Event: ======'ball_start_target'====== Args={'target': 'playfield'}
2025-10-23 22:30:51,038 : INFO : ball_device.bd_trough : Setting up player-controlled eject. Balls: 1, Target: <playfield.playfield>, player_controlled_eject_event: None
2025-10-23 22:30:51,038 : INFO : ball_device.bd_trough : Adding 1 ball(s) to the eject_queue with target <playfield.playfield>.
2025-10-23 22:30:51,038 : INFO : EventManager : Event: ======'balldevice_balls_available'====== Args={}
2025-10-23 22:30:51,039 : INFO : ball_device.bd_trough : State: waiting_for_target_ready
2025-10-23 22:30:51,039 : INFO : EventManager : Event: ======'balldevice_bd_trough_ball_eject_attempt'====== Args={'balls': 1, 'target': <ball_device.bd_plunger>, 'source': <ball_device.bd_trough>, 'mechanical_eject': False, 'num_attempts': 0}
2025-10-23 22:30:51,039 : INFO : ball_device.bd_plunger : State: waiting_for_ball
2025-10-23 22:30:51,039 : INFO : ball_device.bd_trough : State: ejecting
2025-10-23 22:30:51,039 : INFO : ball_device.bd_trough : Ejecting ball to <ball_device.bd_plunger>
2025-10-23 22:30:51,039 : INFO : EventManager : Event: ======'balldevice_bd_trough_ejecting_ball'====== Args={'balls': 1, 'target': <ball_device.bd_plunger>, 'source': <ball_device.bd_trough>, 'mechanical_eject': False, 'num_attempts': 0}
2025-10-23 22:30:51,040 : INFO : ball_device.bd_trough : Wait for ball to leave device
2025-10-23 22:30:51,040 : INFO : coil.c_trough_eject : Pulsing Driver for 20ms (1.0 pulse_power)
2025-10-23 22:30:51,040 : INFO : SwitchController : <<<<<<< 's_trough1' inactive >>>>>>>
2025-10-23 22:30:51,040 : INFO : ball_device.bd_trough : State: ball_left
2025-10-23 22:30:51,040 : INFO : ball_device.bd_trough : Ball left
2025-10-23 22:30:51,040 : INFO : ball_device.bd_trough : Wait for confirm with timeout 3.0
2025-10-23 22:30:51,083 : INFO : EventManager : Event: ======'slide_base_slide_created'====== Args={'_from_bcp': True}
2025-10-23 22:30:51,084 : INFO : EventManager : Event: ======'slide_attract_inactive'====== Args={'is_removing': True, '_from_bcp': True}
2025-10-23 22:30:51,084 : INFO : EventManager : Event: ======'slide_base_slide_active'====== Args={'original_context': 'base', 'original_calling_context': 'mode_base_started', 'priority': 100.0, 'queue': '<QueuedEvent>', 'player': 1.0, 'ball': 1.0, 'balls_remaining': 2.0, 'is_extra_ball': False, 'cmd': 'slides_play', '_from_bcp': True}
2025-10-23 22:30:51,086 : INFO : EventManager : Event: ======'slide_attract_removed'====== Args={'_from_bcp': True}
2025-10-23 22:30:51,141 : INFO : SwitchController : <<<<<<< 's_plunger_lane' active >>>>>>>
2025-10-23 22:30:51,142 : INFO : EventManager : Event: ======'machine_var_audits_switches_s_plunger_lane'====== Args={'value': 52, 'prev_value': 51, 'change': 1}
2025-10-23 22:30:51,642 : INFO : ball_device.bd_plunger : Received ball from <ball_device.bd_trough>
2025-10-23 22:30:51,642 : INFO : EventManager : Event: ======'balldevice_bd_plunger_ball_enter'====== Args={'new_balls': 1, 'unclaimed_balls': 0, 'new_available_balls': 0, 'device': <ball_device.bd_plunger>}
2025-10-23 22:30:51,643 : INFO : EventManager : Event: ======'balldevice_bd_plunger_ball_entered'====== Args={'new_balls': 0, 'device': <ball_device.bd_plunger>}
2025-10-23 22:30:51,643 : INFO : EventManager : Event: ======'balldevice_bd_plunger_ball_count_changed'====== Args={'balls': 1}
2025-10-23 22:30:51,643 : INFO : ball_device.bd_trough : Got eject confirm
2025-10-23 22:30:51,643 : INFO : ball_device.bd_trough : Eject successful
2025-10-23 22:30:51,643 : INFO : EventManager : Event: ======'balldevice_bd_trough_ball_eject_success'====== Args={'balls': 1, 'target': <ball_device.bd_plunger>}
2025-10-23 22:30:51,643 : INFO : ball_device.bd_plunger : State: waiting_for_target_ready
2025-10-23 22:30:51,643 : INFO : EventManager : Event: ======'balldevice_bd_plunger_ball_eject_attempt'====== Args={'balls': 1, 'target': <playfield.playfield>, 'source': <ball_device.bd_plunger>, 'mechanical_eject': False, 'num_attempts': 0}
2025-10-23 22:30:51,643 : INFO : EventManager : Event: ======'balldevice_bd_trough_ball_count_changed'====== Args={'balls': 3}
2025-10-23 22:30:51,644 : INFO : ball_device.bd_trough : State: idle
2025-10-23 22:30:51,644 : INFO : ball_device.bd_plunger : State: ejecting
2025-10-23 22:30:51,644 : INFO : ball_device.bd_plunger : Ejecting ball to <playfield.playfield>
2025-10-23 22:30:51,644 : INFO : EventManager : Event: ======'balldevice_bd_plunger_ejecting_ball'====== Args={'balls': 1, 'target': <playfield.playfield>, 'source': <ball_device.bd_plunger>, 'mechanical_eject': False, 'num_attempts': 0}
2025-10-23 22:30:51,644 : INFO : ball_device.bd_plunger : Wait for ball to leave device
2025-10-23 22:30:51,644 : INFO : coil.c_plunger : Pulsing Driver for 20ms (1.0 pulse_power)
2025-10-23 22:30:51,644 : INFO : SwitchController : <<<<<<< 's_plunger_lane' inactive >>>>>>>
2025-10-23 22:30:51,645 : INFO : ball_device.bd_plunger : State: ball_left
2025-10-23 22:30:51,645 : INFO : ball_device.bd_plunger : Ball left
2025-10-23 22:30:51,645 : INFO : ball_device.bd_plunger : Wait for confirm with timeout 3.0
2025-10-23 22:30:54,647 : INFO : ball_device.bd_plunger : State: failed_confirm
2025-10-23 22:30:54,647 : INFO : ball_device.bd_plunger : Got timeout (3.0s) before confirm from <playfield.playfield>
2025-10-23 22:30:54,748 : INFO : ball_device.bd_plunger : Confirming eject because target is playfield and ball did not return.
2025-10-23 22:30:54,749 : INFO : ball_device.bd_plunger : Eject successful
2025-10-23 22:30:54,749 : INFO : EventManager : Event: ======'balldevice_bd_plunger_ball_eject_success'====== Args={'balls': 1, 'target': <playfield.playfield>}
2025-10-23 22:30:54,749 : INFO : EventManager : Event: ======'balldevice_playfield_ball_enter'====== Args={'new_balls': 1, 'unclaimed_balls': 1, 'device': <playfield.playfield>}
2025-10-23 22:30:54,749 : INFO : EventManager : Event: ======'playfield_ball_count_change'====== Args={'balls': 1, 'change': 1}
2025-10-23 22:30:54,750 : INFO : EventManager : Event: ======'balldevice_bd_plunger_ball_count_changed'====== Args={'balls': 0}
2025-10-23 22:30:54,750 : INFO : ball_device.bd_plunger : State: idle
2025-10-23 22:30:59,430 : INFO : SwitchController : <<<<<<< 's_start' active >>>>>>>
2025-10-23 22:30:59,431 : INFO : EventManager : Event: ======'sw_start'====== Args={}
2025-10-23 22:30:59,431 : INFO : EventManager : Event: ======'machine_var_audits_switches_s_start'====== Args={'value': 154, 'prev_value': 153, 'change': 1}
2025-10-23 22:30:59,432 : INFO : EventManager : Event: ======'player_add_request'====== Args={}
2025-10-23 22:30:59,432 : INFO : EventManager : Event: ======'player_will_add'====== Args={'number': 2}
2025-10-23 22:30:59,432 : INFO : EventManager : Event: ======'player_adding'====== Args={'player': <Player 2>, 'number': 2}
2025-10-23 22:30:59,432 : INFO : EventManager : Event: ======'player_added'====== Args={'player': <Player 2>, 'num': 2}
2025-10-23 22:30:59,432 : INFO : Mode.game : Player added successfully. Total players: 2
2025-10-23 22:30:59,432 : INFO : EventManager : Event: ======'multiplayer_game'====== Args={}
2025-10-23 22:30:59,433 : INFO : EventManager : Event: ======'player_index'====== Args={'value': 1, 'prev_value': 1, 'change': 0, 'player_num': 2}
2025-10-23 22:30:59,433 : INFO : EventManager : Event: ======'player_number'====== Args={'value': 2, 'prev_value': 2, 'change': 0, 'player_num': 2}
2025-10-23 22:30:59,439 : INFO : EventManager : Event: ======'player_score'====== Args={'value': 0, 'prev_value': 0, 'change': 0, 'player_num': 2}
2025-10-23 22:30:59,530 : INFO : SwitchController : <<<<<<< 's_start' inactive >>>>>>>
2025-10-23 22:30:59,714 : INFO : SwitchController : <<<<<<< 's_start' active >>>>>>>
2025-10-23 22:30:59,714 : INFO : EventManager : Event: ======'sw_start'====== Args={}
2025-10-23 22:30:59,714 : INFO : EventManager : Event: ======'machine_var_audits_switches_s_start'====== Args={'value': 155, 'prev_value': 154, 'change': 1}
2025-10-23 22:30:59,715 : INFO : EventManager : Event: ======'player_add_request'====== Args={}
2025-10-23 22:30:59,715 : INFO : EventManager : Event: ======'player_will_add'====== Args={'number': 3}
2025-10-23 22:30:59,715 : INFO : EventManager : Event: ======'player_adding'====== Args={'player': <Player 3>, 'number': 3}
2025-10-23 22:30:59,715 : INFO : EventManager : Event: ======'player_added'====== Args={'player': <Player 3>, 'num': 3}
2025-10-23 22:30:59,715 : INFO : Mode.game : Player added successfully. Total players: 3
2025-10-23 22:30:59,716 : INFO : EventManager : Event: ======'player_index'====== Args={'value': 2, 'prev_value': 2, 'change': 0, 'player_num': 3}
2025-10-23 22:30:59,716 : INFO : EventManager : Event: ======'player_number'====== Args={'value': 3, 'prev_value': 3, 'change': 0, 'player_num': 3}
2025-10-23 22:30:59,717 : INFO : EventManager : Event: ======'player_score'====== Args={'value': 0, 'prev_value': 0, 'change': 0, 'player_num': 3}
2025-10-23 22:30:59,830 : INFO : SwitchController : <<<<<<< 's_start' inactive >>>>>>>
2025-10-23 22:30:59,930 : INFO : SwitchController : <<<<<<< 's_start' active >>>>>>>
2025-10-23 22:30:59,931 : INFO : EventManager : Event: ======'sw_start'====== Args={}
2025-10-23 22:30:59,931 : INFO : EventManager : Event: ======'machine_var_audits_switches_s_start'====== Args={'value': 156, 'prev_value': 155, 'change': 1}
2025-10-23 22:30:59,931 : INFO : EventManager : Event: ======'player_add_request'====== Args={}
2025-10-23 22:30:59,932 : INFO : EventManager : Event: ======'player_will_add'====== Args={'number': 4}
2025-10-23 22:30:59,932 : INFO : EventManager : Event: ======'player_adding'====== Args={'player': <Player 4>, 'number': 4}
2025-10-23 22:30:59,932 : INFO : EventManager : Event: ======'player_added'====== Args={'player': <Player 4>, 'num': 4}
2025-10-23 22:30:59,932 : INFO : Mode.game : Player added successfully. Total players: 4
2025-10-23 22:30:59,932 : INFO : EventManager : Event: ======'player_index'====== Args={'value': 3, 'prev_value': 3, 'change': 0, 'player_num': 4}
2025-10-23 22:30:59,933 : INFO : EventManager : Event: ======'player_number'====== Args={'value': 4, 'prev_value': 4, 'change': 0, 'player_num': 4}
2025-10-23 22:30:59,933 : INFO : EventManager : Event: ======'player_score'====== Args={'value': 0, 'prev_value': 0, 'change': 0, 'player_num': 4}
2025-10-23 22:31:00,014 : INFO : SwitchController : <<<<<<< 's_start' inactive >>>>>>>
2025-10-23 22:31:03,606 : INFO : Machine : Shutting down...
2025-10-23 22:31:03,606 : INFO : EventManager : Event: ======'shutdown'====== Args={}
2025-10-23 22:31:03,607 : INFO : EventManager : Event: ======'mode_game_will_stop'====== Args={}
2025-10-23 22:31:03,607 : INFO : EventManager : Event: ======'mode_game_stopping'====== Args={}
2025-10-23 22:31:03,608 : INFO : EventManager : Event: ======'mode_base_will_stop'====== Args={}
2025-10-23 22:31:03,608 : INFO : EventManager : Event: ======'mode_base_stopping'====== Args={}
2025-10-23 22:31:03,608 : INFO : EventManager : Event: ======'mode_bumpers_will_stop'====== Args={}
2025-10-23 22:31:03,608 : INFO : EventManager : Event: ======'mode_bumpers_stopping'====== Args={}
2025-10-23 22:31:03,609 : INFO : EventManager : Event: ======'stop_mode_bumpers'====== Args={'priority': 0}
2025-10-23 22:31:03,609 : INFO : Mode.bumpers : Stopped.
2025-10-23 22:31:03,609 : INFO : EventManager : Event: ======'modes_active_modes_changed'====== Args={}
2025-10-23 22:31:03,609 : INFO : EventManager : Event: ======'mode_bumpers_stopped'====== Args={}
2025-10-23 22:31:03,609 : INFO : EventManager : Event: ======'clear'====== Args={'key': 'bumpers'}
2025-10-23 22:31:03,610 : INFO : Mode.base : Stopped.
2025-10-23 22:31:03,610 : INFO : EventManager : Event: ======'modes_active_modes_changed'====== Args={}
2025-10-23 22:31:03,610 : INFO : EventManager : Event: ======'mode_base_stopped'====== Args={}
2025-10-23 22:31:03,610 : INFO : EventManager : Event: ======'clear'====== Args={'key': 'base'}
2025-10-23 22:31:03,611 : INFO : Mode.game : Stopped.
2025-10-23 22:31:03,611 : INFO : EventManager : Event: ======'modes_active_modes_changed'====== Args={}
2025-10-23 22:31:03,611 : INFO : EventManager : Event: ======'mode_game_stopped'====== Args={}
2025-10-23 22:31:03,611 : INFO : EventManager : Event: ======'clear'====== Args={'key': 'game'}
2025-10-23 22:31:03,612 : INFO : root : MPF run loop ended.
