2025-11-15 22:36:30,150 : INFO : root : Loading config.
2025-11-15 22:36:30,151 : INFO : YamlMultifileConfigLoader : Machine config file #1: config.yaml
2025-11-15 22:36:30,151 : INFO : ConfigProcessor : Loading config from cache: /var/folders/m3/0d4y64_n3fn8tnkv3ydlhztw0000gn/T/5ca32a6c950d03116abbed96ca44d372.mpf_cache
2025-11-15 22:36:30,164 : INFO : ConfigProcessor : Loading config from cache: /var/folders/m3/0d4y64_n3fn8tnkv3ydlhztw0000gn/T/01c495fa7450a81b4be96cb699872531.mpf_cache
2025-11-15 22:36:30,164 : INFO : ConfigProcessor : Loading config from cache: /var/folders/m3/0d4y64_n3fn8tnkv3ydlhztw0000gn/T/bfde29b5bb803376b0637bb8f0da27a7.mpf_cache
2025-11-15 22:36:30,164 : INFO : ConfigProcessor : Loading config from cache: /var/folders/m3/0d4y64_n3fn8tnkv3ydlhztw0000gn/T/01c495fa7450a81b4be96cb699872531.mpf_cache
2025-11-15 22:36:30,164 : WARNING : ConfigProcessor : Config file in cache changed: /Users/didiergilbin/Desktop/Homebrew_CSI/modes/base/config/base.yaml
2025-11-15 22:36:30,164 : INFO : ConfigProcessor : Loading config from file /Users/didiergilbin/Desktop/Homebrew_CSI/modes/base/config/base.yaml.
2025-11-15 22:36:30,166 : INFO : ConfigProcessor : Loading config: /Users/didiergilbin/Desktop/Homebrew_CSI/modes/base/config/base.yaml
2025-11-15 22:36:30,166 : INFO : ConfigProcessor : Config file cache created: /var/folders/m3/0d4y64_n3fn8tnkv3ydlhztw0000gn/T/3ae89e09515ff8d8b11d68f672b2cc51.mpf_cache
2025-11-15 22:36:30,166 : INFO : ConfigProcessor : Loading config from cache: /var/folders/m3/0d4y64_n3fn8tnkv3ydlhztw0000gn/T/b96d5c0baa304abadecf96d33832535c.mpf_cache
2025-11-15 22:36:30,166 : INFO : ConfigProcessor : Loading config from cache: /var/folders/m3/0d4y64_n3fn8tnkv3ydlhztw0000gn/T/4c420229fa75118c2461cfc9ff5a44e2.mpf_cache
2025-11-15 22:36:30,166 : INFO : ConfigProcessor : Loading config from cache: /var/folders/m3/0d4y64_n3fn8tnkv3ydlhztw0000gn/T/f5ee6852f1764324c8553249cc53c871.mpf_cache
2025-11-15 22:36:30,167 : WARNING : ConfigProcessor : Config file in cache changed: /Users/didiergilbin/Desktop/Homebrew_CSI/modes/skull/config/skull.yaml
2025-11-15 22:36:30,167 : INFO : ConfigProcessor : Loading config from file /Users/didiergilbin/Desktop/Homebrew_CSI/modes/skull/config/skull.yaml.
2025-11-15 22:36:30,170 : INFO : ConfigProcessor : Loading config: /Users/didiergilbin/Desktop/Homebrew_CSI/modes/skull/config/skull.yaml
2025-11-15 22:36:30,170 : INFO : ConfigProcessor : Config file cache created: /var/folders/m3/0d4y64_n3fn8tnkv3ydlhztw0000gn/T/73ac54cb7a83dfa5473900e439743a84.mpf_cache
2025-11-15 22:36:30,170 : INFO : ConfigProcessor : Loading config from cache: /var/folders/m3/0d4y64_n3fn8tnkv3ydlhztw0000gn/T/7c5f2517df41a83e1a0c76653d0588fe.mpf_cache
2025-11-15 22:36:30,170 : INFO : ConfigProcessor : Loading config from cache: /var/folders/m3/0d4y64_n3fn8tnkv3ydlhztw0000gn/T/423d2ecbb461580bfe7f1bd97652966d.mpf_cache
2025-11-15 22:36:30,170 : INFO : ConfigProcessor : Loading config from cache: /var/folders/m3/0d4y64_n3fn8tnkv3ydlhztw0000gn/T/1f0b1ad0dd5cd02d88dff9692bd4bb0b.mpf_cache
2025-11-15 22:36:30,170 : INFO : ConfigProcessor : Loading config from cache: /var/folders/m3/0d4y64_n3fn8tnkv3ydlhztw0000gn/T/01554cb25ad741394ae1fcbc8da01619.mpf_cache
2025-11-15 22:36:30,170 : INFO : ConfigProcessor : Loading config from cache: /var/folders/m3/0d4y64_n3fn8tnkv3ydlhztw0000gn/T/97c87487bc6ae826da86d36a6e042c78.mpf_cache
2025-11-15 22:36:30,170 : INFO : Machine : Mission Pinball Framework Core Engine v0.80.0.dev10
2025-11-15 22:36:30,170 : INFO : Machine : Command line arguments: {'no_load_cache': False, 'create_config_cache': True, 'bcp': True, 'configfile': ['config.yaml'], 'force_assets_load': False, 'platform_integration_test': False, 'jsonlogging': False, 'logfile': 'logs/2025-11-15-22-36-30-mpf-mac.home.log', 'pause': False, 'production': False, 'text_ui': False, 'loglevel': 15, 'consoleloglevel': 20, 'force_platform': 'smart_virtual', 'syslog_address': None, 'full_logfile_path': '/Users/didiergilbin/Desktop/Homebrew_CSI/logs/2025-11-15-22-36-30-mpf-mac.home.log'}
2025-11-15 22:36:30,170 : INFO : Machine : MPF path: /Users/didiergilbin/mpfenv/lib/python3.13/site-packages/mpf
2025-11-15 22:36:30,170 : INFO : Machine : Machine path: /Users/didiergilbin/Desktop/Homebrew_CSI
2025-11-15 22:36:30,170 : INFO : Machine : Platform: darwin
2025-11-15 22:36:30,170 : INFO : Machine : Python executable location: /Users/didiergilbin/mpfenv/bin/python3.13
2025-11-15 22:36:30,170 : INFO : Machine : Python version: 3.13.7 (64-bit)
2025-11-15 22:36:30,171 : INFO : Machine : Initializing MPF...
2025-11-15 22:36:30,184 : INFO : EventManager : Event: ======'machine_var_credits_string'====== Args={'value': 'FREE PLAY', 'prev_value': None, 'change': True}
2025-11-15 22:36:30,187 : INFO : EventManager : Event: ======'machine_var_master_volume'====== Args={'value': 0.5, 'prev_value': None, 'change': True}
2025-11-15 22:36:30,187 : INFO : EventManager : Event: ======'machine_var_player1_score'====== Args={'value': 368000, 'prev_value': None, 'change': True}
2025-11-15 22:36:30,187 : INFO : EventManager : Event: ======'machine_var_player2_score'====== Args={'value': 24000, 'prev_value': None, 'change': True}
2025-11-15 22:36:30,187 : INFO : EventManager : Event: ======'machine_var_player3_score'====== Args={'value': 21000, 'prev_value': None, 'change': True}
2025-11-15 22:36:30,188 : INFO : EventManager : Event: ======'machine_var_player4_score'====== Args={'value': 0, 'prev_value': None, 'change': True}
2025-11-15 22:36:30,188 : INFO : EventManager : Event: ======'machine_var_mpf_version'====== Args={'value': 'Mission Pinball Framework v0.80.0.dev10', 'prev_value': None, 'change': True}
2025-11-15 22:36:30,188 : INFO : EventManager : Event: ======'machine_var_mpf_extended_version'====== Args={'value': 'Mission Pinball Framework v0.80.0.dev10, Config version:6, Show version: 6, BCP version:1.1', 'prev_value': None, 'change': True}
2025-11-15 22:36:30,188 : INFO : EventManager : Event: ======'machine_var_python_version'====== Args={'value': '3.13.7', 'prev_value': None, 'change': True}
2025-11-15 22:36:30,194 : INFO : EventManager : Event: ======'machine_var_platform'====== Args={'value': 'macOS-15.6.1-arm64-arm-64bit-Mach-O', 'prev_value': None, 'change': True}
2025-11-15 22:36:30,194 : INFO : EventManager : Event: ======'machine_var_platform_system'====== Args={'value': 'Darwin', 'prev_value': None, 'change': True}
2025-11-15 22:36:30,194 : INFO : EventManager : Event: ======'machine_var_platform_release'====== Args={'value': '24.6.0', 'prev_value': None, 'change': True}
2025-11-15 22:36:30,194 : INFO : EventManager : Event: ======'machine_var_platform_version'====== Args={'value': 'Darwin Kernel Version 24.6.0: Mon Jul 14 11:30:40 PDT 2025; root:xnu-11417.140.69~1/RELEASE_ARM64_T8132', 'prev_value': None, 'change': True}
2025-11-15 22:36:30,194 : INFO : EventManager : Event: ======'machine_var_platform_machine'====== Args={'value': 'arm64', 'prev_value': None, 'change': True}
2025-11-15 22:36:30,194 : INFO : EventManager : Event: ======'machine_var_log_file_path'====== Args={'value': '/Users/didiergilbin/Desktop/Homebrew_CSI/logs/2025-11-15-22-36-30-mpf-mac.home.log', 'prev_value': None, 'change': True}
2025-11-15 22:36:30,194 : INFO : EventManager : Event: ======'init_phase_1'====== Args={}
2025-11-15 22:36:30,203 : INFO : EventManager : Event: ======'init_phase_2'====== Args={}
2025-11-15 22:36:30,203 : INFO : SwitchController : Found active switch: ('2', <Platform.SmartVirtual>) <switch.s_trough1>
2025-11-15 22:36:30,203 : INFO : SwitchController : Found active switch: ('3', <Platform.SmartVirtual>) <switch.s_trough2>
2025-11-15 22:36:30,203 : INFO : SwitchController : Found active switch: ('4', <Platform.SmartVirtual>) <switch.s_trough3>
2025-11-15 22:36:30,203 : INFO : SwitchController : Found active switch: ('5', <Platform.SmartVirtual>) <switch.s_trough4>
2025-11-15 22:36:30,205 : INFO : EventManager : Event: ======'bcp_connection_attempt'====== Args={'name': 'local_display', 'host': 'localhost', 'port': 5050}
2025-11-15 22:36:30,205 : INFO : BCPClientSocket : Connecting BCP to 'local_display' at localhost:5050...
2025-11-15 22:36:30,207 : INFO : BCPClientSocket : Connected BCP to 'local_display' localhost:5050
2025-11-15 22:36:30,207 : INFO : EventManager : Event: ======'bcp_clients_connected'====== Args={}
2025-11-15 22:36:30,208 : INFO : ball_device.bd_drain : BCH: Initial count: 0
2025-11-15 22:36:30,208 : INFO : ball_device.bd_drain : State: idle
2025-11-15 22:36:30,208 : INFO : ball_device.bd_trough : BCH: Initial count: 4
2025-11-15 22:36:30,208 : INFO : ball_device.bd_trough : State: idle
2025-11-15 22:36:30,208 : INFO : ball_device.bd_plunger : BCH: Initial count: 0
2025-11-15 22:36:30,208 : INFO : ball_device.bd_plunger : State: idle
2025-11-15 22:36:30,212 : INFO : EventManager : Event: ======'init_phase_3'====== Args={}
2025-11-15 22:36:30,213 : INFO : EventManager : Event: ======'init_phase_4'====== Args={}
2025-11-15 22:36:30,213 : INFO : BallController : Initial balls found: 4
2025-11-15 22:36:30,213 : INFO : EventManager : Event: ======'machine_var_audits_events_game_ended'====== Args={'value': 54, 'prev_value': None, 'change': True}
2025-11-15 22:36:30,213 : INFO : EventManager : Event: ======'machine_var_audits_events_game_started'====== Args={'value': 587, 'prev_value': None, 'change': True}
2025-11-15 22:36:30,213 : INFO : EventManager : Event: ======'machine_var_audits_missing_switches_s_drain'====== Args={'value': 11, 'prev_value': None, 'change': True}
2025-11-15 22:36:30,213 : INFO : EventManager : Event: ======'machine_var_audits_missing_switches_s_launch_button'====== Args={'value': 234, 'prev_value': None, 'change': True}
2025-11-15 22:36:30,213 : INFO : EventManager : Event: ======'machine_var_audits_missing_switches_s_left_flipper'====== Args={'value': 53, 'prev_value': None, 'change': True}
2025-11-15 22:36:30,213 : INFO : EventManager : Event: ======'machine_var_audits_missing_switches_s_left_inlane1'====== Args={'value': 13, 'prev_value': None, 'change': True}
2025-11-15 22:36:30,213 : INFO : EventManager : Event: ======'machine_var_audits_missing_switches_s_left_inlane2'====== Args={'value': 13, 'prev_value': None, 'change': True}
2025-11-15 22:36:30,213 : INFO : EventManager : Event: ======'machine_var_audits_missing_switches_s_left_outlane'====== Args={'value': 202, 'prev_value': None, 'change': True}
2025-11-15 22:36:30,213 : INFO : EventManager : Event: ======'machine_var_audits_missing_switches_s_popbumper1'====== Args={'value': 14, 'prev_value': None, 'change': True}
2025-11-15 22:36:30,213 : INFO : EventManager : Event: ======'machine_var_audits_missing_switches_s_popbumper2'====== Args={'value': 41, 'prev_value': None, 'change': True}
2025-11-15 22:36:30,213 : INFO : EventManager : Event: ======'machine_var_audits_missing_switches_s_popbumper3'====== Args={'value': 44, 'prev_value': None, 'change': True}
2025-11-15 22:36:30,213 : INFO : EventManager : Event: ======'machine_var_audits_missing_switches_s_right_flipper'====== Args={'value': 51, 'prev_value': None, 'change': True}
2025-11-15 22:36:30,213 : INFO : EventManager : Event: ======'machine_var_audits_missing_switches_s_right_inlane'====== Args={'value': 13, 'prev_value': None, 'change': True}
2025-11-15 22:36:30,213 : INFO : EventManager : Event: ======'machine_var_audits_missing_switches_s_right_outlane'====== Args={'value': 202, 'prev_value': None, 'change': True}
2025-11-15 22:36:30,213 : INFO : EventManager : Event: ======'machine_var_audits_missing_switches_s_skull_pos_down'====== Args={'value': 15, 'prev_value': None, 'change': True}
2025-11-15 22:36:30,213 : INFO : EventManager : Event: ======'machine_var_audits_missing_switches_s_skull_pos_mid'====== Args={'value': 15, 'prev_value': None, 'change': True}
2025-11-15 22:36:30,213 : INFO : EventManager : Event: ======'machine_var_audits_missing_switches_s_skull_pos_up'====== Args={'value': 15, 'prev_value': None, 'change': True}
2025-11-15 22:36:30,213 : INFO : EventManager : Event: ======'machine_var_audits_missing_switches_s_sling_left'====== Args={'value': 587, 'prev_value': None, 'change': True}
2025-11-15 22:36:30,213 : INFO : EventManager : Event: ======'machine_var_audits_missing_switches_s_sling_right'====== Args={'value': 587, 'prev_value': None, 'change': True}
2025-11-15 22:36:30,213 : INFO : EventManager : Event: ======'machine_var_audits_missing_switches_s_start'====== Args={'value': 27, 'prev_value': None, 'change': True}
2025-11-15 22:36:30,213 : INFO : EventManager : Event: ======'machine_var_audits_missing_switches_s_trough1'====== Args={'value': 11, 'prev_value': None, 'change': True}
2025-11-15 22:36:30,213 : INFO : EventManager : Event: ======'machine_var_audits_missing_switches_s_trough2'====== Args={'value': 148, 'prev_value': None, 'change': True}
2025-11-15 22:36:30,213 : INFO : EventManager : Event: ======'machine_var_audits_missing_switches_s_trough3'====== Args={'value': 365, 'prev_value': None, 'change': True}
2025-11-15 22:36:30,213 : INFO : EventManager : Event: ======'machine_var_audits_missing_switches_s_trough4'====== Args={'value': 365, 'prev_value': None, 'change': True}
2025-11-15 22:36:30,213 : INFO : EventManager : Event: ======'machine_var_audits_missing_switches_s_trough_jam'====== Args={'value': 301, 'prev_value': None, 'change': True}
2025-11-15 22:36:30,213 : INFO : EventManager : Event: ======'machine_var_audits_player_score'====== Args={'value': {'average': 215167, 'top': [10210000, 1550000, 1070000, 1070000, 810000, 710000, 640000, 570000, 530000, 480000], 'total': 118}, 'prev_value': None, 'change': True}
2025-11-15 22:36:30,213 : INFO : EventManager : Event: ======'machine_var_audits_shots_bumper1'====== Args={'value': 4522, 'prev_value': None, 'change': True}
2025-11-15 22:36:30,213 : INFO : EventManager : Event: ======'machine_var_audits_shots_bumper2'====== Args={'value': 4420, 'prev_value': None, 'change': True}
2025-11-15 22:36:30,213 : INFO : EventManager : Event: ======'machine_var_audits_shots_bumper3'====== Args={'value': 4261, 'prev_value': None, 'change': True}
2025-11-15 22:36:30,213 : INFO : EventManager : Event: ======'machine_var_audits_shots_c_shot'====== Args={'value': 179, 'prev_value': None, 'change': True}
2025-11-15 22:36:30,213 : INFO : EventManager : Event: ======'machine_var_audits_shots_csi_shot'====== Args={'value': 9, 'prev_value': None, 'change': True}
2025-11-15 22:36:30,213 : INFO : EventManager : Event: ======'machine_var_audits_shots_i_shot'====== Args={'value': 151, 'prev_value': None, 'change': True}
2025-11-15 22:36:30,213 : INFO : EventManager : Event: ======'machine_var_audits_shots_s10'====== Args={'value': 10, 'prev_value': None, 'change': True}
2025-11-15 22:36:30,214 : INFO : EventManager : Event: ======'machine_var_audits_shots_s11'====== Args={'value': 8, 'prev_value': None, 'change': True}
2025-11-15 22:36:30,214 : INFO : EventManager : Event: ======'machine_var_audits_shots_s12'====== Args={'value': 2, 'prev_value': None, 'change': True}
2025-11-15 22:36:30,214 : INFO : EventManager : Event: ======'machine_var_audits_shots_s13'====== Args={'value': 3, 'prev_value': None, 'change': True}
2025-11-15 22:36:30,214 : INFO : EventManager : Event: ======'machine_var_audits_shots_s2'====== Args={'value': 33, 'prev_value': None, 'change': True}
2025-11-15 22:36:30,214 : INFO : EventManager : Event: ======'machine_var_audits_shots_s5'====== Args={'value': 13, 'prev_value': None, 'change': True}
2025-11-15 22:36:30,214 : INFO : EventManager : Event: ======'machine_var_audits_shots_s6'====== Args={'value': 10, 'prev_value': None, 'change': True}
2025-11-15 22:36:30,214 : INFO : EventManager : Event: ======'machine_var_audits_shots_s7'====== Args={'value': 20, 'prev_value': None, 'change': True}
2025-11-15 22:36:30,214 : INFO : EventManager : Event: ======'machine_var_audits_shots_s8'====== Args={'value': 9, 'prev_value': None, 'change': True}
2025-11-15 22:36:30,214 : INFO : EventManager : Event: ======'machine_var_audits_shots_s9'====== Args={'value': 295, 'prev_value': None, 'change': True}
2025-11-15 22:36:30,214 : INFO : EventManager : Event: ======'machine_var_audits_shots_s_shot'====== Args={'value': 164, 'prev_value': None, 'change': True}
2025-11-15 22:36:30,214 : INFO : EventManager : Event: ======'machine_var_audits_shots_sa1'====== Args={'value': 24, 'prev_value': None, 'change': True}
2025-11-15 22:36:30,214 : INFO : EventManager : Event: ======'machine_var_audits_shots_sa2'====== Args={'value': 23, 'prev_value': None, 'change': True}
2025-11-15 22:36:30,214 : INFO : EventManager : Event: ======'machine_var_audits_shots_sa3'====== Args={'value': 23, 'prev_value': None, 'change': True}
2025-11-15 22:36:30,214 : INFO : EventManager : Event: ======'machine_var_audits_shots_sa4'====== Args={'value': 23, 'prev_value': None, 'change': True}
2025-11-15 22:36:30,214 : INFO : EventManager : Event: ======'machine_var_audits_shots_sa5'====== Args={'value': 23, 'prev_value': None, 'change': True}
2025-11-15 22:36:30,214 : INFO : EventManager : Event: ======'machine_var_audits_shots_sa6'====== Args={'value': 25, 'prev_value': None, 'change': True}
2025-11-15 22:36:30,214 : INFO : EventManager : Event: ======'machine_var_audits_shots_sb1'====== Args={'value': 18, 'prev_value': None, 'change': True}
2025-11-15 22:36:30,214 : INFO : EventManager : Event: ======'machine_var_audits_shots_sb2'====== Args={'value': 16, 'prev_value': None, 'change': True}
2025-11-15 22:36:30,214 : INFO : EventManager : Event: ======'machine_var_audits_shots_sb3'====== Args={'value': 17, 'prev_value': None, 'change': True}
2025-11-15 22:36:30,214 : INFO : EventManager : Event: ======'machine_var_audits_shots_sb4'====== Args={'value': 17, 'prev_value': None, 'change': True}
2025-11-15 22:36:30,214 : INFO : EventManager : Event: ======'machine_var_audits_shots_sb5'====== Args={'value': 17, 'prev_value': None, 'change': True}
2025-11-15 22:36:30,214 : INFO : EventManager : Event: ======'machine_var_audits_shots_sb6'====== Args={'value': 19, 'prev_value': None, 'change': True}
2025-11-15 22:36:30,214 : INFO : EventManager : Event: ======'machine_var_audits_shots_sra1'====== Args={'value': 8, 'prev_value': None, 'change': True}
2025-11-15 22:36:30,214 : INFO : EventManager : Event: ======'machine_var_audits_shots_sra2'====== Args={'value': 8, 'prev_value': None, 'change': True}
2025-11-15 22:36:30,214 : INFO : EventManager : Event: ======'machine_var_audits_shots_switch_shot'====== Args={'value': 245, 'prev_value': None, 'change': True}
2025-11-15 22:36:30,214 : INFO : EventManager : Event: ======'machine_var_audits_switches_s_bullet1'====== Args={'value': 21, 'prev_value': None, 'change': True}
2025-11-15 22:36:30,214 : INFO : EventManager : Event: ======'machine_var_audits_switches_s_bullet2'====== Args={'value': 18, 'prev_value': None, 'change': True}
2025-11-15 22:36:30,214 : INFO : EventManager : Event: ======'machine_var_audits_switches_s_bullet3'====== Args={'value': 18, 'prev_value': None, 'change': True}
2025-11-15 22:36:30,214 : INFO : EventManager : Event: ======'machine_var_audits_switches_s_bullet4'====== Args={'value': 17, 'prev_value': None, 'change': True}
2025-11-15 22:36:30,214 : INFO : EventManager : Event: ======'machine_var_audits_switches_s_bullet5'====== Args={'value': 18, 'prev_value': None, 'change': True}
2025-11-15 22:36:30,214 : INFO : EventManager : Event: ======'machine_var_audits_switches_s_centriguge_enter'====== Args={'value': 37, 'prev_value': None, 'change': True}
2025-11-15 22:36:30,214 : INFO : EventManager : Event: ======'machine_var_audits_switches_s_drain'====== Args={'value': 562, 'prev_value': None, 'change': True}
2025-11-15 22:36:30,214 : INFO : EventManager : Event: ======'machine_var_audits_switches_s_launch_button'====== Args={'value': 1, 'prev_value': None, 'change': True}
2025-11-15 22:36:30,214 : INFO : EventManager : Event: ======'machine_var_audits_switches_s_left_flipper'====== Args={'value': 478, 'prev_value': None, 'change': True}
2025-11-15 22:36:30,214 : INFO : EventManager : Event: ======'machine_var_audits_switches_s_left_inlane1'====== Args={'value': 189, 'prev_value': None, 'change': True}
2025-11-15 22:36:30,214 : INFO : EventManager : Event: ======'machine_var_audits_switches_s_left_inlane2'====== Args={'value': 171, 'prev_value': None, 'change': True}
2025-11-15 22:36:30,214 : INFO : EventManager : Event: ======'machine_var_audits_switches_s_left_orbit'====== Args={'value': 29, 'prev_value': None, 'change': True}
2025-11-15 22:36:30,214 : INFO : EventManager : Event: ======'machine_var_audits_switches_s_left_outlane'====== Args={'value': 1, 'prev_value': None, 'change': True}
2025-11-15 22:36:30,214 : INFO : EventManager : Event: ======'machine_var_audits_switches_s_microscope_left'====== Args={'value': 28, 'prev_value': None, 'change': True}
2025-11-15 22:36:30,214 : INFO : EventManager : Event: ======'machine_var_audits_switches_s_microscope_right'====== Args={'value': 27, 'prev_value': None, 'change': True}
2025-11-15 22:36:30,214 : INFO : EventManager : Event: ======'machine_var_audits_switches_s_morgue'====== Args={'value': 83, 'prev_value': None, 'change': True}
2025-11-15 22:36:30,214 : INFO : EventManager : Event: ======'machine_var_audits_switches_s_plunger_lane'====== Args={'value': 1047, 'prev_value': None, 'change': True}
2025-11-15 22:36:30,214 : INFO : EventManager : Event: ======'machine_var_audits_switches_s_popbumper1'====== Args={'value': 4566, 'prev_value': None, 'change': True}
2025-11-15 22:36:30,214 : INFO : EventManager : Event: ======'machine_var_audits_switches_s_popbumper2'====== Args={'value': 4461, 'prev_value': None, 'change': True}
2025-11-15 22:36:30,214 : INFO : EventManager : Event: ======'machine_var_audits_switches_s_popbumper3'====== Args={'value': 4303, 'prev_value': None, 'change': True}
2025-11-15 22:36:30,214 : INFO : EventManager : Event: ======'machine_var_audits_switches_s_ramp'====== Args={'value': 1473, 'prev_value': None, 'change': True}
2025-11-15 22:36:30,214 : INFO : EventManager : Event: ======'machine_var_audits_switches_s_right_flipper'====== Args={'value': 787, 'prev_value': None, 'change': True}
2025-11-15 22:36:30,214 : INFO : EventManager : Event: ======'machine_var_audits_switches_s_right_inlane'====== Args={'value': 157, 'prev_value': None, 'change': True}
2025-11-15 22:36:30,214 : INFO : EventManager : Event: ======'machine_var_audits_switches_s_right_orbit'====== Args={'value': 132, 'prev_value': None, 'change': True}
2025-11-15 22:36:30,214 : INFO : EventManager : Event: ======'machine_var_audits_switches_s_right_outlane'====== Args={'value': 5, 'prev_value': None, 'change': True}
2025-11-15 22:36:30,214 : INFO : EventManager : Event: ======'machine_var_audits_switches_s_right_spinner'====== Args={'value': 28, 'prev_value': None, 'change': True}
2025-11-15 22:36:30,214 : INFO : EventManager : Event: ======'machine_var_audits_switches_s_scoop'====== Args={'value': 470, 'prev_value': None, 'change': True}
2025-11-15 22:36:30,214 : INFO : EventManager : Event: ======'machine_var_audits_switches_s_skull_lock1'====== Args={'value': 125, 'prev_value': None, 'change': True}
2025-11-15 22:36:30,214 : INFO : EventManager : Event: ======'machine_var_audits_switches_s_skull_lock2'====== Args={'value': 130, 'prev_value': None, 'change': True}
2025-11-15 22:36:30,214 : INFO : EventManager : Event: ======'machine_var_audits_switches_s_skull_pos_down'====== Args={'value': 0, 'prev_value': None, 'change': True}
2025-11-15 22:36:30,214 : INFO : EventManager : Event: ======'machine_var_audits_switches_s_skull_pos_mid'====== Args={'value': 0, 'prev_value': None, 'change': True}
2025-11-15 22:36:30,214 : INFO : EventManager : Event: ======'machine_var_audits_switches_s_skull_pos_up'====== Args={'value': 0, 'prev_value': None, 'change': True}
2025-11-15 22:36:30,214 : INFO : EventManager : Event: ======'machine_var_audits_switches_s_sling_left'====== Args={'value': 0, 'prev_value': None, 'change': True}
2025-11-15 22:36:30,214 : INFO : EventManager : Event: ======'machine_var_audits_switches_s_sling_right'====== Args={'value': 0, 'prev_value': None, 'change': True}
2025-11-15 22:36:30,214 : INFO : EventManager : Event: ======'machine_var_audits_switches_s_start'====== Args={'value': 685, 'prev_value': None, 'change': True}
2025-11-15 22:36:30,214 : INFO : EventManager : Event: ======'machine_var_audits_switches_s_trough1'====== Args={'value': 397, 'prev_value': None, 'change': True}
2025-11-15 22:36:30,214 : INFO : EventManager : Event: ======'machine_var_audits_switches_s_trough2'====== Args={'value': 18, 'prev_value': None, 'change': True}
2025-11-15 22:36:30,214 : INFO : EventManager : Event: ======'machine_var_audits_switches_s_trough3'====== Args={'value': 1, 'prev_value': None, 'change': True}
2025-11-15 22:36:30,214 : INFO : EventManager : Event: ======'machine_var_audits_switches_s_trough4'====== Args={'value': 1, 'prev_value': None, 'change': True}
2025-11-15 22:36:30,214 : INFO : EventManager : Event: ======'machine_var_audits_switches_s_trough_jam'====== Args={'value': 8, 'prev_value': None, 'change': True}
2025-11-15 22:36:30,214 : INFO : EventManager : Event: ======'init_phase_5'====== Args={}
2025-11-15 22:36:30,215 : INFO : EventManager : Event: ======'init_done'====== Args={}
2025-11-15 22:36:30,215 : INFO : EventManager : Event: ======'machine_reset_phase_1'====== Args={}
2025-11-15 22:36:30,241 : INFO : EventManager : Event: ======'machine_reset_phase_2'====== Args={}
2025-11-15 22:36:30,241 : INFO : EventManager : Event: ======'machine_reset_phase_3'====== Args={}
2025-11-15 22:36:30,243 : INFO : motor.skull_motor : Moving motor to position home
2025-11-15 22:36:30,243 : INFO : EventManager : Event: ======'reset_complete'====== Args={}
2025-11-15 22:36:30,243 : INFO : EventManager : Event: ======'mode_attract_will_start'====== Args={}
2025-11-15 22:36:30,243 : INFO : Timer.attract_carousel_timer : Starting Timer.
2025-11-15 22:36:30,243 : INFO : EventManager : Event: ======'timer_attract_carousel_timer_started'====== Args={'ticks': 0, 'ticks_remaining': 1}
2025-11-15 22:36:30,243 : INFO : EventManager : Event: ======'timer_attract_carousel_timer_tick'====== Args={'ticks': 0, 'ticks_remaining': 1}
2025-11-15 22:36:30,243 : INFO : EventManager : Event: ======'mode_attract_starting'====== Args={}
2025-11-15 22:36:30,243 : INFO : Mode.attract : Started. Priority: 10
2025-11-15 22:36:30,243 : INFO : EventManager : Event: ======'modes_active_modes_changed'====== Args={}
2025-11-15 22:36:30,243 : INFO : EventManager : Event: ======'mode_attract_started'====== Args={}
2025-11-15 22:36:30,243 : INFO : EventManager : Event: ======'collecting_balls_complete'====== Args={}
2025-11-15 22:36:30,243 : INFO : EventManager : Event: ======'carousel_item_highlighted'====== Args={'carousel': 'attract', 'direction': None, 'item': 'title'}
2025-11-15 22:36:30,244 : INFO : Machine : Starting the main run loop with active modes: [<Mode.attract>]
2025-11-15 22:36:30,627 : INFO : EventManager : Event: ======'slide_attract_created'====== Args={'_from_bcp': True}
2025-11-15 22:36:30,628 : INFO : EventManager : Event: ======'slide__removed'====== Args={'_from_bcp': True}
2025-11-15 22:36:30,628 : INFO : EventManager : Event: ======'slide_attract_active'====== Args={'original_context': 'attract', 'original_calling_context': 'mode_attract_started', 'priority': 10.0, 'cmd': 'slides_play', '_from_bcp': True}
2025-11-15 22:36:31,124 : INFO : BcpServer : New client connected.
2025-11-15 22:36:34,769 : INFO : SwitchController : <<<<<<< 's_start' active >>>>>>>
2025-11-15 22:36:34,850 : INFO : SwitchController : <<<<<<< 's_start' inactive >>>>>>>
2025-11-15 22:36:34,850 : INFO : EventManager : Event: ======'request_to_start_game'====== Args={}
2025-11-15 22:36:34,851 : INFO : EventManager : Event: ======'game_start'====== Args={'buttons': [], 'hold_time': 0.0814440839458257}
2025-11-15 22:36:34,852 : INFO : EventManager : Event: ======'mode_game_will_start'====== Args={'buttons': [], 'hold_time': 0.0814440839458257}
2025-11-15 22:36:34,852 : INFO : EventManager : Event: ======'mode_game_starting'====== Args={'buttons': [], 'hold_time': 0.0814440839458257}
2025-11-15 22:36:34,853 : INFO : EventManager : Event: ======'mode_attract_will_stop'====== Args={}
2025-11-15 22:36:34,853 : INFO : EventManager : Event: ======'mode_attract_stopping'====== Args={}
2025-11-15 22:36:34,853 : INFO : Mode.attract : Stopped.
2025-11-15 22:36:34,853 : INFO : EventManager : Event: ======'modes_active_modes_changed'====== Args={}
2025-11-15 22:36:34,854 : INFO : EventManager : Event: ======'mode_attract_stopped'====== Args={}
2025-11-15 22:36:34,854 : INFO : EventManager : Event: ======'clear'====== Args={'key': 'attract'}
2025-11-15 22:36:34,854 : INFO : Timer.attract_carousel_timer : Stopping Timer
2025-11-15 22:36:34,854 : INFO : EventManager : Event: ======'timer_attract_carousel_timer_stopped'====== Args={'ticks': 0, 'ticks_remaining': 1}
2025-11-15 22:36:34,855 : INFO : Mode.game : Started. Priority: 20
2025-11-15 22:36:34,855 : INFO : EventManager : Event: ======'modes_active_modes_changed'====== Args={}
2025-11-15 22:36:34,855 : INFO : EventManager : Event: ======'mode_game_started'====== Args={'buttons': [], 'hold_time': 0.0814440839458257}
2025-11-15 22:36:34,856 : INFO : EventManager : Event: ======'game_will_start'====== Args={}
2025-11-15 22:36:34,856 : INFO : EventManager : Event: ======'game_starting'====== Args={'game': <Mode.game>}
2025-11-15 22:36:34,857 : INFO : EventManager : Unordered handler for class <Auditor> on event game_ended with priority 1. Handlers: [RegisteredHandler(callback=<bound method Auditor.disable of <Auditor>>, priority=1, kwargs={}, key=UUID('df8c8061-c030-49b5-b792-c60b6b18e0d6'), condition=None, blocking_facility=None), RegisteredHandler(callback=<bound method Auditor._save_audits of <Auditor>>, priority=1, kwargs={}, key=UUID('99750c20-fe59-46dd-a75f-dc543b67afa3'), condition=None, blocking_facility=None)]. The order of those handlers is not defined and they will be executed in random order. This might lead to race conditions and potential bugs.
2025-11-15 22:36:34,857 : INFO : EventManager : Event: ======'player_add_request'====== Args={}
2025-11-15 22:36:34,857 : INFO : EventManager : Event: ======'player_will_add'====== Args={'number': 1}
2025-11-15 22:36:34,858 : INFO : EventManager : Event: ======'player_adding'====== Args={'player': <Player 1>, 'number': 1}
2025-11-15 22:36:34,858 : INFO : EventManager : Event: ======'player_added'====== Args={'player': <Player 1>, 'num': 1}
2025-11-15 22:36:34,858 : INFO : Mode.game : Player added successfully. Total players: 1
2025-11-15 22:36:34,858 : INFO : EventManager : Event: ======'player_index'====== Args={'value': 0, 'prev_value': 0, 'change': 0, 'player_num': 1}
2025-11-15 22:36:34,858 : INFO : EventManager : Event: ======'player_number'====== Args={'value': 1, 'prev_value': 1, 'change': 0, 'player_num': 1}
2025-11-15 22:36:34,858 : INFO : EventManager : Event: ======'player_bonus_multiplier'====== Args={'value': 1, 'prev_value': 1, 'change': 0, 'player_num': 1}
2025-11-15 22:36:34,859 : INFO : EventManager : Event: ======'player_skull_ramp_nb'====== Args={'value': 0, 'prev_value': 0, 'change': 0, 'player_num': 1}
2025-11-15 22:36:34,859 : INFO : EventManager : Event: ======'player_skillshot'====== Args={'value': 0, 'prev_value': 0, 'change': 0, 'player_num': 1}
2025-11-15 22:36:34,859 : INFO : EventManager : Event: ======'player_skillshot_count'====== Args={'value': 0, 'prev_value': 0, 'change': 0, 'player_num': 1}
2025-11-15 22:36:34,859 : INFO : EventManager : Event: ======'player_tmp_int'====== Args={'value': 0, 'prev_value': 0, 'change': 0, 'player_num': 1}
2025-11-15 22:36:34,859 : INFO : EventManager : Event: ======'player_score'====== Args={'value': 0, 'prev_value': 0, 'change': 0, 'player_num': 1}
2025-11-15 22:36:34,860 : INFO : EventManager : Event: ======'game_started'====== Args={}
2025-11-15 22:36:34,860 : INFO : EventManager : Event: ======'player_turn_will_start'====== Args={'player': <Player 1>, 'number': 1}
2025-11-15 22:36:34,860 : INFO : EventManager : Event: ======'player_turn_starting'====== Args={'player': <Player 1>, 'number': 1}
2025-11-15 22:36:34,866 : INFO : EventManager : Event: ======'player_ball'====== Args={'value': 1, 'prev_value': 0, 'change': 1, 'player_num': 1}
2025-11-15 22:36:34,871 : INFO : EventManager : Event: ======'player_turn_started'====== Args={'player': <Player 1>, 'number': 1}
2025-11-15 22:36:34,871 : INFO : EventManager : Event: ======'ball_will_start'====== Args={'player': 1, 'ball': 1, 'balls_remaining': 2, 'is_extra_ball': False}
2025-11-15 22:36:34,871 : INFO : EventManager : Event: ======'ball_starting'====== Args={'player': 1, 'ball': 1, 'balls_remaining': 2, 'is_extra_ball': False}
2025-11-15 22:36:34,872 : INFO : EventManager : Event: ======'mode_base_will_start'====== Args={'queue': <QueuedEvent>, 'player': 1, 'ball': 1, 'balls_remaining': 2, 'is_extra_ball': False}
2025-11-15 22:36:34,872 : INFO : EventManager : Event: ======'player_base_player_added_timer_tick'====== Args={'value': 0, 'prev_value': 0, 'change': 0, 'player_num': 1}
2025-11-15 22:36:34,873 : INFO : Timer.player_added_timer : Starting Timer.
2025-11-15 22:36:34,873 : INFO : EventManager : Event: ======'timer_player_added_timer_started'====== Args={'ticks': 0, 'ticks_remaining': 1}
2025-11-15 22:36:34,873 : INFO : EventManager : Event: ======'timer_player_added_timer_tick'====== Args={'ticks': 0, 'ticks_remaining': 1}
2025-11-15 22:36:34,874 : INFO : EventManager : Event: ======'mode_base_starting'====== Args={'queue': <QueuedEvent>, 'player': 1, 'ball': 1, 'balls_remaining': 2, 'is_extra_ball': False}
2025-11-15 22:36:34,874 : INFO : motor.skull_motor : Moving motor to position home
2025-11-15 22:36:34,874 : INFO : Mode.base : Started. Priority: 100
2025-11-15 22:36:34,874 : INFO : EventManager : Event: ======'modes_active_modes_changed'====== Args={}
2025-11-15 22:36:34,874 : INFO : EventManager : Event: ======'mode_base_started'====== Args={'queue': <QueuedEvent>, 'player': 1, 'ball': 1, 'balls_remaining': 2, 'is_extra_ball': False}
2025-11-15 22:36:34,875 : INFO : EventManager : Event: ======'start_mode_bumpers'====== Args={'priority': 0}
2025-11-15 22:36:34,875 : INFO : EventManager : Event: ======'start_mode_csi_lanes'====== Args={'priority': 0}
2025-11-15 22:36:34,875 : INFO : EventManager : Event: ======'start_mode_skull'====== Args={'priority': 0}
2025-11-15 22:36:34,875 : INFO : EventManager : Event: ======'stop_skull_motor'====== Args={'priority': 0}
2025-11-15 22:36:34,875 : INFO : EventManager : Event: ======'mode_bumpers_will_start'====== Args={'priority': 0}
2025-11-15 22:36:34,876 : INFO : EventManager : Event: ======'player_shot_bumper1_enabled'====== Args={'value': True, 'prev_value': 0, 'change': 1, 'player_num': 1}
2025-11-15 22:36:34,877 : INFO : EventManager : Event: ======'player_shot_bumper2_enabled'====== Args={'value': True, 'prev_value': 0, 'change': 1, 'player_num': 1}
2025-11-15 22:36:34,877 : INFO : EventManager : Event: ======'player_shot_bumper3_enabled'====== Args={'value': True, 'prev_value': 0, 'change': 1, 'player_num': 1}
2025-11-15 22:36:34,878 : INFO : EventManager : Event: ======'bumpers_complete'====== Args={'state': 'unlit'}
2025-11-15 22:36:34,878 : INFO : EventManager : Event: ======'bumpers_unlit_complete'====== Args={}
2025-11-15 22:36:34,878 : INFO : EventManager : Event: ======'player_bumpers_bumper_timer_tick'====== Args={'value': 0, 'prev_value': 0, 'change': 0, 'player_num': 1}
2025-11-15 22:36:34,878 : INFO : Timer.bumper_timer : Starting Timer.
2025-11-15 22:36:34,878 : INFO : EventManager : Event: ======'timer_bumper_timer_started'====== Args={'ticks': 0, 'ticks_remaining': 1}
2025-11-15 22:36:34,878 : INFO : EventManager : Event: ======'timer_bumper_timer_tick'====== Args={'ticks': 0, 'ticks_remaining': 1}
2025-11-15 22:36:34,879 : INFO : EventManager : Event: ======'mode_bumpers_starting'====== Args={'priority': 0}
2025-11-15 22:36:34,879 : INFO : EventManager : Event: ======'mode_csi_lanes_will_start'====== Args={'priority': 0}
2025-11-15 22:36:34,879 : INFO : EventManager : Event: ======'player_shot_c_shot_enabled'====== Args={'value': True, 'prev_value': 0, 'change': 1, 'player_num': 1}
2025-11-15 22:36:34,880 : INFO : EventManager : Event: ======'player_shot_s_shot_enabled'====== Args={'value': True, 'prev_value': 0, 'change': 1, 'player_num': 1}
2025-11-15 22:36:34,880 : INFO : EventManager : Event: ======'player_shot_i_shot_enabled'====== Args={'value': True, 'prev_value': 0, 'change': 1, 'player_num': 1}
2025-11-15 22:36:34,880 : INFO : EventManager : Event: ======'csi_shots_complete'====== Args={'state': 'unlit'}
2025-11-15 22:36:34,881 : INFO : EventManager : Event: ======'csi_shots_unlit_complete'====== Args={}
2025-11-15 22:36:34,881 : INFO : EventManager : Event: ======'player_csi_lanes_csi_lanes_timer_tick'====== Args={'value': 0, 'prev_value': 0, 'change': 0, 'player_num': 1}
2025-11-15 22:36:34,881 : INFO : Timer.csi_lanes_timer : Starting Timer.
2025-11-15 22:36:34,881 : INFO : EventManager : Event: ======'timer_csi_lanes_timer_started'====== Args={'ticks': 0, 'ticks_remaining': 1}
2025-11-15 22:36:34,881 : INFO : EventManager : Event: ======'timer_csi_lanes_timer_tick'====== Args={'ticks': 0, 'ticks_remaining': 1}
2025-11-15 22:36:34,881 : INFO : EventManager : Event: ======'player_csi_lanes_csi_right_orbit_timer_tick'====== Args={'value': 0, 'prev_value': 0, 'change': 0, 'player_num': 1}
2025-11-15 22:36:34,882 : INFO : EventManager : Event: ======'mode_csi_lanes_starting'====== Args={'priority': 0}
2025-11-15 22:36:34,883 : INFO : EventManager : Event: ======'mode_skull_will_start'====== Args={'priority': 0}
2025-11-15 22:36:34,883 : INFO : EventManager : Event: ======'player_skull_pause_timer_tick'====== Args={'value': 0, 'prev_value': 0, 'change': 0, 'player_num': 1}
2025-11-15 22:36:34,883 : INFO : Timer.pause_timer : Starting Timer.
2025-11-15 22:36:34,883 : INFO : EventManager : Event: ======'timer_pause_timer_started'====== Args={'ticks': 0, 'ticks_remaining': 1}
2025-11-15 22:36:34,884 : INFO : EventManager : Event: ======'timer_pause_timer_tick'====== Args={'ticks': 0, 'ticks_remaining': 1}
2025-11-15 22:36:34,884 : INFO : EventManager : Event: ======'mode_skull_starting'====== Args={'priority': 0}
2025-11-15 22:36:34,884 : INFO : motor.skull_motor : Moving motor to position home
2025-11-15 22:36:34,884 : INFO : Mode.bumpers : Started. Priority: 200
2025-11-15 22:36:34,884 : INFO : EventManager : Event: ======'modes_active_modes_changed'====== Args={}
2025-11-15 22:36:34,884 : INFO : EventManager : Event: ======'mode_bumpers_started'====== Args={'priority': 0}
2025-11-15 22:36:34,885 : INFO : EventManager : Event: ======'balls_in_play'====== Args={'balls': 1}
2025-11-15 22:36:34,885 : INFO : EventManager : Event: ======'ball_started'====== Args={'player': 1, 'ball': 1, 'balls_remaining': 2, 'is_extra_ball': False}
2025-11-15 22:36:34,885 : INFO : EventManager : Event: ======'mode_skillshot_will_start'====== Args={'player': 1, 'ball': 1, 'balls_remaining': 2, 'is_extra_ball': False}
2025-11-15 22:36:34,885 : INFO : EventManager : Event: ======'player_shot_s1_enabled'====== Args={'value': True, 'prev_value': 0, 'change': 1, 'player_num': 1}
2025-11-15 22:36:34,886 : INFO : EventManager : Event: ======'player_shot_s2_enabled'====== Args={'value': True, 'prev_value': 0, 'change': 1, 'player_num': 1}
2025-11-15 22:36:34,886 : INFO : EventManager : Event: ======'player_shot_s3_enabled'====== Args={'value': True, 'prev_value': 0, 'change': 1, 'player_num': 1}
2025-11-15 22:36:34,886 : INFO : EventManager : Event: ======'player_shot_s4_enabled'====== Args={'value': True, 'prev_value': 0, 'change': 1, 'player_num': 1}
2025-11-15 22:36:34,886 : INFO : EventManager : Event: ======'player_shot_s5_enabled'====== Args={'value': True, 'prev_value': 0, 'change': 1, 'player_num': 1}
2025-11-15 22:36:34,886 : INFO : EventManager : Event: ======'player_shot_s6_enabled'====== Args={'value': True, 'prev_value': 0, 'change': 1, 'player_num': 1}
2025-11-15 22:36:34,886 : INFO : EventManager : Event: ======'player_shot_s7_enabled'====== Args={'value': True, 'prev_value': 0, 'change': 1, 'player_num': 1}
2025-11-15 22:36:34,886 : INFO : EventManager : Event: ======'player_shot_s8_enabled'====== Args={'value': True, 'prev_value': 0, 'change': 1, 'player_num': 1}
2025-11-15 22:36:34,886 : INFO : EventManager : Event: ======'player_shot_s9_enabled'====== Args={'value': True, 'prev_value': 0, 'change': 1, 'player_num': 1}
2025-11-15 22:36:34,887 : INFO : EventManager : Event: ======'player_shot_s10_enabled'====== Args={'value': True, 'prev_value': 0, 'change': 1, 'player_num': 1}
2025-11-15 22:36:34,887 : INFO : EventManager : Event: ======'player_shot_s11_enabled'====== Args={'value': True, 'prev_value': 0, 'change': 1, 'player_num': 1}
2025-11-15 22:36:34,887 : INFO : EventManager : Event: ======'player_shot_s12_enabled'====== Args={'value': True, 'prev_value': 0, 'change': 1, 'player_num': 1}
2025-11-15 22:36:34,887 : INFO : EventManager : Event: ======'player_shot_s13_enabled'====== Args={'value': True, 'prev_value': 0, 'change': 1, 'player_num': 1}
2025-11-15 22:36:34,887 : INFO : EventManager : Event: ======'player_shot_s14_enabled'====== Args={'value': True, 'prev_value': 0, 'change': 1, 'player_num': 1}
2025-11-15 22:36:34,888 : INFO : EventManager : Event: ======'not_skillshot_complete'====== Args={'state': 'unlit'}
2025-11-15 22:36:34,888 : INFO : EventManager : Event: ======'not_skillshot_unlit_complete'====== Args={}
2025-11-15 22:36:34,889 : INFO : EventManager : Event: ======'mode_skillshot_starting'====== Args={'player': 1, 'ball': 1, 'balls_remaining': 2, 'is_extra_ball': False}
2025-11-15 22:36:34,889 : INFO : EventManager : Event: ======'logicblock_csi_lanes_then_scoop_updated'====== Args={'value': 0, 'enabled': True}
2025-11-15 22:36:34,889 : INFO : EventManager : Event: ======'logicblock_csi_lanes_then_scoop_then_right_orbit_updated'====== Args={'value': 0, 'enabled': True}
2025-11-15 22:36:34,889 : INFO : EventManager : Event: ======'logicblock_csi_lanes_then_scoop_updated'====== Args={'value': 0, 'enabled': True}
2025-11-15 22:36:34,889 : INFO : EventManager : Event: ======'logicblock_csi_lanes_then_scoop_then_right_orbit_updated'====== Args={'value': 0, 'enabled': True}
2025-11-15 22:36:34,889 : INFO : Mode.csi_lanes : Started. Priority: 200
2025-11-15 22:36:34,889 : INFO : EventManager : Event: ======'modes_active_modes_changed'====== Args={}
2025-11-15 22:36:34,889 : INFO : EventManager : Event: ======'mode_csi_lanes_started'====== Args={'priority': 0}
2025-11-15 22:36:34,889 : INFO : EventManager : Event: ======'player_multiplier'====== Args={'value': 1, 'prev_value': 0, 'change': 1, 'player_num': 1, 'source': 'csi_lanes'}
2025-11-15 22:36:34,890 : INFO : EventManager : Event: ======'logicblock_seq_lock1_updated'====== Args={'value': 0, 'enabled': True}
2025-11-15 22:36:34,890 : INFO : EventManager : Event: ======'logicblock_seq_lock2_updated'====== Args={'value': 0, 'enabled': True}
2025-11-15 22:36:34,890 : INFO : EventManager : Event: ======'logicblock_seq_ready_for_MB_updated'====== Args={'value': 0, 'enabled': True}
2025-11-15 22:36:34,890 : INFO : EventManager : Event: ======'logicblock_seq_ready_for_wave1_updated'====== Args={'value': 0, 'enabled': True}
2025-11-15 22:36:34,890 : INFO : EventManager : Event: ======'logicblock_seq_lock1_updated'====== Args={'value': 0, 'enabled': True}
2025-11-15 22:36:34,890 : INFO : EventManager : Event: ======'logicblock_seq_lock2_updated'====== Args={'value': 0, 'enabled': True}
2025-11-15 22:36:34,890 : INFO : EventManager : Event: ======'logicblock_seq_ready_for_MB_updated'====== Args={'value': 0, 'enabled': True}
2025-11-15 22:36:34,890 : INFO : EventManager : Event: ======'logicblock_seq_ready_for_wave1_updated'====== Args={'value': 0, 'enabled': True}
2025-11-15 22:36:34,890 : INFO : Mode.skull : Started. Priority: 200
2025-11-15 22:36:34,890 : INFO : EventManager : Event: ======'modes_active_modes_changed'====== Args={}
2025-11-15 22:36:34,890 : INFO : EventManager : Event: ======'mode_skull_started'====== Args={'priority': 0}
2025-11-15 22:36:34,891 : INFO : EventManager : Event: ======'logicblock_seq_skillshot_success_updated'====== Args={'value': 0, 'enabled': True}
2025-11-15 22:36:34,891 : INFO : EventManager : Event: ======'logicblock_seq_skillshot_success_updated'====== Args={'value': 0, 'enabled': True}
2025-11-15 22:36:34,891 : INFO : Mode.skillshot : Started. Priority: 200
2025-11-15 22:36:34,891 : INFO : EventManager : Event: ======'modes_active_modes_changed'====== Args={}
2025-11-15 22:36:34,891 : INFO : EventManager : Event: ======'mode_skillshot_started'====== Args={'player': 1, 'ball': 1, 'balls_remaining': 2, 'is_extra_ball': False}
2025-11-15 22:36:34,891 : INFO : EventManager : Event: ======'single_player_ball_started'====== Args={}
2025-11-15 22:36:34,891 : INFO : EventManager : Event: ======'ball_start_target'====== Args={'target': 'playfield'}
2025-11-15 22:36:34,891 : INFO : ball_device.bd_trough : Setting up player-controlled eject. Balls: 1, Target: <playfield.playfield>, player_controlled_eject_event: None
2025-11-15 22:36:34,891 : INFO : ball_device.bd_trough : Adding 1 ball(s) to the eject_queue with target <playfield.playfield>.
2025-11-15 22:36:34,892 : INFO : EventManager : Event: ======'balldevice_balls_available'====== Args={}
2025-11-15 22:36:34,892 : INFO : ball_device.bd_trough : State: waiting_for_target_ready
2025-11-15 22:36:34,892 : INFO : EventManager : Event: ======'balldevice_bd_trough_ball_eject_attempt'====== Args={'balls': 1, 'target': <ball_device.bd_plunger>, 'source': <ball_device.bd_trough>, 'mechanical_eject': False, 'num_attempts': 0}
2025-11-15 22:36:34,892 : INFO : ball_device.bd_plunger : State: waiting_for_ball
2025-11-15 22:36:34,892 : INFO : ball_device.bd_trough : State: ejecting
2025-11-15 22:36:34,892 : INFO : ball_device.bd_trough : Ejecting ball to <ball_device.bd_plunger>
2025-11-15 22:36:34,892 : INFO : EventManager : Event: ======'balldevice_bd_trough_ejecting_ball'====== Args={'balls': 1, 'target': <ball_device.bd_plunger>, 'source': <ball_device.bd_trough>, 'mechanical_eject': False, 'num_attempts': 0}
2025-11-15 22:36:34,893 : INFO : ball_device.bd_trough : Wait for ball to leave device
2025-11-15 22:36:34,893 : INFO : coil.c_trough_eject : Pulsing Driver for 20ms (1.0 pulse_power)
2025-11-15 22:36:34,893 : INFO : SwitchController : <<<<<<< 's_trough1' inactive >>>>>>>
2025-11-15 22:36:34,894 : INFO : ball_device.bd_trough : State: ball_left
2025-11-15 22:36:34,894 : INFO : ball_device.bd_trough : Ball left
2025-11-15 22:36:34,894 : INFO : ball_device.bd_trough : Wait for confirm with timeout 3.0
2025-11-15 22:36:34,994 : INFO : SwitchController : <<<<<<< 's_plunger_lane' active >>>>>>>
2025-11-15 22:36:34,994 : INFO : EventManager : Event: ======'machine_var_audits_switches_s_plunger_lane'====== Args={'value': 1048, 'prev_value': 1047, 'change': 1}
2025-11-15 22:36:35,060 : INFO : EventManager : Event: ======'slide_base_slide_created'====== Args={'_from_bcp': True}
2025-11-15 22:36:35,060 : INFO : EventManager : Event: ======'slide_attract_inactive'====== Args={'is_removing': True, '_from_bcp': True}
2025-11-15 22:36:35,060 : INFO : EventManager : Event: ======'slide_base_slide_active'====== Args={'original_context': 'base', 'original_calling_context': 'mode_base_started', 'priority': 100.0, 'queue': '<QueuedEvent>', 'player': 1.0, 'ball': 1.0, 'balls_remaining': 2.0, 'is_extra_ball': False, 'cmd': 'slides_play', '_from_bcp': True}
2025-11-15 22:36:35,061 : INFO : EventManager : Event: ======'slide_attract_removed'====== Args={'_from_bcp': True}
2025-11-15 22:36:35,379 : INFO : EventManager : Event: ======'player_bumpers_bumper_timer_tick'====== Args={'value': 1, 'prev_value': 0, 'change': 1, 'player_num': 1}
2025-11-15 22:36:35,380 : INFO : Timer.bumper_timer : Timer Complete
2025-11-15 22:36:35,380 : INFO : Timer.bumper_timer : Stopping Timer
2025-11-15 22:36:35,380 : INFO : EventManager : Event: ======'timer_bumper_timer_stopped'====== Args={'ticks': 1, 'ticks_remaining': 1}
2025-11-15 22:36:35,381 : INFO : EventManager : Event: ======'timer_bumper_timer_complete'====== Args={'ticks': 1, 'ticks_remaining': 1}
2025-11-15 22:36:35,495 : INFO : ball_device.bd_plunger : Received ball from <ball_device.bd_trough>
2025-11-15 22:36:35,496 : INFO : EventManager : Event: ======'balldevice_bd_plunger_ball_enter'====== Args={'new_balls': 1, 'unclaimed_balls': 0, 'new_available_balls': 0, 'device': <ball_device.bd_plunger>}
2025-11-15 22:36:35,496 : INFO : EventManager : Event: ======'balldevice_bd_plunger_ball_entered'====== Args={'new_balls': 0, 'device': <ball_device.bd_plunger>}
2025-11-15 22:36:35,496 : INFO : EventManager : Event: ======'balldevice_bd_plunger_ball_count_changed'====== Args={'balls': 1}
2025-11-15 22:36:35,497 : INFO : ball_device.bd_trough : Got eject confirm
2025-11-15 22:36:35,497 : INFO : ball_device.bd_trough : Eject successful
2025-11-15 22:36:35,497 : INFO : EventManager : Event: ======'balldevice_bd_trough_ball_eject_success'====== Args={'balls': 1, 'target': <ball_device.bd_plunger>}
2025-11-15 22:36:35,497 : INFO : EventManager : Event: ======'balldevice_bd_trough_ball_count_changed'====== Args={'balls': 3}
2025-11-15 22:36:35,497 : INFO : ball_device.bd_trough : State: idle
2025-11-15 22:36:35,497 : INFO : ball_device.bd_plunger : State: waiting_for_target_ready
2025-11-15 22:36:35,497 : INFO : EventManager : Event: ======'balldevice_bd_plunger_ball_eject_attempt'====== Args={'balls': 1, 'target': <playfield.playfield>, 'source': <ball_device.bd_plunger>, 'mechanical_eject': False, 'num_attempts': 0}
2025-11-15 22:36:35,497 : INFO : ball_device.bd_plunger : State: ejecting
2025-11-15 22:36:35,498 : INFO : ball_device.bd_plunger : Ejecting ball to <playfield.playfield>
2025-11-15 22:36:35,498 : INFO : EventManager : Event: ======'balldevice_bd_plunger_ejecting_ball'====== Args={'balls': 1, 'target': <playfield.playfield>, 'source': <ball_device.bd_plunger>, 'mechanical_eject': False, 'num_attempts': 0}
2025-11-15 22:36:35,498 : INFO : ball_device.bd_plunger : Wait for ball to leave device
2025-11-15 22:36:35,498 : INFO : coil.c_plunger : Pulsing Driver for 20ms (1.0 pulse_power)
2025-11-15 22:36:35,498 : INFO : SwitchController : <<<<<<< 's_plunger_lane' inactive >>>>>>>
2025-11-15 22:36:35,498 : INFO : EventManager : Event: ======'s_plunger_lane_inactive'====== Args={}
2025-11-15 22:36:35,499 : INFO : EventManager : Event: ======'logicblock_seq_skillshot_success_updated'====== Args={'value': 1, 'enabled': True}
2025-11-15 22:36:35,499 : INFO : EventManager : Event: ======'logicblock_seq_skillshot_success_hit'====== Args={'step': 1}
2025-11-15 22:36:35,499 : INFO : ball_device.bd_plunger : State: ball_left
2025-11-15 22:36:35,499 : INFO : ball_device.bd_plunger : Ball left
2025-11-15 22:36:35,499 : INFO : ball_device.bd_plunger : Wait for confirm with timeout 3.0
2025-11-15 22:36:35,574 : INFO : EventManager : Event: ======'player_base_player_added_timer_tick'====== Args={'value': 1, 'prev_value': 0, 'change': 1, 'player_num': 1}
2025-11-15 22:36:35,574 : INFO : Timer.player_added_timer : Timer Complete
2025-11-15 22:36:35,574 : INFO : Timer.player_added_timer : Stopping Timer
2025-11-15 22:36:35,574 : INFO : EventManager : Event: ======'timer_player_added_timer_stopped'====== Args={'ticks': 1, 'ticks_remaining': 1}
2025-11-15 22:36:35,574 : INFO : EventManager : Event: ======'timer_player_added_timer_complete'====== Args={'ticks': 1, 'ticks_remaining': 1}
2025-11-15 22:36:35,581 : INFO : EventManager : Event: ======'player_csi_lanes_csi_lanes_timer_tick'====== Args={'value': 1, 'prev_value': 0, 'change': 1, 'player_num': 1}
2025-11-15 22:36:35,582 : INFO : Timer.csi_lanes_timer : Timer Complete
2025-11-15 22:36:35,582 : INFO : Timer.csi_lanes_timer : Stopping Timer
2025-11-15 22:36:35,582 : INFO : EventManager : Event: ======'timer_csi_lanes_timer_stopped'====== Args={'ticks': 1, 'ticks_remaining': 1}
2025-11-15 22:36:35,582 : INFO : EventManager : Event: ======'timer_csi_lanes_timer_complete'====== Args={'ticks': 1, 'ticks_remaining': 1}
2025-11-15 22:36:37,253 : INFO : SwitchController : <<<<<<< 's_ramp' active >>>>>>>
2025-11-15 22:36:37,253 : INFO : EventManager : Event: ======'playfield_active'====== Args={'source': 's9'}
2025-11-15 22:36:37,254 : INFO : EventManager : Event: ======'playfield_active'====== Args={'source': 'sa3'}
2025-11-15 22:36:37,254 : INFO : EventManager : Event: ======'s_ramp_active'====== Args={}
2025-11-15 22:36:37,254 : INFO : EventManager : Event: ======'machine_var_audits_switches_s_ramp'====== Args={'value': 1474, 'prev_value': 1473, 'change': 1}
2025-11-15 22:36:37,255 : INFO : EventManager : Event: ======'player_shot_s9'====== Args={'value': 1, 'prev_value': 0, 'change': 1, 'player_num': 1}
2025-11-15 22:36:37,264 : INFO : EventManager : Event: ======'machine_var_audits_shots_s9'====== Args={'value': 296, 'prev_value': 295, 'change': 1}
2025-11-15 22:36:37,265 : INFO : EventManager : Event: ======'s9_hit'====== Args={'profile': 'default', 'state': 'unlit', 'advancing': True}
2025-11-15 22:36:37,265 : INFO : EventManager : Event: ======'s9_default_hit'====== Args={'profile': 'default', 'state': 'unlit', 'advancing': True}
2025-11-15 22:36:37,265 : INFO : EventManager : Event: ======'s9_default_unlit_hit'====== Args={'profile': 'default', 'state': 'unlit', 'advancing': True}
2025-11-15 22:36:37,266 : INFO : EventManager : Event: ======'s9_unlit_hit'====== Args={'profile': 'default', 'state': 'unlit', 'advancing': True}
2025-11-15 22:36:37,266 : INFO : EventManager : Event: ======'player_skull_ramp_nb'====== Args={'value': 1, 'prev_value': 0, 'change': 1, 'player_num': 1, 'source': 'skull'}
2025-11-15 22:36:37,266 : INFO : EventManager : Event: ======'not_skillshot_hit'====== Args={'shot': 's9'}
2025-11-15 22:36:37,267 : INFO : EventManager : Event: ======'not_skillshot_unlit_hit'====== Args={'shot': 's9'}
2025-11-15 22:36:37,268 : INFO : ball_device.bd_plunger : Got eject confirm
2025-11-15 22:36:37,268 : INFO : ball_device.bd_plunger : Eject successful
2025-11-15 22:36:37,268 : INFO : EventManager : Event: ======'balldevice_bd_plunger_ball_eject_success'====== Args={'balls': 1, 'target': <playfield.playfield>}
2025-11-15 22:36:37,269 : INFO : EventManager : Event: ======'balldevice_playfield_ball_enter'====== Args={'new_balls': 1, 'unclaimed_balls': 1, 'device': <playfield.playfield>}
2025-11-15 22:36:37,269 : INFO : EventManager : Event: ======'playfield_ball_count_change'====== Args={'balls': 1, 'change': 1}
2025-11-15 22:36:37,269 : INFO : EventManager : Event: ======'balldevice_bd_plunger_ball_count_changed'====== Args={'balls': 0}
2025-11-15 22:36:37,270 : INFO : ball_device.bd_plunger : State: idle
2025-11-15 22:36:37,287 : INFO : EventManager : Event: ======'widget_skillshot_widget_active'====== Args={'original_context': 'skillshot', 'original_calling_context': 'not_skillshot_hit', 'priority': 200.0, 'shot': 's9', 'cmd': 'widgets_play', '_from_bcp': True}
2025-11-15 22:36:37,337 : INFO : SwitchController : <<<<<<< 's_ramp' inactive >>>>>>>
2025-11-15 22:36:37,436 : INFO : SwitchController : <<<<<<< 's_ramp' active >>>>>>>
2025-11-15 22:36:37,436 : INFO : EventManager : Event: ======'s_ramp_active'====== Args={}
2025-11-15 22:36:37,436 : INFO : EventManager : Event: ======'machine_var_audits_switches_s_ramp'====== Args={'value': 1475, 'prev_value': 1474, 'change': 1}
2025-11-15 22:36:37,436 : INFO : EventManager : Event: ======'machine_var_audits_shots_s9'====== Args={'value': 297, 'prev_value': 296, 'change': 1}
2025-11-15 22:36:37,436 : INFO : EventManager : Event: ======'s9_hit'====== Args={'profile': 'default', 'state': 'lit', 'advancing': False}
2025-11-15 22:36:37,436 : INFO : EventManager : Event: ======'s9_default_hit'====== Args={'profile': 'default', 'state': 'lit', 'advancing': False}
2025-11-15 22:36:37,436 : INFO : EventManager : Event: ======'s9_default_lit_hit'====== Args={'profile': 'default', 'state': 'lit', 'advancing': False}
2025-11-15 22:36:37,437 : INFO : EventManager : Event: ======'s9_lit_hit'====== Args={'profile': 'default', 'state': 'lit', 'advancing': False}
2025-11-15 22:36:37,437 : INFO : EventManager : Event: ======'player_skull_ramp_nb'====== Args={'value': 2, 'prev_value': 1, 'change': 1, 'player_num': 1, 'source': 'skull'}
2025-11-15 22:36:37,437 : INFO : EventManager : Event: ======'not_skillshot_hit'====== Args={'shot': 's9'}
2025-11-15 22:36:37,437 : INFO : EventManager : Event: ======'not_skillshot_lit_hit'====== Args={'shot': 's9'}
2025-11-15 22:36:37,519 : INFO : SwitchController : <<<<<<< 's_ramp' inactive >>>>>>>
2025-11-15 22:36:37,602 : INFO : SwitchController : <<<<<<< 's_ramp' active >>>>>>>
2025-11-15 22:36:37,602 : INFO : EventManager : Event: ======'s_ramp_active'====== Args={}
2025-11-15 22:36:37,603 : INFO : EventManager : Event: ======'machine_var_audits_switches_s_ramp'====== Args={'value': 1476, 'prev_value': 1475, 'change': 1}
2025-11-15 22:36:37,603 : INFO : EventManager : Event: ======'machine_var_audits_shots_s9'====== Args={'value': 298, 'prev_value': 297, 'change': 1}
2025-11-15 22:36:37,603 : INFO : EventManager : Event: ======'s9_hit'====== Args={'profile': 'default', 'state': 'lit', 'advancing': False}
2025-11-15 22:36:37,603 : INFO : EventManager : Event: ======'s9_default_hit'====== Args={'profile': 'default', 'state': 'lit', 'advancing': False}
2025-11-15 22:36:37,603 : INFO : EventManager : Event: ======'s9_default_lit_hit'====== Args={'profile': 'default', 'state': 'lit', 'advancing': False}
2025-11-15 22:36:37,603 : INFO : EventManager : Event: ======'s9_lit_hit'====== Args={'profile': 'default', 'state': 'lit', 'advancing': False}
2025-11-15 22:36:37,603 : INFO : EventManager : Event: ======'player_skull_ramp_nb'====== Args={'value': 3, 'prev_value': 2, 'change': 1, 'player_num': 1, 'source': 'skull'}
2025-11-15 22:36:37,604 : INFO : EventManager : Event: ======'not_skillshot_hit'====== Args={'shot': 's9'}
2025-11-15 22:36:37,604 : INFO : EventManager : Event: ======'not_skillshot_lit_hit'====== Args={'shot': 's9'}
2025-11-15 22:36:37,670 : INFO : SwitchController : <<<<<<< 's_ramp' inactive >>>>>>>
2025-11-15 22:36:37,737 : INFO : SwitchController : <<<<<<< 's_ramp' active >>>>>>>
2025-11-15 22:36:37,737 : INFO : EventManager : Event: ======'s_ramp_active'====== Args={}
2025-11-15 22:36:37,737 : INFO : EventManager : Event: ======'machine_var_audits_switches_s_ramp'====== Args={'value': 1477, 'prev_value': 1476, 'change': 1}
2025-11-15 22:36:37,737 : INFO : EventManager : Event: ======'machine_var_audits_shots_s9'====== Args={'value': 299, 'prev_value': 298, 'change': 1}
2025-11-15 22:36:37,738 : INFO : EventManager : Event: ======'s9_hit'====== Args={'profile': 'default', 'state': 'lit', 'advancing': False}
2025-11-15 22:36:37,738 : INFO : EventManager : Event: ======'s9_default_hit'====== Args={'profile': 'default', 'state': 'lit', 'advancing': False}
2025-11-15 22:36:37,738 : INFO : EventManager : Event: ======'s9_default_lit_hit'====== Args={'profile': 'default', 'state': 'lit', 'advancing': False}
2025-11-15 22:36:37,738 : INFO : EventManager : Event: ======'s9_lit_hit'====== Args={'profile': 'default', 'state': 'lit', 'advancing': False}
2025-11-15 22:36:37,738 : INFO : EventManager : Event: ======'player_skull_ramp_nb'====== Args={'value': 4, 'prev_value': 3, 'change': 1, 'player_num': 1, 'source': 'skull'}
2025-11-15 22:36:37,738 : INFO : EventManager : Event: ======'not_skillshot_hit'====== Args={'shot': 's9'}
2025-11-15 22:36:37,739 : INFO : EventManager : Event: ======'not_skillshot_lit_hit'====== Args={'shot': 's9'}
2025-11-15 22:36:37,820 : INFO : SwitchController : <<<<<<< 's_ramp' inactive >>>>>>>
2025-11-15 22:36:38,087 : INFO : SwitchController : <<<<<<< 's_ramp' active >>>>>>>
2025-11-15 22:36:38,087 : INFO : EventManager : Event: ======'s_ramp_active'====== Args={}
2025-11-15 22:36:38,087 : INFO : EventManager : Event: ======'machine_var_audits_switches_s_ramp'====== Args={'value': 1478, 'prev_value': 1477, 'change': 1}
2025-11-15 22:36:38,088 : INFO : EventManager : Event: ======'machine_var_audits_shots_s9'====== Args={'value': 300, 'prev_value': 299, 'change': 1}
2025-11-15 22:36:38,088 : INFO : EventManager : Event: ======'s9_hit'====== Args={'profile': 'default', 'state': 'lit', 'advancing': False}
2025-11-15 22:36:38,089 : INFO : EventManager : Event: ======'s9_default_hit'====== Args={'profile': 'default', 'state': 'lit', 'advancing': False}
2025-11-15 22:36:38,089 : INFO : EventManager : Event: ======'s9_default_lit_hit'====== Args={'profile': 'default', 'state': 'lit', 'advancing': False}
2025-11-15 22:36:38,089 : INFO : EventManager : Event: ======'s9_lit_hit'====== Args={'profile': 'default', 'state': 'lit', 'advancing': False}
2025-11-15 22:36:38,089 : INFO : EventManager : Event: ======'player_skull_ramp_nb'====== Args={'value': 5, 'prev_value': 4, 'change': 1, 'player_num': 1, 'source': 'skull'}
2025-11-15 22:36:38,089 : INFO : EventManager : Event: ======'not_skillshot_hit'====== Args={'shot': 's9'}
2025-11-15 22:36:38,090 : INFO : EventManager : Event: ======'not_skillshot_lit_hit'====== Args={'shot': 's9'}
2025-11-15 22:36:38,185 : INFO : SwitchController : <<<<<<< 's_ramp' inactive >>>>>>>
2025-11-15 22:36:38,287 : INFO : SwitchController : <<<<<<< 's_ramp' active >>>>>>>
2025-11-15 22:36:38,287 : INFO : EventManager : Event: ======'s_ramp_active'====== Args={}
2025-11-15 22:36:38,287 : INFO : EventManager : Event: ======'machine_var_audits_switches_s_ramp'====== Args={'value': 1479, 'prev_value': 1478, 'change': 1}
2025-11-15 22:36:38,288 : INFO : EventManager : Event: ======'machine_var_audits_shots_s9'====== Args={'value': 301, 'prev_value': 300, 'change': 1}
2025-11-15 22:36:38,288 : INFO : EventManager : Event: ======'s9_hit'====== Args={'profile': 'default', 'state': 'lit', 'advancing': False}
2025-11-15 22:36:38,288 : INFO : EventManager : Event: ======'s9_default_hit'====== Args={'profile': 'default', 'state': 'lit', 'advancing': False}
2025-11-15 22:36:38,288 : INFO : EventManager : Event: ======'s9_default_lit_hit'====== Args={'profile': 'default', 'state': 'lit', 'advancing': False}
2025-11-15 22:36:38,288 : INFO : EventManager : Event: ======'s9_lit_hit'====== Args={'profile': 'default', 'state': 'lit', 'advancing': False}
2025-11-15 22:36:38,289 : INFO : EventManager : Event: ======'player_skull_ramp_nb'====== Args={'value': 6, 'prev_value': 5, 'change': 1, 'player_num': 1, 'source': 'skull'}
2025-11-15 22:36:38,289 : INFO : EventManager : Event: ======'not_skillshot_hit'====== Args={'shot': 's9'}
2025-11-15 22:36:38,289 : INFO : EventManager : Event: ======'not_skillshot_lit_hit'====== Args={'shot': 's9'}
2025-11-15 22:36:38,385 : INFO : SwitchController : <<<<<<< 's_ramp' inactive >>>>>>>
2025-11-15 22:36:38,487 : INFO : SwitchController : <<<<<<< 's_ramp' active >>>>>>>
2025-11-15 22:36:38,487 : INFO : EventManager : Event: ======'s_ramp_active'====== Args={}
2025-11-15 22:36:38,488 : INFO : EventManager : Event: ======'machine_var_audits_switches_s_ramp'====== Args={'value': 1480, 'prev_value': 1479, 'change': 1}
2025-11-15 22:36:38,488 : INFO : EventManager : Event: ======'machine_var_audits_shots_s9'====== Args={'value': 302, 'prev_value': 301, 'change': 1}
2025-11-15 22:36:38,489 : INFO : EventManager : Event: ======'s9_hit'====== Args={'profile': 'default', 'state': 'lit', 'advancing': False}
2025-11-15 22:36:38,489 : INFO : EventManager : Event: ======'s9_default_hit'====== Args={'profile': 'default', 'state': 'lit', 'advancing': False}
2025-11-15 22:36:38,489 : INFO : EventManager : Event: ======'s9_default_lit_hit'====== Args={'profile': 'default', 'state': 'lit', 'advancing': False}
2025-11-15 22:36:38,489 : INFO : EventManager : Event: ======'s9_lit_hit'====== Args={'profile': 'default', 'state': 'lit', 'advancing': False}
2025-11-15 22:36:38,489 : INFO : EventManager : Event: ======'player_skull_ramp_nb'====== Args={'value': 7, 'prev_value': 6, 'change': 1, 'player_num': 1, 'source': 'skull'}
2025-11-15 22:36:38,490 : INFO : EventManager : Event: ======'not_skillshot_hit'====== Args={'shot': 's9'}
2025-11-15 22:36:38,490 : INFO : EventManager : Event: ======'not_skillshot_lit_hit'====== Args={'shot': 's9'}
2025-11-15 22:36:38,571 : INFO : SwitchController : <<<<<<< 's_ramp' inactive >>>>>>>
2025-11-15 22:36:39,338 : INFO : SwitchController : <<<<<<< 's_ramp' active >>>>>>>
2025-11-15 22:36:39,338 : INFO : EventManager : Event: ======'s_ramp_active'====== Args={}
2025-11-15 22:36:39,338 : INFO : EventManager : Event: ======'machine_var_audits_switches_s_ramp'====== Args={'value': 1481, 'prev_value': 1480, 'change': 1}
2025-11-15 22:36:39,339 : INFO : EventManager : Event: ======'machine_var_audits_shots_s9'====== Args={'value': 303, 'prev_value': 302, 'change': 1}
2025-11-15 22:36:39,339 : INFO : EventManager : Event: ======'s9_hit'====== Args={'profile': 'default', 'state': 'lit', 'advancing': False}
2025-11-15 22:36:39,339 : INFO : EventManager : Event: ======'s9_default_hit'====== Args={'profile': 'default', 'state': 'lit', 'advancing': False}
2025-11-15 22:36:39,339 : INFO : EventManager : Event: ======'s9_default_lit_hit'====== Args={'profile': 'default', 'state': 'lit', 'advancing': False}
2025-11-15 22:36:39,340 : INFO : EventManager : Event: ======'s9_lit_hit'====== Args={'profile': 'default', 'state': 'lit', 'advancing': False}
2025-11-15 22:36:39,340 : INFO : EventManager : Event: ======'player_skull_ramp_nb'====== Args={'value': 8, 'prev_value': 7, 'change': 1, 'player_num': 1, 'source': 'skull'}
2025-11-15 22:36:39,340 : INFO : EventManager : Event: ======'not_skillshot_hit'====== Args={'shot': 's9'}
2025-11-15 22:36:39,340 : INFO : EventManager : Event: ======'not_skillshot_lit_hit'====== Args={'shot': 's9'}
2025-11-15 22:36:39,436 : INFO : SwitchController : <<<<<<< 's_ramp' inactive >>>>>>>
2025-11-15 22:36:39,884 : INFO : EventManager : Event: ======'player_skull_pause_timer_tick'====== Args={'value': 1, 'prev_value': 0, 'change': 1, 'player_num': 1}
2025-11-15 22:36:39,884 : INFO : Timer.pause_timer : Timer Complete
2025-11-15 22:36:39,885 : INFO : Timer.pause_timer : Stopping Timer
2025-11-15 22:36:39,885 : INFO : EventManager : Event: ======'timer_pause_timer_stopped'====== Args={'ticks': 1, 'ticks_remaining': 1}
2025-11-15 22:36:39,885 : INFO : EventManager : Event: ======'timer_pause_timer_complete'====== Args={'ticks': 1, 'ticks_remaining': 1}
2025-11-15 22:36:40,019 : INFO : SwitchController : <<<<<<< 's_ramp' active >>>>>>>
2025-11-15 22:36:40,019 : INFO : EventManager : Event: ======'s_ramp_active'====== Args={}
2025-11-15 22:36:40,019 : INFO : EventManager : Event: ======'machine_var_audits_switches_s_ramp'====== Args={'value': 1482, 'prev_value': 1481, 'change': 1}
2025-11-15 22:36:40,019 : INFO : EventManager : Event: ======'machine_var_audits_shots_s9'====== Args={'value': 304, 'prev_value': 303, 'change': 1}
2025-11-15 22:36:40,020 : INFO : EventManager : Event: ======'s9_hit'====== Args={'profile': 'default', 'state': 'lit', 'advancing': False}
2025-11-15 22:36:40,020 : INFO : EventManager : Event: ======'s9_default_hit'====== Args={'profile': 'default', 'state': 'lit', 'advancing': False}
2025-11-15 22:36:40,020 : INFO : EventManager : Event: ======'s9_default_lit_hit'====== Args={'profile': 'default', 'state': 'lit', 'advancing': False}
2025-11-15 22:36:40,020 : INFO : EventManager : Event: ======'s9_lit_hit'====== Args={'profile': 'default', 'state': 'lit', 'advancing': False}
2025-11-15 22:36:40,020 : INFO : EventManager : Event: ======'player_skull_ramp_nb'====== Args={'value': 9, 'prev_value': 8, 'change': 1, 'player_num': 1, 'source': 'skull'}
2025-11-15 22:36:40,020 : INFO : EventManager : Event: ======'not_skillshot_hit'====== Args={'shot': 's9'}
2025-11-15 22:36:40,020 : INFO : EventManager : Event: ======'not_skillshot_lit_hit'====== Args={'shot': 's9'}
2025-11-15 22:36:40,119 : INFO : SwitchController : <<<<<<< 's_ramp' inactive >>>>>>>
2025-11-15 22:36:41,670 : INFO : SwitchController : <<<<<<< 's_ramp' active >>>>>>>
2025-11-15 22:36:41,670 : INFO : EventManager : Event: ======'s_ramp_active'====== Args={}
2025-11-15 22:36:41,671 : INFO : EventManager : Event: ======'machine_var_audits_switches_s_ramp'====== Args={'value': 1483, 'prev_value': 1482, 'change': 1}
2025-11-15 22:36:41,672 : INFO : EventManager : Event: ======'machine_var_audits_shots_s9'====== Args={'value': 305, 'prev_value': 304, 'change': 1}
2025-11-15 22:36:41,672 : INFO : EventManager : Event: ======'s9_hit'====== Args={'profile': 'default', 'state': 'lit', 'advancing': False}
2025-11-15 22:36:41,672 : INFO : EventManager : Event: ======'s9_default_hit'====== Args={'profile': 'default', 'state': 'lit', 'advancing': False}
2025-11-15 22:36:41,678 : INFO : EventManager : Event: ======'s9_default_lit_hit'====== Args={'profile': 'default', 'state': 'lit', 'advancing': False}
2025-11-15 22:36:41,680 : INFO : EventManager : Event: ======'s9_lit_hit'====== Args={'profile': 'default', 'state': 'lit', 'advancing': False}
2025-11-15 22:36:41,681 : INFO : EventManager : Event: ======'player_skull_ramp_nb'====== Args={'value': 10, 'prev_value': 9, 'change': 1, 'player_num': 1, 'source': 'skull'}
2025-11-15 22:36:41,681 : INFO : EventManager : Event: ======'not_skillshot_hit'====== Args={'shot': 's9'}
2025-11-15 22:36:41,681 : INFO : EventManager : Event: ======'not_skillshot_lit_hit'====== Args={'shot': 's9'}
2025-11-15 22:36:41,714 : INFO : EventManager : Event: ======'widget_skull_light_lock_widget_active'====== Args={'original_context': 'skull', 'original_calling_context': 's_ramp_active{current_player.skull_ramp_nb==10}', 'priority': 200.0, 'cmd': 'widgets_play', '_from_bcp': True}
2025-11-15 22:36:41,771 : INFO : SwitchController : <<<<<<< 's_ramp' inactive >>>>>>>
2025-11-15 22:36:43,700 : INFO : EventManager : Event: ======'widget_skillshot_widget_removed'====== Args={'_from_bcp': True}
2025-11-15 22:36:43,700 : INFO : EventManager : Event: ======'skillshoot_ended'====== Args={'priority': 0}
2025-11-15 22:36:43,701 : INFO : EventManager : Event: ======'mode_skillshot_will_stop'====== Args={}
2025-11-15 22:36:43,701 : INFO : EventManager : Event: ======'mode_skillshot_stopping'====== Args={}
2025-11-15 22:36:43,701 : INFO : Mode.skillshot : Stopped.
2025-11-15 22:36:43,702 : INFO : EventManager : Event: ======'modes_active_modes_changed'====== Args={}
2025-11-15 22:36:43,702 : INFO : EventManager : Event: ======'mode_skillshot_stopped'====== Args={}
2025-11-15 22:36:43,702 : INFO : EventManager : Event: ======'clear'====== Args={'key': 'skillshot'}
2025-11-15 22:36:48,409 : INFO : SwitchController : <<<<<<< 's_skull_lock1' active >>>>>>>
2025-11-15 22:36:48,410 : INFO : EventManager : Event: ======'s_skull_lock1_active'====== Args={}
2025-11-15 22:36:48,410 : INFO : EventManager : Event: ======'machine_var_audits_switches_s_skull_lock1'====== Args={'value': 126, 'prev_value': 125, 'change': 1}
2025-11-15 22:36:48,472 : INFO : SwitchController : <<<<<<< 's_skull_lock1' inactive >>>>>>>
2025-11-15 22:36:52,175 : INFO : SwitchController : <<<<<<< 's_skull_lock1' active >>>>>>>
2025-11-15 22:36:52,175 : INFO : EventManager : Event: ======'s_skull_lock1_active'====== Args={}
2025-11-15 22:36:52,176 : INFO : EventManager : Event: ======'machine_var_audits_switches_s_skull_lock1'====== Args={'value': 127, 'prev_value': 126, 'change': 1}
2025-11-15 22:36:52,285 : INFO : SwitchController : <<<<<<< 's_skull_lock1' inactive >>>>>>>
2025-11-15 22:36:54,454 : INFO : SwitchController : <<<<<<< 's_skull_lock1' active >>>>>>>
2025-11-15 22:36:54,454 : INFO : EventManager : Event: ======'s_skull_lock1_active'====== Args={}
2025-11-15 22:36:54,454 : INFO : EventManager : Event: ======'machine_var_audits_switches_s_skull_lock1'====== Args={'value': 128, 'prev_value': 127, 'change': 1}
2025-11-15 22:36:54,602 : INFO : SwitchController : <<<<<<< 's_skull_lock1' inactive >>>>>>>
2025-11-15 22:36:55,486 : INFO : SwitchController : <<<<<<< 's_skull_lock2' active >>>>>>>
2025-11-15 22:36:55,487 : INFO : EventManager : Event: ======'s_skull_lock2_active'====== Args={}
2025-11-15 22:36:55,487 : INFO : EventManager : Event: ======'machine_var_audits_switches_s_skull_lock2'====== Args={'value': 131, 'prev_value': 130, 'change': 1}
2025-11-15 22:36:55,619 : INFO : SwitchController : <<<<<<< 's_skull_lock2' inactive >>>>>>>
2025-11-15 22:36:56,503 : INFO : SwitchController : <<<<<<< 's_skull_lock1' active >>>>>>>
2025-11-15 22:36:56,503 : INFO : EventManager : Event: ======'s_skull_lock1_active'====== Args={}
2025-11-15 22:36:56,504 : INFO : EventManager : Event: ======'machine_var_audits_switches_s_skull_lock1'====== Args={'value': 129, 'prev_value': 128, 'change': 1}
2025-11-15 22:36:56,635 : INFO : SwitchController : <<<<<<< 's_skull_lock1' inactive >>>>>>>
2025-11-15 22:36:58,954 : INFO : SwitchController : <<<<<<< 's_skull_lock1' active >>>>>>>
2025-11-15 22:36:58,954 : INFO : EventManager : Event: ======'s_skull_lock1_active'====== Args={}
2025-11-15 22:36:58,954 : INFO : EventManager : Event: ======'machine_var_audits_switches_s_skull_lock1'====== Args={'value': 130, 'prev_value': 129, 'change': 1}
2025-11-15 22:36:59,085 : INFO : SwitchController : <<<<<<< 's_skull_lock1' inactive >>>>>>>
2025-11-15 22:37:00,570 : INFO : SwitchController : <<<<<<< 's_skull_lock2' active >>>>>>>
2025-11-15 22:37:00,570 : INFO : EventManager : Event: ======'s_skull_lock2_active'====== Args={}
2025-11-15 22:37:00,571 : INFO : EventManager : Event: ======'machine_var_audits_switches_s_skull_lock2'====== Args={'value': 132, 'prev_value': 131, 'change': 1}
2025-11-15 22:37:00,820 : INFO : SwitchController : <<<<<<< 's_skull_lock2' inactive >>>>>>>
2025-11-15 22:37:01,787 : INFO : SwitchController : <<<<<<< 's_skull_lock1' active >>>>>>>
2025-11-15 22:37:01,787 : INFO : EventManager : Event: ======'s_skull_lock1_active'====== Args={}
2025-11-15 22:37:01,788 : INFO : EventManager : Event: ======'machine_var_audits_switches_s_skull_lock1'====== Args={'value': 131, 'prev_value': 130, 'change': 1}
2025-11-15 22:37:01,919 : INFO : SwitchController : <<<<<<< 's_skull_lock1' inactive >>>>>>>
2025-11-15 22:37:03,420 : INFO : SwitchController : <<<<<<< 's_skull_lock2' active >>>>>>>
2025-11-15 22:37:03,420 : INFO : EventManager : Event: ======'s_skull_lock2_active'====== Args={}
2025-11-15 22:37:03,421 : INFO : EventManager : Event: ======'machine_var_audits_switches_s_skull_lock2'====== Args={'value': 133, 'prev_value': 132, 'change': 1}
2025-11-15 22:37:03,535 : INFO : SwitchController : <<<<<<< 's_skull_lock2' inactive >>>>>>>
2025-11-15 22:37:04,220 : INFO : SwitchController : <<<<<<< 's_skull_lock1' active >>>>>>>
2025-11-15 22:37:04,220 : INFO : EventManager : Event: ======'s_skull_lock1_active'====== Args={}
2025-11-15 22:37:04,221 : INFO : EventManager : Event: ======'machine_var_audits_switches_s_skull_lock1'====== Args={'value': 132, 'prev_value': 131, 'change': 1}
2025-11-15 22:37:04,420 : INFO : SwitchController : <<<<<<< 's_skull_lock1' inactive >>>>>>>
2025-11-15 22:37:05,120 : INFO : SwitchController : <<<<<<< 's_skull_lock2' active >>>>>>>
2025-11-15 22:37:05,120 : INFO : EventManager : Event: ======'s_skull_lock2_active'====== Args={}
2025-11-15 22:37:05,121 : INFO : EventManager : Event: ======'machine_var_audits_switches_s_skull_lock2'====== Args={'value': 134, 'prev_value': 133, 'change': 1}
2025-11-15 22:37:05,269 : INFO : SwitchController : <<<<<<< 's_skull_lock2' inactive >>>>>>>
2025-11-15 22:37:49,187 : INFO : SwitchController : <<<<<<< 's_ramp' active >>>>>>>
2025-11-15 22:37:49,187 : INFO : EventManager : Event: ======'s_ramp_active'====== Args={}
2025-11-15 22:37:49,187 : INFO : EventManager : Event: ======'machine_var_audits_switches_s_ramp'====== Args={'value': 1484, 'prev_value': 1483, 'change': 1}
2025-11-15 22:37:49,188 : INFO : EventManager : Event: ======'go_position1'====== Args={'priority': 0}
2025-11-15 22:37:49,188 : INFO : EventManager : Event: ======'ready_for_start_locking'====== Args={'priority': 0}
2025-11-15 22:37:49,188 : INFO : EventManager : Event: ======'player_skull_ramp_nb'====== Args={'value': 11, 'prev_value': 10, 'change': 1, 'player_num': 1, 'source': 'skull'}
2025-11-15 22:37:49,197 : INFO : motor.skull_motor : Moving motor to position pos1
2025-11-15 22:37:49,197 : INFO : EventManager : Event: ======'logicblock_seq_lock1_updated'====== Args={'value': 1, 'enabled': True}
2025-11-15 22:37:49,198 : INFO : EventManager : Event: ======'logicblock_seq_lock1_hit'====== Args={'step': 1}
2025-11-15 22:37:49,303 : INFO : SwitchController : <<<<<<< 's_ramp' inactive >>>>>>>
2025-11-15 22:37:52,921 : INFO : SwitchController : <<<<<<< 's_skull_lock1' active >>>>>>>
2025-11-15 22:37:52,922 : INFO : EventManager : Event: ======'s_skull_lock1_active'====== Args={}
2025-11-15 22:37:52,922 : INFO : EventManager : Event: ======'machine_var_audits_switches_s_skull_lock1'====== Args={'value': 133, 'prev_value': 132, 'change': 1}
2025-11-15 22:37:52,923 : INFO : EventManager : Event: ======'logicblock_seq_lock1_updated'====== Args={'value': 2, 'enabled': True}
2025-11-15 22:37:52,923 : INFO : EventManager : Event: ======'logicblock_seq_lock1_hit'====== Args={'step': 2}
2025-11-15 22:37:52,931 : INFO : EventManager : Event: ======'seq_lock1_done'====== Args={}
2025-11-15 22:37:52,933 : INFO : EventManager : Event: ======'logicblock_seq_lock1_updated'====== Args={'value': 0, 'enabled': True}
2025-11-15 22:37:52,933 : INFO : EventManager : Event: ======'logicblock_seq_lock2_updated'====== Args={'value': 1, 'enabled': True}
2025-11-15 22:37:52,934 : INFO : EventManager : Event: ======'logicblock_seq_lock2_hit'====== Args={'step': 1}
2025-11-15 22:37:53,018 : INFO : SwitchController : <<<<<<< 's_skull_lock1' inactive >>>>>>>
2025-11-15 22:37:53,123 : INFO : EventManager : Event: ======'widget_skull_lock1_widget_active'====== Args={'original_context': 'skull', 'original_calling_context': 'seq_lock1_done', 'priority': 200.0, 'cmd': 'widgets_play', '_from_bcp': True}
2025-11-15 22:37:53,737 : INFO : SwitchController : <<<<<<< 's_skull_lock2' active >>>>>>>
2025-11-15 22:37:53,737 : INFO : EventManager : Event: ======'s_skull_lock2_active'====== Args={}
2025-11-15 22:37:53,737 : INFO : EventManager : Event: ======'machine_var_audits_switches_s_skull_lock2'====== Args={'value': 135, 'prev_value': 134, 'change': 1}
2025-11-15 22:37:53,738 : INFO : EventManager : Event: ======'logicblock_seq_lock2_updated'====== Args={'value': 2, 'enabled': True}
2025-11-15 22:37:53,738 : INFO : EventManager : Event: ======'logicblock_seq_lock2_hit'====== Args={'step': 2}
2025-11-15 22:37:53,738 : INFO : EventManager : Event: ======'seq_lock2_done'====== Args={}
2025-11-15 22:37:53,738 : INFO : EventManager : Event: ======'logicblock_seq_lock2_updated'====== Args={'value': 0, 'enabled': True}
2025-11-15 22:37:53,739 : INFO : EventManager : Event: ======'player_skull_pause_timer_tick'====== Args={'value': 0, 'prev_value': 1, 'change': -1, 'player_num': 1}
2025-11-15 22:37:53,739 : INFO : Timer.pause_timer : Starting Timer.
2025-11-15 22:37:53,739 : INFO : EventManager : Event: ======'timer_pause_timer_started'====== Args={'ticks': 0, 'ticks_remaining': 1}
2025-11-15 22:37:53,739 : INFO : EventManager : Event: ======'timer_pause_timer_tick'====== Args={'ticks': 0, 'ticks_remaining': 1}
2025-11-15 22:37:53,740 : INFO : EventManager : Event: ======'logicblock_seq_ready_for_MB_updated'====== Args={'value': 1, 'enabled': True}
2025-11-15 22:37:53,740 : INFO : EventManager : Event: ======'logicblock_seq_ready_for_MB_hit'====== Args={'step': 1}
2025-11-15 22:37:53,769 : INFO : EventManager : Event: ======'widget_skull_lock2_widget_active'====== Args={'original_context': 'skull', 'original_calling_context': 'seq_lock2_done', 'priority': 200.0, 'cmd': 'widgets_play', '_from_bcp': True}
2025-11-15 22:37:53,839 : INFO : SwitchController : <<<<<<< 's_skull_lock2' inactive >>>>>>>
2025-11-15 22:37:58,739 : INFO : EventManager : Event: ======'player_skull_pause_timer_tick'====== Args={'value': 1, 'prev_value': 0, 'change': 1, 'player_num': 1}
2025-11-15 22:37:58,740 : INFO : Timer.pause_timer : Timer Complete
2025-11-15 22:37:58,741 : INFO : Timer.pause_timer : Stopping Timer
2025-11-15 22:37:58,741 : INFO : EventManager : Event: ======'timer_pause_timer_stopped'====== Args={'ticks': 1, 'ticks_remaining': 1}
2025-11-15 22:37:58,741 : INFO : EventManager : Event: ======'timer_pause_timer_complete'====== Args={'ticks': 1, 'ticks_remaining': 1}
2025-11-15 22:37:58,742 : INFO : EventManager : Event: ======'logicblock_seq_ready_for_MB_updated'====== Args={'value': 2, 'enabled': True}
2025-11-15 22:37:58,742 : INFO : EventManager : Event: ======'logicblock_seq_ready_for_MB_hit'====== Args={'step': 2}
2025-11-15 22:37:58,742 : INFO : EventManager : Event: ======'seq_ready_for_multiball_done'====== Args={}
2025-11-15 22:37:58,743 : INFO : EventManager : Event: ======'logicblock_seq_ready_for_MB_updated'====== Args={'value': 0, 'enabled': True}
2025-11-15 22:37:58,743 : INFO : EventManager : Event: ======'player_skull_ramp_nb'====== Args={'value': 0, 'prev_value': 11, 'change': -11, 'player_num': 1, 'source': 'skull'}
2025-11-15 22:37:58,743 : INFO : EventManager : Event: ======'player_skull_pause_timer_tick'====== Args={'value': 0, 'prev_value': 1, 'change': -1, 'player_num': 1}
2025-11-15 22:37:58,743 : INFO : Timer.pause_timer : Starting Timer.
2025-11-15 22:37:58,744 : INFO : EventManager : Event: ======'timer_pause_timer_started'====== Args={'ticks': 0, 'ticks_remaining': 1}
2025-11-15 22:37:58,744 : INFO : EventManager : Event: ======'timer_pause_timer_tick'====== Args={'ticks': 0, 'ticks_remaining': 1}
2025-11-15 22:37:58,744 : INFO : EventManager : Event: ======'logicblock_seq_ready_for_wave1_updated'====== Args={'value': 1, 'enabled': True}
2025-11-15 22:37:58,744 : INFO : EventManager : Event: ======'logicblock_seq_ready_for_wave1_hit'====== Args={'step': 1}
2025-11-15 22:37:58,775 : INFO : EventManager : Event: ======'widget_skull_start_multiball_widget_active'====== Args={'original_context': 'skull', 'original_calling_context': 'seq_ready_for_multiball_done', 'priority': 200.0, 'cmd': 'widgets_play', '_from_bcp': True}
2025-11-15 22:38:03,744 : INFO : EventManager : Event: ======'player_skull_pause_timer_tick'====== Args={'value': 1, 'prev_value': 0, 'change': 1, 'player_num': 1}
2025-11-15 22:38:03,745 : INFO : Timer.pause_timer : Timer Complete
2025-11-15 22:38:03,745 : INFO : Timer.pause_timer : Stopping Timer
2025-11-15 22:38:03,745 : INFO : EventManager : Event: ======'timer_pause_timer_stopped'====== Args={'ticks': 1, 'ticks_remaining': 1}
2025-11-15 22:38:03,745 : INFO : EventManager : Event: ======'timer_pause_timer_complete'====== Args={'ticks': 1, 'ticks_remaining': 1}
2025-11-15 22:38:03,746 : INFO : EventManager : Event: ======'logicblock_seq_ready_for_wave1_updated'====== Args={'value': 2, 'enabled': True}
2025-11-15 22:38:03,746 : INFO : EventManager : Event: ======'logicblock_seq_ready_for_wave1_hit'====== Args={'step': 2}
2025-11-15 22:38:03,746 : INFO : EventManager : Event: ======'seq_ready_for_wave1_done'====== Args={}
2025-11-15 22:38:03,746 : INFO : EventManager : Event: ======'logicblock_seq_ready_for_wave1_updated'====== Args={'value': 0, 'enabled': True}
2025-11-15 22:38:03,747 : INFO : EventManager : Event: ======'go_position2'====== Args={'priority': 0}
2025-11-15 22:38:03,747 : INFO : EventManager : Event: ======'start_mode_skull_wave1'====== Args={'priority': 0}
2025-11-15 22:38:03,747 : INFO : motor.skull_motor : Moving motor to position pos2
2025-11-15 22:38:03,747 : INFO : EventManager : Event: ======'mode_skull_wave1_will_start'====== Args={'priority': 0}
2025-11-15 22:38:03,748 : INFO : EventManager : Event: ======'player_shot_sa1_enabled'====== Args={'value': True, 'prev_value': 0, 'change': 1, 'player_num': 1}
2025-11-15 22:38:03,748 : INFO : EventManager : Event: ======'player_shot_sa2_enabled'====== Args={'value': True, 'prev_value': 0, 'change': 1, 'player_num': 1}
2025-11-15 22:38:03,749 : INFO : EventManager : Event: ======'player_shot_sa3_enabled'====== Args={'value': True, 'prev_value': 0, 'change': 1, 'player_num': 1}
2025-11-15 22:38:03,750 : INFO : EventManager : Event: ======'player_shot_sa4_enabled'====== Args={'value': True, 'prev_value': 0, 'change': 1, 'player_num': 1}
2025-11-15 22:38:03,750 : INFO : EventManager : Event: ======'player_shot_sa5_enabled'====== Args={'value': True, 'prev_value': 0, 'change': 1, 'player_num': 1}
2025-11-15 22:38:03,751 : INFO : EventManager : Event: ======'player_shot_sa6_enabled'====== Args={'value': True, 'prev_value': 0, 'change': 1, 'player_num': 1}
2025-11-15 22:38:03,751 : INFO : EventManager : Event: ======'arrow_shots_complete'====== Args={'state': 'lit'}
2025-11-15 22:38:03,752 : INFO : EventManager : Event: ======'arrow_shots_lit_complete'====== Args={}
2025-11-15 22:38:03,753 : INFO : EventManager : Event: ======'mode_skull_wave1_starting'====== Args={'priority': 0}
2025-11-15 22:38:03,753 : INFO : Mode.skull_wave1 : Started. Priority: 200
2025-11-15 22:38:03,753 : INFO : EventManager : Event: ======'modes_active_modes_changed'====== Args={}
2025-11-15 22:38:03,753 : INFO : EventManager : Event: ======'mode_skull_wave1_started'====== Args={'priority': 0}
2025-11-15 22:38:30,168 : INFO : Machine : Shutting down...
2025-11-15 22:38:30,168 : INFO : EventManager : Event: ======'shutdown'====== Args={}
2025-11-15 22:38:30,170 : INFO : EventManager : Event: ======'mode_game_will_stop'====== Args={}
2025-11-15 22:38:30,171 : INFO : EventManager : Event: ======'mode_game_stopping'====== Args={}
2025-11-15 22:38:30,172 : INFO : EventManager : Event: ======'mode_csi_lanes_will_stop'====== Args={}
2025-11-15 22:38:30,172 : INFO : EventManager : Event: ======'mode_csi_lanes_stopping'====== Args={}
2025-11-15 22:38:30,172 : INFO : EventManager : Event: ======'mode_bumpers_will_stop'====== Args={}
2025-11-15 22:38:30,172 : INFO : EventManager : Event: ======'mode_bumpers_stopping'====== Args={}
2025-11-15 22:38:30,172 : INFO : EventManager : Event: ======'mode_skull_will_stop'====== Args={}
2025-11-15 22:38:30,172 : INFO : EventManager : Event: ======'mode_skull_stopping'====== Args={}
2025-11-15 22:38:30,172 : INFO : EventManager : Event: ======'mode_skull_wave1_will_stop'====== Args={}
2025-11-15 22:38:30,172 : INFO : EventManager : Event: ======'mode_skull_wave1_stopping'====== Args={}
2025-11-15 22:38:30,172 : INFO : EventManager : Event: ======'mode_base_will_stop'====== Args={}
2025-11-15 22:38:30,172 : INFO : EventManager : Event: ======'mode_base_stopping'====== Args={}
2025-11-15 22:38:30,173 : INFO : EventManager : Event: ======'stop_mode_bumpers'====== Args={'priority': 0}
2025-11-15 22:38:30,173 : INFO : EventManager : Event: ======'stop_mode_csi_lanes'====== Args={'priority': 0}
2025-11-15 22:38:30,173 : INFO : EventManager : Event: ======'stop_mode_skull'====== Args={'priority': 0}
2025-11-15 22:38:30,173 : INFO : EventManager : Event: ======'stop_skull_motor'====== Args={'priority': 0}
2025-11-15 22:38:30,173 : INFO : motor.skull_motor : Moving motor to position home
2025-11-15 22:38:30,173 : INFO : Mode.base : Stopped.
2025-11-15 22:38:30,173 : INFO : EventManager : Event: ======'modes_active_modes_changed'====== Args={}
2025-11-15 22:38:30,173 : INFO : EventManager : Event: ======'mode_base_stopped'====== Args={}
2025-11-15 22:38:30,173 : INFO : EventManager : Event: ======'clear'====== Args={'key': 'base'}
2025-11-15 22:38:30,173 : INFO : Timer.player_added_timer : Stopping Timer
2025-11-15 22:38:30,173 : INFO : EventManager : Event: ======'timer_player_added_timer_stopped'====== Args={'ticks': 1, 'ticks_remaining': 1}
2025-11-15 22:38:30,173 : INFO : Mode.skull_wave1 : Stopped.
2025-11-15 22:38:30,173 : INFO : EventManager : Event: ======'modes_active_modes_changed'====== Args={}
2025-11-15 22:38:30,173 : INFO : EventManager : Event: ======'mode_skull_wave1_stopped'====== Args={}
2025-11-15 22:38:30,174 : INFO : EventManager : Event: ======'clear'====== Args={'key': 'skull_wave1'}
2025-11-15 22:38:30,174 : INFO : EventManager : Event: ======'go_position2'====== Args={'priority': 0}
2025-11-15 22:38:30,174 : INFO : EventManager : Event: ======'start_mode_skull_wave2'====== Args={'priority': 0}
2025-11-15 22:38:30,174 : INFO : motor.skull_motor : Moving motor to position pos2
2025-11-15 22:38:30,174 : INFO : EventManager : Event: ======'mode_skull_wave2_will_start'====== Args={'priority': 0}
2025-11-15 22:38:30,175 : INFO : EventManager : Event: ======'player_shot_sb1_enabled'====== Args={'value': True, 'prev_value': 0, 'change': 1, 'player_num': 1}
2025-11-15 22:38:30,176 : INFO : EventManager : Event: ======'player_shot_sb2_enabled'====== Args={'value': True, 'prev_value': 0, 'change': 1, 'player_num': 1}
2025-11-15 22:38:30,176 : INFO : EventManager : Event: ======'player_shot_sb3_enabled'====== Args={'value': True, 'prev_value': 0, 'change': 1, 'player_num': 1}
2025-11-15 22:38:30,176 : INFO : EventManager : Event: ======'player_shot_sb4_enabled'====== Args={'value': True, 'prev_value': 0, 'change': 1, 'player_num': 1}
2025-11-15 22:38:30,176 : INFO : EventManager : Event: ======'player_shot_sb5_enabled'====== Args={'value': True, 'prev_value': 0, 'change': 1, 'player_num': 1}
2025-11-15 22:38:30,177 : INFO : EventManager : Event: ======'player_shot_sb6_enabled'====== Args={'value': True, 'prev_value': 0, 'change': 1, 'player_num': 1}
2025-11-15 22:38:30,177 : INFO : EventManager : Event: ======'bullet_shots_complete'====== Args={'state': 'lit'}
2025-11-15 22:38:30,177 : INFO : EventManager : Event: ======'bullet_shots_lit_complete'====== Args={}
2025-11-15 22:38:30,178 : INFO : EventManager : Event: ======'mode_skull_wave2_starting'====== Args={'priority': 0}
2025-11-15 22:38:30,178 : INFO : Mode.skull_wave2 : Will not start because machine is shutting down.
2025-11-15 22:38:30,179 : INFO : Mode.skull : Stopped.
2025-11-15 22:38:30,179 : INFO : EventManager : Event: ======'modes_active_modes_changed'====== Args={}
2025-11-15 22:38:30,179 : INFO : EventManager : Event: ======'mode_skull_stopped'====== Args={}
2025-11-15 22:38:30,179 : INFO : EventManager : Event: ======'clear'====== Args={'key': 'skull'}
2025-11-15 22:38:30,179 : INFO : Timer.pause_timer : Stopping Timer
2025-11-15 22:38:30,179 : INFO : EventManager : Event: ======'timer_pause_timer_stopped'====== Args={'ticks': 1, 'ticks_remaining': 1}
2025-11-15 22:38:30,179 : INFO : Mode.bumpers : Stopped.
2025-11-15 22:38:30,179 : INFO : EventManager : Event: ======'modes_active_modes_changed'====== Args={}
2025-11-15 22:38:30,179 : INFO : EventManager : Event: ======'mode_bumpers_stopped'====== Args={}
2025-11-15 22:38:30,179 : INFO : EventManager : Event: ======'clear'====== Args={'key': 'bumpers'}
2025-11-15 22:38:30,180 : INFO : Timer.bumper_timer : Stopping Timer
2025-11-15 22:38:30,180 : INFO : EventManager : Event: ======'timer_bumper_timer_stopped'====== Args={'ticks': 1, 'ticks_remaining': 1}
2025-11-15 22:38:30,180 : INFO : Mode.csi_lanes : Stopped.
2025-11-15 22:38:30,180 : INFO : EventManager : Event: ======'modes_active_modes_changed'====== Args={}
2025-11-15 22:38:30,180 : INFO : EventManager : Event: ======'mode_csi_lanes_stopped'====== Args={}
2025-11-15 22:38:30,180 : INFO : EventManager : Event: ======'clear'====== Args={'key': 'csi_lanes'}
2025-11-15 22:38:30,180 : INFO : Timer.csi_right_orbit_timer : Stopping Timer
2025-11-15 22:38:30,180 : INFO : EventManager : Event: ======'timer_csi_right_orbit_timer_stopped'====== Args={'ticks': 0, 'ticks_remaining': 0}
2025-11-15 22:38:30,180 : INFO : Timer.csi_lanes_timer : Stopping Timer
2025-11-15 22:38:30,180 : INFO : EventManager : Event: ======'timer_csi_lanes_timer_stopped'====== Args={'ticks': 1, 'ticks_remaining': 1}
2025-11-15 22:38:30,181 : INFO : Mode.game : Stopped.
2025-11-15 22:38:30,181 : INFO : EventManager : Event: ======'modes_active_modes_changed'====== Args={}
2025-11-15 22:38:30,181 : INFO : EventManager : Event: ======'mode_game_stopped'====== Args={}
2025-11-15 22:38:30,181 : INFO : EventManager : Event: ======'clear'====== Args={'key': 'game'}
2025-11-15 22:38:30,184 : INFO : root : MPF run loop ended.
