2025-10-30 23:17:55,406 : INFO : root : Loading config.
2025-10-30 23:17:55,407 : INFO : YamlMultifileConfigLoader : Machine config file #1: config.yaml
2025-10-30 23:17:55,407 : INFO : ConfigProcessor : Loading config from cache: /var/folders/m3/0d4y64_n3fn8tnkv3ydlhztw0000gn/T/5ca32a6c950d03116abbed96ca44d372.mpf_cache
2025-10-30 23:17:55,418 : INFO : ConfigProcessor : Loading config from cache: /var/folders/m3/0d4y64_n3fn8tnkv3ydlhztw0000gn/T/01c495fa7450a81b4be96cb699872531.mpf_cache
2025-10-30 23:17:55,418 : INFO : ConfigProcessor : Loading config from cache: /var/folders/m3/0d4y64_n3fn8tnkv3ydlhztw0000gn/T/bfde29b5bb803376b0637bb8f0da27a7.mpf_cache
2025-10-30 23:17:55,418 : INFO : ConfigProcessor : Loading config from cache: /var/folders/m3/0d4y64_n3fn8tnkv3ydlhztw0000gn/T/01c495fa7450a81b4be96cb699872531.mpf_cache
2025-10-30 23:17:55,419 : INFO : ConfigProcessor : Loading config from cache: /var/folders/m3/0d4y64_n3fn8tnkv3ydlhztw0000gn/T/3ae89e09515ff8d8b11d68f672b2cc51.mpf_cache
2025-10-30 23:17:55,419 : INFO : ConfigProcessor : Loading config from cache: /var/folders/m3/0d4y64_n3fn8tnkv3ydlhztw0000gn/T/4c420229fa75118c2461cfc9ff5a44e2.mpf_cache
2025-10-30 23:17:55,419 : INFO : Machine : Mission Pinball Framework Core Engine v0.80.0.dev10
2025-10-30 23:17:55,419 : INFO : Machine : Command line arguments: {'no_load_cache': False, 'create_config_cache': True, 'bcp': True, 'configfile': ['config.yaml'], 'force_assets_load': False, 'platform_integration_test': False, 'jsonlogging': False, 'logfile': 'logs/2025-10-30-23-17-55-mpf-mac.home.log', 'pause': False, 'production': False, 'text_ui': False, 'loglevel': 15, 'consoleloglevel': 20, 'force_platform': 'smart_virtual', 'syslog_address': None, 'full_logfile_path': '/Users/didiergilbin/Desktop/Homebrew_CSI/logs/2025-10-30-23-17-55-mpf-mac.home.log'}
2025-10-30 23:17:55,419 : INFO : Machine : MPF path: /Users/didiergilbin/mpfenv/lib/python3.13/site-packages/mpf
2025-10-30 23:17:55,419 : INFO : Machine : Machine path: /Users/didiergilbin/Desktop/Homebrew_CSI
2025-10-30 23:17:55,419 : INFO : Machine : Platform: darwin
2025-10-30 23:17:55,419 : INFO : Machine : Python executable location: /Users/didiergilbin/mpfenv/bin/python3.13
2025-10-30 23:17:55,419 : INFO : Machine : Python version: 3.13.7 (64-bit)
2025-10-30 23:17:55,419 : INFO : Machine : Initializing MPF...
2025-10-30 23:17:55,432 : INFO : EventManager : Event: ======'machine_var_credits_string'====== Args={'value': 'FREE PLAY', 'prev_value': None, 'change': True}
2025-10-30 23:17:55,435 : INFO : EventManager : Event: ======'machine_var_master_volume'====== Args={'value': 0.5, 'prev_value': None, 'change': True}
2025-10-30 23:17:55,435 : INFO : EventManager : Event: ======'machine_var_player1_score'====== Args={'value': 80000, 'prev_value': None, 'change': True}
2025-10-30 23:17:55,435 : INFO : EventManager : Event: ======'machine_var_mpf_version'====== Args={'value': 'Mission Pinball Framework v0.80.0.dev10', 'prev_value': None, 'change': True}
2025-10-30 23:17:55,435 : INFO : EventManager : Event: ======'machine_var_mpf_extended_version'====== Args={'value': 'Mission Pinball Framework v0.80.0.dev10, Config version:6, Show version: 6, BCP version:1.1', 'prev_value': None, 'change': True}
2025-10-30 23:17:55,435 : INFO : EventManager : Event: ======'machine_var_python_version'====== Args={'value': '3.13.7', 'prev_value': None, 'change': True}
2025-10-30 23:17:55,442 : INFO : EventManager : Event: ======'machine_var_platform'====== Args={'value': 'macOS-15.6.1-arm64-arm-64bit-Mach-O', 'prev_value': None, 'change': True}
2025-10-30 23:17:55,442 : INFO : EventManager : Event: ======'machine_var_platform_system'====== Args={'value': 'Darwin', 'prev_value': None, 'change': True}
2025-10-30 23:17:55,442 : INFO : EventManager : Event: ======'machine_var_platform_release'====== Args={'value': '24.6.0', 'prev_value': None, 'change': True}
2025-10-30 23:17:55,442 : INFO : EventManager : Event: ======'machine_var_platform_version'====== Args={'value': 'Darwin Kernel Version 24.6.0: Mon Jul 14 11:30:40 PDT 2025; root:xnu-11417.140.69~1/RELEASE_ARM64_T8132', 'prev_value': None, 'change': True}
2025-10-30 23:17:55,442 : INFO : EventManager : Event: ======'machine_var_platform_machine'====== Args={'value': 'arm64', 'prev_value': None, 'change': True}
2025-10-30 23:17:55,442 : INFO : EventManager : Event: ======'machine_var_log_file_path'====== Args={'value': '/Users/didiergilbin/Desktop/Homebrew_CSI/logs/2025-10-30-23-17-55-mpf-mac.home.log', 'prev_value': None, 'change': True}
2025-10-30 23:17:55,442 : INFO : EventManager : Event: ======'init_phase_1'====== Args={}
2025-10-30 23:17:55,447 : INFO : EventManager : Event: ======'init_phase_2'====== Args={}
2025-10-30 23:17:55,447 : INFO : SwitchController : Found active switch: ('2', <Platform.SmartVirtual>) <switch.s_trough1>
2025-10-30 23:17:55,447 : INFO : SwitchController : Found active switch: ('3', <Platform.SmartVirtual>) <switch.s_trough2>
2025-10-30 23:17:55,447 : INFO : SwitchController : Found active switch: ('4', <Platform.SmartVirtual>) <switch.s_trough3>
2025-10-30 23:17:55,447 : INFO : SwitchController : Found active switch: ('5', <Platform.SmartVirtual>) <switch.s_trough4>
2025-10-30 23:17:55,448 : INFO : EventManager : Event: ======'bcp_connection_attempt'====== Args={'name': 'local_display', 'host': 'localhost', 'port': 5050}
2025-10-30 23:17:55,448 : INFO : BCPClientSocket : Connecting BCP to 'local_display' at localhost:5050...
2025-10-30 23:17:55,450 : INFO : BCPClientSocket : Connected BCP to 'local_display' localhost:5050
2025-10-30 23:17:55,451 : INFO : EventManager : Event: ======'bcp_clients_connected'====== Args={}
2025-10-30 23:17:55,451 : INFO : ball_device.bd_drain : BCH: Initial count: 0
2025-10-30 23:17:55,451 : INFO : ball_device.bd_drain : State: idle
2025-10-30 23:17:55,451 : INFO : ball_device.bd_trough : BCH: Initial count: 4
2025-10-30 23:17:55,451 : INFO : ball_device.bd_trough : State: idle
2025-10-30 23:17:55,451 : INFO : ball_device.bd_plunger : BCH: Initial count: 0
2025-10-30 23:17:55,451 : INFO : ball_device.bd_plunger : State: idle
2025-10-30 23:17:55,454 : INFO : EventManager : Event: ======'init_phase_3'====== Args={}
2025-10-30 23:17:55,454 : INFO : EventManager : Event: ======'init_phase_4'====== Args={}
2025-10-30 23:17:55,454 : INFO : BallController : Initial balls found: 4
2025-10-30 23:17:55,455 : INFO : EventManager : Event: ======'machine_var_audits_events_game_ended'====== Args={'value': 19, 'prev_value': None, 'change': True}
2025-10-30 23:17:55,455 : INFO : EventManager : Event: ======'machine_var_audits_events_game_started'====== Args={'value': 205, 'prev_value': None, 'change': True}
2025-10-30 23:17:55,455 : INFO : EventManager : Event: ======'machine_var_audits_missing_switches_s_launch_button'====== Args={'value': 205, 'prev_value': None, 'change': True}
2025-10-30 23:17:55,455 : INFO : EventManager : Event: ======'machine_var_audits_missing_switches_s_left_flipper'====== Args={'value': 13, 'prev_value': None, 'change': True}
2025-10-30 23:17:55,455 : INFO : EventManager : Event: ======'machine_var_audits_missing_switches_s_popbumper3'====== Args={'value': 3, 'prev_value': None, 'change': True}
2025-10-30 23:17:55,455 : INFO : EventManager : Event: ======'machine_var_audits_missing_switches_s_right_flipper'====== Args={'value': 13, 'prev_value': None, 'change': True}
2025-10-30 23:17:55,455 : INFO : EventManager : Event: ======'machine_var_audits_missing_switches_s_scoop'====== Args={'value': 23, 'prev_value': None, 'change': True}
2025-10-30 23:17:55,455 : INFO : EventManager : Event: ======'machine_var_audits_missing_switches_s_sling_left'====== Args={'value': 205, 'prev_value': None, 'change': True}
2025-10-30 23:17:55,455 : INFO : EventManager : Event: ======'machine_var_audits_missing_switches_s_sling_right'====== Args={'value': 205, 'prev_value': None, 'change': True}
2025-10-30 23:17:55,455 : INFO : EventManager : Event: ======'machine_var_audits_missing_switches_s_trough2'====== Args={'value': 2, 'prev_value': None, 'change': True}
2025-10-30 23:17:55,455 : INFO : EventManager : Event: ======'machine_var_audits_missing_switches_s_trough3'====== Args={'value': 205, 'prev_value': None, 'change': True}
2025-10-30 23:17:55,455 : INFO : EventManager : Event: ======'machine_var_audits_missing_switches_s_trough4'====== Args={'value': 205, 'prev_value': None, 'change': True}
2025-10-30 23:17:55,455 : INFO : EventManager : Event: ======'machine_var_audits_missing_switches_s_trough_jam'====== Args={'value': 34, 'prev_value': None, 'change': True}
2025-10-30 23:17:55,455 : INFO : EventManager : Event: ======'machine_var_audits_player_score'====== Args={'value': {'average': 451152, 'top': [10210000, 1550000, 1070000, 1070000, 810000, 640000, 410000, 380000, 370000, 330000], 'total': 43}, 'prev_value': None, 'change': True}
2025-10-30 23:17:55,455 : INFO : EventManager : Event: ======'machine_var_audits_shots_bumper1'====== Args={'value': 2982, 'prev_value': None, 'change': True}
2025-10-30 23:17:55,455 : INFO : EventManager : Event: ======'machine_var_audits_shots_bumper2'====== Args={'value': 2967, 'prev_value': None, 'change': True}
2025-10-30 23:17:55,455 : INFO : EventManager : Event: ======'machine_var_audits_shots_bumper3'====== Args={'value': 2626, 'prev_value': None, 'change': True}
2025-10-30 23:17:55,455 : INFO : EventManager : Event: ======'machine_var_audits_switches_s_drain'====== Args={'value': 197, 'prev_value': None, 'change': True}
2025-10-30 23:17:55,455 : INFO : EventManager : Event: ======'machine_var_audits_switches_s_launch_button'====== Args={'value': 0, 'prev_value': None, 'change': True}
2025-10-30 23:17:55,455 : INFO : EventManager : Event: ======'machine_var_audits_switches_s_left_flipper'====== Args={'value': 16, 'prev_value': None, 'change': True}
2025-10-30 23:17:55,455 : INFO : EventManager : Event: ======'machine_var_audits_switches_s_plunger_lane'====== Args={'value': 333, 'prev_value': None, 'change': True}
2025-10-30 23:17:55,455 : INFO : EventManager : Event: ======'machine_var_audits_switches_s_popbumper1'====== Args={'value': 2982, 'prev_value': None, 'change': True}
2025-10-30 23:17:55,455 : INFO : EventManager : Event: ======'machine_var_audits_switches_s_popbumper2'====== Args={'value': 2967, 'prev_value': None, 'change': True}
2025-10-30 23:17:55,455 : INFO : EventManager : Event: ======'machine_var_audits_switches_s_popbumper3'====== Args={'value': 2626, 'prev_value': None, 'change': True}
2025-10-30 23:17:55,455 : INFO : EventManager : Event: ======'machine_var_audits_switches_s_right_flipper'====== Args={'value': 32, 'prev_value': None, 'change': True}
2025-10-30 23:17:55,455 : INFO : EventManager : Event: ======'machine_var_audits_switches_s_scoop'====== Args={'value': 48, 'prev_value': None, 'change': True}
2025-10-30 23:17:55,455 : INFO : EventManager : Event: ======'machine_var_audits_switches_s_sling_left'====== Args={'value': 0, 'prev_value': None, 'change': True}
2025-10-30 23:17:55,455 : INFO : EventManager : Event: ======'machine_var_audits_switches_s_sling_right'====== Args={'value': 0, 'prev_value': None, 'change': True}
2025-10-30 23:17:55,455 : INFO : EventManager : Event: ======'machine_var_audits_switches_s_start'====== Args={'value': 471, 'prev_value': None, 'change': True}
2025-10-30 23:17:55,455 : INFO : EventManager : Event: ======'machine_var_audits_switches_s_trough1'====== Args={'value': 123, 'prev_value': None, 'change': True}
2025-10-30 23:17:55,455 : INFO : EventManager : Event: ======'machine_var_audits_switches_s_trough2'====== Args={'value': 7, 'prev_value': None, 'change': True}
2025-10-30 23:17:55,455 : INFO : EventManager : Event: ======'machine_var_audits_switches_s_trough3'====== Args={'value': 0, 'prev_value': None, 'change': True}
2025-10-30 23:17:55,455 : INFO : EventManager : Event: ======'machine_var_audits_switches_s_trough4'====== Args={'value': 0, 'prev_value': None, 'change': True}
2025-10-30 23:17:55,455 : INFO : EventManager : Event: ======'machine_var_audits_switches_s_trough_jam'====== Args={'value': 2, 'prev_value': None, 'change': True}
2025-10-30 23:17:55,455 : INFO : EventManager : Event: ======'init_phase_5'====== Args={}
2025-10-30 23:17:55,456 : INFO : EventManager : Event: ======'init_done'====== Args={}
2025-10-30 23:17:55,456 : INFO : EventManager : Event: ======'machine_reset_phase_1'====== Args={}
2025-10-30 23:17:55,457 : INFO : EventManager : Event: ======'machine_reset_phase_2'====== Args={}
2025-10-30 23:17:55,457 : INFO : EventManager : Event: ======'machine_reset_phase_3'====== Args={}
2025-10-30 23:17:55,458 : INFO : EventManager : Event: ======'reset_complete'====== Args={}
2025-10-30 23:17:55,458 : INFO : EventManager : Event: ======'mode_attract_will_start'====== Args={}
2025-10-30 23:17:55,458 : INFO : Timer.attract_carousel_timer : Starting Timer.
2025-10-30 23:17:55,458 : INFO : EventManager : Event: ======'timer_attract_carousel_timer_started'====== Args={'ticks': 0, 'ticks_remaining': 1}
2025-10-30 23:17:55,458 : INFO : EventManager : Event: ======'timer_attract_carousel_timer_tick'====== Args={'ticks': 0, 'ticks_remaining': 1}
2025-10-30 23:17:55,458 : INFO : EventManager : Event: ======'mode_attract_starting'====== Args={}
2025-10-30 23:17:55,458 : INFO : Mode.attract : Started. Priority: 10
2025-10-30 23:17:55,458 : INFO : EventManager : Event: ======'modes_active_modes_changed'====== Args={}
2025-10-30 23:17:55,458 : INFO : EventManager : Event: ======'mode_attract_started'====== Args={}
2025-10-30 23:17:55,458 : INFO : EventManager : Event: ======'collecting_balls_complete'====== Args={}
2025-10-30 23:17:55,458 : INFO : EventManager : Event: ======'carousel_item_highlighted'====== Args={'carousel': 'attract', 'direction': None, 'item': 'title'}
2025-10-30 23:17:55,459 : INFO : Machine : Starting the main run loop with active modes: [<Mode.attract>]
2025-10-30 23:17:55,843 : INFO : EventManager : Event: ======'slide_attract_created'====== Args={'_from_bcp': True}
2025-10-30 23:17:55,843 : INFO : EventManager : Event: ======'slide__removed'====== Args={'_from_bcp': True}
2025-10-30 23:17:55,843 : INFO : EventManager : Event: ======'slide_attract_active'====== Args={'original_context': 'attract', 'original_calling_context': 'mode_attract_started', 'priority': 10.0, 'cmd': 'slides_play', '_from_bcp': True}
2025-10-30 23:17:58,224 : INFO : SwitchController : <<<<<<< 's_start' active >>>>>>>
2025-10-30 23:17:58,340 : INFO : SwitchController : <<<<<<< 's_start' inactive >>>>>>>
2025-10-30 23:17:58,340 : INFO : EventManager : Event: ======'request_to_start_game'====== Args={}
2025-10-30 23:17:58,341 : INFO : EventManager : Event: ======'game_start'====== Args={'buttons': [], 'hold_time': 0.11614187498344108}
2025-10-30 23:17:58,341 : INFO : EventManager : Event: ======'mode_game_will_start'====== Args={'buttons': [], 'hold_time': 0.11614187498344108}
2025-10-30 23:17:58,342 : INFO : EventManager : Event: ======'mode_game_starting'====== Args={'buttons': [], 'hold_time': 0.11614187498344108}
2025-10-30 23:17:58,343 : INFO : EventManager : Event: ======'mode_attract_will_stop'====== Args={}
2025-10-30 23:17:58,343 : INFO : EventManager : Event: ======'mode_attract_stopping'====== Args={}
2025-10-30 23:17:58,343 : INFO : Mode.attract : Stopped.
2025-10-30 23:17:58,343 : INFO : EventManager : Event: ======'modes_active_modes_changed'====== Args={}
2025-10-30 23:17:58,344 : INFO : EventManager : Event: ======'mode_attract_stopped'====== Args={}
2025-10-30 23:17:58,344 : INFO : EventManager : Event: ======'clear'====== Args={'key': 'attract'}
2025-10-30 23:17:58,344 : INFO : Timer.attract_carousel_timer : Stopping Timer
2025-10-30 23:17:58,344 : INFO : EventManager : Event: ======'timer_attract_carousel_timer_stopped'====== Args={'ticks': 0, 'ticks_remaining': 1}
2025-10-30 23:17:58,345 : INFO : Mode.game : Started. Priority: 20
2025-10-30 23:17:58,345 : INFO : EventManager : Event: ======'modes_active_modes_changed'====== Args={}
2025-10-30 23:17:58,345 : INFO : EventManager : Event: ======'mode_game_started'====== Args={'buttons': [], 'hold_time': 0.11614187498344108}
2025-10-30 23:17:58,346 : INFO : EventManager : Event: ======'game_will_start'====== Args={}
2025-10-30 23:17:58,346 : INFO : EventManager : Event: ======'game_starting'====== Args={'game': <Mode.game>}
2025-10-30 23:17:58,347 : INFO : EventManager : Unordered handler for class <Auditor> on event game_ended with priority 1. Handlers: [RegisteredHandler(callback=<bound method Auditor.disable of <Auditor>>, priority=1, kwargs={}, key=UUID('3f275df9-3161-4181-8194-a022ac92010f'), condition=None, blocking_facility=None), RegisteredHandler(callback=<bound method Auditor._save_audits of <Auditor>>, priority=1, kwargs={}, key=UUID('76ceb823-9e4a-423b-85bf-0f5deaf4351c'), condition=None, blocking_facility=None)]. The order of those handlers is not defined and they will be executed in random order. This might lead to race conditions and potential bugs.
2025-10-30 23:17:58,347 : INFO : EventManager : Event: ======'player_add_request'====== Args={}
2025-10-30 23:17:58,348 : INFO : EventManager : Event: ======'player_will_add'====== Args={'number': 1}
2025-10-30 23:17:58,348 : INFO : EventManager : Event: ======'player_adding'====== Args={'player': <Player 1>, 'number': 1}
2025-10-30 23:17:58,348 : INFO : EventManager : Event: ======'player_added'====== Args={'player': <Player 1>, 'num': 1}
2025-10-30 23:17:58,348 : INFO : Mode.game : Player added successfully. Total players: 1
2025-10-30 23:17:58,348 : INFO : EventManager : Event: ======'player_index'====== Args={'value': 0, 'prev_value': 0, 'change': 0, 'player_num': 1}
2025-10-30 23:17:58,348 : INFO : EventManager : Event: ======'player_number'====== Args={'value': 1, 'prev_value': 1, 'change': 0, 'player_num': 1}
2025-10-30 23:17:58,349 : INFO : EventManager : Event: ======'player_score'====== Args={'value': 0, 'prev_value': 0, 'change': 0, 'player_num': 1}
2025-10-30 23:17:58,349 : INFO : EventManager : Event: ======'game_started'====== Args={}
2025-10-30 23:17:58,350 : INFO : EventManager : Event: ======'player_turn_will_start'====== Args={'player': <Player 1>, 'number': 1}
2025-10-30 23:17:58,350 : INFO : EventManager : Event: ======'player_turn_starting'====== Args={'player': <Player 1>, 'number': 1}
2025-10-30 23:17:58,357 : INFO : EventManager : Event: ======'player_ball'====== Args={'value': 1, 'prev_value': 0, 'change': 1, 'player_num': 1}
2025-10-30 23:17:58,357 : INFO : EventManager : Event: ======'player_turn_started'====== Args={'player': <Player 1>, 'number': 1}
2025-10-30 23:17:58,358 : INFO : EventManager : Event: ======'ball_will_start'====== Args={'player': 1, 'ball': 1, 'balls_remaining': 2, 'is_extra_ball': False}
2025-10-30 23:17:58,358 : INFO : EventManager : Event: ======'ball_starting'====== Args={'player': 1, 'ball': 1, 'balls_remaining': 2, 'is_extra_ball': False}
2025-10-30 23:17:58,358 : INFO : EventManager : Event: ======'mode_base_will_start'====== Args={'queue': <QueuedEvent>, 'player': 1, 'ball': 1, 'balls_remaining': 2, 'is_extra_ball': False}
2025-10-30 23:17:58,358 : INFO : EventManager : Event: ======'player_base_player_added_timer_tick'====== Args={'value': 0, 'prev_value': 0, 'change': 0, 'player_num': 1}
2025-10-30 23:17:58,359 : INFO : Timer.player_added_timer : Starting Timer.
2025-10-30 23:17:58,359 : INFO : EventManager : Event: ======'timer_player_added_timer_started'====== Args={'ticks': 0, 'ticks_remaining': 1}
2025-10-30 23:17:58,359 : INFO : EventManager : Event: ======'timer_player_added_timer_tick'====== Args={'ticks': 0, 'ticks_remaining': 1}
2025-10-30 23:17:58,360 : INFO : EventManager : Event: ======'mode_base_starting'====== Args={'queue': <QueuedEvent>, 'player': 1, 'ball': 1, 'balls_remaining': 2, 'is_extra_ball': False}
2025-10-30 23:17:58,360 : INFO : Mode.base : Started. Priority: 100
2025-10-30 23:17:58,360 : INFO : EventManager : Event: ======'modes_active_modes_changed'====== Args={}
2025-10-30 23:17:58,360 : INFO : EventManager : Event: ======'mode_base_started'====== Args={'queue': <QueuedEvent>, 'player': 1, 'ball': 1, 'balls_remaining': 2, 'is_extra_ball': False}
2025-10-30 23:17:58,361 : INFO : EventManager : Event: ======'start_mode_bumpers'====== Args={'priority': 0}
2025-10-30 23:17:58,361 : INFO : EventManager : Event: ======'mode_bumpers_will_start'====== Args={'priority': 0}
2025-10-30 23:17:58,361 : INFO : EventManager : Event: ======'player_shot_bumper1_enabled'====== Args={'value': True, 'prev_value': 0, 'change': 1, 'player_num': 1}
2025-10-30 23:17:58,361 : INFO : EventManager : Event: ======'player_shot_bumper2_enabled'====== Args={'value': True, 'prev_value': 0, 'change': 1, 'player_num': 1}
2025-10-30 23:17:58,362 : INFO : EventManager : Event: ======'player_shot_bumper3_enabled'====== Args={'value': True, 'prev_value': 0, 'change': 1, 'player_num': 1}
2025-10-30 23:17:58,362 : INFO : EventManager : Event: ======'bumpers_complete'====== Args={'state': 'unlit'}
2025-10-30 23:17:58,362 : INFO : EventManager : Event: ======'bumpers_unlit_complete'====== Args={}
2025-10-30 23:17:58,363 : INFO : EventManager : Event: ======'mode_bumpers_starting'====== Args={'priority': 0}
2025-10-30 23:17:58,363 : INFO : Mode.bumpers : Started. Priority: 200
2025-10-30 23:17:58,363 : INFO : EventManager : Event: ======'modes_active_modes_changed'====== Args={}
2025-10-30 23:17:58,363 : INFO : EventManager : Event: ======'mode_bumpers_started'====== Args={'priority': 0}
2025-10-30 23:17:58,363 : INFO : EventManager : Event: ======'balls_in_play'====== Args={'balls': 1}
2025-10-30 23:17:58,363 : INFO : EventManager : Event: ======'ball_started'====== Args={'player': 1, 'ball': 1, 'balls_remaining': 2, 'is_extra_ball': False}
2025-10-30 23:17:58,364 : INFO : EventManager : Event: ======'single_player_ball_started'====== Args={}
2025-10-30 23:17:58,364 : INFO : EventManager : Event: ======'ball_start_target'====== Args={'target': 'playfield'}
2025-10-30 23:17:58,364 : INFO : ball_device.bd_trough : Setting up player-controlled eject. Balls: 1, Target: <playfield.playfield>, player_controlled_eject_event: None
2025-10-30 23:17:58,364 : INFO : ball_device.bd_trough : Adding 1 ball(s) to the eject_queue with target <playfield.playfield>.
2025-10-30 23:17:58,364 : INFO : EventManager : Event: ======'balldevice_balls_available'====== Args={}
2025-10-30 23:17:58,365 : INFO : ball_device.bd_trough : State: waiting_for_target_ready
2025-10-30 23:17:58,365 : INFO : EventManager : Event: ======'balldevice_bd_trough_ball_eject_attempt'====== Args={'balls': 1, 'target': <ball_device.bd_plunger>, 'source': <ball_device.bd_trough>, 'mechanical_eject': False, 'num_attempts': 0}
2025-10-30 23:17:58,365 : INFO : ball_device.bd_plunger : State: waiting_for_ball
2025-10-30 23:17:58,365 : INFO : ball_device.bd_trough : State: ejecting
2025-10-30 23:17:58,366 : INFO : ball_device.bd_trough : Ejecting ball to <ball_device.bd_plunger>
2025-10-30 23:17:58,366 : INFO : EventManager : Event: ======'balldevice_bd_trough_ejecting_ball'====== Args={'balls': 1, 'target': <ball_device.bd_plunger>, 'source': <ball_device.bd_trough>, 'mechanical_eject': False, 'num_attempts': 0}
2025-10-30 23:17:58,366 : INFO : ball_device.bd_trough : Wait for ball to leave device
2025-10-30 23:17:58,366 : INFO : coil.c_trough_eject : Pulsing Driver for 20ms (1.0 pulse_power)
2025-10-30 23:17:58,366 : INFO : SwitchController : <<<<<<< 's_trough1' inactive >>>>>>>
2025-10-30 23:17:58,367 : INFO : ball_device.bd_trough : State: ball_left
2025-10-30 23:17:58,367 : INFO : ball_device.bd_trough : Ball left
2025-10-30 23:17:58,367 : INFO : ball_device.bd_trough : Wait for confirm with timeout 3.0
2025-10-30 23:17:58,468 : INFO : SwitchController : <<<<<<< 's_plunger_lane' active >>>>>>>
2025-10-30 23:17:58,468 : INFO : EventManager : Event: ======'machine_var_audits_switches_s_plunger_lane'====== Args={'value': 334, 'prev_value': 333, 'change': 1}
2025-10-30 23:17:58,575 : INFO : EventManager : Event: ======'slide_base_slide_created'====== Args={'_from_bcp': True}
2025-10-30 23:17:58,576 : INFO : EventManager : Event: ======'slide_attract_inactive'====== Args={'is_removing': True, '_from_bcp': True}
2025-10-30 23:17:58,576 : INFO : EventManager : Event: ======'slide_base_slide_active'====== Args={'original_context': 'base', 'original_calling_context': 'mode_base_started', 'priority': 100.0, 'queue': '<QueuedEvent>', 'player': 1.0, 'ball': 1.0, 'balls_remaining': 2.0, 'is_extra_ball': False, 'cmd': 'slides_play', '_from_bcp': True}
2025-10-30 23:17:58,576 : INFO : EventManager : Event: ======'slide_attract_removed'====== Args={'_from_bcp': True}
2025-10-30 23:17:58,969 : INFO : ball_device.bd_plunger : Received ball from <ball_device.bd_trough>
2025-10-30 23:17:58,969 : INFO : EventManager : Event: ======'balldevice_bd_plunger_ball_enter'====== Args={'new_balls': 1, 'unclaimed_balls': 0, 'new_available_balls': 0, 'device': <ball_device.bd_plunger>}
2025-10-30 23:17:58,970 : INFO : EventManager : Event: ======'balldevice_bd_plunger_ball_entered'====== Args={'new_balls': 0, 'device': <ball_device.bd_plunger>}
2025-10-30 23:17:58,971 : INFO : EventManager : Event: ======'balldevice_bd_plunger_ball_count_changed'====== Args={'balls': 1}
2025-10-30 23:17:58,971 : INFO : ball_device.bd_trough : Got eject confirm
2025-10-30 23:17:58,971 : INFO : ball_device.bd_trough : Eject successful
2025-10-30 23:17:58,971 : INFO : EventManager : Event: ======'balldevice_bd_trough_ball_eject_success'====== Args={'balls': 1, 'target': <ball_device.bd_plunger>}
2025-10-30 23:17:58,972 : INFO : ball_device.bd_plunger : State: waiting_for_target_ready
2025-10-30 23:17:58,972 : INFO : EventManager : Event: ======'balldevice_bd_plunger_ball_eject_attempt'====== Args={'balls': 1, 'target': <playfield.playfield>, 'source': <ball_device.bd_plunger>, 'mechanical_eject': False, 'num_attempts': 0}
2025-10-30 23:17:58,972 : INFO : EventManager : Event: ======'balldevice_bd_trough_ball_count_changed'====== Args={'balls': 3}
2025-10-30 23:17:58,972 : INFO : ball_device.bd_trough : State: idle
2025-10-30 23:17:58,973 : INFO : ball_device.bd_plunger : State: ejecting
2025-10-30 23:17:58,973 : INFO : ball_device.bd_plunger : Ejecting ball to <playfield.playfield>
2025-10-30 23:17:58,973 : INFO : EventManager : Event: ======'balldevice_bd_plunger_ejecting_ball'====== Args={'balls': 1, 'target': <playfield.playfield>, 'source': <ball_device.bd_plunger>, 'mechanical_eject': False, 'num_attempts': 0}
2025-10-30 23:17:58,975 : INFO : ball_device.bd_plunger : Wait for ball to leave device
2025-10-30 23:17:58,975 : INFO : coil.c_plunger : Pulsing Driver for 20ms (1.0 pulse_power)
2025-10-30 23:17:58,975 : INFO : SwitchController : <<<<<<< 's_plunger_lane' inactive >>>>>>>
2025-10-30 23:17:58,976 : INFO : ball_device.bd_plunger : State: ball_left
2025-10-30 23:17:58,976 : INFO : ball_device.bd_plunger : Ball left
2025-10-30 23:17:58,976 : INFO : ball_device.bd_plunger : Wait for confirm with timeout 3.0
2025-10-30 23:17:59,060 : INFO : EventManager : Event: ======'player_base_player_added_timer_tick'====== Args={'value': 1, 'prev_value': 0, 'change': 1, 'player_num': 1}
2025-10-30 23:17:59,061 : INFO : Timer.player_added_timer : Timer Complete
2025-10-30 23:17:59,061 : INFO : Timer.player_added_timer : Stopping Timer
2025-10-30 23:17:59,061 : INFO : EventManager : Event: ======'timer_player_added_timer_stopped'====== Args={'ticks': 1, 'ticks_remaining': 1}
2025-10-30 23:17:59,061 : INFO : EventManager : Event: ======'timer_player_added_timer_complete'====== Args={'ticks': 1, 'ticks_remaining': 1}
2025-10-30 23:18:01,040 : INFO : SwitchController : <<<<<<< 's_start' active >>>>>>>
2025-10-30 23:18:01,040 : INFO : EventManager : Event: ======'sw_start'====== Args={}
2025-10-30 23:18:01,041 : INFO : EventManager : Event: ======'machine_var_audits_switches_s_start'====== Args={'value': 472, 'prev_value': 471, 'change': 1}
2025-10-30 23:18:01,042 : INFO : EventManager : Event: ======'player_add_request'====== Args={}
2025-10-30 23:18:01,042 : INFO : EventManager : Event: ======'player_will_add'====== Args={'number': 2}
2025-10-30 23:18:01,042 : INFO : EventManager : Event: ======'player_adding'====== Args={'player': <Player 2>, 'number': 2}
2025-10-30 23:18:01,042 : INFO : EventManager : Event: ======'player_added'====== Args={'player': <Player 2>, 'num': 2}
2025-10-30 23:18:01,042 : INFO : Mode.game : Player added successfully. Total players: 2
2025-10-30 23:18:01,042 : INFO : EventManager : Event: ======'multiplayer_game'====== Args={}
2025-10-30 23:18:01,050 : INFO : EventManager : Event: ======'player_base_player_added_timer_tick'====== Args={'value': 0, 'prev_value': 1, 'change': -1, 'player_num': 1}
2025-10-30 23:18:01,050 : INFO : Timer.player_added_timer : Starting Timer.
2025-10-30 23:18:01,051 : INFO : EventManager : Event: ======'timer_player_added_timer_started'====== Args={'ticks': 0, 'ticks_remaining': 1}
2025-10-30 23:18:01,051 : INFO : EventManager : Event: ======'timer_player_added_timer_tick'====== Args={'ticks': 0, 'ticks_remaining': 1}
2025-10-30 23:18:01,051 : INFO : EventManager : Event: ======'player_index'====== Args={'value': 1, 'prev_value': 1, 'change': 0, 'player_num': 2}
2025-10-30 23:18:01,051 : INFO : EventManager : Event: ======'player_number'====== Args={'value': 2, 'prev_value': 2, 'change': 0, 'player_num': 2}
2025-10-30 23:18:01,051 : INFO : EventManager : Event: ======'player_score'====== Args={'value': 0, 'prev_value': 0, 'change': 0, 'player_num': 2}
2025-10-30 23:18:01,088 : INFO : EventManager : Event: ======'widget_player_addded_widget_active'====== Args={'original_context': 'base', 'original_calling_context': 'player_added', 'priority': 100.0, 'player': '<Player 2>', 'num': 2.0, 'cmd': 'widgets_play', '_from_bcp': True}
2025-10-30 23:18:01,125 : INFO : SwitchController : <<<<<<< 's_start' inactive >>>>>>>
2025-10-30 23:18:01,752 : INFO : EventManager : Event: ======'player_base_player_added_timer_tick'====== Args={'value': 1, 'prev_value': 0, 'change': 1, 'player_num': 1}
2025-10-30 23:18:01,752 : INFO : Timer.player_added_timer : Timer Complete
2025-10-30 23:18:01,753 : INFO : Timer.player_added_timer : Stopping Timer
2025-10-30 23:18:01,753 : INFO : EventManager : Event: ======'timer_player_added_timer_stopped'====== Args={'ticks': 1, 'ticks_remaining': 1}
2025-10-30 23:18:01,753 : INFO : EventManager : Event: ======'timer_player_added_timer_complete'====== Args={'ticks': 1, 'ticks_remaining': 1}
2025-10-30 23:18:01,774 : INFO : EventManager : Event: ======'widget_player_addded_widget_removed'====== Args={'_from_bcp': True}
2025-10-30 23:18:01,977 : INFO : ball_device.bd_plunger : State: failed_confirm
2025-10-30 23:18:01,977 : INFO : ball_device.bd_plunger : Got timeout (3.0s) before confirm from <playfield.playfield>
2025-10-30 23:18:02,079 : INFO : ball_device.bd_plunger : Confirming eject because target is playfield and ball did not return.
2025-10-30 23:18:02,079 : INFO : ball_device.bd_plunger : Eject successful
2025-10-30 23:18:02,079 : INFO : EventManager : Event: ======'balldevice_bd_plunger_ball_eject_success'====== Args={'balls': 1, 'target': <playfield.playfield>}
2025-10-30 23:18:02,079 : INFO : EventManager : Event: ======'balldevice_playfield_ball_enter'====== Args={'new_balls': 1, 'unclaimed_balls': 1, 'device': <playfield.playfield>}
2025-10-30 23:18:02,080 : INFO : EventManager : Event: ======'playfield_ball_count_change'====== Args={'balls': 1, 'change': 1}
2025-10-30 23:18:02,080 : INFO : EventManager : Event: ======'balldevice_bd_plunger_ball_count_changed'====== Args={'balls': 0}
2025-10-30 23:18:02,080 : INFO : ball_device.bd_plunger : State: idle
2025-10-30 23:18:02,392 : INFO : SwitchController : <<<<<<< 's_start' active >>>>>>>
2025-10-30 23:18:02,393 : INFO : EventManager : Event: ======'sw_start'====== Args={}
2025-10-30 23:18:02,393 : INFO : EventManager : Event: ======'machine_var_audits_switches_s_start'====== Args={'value': 473, 'prev_value': 472, 'change': 1}
2025-10-30 23:18:02,394 : INFO : EventManager : Event: ======'player_add_request'====== Args={}
2025-10-30 23:18:02,394 : INFO : EventManager : Event: ======'player_will_add'====== Args={'number': 3}
2025-10-30 23:18:02,394 : INFO : EventManager : Event: ======'player_adding'====== Args={'player': <Player 3>, 'number': 3}
2025-10-30 23:18:02,394 : INFO : EventManager : Event: ======'player_added'====== Args={'player': <Player 3>, 'num': 3}
2025-10-30 23:18:02,394 : INFO : Mode.game : Player added successfully. Total players: 3
2025-10-30 23:18:02,401 : INFO : EventManager : Event: ======'player_base_player_added_timer_tick'====== Args={'value': 0, 'prev_value': 1, 'change': -1, 'player_num': 1}
2025-10-30 23:18:02,403 : INFO : Timer.player_added_timer : Starting Timer.
2025-10-30 23:18:02,403 : INFO : EventManager : Event: ======'timer_player_added_timer_started'====== Args={'ticks': 0, 'ticks_remaining': 1}
2025-10-30 23:18:02,403 : INFO : EventManager : Event: ======'timer_player_added_timer_tick'====== Args={'ticks': 0, 'ticks_remaining': 1}
2025-10-30 23:18:02,403 : INFO : EventManager : Event: ======'player_index'====== Args={'value': 2, 'prev_value': 2, 'change': 0, 'player_num': 3}
2025-10-30 23:18:02,404 : INFO : EventManager : Event: ======'player_number'====== Args={'value': 3, 'prev_value': 3, 'change': 0, 'player_num': 3}
2025-10-30 23:18:02,404 : INFO : EventManager : Event: ======'player_score'====== Args={'value': 0, 'prev_value': 0, 'change': 0, 'player_num': 3}
2025-10-30 23:18:02,425 : INFO : EventManager : Event: ======'widget_player_addded_widget_active'====== Args={'original_context': 'base', 'original_calling_context': 'player_added', 'priority': 100.0, 'player': '<Player 3>', 'num': 3.0, 'cmd': 'widgets_play', '_from_bcp': True}
2025-10-30 23:18:02,457 : INFO : SwitchController : <<<<<<< 's_start' inactive >>>>>>>
2025-10-30 23:18:03,104 : INFO : EventManager : Event: ======'player_base_player_added_timer_tick'====== Args={'value': 1, 'prev_value': 0, 'change': 1, 'player_num': 1}
2025-10-30 23:18:03,105 : INFO : Timer.player_added_timer : Timer Complete
2025-10-30 23:18:03,105 : INFO : Timer.player_added_timer : Stopping Timer
2025-10-30 23:18:03,105 : INFO : EventManager : Event: ======'timer_player_added_timer_stopped'====== Args={'ticks': 1, 'ticks_remaining': 1}
2025-10-30 23:18:03,105 : INFO : EventManager : Event: ======'timer_player_added_timer_complete'====== Args={'ticks': 1, 'ticks_remaining': 1}
2025-10-30 23:18:03,124 : INFO : EventManager : Event: ======'widget_player_addded_widget_removed'====== Args={'_from_bcp': True}
2025-10-30 23:18:04,723 : INFO : SwitchController : <<<<<<< 's_popbumper1' active >>>>>>>
2025-10-30 23:18:04,724 : INFO : EventManager : Event: ======'s_popbumper1_active'====== Args={}
2025-10-30 23:18:04,724 : INFO : EventManager : Event: ======'machine_var_audits_switches_s_popbumper1'====== Args={'value': 2983, 'prev_value': 2982, 'change': 1}
2025-10-30 23:18:04,725 : INFO : EventManager : Event: ======'player_shot_bumper1'====== Args={'value': 1, 'prev_value': 0, 'change': 1, 'player_num': 1}
2025-10-30 23:18:04,725 : INFO : EventManager : Event: ======'machine_var_audits_shots_bumper1'====== Args={'value': 2983, 'prev_value': 2982, 'change': 1}
2025-10-30 23:18:04,726 : INFO : EventManager : Event: ======'bumper1_hit'====== Args={'profile': 'default', 'state': 'unlit', 'advancing': True}
2025-10-30 23:18:04,726 : INFO : EventManager : Event: ======'bumper1_default_hit'====== Args={'profile': 'default', 'state': 'unlit', 'advancing': True}
2025-10-30 23:18:04,726 : INFO : EventManager : Event: ======'bumper1_default_unlit_hit'====== Args={'profile': 'default', 'state': 'unlit', 'advancing': True}
2025-10-30 23:18:04,726 : INFO : EventManager : Event: ======'bumper1_unlit_hit'====== Args={'profile': 'default', 'state': 'unlit', 'advancing': True}
2025-10-30 23:18:04,726 : INFO : EventManager : Event: ======'bumpers_hit'====== Args={'shot': 'bumper1'}
2025-10-30 23:18:04,726 : INFO : EventManager : Event: ======'bumpers_unlit_hit'====== Args={'shot': 'bumper1'}
2025-10-30 23:18:04,726 : INFO : EventManager : Event: ======'player_score'====== Args={'value': 10000, 'prev_value': 0, 'change': 10000, 'player_num': 1, 'source': 'bumpers'}
2025-10-30 23:18:04,790 : INFO : SwitchController : <<<<<<< 's_popbumper2' active >>>>>>>
2025-10-30 23:18:04,790 : INFO : EventManager : Event: ======'s_popbumper2_active'====== Args={}
2025-10-30 23:18:04,790 : INFO : EventManager : Event: ======'machine_var_audits_switches_s_popbumper2'====== Args={'value': 2968, 'prev_value': 2967, 'change': 1}
2025-10-30 23:18:04,790 : INFO : EventManager : Event: ======'player_shot_bumper2'====== Args={'value': 1, 'prev_value': 0, 'change': 1, 'player_num': 1}
2025-10-30 23:18:04,791 : INFO : EventManager : Event: ======'machine_var_audits_shots_bumper2'====== Args={'value': 2968, 'prev_value': 2967, 'change': 1}
2025-10-30 23:18:04,791 : INFO : EventManager : Event: ======'bumper2_hit'====== Args={'profile': 'default', 'state': 'unlit', 'advancing': True}
2025-10-30 23:18:04,791 : INFO : EventManager : Event: ======'bumper2_default_hit'====== Args={'profile': 'default', 'state': 'unlit', 'advancing': True}
2025-10-30 23:18:04,791 : INFO : EventManager : Event: ======'bumper2_default_unlit_hit'====== Args={'profile': 'default', 'state': 'unlit', 'advancing': True}
2025-10-30 23:18:04,791 : INFO : EventManager : Event: ======'bumper2_unlit_hit'====== Args={'profile': 'default', 'state': 'unlit', 'advancing': True}
2025-10-30 23:18:04,791 : INFO : EventManager : Event: ======'bumpers_hit'====== Args={'shot': 'bumper2'}
2025-10-30 23:18:04,791 : INFO : EventManager : Event: ======'bumpers_unlit_hit'====== Args={'shot': 'bumper2'}
2025-10-30 23:18:04,791 : INFO : EventManager : Event: ======'player_score'====== Args={'value': 20000, 'prev_value': 10000, 'change': 10000, 'player_num': 1, 'source': 'bumpers'}
2025-10-30 23:18:04,890 : INFO : SwitchController : <<<<<<< 's_popbumper2' inactive >>>>>>>
2025-10-30 23:18:05,024 : INFO : SwitchController : <<<<<<< 's_popbumper1' inactive >>>>>>>
2025-10-30 23:18:05,074 : INFO : SwitchController : <<<<<<< 's_popbumper1' active >>>>>>>
2025-10-30 23:18:05,074 : INFO : EventManager : Event: ======'s_popbumper1_active'====== Args={}
2025-10-30 23:18:05,074 : INFO : EventManager : Event: ======'machine_var_audits_switches_s_popbumper1'====== Args={'value': 2984, 'prev_value': 2983, 'change': 1}
2025-10-30 23:18:05,075 : INFO : EventManager : Event: ======'machine_var_audits_shots_bumper1'====== Args={'value': 2984, 'prev_value': 2983, 'change': 1}
2025-10-30 23:18:05,075 : INFO : EventManager : Event: ======'bumper1_hit'====== Args={'profile': 'default', 'state': 'lit', 'advancing': False}
2025-10-30 23:18:05,075 : INFO : EventManager : Event: ======'bumper1_default_hit'====== Args={'profile': 'default', 'state': 'lit', 'advancing': False}
2025-10-30 23:18:05,075 : INFO : EventManager : Event: ======'bumper1_default_lit_hit'====== Args={'profile': 'default', 'state': 'lit', 'advancing': False}
2025-10-30 23:18:05,075 : INFO : EventManager : Event: ======'bumper1_lit_hit'====== Args={'profile': 'default', 'state': 'lit', 'advancing': False}
2025-10-30 23:18:05,075 : INFO : EventManager : Event: ======'bumpers_hit'====== Args={'shot': 'bumper1'}
2025-10-30 23:18:05,075 : INFO : EventManager : Event: ======'bumpers_lit_hit'====== Args={'shot': 'bumper1'}
2025-10-30 23:18:05,076 : INFO : EventManager : Event: ======'player_score'====== Args={'value': 30000, 'prev_value': 20000, 'change': 10000, 'player_num': 1, 'source': 'bumpers'}
2025-10-30 23:18:05,090 : INFO : SwitchController : <<<<<<< 's_popbumper2' active >>>>>>>
2025-10-30 23:18:05,091 : INFO : EventManager : Event: ======'s_popbumper2_active'====== Args={}
2025-10-30 23:18:05,091 : INFO : EventManager : Event: ======'machine_var_audits_switches_s_popbumper2'====== Args={'value': 2969, 'prev_value': 2968, 'change': 1}
2025-10-30 23:18:05,092 : INFO : EventManager : Event: ======'machine_var_audits_shots_bumper2'====== Args={'value': 2969, 'prev_value': 2968, 'change': 1}
2025-10-30 23:18:05,092 : INFO : EventManager : Event: ======'bumper2_hit'====== Args={'profile': 'default', 'state': 'lit', 'advancing': False}
2025-10-30 23:18:05,092 : INFO : EventManager : Event: ======'bumper2_default_hit'====== Args={'profile': 'default', 'state': 'lit', 'advancing': False}
2025-10-30 23:18:05,092 : INFO : EventManager : Event: ======'bumper2_default_lit_hit'====== Args={'profile': 'default', 'state': 'lit', 'advancing': False}
2025-10-30 23:18:05,092 : INFO : EventManager : Event: ======'bumper2_lit_hit'====== Args={'profile': 'default', 'state': 'lit', 'advancing': False}
2025-10-30 23:18:05,092 : INFO : EventManager : Event: ======'bumpers_hit'====== Args={'shot': 'bumper2'}
2025-10-30 23:18:05,092 : INFO : EventManager : Event: ======'bumpers_lit_hit'====== Args={'shot': 'bumper2'}
2025-10-30 23:18:05,093 : INFO : EventManager : Event: ======'player_score'====== Args={'value': 40000, 'prev_value': 30000, 'change': 10000, 'player_num': 1, 'source': 'bumpers'}
2025-10-30 23:18:05,207 : INFO : SwitchController : <<<<<<< 's_popbumper2' inactive >>>>>>>
2025-10-30 23:18:05,208 : INFO : SwitchController : <<<<<<< 's_popbumper1' inactive >>>>>>>
2025-10-30 23:18:05,323 : INFO : SwitchController : <<<<<<< 's_popbumper2' active >>>>>>>
2025-10-30 23:18:05,324 : INFO : EventManager : Event: ======'s_popbumper2_active'====== Args={}
2025-10-30 23:18:05,324 : INFO : EventManager : Event: ======'machine_var_audits_switches_s_popbumper2'====== Args={'value': 2970, 'prev_value': 2969, 'change': 1}
2025-10-30 23:18:05,324 : INFO : EventManager : Event: ======'machine_var_audits_shots_bumper2'====== Args={'value': 2970, 'prev_value': 2969, 'change': 1}
2025-10-30 23:18:05,325 : INFO : EventManager : Event: ======'bumper2_hit'====== Args={'profile': 'default', 'state': 'lit', 'advancing': False}
2025-10-30 23:18:05,325 : INFO : EventManager : Event: ======'bumper2_default_hit'====== Args={'profile': 'default', 'state': 'lit', 'advancing': False}
2025-10-30 23:18:05,325 : INFO : EventManager : Event: ======'bumper2_default_lit_hit'====== Args={'profile': 'default', 'state': 'lit', 'advancing': False}
2025-10-30 23:18:05,325 : INFO : EventManager : Event: ======'bumper2_lit_hit'====== Args={'profile': 'default', 'state': 'lit', 'advancing': False}
2025-10-30 23:18:05,325 : INFO : EventManager : Event: ======'bumpers_hit'====== Args={'shot': 'bumper2'}
2025-10-30 23:18:05,325 : INFO : EventManager : Event: ======'bumpers_lit_hit'====== Args={'shot': 'bumper2'}
2025-10-30 23:18:05,325 : INFO : EventManager : Event: ======'player_score'====== Args={'value': 50000, 'prev_value': 40000, 'change': 10000, 'player_num': 1, 'source': 'bumpers'}
2025-10-30 23:18:05,407 : INFO : SwitchController : <<<<<<< 's_popbumper1' active >>>>>>>
2025-10-30 23:18:05,407 : INFO : EventManager : Event: ======'s_popbumper1_active'====== Args={}
2025-10-30 23:18:05,408 : INFO : EventManager : Event: ======'machine_var_audits_switches_s_popbumper1'====== Args={'value': 2985, 'prev_value': 2984, 'change': 1}
2025-10-30 23:18:05,408 : INFO : EventManager : Event: ======'machine_var_audits_shots_bumper1'====== Args={'value': 2985, 'prev_value': 2984, 'change': 1}
2025-10-30 23:18:05,409 : INFO : EventManager : Event: ======'bumper1_hit'====== Args={'profile': 'default', 'state': 'lit', 'advancing': False}
2025-10-30 23:18:05,409 : INFO : EventManager : Event: ======'bumper1_default_hit'====== Args={'profile': 'default', 'state': 'lit', 'advancing': False}
2025-10-30 23:18:05,409 : INFO : EventManager : Event: ======'bumper1_default_lit_hit'====== Args={'profile': 'default', 'state': 'lit', 'advancing': False}
2025-10-30 23:18:05,409 : INFO : EventManager : Event: ======'bumper1_lit_hit'====== Args={'profile': 'default', 'state': 'lit', 'advancing': False}
2025-10-30 23:18:05,409 : INFO : EventManager : Event: ======'bumpers_hit'====== Args={'shot': 'bumper1'}
2025-10-30 23:18:05,409 : INFO : EventManager : Event: ======'bumpers_lit_hit'====== Args={'shot': 'bumper1'}
2025-10-30 23:18:05,409 : INFO : EventManager : Event: ======'player_score'====== Args={'value': 60000, 'prev_value': 50000, 'change': 10000, 'player_num': 1, 'source': 'bumpers'}
2025-10-30 23:18:05,473 : INFO : SwitchController : <<<<<<< 's_popbumper2' inactive >>>>>>>
2025-10-30 23:18:05,474 : INFO : SwitchController : <<<<<<< 's_popbumper1' inactive >>>>>>>
2025-10-30 23:18:05,540 : INFO : SwitchController : <<<<<<< 's_popbumper1' active >>>>>>>
2025-10-30 23:18:05,541 : INFO : EventManager : Event: ======'s_popbumper1_active'====== Args={}
2025-10-30 23:18:05,541 : INFO : EventManager : Event: ======'machine_var_audits_switches_s_popbumper1'====== Args={'value': 2986, 'prev_value': 2985, 'change': 1}
2025-10-30 23:18:05,542 : INFO : EventManager : Event: ======'machine_var_audits_shots_bumper1'====== Args={'value': 2986, 'prev_value': 2985, 'change': 1}
2025-10-30 23:18:05,542 : INFO : EventManager : Event: ======'bumper1_hit'====== Args={'profile': 'default', 'state': 'lit', 'advancing': False}
2025-10-30 23:18:05,542 : INFO : EventManager : Event: ======'bumper1_default_hit'====== Args={'profile': 'default', 'state': 'lit', 'advancing': False}
2025-10-30 23:18:05,542 : INFO : EventManager : Event: ======'bumper1_default_lit_hit'====== Args={'profile': 'default', 'state': 'lit', 'advancing': False}
2025-10-30 23:18:05,543 : INFO : EventManager : Event: ======'bumper1_lit_hit'====== Args={'profile': 'default', 'state': 'lit', 'advancing': False}
2025-10-30 23:18:05,543 : INFO : EventManager : Event: ======'bumpers_hit'====== Args={'shot': 'bumper1'}
2025-10-30 23:18:05,543 : INFO : EventManager : Event: ======'bumpers_lit_hit'====== Args={'shot': 'bumper1'}
2025-10-30 23:18:05,543 : INFO : EventManager : Event: ======'player_score'====== Args={'value': 70000, 'prev_value': 60000, 'change': 10000, 'player_num': 1, 'source': 'bumpers'}
2025-10-30 23:18:05,556 : INFO : SwitchController : <<<<<<< 's_popbumper2' active >>>>>>>
2025-10-30 23:18:05,557 : INFO : EventManager : Event: ======'s_popbumper2_active'====== Args={}
2025-10-30 23:18:05,557 : INFO : EventManager : Event: ======'machine_var_audits_switches_s_popbumper2'====== Args={'value': 2971, 'prev_value': 2970, 'change': 1}
2025-10-30 23:18:05,558 : INFO : EventManager : Event: ======'machine_var_audits_shots_bumper2'====== Args={'value': 2971, 'prev_value': 2970, 'change': 1}
2025-10-30 23:18:05,558 : INFO : EventManager : Event: ======'bumper2_hit'====== Args={'profile': 'default', 'state': 'lit', 'advancing': False}
2025-10-30 23:18:05,558 : INFO : EventManager : Event: ======'bumper2_default_hit'====== Args={'profile': 'default', 'state': 'lit', 'advancing': False}
2025-10-30 23:18:05,558 : INFO : EventManager : Event: ======'bumper2_default_lit_hit'====== Args={'profile': 'default', 'state': 'lit', 'advancing': False}
2025-10-30 23:18:05,559 : INFO : EventManager : Event: ======'bumper2_lit_hit'====== Args={'profile': 'default', 'state': 'lit', 'advancing': False}
2025-10-30 23:18:05,559 : INFO : EventManager : Event: ======'bumpers_hit'====== Args={'shot': 'bumper2'}
2025-10-30 23:18:05,559 : INFO : EventManager : Event: ======'bumpers_lit_hit'====== Args={'shot': 'bumper2'}
2025-10-30 23:18:05,559 : INFO : EventManager : Event: ======'player_score'====== Args={'value': 80000, 'prev_value': 70000, 'change': 10000, 'player_num': 1, 'source': 'bumpers'}
2025-10-30 23:18:05,657 : INFO : SwitchController : <<<<<<< 's_popbumper1' inactive >>>>>>>
2025-10-30 23:18:05,674 : INFO : SwitchController : <<<<<<< 's_popbumper2' inactive >>>>>>>
2025-10-30 23:18:05,757 : INFO : SwitchController : <<<<<<< 's_popbumper1' active >>>>>>>
2025-10-30 23:18:05,757 : INFO : EventManager : Event: ======'s_popbumper1_active'====== Args={}
2025-10-30 23:18:05,757 : INFO : EventManager : Event: ======'machine_var_audits_switches_s_popbumper1'====== Args={'value': 2987, 'prev_value': 2986, 'change': 1}
2025-10-30 23:18:05,758 : INFO : EventManager : Event: ======'machine_var_audits_shots_bumper1'====== Args={'value': 2987, 'prev_value': 2986, 'change': 1}
2025-10-30 23:18:05,759 : INFO : EventManager : Event: ======'bumper1_hit'====== Args={'profile': 'default', 'state': 'lit', 'advancing': False}
2025-10-30 23:18:05,759 : INFO : EventManager : Event: ======'bumper1_default_hit'====== Args={'profile': 'default', 'state': 'lit', 'advancing': False}
2025-10-30 23:18:05,759 : INFO : EventManager : Event: ======'bumper1_default_lit_hit'====== Args={'profile': 'default', 'state': 'lit', 'advancing': False}
2025-10-30 23:18:05,759 : INFO : EventManager : Event: ======'bumper1_lit_hit'====== Args={'profile': 'default', 'state': 'lit', 'advancing': False}
2025-10-30 23:18:05,759 : INFO : EventManager : Event: ======'bumpers_hit'====== Args={'shot': 'bumper1'}
2025-10-30 23:18:05,759 : INFO : EventManager : Event: ======'bumpers_lit_hit'====== Args={'shot': 'bumper1'}
2025-10-30 23:18:05,759 : INFO : EventManager : Event: ======'player_score'====== Args={'value': 90000, 'prev_value': 80000, 'change': 10000, 'player_num': 1, 'source': 'bumpers'}
2025-10-30 23:18:05,790 : INFO : SwitchController : <<<<<<< 's_popbumper2' active >>>>>>>
2025-10-30 23:18:05,790 : INFO : EventManager : Event: ======'s_popbumper2_active'====== Args={}
2025-10-30 23:18:05,790 : INFO : EventManager : Event: ======'machine_var_audits_switches_s_popbumper2'====== Args={'value': 2972, 'prev_value': 2971, 'change': 1}
2025-10-30 23:18:05,791 : INFO : EventManager : Event: ======'machine_var_audits_shots_bumper2'====== Args={'value': 2972, 'prev_value': 2971, 'change': 1}
2025-10-30 23:18:05,791 : INFO : EventManager : Event: ======'bumper2_hit'====== Args={'profile': 'default', 'state': 'lit', 'advancing': False}
2025-10-30 23:18:05,791 : INFO : EventManager : Event: ======'bumper2_default_hit'====== Args={'profile': 'default', 'state': 'lit', 'advancing': False}
2025-10-30 23:18:05,791 : INFO : EventManager : Event: ======'bumper2_default_lit_hit'====== Args={'profile': 'default', 'state': 'lit', 'advancing': False}
2025-10-30 23:18:05,791 : INFO : EventManager : Event: ======'bumper2_lit_hit'====== Args={'profile': 'default', 'state': 'lit', 'advancing': False}
2025-10-30 23:18:05,792 : INFO : EventManager : Event: ======'bumpers_hit'====== Args={'shot': 'bumper2'}
2025-10-30 23:18:05,792 : INFO : EventManager : Event: ======'bumpers_lit_hit'====== Args={'shot': 'bumper2'}
2025-10-30 23:18:05,792 : INFO : EventManager : Event: ======'player_score'====== Args={'value': 100000, 'prev_value': 90000, 'change': 10000, 'player_num': 1, 'source': 'bumpers'}
2025-10-30 23:18:05,874 : INFO : SwitchController : <<<<<<< 's_popbumper2' inactive >>>>>>>
2025-10-30 23:18:05,874 : INFO : SwitchController : <<<<<<< 's_popbumper1' inactive >>>>>>>
2025-10-30 23:18:05,973 : INFO : SwitchController : <<<<<<< 's_popbumper1' active >>>>>>>
2025-10-30 23:18:05,974 : INFO : EventManager : Event: ======'s_popbumper1_active'====== Args={}
2025-10-30 23:18:05,974 : INFO : EventManager : Event: ======'machine_var_audits_switches_s_popbumper1'====== Args={'value': 2988, 'prev_value': 2987, 'change': 1}
2025-10-30 23:18:05,974 : INFO : EventManager : Event: ======'machine_var_audits_shots_bumper1'====== Args={'value': 2988, 'prev_value': 2987, 'change': 1}
2025-10-30 23:18:05,975 : INFO : EventManager : Event: ======'bumper1_hit'====== Args={'profile': 'default', 'state': 'lit', 'advancing': False}
2025-10-30 23:18:05,975 : INFO : EventManager : Event: ======'bumper1_default_hit'====== Args={'profile': 'default', 'state': 'lit', 'advancing': False}
2025-10-30 23:18:05,975 : INFO : EventManager : Event: ======'bumper1_default_lit_hit'====== Args={'profile': 'default', 'state': 'lit', 'advancing': False}
2025-10-30 23:18:05,975 : INFO : EventManager : Event: ======'bumper1_lit_hit'====== Args={'profile': 'default', 'state': 'lit', 'advancing': False}
2025-10-30 23:18:05,975 : INFO : EventManager : Event: ======'bumpers_hit'====== Args={'shot': 'bumper1'}
2025-10-30 23:18:05,975 : INFO : EventManager : Event: ======'bumpers_lit_hit'====== Args={'shot': 'bumper1'}
2025-10-30 23:18:05,975 : INFO : EventManager : Event: ======'player_score'====== Args={'value': 110000, 'prev_value': 100000, 'change': 10000, 'player_num': 1, 'source': 'bumpers'}
2025-10-30 23:18:05,976 : INFO : SwitchController : <<<<<<< 's_popbumper2' active >>>>>>>
2025-10-30 23:18:05,976 : INFO : EventManager : Event: ======'s_popbumper2_active'====== Args={}
2025-10-30 23:18:05,977 : INFO : EventManager : Event: ======'machine_var_audits_switches_s_popbumper2'====== Args={'value': 2973, 'prev_value': 2972, 'change': 1}
2025-10-30 23:18:05,977 : INFO : EventManager : Event: ======'machine_var_audits_shots_bumper2'====== Args={'value': 2973, 'prev_value': 2972, 'change': 1}
2025-10-30 23:18:05,977 : INFO : EventManager : Event: ======'bumper2_hit'====== Args={'profile': 'default', 'state': 'lit', 'advancing': False}
2025-10-30 23:18:05,978 : INFO : EventManager : Event: ======'bumper2_default_hit'====== Args={'profile': 'default', 'state': 'lit', 'advancing': False}
2025-10-30 23:18:05,978 : INFO : EventManager : Event: ======'bumper2_default_lit_hit'====== Args={'profile': 'default', 'state': 'lit', 'advancing': False}
2025-10-30 23:18:05,978 : INFO : EventManager : Event: ======'bumper2_lit_hit'====== Args={'profile': 'default', 'state': 'lit', 'advancing': False}
2025-10-30 23:18:05,978 : INFO : EventManager : Event: ======'bumpers_hit'====== Args={'shot': 'bumper2'}
2025-10-30 23:18:05,978 : INFO : EventManager : Event: ======'bumpers_lit_hit'====== Args={'shot': 'bumper2'}
2025-10-30 23:18:05,978 : INFO : EventManager : Event: ======'player_score'====== Args={'value': 120000, 'prev_value': 110000, 'change': 10000, 'player_num': 1, 'source': 'bumpers'}
2025-10-30 23:18:06,090 : INFO : SwitchController : <<<<<<< 's_popbumper2' inactive >>>>>>>
2025-10-30 23:18:06,091 : INFO : SwitchController : <<<<<<< 's_popbumper1' inactive >>>>>>>
2025-10-30 23:18:06,840 : INFO : SwitchController : <<<<<<< 's_drain' active >>>>>>>
2025-10-30 23:18:06,841 : INFO : EventManager : Event: ======'machine_var_audits_switches_s_drain'====== Args={'value': 198, 'prev_value': 197, 'change': 1}
2025-10-30 23:18:07,290 : INFO : SwitchController : <<<<<<< 's_drain' inactive >>>>>>>
2025-10-30 23:18:08,957 : INFO : SwitchController : <<<<<<< 's_drain' active >>>>>>>
2025-10-30 23:18:08,957 : INFO : EventManager : Event: ======'machine_var_audits_switches_s_drain'====== Args={'value': 199, 'prev_value': 198, 'change': 1}
2025-10-30 23:18:09,458 : INFO : EventManager : Event: ======'balldevice_bd_drain_ball_count_changed'====== Args={'balls': 1}
2025-10-30 23:18:09,458 : INFO : ball_device.bd_drain : Received unexpected ball
2025-10-30 23:18:09,459 : INFO : EventManager : Event: ======'balldevice_captured_from_playfield'====== Args={'balls': 1}
2025-10-30 23:18:09,459 : INFO : EventManager : Event: ======'sw_playfield_active'====== Args={'balls': 1}
2025-10-30 23:18:09,459 : INFO : EventManager : Event: ======'playfield_ball_count_change'====== Args={'balls': 0, 'change': -1}
2025-10-30 23:18:09,460 : INFO : EventManager : Event: ======'balldevice_bd_drain_ball_enter'====== Args={'new_balls': 1, 'unclaimed_balls': 1, 'new_available_balls': 1, 'device': <ball_device.bd_drain>}
2025-10-30 23:18:09,460 : INFO : EventManager : Event: ======'ball_drain'====== Args={'device': <ball_device.bd_drain>, 'balls': 1}
2025-10-30 23:18:09,461 : INFO : EventManager : Event: ======'ball_will_end'====== Args={}
2025-10-30 23:18:09,461 : INFO : EventManager : Event: ======'balldevice_balls_available'====== Args={}
2025-10-30 23:18:09,461 : INFO : EventManager : Event: ======'balldevice_balls_available'====== Args={}
2025-10-30 23:18:09,461 : INFO : EventManager : Event: ======'balldevice_bd_drain_ball_entered'====== Args={'new_balls': 1, 'device': <ball_device.bd_drain>}
2025-10-30 23:18:09,461 : INFO : EventManager : Event: ======'mode_base_will_stop'====== Args={}
2025-10-30 23:18:09,462 : INFO : EventManager : Event: ======'mode_base_stopping'====== Args={}
2025-10-30 23:18:09,462 : INFO : EventManager : Event: ======'stop_mode_bumpers'====== Args={'priority': 0}
2025-10-30 23:18:09,462 : INFO : EventManager : Event: ======'mode_bumpers_will_stop'====== Args={}
2025-10-30 23:18:09,462 : INFO : EventManager : Event: ======'mode_bumpers_stopping'====== Args={}
2025-10-30 23:18:09,462 : INFO : Mode.base : Stopped.
2025-10-30 23:18:09,462 : INFO : EventManager : Event: ======'modes_active_modes_changed'====== Args={}
2025-10-30 23:18:09,463 : INFO : EventManager : Event: ======'mode_base_stopped'====== Args={}
2025-10-30 23:18:09,463 : INFO : EventManager : Event: ======'clear'====== Args={'key': 'base'}
2025-10-30 23:18:09,464 : INFO : Timer.player_added_timer : Stopping Timer
2025-10-30 23:18:09,464 : INFO : EventManager : Event: ======'timer_player_added_timer_stopped'====== Args={'ticks': 1, 'ticks_remaining': 1}
2025-10-30 23:18:09,464 : INFO : Mode.bumpers : Stopped.
2025-10-30 23:18:09,464 : INFO : EventManager : Event: ======'modes_active_modes_changed'====== Args={}
2025-10-30 23:18:09,464 : INFO : EventManager : Event: ======'mode_bumpers_stopped'====== Args={}
2025-10-30 23:18:09,464 : INFO : EventManager : Event: ======'clear'====== Args={'key': 'bumpers'}
2025-10-30 23:18:09,465 : INFO : EventManager : Event: ======'ball_ending'====== Args={}
2025-10-30 23:18:09,466 : INFO : EventManager : Event: ======'ball_ended'====== Args={}
2025-10-30 23:18:09,467 : INFO : EventManager : Event: ======'player_turn_will_end'====== Args={'player': <Player 1>, 'number': 1}
2025-10-30 23:18:09,467 : INFO : ball_device.bd_drain : State: waiting_for_target_ready
2025-10-30 23:18:09,467 : INFO : EventManager : Event: ======'balldevice_bd_drain_ball_eject_attempt'====== Args={'balls': 1, 'target': <ball_device.bd_trough>, 'source': <ball_device.bd_drain>, 'mechanical_eject': False, 'num_attempts': 0}
2025-10-30 23:18:09,467 : INFO : ball_device.bd_drain : State: ejecting
2025-10-30 23:18:09,467 : INFO : ball_device.bd_drain : Ejecting ball to <ball_device.bd_trough>
2025-10-30 23:18:09,467 : INFO : EventManager : Event: ======'balldevice_bd_drain_ejecting_ball'====== Args={'balls': 1, 'target': <ball_device.bd_trough>, 'source': <ball_device.bd_drain>, 'mechanical_eject': False, 'num_attempts': 0}
2025-10-30 23:18:09,468 : INFO : EventManager : Event: ======'player_turn_ending'====== Args={'player': <Player 1>, 'number': 1}
2025-10-30 23:18:09,468 : INFO : EventManager : Event: ======'player_turn_ended'====== Args={'player': <Player 1>, 'number': 1}
2025-10-30 23:18:09,469 : INFO : EventManager : Event: ======'player_turn_will_start'====== Args={'player': <Player 2>, 'number': 2}
2025-10-30 23:18:09,469 : INFO : ball_device.bd_drain : Wait for ball to leave device
2025-10-30 23:18:09,469 : INFO : coil.c_drain_eject : Pulsing Driver for 20ms (1.0 pulse_power)
2025-10-30 23:18:09,469 : INFO : SwitchController : <<<<<<< 's_drain' inactive >>>>>>>
2025-10-30 23:18:09,470 : INFO : EventManager : Event: ======'player_turn_starting'====== Args={'player': <Player 2>, 'number': 2}
2025-10-30 23:18:09,470 : INFO : EventManager : Event: ======'player_ball'====== Args={'value': 1, 'prev_value': 0, 'change': 1, 'player_num': 2}
2025-10-30 23:18:09,470 : INFO : EventManager : Event: ======'player_turn_started'====== Args={'player': <Player 2>, 'number': 2}
2025-10-30 23:18:09,471 : INFO : EventManager : Event: ======'ball_will_start'====== Args={'player': 2, 'ball': 1, 'balls_remaining': 2, 'is_extra_ball': False}
2025-10-30 23:18:09,471 : INFO : ball_device.bd_drain : State: ball_left
2025-10-30 23:18:09,471 : INFO : ball_device.bd_drain : Ball left
2025-10-30 23:18:09,471 : INFO : ball_device.bd_drain : Wait for confirm with timeout 10.0
2025-10-30 23:18:09,471 : INFO : EventManager : Event: ======'ball_starting'====== Args={'player': 2, 'ball': 1, 'balls_remaining': 2, 'is_extra_ball': False}
2025-10-30 23:18:09,471 : INFO : EventManager : Event: ======'mode_base_will_start'====== Args={'queue': <QueuedEvent>, 'player': 2, 'ball': 1, 'balls_remaining': 2, 'is_extra_ball': False}
2025-10-30 23:18:09,472 : INFO : EventManager : Event: ======'player_base_player_added_timer_tick'====== Args={'value': 0, 'prev_value': 0, 'change': 0, 'player_num': 2}
2025-10-30 23:18:09,472 : INFO : Timer.player_added_timer : Starting Timer.
2025-10-30 23:18:09,472 : INFO : EventManager : Event: ======'timer_player_added_timer_started'====== Args={'ticks': 0, 'ticks_remaining': 1}
2025-10-30 23:18:09,472 : INFO : EventManager : Event: ======'timer_player_added_timer_tick'====== Args={'ticks': 0, 'ticks_remaining': 1}
2025-10-30 23:18:09,474 : INFO : EventManager : Event: ======'mode_base_starting'====== Args={'queue': <QueuedEvent>, 'player': 2, 'ball': 1, 'balls_remaining': 2, 'is_extra_ball': False}
2025-10-30 23:18:09,474 : INFO : Mode.base : Started. Priority: 100
2025-10-30 23:18:09,474 : INFO : EventManager : Event: ======'modes_active_modes_changed'====== Args={}
2025-10-30 23:18:09,474 : INFO : EventManager : Event: ======'mode_base_started'====== Args={'queue': <QueuedEvent>, 'player': 2, 'ball': 1, 'balls_remaining': 2, 'is_extra_ball': False}
2025-10-30 23:18:09,474 : INFO : EventManager : Event: ======'start_mode_bumpers'====== Args={'priority': 0}
2025-10-30 23:18:09,475 : INFO : EventManager : Event: ======'mode_bumpers_will_start'====== Args={'priority': 0}
2025-10-30 23:18:09,475 : INFO : EventManager : Event: ======'player_shot_bumper1_enabled'====== Args={'value': True, 'prev_value': 0, 'change': 1, 'player_num': 2}
2025-10-30 23:18:09,476 : INFO : EventManager : Event: ======'player_shot_bumper2_enabled'====== Args={'value': True, 'prev_value': 0, 'change': 1, 'player_num': 2}
2025-10-30 23:18:09,476 : INFO : EventManager : Event: ======'player_shot_bumper3_enabled'====== Args={'value': True, 'prev_value': 0, 'change': 1, 'player_num': 2}
2025-10-30 23:18:09,476 : INFO : EventManager : Event: ======'bumpers_complete'====== Args={'state': 'unlit'}
2025-10-30 23:18:09,476 : INFO : EventManager : Event: ======'bumpers_unlit_complete'====== Args={}
2025-10-30 23:18:09,477 : INFO : EventManager : Event: ======'mode_bumpers_starting'====== Args={'priority': 0}
2025-10-30 23:18:09,477 : INFO : Mode.bumpers : Started. Priority: 200
2025-10-30 23:18:09,477 : INFO : EventManager : Event: ======'modes_active_modes_changed'====== Args={}
2025-10-30 23:18:09,477 : INFO : EventManager : Event: ======'mode_bumpers_started'====== Args={'priority': 0}
2025-10-30 23:18:09,477 : INFO : EventManager : Event: ======'balls_in_play'====== Args={'balls': 1}
2025-10-30 23:18:09,477 : INFO : EventManager : Event: ======'ball_started'====== Args={'player': 2, 'ball': 1, 'balls_remaining': 2, 'is_extra_ball': False}
2025-10-30 23:18:09,478 : INFO : EventManager : Event: ======'multi_player_ball_started'====== Args={}
2025-10-30 23:18:09,478 : INFO : EventManager : Event: ======'player_2_ball_started'====== Args={}
2025-10-30 23:18:09,478 : INFO : EventManager : Event: ======'ball_start_target'====== Args={'target': 'playfield'}
2025-10-30 23:18:09,478 : INFO : ball_device.bd_trough : Setting up player-controlled eject. Balls: 1, Target: <playfield.playfield>, player_controlled_eject_event: None
2025-10-30 23:18:09,478 : INFO : ball_device.bd_trough : Adding 1 ball(s) to the eject_queue with target <playfield.playfield>.
2025-10-30 23:18:09,478 : INFO : EventManager : Event: ======'balldevice_balls_available'====== Args={}
2025-10-30 23:18:09,479 : INFO : ball_device.bd_trough : State: waiting_for_target_ready
2025-10-30 23:18:09,479 : INFO : EventManager : Event: ======'balldevice_bd_trough_ball_eject_attempt'====== Args={'balls': 1, 'target': <ball_device.bd_plunger>, 'source': <ball_device.bd_trough>, 'mechanical_eject': False, 'num_attempts': 0}
2025-10-30 23:18:09,479 : INFO : ball_device.bd_plunger : State: waiting_for_ball
2025-10-30 23:18:09,479 : INFO : ball_device.bd_trough : State: ejecting
2025-10-30 23:18:09,479 : INFO : ball_device.bd_trough : Ejecting ball to <ball_device.bd_plunger>
2025-10-30 23:18:09,480 : INFO : EventManager : Event: ======'balldevice_bd_trough_ejecting_ball'====== Args={'balls': 1, 'target': <ball_device.bd_plunger>, 'source': <ball_device.bd_trough>, 'mechanical_eject': False, 'num_attempts': 0}
2025-10-30 23:18:09,480 : INFO : ball_device.bd_trough : Wait for ball to leave device
2025-10-30 23:18:09,500 : INFO : coil.c_trough_eject : Pulsing Driver for 20ms (1.0 pulse_power)
2025-10-30 23:18:09,500 : INFO : SwitchController : <<<<<<< 's_trough2' inactive >>>>>>>
2025-10-30 23:18:09,501 : INFO : ball_device.bd_trough : State: ball_left
2025-10-30 23:18:09,501 : INFO : ball_device.bd_trough : Ball left
2025-10-30 23:18:09,501 : INFO : ball_device.bd_trough : Wait for confirm with timeout 3.0
2025-10-30 23:18:09,570 : INFO : SwitchController : <<<<<<< 's_trough1' active >>>>>>>
2025-10-30 23:18:09,571 : INFO : EventManager : Event: ======'machine_var_audits_switches_s_trough1'====== Args={'value': 124, 'prev_value': 123, 'change': 1}
2025-10-30 23:18:09,602 : INFO : SwitchController : <<<<<<< 's_plunger_lane' active >>>>>>>
2025-10-30 23:18:09,602 : INFO : EventManager : Event: ======'machine_var_audits_switches_s_plunger_lane'====== Args={'value': 335, 'prev_value': 334, 'change': 1}
2025-10-30 23:18:10,103 : INFO : ball_device.bd_plunger : Received ball from <ball_device.bd_trough>
2025-10-30 23:18:10,103 : INFO : EventManager : Event: ======'balldevice_bd_plunger_ball_enter'====== Args={'new_balls': 1, 'unclaimed_balls': 0, 'new_available_balls': 0, 'device': <ball_device.bd_plunger>}
2025-10-30 23:18:10,104 : INFO : EventManager : Event: ======'balldevice_bd_plunger_ball_entered'====== Args={'new_balls': 0, 'device': <ball_device.bd_plunger>}
2025-10-30 23:18:10,104 : INFO : EventManager : Event: ======'balldevice_bd_plunger_ball_count_changed'====== Args={'balls': 1}
2025-10-30 23:18:10,104 : INFO : ball_device.bd_trough : Got eject confirm
2025-10-30 23:18:10,104 : INFO : ball_device.bd_trough : Eject successful
2025-10-30 23:18:10,105 : INFO : EventManager : Event: ======'balldevice_bd_trough_ball_eject_success'====== Args={'balls': 1, 'target': <ball_device.bd_plunger>}
2025-10-30 23:18:10,105 : INFO : ball_device.bd_plunger : State: waiting_for_target_ready
2025-10-30 23:18:10,105 : INFO : EventManager : Event: ======'balldevice_bd_plunger_ball_eject_attempt'====== Args={'balls': 1, 'target': <playfield.playfield>, 'source': <ball_device.bd_plunger>, 'mechanical_eject': False, 'num_attempts': 0}
2025-10-30 23:18:10,105 : INFO : EventManager : Event: ======'balldevice_bd_trough_ball_count_changed'====== Args={'balls': 2}
2025-10-30 23:18:10,106 : INFO : ball_device.bd_trough : State: idle
2025-10-30 23:18:10,106 : INFO : EventManager : Event: ======'balldevice_bd_trough_ball_count_changed'====== Args={'balls': 3}
2025-10-30 23:18:10,106 : INFO : ball_device.bd_trough : Received ball from <ball_device.bd_drain>
2025-10-30 23:18:10,106 : INFO : EventManager : Event: ======'balldevice_bd_trough_ball_enter'====== Args={'new_balls': 1, 'unclaimed_balls': 0, 'new_available_balls': 0, 'device': <ball_device.bd_trough>}
2025-10-30 23:18:10,106 : INFO : ball_device.bd_plunger : State: ejecting
2025-10-30 23:18:10,106 : INFO : ball_device.bd_plunger : Ejecting ball to <playfield.playfield>
2025-10-30 23:18:10,106 : INFO : EventManager : Event: ======'balldevice_bd_plunger_ejecting_ball'====== Args={'balls': 1, 'target': <playfield.playfield>, 'source': <ball_device.bd_plunger>, 'mechanical_eject': False, 'num_attempts': 0}
2025-10-30 23:18:10,107 : INFO : EventManager : Event: ======'ball_drain'====== Args={'device': <ball_device.bd_trough>, 'balls': 0}
2025-10-30 23:18:10,107 : INFO : EventManager : Event: ======'balldevice_bd_trough_ball_entered'====== Args={'new_balls': 0, 'device': <ball_device.bd_trough>}
2025-10-30 23:18:10,108 : INFO : ball_device.bd_drain : Got eject confirm
2025-10-30 23:18:10,108 : INFO : ball_device.bd_drain : Eject successful
2025-10-30 23:18:10,108 : INFO : EventManager : Event: ======'balldevice_bd_drain_ball_eject_success'====== Args={'balls': 1, 'target': <ball_device.bd_trough>}
2025-10-30 23:18:10,109 : INFO : ball_device.bd_plunger : Wait for ball to leave device
2025-10-30 23:18:10,109 : INFO : coil.c_plunger : Pulsing Driver for 20ms (1.0 pulse_power)
2025-10-30 23:18:10,109 : INFO : SwitchController : <<<<<<< 's_plunger_lane' inactive >>>>>>>
2025-10-30 23:18:10,109 : INFO : EventManager : Event: ======'balldevice_bd_drain_ball_count_changed'====== Args={'balls': 0}
2025-10-30 23:18:10,109 : INFO : ball_device.bd_drain : State: idle
2025-10-30 23:18:10,110 : INFO : ball_device.bd_plunger : State: ball_left
2025-10-30 23:18:10,110 : INFO : ball_device.bd_plunger : Ball left
2025-10-30 23:18:10,110 : INFO : ball_device.bd_plunger : Wait for confirm with timeout 3.0
2025-10-30 23:18:10,173 : INFO : EventManager : Event: ======'player_base_player_added_timer_tick'====== Args={'value': 1, 'prev_value': 0, 'change': 1, 'player_num': 2}
2025-10-30 23:18:10,174 : INFO : Timer.player_added_timer : Timer Complete
2025-10-30 23:18:10,174 : INFO : Timer.player_added_timer : Stopping Timer
2025-10-30 23:18:10,174 : INFO : EventManager : Event: ======'timer_player_added_timer_stopped'====== Args={'ticks': 1, 'ticks_remaining': 1}
2025-10-30 23:18:10,174 : INFO : EventManager : Event: ======'timer_player_added_timer_complete'====== Args={'ticks': 1, 'ticks_remaining': 1}
2025-10-30 23:18:13,112 : INFO : ball_device.bd_plunger : State: failed_confirm
2025-10-30 23:18:13,112 : INFO : ball_device.bd_plunger : Got timeout (3.0s) before confirm from <playfield.playfield>
2025-10-30 23:18:13,213 : INFO : ball_device.bd_plunger : Confirming eject because target is playfield and ball did not return.
2025-10-30 23:18:13,213 : INFO : ball_device.bd_plunger : Eject successful
2025-10-30 23:18:13,213 : INFO : EventManager : Event: ======'balldevice_bd_plunger_ball_eject_success'====== Args={'balls': 1, 'target': <playfield.playfield>}
2025-10-30 23:18:13,213 : INFO : EventManager : Event: ======'balldevice_playfield_ball_enter'====== Args={'new_balls': 1, 'unclaimed_balls': 1, 'device': <playfield.playfield>}
2025-10-30 23:18:13,213 : INFO : EventManager : Event: ======'playfield_ball_count_change'====== Args={'balls': 1, 'change': 1}
2025-10-30 23:18:13,214 : INFO : EventManager : Event: ======'balldevice_bd_plunger_ball_count_changed'====== Args={'balls': 0}
2025-10-30 23:18:13,214 : INFO : ball_device.bd_plunger : State: idle
2025-10-30 23:19:36,350 : INFO : Machine : Shutting down...
2025-10-30 23:19:36,350 : INFO : EventManager : Event: ======'shutdown'====== Args={}
2025-10-30 23:19:36,351 : INFO : EventManager : Event: ======'mode_game_will_stop'====== Args={}
2025-10-30 23:19:36,351 : INFO : EventManager : Event: ======'mode_game_stopping'====== Args={}
2025-10-30 23:19:36,351 : INFO : EventManager : Event: ======'mode_bumpers_will_stop'====== Args={}
2025-10-30 23:19:36,351 : INFO : EventManager : Event: ======'mode_bumpers_stopping'====== Args={}
2025-10-30 23:19:36,351 : INFO : EventManager : Event: ======'mode_base_will_stop'====== Args={}
2025-10-30 23:19:36,352 : INFO : EventManager : Event: ======'mode_base_stopping'====== Args={}
2025-10-30 23:19:36,352 : INFO : EventManager : Event: ======'stop_mode_bumpers'====== Args={'priority': 0}
2025-10-30 23:19:36,352 : INFO : Mode.base : Stopped.
2025-10-30 23:19:36,352 : INFO : EventManager : Event: ======'modes_active_modes_changed'====== Args={}
2025-10-30 23:19:36,352 : INFO : EventManager : Event: ======'mode_base_stopped'====== Args={}
2025-10-30 23:19:36,352 : INFO : EventManager : Event: ======'clear'====== Args={'key': 'base'}
2025-10-30 23:19:36,352 : INFO : Timer.player_added_timer : Stopping Timer
2025-10-30 23:19:36,352 : INFO : EventManager : Event: ======'timer_player_added_timer_stopped'====== Args={'ticks': 1, 'ticks_remaining': 1}
2025-10-30 23:19:36,352 : INFO : Mode.bumpers : Stopped.
2025-10-30 23:19:36,352 : INFO : EventManager : Event: ======'modes_active_modes_changed'====== Args={}
2025-10-30 23:19:36,352 : INFO : EventManager : Event: ======'mode_bumpers_stopped'====== Args={}
2025-10-30 23:19:36,352 : INFO : EventManager : Event: ======'clear'====== Args={'key': 'bumpers'}
2025-10-30 23:19:36,353 : INFO : Mode.game : Stopped.
2025-10-30 23:19:36,353 : INFO : EventManager : Event: ======'modes_active_modes_changed'====== Args={}
2025-10-30 23:19:36,353 : INFO : EventManager : Event: ======'mode_game_stopped'====== Args={}
2025-10-30 23:19:36,353 : INFO : EventManager : Event: ======'clear'====== Args={'key': 'game'}
2025-10-30 23:19:36,355 : INFO : root : MPF run loop ended.
