2025-11-15 01:42:41,289 : INFO : root : Loading config.
2025-11-15 01:42:41,290 : INFO : YamlMultifileConfigLoader : Machine config file #1: config.yaml
2025-11-15 01:42:41,290 : INFO : ConfigProcessor : Loading config from cache: /var/folders/m3/0d4y64_n3fn8tnkv3ydlhztw0000gn/T/5ca32a6c950d03116abbed96ca44d372.mpf_cache
2025-11-15 01:42:41,302 : INFO : ConfigProcessor : Loading config from cache: /var/folders/m3/0d4y64_n3fn8tnkv3ydlhztw0000gn/T/01c495fa7450a81b4be96cb699872531.mpf_cache
2025-11-15 01:42:41,302 : INFO : ConfigProcessor : Loading config from cache: /var/folders/m3/0d4y64_n3fn8tnkv3ydlhztw0000gn/T/bfde29b5bb803376b0637bb8f0da27a7.mpf_cache
2025-11-15 01:42:41,302 : INFO : ConfigProcessor : Loading config from cache: /var/folders/m3/0d4y64_n3fn8tnkv3ydlhztw0000gn/T/01c495fa7450a81b4be96cb699872531.mpf_cache
2025-11-15 01:42:41,303 : INFO : ConfigProcessor : Loading config from cache: /var/folders/m3/0d4y64_n3fn8tnkv3ydlhztw0000gn/T/3ae89e09515ff8d8b11d68f672b2cc51.mpf_cache
2025-11-15 01:42:41,303 : INFO : ConfigProcessor : Loading config from cache: /var/folders/m3/0d4y64_n3fn8tnkv3ydlhztw0000gn/T/b96d5c0baa304abadecf96d33832535c.mpf_cache
2025-11-15 01:42:41,303 : INFO : ConfigProcessor : Loading config from cache: /var/folders/m3/0d4y64_n3fn8tnkv3ydlhztw0000gn/T/4c420229fa75118c2461cfc9ff5a44e2.mpf_cache
2025-11-15 01:42:41,303 : INFO : ConfigProcessor : Loading config from cache: /var/folders/m3/0d4y64_n3fn8tnkv3ydlhztw0000gn/T/f5ee6852f1764324c8553249cc53c871.mpf_cache
2025-11-15 01:42:41,303 : INFO : ConfigProcessor : Loading config from cache: /var/folders/m3/0d4y64_n3fn8tnkv3ydlhztw0000gn/T/73ac54cb7a83dfa5473900e439743a84.mpf_cache
2025-11-15 01:42:41,303 : INFO : ConfigProcessor : Loading config from cache: /var/folders/m3/0d4y64_n3fn8tnkv3ydlhztw0000gn/T/97c87487bc6ae826da86d36a6e042c78.mpf_cache
2025-11-15 01:42:41,303 : INFO : Machine : Mission Pinball Framework Core Engine v0.80.0.dev10
2025-11-15 01:42:41,303 : INFO : Machine : Command line arguments: {'no_load_cache': False, 'create_config_cache': True, 'bcp': True, 'configfile': ['config.yaml'], 'force_assets_load': False, 'platform_integration_test': False, 'jsonlogging': False, 'logfile': 'logs/2025-11-15-01-42-41-mpf-mac.home.log', 'pause': False, 'production': False, 'text_ui': False, 'loglevel': 15, 'consoleloglevel': 20, 'force_platform': 'smart_virtual', 'syslog_address': None, 'full_logfile_path': '/Users/didiergilbin/Desktop/Homebrew_CSI/logs/2025-11-15-01-42-41-mpf-mac.home.log'}
2025-11-15 01:42:41,303 : INFO : Machine : MPF path: /Users/didiergilbin/mpfenv/lib/python3.13/site-packages/mpf
2025-11-15 01:42:41,303 : INFO : Machine : Machine path: /Users/didiergilbin/Desktop/Homebrew_CSI
2025-11-15 01:42:41,303 : INFO : Machine : Platform: darwin
2025-11-15 01:42:41,303 : INFO : Machine : Python executable location: /Users/didiergilbin/mpfenv/bin/python3.13
2025-11-15 01:42:41,303 : INFO : Machine : Python version: 3.13.7 (64-bit)
2025-11-15 01:42:41,304 : INFO : Machine : Initializing MPF...
2025-11-15 01:42:41,317 : INFO : EventManager : Event: ======'machine_var_credits_string'====== Args={'value': 'FREE PLAY', 'prev_value': None, 'change': True}
2025-11-15 01:42:41,321 : INFO : EventManager : Event: ======'machine_var_master_volume'====== Args={'value': 0.5, 'prev_value': None, 'change': True}
2025-11-15 01:42:41,321 : INFO : EventManager : Event: ======'machine_var_player1_score'====== Args={'value': 368000, 'prev_value': None, 'change': True}
2025-11-15 01:42:41,321 : INFO : EventManager : Event: ======'machine_var_player2_score'====== Args={'value': 24000, 'prev_value': None, 'change': True}
2025-11-15 01:42:41,321 : INFO : EventManager : Event: ======'machine_var_player3_score'====== Args={'value': 21000, 'prev_value': None, 'change': True}
2025-11-15 01:42:41,321 : INFO : EventManager : Event: ======'machine_var_player4_score'====== Args={'value': 0, 'prev_value': None, 'change': True}
2025-11-15 01:42:41,321 : INFO : EventManager : Event: ======'machine_var_mpf_version'====== Args={'value': 'Mission Pinball Framework v0.80.0.dev10', 'prev_value': None, 'change': True}
2025-11-15 01:42:41,321 : INFO : EventManager : Event: ======'machine_var_mpf_extended_version'====== Args={'value': 'Mission Pinball Framework v0.80.0.dev10, Config version:6, Show version: 6, BCP version:1.1', 'prev_value': None, 'change': True}
2025-11-15 01:42:41,321 : INFO : EventManager : Event: ======'machine_var_python_version'====== Args={'value': '3.13.7', 'prev_value': None, 'change': True}
2025-11-15 01:42:41,328 : INFO : EventManager : Event: ======'machine_var_platform'====== Args={'value': 'macOS-15.6.1-arm64-arm-64bit-Mach-O', 'prev_value': None, 'change': True}
2025-11-15 01:42:41,328 : INFO : EventManager : Event: ======'machine_var_platform_system'====== Args={'value': 'Darwin', 'prev_value': None, 'change': True}
2025-11-15 01:42:41,328 : INFO : EventManager : Event: ======'machine_var_platform_release'====== Args={'value': '24.6.0', 'prev_value': None, 'change': True}
2025-11-15 01:42:41,328 : INFO : EventManager : Event: ======'machine_var_platform_version'====== Args={'value': 'Darwin Kernel Version 24.6.0: Mon Jul 14 11:30:40 PDT 2025; root:xnu-11417.140.69~1/RELEASE_ARM64_T8132', 'prev_value': None, 'change': True}
2025-11-15 01:42:41,328 : INFO : EventManager : Event: ======'machine_var_platform_machine'====== Args={'value': 'arm64', 'prev_value': None, 'change': True}
2025-11-15 01:42:41,328 : INFO : EventManager : Event: ======'machine_var_log_file_path'====== Args={'value': '/Users/didiergilbin/Desktop/Homebrew_CSI/logs/2025-11-15-01-42-41-mpf-mac.home.log', 'prev_value': None, 'change': True}
2025-11-15 01:42:41,328 : INFO : EventManager : Event: ======'init_phase_1'====== Args={}
2025-11-15 01:42:41,336 : INFO : EventManager : Event: ======'init_phase_2'====== Args={}
2025-11-15 01:42:41,336 : INFO : SwitchController : Found active switch: ('2', <Platform.SmartVirtual>) <switch.s_trough1>
2025-11-15 01:42:41,336 : INFO : SwitchController : Found active switch: ('3', <Platform.SmartVirtual>) <switch.s_trough2>
2025-11-15 01:42:41,336 : INFO : SwitchController : Found active switch: ('4', <Platform.SmartVirtual>) <switch.s_trough3>
2025-11-15 01:42:41,336 : INFO : SwitchController : Found active switch: ('5', <Platform.SmartVirtual>) <switch.s_trough4>
2025-11-15 01:42:41,337 : INFO : EventManager : Event: ======'bcp_connection_attempt'====== Args={'name': 'local_display', 'host': 'localhost', 'port': 5050}
2025-11-15 01:42:41,337 : INFO : BCPClientSocket : Connecting BCP to 'local_display' at localhost:5050...
2025-11-15 01:42:41,340 : INFO : BCPClientSocket : Connected BCP to 'local_display' localhost:5050
2025-11-15 01:42:41,340 : INFO : EventManager : Event: ======'bcp_clients_connected'====== Args={}
2025-11-15 01:42:41,340 : INFO : ball_device.bd_drain : BCH: Initial count: 0
2025-11-15 01:42:41,340 : INFO : ball_device.bd_drain : State: idle
2025-11-15 01:42:41,340 : INFO : ball_device.bd_trough : BCH: Initial count: 4
2025-11-15 01:42:41,340 : INFO : ball_device.bd_trough : State: idle
2025-11-15 01:42:41,340 : INFO : ball_device.bd_plunger : BCH: Initial count: 0
2025-11-15 01:42:41,340 : INFO : ball_device.bd_plunger : State: idle
2025-11-15 01:42:41,344 : INFO : EventManager : Event: ======'init_phase_3'====== Args={}
2025-11-15 01:42:41,345 : INFO : EventManager : Event: ======'init_phase_4'====== Args={}
2025-11-15 01:42:41,345 : INFO : BallController : Initial balls found: 4
2025-11-15 01:42:41,345 : INFO : EventManager : Event: ======'machine_var_audits_events_game_ended'====== Args={'value': 54, 'prev_value': None, 'change': True}
2025-11-15 01:42:41,345 : INFO : EventManager : Event: ======'machine_var_audits_events_game_started'====== Args={'value': 563, 'prev_value': None, 'change': True}
2025-11-15 01:42:41,345 : INFO : EventManager : Event: ======'machine_var_audits_missing_switches_s_centriguge_enter'====== Args={'value': 1, 'prev_value': None, 'change': True}
2025-11-15 01:42:41,345 : INFO : EventManager : Event: ======'machine_var_audits_missing_switches_s_drain'====== Args={'value': 13, 'prev_value': None, 'change': True}
2025-11-15 01:42:41,345 : INFO : EventManager : Event: ======'machine_var_audits_missing_switches_s_launch_button'====== Args={'value': 210, 'prev_value': None, 'change': True}
2025-11-15 01:42:41,345 : INFO : EventManager : Event: ======'machine_var_audits_missing_switches_s_left_flipper'====== Args={'value': 29, 'prev_value': None, 'change': True}
2025-11-15 01:42:41,345 : INFO : EventManager : Event: ======'machine_var_audits_missing_switches_s_left_inlane1'====== Args={'value': 26, 'prev_value': None, 'change': True}
2025-11-15 01:42:41,345 : INFO : EventManager : Event: ======'machine_var_audits_missing_switches_s_left_inlane2'====== Args={'value': 38, 'prev_value': None, 'change': True}
2025-11-15 01:42:41,345 : INFO : EventManager : Event: ======'machine_var_audits_missing_switches_s_left_orbit'====== Args={'value': 1, 'prev_value': None, 'change': True}
2025-11-15 01:42:41,345 : INFO : EventManager : Event: ======'machine_var_audits_missing_switches_s_left_outlane'====== Args={'value': 178, 'prev_value': None, 'change': True}
2025-11-15 01:42:41,345 : INFO : EventManager : Event: ======'machine_var_audits_missing_switches_s_microscope_left'====== Args={'value': 1, 'prev_value': None, 'change': True}
2025-11-15 01:42:41,345 : INFO : EventManager : Event: ======'machine_var_audits_missing_switches_s_microscope_right'====== Args={'value': 1, 'prev_value': None, 'change': True}
2025-11-15 01:42:41,345 : INFO : EventManager : Event: ======'machine_var_audits_missing_switches_s_morgue'====== Args={'value': 13, 'prev_value': None, 'change': True}
2025-11-15 01:42:41,345 : INFO : EventManager : Event: ======'machine_var_audits_missing_switches_s_popbumper1'====== Args={'value': 10, 'prev_value': None, 'change': True}
2025-11-15 01:42:41,345 : INFO : EventManager : Event: ======'machine_var_audits_missing_switches_s_popbumper2'====== Args={'value': 17, 'prev_value': None, 'change': True}
2025-11-15 01:42:41,345 : INFO : EventManager : Event: ======'machine_var_audits_missing_switches_s_popbumper3'====== Args={'value': 20, 'prev_value': None, 'change': True}
2025-11-15 01:42:41,345 : INFO : EventManager : Event: ======'machine_var_audits_missing_switches_s_right_flipper'====== Args={'value': 27, 'prev_value': None, 'change': True}
2025-11-15 01:42:41,345 : INFO : EventManager : Event: ======'machine_var_audits_missing_switches_s_right_inlane'====== Args={'value': 27, 'prev_value': None, 'change': True}
2025-11-15 01:42:41,345 : INFO : EventManager : Event: ======'machine_var_audits_missing_switches_s_right_orbit'====== Args={'value': 13, 'prev_value': None, 'change': True}
2025-11-15 01:42:41,345 : INFO : EventManager : Event: ======'machine_var_audits_missing_switches_s_right_outlane'====== Args={'value': 178, 'prev_value': None, 'change': True}
2025-11-15 01:42:41,345 : INFO : EventManager : Event: ======'machine_var_audits_missing_switches_s_right_spinner'====== Args={'value': 1, 'prev_value': None, 'change': True}
2025-11-15 01:42:41,345 : INFO : EventManager : Event: ======'machine_var_audits_missing_switches_s_scoop'====== Args={'value': 1, 'prev_value': None, 'change': True}
2025-11-15 01:42:41,345 : INFO : EventManager : Event: ======'machine_var_audits_missing_switches_s_sling_left'====== Args={'value': 563, 'prev_value': None, 'change': True}
2025-11-15 01:42:41,345 : INFO : EventManager : Event: ======'machine_var_audits_missing_switches_s_sling_right'====== Args={'value': 563, 'prev_value': None, 'change': True}
2025-11-15 01:42:41,346 : INFO : EventManager : Event: ======'machine_var_audits_missing_switches_s_start'====== Args={'value': 3, 'prev_value': None, 'change': True}
2025-11-15 01:42:41,346 : INFO : EventManager : Event: ======'machine_var_audits_missing_switches_s_trough1'====== Args={'value': 13, 'prev_value': None, 'change': True}
2025-11-15 01:42:41,346 : INFO : EventManager : Event: ======'machine_var_audits_missing_switches_s_trough2'====== Args={'value': 124, 'prev_value': None, 'change': True}
2025-11-15 01:42:41,346 : INFO : EventManager : Event: ======'machine_var_audits_missing_switches_s_trough3'====== Args={'value': 341, 'prev_value': None, 'change': True}
2025-11-15 01:42:41,346 : INFO : EventManager : Event: ======'machine_var_audits_missing_switches_s_trough4'====== Args={'value': 341, 'prev_value': None, 'change': True}
2025-11-15 01:42:41,346 : INFO : EventManager : Event: ======'machine_var_audits_missing_switches_s_trough_jam'====== Args={'value': 277, 'prev_value': None, 'change': True}
2025-11-15 01:42:41,346 : INFO : EventManager : Event: ======'machine_var_audits_player_score'====== Args={'value': {'average': 215167, 'top': [10210000, 1550000, 1070000, 1070000, 810000, 710000, 640000, 570000, 530000, 480000], 'total': 118}, 'prev_value': None, 'change': True}
2025-11-15 01:42:41,346 : INFO : EventManager : Event: ======'machine_var_audits_shots_bumper1'====== Args={'value': 4521, 'prev_value': None, 'change': True}
2025-11-15 01:42:41,346 : INFO : EventManager : Event: ======'machine_var_audits_shots_bumper2'====== Args={'value': 4420, 'prev_value': None, 'change': True}
2025-11-15 01:42:41,346 : INFO : EventManager : Event: ======'machine_var_audits_shots_bumper3'====== Args={'value': 4261, 'prev_value': None, 'change': True}
2025-11-15 01:42:41,346 : INFO : EventManager : Event: ======'machine_var_audits_shots_c_shot'====== Args={'value': 176, 'prev_value': None, 'change': True}
2025-11-15 01:42:41,346 : INFO : EventManager : Event: ======'machine_var_audits_shots_csi_shot'====== Args={'value': 9, 'prev_value': None, 'change': True}
2025-11-15 01:42:41,346 : INFO : EventManager : Event: ======'machine_var_audits_shots_i_shot'====== Args={'value': 148, 'prev_value': None, 'change': True}
2025-11-15 01:42:41,346 : INFO : EventManager : Event: ======'machine_var_audits_shots_s10'====== Args={'value': 9, 'prev_value': None, 'change': True}
2025-11-15 01:42:41,346 : INFO : EventManager : Event: ======'machine_var_audits_shots_s11'====== Args={'value': 8, 'prev_value': None, 'change': True}
2025-11-15 01:42:41,346 : INFO : EventManager : Event: ======'machine_var_audits_shots_s13'====== Args={'value': 2, 'prev_value': None, 'change': True}
2025-11-15 01:42:41,346 : INFO : EventManager : Event: ======'machine_var_audits_shots_s2'====== Args={'value': 33, 'prev_value': None, 'change': True}
2025-11-15 01:42:41,346 : INFO : EventManager : Event: ======'machine_var_audits_shots_s5'====== Args={'value': 13, 'prev_value': None, 'change': True}
2025-11-15 01:42:41,346 : INFO : EventManager : Event: ======'machine_var_audits_shots_s6'====== Args={'value': 10, 'prev_value': None, 'change': True}
2025-11-15 01:42:41,346 : INFO : EventManager : Event: ======'machine_var_audits_shots_s7'====== Args={'value': 20, 'prev_value': None, 'change': True}
2025-11-15 01:42:41,346 : INFO : EventManager : Event: ======'machine_var_audits_shots_s8'====== Args={'value': 7, 'prev_value': None, 'change': True}
2025-11-15 01:42:41,346 : INFO : EventManager : Event: ======'machine_var_audits_shots_s9'====== Args={'value': 105, 'prev_value': None, 'change': True}
2025-11-15 01:42:41,346 : INFO : EventManager : Event: ======'machine_var_audits_shots_s_shot'====== Args={'value': 161, 'prev_value': None, 'change': True}
2025-11-15 01:42:41,346 : INFO : EventManager : Event: ======'machine_var_audits_shots_switch_shot'====== Args={'value': 245, 'prev_value': None, 'change': True}
2025-11-15 01:42:41,346 : INFO : EventManager : Event: ======'machine_var_audits_switches_s_centriguge_enter'====== Args={'value': 12, 'prev_value': None, 'change': True}
2025-11-15 01:42:41,346 : INFO : EventManager : Event: ======'machine_var_audits_switches_s_drain'====== Args={'value': 558, 'prev_value': None, 'change': True}
2025-11-15 01:42:41,346 : INFO : EventManager : Event: ======'machine_var_audits_switches_s_launch_button'====== Args={'value': 1, 'prev_value': None, 'change': True}
2025-11-15 01:42:41,346 : INFO : EventManager : Event: ======'machine_var_audits_switches_s_left_flipper'====== Args={'value': 478, 'prev_value': None, 'change': True}
2025-11-15 01:42:41,346 : INFO : EventManager : Event: ======'machine_var_audits_switches_s_left_inlane1'====== Args={'value': 186, 'prev_value': None, 'change': True}
2025-11-15 01:42:41,346 : INFO : EventManager : Event: ======'machine_var_audits_switches_s_left_inlane2'====== Args={'value': 168, 'prev_value': None, 'change': True}
2025-11-15 01:42:41,346 : INFO : EventManager : Event: ======'machine_var_audits_switches_s_left_orbit'====== Args={'value': 4, 'prev_value': None, 'change': True}
2025-11-15 01:42:41,346 : INFO : EventManager : Event: ======'machine_var_audits_switches_s_left_outlane'====== Args={'value': 1, 'prev_value': None, 'change': True}
2025-11-15 01:42:41,346 : INFO : EventManager : Event: ======'machine_var_audits_switches_s_microscope_left'====== Args={'value': 3, 'prev_value': None, 'change': True}
2025-11-15 01:42:41,346 : INFO : EventManager : Event: ======'machine_var_audits_switches_s_microscope_right'====== Args={'value': 3, 'prev_value': None, 'change': True}
2025-11-15 01:42:41,346 : INFO : EventManager : Event: ======'machine_var_audits_switches_s_morgue'====== Args={'value': 70, 'prev_value': None, 'change': True}
2025-11-15 01:42:41,346 : INFO : EventManager : Event: ======'machine_var_audits_switches_s_plunger_lane'====== Args={'value': 1017, 'prev_value': None, 'change': True}
2025-11-15 01:42:41,346 : INFO : EventManager : Event: ======'machine_var_audits_switches_s_popbumper1'====== Args={'value': 4565, 'prev_value': None, 'change': True}
2025-11-15 01:42:41,346 : INFO : EventManager : Event: ======'machine_var_audits_switches_s_popbumper2'====== Args={'value': 4461, 'prev_value': None, 'change': True}
2025-11-15 01:42:41,346 : INFO : EventManager : Event: ======'machine_var_audits_switches_s_popbumper3'====== Args={'value': 4303, 'prev_value': None, 'change': True}
2025-11-15 01:42:41,346 : INFO : EventManager : Event: ======'machine_var_audits_switches_s_ramp'====== Args={'value': 1154, 'prev_value': None, 'change': True}
2025-11-15 01:42:41,346 : INFO : EventManager : Event: ======'machine_var_audits_switches_s_right_flipper'====== Args={'value': 787, 'prev_value': None, 'change': True}
2025-11-15 01:42:41,346 : INFO : EventManager : Event: ======'machine_var_audits_switches_s_right_inlane'====== Args={'value': 154, 'prev_value': None, 'change': True}
2025-11-15 01:42:41,346 : INFO : EventManager : Event: ======'machine_var_audits_switches_s_right_orbit'====== Args={'value': 118, 'prev_value': None, 'change': True}
2025-11-15 01:42:41,346 : INFO : EventManager : Event: ======'machine_var_audits_switches_s_right_outlane'====== Args={'value': 5, 'prev_value': None, 'change': True}
2025-11-15 01:42:41,346 : INFO : EventManager : Event: ======'machine_var_audits_switches_s_right_spinner'====== Args={'value': 2, 'prev_value': None, 'change': True}
2025-11-15 01:42:41,346 : INFO : EventManager : Event: ======'machine_var_audits_switches_s_scoop'====== Args={'value': 448, 'prev_value': None, 'change': True}
2025-11-15 01:42:41,346 : INFO : EventManager : Event: ======'machine_var_audits_switches_s_skull_lock1'====== Args={'value': 86, 'prev_value': None, 'change': True}
2025-11-15 01:42:41,346 : INFO : EventManager : Event: ======'machine_var_audits_switches_s_skull_lock2'====== Args={'value': 92, 'prev_value': None, 'change': True}
2025-11-15 01:42:41,346 : INFO : EventManager : Event: ======'machine_var_audits_switches_s_sling_left'====== Args={'value': 0, 'prev_value': None, 'change': True}
2025-11-15 01:42:41,346 : INFO : EventManager : Event: ======'machine_var_audits_switches_s_sling_right'====== Args={'value': 0, 'prev_value': None, 'change': True}
2025-11-15 01:42:41,346 : INFO : EventManager : Event: ======'machine_var_audits_switches_s_start'====== Args={'value': 685, 'prev_value': None, 'change': True}
2025-11-15 01:42:41,346 : INFO : EventManager : Event: ======'machine_var_audits_switches_s_trough1'====== Args={'value': 393, 'prev_value': None, 'change': True}
2025-11-15 01:42:41,346 : INFO : EventManager : Event: ======'machine_var_audits_switches_s_trough2'====== Args={'value': 18, 'prev_value': None, 'change': True}
2025-11-15 01:42:41,346 : INFO : EventManager : Event: ======'machine_var_audits_switches_s_trough3'====== Args={'value': 1, 'prev_value': None, 'change': True}
2025-11-15 01:42:41,346 : INFO : EventManager : Event: ======'machine_var_audits_switches_s_trough4'====== Args={'value': 1, 'prev_value': None, 'change': True}
2025-11-15 01:42:41,346 : INFO : EventManager : Event: ======'machine_var_audits_switches_s_trough_jam'====== Args={'value': 8, 'prev_value': None, 'change': True}
2025-11-15 01:42:41,346 : INFO : EventManager : Event: ======'init_phase_5'====== Args={}
2025-11-15 01:42:41,346 : INFO : EventManager : Event: ======'init_done'====== Args={}
2025-11-15 01:42:41,347 : INFO : EventManager : Event: ======'machine_reset_phase_1'====== Args={}
2025-11-15 01:42:41,358 : INFO : EventManager : Event: ======'machine_reset_phase_2'====== Args={}
2025-11-15 01:42:41,358 : INFO : EventManager : Event: ======'machine_reset_phase_3'====== Args={}
2025-11-15 01:42:41,359 : INFO : EventManager : Event: ======'reset_complete'====== Args={}
2025-11-15 01:42:41,359 : INFO : EventManager : Event: ======'mode_attract_will_start'====== Args={}
2025-11-15 01:42:41,359 : INFO : Timer.attract_carousel_timer : Starting Timer.
2025-11-15 01:42:41,359 : INFO : EventManager : Event: ======'timer_attract_carousel_timer_started'====== Args={'ticks': 0, 'ticks_remaining': 1}
2025-11-15 01:42:41,359 : INFO : EventManager : Event: ======'timer_attract_carousel_timer_tick'====== Args={'ticks': 0, 'ticks_remaining': 1}
2025-11-15 01:42:41,360 : INFO : EventManager : Event: ======'mode_attract_starting'====== Args={}
2025-11-15 01:42:41,360 : INFO : Mode.attract : Started. Priority: 10
2025-11-15 01:42:41,360 : INFO : EventManager : Event: ======'modes_active_modes_changed'====== Args={}
2025-11-15 01:42:41,360 : INFO : EventManager : Event: ======'mode_attract_started'====== Args={}
2025-11-15 01:42:41,360 : INFO : EventManager : Event: ======'collecting_balls_complete'====== Args={}
2025-11-15 01:42:41,360 : INFO : EventManager : Event: ======'carousel_item_highlighted'====== Args={'carousel': 'attract', 'direction': None, 'item': 'title'}
2025-11-15 01:42:41,360 : INFO : Machine : Starting the main run loop with active modes: [<Mode.attract>]
2025-11-15 01:42:41,744 : INFO : EventManager : Event: ======'slide_attract_created'====== Args={'_from_bcp': True}
2025-11-15 01:42:41,744 : INFO : EventManager : Event: ======'slide__removed'====== Args={'_from_bcp': True}
2025-11-15 01:42:41,744 : INFO : EventManager : Event: ======'slide_attract_active'====== Args={'original_context': 'attract', 'original_calling_context': 'mode_attract_started', 'priority': 10.0, 'cmd': 'slides_play', '_from_bcp': True}
2025-11-15 01:42:42,311 : INFO : BcpServer : New client connected.
2025-11-15 01:42:46,360 : INFO : Timer.attract_carousel_timer : Timer Complete
2025-11-15 01:42:46,360 : INFO : Timer.attract_carousel_timer : Stopping Timer
2025-11-15 01:42:46,361 : INFO : EventManager : Event: ======'timer_attract_carousel_timer_stopped'====== Args={'ticks': 1, 'ticks_remaining': 1}
2025-11-15 01:42:46,361 : INFO : EventManager : Event: ======'timer_attract_carousel_timer_complete'====== Args={'ticks': 1, 'ticks_remaining': 1}
2025-11-15 01:42:46,361 : INFO : EventManager : Event: ======'carousel_item_highlighted'====== Args={'carousel': 'attract', 'direction': 'forwards', 'item': 'credits'}
2025-11-15 01:42:47,808 : INFO : SwitchController : <<<<<<< 's_start' active >>>>>>>
2025-11-15 01:42:47,959 : INFO : SwitchController : <<<<<<< 's_start' inactive >>>>>>>
2025-11-15 01:42:47,959 : INFO : EventManager : Event: ======'request_to_start_game'====== Args={}
2025-11-15 01:42:47,960 : INFO : EventManager : Event: ======'game_start'====== Args={'buttons': [], 'hold_time': 0.1505951670696959}
2025-11-15 01:42:47,960 : INFO : EventManager : Event: ======'mode_game_will_start'====== Args={'buttons': [], 'hold_time': 0.1505951670696959}
2025-11-15 01:42:47,962 : INFO : EventManager : Event: ======'mode_game_starting'====== Args={'buttons': [], 'hold_time': 0.1505951670696959}
2025-11-15 01:42:47,962 : INFO : EventManager : Event: ======'mode_attract_will_stop'====== Args={}
2025-11-15 01:42:47,962 : INFO : EventManager : Event: ======'mode_attract_stopping'====== Args={}
2025-11-15 01:42:47,962 : INFO : Mode.attract : Stopped.
2025-11-15 01:42:47,962 : INFO : EventManager : Event: ======'modes_active_modes_changed'====== Args={}
2025-11-15 01:42:47,963 : INFO : EventManager : Event: ======'mode_attract_stopped'====== Args={}
2025-11-15 01:42:47,963 : INFO : EventManager : Event: ======'clear'====== Args={'key': 'attract'}
2025-11-15 01:42:47,963 : INFO : Timer.attract_carousel_timer : Stopping Timer
2025-11-15 01:42:47,963 : INFO : EventManager : Event: ======'timer_attract_carousel_timer_stopped'====== Args={'ticks': 1, 'ticks_remaining': 1}
2025-11-15 01:42:47,963 : INFO : Mode.game : Started. Priority: 20
2025-11-15 01:42:47,963 : INFO : EventManager : Event: ======'modes_active_modes_changed'====== Args={}
2025-11-15 01:42:47,963 : INFO : EventManager : Event: ======'mode_game_started'====== Args={'buttons': [], 'hold_time': 0.1505951670696959}
2025-11-15 01:42:47,964 : INFO : EventManager : Event: ======'game_will_start'====== Args={}
2025-11-15 01:42:47,964 : INFO : EventManager : Event: ======'game_starting'====== Args={'game': <Mode.game>}
2025-11-15 01:42:47,965 : INFO : EventManager : Unordered handler for class <Auditor> on event game_ended with priority 1. Handlers: [RegisteredHandler(callback=<bound method Auditor.disable of <Auditor>>, priority=1, kwargs={}, key=UUID('d4f57aa3-17ee-44ad-bc02-25a7574c8a3c'), condition=None, blocking_facility=None), RegisteredHandler(callback=<bound method Auditor._save_audits of <Auditor>>, priority=1, kwargs={}, key=UUID('a473ed24-ce66-405b-838c-e52eda426f71'), condition=None, blocking_facility=None)]. The order of those handlers is not defined and they will be executed in random order. This might lead to race conditions and potential bugs.
2025-11-15 01:42:47,965 : INFO : EventManager : Event: ======'player_add_request'====== Args={}
2025-11-15 01:42:47,965 : INFO : EventManager : Event: ======'player_will_add'====== Args={'number': 1}
2025-11-15 01:42:47,966 : INFO : EventManager : Event: ======'player_adding'====== Args={'player': <Player 1>, 'number': 1}
2025-11-15 01:42:47,966 : INFO : EventManager : Event: ======'player_added'====== Args={'player': <Player 1>, 'num': 1}
2025-11-15 01:42:47,966 : INFO : Mode.game : Player added successfully. Total players: 1
2025-11-15 01:42:47,966 : INFO : EventManager : Event: ======'player_index'====== Args={'value': 0, 'prev_value': 0, 'change': 0, 'player_num': 1}
2025-11-15 01:42:47,966 : INFO : EventManager : Event: ======'player_number'====== Args={'value': 1, 'prev_value': 1, 'change': 0, 'player_num': 1}
2025-11-15 01:42:47,966 : INFO : EventManager : Event: ======'player_bonus_multiplier'====== Args={'value': 1, 'prev_value': 1, 'change': 0, 'player_num': 1}
2025-11-15 01:42:47,967 : INFO : EventManager : Event: ======'player_skull_ramp_nb'====== Args={'value': 0, 'prev_value': 0, 'change': 0, 'player_num': 1}
2025-11-15 01:42:47,967 : INFO : EventManager : Event: ======'player_skillshot'====== Args={'value': 0, 'prev_value': 0, 'change': 0, 'player_num': 1}
2025-11-15 01:42:47,967 : INFO : EventManager : Event: ======'player_skillshot_count'====== Args={'value': 0, 'prev_value': 0, 'change': 0, 'player_num': 1}
2025-11-15 01:42:47,967 : INFO : EventManager : Event: ======'player_tmp_int'====== Args={'value': 0, 'prev_value': 0, 'change': 0, 'player_num': 1}
2025-11-15 01:42:47,967 : INFO : EventManager : Event: ======'player_score'====== Args={'value': 0, 'prev_value': 0, 'change': 0, 'player_num': 1}
2025-11-15 01:42:47,968 : INFO : EventManager : Event: ======'game_started'====== Args={}
2025-11-15 01:42:47,968 : INFO : EventManager : Event: ======'player_turn_will_start'====== Args={'player': <Player 1>, 'number': 1}
2025-11-15 01:42:47,968 : INFO : EventManager : Event: ======'player_turn_starting'====== Args={'player': <Player 1>, 'number': 1}
2025-11-15 01:42:47,976 : INFO : EventManager : Event: ======'player_ball'====== Args={'value': 1, 'prev_value': 0, 'change': 1, 'player_num': 1}
2025-11-15 01:42:47,977 : INFO : EventManager : Event: ======'player_turn_started'====== Args={'player': <Player 1>, 'number': 1}
2025-11-15 01:42:47,977 : INFO : EventManager : Event: ======'ball_will_start'====== Args={'player': 1, 'ball': 1, 'balls_remaining': 2, 'is_extra_ball': False}
2025-11-15 01:42:47,978 : INFO : EventManager : Event: ======'ball_starting'====== Args={'player': 1, 'ball': 1, 'balls_remaining': 2, 'is_extra_ball': False}
2025-11-15 01:42:47,978 : INFO : EventManager : Event: ======'mode_base_will_start'====== Args={'queue': <QueuedEvent>, 'player': 1, 'ball': 1, 'balls_remaining': 2, 'is_extra_ball': False}
2025-11-15 01:42:47,978 : INFO : EventManager : Event: ======'player_base_player_added_timer_tick'====== Args={'value': 0, 'prev_value': 0, 'change': 0, 'player_num': 1}
2025-11-15 01:42:47,979 : INFO : Timer.player_added_timer : Starting Timer.
2025-11-15 01:42:47,979 : INFO : EventManager : Event: ======'timer_player_added_timer_started'====== Args={'ticks': 0, 'ticks_remaining': 1}
2025-11-15 01:42:47,979 : INFO : EventManager : Event: ======'timer_player_added_timer_tick'====== Args={'ticks': 0, 'ticks_remaining': 1}
2025-11-15 01:42:47,980 : INFO : EventManager : Event: ======'mode_base_starting'====== Args={'queue': <QueuedEvent>, 'player': 1, 'ball': 1, 'balls_remaining': 2, 'is_extra_ball': False}
2025-11-15 01:42:47,980 : INFO : Mode.base : Started. Priority: 100
2025-11-15 01:42:47,980 : INFO : EventManager : Event: ======'modes_active_modes_changed'====== Args={}
2025-11-15 01:42:47,980 : INFO : EventManager : Event: ======'mode_base_started'====== Args={'queue': <QueuedEvent>, 'player': 1, 'ball': 1, 'balls_remaining': 2, 'is_extra_ball': False}
2025-11-15 01:42:47,981 : INFO : EventManager : Event: ======'start_mode_bumpers'====== Args={'priority': 0}
2025-11-15 01:42:47,981 : INFO : EventManager : Event: ======'start_mode_csi_lanes'====== Args={'priority': 0}
2025-11-15 01:42:47,981 : INFO : EventManager : Event: ======'start_mode_skull'====== Args={'priority': 0}
2025-11-15 01:42:47,981 : INFO : EventManager : Event: ======'mode_bumpers_will_start'====== Args={'priority': 0}
2025-11-15 01:42:47,982 : INFO : EventManager : Event: ======'player_shot_bumper1_enabled'====== Args={'value': True, 'prev_value': 0, 'change': 1, 'player_num': 1}
2025-11-15 01:42:47,982 : INFO : EventManager : Event: ======'player_shot_bumper2_enabled'====== Args={'value': True, 'prev_value': 0, 'change': 1, 'player_num': 1}
2025-11-15 01:42:47,983 : INFO : EventManager : Event: ======'player_shot_bumper3_enabled'====== Args={'value': True, 'prev_value': 0, 'change': 1, 'player_num': 1}
2025-11-15 01:42:47,983 : INFO : EventManager : Event: ======'bumpers_complete'====== Args={'state': 'unlit'}
2025-11-15 01:42:47,983 : INFO : EventManager : Event: ======'bumpers_unlit_complete'====== Args={}
2025-11-15 01:42:47,984 : INFO : EventManager : Event: ======'player_bumpers_bumper_timer_tick'====== Args={'value': 0, 'prev_value': 0, 'change': 0, 'player_num': 1}
2025-11-15 01:42:47,984 : INFO : Timer.bumper_timer : Starting Timer.
2025-11-15 01:42:47,984 : INFO : EventManager : Event: ======'timer_bumper_timer_started'====== Args={'ticks': 0, 'ticks_remaining': 1}
2025-11-15 01:42:47,984 : INFO : EventManager : Event: ======'timer_bumper_timer_tick'====== Args={'ticks': 0, 'ticks_remaining': 1}
2025-11-15 01:42:47,985 : INFO : EventManager : Event: ======'mode_bumpers_starting'====== Args={'priority': 0}
2025-11-15 01:42:47,985 : INFO : EventManager : Event: ======'mode_csi_lanes_will_start'====== Args={'priority': 0}
2025-11-15 01:42:47,985 : INFO : EventManager : Event: ======'player_shot_c_shot_enabled'====== Args={'value': True, 'prev_value': 0, 'change': 1, 'player_num': 1}
2025-11-15 01:42:47,986 : INFO : EventManager : Event: ======'player_shot_s_shot_enabled'====== Args={'value': True, 'prev_value': 0, 'change': 1, 'player_num': 1}
2025-11-15 01:42:47,986 : INFO : EventManager : Event: ======'player_shot_i_shot_enabled'====== Args={'value': True, 'prev_value': 0, 'change': 1, 'player_num': 1}
2025-11-15 01:42:47,986 : INFO : EventManager : Event: ======'csi_shots_complete'====== Args={'state': 'unlit'}
2025-11-15 01:42:47,986 : INFO : EventManager : Event: ======'csi_shots_unlit_complete'====== Args={}
2025-11-15 01:42:47,987 : INFO : EventManager : Event: ======'player_csi_lanes_csi_lanes_timer_tick'====== Args={'value': 0, 'prev_value': 0, 'change': 0, 'player_num': 1}
2025-11-15 01:42:47,987 : INFO : Timer.csi_lanes_timer : Starting Timer.
2025-11-15 01:42:47,987 : INFO : EventManager : Event: ======'timer_csi_lanes_timer_started'====== Args={'ticks': 0, 'ticks_remaining': 1}
2025-11-15 01:42:47,988 : INFO : EventManager : Event: ======'timer_csi_lanes_timer_tick'====== Args={'ticks': 0, 'ticks_remaining': 1}
2025-11-15 01:42:47,988 : INFO : EventManager : Event: ======'player_csi_lanes_csi_right_orbit_timer_tick'====== Args={'value': 0, 'prev_value': 0, 'change': 0, 'player_num': 1}
2025-11-15 01:42:47,991 : INFO : EventManager : Event: ======'mode_csi_lanes_starting'====== Args={'priority': 0}
2025-11-15 01:42:47,992 : INFO : EventManager : Event: ======'mode_skull_will_start'====== Args={'priority': 0}
2025-11-15 01:42:47,993 : INFO : EventManager : Event: ======'player_skull_pause_timer_tick'====== Args={'value': 0, 'prev_value': 0, 'change': 0, 'player_num': 1}
2025-11-15 01:42:47,994 : INFO : Timer.pause_timer : Starting Timer.
2025-11-15 01:42:47,994 : INFO : EventManager : Event: ======'timer_pause_timer_started'====== Args={'ticks': 0, 'ticks_remaining': 1}
2025-11-15 01:42:47,994 : INFO : EventManager : Event: ======'timer_pause_timer_tick'====== Args={'ticks': 0, 'ticks_remaining': 1}
2025-11-15 01:42:47,994 : INFO : EventManager : Event: ======'mode_skull_starting'====== Args={'priority': 0}
2025-11-15 01:42:47,995 : INFO : Mode.bumpers : Started. Priority: 200
2025-11-15 01:42:47,995 : INFO : EventManager : Event: ======'modes_active_modes_changed'====== Args={}
2025-11-15 01:42:47,995 : INFO : EventManager : Event: ======'mode_bumpers_started'====== Args={'priority': 0}
2025-11-15 01:42:47,995 : INFO : EventManager : Event: ======'balls_in_play'====== Args={'balls': 1}
2025-11-15 01:42:47,995 : INFO : EventManager : Event: ======'ball_started'====== Args={'player': 1, 'ball': 1, 'balls_remaining': 2, 'is_extra_ball': False}
2025-11-15 01:42:47,995 : INFO : EventManager : Event: ======'mode_skillshot_will_start'====== Args={'player': 1, 'ball': 1, 'balls_remaining': 2, 'is_extra_ball': False}
2025-11-15 01:42:47,996 : INFO : EventManager : Event: ======'player_shot_s1_enabled'====== Args={'value': True, 'prev_value': 0, 'change': 1, 'player_num': 1}
2025-11-15 01:42:47,997 : INFO : EventManager : Event: ======'player_shot_s2_enabled'====== Args={'value': True, 'prev_value': 0, 'change': 1, 'player_num': 1}
2025-11-15 01:42:47,997 : INFO : EventManager : Event: ======'player_shot_s3_enabled'====== Args={'value': True, 'prev_value': 0, 'change': 1, 'player_num': 1}
2025-11-15 01:42:47,998 : INFO : EventManager : Event: ======'player_shot_s4_enabled'====== Args={'value': True, 'prev_value': 0, 'change': 1, 'player_num': 1}
2025-11-15 01:42:47,998 : INFO : EventManager : Event: ======'player_shot_s5_enabled'====== Args={'value': True, 'prev_value': 0, 'change': 1, 'player_num': 1}
2025-11-15 01:42:47,998 : INFO : EventManager : Event: ======'player_shot_s6_enabled'====== Args={'value': True, 'prev_value': 0, 'change': 1, 'player_num': 1}
2025-11-15 01:42:47,998 : INFO : EventManager : Event: ======'player_shot_s7_enabled'====== Args={'value': True, 'prev_value': 0, 'change': 1, 'player_num': 1}
2025-11-15 01:42:47,999 : INFO : EventManager : Event: ======'player_shot_s8_enabled'====== Args={'value': True, 'prev_value': 0, 'change': 1, 'player_num': 1}
2025-11-15 01:42:47,999 : INFO : EventManager : Event: ======'player_shot_s9_enabled'====== Args={'value': True, 'prev_value': 0, 'change': 1, 'player_num': 1}
2025-11-15 01:42:47,999 : INFO : EventManager : Event: ======'player_shot_s10_enabled'====== Args={'value': True, 'prev_value': 0, 'change': 1, 'player_num': 1}
2025-11-15 01:42:48,000 : INFO : EventManager : Event: ======'player_shot_s11_enabled'====== Args={'value': True, 'prev_value': 0, 'change': 1, 'player_num': 1}
2025-11-15 01:42:48,000 : INFO : EventManager : Event: ======'player_shot_s12_enabled'====== Args={'value': True, 'prev_value': 0, 'change': 1, 'player_num': 1}
2025-11-15 01:42:48,000 : INFO : EventManager : Event: ======'player_shot_s13_enabled'====== Args={'value': True, 'prev_value': 0, 'change': 1, 'player_num': 1}
2025-11-15 01:42:48,001 : INFO : EventManager : Event: ======'player_shot_s14_enabled'====== Args={'value': True, 'prev_value': 0, 'change': 1, 'player_num': 1}
2025-11-15 01:42:48,001 : INFO : EventManager : Event: ======'not_skillshot_complete'====== Args={'state': 'unlit'}
2025-11-15 01:42:48,001 : INFO : EventManager : Event: ======'not_skillshot_unlit_complete'====== Args={}
2025-11-15 01:42:48,002 : INFO : EventManager : Event: ======'mode_skillshot_starting'====== Args={'player': 1, 'ball': 1, 'balls_remaining': 2, 'is_extra_ball': False}
2025-11-15 01:42:48,003 : INFO : EventManager : Event: ======'logicblock_csi_lanes_then_scoop_updated'====== Args={'value': 0, 'enabled': True}
2025-11-15 01:42:48,003 : INFO : EventManager : Event: ======'logicblock_csi_lanes_then_scoop_then_right_orbit_updated'====== Args={'value': 0, 'enabled': True}
2025-11-15 01:42:48,003 : INFO : EventManager : Event: ======'logicblock_csi_lanes_then_scoop_updated'====== Args={'value': 0, 'enabled': True}
2025-11-15 01:42:48,003 : INFO : EventManager : Event: ======'logicblock_csi_lanes_then_scoop_then_right_orbit_updated'====== Args={'value': 0, 'enabled': True}
2025-11-15 01:42:48,003 : INFO : Mode.csi_lanes : Started. Priority: 200
2025-11-15 01:42:48,003 : INFO : EventManager : Event: ======'modes_active_modes_changed'====== Args={}
2025-11-15 01:42:48,003 : INFO : EventManager : Event: ======'mode_csi_lanes_started'====== Args={'priority': 0}
2025-11-15 01:42:48,003 : INFO : EventManager : Event: ======'player_multiplier'====== Args={'value': 1, 'prev_value': 0, 'change': 1, 'player_num': 1, 'source': 'csi_lanes'}
2025-11-15 01:42:48,003 : INFO : EventManager : Event: ======'logicblock_seq_lock1_updated'====== Args={'value': 0, 'enabled': True}
2025-11-15 01:42:48,004 : INFO : EventManager : Event: ======'logicblock_seq_lock2_updated'====== Args={'value': 0, 'enabled': True}
2025-11-15 01:42:48,004 : INFO : EventManager : Event: ======'logicblock_seq_ready_for_MB_updated'====== Args={'value': 0, 'enabled': True}
2025-11-15 01:42:48,004 : INFO : EventManager : Event: ======'logicblock_seq_ready_for_wave1_updated'====== Args={'value': 0, 'enabled': True}
2025-11-15 01:42:48,004 : INFO : EventManager : Event: ======'logicblock_seq_lock1_updated'====== Args={'value': 0, 'enabled': True}
2025-11-15 01:42:48,004 : INFO : EventManager : Event: ======'logicblock_seq_lock2_updated'====== Args={'value': 0, 'enabled': True}
2025-11-15 01:42:48,004 : INFO : EventManager : Event: ======'logicblock_seq_ready_for_MB_updated'====== Args={'value': 0, 'enabled': True}
2025-11-15 01:42:48,004 : INFO : EventManager : Event: ======'logicblock_seq_ready_for_wave1_updated'====== Args={'value': 0, 'enabled': True}
2025-11-15 01:42:48,004 : INFO : Mode.skull : Started. Priority: 200
2025-11-15 01:42:48,004 : INFO : EventManager : Event: ======'modes_active_modes_changed'====== Args={}
2025-11-15 01:42:48,004 : INFO : EventManager : Event: ======'mode_skull_started'====== Args={'priority': 0}
2025-11-15 01:42:48,004 : INFO : EventManager : Event: ======'logicblock_seq_skillshot_success_updated'====== Args={'value': 0, 'enabled': True}
2025-11-15 01:42:48,005 : INFO : EventManager : Event: ======'logicblock_seq_skillshot_success_updated'====== Args={'value': 0, 'enabled': True}
2025-11-15 01:42:48,005 : INFO : Mode.skillshot : Started. Priority: 200
2025-11-15 01:42:48,005 : INFO : EventManager : Event: ======'modes_active_modes_changed'====== Args={}
2025-11-15 01:42:48,005 : INFO : EventManager : Event: ======'mode_skillshot_started'====== Args={'player': 1, 'ball': 1, 'balls_remaining': 2, 'is_extra_ball': False}
2025-11-15 01:42:48,005 : INFO : EventManager : Event: ======'single_player_ball_started'====== Args={}
2025-11-15 01:42:48,005 : INFO : EventManager : Event: ======'ball_start_target'====== Args={'target': 'playfield'}
2025-11-15 01:42:48,005 : INFO : ball_device.bd_trough : Setting up player-controlled eject. Balls: 1, Target: <playfield.playfield>, player_controlled_eject_event: None
2025-11-15 01:42:48,005 : INFO : ball_device.bd_trough : Adding 1 ball(s) to the eject_queue with target <playfield.playfield>.
2025-11-15 01:42:48,005 : INFO : EventManager : Event: ======'balldevice_balls_available'====== Args={}
2025-11-15 01:42:48,006 : INFO : ball_device.bd_trough : State: waiting_for_target_ready
2025-11-15 01:42:48,006 : INFO : EventManager : Event: ======'balldevice_bd_trough_ball_eject_attempt'====== Args={'balls': 1, 'target': <ball_device.bd_plunger>, 'source': <ball_device.bd_trough>, 'mechanical_eject': False, 'num_attempts': 0}
2025-11-15 01:42:48,006 : INFO : ball_device.bd_plunger : State: waiting_for_ball
2025-11-15 01:42:48,006 : INFO : ball_device.bd_trough : State: ejecting
2025-11-15 01:42:48,006 : INFO : ball_device.bd_trough : Ejecting ball to <ball_device.bd_plunger>
2025-11-15 01:42:48,007 : INFO : EventManager : Event: ======'balldevice_bd_trough_ejecting_ball'====== Args={'balls': 1, 'target': <ball_device.bd_plunger>, 'source': <ball_device.bd_trough>, 'mechanical_eject': False, 'num_attempts': 0}
2025-11-15 01:42:48,007 : INFO : ball_device.bd_trough : Wait for ball to leave device
2025-11-15 01:42:48,007 : INFO : coil.c_trough_eject : Pulsing Driver for 20ms (1.0 pulse_power)
2025-11-15 01:42:48,007 : INFO : SwitchController : <<<<<<< 's_trough1' inactive >>>>>>>
2025-11-15 01:42:48,007 : INFO : ball_device.bd_trough : State: ball_left
2025-11-15 01:42:48,007 : INFO : ball_device.bd_trough : Ball left
2025-11-15 01:42:48,007 : INFO : ball_device.bd_trough : Wait for confirm with timeout 3.0
2025-11-15 01:42:48,108 : INFO : SwitchController : <<<<<<< 's_plunger_lane' active >>>>>>>
2025-11-15 01:42:48,108 : INFO : EventManager : Event: ======'machine_var_audits_switches_s_plunger_lane'====== Args={'value': 1018, 'prev_value': 1017, 'change': 1}
2025-11-15 01:42:48,133 : INFO : EventManager : Event: ======'slide_base_slide_created'====== Args={'_from_bcp': True}
2025-11-15 01:42:48,133 : INFO : EventManager : Event: ======'slide_attract_inactive'====== Args={'is_removing': True, '_from_bcp': True}
2025-11-15 01:42:48,133 : INFO : EventManager : Event: ======'slide_base_slide_active'====== Args={'original_context': 'base', 'original_calling_context': 'mode_base_started', 'priority': 100.0, 'queue': '<QueuedEvent>', 'player': 1.0, 'ball': 1.0, 'balls_remaining': 2.0, 'is_extra_ball': False, 'cmd': 'slides_play', '_from_bcp': True}
2025-11-15 01:42:48,134 : INFO : EventManager : Event: ======'slide_attract_removed'====== Args={'_from_bcp': True}
2025-11-15 01:42:48,485 : INFO : EventManager : Event: ======'player_bumpers_bumper_timer_tick'====== Args={'value': 1, 'prev_value': 0, 'change': 1, 'player_num': 1}
2025-11-15 01:42:48,486 : INFO : Timer.bumper_timer : Timer Complete
2025-11-15 01:42:48,486 : INFO : Timer.bumper_timer : Stopping Timer
2025-11-15 01:42:48,487 : INFO : EventManager : Event: ======'timer_bumper_timer_stopped'====== Args={'ticks': 1, 'ticks_remaining': 1}
2025-11-15 01:42:48,487 : INFO : EventManager : Event: ======'timer_bumper_timer_complete'====== Args={'ticks': 1, 'ticks_remaining': 1}
2025-11-15 01:42:48,609 : INFO : ball_device.bd_plunger : Received ball from <ball_device.bd_trough>
2025-11-15 01:42:48,610 : INFO : EventManager : Event: ======'balldevice_bd_plunger_ball_enter'====== Args={'new_balls': 1, 'unclaimed_balls': 0, 'new_available_balls': 0, 'device': <ball_device.bd_plunger>}
2025-11-15 01:42:48,610 : INFO : EventManager : Event: ======'balldevice_bd_plunger_ball_entered'====== Args={'new_balls': 0, 'device': <ball_device.bd_plunger>}
2025-11-15 01:42:48,610 : INFO : EventManager : Event: ======'balldevice_bd_plunger_ball_count_changed'====== Args={'balls': 1}
2025-11-15 01:42:48,611 : INFO : ball_device.bd_trough : Got eject confirm
2025-11-15 01:42:48,611 : INFO : ball_device.bd_trough : Eject successful
2025-11-15 01:42:48,611 : INFO : EventManager : Event: ======'balldevice_bd_trough_ball_eject_success'====== Args={'balls': 1, 'target': <ball_device.bd_plunger>}
2025-11-15 01:42:48,611 : INFO : EventManager : Event: ======'balldevice_bd_trough_ball_count_changed'====== Args={'balls': 3}
2025-11-15 01:42:48,611 : INFO : ball_device.bd_trough : State: idle
2025-11-15 01:42:48,612 : INFO : ball_device.bd_plunger : State: waiting_for_target_ready
2025-11-15 01:42:48,612 : INFO : EventManager : Event: ======'balldevice_bd_plunger_ball_eject_attempt'====== Args={'balls': 1, 'target': <playfield.playfield>, 'source': <ball_device.bd_plunger>, 'mechanical_eject': False, 'num_attempts': 0}
2025-11-15 01:42:48,612 : INFO : ball_device.bd_plunger : State: ejecting
2025-11-15 01:42:48,612 : INFO : ball_device.bd_plunger : Ejecting ball to <playfield.playfield>
2025-11-15 01:42:48,612 : INFO : EventManager : Event: ======'balldevice_bd_plunger_ejecting_ball'====== Args={'balls': 1, 'target': <playfield.playfield>, 'source': <ball_device.bd_plunger>, 'mechanical_eject': False, 'num_attempts': 0}
2025-11-15 01:42:48,613 : INFO : ball_device.bd_plunger : Wait for ball to leave device
2025-11-15 01:42:48,613 : INFO : coil.c_plunger : Pulsing Driver for 20ms (1.0 pulse_power)
2025-11-15 01:42:48,613 : INFO : SwitchController : <<<<<<< 's_plunger_lane' inactive >>>>>>>
2025-11-15 01:42:48,613 : INFO : EventManager : Event: ======'s_plunger_lane_inactive'====== Args={}
2025-11-15 01:42:48,614 : INFO : EventManager : Event: ======'logicblock_seq_skillshot_success_updated'====== Args={'value': 1, 'enabled': True}
2025-11-15 01:42:48,614 : INFO : EventManager : Event: ======'logicblock_seq_skillshot_success_hit'====== Args={'step': 1}
2025-11-15 01:42:48,614 : INFO : ball_device.bd_plunger : State: ball_left
2025-11-15 01:42:48,614 : INFO : ball_device.bd_plunger : Ball left
2025-11-15 01:42:48,614 : INFO : ball_device.bd_plunger : Wait for confirm with timeout 3.0
2025-11-15 01:42:48,679 : INFO : EventManager : Event: ======'player_base_player_added_timer_tick'====== Args={'value': 1, 'prev_value': 0, 'change': 1, 'player_num': 1}
2025-11-15 01:42:48,680 : INFO : Timer.player_added_timer : Timer Complete
2025-11-15 01:42:48,680 : INFO : Timer.player_added_timer : Stopping Timer
2025-11-15 01:42:48,680 : INFO : EventManager : Event: ======'timer_player_added_timer_stopped'====== Args={'ticks': 1, 'ticks_remaining': 1}
2025-11-15 01:42:48,680 : INFO : EventManager : Event: ======'timer_player_added_timer_complete'====== Args={'ticks': 1, 'ticks_remaining': 1}
2025-11-15 01:42:48,688 : INFO : EventManager : Event: ======'player_csi_lanes_csi_lanes_timer_tick'====== Args={'value': 1, 'prev_value': 0, 'change': 1, 'player_num': 1}
2025-11-15 01:42:48,689 : INFO : Timer.csi_lanes_timer : Timer Complete
2025-11-15 01:42:48,689 : INFO : Timer.csi_lanes_timer : Stopping Timer
2025-11-15 01:42:48,689 : INFO : EventManager : Event: ======'timer_csi_lanes_timer_stopped'====== Args={'ticks': 1, 'ticks_remaining': 1}
2025-11-15 01:42:48,689 : INFO : EventManager : Event: ======'timer_csi_lanes_timer_complete'====== Args={'ticks': 1, 'ticks_remaining': 1}
2025-11-15 01:42:51,616 : INFO : ball_device.bd_plunger : State: failed_confirm
2025-11-15 01:42:51,617 : INFO : ball_device.bd_plunger : Got timeout (3.0s) before confirm from <playfield.playfield>
2025-11-15 01:42:51,718 : INFO : ball_device.bd_plunger : Confirming eject because target is playfield and ball did not return.
2025-11-15 01:42:51,718 : INFO : ball_device.bd_plunger : Eject successful
2025-11-15 01:42:51,718 : INFO : EventManager : Event: ======'balldevice_bd_plunger_ball_eject_success'====== Args={'balls': 1, 'target': <playfield.playfield>}
2025-11-15 01:42:51,719 : INFO : EventManager : Event: ======'balldevice_playfield_ball_enter'====== Args={'new_balls': 1, 'unclaimed_balls': 1, 'device': <playfield.playfield>}
2025-11-15 01:42:51,719 : INFO : EventManager : Event: ======'playfield_ball_count_change'====== Args={'balls': 1, 'change': 1}
2025-11-15 01:42:51,720 : INFO : EventManager : Event: ======'balldevice_bd_plunger_ball_count_changed'====== Args={'balls': 0}
2025-11-15 01:42:51,720 : INFO : ball_device.bd_plunger : State: idle
2025-11-15 01:42:52,417 : INFO : SwitchController : <<<<<<< 's_ramp' active >>>>>>>
2025-11-15 01:42:52,417 : INFO : EventManager : Event: ======'s_ramp_active'====== Args={}
2025-11-15 01:42:52,417 : INFO : EventManager : Event: ======'machine_var_audits_switches_s_ramp'====== Args={'value': 1155, 'prev_value': 1154, 'change': 1}
2025-11-15 01:42:52,418 : INFO : EventManager : Event: ======'player_shot_s9'====== Args={'value': 1, 'prev_value': 0, 'change': 1, 'player_num': 1}
2025-11-15 01:42:52,421 : INFO : EventManager : Event: ======'machine_var_audits_shots_s9'====== Args={'value': 106, 'prev_value': 105, 'change': 1}
2025-11-15 01:42:52,422 : INFO : EventManager : Event: ======'s9_hit'====== Args={'profile': 'default', 'state': 'unlit', 'advancing': True}
2025-11-15 01:42:52,422 : INFO : EventManager : Event: ======'s9_default_hit'====== Args={'profile': 'default', 'state': 'unlit', 'advancing': True}
2025-11-15 01:42:52,422 : INFO : EventManager : Event: ======'s9_default_unlit_hit'====== Args={'profile': 'default', 'state': 'unlit', 'advancing': True}
2025-11-15 01:42:52,422 : INFO : EventManager : Event: ======'s9_unlit_hit'====== Args={'profile': 'default', 'state': 'unlit', 'advancing': True}
2025-11-15 01:42:52,422 : INFO : EventManager : Event: ======'player_skull_ramp_nb'====== Args={'value': 1, 'prev_value': 0, 'change': 1, 'player_num': 1, 'source': 'skull'}
2025-11-15 01:42:52,422 : INFO : EventManager : Event: ======'not_skillshot_hit'====== Args={'shot': 's9'}
2025-11-15 01:42:52,422 : INFO : EventManager : Event: ======'not_skillshot_unlit_hit'====== Args={'shot': 's9'}
2025-11-15 01:42:52,461 : INFO : EventManager : Event: ======'widget_skillshot_widget_active'====== Args={'original_context': 'skillshot', 'original_calling_context': 'not_skillshot_hit', 'priority': 200.0, 'shot': 's9', 'cmd': 'widgets_play', '_from_bcp': True}
2025-11-15 01:42:52,498 : INFO : SwitchController : <<<<<<< 's_ramp' inactive >>>>>>>
2025-11-15 01:42:52,593 : INFO : SwitchController : <<<<<<< 's_ramp' active >>>>>>>
2025-11-15 01:42:52,593 : INFO : EventManager : Event: ======'s_ramp_active'====== Args={}
2025-11-15 01:42:52,593 : INFO : EventManager : Event: ======'machine_var_audits_switches_s_ramp'====== Args={'value': 1156, 'prev_value': 1155, 'change': 1}
2025-11-15 01:42:52,593 : INFO : EventManager : Event: ======'machine_var_audits_shots_s9'====== Args={'value': 107, 'prev_value': 106, 'change': 1}
2025-11-15 01:42:52,594 : INFO : EventManager : Event: ======'s9_hit'====== Args={'profile': 'default', 'state': 'lit', 'advancing': False}
2025-11-15 01:42:52,594 : INFO : EventManager : Event: ======'s9_default_hit'====== Args={'profile': 'default', 'state': 'lit', 'advancing': False}
2025-11-15 01:42:52,594 : INFO : EventManager : Event: ======'s9_default_lit_hit'====== Args={'profile': 'default', 'state': 'lit', 'advancing': False}
2025-11-15 01:42:52,594 : INFO : EventManager : Event: ======'s9_lit_hit'====== Args={'profile': 'default', 'state': 'lit', 'advancing': False}
2025-11-15 01:42:52,594 : INFO : EventManager : Event: ======'player_skull_ramp_nb'====== Args={'value': 2, 'prev_value': 1, 'change': 1, 'player_num': 1, 'source': 'skull'}
2025-11-15 01:42:52,594 : INFO : EventManager : Event: ======'not_skillshot_hit'====== Args={'shot': 's9'}
2025-11-15 01:42:52,594 : INFO : EventManager : Event: ======'not_skillshot_lit_hit'====== Args={'shot': 's9'}
2025-11-15 01:42:52,676 : INFO : SwitchController : <<<<<<< 's_ramp' inactive >>>>>>>
2025-11-15 01:42:52,776 : INFO : SwitchController : <<<<<<< 's_ramp' active >>>>>>>
2025-11-15 01:42:52,776 : INFO : EventManager : Event: ======'s_ramp_active'====== Args={}
2025-11-15 01:42:52,777 : INFO : EventManager : Event: ======'machine_var_audits_switches_s_ramp'====== Args={'value': 1157, 'prev_value': 1156, 'change': 1}
2025-11-15 01:42:52,777 : INFO : EventManager : Event: ======'machine_var_audits_shots_s9'====== Args={'value': 108, 'prev_value': 107, 'change': 1}
2025-11-15 01:42:52,777 : INFO : EventManager : Event: ======'s9_hit'====== Args={'profile': 'default', 'state': 'lit', 'advancing': False}
2025-11-15 01:42:52,778 : INFO : EventManager : Event: ======'s9_default_hit'====== Args={'profile': 'default', 'state': 'lit', 'advancing': False}
2025-11-15 01:42:52,778 : INFO : EventManager : Event: ======'s9_default_lit_hit'====== Args={'profile': 'default', 'state': 'lit', 'advancing': False}
2025-11-15 01:42:52,778 : INFO : EventManager : Event: ======'s9_lit_hit'====== Args={'profile': 'default', 'state': 'lit', 'advancing': False}
2025-11-15 01:42:52,778 : INFO : EventManager : Event: ======'player_skull_ramp_nb'====== Args={'value': 3, 'prev_value': 2, 'change': 1, 'player_num': 1, 'source': 'skull'}
2025-11-15 01:42:52,779 : INFO : EventManager : Event: ======'not_skillshot_hit'====== Args={'shot': 's9'}
2025-11-15 01:42:52,779 : INFO : EventManager : Event: ======'not_skillshot_lit_hit'====== Args={'shot': 's9'}
2025-11-15 01:42:52,861 : INFO : SwitchController : <<<<<<< 's_ramp' inactive >>>>>>>
2025-11-15 01:42:52,944 : INFO : SwitchController : <<<<<<< 's_ramp' active >>>>>>>
2025-11-15 01:42:52,944 : INFO : EventManager : Event: ======'s_ramp_active'====== Args={}
2025-11-15 01:42:52,944 : INFO : EventManager : Event: ======'machine_var_audits_switches_s_ramp'====== Args={'value': 1158, 'prev_value': 1157, 'change': 1}
2025-11-15 01:42:52,945 : INFO : EventManager : Event: ======'machine_var_audits_shots_s9'====== Args={'value': 109, 'prev_value': 108, 'change': 1}
2025-11-15 01:42:52,945 : INFO : EventManager : Event: ======'s9_hit'====== Args={'profile': 'default', 'state': 'lit', 'advancing': False}
2025-11-15 01:42:52,945 : INFO : EventManager : Event: ======'s9_default_hit'====== Args={'profile': 'default', 'state': 'lit', 'advancing': False}
2025-11-15 01:42:52,946 : INFO : EventManager : Event: ======'s9_default_lit_hit'====== Args={'profile': 'default', 'state': 'lit', 'advancing': False}
2025-11-15 01:42:52,946 : INFO : EventManager : Event: ======'s9_lit_hit'====== Args={'profile': 'default', 'state': 'lit', 'advancing': False}
2025-11-15 01:42:52,946 : INFO : EventManager : Event: ======'player_skull_ramp_nb'====== Args={'value': 4, 'prev_value': 3, 'change': 1, 'player_num': 1, 'source': 'skull'}
2025-11-15 01:42:52,946 : INFO : EventManager : Event: ======'not_skillshot_hit'====== Args={'shot': 's9'}
2025-11-15 01:42:52,946 : INFO : EventManager : Event: ======'not_skillshot_lit_hit'====== Args={'shot': 's9'}
2025-11-15 01:42:53,028 : INFO : SwitchController : <<<<<<< 's_ramp' inactive >>>>>>>
2025-11-15 01:42:53,128 : INFO : SwitchController : <<<<<<< 's_ramp' active >>>>>>>
2025-11-15 01:42:53,128 : INFO : EventManager : Event: ======'s_ramp_active'====== Args={}
2025-11-15 01:42:53,128 : INFO : EventManager : Event: ======'machine_var_audits_switches_s_ramp'====== Args={'value': 1159, 'prev_value': 1158, 'change': 1}
2025-11-15 01:42:53,129 : INFO : EventManager : Event: ======'machine_var_audits_shots_s9'====== Args={'value': 110, 'prev_value': 109, 'change': 1}
2025-11-15 01:42:53,129 : INFO : EventManager : Event: ======'s9_hit'====== Args={'profile': 'default', 'state': 'lit', 'advancing': False}
2025-11-15 01:42:53,129 : INFO : EventManager : Event: ======'s9_default_hit'====== Args={'profile': 'default', 'state': 'lit', 'advancing': False}
2025-11-15 01:42:53,129 : INFO : EventManager : Event: ======'s9_default_lit_hit'====== Args={'profile': 'default', 'state': 'lit', 'advancing': False}
2025-11-15 01:42:53,130 : INFO : EventManager : Event: ======'s9_lit_hit'====== Args={'profile': 'default', 'state': 'lit', 'advancing': False}
2025-11-15 01:42:53,130 : INFO : EventManager : Event: ======'player_skull_ramp_nb'====== Args={'value': 5, 'prev_value': 4, 'change': 1, 'player_num': 1, 'source': 'skull'}
2025-11-15 01:42:53,130 : INFO : EventManager : Event: ======'not_skillshot_hit'====== Args={'shot': 's9'}
2025-11-15 01:42:53,130 : INFO : EventManager : Event: ======'not_skillshot_lit_hit'====== Args={'shot': 's9'}
2025-11-15 01:42:53,199 : INFO : SwitchController : <<<<<<< 's_ramp' inactive >>>>>>>
2025-11-15 01:42:53,293 : INFO : SwitchController : <<<<<<< 's_ramp' active >>>>>>>
2025-11-15 01:42:53,293 : INFO : EventManager : Event: ======'s_ramp_active'====== Args={}
2025-11-15 01:42:53,293 : INFO : EventManager : Event: ======'machine_var_audits_switches_s_ramp'====== Args={'value': 1160, 'prev_value': 1159, 'change': 1}
2025-11-15 01:42:53,293 : INFO : EventManager : Event: ======'machine_var_audits_shots_s9'====== Args={'value': 111, 'prev_value': 110, 'change': 1}
2025-11-15 01:42:53,294 : INFO : EventManager : Event: ======'s9_hit'====== Args={'profile': 'default', 'state': 'lit', 'advancing': False}
2025-11-15 01:42:53,294 : INFO : EventManager : Event: ======'s9_default_hit'====== Args={'profile': 'default', 'state': 'lit', 'advancing': False}
2025-11-15 01:42:53,294 : INFO : EventManager : Event: ======'s9_default_lit_hit'====== Args={'profile': 'default', 'state': 'lit', 'advancing': False}
2025-11-15 01:42:53,294 : INFO : EventManager : Event: ======'s9_lit_hit'====== Args={'profile': 'default', 'state': 'lit', 'advancing': False}
2025-11-15 01:42:53,294 : INFO : EventManager : Event: ======'player_skull_ramp_nb'====== Args={'value': 6, 'prev_value': 5, 'change': 1, 'player_num': 1, 'source': 'skull'}
2025-11-15 01:42:53,294 : INFO : EventManager : Event: ======'not_skillshot_hit'====== Args={'shot': 's9'}
2025-11-15 01:42:53,295 : INFO : EventManager : Event: ======'not_skillshot_lit_hit'====== Args={'shot': 's9'}
2025-11-15 01:42:53,393 : INFO : SwitchController : <<<<<<< 's_ramp' inactive >>>>>>>
2025-11-15 01:42:53,478 : INFO : SwitchController : <<<<<<< 's_ramp' active >>>>>>>
2025-11-15 01:42:53,478 : INFO : EventManager : Event: ======'s_ramp_active'====== Args={}
2025-11-15 01:42:53,478 : INFO : EventManager : Event: ======'machine_var_audits_switches_s_ramp'====== Args={'value': 1161, 'prev_value': 1160, 'change': 1}
2025-11-15 01:42:53,479 : INFO : EventManager : Event: ======'machine_var_audits_shots_s9'====== Args={'value': 112, 'prev_value': 111, 'change': 1}
2025-11-15 01:42:53,479 : INFO : EventManager : Event: ======'s9_hit'====== Args={'profile': 'default', 'state': 'lit', 'advancing': False}
2025-11-15 01:42:53,479 : INFO : EventManager : Event: ======'s9_default_hit'====== Args={'profile': 'default', 'state': 'lit', 'advancing': False}
2025-11-15 01:42:53,479 : INFO : EventManager : Event: ======'s9_default_lit_hit'====== Args={'profile': 'default', 'state': 'lit', 'advancing': False}
2025-11-15 01:42:53,479 : INFO : EventManager : Event: ======'s9_lit_hit'====== Args={'profile': 'default', 'state': 'lit', 'advancing': False}
2025-11-15 01:42:53,479 : INFO : EventManager : Event: ======'player_skull_ramp_nb'====== Args={'value': 7, 'prev_value': 6, 'change': 1, 'player_num': 1, 'source': 'skull'}
2025-11-15 01:42:53,480 : INFO : EventManager : Event: ======'not_skillshot_hit'====== Args={'shot': 's9'}
2025-11-15 01:42:53,480 : INFO : EventManager : Event: ======'not_skillshot_lit_hit'====== Args={'shot': 's9'}
2025-11-15 01:42:53,560 : INFO : SwitchController : <<<<<<< 's_ramp' inactive >>>>>>>
2025-11-15 01:42:53,661 : INFO : SwitchController : <<<<<<< 's_ramp' active >>>>>>>
2025-11-15 01:42:53,661 : INFO : EventManager : Event: ======'s_ramp_active'====== Args={}
2025-11-15 01:42:53,662 : INFO : EventManager : Event: ======'machine_var_audits_switches_s_ramp'====== Args={'value': 1162, 'prev_value': 1161, 'change': 1}
2025-11-15 01:42:53,662 : INFO : EventManager : Event: ======'machine_var_audits_shots_s9'====== Args={'value': 113, 'prev_value': 112, 'change': 1}
2025-11-15 01:42:53,662 : INFO : EventManager : Event: ======'s9_hit'====== Args={'profile': 'default', 'state': 'lit', 'advancing': False}
2025-11-15 01:42:53,662 : INFO : EventManager : Event: ======'s9_default_hit'====== Args={'profile': 'default', 'state': 'lit', 'advancing': False}
2025-11-15 01:42:53,662 : INFO : EventManager : Event: ======'s9_default_lit_hit'====== Args={'profile': 'default', 'state': 'lit', 'advancing': False}
2025-11-15 01:42:53,663 : INFO : EventManager : Event: ======'s9_lit_hit'====== Args={'profile': 'default', 'state': 'lit', 'advancing': False}
2025-11-15 01:42:53,663 : INFO : EventManager : Event: ======'player_skull_ramp_nb'====== Args={'value': 8, 'prev_value': 7, 'change': 1, 'player_num': 1, 'source': 'skull'}
2025-11-15 01:42:53,663 : INFO : EventManager : Event: ======'not_skillshot_hit'====== Args={'shot': 's9'}
2025-11-15 01:42:53,663 : INFO : EventManager : Event: ======'not_skillshot_lit_hit'====== Args={'shot': 's9'}
2025-11-15 01:42:53,776 : INFO : SwitchController : <<<<<<< 's_ramp' inactive >>>>>>>
2025-11-15 01:42:54,844 : INFO : SwitchController : <<<<<<< 's_ramp' active >>>>>>>
2025-11-15 01:42:54,845 : INFO : EventManager : Event: ======'s_ramp_active'====== Args={}
2025-11-15 01:42:54,845 : INFO : EventManager : Event: ======'machine_var_audits_switches_s_ramp'====== Args={'value': 1163, 'prev_value': 1162, 'change': 1}
2025-11-15 01:42:54,846 : INFO : EventManager : Event: ======'machine_var_audits_shots_s9'====== Args={'value': 114, 'prev_value': 113, 'change': 1}
2025-11-15 01:42:54,846 : INFO : EventManager : Event: ======'s9_hit'====== Args={'profile': 'default', 'state': 'lit', 'advancing': False}
2025-11-15 01:42:54,846 : INFO : EventManager : Event: ======'s9_default_hit'====== Args={'profile': 'default', 'state': 'lit', 'advancing': False}
2025-11-15 01:42:54,847 : INFO : EventManager : Event: ======'s9_default_lit_hit'====== Args={'profile': 'default', 'state': 'lit', 'advancing': False}
2025-11-15 01:42:54,847 : INFO : EventManager : Event: ======'s9_lit_hit'====== Args={'profile': 'default', 'state': 'lit', 'advancing': False}
2025-11-15 01:42:54,847 : INFO : EventManager : Event: ======'player_skull_ramp_nb'====== Args={'value': 9, 'prev_value': 8, 'change': 1, 'player_num': 1, 'source': 'skull'}
2025-11-15 01:42:54,847 : INFO : EventManager : Event: ======'not_skillshot_hit'====== Args={'shot': 's9'}
2025-11-15 01:42:54,848 : INFO : EventManager : Event: ======'not_skillshot_lit_hit'====== Args={'shot': 's9'}
2025-11-15 01:42:54,943 : INFO : SwitchController : <<<<<<< 's_ramp' inactive >>>>>>>
2025-11-15 01:42:56,858 : INFO : EventManager : Event: ======'widget_skillshot_widget_removed'====== Args={'_from_bcp': True}
2025-11-15 01:42:56,859 : INFO : EventManager : Event: ======'skillshoot_ended'====== Args={'priority': 0}
2025-11-15 01:42:56,860 : INFO : EventManager : Event: ======'mode_skillshot_will_stop'====== Args={}
2025-11-15 01:42:56,860 : INFO : EventManager : Event: ======'mode_skillshot_stopping'====== Args={}
2025-11-15 01:42:56,861 : INFO : Mode.skillshot : Stopped.
2025-11-15 01:42:56,861 : INFO : EventManager : Event: ======'modes_active_modes_changed'====== Args={}
2025-11-15 01:42:56,861 : INFO : EventManager : Event: ======'mode_skillshot_stopped'====== Args={}
2025-11-15 01:42:56,862 : INFO : EventManager : Event: ======'clear'====== Args={'key': 'skillshot'}
2025-11-15 01:42:56,927 : INFO : SwitchController : <<<<<<< 's_ramp' active >>>>>>>
2025-11-15 01:42:56,927 : INFO : EventManager : Event: ======'s_ramp_active'====== Args={}
2025-11-15 01:42:56,927 : INFO : EventManager : Event: ======'machine_var_audits_switches_s_ramp'====== Args={'value': 1164, 'prev_value': 1163, 'change': 1}
2025-11-15 01:42:56,928 : INFO : EventManager : Event: ======'player_skull_ramp_nb'====== Args={'value': 10, 'prev_value': 9, 'change': 1, 'player_num': 1, 'source': 'skull'}
2025-11-15 01:42:56,931 : INFO : EventManager : Event: ======'logicblock_seq_lock1_updated'====== Args={'value': 1, 'enabled': True}
2025-11-15 01:42:56,931 : INFO : EventManager : Event: ======'logicblock_seq_lock1_hit'====== Args={'step': 1}
2025-11-15 01:42:56,959 : INFO : EventManager : Event: ======'widget_skull_light_lock_widget_active'====== Args={'original_context': 'skull', 'original_calling_context': 's_ramp_active{current_player.skull_ramp_nb==10}', 'priority': 200.0, 'cmd': 'widgets_play', '_from_bcp': True}
2025-11-15 01:42:56,995 : INFO : SwitchController : <<<<<<< 's_ramp' inactive >>>>>>>
2025-11-15 01:42:57,995 : INFO : EventManager : Event: ======'player_skull_pause_timer_tick'====== Args={'value': 1, 'prev_value': 0, 'change': 1, 'player_num': 1}
2025-11-15 01:42:57,996 : INFO : Timer.pause_timer : Timer Complete
2025-11-15 01:42:57,996 : INFO : Timer.pause_timer : Stopping Timer
2025-11-15 01:42:57,996 : INFO : EventManager : Event: ======'timer_pause_timer_stopped'====== Args={'ticks': 1, 'ticks_remaining': 1}
2025-11-15 01:42:57,996 : INFO : EventManager : Event: ======'timer_pause_timer_complete'====== Args={'ticks': 1, 'ticks_remaining': 1}
2025-11-15 01:43:06,700 : INFO : SwitchController : <<<<<<< 's_skull_lock1' active >>>>>>>
2025-11-15 01:43:06,700 : INFO : EventManager : Event: ======'s_skull_lock1_active'====== Args={}
2025-11-15 01:43:06,701 : INFO : EventManager : Event: ======'machine_var_audits_switches_s_skull_lock1'====== Args={'value': 87, 'prev_value': 86, 'change': 1}
2025-11-15 01:43:06,701 : INFO : EventManager : Event: ======'logicblock_seq_lock1_updated'====== Args={'value': 2, 'enabled': True}
2025-11-15 01:43:06,702 : INFO : EventManager : Event: ======'logicblock_seq_lock1_hit'====== Args={'step': 2}
2025-11-15 01:43:06,709 : INFO : EventManager : Event: ======'seq_lock1_done'====== Args={}
2025-11-15 01:43:06,712 : INFO : EventManager : Event: ======'logicblock_seq_lock1_updated'====== Args={'value': 0, 'enabled': True}
2025-11-15 01:43:06,712 : INFO : EventManager : Event: ======'logicblock_seq_lock2_updated'====== Args={'value': 1, 'enabled': True}
2025-11-15 01:43:06,712 : INFO : EventManager : Event: ======'logicblock_seq_lock2_hit'====== Args={'step': 1}
2025-11-15 01:43:06,826 : INFO : SwitchController : <<<<<<< 's_skull_lock1' inactive >>>>>>>
2025-11-15 01:43:06,936 : INFO : EventManager : Event: ======'widget_skull_lock1_widget_active'====== Args={'original_context': 'skull', 'original_calling_context': 'seq_lock1_done', 'priority': 200.0, 'cmd': 'widgets_play', '_from_bcp': True}
2025-11-15 01:43:16,400 : INFO : SwitchController : <<<<<<< 's_skull_lock2' active >>>>>>>
2025-11-15 01:43:16,400 : INFO : EventManager : Event: ======'s_skull_lock2_active'====== Args={}
2025-11-15 01:43:16,401 : INFO : EventManager : Event: ======'machine_var_audits_switches_s_skull_lock2'====== Args={'value': 93, 'prev_value': 92, 'change': 1}
2025-11-15 01:43:16,401 : INFO : EventManager : Event: ======'logicblock_seq_lock2_updated'====== Args={'value': 2, 'enabled': True}
2025-11-15 01:43:16,402 : INFO : EventManager : Event: ======'logicblock_seq_lock2_hit'====== Args={'step': 2}
2025-11-15 01:43:16,407 : INFO : EventManager : Event: ======'seq_lock2_done'====== Args={}
2025-11-15 01:43:16,411 : INFO : EventManager : Event: ======'logicblock_seq_lock2_updated'====== Args={'value': 0, 'enabled': True}
2025-11-15 01:43:16,411 : INFO : EventManager : Event: ======'player_skull_pause_timer_tick'====== Args={'value': 0, 'prev_value': 1, 'change': -1, 'player_num': 1}
2025-11-15 01:43:16,412 : INFO : Timer.pause_timer : Starting Timer.
2025-11-15 01:43:16,412 : INFO : EventManager : Event: ======'timer_pause_timer_started'====== Args={'ticks': 0, 'ticks_remaining': 1}
2025-11-15 01:43:16,412 : INFO : EventManager : Event: ======'timer_pause_timer_tick'====== Args={'ticks': 0, 'ticks_remaining': 1}
2025-11-15 01:43:16,412 : INFO : EventManager : Event: ======'logicblock_seq_ready_for_MB_updated'====== Args={'value': 1, 'enabled': True}
2025-11-15 01:43:16,412 : INFO : EventManager : Event: ======'logicblock_seq_ready_for_MB_hit'====== Args={'step': 1}
2025-11-15 01:43:16,428 : INFO : EventManager : Event: ======'widget_skull_lock2_widget_active'====== Args={'original_context': 'skull', 'original_calling_context': 'seq_lock2_done', 'priority': 200.0, 'cmd': 'widgets_play', '_from_bcp': True}
2025-11-15 01:43:16,477 : INFO : SwitchController : <<<<<<< 's_skull_lock2' inactive >>>>>>>
2025-11-15 01:43:26,413 : INFO : EventManager : Event: ======'player_skull_pause_timer_tick'====== Args={'value': 1, 'prev_value': 0, 'change': 1, 'player_num': 1}
2025-11-15 01:43:26,414 : INFO : Timer.pause_timer : Timer Complete
2025-11-15 01:43:26,414 : INFO : Timer.pause_timer : Stopping Timer
2025-11-15 01:43:26,415 : INFO : EventManager : Event: ======'timer_pause_timer_stopped'====== Args={'ticks': 1, 'ticks_remaining': 1}
2025-11-15 01:43:26,415 : INFO : EventManager : Event: ======'timer_pause_timer_complete'====== Args={'ticks': 1, 'ticks_remaining': 1}
2025-11-15 01:43:26,416 : INFO : EventManager : Event: ======'logicblock_seq_ready_for_MB_updated'====== Args={'value': 2, 'enabled': True}
2025-11-15 01:43:26,416 : INFO : EventManager : Event: ======'logicblock_seq_ready_for_MB_hit'====== Args={'step': 2}
2025-11-15 01:43:26,417 : INFO : EventManager : Event: ======'seq_ready_for_multiball_done'====== Args={}
2025-11-15 01:43:26,417 : INFO : EventManager : Event: ======'logicblock_seq_ready_for_MB_updated'====== Args={'value': 0, 'enabled': True}
2025-11-15 01:43:26,417 : INFO : EventManager : Event: ======'player_skull_ramp_nb'====== Args={'value': 0, 'prev_value': 10, 'change': -10, 'player_num': 1, 'source': 'skull'}
2025-11-15 01:43:26,418 : INFO : EventManager : Event: ======'player_skull_pause_timer_tick'====== Args={'value': 0, 'prev_value': 1, 'change': -1, 'player_num': 1}
2025-11-15 01:43:26,418 : INFO : Timer.pause_timer : Starting Timer.
2025-11-15 01:43:26,418 : INFO : EventManager : Event: ======'timer_pause_timer_started'====== Args={'ticks': 0, 'ticks_remaining': 1}
2025-11-15 01:43:26,419 : INFO : EventManager : Event: ======'timer_pause_timer_tick'====== Args={'ticks': 0, 'ticks_remaining': 1}
2025-11-15 01:43:26,419 : INFO : EventManager : Event: ======'logicblock_seq_ready_for_wave1_updated'====== Args={'value': 1, 'enabled': True}
2025-11-15 01:43:26,419 : INFO : EventManager : Event: ======'logicblock_seq_ready_for_wave1_hit'====== Args={'step': 1}
2025-11-15 01:43:26,428 : INFO : EventManager : Event: ======'widget_skull_start_multiball_widget_active'====== Args={'original_context': 'skull', 'original_calling_context': 'seq_ready_for_multiball_done', 'priority': 200.0, 'cmd': 'widgets_play', '_from_bcp': True}
2025-11-15 01:43:36,419 : INFO : EventManager : Event: ======'player_skull_pause_timer_tick'====== Args={'value': 1, 'prev_value': 0, 'change': 1, 'player_num': 1}
2025-11-15 01:43:36,420 : INFO : Timer.pause_timer : Timer Complete
2025-11-15 01:43:36,421 : INFO : Timer.pause_timer : Stopping Timer
2025-11-15 01:43:36,421 : INFO : EventManager : Event: ======'timer_pause_timer_stopped'====== Args={'ticks': 1, 'ticks_remaining': 1}
2025-11-15 01:43:36,421 : INFO : EventManager : Event: ======'timer_pause_timer_complete'====== Args={'ticks': 1, 'ticks_remaining': 1}
2025-11-15 01:43:36,422 : INFO : EventManager : Event: ======'logicblock_seq_ready_for_wave1_updated'====== Args={'value': 2, 'enabled': True}
2025-11-15 01:43:36,422 : INFO : EventManager : Event: ======'logicblock_seq_ready_for_wave1_hit'====== Args={'step': 2}
2025-11-15 01:43:36,422 : INFO : EventManager : Event: ======'seq_ready_for_wave1_done'====== Args={}
2025-11-15 01:43:36,423 : INFO : EventManager : Event: ======'logicblock_seq_ready_for_wave1_updated'====== Args={'value': 0, 'enabled': True}
2025-11-15 01:43:36,423 : INFO : EventManager : Event: ======'start_mode_skullone'====== Args={'priority': 0}
2025-11-15 01:45:23,182 : INFO : Machine : Shutting down...
2025-11-15 01:45:23,182 : INFO : EventManager : Event: ======'shutdown'====== Args={}
2025-11-15 01:45:23,184 : INFO : EventManager : Event: ======'mode_game_will_stop'====== Args={}
2025-11-15 01:45:23,184 : INFO : EventManager : Event: ======'mode_game_stopping'====== Args={}
2025-11-15 01:45:23,184 : INFO : EventManager : Event: ======'mode_skull_will_stop'====== Args={}
2025-11-15 01:45:23,184 : INFO : EventManager : Event: ======'mode_skull_stopping'====== Args={}
2025-11-15 01:45:23,184 : INFO : EventManager : Event: ======'mode_base_will_stop'====== Args={}
2025-11-15 01:45:23,185 : INFO : EventManager : Event: ======'mode_base_stopping'====== Args={}
2025-11-15 01:45:23,185 : INFO : EventManager : Event: ======'mode_bumpers_will_stop'====== Args={}
2025-11-15 01:45:23,185 : INFO : EventManager : Event: ======'mode_bumpers_stopping'====== Args={}
2025-11-15 01:45:23,185 : INFO : EventManager : Event: ======'mode_csi_lanes_will_stop'====== Args={}
2025-11-15 01:45:23,185 : INFO : EventManager : Event: ======'mode_csi_lanes_stopping'====== Args={}
2025-11-15 01:45:23,185 : INFO : EventManager : Event: ======'stop_mode_bumpers'====== Args={'priority': 0}
2025-11-15 01:45:23,185 : INFO : EventManager : Event: ======'stop_mode_csi_lanes'====== Args={'priority': 0}
2025-11-15 01:45:23,185 : INFO : EventManager : Event: ======'stop_mode_skull'====== Args={'priority': 0}
2025-11-15 01:45:23,185 : INFO : Mode.csi_lanes : Stopped.
2025-11-15 01:45:23,185 : INFO : EventManager : Event: ======'modes_active_modes_changed'====== Args={}
2025-11-15 01:45:23,185 : INFO : EventManager : Event: ======'mode_csi_lanes_stopped'====== Args={}
2025-11-15 01:45:23,185 : INFO : EventManager : Event: ======'clear'====== Args={'key': 'csi_lanes'}
2025-11-15 01:45:23,186 : INFO : Timer.csi_lanes_timer : Stopping Timer
2025-11-15 01:45:23,186 : INFO : EventManager : Event: ======'timer_csi_lanes_timer_stopped'====== Args={'ticks': 1, 'ticks_remaining': 1}
2025-11-15 01:45:23,186 : INFO : Timer.csi_right_orbit_timer : Stopping Timer
2025-11-15 01:45:23,186 : INFO : EventManager : Event: ======'timer_csi_right_orbit_timer_stopped'====== Args={'ticks': 0, 'ticks_remaining': 0}
2025-11-15 01:45:23,187 : INFO : Mode.bumpers : Stopped.
2025-11-15 01:45:23,187 : INFO : EventManager : Event: ======'modes_active_modes_changed'====== Args={}
2025-11-15 01:45:23,187 : INFO : EventManager : Event: ======'mode_bumpers_stopped'====== Args={}
2025-11-15 01:45:23,187 : INFO : EventManager : Event: ======'clear'====== Args={'key': 'bumpers'}
2025-11-15 01:45:23,187 : INFO : Timer.bumper_timer : Stopping Timer
2025-11-15 01:45:23,187 : INFO : EventManager : Event: ======'timer_bumper_timer_stopped'====== Args={'ticks': 1, 'ticks_remaining': 1}
2025-11-15 01:45:23,187 : INFO : Mode.base : Stopped.
2025-11-15 01:45:23,187 : INFO : EventManager : Event: ======'modes_active_modes_changed'====== Args={}
2025-11-15 01:45:23,187 : INFO : EventManager : Event: ======'mode_base_stopped'====== Args={}
2025-11-15 01:45:23,188 : INFO : EventManager : Event: ======'clear'====== Args={'key': 'base'}
2025-11-15 01:45:23,188 : INFO : Timer.player_added_timer : Stopping Timer
2025-11-15 01:45:23,188 : INFO : EventManager : Event: ======'timer_player_added_timer_stopped'====== Args={'ticks': 1, 'ticks_remaining': 1}
2025-11-15 01:45:23,188 : INFO : Mode.skull : Stopped.
2025-11-15 01:45:23,188 : INFO : EventManager : Event: ======'modes_active_modes_changed'====== Args={}
2025-11-15 01:45:23,188 : INFO : EventManager : Event: ======'mode_skull_stopped'====== Args={}
2025-11-15 01:45:23,188 : INFO : EventManager : Event: ======'clear'====== Args={'key': 'skull'}
2025-11-15 01:45:23,188 : INFO : Timer.pause_timer : Stopping Timer
2025-11-15 01:45:23,188 : INFO : EventManager : Event: ======'timer_pause_timer_stopped'====== Args={'ticks': 1, 'ticks_remaining': 1}
2025-11-15 01:45:23,189 : INFO : Mode.game : Stopped.
2025-11-15 01:45:23,189 : INFO : EventManager : Event: ======'modes_active_modes_changed'====== Args={}
2025-11-15 01:45:23,189 : INFO : EventManager : Event: ======'mode_game_stopped'====== Args={}
2025-11-15 01:45:23,189 : INFO : EventManager : Event: ======'clear'====== Args={'key': 'game'}
2025-11-15 01:45:23,192 : INFO : root : MPF run loop ended.
