2025-10-28 23:36:34,973 : INFO : root : Loading config.
2025-10-28 23:36:34,974 : INFO : YamlMultifileConfigLoader : Machine config file #1: config.yaml
2025-10-28 23:36:34,974 : INFO : ConfigProcessor : Loading config from cache: /var/folders/m3/0d4y64_n3fn8tnkv3ydlhztw0000gn/T/5ca32a6c950d03116abbed96ca44d372.mpf_cache
2025-10-28 23:36:34,975 : WARNING : ConfigProcessor : Config file in cache changed: /Users/didiergilbin/Desktop/Homebrew_CSI/config/config_hardware.yaml
2025-10-28 23:36:34,975 : INFO : ConfigProcessor : Loading config from file /Users/didiergilbin/mpfenv/lib/python3.13/site-packages/mpf/mpfconfig.yaml.
2025-10-28 23:36:34,988 : INFO : ConfigProcessor : Loading config: /Users/didiergilbin/mpfenv/lib/python3.13/site-packages/mpf/mpfconfig.yaml
2025-10-28 23:36:34,989 : INFO : ConfigProcessor : Loading config from file /Users/didiergilbin/Desktop/Homebrew_CSI/config/config.yaml.
2025-10-28 23:36:34,989 : INFO : ConfigProcessor : Loading config: /Users/didiergilbin/Desktop/Homebrew_CSI/config/config.yaml
2025-10-28 23:36:35,003 : INFO : ConfigProcessor : Loading config: /Users/didiergilbin/Desktop/Homebrew_CSI/config/config_settings.yaml
2025-10-28 23:36:35,008 : INFO : ConfigProcessor : Loading config: /Users/didiergilbin/Desktop/Homebrew_CSI/config/config_hardware.yaml
2025-10-28 23:36:35,009 : INFO : ConfigProcessor : Config file cache created: /var/folders/m3/0d4y64_n3fn8tnkv3ydlhztw0000gn/T/5ca32a6c950d03116abbed96ca44d372.mpf_cache
2025-10-28 23:36:35,021 : INFO : ConfigProcessor : Loading config from cache: /var/folders/m3/0d4y64_n3fn8tnkv3ydlhztw0000gn/T/01c495fa7450a81b4be96cb699872531.mpf_cache
2025-10-28 23:36:35,021 : INFO : ConfigProcessor : Loading config from cache: /var/folders/m3/0d4y64_n3fn8tnkv3ydlhztw0000gn/T/bfde29b5bb803376b0637bb8f0da27a7.mpf_cache
2025-10-28 23:36:35,021 : INFO : ConfigProcessor : Loading config from cache: /var/folders/m3/0d4y64_n3fn8tnkv3ydlhztw0000gn/T/01c495fa7450a81b4be96cb699872531.mpf_cache
2025-10-28 23:36:35,021 : INFO : ConfigProcessor : Loading config from cache: /var/folders/m3/0d4y64_n3fn8tnkv3ydlhztw0000gn/T/3ae89e09515ff8d8b11d68f672b2cc51.mpf_cache
2025-10-28 23:36:35,021 : INFO : ConfigProcessor : Loading config from cache: /var/folders/m3/0d4y64_n3fn8tnkv3ydlhztw0000gn/T/4c420229fa75118c2461cfc9ff5a44e2.mpf_cache
2025-10-28 23:36:35,021 : INFO : Machine : Mission Pinball Framework Core Engine v0.80.0.dev10
2025-10-28 23:36:35,021 : INFO : Machine : Command line arguments: {'no_load_cache': False, 'create_config_cache': True, 'bcp': True, 'configfile': ['config.yaml'], 'force_assets_load': False, 'platform_integration_test': False, 'jsonlogging': False, 'logfile': 'logs/2025-10-28-23-36-34-mpf-mac.home.log', 'pause': False, 'production': False, 'text_ui': False, 'loglevel': 15, 'consoleloglevel': 20, 'force_platform': 'smart_virtual', 'syslog_address': None, 'full_logfile_path': '/Users/didiergilbin/Desktop/Homebrew_CSI/logs/2025-10-28-23-36-34-mpf-mac.home.log'}
2025-10-28 23:36:35,021 : INFO : Machine : MPF path: /Users/didiergilbin/mpfenv/lib/python3.13/site-packages/mpf
2025-10-28 23:36:35,021 : INFO : Machine : Machine path: /Users/didiergilbin/Desktop/Homebrew_CSI
2025-10-28 23:36:35,021 : INFO : Machine : Platform: darwin
2025-10-28 23:36:35,021 : INFO : Machine : Python executable location: /Users/didiergilbin/mpfenv/bin/python3.13
2025-10-28 23:36:35,021 : INFO : Machine : Python version: 3.13.7 (64-bit)
2025-10-28 23:36:35,021 : INFO : Machine : Initializing MPF...
2025-10-28 23:36:35,033 : INFO : EventManager : Event: ======'machine_var_credits_string'====== Args={'value': 'FREE PLAY', 'prev_value': None, 'change': True}
2025-10-28 23:36:35,036 : INFO : EventManager : Event: ======'machine_var_master_volume'====== Args={'value': 0.5, 'prev_value': None, 'change': True}
2025-10-28 23:36:35,036 : INFO : EventManager : Event: ======'machine_var_mpf_version'====== Args={'value': 'Mission Pinball Framework v0.80.0.dev10', 'prev_value': None, 'change': True}
2025-10-28 23:36:35,036 : INFO : EventManager : Event: ======'machine_var_mpf_extended_version'====== Args={'value': 'Mission Pinball Framework v0.80.0.dev10, Config version:6, Show version: 6, BCP version:1.1', 'prev_value': None, 'change': True}
2025-10-28 23:36:35,036 : INFO : EventManager : Event: ======'machine_var_python_version'====== Args={'value': '3.13.7', 'prev_value': None, 'change': True}
2025-10-28 23:36:35,042 : INFO : EventManager : Event: ======'machine_var_platform'====== Args={'value': 'macOS-15.6.1-arm64-arm-64bit-Mach-O', 'prev_value': None, 'change': True}
2025-10-28 23:36:35,042 : INFO : EventManager : Event: ======'machine_var_platform_system'====== Args={'value': 'Darwin', 'prev_value': None, 'change': True}
2025-10-28 23:36:35,042 : INFO : EventManager : Event: ======'machine_var_platform_release'====== Args={'value': '24.6.0', 'prev_value': None, 'change': True}
2025-10-28 23:36:35,042 : INFO : EventManager : Event: ======'machine_var_platform_version'====== Args={'value': 'Darwin Kernel Version 24.6.0: Mon Jul 14 11:30:40 PDT 2025; root:xnu-11417.140.69~1/RELEASE_ARM64_T8132', 'prev_value': None, 'change': True}
2025-10-28 23:36:35,042 : INFO : EventManager : Event: ======'machine_var_platform_machine'====== Args={'value': 'arm64', 'prev_value': None, 'change': True}
2025-10-28 23:36:35,042 : INFO : EventManager : Event: ======'machine_var_log_file_path'====== Args={'value': '/Users/didiergilbin/Desktop/Homebrew_CSI/logs/2025-10-28-23-36-34-mpf-mac.home.log', 'prev_value': None, 'change': True}
2025-10-28 23:36:35,042 : INFO : EventManager : Event: ======'init_phase_1'====== Args={}
2025-10-28 23:36:35,047 : ERROR : asyncio : Task exception was never retrieved
future: <Task finished name='Task-41' coro=<SystemWideDevice.device_added_system_wide() done, defined at /Users/didiergilbin/mpfenv/lib/python3.13/site-packages/mpf/core/system_wide_device.py:15> exception=ConfigFileError('Configuration error in bd_drain ball device. Device needs an eject_coil, a hold_coil, or "mechanical_eject: True"')>
Traceback (most recent call last):
  File "/Users/didiergilbin/mpfenv/lib/python3.13/site-packages/mpf/core/system_wide_device.py", line 17, in device_added_system_wide
    await self._initialize()
  File "/Users/didiergilbin/mpfenv/lib/python3.13/site-packages/mpf/devices/ball_device/ball_device.py", line 90, in _initialize
    self._configure_targets()
    ~~~~~~~~~~~~~~~~~~~~~~~^^
  File "/Users/didiergilbin/mpfenv/lib/python3.13/site-packages/mpf/devices/ball_device/ball_device.py", line 365, in _configure_targets
    self._validate_config()
    ~~~~~~~~~~~~~~~~~~~~~^^
  File "/Users/didiergilbin/mpfenv/lib/python3.13/site-packages/mpf/devices/ball_device/ball_device.py", line 310, in _validate_config
    self.raise_config_error('Configuration error in {} ball device. '
    ~~~~~~~~~~~~~~~~~~~~~~~^^^^^^^^^^^^^^^^^^^^^^^^^^^^^^^^^^^^^^^^^^
                            'Device needs an eject_coil, a hold_coil, or '
                            ^^^^^^^^^^^^^^^^^^^^^^^^^^^^^^^^^^^^^^^^^^^^^^
                            '"mechanical_eject: True"'.format(self.name), 4)
                            ^^^^^^^^^^^^^^^^^^^^^^^^^^^^^^^^^^^^^^^^^^^^^^^^
  File "/Users/didiergilbin/mpfenv/lib/python3.13/site-packages/mpf/core/logging.py", line 175, in raise_config_error
    raise ConfigFileError(msg, error_no, self.log.name if self.log else "", context, self._url_base) \
        from source_exception
mpf.exceptions.config_file_error.ConfigFileError: Config File Error in ball_device.bd_drain: Configuration error in bd_drain ball device. Device needs an eject_coil, a hold_coil, or "mechanical_eject: True" Error Code: CFE-ball_device-4 (https://missionpinball.org/logs)
2025-10-28 23:36:35,048 : INFO : EventManager : Event: ======'init_phase_2'====== Args={}
2025-10-28 23:36:35,049 : INFO : Machine : Starting the main run loop with active modes: []
2025-10-28 23:36:35,049 : WARNING : Machine : Attract mode is not active, game will not be playable. Please check your attract mode configuration.
2025-10-28 23:36:35,049 : INFO : Machine : Shutting down...
2025-10-28 23:36:35,049 : INFO : EventManager : Event: ======'shutdown'====== Args={}
2025-10-28 23:36:35,049 : INFO : SwitchController : Found active switch: ('2', <Platform.SmartVirtual>) <switch.s_trough1>
2025-10-28 23:36:35,049 : INFO : SwitchController : Found active switch: ('3', <Platform.SmartVirtual>) <switch.s_trough2>
2025-10-28 23:36:35,049 : INFO : SwitchController : Found active switch: ('4', <Platform.SmartVirtual>) <switch.s_trough3>
2025-10-28 23:36:35,049 : INFO : SwitchController : Found active switch: ('5', <Platform.SmartVirtual>) <switch.s_trough4>
2025-10-28 23:36:35,050 : INFO : EventManager : Event: ======'bcp_connection_attempt'====== Args={'name': 'local_display', 'host': 'localhost', 'port': 5050}
2025-10-28 23:36:35,050 : INFO : BCPClientSocket : Connecting BCP to 'local_display' at localhost:5050...
2025-10-28 23:36:35,052 : INFO : BCPClientSocket : Connected BCP to 'local_display' localhost:5050
2025-10-28 23:36:35,052 : INFO : EventManager : Event: ======'bcp_clients_connected'====== Args={}
2025-10-28 23:36:35,053 : INFO : ball_device.bd_trough : BCH: Initial count: 4
2025-10-28 23:36:35,053 : INFO : ball_device.bd_trough : State: idle
2025-10-28 23:36:35,053 : INFO : ball_device.bd_plunger : BCH: Initial count: 0
2025-10-28 23:36:35,053 : INFO : ball_device.bd_plunger : State: idle
2025-10-28 23:36:35,055 : INFO : EventManager : Event: ======'init_phase_3'====== Args={}
2025-10-28 23:36:35,056 : INFO : EventManager : Event: ======'init_phase_4'====== Args={}
2025-10-28 23:36:35,056 : ERROR : asyncio : Exception in callback Util.raise_exceptions() at /Users/didiergilbin/mpfenv/lib/python3.13/site-packages/mpf/core/utility_functions.py:789
handle: <Handle Util.raise_exceptions() at /Users/didiergilbin/mpfenv/lib/python3.13/site-packages/mpf/core/utility_functions.py:789>
Traceback (most recent call last):
  File "/Library/Frameworks/Python.framework/Versions/3.13/lib/python3.13/asyncio/events.py", line 89, in _run
    self._context.run(self._callback, *self._args)
    ~~~~~~~~~~~~~~~~~^^^^^^^^^^^^^^^^^^^^^^^^^^^^^
  File "/Users/didiergilbin/mpfenv/lib/python3.13/site-packages/mpf/core/utility_functions.py", line 797, in raise_exceptions
    future.result()
    ~~~~~~~~~~~~~^^
  File "/Users/didiergilbin/mpfenv/lib/python3.13/site-packages/mpf/core/ball_controller.py", line 90, in _add_new_balls_to_playfield
    self.num_balls_known = await self._count_all_balls_in_devices()
                           ^^^^^^^^^^^^^^^^^^^^^^^^^^^^^^^^^^^^^^^^
  File "/Users/didiergilbin/mpfenv/lib/python3.13/site-packages/mpf/core/ball_controller.py", line 129, in _count_all_balls_in_devices
    futures.append(asyncio.ensure_future(device.ball_count_handler.counter.wait_for_count_stable()))
                                         ^^^^^^^^^^^^^^^^^^^^^^^^^^^^^^^^^
AttributeError: 'NoneType' object has no attribute 'counter'
2025-10-28 23:36:35,057 : INFO : EventManager : Event: ======'machine_var_audits_events_game_ended'====== Args={'value': 0, 'prev_value': None, 'change': True}
2025-10-28 23:36:35,057 : INFO : EventManager : Event: ======'machine_var_audits_events_game_started'====== Args={'value': 100, 'prev_value': None, 'change': True}
2025-10-28 23:36:35,057 : INFO : EventManager : Event: ======'machine_var_audits_missing_switches_s_launch_button'====== Args={'value': 100, 'prev_value': None, 'change': True}
2025-10-28 23:36:35,057 : INFO : EventManager : Event: ======'machine_var_audits_missing_switches_s_left_flipper'====== Args={'value': 89, 'prev_value': None, 'change': True}
2025-10-28 23:36:35,057 : INFO : EventManager : Event: ======'machine_var_audits_missing_switches_s_right_flipper'====== Args={'value': 37, 'prev_value': None, 'change': True}
2025-10-28 23:36:35,057 : INFO : EventManager : Event: ======'machine_var_audits_missing_switches_s_scoop'====== Args={'value': 12, 'prev_value': None, 'change': True}
2025-10-28 23:36:35,057 : INFO : EventManager : Event: ======'machine_var_audits_missing_switches_s_sling_left'====== Args={'value': 100, 'prev_value': None, 'change': True}
2025-10-28 23:36:35,057 : INFO : EventManager : Event: ======'machine_var_audits_missing_switches_s_sling_right'====== Args={'value': 100, 'prev_value': None, 'change': True}
2025-10-28 23:36:35,057 : INFO : EventManager : Event: ======'machine_var_audits_missing_switches_s_trough1'====== Args={'value': 100, 'prev_value': None, 'change': True}
2025-10-28 23:36:35,057 : INFO : EventManager : Event: ======'machine_var_audits_missing_switches_s_trough2'====== Args={'value': 100, 'prev_value': None, 'change': True}
2025-10-28 23:36:35,057 : INFO : EventManager : Event: ======'machine_var_audits_missing_switches_s_trough3'====== Args={'value': 100, 'prev_value': None, 'change': True}
2025-10-28 23:36:35,057 : INFO : EventManager : Event: ======'machine_var_audits_missing_switches_s_trough4'====== Args={'value': 100, 'prev_value': None, 'change': True}
2025-10-28 23:36:35,057 : INFO : EventManager : Event: ======'machine_var_audits_missing_switches_s_trough_jam'====== Args={'value': 100, 'prev_value': None, 'change': True}
2025-10-28 23:36:35,057 : INFO : EventManager : Event: ======'machine_var_audits_player_score'====== Args={'value': {'average': 0, 'top': [], 'total': 0}, 'prev_value': None, 'change': True}
2025-10-28 23:36:35,057 : INFO : EventManager : Event: ======'machine_var_audits_shots_bumper1'====== Args={'value': 2139, 'prev_value': None, 'change': True}
2025-10-28 23:36:35,057 : INFO : EventManager : Event: ======'machine_var_audits_shots_bumper2'====== Args={'value': 2148, 'prev_value': None, 'change': True}
2025-10-28 23:36:35,057 : INFO : EventManager : Event: ======'machine_var_audits_shots_bumper3'====== Args={'value': 1921, 'prev_value': None, 'change': True}
2025-10-28 23:36:35,057 : INFO : EventManager : Event: ======'machine_var_audits_switches_s_launch_button'====== Args={'value': 0, 'prev_value': None, 'change': True}
2025-10-28 23:36:35,057 : INFO : EventManager : Event: ======'machine_var_audits_switches_s_left_flipper'====== Args={'value': 5, 'prev_value': None, 'change': True}
2025-10-28 23:36:35,057 : INFO : EventManager : Event: ======'machine_var_audits_switches_s_plunger_lane'====== Args={'value': 100, 'prev_value': None, 'change': True}
2025-10-28 23:36:35,057 : INFO : EventManager : Event: ======'machine_var_audits_switches_s_popbumper1'====== Args={'value': 2139, 'prev_value': None, 'change': True}
2025-10-28 23:36:35,057 : INFO : EventManager : Event: ======'machine_var_audits_switches_s_popbumper2'====== Args={'value': 2148, 'prev_value': None, 'change': True}
2025-10-28 23:36:35,057 : INFO : EventManager : Event: ======'machine_var_audits_switches_s_popbumper3'====== Args={'value': 1921, 'prev_value': None, 'change': True}
2025-10-28 23:36:35,057 : INFO : EventManager : Event: ======'machine_var_audits_switches_s_right_flipper'====== Args={'value': 9, 'prev_value': None, 'change': True}
2025-10-28 23:36:35,057 : INFO : EventManager : Event: ======'machine_var_audits_switches_s_scoop'====== Args={'value': 47, 'prev_value': None, 'change': True}
2025-10-28 23:36:35,057 : INFO : EventManager : Event: ======'machine_var_audits_switches_s_sling_left'====== Args={'value': 0, 'prev_value': None, 'change': True}
2025-10-28 23:36:35,057 : INFO : EventManager : Event: ======'machine_var_audits_switches_s_sling_right'====== Args={'value': 0, 'prev_value': None, 'change': True}
2025-10-28 23:36:35,057 : INFO : EventManager : Event: ======'machine_var_audits_switches_s_start'====== Args={'value': 272, 'prev_value': None, 'change': True}
2025-10-28 23:36:35,057 : INFO : EventManager : Event: ======'machine_var_audits_switches_s_trough1'====== Args={'value': 0, 'prev_value': None, 'change': True}
2025-10-28 23:36:35,057 : INFO : EventManager : Event: ======'machine_var_audits_switches_s_trough2'====== Args={'value': 0, 'prev_value': None, 'change': True}
2025-10-28 23:36:35,057 : INFO : EventManager : Event: ======'machine_var_audits_switches_s_trough3'====== Args={'value': 0, 'prev_value': None, 'change': True}
2025-10-28 23:36:35,058 : INFO : EventManager : Event: ======'machine_var_audits_switches_s_trough4'====== Args={'value': 0, 'prev_value': None, 'change': True}
2025-10-28 23:36:35,058 : INFO : EventManager : Event: ======'machine_var_audits_switches_s_trough_jam'====== Args={'value': 0, 'prev_value': None, 'change': True}
2025-10-28 23:36:35,058 : INFO : EventManager : Event: ======'machine_var_audits_switches_s_drain'====== Args={'value': 0, 'prev_value': None, 'change': True}
2025-10-28 23:36:35,058 : INFO : EventManager : Event: ======'init_phase_5'====== Args={}
2025-10-28 23:36:35,058 : INFO : EventManager : Event: ======'init_done'====== Args={}
2025-10-28 23:36:35,058 : INFO : EventManager : Event: ======'machine_reset_phase_1'====== Args={}
2025-10-28 23:36:35,059 : INFO : EventManager : Event: ======'machine_reset_phase_2'====== Args={}
2025-10-28 23:36:35,060 : INFO : EventManager : Event: ======'machine_reset_phase_3'====== Args={}
2025-10-28 23:36:35,060 : INFO : EventManager : Event: ======'reset_complete'====== Args={}
2025-10-28 23:36:35,060 : INFO : EventManager : Event: ======'mode_attract_will_start'====== Args={}
2025-10-28 23:36:35,060 : INFO : Timer.attract_carousel_timer : Starting Timer.
2025-10-28 23:36:35,060 : INFO : EventManager : Event: ======'timer_attract_carousel_timer_started'====== Args={'ticks': 0, 'ticks_remaining': 1}
2025-10-28 23:36:35,060 : INFO : EventManager : Event: ======'timer_attract_carousel_timer_tick'====== Args={'ticks': 0, 'ticks_remaining': 1}
2025-10-28 23:36:35,061 : INFO : EventManager : Event: ======'mode_attract_starting'====== Args={}
2025-10-28 23:36:35,061 : INFO : Mode.attract : Will not start because machine is shutting down.
2025-10-28 23:36:35,061 : ERROR : Machine : Runtime Exception
Traceback (most recent call last):
  File "/Users/didiergilbin/mpfenv/lib/python3.13/site-packages/mpf/core/machine.py", line 810, in _run_loop
    raise self._exception['exception']
  File "/Users/didiergilbin/mpfenv/lib/python3.13/site-packages/mpf/core/system_wide_device.py", line 17, in device_added_system_wide
    await self._initialize()
  File "/Users/didiergilbin/mpfenv/lib/python3.13/site-packages/mpf/devices/ball_device/ball_device.py", line 90, in _initialize
    self._configure_targets()
    ~~~~~~~~~~~~~~~~~~~~~~~^^
  File "/Users/didiergilbin/mpfenv/lib/python3.13/site-packages/mpf/devices/ball_device/ball_device.py", line 365, in _configure_targets
    self._validate_config()
    ~~~~~~~~~~~~~~~~~~~~~^^
  File "/Users/didiergilbin/mpfenv/lib/python3.13/site-packages/mpf/devices/ball_device/ball_device.py", line 310, in _validate_config
    self.raise_config_error('Configuration error in {} ball device. '
    ~~~~~~~~~~~~~~~~~~~~~~~^^^^^^^^^^^^^^^^^^^^^^^^^^^^^^^^^^^^^^^^^^
                            'Device needs an eject_coil, a hold_coil, or '
                            ^^^^^^^^^^^^^^^^^^^^^^^^^^^^^^^^^^^^^^^^^^^^^^
                            '"mechanical_eject: True"'.format(self.name), 4)
                            ^^^^^^^^^^^^^^^^^^^^^^^^^^^^^^^^^^^^^^^^^^^^^^^^
  File "/Users/didiergilbin/mpfenv/lib/python3.13/site-packages/mpf/core/logging.py", line 175, in raise_config_error
    raise ConfigFileError(msg, error_no, self.log.name if self.log else "", context, self._url_base) \
        from source_exception
mpf.exceptions.config_file_error.ConfigFileError: Config File Error in ball_device.bd_drain: Configuration error in bd_drain ball device. Device needs an eject_coil, a hold_coil, or "mechanical_eject: True" Error Code: CFE-ball_device-4 (https://missionpinball.org/logs)
2025-10-28 23:36:35,062 : INFO : root : MPF run loop ended.
