2025-11-05 22:21:12,658 : INFO : root : Loading config.
2025-11-05 22:21:12,659 : INFO : YamlMultifileConfigLoader : Machine config file #1: config.yaml
2025-11-05 22:21:12,659 : INFO : ConfigProcessor : Loading config from cache: /var/folders/m3/0d4y64_n3fn8tnkv3ydlhztw0000gn/T/5ca32a6c950d03116abbed96ca44d372.mpf_cache
2025-11-05 22:21:12,671 : INFO : ConfigProcessor : Loading config from cache: /var/folders/m3/0d4y64_n3fn8tnkv3ydlhztw0000gn/T/01c495fa7450a81b4be96cb699872531.mpf_cache
2025-11-05 22:21:12,671 : INFO : ConfigProcessor : Loading config from cache: /var/folders/m3/0d4y64_n3fn8tnkv3ydlhztw0000gn/T/bfde29b5bb803376b0637bb8f0da27a7.mpf_cache
2025-11-05 22:21:12,671 : INFO : ConfigProcessor : Loading config from cache: /var/folders/m3/0d4y64_n3fn8tnkv3ydlhztw0000gn/T/01c495fa7450a81b4be96cb699872531.mpf_cache
2025-11-05 22:21:12,671 : INFO : ConfigProcessor : Loading config from cache: /var/folders/m3/0d4y64_n3fn8tnkv3ydlhztw0000gn/T/3ae89e09515ff8d8b11d68f672b2cc51.mpf_cache
2025-11-05 22:21:12,672 : INFO : ConfigProcessor : Loading config from cache: /var/folders/m3/0d4y64_n3fn8tnkv3ydlhztw0000gn/T/4c420229fa75118c2461cfc9ff5a44e2.mpf_cache
2025-11-05 22:21:12,672 : INFO : ConfigProcessor : Loading config from cache: /var/folders/m3/0d4y64_n3fn8tnkv3ydlhztw0000gn/T/f5ee6852f1764324c8553249cc53c871.mpf_cache
2025-11-05 22:21:12,672 : INFO : ConfigProcessor : Loading config from cache: /var/folders/m3/0d4y64_n3fn8tnkv3ydlhztw0000gn/T/97c87487bc6ae826da86d36a6e042c78.mpf_cache
2025-11-05 22:21:12,672 : INFO : Machine : Mission Pinball Framework Core Engine v0.80.0.dev10
2025-11-05 22:21:12,672 : INFO : Machine : Command line arguments: {'no_load_cache': False, 'create_config_cache': True, 'bcp': True, 'configfile': ['config.yaml'], 'force_assets_load': False, 'platform_integration_test': False, 'jsonlogging': False, 'logfile': 'logs/2025-11-05-22-21-12-mpf-mac.home.log', 'pause': False, 'production': False, 'text_ui': False, 'loglevel': 15, 'consoleloglevel': 20, 'force_platform': 'smart_virtual', 'syslog_address': None, 'full_logfile_path': '/Users/didiergilbin/Desktop/Homebrew_CSI/logs/2025-11-05-22-21-12-mpf-mac.home.log'}
2025-11-05 22:21:12,672 : INFO : Machine : MPF path: /Users/didiergilbin/mpfenv/lib/python3.13/site-packages/mpf
2025-11-05 22:21:12,672 : INFO : Machine : Machine path: /Users/didiergilbin/Desktop/Homebrew_CSI
2025-11-05 22:21:12,672 : INFO : Machine : Platform: darwin
2025-11-05 22:21:12,672 : INFO : Machine : Python executable location: /Users/didiergilbin/mpfenv/bin/python3.13
2025-11-05 22:21:12,672 : INFO : Machine : Python version: 3.13.7 (64-bit)
2025-11-05 22:21:12,672 : INFO : Machine : Initializing MPF...
2025-11-05 22:21:12,685 : INFO : EventManager : Event: ======'machine_var_credits_string'====== Args={'value': 'FREE PLAY', 'prev_value': None, 'change': True}
2025-11-05 22:21:12,688 : INFO : EventManager : Event: ======'machine_var_master_volume'====== Args={'value': 0.5, 'prev_value': None, 'change': True}
2025-11-05 22:21:12,688 : INFO : EventManager : Event: ======'machine_var_player1_score'====== Args={'value': 208000, 'prev_value': None, 'change': True}
2025-11-05 22:21:12,688 : INFO : EventManager : Event: ======'machine_var_mpf_version'====== Args={'value': 'Mission Pinball Framework v0.80.0.dev10', 'prev_value': None, 'change': True}
2025-11-05 22:21:12,688 : INFO : EventManager : Event: ======'machine_var_mpf_extended_version'====== Args={'value': 'Mission Pinball Framework v0.80.0.dev10, Config version:6, Show version: 6, BCP version:1.1', 'prev_value': None, 'change': True}
2025-11-05 22:21:12,688 : INFO : EventManager : Event: ======'machine_var_python_version'====== Args={'value': '3.13.7', 'prev_value': None, 'change': True}
2025-11-05 22:21:12,694 : INFO : EventManager : Event: ======'machine_var_platform'====== Args={'value': 'macOS-15.6.1-arm64-arm-64bit-Mach-O', 'prev_value': None, 'change': True}
2025-11-05 22:21:12,694 : INFO : EventManager : Event: ======'machine_var_platform_system'====== Args={'value': 'Darwin', 'prev_value': None, 'change': True}
2025-11-05 22:21:12,694 : INFO : EventManager : Event: ======'machine_var_platform_release'====== Args={'value': '24.6.0', 'prev_value': None, 'change': True}
2025-11-05 22:21:12,694 : INFO : EventManager : Event: ======'machine_var_platform_version'====== Args={'value': 'Darwin Kernel Version 24.6.0: Mon Jul 14 11:30:40 PDT 2025; root:xnu-11417.140.69~1/RELEASE_ARM64_T8132', 'prev_value': None, 'change': True}
2025-11-05 22:21:12,694 : INFO : EventManager : Event: ======'machine_var_platform_machine'====== Args={'value': 'arm64', 'prev_value': None, 'change': True}
2025-11-05 22:21:12,694 : INFO : EventManager : Event: ======'machine_var_log_file_path'====== Args={'value': '/Users/didiergilbin/Desktop/Homebrew_CSI/logs/2025-11-05-22-21-12-mpf-mac.home.log', 'prev_value': None, 'change': True}
2025-11-05 22:21:12,694 : INFO : EventManager : Event: ======'init_phase_1'====== Args={}
2025-11-05 22:21:12,700 : INFO : EventManager : Event: ======'init_phase_2'====== Args={}
2025-11-05 22:21:12,700 : INFO : SwitchController : Found active switch: ('2', <Platform.SmartVirtual>) <switch.s_trough1>
2025-11-05 22:21:12,700 : INFO : SwitchController : Found active switch: ('3', <Platform.SmartVirtual>) <switch.s_trough2>
2025-11-05 22:21:12,700 : INFO : SwitchController : Found active switch: ('4', <Platform.SmartVirtual>) <switch.s_trough3>
2025-11-05 22:21:12,700 : INFO : SwitchController : Found active switch: ('5', <Platform.SmartVirtual>) <switch.s_trough4>
2025-11-05 22:21:12,701 : INFO : EventManager : Event: ======'bcp_connection_attempt'====== Args={'name': 'local_display', 'host': 'localhost', 'port': 5050}
2025-11-05 22:21:12,701 : INFO : BCPClientSocket : Connecting BCP to 'local_display' at localhost:5050...
2025-11-05 22:21:12,703 : INFO : BCPClientSocket : Connected BCP to 'local_display' localhost:5050
2025-11-05 22:21:12,704 : INFO : EventManager : Event: ======'bcp_clients_connected'====== Args={}
2025-11-05 22:21:12,704 : INFO : ball_device.bd_drain : BCH: Initial count: 0
2025-11-05 22:21:12,704 : INFO : ball_device.bd_drain : State: idle
2025-11-05 22:21:12,704 : INFO : ball_device.bd_trough : BCH: Initial count: 4
2025-11-05 22:21:12,704 : INFO : ball_device.bd_trough : State: idle
2025-11-05 22:21:12,704 : INFO : ball_device.bd_plunger : BCH: Initial count: 0
2025-11-05 22:21:12,704 : INFO : ball_device.bd_plunger : State: idle
2025-11-05 22:21:12,707 : INFO : EventManager : Event: ======'init_phase_3'====== Args={}
2025-11-05 22:21:12,708 : INFO : EventManager : Event: ======'init_phase_4'====== Args={}
2025-11-05 22:21:12,708 : INFO : BallController : Initial balls found: 4
2025-11-05 22:21:12,708 : INFO : EventManager : Event: ======'machine_var_audits_events_game_ended'====== Args={'value': 52, 'prev_value': None, 'change': True}
2025-11-05 22:21:12,708 : INFO : EventManager : Event: ======'machine_var_audits_events_game_started'====== Args={'value': 391, 'prev_value': None, 'change': True}
2025-11-05 22:21:12,708 : INFO : EventManager : Event: ======'machine_var_audits_missing_switches_s_drain'====== Args={'value': 7, 'prev_value': None, 'change': True}
2025-11-05 22:21:12,708 : INFO : EventManager : Event: ======'machine_var_audits_missing_switches_s_launch_button'====== Args={'value': 38, 'prev_value': None, 'change': True}
2025-11-05 22:21:12,708 : INFO : EventManager : Event: ======'machine_var_audits_missing_switches_s_left_outlane'====== Args={'value': 6, 'prev_value': None, 'change': True}
2025-11-05 22:21:12,708 : INFO : EventManager : Event: ======'machine_var_audits_missing_switches_s_popbumper1'====== Args={'value': 3, 'prev_value': None, 'change': True}
2025-11-05 22:21:12,708 : INFO : EventManager : Event: ======'machine_var_audits_missing_switches_s_popbumper2'====== Args={'value': 3, 'prev_value': None, 'change': True}
2025-11-05 22:21:12,708 : INFO : EventManager : Event: ======'machine_var_audits_missing_switches_s_popbumper3'====== Args={'value': 3, 'prev_value': None, 'change': True}
2025-11-05 22:21:12,708 : INFO : EventManager : Event: ======'machine_var_audits_missing_switches_s_right_outlane'====== Args={'value': 6, 'prev_value': None, 'change': True}
2025-11-05 22:21:12,708 : INFO : EventManager : Event: ======'machine_var_audits_missing_switches_s_sling_left'====== Args={'value': 391, 'prev_value': None, 'change': True}
2025-11-05 22:21:12,708 : INFO : EventManager : Event: ======'machine_var_audits_missing_switches_s_sling_right'====== Args={'value': 391, 'prev_value': None, 'change': True}
2025-11-05 22:21:12,708 : INFO : EventManager : Event: ======'machine_var_audits_missing_switches_s_trough1'====== Args={'value': 7, 'prev_value': None, 'change': True}
2025-11-05 22:21:12,708 : INFO : EventManager : Event: ======'machine_var_audits_missing_switches_s_trough2'====== Args={'value': 12, 'prev_value': None, 'change': True}
2025-11-05 22:21:12,708 : INFO : EventManager : Event: ======'machine_var_audits_missing_switches_s_trough3'====== Args={'value': 169, 'prev_value': None, 'change': True}
2025-11-05 22:21:12,708 : INFO : EventManager : Event: ======'machine_var_audits_missing_switches_s_trough4'====== Args={'value': 169, 'prev_value': None, 'change': True}
2025-11-05 22:21:12,708 : INFO : EventManager : Event: ======'machine_var_audits_missing_switches_s_trough_jam'====== Args={'value': 105, 'prev_value': None, 'change': True}
2025-11-05 22:21:12,708 : INFO : EventManager : Event: ======'machine_var_audits_player_score'====== Args={'value': {'average': 220948, 'top': [10210000, 1550000, 1070000, 1070000, 810000, 710000, 640000, 570000, 530000, 480000], 'total': 111}, 'prev_value': None, 'change': True}
2025-11-05 22:21:12,708 : INFO : EventManager : Event: ======'machine_var_audits_shots_bumper1'====== Args={'value': 3508, 'prev_value': None, 'change': True}
2025-11-05 22:21:12,708 : INFO : EventManager : Event: ======'machine_var_audits_shots_bumper2'====== Args={'value': 3525, 'prev_value': None, 'change': True}
2025-11-05 22:21:12,708 : INFO : EventManager : Event: ======'machine_var_audits_shots_bumper3'====== Args={'value': 3364, 'prev_value': None, 'change': True}
2025-11-05 22:21:12,708 : INFO : EventManager : Event: ======'machine_var_audits_shots_c_shot'====== Args={'value': 102, 'prev_value': None, 'change': True}
2025-11-05 22:21:12,708 : INFO : EventManager : Event: ======'machine_var_audits_shots_csi_shot'====== Args={'value': 9, 'prev_value': None, 'change': True}
2025-11-05 22:21:12,708 : INFO : EventManager : Event: ======'machine_var_audits_shots_i_shot'====== Args={'value': 82, 'prev_value': None, 'change': True}
2025-11-05 22:21:12,708 : INFO : EventManager : Event: ======'machine_var_audits_shots_s_shot'====== Args={'value': 94, 'prev_value': None, 'change': True}
2025-11-05 22:21:12,708 : INFO : EventManager : Event: ======'machine_var_audits_shots_switch_shot'====== Args={'value': 245, 'prev_value': None, 'change': True}
2025-11-05 22:21:12,708 : INFO : EventManager : Event: ======'machine_var_audits_switches_s_drain'====== Args={'value': 515, 'prev_value': None, 'change': True}
2025-11-05 22:21:12,708 : INFO : EventManager : Event: ======'machine_var_audits_switches_s_launch_button'====== Args={'value': 1, 'prev_value': None, 'change': True}
2025-11-05 22:21:12,708 : INFO : EventManager : Event: ======'machine_var_audits_switches_s_left_flipper'====== Args={'value': 353, 'prev_value': None, 'change': True}
2025-11-05 22:21:12,708 : INFO : EventManager : Event: ======'machine_var_audits_switches_s_left_inlane1'====== Args={'value': 112, 'prev_value': None, 'change': True}
2025-11-05 22:21:12,708 : INFO : EventManager : Event: ======'machine_var_audits_switches_s_left_inlane2'====== Args={'value': 101, 'prev_value': None, 'change': True}
2025-11-05 22:21:12,708 : INFO : EventManager : Event: ======'machine_var_audits_switches_s_left_outlane'====== Args={'value': 1, 'prev_value': None, 'change': True}
2025-11-05 22:21:12,708 : INFO : EventManager : Event: ======'machine_var_audits_switches_s_plunger_lane'====== Args={'value': 753, 'prev_value': None, 'change': True}
2025-11-05 22:21:12,708 : INFO : EventManager : Event: ======'machine_var_audits_switches_s_popbumper1'====== Args={'value': 3552, 'prev_value': None, 'change': True}
2025-11-05 22:21:12,709 : INFO : EventManager : Event: ======'machine_var_audits_switches_s_popbumper2'====== Args={'value': 3566, 'prev_value': None, 'change': True}
2025-11-05 22:21:12,709 : INFO : EventManager : Event: ======'machine_var_audits_switches_s_popbumper3'====== Args={'value': 3406, 'prev_value': None, 'change': True}
2025-11-05 22:21:12,709 : INFO : EventManager : Event: ======'machine_var_audits_switches_s_right_flipper'====== Args={'value': 614, 'prev_value': None, 'change': True}
2025-11-05 22:21:12,709 : INFO : EventManager : Event: ======'machine_var_audits_switches_s_right_inlane'====== Args={'value': 88, 'prev_value': None, 'change': True}
2025-11-05 22:21:12,709 : INFO : EventManager : Event: ======'machine_var_audits_switches_s_right_outlane'====== Args={'value': 5, 'prev_value': None, 'change': True}
2025-11-05 22:21:12,709 : INFO : EventManager : Event: ======'machine_var_audits_switches_s_scoop'====== Args={'value': 355, 'prev_value': None, 'change': True}
2025-11-05 22:21:12,709 : INFO : EventManager : Event: ======'machine_var_audits_switches_s_sling_left'====== Args={'value': 0, 'prev_value': None, 'change': True}
2025-11-05 22:21:12,709 : INFO : EventManager : Event: ======'machine_var_audits_switches_s_sling_right'====== Args={'value': 0, 'prev_value': None, 'change': True}
2025-11-05 22:21:12,709 : INFO : EventManager : Event: ======'machine_var_audits_switches_s_start'====== Args={'value': 648, 'prev_value': None, 'change': True}
2025-11-05 22:21:12,709 : INFO : EventManager : Event: ======'machine_var_audits_switches_s_trough1'====== Args={'value': 363, 'prev_value': None, 'change': True}
2025-11-05 22:21:12,709 : INFO : EventManager : Event: ======'machine_var_audits_switches_s_trough2'====== Args={'value': 16, 'prev_value': None, 'change': True}
2025-11-05 22:21:12,709 : INFO : EventManager : Event: ======'machine_var_audits_switches_s_trough3'====== Args={'value': 1, 'prev_value': None, 'change': True}
2025-11-05 22:21:12,709 : INFO : EventManager : Event: ======'machine_var_audits_switches_s_trough4'====== Args={'value': 1, 'prev_value': None, 'change': True}
2025-11-05 22:21:12,709 : INFO : EventManager : Event: ======'machine_var_audits_switches_s_trough_jam'====== Args={'value': 8, 'prev_value': None, 'change': True}
2025-11-05 22:21:12,709 : INFO : EventManager : Event: ======'init_phase_5'====== Args={}
2025-11-05 22:21:12,709 : INFO : EventManager : Event: ======'init_done'====== Args={}
2025-11-05 22:21:12,709 : INFO : EventManager : Event: ======'machine_reset_phase_1'====== Args={}
2025-11-05 22:21:12,719 : INFO : EventManager : Event: ======'machine_reset_phase_2'====== Args={}
2025-11-05 22:21:12,719 : INFO : EventManager : Event: ======'machine_reset_phase_3'====== Args={}
2025-11-05 22:21:12,720 : INFO : EventManager : Event: ======'reset_complete'====== Args={}
2025-11-05 22:21:12,720 : INFO : EventManager : Event: ======'mode_attract_will_start'====== Args={}
2025-11-05 22:21:12,720 : INFO : Timer.attract_carousel_timer : Starting Timer.
2025-11-05 22:21:12,720 : INFO : EventManager : Event: ======'timer_attract_carousel_timer_started'====== Args={'ticks': 0, 'ticks_remaining': 1}
2025-11-05 22:21:12,720 : INFO : EventManager : Event: ======'timer_attract_carousel_timer_tick'====== Args={'ticks': 0, 'ticks_remaining': 1}
2025-11-05 22:21:12,720 : INFO : EventManager : Event: ======'mode_attract_starting'====== Args={}
2025-11-05 22:21:12,720 : INFO : Mode.attract : Started. Priority: 10
2025-11-05 22:21:12,720 : INFO : EventManager : Event: ======'modes_active_modes_changed'====== Args={}
2025-11-05 22:21:12,721 : INFO : EventManager : Event: ======'mode_attract_started'====== Args={}
2025-11-05 22:21:12,721 : INFO : EventManager : Event: ======'collecting_balls_complete'====== Args={}
2025-11-05 22:21:12,721 : INFO : EventManager : Event: ======'carousel_item_highlighted'====== Args={'carousel': 'attract', 'direction': None, 'item': 'title'}
2025-11-05 22:21:12,721 : INFO : Machine : Starting the main run loop with active modes: [<Mode.attract>]
2025-11-05 22:21:13,066 : INFO : BcpServer : New client connected.
2025-11-05 22:21:13,122 : INFO : EventManager : Event: ======'slide_attract_created'====== Args={'_from_bcp': True}
2025-11-05 22:21:13,122 : INFO : EventManager : Event: ======'slide__removed'====== Args={'_from_bcp': True}
2025-11-05 22:21:13,123 : INFO : EventManager : Event: ======'slide_attract_active'====== Args={'original_context': 'attract', 'original_calling_context': 'mode_attract_started', 'priority': 10.0, 'cmd': 'slides_play', '_from_bcp': True}
2025-11-05 22:21:14,953 : INFO : SwitchController : <<<<<<< 's_start' active >>>>>>>
2025-11-05 22:21:15,036 : INFO : SwitchController : <<<<<<< 's_start' inactive >>>>>>>
2025-11-05 22:21:15,037 : INFO : EventManager : Event: ======'request_to_start_game'====== Args={}
2025-11-05 22:21:15,038 : INFO : EventManager : Event: ======'game_start'====== Args={'buttons': [], 'hold_time': 0.08356583293061703}
2025-11-05 22:21:15,038 : INFO : EventManager : Event: ======'mode_game_will_start'====== Args={'buttons': [], 'hold_time': 0.08356583293061703}
2025-11-05 22:21:15,040 : INFO : EventManager : Event: ======'mode_game_starting'====== Args={'buttons': [], 'hold_time': 0.08356583293061703}
2025-11-05 22:21:15,040 : INFO : EventManager : Event: ======'mode_attract_will_stop'====== Args={}
2025-11-05 22:21:15,040 : INFO : EventManager : Event: ======'mode_attract_stopping'====== Args={}
2025-11-05 22:21:15,041 : INFO : Mode.attract : Stopped.
2025-11-05 22:21:15,041 : INFO : EventManager : Event: ======'modes_active_modes_changed'====== Args={}
2025-11-05 22:21:15,042 : INFO : EventManager : Event: ======'mode_attract_stopped'====== Args={}
2025-11-05 22:21:15,042 : INFO : EventManager : Event: ======'clear'====== Args={'key': 'attract'}
2025-11-05 22:21:15,043 : INFO : Timer.attract_carousel_timer : Stopping Timer
2025-11-05 22:21:15,043 : INFO : EventManager : Event: ======'timer_attract_carousel_timer_stopped'====== Args={'ticks': 0, 'ticks_remaining': 1}
2025-11-05 22:21:15,043 : INFO : Mode.game : Started. Priority: 20
2025-11-05 22:21:15,043 : INFO : EventManager : Event: ======'modes_active_modes_changed'====== Args={}
2025-11-05 22:21:15,044 : INFO : EventManager : Event: ======'mode_game_started'====== Args={'buttons': [], 'hold_time': 0.08356583293061703}
2025-11-05 22:21:15,045 : INFO : EventManager : Event: ======'game_will_start'====== Args={}
2025-11-05 22:21:15,045 : INFO : EventManager : Event: ======'game_starting'====== Args={'game': <Mode.game>}
2025-11-05 22:21:15,046 : INFO : EventManager : Unordered handler for class <Auditor> on event game_ended with priority 1. Handlers: [RegisteredHandler(callback=<bound method Auditor.disable of <Auditor>>, priority=1, kwargs={}, key=UUID('1a749a88-5eb5-4adc-8cd9-a124891bc0ec'), condition=None, blocking_facility=None), RegisteredHandler(callback=<bound method Auditor._save_audits of <Auditor>>, priority=1, kwargs={}, key=UUID('3ca59ac8-438b-4950-8b22-938a37281a75'), condition=None, blocking_facility=None)]. The order of those handlers is not defined and they will be executed in random order. This might lead to race conditions and potential bugs.
2025-11-05 22:21:15,046 : INFO : EventManager : Event: ======'player_add_request'====== Args={}
2025-11-05 22:21:15,047 : INFO : EventManager : Event: ======'player_will_add'====== Args={'number': 1}
2025-11-05 22:21:15,047 : INFO : EventManager : Event: ======'player_adding'====== Args={'player': <Player 1>, 'number': 1}
2025-11-05 22:21:15,047 : INFO : EventManager : Event: ======'player_added'====== Args={'player': <Player 1>, 'num': 1}
2025-11-05 22:21:15,048 : INFO : Mode.game : Player added successfully. Total players: 1
2025-11-05 22:21:15,048 : INFO : EventManager : Event: ======'player_index'====== Args={'value': 0, 'prev_value': 0, 'change': 0, 'player_num': 1}
2025-11-05 22:21:15,048 : INFO : EventManager : Event: ======'player_number'====== Args={'value': 1, 'prev_value': 1, 'change': 0, 'player_num': 1}
2025-11-05 22:21:15,049 : INFO : EventManager : Event: ======'player_multiplier'====== Args={'value': 1, 'prev_value': 1, 'change': 0, 'player_num': 1}
2025-11-05 22:21:15,049 : INFO : EventManager : Event: ======'player_score'====== Args={'value': 0, 'prev_value': 0, 'change': 0, 'player_num': 1}
2025-11-05 22:21:15,049 : INFO : EventManager : Event: ======'game_started'====== Args={}
2025-11-05 22:21:15,050 : INFO : EventManager : Event: ======'player_turn_will_start'====== Args={'player': <Player 1>, 'number': 1}
2025-11-05 22:21:15,050 : INFO : EventManager : Event: ======'player_turn_starting'====== Args={'player': <Player 1>, 'number': 1}
2025-11-05 22:21:15,057 : INFO : EventManager : Event: ======'player_ball'====== Args={'value': 1, 'prev_value': 0, 'change': 1, 'player_num': 1}
2025-11-05 22:21:15,057 : INFO : EventManager : Event: ======'player_turn_started'====== Args={'player': <Player 1>, 'number': 1}
2025-11-05 22:21:15,058 : INFO : EventManager : Event: ======'ball_will_start'====== Args={'player': 1, 'ball': 1, 'balls_remaining': 2, 'is_extra_ball': False}
2025-11-05 22:21:15,058 : INFO : EventManager : Event: ======'ball_starting'====== Args={'player': 1, 'ball': 1, 'balls_remaining': 2, 'is_extra_ball': False}
2025-11-05 22:21:15,058 : INFO : EventManager : Event: ======'mode_base_will_start'====== Args={'queue': <QueuedEvent>, 'player': 1, 'ball': 1, 'balls_remaining': 2, 'is_extra_ball': False}
2025-11-05 22:21:15,059 : INFO : EventManager : Event: ======'player_base_player_added_timer_tick'====== Args={'value': 0, 'prev_value': 0, 'change': 0, 'player_num': 1}
2025-11-05 22:21:15,059 : INFO : Timer.player_added_timer : Starting Timer.
2025-11-05 22:21:15,059 : INFO : EventManager : Event: ======'timer_player_added_timer_started'====== Args={'ticks': 0, 'ticks_remaining': 1}
2025-11-05 22:21:15,059 : INFO : EventManager : Event: ======'timer_player_added_timer_tick'====== Args={'ticks': 0, 'ticks_remaining': 1}
2025-11-05 22:21:15,060 : INFO : EventManager : Event: ======'mode_base_starting'====== Args={'queue': <QueuedEvent>, 'player': 1, 'ball': 1, 'balls_remaining': 2, 'is_extra_ball': False}
2025-11-05 22:21:15,060 : INFO : Mode.base : Started. Priority: 100
2025-11-05 22:21:15,060 : INFO : EventManager : Event: ======'modes_active_modes_changed'====== Args={}
2025-11-05 22:21:15,061 : INFO : EventManager : Event: ======'mode_base_started'====== Args={'queue': <QueuedEvent>, 'player': 1, 'ball': 1, 'balls_remaining': 2, 'is_extra_ball': False}
2025-11-05 22:21:15,061 : INFO : EventManager : Event: ======'start_mode_bumpers'====== Args={'priority': 0}
2025-11-05 22:21:15,061 : INFO : EventManager : Event: ======'start_mode_csi_lanes'====== Args={'priority': 0}
2025-11-05 22:21:15,061 : INFO : EventManager : Event: ======'mode_bumpers_will_start'====== Args={'priority': 0}
2025-11-05 22:21:15,061 : INFO : EventManager : Event: ======'player_shot_bumper1_enabled'====== Args={'value': True, 'prev_value': 0, 'change': 1, 'player_num': 1}
2025-11-05 22:21:15,062 : INFO : EventManager : Event: ======'player_shot_bumper2_enabled'====== Args={'value': True, 'prev_value': 0, 'change': 1, 'player_num': 1}
2025-11-05 22:21:15,062 : INFO : EventManager : Event: ======'player_shot_bumper3_enabled'====== Args={'value': True, 'prev_value': 0, 'change': 1, 'player_num': 1}
2025-11-05 22:21:15,063 : INFO : EventManager : Event: ======'bumpers_complete'====== Args={'state': 'unlit'}
2025-11-05 22:21:15,063 : INFO : EventManager : Event: ======'bumpers_unlit_complete'====== Args={}
2025-11-05 22:21:15,064 : INFO : EventManager : Event: ======'mode_bumpers_starting'====== Args={'priority': 0}
2025-11-05 22:21:15,064 : INFO : EventManager : Event: ======'mode_csi_lanes_will_start'====== Args={'priority': 0}
2025-11-05 22:21:15,065 : INFO : EventManager : Event: ======'player_shot_c_shot_enabled'====== Args={'value': True, 'prev_value': 0, 'change': 1, 'player_num': 1}
2025-11-05 22:21:15,066 : INFO : EventManager : Event: ======'player_shot_s_shot_enabled'====== Args={'value': True, 'prev_value': 0, 'change': 1, 'player_num': 1}
2025-11-05 22:21:15,066 : INFO : EventManager : Event: ======'player_shot_i_shot_enabled'====== Args={'value': True, 'prev_value': 0, 'change': 1, 'player_num': 1}
2025-11-05 22:21:15,067 : INFO : EventManager : Event: ======'csi_shots_complete'====== Args={'state': 'unlit'}
2025-11-05 22:21:15,067 : INFO : EventManager : Event: ======'csi_shots_unlit_complete'====== Args={}
2025-11-05 22:21:15,068 : INFO : EventManager : Event: ======'mode_csi_lanes_starting'====== Args={'priority': 0}
2025-11-05 22:21:15,068 : INFO : Mode.bumpers : Started. Priority: 200
2025-11-05 22:21:15,068 : INFO : EventManager : Event: ======'modes_active_modes_changed'====== Args={}
2025-11-05 22:21:15,068 : INFO : EventManager : Event: ======'mode_bumpers_started'====== Args={'priority': 0}
2025-11-05 22:21:15,068 : INFO : EventManager : Event: ======'balls_in_play'====== Args={'balls': 1}
2025-11-05 22:21:15,068 : INFO : EventManager : Event: ======'ball_started'====== Args={'player': 1, 'ball': 1, 'balls_remaining': 2, 'is_extra_ball': False}
2025-11-05 22:21:15,069 : INFO : EventManager : Event: ======'logicblock_csi_lanes_validated_updated'====== Args={'value': 0, 'enabled': True}
2025-11-05 22:21:15,069 : INFO : EventManager : Event: ======'logicblock_csi_lanes_validated_updated'====== Args={'value': 0, 'enabled': True}
2025-11-05 22:21:15,069 : INFO : Mode.csi_lanes : Started. Priority: 200
2025-11-05 22:21:15,069 : INFO : EventManager : Event: ======'modes_active_modes_changed'====== Args={}
2025-11-05 22:21:15,069 : INFO : EventManager : Event: ======'mode_csi_lanes_started'====== Args={'priority': 0}
2025-11-05 22:21:15,070 : INFO : EventManager : Event: ======'single_player_ball_started'====== Args={}
2025-11-05 22:21:15,070 : INFO : EventManager : Event: ======'ball_start_target'====== Args={'target': 'playfield'}
2025-11-05 22:21:15,070 : INFO : ball_device.bd_trough : Setting up player-controlled eject. Balls: 1, Target: <playfield.playfield>, player_controlled_eject_event: None
2025-11-05 22:21:15,070 : INFO : ball_device.bd_trough : Adding 1 ball(s) to the eject_queue with target <playfield.playfield>.
2025-11-05 22:21:15,070 : INFO : EventManager : Event: ======'balldevice_balls_available'====== Args={}
2025-11-05 22:21:15,071 : INFO : ball_device.bd_trough : State: waiting_for_target_ready
2025-11-05 22:21:15,071 : INFO : EventManager : Event: ======'balldevice_bd_trough_ball_eject_attempt'====== Args={'balls': 1, 'target': <ball_device.bd_plunger>, 'source': <ball_device.bd_trough>, 'mechanical_eject': False, 'num_attempts': 0}
2025-11-05 22:21:15,071 : INFO : ball_device.bd_plunger : State: waiting_for_ball
2025-11-05 22:21:15,071 : INFO : ball_device.bd_trough : State: ejecting
2025-11-05 22:21:15,072 : INFO : ball_device.bd_trough : Ejecting ball to <ball_device.bd_plunger>
2025-11-05 22:21:15,072 : INFO : EventManager : Event: ======'balldevice_bd_trough_ejecting_ball'====== Args={'balls': 1, 'target': <ball_device.bd_plunger>, 'source': <ball_device.bd_trough>, 'mechanical_eject': False, 'num_attempts': 0}
2025-11-05 22:21:15,072 : INFO : ball_device.bd_trough : Wait for ball to leave device
2025-11-05 22:21:15,072 : INFO : coil.c_trough_eject : Pulsing Driver for 20ms (1.0 pulse_power)
2025-11-05 22:21:15,072 : INFO : SwitchController : <<<<<<< 's_trough1' inactive >>>>>>>
2025-11-05 22:21:15,073 : INFO : ball_device.bd_trough : State: ball_left
2025-11-05 22:21:15,073 : INFO : ball_device.bd_trough : Ball left
2025-11-05 22:21:15,073 : INFO : ball_device.bd_trough : Wait for confirm with timeout 3.0
2025-11-05 22:21:15,174 : INFO : SwitchController : <<<<<<< 's_plunger_lane' active >>>>>>>
2025-11-05 22:21:15,174 : INFO : EventManager : Event: ======'machine_var_audits_switches_s_plunger_lane'====== Args={'value': 754, 'prev_value': 753, 'change': 1}
2025-11-05 22:21:15,254 : INFO : EventManager : Event: ======'slide_base_slide_created'====== Args={'_from_bcp': True}
2025-11-05 22:21:15,254 : INFO : EventManager : Event: ======'slide_attract_inactive'====== Args={'is_removing': True, '_from_bcp': True}
2025-11-05 22:21:15,254 : INFO : EventManager : Event: ======'slide_base_slide_active'====== Args={'original_context': 'base', 'original_calling_context': 'mode_base_started', 'priority': 100.0, 'queue': '<QueuedEvent>', 'player': 1.0, 'ball': 1.0, 'balls_remaining': 2.0, 'is_extra_ball': False, 'cmd': 'slides_play', '_from_bcp': True}
2025-11-05 22:21:15,255 : INFO : EventManager : Event: ======'slide_attract_removed'====== Args={'_from_bcp': True}
2025-11-05 22:21:15,675 : INFO : ball_device.bd_plunger : Received ball from <ball_device.bd_trough>
2025-11-05 22:21:15,675 : INFO : EventManager : Event: ======'balldevice_bd_plunger_ball_enter'====== Args={'new_balls': 1, 'unclaimed_balls': 0, 'new_available_balls': 0, 'device': <ball_device.bd_plunger>}
2025-11-05 22:21:15,676 : INFO : EventManager : Event: ======'balldevice_bd_plunger_ball_entered'====== Args={'new_balls': 0, 'device': <ball_device.bd_plunger>}
2025-11-05 22:21:15,677 : INFO : EventManager : Event: ======'balldevice_bd_plunger_ball_count_changed'====== Args={'balls': 1}
2025-11-05 22:21:15,677 : INFO : ball_device.bd_trough : Got eject confirm
2025-11-05 22:21:15,677 : INFO : ball_device.bd_trough : Eject successful
2025-11-05 22:21:15,677 : INFO : EventManager : Event: ======'balldevice_bd_trough_ball_eject_success'====== Args={'balls': 1, 'target': <ball_device.bd_plunger>}
2025-11-05 22:21:15,677 : INFO : EventManager : Event: ======'balldevice_bd_trough_ball_count_changed'====== Args={'balls': 3}
2025-11-05 22:21:15,677 : INFO : ball_device.bd_trough : State: idle
2025-11-05 22:21:15,678 : INFO : ball_device.bd_plunger : State: waiting_for_target_ready
2025-11-05 22:21:15,678 : INFO : EventManager : Event: ======'balldevice_bd_plunger_ball_eject_attempt'====== Args={'balls': 1, 'target': <playfield.playfield>, 'source': <ball_device.bd_plunger>, 'mechanical_eject': False, 'num_attempts': 0}
2025-11-05 22:21:15,678 : INFO : ball_device.bd_plunger : State: ejecting
2025-11-05 22:21:15,678 : INFO : ball_device.bd_plunger : Ejecting ball to <playfield.playfield>
2025-11-05 22:21:15,678 : INFO : EventManager : Event: ======'balldevice_bd_plunger_ejecting_ball'====== Args={'balls': 1, 'target': <playfield.playfield>, 'source': <ball_device.bd_plunger>, 'mechanical_eject': False, 'num_attempts': 0}
2025-11-05 22:21:15,679 : INFO : ball_device.bd_plunger : Wait for ball to leave device
2025-11-05 22:21:15,679 : INFO : coil.c_plunger : Pulsing Driver for 20ms (1.0 pulse_power)
2025-11-05 22:21:15,680 : INFO : SwitchController : <<<<<<< 's_plunger_lane' inactive >>>>>>>
2025-11-05 22:21:15,680 : INFO : ball_device.bd_plunger : State: ball_left
2025-11-05 22:21:15,680 : INFO : ball_device.bd_plunger : Ball left
2025-11-05 22:21:15,681 : INFO : ball_device.bd_plunger : Wait for confirm with timeout 3.0
2025-11-05 22:21:15,760 : INFO : EventManager : Event: ======'player_base_player_added_timer_tick'====== Args={'value': 1, 'prev_value': 0, 'change': 1, 'player_num': 1}
2025-11-05 22:21:15,761 : INFO : Timer.player_added_timer : Timer Complete
2025-11-05 22:21:15,761 : INFO : Timer.player_added_timer : Stopping Timer
2025-11-05 22:21:15,761 : INFO : EventManager : Event: ======'timer_player_added_timer_stopped'====== Args={'ticks': 1, 'ticks_remaining': 1}
2025-11-05 22:21:15,761 : INFO : EventManager : Event: ======'timer_player_added_timer_complete'====== Args={'ticks': 1, 'ticks_remaining': 1}
2025-11-05 22:21:17,136 : INFO : SwitchController : <<<<<<< 's_start' active >>>>>>>
2025-11-05 22:21:17,136 : INFO : EventManager : Event: ======'sw_start'====== Args={}
2025-11-05 22:21:17,137 : INFO : EventManager : Event: ======'machine_var_audits_switches_s_start'====== Args={'value': 649, 'prev_value': 648, 'change': 1}
2025-11-05 22:21:17,137 : INFO : EventManager : Event: ======'player_add_request'====== Args={}
2025-11-05 22:21:17,138 : INFO : EventManager : Event: ======'player_will_add'====== Args={'number': 2}
2025-11-05 22:21:17,138 : INFO : EventManager : Event: ======'player_adding'====== Args={'player': <Player 2>, 'number': 2}
2025-11-05 22:21:17,138 : INFO : EventManager : Event: ======'player_added'====== Args={'player': <Player 2>, 'num': 2}
2025-11-05 22:21:17,144 : INFO : Mode.game : Player added successfully. Total players: 2
2025-11-05 22:21:17,144 : INFO : EventManager : Event: ======'multiplayer_game'====== Args={}
2025-11-05 22:21:17,145 : INFO : EventManager : Event: ======'player_base_player_added_timer_tick'====== Args={'value': 0, 'prev_value': 1, 'change': -1, 'player_num': 1}
2025-11-05 22:21:17,145 : INFO : Timer.player_added_timer : Starting Timer.
2025-11-05 22:21:17,145 : INFO : EventManager : Event: ======'timer_player_added_timer_started'====== Args={'ticks': 0, 'ticks_remaining': 1}
2025-11-05 22:21:17,145 : INFO : EventManager : Event: ======'timer_player_added_timer_tick'====== Args={'ticks': 0, 'ticks_remaining': 1}
2025-11-05 22:21:17,145 : INFO : EventManager : Event: ======'player_index'====== Args={'value': 1, 'prev_value': 1, 'change': 0, 'player_num': 2}
2025-11-05 22:21:17,146 : INFO : EventManager : Event: ======'player_number'====== Args={'value': 2, 'prev_value': 2, 'change': 0, 'player_num': 2}
2025-11-05 22:21:17,146 : INFO : EventManager : Event: ======'player_multiplier'====== Args={'value': 1, 'prev_value': 1, 'change': 0, 'player_num': 2}
2025-11-05 22:21:17,146 : INFO : EventManager : Event: ======'player_score'====== Args={'value': 0, 'prev_value': 0, 'change': 0, 'player_num': 2}
2025-11-05 22:21:17,194 : INFO : EventManager : Event: ======'widget_player_addded_widget_active'====== Args={'original_context': 'base', 'original_calling_context': 'player_added', 'priority': 100.0, 'player': '<Player 2>', 'num': 2.0, 'cmd': 'widgets_play', '_from_bcp': True}
2025-11-05 22:21:17,203 : INFO : SwitchController : <<<<<<< 's_start' inactive >>>>>>>
2025-11-05 22:21:17,846 : INFO : EventManager : Event: ======'player_base_player_added_timer_tick'====== Args={'value': 1, 'prev_value': 0, 'change': 1, 'player_num': 1}
2025-11-05 22:21:17,847 : INFO : Timer.player_added_timer : Timer Complete
2025-11-05 22:21:17,847 : INFO : Timer.player_added_timer : Stopping Timer
2025-11-05 22:21:17,848 : INFO : EventManager : Event: ======'timer_player_added_timer_stopped'====== Args={'ticks': 1, 'ticks_remaining': 1}
2025-11-05 22:21:17,848 : INFO : EventManager : Event: ======'timer_player_added_timer_complete'====== Args={'ticks': 1, 'ticks_remaining': 1}
2025-11-05 22:21:17,869 : INFO : EventManager : Event: ======'widget_player_addded_widget_removed'====== Args={'_from_bcp': True}
2025-11-05 22:21:18,682 : INFO : ball_device.bd_plunger : State: failed_confirm
2025-11-05 22:21:18,683 : INFO : ball_device.bd_plunger : Got timeout (3.0s) before confirm from <playfield.playfield>
2025-11-05 22:21:18,784 : INFO : ball_device.bd_plunger : Confirming eject because target is playfield and ball did not return.
2025-11-05 22:21:18,784 : INFO : ball_device.bd_plunger : Eject successful
2025-11-05 22:21:18,784 : INFO : EventManager : Event: ======'balldevice_bd_plunger_ball_eject_success'====== Args={'balls': 1, 'target': <playfield.playfield>}
2025-11-05 22:21:18,785 : INFO : EventManager : Event: ======'balldevice_playfield_ball_enter'====== Args={'new_balls': 1, 'unclaimed_balls': 1, 'device': <playfield.playfield>}
2025-11-05 22:21:18,786 : INFO : EventManager : Event: ======'playfield_ball_count_change'====== Args={'balls': 1, 'change': 1}
2025-11-05 22:21:18,787 : INFO : EventManager : Event: ======'balldevice_bd_plunger_ball_count_changed'====== Args={'balls': 0}
2025-11-05 22:21:18,787 : INFO : ball_device.bd_plunger : State: idle
2025-11-05 22:21:24,690 : INFO : SwitchController : <<<<<<< 's_left_inlane1' active >>>>>>>
2025-11-05 22:21:24,690 : INFO : EventManager : Event: ======'s_left_inlane1_active'====== Args={}
2025-11-05 22:21:24,690 : INFO : EventManager : Event: ======'sw_playfield_active'====== Args={}
2025-11-05 22:21:24,691 : INFO : EventManager : Event: ======'machine_var_audits_switches_s_left_inlane1'====== Args={'value': 113, 'prev_value': 112, 'change': 1}
2025-11-05 22:21:24,691 : INFO : EventManager : Event: ======'player_shot_c_shot'====== Args={'value': 1, 'prev_value': 0, 'change': 1, 'player_num': 1}
2025-11-05 22:21:24,698 : INFO : EventManager : Event: ======'machine_var_audits_shots_c_shot'====== Args={'value': 103, 'prev_value': 102, 'change': 1}
2025-11-05 22:21:24,698 : INFO : EventManager : Event: ======'c_shot_hit'====== Args={'profile': 'csi_shot_profile', 'state': 'unlit', 'advancing': True}
2025-11-05 22:21:24,698 : INFO : EventManager : Event: ======'c_shot_csi_shot_profile_hit'====== Args={'profile': 'csi_shot_profile', 'state': 'unlit', 'advancing': True}
2025-11-05 22:21:24,698 : INFO : EventManager : Event: ======'c_shot_csi_shot_profile_unlit_hit'====== Args={'profile': 'csi_shot_profile', 'state': 'unlit', 'advancing': True}
2025-11-05 22:21:24,699 : INFO : EventManager : Event: ======'c_shot_unlit_hit'====== Args={'profile': 'csi_shot_profile', 'state': 'unlit', 'advancing': True}
2025-11-05 22:21:24,699 : INFO : EventManager : Event: ======'csi_shots_hit'====== Args={'shot': 'c_shot'}
2025-11-05 22:21:24,699 : INFO : EventManager : Event: ======'csi_shots_unlit_hit'====== Args={'shot': 'c_shot'}
2025-11-05 22:21:24,700 : INFO : EventManager : Event: ======'player_score'====== Args={'value': 1000, 'prev_value': 0, 'change': 1000, 'player_num': 1, 'source': 'csi_lanes'}
2025-11-05 22:21:24,789 : INFO : SwitchController : <<<<<<< 's_left_inlane1' inactive >>>>>>>
2025-11-05 22:21:28,473 : INFO : SwitchController : <<<<<<< 's_left_inlane2' active >>>>>>>
2025-11-05 22:21:28,473 : INFO : EventManager : Event: ======'s_left_inlane2_active'====== Args={}
2025-11-05 22:21:28,473 : INFO : EventManager : Event: ======'sw_playfield_active'====== Args={}
2025-11-05 22:21:28,473 : INFO : EventManager : Event: ======'machine_var_audits_switches_s_left_inlane2'====== Args={'value': 102, 'prev_value': 101, 'change': 1}
2025-11-05 22:21:28,474 : INFO : EventManager : Event: ======'player_shot_s_shot'====== Args={'value': 1, 'prev_value': 0, 'change': 1, 'player_num': 1}
2025-11-05 22:21:28,480 : INFO : EventManager : Event: ======'machine_var_audits_shots_s_shot'====== Args={'value': 95, 'prev_value': 94, 'change': 1}
2025-11-05 22:21:28,481 : INFO : EventManager : Event: ======'s_shot_hit'====== Args={'profile': 'csi_shot_profile', 'state': 'unlit', 'advancing': True}
2025-11-05 22:21:28,481 : INFO : EventManager : Event: ======'s_shot_csi_shot_profile_hit'====== Args={'profile': 'csi_shot_profile', 'state': 'unlit', 'advancing': True}
2025-11-05 22:21:28,481 : INFO : EventManager : Event: ======'s_shot_csi_shot_profile_unlit_hit'====== Args={'profile': 'csi_shot_profile', 'state': 'unlit', 'advancing': True}
2025-11-05 22:21:28,481 : INFO : EventManager : Event: ======'s_shot_unlit_hit'====== Args={'profile': 'csi_shot_profile', 'state': 'unlit', 'advancing': True}
2025-11-05 22:21:28,482 : INFO : EventManager : Event: ======'csi_shots_hit'====== Args={'shot': 's_shot'}
2025-11-05 22:21:28,482 : INFO : EventManager : Event: ======'csi_shots_unlit_hit'====== Args={'shot': 's_shot'}
2025-11-05 22:21:28,482 : INFO : EventManager : Event: ======'player_score'====== Args={'value': 2000, 'prev_value': 1000, 'change': 1000, 'player_num': 1, 'source': 'csi_lanes'}
2025-11-05 22:21:28,622 : INFO : SwitchController : <<<<<<< 's_left_inlane2' inactive >>>>>>>
2025-11-05 22:21:29,906 : INFO : SwitchController : <<<<<<< 's_right_inlane' active >>>>>>>
2025-11-05 22:21:29,906 : INFO : EventManager : Event: ======'s_right_inlane_active'====== Args={}
2025-11-05 22:21:29,907 : INFO : EventManager : Event: ======'sw_playfield_active'====== Args={}
2025-11-05 22:21:29,907 : INFO : EventManager : Event: ======'machine_var_audits_switches_s_right_inlane'====== Args={'value': 89, 'prev_value': 88, 'change': 1}
2025-11-05 22:21:29,907 : INFO : EventManager : Event: ======'player_shot_i_shot'====== Args={'value': 1, 'prev_value': 0, 'change': 1, 'player_num': 1}
2025-11-05 22:21:29,908 : INFO : EventManager : Event: ======'machine_var_audits_shots_i_shot'====== Args={'value': 83, 'prev_value': 82, 'change': 1}
2025-11-05 22:21:29,909 : INFO : EventManager : Event: ======'i_shot_hit'====== Args={'profile': 'csi_shot_profile', 'state': 'unlit', 'advancing': True}
2025-11-05 22:21:29,909 : INFO : EventManager : Event: ======'i_shot_csi_shot_profile_hit'====== Args={'profile': 'csi_shot_profile', 'state': 'unlit', 'advancing': True}
2025-11-05 22:21:29,909 : INFO : EventManager : Event: ======'i_shot_csi_shot_profile_unlit_hit'====== Args={'profile': 'csi_shot_profile', 'state': 'unlit', 'advancing': True}
2025-11-05 22:21:29,909 : INFO : EventManager : Event: ======'i_shot_unlit_hit'====== Args={'profile': 'csi_shot_profile', 'state': 'unlit', 'advancing': True}
2025-11-05 22:21:29,909 : INFO : EventManager : Event: ======'csi_shots_complete'====== Args={'state': 'lit'}
2025-11-05 22:21:29,909 : INFO : EventManager : Event: ======'csi_shots_lit_complete'====== Args={}
2025-11-05 22:21:29,910 : INFO : EventManager : Event: ======'logicblock_csi_lanes_validated_updated'====== Args={'value': 1, 'enabled': True}
2025-11-05 22:21:29,910 : INFO : EventManager : Event: ======'logicblock_csi_lanes_validated_hit'====== Args={'step': 1}
2025-11-05 22:21:29,910 : INFO : EventManager : Event: ======'csi_shots_hit'====== Args={'shot': 'i_shot'}
2025-11-05 22:21:29,910 : INFO : EventManager : Event: ======'csi_shots_unlit_hit'====== Args={'shot': 'i_shot'}
2025-11-05 22:21:29,910 : INFO : EventManager : Event: ======'player_score'====== Args={'value': 3000, 'prev_value': 2000, 'change': 1000, 'player_num': 1, 'source': 'csi_lanes'}
2025-11-05 22:21:30,039 : INFO : SwitchController : <<<<<<< 's_right_inlane' inactive >>>>>>>
2025-11-05 22:21:35,452 : INFO : SwitchController : <<<<<<< 's_popbumper2' active >>>>>>>
2025-11-05 22:21:35,453 : INFO : EventManager : Event: ======'s_popbumper2_active'====== Args={}
2025-11-05 22:21:35,453 : INFO : EventManager : Event: ======'machine_var_audits_switches_s_popbumper2'====== Args={'value': 3567, 'prev_value': 3566, 'change': 1}
2025-11-05 22:21:35,454 : INFO : EventManager : Event: ======'player_shot_bumper2'====== Args={'value': 1, 'prev_value': 0, 'change': 1, 'player_num': 1}
2025-11-05 22:21:35,455 : INFO : EventManager : Event: ======'machine_var_audits_shots_bumper2'====== Args={'value': 3526, 'prev_value': 3525, 'change': 1}
2025-11-05 22:21:35,464 : INFO : EventManager : Event: ======'bumper2_hit'====== Args={'profile': 'default', 'state': 'unlit', 'advancing': True}
2025-11-05 22:21:35,465 : INFO : EventManager : Event: ======'bumper2_default_hit'====== Args={'profile': 'default', 'state': 'unlit', 'advancing': True}
2025-11-05 22:21:35,465 : INFO : EventManager : Event: ======'bumper2_default_unlit_hit'====== Args={'profile': 'default', 'state': 'unlit', 'advancing': True}
2025-11-05 22:21:35,465 : INFO : EventManager : Event: ======'bumper2_unlit_hit'====== Args={'profile': 'default', 'state': 'unlit', 'advancing': True}
2025-11-05 22:21:35,466 : INFO : EventManager : Event: ======'bumpers_hit'====== Args={'shot': 'bumper2'}
2025-11-05 22:21:35,466 : INFO : EventManager : Event: ======'bumpers_unlit_hit'====== Args={'shot': 'bumper2'}
2025-11-05 22:21:35,466 : INFO : EventManager : Event: ======'player_score'====== Args={'value': 13000, 'prev_value': 3000, 'change': 10000, 'player_num': 1, 'source': 'bumpers'}
2025-11-05 22:21:35,467 : INFO : SwitchController : <<<<<<< 's_popbumper1' active >>>>>>>
2025-11-05 22:21:35,467 : INFO : EventManager : Event: ======'s_popbumper1_active'====== Args={}
2025-11-05 22:21:35,467 : INFO : EventManager : Event: ======'machine_var_audits_switches_s_popbumper1'====== Args={'value': 3553, 'prev_value': 3552, 'change': 1}
2025-11-05 22:21:35,468 : INFO : EventManager : Event: ======'player_shot_bumper1'====== Args={'value': 1, 'prev_value': 0, 'change': 1, 'player_num': 1}
2025-11-05 22:21:35,469 : INFO : EventManager : Event: ======'machine_var_audits_shots_bumper1'====== Args={'value': 3509, 'prev_value': 3508, 'change': 1}
2025-11-05 22:21:35,469 : INFO : EventManager : Event: ======'bumper1_hit'====== Args={'profile': 'default', 'state': 'unlit', 'advancing': True}
2025-11-05 22:21:35,470 : INFO : EventManager : Event: ======'bumper1_default_hit'====== Args={'profile': 'default', 'state': 'unlit', 'advancing': True}
2025-11-05 22:21:35,470 : INFO : EventManager : Event: ======'bumper1_default_unlit_hit'====== Args={'profile': 'default', 'state': 'unlit', 'advancing': True}
2025-11-05 22:21:35,470 : INFO : EventManager : Event: ======'bumper1_unlit_hit'====== Args={'profile': 'default', 'state': 'unlit', 'advancing': True}
2025-11-05 22:21:35,470 : INFO : EventManager : Event: ======'bumpers_hit'====== Args={'shot': 'bumper1'}
2025-11-05 22:21:35,471 : INFO : EventManager : Event: ======'bumpers_unlit_hit'====== Args={'shot': 'bumper1'}
2025-11-05 22:21:35,471 : INFO : EventManager : Event: ======'player_score'====== Args={'value': 23000, 'prev_value': 13000, 'change': 10000, 'player_num': 1, 'source': 'bumpers'}
2025-11-05 22:21:35,602 : INFO : SwitchController : <<<<<<< 's_popbumper2' inactive >>>>>>>
2025-11-05 22:21:35,602 : INFO : SwitchController : <<<<<<< 's_popbumper1' inactive >>>>>>>
2025-11-05 22:21:35,752 : INFO : SwitchController : <<<<<<< 's_popbumper1' active >>>>>>>
2025-11-05 22:21:35,753 : INFO : EventManager : Event: ======'s_popbumper1_active'====== Args={}
2025-11-05 22:21:35,753 : INFO : EventManager : Event: ======'machine_var_audits_switches_s_popbumper1'====== Args={'value': 3554, 'prev_value': 3553, 'change': 1}
2025-11-05 22:21:35,754 : INFO : EventManager : Event: ======'machine_var_audits_shots_bumper1'====== Args={'value': 3510, 'prev_value': 3509, 'change': 1}
2025-11-05 22:21:35,755 : INFO : EventManager : Event: ======'bumper1_hit'====== Args={'profile': 'default', 'state': 'lit', 'advancing': False}
2025-11-05 22:21:35,755 : INFO : EventManager : Event: ======'bumper1_default_hit'====== Args={'profile': 'default', 'state': 'lit', 'advancing': False}
2025-11-05 22:21:35,755 : INFO : EventManager : Event: ======'bumper1_default_lit_hit'====== Args={'profile': 'default', 'state': 'lit', 'advancing': False}
2025-11-05 22:21:35,756 : INFO : EventManager : Event: ======'bumper1_lit_hit'====== Args={'profile': 'default', 'state': 'lit', 'advancing': False}
2025-11-05 22:21:35,756 : INFO : EventManager : Event: ======'bumpers_hit'====== Args={'shot': 'bumper1'}
2025-11-05 22:21:35,756 : INFO : EventManager : Event: ======'bumpers_lit_hit'====== Args={'shot': 'bumper1'}
2025-11-05 22:21:35,757 : INFO : EventManager : Event: ======'player_score'====== Args={'value': 33000, 'prev_value': 23000, 'change': 10000, 'player_num': 1, 'source': 'bumpers'}
2025-11-05 22:21:35,769 : INFO : SwitchController : <<<<<<< 's_popbumper2' active >>>>>>>
2025-11-05 22:21:35,769 : INFO : EventManager : Event: ======'s_popbumper2_active'====== Args={}
2025-11-05 22:21:35,770 : INFO : EventManager : Event: ======'machine_var_audits_switches_s_popbumper2'====== Args={'value': 3568, 'prev_value': 3567, 'change': 1}
2025-11-05 22:21:35,770 : INFO : EventManager : Event: ======'machine_var_audits_shots_bumper2'====== Args={'value': 3527, 'prev_value': 3526, 'change': 1}
2025-11-05 22:21:35,770 : INFO : EventManager : Event: ======'bumper2_hit'====== Args={'profile': 'default', 'state': 'lit', 'advancing': False}
2025-11-05 22:21:35,771 : INFO : EventManager : Event: ======'bumper2_default_hit'====== Args={'profile': 'default', 'state': 'lit', 'advancing': False}
2025-11-05 22:21:35,771 : INFO : EventManager : Event: ======'bumper2_default_lit_hit'====== Args={'profile': 'default', 'state': 'lit', 'advancing': False}
2025-11-05 22:21:35,771 : INFO : EventManager : Event: ======'bumper2_lit_hit'====== Args={'profile': 'default', 'state': 'lit', 'advancing': False}
2025-11-05 22:21:35,771 : INFO : EventManager : Event: ======'bumpers_hit'====== Args={'shot': 'bumper2'}
2025-11-05 22:21:35,771 : INFO : EventManager : Event: ======'bumpers_lit_hit'====== Args={'shot': 'bumper2'}
2025-11-05 22:21:35,772 : INFO : EventManager : Event: ======'player_score'====== Args={'value': 43000, 'prev_value': 33000, 'change': 10000, 'player_num': 1, 'source': 'bumpers'}
2025-11-05 22:21:35,885 : INFO : SwitchController : <<<<<<< 's_popbumper1' inactive >>>>>>>
2025-11-05 22:21:35,902 : INFO : SwitchController : <<<<<<< 's_popbumper2' inactive >>>>>>>
2025-11-05 22:21:36,519 : INFO : SwitchController : <<<<<<< 's_popbumper1' active >>>>>>>
2025-11-05 22:21:36,519 : INFO : EventManager : Event: ======'s_popbumper1_active'====== Args={}
2025-11-05 22:21:36,520 : INFO : EventManager : Event: ======'machine_var_audits_switches_s_popbumper1'====== Args={'value': 3555, 'prev_value': 3554, 'change': 1}
2025-11-05 22:21:36,521 : INFO : EventManager : Event: ======'machine_var_audits_shots_bumper1'====== Args={'value': 3511, 'prev_value': 3510, 'change': 1}
2025-11-05 22:21:36,521 : INFO : EventManager : Event: ======'bumper1_hit'====== Args={'profile': 'default', 'state': 'lit', 'advancing': False}
2025-11-05 22:21:36,522 : INFO : EventManager : Event: ======'bumper1_default_hit'====== Args={'profile': 'default', 'state': 'lit', 'advancing': False}
2025-11-05 22:21:36,522 : INFO : EventManager : Event: ======'bumper1_default_lit_hit'====== Args={'profile': 'default', 'state': 'lit', 'advancing': False}
2025-11-05 22:21:36,522 : INFO : EventManager : Event: ======'bumper1_lit_hit'====== Args={'profile': 'default', 'state': 'lit', 'advancing': False}
2025-11-05 22:21:36,523 : INFO : EventManager : Event: ======'bumpers_hit'====== Args={'shot': 'bumper1'}
2025-11-05 22:21:36,523 : INFO : EventManager : Event: ======'bumpers_lit_hit'====== Args={'shot': 'bumper1'}
2025-11-05 22:21:36,524 : INFO : EventManager : Event: ======'player_score'====== Args={'value': 53000, 'prev_value': 43000, 'change': 10000, 'player_num': 1, 'source': 'bumpers'}
2025-11-05 22:21:36,552 : INFO : SwitchController : <<<<<<< 's_popbumper2' active >>>>>>>
2025-11-05 22:21:36,552 : INFO : EventManager : Event: ======'s_popbumper2_active'====== Args={}
2025-11-05 22:21:36,553 : INFO : EventManager : Event: ======'machine_var_audits_switches_s_popbumper2'====== Args={'value': 3569, 'prev_value': 3568, 'change': 1}
2025-11-05 22:21:36,554 : INFO : EventManager : Event: ======'machine_var_audits_shots_bumper2'====== Args={'value': 3528, 'prev_value': 3527, 'change': 1}
2025-11-05 22:21:36,554 : INFO : EventManager : Event: ======'bumper2_hit'====== Args={'profile': 'default', 'state': 'lit', 'advancing': False}
2025-11-05 22:21:36,554 : INFO : EventManager : Event: ======'bumper2_default_hit'====== Args={'profile': 'default', 'state': 'lit', 'advancing': False}
2025-11-05 22:21:36,554 : INFO : EventManager : Event: ======'bumper2_default_lit_hit'====== Args={'profile': 'default', 'state': 'lit', 'advancing': False}
2025-11-05 22:21:36,554 : INFO : EventManager : Event: ======'bumper2_lit_hit'====== Args={'profile': 'default', 'state': 'lit', 'advancing': False}
2025-11-05 22:21:36,554 : INFO : EventManager : Event: ======'bumpers_hit'====== Args={'shot': 'bumper2'}
2025-11-05 22:21:36,555 : INFO : EventManager : Event: ======'bumpers_lit_hit'====== Args={'shot': 'bumper2'}
2025-11-05 22:21:36,555 : INFO : EventManager : Event: ======'player_score'====== Args={'value': 63000, 'prev_value': 53000, 'change': 10000, 'player_num': 1, 'source': 'bumpers'}
2025-11-05 22:21:36,669 : INFO : SwitchController : <<<<<<< 's_popbumper1' inactive >>>>>>>
2025-11-05 22:21:36,685 : INFO : SwitchController : <<<<<<< 's_popbumper2' inactive >>>>>>>
2025-11-05 22:21:37,302 : INFO : SwitchController : <<<<<<< 's_popbumper1' active >>>>>>>
2025-11-05 22:21:37,303 : INFO : EventManager : Event: ======'s_popbumper1_active'====== Args={}
2025-11-05 22:21:37,303 : INFO : EventManager : Event: ======'machine_var_audits_switches_s_popbumper1'====== Args={'value': 3556, 'prev_value': 3555, 'change': 1}
2025-11-05 22:21:37,304 : INFO : EventManager : Event: ======'machine_var_audits_shots_bumper1'====== Args={'value': 3512, 'prev_value': 3511, 'change': 1}
2025-11-05 22:21:37,305 : INFO : EventManager : Event: ======'bumper1_hit'====== Args={'profile': 'default', 'state': 'lit', 'advancing': False}
2025-11-05 22:21:37,305 : INFO : EventManager : Event: ======'bumper1_default_hit'====== Args={'profile': 'default', 'state': 'lit', 'advancing': False}
2025-11-05 22:21:37,305 : INFO : EventManager : Event: ======'bumper1_default_lit_hit'====== Args={'profile': 'default', 'state': 'lit', 'advancing': False}
2025-11-05 22:21:37,306 : INFO : EventManager : Event: ======'bumper1_lit_hit'====== Args={'profile': 'default', 'state': 'lit', 'advancing': False}
2025-11-05 22:21:37,306 : INFO : EventManager : Event: ======'bumpers_hit'====== Args={'shot': 'bumper1'}
2025-11-05 22:21:37,306 : INFO : EventManager : Event: ======'bumpers_lit_hit'====== Args={'shot': 'bumper1'}
2025-11-05 22:21:37,307 : INFO : EventManager : Event: ======'player_score'====== Args={'value': 73000, 'prev_value': 63000, 'change': 10000, 'player_num': 1, 'source': 'bumpers'}
2025-11-05 22:21:37,308 : INFO : SwitchController : <<<<<<< 's_popbumper2' active >>>>>>>
2025-11-05 22:21:37,308 : INFO : EventManager : Event: ======'s_popbumper2_active'====== Args={}
2025-11-05 22:21:37,308 : INFO : EventManager : Event: ======'machine_var_audits_switches_s_popbumper2'====== Args={'value': 3570, 'prev_value': 3569, 'change': 1}
2025-11-05 22:21:37,309 : INFO : EventManager : Event: ======'machine_var_audits_shots_bumper2'====== Args={'value': 3529, 'prev_value': 3528, 'change': 1}
2025-11-05 22:21:37,309 : INFO : EventManager : Event: ======'bumper2_hit'====== Args={'profile': 'default', 'state': 'lit', 'advancing': False}
2025-11-05 22:21:37,310 : INFO : EventManager : Event: ======'bumper2_default_hit'====== Args={'profile': 'default', 'state': 'lit', 'advancing': False}
2025-11-05 22:21:37,310 : INFO : EventManager : Event: ======'bumper2_default_lit_hit'====== Args={'profile': 'default', 'state': 'lit', 'advancing': False}
2025-11-05 22:21:37,310 : INFO : EventManager : Event: ======'bumper2_lit_hit'====== Args={'profile': 'default', 'state': 'lit', 'advancing': False}
2025-11-05 22:21:37,310 : INFO : EventManager : Event: ======'bumpers_hit'====== Args={'shot': 'bumper2'}
2025-11-05 22:21:37,311 : INFO : EventManager : Event: ======'bumpers_lit_hit'====== Args={'shot': 'bumper2'}
2025-11-05 22:21:37,311 : INFO : EventManager : Event: ======'player_score'====== Args={'value': 83000, 'prev_value': 73000, 'change': 10000, 'player_num': 1, 'source': 'bumpers'}
2025-11-05 22:21:37,435 : INFO : SwitchController : <<<<<<< 's_popbumper1' inactive >>>>>>>
2025-11-05 22:21:37,452 : INFO : SwitchController : <<<<<<< 's_popbumper2' inactive >>>>>>>
2025-11-05 22:21:37,819 : INFO : SwitchController : <<<<<<< 's_popbumper1' active >>>>>>>
2025-11-05 22:21:37,819 : INFO : EventManager : Event: ======'s_popbumper1_active'====== Args={}
2025-11-05 22:21:37,820 : INFO : EventManager : Event: ======'machine_var_audits_switches_s_popbumper1'====== Args={'value': 3557, 'prev_value': 3556, 'change': 1}
2025-11-05 22:21:37,821 : INFO : EventManager : Event: ======'machine_var_audits_shots_bumper1'====== Args={'value': 3513, 'prev_value': 3512, 'change': 1}
2025-11-05 22:21:37,822 : INFO : EventManager : Event: ======'bumper1_hit'====== Args={'profile': 'default', 'state': 'lit', 'advancing': False}
2025-11-05 22:21:37,822 : INFO : EventManager : Event: ======'bumper1_default_hit'====== Args={'profile': 'default', 'state': 'lit', 'advancing': False}
2025-11-05 22:21:37,822 : INFO : EventManager : Event: ======'bumper1_default_lit_hit'====== Args={'profile': 'default', 'state': 'lit', 'advancing': False}
2025-11-05 22:21:37,823 : INFO : EventManager : Event: ======'bumper1_lit_hit'====== Args={'profile': 'default', 'state': 'lit', 'advancing': False}
2025-11-05 22:21:37,823 : INFO : EventManager : Event: ======'bumpers_hit'====== Args={'shot': 'bumper1'}
2025-11-05 22:21:37,823 : INFO : EventManager : Event: ======'bumpers_lit_hit'====== Args={'shot': 'bumper1'}
2025-11-05 22:21:37,824 : INFO : EventManager : Event: ======'player_score'====== Args={'value': 93000, 'prev_value': 83000, 'change': 10000, 'player_num': 1, 'source': 'bumpers'}
2025-11-05 22:21:37,853 : INFO : SwitchController : <<<<<<< 's_popbumper2' active >>>>>>>
2025-11-05 22:21:37,853 : INFO : EventManager : Event: ======'s_popbumper2_active'====== Args={}
2025-11-05 22:21:37,853 : INFO : EventManager : Event: ======'machine_var_audits_switches_s_popbumper2'====== Args={'value': 3571, 'prev_value': 3570, 'change': 1}
2025-11-05 22:21:37,854 : INFO : EventManager : Event: ======'machine_var_audits_shots_bumper2'====== Args={'value': 3530, 'prev_value': 3529, 'change': 1}
2025-11-05 22:21:37,854 : INFO : EventManager : Event: ======'bumper2_hit'====== Args={'profile': 'default', 'state': 'lit', 'advancing': False}
2025-11-05 22:21:37,854 : INFO : EventManager : Event: ======'bumper2_default_hit'====== Args={'profile': 'default', 'state': 'lit', 'advancing': False}
2025-11-05 22:21:37,854 : INFO : EventManager : Event: ======'bumper2_default_lit_hit'====== Args={'profile': 'default', 'state': 'lit', 'advancing': False}
2025-11-05 22:21:37,854 : INFO : EventManager : Event: ======'bumper2_lit_hit'====== Args={'profile': 'default', 'state': 'lit', 'advancing': False}
2025-11-05 22:21:37,855 : INFO : EventManager : Event: ======'bumpers_hit'====== Args={'shot': 'bumper2'}
2025-11-05 22:21:37,855 : INFO : EventManager : Event: ======'bumpers_lit_hit'====== Args={'shot': 'bumper2'}
2025-11-05 22:21:37,855 : INFO : EventManager : Event: ======'player_score'====== Args={'value': 103000, 'prev_value': 93000, 'change': 10000, 'player_num': 1, 'source': 'bumpers'}
2025-11-05 22:21:37,952 : INFO : SwitchController : <<<<<<< 's_popbumper1' inactive >>>>>>>
2025-11-05 22:21:37,985 : INFO : SwitchController : <<<<<<< 's_popbumper2' inactive >>>>>>>
2025-11-05 22:21:41,556 : INFO : SwitchController : <<<<<<< 's_scoop' active >>>>>>>
2025-11-05 22:21:41,556 : INFO : EventManager : Event: ======'s_scoop_active'====== Args={}
2025-11-05 22:21:41,557 : INFO : EventManager : Event: ======'machine_var_audits_switches_s_scoop'====== Args={'value': 356, 'prev_value': 355, 'change': 1}
2025-11-05 22:21:41,558 : INFO : EventManager : Event: ======'start_mode_selectmission'====== Args={'priority': 0}
2025-11-05 22:21:41,558 : INFO : EventManager : Event: ======'logicblock_csi_lanes_validated_updated'====== Args={'value': 2, 'enabled': True}
2025-11-05 22:21:41,562 : INFO : EventManager : Event: ======'logicblock_csi_lanes_validated_hit'====== Args={'step': 2}
2025-11-05 22:21:41,563 : INFO : EventManager : Event: ======'csi_done'====== Args={}
2025-11-05 22:21:41,564 : INFO : EventManager : Event: ======'logicblock_csi_lanes_validated_updated'====== Args={'value': 0, 'enabled': True}
2025-11-05 22:21:41,564 : INFO : EventManager : Event: ======'logicblock_csi_lanes_validated_updated'====== Args={'value': 0, 'enabled': False}
2025-11-05 22:21:41,564 : INFO : EventManager : Event: ======'mode_selectmission_will_start'====== Args={'priority': 0}
2025-11-05 22:21:41,565 : INFO : EventManager : Event: ======'mode_selectmission_starting'====== Args={'priority': 0}
2025-11-05 22:21:41,565 : INFO : EventManager : Event: ======'player_score'====== Args={'value': 203000, 'prev_value': 103000, 'change': 100000, 'player_num': 1, 'source': 'csi_lanes'}
2025-11-05 22:21:41,566 : INFO : EventManager : Event: ======'player_multiplier'====== Args={'value': 2, 'prev_value': 1, 'change': 1, 'player_num': 1, 'source': 'csi_lanes'}
2025-11-05 22:21:41,566 : INFO : Mode.selectmission : Started. Priority: 200
2025-11-05 22:21:41,566 : INFO : EventManager : Event: ======'modes_active_modes_changed'====== Args={}
2025-11-05 22:21:41,566 : INFO : EventManager : Event: ======'mode_selectmission_started'====== Args={'priority': 0}
2025-11-05 22:21:41,567 : INFO : EventManager : Event: ======'carousel_item_highlighted'====== Args={'carousel': 'selectmission', 'direction': None, 'item': 'skull'}
2025-11-05 22:21:41,572 : INFO : EventManager : Event: ======'widget_selectmission_widget_active'====== Args={'original_context': 'selectmission', 'original_calling_context': 'mode_selectmission_started', 'priority': 200.0, 'cmd': 'widgets_play', '_from_bcp': True}
2025-11-05 22:21:41,738 : INFO : SwitchController : <<<<<<< 's_scoop' inactive >>>>>>>
2025-11-05 22:21:42,566 : INFO : EventManager : Event: ======'player_shot_c_shot'====== Args={'value': 0, 'prev_value': 1, 'change': -1, 'player_num': 1}
2025-11-05 22:21:42,568 : INFO : EventManager : Event: ======'player_shot_s_shot'====== Args={'value': 0, 'prev_value': 1, 'change': -1, 'player_num': 1}
2025-11-05 22:21:42,570 : INFO : EventManager : Event: ======'player_shot_i_shot'====== Args={'value': 0, 'prev_value': 1, 'change': -1, 'player_num': 1}
2025-11-05 22:21:42,571 : INFO : EventManager : Event: ======'csi_shots_complete'====== Args={'state': 'unlit'}
2025-11-05 22:21:42,571 : INFO : EventManager : Event: ======'csi_shots_unlit_complete'====== Args={}
2025-11-05 22:21:48,636 : INFO : SwitchController : <<<<<<< 's_left_flipper' active >>>>>>>
2025-11-05 22:21:48,636 : INFO : EventManager : Event: ======'s_left_flipper_active'====== Args={}
2025-11-05 22:21:48,637 : INFO : EventManager : Event: ======'machine_var_audits_switches_s_left_flipper'====== Args={'value': 354, 'prev_value': 353, 'change': 1}
2025-11-05 22:21:48,638 : INFO : EventManager : Event: ======'carousel_item_highlighted'====== Args={'carousel': 'selectmission', 'direction': 'backwards', 'item': 'microscope'}
2025-11-05 22:21:48,639 : INFO : SwitchController : <<<<<<< 's_right_flipper' active >>>>>>>
2025-11-05 22:21:48,639 : INFO : EventManager : Event: ======'s_right_flipper_active'====== Args={}
2025-11-05 22:21:48,640 : INFO : EventManager : Event: ======'flipper_cancel'====== Args={'triggering_group': 2, 'triggering_switch': 's_right_flipper'}
2025-11-05 22:21:48,646 : INFO : EventManager : Event: ======'machine_var_audits_switches_s_right_flipper'====== Args={'value': 615, 'prev_value': 614, 'change': 1}
2025-11-05 22:21:48,649 : INFO : EventManager : Event: ======'carousel_item_highlighted'====== Args={'carousel': 'selectmission', 'direction': 'forwards', 'item': 'skull'}
2025-11-05 22:21:48,769 : INFO : SwitchController : <<<<<<< 's_left_flipper' inactive >>>>>>>
2025-11-05 22:21:48,769 : INFO : EventManager : Event: ======'both_flippers_one'====== Args={'triggering_group': 1, 'triggering_switch': 's_left_flipper'}
2025-11-05 22:21:48,769 : INFO : EventManager : Event: ======'stop_mode_selectmission'====== Args={'priority': 0}
2025-11-05 22:21:48,769 : INFO : EventManager : Event: ======'mode_selectmission_will_stop'====== Args={}
2025-11-05 22:21:48,769 : INFO : EventManager : Event: ======'mode_selectmission_stopping'====== Args={}
2025-11-05 22:21:48,769 : INFO : Mode.selectmission : Stopped.
2025-11-05 22:21:48,769 : INFO : EventManager : Event: ======'modes_active_modes_changed'====== Args={}
2025-11-05 22:21:48,769 : INFO : EventManager : Event: ======'mode_selectmission_stopped'====== Args={}
2025-11-05 22:21:48,770 : INFO : EventManager : Event: ======'clear'====== Args={'key': 'selectmission'}
2025-11-05 22:21:48,770 : INFO : SwitchController : <<<<<<< 's_right_flipper' inactive >>>>>>>
2025-11-05 22:21:48,770 : INFO : EventManager : Event: ======'both_flippers_inactive'====== Args={'triggering_group': 2, 'triggering_switch': 's_right_flipper'}
2025-11-05 22:21:48,785 : INFO : EventManager : Event: ======'widget_selectmission_widget_removed'====== Args={'_from_bcp': True}
2025-11-05 22:21:52,023 : INFO : SwitchController : <<<<<<< 's_left_inlane1' active >>>>>>>
2025-11-05 22:21:52,023 : INFO : EventManager : Event: ======'s_left_inlane1_active'====== Args={}
2025-11-05 22:21:52,023 : INFO : EventManager : Event: ======'sw_playfield_active'====== Args={}
2025-11-05 22:21:52,023 : INFO : EventManager : Event: ======'machine_var_audits_switches_s_left_inlane1'====== Args={'value': 114, 'prev_value': 113, 'change': 1}
2025-11-05 22:21:52,024 : INFO : EventManager : Event: ======'player_shot_c_shot'====== Args={'value': 1, 'prev_value': 0, 'change': 1, 'player_num': 1}
2025-11-05 22:21:52,030 : INFO : EventManager : Event: ======'machine_var_audits_shots_c_shot'====== Args={'value': 104, 'prev_value': 103, 'change': 1}
2025-11-05 22:21:52,030 : INFO : EventManager : Event: ======'c_shot_hit'====== Args={'profile': 'csi_shot_profile', 'state': 'unlit', 'advancing': True}
2025-11-05 22:21:52,030 : INFO : EventManager : Event: ======'c_shot_csi_shot_profile_hit'====== Args={'profile': 'csi_shot_profile', 'state': 'unlit', 'advancing': True}
2025-11-05 22:21:52,031 : INFO : EventManager : Event: ======'c_shot_csi_shot_profile_unlit_hit'====== Args={'profile': 'csi_shot_profile', 'state': 'unlit', 'advancing': True}
2025-11-05 22:21:52,031 : INFO : EventManager : Event: ======'c_shot_unlit_hit'====== Args={'profile': 'csi_shot_profile', 'state': 'unlit', 'advancing': True}
2025-11-05 22:21:52,031 : INFO : EventManager : Event: ======'csi_shots_hit'====== Args={'shot': 'c_shot'}
2025-11-05 22:21:52,031 : INFO : EventManager : Event: ======'csi_shots_unlit_hit'====== Args={'shot': 'c_shot'}
2025-11-05 22:21:52,031 : INFO : EventManager : Event: ======'player_score'====== Args={'value': 205000, 'prev_value': 203000, 'change': 2000, 'player_num': 1, 'source': 'csi_lanes'}
2025-11-05 22:21:52,123 : INFO : SwitchController : <<<<<<< 's_left_inlane1' inactive >>>>>>>
2025-11-05 22:21:53,042 : INFO : SwitchController : <<<<<<< 's_left_inlane2' active >>>>>>>
2025-11-05 22:21:53,043 : INFO : EventManager : Event: ======'s_left_inlane2_active'====== Args={}
2025-11-05 22:21:53,043 : INFO : EventManager : Event: ======'sw_playfield_active'====== Args={}
2025-11-05 22:21:53,043 : INFO : EventManager : Event: ======'machine_var_audits_switches_s_left_inlane2'====== Args={'value': 103, 'prev_value': 102, 'change': 1}
2025-11-05 22:21:53,044 : INFO : EventManager : Event: ======'player_shot_s_shot'====== Args={'value': 1, 'prev_value': 0, 'change': 1, 'player_num': 1}
2025-11-05 22:21:53,044 : INFO : EventManager : Event: ======'machine_var_audits_shots_s_shot'====== Args={'value': 96, 'prev_value': 95, 'change': 1}
2025-11-05 22:21:53,045 : INFO : EventManager : Event: ======'s_shot_hit'====== Args={'profile': 'csi_shot_profile', 'state': 'unlit', 'advancing': True}
2025-11-05 22:21:53,045 : INFO : EventManager : Event: ======'s_shot_csi_shot_profile_hit'====== Args={'profile': 'csi_shot_profile', 'state': 'unlit', 'advancing': True}
2025-11-05 22:21:53,045 : INFO : EventManager : Event: ======'s_shot_csi_shot_profile_unlit_hit'====== Args={'profile': 'csi_shot_profile', 'state': 'unlit', 'advancing': True}
2025-11-05 22:21:53,045 : INFO : EventManager : Event: ======'s_shot_unlit_hit'====== Args={'profile': 'csi_shot_profile', 'state': 'unlit', 'advancing': True}
2025-11-05 22:21:53,045 : INFO : EventManager : Event: ======'csi_shots_hit'====== Args={'shot': 's_shot'}
2025-11-05 22:21:53,046 : INFO : EventManager : Event: ======'csi_shots_unlit_hit'====== Args={'shot': 's_shot'}
2025-11-05 22:21:53,046 : INFO : EventManager : Event: ======'player_score'====== Args={'value': 207000, 'prev_value': 205000, 'change': 2000, 'player_num': 1, 'source': 'csi_lanes'}
2025-11-05 22:21:53,139 : INFO : SwitchController : <<<<<<< 's_left_inlane2' inactive >>>>>>>
2025-11-05 22:21:55,123 : INFO : SwitchController : <<<<<<< 's_right_inlane' active >>>>>>>
2025-11-05 22:21:55,124 : INFO : EventManager : Event: ======'s_right_inlane_active'====== Args={}
2025-11-05 22:21:55,124 : INFO : EventManager : Event: ======'sw_playfield_active'====== Args={}
2025-11-05 22:21:55,124 : INFO : EventManager : Event: ======'machine_var_audits_switches_s_right_inlane'====== Args={'value': 90, 'prev_value': 89, 'change': 1}
2025-11-05 22:21:55,125 : INFO : EventManager : Event: ======'player_shot_i_shot'====== Args={'value': 1, 'prev_value': 0, 'change': 1, 'player_num': 1}
2025-11-05 22:21:55,130 : INFO : EventManager : Event: ======'machine_var_audits_shots_i_shot'====== Args={'value': 84, 'prev_value': 83, 'change': 1}
2025-11-05 22:21:55,131 : INFO : EventManager : Event: ======'i_shot_hit'====== Args={'profile': 'csi_shot_profile', 'state': 'unlit', 'advancing': True}
2025-11-05 22:21:55,131 : INFO : EventManager : Event: ======'i_shot_csi_shot_profile_hit'====== Args={'profile': 'csi_shot_profile', 'state': 'unlit', 'advancing': True}
2025-11-05 22:21:55,131 : INFO : EventManager : Event: ======'i_shot_csi_shot_profile_unlit_hit'====== Args={'profile': 'csi_shot_profile', 'state': 'unlit', 'advancing': True}
2025-11-05 22:21:55,131 : INFO : EventManager : Event: ======'i_shot_unlit_hit'====== Args={'profile': 'csi_shot_profile', 'state': 'unlit', 'advancing': True}
2025-11-05 22:21:55,132 : INFO : EventManager : Event: ======'csi_shots_complete'====== Args={'state': 'lit'}
2025-11-05 22:21:55,132 : INFO : EventManager : Event: ======'csi_shots_lit_complete'====== Args={}
2025-11-05 22:21:55,132 : INFO : EventManager : Event: ======'csi_shots_hit'====== Args={'shot': 'i_shot'}
2025-11-05 22:21:55,132 : INFO : EventManager : Event: ======'csi_shots_unlit_hit'====== Args={'shot': 'i_shot'}
2025-11-05 22:21:55,132 : INFO : EventManager : Event: ======'player_score'====== Args={'value': 209000, 'prev_value': 207000, 'change': 2000, 'player_num': 1, 'source': 'csi_lanes'}
2025-11-05 22:21:55,222 : INFO : SwitchController : <<<<<<< 's_right_inlane' inactive >>>>>>>
2025-11-05 22:21:58,994 : INFO : SwitchController : <<<<<<< 's_scoop' active >>>>>>>
2025-11-05 22:21:58,994 : INFO : EventManager : Event: ======'s_scoop_active'====== Args={}
2025-11-05 22:21:58,995 : INFO : EventManager : Event: ======'machine_var_audits_switches_s_scoop'====== Args={'value': 357, 'prev_value': 356, 'change': 1}
2025-11-05 22:21:58,995 : INFO : EventManager : Event: ======'start_mode_selectmission'====== Args={'priority': 0}
2025-11-05 22:21:58,996 : INFO : EventManager : Event: ======'mode_selectmission_will_start'====== Args={'priority': 0}
2025-11-05 22:21:59,002 : INFO : EventManager : Event: ======'mode_selectmission_starting'====== Args={'priority': 0}
2025-11-05 22:21:59,002 : INFO : Mode.selectmission : Started. Priority: 200
2025-11-05 22:21:59,002 : INFO : EventManager : Event: ======'modes_active_modes_changed'====== Args={}
2025-11-05 22:21:59,002 : INFO : EventManager : Event: ======'mode_selectmission_started'====== Args={'priority': 0}
2025-11-05 22:21:59,003 : INFO : EventManager : Event: ======'carousel_item_highlighted'====== Args={'carousel': 'selectmission', 'direction': None, 'item': 'skull'}
2025-11-05 22:21:59,035 : INFO : EventManager : Event: ======'widget_selectmission_widget_active'====== Args={'original_context': 'selectmission', 'original_calling_context': 'mode_selectmission_started', 'priority': 200.0, 'cmd': 'widgets_play', '_from_bcp': True}
2025-11-05 22:21:59,088 : INFO : SwitchController : <<<<<<< 's_scoop' inactive >>>>>>>
2025-11-05 22:22:20,402 : INFO : SwitchController : <<<<<<< 's_right_flipper' active >>>>>>>
2025-11-05 22:22:20,403 : INFO : EventManager : Event: ======'s_right_flipper_active'====== Args={}
2025-11-05 22:22:20,403 : INFO : EventManager : Event: ======'machine_var_audits_switches_s_right_flipper'====== Args={'value': 616, 'prev_value': 615, 'change': 1}
2025-11-05 22:22:20,404 : INFO : EventManager : Event: ======'carousel_item_highlighted'====== Args={'carousel': 'selectmission', 'direction': 'forwards', 'item': 'centrifuge'}
2025-11-05 22:22:20,406 : INFO : SwitchController : <<<<<<< 's_left_flipper' active >>>>>>>
2025-11-05 22:22:20,406 : INFO : EventManager : Event: ======'s_left_flipper_active'====== Args={}
2025-11-05 22:22:20,406 : INFO : EventManager : Event: ======'flipper_cancel'====== Args={'triggering_group': 1, 'triggering_switch': 's_left_flipper'}
2025-11-05 22:22:20,412 : INFO : EventManager : Event: ======'machine_var_audits_switches_s_left_flipper'====== Args={'value': 355, 'prev_value': 354, 'change': 1}
2025-11-05 22:22:20,415 : INFO : EventManager : Event: ======'carousel_item_highlighted'====== Args={'carousel': 'selectmission', 'direction': 'backwards', 'item': 'skull'}
2025-11-05 22:22:20,535 : INFO : SwitchController : <<<<<<< 's_right_flipper' inactive >>>>>>>
2025-11-05 22:22:20,536 : INFO : EventManager : Event: ======'both_flippers_one'====== Args={'triggering_group': 2, 'triggering_switch': 's_right_flipper'}
2025-11-05 22:22:20,536 : INFO : EventManager : Event: ======'stop_mode_selectmission'====== Args={'priority': 0}
2025-11-05 22:22:20,536 : INFO : EventManager : Event: ======'mode_selectmission_will_stop'====== Args={}
2025-11-05 22:22:20,536 : INFO : EventManager : Event: ======'mode_selectmission_stopping'====== Args={}
2025-11-05 22:22:20,537 : INFO : Mode.selectmission : Stopped.
2025-11-05 22:22:20,537 : INFO : EventManager : Event: ======'modes_active_modes_changed'====== Args={}
2025-11-05 22:22:20,537 : INFO : EventManager : Event: ======'mode_selectmission_stopped'====== Args={}
2025-11-05 22:22:20,537 : INFO : EventManager : Event: ======'clear'====== Args={'key': 'selectmission'}
2025-11-05 22:22:20,552 : INFO : SwitchController : <<<<<<< 's_left_flipper' inactive >>>>>>>
2025-11-05 22:22:20,552 : INFO : EventManager : Event: ======'both_flippers_inactive'====== Args={'triggering_group': 1, 'triggering_switch': 's_left_flipper'}
2025-11-05 22:22:20,585 : INFO : EventManager : Event: ======'widget_selectmission_widget_removed'====== Args={'_from_bcp': True}
2025-11-05 22:22:24,177 : INFO : SwitchController : <<<<<<< 's_scoop' active >>>>>>>
2025-11-05 22:22:24,177 : INFO : EventManager : Event: ======'s_scoop_active'====== Args={}
2025-11-05 22:22:24,178 : INFO : EventManager : Event: ======'machine_var_audits_switches_s_scoop'====== Args={'value': 358, 'prev_value': 357, 'change': 1}
2025-11-05 22:22:24,178 : INFO : EventManager : Event: ======'start_mode_selectmission'====== Args={'priority': 0}
2025-11-05 22:22:24,178 : INFO : EventManager : Event: ======'mode_selectmission_will_start'====== Args={'priority': 0}
2025-11-05 22:22:24,182 : INFO : EventManager : Event: ======'mode_selectmission_starting'====== Args={'priority': 0}
2025-11-05 22:22:24,182 : INFO : Mode.selectmission : Started. Priority: 200
2025-11-05 22:22:24,182 : INFO : EventManager : Event: ======'modes_active_modes_changed'====== Args={}
2025-11-05 22:22:24,182 : INFO : EventManager : Event: ======'mode_selectmission_started'====== Args={'priority': 0}
2025-11-05 22:22:24,182 : INFO : EventManager : Event: ======'carousel_item_highlighted'====== Args={'carousel': 'selectmission', 'direction': None, 'item': 'skull'}
2025-11-05 22:22:24,201 : INFO : EventManager : Event: ======'widget_selectmission_widget_active'====== Args={'original_context': 'selectmission', 'original_calling_context': 'mode_selectmission_started', 'priority': 200.0, 'cmd': 'widgets_play', '_from_bcp': True}
2025-11-05 22:22:24,272 : INFO : SwitchController : <<<<<<< 's_scoop' inactive >>>>>>>
2025-11-05 22:22:26,569 : INFO : SwitchController : <<<<<<< 's_left_flipper' active >>>>>>>
2025-11-05 22:22:26,569 : INFO : EventManager : Event: ======'s_left_flipper_active'====== Args={}
2025-11-05 22:22:26,570 : INFO : EventManager : Event: ======'machine_var_audits_switches_s_left_flipper'====== Args={'value': 356, 'prev_value': 355, 'change': 1}
2025-11-05 22:22:26,571 : INFO : EventManager : Event: ======'carousel_item_highlighted'====== Args={'carousel': 'selectmission', 'direction': 'backwards', 'item': 'microscope'}
2025-11-05 22:22:26,572 : INFO : SwitchController : <<<<<<< 's_right_flipper' active >>>>>>>
2025-11-05 22:22:26,572 : INFO : EventManager : Event: ======'s_right_flipper_active'====== Args={}
2025-11-05 22:22:26,572 : INFO : EventManager : Event: ======'flipper_cancel'====== Args={'triggering_group': 2, 'triggering_switch': 's_right_flipper'}
2025-11-05 22:22:26,579 : INFO : EventManager : Event: ======'machine_var_audits_switches_s_right_flipper'====== Args={'value': 617, 'prev_value': 616, 'change': 1}
2025-11-05 22:22:26,582 : INFO : EventManager : Event: ======'carousel_item_highlighted'====== Args={'carousel': 'selectmission', 'direction': 'forwards', 'item': 'skull'}
2025-11-05 22:22:26,702 : INFO : SwitchController : <<<<<<< 's_left_flipper' inactive >>>>>>>
2025-11-05 22:22:26,702 : INFO : EventManager : Event: ======'both_flippers_one'====== Args={'triggering_group': 1, 'triggering_switch': 's_left_flipper'}
2025-11-05 22:22:26,702 : INFO : EventManager : Event: ======'stop_mode_selectmission'====== Args={'priority': 0}
2025-11-05 22:22:26,702 : INFO : EventManager : Event: ======'mode_selectmission_will_stop'====== Args={}
2025-11-05 22:22:26,702 : INFO : EventManager : Event: ======'mode_selectmission_stopping'====== Args={}
2025-11-05 22:22:26,702 : INFO : Mode.selectmission : Stopped.
2025-11-05 22:22:26,702 : INFO : EventManager : Event: ======'modes_active_modes_changed'====== Args={}
2025-11-05 22:22:26,703 : INFO : EventManager : Event: ======'mode_selectmission_stopped'====== Args={}
2025-11-05 22:22:26,703 : INFO : EventManager : Event: ======'clear'====== Args={'key': 'selectmission'}
2025-11-05 22:22:26,703 : INFO : SwitchController : <<<<<<< 's_right_flipper' inactive >>>>>>>
2025-11-05 22:22:26,703 : INFO : EventManager : Event: ======'both_flippers_inactive'====== Args={'triggering_group': 2, 'triggering_switch': 's_right_flipper'}
2025-11-05 22:22:26,735 : INFO : EventManager : Event: ======'widget_selectmission_widget_removed'====== Args={'_from_bcp': True}
2025-11-05 22:23:04,609 : INFO : Machine : Shutting down...
2025-11-05 22:23:04,609 : INFO : EventManager : Event: ======'shutdown'====== Args={}
2025-11-05 22:23:04,611 : INFO : EventManager : Event: ======'mode_game_will_stop'====== Args={}
2025-11-05 22:23:04,611 : INFO : EventManager : Event: ======'mode_game_stopping'====== Args={}
2025-11-05 22:23:04,611 : INFO : EventManager : Event: ======'mode_bumpers_will_stop'====== Args={}
2025-11-05 22:23:04,611 : INFO : EventManager : Event: ======'mode_bumpers_stopping'====== Args={}
2025-11-05 22:23:04,612 : INFO : EventManager : Event: ======'mode_csi_lanes_will_stop'====== Args={}
2025-11-05 22:23:04,612 : INFO : EventManager : Event: ======'mode_csi_lanes_stopping'====== Args={}
2025-11-05 22:23:04,612 : INFO : EventManager : Event: ======'mode_base_will_stop'====== Args={}
2025-11-05 22:23:04,612 : INFO : EventManager : Event: ======'mode_base_stopping'====== Args={}
2025-11-05 22:23:04,612 : INFO : EventManager : Event: ======'stop_mode_bumpers'====== Args={'priority': 0}
2025-11-05 22:23:04,612 : INFO : EventManager : Event: ======'stop_mode_csi_lanes'====== Args={'priority': 0}
2025-11-05 22:23:04,612 : INFO : Mode.base : Stopped.
2025-11-05 22:23:04,612 : INFO : EventManager : Event: ======'modes_active_modes_changed'====== Args={}
2025-11-05 22:23:04,612 : INFO : EventManager : Event: ======'mode_base_stopped'====== Args={}
2025-11-05 22:23:04,612 : INFO : EventManager : Event: ======'clear'====== Args={'key': 'base'}
2025-11-05 22:23:04,612 : INFO : Timer.player_added_timer : Stopping Timer
2025-11-05 22:23:04,612 : INFO : EventManager : Event: ======'timer_player_added_timer_stopped'====== Args={'ticks': 1, 'ticks_remaining': 1}
2025-11-05 22:23:04,612 : INFO : Mode.csi_lanes : Stopped.
2025-11-05 22:23:04,612 : INFO : EventManager : Event: ======'modes_active_modes_changed'====== Args={}
2025-11-05 22:23:04,613 : INFO : EventManager : Event: ======'mode_csi_lanes_stopped'====== Args={}
2025-11-05 22:23:04,613 : INFO : EventManager : Event: ======'clear'====== Args={'key': 'csi_lanes'}
2025-11-05 22:23:04,613 : INFO : Mode.bumpers : Stopped.
2025-11-05 22:23:04,613 : INFO : EventManager : Event: ======'modes_active_modes_changed'====== Args={}
2025-11-05 22:23:04,613 : INFO : EventManager : Event: ======'mode_bumpers_stopped'====== Args={}
2025-11-05 22:23:04,613 : INFO : EventManager : Event: ======'clear'====== Args={'key': 'bumpers'}
2025-11-05 22:23:04,614 : INFO : Mode.game : Stopped.
2025-11-05 22:23:04,614 : INFO : EventManager : Event: ======'modes_active_modes_changed'====== Args={}
2025-11-05 22:23:04,614 : INFO : EventManager : Event: ======'mode_game_stopped'====== Args={}
2025-11-05 22:23:04,614 : INFO : EventManager : Event: ======'clear'====== Args={'key': 'game'}
2025-11-05 22:23:04,616 : INFO : root : MPF run loop ended.
