2025-11-03 22:26:38,287 : INFO : root : Loading config.
2025-11-03 22:26:38,288 : INFO : YamlMultifileConfigLoader : Machine config file #1: config.yaml
2025-11-03 22:26:38,289 : INFO : ConfigProcessor : Loading config from cache: /var/folders/m3/0d4y64_n3fn8tnkv3ydlhztw0000gn/T/5ca32a6c950d03116abbed96ca44d372.mpf_cache
2025-11-03 22:26:38,313 : INFO : ConfigProcessor : Loading config from cache: /var/folders/m3/0d4y64_n3fn8tnkv3ydlhztw0000gn/T/01c495fa7450a81b4be96cb699872531.mpf_cache
2025-11-03 22:26:38,313 : INFO : ConfigProcessor : Loading config from cache: /var/folders/m3/0d4y64_n3fn8tnkv3ydlhztw0000gn/T/bfde29b5bb803376b0637bb8f0da27a7.mpf_cache
2025-11-03 22:26:38,314 : INFO : ConfigProcessor : Loading config from cache: /var/folders/m3/0d4y64_n3fn8tnkv3ydlhztw0000gn/T/01c495fa7450a81b4be96cb699872531.mpf_cache
2025-11-03 22:26:38,314 : INFO : ConfigProcessor : Loading config from cache: /var/folders/m3/0d4y64_n3fn8tnkv3ydlhztw0000gn/T/3ae89e09515ff8d8b11d68f672b2cc51.mpf_cache
2025-11-03 22:26:38,314 : INFO : ConfigProcessor : Loading config from cache: /var/folders/m3/0d4y64_n3fn8tnkv3ydlhztw0000gn/T/4c420229fa75118c2461cfc9ff5a44e2.mpf_cache
2025-11-03 22:26:38,315 : INFO : Machine : Mission Pinball Framework Core Engine v0.80.0.dev10
2025-11-03 22:26:38,315 : INFO : Machine : Command line arguments: {'no_load_cache': False, 'create_config_cache': True, 'bcp': True, 'configfile': ['config.yaml'], 'force_assets_load': False, 'platform_integration_test': False, 'jsonlogging': False, 'logfile': 'logs/2025-11-03-22-26-38-mpf-mac.home.log', 'pause': False, 'production': False, 'text_ui': False, 'loglevel': 15, 'consoleloglevel': 20, 'force_platform': 'smart_virtual', 'syslog_address': None, 'full_logfile_path': '/Users/didiergilbin/Desktop/Homebrew_CSI/logs/2025-11-03-22-26-38-mpf-mac.home.log'}
2025-11-03 22:26:38,315 : INFO : Machine : MPF path: /Users/didiergilbin/mpfenv/lib/python3.13/site-packages/mpf
2025-11-03 22:26:38,315 : INFO : Machine : Machine path: /Users/didiergilbin/Desktop/Homebrew_CSI
2025-11-03 22:26:38,315 : INFO : Machine : Platform: darwin
2025-11-03 22:26:38,315 : INFO : Machine : Python executable location: /Users/didiergilbin/mpfenv/bin/python3.13
2025-11-03 22:26:38,315 : INFO : Machine : Python version: 3.13.7 (64-bit)
2025-11-03 22:26:38,315 : INFO : Machine : Initializing MPF...
2025-11-03 22:26:38,340 : INFO : EventManager : Event: ======'machine_var_credits_string'====== Args={'value': 'FREE PLAY', 'prev_value': None, 'change': True}
2025-11-03 22:26:38,345 : INFO : EventManager : Event: ======'machine_var_master_volume'====== Args={'value': 0.5, 'prev_value': None, 'change': True}
2025-11-03 22:26:38,345 : INFO : EventManager : Event: ======'machine_var_player1_score'====== Args={'value': 330000, 'prev_value': None, 'change': True}
2025-11-03 22:26:38,345 : INFO : EventManager : Event: ======'machine_var_player2_score'====== Args={'value': 0, 'prev_value': None, 'change': True}
2025-11-03 22:26:38,346 : INFO : EventManager : Event: ======'machine_var_player3_score'====== Args={'value': 0, 'prev_value': None, 'change': True}
2025-11-03 22:26:38,346 : INFO : EventManager : Event: ======'machine_var_player4_score'====== Args={'value': 0, 'prev_value': None, 'change': True}
2025-11-03 22:26:38,346 : INFO : EventManager : Event: ======'machine_var_mpf_version'====== Args={'value': 'Mission Pinball Framework v0.80.0.dev10', 'prev_value': None, 'change': True}
2025-11-03 22:26:38,346 : INFO : EventManager : Event: ======'machine_var_mpf_extended_version'====== Args={'value': 'Mission Pinball Framework v0.80.0.dev10, Config version:6, Show version: 6, BCP version:1.1', 'prev_value': None, 'change': True}
2025-11-03 22:26:38,346 : INFO : EventManager : Event: ======'machine_var_python_version'====== Args={'value': '3.13.7', 'prev_value': None, 'change': True}
2025-11-03 22:26:38,353 : INFO : EventManager : Event: ======'machine_var_platform'====== Args={'value': 'macOS-15.6.1-arm64-arm-64bit-Mach-O', 'prev_value': None, 'change': True}
2025-11-03 22:26:38,353 : INFO : EventManager : Event: ======'machine_var_platform_system'====== Args={'value': 'Darwin', 'prev_value': None, 'change': True}
2025-11-03 22:26:38,353 : INFO : EventManager : Event: ======'machine_var_platform_release'====== Args={'value': '24.6.0', 'prev_value': None, 'change': True}
2025-11-03 22:26:38,353 : INFO : EventManager : Event: ======'machine_var_platform_version'====== Args={'value': 'Darwin Kernel Version 24.6.0: Mon Jul 14 11:30:40 PDT 2025; root:xnu-11417.140.69~1/RELEASE_ARM64_T8132', 'prev_value': None, 'change': True}
2025-11-03 22:26:38,353 : INFO : EventManager : Event: ======'machine_var_platform_machine'====== Args={'value': 'arm64', 'prev_value': None, 'change': True}
2025-11-03 22:26:38,353 : INFO : EventManager : Event: ======'machine_var_log_file_path'====== Args={'value': '/Users/didiergilbin/Desktop/Homebrew_CSI/logs/2025-11-03-22-26-38-mpf-mac.home.log', 'prev_value': None, 'change': True}
2025-11-03 22:26:38,353 : INFO : EventManager : Event: ======'init_phase_1'====== Args={}
2025-11-03 22:26:38,359 : INFO : EventManager : Event: ======'init_phase_2'====== Args={}
2025-11-03 22:26:38,359 : INFO : SwitchController : Found active switch: ('2', <Platform.SmartVirtual>) <switch.s_trough1>
2025-11-03 22:26:38,359 : INFO : SwitchController : Found active switch: ('3', <Platform.SmartVirtual>) <switch.s_trough2>
2025-11-03 22:26:38,359 : INFO : SwitchController : Found active switch: ('4', <Platform.SmartVirtual>) <switch.s_trough3>
2025-11-03 22:26:38,359 : INFO : SwitchController : Found active switch: ('5', <Platform.SmartVirtual>) <switch.s_trough4>
2025-11-03 22:26:38,360 : INFO : EventManager : Event: ======'bcp_connection_attempt'====== Args={'name': 'local_display', 'host': 'localhost', 'port': 5050}
2025-11-03 22:26:38,360 : INFO : BCPClientSocket : Connecting BCP to 'local_display' at localhost:5050...
2025-11-03 22:26:38,363 : INFO : BCPClientSocket : Connected BCP to 'local_display' localhost:5050
2025-11-03 22:26:38,363 : INFO : EventManager : Event: ======'bcp_clients_connected'====== Args={}
2025-11-03 22:26:38,363 : INFO : ball_device.bd_drain : BCH: Initial count: 0
2025-11-03 22:26:38,363 : INFO : ball_device.bd_drain : State: idle
2025-11-03 22:26:38,364 : INFO : ball_device.bd_trough : BCH: Initial count: 4
2025-11-03 22:26:38,364 : INFO : ball_device.bd_trough : State: idle
2025-11-03 22:26:38,364 : INFO : ball_device.bd_plunger : BCH: Initial count: 0
2025-11-03 22:26:38,364 : INFO : ball_device.bd_plunger : State: idle
2025-11-03 22:26:38,367 : INFO : EventManager : Event: ======'init_phase_3'====== Args={}
2025-11-03 22:26:38,368 : INFO : EventManager : Event: ======'init_phase_4'====== Args={}
2025-11-03 22:26:38,368 : INFO : BallController : Initial balls found: 4
2025-11-03 22:26:38,368 : INFO : EventManager : Event: ======'machine_var_audits_events_game_ended'====== Args={'value': 48, 'prev_value': None, 'change': True}
2025-11-03 22:26:38,368 : INFO : EventManager : Event: ======'machine_var_audits_events_game_started'====== Args={'value': 287, 'prev_value': None, 'change': True}
2025-11-03 22:26:38,368 : INFO : EventManager : Event: ======'machine_var_audits_missing_switches_s_drain'====== Args={'value': 1, 'prev_value': None, 'change': True}
2025-11-03 22:26:38,368 : INFO : EventManager : Event: ======'machine_var_audits_missing_switches_s_launch_button'====== Args={'value': 287, 'prev_value': None, 'change': True}
2025-11-03 22:26:38,368 : INFO : EventManager : Event: ======'machine_var_audits_missing_switches_s_left_flipper'====== Args={'value': 22, 'prev_value': None, 'change': True}
2025-11-03 22:26:38,368 : INFO : EventManager : Event: ======'machine_var_audits_missing_switches_s_popbumper1'====== Args={'value': 1, 'prev_value': None, 'change': True}
2025-11-03 22:26:38,368 : INFO : EventManager : Event: ======'machine_var_audits_missing_switches_s_popbumper2'====== Args={'value': 1, 'prev_value': None, 'change': True}
2025-11-03 22:26:38,368 : INFO : EventManager : Event: ======'machine_var_audits_missing_switches_s_popbumper3'====== Args={'value': 1, 'prev_value': None, 'change': True}
2025-11-03 22:26:38,368 : INFO : EventManager : Event: ======'machine_var_audits_missing_switches_s_right_flipper'====== Args={'value': 15, 'prev_value': None, 'change': True}
2025-11-03 22:26:38,368 : INFO : EventManager : Event: ======'machine_var_audits_missing_switches_s_sling_left'====== Args={'value': 287, 'prev_value': None, 'change': True}
2025-11-03 22:26:38,368 : INFO : EventManager : Event: ======'machine_var_audits_missing_switches_s_sling_right'====== Args={'value': 287, 'prev_value': None, 'change': True}
2025-11-03 22:26:38,368 : INFO : EventManager : Event: ======'machine_var_audits_missing_switches_s_trough1'====== Args={'value': 1, 'prev_value': None, 'change': True}
2025-11-03 22:26:38,368 : INFO : EventManager : Event: ======'machine_var_audits_missing_switches_s_trough2'====== Args={'value': 1, 'prev_value': None, 'change': True}
2025-11-03 22:26:38,368 : INFO : EventManager : Event: ======'machine_var_audits_missing_switches_s_trough3'====== Args={'value': 65, 'prev_value': None, 'change': True}
2025-11-03 22:26:38,368 : INFO : EventManager : Event: ======'machine_var_audits_missing_switches_s_trough4'====== Args={'value': 65, 'prev_value': None, 'change': True}
2025-11-03 22:26:38,368 : INFO : EventManager : Event: ======'machine_var_audits_missing_switches_s_trough_jam'====== Args={'value': 1, 'prev_value': None, 'change': True}
2025-11-03 22:26:38,368 : INFO : EventManager : Event: ======'machine_var_audits_player_score'====== Args={'value': {'average': 213823, 'top': [10210000, 1550000, 1070000, 1070000, 810000, 640000, 530000, 460000, 410000, 410000], 'total': 104}, 'prev_value': None, 'change': True}
2025-11-03 22:26:38,368 : INFO : EventManager : Event: ======'machine_var_audits_shots_bumper1'====== Args={'value': 3211, 'prev_value': None, 'change': True}
2025-11-03 22:26:38,368 : INFO : EventManager : Event: ======'machine_var_audits_shots_bumper2'====== Args={'value': 3145, 'prev_value': None, 'change': True}
2025-11-03 22:26:38,369 : INFO : EventManager : Event: ======'machine_var_audits_shots_bumper3'====== Args={'value': 2871, 'prev_value': None, 'change': True}
2025-11-03 22:26:38,369 : INFO : EventManager : Event: ======'machine_var_audits_switches_s_drain'====== Args={'value': 476, 'prev_value': None, 'change': True}
2025-11-03 22:26:38,369 : INFO : EventManager : Event: ======'machine_var_audits_switches_s_launch_button'====== Args={'value': 0, 'prev_value': None, 'change': True}
2025-11-03 22:26:38,369 : INFO : EventManager : Event: ======'machine_var_audits_switches_s_left_flipper'====== Args={'value': 45, 'prev_value': None, 'change': True}
2025-11-03 22:26:38,369 : INFO : EventManager : Event: ======'machine_var_audits_switches_s_plunger_lane'====== Args={'value': 628, 'prev_value': None, 'change': True}
2025-11-03 22:26:38,369 : INFO : EventManager : Event: ======'machine_var_audits_switches_s_popbumper1'====== Args={'value': 3255, 'prev_value': None, 'change': True}
2025-11-03 22:26:38,369 : INFO : EventManager : Event: ======'machine_var_audits_switches_s_popbumper2'====== Args={'value': 3186, 'prev_value': None, 'change': True}
2025-11-03 22:26:38,369 : INFO : EventManager : Event: ======'machine_var_audits_switches_s_popbumper3'====== Args={'value': 2913, 'prev_value': None, 'change': True}
2025-11-03 22:26:38,369 : INFO : EventManager : Event: ======'machine_var_audits_switches_s_right_flipper'====== Args={'value': 77, 'prev_value': None, 'change': True}
2025-11-03 22:26:38,369 : INFO : EventManager : Event: ======'machine_var_audits_switches_s_scoop'====== Args={'value': 90, 'prev_value': None, 'change': True}
2025-11-03 22:26:38,369 : INFO : EventManager : Event: ======'machine_var_audits_switches_s_sling_left'====== Args={'value': 0, 'prev_value': None, 'change': True}
2025-11-03 22:26:38,369 : INFO : EventManager : Event: ======'machine_var_audits_switches_s_sling_right'====== Args={'value': 0, 'prev_value': None, 'change': True}
2025-11-03 22:26:38,369 : INFO : EventManager : Event: ======'machine_var_audits_switches_s_start'====== Args={'value': 587, 'prev_value': None, 'change': True}
2025-11-03 22:26:38,369 : INFO : EventManager : Event: ======'machine_var_audits_switches_s_trough1'====== Args={'value': 336, 'prev_value': None, 'change': True}
2025-11-03 22:26:38,369 : INFO : EventManager : Event: ======'machine_var_audits_switches_s_trough2'====== Args={'value': 14, 'prev_value': None, 'change': True}
2025-11-03 22:26:38,369 : INFO : EventManager : Event: ======'machine_var_audits_switches_s_trough3'====== Args={'value': 1, 'prev_value': None, 'change': True}
2025-11-03 22:26:38,369 : INFO : EventManager : Event: ======'machine_var_audits_switches_s_trough4'====== Args={'value': 1, 'prev_value': None, 'change': True}
2025-11-03 22:26:38,369 : INFO : EventManager : Event: ======'machine_var_audits_switches_s_trough_jam'====== Args={'value': 8, 'prev_value': None, 'change': True}
2025-11-03 22:26:38,369 : INFO : EventManager : Event: ======'init_phase_5'====== Args={}
2025-11-03 22:26:38,369 : INFO : EventManager : Event: ======'init_done'====== Args={}
2025-11-03 22:26:38,369 : INFO : EventManager : Event: ======'machine_reset_phase_1'====== Args={}
2025-11-03 22:26:38,400 : INFO : EventManager : Event: ======'machine_reset_phase_2'====== Args={}
2025-11-03 22:26:38,400 : INFO : EventManager : Event: ======'machine_reset_phase_3'====== Args={}
2025-11-03 22:26:38,401 : INFO : EventManager : Event: ======'reset_complete'====== Args={}
2025-11-03 22:26:38,401 : INFO : EventManager : Event: ======'mode_attract_will_start'====== Args={}
2025-11-03 22:26:38,401 : INFO : Timer.attract_carousel_timer : Starting Timer.
2025-11-03 22:26:38,401 : INFO : EventManager : Event: ======'timer_attract_carousel_timer_started'====== Args={'ticks': 0, 'ticks_remaining': 1}
2025-11-03 22:26:38,401 : INFO : EventManager : Event: ======'timer_attract_carousel_timer_tick'====== Args={'ticks': 0, 'ticks_remaining': 1}
2025-11-03 22:26:38,401 : INFO : EventManager : Event: ======'mode_attract_starting'====== Args={}
2025-11-03 22:26:38,401 : INFO : Mode.attract : Started. Priority: 10
2025-11-03 22:26:38,401 : INFO : EventManager : Event: ======'modes_active_modes_changed'====== Args={}
2025-11-03 22:26:38,401 : INFO : EventManager : Event: ======'mode_attract_started'====== Args={}
2025-11-03 22:26:38,401 : INFO : EventManager : Event: ======'collecting_balls_complete'====== Args={}
2025-11-03 22:26:38,401 : INFO : EventManager : Event: ======'carousel_item_highlighted'====== Args={'carousel': 'attract', 'direction': None, 'item': 'title'}
2025-11-03 22:26:38,402 : INFO : Machine : Starting the main run loop with active modes: [<Mode.attract>]
2025-11-03 22:26:38,785 : INFO : EventManager : Event: ======'slide_attract_created'====== Args={'_from_bcp': True}
2025-11-03 22:26:38,785 : INFO : EventManager : Event: ======'slide__removed'====== Args={'_from_bcp': True}
2025-11-03 22:26:38,786 : INFO : EventManager : Event: ======'slide_attract_active'====== Args={'original_context': 'attract', 'original_calling_context': 'mode_attract_started', 'priority': 10.0, 'cmd': 'slides_play', '_from_bcp': True}
2025-11-03 22:26:43,402 : INFO : Timer.attract_carousel_timer : Timer Complete
2025-11-03 22:26:43,402 : INFO : Timer.attract_carousel_timer : Stopping Timer
2025-11-03 22:26:43,402 : INFO : EventManager : Event: ======'timer_attract_carousel_timer_stopped'====== Args={'ticks': 1, 'ticks_remaining': 1}
2025-11-03 22:26:43,402 : INFO : EventManager : Event: ======'timer_attract_carousel_timer_complete'====== Args={'ticks': 1, 'ticks_remaining': 1}
2025-11-03 22:26:43,403 : INFO : EventManager : Event: ======'carousel_item_highlighted'====== Args={'carousel': 'attract', 'direction': 'forwards', 'item': 'credits'}
2025-11-03 22:26:44,234 : INFO : SwitchController : <<<<<<< 's_right_flipper' active >>>>>>>
2025-11-03 22:26:44,234 : INFO : EventManager : Event: ======'s_right_flipper_active'====== Args={}
2025-11-03 22:26:44,235 : INFO : EventManager : Event: ======'carousel_item_highlighted'====== Args={'carousel': 'attract', 'direction': 'forwards', 'item': 'logo'}
2025-11-03 22:26:44,367 : INFO : SwitchController : <<<<<<< 's_right_flipper' inactive >>>>>>>
2025-11-03 22:26:44,734 : INFO : SwitchController : <<<<<<< 's_left_flipper' active >>>>>>>
2025-11-03 22:26:44,734 : INFO : EventManager : Event: ======'s_left_flipper_active'====== Args={}
2025-11-03 22:26:44,735 : INFO : EventManager : Event: ======'carousel_item_highlighted'====== Args={'carousel': 'attract', 'direction': 'backwards', 'item': 'credits'}
2025-11-03 22:26:44,850 : INFO : SwitchController : <<<<<<< 's_left_flipper' inactive >>>>>>>
2025-11-03 22:26:45,767 : INFO : SwitchController : <<<<<<< 's_left_flipper' active >>>>>>>
2025-11-03 22:26:45,767 : INFO : EventManager : Event: ======'s_left_flipper_active'====== Args={}
2025-11-03 22:26:45,767 : INFO : EventManager : Event: ======'carousel_item_highlighted'====== Args={'carousel': 'attract', 'direction': 'backwards', 'item': 'title'}
2025-11-03 22:26:45,883 : INFO : SwitchController : <<<<<<< 's_left_flipper' inactive >>>>>>>
2025-11-03 22:26:46,667 : INFO : SwitchController : <<<<<<< 's_right_flipper' active >>>>>>>
2025-11-03 22:26:46,668 : INFO : EventManager : Event: ======'s_right_flipper_active'====== Args={}
2025-11-03 22:26:46,668 : INFO : EventManager : Event: ======'carousel_item_highlighted'====== Args={'carousel': 'attract', 'direction': 'forwards', 'item': 'credits'}
2025-11-03 22:26:46,817 : INFO : SwitchController : <<<<<<< 's_right_flipper' inactive >>>>>>>
2025-11-03 22:26:47,317 : INFO : SwitchController : <<<<<<< 's_left_flipper' active >>>>>>>
2025-11-03 22:26:47,317 : INFO : EventManager : Event: ======'s_left_flipper_active'====== Args={}
2025-11-03 22:26:47,318 : INFO : EventManager : Event: ======'carousel_item_highlighted'====== Args={'carousel': 'attract', 'direction': 'backwards', 'item': 'title'}
2025-11-03 22:26:47,450 : INFO : SwitchController : <<<<<<< 's_left_flipper' inactive >>>>>>>
2025-11-03 22:26:47,883 : INFO : SwitchController : <<<<<<< 's_left_flipper' active >>>>>>>
2025-11-03 22:26:47,884 : INFO : EventManager : Event: ======'s_left_flipper_active'====== Args={}
2025-11-03 22:26:47,884 : INFO : EventManager : Event: ======'carousel_item_highlighted'====== Args={'carousel': 'attract', 'direction': 'backwards', 'item': 'highscores'}
2025-11-03 22:26:48,017 : INFO : SwitchController : <<<<<<< 's_left_flipper' inactive >>>>>>>
2025-11-03 22:26:48,700 : INFO : SwitchController : <<<<<<< 's_right_flipper' active >>>>>>>
2025-11-03 22:26:48,701 : INFO : EventManager : Event: ======'s_right_flipper_active'====== Args={}
2025-11-03 22:26:48,701 : INFO : EventManager : Event: ======'carousel_item_highlighted'====== Args={'carousel': 'attract', 'direction': 'forwards', 'item': 'title'}
2025-11-03 22:26:48,800 : INFO : SwitchController : <<<<<<< 's_right_flipper' inactive >>>>>>>
2025-11-03 22:26:49,684 : INFO : SwitchController : <<<<<<< 's_right_flipper' active >>>>>>>
2025-11-03 22:26:49,684 : INFO : EventManager : Event: ======'s_right_flipper_active'====== Args={}
2025-11-03 22:26:49,685 : INFO : EventManager : Event: ======'carousel_item_highlighted'====== Args={'carousel': 'attract', 'direction': 'forwards', 'item': 'credits'}
2025-11-03 22:26:49,817 : INFO : SwitchController : <<<<<<< 's_right_flipper' inactive >>>>>>>
2025-11-03 22:26:50,301 : INFO : SwitchController : <<<<<<< 's_right_flipper' active >>>>>>>
2025-11-03 22:26:50,301 : INFO : EventManager : Event: ======'s_right_flipper_active'====== Args={}
2025-11-03 22:26:50,302 : INFO : EventManager : Event: ======'carousel_item_highlighted'====== Args={'carousel': 'attract', 'direction': 'forwards', 'item': 'logo'}
2025-11-03 22:26:50,417 : INFO : SwitchController : <<<<<<< 's_right_flipper' inactive >>>>>>>
2025-11-03 22:26:50,817 : INFO : SwitchController : <<<<<<< 's_right_flipper' active >>>>>>>
2025-11-03 22:26:50,817 : INFO : EventManager : Event: ======'s_right_flipper_active'====== Args={}
2025-11-03 22:26:50,818 : INFO : EventManager : Event: ======'carousel_item_highlighted'====== Args={'carousel': 'attract', 'direction': 'forwards', 'item': 'last_scores_1p'}
2025-11-03 22:26:50,934 : INFO : SwitchController : <<<<<<< 's_right_flipper' inactive >>>>>>>
2025-11-03 22:26:51,401 : INFO : SwitchController : <<<<<<< 's_right_flipper' active >>>>>>>
2025-11-03 22:26:51,401 : INFO : EventManager : Event: ======'s_right_flipper_active'====== Args={}
2025-11-03 22:26:51,402 : INFO : EventManager : Event: ======'carousel_item_highlighted'====== Args={'carousel': 'attract', 'direction': 'forwards', 'item': 'highscores'}
2025-11-03 22:26:51,517 : INFO : SwitchController : <<<<<<< 's_right_flipper' inactive >>>>>>>
2025-11-03 22:26:52,267 : INFO : SwitchController : <<<<<<< 's_right_flipper' active >>>>>>>
2025-11-03 22:26:52,267 : INFO : EventManager : Event: ======'s_right_flipper_active'====== Args={}
2025-11-03 22:26:52,268 : INFO : EventManager : Event: ======'carousel_item_highlighted'====== Args={'carousel': 'attract', 'direction': 'forwards', 'item': 'title'}
2025-11-03 22:26:52,401 : INFO : SwitchController : <<<<<<< 's_right_flipper' inactive >>>>>>>
2025-11-03 22:26:52,917 : INFO : SwitchController : <<<<<<< 's_right_flipper' active >>>>>>>
2025-11-03 22:26:52,917 : INFO : EventManager : Event: ======'s_right_flipper_active'====== Args={}
2025-11-03 22:26:52,918 : INFO : EventManager : Event: ======'carousel_item_highlighted'====== Args={'carousel': 'attract', 'direction': 'forwards', 'item': 'credits'}
2025-11-03 22:26:53,034 : INFO : SwitchController : <<<<<<< 's_right_flipper' inactive >>>>>>>
2025-11-03 22:26:53,650 : INFO : SwitchController : <<<<<<< 's_right_flipper' active >>>>>>>
2025-11-03 22:26:53,650 : INFO : EventManager : Event: ======'s_right_flipper_active'====== Args={}
2025-11-03 22:26:53,651 : INFO : EventManager : Event: ======'carousel_item_highlighted'====== Args={'carousel': 'attract', 'direction': 'forwards', 'item': 'logo'}
2025-11-03 22:26:53,800 : INFO : SwitchController : <<<<<<< 's_right_flipper' inactive >>>>>>>
2025-11-03 22:26:54,401 : INFO : SwitchController : <<<<<<< 's_right_flipper' active >>>>>>>
2025-11-03 22:26:54,401 : INFO : EventManager : Event: ======'s_right_flipper_active'====== Args={}
2025-11-03 22:26:54,401 : INFO : EventManager : Event: ======'carousel_item_highlighted'====== Args={'carousel': 'attract', 'direction': 'forwards', 'item': 'last_scores_1p'}
2025-11-03 22:26:54,534 : INFO : SwitchController : <<<<<<< 's_right_flipper' inactive >>>>>>>
2025-11-03 22:26:54,834 : INFO : SwitchController : <<<<<<< 's_left_flipper' active >>>>>>>
2025-11-03 22:26:54,834 : INFO : EventManager : Event: ======'s_left_flipper_active'====== Args={}
2025-11-03 22:26:54,834 : INFO : EventManager : Event: ======'carousel_item_highlighted'====== Args={'carousel': 'attract', 'direction': 'backwards', 'item': 'logo'}
2025-11-03 22:26:55,000 : INFO : SwitchController : <<<<<<< 's_left_flipper' inactive >>>>>>>
2025-11-03 22:26:55,167 : INFO : SwitchController : <<<<<<< 's_left_flipper' active >>>>>>>
2025-11-03 22:26:55,167 : INFO : EventManager : Event: ======'s_left_flipper_active'====== Args={}
2025-11-03 22:26:55,167 : INFO : EventManager : Event: ======'carousel_item_highlighted'====== Args={'carousel': 'attract', 'direction': 'backwards', 'item': 'credits'}
2025-11-03 22:26:55,334 : INFO : SwitchController : <<<<<<< 's_left_flipper' inactive >>>>>>>
2025-11-03 22:26:55,433 : INFO : SwitchController : <<<<<<< 's_left_flipper' active >>>>>>>
2025-11-03 22:26:55,434 : INFO : EventManager : Event: ======'s_left_flipper_active'====== Args={}
2025-11-03 22:26:55,434 : INFO : EventManager : Event: ======'carousel_item_highlighted'====== Args={'carousel': 'attract', 'direction': 'backwards', 'item': 'title'}
2025-11-03 22:26:55,451 : INFO : SwitchController : <<<<<<< 's_right_flipper' active >>>>>>>
2025-11-03 22:26:55,451 : INFO : EventManager : Event: ======'s_right_flipper_active'====== Args={}
2025-11-03 22:26:55,451 : INFO : EventManager : Event: ======'flipper_cancel'====== Args={'triggering_group': 2, 'triggering_switch': 's_right_flipper'}
2025-11-03 22:26:55,451 : INFO : EventManager : Event: ======'carousel_item_highlighted'====== Args={'carousel': 'attract', 'direction': 'forwards', 'item': 'credits'}
2025-11-03 22:26:55,516 : INFO : SwitchController : <<<<<<< 's_right_flipper' inactive >>>>>>>
2025-11-03 22:26:55,517 : INFO : EventManager : Event: ======'both_flippers_one'====== Args={'triggering_group': 2, 'triggering_switch': 's_right_flipper'}
2025-11-03 22:26:55,534 : INFO : SwitchController : <<<<<<< 's_left_flipper' inactive >>>>>>>
2025-11-03 22:26:55,534 : INFO : EventManager : Event: ======'both_flippers_inactive'====== Args={'triggering_group': 1, 'triggering_switch': 's_left_flipper'}
2025-11-03 22:26:56,050 : INFO : SwitchController : <<<<<<< 's_right_flipper' active >>>>>>>
2025-11-03 22:26:56,051 : INFO : EventManager : Event: ======'s_right_flipper_active'====== Args={}
2025-11-03 22:26:56,051 : INFO : EventManager : Event: ======'carousel_item_highlighted'====== Args={'carousel': 'attract', 'direction': 'forwards', 'item': 'logo'}
2025-11-03 22:26:56,167 : INFO : SwitchController : <<<<<<< 's_right_flipper' inactive >>>>>>>
2025-11-03 22:26:56,284 : INFO : SwitchController : <<<<<<< 's_right_flipper' active >>>>>>>
2025-11-03 22:26:56,284 : INFO : EventManager : Event: ======'s_right_flipper_active'====== Args={}
2025-11-03 22:26:56,285 : INFO : EventManager : Event: ======'carousel_item_highlighted'====== Args={'carousel': 'attract', 'direction': 'forwards', 'item': 'last_scores_1p'}
2025-11-03 22:26:56,386 : INFO : SwitchController : <<<<<<< 's_right_flipper' inactive >>>>>>>
2025-11-03 22:26:56,484 : INFO : SwitchController : <<<<<<< 's_right_flipper' active >>>>>>>
2025-11-03 22:26:56,484 : INFO : EventManager : Event: ======'s_right_flipper_active'====== Args={}
2025-11-03 22:26:56,485 : INFO : EventManager : Event: ======'carousel_item_highlighted'====== Args={'carousel': 'attract', 'direction': 'forwards', 'item': 'highscores'}
2025-11-03 22:26:56,584 : INFO : SwitchController : <<<<<<< 's_right_flipper' inactive >>>>>>>
2025-11-03 22:26:56,651 : INFO : SwitchController : <<<<<<< 's_right_flipper' active >>>>>>>
2025-11-03 22:26:56,651 : INFO : EventManager : Event: ======'s_right_flipper_active'====== Args={}
2025-11-03 22:26:56,652 : INFO : EventManager : Event: ======'carousel_item_highlighted'====== Args={'carousel': 'attract', 'direction': 'forwards', 'item': 'title'}
2025-11-03 22:26:56,768 : INFO : SwitchController : <<<<<<< 's_right_flipper' inactive >>>>>>>
2025-11-03 22:26:56,850 : INFO : SwitchController : <<<<<<< 's_right_flipper' active >>>>>>>
2025-11-03 22:26:56,851 : INFO : EventManager : Event: ======'s_right_flipper_active'====== Args={}
2025-11-03 22:26:56,852 : INFO : EventManager : Event: ======'carousel_item_highlighted'====== Args={'carousel': 'attract', 'direction': 'forwards', 'item': 'credits'}
2025-11-03 22:26:56,950 : INFO : SwitchController : <<<<<<< 's_right_flipper' inactive >>>>>>>
2025-11-03 22:26:57,034 : INFO : SwitchController : <<<<<<< 's_right_flipper' active >>>>>>>
2025-11-03 22:26:57,034 : INFO : EventManager : Event: ======'s_right_flipper_active'====== Args={}
2025-11-03 22:26:57,035 : INFO : EventManager : Event: ======'carousel_item_highlighted'====== Args={'carousel': 'attract', 'direction': 'forwards', 'item': 'logo'}
2025-11-03 22:26:57,151 : INFO : SwitchController : <<<<<<< 's_right_flipper' inactive >>>>>>>
2025-11-03 22:26:57,267 : INFO : SwitchController : <<<<<<< 's_right_flipper' active >>>>>>>
2025-11-03 22:26:57,267 : INFO : EventManager : Event: ======'s_right_flipper_active'====== Args={}
2025-11-03 22:26:57,268 : INFO : EventManager : Event: ======'carousel_item_highlighted'====== Args={'carousel': 'attract', 'direction': 'forwards', 'item': 'last_scores_1p'}
2025-11-03 22:26:57,367 : INFO : SwitchController : <<<<<<< 's_right_flipper' inactive >>>>>>>
2025-11-03 22:26:58,034 : INFO : SwitchController : <<<<<<< 's_left_flipper' active >>>>>>>
2025-11-03 22:26:58,034 : INFO : EventManager : Event: ======'s_left_flipper_active'====== Args={}
2025-11-03 22:26:58,034 : INFO : EventManager : Event: ======'carousel_item_highlighted'====== Args={'carousel': 'attract', 'direction': 'backwards', 'item': 'logo'}
2025-11-03 22:26:58,200 : INFO : SwitchController : <<<<<<< 's_left_flipper' inactive >>>>>>>
2025-11-03 22:26:58,901 : INFO : SwitchController : <<<<<<< 's_start' active >>>>>>>
2025-11-03 22:26:59,000 : INFO : SwitchController : <<<<<<< 's_start' inactive >>>>>>>
2025-11-03 22:26:59,000 : INFO : EventManager : Event: ======'request_to_start_game'====== Args={}
2025-11-03 22:26:59,001 : INFO : EventManager : Event: ======'game_start'====== Args={'buttons': [], 'hold_time': 0.09935425000730902}
2025-11-03 22:26:59,001 : INFO : EventManager : Event: ======'mode_game_will_start'====== Args={'buttons': [], 'hold_time': 0.09935425000730902}
2025-11-03 22:26:59,002 : INFO : EventManager : Event: ======'mode_game_starting'====== Args={'buttons': [], 'hold_time': 0.09935425000730902}
2025-11-03 22:26:59,002 : INFO : EventManager : Event: ======'mode_attract_will_stop'====== Args={}
2025-11-03 22:26:59,003 : INFO : EventManager : Event: ======'mode_attract_stopping'====== Args={}
2025-11-03 22:26:59,003 : INFO : Mode.attract : Stopped.
2025-11-03 22:26:59,003 : INFO : EventManager : Event: ======'modes_active_modes_changed'====== Args={}
2025-11-03 22:26:59,003 : INFO : EventManager : Event: ======'mode_attract_stopped'====== Args={}
2025-11-03 22:26:59,003 : INFO : EventManager : Event: ======'clear'====== Args={'key': 'attract'}
2025-11-03 22:26:59,004 : INFO : Timer.attract_carousel_timer : Stopping Timer
2025-11-03 22:26:59,004 : INFO : EventManager : Event: ======'timer_attract_carousel_timer_stopped'====== Args={'ticks': 1, 'ticks_remaining': 1}
2025-11-03 22:26:59,004 : INFO : Mode.game : Started. Priority: 20
2025-11-03 22:26:59,004 : INFO : EventManager : Event: ======'modes_active_modes_changed'====== Args={}
2025-11-03 22:26:59,004 : INFO : EventManager : Event: ======'mode_game_started'====== Args={'buttons': [], 'hold_time': 0.09935425000730902}
2025-11-03 22:26:59,005 : INFO : EventManager : Event: ======'game_will_start'====== Args={}
2025-11-03 22:26:59,006 : INFO : EventManager : Event: ======'game_starting'====== Args={'game': <Mode.game>}
2025-11-03 22:26:59,007 : INFO : EventManager : Unordered handler for class <Auditor> on event game_ended with priority 1. Handlers: [RegisteredHandler(callback=<bound method Auditor.disable of <Auditor>>, priority=1, kwargs={}, key=UUID('41e5fb22-38d6-48fc-af8d-78a5a29d6d08'), condition=None, blocking_facility=None), RegisteredHandler(callback=<bound method Auditor._save_audits of <Auditor>>, priority=1, kwargs={}, key=UUID('5ca3afd3-fc68-43df-a56a-4da0fefad752'), condition=None, blocking_facility=None)]. The order of those handlers is not defined and they will be executed in random order. This might lead to race conditions and potential bugs.
2025-11-03 22:26:59,007 : INFO : EventManager : Event: ======'player_add_request'====== Args={}
2025-11-03 22:26:59,007 : INFO : EventManager : Event: ======'player_will_add'====== Args={'number': 1}
2025-11-03 22:26:59,008 : INFO : EventManager : Event: ======'player_adding'====== Args={'player': <Player 1>, 'number': 1}
2025-11-03 22:26:59,008 : INFO : EventManager : Event: ======'player_added'====== Args={'player': <Player 1>, 'num': 1}
2025-11-03 22:26:59,008 : INFO : Mode.game : Player added successfully. Total players: 1
2025-11-03 22:26:59,008 : INFO : EventManager : Event: ======'player_index'====== Args={'value': 0, 'prev_value': 0, 'change': 0, 'player_num': 1}
2025-11-03 22:26:59,009 : INFO : EventManager : Event: ======'player_number'====== Args={'value': 1, 'prev_value': 1, 'change': 0, 'player_num': 1}
2025-11-03 22:26:59,009 : INFO : EventManager : Event: ======'player_score'====== Args={'value': 0, 'prev_value': 0, 'change': 0, 'player_num': 1}
2025-11-03 22:26:59,009 : INFO : EventManager : Event: ======'game_started'====== Args={}
2025-11-03 22:26:59,010 : INFO : EventManager : Event: ======'player_turn_will_start'====== Args={'player': <Player 1>, 'number': 1}
2025-11-03 22:26:59,010 : INFO : EventManager : Event: ======'player_turn_starting'====== Args={'player': <Player 1>, 'number': 1}
2025-11-03 22:26:59,017 : INFO : EventManager : Event: ======'player_ball'====== Args={'value': 1, 'prev_value': 0, 'change': 1, 'player_num': 1}
2025-11-03 22:26:59,018 : INFO : EventManager : Event: ======'player_turn_started'====== Args={'player': <Player 1>, 'number': 1}
2025-11-03 22:26:59,018 : INFO : EventManager : Event: ======'ball_will_start'====== Args={'player': 1, 'ball': 1, 'balls_remaining': 2, 'is_extra_ball': False}
2025-11-03 22:26:59,018 : INFO : EventManager : Event: ======'ball_starting'====== Args={'player': 1, 'ball': 1, 'balls_remaining': 2, 'is_extra_ball': False}
2025-11-03 22:26:59,019 : INFO : EventManager : Event: ======'mode_base_will_start'====== Args={'queue': <QueuedEvent>, 'player': 1, 'ball': 1, 'balls_remaining': 2, 'is_extra_ball': False}
2025-11-03 22:26:59,019 : INFO : EventManager : Event: ======'player_base_player_added_timer_tick'====== Args={'value': 0, 'prev_value': 0, 'change': 0, 'player_num': 1}
2025-11-03 22:26:59,019 : INFO : Timer.player_added_timer : Starting Timer.
2025-11-03 22:26:59,020 : INFO : EventManager : Event: ======'timer_player_added_timer_started'====== Args={'ticks': 0, 'ticks_remaining': 1}
2025-11-03 22:26:59,020 : INFO : EventManager : Event: ======'timer_player_added_timer_tick'====== Args={'ticks': 0, 'ticks_remaining': 1}
2025-11-03 22:26:59,021 : INFO : EventManager : Event: ======'mode_base_starting'====== Args={'queue': <QueuedEvent>, 'player': 1, 'ball': 1, 'balls_remaining': 2, 'is_extra_ball': False}
2025-11-03 22:26:59,021 : INFO : Mode.base : Started. Priority: 100
2025-11-03 22:26:59,021 : INFO : EventManager : Event: ======'modes_active_modes_changed'====== Args={}
2025-11-03 22:26:59,021 : INFO : EventManager : Event: ======'mode_base_started'====== Args={'queue': <QueuedEvent>, 'player': 1, 'ball': 1, 'balls_remaining': 2, 'is_extra_ball': False}
2025-11-03 22:26:59,021 : INFO : EventManager : Event: ======'start_mode_bumpers'====== Args={'priority': 0}
2025-11-03 22:26:59,021 : INFO : EventManager : Event: ======'mode_bumpers_will_start'====== Args={'priority': 0}
2025-11-03 22:26:59,021 : INFO : EventManager : Event: ======'player_shot_bumper1_enabled'====== Args={'value': True, 'prev_value': 0, 'change': 1, 'player_num': 1}
2025-11-03 22:26:59,022 : INFO : EventManager : Event: ======'player_shot_bumper2_enabled'====== Args={'value': True, 'prev_value': 0, 'change': 1, 'player_num': 1}
2025-11-03 22:26:59,022 : INFO : EventManager : Event: ======'player_shot_bumper3_enabled'====== Args={'value': True, 'prev_value': 0, 'change': 1, 'player_num': 1}
2025-11-03 22:26:59,022 : INFO : EventManager : Event: ======'bumpers_complete'====== Args={'state': 'unlit'}
2025-11-03 22:26:59,022 : INFO : EventManager : Event: ======'bumpers_unlit_complete'====== Args={}
2025-11-03 22:26:59,023 : INFO : EventManager : Event: ======'mode_bumpers_starting'====== Args={'priority': 0}
2025-11-03 22:26:59,023 : INFO : Mode.bumpers : Started. Priority: 200
2025-11-03 22:26:59,023 : INFO : EventManager : Event: ======'modes_active_modes_changed'====== Args={}
2025-11-03 22:26:59,023 : INFO : EventManager : Event: ======'mode_bumpers_started'====== Args={'priority': 0}
2025-11-03 22:26:59,024 : INFO : EventManager : Event: ======'balls_in_play'====== Args={'balls': 1}
2025-11-03 22:26:59,024 : INFO : EventManager : Event: ======'ball_started'====== Args={'player': 1, 'ball': 1, 'balls_remaining': 2, 'is_extra_ball': False}
2025-11-03 22:26:59,024 : INFO : EventManager : Event: ======'single_player_ball_started'====== Args={}
2025-11-03 22:26:59,024 : INFO : EventManager : Event: ======'ball_start_target'====== Args={'target': 'playfield'}
2025-11-03 22:26:59,025 : INFO : ball_device.bd_trough : Setting up player-controlled eject. Balls: 1, Target: <playfield.playfield>, player_controlled_eject_event: None
2025-11-03 22:26:59,025 : INFO : ball_device.bd_trough : Adding 1 ball(s) to the eject_queue with target <playfield.playfield>.
2025-11-03 22:26:59,025 : INFO : EventManager : Event: ======'balldevice_balls_available'====== Args={}
2025-11-03 22:26:59,025 : INFO : ball_device.bd_trough : State: waiting_for_target_ready
2025-11-03 22:26:59,025 : INFO : EventManager : Event: ======'balldevice_bd_trough_ball_eject_attempt'====== Args={'balls': 1, 'target': <ball_device.bd_plunger>, 'source': <ball_device.bd_trough>, 'mechanical_eject': False, 'num_attempts': 0}
2025-11-03 22:26:59,026 : INFO : ball_device.bd_plunger : State: waiting_for_ball
2025-11-03 22:26:59,026 : INFO : ball_device.bd_trough : State: ejecting
2025-11-03 22:26:59,026 : INFO : ball_device.bd_trough : Ejecting ball to <ball_device.bd_plunger>
2025-11-03 22:26:59,026 : INFO : EventManager : Event: ======'balldevice_bd_trough_ejecting_ball'====== Args={'balls': 1, 'target': <ball_device.bd_plunger>, 'source': <ball_device.bd_trough>, 'mechanical_eject': False, 'num_attempts': 0}
2025-11-03 22:26:59,027 : INFO : ball_device.bd_trough : Wait for ball to leave device
2025-11-03 22:26:59,027 : INFO : coil.c_trough_eject : Pulsing Driver for 20ms (1.0 pulse_power)
2025-11-03 22:26:59,027 : INFO : SwitchController : <<<<<<< 's_trough1' inactive >>>>>>>
2025-11-03 22:26:59,027 : INFO : ball_device.bd_trough : State: ball_left
2025-11-03 22:26:59,027 : INFO : ball_device.bd_trough : Ball left
2025-11-03 22:26:59,027 : INFO : ball_device.bd_trough : Wait for confirm with timeout 3.0
2025-11-03 22:26:59,128 : INFO : SwitchController : <<<<<<< 's_plunger_lane' active >>>>>>>
2025-11-03 22:26:59,128 : INFO : EventManager : Event: ======'machine_var_audits_switches_s_plunger_lane'====== Args={'value': 629, 'prev_value': 628, 'change': 1}
2025-11-03 22:26:59,202 : INFO : EventManager : Event: ======'slide_base_slide_created'====== Args={'_from_bcp': True}
2025-11-03 22:26:59,203 : INFO : EventManager : Event: ======'slide_attract_inactive'====== Args={'is_removing': True, '_from_bcp': True}
2025-11-03 22:26:59,203 : INFO : EventManager : Event: ======'slide_base_slide_active'====== Args={'original_context': 'base', 'original_calling_context': 'mode_base_started', 'priority': 100.0, 'queue': '<QueuedEvent>', 'player': 1.0, 'ball': 1.0, 'balls_remaining': 2.0, 'is_extra_ball': False, 'cmd': 'slides_play', '_from_bcp': True}
2025-11-03 22:26:59,204 : INFO : EventManager : Event: ======'slide_attract_removed'====== Args={'_from_bcp': True}
2025-11-03 22:26:59,630 : INFO : ball_device.bd_plunger : Received ball from <ball_device.bd_trough>
2025-11-03 22:26:59,630 : INFO : EventManager : Event: ======'balldevice_bd_plunger_ball_enter'====== Args={'new_balls': 1, 'unclaimed_balls': 0, 'new_available_balls': 0, 'device': <ball_device.bd_plunger>}
2025-11-03 22:26:59,631 : INFO : EventManager : Event: ======'balldevice_bd_plunger_ball_entered'====== Args={'new_balls': 0, 'device': <ball_device.bd_plunger>}
2025-11-03 22:26:59,631 : INFO : EventManager : Event: ======'balldevice_bd_plunger_ball_count_changed'====== Args={'balls': 1}
2025-11-03 22:26:59,632 : INFO : ball_device.bd_trough : Got eject confirm
2025-11-03 22:26:59,632 : INFO : ball_device.bd_trough : Eject successful
2025-11-03 22:26:59,632 : INFO : EventManager : Event: ======'balldevice_bd_trough_ball_eject_success'====== Args={'balls': 1, 'target': <ball_device.bd_plunger>}
2025-11-03 22:26:59,632 : INFO : ball_device.bd_plunger : State: waiting_for_target_ready
2025-11-03 22:26:59,632 : INFO : EventManager : Event: ======'balldevice_bd_plunger_ball_eject_attempt'====== Args={'balls': 1, 'target': <playfield.playfield>, 'source': <ball_device.bd_plunger>, 'mechanical_eject': False, 'num_attempts': 0}
2025-11-03 22:26:59,632 : INFO : EventManager : Event: ======'balldevice_bd_trough_ball_count_changed'====== Args={'balls': 3}
2025-11-03 22:26:59,633 : INFO : ball_device.bd_trough : State: idle
2025-11-03 22:26:59,633 : INFO : ball_device.bd_plunger : State: ejecting
2025-11-03 22:26:59,633 : INFO : ball_device.bd_plunger : Ejecting ball to <playfield.playfield>
2025-11-03 22:26:59,633 : INFO : EventManager : Event: ======'balldevice_bd_plunger_ejecting_ball'====== Args={'balls': 1, 'target': <playfield.playfield>, 'source': <ball_device.bd_plunger>, 'mechanical_eject': False, 'num_attempts': 0}
2025-11-03 22:26:59,635 : INFO : ball_device.bd_plunger : Wait for ball to leave device
2025-11-03 22:26:59,635 : INFO : coil.c_plunger : Pulsing Driver for 20ms (1.0 pulse_power)
2025-11-03 22:26:59,635 : INFO : SwitchController : <<<<<<< 's_plunger_lane' inactive >>>>>>>
2025-11-03 22:26:59,636 : INFO : ball_device.bd_plunger : State: ball_left
2025-11-03 22:26:59,636 : INFO : ball_device.bd_plunger : Ball left
2025-11-03 22:26:59,636 : INFO : ball_device.bd_plunger : Wait for confirm with timeout 3.0
2025-11-03 22:26:59,721 : INFO : EventManager : Event: ======'player_base_player_added_timer_tick'====== Args={'value': 1, 'prev_value': 0, 'change': 1, 'player_num': 1}
2025-11-03 22:26:59,721 : INFO : Timer.player_added_timer : Timer Complete
2025-11-03 22:26:59,722 : INFO : Timer.player_added_timer : Stopping Timer
2025-11-03 22:26:59,722 : INFO : EventManager : Event: ======'timer_player_added_timer_stopped'====== Args={'ticks': 1, 'ticks_remaining': 1}
2025-11-03 22:26:59,722 : INFO : EventManager : Event: ======'timer_player_added_timer_complete'====== Args={'ticks': 1, 'ticks_remaining': 1}
2025-11-03 22:27:02,637 : INFO : ball_device.bd_plunger : State: failed_confirm
2025-11-03 22:27:02,638 : INFO : ball_device.bd_plunger : Got timeout (3.0s) before confirm from <playfield.playfield>
2025-11-03 22:27:02,739 : INFO : ball_device.bd_plunger : Confirming eject because target is playfield and ball did not return.
2025-11-03 22:27:02,739 : INFO : ball_device.bd_plunger : Eject successful
2025-11-03 22:27:02,740 : INFO : EventManager : Event: ======'balldevice_bd_plunger_ball_eject_success'====== Args={'balls': 1, 'target': <playfield.playfield>}
2025-11-03 22:27:02,740 : INFO : EventManager : Event: ======'balldevice_playfield_ball_enter'====== Args={'new_balls': 1, 'unclaimed_balls': 1, 'device': <playfield.playfield>}
2025-11-03 22:27:02,740 : INFO : EventManager : Event: ======'playfield_ball_count_change'====== Args={'balls': 1, 'change': 1}
2025-11-03 22:27:02,741 : INFO : EventManager : Event: ======'balldevice_bd_plunger_ball_count_changed'====== Args={'balls': 0}
2025-11-03 22:27:02,741 : INFO : ball_device.bd_plunger : State: idle
2025-11-03 22:27:03,517 : INFO : SwitchController : <<<<<<< 's_start' active >>>>>>>
2025-11-03 22:27:03,517 : INFO : EventManager : Event: ======'sw_start'====== Args={}
2025-11-03 22:27:03,517 : INFO : EventManager : Event: ======'machine_var_audits_switches_s_start'====== Args={'value': 588, 'prev_value': 587, 'change': 1}
2025-11-03 22:27:03,518 : INFO : EventManager : Event: ======'player_add_request'====== Args={}
2025-11-03 22:27:03,518 : INFO : EventManager : Event: ======'player_will_add'====== Args={'number': 2}
2025-11-03 22:27:03,518 : INFO : EventManager : Event: ======'player_adding'====== Args={'player': <Player 2>, 'number': 2}
2025-11-03 22:27:03,518 : INFO : EventManager : Event: ======'player_added'====== Args={'player': <Player 2>, 'num': 2}
2025-11-03 22:27:03,519 : INFO : Mode.game : Player added successfully. Total players: 2
2025-11-03 22:27:03,519 : INFO : EventManager : Event: ======'multiplayer_game'====== Args={}
2025-11-03 22:27:03,526 : INFO : EventManager : Event: ======'player_base_player_added_timer_tick'====== Args={'value': 0, 'prev_value': 1, 'change': -1, 'player_num': 1}
2025-11-03 22:27:03,526 : INFO : Timer.player_added_timer : Starting Timer.
2025-11-03 22:27:03,526 : INFO : EventManager : Event: ======'timer_player_added_timer_started'====== Args={'ticks': 0, 'ticks_remaining': 1}
2025-11-03 22:27:03,526 : INFO : EventManager : Event: ======'timer_player_added_timer_tick'====== Args={'ticks': 0, 'ticks_remaining': 1}
2025-11-03 22:27:03,527 : INFO : EventManager : Event: ======'player_index'====== Args={'value': 1, 'prev_value': 1, 'change': 0, 'player_num': 2}
2025-11-03 22:27:03,528 : INFO : EventManager : Event: ======'player_number'====== Args={'value': 2, 'prev_value': 2, 'change': 0, 'player_num': 2}
2025-11-03 22:27:03,528 : INFO : EventManager : Event: ======'player_score'====== Args={'value': 0, 'prev_value': 0, 'change': 0, 'player_num': 2}
2025-11-03 22:27:03,548 : INFO : EventManager : Event: ======'widget_player_addded_widget_active'====== Args={'original_context': 'base', 'original_calling_context': 'player_added', 'priority': 100.0, 'player': '<Player 2>', 'num': 2.0, 'cmd': 'widgets_play', '_from_bcp': True}
2025-11-03 22:27:03,617 : INFO : SwitchController : <<<<<<< 's_start' inactive >>>>>>>
2025-11-03 22:27:04,228 : INFO : EventManager : Event: ======'player_base_player_added_timer_tick'====== Args={'value': 1, 'prev_value': 0, 'change': 1, 'player_num': 1}
2025-11-03 22:27:04,228 : INFO : Timer.player_added_timer : Timer Complete
2025-11-03 22:27:04,228 : INFO : Timer.player_added_timer : Stopping Timer
2025-11-03 22:27:04,228 : INFO : EventManager : Event: ======'timer_player_added_timer_stopped'====== Args={'ticks': 1, 'ticks_remaining': 1}
2025-11-03 22:27:04,228 : INFO : EventManager : Event: ======'timer_player_added_timer_complete'====== Args={'ticks': 1, 'ticks_remaining': 1}
2025-11-03 22:27:04,269 : INFO : EventManager : Event: ======'widget_player_addded_widget_removed'====== Args={'_from_bcp': True}
2025-11-03 22:27:04,535 : INFO : SwitchController : <<<<<<< 's_start' active >>>>>>>
2025-11-03 22:27:04,535 : INFO : EventManager : Event: ======'sw_start'====== Args={}
2025-11-03 22:27:04,536 : INFO : EventManager : Event: ======'machine_var_audits_switches_s_start'====== Args={'value': 589, 'prev_value': 588, 'change': 1}
2025-11-03 22:27:04,537 : INFO : EventManager : Event: ======'player_add_request'====== Args={}
2025-11-03 22:27:04,537 : INFO : EventManager : Event: ======'player_will_add'====== Args={'number': 3}
2025-11-03 22:27:04,537 : INFO : EventManager : Event: ======'player_adding'====== Args={'player': <Player 3>, 'number': 3}
2025-11-03 22:27:04,537 : INFO : EventManager : Event: ======'player_added'====== Args={'player': <Player 3>, 'num': 3}
2025-11-03 22:27:04,537 : INFO : Mode.game : Player added successfully. Total players: 3
2025-11-03 22:27:04,543 : INFO : EventManager : Event: ======'player_base_player_added_timer_tick'====== Args={'value': 0, 'prev_value': 1, 'change': -1, 'player_num': 1}
2025-11-03 22:27:04,543 : INFO : Timer.player_added_timer : Starting Timer.
2025-11-03 22:27:04,543 : INFO : EventManager : Event: ======'timer_player_added_timer_started'====== Args={'ticks': 0, 'ticks_remaining': 1}
2025-11-03 22:27:04,543 : INFO : EventManager : Event: ======'timer_player_added_timer_tick'====== Args={'ticks': 0, 'ticks_remaining': 1}
2025-11-03 22:27:04,543 : INFO : EventManager : Event: ======'player_index'====== Args={'value': 2, 'prev_value': 2, 'change': 0, 'player_num': 3}
2025-11-03 22:27:04,544 : INFO : EventManager : Event: ======'player_number'====== Args={'value': 3, 'prev_value': 3, 'change': 0, 'player_num': 3}
2025-11-03 22:27:04,544 : INFO : EventManager : Event: ======'player_score'====== Args={'value': 0, 'prev_value': 0, 'change': 0, 'player_num': 3}
2025-11-03 22:27:04,553 : INFO : EventManager : Event: ======'widget_player_addded_widget_active'====== Args={'original_context': 'base', 'original_calling_context': 'player_added', 'priority': 100.0, 'player': '<Player 3>', 'num': 3.0, 'cmd': 'widgets_play', '_from_bcp': True}
2025-11-03 22:27:04,667 : INFO : SwitchController : <<<<<<< 's_start' inactive >>>>>>>
2025-11-03 22:27:05,083 : INFO : SwitchController : <<<<<<< 's_start' active >>>>>>>
2025-11-03 22:27:05,084 : INFO : EventManager : Event: ======'sw_start'====== Args={}
2025-11-03 22:27:05,084 : INFO : EventManager : Event: ======'machine_var_audits_switches_s_start'====== Args={'value': 590, 'prev_value': 589, 'change': 1}
2025-11-03 22:27:05,085 : INFO : EventManager : Event: ======'player_add_request'====== Args={}
2025-11-03 22:27:05,085 : INFO : EventManager : Event: ======'player_will_add'====== Args={'number': 4}
2025-11-03 22:27:05,085 : INFO : EventManager : Event: ======'player_adding'====== Args={'player': <Player 4>, 'number': 4}
2025-11-03 22:27:05,085 : INFO : EventManager : Event: ======'player_added'====== Args={'player': <Player 4>, 'num': 4}
2025-11-03 22:27:05,085 : INFO : Mode.game : Player added successfully. Total players: 4
2025-11-03 22:27:05,086 : INFO : EventManager : Event: ======'timer_player_added_timer_tick'====== Args={'ticks': 0, 'ticks_remaining': 1}
2025-11-03 22:27:05,086 : INFO : EventManager : Event: ======'player_index'====== Args={'value': 3, 'prev_value': 3, 'change': 0, 'player_num': 4}
2025-11-03 22:27:05,086 : INFO : EventManager : Event: ======'player_number'====== Args={'value': 4, 'prev_value': 4, 'change': 0, 'player_num': 4}
2025-11-03 22:27:05,086 : INFO : EventManager : Event: ======'player_score'====== Args={'value': 0, 'prev_value': 0, 'change': 0, 'player_num': 4}
2025-11-03 22:27:05,217 : INFO : SwitchController : <<<<<<< 's_start' inactive >>>>>>>
2025-11-03 22:27:05,787 : INFO : EventManager : Event: ======'player_base_player_added_timer_tick'====== Args={'value': 1, 'prev_value': 0, 'change': 1, 'player_num': 1}
2025-11-03 22:27:05,788 : INFO : Timer.player_added_timer : Timer Complete
2025-11-03 22:27:05,788 : INFO : Timer.player_added_timer : Stopping Timer
2025-11-03 22:27:05,788 : INFO : EventManager : Event: ======'timer_player_added_timer_stopped'====== Args={'ticks': 1, 'ticks_remaining': 1}
2025-11-03 22:27:05,788 : INFO : EventManager : Event: ======'timer_player_added_timer_complete'====== Args={'ticks': 1, 'ticks_remaining': 1}
2025-11-03 22:27:05,834 : INFO : EventManager : Event: ======'widget_player_addded_widget_removed'====== Args={'_from_bcp': True}
2025-11-03 22:27:17,118 : INFO : Machine : Shutting down...
2025-11-03 22:27:17,118 : INFO : EventManager : Event: ======'shutdown'====== Args={}
2025-11-03 22:27:17,119 : INFO : EventManager : Event: ======'mode_game_will_stop'====== Args={}
2025-11-03 22:27:17,120 : INFO : EventManager : Event: ======'mode_game_stopping'====== Args={}
2025-11-03 22:27:17,120 : INFO : EventManager : Event: ======'mode_base_will_stop'====== Args={}
2025-11-03 22:27:17,121 : INFO : EventManager : Event: ======'mode_base_stopping'====== Args={}
2025-11-03 22:27:17,121 : INFO : EventManager : Event: ======'mode_bumpers_will_stop'====== Args={}
2025-11-03 22:27:17,121 : INFO : EventManager : Event: ======'mode_bumpers_stopping'====== Args={}
2025-11-03 22:27:17,121 : INFO : EventManager : Event: ======'stop_mode_bumpers'====== Args={'priority': 0}
2025-11-03 22:27:17,121 : INFO : Mode.bumpers : Stopped.
2025-11-03 22:27:17,121 : INFO : EventManager : Event: ======'modes_active_modes_changed'====== Args={}
2025-11-03 22:27:17,121 : INFO : EventManager : Event: ======'mode_bumpers_stopped'====== Args={}
2025-11-03 22:27:17,121 : INFO : EventManager : Event: ======'clear'====== Args={'key': 'bumpers'}
2025-11-03 22:27:17,122 : INFO : Mode.base : Stopped.
2025-11-03 22:27:17,122 : INFO : EventManager : Event: ======'modes_active_modes_changed'====== Args={}
2025-11-03 22:27:17,122 : INFO : EventManager : Event: ======'mode_base_stopped'====== Args={}
2025-11-03 22:27:17,123 : INFO : EventManager : Event: ======'clear'====== Args={'key': 'base'}
2025-11-03 22:27:17,123 : INFO : Timer.player_added_timer : Stopping Timer
2025-11-03 22:27:17,123 : INFO : EventManager : Event: ======'timer_player_added_timer_stopped'====== Args={'ticks': 1, 'ticks_remaining': 1}
2025-11-03 22:27:17,123 : INFO : Mode.game : Stopped.
2025-11-03 22:27:17,123 : INFO : EventManager : Event: ======'modes_active_modes_changed'====== Args={}
2025-11-03 22:27:17,124 : INFO : EventManager : Event: ======'mode_game_stopped'====== Args={}
2025-11-03 22:27:17,124 : INFO : EventManager : Event: ======'clear'====== Args={'key': 'game'}
2025-11-03 22:27:17,127 : INFO : root : MPF run loop ended.
