2025-11-09 23:39:48,961 : INFO : root : Loading MPF Monitor Version 0.57.1
2025-11-09 23:39:49,103 : INFO : Core : Looking for MPF at localhost:5051
2025-11-09 23:39:50,056 : INFO : BCP Client : Connected to MPF
2025-11-09 23:44:27,969 : INFO : BCP Client : Connected to MPF
2025-11-09 23:52:43,985 : INFO : BCP Client : Connected to MPF
2025-11-09 23:53:31,985 : INFO : BCP Client : Connected to MPF
2025-11-09 23:53:52,986 : INFO : BCP Client : Connected to MPF
2025-11-09 23:55:04,986 : INFO : BCP Client : Connected to MPF
2025-11-10 08:47:17,840 : INFO : BCP Client : Connected to MPF
2025-11-10 10:14:59,879 : INFO : BCP Client : Connected to MPF
2025-11-10 10:55:23,874 : INFO : BCP Client : Connected to MPF
2025-11-10 11:11:27,875 : INFO : BCP Client : Connected to MPF
2025-11-10 11:31:10,828 : INFO : BCP Client : Connected to MPF
2025-11-10 12:08:00,854 : INFO : BCP Client : Connected to MPF
2025-11-10 12:13:15,854 : INFO : BCP Client : Connected to MPF
2025-11-10 12:24:21,852 : INFO : BCP Client : Connected to MPF
2025-11-10 12:28:18,853 : INFO : BCP Client : Connected to MPF
2025-11-10 12:30:04,801 : INFO : BCP Client : Connected to MPF
2025-11-10 12:40:24,791 : INFO : BCP Client : Connected to MPF
2025-11-10 12:46:50,787 : INFO : BCP Client : Connected to MPF
2025-11-10 13:00:32,770 : INFO : BCP Client : Connected to MPF
2025-11-10 14:23:33,826 : INFO : BCP Client : Connected to MPF
2025-11-10 15:24:15,833 : INFO : BCP Client : Connected to MPF
2025-11-10 16:32:09,811 : INFO : BCP Client : Connected to MPF
2025-11-10 17:02:31,800 : INFO : BCP Client : Connected to MPF
2025-11-10 17:03:43,800 : INFO : BCP Client : Connected to MPF
2025-11-10 17:04:05,800 : INFO : BCP Client : Connected to MPF
2025-11-10 18:10:22,726 : INFO : BCP Client : Connected to MPF
2025-11-10 18:12:21,724 : INFO : BCP Client : Connected to MPF
2025-11-10 18:23:51,711 : INFO : BCP Client : Connected to MPF
2025-11-10 18:39:31,740 : INFO : BCP Client : Connected to MPF
2025-11-10 18:46:55,736 : INFO : BCP Client : Connected to MPF
2025-11-10 18:49:55,734 : INFO : BCP Client : Connected to MPF
2025-11-10 18:51:22,734 : INFO : BCP Client : Connected to MPF
2025-11-10 18:57:20,732 : INFO : BCP Client : Connected to MPF
2025-11-10 19:29:59,229 : INFO : BCP Client : Connected to MPF
2025-11-10 19:31:01,229 : INFO : BCP Client : Connected to MPF
2025-11-10 20:08:32,751 : INFO : BCP Client : Connected to MPF
2025-11-10 20:13:15,752 : INFO : BCP Client : Connected to MPF
2025-11-10 20:34:20,752 : INFO : BCP Client : Connected to MPF
2025-11-10 20:37:34,754 : INFO : BCP Client : Connected to MPF
2025-11-10 20:38:50,753 : INFO : BCP Client : Connected to MPF
2025-11-10 20:50:01,755 : INFO : BCP Client : Connected to MPF
2025-11-10 20:51:02,755 : INFO : BCP Client : Connected to MPF
2025-11-10 20:52:12,755 : INFO : BCP Client : Connected to MPF
2025-11-10 20:54:43,763 : INFO : BCP Client : Connected to MPF
2025-11-10 20:55:41,755 : INFO : BCP Client : Connected to MPF
2025-11-10 21:28:16,712 : INFO : BCP Client : Connected to MPF
2025-11-10 21:29:04,711 : INFO : BCP Client : Connected to MPF
2025-11-10 21:31:09,711 : INFO : BCP Client : Connected to MPF
2025-11-10 21:39:58,728 : INFO : BCP Client : Connected to MPF
2025-11-10 21:40:54,730 : INFO : BCP Client : Connected to MPF
2025-11-10 21:48:18,730 : INFO : BCP Client : Connected to MPF
2025-11-10 22:11:18,728 : INFO : BCP Client : Connected to MPF
2025-11-10 22:14:11,728 : INFO : BCP Client : Connected to MPF
2025-11-10 22:21:49,731 : INFO : BCP Client : Connected to MPF
2025-11-10 22:24:34,731 : INFO : BCP Client : Connected to MPF
2025-11-10 22:26:15,731 : INFO : BCP Client : Connected to MPF
2025-11-10 22:38:46,731 : INFO : BCP Client : Connected to MPF
2025-11-11 23:22:25,957 : INFO : BCP Client : Connected to MPF
2025-11-11 23:26:12,954 : INFO : BCP Client : Connected to MPF
2025-11-11 23:29:46,952 : INFO : BCP Client : Connected to MPF
2025-11-11 23:34:14,949 : INFO : BCP Client : Connected to MPF
2025-11-11 23:35:51,948 : INFO : BCP Client : Connected to MPF
2025-11-11 23:37:24,948 : INFO : BCP Client : Connected to MPF
2025-11-11 23:40:24,944 : INFO : BCP Client : Connected to MPF
2025-11-11 23:46:37,995 : INFO : BCP Client : Connected to MPF
2025-11-11 23:52:55,996 : INFO : BCP Client : Connected to MPF
2025-11-11 23:54:26,996 : INFO : BCP Client : Connected to MPF
2025-11-13 22:50:51,032 : INFO : BCP Client : Connected to MPF
2025-11-13 22:55:29,951 : INFO : BCP Client : Connected to MPF
2025-11-13 23:00:43,946 : INFO : BCP Client : Connected to MPF
2025-11-13 23:02:22,945 : INFO : BCP Client : Connected to MPF
2025-11-13 23:03:33,943 : INFO : BCP Client : Connected to MPF
2025-11-13 23:05:22,941 : INFO : BCP Client : Connected to MPF
2025-11-13 23:10:49,937 : INFO : BCP Client : Connected to MPF
2025-11-13 23:15:15,013 : INFO : Core : Quitting due to quit on close
2025-11-13 23:15:15,023 : INFO : Core : Quitting due to quit on close
2025-11-13 23:15:15,028 : INFO : Core : Quitting due to quit on close
2025-11-13 23:15:15,030 : INFO : Core : Quitting due to quit on close
2025-11-13 23:15:15,041 : INFO : Core : Quitting due to quit on close
2025-11-13 23:15:15,041 : INFO : Core : Quitting due to quit on close
2025-11-13 23:15:15,061 : INFO : root : MPF Monitor run loop ended.
2025-11-13 23:15:15,061 : INFO : root : Stopping child threads... (2 remaining)
2025-11-13 23:15:15,969 : INFO : root : All child threads stopped.
