2025-11-11 23:22:19,877 : INFO : root : Loading config.
2025-11-11 23:22:19,878 : INFO : YamlMultifileConfigLoader : Machine config file #1: config.yaml
2025-11-11 23:22:19,878 : INFO : ConfigProcessor : Loading config from cache: /var/folders/m3/0d4y64_n3fn8tnkv3ydlhztw0000gn/T/5ca32a6c950d03116abbed96ca44d372.mpf_cache
2025-11-11 23:22:19,898 : INFO : ConfigProcessor : Loading config from cache: /var/folders/m3/0d4y64_n3fn8tnkv3ydlhztw0000gn/T/01c495fa7450a81b4be96cb699872531.mpf_cache
2025-11-11 23:22:19,898 : INFO : ConfigProcessor : Loading config from cache: /var/folders/m3/0d4y64_n3fn8tnkv3ydlhztw0000gn/T/bfde29b5bb803376b0637bb8f0da27a7.mpf_cache
2025-11-11 23:22:19,898 : INFO : ConfigProcessor : Loading config from cache: /var/folders/m3/0d4y64_n3fn8tnkv3ydlhztw0000gn/T/01c495fa7450a81b4be96cb699872531.mpf_cache
2025-11-11 23:22:19,898 : INFO : ConfigProcessor : Loading config from cache: /var/folders/m3/0d4y64_n3fn8tnkv3ydlhztw0000gn/T/3ae89e09515ff8d8b11d68f672b2cc51.mpf_cache
2025-11-11 23:22:19,898 : WARNING : ConfigProcessor : Config file in cache changed: /Users/didiergilbin/Desktop/Homebrew_CSI/modes/skillshot/config/skillshot.yaml
2025-11-11 23:22:19,898 : INFO : ConfigProcessor : Loading config from file /Users/didiergilbin/Desktop/Homebrew_CSI/modes/skillshot/config/skillshot.yaml.
2025-11-11 23:22:19,901 : INFO : ConfigProcessor : Loading config: /Users/didiergilbin/Desktop/Homebrew_CSI/modes/skillshot/config/skillshot.yaml
2025-11-11 23:22:19,901 : INFO : ConfigProcessor : Config file cache created: /var/folders/m3/0d4y64_n3fn8tnkv3ydlhztw0000gn/T/b96d5c0baa304abadecf96d33832535c.mpf_cache
2025-11-11 23:22:19,901 : INFO : ConfigProcessor : Loading config from cache: /var/folders/m3/0d4y64_n3fn8tnkv3ydlhztw0000gn/T/4c420229fa75118c2461cfc9ff5a44e2.mpf_cache
2025-11-11 23:22:19,901 : INFO : ConfigProcessor : Loading config from cache: /var/folders/m3/0d4y64_n3fn8tnkv3ydlhztw0000gn/T/f5ee6852f1764324c8553249cc53c871.mpf_cache
2025-11-11 23:22:19,901 : INFO : ConfigProcessor : Loading config from cache: /var/folders/m3/0d4y64_n3fn8tnkv3ydlhztw0000gn/T/73ac54cb7a83dfa5473900e439743a84.mpf_cache
2025-11-11 23:22:19,902 : INFO : ConfigProcessor : Loading config from cache: /var/folders/m3/0d4y64_n3fn8tnkv3ydlhztw0000gn/T/97c87487bc6ae826da86d36a6e042c78.mpf_cache
2025-11-11 23:22:19,902 : INFO : Machine : Mission Pinball Framework Core Engine v0.80.0.dev10
2025-11-11 23:22:19,902 : INFO : Machine : Command line arguments: {'no_load_cache': False, 'create_config_cache': True, 'bcp': True, 'configfile': ['config.yaml'], 'force_assets_load': False, 'platform_integration_test': False, 'jsonlogging': False, 'logfile': 'logs/2025-11-11-23-22-19-mpf-mac.home.log', 'pause': False, 'production': False, 'text_ui': False, 'loglevel': 15, 'consoleloglevel': 20, 'force_platform': 'smart_virtual', 'syslog_address': None, 'full_logfile_path': '/Users/didiergilbin/Desktop/Homebrew_CSI/logs/2025-11-11-23-22-19-mpf-mac.home.log'}
2025-11-11 23:22:19,902 : INFO : Machine : MPF path: /Users/didiergilbin/mpfenv/lib/python3.13/site-packages/mpf
2025-11-11 23:22:19,902 : INFO : Machine : Machine path: /Users/didiergilbin/Desktop/Homebrew_CSI
2025-11-11 23:22:19,902 : INFO : Machine : Platform: darwin
2025-11-11 23:22:19,902 : INFO : Machine : Python executable location: /Users/didiergilbin/mpfenv/bin/python3.13
2025-11-11 23:22:19,902 : INFO : Machine : Python version: 3.13.7 (64-bit)
2025-11-11 23:22:19,902 : INFO : Machine : Initializing MPF...
2025-11-11 23:22:19,922 : INFO : EventManager : Event: ======'machine_var_credits_string'====== Args={'value': 'FREE PLAY', 'prev_value': None, 'change': True}
2025-11-11 23:22:19,926 : INFO : EventManager : Event: ======'machine_var_master_volume'====== Args={'value': 0.5, 'prev_value': None, 'change': True}
2025-11-11 23:22:19,926 : INFO : EventManager : Event: ======'machine_var_player1_score'====== Args={'value': 368000, 'prev_value': None, 'change': True}
2025-11-11 23:22:19,926 : INFO : EventManager : Event: ======'machine_var_player2_score'====== Args={'value': 24000, 'prev_value': None, 'change': True}
2025-11-11 23:22:19,926 : INFO : EventManager : Event: ======'machine_var_player3_score'====== Args={'value': 21000, 'prev_value': None, 'change': True}
2025-11-11 23:22:19,926 : INFO : EventManager : Event: ======'machine_var_player4_score'====== Args={'value': 0, 'prev_value': None, 'change': True}
2025-11-11 23:22:19,926 : INFO : EventManager : Event: ======'machine_var_mpf_version'====== Args={'value': 'Mission Pinball Framework v0.80.0.dev10', 'prev_value': None, 'change': True}
2025-11-11 23:22:19,926 : INFO : EventManager : Event: ======'machine_var_mpf_extended_version'====== Args={'value': 'Mission Pinball Framework v0.80.0.dev10, Config version:6, Show version: 6, BCP version:1.1', 'prev_value': None, 'change': True}
2025-11-11 23:22:19,926 : INFO : EventManager : Event: ======'machine_var_python_version'====== Args={'value': '3.13.7', 'prev_value': None, 'change': True}
2025-11-11 23:22:19,933 : INFO : EventManager : Event: ======'machine_var_platform'====== Args={'value': 'macOS-15.6.1-arm64-arm-64bit-Mach-O', 'prev_value': None, 'change': True}
2025-11-11 23:22:19,933 : INFO : EventManager : Event: ======'machine_var_platform_system'====== Args={'value': 'Darwin', 'prev_value': None, 'change': True}
2025-11-11 23:22:19,933 : INFO : EventManager : Event: ======'machine_var_platform_release'====== Args={'value': '24.6.0', 'prev_value': None, 'change': True}
2025-11-11 23:22:19,933 : INFO : EventManager : Event: ======'machine_var_platform_version'====== Args={'value': 'Darwin Kernel Version 24.6.0: Mon Jul 14 11:30:40 PDT 2025; root:xnu-11417.140.69~1/RELEASE_ARM64_T8132', 'prev_value': None, 'change': True}
2025-11-11 23:22:19,933 : INFO : EventManager : Event: ======'machine_var_platform_machine'====== Args={'value': 'arm64', 'prev_value': None, 'change': True}
2025-11-11 23:22:19,933 : INFO : EventManager : Event: ======'machine_var_log_file_path'====== Args={'value': '/Users/didiergilbin/Desktop/Homebrew_CSI/logs/2025-11-11-23-22-19-mpf-mac.home.log', 'prev_value': None, 'change': True}
2025-11-11 23:22:19,934 : INFO : EventManager : Event: ======'init_phase_1'====== Args={}
2025-11-11 23:22:19,940 : INFO : EventManager : Event: ======'init_phase_2'====== Args={}
2025-11-11 23:22:19,941 : INFO : SwitchController : Found active switch: ('2', <Platform.SmartVirtual>) <switch.s_trough1>
2025-11-11 23:22:19,941 : INFO : SwitchController : Found active switch: ('3', <Platform.SmartVirtual>) <switch.s_trough2>
2025-11-11 23:22:19,941 : INFO : SwitchController : Found active switch: ('4', <Platform.SmartVirtual>) <switch.s_trough3>
2025-11-11 23:22:19,941 : INFO : SwitchController : Found active switch: ('5', <Platform.SmartVirtual>) <switch.s_trough4>
2025-11-11 23:22:19,942 : INFO : EventManager : Event: ======'bcp_connection_attempt'====== Args={'name': 'local_display', 'host': 'localhost', 'port': 5050}
2025-11-11 23:22:19,942 : INFO : BCPClientSocket : Connecting BCP to 'local_display' at localhost:5050...
2025-11-11 23:22:25,886 : INFO : BCPClientSocket : Connected BCP to 'local_display' localhost:5050
2025-11-11 23:22:25,887 : INFO : EventManager : Event: ======'bcp_clients_connected'====== Args={}
2025-11-11 23:22:25,888 : INFO : ball_device.bd_drain : BCH: Initial count: 0
2025-11-11 23:22:25,888 : INFO : ball_device.bd_drain : State: idle
2025-11-11 23:22:25,889 : INFO : ball_device.bd_trough : BCH: Initial count: 4
2025-11-11 23:22:25,889 : INFO : ball_device.bd_trough : State: idle
2025-11-11 23:22:25,889 : INFO : ball_device.bd_plunger : BCH: Initial count: 0
2025-11-11 23:22:25,889 : INFO : ball_device.bd_plunger : State: idle
2025-11-11 23:22:25,904 : INFO : EventManager : Event: ======'init_phase_3'====== Args={}
2025-11-11 23:22:25,906 : INFO : EventManager : Event: ======'init_phase_4'====== Args={}
2025-11-11 23:22:25,906 : INFO : BallController : Initial balls found: 4
2025-11-11 23:22:25,907 : INFO : EventManager : Event: ======'machine_var_audits_events_game_ended'====== Args={'value': 54, 'prev_value': None, 'change': True}
2025-11-11 23:22:25,907 : INFO : EventManager : Event: ======'machine_var_audits_events_game_started'====== Args={'value': 525, 'prev_value': None, 'change': True}
2025-11-11 23:22:25,907 : INFO : EventManager : Event: ======'machine_var_audits_missing_switches_s_launch_button'====== Args={'value': 172, 'prev_value': None, 'change': True}
2025-11-11 23:22:25,907 : INFO : EventManager : Event: ======'machine_var_audits_missing_switches_s_left_flipper'====== Args={'value': 1, 'prev_value': None, 'change': True}
2025-11-11 23:22:25,907 : INFO : EventManager : Event: ======'machine_var_audits_missing_switches_s_left_outlane'====== Args={'value': 140, 'prev_value': None, 'change': True}
2025-11-11 23:22:25,907 : INFO : EventManager : Event: ======'machine_var_audits_missing_switches_s_popbumper2'====== Args={'value': 1, 'prev_value': None, 'change': True}
2025-11-11 23:22:25,907 : INFO : EventManager : Event: ======'machine_var_audits_missing_switches_s_right_flipper'====== Args={'value': 1, 'prev_value': None, 'change': True}
2025-11-11 23:22:25,907 : INFO : EventManager : Event: ======'machine_var_audits_missing_switches_s_right_outlane'====== Args={'value': 140, 'prev_value': None, 'change': True}
2025-11-11 23:22:25,907 : INFO : EventManager : Event: ======'machine_var_audits_missing_switches_s_sling_left'====== Args={'value': 525, 'prev_value': None, 'change': True}
2025-11-11 23:22:25,907 : INFO : EventManager : Event: ======'machine_var_audits_missing_switches_s_sling_right'====== Args={'value': 525, 'prev_value': None, 'change': True}
2025-11-11 23:22:25,907 : INFO : EventManager : Event: ======'machine_var_audits_missing_switches_s_trough2'====== Args={'value': 86, 'prev_value': None, 'change': True}
2025-11-11 23:22:25,907 : INFO : EventManager : Event: ======'machine_var_audits_missing_switches_s_trough3'====== Args={'value': 303, 'prev_value': None, 'change': True}
2025-11-11 23:22:25,907 : INFO : EventManager : Event: ======'machine_var_audits_missing_switches_s_trough4'====== Args={'value': 303, 'prev_value': None, 'change': True}
2025-11-11 23:22:25,907 : INFO : EventManager : Event: ======'machine_var_audits_missing_switches_s_trough_jam'====== Args={'value': 239, 'prev_value': None, 'change': True}
2025-11-11 23:22:25,907 : INFO : EventManager : Event: ======'machine_var_audits_player_score'====== Args={'value': {'average': 215167, 'top': [10210000, 1550000, 1070000, 1070000, 810000, 710000, 640000, 570000, 530000, 480000], 'total': 118}, 'prev_value': None, 'change': True}
2025-11-11 23:22:25,908 : INFO : EventManager : Event: ======'machine_var_audits_shots_bumper1'====== Args={'value': 4505, 'prev_value': None, 'change': True}
2025-11-11 23:22:25,908 : INFO : EventManager : Event: ======'machine_var_audits_shots_bumper2'====== Args={'value': 4408, 'prev_value': None, 'change': True}
2025-11-11 23:22:25,908 : INFO : EventManager : Event: ======'machine_var_audits_shots_bumper3'====== Args={'value': 4249, 'prev_value': None, 'change': True}
2025-11-11 23:22:25,908 : INFO : EventManager : Event: ======'machine_var_audits_shots_c_shot'====== Args={'value': 171, 'prev_value': None, 'change': True}
2025-11-11 23:22:25,908 : INFO : EventManager : Event: ======'machine_var_audits_shots_csi_shot'====== Args={'value': 9, 'prev_value': None, 'change': True}
2025-11-11 23:22:25,908 : INFO : EventManager : Event: ======'machine_var_audits_shots_i_shot'====== Args={'value': 140, 'prev_value': None, 'change': True}
2025-11-11 23:22:25,908 : INFO : EventManager : Event: ======'machine_var_audits_shots_s_shot'====== Args={'value': 161, 'prev_value': None, 'change': True}
2025-11-11 23:22:25,908 : INFO : EventManager : Event: ======'machine_var_audits_shots_switch_shot'====== Args={'value': 245, 'prev_value': None, 'change': True}
2025-11-11 23:22:25,908 : INFO : EventManager : Event: ======'machine_var_audits_switches_s_drain'====== Args={'value': 544, 'prev_value': None, 'change': True}
2025-11-11 23:22:25,908 : INFO : EventManager : Event: ======'machine_var_audits_switches_s_launch_button'====== Args={'value': 1, 'prev_value': None, 'change': True}
2025-11-11 23:22:25,908 : INFO : EventManager : Event: ======'machine_var_audits_switches_s_left_flipper'====== Args={'value': 472, 'prev_value': None, 'change': True}
2025-11-11 23:22:25,908 : INFO : EventManager : Event: ======'machine_var_audits_switches_s_left_inlane1'====== Args={'value': 181, 'prev_value': None, 'change': True}
2025-11-11 23:22:25,908 : INFO : EventManager : Event: ======'machine_var_audits_switches_s_left_inlane2'====== Args={'value': 168, 'prev_value': None, 'change': True}
2025-11-11 23:22:25,908 : INFO : EventManager : Event: ======'machine_var_audits_switches_s_left_outlane'====== Args={'value': 1, 'prev_value': None, 'change': True}
2025-11-11 23:22:25,908 : INFO : EventManager : Event: ======'machine_var_audits_switches_s_plunger_lane'====== Args={'value': 909, 'prev_value': None, 'change': True}
2025-11-11 23:22:25,908 : INFO : EventManager : Event: ======'machine_var_audits_switches_s_popbumper1'====== Args={'value': 4549, 'prev_value': None, 'change': True}
2025-11-11 23:22:25,908 : INFO : EventManager : Event: ======'machine_var_audits_switches_s_popbumper2'====== Args={'value': 4449, 'prev_value': None, 'change': True}
2025-11-11 23:22:25,908 : INFO : EventManager : Event: ======'machine_var_audits_switches_s_popbumper3'====== Args={'value': 4291, 'prev_value': None, 'change': True}
2025-11-11 23:22:25,908 : INFO : EventManager : Event: ======'machine_var_audits_switches_s_ramp'====== Args={'value': 1048, 'prev_value': None, 'change': True}
2025-11-11 23:22:25,908 : INFO : EventManager : Event: ======'machine_var_audits_switches_s_right_flipper'====== Args={'value': 749, 'prev_value': None, 'change': True}
2025-11-11 23:22:25,908 : INFO : EventManager : Event: ======'machine_var_audits_switches_s_right_inlane'====== Args={'value': 146, 'prev_value': None, 'change': True}
2025-11-11 23:22:25,908 : INFO : EventManager : Event: ======'machine_var_audits_switches_s_right_orbit'====== Args={'value': 52, 'prev_value': None, 'change': True}
2025-11-11 23:22:25,908 : INFO : EventManager : Event: ======'machine_var_audits_switches_s_right_outlane'====== Args={'value': 5, 'prev_value': None, 'change': True}
2025-11-11 23:22:25,908 : INFO : EventManager : Event: ======'machine_var_audits_switches_s_scoop'====== Args={'value': 435, 'prev_value': None, 'change': True}
2025-11-11 23:22:25,908 : INFO : EventManager : Event: ======'machine_var_audits_switches_s_skull_lock1'====== Args={'value': 72, 'prev_value': None, 'change': True}
2025-11-11 23:22:25,908 : INFO : EventManager : Event: ======'machine_var_audits_switches_s_skull_lock2'====== Args={'value': 81, 'prev_value': None, 'change': True}
2025-11-11 23:22:25,908 : INFO : EventManager : Event: ======'machine_var_audits_switches_s_sling_left'====== Args={'value': 0, 'prev_value': None, 'change': True}
2025-11-11 23:22:25,908 : INFO : EventManager : Event: ======'machine_var_audits_switches_s_sling_right'====== Args={'value': 0, 'prev_value': None, 'change': True}
2025-11-11 23:22:25,908 : INFO : EventManager : Event: ======'machine_var_audits_switches_s_start'====== Args={'value': 680, 'prev_value': None, 'change': True}
2025-11-11 23:22:25,908 : INFO : EventManager : Event: ======'machine_var_audits_switches_s_trough1'====== Args={'value': 385, 'prev_value': None, 'change': True}
2025-11-11 23:22:25,908 : INFO : EventManager : Event: ======'machine_var_audits_switches_s_trough2'====== Args={'value': 18, 'prev_value': None, 'change': True}
2025-11-11 23:22:25,908 : INFO : EventManager : Event: ======'machine_var_audits_switches_s_trough3'====== Args={'value': 1, 'prev_value': None, 'change': True}
2025-11-11 23:22:25,908 : INFO : EventManager : Event: ======'machine_var_audits_switches_s_trough4'====== Args={'value': 1, 'prev_value': None, 'change': True}
2025-11-11 23:22:25,908 : INFO : EventManager : Event: ======'machine_var_audits_switches_s_trough_jam'====== Args={'value': 8, 'prev_value': None, 'change': True}
2025-11-11 23:22:25,908 : INFO : EventManager : Event: ======'machine_var_audits_switches_s_morgue'====== Args={'value': 0, 'prev_value': None, 'change': True}
2025-11-11 23:22:25,909 : INFO : EventManager : Event: ======'init_phase_5'====== Args={}
2025-11-11 23:22:25,910 : INFO : EventManager : Event: ======'init_done'====== Args={}
2025-11-11 23:22:25,910 : INFO : EventManager : Event: ======'machine_reset_phase_1'====== Args={}
2025-11-11 23:22:25,954 : INFO : EventManager : Event: ======'machine_reset_phase_2'====== Args={}
2025-11-11 23:22:25,954 : INFO : EventManager : Event: ======'machine_reset_phase_3'====== Args={}
2025-11-11 23:22:25,955 : INFO : EventManager : Event: ======'reset_complete'====== Args={}
2025-11-11 23:22:25,955 : INFO : EventManager : Event: ======'mode_attract_will_start'====== Args={}
2025-11-11 23:22:25,956 : INFO : Timer.attract_carousel_timer : Starting Timer.
2025-11-11 23:22:25,956 : INFO : EventManager : Event: ======'timer_attract_carousel_timer_started'====== Args={'ticks': 0, 'ticks_remaining': 1}
2025-11-11 23:22:25,956 : INFO : EventManager : Event: ======'timer_attract_carousel_timer_tick'====== Args={'ticks': 0, 'ticks_remaining': 1}
2025-11-11 23:22:25,956 : INFO : EventManager : Event: ======'mode_attract_starting'====== Args={}
2025-11-11 23:22:25,956 : INFO : Mode.attract : Started. Priority: 10
2025-11-11 23:22:25,956 : INFO : EventManager : Event: ======'modes_active_modes_changed'====== Args={}
2025-11-11 23:22:25,957 : INFO : EventManager : Event: ======'mode_attract_started'====== Args={}
2025-11-11 23:22:25,957 : INFO : EventManager : Event: ======'collecting_balls_complete'====== Args={}
2025-11-11 23:22:25,958 : INFO : EventManager : Event: ======'carousel_item_highlighted'====== Args={'carousel': 'attract', 'direction': None, 'item': 'title'}
2025-11-11 23:22:25,959 : INFO : BcpServer : New client connected.
2025-11-11 23:22:25,959 : INFO : Machine : Starting the main run loop with active modes: [<Mode.attract>]
2025-11-11 23:22:25,960 : INFO : SwitchController : <<<<<<< 's_plunger_lane' active >>>>>>>
2025-11-11 23:22:25,960 : INFO : SwitchController : <<<<<<< 's_plunger_lane' inactive >>>>>>>
2025-11-11 23:22:25,960 : INFO : EventManager : Event: ======'s_plunger_lane_inactive'====== Args={}
2025-11-11 23:22:25,961 : INFO : SwitchController : <<<<<<< 's_plunger_lane' active >>>>>>>
2025-11-11 23:22:25,961 : INFO : SwitchController : <<<<<<< 's_plunger_lane' inactive >>>>>>>
2025-11-11 23:22:25,961 : INFO : EventManager : Event: ======'s_plunger_lane_inactive'====== Args={}
2025-11-11 23:22:25,961 : INFO : SwitchController : <<<<<<< 's_right_orbit' active >>>>>>>
2025-11-11 23:22:25,961 : INFO : EventManager : Event: ======'s_right_orbit_active'====== Args={}
2025-11-11 23:22:25,961 : INFO : SwitchController : <<<<<<< 's_right_orbit' inactive >>>>>>>
2025-11-11 23:22:25,961 : INFO : SwitchController : <<<<<<< 's_right_orbit' active >>>>>>>
2025-11-11 23:22:25,961 : INFO : EventManager : Event: ======'s_right_orbit_active'====== Args={}
2025-11-11 23:22:25,961 : INFO : SwitchController : <<<<<<< 's_right_orbit' inactive >>>>>>>
2025-11-11 23:22:25,961 : INFO : SwitchController : <<<<<<< 's_right_orbit' active >>>>>>>
2025-11-11 23:22:25,961 : INFO : EventManager : Event: ======'s_right_orbit_active'====== Args={}
2025-11-11 23:22:25,962 : INFO : SwitchController : <<<<<<< 's_right_orbit' inactive >>>>>>>
2025-11-11 23:22:26,382 : INFO : EventManager : Event: ======'slide_attract_created'====== Args={'_from_bcp': True}
2025-11-11 23:22:26,382 : INFO : EventManager : Event: ======'slide__removed'====== Args={'_from_bcp': True}
2025-11-11 23:22:26,382 : INFO : EventManager : Event: ======'slide_attract_active'====== Args={'original_context': 'attract', 'original_calling_context': 'mode_attract_started', 'priority': 10.0, 'cmd': 'slides_play', '_from_bcp': True}
2025-11-11 23:22:27,462 : INFO : SwitchController : <<<<<<< 's_start' active >>>>>>>
2025-11-11 23:22:27,545 : INFO : SwitchController : <<<<<<< 's_start' inactive >>>>>>>
2025-11-11 23:22:27,546 : INFO : EventManager : Event: ======'request_to_start_game'====== Args={}
2025-11-11 23:22:27,547 : INFO : EventManager : Event: ======'game_start'====== Args={'buttons': [], 'hold_time': 0.08310304197948426}
2025-11-11 23:22:27,547 : INFO : EventManager : Event: ======'mode_game_will_start'====== Args={'buttons': [], 'hold_time': 0.08310304197948426}
2025-11-11 23:22:27,548 : INFO : EventManager : Event: ======'mode_game_starting'====== Args={'buttons': [], 'hold_time': 0.08310304197948426}
2025-11-11 23:22:27,548 : INFO : EventManager : Event: ======'mode_attract_will_stop'====== Args={}
2025-11-11 23:22:27,548 : INFO : EventManager : Event: ======'mode_attract_stopping'====== Args={}
2025-11-11 23:22:27,548 : INFO : Mode.attract : Stopped.
2025-11-11 23:22:27,548 : INFO : EventManager : Event: ======'modes_active_modes_changed'====== Args={}
2025-11-11 23:22:27,549 : INFO : EventManager : Event: ======'mode_attract_stopped'====== Args={}
2025-11-11 23:22:27,549 : INFO : EventManager : Event: ======'clear'====== Args={'key': 'attract'}
2025-11-11 23:22:27,550 : INFO : Timer.attract_carousel_timer : Stopping Timer
2025-11-11 23:22:27,550 : INFO : EventManager : Event: ======'timer_attract_carousel_timer_stopped'====== Args={'ticks': 0, 'ticks_remaining': 1}
2025-11-11 23:22:27,550 : INFO : Mode.game : Started. Priority: 20
2025-11-11 23:22:27,550 : INFO : EventManager : Event: ======'modes_active_modes_changed'====== Args={}
2025-11-11 23:22:27,550 : INFO : EventManager : Event: ======'mode_game_started'====== Args={'buttons': [], 'hold_time': 0.08310304197948426}
2025-11-11 23:22:27,551 : INFO : EventManager : Event: ======'game_will_start'====== Args={}
2025-11-11 23:22:27,551 : INFO : EventManager : Event: ======'game_starting'====== Args={'game': <Mode.game>}
2025-11-11 23:22:27,552 : INFO : EventManager : Unordered handler for class <Auditor> on event game_ended with priority 1. Handlers: [RegisteredHandler(callback=<bound method Auditor.disable of <Auditor>>, priority=1, kwargs={}, key=UUID('31f0d936-5059-4733-ab21-f412a540c22f'), condition=None, blocking_facility=None), RegisteredHandler(callback=<bound method Auditor._save_audits of <Auditor>>, priority=1, kwargs={}, key=UUID('9391bd8b-f86b-4eb1-aa80-3caf9dd23a0c'), condition=None, blocking_facility=None)]. The order of those handlers is not defined and they will be executed in random order. This might lead to race conditions and potential bugs.
2025-11-11 23:22:27,552 : INFO : EventManager : Event: ======'player_add_request'====== Args={}
2025-11-11 23:22:27,552 : INFO : EventManager : Event: ======'player_will_add'====== Args={'number': 1}
2025-11-11 23:22:27,552 : INFO : EventManager : Event: ======'player_adding'====== Args={'player': <Player 1>, 'number': 1}
2025-11-11 23:22:27,552 : INFO : EventManager : Event: ======'player_added'====== Args={'player': <Player 1>, 'num': 1}
2025-11-11 23:22:27,553 : INFO : Mode.game : Player added successfully. Total players: 1
2025-11-11 23:22:27,553 : INFO : EventManager : Event: ======'player_index'====== Args={'value': 0, 'prev_value': 0, 'change': 0, 'player_num': 1}
2025-11-11 23:22:27,553 : INFO : EventManager : Event: ======'player_number'====== Args={'value': 1, 'prev_value': 1, 'change': 0, 'player_num': 1}
2025-11-11 23:22:27,553 : INFO : EventManager : Event: ======'player_bonus_multiplier'====== Args={'value': 1, 'prev_value': 1, 'change': 0, 'player_num': 1}
2025-11-11 23:22:27,553 : INFO : EventManager : Event: ======'player_skull_ramp_nb'====== Args={'value': 0, 'prev_value': 0, 'change': 0, 'player_num': 1}
2025-11-11 23:22:27,553 : INFO : EventManager : Event: ======'player_skillshot'====== Args={'value': 0, 'prev_value': 0, 'change': 0, 'player_num': 1}
2025-11-11 23:22:27,554 : INFO : EventManager : Event: ======'player_score'====== Args={'value': 0, 'prev_value': 0, 'change': 0, 'player_num': 1}
2025-11-11 23:22:27,554 : INFO : EventManager : Event: ======'game_started'====== Args={}
2025-11-11 23:22:27,554 : INFO : EventManager : Event: ======'player_turn_will_start'====== Args={'player': <Player 1>, 'number': 1}
2025-11-11 23:22:27,555 : INFO : EventManager : Event: ======'player_turn_starting'====== Args={'player': <Player 1>, 'number': 1}
2025-11-11 23:22:27,560 : INFO : EventManager : Event: ======'player_ball'====== Args={'value': 1, 'prev_value': 0, 'change': 1, 'player_num': 1}
2025-11-11 23:22:27,563 : INFO : EventManager : Event: ======'player_turn_started'====== Args={'player': <Player 1>, 'number': 1}
2025-11-11 23:22:27,564 : INFO : EventManager : Event: ======'ball_will_start'====== Args={'player': 1, 'ball': 1, 'balls_remaining': 2, 'is_extra_ball': False}
2025-11-11 23:22:27,564 : INFO : EventManager : Event: ======'ball_starting'====== Args={'player': 1, 'ball': 1, 'balls_remaining': 2, 'is_extra_ball': False}
2025-11-11 23:22:27,564 : INFO : EventManager : Event: ======'mode_base_will_start'====== Args={'queue': <QueuedEvent>, 'player': 1, 'ball': 1, 'balls_remaining': 2, 'is_extra_ball': False}
2025-11-11 23:22:27,565 : INFO : EventManager : Event: ======'player_base_player_added_timer_tick'====== Args={'value': 0, 'prev_value': 0, 'change': 0, 'player_num': 1}
2025-11-11 23:22:27,565 : INFO : Timer.player_added_timer : Starting Timer.
2025-11-11 23:22:27,566 : INFO : EventManager : Event: ======'timer_player_added_timer_started'====== Args={'ticks': 0, 'ticks_remaining': 1}
2025-11-11 23:22:27,566 : INFO : EventManager : Event: ======'timer_player_added_timer_tick'====== Args={'ticks': 0, 'ticks_remaining': 1}
2025-11-11 23:22:27,566 : INFO : EventManager : Event: ======'mode_base_starting'====== Args={'queue': <QueuedEvent>, 'player': 1, 'ball': 1, 'balls_remaining': 2, 'is_extra_ball': False}
2025-11-11 23:22:27,567 : INFO : Mode.base : Started. Priority: 100
2025-11-11 23:22:27,567 : INFO : EventManager : Event: ======'modes_active_modes_changed'====== Args={}
2025-11-11 23:22:27,567 : INFO : EventManager : Event: ======'mode_base_started'====== Args={'queue': <QueuedEvent>, 'player': 1, 'ball': 1, 'balls_remaining': 2, 'is_extra_ball': False}
2025-11-11 23:22:27,567 : INFO : EventManager : Event: ======'start_mode_bumpers'====== Args={'priority': 0}
2025-11-11 23:22:27,568 : INFO : EventManager : Event: ======'start_mode_csi_lanes'====== Args={'priority': 0}
2025-11-11 23:22:27,568 : INFO : EventManager : Event: ======'start_mode_skull'====== Args={'priority': 0}
2025-11-11 23:22:27,568 : INFO : EventManager : Event: ======'mode_bumpers_will_start'====== Args={'priority': 0}
2025-11-11 23:22:27,568 : INFO : EventManager : Event: ======'player_shot_bumper1_enabled'====== Args={'value': True, 'prev_value': 0, 'change': 1, 'player_num': 1}
2025-11-11 23:22:27,569 : INFO : EventManager : Event: ======'player_shot_bumper2_enabled'====== Args={'value': True, 'prev_value': 0, 'change': 1, 'player_num': 1}
2025-11-11 23:22:27,569 : INFO : EventManager : Event: ======'player_shot_bumper3_enabled'====== Args={'value': True, 'prev_value': 0, 'change': 1, 'player_num': 1}
2025-11-11 23:22:27,570 : INFO : EventManager : Event: ======'bumpers_complete'====== Args={'state': 'unlit'}
2025-11-11 23:22:27,570 : INFO : EventManager : Event: ======'bumpers_unlit_complete'====== Args={}
2025-11-11 23:22:27,571 : INFO : EventManager : Event: ======'player_bumpers_bumper_timer_tick'====== Args={'value': 0, 'prev_value': 0, 'change': 0, 'player_num': 1}
2025-11-11 23:22:27,572 : INFO : Timer.bumper_timer : Starting Timer.
2025-11-11 23:22:27,572 : INFO : EventManager : Event: ======'timer_bumper_timer_started'====== Args={'ticks': 0, 'ticks_remaining': 1}
2025-11-11 23:22:27,572 : INFO : EventManager : Event: ======'timer_bumper_timer_tick'====== Args={'ticks': 0, 'ticks_remaining': 1}
2025-11-11 23:22:27,573 : INFO : EventManager : Event: ======'mode_bumpers_starting'====== Args={'priority': 0}
2025-11-11 23:22:27,574 : INFO : EventManager : Event: ======'mode_csi_lanes_will_start'====== Args={'priority': 0}
2025-11-11 23:22:27,574 : INFO : EventManager : Event: ======'player_shot_c_shot_enabled'====== Args={'value': True, 'prev_value': 0, 'change': 1, 'player_num': 1}
2025-11-11 23:22:27,575 : INFO : EventManager : Event: ======'player_shot_s_shot_enabled'====== Args={'value': True, 'prev_value': 0, 'change': 1, 'player_num': 1}
2025-11-11 23:22:27,575 : INFO : EventManager : Event: ======'player_shot_i_shot_enabled'====== Args={'value': True, 'prev_value': 0, 'change': 1, 'player_num': 1}
2025-11-11 23:22:27,576 : INFO : EventManager : Event: ======'csi_shots_complete'====== Args={'state': 'unlit'}
2025-11-11 23:22:27,576 : INFO : EventManager : Event: ======'csi_shots_unlit_complete'====== Args={}
2025-11-11 23:22:27,576 : INFO : EventManager : Event: ======'player_csi_lanes_csi_lanes_timer_tick'====== Args={'value': 0, 'prev_value': 0, 'change': 0, 'player_num': 1}
2025-11-11 23:22:27,577 : INFO : Timer.csi_lanes_timer : Starting Timer.
2025-11-11 23:22:27,577 : INFO : EventManager : Event: ======'timer_csi_lanes_timer_started'====== Args={'ticks': 0, 'ticks_remaining': 1}
2025-11-11 23:22:27,577 : INFO : EventManager : Event: ======'timer_csi_lanes_timer_tick'====== Args={'ticks': 0, 'ticks_remaining': 1}
2025-11-11 23:22:27,577 : INFO : EventManager : Event: ======'player_csi_lanes_csi_right_orbit_timer_tick'====== Args={'value': 0, 'prev_value': 0, 'change': 0, 'player_num': 1}
2025-11-11 23:22:27,578 : INFO : EventManager : Event: ======'mode_csi_lanes_starting'====== Args={'priority': 0}
2025-11-11 23:22:27,578 : INFO : EventManager : Event: ======'mode_skull_will_start'====== Args={'priority': 0}
2025-11-11 23:22:27,579 : INFO : EventManager : Event: ======'player_skull_pause_timer_tick'====== Args={'value': 0, 'prev_value': 0, 'change': 0, 'player_num': 1}
2025-11-11 23:22:27,579 : INFO : Timer.pause_timer : Starting Timer.
2025-11-11 23:22:27,579 : INFO : EventManager : Event: ======'timer_pause_timer_started'====== Args={'ticks': 0, 'ticks_remaining': 1}
2025-11-11 23:22:27,579 : INFO : EventManager : Event: ======'timer_pause_timer_tick'====== Args={'ticks': 0, 'ticks_remaining': 1}
2025-11-11 23:22:27,579 : INFO : EventManager : Event: ======'mode_skull_starting'====== Args={'priority': 0}
2025-11-11 23:22:27,579 : INFO : Mode.bumpers : Started. Priority: 200
2025-11-11 23:22:27,580 : INFO : EventManager : Event: ======'modes_active_modes_changed'====== Args={}
2025-11-11 23:22:27,580 : INFO : EventManager : Event: ======'mode_bumpers_started'====== Args={'priority': 0}
2025-11-11 23:22:27,580 : INFO : EventManager : Event: ======'balls_in_play'====== Args={'balls': 1}
2025-11-11 23:22:27,580 : INFO : EventManager : Event: ======'ball_started'====== Args={'player': 1, 'ball': 1, 'balls_remaining': 2, 'is_extra_ball': False}
2025-11-11 23:22:27,580 : INFO : EventManager : Event: ======'mode_skillshot_will_start'====== Args={'player': 1, 'ball': 1, 'balls_remaining': 2, 'is_extra_ball': False}
2025-11-11 23:22:27,580 : INFO : EventManager : Event: ======'player_skillshot_skillshoot_timer_tick'====== Args={'value': 0, 'prev_value': 0, 'change': 0, 'player_num': 1}
2025-11-11 23:22:27,581 : INFO : Timer.skillshoot_timer : Starting Timer.
2025-11-11 23:22:27,581 : INFO : EventManager : Event: ======'timer_skillshoot_timer_started'====== Args={'ticks': 0, 'ticks_remaining': 1}
2025-11-11 23:22:27,581 : INFO : EventManager : Event: ======'timer_skillshoot_timer_tick'====== Args={'ticks': 0, 'ticks_remaining': 1}
2025-11-11 23:22:27,581 : INFO : EventManager : Event: ======'mode_skillshot_starting'====== Args={'player': 1, 'ball': 1, 'balls_remaining': 2, 'is_extra_ball': False}
2025-11-11 23:22:27,582 : INFO : EventManager : Event: ======'logicblock_csi_lanes_then_scoop_updated'====== Args={'value': 0, 'enabled': True}
2025-11-11 23:22:27,582 : INFO : EventManager : Event: ======'logicblock_csi_lanes_then_scoop_then_right_orbit_updated'====== Args={'value': 0, 'enabled': True}
2025-11-11 23:22:27,582 : INFO : EventManager : Event: ======'logicblock_csi_lanes_then_scoop_updated'====== Args={'value': 0, 'enabled': True}
2025-11-11 23:22:27,582 : INFO : EventManager : Event: ======'logicblock_csi_lanes_then_scoop_then_right_orbit_updated'====== Args={'value': 0, 'enabled': True}
2025-11-11 23:22:27,582 : INFO : Mode.csi_lanes : Started. Priority: 200
2025-11-11 23:22:27,582 : INFO : EventManager : Event: ======'modes_active_modes_changed'====== Args={}
2025-11-11 23:22:27,582 : INFO : EventManager : Event: ======'mode_csi_lanes_started'====== Args={'priority': 0}
2025-11-11 23:22:27,582 : INFO : EventManager : Event: ======'player_multiplier'====== Args={'value': 1, 'prev_value': 0, 'change': 1, 'player_num': 1, 'source': 'csi_lanes'}
2025-11-11 23:22:27,582 : INFO : EventManager : Event: ======'logicblock_seq_lock1_updated'====== Args={'value': 0, 'enabled': True}
2025-11-11 23:22:27,582 : INFO : EventManager : Event: ======'logicblock_seq_lock2_updated'====== Args={'value': 0, 'enabled': True}
2025-11-11 23:22:27,583 : INFO : EventManager : Event: ======'logicblock_seq_ready_for_MB_updated'====== Args={'value': 0, 'enabled': True}
2025-11-11 23:22:27,583 : INFO : EventManager : Event: ======'logicblock_seq_lock1_updated'====== Args={'value': 0, 'enabled': True}
2025-11-11 23:22:27,583 : INFO : EventManager : Event: ======'logicblock_seq_lock2_updated'====== Args={'value': 0, 'enabled': True}
2025-11-11 23:22:27,583 : INFO : EventManager : Event: ======'logicblock_seq_ready_for_MB_updated'====== Args={'value': 0, 'enabled': True}
2025-11-11 23:22:27,583 : INFO : Mode.skull : Started. Priority: 200
2025-11-11 23:22:27,583 : INFO : EventManager : Event: ======'modes_active_modes_changed'====== Args={}
2025-11-11 23:22:27,583 : INFO : EventManager : Event: ======'mode_skull_started'====== Args={'priority': 0}
2025-11-11 23:22:27,583 : INFO : EventManager : Event: ======'logicblock_seq_skillshot_success_updated'====== Args={'value': 0, 'enabled': True}
2025-11-11 23:22:27,583 : INFO : EventManager : Event: ======'logicblock_seq_skillshot_success_updated'====== Args={'value': 0, 'enabled': True}
2025-11-11 23:22:27,583 : INFO : Mode.skillshot : Started. Priority: 200
2025-11-11 23:22:27,583 : INFO : EventManager : Event: ======'modes_active_modes_changed'====== Args={}
2025-11-11 23:22:27,583 : INFO : EventManager : Event: ======'mode_skillshot_started'====== Args={'player': 1, 'ball': 1, 'balls_remaining': 2, 'is_extra_ball': False}
2025-11-11 23:22:27,584 : INFO : EventManager : Event: ======'single_player_ball_started'====== Args={}
2025-11-11 23:22:27,584 : INFO : EventManager : Event: ======'timer_skillshoot_timer_tick'====== Args={'ticks': 0, 'ticks_remaining': 1}
2025-11-11 23:22:27,584 : INFO : EventManager : Event: ======'ball_start_target'====== Args={'target': 'playfield'}
2025-11-11 23:22:27,584 : INFO : ball_device.bd_trough : Setting up player-controlled eject. Balls: 1, Target: <playfield.playfield>, player_controlled_eject_event: None
2025-11-11 23:22:27,584 : INFO : ball_device.bd_trough : Adding 1 ball(s) to the eject_queue with target <playfield.playfield>.
2025-11-11 23:22:27,584 : INFO : EventManager : Event: ======'balldevice_balls_available'====== Args={}
2025-11-11 23:22:27,585 : INFO : ball_device.bd_trough : State: waiting_for_target_ready
2025-11-11 23:22:27,585 : INFO : EventManager : Event: ======'balldevice_bd_trough_ball_eject_attempt'====== Args={'balls': 1, 'target': <ball_device.bd_plunger>, 'source': <ball_device.bd_trough>, 'mechanical_eject': False, 'num_attempts': 0}
2025-11-11 23:22:27,585 : INFO : ball_device.bd_plunger : State: waiting_for_ball
2025-11-11 23:22:27,585 : INFO : ball_device.bd_trough : State: ejecting
2025-11-11 23:22:27,585 : INFO : ball_device.bd_trough : Ejecting ball to <ball_device.bd_plunger>
2025-11-11 23:22:27,585 : INFO : EventManager : Event: ======'balldevice_bd_trough_ejecting_ball'====== Args={'balls': 1, 'target': <ball_device.bd_plunger>, 'source': <ball_device.bd_trough>, 'mechanical_eject': False, 'num_attempts': 0}
2025-11-11 23:22:27,586 : INFO : ball_device.bd_trough : Wait for ball to leave device
2025-11-11 23:22:27,586 : INFO : coil.c_trough_eject : Pulsing Driver for 20ms (1.0 pulse_power)
2025-11-11 23:22:27,586 : INFO : SwitchController : <<<<<<< 's_trough1' inactive >>>>>>>
2025-11-11 23:22:27,586 : INFO : ball_device.bd_trough : State: ball_left
2025-11-11 23:22:27,586 : INFO : ball_device.bd_trough : Ball left
2025-11-11 23:22:27,586 : INFO : ball_device.bd_trough : Wait for confirm with timeout 3.0
2025-11-11 23:22:27,687 : INFO : SwitchController : <<<<<<< 's_plunger_lane' active >>>>>>>
2025-11-11 23:22:27,687 : INFO : EventManager : Event: ======'machine_var_audits_switches_s_plunger_lane'====== Args={'value': 910, 'prev_value': 909, 'change': 1}
2025-11-11 23:22:27,724 : INFO : EventManager : Event: ======'slide_base_slide_created'====== Args={'_from_bcp': True}
2025-11-11 23:22:27,724 : INFO : EventManager : Event: ======'slide_attract_inactive'====== Args={'is_removing': True, '_from_bcp': True}
2025-11-11 23:22:27,724 : INFO : EventManager : Event: ======'slide_base_slide_active'====== Args={'original_context': 'base', 'original_calling_context': 'mode_base_started', 'priority': 100.0, 'queue': '<QueuedEvent>', 'player': 1.0, 'ball': 1.0, 'balls_remaining': 2.0, 'is_extra_ball': False, 'cmd': 'slides_play', '_from_bcp': True}
2025-11-11 23:22:27,725 : INFO : EventManager : Event: ======'slide_attract_removed'====== Args={'_from_bcp': True}
2025-11-11 23:22:28,073 : INFO : EventManager : Event: ======'player_bumpers_bumper_timer_tick'====== Args={'value': 1, 'prev_value': 0, 'change': 1, 'player_num': 1}
2025-11-11 23:22:28,074 : INFO : Timer.bumper_timer : Timer Complete
2025-11-11 23:22:28,074 : INFO : Timer.bumper_timer : Stopping Timer
2025-11-11 23:22:28,074 : INFO : EventManager : Event: ======'timer_bumper_timer_stopped'====== Args={'ticks': 1, 'ticks_remaining': 1}
2025-11-11 23:22:28,074 : INFO : EventManager : Event: ======'timer_bumper_timer_complete'====== Args={'ticks': 1, 'ticks_remaining': 1}
2025-11-11 23:22:28,188 : INFO : ball_device.bd_plunger : Received ball from <ball_device.bd_trough>
2025-11-11 23:22:28,189 : INFO : EventManager : Event: ======'balldevice_bd_plunger_ball_enter'====== Args={'new_balls': 1, 'unclaimed_balls': 0, 'new_available_balls': 0, 'device': <ball_device.bd_plunger>}
2025-11-11 23:22:28,189 : INFO : EventManager : Event: ======'balldevice_bd_plunger_ball_entered'====== Args={'new_balls': 0, 'device': <ball_device.bd_plunger>}
2025-11-11 23:22:28,189 : INFO : EventManager : Event: ======'balldevice_bd_plunger_ball_count_changed'====== Args={'balls': 1}
2025-11-11 23:22:28,189 : INFO : ball_device.bd_trough : Got eject confirm
2025-11-11 23:22:28,189 : INFO : ball_device.bd_trough : Eject successful
2025-11-11 23:22:28,189 : INFO : EventManager : Event: ======'balldevice_bd_trough_ball_eject_success'====== Args={'balls': 1, 'target': <ball_device.bd_plunger>}
2025-11-11 23:22:28,190 : INFO : EventManager : Event: ======'balldevice_bd_trough_ball_count_changed'====== Args={'balls': 3}
2025-11-11 23:22:28,190 : INFO : ball_device.bd_trough : State: idle
2025-11-11 23:22:28,190 : INFO : ball_device.bd_plunger : State: waiting_for_target_ready
2025-11-11 23:22:28,190 : INFO : EventManager : Event: ======'balldevice_bd_plunger_ball_eject_attempt'====== Args={'balls': 1, 'target': <playfield.playfield>, 'source': <ball_device.bd_plunger>, 'mechanical_eject': False, 'num_attempts': 0}
2025-11-11 23:22:28,190 : INFO : ball_device.bd_plunger : State: ejecting
2025-11-11 23:22:28,190 : INFO : ball_device.bd_plunger : Ejecting ball to <playfield.playfield>
2025-11-11 23:22:28,191 : INFO : EventManager : Event: ======'balldevice_bd_plunger_ejecting_ball'====== Args={'balls': 1, 'target': <playfield.playfield>, 'source': <ball_device.bd_plunger>, 'mechanical_eject': False, 'num_attempts': 0}
2025-11-11 23:22:28,191 : INFO : ball_device.bd_plunger : Wait for ball to leave device
2025-11-11 23:22:28,191 : INFO : coil.c_plunger : Pulsing Driver for 20ms (1.0 pulse_power)
2025-11-11 23:22:28,191 : INFO : SwitchController : <<<<<<< 's_plunger_lane' inactive >>>>>>>
2025-11-11 23:22:28,191 : INFO : EventManager : Event: ======'s_plunger_lane_inactive'====== Args={}
2025-11-11 23:22:28,192 : INFO : EventManager : Event: ======'logicblock_seq_skillshot_success_updated'====== Args={'value': 1, 'enabled': True}
2025-11-11 23:22:28,192 : INFO : EventManager : Event: ======'logicblock_seq_skillshot_success_hit'====== Args={'step': 1}
2025-11-11 23:22:28,192 : INFO : ball_device.bd_plunger : State: ball_left
2025-11-11 23:22:28,192 : INFO : ball_device.bd_plunger : Ball left
2025-11-11 23:22:28,192 : INFO : ball_device.bd_plunger : Wait for confirm with timeout 3.0
2025-11-11 23:22:28,267 : INFO : EventManager : Event: ======'player_base_player_added_timer_tick'====== Args={'value': 1, 'prev_value': 0, 'change': 1, 'player_num': 1}
2025-11-11 23:22:28,267 : INFO : Timer.player_added_timer : Timer Complete
2025-11-11 23:22:28,267 : INFO : Timer.player_added_timer : Stopping Timer
2025-11-11 23:22:28,267 : INFO : EventManager : Event: ======'timer_player_added_timer_stopped'====== Args={'ticks': 1, 'ticks_remaining': 1}
2025-11-11 23:22:28,267 : INFO : EventManager : Event: ======'timer_player_added_timer_complete'====== Args={'ticks': 1, 'ticks_remaining': 1}
2025-11-11 23:22:28,277 : INFO : EventManager : Event: ======'player_csi_lanes_csi_lanes_timer_tick'====== Args={'value': 1, 'prev_value': 0, 'change': 1, 'player_num': 1}
2025-11-11 23:22:28,277 : INFO : Timer.csi_lanes_timer : Timer Complete
2025-11-11 23:22:28,277 : INFO : Timer.csi_lanes_timer : Stopping Timer
2025-11-11 23:22:28,277 : INFO : EventManager : Event: ======'timer_csi_lanes_timer_stopped'====== Args={'ticks': 1, 'ticks_remaining': 1}
2025-11-11 23:22:28,277 : INFO : EventManager : Event: ======'timer_csi_lanes_timer_complete'====== Args={'ticks': 1, 'ticks_remaining': 1}
2025-11-11 23:22:31,194 : INFO : ball_device.bd_plunger : State: failed_confirm
2025-11-11 23:22:31,194 : INFO : ball_device.bd_plunger : Got timeout (3.0s) before confirm from <playfield.playfield>
2025-11-11 23:22:31,296 : INFO : ball_device.bd_plunger : Confirming eject because target is playfield and ball did not return.
2025-11-11 23:22:31,296 : INFO : ball_device.bd_plunger : Eject successful
2025-11-11 23:22:31,296 : INFO : EventManager : Event: ======'balldevice_bd_plunger_ball_eject_success'====== Args={'balls': 1, 'target': <playfield.playfield>}
2025-11-11 23:22:31,297 : INFO : EventManager : Event: ======'balldevice_playfield_ball_enter'====== Args={'new_balls': 1, 'unclaimed_balls': 1, 'device': <playfield.playfield>}
2025-11-11 23:22:31,297 : INFO : EventManager : Event: ======'playfield_ball_count_change'====== Args={'balls': 1, 'change': 1}
2025-11-11 23:22:31,297 : INFO : EventManager : Event: ======'balldevice_bd_plunger_ball_count_changed'====== Args={'balls': 0}
2025-11-11 23:22:31,298 : INFO : ball_device.bd_plunger : State: idle
2025-11-11 23:22:37,580 : INFO : EventManager : Event: ======'player_skull_pause_timer_tick'====== Args={'value': 1, 'prev_value': 0, 'change': 1, 'player_num': 1}
2025-11-11 23:22:37,581 : INFO : Timer.pause_timer : Timer Complete
2025-11-11 23:22:37,582 : INFO : Timer.pause_timer : Stopping Timer
2025-11-11 23:22:37,582 : INFO : EventManager : Event: ======'timer_pause_timer_stopped'====== Args={'ticks': 1, 'ticks_remaining': 1}
2025-11-11 23:22:37,582 : INFO : EventManager : Event: ======'timer_pause_timer_complete'====== Args={'ticks': 1, 'ticks_remaining': 1}
2025-11-11 23:22:47,584 : INFO : EventManager : Event: ======'player_skillshot_skillshoot_timer_tick'====== Args={'value': 1, 'prev_value': 0, 'change': 1, 'player_num': 1}
2025-11-11 23:22:47,585 : INFO : Timer.skillshoot_timer : Timer Complete
2025-11-11 23:22:47,585 : INFO : Timer.skillshoot_timer : Stopping Timer
2025-11-11 23:22:47,585 : INFO : EventManager : Event: ======'timer_skillshoot_timer_stopped'====== Args={'ticks': 1, 'ticks_remaining': 1}
2025-11-11 23:22:47,585 : INFO : EventManager : Event: ======'timer_skillshoot_timer_complete'====== Args={'ticks': 1, 'ticks_remaining': 1}
2025-11-11 23:22:47,636 : INFO : EventManager : Event: ======'widget_skillshot_widget_active'====== Args={'original_context': 'skillshot', 'original_calling_context': 'timer_skillshoot_timer_complete', 'priority': 200.0, 'ticks': 1.0, 'ticks_remaining': 1.0, 'cmd': 'widgets_play', '_from_bcp': True}
2025-11-11 23:22:52,628 : INFO : EventManager : Event: ======'widget_skillshot_widget_removed'====== Args={'_from_bcp': True}
2025-11-11 23:23:14,169 : INFO : SwitchController : <<<<<<< 's_plunger_lane' active >>>>>>>
2025-11-11 23:23:14,169 : INFO : EventManager : Event: ======'machine_var_audits_switches_s_plunger_lane'====== Args={'value': 911, 'prev_value': 910, 'change': 1}
2025-11-11 23:23:14,669 : INFO : EventManager : Event: ======'balldevice_bd_plunger_ball_count_changed'====== Args={'balls': 1}
2025-11-11 23:23:14,670 : INFO : ball_device.bd_plunger : Received unexpected ball
2025-11-11 23:23:14,670 : INFO : EventManager : Event: ======'balldevice_captured_from_playfield'====== Args={'balls': 1}
2025-11-11 23:23:14,670 : INFO : EventManager : Event: ======'sw_playfield_active'====== Args={'balls': 1}
2025-11-11 23:23:14,670 : INFO : EventManager : Event: ======'playfield_ball_count_change'====== Args={'balls': 0, 'change': -1}
2025-11-11 23:23:14,671 : INFO : EventManager : Event: ======'balldevice_bd_plunger_ball_enter'====== Args={'new_balls': 1, 'unclaimed_balls': 1, 'new_available_balls': 1, 'device': <ball_device.bd_plunger>}
2025-11-11 23:23:14,671 : INFO : ball_device.bd_plunger : Ejecting 1 unexpected balls using path deque([<ball_device.bd_plunger>, <playfield.playfield>])
2025-11-11 23:23:14,671 : INFO : EventManager : Event: ======'balldevice_balls_available'====== Args={}
2025-11-11 23:23:14,671 : INFO : EventManager : Event: ======'balldevice_balls_available'====== Args={}
2025-11-11 23:23:14,672 : INFO : EventManager : Event: ======'balldevice_bd_plunger_ball_entered'====== Args={'new_balls': 1, 'device': <ball_device.bd_plunger>}
2025-11-11 23:23:14,672 : INFO : ball_device.bd_plunger : State: waiting_for_target_ready
2025-11-11 23:23:14,672 : INFO : EventManager : Event: ======'balldevice_bd_plunger_ball_eject_attempt'====== Args={'balls': 1, 'target': <playfield.playfield>, 'source': <ball_device.bd_plunger>, 'mechanical_eject': False, 'num_attempts': 0}
2025-11-11 23:23:14,673 : INFO : ball_device.bd_plunger : State: ejecting
2025-11-11 23:23:14,673 : INFO : ball_device.bd_plunger : Ejecting ball to <playfield.playfield>
2025-11-11 23:23:14,673 : INFO : EventManager : Event: ======'balldevice_bd_plunger_ejecting_ball'====== Args={'balls': 1, 'target': <playfield.playfield>, 'source': <ball_device.bd_plunger>, 'mechanical_eject': False, 'num_attempts': 0}
2025-11-11 23:23:14,673 : INFO : ball_device.bd_plunger : Wait for ball to leave device
2025-11-11 23:23:14,673 : INFO : coil.c_plunger : Pulsing Driver for 20ms (1.0 pulse_power)
2025-11-11 23:23:14,673 : INFO : SwitchController : <<<<<<< 's_plunger_lane' inactive >>>>>>>
2025-11-11 23:23:14,673 : INFO : EventManager : Event: ======'s_plunger_lane_inactive'====== Args={}
2025-11-11 23:23:14,674 : INFO : ball_device.bd_plunger : State: ball_left
2025-11-11 23:23:14,674 : INFO : ball_device.bd_plunger : Ball left
2025-11-11 23:23:14,674 : INFO : ball_device.bd_plunger : Wait for confirm with timeout 3.0
2025-11-11 23:23:17,675 : INFO : ball_device.bd_plunger : State: failed_confirm
2025-11-11 23:23:17,675 : INFO : ball_device.bd_plunger : Got timeout (3.0s) before confirm from <playfield.playfield>
2025-11-11 23:23:17,776 : INFO : ball_device.bd_plunger : Confirming eject because target is playfield and ball did not return.
2025-11-11 23:23:17,776 : INFO : ball_device.bd_plunger : Eject successful
2025-11-11 23:23:17,776 : INFO : EventManager : Event: ======'balldevice_bd_plunger_ball_eject_success'====== Args={'balls': 1, 'target': <playfield.playfield>}
2025-11-11 23:23:17,777 : INFO : EventManager : Event: ======'balldevice_playfield_ball_enter'====== Args={'new_balls': 1, 'unclaimed_balls': 1, 'device': <playfield.playfield>}
2025-11-11 23:23:17,778 : INFO : EventManager : Event: ======'playfield_ball_count_change'====== Args={'balls': 1, 'change': 1}
2025-11-11 23:23:17,779 : INFO : EventManager : Event: ======'balldevice_bd_plunger_ball_count_changed'====== Args={'balls': 0}
2025-11-11 23:23:17,779 : INFO : ball_device.bd_plunger : State: idle
2025-11-11 23:23:17,931 : INFO : SwitchController : <<<<<<< 's_right_orbit' active >>>>>>>
2025-11-11 23:23:17,931 : INFO : EventManager : Event: ======'s_right_orbit_active'====== Args={}
2025-11-11 23:23:17,931 : INFO : EventManager : Event: ======'machine_var_audits_switches_s_right_orbit'====== Args={'value': 53, 'prev_value': 52, 'change': 1}
2025-11-11 23:23:17,931 : INFO : EventManager : Event: ======'logicblock_seq_skillshot_success_updated'====== Args={'value': 2, 'enabled': True}
2025-11-11 23:23:17,932 : INFO : EventManager : Event: ======'logicblock_seq_skillshot_success_hit'====== Args={'step': 2}
2025-11-11 23:23:18,132 : INFO : SwitchController : <<<<<<< 's_right_orbit' inactive >>>>>>>
2025-11-11 23:23:19,265 : INFO : SwitchController : <<<<<<< 's_morgue' active >>>>>>>
2025-11-11 23:23:19,266 : INFO : EventManager : Event: ======'s_morgue_active'====== Args={}
2025-11-11 23:23:19,266 : INFO : EventManager : Event: ======'machine_var_audits_switches_s_morgue'====== Args={'value': 1, 'prev_value': 0, 'change': 1}
2025-11-11 23:23:19,267 : INFO : EventManager : Event: ======'logicblock_seq_skillshot_success_updated'====== Args={'value': 3, 'enabled': True}
2025-11-11 23:23:19,267 : INFO : EventManager : Event: ======'logicblock_seq_skillshot_success_hit'====== Args={'step': 3}
2025-11-11 23:23:19,267 : INFO : EventManager : Event: ======'seq_skillshot_success_done'====== Args={}
2025-11-11 23:23:19,273 : INFO : EventManager : Event: ======'logicblock_seq_skillshot_success_updated'====== Args={'value': 0, 'enabled': True}
2025-11-11 23:23:19,273 : INFO : EventManager : Event: ======'player_score'====== Args={'value': 500000, 'prev_value': 0, 'change': 500000, 'player_num': 1, 'source': 'skillshot'}
2025-11-11 23:23:19,273 : INFO : EventManager : Event: ======'player_skillshot'====== Args={'value': 1, 'prev_value': 0, 'change': 1, 'player_num': 1, 'source': 'skillshot'}
2025-11-11 23:23:19,465 : INFO : SwitchController : <<<<<<< 's_morgue' inactive >>>>>>>
2025-11-11 23:23:24,366 : INFO : SwitchController : <<<<<<< 's_plunger_lane' active >>>>>>>
2025-11-11 23:23:24,366 : INFO : EventManager : Event: ======'machine_var_audits_switches_s_plunger_lane'====== Args={'value': 912, 'prev_value': 911, 'change': 1}
2025-11-11 23:23:24,866 : INFO : EventManager : Event: ======'balldevice_bd_plunger_ball_count_changed'====== Args={'balls': 1}
2025-11-11 23:23:24,867 : INFO : ball_device.bd_plunger : Received unexpected ball
2025-11-11 23:23:24,867 : INFO : EventManager : Event: ======'balldevice_captured_from_playfield'====== Args={'balls': 1}
2025-11-11 23:23:24,867 : INFO : EventManager : Event: ======'sw_playfield_active'====== Args={'balls': 1}
2025-11-11 23:23:24,867 : INFO : EventManager : Event: ======'playfield_ball_count_change'====== Args={'balls': 0, 'change': -1}
2025-11-11 23:23:24,868 : INFO : EventManager : Event: ======'balldevice_bd_plunger_ball_enter'====== Args={'new_balls': 1, 'unclaimed_balls': 1, 'new_available_balls': 1, 'device': <ball_device.bd_plunger>}
2025-11-11 23:23:24,868 : INFO : ball_device.bd_plunger : Ejecting 1 unexpected balls using path deque([<ball_device.bd_plunger>, <playfield.playfield>])
2025-11-11 23:23:24,869 : INFO : EventManager : Event: ======'balldevice_balls_available'====== Args={}
2025-11-11 23:23:24,869 : INFO : EventManager : Event: ======'balldevice_balls_available'====== Args={}
2025-11-11 23:23:24,869 : INFO : EventManager : Event: ======'balldevice_bd_plunger_ball_entered'====== Args={'new_balls': 1, 'device': <ball_device.bd_plunger>}
2025-11-11 23:23:24,869 : INFO : ball_device.bd_plunger : State: waiting_for_target_ready
2025-11-11 23:23:24,870 : INFO : EventManager : Event: ======'balldevice_bd_plunger_ball_eject_attempt'====== Args={'balls': 1, 'target': <playfield.playfield>, 'source': <ball_device.bd_plunger>, 'mechanical_eject': False, 'num_attempts': 0}
2025-11-11 23:23:24,870 : INFO : ball_device.bd_plunger : State: ejecting
2025-11-11 23:23:24,870 : INFO : ball_device.bd_plunger : Ejecting ball to <playfield.playfield>
2025-11-11 23:23:24,870 : INFO : EventManager : Event: ======'balldevice_bd_plunger_ejecting_ball'====== Args={'balls': 1, 'target': <playfield.playfield>, 'source': <ball_device.bd_plunger>, 'mechanical_eject': False, 'num_attempts': 0}
2025-11-11 23:23:24,871 : INFO : ball_device.bd_plunger : Wait for ball to leave device
2025-11-11 23:23:24,871 : INFO : coil.c_plunger : Pulsing Driver for 20ms (1.0 pulse_power)
2025-11-11 23:23:24,871 : INFO : SwitchController : <<<<<<< 's_plunger_lane' inactive >>>>>>>
2025-11-11 23:23:24,871 : INFO : EventManager : Event: ======'s_plunger_lane_inactive'====== Args={}
2025-11-11 23:23:24,871 : INFO : EventManager : Event: ======'logicblock_seq_skillshot_success_updated'====== Args={'value': 1, 'enabled': True}
2025-11-11 23:23:24,872 : INFO : EventManager : Event: ======'logicblock_seq_skillshot_success_hit'====== Args={'step': 1}
2025-11-11 23:23:24,872 : INFO : ball_device.bd_plunger : State: ball_left
2025-11-11 23:23:24,872 : INFO : ball_device.bd_plunger : Ball left
2025-11-11 23:23:24,872 : INFO : ball_device.bd_plunger : Wait for confirm with timeout 3.0
2025-11-11 23:23:25,533 : INFO : SwitchController : <<<<<<< 's_plunger_lane' active >>>>>>>
2025-11-11 23:23:25,533 : INFO : EventManager : Event: ======'machine_var_audits_switches_s_plunger_lane'====== Args={'value': 913, 'prev_value': 912, 'change': 1}
2025-11-11 23:23:27,873 : INFO : ball_device.bd_plunger : State: failed_confirm
2025-11-11 23:23:27,874 : INFO : ball_device.bd_plunger : Got timeout (3.0s) before confirm from <playfield.playfield>
2025-11-11 23:23:27,975 : INFO : ball_device.bd_plunger : Got unknown balls. Assuming a ball returned.
2025-11-11 23:23:27,976 : INFO : EventManager : Event: ======'balldevice_bd_plunger_ball_eject_failed'====== Args={'target': <playfield.playfield>, 'balls': 1, 'retry': True, 'num_attempts': 1}
2025-11-11 23:23:27,977 : INFO : ball_device.bd_plunger : State: waiting_for_target_ready
2025-11-11 23:23:27,977 : INFO : EventManager : Event: ======'balldevice_bd_plunger_ball_eject_attempt'====== Args={'balls': 1, 'target': <playfield.playfield>, 'source': <ball_device.bd_plunger>, 'mechanical_eject': False, 'num_attempts': 1}
2025-11-11 23:23:27,978 : INFO : ball_device.bd_plunger : State: ejecting
2025-11-11 23:23:27,978 : INFO : ball_device.bd_plunger : Ejecting ball to <playfield.playfield>
2025-11-11 23:23:27,978 : INFO : EventManager : Event: ======'balldevice_bd_plunger_ejecting_ball'====== Args={'balls': 1, 'target': <playfield.playfield>, 'source': <ball_device.bd_plunger>, 'mechanical_eject': False, 'num_attempts': 1}
2025-11-11 23:23:27,979 : INFO : ball_device.bd_plunger : Wait for ball to leave device
2025-11-11 23:23:27,979 : INFO : coil.c_plunger : Pulsing Driver for 20ms (1.0 pulse_power)
2025-11-11 23:23:27,979 : INFO : SwitchController : <<<<<<< 's_plunger_lane' inactive >>>>>>>
2025-11-11 23:23:27,979 : INFO : EventManager : Event: ======'s_plunger_lane_inactive'====== Args={}
2025-11-11 23:23:27,980 : INFO : ball_device.bd_plunger : State: ball_left
2025-11-11 23:23:27,980 : INFO : ball_device.bd_plunger : Ball left
2025-11-11 23:23:27,980 : INFO : ball_device.bd_plunger : Wait for confirm with timeout 3.0
2025-11-11 23:23:28,248 : INFO : SwitchController : <<<<<<< 's_plunger_lane' active >>>>>>>
2025-11-11 23:23:28,248 : INFO : EventManager : Event: ======'machine_var_audits_switches_s_plunger_lane'====== Args={'value': 914, 'prev_value': 913, 'change': 1}
2025-11-11 23:23:28,398 : INFO : SwitchController : <<<<<<< 's_plunger_lane' inactive >>>>>>>
2025-11-11 23:23:28,398 : INFO : EventManager : Event: ======'s_plunger_lane_inactive'====== Args={}
2025-11-11 23:23:30,299 : INFO : SwitchController : <<<<<<< 's_right_orbit' active >>>>>>>
2025-11-11 23:23:30,299 : INFO : EventManager : Event: ======'s_right_orbit_active'====== Args={}
2025-11-11 23:23:30,300 : INFO : EventManager : Event: ======'machine_var_audits_switches_s_right_orbit'====== Args={'value': 54, 'prev_value': 53, 'change': 1}
2025-11-11 23:23:30,300 : INFO : EventManager : Event: ======'logicblock_seq_skillshot_success_updated'====== Args={'value': 2, 'enabled': True}
2025-11-11 23:23:30,301 : INFO : EventManager : Event: ======'logicblock_seq_skillshot_success_hit'====== Args={'step': 2}
2025-11-11 23:23:30,464 : INFO : SwitchController : <<<<<<< 's_right_orbit' inactive >>>>>>>
2025-11-11 23:23:30,981 : INFO : ball_device.bd_plunger : State: failed_confirm
2025-11-11 23:23:30,981 : INFO : ball_device.bd_plunger : Got timeout (3.0s) before confirm from <playfield.playfield>
2025-11-11 23:23:31,082 : INFO : ball_device.bd_plunger : Confirming eject because target is playfield and ball did not return.
2025-11-11 23:23:31,083 : INFO : ball_device.bd_plunger : Eject successful
2025-11-11 23:23:31,083 : INFO : EventManager : Event: ======'balldevice_bd_plunger_ball_eject_success'====== Args={'balls': 1, 'target': <playfield.playfield>}
2025-11-11 23:23:31,083 : INFO : EventManager : Event: ======'balldevice_playfield_ball_enter'====== Args={'new_balls': 1, 'unclaimed_balls': 1, 'device': <playfield.playfield>}
2025-11-11 23:23:31,083 : INFO : EventManager : Event: ======'playfield_ball_count_change'====== Args={'balls': 1, 'change': 1}
2025-11-11 23:23:31,084 : INFO : EventManager : Event: ======'balldevice_bd_plunger_ball_count_changed'====== Args={'balls': 0}
2025-11-11 23:23:31,084 : INFO : ball_device.bd_plunger : State: idle
2025-11-11 23:23:31,915 : INFO : SwitchController : <<<<<<< 's_morgue' active >>>>>>>
2025-11-11 23:23:31,915 : INFO : EventManager : Event: ======'s_morgue_active'====== Args={}
2025-11-11 23:23:31,915 : INFO : EventManager : Event: ======'machine_var_audits_switches_s_morgue'====== Args={'value': 2, 'prev_value': 1, 'change': 1}
2025-11-11 23:23:31,916 : INFO : EventManager : Event: ======'logicblock_seq_skillshot_success_updated'====== Args={'value': 3, 'enabled': True}
2025-11-11 23:23:31,916 : INFO : EventManager : Event: ======'logicblock_seq_skillshot_success_hit'====== Args={'step': 3}
2025-11-11 23:23:31,921 : INFO : EventManager : Event: ======'seq_skillshot_success_done'====== Args={}
2025-11-11 23:23:31,922 : INFO : EventManager : Event: ======'logicblock_seq_skillshot_success_updated'====== Args={'value': 0, 'enabled': True}
2025-11-11 23:23:31,922 : INFO : EventManager : Event: ======'player_score'====== Args={'value': 1000000, 'prev_value': 500000, 'change': 500000, 'player_num': 1, 'source': 'skillshot'}
2025-11-11 23:23:32,064 : INFO : SwitchController : <<<<<<< 's_morgue' inactive >>>>>>>
2025-11-11 23:26:07,409 : INFO : Machine : Shutting down...
2025-11-11 23:26:07,409 : INFO : EventManager : Event: ======'shutdown'====== Args={}
2025-11-11 23:26:07,411 : INFO : EventManager : Event: ======'mode_game_will_stop'====== Args={}
2025-11-11 23:26:07,411 : INFO : EventManager : Event: ======'mode_game_stopping'====== Args={}
2025-11-11 23:26:07,411 : INFO : EventManager : Event: ======'mode_skull_will_stop'====== Args={}
2025-11-11 23:26:07,411 : INFO : EventManager : Event: ======'mode_skull_stopping'====== Args={}
2025-11-11 23:26:07,411 : INFO : EventManager : Event: ======'mode_skillshot_will_stop'====== Args={}
2025-11-11 23:26:07,411 : INFO : EventManager : Event: ======'mode_skillshot_stopping'====== Args={}
2025-11-11 23:26:07,411 : INFO : EventManager : Event: ======'mode_csi_lanes_will_stop'====== Args={}
2025-11-11 23:26:07,411 : INFO : EventManager : Event: ======'mode_csi_lanes_stopping'====== Args={}
2025-11-11 23:26:07,411 : INFO : EventManager : Event: ======'mode_base_will_stop'====== Args={}
2025-11-11 23:26:07,411 : INFO : EventManager : Event: ======'mode_base_stopping'====== Args={}
2025-11-11 23:26:07,412 : INFO : EventManager : Event: ======'mode_bumpers_will_stop'====== Args={}
2025-11-11 23:26:07,412 : INFO : EventManager : Event: ======'mode_bumpers_stopping'====== Args={}
2025-11-11 23:26:07,412 : INFO : EventManager : Event: ======'stop_mode_bumpers'====== Args={'priority': 0}
2025-11-11 23:26:07,412 : INFO : EventManager : Event: ======'stop_mode_csi_lanes'====== Args={'priority': 0}
2025-11-11 23:26:07,412 : INFO : EventManager : Event: ======'stop_mode_skull'====== Args={'priority': 0}
2025-11-11 23:26:07,412 : INFO : Mode.bumpers : Stopped.
2025-11-11 23:26:07,412 : INFO : EventManager : Event: ======'modes_active_modes_changed'====== Args={}
2025-11-11 23:26:07,412 : INFO : EventManager : Event: ======'mode_bumpers_stopped'====== Args={}
2025-11-11 23:26:07,412 : INFO : EventManager : Event: ======'clear'====== Args={'key': 'bumpers'}
2025-11-11 23:26:07,413 : INFO : Timer.bumper_timer : Stopping Timer
2025-11-11 23:26:07,413 : INFO : EventManager : Event: ======'timer_bumper_timer_stopped'====== Args={'ticks': 1, 'ticks_remaining': 1}
2025-11-11 23:26:07,413 : INFO : Mode.base : Stopped.
2025-11-11 23:26:07,413 : INFO : EventManager : Event: ======'modes_active_modes_changed'====== Args={}
2025-11-11 23:26:07,413 : INFO : EventManager : Event: ======'mode_base_stopped'====== Args={}
2025-11-11 23:26:07,413 : INFO : EventManager : Event: ======'clear'====== Args={'key': 'base'}
2025-11-11 23:26:07,413 : INFO : Timer.player_added_timer : Stopping Timer
2025-11-11 23:26:07,413 : INFO : EventManager : Event: ======'timer_player_added_timer_stopped'====== Args={'ticks': 1, 'ticks_remaining': 1}
2025-11-11 23:26:07,413 : INFO : Mode.csi_lanes : Stopped.
2025-11-11 23:26:07,413 : INFO : EventManager : Event: ======'modes_active_modes_changed'====== Args={}
2025-11-11 23:26:07,413 : INFO : EventManager : Event: ======'mode_csi_lanes_stopped'====== Args={}
2025-11-11 23:26:07,413 : INFO : EventManager : Event: ======'clear'====== Args={'key': 'csi_lanes'}
2025-11-11 23:26:07,414 : INFO : Timer.csi_lanes_timer : Stopping Timer
2025-11-11 23:26:07,414 : INFO : EventManager : Event: ======'timer_csi_lanes_timer_stopped'====== Args={'ticks': 1, 'ticks_remaining': 1}
2025-11-11 23:26:07,414 : INFO : Timer.csi_right_orbit_timer : Stopping Timer
2025-11-11 23:26:07,414 : INFO : EventManager : Event: ======'timer_csi_right_orbit_timer_stopped'====== Args={'ticks': 0, 'ticks_remaining': 0}
2025-11-11 23:26:07,414 : INFO : Mode.skillshot : Stopped.
2025-11-11 23:26:07,414 : INFO : EventManager : Event: ======'modes_active_modes_changed'====== Args={}
2025-11-11 23:26:07,414 : INFO : EventManager : Event: ======'mode_skillshot_stopped'====== Args={}
2025-11-11 23:26:07,414 : INFO : EventManager : Event: ======'clear'====== Args={'key': 'skillshot'}
2025-11-11 23:26:07,414 : INFO : Timer.skillshoot_timer : Stopping Timer
2025-11-11 23:26:07,414 : INFO : EventManager : Event: ======'timer_skillshoot_timer_stopped'====== Args={'ticks': 1, 'ticks_remaining': 1}
2025-11-11 23:26:07,414 : INFO : Mode.skull : Stopped.
2025-11-11 23:26:07,414 : INFO : EventManager : Event: ======'modes_active_modes_changed'====== Args={}
2025-11-11 23:26:07,414 : INFO : EventManager : Event: ======'mode_skull_stopped'====== Args={}
2025-11-11 23:26:07,414 : INFO : EventManager : Event: ======'clear'====== Args={'key': 'skull'}
2025-11-11 23:26:07,414 : INFO : Timer.pause_timer : Stopping Timer
2025-11-11 23:26:07,414 : INFO : EventManager : Event: ======'timer_pause_timer_stopped'====== Args={'ticks': 1, 'ticks_remaining': 1}
2025-11-11 23:26:07,415 : INFO : Mode.game : Stopped.
2025-11-11 23:26:07,415 : INFO : EventManager : Event: ======'modes_active_modes_changed'====== Args={}
2025-11-11 23:26:07,415 : INFO : EventManager : Event: ======'mode_game_stopped'====== Args={}
2025-11-11 23:26:07,415 : INFO : EventManager : Event: ======'clear'====== Args={'key': 'game'}
2025-11-11 23:26:07,420 : INFO : root : MPF run loop ended.
