2025-11-13 23:00:43,354 : INFO : root : Loading config.
2025-11-13 23:00:43,356 : INFO : YamlMultifileConfigLoader : Machine config file #1: config.yaml
2025-11-13 23:00:43,356 : WARNING : ConfigProcessor : Config file in cache changed: /Users/didiergilbin/Desktop/Homebrew_CSI/config/config.yaml
2025-11-13 23:00:43,356 : INFO : ConfigProcessor : Loading config from file /Users/didiergilbin/mpfenv/lib/python3.13/site-packages/mpf/mpfconfig.yaml.
2025-11-13 23:00:43,370 : INFO : ConfigProcessor : Loading config: /Users/didiergilbin/mpfenv/lib/python3.13/site-packages/mpf/mpfconfig.yaml
2025-11-13 23:00:43,370 : INFO : ConfigProcessor : Loading config from file /Users/didiergilbin/Desktop/Homebrew_CSI/config/config.yaml.
2025-11-13 23:00:43,371 : INFO : ConfigProcessor : Loading config: /Users/didiergilbin/Desktop/Homebrew_CSI/config/config.yaml
2025-11-13 23:00:43,386 : INFO : ConfigProcessor : Loading config: /Users/didiergilbin/Desktop/Homebrew_CSI/config/config_settings.yaml
2025-11-13 23:00:43,386 : INFO : ConfigProcessor : Loading config: /Users/didiergilbin/Desktop/Homebrew_CSI/config/config_hardware.yaml
2025-11-13 23:00:43,388 : INFO : ConfigProcessor : Loading config: /Users/didiergilbin/Desktop/Homebrew_CSI/config/config_hardware_lights.yaml
2025-11-13 23:00:43,390 : INFO : ConfigProcessor : Loading config: /Users/didiergilbin/Desktop/Homebrew_CSI/config/config_hardware_switches.yaml
2025-11-13 23:00:43,393 : INFO : ConfigProcessor : Loading config: /Users/didiergilbin/Desktop/Homebrew_CSI/config/config_hardware_coils.yaml
2025-11-13 23:00:43,394 : INFO : ConfigProcessor : Config file cache created: /var/folders/m3/0d4y64_n3fn8tnkv3ydlhztw0000gn/T/5ca32a6c950d03116abbed96ca44d372.mpf_cache
2025-11-13 23:00:43,419 : INFO : ConfigProcessor : Loading config from cache: /var/folders/m3/0d4y64_n3fn8tnkv3ydlhztw0000gn/T/01c495fa7450a81b4be96cb699872531.mpf_cache
2025-11-13 23:00:43,419 : INFO : ConfigProcessor : Loading config from cache: /var/folders/m3/0d4y64_n3fn8tnkv3ydlhztw0000gn/T/bfde29b5bb803376b0637bb8f0da27a7.mpf_cache
2025-11-13 23:00:43,419 : INFO : ConfigProcessor : Loading config from cache: /var/folders/m3/0d4y64_n3fn8tnkv3ydlhztw0000gn/T/01c495fa7450a81b4be96cb699872531.mpf_cache
2025-11-13 23:00:43,419 : INFO : ConfigProcessor : Loading config from cache: /var/folders/m3/0d4y64_n3fn8tnkv3ydlhztw0000gn/T/3ae89e09515ff8d8b11d68f672b2cc51.mpf_cache
2025-11-13 23:00:43,419 : WARNING : ConfigProcessor : Config file in cache changed: /Users/didiergilbin/Desktop/Homebrew_CSI/modes/skillshot/config/skillshot.yaml
2025-11-13 23:00:43,419 : INFO : ConfigProcessor : Loading config from file /Users/didiergilbin/Desktop/Homebrew_CSI/modes/skillshot/config/skillshot.yaml.
2025-11-13 23:00:43,422 : INFO : ConfigProcessor : Loading config: /Users/didiergilbin/Desktop/Homebrew_CSI/modes/skillshot/config/skillshot.yaml
2025-11-13 23:00:43,422 : INFO : ConfigProcessor : Config file cache created: /var/folders/m3/0d4y64_n3fn8tnkv3ydlhztw0000gn/T/b96d5c0baa304abadecf96d33832535c.mpf_cache
2025-11-13 23:00:43,422 : INFO : ConfigProcessor : Loading config from cache: /var/folders/m3/0d4y64_n3fn8tnkv3ydlhztw0000gn/T/4c420229fa75118c2461cfc9ff5a44e2.mpf_cache
2025-11-13 23:00:43,422 : INFO : ConfigProcessor : Loading config from cache: /var/folders/m3/0d4y64_n3fn8tnkv3ydlhztw0000gn/T/f5ee6852f1764324c8553249cc53c871.mpf_cache
2025-11-13 23:00:43,423 : INFO : ConfigProcessor : Loading config from cache: /var/folders/m3/0d4y64_n3fn8tnkv3ydlhztw0000gn/T/73ac54cb7a83dfa5473900e439743a84.mpf_cache
2025-11-13 23:00:43,423 : INFO : ConfigProcessor : Loading config from cache: /var/folders/m3/0d4y64_n3fn8tnkv3ydlhztw0000gn/T/97c87487bc6ae826da86d36a6e042c78.mpf_cache
2025-11-13 23:00:43,423 : INFO : Machine : Mission Pinball Framework Core Engine v0.80.0.dev10
2025-11-13 23:00:43,423 : INFO : Machine : Command line arguments: {'no_load_cache': False, 'create_config_cache': True, 'bcp': True, 'configfile': ['config.yaml'], 'force_assets_load': False, 'platform_integration_test': False, 'jsonlogging': False, 'logfile': 'logs/2025-11-13-23-00-43-mpf-mac.home.log', 'pause': False, 'production': False, 'text_ui': False, 'loglevel': 15, 'consoleloglevel': 20, 'force_platform': 'smart_virtual', 'syslog_address': None, 'full_logfile_path': '/Users/didiergilbin/Desktop/Homebrew_CSI/logs/2025-11-13-23-00-43-mpf-mac.home.log'}
2025-11-13 23:00:43,423 : INFO : Machine : MPF path: /Users/didiergilbin/mpfenv/lib/python3.13/site-packages/mpf
2025-11-13 23:00:43,423 : INFO : Machine : Machine path: /Users/didiergilbin/Desktop/Homebrew_CSI
2025-11-13 23:00:43,423 : INFO : Machine : Platform: darwin
2025-11-13 23:00:43,423 : INFO : Machine : Python executable location: /Users/didiergilbin/mpfenv/bin/python3.13
2025-11-13 23:00:43,423 : INFO : Machine : Python version: 3.13.7 (64-bit)
2025-11-13 23:00:43,423 : INFO : Machine : Initializing MPF...
2025-11-13 23:00:43,444 : INFO : EventManager : Event: ======'machine_var_credits_string'====== Args={'value': 'FREE PLAY', 'prev_value': None, 'change': True}
2025-11-13 23:00:43,449 : INFO : EventManager : Event: ======'machine_var_master_volume'====== Args={'value': 0.5, 'prev_value': None, 'change': True}
2025-11-13 23:00:43,449 : INFO : EventManager : Event: ======'machine_var_player1_score'====== Args={'value': 368000, 'prev_value': None, 'change': True}
2025-11-13 23:00:43,449 : INFO : EventManager : Event: ======'machine_var_player2_score'====== Args={'value': 24000, 'prev_value': None, 'change': True}
2025-11-13 23:00:43,449 : INFO : EventManager : Event: ======'machine_var_player3_score'====== Args={'value': 21000, 'prev_value': None, 'change': True}
2025-11-13 23:00:43,449 : INFO : EventManager : Event: ======'machine_var_player4_score'====== Args={'value': 0, 'prev_value': None, 'change': True}
2025-11-13 23:00:43,449 : INFO : EventManager : Event: ======'machine_var_mpf_version'====== Args={'value': 'Mission Pinball Framework v0.80.0.dev10', 'prev_value': None, 'change': True}
2025-11-13 23:00:43,449 : INFO : EventManager : Event: ======'machine_var_mpf_extended_version'====== Args={'value': 'Mission Pinball Framework v0.80.0.dev10, Config version:6, Show version: 6, BCP version:1.1', 'prev_value': None, 'change': True}
2025-11-13 23:00:43,449 : INFO : EventManager : Event: ======'machine_var_python_version'====== Args={'value': '3.13.7', 'prev_value': None, 'change': True}
2025-11-13 23:00:43,455 : INFO : EventManager : Event: ======'machine_var_platform'====== Args={'value': 'macOS-15.6.1-arm64-arm-64bit-Mach-O', 'prev_value': None, 'change': True}
2025-11-13 23:00:43,456 : INFO : EventManager : Event: ======'machine_var_platform_system'====== Args={'value': 'Darwin', 'prev_value': None, 'change': True}
2025-11-13 23:00:43,456 : INFO : EventManager : Event: ======'machine_var_platform_release'====== Args={'value': '24.6.0', 'prev_value': None, 'change': True}
2025-11-13 23:00:43,456 : INFO : EventManager : Event: ======'machine_var_platform_version'====== Args={'value': 'Darwin Kernel Version 24.6.0: Mon Jul 14 11:30:40 PDT 2025; root:xnu-11417.140.69~1/RELEASE_ARM64_T8132', 'prev_value': None, 'change': True}
2025-11-13 23:00:43,456 : INFO : EventManager : Event: ======'machine_var_platform_machine'====== Args={'value': 'arm64', 'prev_value': None, 'change': True}
2025-11-13 23:00:43,456 : INFO : EventManager : Event: ======'machine_var_log_file_path'====== Args={'value': '/Users/didiergilbin/Desktop/Homebrew_CSI/logs/2025-11-13-23-00-43-mpf-mac.home.log', 'prev_value': None, 'change': True}
2025-11-13 23:00:43,456 : INFO : EventManager : Event: ======'init_phase_1'====== Args={}
2025-11-13 23:00:43,463 : INFO : EventManager : Event: ======'init_phase_2'====== Args={}
2025-11-13 23:00:43,463 : INFO : SwitchController : Found active switch: ('2', <Platform.SmartVirtual>) <switch.s_trough1>
2025-11-13 23:00:43,463 : INFO : SwitchController : Found active switch: ('3', <Platform.SmartVirtual>) <switch.s_trough2>
2025-11-13 23:00:43,463 : INFO : SwitchController : Found active switch: ('4', <Platform.SmartVirtual>) <switch.s_trough3>
2025-11-13 23:00:43,463 : INFO : SwitchController : Found active switch: ('5', <Platform.SmartVirtual>) <switch.s_trough4>
2025-11-13 23:00:43,465 : INFO : EventManager : Event: ======'bcp_connection_attempt'====== Args={'name': 'local_display', 'host': 'localhost', 'port': 5050}
2025-11-13 23:00:43,465 : INFO : BCPClientSocket : Connecting BCP to 'local_display' at localhost:5050...
2025-11-13 23:00:43,468 : INFO : BCPClientSocket : Connected BCP to 'local_display' localhost:5050
2025-11-13 23:00:43,468 : INFO : EventManager : Event: ======'bcp_clients_connected'====== Args={}
2025-11-13 23:00:43,468 : INFO : ball_device.bd_drain : BCH: Initial count: 0
2025-11-13 23:00:43,468 : INFO : ball_device.bd_drain : State: idle
2025-11-13 23:00:43,468 : INFO : ball_device.bd_trough : BCH: Initial count: 4
2025-11-13 23:00:43,468 : INFO : ball_device.bd_trough : State: idle
2025-11-13 23:00:43,469 : INFO : ball_device.bd_plunger : BCH: Initial count: 0
2025-11-13 23:00:43,469 : INFO : ball_device.bd_plunger : State: idle
2025-11-13 23:00:43,474 : INFO : EventManager : Event: ======'init_phase_3'====== Args={}
2025-11-13 23:00:43,474 : INFO : EventManager : Event: ======'init_phase_4'====== Args={}
2025-11-13 23:00:43,474 : INFO : BallController : Initial balls found: 4
2025-11-13 23:00:43,475 : INFO : EventManager : Event: ======'machine_var_audits_events_game_ended'====== Args={'value': 54, 'prev_value': None, 'change': True}
2025-11-13 23:00:43,475 : INFO : EventManager : Event: ======'machine_var_audits_events_game_started'====== Args={'value': 537, 'prev_value': None, 'change': True}
2025-11-13 23:00:43,475 : INFO : EventManager : Event: ======'machine_var_audits_missing_switches_s_drain'====== Args={'value': 12, 'prev_value': None, 'change': True}
2025-11-13 23:00:43,475 : INFO : EventManager : Event: ======'machine_var_audits_missing_switches_s_launch_button'====== Args={'value': 184, 'prev_value': None, 'change': True}
2025-11-13 23:00:43,475 : INFO : EventManager : Event: ======'machine_var_audits_missing_switches_s_left_flipper'====== Args={'value': 3, 'prev_value': None, 'change': True}
2025-11-13 23:00:43,475 : INFO : EventManager : Event: ======'machine_var_audits_missing_switches_s_left_inlane2'====== Args={'value': 12, 'prev_value': None, 'change': True}
2025-11-13 23:00:43,475 : INFO : EventManager : Event: ======'machine_var_audits_missing_switches_s_left_outlane'====== Args={'value': 152, 'prev_value': None, 'change': True}
2025-11-13 23:00:43,475 : INFO : EventManager : Event: ======'machine_var_audits_missing_switches_s_morgue'====== Args={'value': 1, 'prev_value': None, 'change': True}
2025-11-13 23:00:43,475 : INFO : EventManager : Event: ======'machine_var_audits_missing_switches_s_popbumper2'====== Args={'value': 1, 'prev_value': None, 'change': True}
2025-11-13 23:00:43,475 : INFO : EventManager : Event: ======'machine_var_audits_missing_switches_s_ramp'====== Args={'value': 12, 'prev_value': None, 'change': True}
2025-11-13 23:00:43,475 : INFO : EventManager : Event: ======'machine_var_audits_missing_switches_s_right_flipper'====== Args={'value': 1, 'prev_value': None, 'change': True}
2025-11-13 23:00:43,475 : INFO : EventManager : Event: ======'machine_var_audits_missing_switches_s_right_inlane'====== Args={'value': 1, 'prev_value': None, 'change': True}
2025-11-13 23:00:43,475 : INFO : EventManager : Event: ======'machine_var_audits_missing_switches_s_right_outlane'====== Args={'value': 152, 'prev_value': None, 'change': True}
2025-11-13 23:00:43,475 : INFO : EventManager : Event: ======'machine_var_audits_missing_switches_s_scoop'====== Args={'value': 5, 'prev_value': None, 'change': True}
2025-11-13 23:00:43,475 : INFO : EventManager : Event: ======'machine_var_audits_missing_switches_s_skull_lock1'====== Args={'value': 12, 'prev_value': None, 'change': True}
2025-11-13 23:00:43,475 : INFO : EventManager : Event: ======'machine_var_audits_missing_switches_s_skull_lock2'====== Args={'value': 12, 'prev_value': None, 'change': True}
2025-11-13 23:00:43,475 : INFO : EventManager : Event: ======'machine_var_audits_missing_switches_s_sling_left'====== Args={'value': 537, 'prev_value': None, 'change': True}
2025-11-13 23:00:43,475 : INFO : EventManager : Event: ======'machine_var_audits_missing_switches_s_sling_right'====== Args={'value': 537, 'prev_value': None, 'change': True}
2025-11-13 23:00:43,475 : INFO : EventManager : Event: ======'machine_var_audits_missing_switches_s_start'====== Args={'value': 1, 'prev_value': None, 'change': True}
2025-11-13 23:00:43,475 : INFO : EventManager : Event: ======'machine_var_audits_missing_switches_s_trough1'====== Args={'value': 12, 'prev_value': None, 'change': True}
2025-11-13 23:00:43,475 : INFO : EventManager : Event: ======'machine_var_audits_missing_switches_s_trough2'====== Args={'value': 98, 'prev_value': None, 'change': True}
2025-11-13 23:00:43,475 : INFO : EventManager : Event: ======'machine_var_audits_missing_switches_s_trough3'====== Args={'value': 315, 'prev_value': None, 'change': True}
2025-11-13 23:00:43,475 : INFO : EventManager : Event: ======'machine_var_audits_missing_switches_s_trough4'====== Args={'value': 315, 'prev_value': None, 'change': True}
2025-11-13 23:00:43,475 : INFO : EventManager : Event: ======'machine_var_audits_missing_switches_s_trough_jam'====== Args={'value': 251, 'prev_value': None, 'change': True}
2025-11-13 23:00:43,475 : INFO : EventManager : Event: ======'machine_var_audits_player_score'====== Args={'value': {'average': 215167, 'top': [10210000, 1550000, 1070000, 1070000, 810000, 710000, 640000, 570000, 530000, 480000], 'total': 118}, 'prev_value': None, 'change': True}
2025-11-13 23:00:43,475 : INFO : EventManager : Event: ======'machine_var_audits_shots_bumper1'====== Args={'value': 4510, 'prev_value': None, 'change': True}
2025-11-13 23:00:43,475 : INFO : EventManager : Event: ======'machine_var_audits_shots_bumper2'====== Args={'value': 4409, 'prev_value': None, 'change': True}
2025-11-13 23:00:43,475 : INFO : EventManager : Event: ======'machine_var_audits_shots_bumper3'====== Args={'value': 4253, 'prev_value': None, 'change': True}
2025-11-13 23:00:43,475 : INFO : EventManager : Event: ======'machine_var_audits_shots_c_shot'====== Args={'value': 176, 'prev_value': None, 'change': True}
2025-11-13 23:00:43,475 : INFO : EventManager : Event: ======'machine_var_audits_shots_csi_shot'====== Args={'value': 9, 'prev_value': None, 'change': True}
2025-11-13 23:00:43,475 : INFO : EventManager : Event: ======'machine_var_audits_shots_i_shot'====== Args={'value': 148, 'prev_value': None, 'change': True}
2025-11-13 23:00:43,475 : INFO : EventManager : Event: ======'machine_var_audits_shots_s10'====== Args={'value': 8, 'prev_value': None, 'change': True}
2025-11-13 23:00:43,475 : INFO : EventManager : Event: ======'machine_var_audits_shots_s11'====== Args={'value': 8, 'prev_value': None, 'change': True}
2025-11-13 23:00:43,475 : INFO : EventManager : Event: ======'machine_var_audits_shots_s13'====== Args={'value': 2, 'prev_value': None, 'change': True}
2025-11-13 23:00:43,475 : INFO : EventManager : Event: ======'machine_var_audits_shots_s2'====== Args={'value': 33, 'prev_value': None, 'change': True}
2025-11-13 23:00:43,475 : INFO : EventManager : Event: ======'machine_var_audits_shots_s5'====== Args={'value': 5, 'prev_value': None, 'change': True}
2025-11-13 23:00:43,475 : INFO : EventManager : Event: ======'machine_var_audits_shots_s6'====== Args={'value': 1, 'prev_value': None, 'change': True}
2025-11-13 23:00:43,475 : INFO : EventManager : Event: ======'machine_var_audits_shots_s7'====== Args={'value': 10, 'prev_value': None, 'change': True}
2025-11-13 23:00:43,475 : INFO : EventManager : Event: ======'machine_var_audits_shots_s8'====== Args={'value': 4, 'prev_value': None, 'change': True}
2025-11-13 23:00:43,475 : INFO : EventManager : Event: ======'machine_var_audits_shots_s_shot'====== Args={'value': 161, 'prev_value': None, 'change': True}
2025-11-13 23:00:43,475 : INFO : EventManager : Event: ======'machine_var_audits_shots_switch_shot'====== Args={'value': 245, 'prev_value': None, 'change': True}
2025-11-13 23:00:43,475 : INFO : EventManager : Event: ======'machine_var_audits_switches_s_drain'====== Args={'value': 544, 'prev_value': None, 'change': True}
2025-11-13 23:00:43,475 : INFO : EventManager : Event: ======'machine_var_audits_switches_s_launch_button'====== Args={'value': 1, 'prev_value': None, 'change': True}
2025-11-13 23:00:43,475 : INFO : EventManager : Event: ======'machine_var_audits_switches_s_left_flipper'====== Args={'value': 478, 'prev_value': None, 'change': True}
2025-11-13 23:00:43,475 : INFO : EventManager : Event: ======'machine_var_audits_switches_s_left_inlane1'====== Args={'value': 186, 'prev_value': None, 'change': True}
2025-11-13 23:00:43,475 : INFO : EventManager : Event: ======'machine_var_audits_switches_s_left_inlane2'====== Args={'value': 168, 'prev_value': None, 'change': True}
2025-11-13 23:00:43,475 : INFO : EventManager : Event: ======'machine_var_audits_switches_s_left_outlane'====== Args={'value': 1, 'prev_value': None, 'change': True}
2025-11-13 23:00:43,475 : INFO : EventManager : Event: ======'machine_var_audits_switches_s_morgue'====== Args={'value': 36, 'prev_value': None, 'change': True}
2025-11-13 23:00:43,475 : INFO : EventManager : Event: ======'machine_var_audits_switches_s_plunger_lane'====== Args={'value': 956, 'prev_value': None, 'change': True}
2025-11-13 23:00:43,475 : INFO : EventManager : Event: ======'machine_var_audits_switches_s_popbumper1'====== Args={'value': 4554, 'prev_value': None, 'change': True}
2025-11-13 23:00:43,475 : INFO : EventManager : Event: ======'machine_var_audits_switches_s_popbumper2'====== Args={'value': 4450, 'prev_value': None, 'change': True}
2025-11-13 23:00:43,475 : INFO : EventManager : Event: ======'machine_var_audits_switches_s_popbumper3'====== Args={'value': 4295, 'prev_value': None, 'change': True}
2025-11-13 23:00:43,475 : INFO : EventManager : Event: ======'machine_var_audits_switches_s_ramp'====== Args={'value': 1048, 'prev_value': None, 'change': True}
2025-11-13 23:00:43,475 : INFO : EventManager : Event: ======'machine_var_audits_switches_s_right_flipper'====== Args={'value': 787, 'prev_value': None, 'change': True}
2025-11-13 23:00:43,475 : INFO : EventManager : Event: ======'machine_var_audits_switches_s_right_inlane'====== Args={'value': 154, 'prev_value': None, 'change': True}
2025-11-13 23:00:43,475 : INFO : EventManager : Event: ======'machine_var_audits_switches_s_right_orbit'====== Args={'value': 85, 'prev_value': None, 'change': True}
2025-11-13 23:00:43,475 : INFO : EventManager : Event: ======'machine_var_audits_switches_s_right_outlane'====== Args={'value': 5, 'prev_value': None, 'change': True}
2025-11-13 23:00:43,475 : INFO : EventManager : Event: ======'machine_var_audits_switches_s_scoop'====== Args={'value': 438, 'prev_value': None, 'change': True}
2025-11-13 23:00:43,475 : INFO : EventManager : Event: ======'machine_var_audits_switches_s_skull_lock1'====== Args={'value': 72, 'prev_value': None, 'change': True}
2025-11-13 23:00:43,475 : INFO : EventManager : Event: ======'machine_var_audits_switches_s_skull_lock2'====== Args={'value': 81, 'prev_value': None, 'change': True}
2025-11-13 23:00:43,475 : INFO : EventManager : Event: ======'machine_var_audits_switches_s_sling_left'====== Args={'value': 0, 'prev_value': None, 'change': True}
2025-11-13 23:00:43,475 : INFO : EventManager : Event: ======'machine_var_audits_switches_s_sling_right'====== Args={'value': 0, 'prev_value': None, 'change': True}
2025-11-13 23:00:43,475 : INFO : EventManager : Event: ======'machine_var_audits_switches_s_start'====== Args={'value': 681, 'prev_value': None, 'change': True}
2025-11-13 23:00:43,475 : INFO : EventManager : Event: ======'machine_var_audits_switches_s_trough1'====== Args={'value': 385, 'prev_value': None, 'change': True}
2025-11-13 23:00:43,475 : INFO : EventManager : Event: ======'machine_var_audits_switches_s_trough2'====== Args={'value': 18, 'prev_value': None, 'change': True}
2025-11-13 23:00:43,475 : INFO : EventManager : Event: ======'machine_var_audits_switches_s_trough3'====== Args={'value': 1, 'prev_value': None, 'change': True}
2025-11-13 23:00:43,475 : INFO : EventManager : Event: ======'machine_var_audits_switches_s_trough4'====== Args={'value': 1, 'prev_value': None, 'change': True}
2025-11-13 23:00:43,475 : INFO : EventManager : Event: ======'machine_var_audits_switches_s_trough_jam'====== Args={'value': 8, 'prev_value': None, 'change': True}
2025-11-13 23:00:43,475 : INFO : EventManager : Event: ======'init_phase_5'====== Args={}
2025-11-13 23:00:43,476 : INFO : EventManager : Event: ======'init_done'====== Args={}
2025-11-13 23:00:43,476 : INFO : EventManager : Event: ======'machine_reset_phase_1'====== Args={}
2025-11-13 23:00:43,515 : INFO : EventManager : Event: ======'machine_reset_phase_2'====== Args={}
2025-11-13 23:00:43,515 : INFO : EventManager : Event: ======'machine_reset_phase_3'====== Args={}
2025-11-13 23:00:43,515 : INFO : EventManager : Event: ======'reset_complete'====== Args={}
2025-11-13 23:00:43,515 : INFO : EventManager : Event: ======'mode_attract_will_start'====== Args={}
2025-11-13 23:00:43,515 : INFO : Timer.attract_carousel_timer : Starting Timer.
2025-11-13 23:00:43,515 : INFO : EventManager : Event: ======'timer_attract_carousel_timer_started'====== Args={'ticks': 0, 'ticks_remaining': 1}
2025-11-13 23:00:43,515 : INFO : EventManager : Event: ======'timer_attract_carousel_timer_tick'====== Args={'ticks': 0, 'ticks_remaining': 1}
2025-11-13 23:00:43,515 : INFO : EventManager : Event: ======'mode_attract_starting'====== Args={}
2025-11-13 23:00:43,515 : INFO : Mode.attract : Started. Priority: 10
2025-11-13 23:00:43,515 : INFO : EventManager : Event: ======'modes_active_modes_changed'====== Args={}
2025-11-13 23:00:43,515 : INFO : EventManager : Event: ======'mode_attract_started'====== Args={}
2025-11-13 23:00:43,516 : INFO : EventManager : Event: ======'collecting_balls_complete'====== Args={}
2025-11-13 23:00:43,516 : INFO : EventManager : Event: ======'carousel_item_highlighted'====== Args={'carousel': 'attract', 'direction': None, 'item': 'title'}
2025-11-13 23:00:43,516 : INFO : Machine : Starting the main run loop with active modes: [<Mode.attract>]
2025-11-13 23:00:43,901 : INFO : EventManager : Event: ======'slide_attract_created'====== Args={'_from_bcp': True}
2025-11-13 23:00:43,901 : INFO : EventManager : Event: ======'slide__removed'====== Args={'_from_bcp': True}
2025-11-13 23:00:43,901 : INFO : EventManager : Event: ======'slide_attract_active'====== Args={'original_context': 'attract', 'original_calling_context': 'mode_attract_started', 'priority': 10.0, 'cmd': 'slides_play', '_from_bcp': True}
2025-11-13 23:00:43,948 : INFO : BcpServer : New client connected.
2025-11-13 23:00:48,517 : INFO : Timer.attract_carousel_timer : Timer Complete
2025-11-13 23:00:48,517 : INFO : Timer.attract_carousel_timer : Stopping Timer
2025-11-13 23:00:48,517 : INFO : EventManager : Event: ======'timer_attract_carousel_timer_stopped'====== Args={'ticks': 1, 'ticks_remaining': 1}
2025-11-13 23:00:48,518 : INFO : EventManager : Event: ======'timer_attract_carousel_timer_complete'====== Args={'ticks': 1, 'ticks_remaining': 1}
2025-11-13 23:00:48,518 : INFO : EventManager : Event: ======'carousel_item_highlighted'====== Args={'carousel': 'attract', 'direction': 'forwards', 'item': 'credits'}
2025-11-13 23:00:54,058 : INFO : SwitchController : <<<<<<< 's_start' active >>>>>>>
2025-11-13 23:00:54,175 : INFO : SwitchController : <<<<<<< 's_start' inactive >>>>>>>
2025-11-13 23:00:54,175 : INFO : EventManager : Event: ======'request_to_start_game'====== Args={}
2025-11-13 23:00:54,176 : INFO : EventManager : Event: ======'game_start'====== Args={'buttons': [], 'hold_time': 0.11650041700340807}
2025-11-13 23:00:54,177 : INFO : EventManager : Event: ======'mode_game_will_start'====== Args={'buttons': [], 'hold_time': 0.11650041700340807}
2025-11-13 23:00:54,178 : INFO : EventManager : Event: ======'mode_game_starting'====== Args={'buttons': [], 'hold_time': 0.11650041700340807}
2025-11-13 23:00:54,178 : INFO : EventManager : Event: ======'mode_attract_will_stop'====== Args={}
2025-11-13 23:00:54,178 : INFO : EventManager : Event: ======'mode_attract_stopping'====== Args={}
2025-11-13 23:00:54,178 : INFO : Mode.attract : Stopped.
2025-11-13 23:00:54,178 : INFO : EventManager : Event: ======'modes_active_modes_changed'====== Args={}
2025-11-13 23:00:54,179 : INFO : EventManager : Event: ======'mode_attract_stopped'====== Args={}
2025-11-13 23:00:54,180 : INFO : EventManager : Event: ======'clear'====== Args={'key': 'attract'}
2025-11-13 23:00:54,180 : INFO : Timer.attract_carousel_timer : Stopping Timer
2025-11-13 23:00:54,180 : INFO : EventManager : Event: ======'timer_attract_carousel_timer_stopped'====== Args={'ticks': 1, 'ticks_remaining': 1}
2025-11-13 23:00:54,181 : INFO : Mode.game : Started. Priority: 20
2025-11-13 23:00:54,181 : INFO : EventManager : Event: ======'modes_active_modes_changed'====== Args={}
2025-11-13 23:00:54,181 : INFO : EventManager : Event: ======'mode_game_started'====== Args={'buttons': [], 'hold_time': 0.11650041700340807}
2025-11-13 23:00:54,182 : INFO : EventManager : Event: ======'game_will_start'====== Args={}
2025-11-13 23:00:54,182 : INFO : EventManager : Event: ======'game_starting'====== Args={'game': <Mode.game>}
2025-11-13 23:00:54,183 : INFO : EventManager : Unordered handler for class <Auditor> on event game_ended with priority 1. Handlers: [RegisteredHandler(callback=<bound method Auditor.disable of <Auditor>>, priority=1, kwargs={}, key=UUID('d7c23918-5d17-48f2-9d2b-6554cdc63878'), condition=None, blocking_facility=None), RegisteredHandler(callback=<bound method Auditor._save_audits of <Auditor>>, priority=1, kwargs={}, key=UUID('1e47a6b7-0123-46fc-b5cd-066dbc91ba62'), condition=None, blocking_facility=None)]. The order of those handlers is not defined and they will be executed in random order. This might lead to race conditions and potential bugs.
2025-11-13 23:00:54,183 : INFO : EventManager : Event: ======'player_add_request'====== Args={}
2025-11-13 23:00:54,184 : INFO : EventManager : Event: ======'player_will_add'====== Args={'number': 1}
2025-11-13 23:00:54,184 : INFO : EventManager : Event: ======'player_adding'====== Args={'player': <Player 1>, 'number': 1}
2025-11-13 23:00:54,184 : INFO : EventManager : Event: ======'player_added'====== Args={'player': <Player 1>, 'num': 1}
2025-11-13 23:00:54,184 : INFO : Mode.game : Player added successfully. Total players: 1
2025-11-13 23:00:54,185 : INFO : EventManager : Event: ======'player_index'====== Args={'value': 0, 'prev_value': 0, 'change': 0, 'player_num': 1}
2025-11-13 23:00:54,185 : INFO : EventManager : Event: ======'player_number'====== Args={'value': 1, 'prev_value': 1, 'change': 0, 'player_num': 1}
2025-11-13 23:00:54,185 : INFO : EventManager : Event: ======'player_bonus_multiplier'====== Args={'value': 1, 'prev_value': 1, 'change': 0, 'player_num': 1}
2025-11-13 23:00:54,186 : INFO : EventManager : Event: ======'player_skull_ramp_nb'====== Args={'value': 0, 'prev_value': 0, 'change': 0, 'player_num': 1}
2025-11-13 23:00:54,186 : INFO : EventManager : Event: ======'player_skillshot'====== Args={'value': 0, 'prev_value': 0, 'change': 0, 'player_num': 1}
2025-11-13 23:00:54,186 : INFO : EventManager : Event: ======'player_skillshot_count'====== Args={'value': 0, 'prev_value': 0, 'change': 0, 'player_num': 1}
2025-11-13 23:00:54,186 : INFO : EventManager : Event: ======'player_score'====== Args={'value': 0, 'prev_value': 0, 'change': 0, 'player_num': 1}
2025-11-13 23:00:54,187 : INFO : EventManager : Event: ======'game_started'====== Args={}
2025-11-13 23:00:54,187 : INFO : EventManager : Event: ======'player_turn_will_start'====== Args={'player': <Player 1>, 'number': 1}
2025-11-13 23:00:54,188 : INFO : EventManager : Event: ======'player_turn_starting'====== Args={'player': <Player 1>, 'number': 1}
2025-11-13 23:00:54,188 : INFO : EventManager : Event: ======'player_ball'====== Args={'value': 1, 'prev_value': 0, 'change': 1, 'player_num': 1}
2025-11-13 23:00:54,196 : INFO : EventManager : Event: ======'player_turn_started'====== Args={'player': <Player 1>, 'number': 1}
2025-11-13 23:00:54,197 : INFO : EventManager : Event: ======'ball_will_start'====== Args={'player': 1, 'ball': 1, 'balls_remaining': 2, 'is_extra_ball': False}
2025-11-13 23:00:54,197 : INFO : EventManager : Event: ======'ball_starting'====== Args={'player': 1, 'ball': 1, 'balls_remaining': 2, 'is_extra_ball': False}
2025-11-13 23:00:54,198 : INFO : EventManager : Event: ======'mode_base_will_start'====== Args={'queue': <QueuedEvent>, 'player': 1, 'ball': 1, 'balls_remaining': 2, 'is_extra_ball': False}
2025-11-13 23:00:54,198 : INFO : EventManager : Event: ======'player_base_player_added_timer_tick'====== Args={'value': 0, 'prev_value': 0, 'change': 0, 'player_num': 1}
2025-11-13 23:00:54,199 : INFO : Timer.player_added_timer : Starting Timer.
2025-11-13 23:00:54,199 : INFO : EventManager : Event: ======'timer_player_added_timer_started'====== Args={'ticks': 0, 'ticks_remaining': 1}
2025-11-13 23:00:54,199 : INFO : EventManager : Event: ======'timer_player_added_timer_tick'====== Args={'ticks': 0, 'ticks_remaining': 1}
2025-11-13 23:00:54,200 : INFO : EventManager : Event: ======'mode_base_starting'====== Args={'queue': <QueuedEvent>, 'player': 1, 'ball': 1, 'balls_remaining': 2, 'is_extra_ball': False}
2025-11-13 23:00:54,200 : INFO : Mode.base : Started. Priority: 100
2025-11-13 23:00:54,200 : INFO : EventManager : Event: ======'modes_active_modes_changed'====== Args={}
2025-11-13 23:00:54,200 : INFO : EventManager : Event: ======'mode_base_started'====== Args={'queue': <QueuedEvent>, 'player': 1, 'ball': 1, 'balls_remaining': 2, 'is_extra_ball': False}
2025-11-13 23:00:54,200 : INFO : EventManager : Event: ======'start_mode_bumpers'====== Args={'priority': 0}
2025-11-13 23:00:54,201 : INFO : EventManager : Event: ======'start_mode_csi_lanes'====== Args={'priority': 0}
2025-11-13 23:00:54,201 : INFO : EventManager : Event: ======'start_mode_skull'====== Args={'priority': 0}
2025-11-13 23:00:54,201 : INFO : EventManager : Event: ======'mode_bumpers_will_start'====== Args={'priority': 0}
2025-11-13 23:00:54,202 : INFO : EventManager : Event: ======'player_shot_bumper1_enabled'====== Args={'value': True, 'prev_value': 0, 'change': 1, 'player_num': 1}
2025-11-13 23:00:54,202 : INFO : EventManager : Event: ======'player_shot_bumper2_enabled'====== Args={'value': True, 'prev_value': 0, 'change': 1, 'player_num': 1}
2025-11-13 23:00:54,203 : INFO : EventManager : Event: ======'player_shot_bumper3_enabled'====== Args={'value': True, 'prev_value': 0, 'change': 1, 'player_num': 1}
2025-11-13 23:00:54,203 : INFO : EventManager : Event: ======'bumpers_complete'====== Args={'state': 'unlit'}
2025-11-13 23:00:54,203 : INFO : EventManager : Event: ======'bumpers_unlit_complete'====== Args={}
2025-11-13 23:00:54,204 : INFO : EventManager : Event: ======'player_bumpers_bumper_timer_tick'====== Args={'value': 0, 'prev_value': 0, 'change': 0, 'player_num': 1}
2025-11-13 23:00:54,204 : INFO : Timer.bumper_timer : Starting Timer.
2025-11-13 23:00:54,204 : INFO : EventManager : Event: ======'timer_bumper_timer_started'====== Args={'ticks': 0, 'ticks_remaining': 1}
2025-11-13 23:00:54,204 : INFO : EventManager : Event: ======'timer_bumper_timer_tick'====== Args={'ticks': 0, 'ticks_remaining': 1}
2025-11-13 23:00:54,205 : INFO : EventManager : Event: ======'mode_bumpers_starting'====== Args={'priority': 0}
2025-11-13 23:00:54,205 : INFO : EventManager : Event: ======'mode_csi_lanes_will_start'====== Args={'priority': 0}
2025-11-13 23:00:54,205 : INFO : EventManager : Event: ======'player_shot_c_shot_enabled'====== Args={'value': True, 'prev_value': 0, 'change': 1, 'player_num': 1}
2025-11-13 23:00:54,206 : INFO : EventManager : Event: ======'player_shot_s_shot_enabled'====== Args={'value': True, 'prev_value': 0, 'change': 1, 'player_num': 1}
2025-11-13 23:00:54,206 : INFO : EventManager : Event: ======'player_shot_i_shot_enabled'====== Args={'value': True, 'prev_value': 0, 'change': 1, 'player_num': 1}
2025-11-13 23:00:54,206 : INFO : EventManager : Event: ======'csi_shots_complete'====== Args={'state': 'unlit'}
2025-11-13 23:00:54,206 : INFO : EventManager : Event: ======'csi_shots_unlit_complete'====== Args={}
2025-11-13 23:00:54,207 : INFO : EventManager : Event: ======'player_csi_lanes_csi_lanes_timer_tick'====== Args={'value': 0, 'prev_value': 0, 'change': 0, 'player_num': 1}
2025-11-13 23:00:54,207 : INFO : Timer.csi_lanes_timer : Starting Timer.
2025-11-13 23:00:54,207 : INFO : EventManager : Event: ======'timer_csi_lanes_timer_started'====== Args={'ticks': 0, 'ticks_remaining': 1}
2025-11-13 23:00:54,208 : INFO : EventManager : Event: ======'timer_csi_lanes_timer_tick'====== Args={'ticks': 0, 'ticks_remaining': 1}
2025-11-13 23:00:54,208 : INFO : EventManager : Event: ======'player_csi_lanes_csi_right_orbit_timer_tick'====== Args={'value': 0, 'prev_value': 0, 'change': 0, 'player_num': 1}
2025-11-13 23:00:54,209 : INFO : EventManager : Event: ======'mode_csi_lanes_starting'====== Args={'priority': 0}
2025-11-13 23:00:54,209 : INFO : EventManager : Event: ======'mode_skull_will_start'====== Args={'priority': 0}
2025-11-13 23:00:54,210 : INFO : EventManager : Event: ======'player_skull_pause_timer_tick'====== Args={'value': 0, 'prev_value': 0, 'change': 0, 'player_num': 1}
2025-11-13 23:00:54,210 : INFO : Timer.pause_timer : Starting Timer.
2025-11-13 23:00:54,210 : INFO : EventManager : Event: ======'timer_pause_timer_started'====== Args={'ticks': 0, 'ticks_remaining': 1}
2025-11-13 23:00:54,210 : INFO : EventManager : Event: ======'timer_pause_timer_tick'====== Args={'ticks': 0, 'ticks_remaining': 1}
2025-11-13 23:00:54,211 : INFO : EventManager : Event: ======'mode_skull_starting'====== Args={'priority': 0}
2025-11-13 23:00:54,211 : INFO : Mode.bumpers : Started. Priority: 200
2025-11-13 23:00:54,211 : INFO : EventManager : Event: ======'modes_active_modes_changed'====== Args={}
2025-11-13 23:00:54,211 : INFO : EventManager : Event: ======'mode_bumpers_started'====== Args={'priority': 0}
2025-11-13 23:00:54,211 : INFO : EventManager : Event: ======'balls_in_play'====== Args={'balls': 1}
2025-11-13 23:00:54,211 : INFO : EventManager : Event: ======'ball_started'====== Args={'player': 1, 'ball': 1, 'balls_remaining': 2, 'is_extra_ball': False}
2025-11-13 23:00:54,212 : INFO : EventManager : Event: ======'mode_skillshot_will_start'====== Args={'player': 1, 'ball': 1, 'balls_remaining': 2, 'is_extra_ball': False}
2025-11-13 23:00:54,212 : INFO : EventManager : Event: ======'player_shot_s1_enabled'====== Args={'value': True, 'prev_value': 0, 'change': 1, 'player_num': 1}
2025-11-13 23:00:54,212 : INFO : EventManager : Event: ======'player_shot_s2_enabled'====== Args={'value': True, 'prev_value': 0, 'change': 1, 'player_num': 1}
2025-11-13 23:00:54,212 : INFO : EventManager : Event: ======'player_shot_s3_enabled'====== Args={'value': True, 'prev_value': 0, 'change': 1, 'player_num': 1}
2025-11-13 23:00:54,213 : INFO : EventManager : Event: ======'player_shot_s4_enabled'====== Args={'value': True, 'prev_value': 0, 'change': 1, 'player_num': 1}
2025-11-13 23:00:54,213 : INFO : EventManager : Event: ======'player_shot_s5_enabled'====== Args={'value': True, 'prev_value': 0, 'change': 1, 'player_num': 1}
2025-11-13 23:00:54,213 : INFO : EventManager : Event: ======'player_shot_s6_enabled'====== Args={'value': True, 'prev_value': 0, 'change': 1, 'player_num': 1}
2025-11-13 23:00:54,213 : INFO : EventManager : Event: ======'player_shot_s7_enabled'====== Args={'value': True, 'prev_value': 0, 'change': 1, 'player_num': 1}
2025-11-13 23:00:54,213 : INFO : EventManager : Event: ======'player_shot_s8_enabled'====== Args={'value': True, 'prev_value': 0, 'change': 1, 'player_num': 1}
2025-11-13 23:00:54,213 : INFO : EventManager : Event: ======'player_shot_s9_enabled'====== Args={'value': True, 'prev_value': 0, 'change': 1, 'player_num': 1}
2025-11-13 23:00:54,214 : INFO : EventManager : Event: ======'player_shot_s10_enabled'====== Args={'value': True, 'prev_value': 0, 'change': 1, 'player_num': 1}
2025-11-13 23:00:54,214 : INFO : EventManager : Event: ======'player_shot_s11_enabled'====== Args={'value': True, 'prev_value': 0, 'change': 1, 'player_num': 1}
2025-11-13 23:00:54,214 : INFO : EventManager : Event: ======'player_shot_s12_enabled'====== Args={'value': True, 'prev_value': 0, 'change': 1, 'player_num': 1}
2025-11-13 23:00:54,214 : INFO : EventManager : Event: ======'player_shot_s13_enabled'====== Args={'value': True, 'prev_value': 0, 'change': 1, 'player_num': 1}
2025-11-13 23:00:54,215 : INFO : EventManager : Event: ======'player_shot_s14_enabled'====== Args={'value': True, 'prev_value': 0, 'change': 1, 'player_num': 1}
2025-11-13 23:00:54,215 : INFO : EventManager : Event: ======'player_shot_s15_enabled'====== Args={'value': True, 'prev_value': 0, 'change': 1, 'player_num': 1}
2025-11-13 23:00:54,215 : INFO : EventManager : Event: ======'player_shot_s16_enabled'====== Args={'value': True, 'prev_value': 0, 'change': 1, 'player_num': 1}
2025-11-13 23:00:54,215 : INFO : EventManager : Event: ======'not_skillshot_complete'====== Args={'state': 'unlit'}
2025-11-13 23:00:54,215 : INFO : EventManager : Event: ======'not_skillshot_unlit_complete'====== Args={}
2025-11-13 23:00:54,216 : INFO : EventManager : Event: ======'mode_skillshot_starting'====== Args={'player': 1, 'ball': 1, 'balls_remaining': 2, 'is_extra_ball': False}
2025-11-13 23:00:54,217 : INFO : EventManager : Event: ======'logicblock_csi_lanes_then_scoop_updated'====== Args={'value': 0, 'enabled': True}
2025-11-13 23:00:54,217 : INFO : EventManager : Event: ======'logicblock_csi_lanes_then_scoop_then_right_orbit_updated'====== Args={'value': 0, 'enabled': True}
2025-11-13 23:00:54,217 : INFO : EventManager : Event: ======'logicblock_csi_lanes_then_scoop_updated'====== Args={'value': 0, 'enabled': True}
2025-11-13 23:00:54,217 : INFO : EventManager : Event: ======'logicblock_csi_lanes_then_scoop_then_right_orbit_updated'====== Args={'value': 0, 'enabled': True}
2025-11-13 23:00:54,217 : INFO : Mode.csi_lanes : Started. Priority: 200
2025-11-13 23:00:54,217 : INFO : EventManager : Event: ======'modes_active_modes_changed'====== Args={}
2025-11-13 23:00:54,217 : INFO : EventManager : Event: ======'mode_csi_lanes_started'====== Args={'priority': 0}
2025-11-13 23:00:54,217 : INFO : EventManager : Event: ======'player_multiplier'====== Args={'value': 1, 'prev_value': 0, 'change': 1, 'player_num': 1, 'source': 'csi_lanes'}
2025-11-13 23:00:54,218 : INFO : EventManager : Event: ======'logicblock_seq_lock1_updated'====== Args={'value': 0, 'enabled': True}
2025-11-13 23:00:54,218 : INFO : EventManager : Event: ======'logicblock_seq_lock2_updated'====== Args={'value': 0, 'enabled': True}
2025-11-13 23:00:54,218 : INFO : EventManager : Event: ======'logicblock_seq_ready_for_MB_updated'====== Args={'value': 0, 'enabled': True}
2025-11-13 23:00:54,218 : INFO : EventManager : Event: ======'logicblock_seq_lock1_updated'====== Args={'value': 0, 'enabled': True}
2025-11-13 23:00:54,218 : INFO : EventManager : Event: ======'logicblock_seq_lock2_updated'====== Args={'value': 0, 'enabled': True}
2025-11-13 23:00:54,218 : INFO : EventManager : Event: ======'logicblock_seq_ready_for_MB_updated'====== Args={'value': 0, 'enabled': True}
2025-11-13 23:00:54,218 : INFO : Mode.skull : Started. Priority: 200
2025-11-13 23:00:54,218 : INFO : EventManager : Event: ======'modes_active_modes_changed'====== Args={}
2025-11-13 23:00:54,218 : INFO : EventManager : Event: ======'mode_skull_started'====== Args={'priority': 0}
2025-11-13 23:00:54,218 : INFO : EventManager : Event: ======'logicblock_seq_skillshot_success_updated'====== Args={'value': 0, 'enabled': True}
2025-11-13 23:00:54,218 : INFO : EventManager : Event: ======'logicblock_seq_skillshot_success_updated'====== Args={'value': 0, 'enabled': True}
2025-11-13 23:00:54,218 : INFO : Mode.skillshot : Started. Priority: 200
2025-11-13 23:00:54,218 : INFO : EventManager : Event: ======'modes_active_modes_changed'====== Args={}
2025-11-13 23:00:54,218 : INFO : EventManager : Event: ======'mode_skillshot_started'====== Args={'player': 1, 'ball': 1, 'balls_remaining': 2, 'is_extra_ball': False}
2025-11-13 23:00:54,218 : INFO : EventManager : Event: ======'single_player_ball_started'====== Args={}
2025-11-13 23:00:54,219 : INFO : EventManager : Event: ======'ball_start_target'====== Args={'target': 'playfield'}
2025-11-13 23:00:54,219 : INFO : ball_device.bd_trough : Setting up player-controlled eject. Balls: 1, Target: <playfield.playfield>, player_controlled_eject_event: None
2025-11-13 23:00:54,219 : INFO : ball_device.bd_trough : Adding 1 ball(s) to the eject_queue with target <playfield.playfield>.
2025-11-13 23:00:54,219 : INFO : EventManager : Event: ======'balldevice_balls_available'====== Args={}
2025-11-13 23:00:54,220 : INFO : ball_device.bd_trough : State: waiting_for_target_ready
2025-11-13 23:00:54,220 : INFO : EventManager : Event: ======'balldevice_bd_trough_ball_eject_attempt'====== Args={'balls': 1, 'target': <ball_device.bd_plunger>, 'source': <ball_device.bd_trough>, 'mechanical_eject': False, 'num_attempts': 0}
2025-11-13 23:00:54,220 : INFO : ball_device.bd_plunger : State: waiting_for_ball
2025-11-13 23:00:54,220 : INFO : ball_device.bd_trough : State: ejecting
2025-11-13 23:00:54,220 : INFO : ball_device.bd_trough : Ejecting ball to <ball_device.bd_plunger>
2025-11-13 23:00:54,220 : INFO : EventManager : Event: ======'balldevice_bd_trough_ejecting_ball'====== Args={'balls': 1, 'target': <ball_device.bd_plunger>, 'source': <ball_device.bd_trough>, 'mechanical_eject': False, 'num_attempts': 0}
2025-11-13 23:00:54,221 : INFO : ball_device.bd_trough : Wait for ball to leave device
2025-11-13 23:00:54,221 : INFO : coil.c_trough_eject : Pulsing Driver for 20ms (1.0 pulse_power)
2025-11-13 23:00:54,221 : INFO : SwitchController : <<<<<<< 's_trough1' inactive >>>>>>>
2025-11-13 23:00:54,221 : INFO : ball_device.bd_trough : State: ball_left
2025-11-13 23:00:54,221 : INFO : ball_device.bd_trough : Ball left
2025-11-13 23:00:54,221 : INFO : ball_device.bd_trough : Wait for confirm with timeout 3.0
2025-11-13 23:00:54,322 : INFO : SwitchController : <<<<<<< 's_plunger_lane' active >>>>>>>
2025-11-13 23:00:54,322 : INFO : EventManager : Event: ======'machine_var_audits_switches_s_plunger_lane'====== Args={'value': 957, 'prev_value': 956, 'change': 1}
2025-11-13 23:00:54,345 : INFO : EventManager : Event: ======'slide_base_slide_created'====== Args={'_from_bcp': True}
2025-11-13 23:00:54,345 : INFO : EventManager : Event: ======'slide_attract_inactive'====== Args={'is_removing': True, '_from_bcp': True}
2025-11-13 23:00:54,346 : INFO : EventManager : Event: ======'slide_base_slide_active'====== Args={'original_context': 'base', 'original_calling_context': 'mode_base_started', 'priority': 100.0, 'queue': '<QueuedEvent>', 'player': 1.0, 'ball': 1.0, 'balls_remaining': 2.0, 'is_extra_ball': False, 'cmd': 'slides_play', '_from_bcp': True}
2025-11-13 23:00:54,347 : INFO : EventManager : Event: ======'slide_attract_removed'====== Args={'_from_bcp': True}
2025-11-13 23:00:54,704 : INFO : EventManager : Event: ======'player_bumpers_bumper_timer_tick'====== Args={'value': 1, 'prev_value': 0, 'change': 1, 'player_num': 1}
2025-11-13 23:00:54,705 : INFO : Timer.bumper_timer : Timer Complete
2025-11-13 23:00:54,705 : INFO : Timer.bumper_timer : Stopping Timer
2025-11-13 23:00:54,706 : INFO : EventManager : Event: ======'timer_bumper_timer_stopped'====== Args={'ticks': 1, 'ticks_remaining': 1}
2025-11-13 23:00:54,706 : INFO : EventManager : Event: ======'timer_bumper_timer_complete'====== Args={'ticks': 1, 'ticks_remaining': 1}
2025-11-13 23:00:54,823 : INFO : ball_device.bd_plunger : Received ball from <ball_device.bd_trough>
2025-11-13 23:00:54,823 : INFO : EventManager : Event: ======'balldevice_bd_plunger_ball_enter'====== Args={'new_balls': 1, 'unclaimed_balls': 0, 'new_available_balls': 0, 'device': <ball_device.bd_plunger>}
2025-11-13 23:00:54,824 : INFO : EventManager : Event: ======'balldevice_bd_plunger_ball_entered'====== Args={'new_balls': 0, 'device': <ball_device.bd_plunger>}
2025-11-13 23:00:54,824 : INFO : EventManager : Event: ======'balldevice_bd_plunger_ball_count_changed'====== Args={'balls': 1}
2025-11-13 23:00:54,824 : INFO : ball_device.bd_trough : Got eject confirm
2025-11-13 23:00:54,825 : INFO : ball_device.bd_trough : Eject successful
2025-11-13 23:00:54,825 : INFO : EventManager : Event: ======'balldevice_bd_trough_ball_eject_success'====== Args={'balls': 1, 'target': <ball_device.bd_plunger>}
2025-11-13 23:00:54,825 : INFO : EventManager : Event: ======'balldevice_bd_trough_ball_count_changed'====== Args={'balls': 3}
2025-11-13 23:00:54,825 : INFO : ball_device.bd_trough : State: idle
2025-11-13 23:00:54,825 : INFO : ball_device.bd_plunger : State: waiting_for_target_ready
2025-11-13 23:00:54,825 : INFO : EventManager : Event: ======'balldevice_bd_plunger_ball_eject_attempt'====== Args={'balls': 1, 'target': <playfield.playfield>, 'source': <ball_device.bd_plunger>, 'mechanical_eject': False, 'num_attempts': 0}
2025-11-13 23:00:54,826 : INFO : ball_device.bd_plunger : State: ejecting
2025-11-13 23:00:54,826 : INFO : ball_device.bd_plunger : Ejecting ball to <playfield.playfield>
2025-11-13 23:00:54,826 : INFO : EventManager : Event: ======'balldevice_bd_plunger_ejecting_ball'====== Args={'balls': 1, 'target': <playfield.playfield>, 'source': <ball_device.bd_plunger>, 'mechanical_eject': False, 'num_attempts': 0}
2025-11-13 23:00:54,826 : INFO : ball_device.bd_plunger : Wait for ball to leave device
2025-11-13 23:00:54,826 : INFO : coil.c_plunger : Pulsing Driver for 20ms (1.0 pulse_power)
2025-11-13 23:00:54,826 : INFO : SwitchController : <<<<<<< 's_plunger_lane' inactive >>>>>>>
2025-11-13 23:00:54,826 : INFO : EventManager : Event: ======'s_plunger_lane_inactive'====== Args={}
2025-11-13 23:00:54,827 : INFO : EventManager : Event: ======'logicblock_seq_skillshot_success_updated'====== Args={'value': 1, 'enabled': True}
2025-11-13 23:00:54,827 : INFO : EventManager : Event: ======'logicblock_seq_skillshot_success_hit'====== Args={'step': 1}
2025-11-13 23:00:54,827 : INFO : ball_device.bd_plunger : State: ball_left
2025-11-13 23:00:54,827 : INFO : ball_device.bd_plunger : Ball left
2025-11-13 23:00:54,827 : INFO : ball_device.bd_plunger : Wait for confirm with timeout 3.0
2025-11-13 23:00:54,900 : INFO : EventManager : Event: ======'player_base_player_added_timer_tick'====== Args={'value': 1, 'prev_value': 0, 'change': 1, 'player_num': 1}
2025-11-13 23:00:54,900 : INFO : Timer.player_added_timer : Timer Complete
2025-11-13 23:00:54,900 : INFO : Timer.player_added_timer : Stopping Timer
2025-11-13 23:00:54,900 : INFO : EventManager : Event: ======'timer_player_added_timer_stopped'====== Args={'ticks': 1, 'ticks_remaining': 1}
2025-11-13 23:00:54,900 : INFO : EventManager : Event: ======'timer_player_added_timer_complete'====== Args={'ticks': 1, 'ticks_remaining': 1}
2025-11-13 23:00:54,908 : INFO : EventManager : Event: ======'player_csi_lanes_csi_lanes_timer_tick'====== Args={'value': 1, 'prev_value': 0, 'change': 1, 'player_num': 1}
2025-11-13 23:00:54,909 : INFO : Timer.csi_lanes_timer : Timer Complete
2025-11-13 23:00:54,909 : INFO : Timer.csi_lanes_timer : Stopping Timer
2025-11-13 23:00:54,909 : INFO : EventManager : Event: ======'timer_csi_lanes_timer_stopped'====== Args={'ticks': 1, 'ticks_remaining': 1}
2025-11-13 23:00:54,909 : INFO : EventManager : Event: ======'timer_csi_lanes_timer_complete'====== Args={'ticks': 1, 'ticks_remaining': 1}
2025-11-13 23:00:57,097 : INFO : SwitchController : <<<<<<< 's_plunger_lane' active >>>>>>>
2025-11-13 23:00:57,097 : INFO : EventManager : Event: ======'machine_var_audits_switches_s_plunger_lane'====== Args={'value': 958, 'prev_value': 957, 'change': 1}
2025-11-13 23:00:57,278 : INFO : SwitchController : <<<<<<< 's_plunger_lane' inactive >>>>>>>
2025-11-13 23:00:57,278 : INFO : EventManager : Event: ======'s_plunger_lane_inactive'====== Args={}
2025-11-13 23:00:57,828 : INFO : ball_device.bd_plunger : State: failed_confirm
2025-11-13 23:00:57,828 : INFO : ball_device.bd_plunger : Got timeout (3.0s) before confirm from <playfield.playfield>
2025-11-13 23:00:57,930 : INFO : ball_device.bd_plunger : Confirming eject because target is playfield and ball did not return.
2025-11-13 23:00:57,930 : INFO : ball_device.bd_plunger : Eject successful
2025-11-13 23:00:57,930 : INFO : EventManager : Event: ======'balldevice_bd_plunger_ball_eject_success'====== Args={'balls': 1, 'target': <playfield.playfield>}
2025-11-13 23:00:57,931 : INFO : EventManager : Event: ======'balldevice_playfield_ball_enter'====== Args={'new_balls': 1, 'unclaimed_balls': 1, 'device': <playfield.playfield>}
2025-11-13 23:00:57,931 : INFO : EventManager : Event: ======'playfield_ball_count_change'====== Args={'balls': 1, 'change': 1}
2025-11-13 23:00:57,932 : INFO : EventManager : Event: ======'balldevice_bd_plunger_ball_count_changed'====== Args={'balls': 0}
2025-11-13 23:00:57,932 : INFO : ball_device.bd_plunger : State: idle
2025-11-13 23:00:58,579 : INFO : SwitchController : <<<<<<< 's_right_orbit' active >>>>>>>
2025-11-13 23:00:58,579 : INFO : EventManager : Event: ======'s_right_orbit_active'====== Args={}
2025-11-13 23:00:58,579 : INFO : EventManager : Event: ======'machine_var_audits_switches_s_right_orbit'====== Args={'value': 86, 'prev_value': 85, 'change': 1}
2025-11-13 23:00:58,580 : INFO : EventManager : Event: ======'player_shot_s10'====== Args={'value': 1, 'prev_value': 0, 'change': 1, 'player_num': 1}
2025-11-13 23:00:58,587 : INFO : EventManager : Event: ======'machine_var_audits_shots_s10'====== Args={'value': 9, 'prev_value': 8, 'change': 1}
2025-11-13 23:00:58,588 : INFO : EventManager : Event: ======'s10_hit'====== Args={'profile': 'default', 'state': 'unlit', 'advancing': True}
2025-11-13 23:00:58,588 : INFO : EventManager : Event: ======'s10_default_hit'====== Args={'profile': 'default', 'state': 'unlit', 'advancing': True}
2025-11-13 23:00:58,589 : INFO : EventManager : Event: ======'s10_default_unlit_hit'====== Args={'profile': 'default', 'state': 'unlit', 'advancing': True}
2025-11-13 23:00:58,589 : INFO : EventManager : Event: ======'s10_unlit_hit'====== Args={'profile': 'default', 'state': 'unlit', 'advancing': True}
2025-11-13 23:00:58,590 : INFO : EventManager : Event: ======'logicblock_seq_skillshot_success_updated'====== Args={'value': 2, 'enabled': True}
2025-11-13 23:00:58,590 : INFO : EventManager : Event: ======'logicblock_seq_skillshot_success_hit'====== Args={'step': 2}
2025-11-13 23:00:58,590 : INFO : EventManager : Event: ======'not_skillshot_hit'====== Args={'shot': 's10'}
2025-11-13 23:00:58,591 : INFO : EventManager : Event: ======'not_skillshot_unlit_hit'====== Args={'shot': 's10'}
2025-11-13 23:00:58,626 : INFO : EventManager : Event: ======'widget_skillshot_widget_active'====== Args={'original_context': 'skillshot', 'original_calling_context': 'not_skillshot_hit', 'priority': 200.0, 'shot': 's10', 'cmd': 'widgets_play', '_from_bcp': True}
2025-11-13 23:00:58,711 : INFO : SwitchController : <<<<<<< 's_right_orbit' inactive >>>>>>>
2025-11-13 23:00:59,945 : INFO : SwitchController : <<<<<<< 's_morgue' active >>>>>>>
2025-11-13 23:00:59,945 : INFO : EventManager : Event: ======'s_morgue_active'====== Args={}
2025-11-13 23:00:59,945 : INFO : EventManager : Event: ======'machine_var_audits_switches_s_morgue'====== Args={'value': 37, 'prev_value': 36, 'change': 1}
2025-11-13 23:00:59,946 : INFO : EventManager : Event: ======'player_shot_s7'====== Args={'value': 1, 'prev_value': 0, 'change': 1, 'player_num': 1}
2025-11-13 23:00:59,947 : INFO : EventManager : Event: ======'machine_var_audits_shots_s7'====== Args={'value': 11, 'prev_value': 10, 'change': 1}
2025-11-13 23:00:59,947 : INFO : EventManager : Event: ======'s7_hit'====== Args={'profile': 'default', 'state': 'unlit', 'advancing': True}
2025-11-13 23:00:59,947 : INFO : EventManager : Event: ======'s7_default_hit'====== Args={'profile': 'default', 'state': 'unlit', 'advancing': True}
2025-11-13 23:00:59,947 : INFO : EventManager : Event: ======'s7_default_unlit_hit'====== Args={'profile': 'default', 'state': 'unlit', 'advancing': True}
2025-11-13 23:00:59,948 : INFO : EventManager : Event: ======'s7_unlit_hit'====== Args={'profile': 'default', 'state': 'unlit', 'advancing': True}
2025-11-13 23:00:59,948 : INFO : EventManager : Event: ======'logicblock_seq_skillshot_success_updated'====== Args={'value': 3, 'enabled': True}
2025-11-13 23:00:59,948 : INFO : EventManager : Event: ======'logicblock_seq_skillshot_success_hit'====== Args={'step': 3}
2025-11-13 23:00:59,948 : INFO : EventManager : Event: ======'seq_skillshot_success_done'====== Args={}
2025-11-13 23:00:59,949 : INFO : EventManager : Event: ======'logicblock_seq_skillshot_success_updated'====== Args={'value': 0, 'enabled': True}
2025-11-13 23:00:59,949 : INFO : EventManager : Event: ======'not_skillshot_hit'====== Args={'shot': 's7'}
2025-11-13 23:00:59,949 : INFO : EventManager : Event: ======'not_skillshot_unlit_hit'====== Args={'shot': 's7'}
2025-11-13 23:00:59,950 : INFO : EventManager : Event: ======'player_skillshot_count'====== Args={'value': 1, 'prev_value': 0, 'change': 1, 'player_num': 1, 'source': 'skillshot'}
2025-11-13 23:00:59,950 : INFO : EventManager : Event: ======'player_skillshot'====== Args={'value': 1, 'prev_value': 0, 'change': 1, 'player_num': 1, 'source': 'skillshot'}
2025-11-13 23:01:00,044 : INFO : SwitchController : <<<<<<< 's_morgue' inactive >>>>>>>
2025-11-13 23:01:01,990 : INFO : EventManager : Event: ======'widget_skillshot_widget_removed'====== Args={'_from_bcp': True}
2025-11-13 23:01:04,211 : INFO : EventManager : Event: ======'player_skull_pause_timer_tick'====== Args={'value': 1, 'prev_value': 0, 'change': 1, 'player_num': 1}
2025-11-13 23:01:04,213 : INFO : Timer.pause_timer : Timer Complete
2025-11-13 23:01:04,213 : INFO : Timer.pause_timer : Stopping Timer
2025-11-13 23:01:04,213 : INFO : EventManager : Event: ======'timer_pause_timer_stopped'====== Args={'ticks': 1, 'ticks_remaining': 1}
2025-11-13 23:01:04,214 : INFO : EventManager : Event: ======'timer_pause_timer_complete'====== Args={'ticks': 1, 'ticks_remaining': 1}
2025-11-13 23:02:12,921 : INFO : Machine : Shutting down...
2025-11-13 23:02:12,921 : INFO : EventManager : Event: ======'shutdown'====== Args={}
2025-11-13 23:02:12,922 : INFO : EventManager : Event: ======'mode_game_will_stop'====== Args={}
2025-11-13 23:02:12,922 : INFO : EventManager : Event: ======'mode_game_stopping'====== Args={}
2025-11-13 23:02:12,923 : INFO : EventManager : Event: ======'mode_skull_will_stop'====== Args={}
2025-11-13 23:02:12,923 : INFO : EventManager : Event: ======'mode_skull_stopping'====== Args={}
2025-11-13 23:02:12,923 : INFO : EventManager : Event: ======'mode_base_will_stop'====== Args={}
2025-11-13 23:02:12,923 : INFO : EventManager : Event: ======'mode_base_stopping'====== Args={}
2025-11-13 23:02:12,923 : INFO : EventManager : Event: ======'mode_csi_lanes_will_stop'====== Args={}
2025-11-13 23:02:12,923 : INFO : EventManager : Event: ======'mode_csi_lanes_stopping'====== Args={}
2025-11-13 23:02:12,923 : INFO : EventManager : Event: ======'mode_skillshot_will_stop'====== Args={}
2025-11-13 23:02:12,923 : INFO : EventManager : Event: ======'mode_skillshot_stopping'====== Args={}
2025-11-13 23:02:12,923 : INFO : EventManager : Event: ======'mode_bumpers_will_stop'====== Args={}
2025-11-13 23:02:12,923 : INFO : EventManager : Event: ======'mode_bumpers_stopping'====== Args={}
2025-11-13 23:02:12,924 : INFO : EventManager : Event: ======'stop_mode_bumpers'====== Args={'priority': 0}
2025-11-13 23:02:12,924 : INFO : EventManager : Event: ======'stop_mode_csi_lanes'====== Args={'priority': 0}
2025-11-13 23:02:12,924 : INFO : EventManager : Event: ======'stop_mode_skull'====== Args={'priority': 0}
2025-11-13 23:02:12,924 : INFO : Mode.bumpers : Stopped.
2025-11-13 23:02:12,924 : INFO : EventManager : Event: ======'modes_active_modes_changed'====== Args={}
2025-11-13 23:02:12,924 : INFO : EventManager : Event: ======'mode_bumpers_stopped'====== Args={}
2025-11-13 23:02:12,924 : INFO : EventManager : Event: ======'clear'====== Args={'key': 'bumpers'}
2025-11-13 23:02:12,924 : INFO : Timer.bumper_timer : Stopping Timer
2025-11-13 23:02:12,925 : INFO : EventManager : Event: ======'timer_bumper_timer_stopped'====== Args={'ticks': 1, 'ticks_remaining': 1}
2025-11-13 23:02:12,925 : INFO : Mode.skillshot : Stopped.
2025-11-13 23:02:12,925 : INFO : EventManager : Event: ======'modes_active_modes_changed'====== Args={}
2025-11-13 23:02:12,925 : INFO : EventManager : Event: ======'mode_skillshot_stopped'====== Args={}
2025-11-13 23:02:12,925 : INFO : EventManager : Event: ======'clear'====== Args={'key': 'skillshot'}
2025-11-13 23:02:12,926 : INFO : Mode.csi_lanes : Stopped.
2025-11-13 23:02:12,926 : INFO : EventManager : Event: ======'modes_active_modes_changed'====== Args={}
2025-11-13 23:02:12,926 : INFO : EventManager : Event: ======'mode_csi_lanes_stopped'====== Args={}
2025-11-13 23:02:12,926 : INFO : EventManager : Event: ======'clear'====== Args={'key': 'csi_lanes'}
2025-11-13 23:02:12,926 : INFO : Timer.csi_right_orbit_timer : Stopping Timer
2025-11-13 23:02:12,926 : INFO : EventManager : Event: ======'timer_csi_right_orbit_timer_stopped'====== Args={'ticks': 0, 'ticks_remaining': 0}
2025-11-13 23:02:12,926 : INFO : Timer.csi_lanes_timer : Stopping Timer
2025-11-13 23:02:12,926 : INFO : EventManager : Event: ======'timer_csi_lanes_timer_stopped'====== Args={'ticks': 1, 'ticks_remaining': 1}
2025-11-13 23:02:12,927 : INFO : Mode.base : Stopped.
2025-11-13 23:02:12,927 : INFO : EventManager : Event: ======'modes_active_modes_changed'====== Args={}
2025-11-13 23:02:12,927 : INFO : EventManager : Event: ======'mode_base_stopped'====== Args={}
2025-11-13 23:02:12,927 : INFO : EventManager : Event: ======'clear'====== Args={'key': 'base'}
2025-11-13 23:02:12,927 : INFO : Timer.player_added_timer : Stopping Timer
2025-11-13 23:02:12,927 : INFO : EventManager : Event: ======'timer_player_added_timer_stopped'====== Args={'ticks': 1, 'ticks_remaining': 1}
2025-11-13 23:02:12,927 : INFO : Mode.skull : Stopped.
2025-11-13 23:02:12,927 : INFO : EventManager : Event: ======'modes_active_modes_changed'====== Args={}
2025-11-13 23:02:12,927 : INFO : EventManager : Event: ======'mode_skull_stopped'====== Args={}
2025-11-13 23:02:12,927 : INFO : EventManager : Event: ======'clear'====== Args={'key': 'skull'}
2025-11-13 23:02:12,927 : INFO : Timer.pause_timer : Stopping Timer
2025-11-13 23:02:12,927 : INFO : EventManager : Event: ======'timer_pause_timer_stopped'====== Args={'ticks': 1, 'ticks_remaining': 1}
2025-11-13 23:02:12,928 : INFO : Mode.game : Stopped.
2025-11-13 23:02:12,928 : INFO : EventManager : Event: ======'modes_active_modes_changed'====== Args={}
2025-11-13 23:02:12,928 : INFO : EventManager : Event: ======'mode_game_stopped'====== Args={}
2025-11-13 23:02:12,928 : INFO : EventManager : Event: ======'clear'====== Args={'key': 'game'}
2025-11-13 23:02:12,931 : INFO : root : MPF run loop ended.
