2025-11-09 20:13:27,647 : INFO : root : Loading config.
2025-11-09 20:13:27,649 : INFO : YamlMultifileConfigLoader : Machine config file #1: config.yaml
2025-11-09 20:13:27,649 : WARNING : ConfigProcessor : Config file in cache changed: /Users/didiergilbin/Desktop/Homebrew_CSI/config/config.yaml
2025-11-09 20:13:27,649 : INFO : ConfigProcessor : Loading config from file /Users/didiergilbin/mpfenv/lib/python3.13/site-packages/mpf/mpfconfig.yaml.
2025-11-09 20:13:27,664 : INFO : ConfigProcessor : Loading config: /Users/didiergilbin/mpfenv/lib/python3.13/site-packages/mpf/mpfconfig.yaml
2025-11-09 20:13:27,664 : INFO : ConfigProcessor : Loading config from file /Users/didiergilbin/Desktop/Homebrew_CSI/config/config.yaml.
2025-11-09 20:13:27,665 : INFO : ConfigProcessor : Loading config: /Users/didiergilbin/Desktop/Homebrew_CSI/config/config.yaml
2025-11-09 20:13:27,681 : INFO : ConfigProcessor : Loading config: /Users/didiergilbin/Desktop/Homebrew_CSI/config/config_settings.yaml
2025-11-09 20:13:27,687 : INFO : ConfigProcessor : Loading config: /Users/didiergilbin/Desktop/Homebrew_CSI/config/config_hardware.yaml
2025-11-09 20:13:27,688 : INFO : ConfigProcessor : Config file cache created: /var/folders/m3/0d4y64_n3fn8tnkv3ydlhztw0000gn/T/5ca32a6c950d03116abbed96ca44d372.mpf_cache
2025-11-09 20:13:27,713 : INFO : ConfigProcessor : Loading config from cache: /var/folders/m3/0d4y64_n3fn8tnkv3ydlhztw0000gn/T/01c495fa7450a81b4be96cb699872531.mpf_cache
2025-11-09 20:13:27,713 : INFO : ConfigProcessor : Loading config from cache: /var/folders/m3/0d4y64_n3fn8tnkv3ydlhztw0000gn/T/bfde29b5bb803376b0637bb8f0da27a7.mpf_cache
2025-11-09 20:13:27,713 : INFO : ConfigProcessor : Loading config from cache: /var/folders/m3/0d4y64_n3fn8tnkv3ydlhztw0000gn/T/01c495fa7450a81b4be96cb699872531.mpf_cache
2025-11-09 20:13:27,713 : INFO : ConfigProcessor : Loading config from cache: /var/folders/m3/0d4y64_n3fn8tnkv3ydlhztw0000gn/T/3ae89e09515ff8d8b11d68f672b2cc51.mpf_cache
2025-11-09 20:13:27,714 : INFO : ConfigProcessor : Loading config from cache: /var/folders/m3/0d4y64_n3fn8tnkv3ydlhztw0000gn/T/4c420229fa75118c2461cfc9ff5a44e2.mpf_cache
2025-11-09 20:13:27,714 : INFO : ConfigProcessor : Loading config from cache: /var/folders/m3/0d4y64_n3fn8tnkv3ydlhztw0000gn/T/f5ee6852f1764324c8553249cc53c871.mpf_cache
2025-11-09 20:13:27,714 : INFO : ConfigProcessor : Loading config from cache: /var/folders/m3/0d4y64_n3fn8tnkv3ydlhztw0000gn/T/73ac54cb7a83dfa5473900e439743a84.mpf_cache
2025-11-09 20:13:27,714 : INFO : ConfigProcessor : Loading config from cache: /var/folders/m3/0d4y64_n3fn8tnkv3ydlhztw0000gn/T/97c87487bc6ae826da86d36a6e042c78.mpf_cache
2025-11-09 20:13:27,714 : INFO : Machine : Mission Pinball Framework Core Engine v0.80.0.dev10
2025-11-09 20:13:27,714 : INFO : Machine : Command line arguments: {'no_load_cache': False, 'create_config_cache': True, 'bcp': True, 'configfile': ['config.yaml'], 'force_assets_load': False, 'platform_integration_test': False, 'jsonlogging': False, 'logfile': 'logs/2025-11-09-20-13-27-mpf-mac.home.log', 'pause': False, 'production': False, 'text_ui': False, 'loglevel': 15, 'consoleloglevel': 20, 'force_platform': 'smart_virtual', 'syslog_address': None, 'full_logfile_path': '/Users/didiergilbin/Desktop/Homebrew_CSI/logs/2025-11-09-20-13-27-mpf-mac.home.log'}
2025-11-09 20:13:27,714 : INFO : Machine : MPF path: /Users/didiergilbin/mpfenv/lib/python3.13/site-packages/mpf
2025-11-09 20:13:27,714 : INFO : Machine : Machine path: /Users/didiergilbin/Desktop/Homebrew_CSI
2025-11-09 20:13:27,714 : INFO : Machine : Platform: darwin
2025-11-09 20:13:27,714 : INFO : Machine : Python executable location: /Users/didiergilbin/mpfenv/bin/python3.13
2025-11-09 20:13:27,715 : INFO : Machine : Python version: 3.13.7 (64-bit)
2025-11-09 20:13:27,715 : INFO : Machine : Initializing MPF...
2025-11-09 20:13:27,736 : INFO : EventManager : Event: ======'machine_var_credits_string'====== Args={'value': 'FREE PLAY', 'prev_value': None, 'change': True}
2025-11-09 20:13:27,741 : INFO : EventManager : Event: ======'machine_var_master_volume'====== Args={'value': 0.5, 'prev_value': None, 'change': True}
2025-11-09 20:13:27,741 : INFO : EventManager : Event: ======'machine_var_player1_score'====== Args={'value': 368000, 'prev_value': None, 'change': True}
2025-11-09 20:13:27,741 : INFO : EventManager : Event: ======'machine_var_player2_score'====== Args={'value': 24000, 'prev_value': None, 'change': True}
2025-11-09 20:13:27,741 : INFO : EventManager : Event: ======'machine_var_player3_score'====== Args={'value': 21000, 'prev_value': None, 'change': True}
2025-11-09 20:13:27,741 : INFO : EventManager : Event: ======'machine_var_player4_score'====== Args={'value': 0, 'prev_value': None, 'change': True}
2025-11-09 20:13:27,741 : INFO : EventManager : Event: ======'machine_var_mpf_version'====== Args={'value': 'Mission Pinball Framework v0.80.0.dev10', 'prev_value': None, 'change': True}
2025-11-09 20:13:27,741 : INFO : EventManager : Event: ======'machine_var_mpf_extended_version'====== Args={'value': 'Mission Pinball Framework v0.80.0.dev10, Config version:6, Show version: 6, BCP version:1.1', 'prev_value': None, 'change': True}
2025-11-09 20:13:27,741 : INFO : EventManager : Event: ======'machine_var_python_version'====== Args={'value': '3.13.7', 'prev_value': None, 'change': True}
2025-11-09 20:13:27,748 : INFO : EventManager : Event: ======'machine_var_platform'====== Args={'value': 'macOS-15.6.1-arm64-arm-64bit-Mach-O', 'prev_value': None, 'change': True}
2025-11-09 20:13:27,748 : INFO : EventManager : Event: ======'machine_var_platform_system'====== Args={'value': 'Darwin', 'prev_value': None, 'change': True}
2025-11-09 20:13:27,748 : INFO : EventManager : Event: ======'machine_var_platform_release'====== Args={'value': '24.6.0', 'prev_value': None, 'change': True}
2025-11-09 20:13:27,748 : INFO : EventManager : Event: ======'machine_var_platform_version'====== Args={'value': 'Darwin Kernel Version 24.6.0: Mon Jul 14 11:30:40 PDT 2025; root:xnu-11417.140.69~1/RELEASE_ARM64_T8132', 'prev_value': None, 'change': True}
2025-11-09 20:13:27,748 : INFO : EventManager : Event: ======'machine_var_platform_machine'====== Args={'value': 'arm64', 'prev_value': None, 'change': True}
2025-11-09 20:13:27,748 : INFO : EventManager : Event: ======'machine_var_log_file_path'====== Args={'value': '/Users/didiergilbin/Desktop/Homebrew_CSI/logs/2025-11-09-20-13-27-mpf-mac.home.log', 'prev_value': None, 'change': True}
2025-11-09 20:13:27,748 : INFO : EventManager : Event: ======'init_phase_1'====== Args={}
2025-11-09 20:13:27,755 : INFO : EventManager : Event: ======'init_phase_2'====== Args={}
2025-11-09 20:13:27,755 : INFO : SwitchController : Found active switch: ('2', <Platform.SmartVirtual>) <switch.s_trough1>
2025-11-09 20:13:27,755 : INFO : SwitchController : Found active switch: ('3', <Platform.SmartVirtual>) <switch.s_trough2>
2025-11-09 20:13:27,755 : INFO : SwitchController : Found active switch: ('4', <Platform.SmartVirtual>) <switch.s_trough3>
2025-11-09 20:13:27,755 : INFO : SwitchController : Found active switch: ('5', <Platform.SmartVirtual>) <switch.s_trough4>
2025-11-09 20:13:27,756 : INFO : EventManager : Event: ======'bcp_connection_attempt'====== Args={'name': 'local_display', 'host': 'localhost', 'port': 5050}
2025-11-09 20:13:27,756 : INFO : BCPClientSocket : Connecting BCP to 'local_display' at localhost:5050...
2025-11-09 20:13:27,760 : INFO : BCPClientSocket : Connected BCP to 'local_display' localhost:5050
2025-11-09 20:13:27,760 : INFO : EventManager : Event: ======'bcp_clients_connected'====== Args={}
2025-11-09 20:13:27,760 : INFO : ball_device.bd_drain : BCH: Initial count: 0
2025-11-09 20:13:27,760 : INFO : ball_device.bd_drain : State: idle
2025-11-09 20:13:27,760 : INFO : ball_device.bd_trough : BCH: Initial count: 4
2025-11-09 20:13:27,760 : INFO : ball_device.bd_trough : State: idle
2025-11-09 20:13:27,761 : INFO : ball_device.bd_plunger : BCH: Initial count: 0
2025-11-09 20:13:27,761 : INFO : ball_device.bd_plunger : State: idle
2025-11-09 20:13:27,765 : INFO : EventManager : Event: ======'init_phase_3'====== Args={}
2025-11-09 20:13:27,766 : INFO : EventManager : Event: ======'init_phase_4'====== Args={}
2025-11-09 20:13:27,766 : INFO : BallController : Initial balls found: 4
2025-11-09 20:13:27,766 : INFO : EventManager : Event: ======'machine_var_audits_events_game_ended'====== Args={'value': 54, 'prev_value': None, 'change': True}
2025-11-09 20:13:27,766 : INFO : EventManager : Event: ======'machine_var_audits_events_game_started'====== Args={'value': 453, 'prev_value': None, 'change': True}
2025-11-09 20:13:27,766 : INFO : EventManager : Event: ======'machine_var_audits_missing_switches_s_drain'====== Args={'value': 14, 'prev_value': None, 'change': True}
2025-11-09 20:13:27,766 : INFO : EventManager : Event: ======'machine_var_audits_missing_switches_s_launch_button'====== Args={'value': 100, 'prev_value': None, 'change': True}
2025-11-09 20:13:27,766 : INFO : EventManager : Event: ======'machine_var_audits_missing_switches_s_left_flipper'====== Args={'value': 6, 'prev_value': None, 'change': True}
2025-11-09 20:13:27,766 : INFO : EventManager : Event: ======'machine_var_audits_missing_switches_s_left_inlane1'====== Args={'value': 13, 'prev_value': None, 'change': True}
2025-11-09 20:13:27,766 : INFO : EventManager : Event: ======'machine_var_audits_missing_switches_s_left_inlane2'====== Args={'value': 13, 'prev_value': None, 'change': True}
2025-11-09 20:13:27,766 : INFO : EventManager : Event: ======'machine_var_audits_missing_switches_s_left_outlane'====== Args={'value': 68, 'prev_value': None, 'change': True}
2025-11-09 20:13:27,766 : INFO : EventManager : Event: ======'machine_var_audits_missing_switches_s_ramp'====== Args={'value': 6, 'prev_value': None, 'change': True}
2025-11-09 20:13:27,766 : INFO : EventManager : Event: ======'machine_var_audits_missing_switches_s_right_flipper'====== Args={'value': 6, 'prev_value': None, 'change': True}
2025-11-09 20:13:27,766 : INFO : EventManager : Event: ======'machine_var_audits_missing_switches_s_right_inlane'====== Args={'value': 13, 'prev_value': None, 'change': True}
2025-11-09 20:13:27,766 : INFO : EventManager : Event: ======'machine_var_audits_missing_switches_s_right_orbit'====== Args={'value': 13, 'prev_value': None, 'change': True}
2025-11-09 20:13:27,766 : INFO : EventManager : Event: ======'machine_var_audits_missing_switches_s_right_outlane'====== Args={'value': 68, 'prev_value': None, 'change': True}
2025-11-09 20:13:27,766 : INFO : EventManager : Event: ======'machine_var_audits_missing_switches_s_scoop'====== Args={'value': 13, 'prev_value': None, 'change': True}
2025-11-09 20:13:27,766 : INFO : EventManager : Event: ======'machine_var_audits_missing_switches_s_skull_lock1'====== Args={'value': 6, 'prev_value': None, 'change': True}
2025-11-09 20:13:27,766 : INFO : EventManager : Event: ======'machine_var_audits_missing_switches_s_skull_lock2'====== Args={'value': 6, 'prev_value': None, 'change': True}
2025-11-09 20:13:27,767 : INFO : EventManager : Event: ======'machine_var_audits_missing_switches_s_sling_left'====== Args={'value': 453, 'prev_value': None, 'change': True}
2025-11-09 20:13:27,767 : INFO : EventManager : Event: ======'machine_var_audits_missing_switches_s_sling_right'====== Args={'value': 453, 'prev_value': None, 'change': True}
2025-11-09 20:13:27,767 : INFO : EventManager : Event: ======'machine_var_audits_missing_switches_s_start'====== Args={'value': 14, 'prev_value': None, 'change': True}
2025-11-09 20:13:27,767 : INFO : EventManager : Event: ======'machine_var_audits_missing_switches_s_trough1'====== Args={'value': 14, 'prev_value': None, 'change': True}
2025-11-09 20:13:27,767 : INFO : EventManager : Event: ======'machine_var_audits_missing_switches_s_trough2'====== Args={'value': 14, 'prev_value': None, 'change': True}
2025-11-09 20:13:27,767 : INFO : EventManager : Event: ======'machine_var_audits_missing_switches_s_trough3'====== Args={'value': 231, 'prev_value': None, 'change': True}
2025-11-09 20:13:27,767 : INFO : EventManager : Event: ======'machine_var_audits_missing_switches_s_trough4'====== Args={'value': 231, 'prev_value': None, 'change': True}
2025-11-09 20:13:27,767 : INFO : EventManager : Event: ======'machine_var_audits_missing_switches_s_trough_jam'====== Args={'value': 167, 'prev_value': None, 'change': True}
2025-11-09 20:13:27,767 : INFO : EventManager : Event: ======'machine_var_audits_player_score'====== Args={'value': {'average': 215167, 'top': [10210000, 1550000, 1070000, 1070000, 810000, 710000, 640000, 570000, 530000, 480000], 'total': 118}, 'prev_value': None, 'change': True}
2025-11-09 20:13:27,767 : INFO : EventManager : Event: ======'machine_var_audits_shots_bumper1'====== Args={'value': 3960, 'prev_value': None, 'change': True}
2025-11-09 20:13:27,767 : INFO : EventManager : Event: ======'machine_var_audits_shots_bumper2'====== Args={'value': 3930, 'prev_value': None, 'change': True}
2025-11-09 20:13:27,767 : INFO : EventManager : Event: ======'machine_var_audits_shots_bumper3'====== Args={'value': 3738, 'prev_value': None, 'change': True}
2025-11-09 20:13:27,767 : INFO : EventManager : Event: ======'machine_var_audits_shots_c_shot'====== Args={'value': 161, 'prev_value': None, 'change': True}
2025-11-09 20:13:27,767 : INFO : EventManager : Event: ======'machine_var_audits_shots_csi_shot'====== Args={'value': 9, 'prev_value': None, 'change': True}
2025-11-09 20:13:27,767 : INFO : EventManager : Event: ======'machine_var_audits_shots_i_shot'====== Args={'value': 134, 'prev_value': None, 'change': True}
2025-11-09 20:13:27,767 : INFO : EventManager : Event: ======'machine_var_audits_shots_s_shot'====== Args={'value': 151, 'prev_value': None, 'change': True}
2025-11-09 20:13:27,767 : INFO : EventManager : Event: ======'machine_var_audits_shots_switch_shot'====== Args={'value': 245, 'prev_value': None, 'change': True}
2025-11-09 20:13:27,767 : INFO : EventManager : Event: ======'machine_var_audits_switches_s_drain'====== Args={'value': 540, 'prev_value': None, 'change': True}
2025-11-09 20:13:27,767 : INFO : EventManager : Event: ======'machine_var_audits_switches_s_launch_button'====== Args={'value': 1, 'prev_value': None, 'change': True}
2025-11-09 20:13:27,767 : INFO : EventManager : Event: ======'machine_var_audits_switches_s_left_flipper'====== Args={'value': 381, 'prev_value': None, 'change': True}
2025-11-09 20:13:27,767 : INFO : EventManager : Event: ======'machine_var_audits_switches_s_left_inlane1'====== Args={'value': 171, 'prev_value': None, 'change': True}
2025-11-09 20:13:27,767 : INFO : EventManager : Event: ======'machine_var_audits_switches_s_left_inlane2'====== Args={'value': 158, 'prev_value': None, 'change': True}
2025-11-09 20:13:27,767 : INFO : EventManager : Event: ======'machine_var_audits_switches_s_left_outlane'====== Args={'value': 1, 'prev_value': None, 'change': True}
2025-11-09 20:13:27,767 : INFO : EventManager : Event: ======'machine_var_audits_switches_s_plunger_lane'====== Args={'value': 833, 'prev_value': None, 'change': True}
2025-11-09 20:13:27,767 : INFO : EventManager : Event: ======'machine_var_audits_switches_s_popbumper1'====== Args={'value': 4004, 'prev_value': None, 'change': True}
2025-11-09 20:13:27,767 : INFO : EventManager : Event: ======'machine_var_audits_switches_s_popbumper2'====== Args={'value': 3971, 'prev_value': None, 'change': True}
2025-11-09 20:13:27,767 : INFO : EventManager : Event: ======'machine_var_audits_switches_s_popbumper3'====== Args={'value': 3780, 'prev_value': None, 'change': True}
2025-11-09 20:13:27,767 : INFO : EventManager : Event: ======'machine_var_audits_switches_s_ramp'====== Args={'value': 317, 'prev_value': None, 'change': True}
2025-11-09 20:13:27,767 : INFO : EventManager : Event: ======'machine_var_audits_switches_s_right_flipper'====== Args={'value': 657, 'prev_value': None, 'change': True}
2025-11-09 20:13:27,767 : INFO : EventManager : Event: ======'machine_var_audits_switches_s_right_inlane'====== Args={'value': 140, 'prev_value': None, 'change': True}
2025-11-09 20:13:27,767 : INFO : EventManager : Event: ======'machine_var_audits_switches_s_right_orbit'====== Args={'value': 46, 'prev_value': None, 'change': True}
2025-11-09 20:13:27,767 : INFO : EventManager : Event: ======'machine_var_audits_switches_s_right_outlane'====== Args={'value': 5, 'prev_value': None, 'change': True}
2025-11-09 20:13:27,767 : INFO : EventManager : Event: ======'machine_var_audits_switches_s_scoop'====== Args={'value': 427, 'prev_value': None, 'change': True}
2025-11-09 20:13:27,767 : INFO : EventManager : Event: ======'machine_var_audits_switches_s_skull_lock1'====== Args={'value': 11, 'prev_value': None, 'change': True}
2025-11-09 20:13:27,767 : INFO : EventManager : Event: ======'machine_var_audits_switches_s_skull_lock2'====== Args={'value': 11, 'prev_value': None, 'change': True}
2025-11-09 20:13:27,767 : INFO : EventManager : Event: ======'machine_var_audits_switches_s_sling_left'====== Args={'value': 0, 'prev_value': None, 'change': True}
2025-11-09 20:13:27,767 : INFO : EventManager : Event: ======'machine_var_audits_switches_s_sling_right'====== Args={'value': 0, 'prev_value': None, 'change': True}
2025-11-09 20:13:27,767 : INFO : EventManager : Event: ======'machine_var_audits_switches_s_start'====== Args={'value': 657, 'prev_value': None, 'change': True}
2025-11-09 20:13:27,767 : INFO : EventManager : Event: ======'machine_var_audits_switches_s_trough1'====== Args={'value': 381, 'prev_value': None, 'change': True}
2025-11-09 20:13:27,767 : INFO : EventManager : Event: ======'machine_var_audits_switches_s_trough2'====== Args={'value': 18, 'prev_value': None, 'change': True}
2025-11-09 20:13:27,767 : INFO : EventManager : Event: ======'machine_var_audits_switches_s_trough3'====== Args={'value': 1, 'prev_value': None, 'change': True}
2025-11-09 20:13:27,767 : INFO : EventManager : Event: ======'machine_var_audits_switches_s_trough4'====== Args={'value': 1, 'prev_value': None, 'change': True}
2025-11-09 20:13:27,767 : INFO : EventManager : Event: ======'machine_var_audits_switches_s_trough_jam'====== Args={'value': 8, 'prev_value': None, 'change': True}
2025-11-09 20:13:27,767 : INFO : EventManager : Event: ======'init_phase_5'====== Args={}
2025-11-09 20:13:27,767 : INFO : EventManager : Event: ======'init_done'====== Args={}
2025-11-09 20:13:27,767 : INFO : EventManager : Event: ======'machine_reset_phase_1'====== Args={}
2025-11-09 20:13:27,771 : INFO : EventManager : Event: ======'machine_reset_phase_2'====== Args={}
2025-11-09 20:13:27,771 : INFO : EventManager : Event: ======'machine_reset_phase_3'====== Args={}
2025-11-09 20:13:27,773 : INFO : EventManager : Event: ======'reset_complete'====== Args={}
2025-11-09 20:13:27,773 : INFO : EventManager : Event: ======'mode_attract_will_start'====== Args={}
2025-11-09 20:13:27,773 : INFO : Timer.attract_carousel_timer : Starting Timer.
2025-11-09 20:13:27,773 : INFO : EventManager : Event: ======'timer_attract_carousel_timer_started'====== Args={'ticks': 0, 'ticks_remaining': 1}
2025-11-09 20:13:27,773 : INFO : EventManager : Event: ======'timer_attract_carousel_timer_tick'====== Args={'ticks': 0, 'ticks_remaining': 1}
2025-11-09 20:13:27,773 : INFO : EventManager : Event: ======'mode_attract_starting'====== Args={}
2025-11-09 20:13:27,773 : INFO : Mode.attract : Started. Priority: 10
2025-11-09 20:13:27,773 : INFO : EventManager : Event: ======'modes_active_modes_changed'====== Args={}
2025-11-09 20:13:27,773 : INFO : EventManager : Event: ======'mode_attract_started'====== Args={}
2025-11-09 20:13:27,773 : INFO : EventManager : Event: ======'collecting_balls_complete'====== Args={}
2025-11-09 20:13:27,773 : INFO : EventManager : Event: ======'carousel_item_highlighted'====== Args={'carousel': 'attract', 'direction': None, 'item': 'title'}
2025-11-09 20:13:27,773 : INFO : Machine : Starting the main run loop with active modes: [<Mode.attract>]
2025-11-09 20:13:28,196 : INFO : EventManager : Event: ======'slide_attract_created'====== Args={'_from_bcp': True}
2025-11-09 20:13:28,196 : INFO : EventManager : Event: ======'slide__removed'====== Args={'_from_bcp': True}
2025-11-09 20:13:28,196 : INFO : EventManager : Event: ======'slide_attract_active'====== Args={'original_context': 'attract', 'original_calling_context': 'mode_attract_started', 'priority': 10.0, 'cmd': 'slides_play', '_from_bcp': True}
2025-11-09 20:13:28,466 : INFO : BcpServer : New client connected.
2025-11-09 20:13:32,773 : INFO : Timer.attract_carousel_timer : Timer Complete
2025-11-09 20:13:32,774 : INFO : Timer.attract_carousel_timer : Stopping Timer
2025-11-09 20:13:32,775 : INFO : EventManager : Event: ======'timer_attract_carousel_timer_stopped'====== Args={'ticks': 1, 'ticks_remaining': 1}
2025-11-09 20:13:32,775 : INFO : EventManager : Event: ======'timer_attract_carousel_timer_complete'====== Args={'ticks': 1, 'ticks_remaining': 1}
2025-11-09 20:13:32,776 : INFO : EventManager : Event: ======'carousel_item_highlighted'====== Args={'carousel': 'attract', 'direction': 'forwards', 'item': 'credits'}
2025-11-09 20:13:33,789 : INFO : SwitchController : <<<<<<< 's_start' active >>>>>>>
2025-11-09 20:13:33,889 : INFO : SwitchController : <<<<<<< 's_start' inactive >>>>>>>
2025-11-09 20:13:33,889 : INFO : EventManager : Event: ======'request_to_start_game'====== Args={}
2025-11-09 20:13:33,890 : INFO : EventManager : Event: ======'game_start'====== Args={'buttons': [], 'hold_time': 0.10014454193878919}
2025-11-09 20:13:33,891 : INFO : EventManager : Event: ======'mode_game_will_start'====== Args={'buttons': [], 'hold_time': 0.10014454193878919}
2025-11-09 20:13:33,892 : INFO : EventManager : Event: ======'mode_game_starting'====== Args={'buttons': [], 'hold_time': 0.10014454193878919}
2025-11-09 20:13:33,892 : INFO : EventManager : Event: ======'mode_attract_will_stop'====== Args={}
2025-11-09 20:13:33,892 : INFO : EventManager : Event: ======'mode_attract_stopping'====== Args={}
2025-11-09 20:13:33,892 : INFO : Mode.attract : Stopped.
2025-11-09 20:13:33,892 : INFO : EventManager : Event: ======'modes_active_modes_changed'====== Args={}
2025-11-09 20:13:33,893 : INFO : EventManager : Event: ======'mode_attract_stopped'====== Args={}
2025-11-09 20:13:33,893 : INFO : EventManager : Event: ======'clear'====== Args={'key': 'attract'}
2025-11-09 20:13:33,893 : INFO : Timer.attract_carousel_timer : Stopping Timer
2025-11-09 20:13:33,893 : INFO : EventManager : Event: ======'timer_attract_carousel_timer_stopped'====== Args={'ticks': 1, 'ticks_remaining': 1}
2025-11-09 20:13:33,894 : INFO : Mode.game : Started. Priority: 20
2025-11-09 20:13:33,894 : INFO : EventManager : Event: ======'modes_active_modes_changed'====== Args={}
2025-11-09 20:13:33,894 : INFO : EventManager : Event: ======'mode_game_started'====== Args={'buttons': [], 'hold_time': 0.10014454193878919}
2025-11-09 20:13:33,895 : INFO : EventManager : Event: ======'game_will_start'====== Args={}
2025-11-09 20:13:33,895 : INFO : EventManager : Event: ======'game_starting'====== Args={'game': <Mode.game>}
2025-11-09 20:13:33,896 : INFO : EventManager : Unordered handler for class <Auditor> on event game_ended with priority 1. Handlers: [RegisteredHandler(callback=<bound method Auditor.disable of <Auditor>>, priority=1, kwargs={}, key=UUID('59f7ba0a-55b7-48de-8f8b-8d6d07b0955a'), condition=None, blocking_facility=None), RegisteredHandler(callback=<bound method Auditor._save_audits of <Auditor>>, priority=1, kwargs={}, key=UUID('b7bd5bba-58ea-4db8-b4cd-39c677bf7df4'), condition=None, blocking_facility=None)]. The order of those handlers is not defined and they will be executed in random order. This might lead to race conditions and potential bugs.
2025-11-09 20:13:33,896 : INFO : EventManager : Event: ======'player_add_request'====== Args={}
2025-11-09 20:13:33,896 : INFO : EventManager : Event: ======'player_will_add'====== Args={'number': 1}
2025-11-09 20:13:33,896 : INFO : EventManager : Event: ======'player_adding'====== Args={'player': <Player 1>, 'number': 1}
2025-11-09 20:13:33,897 : INFO : EventManager : Event: ======'player_added'====== Args={'player': <Player 1>, 'num': 1}
2025-11-09 20:13:33,897 : INFO : Mode.game : Player added successfully. Total players: 1
2025-11-09 20:13:33,897 : INFO : EventManager : Event: ======'player_index'====== Args={'value': 0, 'prev_value': 0, 'change': 0, 'player_num': 1}
2025-11-09 20:13:33,897 : INFO : EventManager : Event: ======'player_number'====== Args={'value': 1, 'prev_value': 1, 'change': 0, 'player_num': 1}
2025-11-09 20:13:33,897 : INFO : EventManager : Event: ======'player_bonus_multiplier'====== Args={'value': 1, 'prev_value': 1, 'change': 0, 'player_num': 1}
2025-11-09 20:13:33,898 : INFO : EventManager : Event: ======'player_skull_ramp_nb'====== Args={'value': 0, 'prev_value': 0, 'change': 0, 'player_num': 1}
2025-11-09 20:13:33,898 : INFO : EventManager : Event: ======'player_score'====== Args={'value': 0, 'prev_value': 0, 'change': 0, 'player_num': 1}
2025-11-09 20:13:33,898 : INFO : EventManager : Event: ======'game_started'====== Args={}
2025-11-09 20:13:33,898 : INFO : EventManager : Event: ======'player_turn_will_start'====== Args={'player': <Player 1>, 'number': 1}
2025-11-09 20:13:33,899 : INFO : EventManager : Event: ======'player_turn_starting'====== Args={'player': <Player 1>, 'number': 1}
2025-11-09 20:13:33,899 : INFO : EventManager : Event: ======'player_ball'====== Args={'value': 1, 'prev_value': 0, 'change': 1, 'player_num': 1}
2025-11-09 20:13:33,905 : INFO : EventManager : Event: ======'player_turn_started'====== Args={'player': <Player 1>, 'number': 1}
2025-11-09 20:13:33,908 : INFO : EventManager : Event: ======'ball_will_start'====== Args={'player': 1, 'ball': 1, 'balls_remaining': 2, 'is_extra_ball': False}
2025-11-09 20:13:33,909 : INFO : EventManager : Event: ======'ball_starting'====== Args={'player': 1, 'ball': 1, 'balls_remaining': 2, 'is_extra_ball': False}
2025-11-09 20:13:33,909 : INFO : EventManager : Event: ======'mode_base_will_start'====== Args={'queue': <QueuedEvent>, 'player': 1, 'ball': 1, 'balls_remaining': 2, 'is_extra_ball': False}
2025-11-09 20:13:33,909 : INFO : EventManager : Event: ======'player_base_player_added_timer_tick'====== Args={'value': 0, 'prev_value': 0, 'change': 0, 'player_num': 1}
2025-11-09 20:13:33,910 : INFO : Timer.player_added_timer : Starting Timer.
2025-11-09 20:13:33,910 : INFO : EventManager : Event: ======'timer_player_added_timer_started'====== Args={'ticks': 0, 'ticks_remaining': 1}
2025-11-09 20:13:33,910 : INFO : EventManager : Event: ======'timer_player_added_timer_tick'====== Args={'ticks': 0, 'ticks_remaining': 1}
2025-11-09 20:13:33,911 : INFO : EventManager : Event: ======'mode_base_starting'====== Args={'queue': <QueuedEvent>, 'player': 1, 'ball': 1, 'balls_remaining': 2, 'is_extra_ball': False}
2025-11-09 20:13:33,912 : INFO : Mode.base : Started. Priority: 100
2025-11-09 20:13:33,912 : INFO : EventManager : Event: ======'modes_active_modes_changed'====== Args={}
2025-11-09 20:13:33,912 : INFO : EventManager : Event: ======'mode_base_started'====== Args={'queue': <QueuedEvent>, 'player': 1, 'ball': 1, 'balls_remaining': 2, 'is_extra_ball': False}
2025-11-09 20:13:33,912 : INFO : EventManager : Event: ======'start_mode_bumpers'====== Args={'priority': 0}
2025-11-09 20:13:33,912 : INFO : EventManager : Event: ======'start_mode_csi_lanes'====== Args={'priority': 0}
2025-11-09 20:13:33,913 : INFO : EventManager : Event: ======'start_mode_skull'====== Args={'priority': 0}
2025-11-09 20:13:33,913 : INFO : EventManager : Event: ======'mode_bumpers_will_start'====== Args={'priority': 0}
2025-11-09 20:13:33,913 : INFO : EventManager : Event: ======'player_shot_bumper1_enabled'====== Args={'value': True, 'prev_value': 0, 'change': 1, 'player_num': 1}
2025-11-09 20:13:33,914 : INFO : EventManager : Event: ======'player_shot_bumper2_enabled'====== Args={'value': True, 'prev_value': 0, 'change': 1, 'player_num': 1}
2025-11-09 20:13:33,914 : INFO : EventManager : Event: ======'player_shot_bumper3_enabled'====== Args={'value': True, 'prev_value': 0, 'change': 1, 'player_num': 1}
2025-11-09 20:13:33,914 : INFO : EventManager : Event: ======'bumpers_complete'====== Args={'state': 'unlit'}
2025-11-09 20:13:33,914 : INFO : EventManager : Event: ======'bumpers_unlit_complete'====== Args={}
2025-11-09 20:13:33,915 : INFO : EventManager : Event: ======'player_bumpers_bumper_timer_tick'====== Args={'value': 0, 'prev_value': 0, 'change': 0, 'player_num': 1}
2025-11-09 20:13:33,916 : INFO : Timer.bumper_timer : Starting Timer.
2025-11-09 20:13:33,916 : INFO : EventManager : Event: ======'timer_bumper_timer_started'====== Args={'ticks': 0, 'ticks_remaining': 1}
2025-11-09 20:13:33,916 : INFO : EventManager : Event: ======'timer_bumper_timer_tick'====== Args={'ticks': 0, 'ticks_remaining': 1}
2025-11-09 20:13:33,916 : INFO : EventManager : Event: ======'mode_bumpers_starting'====== Args={'priority': 0}
2025-11-09 20:13:33,916 : INFO : EventManager : Event: ======'mode_csi_lanes_will_start'====== Args={'priority': 0}
2025-11-09 20:13:33,917 : INFO : EventManager : Event: ======'player_shot_c_shot_enabled'====== Args={'value': True, 'prev_value': 0, 'change': 1, 'player_num': 1}
2025-11-09 20:13:33,917 : INFO : EventManager : Event: ======'player_shot_s_shot_enabled'====== Args={'value': True, 'prev_value': 0, 'change': 1, 'player_num': 1}
2025-11-09 20:13:33,917 : INFO : EventManager : Event: ======'player_shot_i_shot_enabled'====== Args={'value': True, 'prev_value': 0, 'change': 1, 'player_num': 1}
2025-11-09 20:13:33,918 : INFO : EventManager : Event: ======'csi_shots_complete'====== Args={'state': 'unlit'}
2025-11-09 20:13:33,918 : INFO : EventManager : Event: ======'csi_shots_unlit_complete'====== Args={}
2025-11-09 20:13:33,918 : INFO : EventManager : Event: ======'player_csi_lanes_csi_lanes_timer_tick'====== Args={'value': 0, 'prev_value': 0, 'change': 0, 'player_num': 1}
2025-11-09 20:13:33,919 : INFO : Timer.csi_lanes_timer : Starting Timer.
2025-11-09 20:13:33,919 : INFO : EventManager : Event: ======'timer_csi_lanes_timer_started'====== Args={'ticks': 0, 'ticks_remaining': 1}
2025-11-09 20:13:33,919 : INFO : EventManager : Event: ======'timer_csi_lanes_timer_tick'====== Args={'ticks': 0, 'ticks_remaining': 1}
2025-11-09 20:13:33,919 : INFO : EventManager : Event: ======'player_csi_lanes_csi_right_orbit_timer_tick'====== Args={'value': 0, 'prev_value': 0, 'change': 0, 'player_num': 1}
2025-11-09 20:13:33,920 : INFO : EventManager : Event: ======'mode_csi_lanes_starting'====== Args={'priority': 0}
2025-11-09 20:13:33,920 : INFO : EventManager : Event: ======'mode_skull_will_start'====== Args={'priority': 0}
2025-11-09 20:13:33,921 : INFO : EventManager : Event: ======'player_skull_pause_timer_tick'====== Args={'value': 0, 'prev_value': 0, 'change': 0, 'player_num': 1}
2025-11-09 20:13:33,921 : INFO : Timer.pause_timer : Starting Timer.
2025-11-09 20:13:33,921 : INFO : EventManager : Event: ======'timer_pause_timer_started'====== Args={'ticks': 0, 'ticks_remaining': 1}
2025-11-09 20:13:33,921 : INFO : EventManager : Event: ======'timer_pause_timer_tick'====== Args={'ticks': 0, 'ticks_remaining': 1}
2025-11-09 20:13:33,921 : INFO : EventManager : Event: ======'mode_skull_starting'====== Args={'priority': 0}
2025-11-09 20:13:33,922 : INFO : Mode.bumpers : Started. Priority: 200
2025-11-09 20:13:33,922 : INFO : EventManager : Event: ======'modes_active_modes_changed'====== Args={}
2025-11-09 20:13:33,922 : INFO : EventManager : Event: ======'mode_bumpers_started'====== Args={'priority': 0}
2025-11-09 20:13:33,922 : INFO : EventManager : Event: ======'balls_in_play'====== Args={'balls': 1}
2025-11-09 20:13:33,922 : INFO : EventManager : Event: ======'ball_started'====== Args={'player': 1, 'ball': 1, 'balls_remaining': 2, 'is_extra_ball': False}
2025-11-09 20:13:33,922 : INFO : EventManager : Event: ======'logicblock_csi_lanes_then_scoop_updated'====== Args={'value': 0, 'enabled': True}
2025-11-09 20:13:33,923 : INFO : EventManager : Event: ======'logicblock_csi_lanes_then_scoop_then_right_orbit_updated'====== Args={'value': 0, 'enabled': True}
2025-11-09 20:13:33,923 : INFO : EventManager : Event: ======'logicblock_csi_lanes_then_scoop_updated'====== Args={'value': 0, 'enabled': True}
2025-11-09 20:13:33,923 : INFO : EventManager : Event: ======'logicblock_csi_lanes_then_scoop_then_right_orbit_updated'====== Args={'value': 0, 'enabled': True}
2025-11-09 20:13:33,923 : INFO : Mode.csi_lanes : Started. Priority: 200
2025-11-09 20:13:33,923 : INFO : EventManager : Event: ======'modes_active_modes_changed'====== Args={}
2025-11-09 20:13:33,923 : INFO : EventManager : Event: ======'mode_csi_lanes_started'====== Args={'priority': 0}
2025-11-09 20:13:33,923 : INFO : EventManager : Event: ======'player_multiplier'====== Args={'value': 1, 'prev_value': 0, 'change': 1, 'player_num': 1, 'source': 'csi_lanes'}
2025-11-09 20:13:33,923 : INFO : EventManager : Event: ======'logicblock_seq_lock1_updated'====== Args={'value': 0, 'enabled': True}
2025-11-09 20:13:33,923 : INFO : EventManager : Event: ======'logicblock_seq_lock2_updated'====== Args={'value': 0, 'enabled': True}
2025-11-09 20:13:33,923 : INFO : EventManager : Event: ======'logicblock_seq_ready_for_MB_updated'====== Args={'value': 0, 'enabled': True}
2025-11-09 20:13:33,923 : INFO : EventManager : Event: ======'logicblock_seq_lock1_updated'====== Args={'value': 0, 'enabled': True}
2025-11-09 20:13:33,924 : INFO : EventManager : Event: ======'logicblock_seq_lock2_updated'====== Args={'value': 0, 'enabled': True}
2025-11-09 20:13:33,924 : INFO : EventManager : Event: ======'logicblock_seq_ready_for_MB_updated'====== Args={'value': 0, 'enabled': True}
2025-11-09 20:13:33,924 : INFO : Mode.skull : Started. Priority: 200
2025-11-09 20:13:33,924 : INFO : EventManager : Event: ======'modes_active_modes_changed'====== Args={}
2025-11-09 20:13:33,924 : INFO : EventManager : Event: ======'mode_skull_started'====== Args={'priority': 0}
2025-11-09 20:13:33,924 : INFO : EventManager : Event: ======'single_player_ball_started'====== Args={}
2025-11-09 20:13:33,925 : INFO : EventManager : Event: ======'ball_start_target'====== Args={'target': 'playfield'}
2025-11-09 20:13:33,925 : INFO : ball_device.bd_trough : Setting up player-controlled eject. Balls: 1, Target: <playfield.playfield>, player_controlled_eject_event: None
2025-11-09 20:13:33,925 : INFO : ball_device.bd_trough : Adding 1 ball(s) to the eject_queue with target <playfield.playfield>.
2025-11-09 20:13:33,925 : INFO : EventManager : Event: ======'balldevice_balls_available'====== Args={}
2025-11-09 20:13:33,925 : INFO : ball_device.bd_trough : State: waiting_for_target_ready
2025-11-09 20:13:33,925 : INFO : EventManager : Event: ======'balldevice_bd_trough_ball_eject_attempt'====== Args={'balls': 1, 'target': <ball_device.bd_plunger>, 'source': <ball_device.bd_trough>, 'mechanical_eject': False, 'num_attempts': 0}
2025-11-09 20:13:33,926 : INFO : ball_device.bd_plunger : State: waiting_for_ball
2025-11-09 20:13:33,926 : INFO : ball_device.bd_trough : State: ejecting
2025-11-09 20:13:33,926 : INFO : ball_device.bd_trough : Ejecting ball to <ball_device.bd_plunger>
2025-11-09 20:13:33,926 : INFO : EventManager : Event: ======'balldevice_bd_trough_ejecting_ball'====== Args={'balls': 1, 'target': <ball_device.bd_plunger>, 'source': <ball_device.bd_trough>, 'mechanical_eject': False, 'num_attempts': 0}
2025-11-09 20:13:33,927 : INFO : ball_device.bd_trough : Wait for ball to leave device
2025-11-09 20:13:33,927 : INFO : coil.c_trough_eject : Pulsing Driver for 20ms (1.0 pulse_power)
2025-11-09 20:13:33,927 : INFO : SwitchController : <<<<<<< 's_trough1' inactive >>>>>>>
2025-11-09 20:13:33,927 : INFO : ball_device.bd_trough : State: ball_left
2025-11-09 20:13:33,927 : INFO : ball_device.bd_trough : Ball left
2025-11-09 20:13:33,927 : INFO : ball_device.bd_trough : Wait for confirm with timeout 3.0
2025-11-09 20:13:34,028 : INFO : SwitchController : <<<<<<< 's_plunger_lane' active >>>>>>>
2025-11-09 20:13:34,028 : INFO : EventManager : Event: ======'machine_var_audits_switches_s_plunger_lane'====== Args={'value': 834, 'prev_value': 833, 'change': 1}
2025-11-09 20:13:34,071 : INFO : EventManager : Event: ======'slide_base_slide_created'====== Args={'_from_bcp': True}
2025-11-09 20:13:34,071 : INFO : EventManager : Event: ======'slide_attract_inactive'====== Args={'is_removing': True, '_from_bcp': True}
2025-11-09 20:13:34,071 : INFO : EventManager : Event: ======'slide_base_slide_active'====== Args={'original_context': 'base', 'original_calling_context': 'mode_base_started', 'priority': 100.0, 'queue': '<QueuedEvent>', 'player': 1.0, 'ball': 1.0, 'balls_remaining': 2.0, 'is_extra_ball': False, 'cmd': 'slides_play', '_from_bcp': True}
2025-11-09 20:13:34,072 : INFO : EventManager : Event: ======'slide_attract_removed'====== Args={'_from_bcp': True}
2025-11-09 20:13:34,529 : INFO : ball_device.bd_plunger : Received ball from <ball_device.bd_trough>
2025-11-09 20:13:34,529 : INFO : EventManager : Event: ======'balldevice_bd_plunger_ball_enter'====== Args={'new_balls': 1, 'unclaimed_balls': 0, 'new_available_balls': 0, 'device': <ball_device.bd_plunger>}
2025-11-09 20:13:34,530 : INFO : EventManager : Event: ======'balldevice_bd_plunger_ball_entered'====== Args={'new_balls': 0, 'device': <ball_device.bd_plunger>}
2025-11-09 20:13:34,530 : INFO : EventManager : Event: ======'balldevice_bd_plunger_ball_count_changed'====== Args={'balls': 1}
2025-11-09 20:13:34,531 : INFO : ball_device.bd_trough : Got eject confirm
2025-11-09 20:13:34,531 : INFO : ball_device.bd_trough : Eject successful
2025-11-09 20:13:34,531 : INFO : EventManager : Event: ======'balldevice_bd_trough_ball_eject_success'====== Args={'balls': 1, 'target': <ball_device.bd_plunger>}
2025-11-09 20:13:34,531 : INFO : EventManager : Event: ======'balldevice_bd_trough_ball_count_changed'====== Args={'balls': 3}
2025-11-09 20:13:34,532 : INFO : ball_device.bd_trough : State: idle
2025-11-09 20:13:34,532 : INFO : ball_device.bd_plunger : State: waiting_for_target_ready
2025-11-09 20:13:34,532 : INFO : EventManager : Event: ======'balldevice_bd_plunger_ball_eject_attempt'====== Args={'balls': 1, 'target': <playfield.playfield>, 'source': <ball_device.bd_plunger>, 'mechanical_eject': False, 'num_attempts': 0}
2025-11-09 20:13:34,536 : INFO : ball_device.bd_plunger : State: ejecting
2025-11-09 20:13:34,536 : INFO : ball_device.bd_plunger : Ejecting ball to <playfield.playfield>
2025-11-09 20:13:34,536 : INFO : EventManager : Event: ======'balldevice_bd_plunger_ejecting_ball'====== Args={'balls': 1, 'target': <playfield.playfield>, 'source': <ball_device.bd_plunger>, 'mechanical_eject': False, 'num_attempts': 0}
2025-11-09 20:13:34,547 : INFO : ball_device.bd_plunger : Wait for ball to leave device
2025-11-09 20:13:34,547 : INFO : coil.c_plunger : Pulsing Driver for 20ms (1.0 pulse_power)
2025-11-09 20:13:34,547 : INFO : SwitchController : <<<<<<< 's_plunger_lane' inactive >>>>>>>
2025-11-09 20:13:34,548 : INFO : ball_device.bd_plunger : State: ball_left
2025-11-09 20:13:34,548 : INFO : ball_device.bd_plunger : Ball left
2025-11-09 20:13:34,548 : INFO : ball_device.bd_plunger : Wait for confirm with timeout 3.0
2025-11-09 20:13:34,611 : INFO : EventManager : Event: ======'player_base_player_added_timer_tick'====== Args={'value': 1, 'prev_value': 0, 'change': 1, 'player_num': 1}
2025-11-09 20:13:34,612 : INFO : Timer.player_added_timer : Timer Complete
2025-11-09 20:13:34,612 : INFO : Timer.player_added_timer : Stopping Timer
2025-11-09 20:13:34,612 : INFO : EventManager : Event: ======'timer_player_added_timer_stopped'====== Args={'ticks': 1, 'ticks_remaining': 1}
2025-11-09 20:13:34,612 : INFO : EventManager : Event: ======'timer_player_added_timer_complete'====== Args={'ticks': 1, 'ticks_remaining': 1}
2025-11-09 20:13:34,620 : INFO : EventManager : Event: ======'player_csi_lanes_csi_lanes_timer_tick'====== Args={'value': 1, 'prev_value': 0, 'change': 1, 'player_num': 1}
2025-11-09 20:13:34,620 : INFO : Timer.csi_lanes_timer : Timer Complete
2025-11-09 20:13:34,620 : INFO : Timer.csi_lanes_timer : Stopping Timer
2025-11-09 20:13:34,621 : INFO : EventManager : Event: ======'timer_csi_lanes_timer_stopped'====== Args={'ticks': 1, 'ticks_remaining': 1}
2025-11-09 20:13:34,621 : INFO : EventManager : Event: ======'timer_csi_lanes_timer_complete'====== Args={'ticks': 1, 'ticks_remaining': 1}
2025-11-09 20:13:34,918 : INFO : EventManager : Event: ======'player_bumpers_bumper_timer_tick'====== Args={'value': 1, 'prev_value': 0, 'change': 1, 'player_num': 1}
2025-11-09 20:13:34,919 : INFO : Timer.bumper_timer : Timer Complete
2025-11-09 20:13:34,919 : INFO : Timer.bumper_timer : Stopping Timer
2025-11-09 20:13:34,920 : INFO : EventManager : Event: ======'timer_bumper_timer_stopped'====== Args={'ticks': 1, 'ticks_remaining': 1}
2025-11-09 20:13:34,920 : INFO : EventManager : Event: ======'timer_bumper_timer_complete'====== Args={'ticks': 1, 'ticks_remaining': 1}
2025-11-09 20:13:37,549 : INFO : ball_device.bd_plunger : State: failed_confirm
2025-11-09 20:13:37,550 : INFO : ball_device.bd_plunger : Got timeout (3.0s) before confirm from <playfield.playfield>
2025-11-09 20:13:37,650 : INFO : ball_device.bd_plunger : Confirming eject because target is playfield and ball did not return.
2025-11-09 20:13:37,650 : INFO : ball_device.bd_plunger : Eject successful
2025-11-09 20:13:37,650 : INFO : EventManager : Event: ======'balldevice_bd_plunger_ball_eject_success'====== Args={'balls': 1, 'target': <playfield.playfield>}
2025-11-09 20:13:37,651 : INFO : EventManager : Event: ======'balldevice_playfield_ball_enter'====== Args={'new_balls': 1, 'unclaimed_balls': 1, 'device': <playfield.playfield>}
2025-11-09 20:13:37,651 : INFO : EventManager : Event: ======'playfield_ball_count_change'====== Args={'balls': 1, 'change': 1}
2025-11-09 20:13:37,651 : INFO : EventManager : Event: ======'balldevice_bd_plunger_ball_count_changed'====== Args={'balls': 0}
2025-11-09 20:13:37,652 : INFO : ball_device.bd_plunger : State: idle
2025-11-09 20:13:43,922 : INFO : EventManager : Event: ======'player_skull_pause_timer_tick'====== Args={'value': 1, 'prev_value': 0, 'change': 1, 'player_num': 1}
2025-11-09 20:13:43,923 : INFO : Timer.pause_timer : Timer Complete
2025-11-09 20:13:43,923 : INFO : Timer.pause_timer : Stopping Timer
2025-11-09 20:13:43,923 : INFO : EventManager : Event: ======'timer_pause_timer_stopped'====== Args={'ticks': 1, 'ticks_remaining': 1}
2025-11-09 20:13:43,924 : INFO : EventManager : Event: ======'timer_pause_timer_complete'====== Args={'ticks': 1, 'ticks_remaining': 1}
2025-11-09 20:17:09,412 : INFO : Machine : Shutting down...
2025-11-09 20:17:09,412 : INFO : EventManager : Event: ======'shutdown'====== Args={}
2025-11-09 20:17:09,414 : INFO : EventManager : Event: ======'mode_game_will_stop'====== Args={}
2025-11-09 20:17:09,414 : INFO : EventManager : Event: ======'mode_game_stopping'====== Args={}
2025-11-09 20:17:09,415 : INFO : EventManager : Event: ======'mode_csi_lanes_will_stop'====== Args={}
2025-11-09 20:17:09,415 : INFO : EventManager : Event: ======'mode_csi_lanes_stopping'====== Args={}
2025-11-09 20:17:09,415 : INFO : EventManager : Event: ======'mode_skull_will_stop'====== Args={}
2025-11-09 20:17:09,415 : INFO : EventManager : Event: ======'mode_skull_stopping'====== Args={}
2025-11-09 20:17:09,415 : INFO : EventManager : Event: ======'mode_base_will_stop'====== Args={}
2025-11-09 20:17:09,415 : INFO : EventManager : Event: ======'mode_base_stopping'====== Args={}
2025-11-09 20:17:09,415 : INFO : EventManager : Event: ======'mode_bumpers_will_stop'====== Args={}
2025-11-09 20:17:09,415 : INFO : EventManager : Event: ======'mode_bumpers_stopping'====== Args={}
2025-11-09 20:17:09,416 : INFO : EventManager : Event: ======'stop_mode_bumpers'====== Args={'priority': 0}
2025-11-09 20:17:09,416 : INFO : EventManager : Event: ======'stop_mode_csi_lanes'====== Args={'priority': 0}
2025-11-09 20:17:09,416 : INFO : EventManager : Event: ======'stop_mode_skull'====== Args={'priority': 0}
2025-11-09 20:17:09,416 : INFO : Mode.bumpers : Stopped.
2025-11-09 20:17:09,416 : INFO : EventManager : Event: ======'modes_active_modes_changed'====== Args={}
2025-11-09 20:17:09,416 : INFO : EventManager : Event: ======'mode_bumpers_stopped'====== Args={}
2025-11-09 20:17:09,416 : INFO : EventManager : Event: ======'clear'====== Args={'key': 'bumpers'}
2025-11-09 20:17:09,417 : INFO : Timer.bumper_timer : Stopping Timer
2025-11-09 20:17:09,417 : INFO : EventManager : Event: ======'timer_bumper_timer_stopped'====== Args={'ticks': 1, 'ticks_remaining': 1}
2025-11-09 20:17:09,417 : INFO : Mode.base : Stopped.
2025-11-09 20:17:09,417 : INFO : EventManager : Event: ======'modes_active_modes_changed'====== Args={}
2025-11-09 20:17:09,417 : INFO : EventManager : Event: ======'mode_base_stopped'====== Args={}
2025-11-09 20:17:09,417 : INFO : EventManager : Event: ======'clear'====== Args={'key': 'base'}
2025-11-09 20:17:09,417 : INFO : Timer.player_added_timer : Stopping Timer
2025-11-09 20:17:09,417 : INFO : EventManager : Event: ======'timer_player_added_timer_stopped'====== Args={'ticks': 1, 'ticks_remaining': 1}
2025-11-09 20:17:09,417 : INFO : Mode.skull : Stopped.
2025-11-09 20:17:09,417 : INFO : EventManager : Event: ======'modes_active_modes_changed'====== Args={}
2025-11-09 20:17:09,417 : INFO : EventManager : Event: ======'mode_skull_stopped'====== Args={}
2025-11-09 20:17:09,417 : INFO : EventManager : Event: ======'clear'====== Args={'key': 'skull'}
2025-11-09 20:17:09,417 : INFO : Timer.pause_timer : Stopping Timer
2025-11-09 20:17:09,417 : INFO : EventManager : Event: ======'timer_pause_timer_stopped'====== Args={'ticks': 1, 'ticks_remaining': 1}
2025-11-09 20:17:09,417 : INFO : Mode.csi_lanes : Stopped.
2025-11-09 20:17:09,417 : INFO : EventManager : Event: ======'modes_active_modes_changed'====== Args={}
2025-11-09 20:17:09,418 : INFO : EventManager : Event: ======'mode_csi_lanes_stopped'====== Args={}
2025-11-09 20:17:09,418 : INFO : EventManager : Event: ======'clear'====== Args={'key': 'csi_lanes'}
2025-11-09 20:17:09,418 : INFO : Timer.csi_lanes_timer : Stopping Timer
2025-11-09 20:17:09,418 : INFO : EventManager : Event: ======'timer_csi_lanes_timer_stopped'====== Args={'ticks': 1, 'ticks_remaining': 1}
2025-11-09 20:17:09,418 : INFO : Timer.csi_right_orbit_timer : Stopping Timer
2025-11-09 20:17:09,418 : INFO : EventManager : Event: ======'timer_csi_right_orbit_timer_stopped'====== Args={'ticks': 0, 'ticks_remaining': 0}
2025-11-09 20:17:09,419 : INFO : Mode.game : Stopped.
2025-11-09 20:17:09,419 : INFO : EventManager : Event: ======'modes_active_modes_changed'====== Args={}
2025-11-09 20:17:09,419 : INFO : EventManager : Event: ======'mode_game_stopped'====== Args={}
2025-11-09 20:17:09,419 : INFO : EventManager : Event: ======'clear'====== Args={'key': 'game'}
2025-11-09 20:17:09,425 : INFO : root : MPF run loop ended.
