2025-11-15 00:36:32,266 : INFO : root : Loading config.
2025-11-15 00:36:32,267 : INFO : YamlMultifileConfigLoader : Machine config file #1: config.yaml
2025-11-15 00:36:32,267 : INFO : ConfigProcessor : Loading config from cache: /var/folders/m3/0d4y64_n3fn8tnkv3ydlhztw0000gn/T/5ca32a6c950d03116abbed96ca44d372.mpf_cache
2025-11-15 00:36:32,267 : WARNING : ConfigProcessor : Config file in cache changed: /Users/didiergilbin/Desktop/Homebrew_CSI/config/config_hardware_lights.yaml
2025-11-15 00:36:32,267 : INFO : ConfigProcessor : Loading config from file /Users/didiergilbin/mpfenv/lib/python3.13/site-packages/mpf/mpfconfig.yaml.
2025-11-15 00:36:32,282 : INFO : ConfigProcessor : Loading config: /Users/didiergilbin/mpfenv/lib/python3.13/site-packages/mpf/mpfconfig.yaml
2025-11-15 00:36:32,282 : INFO : ConfigProcessor : Loading config from file /Users/didiergilbin/Desktop/Homebrew_CSI/config/config.yaml.
2025-11-15 00:36:32,283 : INFO : ConfigProcessor : Loading config: /Users/didiergilbin/Desktop/Homebrew_CSI/config/config.yaml
2025-11-15 00:36:32,298 : INFO : ConfigProcessor : Loading config: /Users/didiergilbin/Desktop/Homebrew_CSI/config/config_settings.yaml
2025-11-15 00:36:32,298 : INFO : ConfigProcessor : Loading config: /Users/didiergilbin/Desktop/Homebrew_CSI/config/config_hardware.yaml
2025-11-15 00:36:32,300 : INFO : ConfigProcessor : Loading config: /Users/didiergilbin/Desktop/Homebrew_CSI/config/config_hardware_lights.yaml
2025-11-15 00:36:32,302 : INFO : ConfigProcessor : Loading config: /Users/didiergilbin/Desktop/Homebrew_CSI/config/config_hardware_switches.yaml
2025-11-15 00:36:32,306 : INFO : ConfigProcessor : Loading config: /Users/didiergilbin/Desktop/Homebrew_CSI/config/config_hardware_coils.yaml
2025-11-15 00:36:32,307 : INFO : ConfigProcessor : Config file cache created: /var/folders/m3/0d4y64_n3fn8tnkv3ydlhztw0000gn/T/5ca32a6c950d03116abbed96ca44d372.mpf_cache
2025-11-15 00:36:32,319 : INFO : ConfigProcessor : Loading config from cache: /var/folders/m3/0d4y64_n3fn8tnkv3ydlhztw0000gn/T/01c495fa7450a81b4be96cb699872531.mpf_cache
2025-11-15 00:36:32,319 : INFO : ConfigProcessor : Loading config from cache: /var/folders/m3/0d4y64_n3fn8tnkv3ydlhztw0000gn/T/bfde29b5bb803376b0637bb8f0da27a7.mpf_cache
2025-11-15 00:36:32,319 : INFO : ConfigProcessor : Loading config from cache: /var/folders/m3/0d4y64_n3fn8tnkv3ydlhztw0000gn/T/01c495fa7450a81b4be96cb699872531.mpf_cache
2025-11-15 00:36:32,319 : INFO : ConfigProcessor : Loading config from cache: /var/folders/m3/0d4y64_n3fn8tnkv3ydlhztw0000gn/T/3ae89e09515ff8d8b11d68f672b2cc51.mpf_cache
2025-11-15 00:36:32,319 : INFO : ConfigProcessor : Loading config from cache: /var/folders/m3/0d4y64_n3fn8tnkv3ydlhztw0000gn/T/b96d5c0baa304abadecf96d33832535c.mpf_cache
2025-11-15 00:36:32,319 : INFO : ConfigProcessor : Loading config from cache: /var/folders/m3/0d4y64_n3fn8tnkv3ydlhztw0000gn/T/4c420229fa75118c2461cfc9ff5a44e2.mpf_cache
2025-11-15 00:36:32,319 : INFO : ConfigProcessor : Loading config from cache: /var/folders/m3/0d4y64_n3fn8tnkv3ydlhztw0000gn/T/f5ee6852f1764324c8553249cc53c871.mpf_cache
2025-11-15 00:36:32,319 : INFO : ConfigProcessor : Loading config from cache: /var/folders/m3/0d4y64_n3fn8tnkv3ydlhztw0000gn/T/73ac54cb7a83dfa5473900e439743a84.mpf_cache
2025-11-15 00:36:32,319 : INFO : ConfigProcessor : Loading config from cache: /var/folders/m3/0d4y64_n3fn8tnkv3ydlhztw0000gn/T/97c87487bc6ae826da86d36a6e042c78.mpf_cache
2025-11-15 00:36:32,320 : INFO : Machine : Mission Pinball Framework Core Engine v0.80.0.dev10
2025-11-15 00:36:32,320 : INFO : Machine : Command line arguments: {'no_load_cache': False, 'create_config_cache': True, 'bcp': True, 'configfile': ['config.yaml'], 'force_assets_load': False, 'platform_integration_test': False, 'jsonlogging': False, 'logfile': 'logs/2025-11-15-00-36-32-mpf-mac.home.log', 'pause': False, 'production': False, 'text_ui': False, 'loglevel': 15, 'consoleloglevel': 20, 'force_platform': 'smart_virtual', 'syslog_address': None, 'full_logfile_path': '/Users/didiergilbin/Desktop/Homebrew_CSI/logs/2025-11-15-00-36-32-mpf-mac.home.log'}
2025-11-15 00:36:32,320 : INFO : Machine : MPF path: /Users/didiergilbin/mpfenv/lib/python3.13/site-packages/mpf
2025-11-15 00:36:32,320 : INFO : Machine : Machine path: /Users/didiergilbin/Desktop/Homebrew_CSI
2025-11-15 00:36:32,320 : INFO : Machine : Platform: darwin
2025-11-15 00:36:32,320 : INFO : Machine : Python executable location: /Users/didiergilbin/mpfenv/bin/python3.13
2025-11-15 00:36:32,320 : INFO : Machine : Python version: 3.13.7 (64-bit)
2025-11-15 00:36:32,320 : INFO : Machine : Initializing MPF...
2025-11-15 00:36:32,331 : INFO : EventManager : Event: ======'machine_var_credits_string'====== Args={'value': 'FREE PLAY', 'prev_value': None, 'change': True}
2025-11-15 00:36:32,335 : INFO : EventManager : Event: ======'machine_var_master_volume'====== Args={'value': 0.5, 'prev_value': None, 'change': True}
2025-11-15 00:36:32,335 : INFO : EventManager : Event: ======'machine_var_player1_score'====== Args={'value': 368000, 'prev_value': None, 'change': True}
2025-11-15 00:36:32,335 : INFO : EventManager : Event: ======'machine_var_player2_score'====== Args={'value': 24000, 'prev_value': None, 'change': True}
2025-11-15 00:36:32,335 : INFO : EventManager : Event: ======'machine_var_player3_score'====== Args={'value': 21000, 'prev_value': None, 'change': True}
2025-11-15 00:36:32,335 : INFO : EventManager : Event: ======'machine_var_player4_score'====== Args={'value': 0, 'prev_value': None, 'change': True}
2025-11-15 00:36:32,335 : INFO : EventManager : Event: ======'machine_var_mpf_version'====== Args={'value': 'Mission Pinball Framework v0.80.0.dev10', 'prev_value': None, 'change': True}
2025-11-15 00:36:32,335 : INFO : EventManager : Event: ======'machine_var_mpf_extended_version'====== Args={'value': 'Mission Pinball Framework v0.80.0.dev10, Config version:6, Show version: 6, BCP version:1.1', 'prev_value': None, 'change': True}
2025-11-15 00:36:32,335 : INFO : EventManager : Event: ======'machine_var_python_version'====== Args={'value': '3.13.7', 'prev_value': None, 'change': True}
2025-11-15 00:36:32,341 : INFO : EventManager : Event: ======'machine_var_platform'====== Args={'value': 'macOS-15.6.1-arm64-arm-64bit-Mach-O', 'prev_value': None, 'change': True}
2025-11-15 00:36:32,341 : INFO : EventManager : Event: ======'machine_var_platform_system'====== Args={'value': 'Darwin', 'prev_value': None, 'change': True}
2025-11-15 00:36:32,341 : INFO : EventManager : Event: ======'machine_var_platform_release'====== Args={'value': '24.6.0', 'prev_value': None, 'change': True}
2025-11-15 00:36:32,341 : INFO : EventManager : Event: ======'machine_var_platform_version'====== Args={'value': 'Darwin Kernel Version 24.6.0: Mon Jul 14 11:30:40 PDT 2025; root:xnu-11417.140.69~1/RELEASE_ARM64_T8132', 'prev_value': None, 'change': True}
2025-11-15 00:36:32,341 : INFO : EventManager : Event: ======'machine_var_platform_machine'====== Args={'value': 'arm64', 'prev_value': None, 'change': True}
2025-11-15 00:36:32,341 : INFO : EventManager : Event: ======'machine_var_log_file_path'====== Args={'value': '/Users/didiergilbin/Desktop/Homebrew_CSI/logs/2025-11-15-00-36-32-mpf-mac.home.log', 'prev_value': None, 'change': True}
2025-11-15 00:36:32,341 : INFO : EventManager : Event: ======'init_phase_1'====== Args={}
2025-11-15 00:36:32,348 : INFO : EventManager : Event: ======'init_phase_2'====== Args={}
2025-11-15 00:36:32,348 : INFO : SwitchController : Found active switch: ('2', <Platform.SmartVirtual>) <switch.s_trough1>
2025-11-15 00:36:32,348 : INFO : SwitchController : Found active switch: ('3', <Platform.SmartVirtual>) <switch.s_trough2>
2025-11-15 00:36:32,348 : INFO : SwitchController : Found active switch: ('4', <Platform.SmartVirtual>) <switch.s_trough3>
2025-11-15 00:36:32,348 : INFO : SwitchController : Found active switch: ('5', <Platform.SmartVirtual>) <switch.s_trough4>
2025-11-15 00:36:32,349 : INFO : EventManager : Event: ======'bcp_connection_attempt'====== Args={'name': 'local_display', 'host': 'localhost', 'port': 5050}
2025-11-15 00:36:32,349 : INFO : BCPClientSocket : Connecting BCP to 'local_display' at localhost:5050...
2025-11-15 00:36:48,591 : INFO : BCPClientSocket : Connected BCP to 'local_display' localhost:5050
2025-11-15 00:36:48,591 : INFO : EventManager : Event: ======'bcp_clients_connected'====== Args={}
2025-11-15 00:36:48,592 : INFO : ball_device.bd_drain : BCH: Initial count: 0
2025-11-15 00:36:48,593 : INFO : ball_device.bd_drain : State: idle
2025-11-15 00:36:48,593 : INFO : ball_device.bd_trough : BCH: Initial count: 4
2025-11-15 00:36:48,594 : INFO : ball_device.bd_trough : State: idle
2025-11-15 00:36:48,594 : INFO : ball_device.bd_plunger : BCH: Initial count: 0
2025-11-15 00:36:48,594 : INFO : ball_device.bd_plunger : State: idle
2025-11-15 00:36:48,614 : INFO : EventManager : Event: ======'init_phase_3'====== Args={}
2025-11-15 00:36:48,616 : INFO : EventManager : Event: ======'init_phase_4'====== Args={}
2025-11-15 00:36:48,617 : INFO : BallController : Initial balls found: 4
2025-11-15 00:36:48,618 : INFO : EventManager : Event: ======'machine_var_audits_events_game_ended'====== Args={'value': 54, 'prev_value': None, 'change': True}
2025-11-15 00:36:48,618 : INFO : EventManager : Event: ======'machine_var_audits_events_game_started'====== Args={'value': 552, 'prev_value': None, 'change': True}
2025-11-15 00:36:48,618 : INFO : EventManager : Event: ======'machine_var_audits_missing_switches_s_centriguge_enter'====== Args={'value': 2, 'prev_value': None, 'change': True}
2025-11-15 00:36:48,618 : INFO : EventManager : Event: ======'machine_var_audits_missing_switches_s_drain'====== Args={'value': 2, 'prev_value': None, 'change': True}
2025-11-15 00:36:48,618 : INFO : EventManager : Event: ======'machine_var_audits_missing_switches_s_launch_button'====== Args={'value': 199, 'prev_value': None, 'change': True}
2025-11-15 00:36:48,618 : INFO : EventManager : Event: ======'machine_var_audits_missing_switches_s_left_flipper'====== Args={'value': 18, 'prev_value': None, 'change': True}
2025-11-15 00:36:48,618 : INFO : EventManager : Event: ======'machine_var_audits_missing_switches_s_left_inlane1'====== Args={'value': 15, 'prev_value': None, 'change': True}
2025-11-15 00:36:48,618 : INFO : EventManager : Event: ======'machine_var_audits_missing_switches_s_left_inlane2'====== Args={'value': 27, 'prev_value': None, 'change': True}
2025-11-15 00:36:48,618 : INFO : EventManager : Event: ======'machine_var_audits_missing_switches_s_left_orbit'====== Args={'value': 2, 'prev_value': None, 'change': True}
2025-11-15 00:36:48,618 : INFO : EventManager : Event: ======'machine_var_audits_missing_switches_s_left_outlane'====== Args={'value': 167, 'prev_value': None, 'change': True}
2025-11-15 00:36:48,618 : INFO : EventManager : Event: ======'machine_var_audits_missing_switches_s_microscope_left'====== Args={'value': 2, 'prev_value': None, 'change': True}
2025-11-15 00:36:48,618 : INFO : EventManager : Event: ======'machine_var_audits_missing_switches_s_microscope_right'====== Args={'value': 2, 'prev_value': None, 'change': True}
2025-11-15 00:36:48,618 : INFO : EventManager : Event: ======'machine_var_audits_missing_switches_s_morgue'====== Args={'value': 2, 'prev_value': None, 'change': True}
2025-11-15 00:36:48,618 : INFO : EventManager : Event: ======'machine_var_audits_missing_switches_s_popbumper1'====== Args={'value': 7, 'prev_value': None, 'change': True}
2025-11-15 00:36:48,618 : INFO : EventManager : Event: ======'machine_var_audits_missing_switches_s_popbumper2'====== Args={'value': 6, 'prev_value': None, 'change': True}
2025-11-15 00:36:48,618 : INFO : EventManager : Event: ======'machine_var_audits_missing_switches_s_popbumper3'====== Args={'value': 9, 'prev_value': None, 'change': True}
2025-11-15 00:36:48,618 : INFO : EventManager : Event: ======'machine_var_audits_missing_switches_s_ramp'====== Args={'value': 27, 'prev_value': None, 'change': True}
2025-11-15 00:36:48,618 : INFO : EventManager : Event: ======'machine_var_audits_missing_switches_s_right_flipper'====== Args={'value': 16, 'prev_value': None, 'change': True}
2025-11-15 00:36:48,618 : INFO : EventManager : Event: ======'machine_var_audits_missing_switches_s_right_inlane'====== Args={'value': 16, 'prev_value': None, 'change': True}
2025-11-15 00:36:48,618 : INFO : EventManager : Event: ======'machine_var_audits_missing_switches_s_right_orbit'====== Args={'value': 2, 'prev_value': None, 'change': True}
2025-11-15 00:36:48,618 : INFO : EventManager : Event: ======'machine_var_audits_missing_switches_s_right_outlane'====== Args={'value': 167, 'prev_value': None, 'change': True}
2025-11-15 00:36:48,618 : INFO : EventManager : Event: ======'machine_var_audits_missing_switches_s_right_spinner'====== Args={'value': 2, 'prev_value': None, 'change': True}
2025-11-15 00:36:48,618 : INFO : EventManager : Event: ======'machine_var_audits_missing_switches_s_scoop'====== Args={'value': 8, 'prev_value': None, 'change': True}
2025-11-15 00:36:48,618 : INFO : EventManager : Event: ======'machine_var_audits_missing_switches_s_skull_lock1'====== Args={'value': 10, 'prev_value': None, 'change': True}
2025-11-15 00:36:48,618 : INFO : EventManager : Event: ======'machine_var_audits_missing_switches_s_skull_lock2'====== Args={'value': 10, 'prev_value': None, 'change': True}
2025-11-15 00:36:48,618 : INFO : EventManager : Event: ======'machine_var_audits_missing_switches_s_sling_left'====== Args={'value': 552, 'prev_value': None, 'change': True}
2025-11-15 00:36:48,618 : INFO : EventManager : Event: ======'machine_var_audits_missing_switches_s_sling_right'====== Args={'value': 552, 'prev_value': None, 'change': True}
2025-11-15 00:36:48,618 : INFO : EventManager : Event: ======'machine_var_audits_missing_switches_s_start'====== Args={'value': 10, 'prev_value': None, 'change': True}
2025-11-15 00:36:48,618 : INFO : EventManager : Event: ======'machine_var_audits_missing_switches_s_trough1'====== Args={'value': 2, 'prev_value': None, 'change': True}
2025-11-15 00:36:48,618 : INFO : EventManager : Event: ======'machine_var_audits_missing_switches_s_trough2'====== Args={'value': 113, 'prev_value': None, 'change': True}
2025-11-15 00:36:48,618 : INFO : EventManager : Event: ======'machine_var_audits_missing_switches_s_trough3'====== Args={'value': 330, 'prev_value': None, 'change': True}
2025-11-15 00:36:48,618 : INFO : EventManager : Event: ======'machine_var_audits_missing_switches_s_trough4'====== Args={'value': 330, 'prev_value': None, 'change': True}
2025-11-15 00:36:48,619 : INFO : EventManager : Event: ======'machine_var_audits_missing_switches_s_trough_jam'====== Args={'value': 266, 'prev_value': None, 'change': True}
2025-11-15 00:36:48,619 : INFO : EventManager : Event: ======'machine_var_audits_player_score'====== Args={'value': {'average': 215167, 'top': [10210000, 1550000, 1070000, 1070000, 810000, 710000, 640000, 570000, 530000, 480000], 'total': 118}, 'prev_value': None, 'change': True}
2025-11-15 00:36:48,619 : INFO : EventManager : Event: ======'machine_var_audits_shots_bumper1'====== Args={'value': 4520, 'prev_value': None, 'change': True}
2025-11-15 00:36:48,619 : INFO : EventManager : Event: ======'machine_var_audits_shots_bumper2'====== Args={'value': 4420, 'prev_value': None, 'change': True}
2025-11-15 00:36:48,619 : INFO : EventManager : Event: ======'machine_var_audits_shots_bumper3'====== Args={'value': 4261, 'prev_value': None, 'change': True}
2025-11-15 00:36:48,619 : INFO : EventManager : Event: ======'machine_var_audits_shots_c_shot'====== Args={'value': 176, 'prev_value': None, 'change': True}
2025-11-15 00:36:48,619 : INFO : EventManager : Event: ======'machine_var_audits_shots_csi_shot'====== Args={'value': 9, 'prev_value': None, 'change': True}
2025-11-15 00:36:48,619 : INFO : EventManager : Event: ======'machine_var_audits_shots_i_shot'====== Args={'value': 148, 'prev_value': None, 'change': True}
2025-11-15 00:36:48,619 : INFO : EventManager : Event: ======'machine_var_audits_shots_s10'====== Args={'value': 9, 'prev_value': None, 'change': True}
2025-11-15 00:36:48,619 : INFO : EventManager : Event: ======'machine_var_audits_shots_s11'====== Args={'value': 8, 'prev_value': None, 'change': True}
2025-11-15 00:36:48,619 : INFO : EventManager : Event: ======'machine_var_audits_shots_s13'====== Args={'value': 2, 'prev_value': None, 'change': True}
2025-11-15 00:36:48,619 : INFO : EventManager : Event: ======'machine_var_audits_shots_s2'====== Args={'value': 33, 'prev_value': None, 'change': True}
2025-11-15 00:36:48,619 : INFO : EventManager : Event: ======'machine_var_audits_shots_s5'====== Args={'value': 13, 'prev_value': None, 'change': True}
2025-11-15 00:36:48,619 : INFO : EventManager : Event: ======'machine_var_audits_shots_s6'====== Args={'value': 10, 'prev_value': None, 'change': True}
2025-11-15 00:36:48,619 : INFO : EventManager : Event: ======'machine_var_audits_shots_s7'====== Args={'value': 20, 'prev_value': None, 'change': True}
2025-11-15 00:36:48,619 : INFO : EventManager : Event: ======'machine_var_audits_shots_s8'====== Args={'value': 7, 'prev_value': None, 'change': True}
2025-11-15 00:36:48,619 : INFO : EventManager : Event: ======'machine_var_audits_shots_s_shot'====== Args={'value': 161, 'prev_value': None, 'change': True}
2025-11-15 00:36:48,619 : INFO : EventManager : Event: ======'machine_var_audits_shots_switch_shot'====== Args={'value': 245, 'prev_value': None, 'change': True}
2025-11-15 00:36:48,619 : INFO : EventManager : Event: ======'machine_var_audits_switches_s_centriguge_enter'====== Args={'value': 0, 'prev_value': None, 'change': True}
2025-11-15 00:36:48,619 : INFO : EventManager : Event: ======'machine_var_audits_switches_s_drain'====== Args={'value': 558, 'prev_value': None, 'change': True}
2025-11-15 00:36:48,619 : INFO : EventManager : Event: ======'machine_var_audits_switches_s_launch_button'====== Args={'value': 1, 'prev_value': None, 'change': True}
2025-11-15 00:36:48,619 : INFO : EventManager : Event: ======'machine_var_audits_switches_s_left_flipper'====== Args={'value': 478, 'prev_value': None, 'change': True}
2025-11-15 00:36:48,619 : INFO : EventManager : Event: ======'machine_var_audits_switches_s_left_inlane1'====== Args={'value': 186, 'prev_value': None, 'change': True}
2025-11-15 00:36:48,619 : INFO : EventManager : Event: ======'machine_var_audits_switches_s_left_inlane2'====== Args={'value': 168, 'prev_value': None, 'change': True}
2025-11-15 00:36:48,619 : INFO : EventManager : Event: ======'machine_var_audits_switches_s_left_orbit'====== Args={'value': 0, 'prev_value': None, 'change': True}
2025-11-15 00:36:48,619 : INFO : EventManager : Event: ======'machine_var_audits_switches_s_left_outlane'====== Args={'value': 1, 'prev_value': None, 'change': True}
2025-11-15 00:36:48,619 : INFO : EventManager : Event: ======'machine_var_audits_switches_s_microscope_left'====== Args={'value': 0, 'prev_value': None, 'change': True}
2025-11-15 00:36:48,619 : INFO : EventManager : Event: ======'machine_var_audits_switches_s_microscope_right'====== Args={'value': 0, 'prev_value': None, 'change': True}
2025-11-15 00:36:48,619 : INFO : EventManager : Event: ======'machine_var_audits_switches_s_morgue'====== Args={'value': 70, 'prev_value': None, 'change': True}
2025-11-15 00:36:48,619 : INFO : EventManager : Event: ======'machine_var_audits_switches_s_plunger_lane'====== Args={'value': 1006, 'prev_value': None, 'change': True}
2025-11-15 00:36:48,619 : INFO : EventManager : Event: ======'machine_var_audits_switches_s_popbumper1'====== Args={'value': 4564, 'prev_value': None, 'change': True}
2025-11-15 00:36:48,619 : INFO : EventManager : Event: ======'machine_var_audits_switches_s_popbumper2'====== Args={'value': 4461, 'prev_value': None, 'change': True}
2025-11-15 00:36:48,619 : INFO : EventManager : Event: ======'machine_var_audits_switches_s_popbumper3'====== Args={'value': 4303, 'prev_value': None, 'change': True}
2025-11-15 00:36:48,619 : INFO : EventManager : Event: ======'machine_var_audits_switches_s_ramp'====== Args={'value': 1048, 'prev_value': None, 'change': True}
2025-11-15 00:36:48,619 : INFO : EventManager : Event: ======'machine_var_audits_switches_s_right_flipper'====== Args={'value': 787, 'prev_value': None, 'change': True}
2025-11-15 00:36:48,619 : INFO : EventManager : Event: ======'machine_var_audits_switches_s_right_inlane'====== Args={'value': 154, 'prev_value': None, 'change': True}
2025-11-15 00:36:48,619 : INFO : EventManager : Event: ======'machine_var_audits_switches_s_right_orbit'====== Args={'value': 118, 'prev_value': None, 'change': True}
2025-11-15 00:36:48,619 : INFO : EventManager : Event: ======'machine_var_audits_switches_s_right_outlane'====== Args={'value': 5, 'prev_value': None, 'change': True}
2025-11-15 00:36:48,619 : INFO : EventManager : Event: ======'machine_var_audits_switches_s_right_spinner'====== Args={'value': 0, 'prev_value': None, 'change': True}
2025-11-15 00:36:48,619 : INFO : EventManager : Event: ======'machine_var_audits_switches_s_scoop'====== Args={'value': 447, 'prev_value': None, 'change': True}
2025-11-15 00:36:48,619 : INFO : EventManager : Event: ======'machine_var_audits_switches_s_skull_lock1'====== Args={'value': 75, 'prev_value': None, 'change': True}
2025-11-15 00:36:48,619 : INFO : EventManager : Event: ======'machine_var_audits_switches_s_skull_lock2'====== Args={'value': 82, 'prev_value': None, 'change': True}
2025-11-15 00:36:48,619 : INFO : EventManager : Event: ======'machine_var_audits_switches_s_sling_left'====== Args={'value': 0, 'prev_value': None, 'change': True}
2025-11-15 00:36:48,619 : INFO : EventManager : Event: ======'machine_var_audits_switches_s_sling_right'====== Args={'value': 0, 'prev_value': None, 'change': True}
2025-11-15 00:36:48,619 : INFO : EventManager : Event: ======'machine_var_audits_switches_s_start'====== Args={'value': 682, 'prev_value': None, 'change': True}
2025-11-15 00:36:48,619 : INFO : EventManager : Event: ======'machine_var_audits_switches_s_trough1'====== Args={'value': 393, 'prev_value': None, 'change': True}
2025-11-15 00:36:48,619 : INFO : EventManager : Event: ======'machine_var_audits_switches_s_trough2'====== Args={'value': 18, 'prev_value': None, 'change': True}
2025-11-15 00:36:48,620 : INFO : EventManager : Event: ======'machine_var_audits_switches_s_trough3'====== Args={'value': 1, 'prev_value': None, 'change': True}
2025-11-15 00:36:48,620 : INFO : EventManager : Event: ======'machine_var_audits_switches_s_trough4'====== Args={'value': 1, 'prev_value': None, 'change': True}
2025-11-15 00:36:48,620 : INFO : EventManager : Event: ======'machine_var_audits_switches_s_trough_jam'====== Args={'value': 8, 'prev_value': None, 'change': True}
2025-11-15 00:36:48,620 : INFO : EventManager : Event: ======'init_phase_5'====== Args={}
2025-11-15 00:36:48,621 : INFO : EventManager : Event: ======'init_done'====== Args={}
2025-11-15 00:36:48,622 : INFO : EventManager : Event: ======'machine_reset_phase_1'====== Args={}
2025-11-15 00:36:48,665 : INFO : EventManager : Event: ======'machine_reset_phase_2'====== Args={}
2025-11-15 00:36:48,666 : INFO : EventManager : Event: ======'machine_reset_phase_3'====== Args={}
2025-11-15 00:36:48,666 : INFO : EventManager : Event: ======'reset_complete'====== Args={}
2025-11-15 00:36:48,666 : INFO : EventManager : Event: ======'mode_attract_will_start'====== Args={}
2025-11-15 00:36:48,667 : INFO : Timer.attract_carousel_timer : Starting Timer.
2025-11-15 00:36:48,667 : INFO : EventManager : Event: ======'timer_attract_carousel_timer_started'====== Args={'ticks': 0, 'ticks_remaining': 1}
2025-11-15 00:36:48,667 : INFO : EventManager : Event: ======'timer_attract_carousel_timer_tick'====== Args={'ticks': 0, 'ticks_remaining': 1}
2025-11-15 00:36:48,668 : INFO : EventManager : Event: ======'mode_attract_starting'====== Args={}
2025-11-15 00:36:48,668 : INFO : Mode.attract : Started. Priority: 10
2025-11-15 00:36:48,668 : INFO : EventManager : Event: ======'modes_active_modes_changed'====== Args={}
2025-11-15 00:36:48,668 : INFO : EventManager : Event: ======'mode_attract_started'====== Args={}
2025-11-15 00:36:48,668 : INFO : EventManager : Event: ======'collecting_balls_complete'====== Args={}
2025-11-15 00:36:48,669 : INFO : EventManager : Event: ======'carousel_item_highlighted'====== Args={'carousel': 'attract', 'direction': None, 'item': 'title'}
2025-11-15 00:36:48,669 : INFO : Machine : Starting the main run loop with active modes: [<Mode.attract>]
2025-11-15 00:36:49,044 : INFO : EventManager : Event: ======'slide_attract_created'====== Args={'_from_bcp': True}
2025-11-15 00:36:49,044 : INFO : EventManager : Event: ======'slide__removed'====== Args={'_from_bcp': True}
2025-11-15 00:36:49,044 : INFO : EventManager : Event: ======'slide_attract_active'====== Args={'original_context': 'attract', 'original_calling_context': 'mode_attract_started', 'priority': 10.0, 'cmd': 'slides_play', '_from_bcp': True}
2025-11-15 00:36:49,331 : INFO : BcpServer : New client connected.
2025-11-15 00:36:51,512 : INFO : SwitchController : <<<<<<< 's_start' active >>>>>>>
2025-11-15 00:36:51,627 : INFO : SwitchController : <<<<<<< 's_start' inactive >>>>>>>
2025-11-15 00:36:51,627 : INFO : EventManager : Event: ======'request_to_start_game'====== Args={}
2025-11-15 00:36:51,629 : INFO : EventManager : Event: ======'game_start'====== Args={'buttons': [], 'hold_time': 0.11543625011108816}
2025-11-15 00:36:51,629 : INFO : EventManager : Event: ======'mode_game_will_start'====== Args={'buttons': [], 'hold_time': 0.11543625011108816}
2025-11-15 00:36:51,631 : INFO : EventManager : Event: ======'mode_game_starting'====== Args={'buttons': [], 'hold_time': 0.11543625011108816}
2025-11-15 00:36:51,631 : INFO : EventManager : Event: ======'mode_attract_will_stop'====== Args={}
2025-11-15 00:36:51,631 : INFO : EventManager : Event: ======'mode_attract_stopping'====== Args={}
2025-11-15 00:36:51,631 : INFO : Mode.attract : Stopped.
2025-11-15 00:36:51,631 : INFO : EventManager : Event: ======'modes_active_modes_changed'====== Args={}
2025-11-15 00:36:51,632 : INFO : EventManager : Event: ======'mode_attract_stopped'====== Args={}
2025-11-15 00:36:51,632 : INFO : EventManager : Event: ======'clear'====== Args={'key': 'attract'}
2025-11-15 00:36:51,633 : INFO : Timer.attract_carousel_timer : Stopping Timer
2025-11-15 00:36:51,633 : INFO : EventManager : Event: ======'timer_attract_carousel_timer_stopped'====== Args={'ticks': 0, 'ticks_remaining': 1}
2025-11-15 00:36:51,634 : INFO : Mode.game : Started. Priority: 20
2025-11-15 00:36:51,634 : INFO : EventManager : Event: ======'modes_active_modes_changed'====== Args={}
2025-11-15 00:36:51,634 : INFO : EventManager : Event: ======'mode_game_started'====== Args={'buttons': [], 'hold_time': 0.11543625011108816}
2025-11-15 00:36:51,635 : INFO : EventManager : Event: ======'game_will_start'====== Args={}
2025-11-15 00:36:51,636 : INFO : EventManager : Event: ======'game_starting'====== Args={'game': <Mode.game>}
2025-11-15 00:36:51,637 : INFO : EventManager : Unordered handler for class <Auditor> on event game_ended with priority 1. Handlers: [RegisteredHandler(callback=<bound method Auditor.disable of <Auditor>>, priority=1, kwargs={}, key=UUID('8afde86e-9a8a-46b2-9bd5-3ccf32881684'), condition=None, blocking_facility=None), RegisteredHandler(callback=<bound method Auditor._save_audits of <Auditor>>, priority=1, kwargs={}, key=UUID('608c754a-6c36-4614-aa43-9cbfa17b352b'), condition=None, blocking_facility=None)]. The order of those handlers is not defined and they will be executed in random order. This might lead to race conditions and potential bugs.
2025-11-15 00:36:51,637 : INFO : EventManager : Event: ======'player_add_request'====== Args={}
2025-11-15 00:36:51,637 : INFO : EventManager : Event: ======'player_will_add'====== Args={'number': 1}
2025-11-15 00:36:51,638 : INFO : EventManager : Event: ======'player_adding'====== Args={'player': <Player 1>, 'number': 1}
2025-11-15 00:36:51,638 : INFO : EventManager : Event: ======'player_added'====== Args={'player': <Player 1>, 'num': 1}
2025-11-15 00:36:51,638 : INFO : Mode.game : Player added successfully. Total players: 1
2025-11-15 00:36:51,638 : INFO : EventManager : Event: ======'player_index'====== Args={'value': 0, 'prev_value': 0, 'change': 0, 'player_num': 1}
2025-11-15 00:36:51,639 : INFO : EventManager : Event: ======'player_number'====== Args={'value': 1, 'prev_value': 1, 'change': 0, 'player_num': 1}
2025-11-15 00:36:51,639 : INFO : EventManager : Event: ======'player_bonus_multiplier'====== Args={'value': 1, 'prev_value': 1, 'change': 0, 'player_num': 1}
2025-11-15 00:36:51,640 : INFO : EventManager : Event: ======'player_skull_ramp_nb'====== Args={'value': 0, 'prev_value': 0, 'change': 0, 'player_num': 1}
2025-11-15 00:36:51,640 : INFO : EventManager : Event: ======'player_skillshot'====== Args={'value': 0, 'prev_value': 0, 'change': 0, 'player_num': 1}
2025-11-15 00:36:51,640 : INFO : EventManager : Event: ======'player_skillshot_count'====== Args={'value': 0, 'prev_value': 0, 'change': 0, 'player_num': 1}
2025-11-15 00:36:51,640 : INFO : EventManager : Event: ======'player_tmp_int'====== Args={'value': 0, 'prev_value': 0, 'change': 0, 'player_num': 1}
2025-11-15 00:36:51,641 : INFO : EventManager : Event: ======'player_score'====== Args={'value': 0, 'prev_value': 0, 'change': 0, 'player_num': 1}
2025-11-15 00:36:51,641 : INFO : EventManager : Event: ======'game_started'====== Args={}
2025-11-15 00:36:51,642 : INFO : EventManager : Event: ======'player_turn_will_start'====== Args={'player': <Player 1>, 'number': 1}
2025-11-15 00:36:51,642 : INFO : EventManager : Event: ======'player_turn_starting'====== Args={'player': <Player 1>, 'number': 1}
2025-11-15 00:36:51,642 : INFO : EventManager : Event: ======'player_ball'====== Args={'value': 1, 'prev_value': 0, 'change': 1, 'player_num': 1}
2025-11-15 00:36:51,652 : INFO : EventManager : Event: ======'player_turn_started'====== Args={'player': <Player 1>, 'number': 1}
2025-11-15 00:36:51,652 : INFO : EventManager : Event: ======'ball_will_start'====== Args={'player': 1, 'ball': 1, 'balls_remaining': 2, 'is_extra_ball': False}
2025-11-15 00:36:51,653 : INFO : EventManager : Event: ======'ball_starting'====== Args={'player': 1, 'ball': 1, 'balls_remaining': 2, 'is_extra_ball': False}
2025-11-15 00:36:51,653 : INFO : EventManager : Event: ======'mode_base_will_start'====== Args={'queue': <QueuedEvent>, 'player': 1, 'ball': 1, 'balls_remaining': 2, 'is_extra_ball': False}
2025-11-15 00:36:51,653 : INFO : EventManager : Event: ======'player_base_player_added_timer_tick'====== Args={'value': 0, 'prev_value': 0, 'change': 0, 'player_num': 1}
2025-11-15 00:36:51,654 : INFO : Timer.player_added_timer : Starting Timer.
2025-11-15 00:36:51,654 : INFO : EventManager : Event: ======'timer_player_added_timer_started'====== Args={'ticks': 0, 'ticks_remaining': 1}
2025-11-15 00:36:51,654 : INFO : EventManager : Event: ======'timer_player_added_timer_tick'====== Args={'ticks': 0, 'ticks_remaining': 1}
2025-11-15 00:36:51,655 : INFO : EventManager : Event: ======'mode_base_starting'====== Args={'queue': <QueuedEvent>, 'player': 1, 'ball': 1, 'balls_remaining': 2, 'is_extra_ball': False}
2025-11-15 00:36:51,656 : INFO : Mode.base : Started. Priority: 100
2025-11-15 00:36:51,656 : INFO : EventManager : Event: ======'modes_active_modes_changed'====== Args={}
2025-11-15 00:36:51,656 : INFO : EventManager : Event: ======'mode_base_started'====== Args={'queue': <QueuedEvent>, 'player': 1, 'ball': 1, 'balls_remaining': 2, 'is_extra_ball': False}
2025-11-15 00:36:51,656 : INFO : EventManager : Event: ======'start_mode_bumpers'====== Args={'priority': 0}
2025-11-15 00:36:51,657 : INFO : EventManager : Event: ======'start_mode_csi_lanes'====== Args={'priority': 0}
2025-11-15 00:36:51,657 : INFO : EventManager : Event: ======'start_mode_skull'====== Args={'priority': 0}
2025-11-15 00:36:51,657 : INFO : EventManager : Event: ======'mode_bumpers_will_start'====== Args={'priority': 0}
2025-11-15 00:36:51,658 : INFO : EventManager : Event: ======'player_shot_bumper1_enabled'====== Args={'value': True, 'prev_value': 0, 'change': 1, 'player_num': 1}
2025-11-15 00:36:51,658 : INFO : EventManager : Event: ======'player_shot_bumper2_enabled'====== Args={'value': True, 'prev_value': 0, 'change': 1, 'player_num': 1}
2025-11-15 00:36:51,659 : INFO : EventManager : Event: ======'player_shot_bumper3_enabled'====== Args={'value': True, 'prev_value': 0, 'change': 1, 'player_num': 1}
2025-11-15 00:36:51,659 : INFO : EventManager : Event: ======'bumpers_complete'====== Args={'state': 'unlit'}
2025-11-15 00:36:51,659 : INFO : EventManager : Event: ======'bumpers_unlit_complete'====== Args={}
2025-11-15 00:36:51,659 : INFO : EventManager : Event: ======'player_bumpers_bumper_timer_tick'====== Args={'value': 0, 'prev_value': 0, 'change': 0, 'player_num': 1}
2025-11-15 00:36:51,660 : INFO : Timer.bumper_timer : Starting Timer.
2025-11-15 00:36:51,660 : INFO : EventManager : Event: ======'timer_bumper_timer_started'====== Args={'ticks': 0, 'ticks_remaining': 1}
2025-11-15 00:36:51,660 : INFO : EventManager : Event: ======'timer_bumper_timer_tick'====== Args={'ticks': 0, 'ticks_remaining': 1}
2025-11-15 00:36:51,660 : INFO : EventManager : Event: ======'mode_bumpers_starting'====== Args={'priority': 0}
2025-11-15 00:36:51,660 : INFO : EventManager : Event: ======'mode_csi_lanes_will_start'====== Args={'priority': 0}
2025-11-15 00:36:51,661 : INFO : EventManager : Event: ======'player_shot_c_shot_enabled'====== Args={'value': True, 'prev_value': 0, 'change': 1, 'player_num': 1}
2025-11-15 00:36:51,661 : INFO : EventManager : Event: ======'player_shot_s_shot_enabled'====== Args={'value': True, 'prev_value': 0, 'change': 1, 'player_num': 1}
2025-11-15 00:36:51,661 : INFO : EventManager : Event: ======'player_shot_i_shot_enabled'====== Args={'value': True, 'prev_value': 0, 'change': 1, 'player_num': 1}
2025-11-15 00:36:51,661 : INFO : EventManager : Event: ======'csi_shots_complete'====== Args={'state': 'unlit'}
2025-11-15 00:36:51,661 : INFO : EventManager : Event: ======'csi_shots_unlit_complete'====== Args={}
2025-11-15 00:36:51,663 : INFO : EventManager : Event: ======'player_csi_lanes_csi_lanes_timer_tick'====== Args={'value': 0, 'prev_value': 0, 'change': 0, 'player_num': 1}
2025-11-15 00:36:51,663 : INFO : Timer.csi_lanes_timer : Starting Timer.
2025-11-15 00:36:51,663 : INFO : EventManager : Event: ======'timer_csi_lanes_timer_started'====== Args={'ticks': 0, 'ticks_remaining': 1}
2025-11-15 00:36:51,663 : INFO : EventManager : Event: ======'timer_csi_lanes_timer_tick'====== Args={'ticks': 0, 'ticks_remaining': 1}
2025-11-15 00:36:51,663 : INFO : EventManager : Event: ======'player_csi_lanes_csi_right_orbit_timer_tick'====== Args={'value': 0, 'prev_value': 0, 'change': 0, 'player_num': 1}
2025-11-15 00:36:51,664 : INFO : EventManager : Event: ======'mode_csi_lanes_starting'====== Args={'priority': 0}
2025-11-15 00:36:51,665 : INFO : EventManager : Event: ======'mode_skull_will_start'====== Args={'priority': 0}
2025-11-15 00:36:51,665 : INFO : EventManager : Event: ======'player_skull_pause_timer_tick'====== Args={'value': 0, 'prev_value': 0, 'change': 0, 'player_num': 1}
2025-11-15 00:36:51,665 : INFO : Timer.pause_timer : Starting Timer.
2025-11-15 00:36:51,666 : INFO : EventManager : Event: ======'timer_pause_timer_started'====== Args={'ticks': 0, 'ticks_remaining': 1}
2025-11-15 00:36:51,666 : INFO : EventManager : Event: ======'timer_pause_timer_tick'====== Args={'ticks': 0, 'ticks_remaining': 1}
2025-11-15 00:36:51,666 : INFO : EventManager : Event: ======'mode_skull_starting'====== Args={'priority': 0}
2025-11-15 00:36:51,666 : INFO : Mode.bumpers : Started. Priority: 200
2025-11-15 00:36:51,666 : INFO : EventManager : Event: ======'modes_active_modes_changed'====== Args={}
2025-11-15 00:36:51,667 : INFO : EventManager : Event: ======'mode_bumpers_started'====== Args={'priority': 0}
2025-11-15 00:36:51,667 : INFO : EventManager : Event: ======'balls_in_play'====== Args={'balls': 1}
2025-11-15 00:36:51,667 : INFO : EventManager : Event: ======'ball_started'====== Args={'player': 1, 'ball': 1, 'balls_remaining': 2, 'is_extra_ball': False}
2025-11-15 00:36:51,668 : INFO : EventManager : Event: ======'mode_skillshot_will_start'====== Args={'player': 1, 'ball': 1, 'balls_remaining': 2, 'is_extra_ball': False}
2025-11-15 00:36:51,668 : INFO : EventManager : Event: ======'player_shot_s1_enabled'====== Args={'value': True, 'prev_value': 0, 'change': 1, 'player_num': 1}
2025-11-15 00:36:51,668 : INFO : EventManager : Event: ======'player_shot_s2_enabled'====== Args={'value': True, 'prev_value': 0, 'change': 1, 'player_num': 1}
2025-11-15 00:36:51,668 : INFO : EventManager : Event: ======'player_shot_s3_enabled'====== Args={'value': True, 'prev_value': 0, 'change': 1, 'player_num': 1}
2025-11-15 00:36:51,668 : INFO : EventManager : Event: ======'player_shot_s4_enabled'====== Args={'value': True, 'prev_value': 0, 'change': 1, 'player_num': 1}
2025-11-15 00:36:51,668 : INFO : EventManager : Event: ======'player_shot_s5_enabled'====== Args={'value': True, 'prev_value': 0, 'change': 1, 'player_num': 1}
2025-11-15 00:36:51,669 : INFO : EventManager : Event: ======'player_shot_s6_enabled'====== Args={'value': True, 'prev_value': 0, 'change': 1, 'player_num': 1}
2025-11-15 00:36:51,669 : INFO : EventManager : Event: ======'player_shot_s7_enabled'====== Args={'value': True, 'prev_value': 0, 'change': 1, 'player_num': 1}
2025-11-15 00:36:51,669 : INFO : EventManager : Event: ======'player_shot_s8_enabled'====== Args={'value': True, 'prev_value': 0, 'change': 1, 'player_num': 1}
2025-11-15 00:36:51,669 : INFO : EventManager : Event: ======'player_shot_s9_enabled'====== Args={'value': True, 'prev_value': 0, 'change': 1, 'player_num': 1}
2025-11-15 00:36:51,669 : INFO : EventManager : Event: ======'player_shot_s10_enabled'====== Args={'value': True, 'prev_value': 0, 'change': 1, 'player_num': 1}
2025-11-15 00:36:51,669 : INFO : EventManager : Event: ======'player_shot_s11_enabled'====== Args={'value': True, 'prev_value': 0, 'change': 1, 'player_num': 1}
2025-11-15 00:36:51,669 : INFO : EventManager : Event: ======'player_shot_s12_enabled'====== Args={'value': True, 'prev_value': 0, 'change': 1, 'player_num': 1}
2025-11-15 00:36:51,670 : INFO : EventManager : Event: ======'player_shot_s13_enabled'====== Args={'value': True, 'prev_value': 0, 'change': 1, 'player_num': 1}
2025-11-15 00:36:51,670 : INFO : EventManager : Event: ======'player_shot_s14_enabled'====== Args={'value': True, 'prev_value': 0, 'change': 1, 'player_num': 1}
2025-11-15 00:36:51,670 : INFO : EventManager : Event: ======'not_skillshot_complete'====== Args={'state': 'unlit'}
2025-11-15 00:36:51,670 : INFO : EventManager : Event: ======'not_skillshot_unlit_complete'====== Args={}
2025-11-15 00:36:51,671 : INFO : EventManager : Event: ======'mode_skillshot_starting'====== Args={'player': 1, 'ball': 1, 'balls_remaining': 2, 'is_extra_ball': False}
2025-11-15 00:36:51,672 : INFO : EventManager : Event: ======'logicblock_csi_lanes_then_scoop_updated'====== Args={'value': 0, 'enabled': True}
2025-11-15 00:36:51,672 : INFO : EventManager : Event: ======'logicblock_csi_lanes_then_scoop_then_right_orbit_updated'====== Args={'value': 0, 'enabled': True}
2025-11-15 00:36:51,672 : INFO : EventManager : Event: ======'logicblock_csi_lanes_then_scoop_updated'====== Args={'value': 0, 'enabled': True}
2025-11-15 00:36:51,672 : INFO : EventManager : Event: ======'logicblock_csi_lanes_then_scoop_then_right_orbit_updated'====== Args={'value': 0, 'enabled': True}
2025-11-15 00:36:51,672 : INFO : Mode.csi_lanes : Started. Priority: 200
2025-11-15 00:36:51,672 : INFO : EventManager : Event: ======'modes_active_modes_changed'====== Args={}
2025-11-15 00:36:51,672 : INFO : EventManager : Event: ======'mode_csi_lanes_started'====== Args={'priority': 0}
2025-11-15 00:36:51,672 : INFO : EventManager : Event: ======'player_multiplier'====== Args={'value': 1, 'prev_value': 0, 'change': 1, 'player_num': 1, 'source': 'csi_lanes'}
2025-11-15 00:36:51,672 : INFO : EventManager : Event: ======'logicblock_seq_lock1_updated'====== Args={'value': 0, 'enabled': True}
2025-11-15 00:36:51,673 : INFO : EventManager : Event: ======'logicblock_seq_lock2_updated'====== Args={'value': 0, 'enabled': True}
2025-11-15 00:36:51,673 : INFO : EventManager : Event: ======'logicblock_seq_ready_for_MB_updated'====== Args={'value': 0, 'enabled': True}
2025-11-15 00:36:51,673 : INFO : EventManager : Event: ======'logicblock_seq_ready_for_wave1_updated'====== Args={'value': 0, 'enabled': True}
2025-11-15 00:36:51,673 : INFO : EventManager : Event: ======'logicblock_seq_lock1_updated'====== Args={'value': 0, 'enabled': True}
2025-11-15 00:36:51,673 : INFO : EventManager : Event: ======'logicblock_seq_lock2_updated'====== Args={'value': 0, 'enabled': True}
2025-11-15 00:36:51,673 : INFO : EventManager : Event: ======'logicblock_seq_ready_for_MB_updated'====== Args={'value': 0, 'enabled': True}
2025-11-15 00:36:51,673 : INFO : EventManager : Event: ======'logicblock_seq_ready_for_wave1_updated'====== Args={'value': 0, 'enabled': True}
2025-11-15 00:36:51,673 : INFO : Mode.skull : Started. Priority: 200
2025-11-15 00:36:51,673 : INFO : EventManager : Event: ======'modes_active_modes_changed'====== Args={}
2025-11-15 00:36:51,673 : INFO : EventManager : Event: ======'mode_skull_started'====== Args={'priority': 0}
2025-11-15 00:36:51,673 : INFO : EventManager : Event: ======'logicblock_seq_skillshot_success_updated'====== Args={'value': 0, 'enabled': True}
2025-11-15 00:36:51,673 : INFO : EventManager : Event: ======'logicblock_seq_skillshot_success_updated'====== Args={'value': 0, 'enabled': True}
2025-11-15 00:36:51,673 : INFO : Mode.skillshot : Started. Priority: 200
2025-11-15 00:36:51,673 : INFO : EventManager : Event: ======'modes_active_modes_changed'====== Args={}
2025-11-15 00:36:51,673 : INFO : EventManager : Event: ======'mode_skillshot_started'====== Args={'player': 1, 'ball': 1, 'balls_remaining': 2, 'is_extra_ball': False}
2025-11-15 00:36:51,673 : INFO : EventManager : Event: ======'single_player_ball_started'====== Args={}
2025-11-15 00:36:51,674 : INFO : EventManager : Event: ======'ball_start_target'====== Args={'target': 'playfield'}
2025-11-15 00:36:51,674 : INFO : ball_device.bd_trough : Setting up player-controlled eject. Balls: 1, Target: <playfield.playfield>, player_controlled_eject_event: None
2025-11-15 00:36:51,674 : INFO : ball_device.bd_trough : Adding 1 ball(s) to the eject_queue with target <playfield.playfield>.
2025-11-15 00:36:51,674 : INFO : EventManager : Event: ======'balldevice_balls_available'====== Args={}
2025-11-15 00:36:51,675 : INFO : ball_device.bd_trough : State: waiting_for_target_ready
2025-11-15 00:36:51,675 : INFO : EventManager : Event: ======'balldevice_bd_trough_ball_eject_attempt'====== Args={'balls': 1, 'target': <ball_device.bd_plunger>, 'source': <ball_device.bd_trough>, 'mechanical_eject': False, 'num_attempts': 0}
2025-11-15 00:36:51,675 : INFO : ball_device.bd_plunger : State: waiting_for_ball
2025-11-15 00:36:51,675 : INFO : ball_device.bd_trough : State: ejecting
2025-11-15 00:36:51,675 : INFO : ball_device.bd_trough : Ejecting ball to <ball_device.bd_plunger>
2025-11-15 00:36:51,675 : INFO : EventManager : Event: ======'balldevice_bd_trough_ejecting_ball'====== Args={'balls': 1, 'target': <ball_device.bd_plunger>, 'source': <ball_device.bd_trough>, 'mechanical_eject': False, 'num_attempts': 0}
2025-11-15 00:36:51,676 : INFO : ball_device.bd_trough : Wait for ball to leave device
2025-11-15 00:36:51,676 : INFO : coil.c_trough_eject : Pulsing Driver for 20ms (1.0 pulse_power)
2025-11-15 00:36:51,676 : INFO : SwitchController : <<<<<<< 's_trough1' inactive >>>>>>>
2025-11-15 00:36:51,676 : INFO : ball_device.bd_trough : State: ball_left
2025-11-15 00:36:51,676 : INFO : ball_device.bd_trough : Ball left
2025-11-15 00:36:51,676 : INFO : ball_device.bd_trough : Wait for confirm with timeout 3.0
2025-11-15 00:36:51,776 : INFO : SwitchController : <<<<<<< 's_plunger_lane' active >>>>>>>
2025-11-15 00:36:51,777 : INFO : EventManager : Event: ======'machine_var_audits_switches_s_plunger_lane'====== Args={'value': 1007, 'prev_value': 1006, 'change': 1}
2025-11-15 00:36:51,829 : INFO : EventManager : Event: ======'slide_base_slide_created'====== Args={'_from_bcp': True}
2025-11-15 00:36:51,829 : INFO : EventManager : Event: ======'slide_attract_inactive'====== Args={'is_removing': True, '_from_bcp': True}
2025-11-15 00:36:51,830 : INFO : EventManager : Event: ======'slide_base_slide_active'====== Args={'original_context': 'base', 'original_calling_context': 'mode_base_started', 'priority': 100.0, 'queue': '<QueuedEvent>', 'player': 1.0, 'ball': 1.0, 'balls_remaining': 2.0, 'is_extra_ball': False, 'cmd': 'slides_play', '_from_bcp': True}
2025-11-15 00:36:51,831 : INFO : EventManager : Event: ======'slide_attract_removed'====== Args={'_from_bcp': True}
2025-11-15 00:36:52,160 : INFO : EventManager : Event: ======'player_bumpers_bumper_timer_tick'====== Args={'value': 1, 'prev_value': 0, 'change': 1, 'player_num': 1}
2025-11-15 00:36:52,161 : INFO : Timer.bumper_timer : Timer Complete
2025-11-15 00:36:52,161 : INFO : Timer.bumper_timer : Stopping Timer
2025-11-15 00:36:52,162 : INFO : EventManager : Event: ======'timer_bumper_timer_stopped'====== Args={'ticks': 1, 'ticks_remaining': 1}
2025-11-15 00:36:52,162 : INFO : EventManager : Event: ======'timer_bumper_timer_complete'====== Args={'ticks': 1, 'ticks_remaining': 1}
2025-11-15 00:36:52,277 : INFO : ball_device.bd_plunger : Received ball from <ball_device.bd_trough>
2025-11-15 00:36:52,277 : INFO : EventManager : Event: ======'balldevice_bd_plunger_ball_enter'====== Args={'new_balls': 1, 'unclaimed_balls': 0, 'new_available_balls': 0, 'device': <ball_device.bd_plunger>}
2025-11-15 00:36:52,278 : INFO : EventManager : Event: ======'balldevice_bd_plunger_ball_entered'====== Args={'new_balls': 0, 'device': <ball_device.bd_plunger>}
2025-11-15 00:36:52,279 : INFO : EventManager : Event: ======'balldevice_bd_plunger_ball_count_changed'====== Args={'balls': 1}
2025-11-15 00:36:52,280 : INFO : ball_device.bd_trough : Got eject confirm
2025-11-15 00:36:52,280 : INFO : ball_device.bd_trough : Eject successful
2025-11-15 00:36:52,280 : INFO : EventManager : Event: ======'balldevice_bd_trough_ball_eject_success'====== Args={'balls': 1, 'target': <ball_device.bd_plunger>}
2025-11-15 00:36:52,281 : INFO : EventManager : Event: ======'balldevice_bd_trough_ball_count_changed'====== Args={'balls': 3}
2025-11-15 00:36:52,281 : INFO : ball_device.bd_trough : State: idle
2025-11-15 00:36:52,281 : INFO : ball_device.bd_plunger : State: waiting_for_target_ready
2025-11-15 00:36:52,282 : INFO : EventManager : Event: ======'balldevice_bd_plunger_ball_eject_attempt'====== Args={'balls': 1, 'target': <playfield.playfield>, 'source': <ball_device.bd_plunger>, 'mechanical_eject': False, 'num_attempts': 0}
2025-11-15 00:36:52,282 : INFO : ball_device.bd_plunger : State: ejecting
2025-11-15 00:36:52,282 : INFO : ball_device.bd_plunger : Ejecting ball to <playfield.playfield>
2025-11-15 00:36:52,283 : INFO : EventManager : Event: ======'balldevice_bd_plunger_ejecting_ball'====== Args={'balls': 1, 'target': <playfield.playfield>, 'source': <ball_device.bd_plunger>, 'mechanical_eject': False, 'num_attempts': 0}
2025-11-15 00:36:52,284 : INFO : ball_device.bd_plunger : Wait for ball to leave device
2025-11-15 00:36:52,284 : INFO : coil.c_plunger : Pulsing Driver for 20ms (1.0 pulse_power)
2025-11-15 00:36:52,284 : INFO : SwitchController : <<<<<<< 's_plunger_lane' inactive >>>>>>>
2025-11-15 00:36:52,284 : INFO : EventManager : Event: ======'s_plunger_lane_inactive'====== Args={}
2025-11-15 00:36:52,285 : INFO : EventManager : Event: ======'logicblock_seq_skillshot_success_updated'====== Args={'value': 1, 'enabled': True}
2025-11-15 00:36:52,285 : INFO : EventManager : Event: ======'logicblock_seq_skillshot_success_hit'====== Args={'step': 1}
2025-11-15 00:36:52,286 : INFO : ball_device.bd_plunger : State: ball_left
2025-11-15 00:36:52,286 : INFO : ball_device.bd_plunger : Ball left
2025-11-15 00:36:52,286 : INFO : ball_device.bd_plunger : Wait for confirm with timeout 3.0
2025-11-15 00:36:52,355 : INFO : EventManager : Event: ======'player_base_player_added_timer_tick'====== Args={'value': 1, 'prev_value': 0, 'change': 1, 'player_num': 1}
2025-11-15 00:36:52,356 : INFO : Timer.player_added_timer : Timer Complete
2025-11-15 00:36:52,356 : INFO : Timer.player_added_timer : Stopping Timer
2025-11-15 00:36:52,356 : INFO : EventManager : Event: ======'timer_player_added_timer_stopped'====== Args={'ticks': 1, 'ticks_remaining': 1}
2025-11-15 00:36:52,356 : INFO : EventManager : Event: ======'timer_player_added_timer_complete'====== Args={'ticks': 1, 'ticks_remaining': 1}
2025-11-15 00:36:52,364 : INFO : EventManager : Event: ======'player_csi_lanes_csi_lanes_timer_tick'====== Args={'value': 1, 'prev_value': 0, 'change': 1, 'player_num': 1}
2025-11-15 00:36:52,365 : INFO : Timer.csi_lanes_timer : Timer Complete
2025-11-15 00:36:52,365 : INFO : Timer.csi_lanes_timer : Stopping Timer
2025-11-15 00:36:52,365 : INFO : EventManager : Event: ======'timer_csi_lanes_timer_stopped'====== Args={'ticks': 1, 'ticks_remaining': 1}
2025-11-15 00:36:52,365 : INFO : EventManager : Event: ======'timer_csi_lanes_timer_complete'====== Args={'ticks': 1, 'ticks_remaining': 1}
2025-11-15 00:36:55,287 : INFO : ball_device.bd_plunger : State: failed_confirm
2025-11-15 00:36:55,288 : INFO : ball_device.bd_plunger : Got timeout (3.0s) before confirm from <playfield.playfield>
2025-11-15 00:36:55,389 : INFO : ball_device.bd_plunger : Confirming eject because target is playfield and ball did not return.
2025-11-15 00:36:55,390 : INFO : ball_device.bd_plunger : Eject successful
2025-11-15 00:36:55,390 : INFO : EventManager : Event: ======'balldevice_bd_plunger_ball_eject_success'====== Args={'balls': 1, 'target': <playfield.playfield>}
2025-11-15 00:36:55,390 : INFO : EventManager : Event: ======'balldevice_playfield_ball_enter'====== Args={'new_balls': 1, 'unclaimed_balls': 1, 'device': <playfield.playfield>}
2025-11-15 00:36:55,391 : INFO : EventManager : Event: ======'playfield_ball_count_change'====== Args={'balls': 1, 'change': 1}
2025-11-15 00:36:55,391 : INFO : EventManager : Event: ======'balldevice_bd_plunger_ball_count_changed'====== Args={'balls': 0}
2025-11-15 00:36:55,392 : INFO : ball_device.bd_plunger : State: idle
2025-11-15 00:37:01,667 : INFO : EventManager : Event: ======'player_skull_pause_timer_tick'====== Args={'value': 1, 'prev_value': 0, 'change': 1, 'player_num': 1}
2025-11-15 00:37:01,668 : INFO : Timer.pause_timer : Timer Complete
2025-11-15 00:37:01,668 : INFO : Timer.pause_timer : Stopping Timer
2025-11-15 00:37:01,668 : INFO : EventManager : Event: ======'timer_pause_timer_stopped'====== Args={'ticks': 1, 'ticks_remaining': 1}
2025-11-15 00:37:01,668 : INFO : EventManager : Event: ======'timer_pause_timer_complete'====== Args={'ticks': 1, 'ticks_remaining': 1}
2025-11-15 00:39:22,147 : INFO : SwitchController : <<<<<<< 's_centriguge_enter' active >>>>>>>
2025-11-15 00:39:22,148 : INFO : EventManager : Event: ======'machine_var_audits_switches_s_centriguge_enter'====== Args={'value': 1, 'prev_value': 0, 'change': 1}
2025-11-15 00:39:24,647 : INFO : SwitchController : <<<<<<< 's_centriguge_enter' inactive >>>>>>>
2025-11-15 00:39:24,813 : INFO : SwitchController : <<<<<<< 's_centriguge_enter' active >>>>>>>
2025-11-15 00:39:24,813 : INFO : EventManager : Event: ======'machine_var_audits_switches_s_centriguge_enter'====== Args={'value': 2, 'prev_value': 1, 'change': 1}
2025-11-15 00:39:26,430 : INFO : SwitchController : <<<<<<< 's_centriguge_enter' inactive >>>>>>>
2025-11-15 00:39:26,596 : INFO : SwitchController : <<<<<<< 's_centriguge_enter' active >>>>>>>
2025-11-15 00:39:26,596 : INFO : EventManager : Event: ======'machine_var_audits_switches_s_centriguge_enter'====== Args={'value': 3, 'prev_value': 2, 'change': 1}
2025-11-15 00:40:00,634 : INFO : SwitchController : <<<<<<< 's_centriguge_enter' inactive >>>>>>>
2025-11-15 00:40:00,747 : INFO : SwitchController : <<<<<<< 's_centriguge_enter' active >>>>>>>
2025-11-15 00:40:00,747 : INFO : EventManager : Event: ======'machine_var_audits_switches_s_centriguge_enter'====== Args={'value': 4, 'prev_value': 3, 'change': 1}
2025-11-15 00:40:06,214 : INFO : SwitchController : <<<<<<< 's_centriguge_enter' inactive >>>>>>>
2025-11-15 00:40:06,414 : INFO : SwitchController : <<<<<<< 's_centriguge_enter' active >>>>>>>
2025-11-15 00:40:06,414 : INFO : EventManager : Event: ======'machine_var_audits_switches_s_centriguge_enter'====== Args={'value': 5, 'prev_value': 4, 'change': 1}
2025-11-15 00:40:14,001 : INFO : SwitchController : <<<<<<< 's_centriguge_enter' inactive >>>>>>>
2025-11-15 00:40:14,079 : INFO : SwitchController : <<<<<<< 's_centriguge_enter' active >>>>>>>
2025-11-15 00:40:14,079 : INFO : EventManager : Event: ======'machine_var_audits_switches_s_centriguge_enter'====== Args={'value': 6, 'prev_value': 5, 'change': 1}
2025-11-15 00:40:37,814 : INFO : SwitchController : <<<<<<< 's_centriguge_enter' inactive >>>>>>>
2025-11-15 00:40:38,148 : INFO : SwitchController : <<<<<<< 's_centriguge_enter' active >>>>>>>
2025-11-15 00:40:38,149 : INFO : EventManager : Event: ======'machine_var_audits_switches_s_centriguge_enter'====== Args={'value': 7, 'prev_value': 6, 'change': 1}
2025-11-15 00:40:39,131 : INFO : SwitchController : <<<<<<< 's_centriguge_enter' inactive >>>>>>>
2025-11-15 00:40:39,447 : INFO : SwitchController : <<<<<<< 's_centriguge_enter' active >>>>>>>
2025-11-15 00:40:39,447 : INFO : EventManager : Event: ======'machine_var_audits_switches_s_centriguge_enter'====== Args={'value': 8, 'prev_value': 7, 'change': 1}
2025-11-15 00:40:39,881 : INFO : SwitchController : <<<<<<< 's_centriguge_enter' inactive >>>>>>>
2025-11-15 00:40:40,364 : INFO : SwitchController : <<<<<<< 's_centriguge_enter' active >>>>>>>
2025-11-15 00:40:40,364 : INFO : EventManager : Event: ======'machine_var_audits_switches_s_centriguge_enter'====== Args={'value': 9, 'prev_value': 8, 'change': 1}
2025-11-15 00:40:40,780 : INFO : SwitchController : <<<<<<< 's_centriguge_enter' inactive >>>>>>>
2025-11-15 00:40:40,947 : INFO : SwitchController : <<<<<<< 's_centriguge_enter' active >>>>>>>
2025-11-15 00:40:40,947 : INFO : EventManager : Event: ======'machine_var_audits_switches_s_centriguge_enter'====== Args={'value': 10, 'prev_value': 9, 'change': 1}
2025-11-15 00:40:44,293 : INFO : SwitchController : <<<<<<< 's_start' active >>>>>>>
2025-11-15 00:40:44,294 : INFO : EventManager : Event: ======'sw_start'====== Args={}
2025-11-15 00:40:44,294 : INFO : EventManager : Event: ======'machine_var_audits_switches_s_start'====== Args={'value': 683, 'prev_value': 682, 'change': 1}
2025-11-15 00:40:44,295 : INFO : EventManager : Event: ======'player_add_request'====== Args={}
2025-11-15 00:40:44,296 : INFO : EventManager : Event: ======'player_will_add'====== Args={'number': 2}
2025-11-15 00:40:44,296 : INFO : EventManager : Event: ======'player_adding'====== Args={'player': <Player 2>, 'number': 2}
2025-11-15 00:40:44,303 : INFO : EventManager : Event: ======'player_added'====== Args={'player': <Player 2>, 'num': 2}
2025-11-15 00:40:44,308 : INFO : Mode.game : Player added successfully. Total players: 2
2025-11-15 00:40:44,308 : INFO : EventManager : Event: ======'multiplayer_game'====== Args={}
2025-11-15 00:40:44,309 : INFO : EventManager : Event: ======'player_base_player_added_timer_tick'====== Args={'value': 0, 'prev_value': 1, 'change': -1, 'player_num': 1}
2025-11-15 00:40:44,310 : INFO : Timer.player_added_timer : Starting Timer.
2025-11-15 00:40:44,310 : INFO : EventManager : Event: ======'timer_player_added_timer_started'====== Args={'ticks': 0, 'ticks_remaining': 1}
2025-11-15 00:40:44,310 : INFO : EventManager : Event: ======'timer_player_added_timer_tick'====== Args={'ticks': 0, 'ticks_remaining': 1}
2025-11-15 00:40:44,311 : INFO : EventManager : Event: ======'player_index'====== Args={'value': 1, 'prev_value': 1, 'change': 0, 'player_num': 2}
2025-11-15 00:40:44,311 : INFO : EventManager : Event: ======'player_number'====== Args={'value': 2, 'prev_value': 2, 'change': 0, 'player_num': 2}
2025-11-15 00:40:44,311 : INFO : EventManager : Event: ======'player_bonus_multiplier'====== Args={'value': 1, 'prev_value': 1, 'change': 0, 'player_num': 2}
2025-11-15 00:40:44,312 : INFO : EventManager : Event: ======'player_skull_ramp_nb'====== Args={'value': 0, 'prev_value': 0, 'change': 0, 'player_num': 2}
2025-11-15 00:40:44,312 : INFO : EventManager : Event: ======'player_skillshot'====== Args={'value': 0, 'prev_value': 0, 'change': 0, 'player_num': 2}
2025-11-15 00:40:44,312 : INFO : EventManager : Event: ======'player_skillshot_count'====== Args={'value': 0, 'prev_value': 0, 'change': 0, 'player_num': 2}
2025-11-15 00:40:44,312 : INFO : EventManager : Event: ======'player_tmp_int'====== Args={'value': 0, 'prev_value': 0, 'change': 0, 'player_num': 2}
2025-11-15 00:40:44,313 : INFO : EventManager : Event: ======'player_score'====== Args={'value': 0, 'prev_value': 0, 'change': 0, 'player_num': 2}
2025-11-15 00:40:44,339 : INFO : EventManager : Event: ======'widget_player_addded_widget_active'====== Args={'original_context': 'base', 'original_calling_context': 'player_added', 'priority': 100.0, 'player': '<Player 2>', 'num': 2.0, 'cmd': 'widgets_play', '_from_bcp': True}
2025-11-15 00:40:44,382 : INFO : SwitchController : <<<<<<< 's_start' inactive >>>>>>>
2025-11-15 00:40:45,011 : INFO : EventManager : Event: ======'player_base_player_added_timer_tick'====== Args={'value': 1, 'prev_value': 0, 'change': 1, 'player_num': 1}
2025-11-15 00:40:45,012 : INFO : Timer.player_added_timer : Timer Complete
2025-11-15 00:40:45,012 : INFO : Timer.player_added_timer : Stopping Timer
2025-11-15 00:40:45,013 : INFO : EventManager : Event: ======'timer_player_added_timer_stopped'====== Args={'ticks': 1, 'ticks_remaining': 1}
2025-11-15 00:40:45,013 : INFO : EventManager : Event: ======'timer_player_added_timer_complete'====== Args={'ticks': 1, 'ticks_remaining': 1}
2025-11-15 00:40:45,027 : INFO : EventManager : Event: ======'widget_player_addded_widget_removed'====== Args={'_from_bcp': True}
2025-11-15 00:40:51,086 : INFO : SwitchController : <<<<<<< 's_ramp' active >>>>>>>
2025-11-15 00:40:51,086 : INFO : EventManager : Event: ======'s_ramp_active'====== Args={}
2025-11-15 00:40:51,086 : INFO : EventManager : Event: ======'machine_var_audits_switches_s_ramp'====== Args={'value': 1049, 'prev_value': 1048, 'change': 1}
2025-11-15 00:40:51,087 : INFO : EventManager : Event: ======'player_shot_s9'====== Args={'value': 1, 'prev_value': 0, 'change': 1, 'player_num': 1}
2025-11-15 00:40:51,092 : INFO : EventManager : Event: ======'machine_var_audits_shots_s9'====== Args={'value': 1, 'prev_value': None, 'change': True}
2025-11-15 00:40:51,092 : INFO : EventManager : Event: ======'s9_hit'====== Args={'profile': 'default', 'state': 'unlit', 'advancing': True}
2025-11-15 00:40:51,092 : INFO : EventManager : Event: ======'s9_default_hit'====== Args={'profile': 'default', 'state': 'unlit', 'advancing': True}
2025-11-15 00:40:51,092 : INFO : EventManager : Event: ======'s9_default_unlit_hit'====== Args={'profile': 'default', 'state': 'unlit', 'advancing': True}
2025-11-15 00:40:51,092 : INFO : EventManager : Event: ======'s9_unlit_hit'====== Args={'profile': 'default', 'state': 'unlit', 'advancing': True}
2025-11-15 00:40:51,092 : INFO : EventManager : Event: ======'player_skull_ramp_nb'====== Args={'value': 1, 'prev_value': 0, 'change': 1, 'player_num': 1, 'source': 'skull'}
2025-11-15 00:40:51,093 : INFO : EventManager : Event: ======'not_skillshot_hit'====== Args={'shot': 's9'}
2025-11-15 00:40:51,093 : INFO : EventManager : Event: ======'not_skillshot_unlit_hit'====== Args={'shot': 's9'}
2025-11-15 00:40:51,115 : INFO : EventManager : Event: ======'widget_skillshot_widget_active'====== Args={'original_context': 'skillshot', 'original_calling_context': 'not_skillshot_hit', 'priority': 200.0, 'shot': 's9', 'cmd': 'widgets_play', '_from_bcp': True}
2025-11-15 00:40:51,196 : INFO : SwitchController : <<<<<<< 's_ramp' inactive >>>>>>>
2025-11-15 00:40:51,347 : INFO : SwitchController : <<<<<<< 's_ramp' active >>>>>>>
2025-11-15 00:40:51,347 : INFO : EventManager : Event: ======'s_ramp_active'====== Args={}
2025-11-15 00:40:51,348 : INFO : EventManager : Event: ======'machine_var_audits_switches_s_ramp'====== Args={'value': 1050, 'prev_value': 1049, 'change': 1}
2025-11-15 00:40:51,348 : INFO : EventManager : Event: ======'machine_var_audits_shots_s9'====== Args={'value': 2, 'prev_value': 1, 'change': 1}
2025-11-15 00:40:51,349 : INFO : EventManager : Event: ======'s9_hit'====== Args={'profile': 'default', 'state': 'lit', 'advancing': False}
2025-11-15 00:40:51,349 : INFO : EventManager : Event: ======'s9_default_hit'====== Args={'profile': 'default', 'state': 'lit', 'advancing': False}
2025-11-15 00:40:51,349 : INFO : EventManager : Event: ======'s9_default_lit_hit'====== Args={'profile': 'default', 'state': 'lit', 'advancing': False}
2025-11-15 00:40:51,349 : INFO : EventManager : Event: ======'s9_lit_hit'====== Args={'profile': 'default', 'state': 'lit', 'advancing': False}
2025-11-15 00:40:51,350 : INFO : EventManager : Event: ======'player_skull_ramp_nb'====== Args={'value': 2, 'prev_value': 1, 'change': 1, 'player_num': 1, 'source': 'skull'}
2025-11-15 00:40:51,350 : INFO : EventManager : Event: ======'not_skillshot_hit'====== Args={'shot': 's9'}
2025-11-15 00:40:51,350 : INFO : EventManager : Event: ======'not_skillshot_lit_hit'====== Args={'shot': 's9'}
2025-11-15 00:40:51,464 : INFO : SwitchController : <<<<<<< 's_ramp' inactive >>>>>>>
2025-11-15 00:40:51,582 : INFO : SwitchController : <<<<<<< 's_ramp' active >>>>>>>
2025-11-15 00:40:51,582 : INFO : EventManager : Event: ======'s_ramp_active'====== Args={}
2025-11-15 00:40:51,582 : INFO : EventManager : Event: ======'machine_var_audits_switches_s_ramp'====== Args={'value': 1051, 'prev_value': 1050, 'change': 1}
2025-11-15 00:40:51,583 : INFO : EventManager : Event: ======'machine_var_audits_shots_s9'====== Args={'value': 3, 'prev_value': 2, 'change': 1}
2025-11-15 00:40:51,583 : INFO : EventManager : Event: ======'s9_hit'====== Args={'profile': 'default', 'state': 'lit', 'advancing': False}
2025-11-15 00:40:51,583 : INFO : EventManager : Event: ======'s9_default_hit'====== Args={'profile': 'default', 'state': 'lit', 'advancing': False}
2025-11-15 00:40:51,584 : INFO : EventManager : Event: ======'s9_default_lit_hit'====== Args={'profile': 'default', 'state': 'lit', 'advancing': False}
2025-11-15 00:40:51,584 : INFO : EventManager : Event: ======'s9_lit_hit'====== Args={'profile': 'default', 'state': 'lit', 'advancing': False}
2025-11-15 00:40:51,584 : INFO : EventManager : Event: ======'player_skull_ramp_nb'====== Args={'value': 3, 'prev_value': 2, 'change': 1, 'player_num': 1, 'source': 'skull'}
2025-11-15 00:40:51,584 : INFO : EventManager : Event: ======'not_skillshot_hit'====== Args={'shot': 's9'}
2025-11-15 00:40:51,585 : INFO : EventManager : Event: ======'not_skillshot_lit_hit'====== Args={'shot': 's9'}
2025-11-15 00:40:51,680 : INFO : SwitchController : <<<<<<< 's_ramp' inactive >>>>>>>
2025-11-15 00:40:51,780 : INFO : SwitchController : <<<<<<< 's_ramp' active >>>>>>>
2025-11-15 00:40:51,781 : INFO : EventManager : Event: ======'s_ramp_active'====== Args={}
2025-11-15 00:40:51,781 : INFO : EventManager : Event: ======'machine_var_audits_switches_s_ramp'====== Args={'value': 1052, 'prev_value': 1051, 'change': 1}
2025-11-15 00:40:51,782 : INFO : EventManager : Event: ======'machine_var_audits_shots_s9'====== Args={'value': 4, 'prev_value': 3, 'change': 1}
2025-11-15 00:40:51,782 : INFO : EventManager : Event: ======'s9_hit'====== Args={'profile': 'default', 'state': 'lit', 'advancing': False}
2025-11-15 00:40:51,782 : INFO : EventManager : Event: ======'s9_default_hit'====== Args={'profile': 'default', 'state': 'lit', 'advancing': False}
2025-11-15 00:40:51,783 : INFO : EventManager : Event: ======'s9_default_lit_hit'====== Args={'profile': 'default', 'state': 'lit', 'advancing': False}
2025-11-15 00:40:51,783 : INFO : EventManager : Event: ======'s9_lit_hit'====== Args={'profile': 'default', 'state': 'lit', 'advancing': False}
2025-11-15 00:40:51,783 : INFO : EventManager : Event: ======'player_skull_ramp_nb'====== Args={'value': 4, 'prev_value': 3, 'change': 1, 'player_num': 1, 'source': 'skull'}
2025-11-15 00:40:51,783 : INFO : EventManager : Event: ======'not_skillshot_hit'====== Args={'shot': 's9'}
2025-11-15 00:40:51,784 : INFO : EventManager : Event: ======'not_skillshot_lit_hit'====== Args={'shot': 's9'}
2025-11-15 00:40:51,880 : INFO : SwitchController : <<<<<<< 's_ramp' inactive >>>>>>>
2025-11-15 00:40:51,980 : INFO : SwitchController : <<<<<<< 's_ramp' active >>>>>>>
2025-11-15 00:40:51,980 : INFO : EventManager : Event: ======'s_ramp_active'====== Args={}
2025-11-15 00:40:51,981 : INFO : EventManager : Event: ======'machine_var_audits_switches_s_ramp'====== Args={'value': 1053, 'prev_value': 1052, 'change': 1}
2025-11-15 00:40:51,982 : INFO : EventManager : Event: ======'machine_var_audits_shots_s9'====== Args={'value': 5, 'prev_value': 4, 'change': 1}
2025-11-15 00:40:51,982 : INFO : EventManager : Event: ======'s9_hit'====== Args={'profile': 'default', 'state': 'lit', 'advancing': False}
2025-11-15 00:40:51,982 : INFO : EventManager : Event: ======'s9_default_hit'====== Args={'profile': 'default', 'state': 'lit', 'advancing': False}
2025-11-15 00:40:51,983 : INFO : EventManager : Event: ======'s9_default_lit_hit'====== Args={'profile': 'default', 'state': 'lit', 'advancing': False}
2025-11-15 00:40:51,983 : INFO : EventManager : Event: ======'s9_lit_hit'====== Args={'profile': 'default', 'state': 'lit', 'advancing': False}
2025-11-15 00:40:51,983 : INFO : EventManager : Event: ======'player_skull_ramp_nb'====== Args={'value': 5, 'prev_value': 4, 'change': 1, 'player_num': 1, 'source': 'skull'}
2025-11-15 00:40:51,983 : INFO : EventManager : Event: ======'not_skillshot_hit'====== Args={'shot': 's9'}
2025-11-15 00:40:51,984 : INFO : EventManager : Event: ======'not_skillshot_lit_hit'====== Args={'shot': 's9'}
2025-11-15 00:40:52,080 : INFO : SwitchController : <<<<<<< 's_ramp' inactive >>>>>>>
2025-11-15 00:40:52,214 : INFO : SwitchController : <<<<<<< 's_ramp' active >>>>>>>
2025-11-15 00:40:52,214 : INFO : EventManager : Event: ======'s_ramp_active'====== Args={}
2025-11-15 00:40:52,214 : INFO : EventManager : Event: ======'machine_var_audits_switches_s_ramp'====== Args={'value': 1054, 'prev_value': 1053, 'change': 1}
2025-11-15 00:40:52,215 : INFO : EventManager : Event: ======'machine_var_audits_shots_s9'====== Args={'value': 6, 'prev_value': 5, 'change': 1}
2025-11-15 00:40:52,215 : INFO : EventManager : Event: ======'s9_hit'====== Args={'profile': 'default', 'state': 'lit', 'advancing': False}
2025-11-15 00:40:52,216 : INFO : EventManager : Event: ======'s9_default_hit'====== Args={'profile': 'default', 'state': 'lit', 'advancing': False}
2025-11-15 00:40:52,216 : INFO : EventManager : Event: ======'s9_default_lit_hit'====== Args={'profile': 'default', 'state': 'lit', 'advancing': False}
2025-11-15 00:40:52,216 : INFO : EventManager : Event: ======'s9_lit_hit'====== Args={'profile': 'default', 'state': 'lit', 'advancing': False}
2025-11-15 00:40:52,216 : INFO : EventManager : Event: ======'player_skull_ramp_nb'====== Args={'value': 6, 'prev_value': 5, 'change': 1, 'player_num': 1, 'source': 'skull'}
2025-11-15 00:40:52,217 : INFO : EventManager : Event: ======'not_skillshot_hit'====== Args={'shot': 's9'}
2025-11-15 00:40:52,217 : INFO : EventManager : Event: ======'not_skillshot_lit_hit'====== Args={'shot': 's9'}
2025-11-15 00:40:52,330 : INFO : SwitchController : <<<<<<< 's_ramp' inactive >>>>>>>
2025-11-15 00:40:52,447 : INFO : SwitchController : <<<<<<< 's_ramp' active >>>>>>>
2025-11-15 00:40:52,448 : INFO : EventManager : Event: ======'s_ramp_active'====== Args={}
2025-11-15 00:40:52,448 : INFO : EventManager : Event: ======'machine_var_audits_switches_s_ramp'====== Args={'value': 1055, 'prev_value': 1054, 'change': 1}
2025-11-15 00:40:52,449 : INFO : EventManager : Event: ======'machine_var_audits_shots_s9'====== Args={'value': 7, 'prev_value': 6, 'change': 1}
2025-11-15 00:40:52,449 : INFO : EventManager : Event: ======'s9_hit'====== Args={'profile': 'default', 'state': 'lit', 'advancing': False}
2025-11-15 00:40:52,449 : INFO : EventManager : Event: ======'s9_default_hit'====== Args={'profile': 'default', 'state': 'lit', 'advancing': False}
2025-11-15 00:40:52,449 : INFO : EventManager : Event: ======'s9_default_lit_hit'====== Args={'profile': 'default', 'state': 'lit', 'advancing': False}
2025-11-15 00:40:52,450 : INFO : EventManager : Event: ======'s9_lit_hit'====== Args={'profile': 'default', 'state': 'lit', 'advancing': False}
2025-11-15 00:40:52,450 : INFO : EventManager : Event: ======'player_skull_ramp_nb'====== Args={'value': 7, 'prev_value': 6, 'change': 1, 'player_num': 1, 'source': 'skull'}
2025-11-15 00:40:52,450 : INFO : EventManager : Event: ======'not_skillshot_hit'====== Args={'shot': 's9'}
2025-11-15 00:40:52,451 : INFO : EventManager : Event: ======'not_skillshot_lit_hit'====== Args={'shot': 's9'}
2025-11-15 00:40:52,564 : INFO : SwitchController : <<<<<<< 's_ramp' inactive >>>>>>>
2025-11-15 00:40:52,663 : INFO : SwitchController : <<<<<<< 's_ramp' active >>>>>>>
2025-11-15 00:40:52,664 : INFO : EventManager : Event: ======'s_ramp_active'====== Args={}
2025-11-15 00:40:52,664 : INFO : EventManager : Event: ======'machine_var_audits_switches_s_ramp'====== Args={'value': 1056, 'prev_value': 1055, 'change': 1}
2025-11-15 00:40:52,665 : INFO : EventManager : Event: ======'machine_var_audits_shots_s9'====== Args={'value': 8, 'prev_value': 7, 'change': 1}
2025-11-15 00:40:52,665 : INFO : EventManager : Event: ======'s9_hit'====== Args={'profile': 'default', 'state': 'lit', 'advancing': False}
2025-11-15 00:40:52,665 : INFO : EventManager : Event: ======'s9_default_hit'====== Args={'profile': 'default', 'state': 'lit', 'advancing': False}
2025-11-15 00:40:52,665 : INFO : EventManager : Event: ======'s9_default_lit_hit'====== Args={'profile': 'default', 'state': 'lit', 'advancing': False}
2025-11-15 00:40:52,666 : INFO : EventManager : Event: ======'s9_lit_hit'====== Args={'profile': 'default', 'state': 'lit', 'advancing': False}
2025-11-15 00:40:52,666 : INFO : EventManager : Event: ======'player_skull_ramp_nb'====== Args={'value': 8, 'prev_value': 7, 'change': 1, 'player_num': 1, 'source': 'skull'}
2025-11-15 00:40:52,666 : INFO : EventManager : Event: ======'not_skillshot_hit'====== Args={'shot': 's9'}
2025-11-15 00:40:52,666 : INFO : EventManager : Event: ======'not_skillshot_lit_hit'====== Args={'shot': 's9'}
2025-11-15 00:40:52,779 : INFO : SwitchController : <<<<<<< 's_ramp' inactive >>>>>>>
2025-11-15 00:40:52,880 : INFO : SwitchController : <<<<<<< 's_ramp' active >>>>>>>
2025-11-15 00:40:52,881 : INFO : EventManager : Event: ======'s_ramp_active'====== Args={}
2025-11-15 00:40:52,881 : INFO : EventManager : Event: ======'machine_var_audits_switches_s_ramp'====== Args={'value': 1057, 'prev_value': 1056, 'change': 1}
2025-11-15 00:40:52,882 : INFO : EventManager : Event: ======'machine_var_audits_shots_s9'====== Args={'value': 9, 'prev_value': 8, 'change': 1}
2025-11-15 00:40:52,882 : INFO : EventManager : Event: ======'s9_hit'====== Args={'profile': 'default', 'state': 'lit', 'advancing': False}
2025-11-15 00:40:52,882 : INFO : EventManager : Event: ======'s9_default_hit'====== Args={'profile': 'default', 'state': 'lit', 'advancing': False}
2025-11-15 00:40:52,882 : INFO : EventManager : Event: ======'s9_default_lit_hit'====== Args={'profile': 'default', 'state': 'lit', 'advancing': False}
2025-11-15 00:40:52,883 : INFO : EventManager : Event: ======'s9_lit_hit'====== Args={'profile': 'default', 'state': 'lit', 'advancing': False}
2025-11-15 00:40:52,883 : INFO : EventManager : Event: ======'player_skull_ramp_nb'====== Args={'value': 9, 'prev_value': 8, 'change': 1, 'player_num': 1, 'source': 'skull'}
2025-11-15 00:40:52,883 : INFO : EventManager : Event: ======'not_skillshot_hit'====== Args={'shot': 's9'}
2025-11-15 00:40:52,884 : INFO : EventManager : Event: ======'not_skillshot_lit_hit'====== Args={'shot': 's9'}
2025-11-15 00:40:53,014 : INFO : SwitchController : <<<<<<< 's_ramp' inactive >>>>>>>
2025-11-15 00:40:53,164 : INFO : SwitchController : <<<<<<< 's_ramp' active >>>>>>>
2025-11-15 00:40:53,164 : INFO : EventManager : Event: ======'s_ramp_active'====== Args={}
2025-11-15 00:40:53,165 : INFO : EventManager : Event: ======'machine_var_audits_switches_s_ramp'====== Args={'value': 1058, 'prev_value': 1057, 'change': 1}
2025-11-15 00:40:53,165 : INFO : EventManager : Event: ======'machine_var_audits_shots_s9'====== Args={'value': 10, 'prev_value': 9, 'change': 1}
2025-11-15 00:40:53,166 : INFO : EventManager : Event: ======'s9_hit'====== Args={'profile': 'default', 'state': 'lit', 'advancing': False}
2025-11-15 00:40:53,166 : INFO : EventManager : Event: ======'s9_default_hit'====== Args={'profile': 'default', 'state': 'lit', 'advancing': False}
2025-11-15 00:40:53,166 : INFO : EventManager : Event: ======'s9_default_lit_hit'====== Args={'profile': 'default', 'state': 'lit', 'advancing': False}
2025-11-15 00:40:53,166 : INFO : EventManager : Event: ======'s9_lit_hit'====== Args={'profile': 'default', 'state': 'lit', 'advancing': False}
2025-11-15 00:40:53,166 : INFO : EventManager : Event: ======'player_skull_ramp_nb'====== Args={'value': 10, 'prev_value': 9, 'change': 1, 'player_num': 1, 'source': 'skull'}
2025-11-15 00:40:53,167 : INFO : EventManager : Event: ======'logicblock_seq_lock1_updated'====== Args={'value': 1, 'enabled': True}
2025-11-15 00:40:53,167 : INFO : EventManager : Event: ======'logicblock_seq_lock1_hit'====== Args={'step': 1}
2025-11-15 00:40:53,167 : INFO : EventManager : Event: ======'not_skillshot_hit'====== Args={'shot': 's9'}
2025-11-15 00:40:53,168 : INFO : EventManager : Event: ======'not_skillshot_lit_hit'====== Args={'shot': 's9'}
2025-11-15 00:40:53,236 : INFO : EventManager : Event: ======'widget_skull_light_lock_widget_active'====== Args={'original_context': 'skull', 'original_calling_context': 's_ramp_active{current_player.skull_ramp_nb==10}', 'priority': 200.0, 'cmd': 'widgets_play', '_from_bcp': True}
2025-11-15 00:40:53,313 : INFO : SwitchController : <<<<<<< 's_ramp' inactive >>>>>>>
2025-11-15 00:40:55,178 : INFO : EventManager : Event: ======'widget_skillshot_widget_removed'====== Args={'_from_bcp': True}
2025-11-15 00:40:55,179 : INFO : EventManager : Event: ======'skillshoot_ended'====== Args={'priority': 0}
2025-11-15 00:40:55,180 : INFO : EventManager : Event: ======'mode_skillshot_will_stop'====== Args={}
2025-11-15 00:40:55,180 : INFO : EventManager : Event: ======'mode_skillshot_stopping'====== Args={}
2025-11-15 00:40:55,180 : INFO : Mode.skillshot : Stopped.
2025-11-15 00:40:55,180 : INFO : EventManager : Event: ======'modes_active_modes_changed'====== Args={}
2025-11-15 00:40:55,181 : INFO : EventManager : Event: ======'mode_skillshot_stopped'====== Args={}
2025-11-15 00:40:55,181 : INFO : EventManager : Event: ======'clear'====== Args={'key': 'skillshot'}
2025-11-15 00:41:05,131 : INFO : SwitchController : <<<<<<< 's_skull_lock1' active >>>>>>>
2025-11-15 00:41:05,131 : INFO : EventManager : Event: ======'s_skull_lock1_active'====== Args={}
2025-11-15 00:41:05,131 : INFO : EventManager : Event: ======'machine_var_audits_switches_s_skull_lock1'====== Args={'value': 76, 'prev_value': 75, 'change': 1}
2025-11-15 00:41:05,132 : INFO : EventManager : Event: ======'logicblock_seq_lock1_updated'====== Args={'value': 2, 'enabled': True}
2025-11-15 00:41:05,132 : INFO : EventManager : Event: ======'logicblock_seq_lock1_hit'====== Args={'step': 2}
2025-11-15 00:41:05,139 : INFO : EventManager : Event: ======'seq_lock1_done'====== Args={}
2025-11-15 00:41:05,141 : INFO : EventManager : Event: ======'logicblock_seq_lock1_updated'====== Args={'value': 0, 'enabled': True}
2025-11-15 00:41:05,141 : INFO : EventManager : Event: ======'logicblock_seq_lock2_updated'====== Args={'value': 1, 'enabled': True}
2025-11-15 00:41:05,141 : INFO : EventManager : Event: ======'logicblock_seq_lock2_hit'====== Args={'step': 1}
2025-11-15 00:41:05,230 : INFO : SwitchController : <<<<<<< 's_skull_lock1' inactive >>>>>>>
2025-11-15 00:41:05,394 : INFO : EventManager : Event: ======'widget_skull_lock1_widget_active'====== Args={'original_context': 'skull', 'original_calling_context': 'seq_lock1_done', 'priority': 200.0, 'cmd': 'widgets_play', '_from_bcp': True}
2025-11-15 00:41:16,420 : INFO : SwitchController : <<<<<<< 's_skull_lock2' active >>>>>>>
2025-11-15 00:41:16,421 : INFO : EventManager : Event: ======'s_skull_lock2_active'====== Args={}
2025-11-15 00:41:16,421 : INFO : EventManager : Event: ======'machine_var_audits_switches_s_skull_lock2'====== Args={'value': 83, 'prev_value': 82, 'change': 1}
2025-11-15 00:41:16,422 : INFO : EventManager : Event: ======'logicblock_seq_lock2_updated'====== Args={'value': 2, 'enabled': True}
2025-11-15 00:41:16,422 : INFO : EventManager : Event: ======'logicblock_seq_lock2_hit'====== Args={'step': 2}
2025-11-15 00:41:16,430 : INFO : EventManager : Event: ======'seq_lock2_done'====== Args={}
2025-11-15 00:41:16,430 : INFO : EventManager : Event: ======'logicblock_seq_lock2_updated'====== Args={'value': 0, 'enabled': True}
2025-11-15 00:41:16,431 : INFO : EventManager : Event: ======'player_skull_pause_timer_tick'====== Args={'value': 0, 'prev_value': 1, 'change': -1, 'player_num': 1}
2025-11-15 00:41:16,431 : INFO : Timer.pause_timer : Starting Timer.
2025-11-15 00:41:16,431 : INFO : EventManager : Event: ======'timer_pause_timer_started'====== Args={'ticks': 0, 'ticks_remaining': 1}
2025-11-15 00:41:16,432 : INFO : EventManager : Event: ======'timer_pause_timer_tick'====== Args={'ticks': 0, 'ticks_remaining': 1}
2025-11-15 00:41:16,432 : INFO : EventManager : Event: ======'logicblock_seq_ready_for_MB_updated'====== Args={'value': 1, 'enabled': True}
2025-11-15 00:41:16,432 : INFO : EventManager : Event: ======'logicblock_seq_ready_for_MB_hit'====== Args={'step': 1}
2025-11-15 00:41:16,462 : INFO : EventManager : Event: ======'widget_skull_lock2_widget_active'====== Args={'original_context': 'skull', 'original_calling_context': 'seq_lock2_done', 'priority': 200.0, 'cmd': 'widgets_play', '_from_bcp': True}
2025-11-15 00:41:16,548 : INFO : SwitchController : <<<<<<< 's_skull_lock2' inactive >>>>>>>
2025-11-15 00:41:26,432 : INFO : EventManager : Event: ======'player_skull_pause_timer_tick'====== Args={'value': 1, 'prev_value': 0, 'change': 1, 'player_num': 1}
2025-11-15 00:41:26,433 : INFO : Timer.pause_timer : Timer Complete
2025-11-15 00:41:26,433 : INFO : Timer.pause_timer : Stopping Timer
2025-11-15 00:41:26,433 : INFO : EventManager : Event: ======'timer_pause_timer_stopped'====== Args={'ticks': 1, 'ticks_remaining': 1}
2025-11-15 00:41:26,434 : INFO : EventManager : Event: ======'timer_pause_timer_complete'====== Args={'ticks': 1, 'ticks_remaining': 1}
2025-11-15 00:41:26,434 : INFO : EventManager : Event: ======'logicblock_seq_ready_for_MB_updated'====== Args={'value': 2, 'enabled': True}
2025-11-15 00:41:26,435 : INFO : EventManager : Event: ======'logicblock_seq_ready_for_MB_hit'====== Args={'step': 2}
2025-11-15 00:41:26,435 : INFO : EventManager : Event: ======'seq_ready_for_multiball_done'====== Args={}
2025-11-15 00:41:26,435 : INFO : EventManager : Event: ======'logicblock_seq_ready_for_MB_updated'====== Args={'value': 0, 'enabled': True}
2025-11-15 00:41:26,436 : INFO : EventManager : Event: ======'player_skull_ramp_nb'====== Args={'value': 0, 'prev_value': 10, 'change': -10, 'player_num': 1, 'source': 'skull'}
2025-11-15 00:41:26,436 : INFO : EventManager : Event: ======'player_skull_pause_timer_tick'====== Args={'value': 0, 'prev_value': 1, 'change': -1, 'player_num': 1}
2025-11-15 00:41:26,436 : INFO : Timer.pause_timer : Starting Timer.
2025-11-15 00:41:26,437 : INFO : EventManager : Event: ======'timer_pause_timer_started'====== Args={'ticks': 0, 'ticks_remaining': 1}
2025-11-15 00:41:26,437 : INFO : EventManager : Event: ======'timer_pause_timer_tick'====== Args={'ticks': 0, 'ticks_remaining': 1}
2025-11-15 00:41:26,437 : INFO : EventManager : Event: ======'logicblock_seq_ready_for_wave1_updated'====== Args={'value': 1, 'enabled': True}
2025-11-15 00:41:26,437 : INFO : EventManager : Event: ======'logicblock_seq_ready_for_wave1_hit'====== Args={'step': 1}
2025-11-15 00:41:26,466 : INFO : EventManager : Event: ======'widget_skull_start_multiball_widget_active'====== Args={'original_context': 'skull', 'original_calling_context': 'seq_ready_for_multiball_done', 'priority': 200.0, 'cmd': 'widgets_play', '_from_bcp': True}
2025-11-15 00:41:36,438 : INFO : EventManager : Event: ======'player_skull_pause_timer_tick'====== Args={'value': 1, 'prev_value': 0, 'change': 1, 'player_num': 1}
2025-11-15 00:41:36,439 : INFO : Timer.pause_timer : Timer Complete
2025-11-15 00:41:36,439 : INFO : Timer.pause_timer : Stopping Timer
2025-11-15 00:41:36,439 : INFO : EventManager : Event: ======'timer_pause_timer_stopped'====== Args={'ticks': 1, 'ticks_remaining': 1}
2025-11-15 00:41:36,440 : INFO : EventManager : Event: ======'timer_pause_timer_complete'====== Args={'ticks': 1, 'ticks_remaining': 1}
2025-11-15 00:41:36,440 : INFO : EventManager : Event: ======'logicblock_seq_ready_for_wave1_updated'====== Args={'value': 2, 'enabled': True}
2025-11-15 00:41:36,440 : INFO : EventManager : Event: ======'logicblock_seq_ready_for_wave1_hit'====== Args={'step': 2}
2025-11-15 00:41:36,441 : INFO : EventManager : Event: ======'seq_ready_for_wave1_done'====== Args={}
2025-11-15 00:41:36,441 : INFO : EventManager : Event: ======'logicblock_seq_ready_for_wave1_updated'====== Args={'value': 0, 'enabled': True}
2025-11-15 00:41:36,441 : INFO : EventManager : Event: ======'start_mode_skull_wave1'====== Args={'priority': 0}
2025-11-15 00:41:48,665 : INFO : SwitchController : <<<<<<< 's_microscope_right' active >>>>>>>
2025-11-15 00:41:48,665 : INFO : EventManager : Event: ======'machine_var_audits_switches_s_microscope_right'====== Args={'value': 1, 'prev_value': 0, 'change': 1}
2025-11-15 00:41:48,780 : INFO : SwitchController : <<<<<<< 's_microscope_right' inactive >>>>>>>
2025-11-15 00:41:51,536 : INFO : SwitchController : <<<<<<< 's_microscope_left' active >>>>>>>
2025-11-15 00:41:51,536 : INFO : EventManager : Event: ======'machine_var_audits_switches_s_microscope_left'====== Args={'value': 1, 'prev_value': 0, 'change': 1}
2025-11-15 00:41:51,680 : INFO : SwitchController : <<<<<<< 's_microscope_left' inactive >>>>>>>
2025-11-15 00:41:54,630 : INFO : SwitchController : <<<<<<< 's_right_spinner' active >>>>>>>
2025-11-15 00:41:54,631 : INFO : EventManager : Event: ======'machine_var_audits_switches_s_right_spinner'====== Args={'value': 1, 'prev_value': 0, 'change': 1}
2025-11-15 00:41:54,797 : INFO : SwitchController : <<<<<<< 's_right_spinner' inactive >>>>>>>
2025-11-15 00:42:01,098 : INFO : SwitchController : <<<<<<< 's_left_orbit' active >>>>>>>
2025-11-15 00:42:01,098 : INFO : EventManager : Event: ======'machine_var_audits_switches_s_left_orbit'====== Args={'value': 1, 'prev_value': 0, 'change': 1}
2025-11-15 00:42:01,213 : INFO : SwitchController : <<<<<<< 's_left_orbit' inactive >>>>>>>
2025-11-15 00:42:02,497 : INFO : SwitchController : <<<<<<< 's_popbumper1' active >>>>>>>
2025-11-15 00:42:02,498 : INFO : EventManager : Event: ======'s_popbumper1_active'====== Args={}
2025-11-15 00:42:02,498 : INFO : EventManager : Event: ======'machine_var_audits_switches_s_popbumper1'====== Args={'value': 4565, 'prev_value': 4564, 'change': 1}
2025-11-15 00:42:02,499 : INFO : EventManager : Event: ======'player_shot_bumper1'====== Args={'value': 1, 'prev_value': 0, 'change': 1, 'player_num': 1}
2025-11-15 00:42:02,507 : INFO : EventManager : Event: ======'machine_var_audits_shots_bumper1'====== Args={'value': 4521, 'prev_value': 4520, 'change': 1}
2025-11-15 00:42:02,507 : INFO : EventManager : Event: ======'bumper1_hit'====== Args={'profile': 'default', 'state': 'unlit', 'advancing': True}
2025-11-15 00:42:02,507 : INFO : EventManager : Event: ======'bumper1_default_hit'====== Args={'profile': 'default', 'state': 'unlit', 'advancing': True}
2025-11-15 00:42:02,507 : INFO : EventManager : Event: ======'bumper1_default_unlit_hit'====== Args={'profile': 'default', 'state': 'unlit', 'advancing': True}
2025-11-15 00:42:02,507 : INFO : EventManager : Event: ======'bumper1_unlit_hit'====== Args={'profile': 'default', 'state': 'unlit', 'advancing': True}
2025-11-15 00:42:02,508 : INFO : EventManager : Event: ======'bumpers_hit'====== Args={'shot': 'bumper1'}
2025-11-15 00:42:02,508 : INFO : EventManager : Event: ======'bumpers_unlit_hit'====== Args={'shot': 'bumper1'}
2025-11-15 00:42:02,508 : INFO : EventManager : Event: ======'player_score'====== Args={'value': 3000, 'prev_value': 0, 'change': 3000, 'player_num': 1, 'source': 'bumpers'}
2025-11-15 00:42:02,509 : INFO : EventManager : Event: ======'player_bumpers_bumper_timer_tick'====== Args={'value': 0, 'prev_value': 1, 'change': -1, 'player_num': 1}
2025-11-15 00:42:02,509 : INFO : Timer.bumper_timer : Starting Timer.
2025-11-15 00:42:02,510 : INFO : EventManager : Event: ======'timer_bumper_timer_started'====== Args={'ticks': 0, 'ticks_remaining': 1}
2025-11-15 00:42:02,510 : INFO : EventManager : Event: ======'timer_bumper_timer_tick'====== Args={'ticks': 0, 'ticks_remaining': 1}
2025-11-15 00:42:02,560 : INFO : EventManager : Event: ======'widget_bumper_widget_active'====== Args={'original_context': 'bumpers', 'original_calling_context': 'bumpers_hit', 'priority': 200.0, 'shot': 'bumper1', 'cmd': 'widgets_play', '_from_bcp': True}
2025-11-15 00:42:02,646 : INFO : SwitchController : <<<<<<< 's_popbumper1' inactive >>>>>>>
2025-11-15 00:42:03,010 : INFO : EventManager : Event: ======'player_bumpers_bumper_timer_tick'====== Args={'value': 1, 'prev_value': 0, 'change': 1, 'player_num': 1}
2025-11-15 00:42:03,012 : INFO : Timer.bumper_timer : Timer Complete
2025-11-15 00:42:03,012 : INFO : Timer.bumper_timer : Stopping Timer
2025-11-15 00:42:03,012 : INFO : EventManager : Event: ======'timer_bumper_timer_stopped'====== Args={'ticks': 1, 'ticks_remaining': 1}
2025-11-15 00:42:03,012 : INFO : EventManager : Event: ======'timer_bumper_timer_complete'====== Args={'ticks': 1, 'ticks_remaining': 1}
2025-11-15 00:42:03,043 : INFO : EventManager : Event: ======'widget_bumper_widget_removed'====== Args={'_from_bcp': True}
2025-11-15 00:46:14,724 : INFO : Machine : Shutting down...
2025-11-15 00:46:14,725 : INFO : EventManager : Event: ======'shutdown'====== Args={}
2025-11-15 00:46:14,726 : INFO : EventManager : Event: ======'mode_game_will_stop'====== Args={}
2025-11-15 00:46:14,727 : INFO : EventManager : Event: ======'mode_game_stopping'====== Args={}
2025-11-15 00:46:14,727 : INFO : EventManager : Event: ======'mode_base_will_stop'====== Args={}
2025-11-15 00:46:14,727 : INFO : EventManager : Event: ======'mode_base_stopping'====== Args={}
2025-11-15 00:46:14,727 : INFO : EventManager : Event: ======'mode_bumpers_will_stop'====== Args={}
2025-11-15 00:46:14,727 : INFO : EventManager : Event: ======'mode_bumpers_stopping'====== Args={}
2025-11-15 00:46:14,727 : INFO : EventManager : Event: ======'mode_csi_lanes_will_stop'====== Args={}
2025-11-15 00:46:14,727 : INFO : EventManager : Event: ======'mode_csi_lanes_stopping'====== Args={}
2025-11-15 00:46:14,727 : INFO : EventManager : Event: ======'mode_skull_will_stop'====== Args={}
2025-11-15 00:46:14,727 : INFO : EventManager : Event: ======'mode_skull_stopping'====== Args={}
2025-11-15 00:46:14,728 : INFO : EventManager : Event: ======'stop_mode_bumpers'====== Args={'priority': 0}
2025-11-15 00:46:14,728 : INFO : EventManager : Event: ======'stop_mode_csi_lanes'====== Args={'priority': 0}
2025-11-15 00:46:14,728 : INFO : EventManager : Event: ======'stop_mode_skull'====== Args={'priority': 0}
2025-11-15 00:46:14,728 : INFO : Mode.skull : Stopped.
2025-11-15 00:46:14,728 : INFO : EventManager : Event: ======'modes_active_modes_changed'====== Args={}
2025-11-15 00:46:14,729 : INFO : EventManager : Event: ======'mode_skull_stopped'====== Args={}
2025-11-15 00:46:14,729 : INFO : EventManager : Event: ======'clear'====== Args={'key': 'skull'}
2025-11-15 00:46:14,729 : INFO : Timer.pause_timer : Stopping Timer
2025-11-15 00:46:14,729 : INFO : EventManager : Event: ======'timer_pause_timer_stopped'====== Args={'ticks': 1, 'ticks_remaining': 1}
2025-11-15 00:46:14,729 : INFO : Mode.csi_lanes : Stopped.
2025-11-15 00:46:14,729 : INFO : EventManager : Event: ======'modes_active_modes_changed'====== Args={}
2025-11-15 00:46:14,729 : INFO : EventManager : Event: ======'mode_csi_lanes_stopped'====== Args={}
2025-11-15 00:46:14,729 : INFO : EventManager : Event: ======'clear'====== Args={'key': 'csi_lanes'}
2025-11-15 00:46:14,729 : INFO : Timer.csi_right_orbit_timer : Stopping Timer
2025-11-15 00:46:14,729 : INFO : EventManager : Event: ======'timer_csi_right_orbit_timer_stopped'====== Args={'ticks': 0, 'ticks_remaining': 0}
2025-11-15 00:46:14,729 : INFO : Timer.csi_lanes_timer : Stopping Timer
2025-11-15 00:46:14,730 : INFO : EventManager : Event: ======'timer_csi_lanes_timer_stopped'====== Args={'ticks': 1, 'ticks_remaining': 1}
2025-11-15 00:46:14,730 : INFO : Mode.bumpers : Stopped.
2025-11-15 00:46:14,730 : INFO : EventManager : Event: ======'modes_active_modes_changed'====== Args={}
2025-11-15 00:46:14,730 : INFO : EventManager : Event: ======'mode_bumpers_stopped'====== Args={}
2025-11-15 00:46:14,730 : INFO : EventManager : Event: ======'clear'====== Args={'key': 'bumpers'}
2025-11-15 00:46:14,730 : INFO : Timer.bumper_timer : Stopping Timer
2025-11-15 00:46:14,731 : INFO : EventManager : Event: ======'timer_bumper_timer_stopped'====== Args={'ticks': 1, 'ticks_remaining': 1}
2025-11-15 00:46:14,731 : INFO : Mode.base : Stopped.
2025-11-15 00:46:14,731 : INFO : EventManager : Event: ======'modes_active_modes_changed'====== Args={}
2025-11-15 00:46:14,731 : INFO : EventManager : Event: ======'mode_base_stopped'====== Args={}
2025-11-15 00:46:14,731 : INFO : EventManager : Event: ======'clear'====== Args={'key': 'base'}
2025-11-15 00:46:14,731 : INFO : Timer.player_added_timer : Stopping Timer
2025-11-15 00:46:14,731 : INFO : EventManager : Event: ======'timer_player_added_timer_stopped'====== Args={'ticks': 1, 'ticks_remaining': 1}
2025-11-15 00:46:14,732 : INFO : Mode.game : Stopped.
2025-11-15 00:46:14,732 : INFO : EventManager : Event: ======'modes_active_modes_changed'====== Args={}
2025-11-15 00:46:14,732 : INFO : EventManager : Event: ======'mode_game_stopped'====== Args={}
2025-11-15 00:46:14,732 : INFO : EventManager : Event: ======'clear'====== Args={'key': 'game'}
2025-11-15 00:46:14,740 : INFO : root : MPF run loop ended.
