2025-11-04 01:19:44,862 : INFO : root : Loading config.
2025-11-04 01:19:44,863 : INFO : YamlMultifileConfigLoader : Machine config file #1: config.yaml
2025-11-04 01:19:44,863 : INFO : ConfigProcessor : Loading config from cache: /var/folders/m3/0d4y64_n3fn8tnkv3ydlhztw0000gn/T/5ca32a6c950d03116abbed96ca44d372.mpf_cache
2025-11-04 01:19:44,875 : INFO : ConfigProcessor : Loading config from cache: /var/folders/m3/0d4y64_n3fn8tnkv3ydlhztw0000gn/T/01c495fa7450a81b4be96cb699872531.mpf_cache
2025-11-04 01:19:44,875 : INFO : ConfigProcessor : Loading config from cache: /var/folders/m3/0d4y64_n3fn8tnkv3ydlhztw0000gn/T/bfde29b5bb803376b0637bb8f0da27a7.mpf_cache
2025-11-04 01:19:44,875 : INFO : ConfigProcessor : Loading config from cache: /var/folders/m3/0d4y64_n3fn8tnkv3ydlhztw0000gn/T/01c495fa7450a81b4be96cb699872531.mpf_cache
2025-11-04 01:19:44,875 : INFO : ConfigProcessor : Loading config from cache: /var/folders/m3/0d4y64_n3fn8tnkv3ydlhztw0000gn/T/3ae89e09515ff8d8b11d68f672b2cc51.mpf_cache
2025-11-04 01:19:44,875 : INFO : ConfigProcessor : Loading config from cache: /var/folders/m3/0d4y64_n3fn8tnkv3ydlhztw0000gn/T/4c420229fa75118c2461cfc9ff5a44e2.mpf_cache
2025-11-04 01:19:44,875 : WARNING : ConfigProcessor : Config file in cache changed: /Users/didiergilbin/Desktop/Homebrew_CSI/modes/selectmission/config/selectmission.yaml
2025-11-04 01:19:44,875 : INFO : ConfigProcessor : Loading config from file /Users/didiergilbin/Desktop/Homebrew_CSI/modes/selectmission/config/selectmission.yaml.
2025-11-04 01:19:44,877 : INFO : ConfigProcessor : Loading config: /Users/didiergilbin/Desktop/Homebrew_CSI/modes/selectmission/config/selectmission.yaml
2025-11-04 01:19:44,877 : INFO : ConfigProcessor : Config file cache created: /var/folders/m3/0d4y64_n3fn8tnkv3ydlhztw0000gn/T/f5ee6852f1764324c8553249cc53c871.mpf_cache
2025-11-04 01:19:44,877 : INFO : Machine : Mission Pinball Framework Core Engine v0.80.0.dev10
2025-11-04 01:19:44,877 : INFO : Machine : Command line arguments: {'no_load_cache': False, 'create_config_cache': True, 'bcp': True, 'configfile': ['config.yaml'], 'force_assets_load': False, 'platform_integration_test': False, 'jsonlogging': False, 'logfile': 'logs/2025-11-04-01-19-44-mpf-mac.home.log', 'pause': False, 'production': False, 'text_ui': False, 'loglevel': 15, 'consoleloglevel': 20, 'force_platform': 'smart_virtual', 'syslog_address': None, 'full_logfile_path': '/Users/didiergilbin/Desktop/Homebrew_CSI/logs/2025-11-04-01-19-44-mpf-mac.home.log'}
2025-11-04 01:19:44,877 : INFO : Machine : MPF path: /Users/didiergilbin/mpfenv/lib/python3.13/site-packages/mpf
2025-11-04 01:19:44,877 : INFO : Machine : Machine path: /Users/didiergilbin/Desktop/Homebrew_CSI
2025-11-04 01:19:44,877 : INFO : Machine : Platform: darwin
2025-11-04 01:19:44,877 : INFO : Machine : Python executable location: /Users/didiergilbin/mpfenv/bin/python3.13
2025-11-04 01:19:44,877 : INFO : Machine : Python version: 3.13.7 (64-bit)
2025-11-04 01:19:44,877 : INFO : Machine : Initializing MPF...
2025-11-04 01:19:44,890 : INFO : EventManager : Event: ======'machine_var_credits_string'====== Args={'value': 'FREE PLAY', 'prev_value': None, 'change': True}
2025-11-04 01:19:44,893 : INFO : EventManager : Event: ======'machine_var_master_volume'====== Args={'value': 0.5, 'prev_value': None, 'change': True}
2025-11-04 01:19:44,893 : INFO : EventManager : Event: ======'machine_var_player1_score'====== Args={'value': 0, 'prev_value': None, 'change': True}
2025-11-04 01:19:44,893 : INFO : EventManager : Event: ======'machine_var_mpf_version'====== Args={'value': 'Mission Pinball Framework v0.80.0.dev10', 'prev_value': None, 'change': True}
2025-11-04 01:19:44,893 : INFO : EventManager : Event: ======'machine_var_mpf_extended_version'====== Args={'value': 'Mission Pinball Framework v0.80.0.dev10, Config version:6, Show version: 6, BCP version:1.1', 'prev_value': None, 'change': True}
2025-11-04 01:19:44,893 : INFO : EventManager : Event: ======'machine_var_python_version'====== Args={'value': '3.13.7', 'prev_value': None, 'change': True}
2025-11-04 01:19:44,898 : INFO : EventManager : Event: ======'machine_var_platform'====== Args={'value': 'macOS-15.6.1-arm64-arm-64bit-Mach-O', 'prev_value': None, 'change': True}
2025-11-04 01:19:44,898 : INFO : EventManager : Event: ======'machine_var_platform_system'====== Args={'value': 'Darwin', 'prev_value': None, 'change': True}
2025-11-04 01:19:44,898 : INFO : EventManager : Event: ======'machine_var_platform_release'====== Args={'value': '24.6.0', 'prev_value': None, 'change': True}
2025-11-04 01:19:44,898 : INFO : EventManager : Event: ======'machine_var_platform_version'====== Args={'value': 'Darwin Kernel Version 24.6.0: Mon Jul 14 11:30:40 PDT 2025; root:xnu-11417.140.69~1/RELEASE_ARM64_T8132', 'prev_value': None, 'change': True}
2025-11-04 01:19:44,898 : INFO : EventManager : Event: ======'machine_var_platform_machine'====== Args={'value': 'arm64', 'prev_value': None, 'change': True}
2025-11-04 01:19:44,898 : INFO : EventManager : Event: ======'machine_var_log_file_path'====== Args={'value': '/Users/didiergilbin/Desktop/Homebrew_CSI/logs/2025-11-04-01-19-44-mpf-mac.home.log', 'prev_value': None, 'change': True}
2025-11-04 01:19:44,898 : INFO : EventManager : Event: ======'init_phase_1'====== Args={}
2025-11-04 01:19:44,903 : INFO : EventManager : Event: ======'init_phase_2'====== Args={}
2025-11-04 01:19:44,903 : INFO : SwitchController : Found active switch: ('2', <Platform.SmartVirtual>) <switch.s_trough1>
2025-11-04 01:19:44,903 : INFO : SwitchController : Found active switch: ('3', <Platform.SmartVirtual>) <switch.s_trough2>
2025-11-04 01:19:44,903 : INFO : SwitchController : Found active switch: ('4', <Platform.SmartVirtual>) <switch.s_trough3>
2025-11-04 01:19:44,903 : INFO : SwitchController : Found active switch: ('5', <Platform.SmartVirtual>) <switch.s_trough4>
2025-11-04 01:19:44,904 : INFO : EventManager : Event: ======'bcp_connection_attempt'====== Args={'name': 'local_display', 'host': 'localhost', 'port': 5050}
2025-11-04 01:19:44,904 : INFO : BCPClientSocket : Connecting BCP to 'local_display' at localhost:5050...
2025-11-04 01:19:44,906 : INFO : BCPClientSocket : Connected BCP to 'local_display' localhost:5050
2025-11-04 01:19:44,906 : INFO : EventManager : Event: ======'bcp_clients_connected'====== Args={}
2025-11-04 01:19:44,906 : INFO : ball_device.bd_drain : BCH: Initial count: 0
2025-11-04 01:19:44,907 : INFO : ball_device.bd_drain : State: idle
2025-11-04 01:19:44,907 : INFO : ball_device.bd_trough : BCH: Initial count: 4
2025-11-04 01:19:44,907 : INFO : ball_device.bd_trough : State: idle
2025-11-04 01:19:44,907 : INFO : ball_device.bd_plunger : BCH: Initial count: 0
2025-11-04 01:19:44,907 : INFO : ball_device.bd_plunger : State: idle
2025-11-04 01:19:44,910 : INFO : EventManager : Event: ======'init_phase_3'====== Args={}
2025-11-04 01:19:44,910 : INFO : EventManager : Event: ======'init_phase_4'====== Args={}
2025-11-04 01:19:44,910 : INFO : BallController : Initial balls found: 4
2025-11-04 01:19:44,911 : INFO : EventManager : Event: ======'machine_var_audits_events_game_ended'====== Args={'value': 51, 'prev_value': None, 'change': True}
2025-11-04 01:19:44,911 : INFO : EventManager : Event: ======'machine_var_audits_events_game_started'====== Args={'value': 350, 'prev_value': None, 'change': True}
2025-11-04 01:19:44,911 : INFO : EventManager : Event: ======'machine_var_audits_missing_switches_s_drain'====== Args={'value': 11, 'prev_value': None, 'change': True}
2025-11-04 01:19:44,911 : INFO : EventManager : Event: ======'machine_var_audits_missing_switches_s_launch_button'====== Args={'value': 350, 'prev_value': None, 'change': True}
2025-11-04 01:19:44,911 : INFO : EventManager : Event: ======'machine_var_audits_missing_switches_s_left_flipper'====== Args={'value': 3, 'prev_value': None, 'change': True}
2025-11-04 01:19:44,911 : INFO : EventManager : Event: ======'machine_var_audits_missing_switches_s_popbumper1'====== Args={'value': 13, 'prev_value': None, 'change': True}
2025-11-04 01:19:44,911 : INFO : EventManager : Event: ======'machine_var_audits_missing_switches_s_popbumper2'====== Args={'value': 13, 'prev_value': None, 'change': True}
2025-11-04 01:19:44,911 : INFO : EventManager : Event: ======'machine_var_audits_missing_switches_s_popbumper3'====== Args={'value': 17, 'prev_value': None, 'change': True}
2025-11-04 01:19:44,911 : INFO : EventManager : Event: ======'machine_var_audits_missing_switches_s_right_flipper'====== Args={'value': 1, 'prev_value': None, 'change': True}
2025-11-04 01:19:44,911 : INFO : EventManager : Event: ======'machine_var_audits_missing_switches_s_sling_left'====== Args={'value': 350, 'prev_value': None, 'change': True}
2025-11-04 01:19:44,911 : INFO : EventManager : Event: ======'machine_var_audits_missing_switches_s_sling_right'====== Args={'value': 350, 'prev_value': None, 'change': True}
2025-11-04 01:19:44,911 : INFO : EventManager : Event: ======'machine_var_audits_missing_switches_s_trough1'====== Args={'value': 11, 'prev_value': None, 'change': True}
2025-11-04 01:19:44,911 : INFO : EventManager : Event: ======'machine_var_audits_missing_switches_s_trough2'====== Args={'value': 11, 'prev_value': None, 'change': True}
2025-11-04 01:19:44,911 : INFO : EventManager : Event: ======'machine_var_audits_missing_switches_s_trough3'====== Args={'value': 128, 'prev_value': None, 'change': True}
2025-11-04 01:19:44,911 : INFO : EventManager : Event: ======'machine_var_audits_missing_switches_s_trough4'====== Args={'value': 128, 'prev_value': None, 'change': True}
2025-11-04 01:19:44,911 : INFO : EventManager : Event: ======'machine_var_audits_missing_switches_s_trough_jam'====== Args={'value': 64, 'prev_value': None, 'change': True}
2025-11-04 01:19:44,911 : INFO : EventManager : Event: ======'machine_var_audits_player_score'====== Args={'value': {'average': 221066, 'top': [10210000, 1550000, 1070000, 1070000, 810000, 710000, 640000, 570000, 530000, 480000], 'total': 110}, 'prev_value': None, 'change': True}
2025-11-04 01:19:44,911 : INFO : EventManager : Event: ======'machine_var_audits_shots_bumper1'====== Args={'value': 3302, 'prev_value': None, 'change': True}
2025-11-04 01:19:44,911 : INFO : EventManager : Event: ======'machine_var_audits_shots_bumper2'====== Args={'value': 3252, 'prev_value': None, 'change': True}
2025-11-04 01:19:44,911 : INFO : EventManager : Event: ======'machine_var_audits_shots_bumper3'====== Args={'value': 2975, 'prev_value': None, 'change': True}
2025-11-04 01:19:44,911 : INFO : EventManager : Event: ======'machine_var_audits_switches_s_drain'====== Args={'value': 501, 'prev_value': None, 'change': True}
2025-11-04 01:19:44,911 : INFO : EventManager : Event: ======'machine_var_audits_switches_s_launch_button'====== Args={'value': 0, 'prev_value': None, 'change': True}
2025-11-04 01:19:44,911 : INFO : EventManager : Event: ======'machine_var_audits_switches_s_left_flipper'====== Args={'value': 264, 'prev_value': None, 'change': True}
2025-11-04 01:19:44,911 : INFO : EventManager : Event: ======'machine_var_audits_switches_s_plunger_lane'====== Args={'value': 704, 'prev_value': None, 'change': True}
2025-11-04 01:19:44,911 : INFO : EventManager : Event: ======'machine_var_audits_switches_s_popbumper1'====== Args={'value': 3346, 'prev_value': None, 'change': True}
2025-11-04 01:19:44,911 : INFO : EventManager : Event: ======'machine_var_audits_switches_s_popbumper2'====== Args={'value': 3293, 'prev_value': None, 'change': True}
2025-11-04 01:19:44,911 : INFO : EventManager : Event: ======'machine_var_audits_switches_s_popbumper3'====== Args={'value': 3017, 'prev_value': None, 'change': True}
2025-11-04 01:19:44,911 : INFO : EventManager : Event: ======'machine_var_audits_switches_s_right_flipper'====== Args={'value': 455, 'prev_value': None, 'change': True}
2025-11-04 01:19:44,911 : INFO : EventManager : Event: ======'machine_var_audits_switches_s_scoop'====== Args={'value': 323, 'prev_value': None, 'change': True}
2025-11-04 01:19:44,911 : INFO : EventManager : Event: ======'machine_var_audits_switches_s_sling_left'====== Args={'value': 0, 'prev_value': None, 'change': True}
2025-11-04 01:19:44,911 : INFO : EventManager : Event: ======'machine_var_audits_switches_s_sling_right'====== Args={'value': 0, 'prev_value': None, 'change': True}
2025-11-04 01:19:44,911 : INFO : EventManager : Event: ======'machine_var_audits_switches_s_start'====== Args={'value': 627, 'prev_value': None, 'change': True}
2025-11-04 01:19:44,911 : INFO : EventManager : Event: ======'machine_var_audits_switches_s_trough1'====== Args={'value': 351, 'prev_value': None, 'change': True}
2025-11-04 01:19:44,911 : INFO : EventManager : Event: ======'machine_var_audits_switches_s_trough2'====== Args={'value': 15, 'prev_value': None, 'change': True}
2025-11-04 01:19:44,911 : INFO : EventManager : Event: ======'machine_var_audits_switches_s_trough3'====== Args={'value': 1, 'prev_value': None, 'change': True}
2025-11-04 01:19:44,911 : INFO : EventManager : Event: ======'machine_var_audits_switches_s_trough4'====== Args={'value': 1, 'prev_value': None, 'change': True}
2025-11-04 01:19:44,911 : INFO : EventManager : Event: ======'machine_var_audits_switches_s_trough_jam'====== Args={'value': 8, 'prev_value': None, 'change': True}
2025-11-04 01:19:44,911 : INFO : EventManager : Event: ======'init_phase_5'====== Args={}
2025-11-04 01:19:44,911 : INFO : EventManager : Event: ======'init_done'====== Args={}
2025-11-04 01:19:44,912 : INFO : EventManager : Event: ======'machine_reset_phase_1'====== Args={}
2025-11-04 01:19:44,927 : INFO : EventManager : Event: ======'machine_reset_phase_2'====== Args={}
2025-11-04 01:19:44,928 : INFO : EventManager : Event: ======'machine_reset_phase_3'====== Args={}
2025-11-04 01:19:44,929 : INFO : EventManager : Event: ======'reset_complete'====== Args={}
2025-11-04 01:19:44,929 : INFO : EventManager : Event: ======'mode_attract_will_start'====== Args={}
2025-11-04 01:19:44,929 : INFO : Timer.attract_carousel_timer : Starting Timer.
2025-11-04 01:19:44,929 : INFO : EventManager : Event: ======'timer_attract_carousel_timer_started'====== Args={'ticks': 0, 'ticks_remaining': 1}
2025-11-04 01:19:44,929 : INFO : EventManager : Event: ======'timer_attract_carousel_timer_tick'====== Args={'ticks': 0, 'ticks_remaining': 1}
2025-11-04 01:19:44,929 : INFO : EventManager : Event: ======'mode_attract_starting'====== Args={}
2025-11-04 01:19:44,929 : INFO : Mode.attract : Started. Priority: 10
2025-11-04 01:19:44,929 : INFO : EventManager : Event: ======'modes_active_modes_changed'====== Args={}
2025-11-04 01:19:44,929 : INFO : EventManager : Event: ======'mode_attract_started'====== Args={}
2025-11-04 01:19:44,929 : INFO : EventManager : Event: ======'collecting_balls_complete'====== Args={}
2025-11-04 01:19:44,929 : INFO : EventManager : Event: ======'carousel_item_highlighted'====== Args={'carousel': 'attract', 'direction': None, 'item': 'title'}
2025-11-04 01:19:44,929 : INFO : Machine : Starting the main run loop with active modes: [<Mode.attract>]
2025-11-04 01:19:45,312 : INFO : EventManager : Event: ======'slide_attract_created'====== Args={'_from_bcp': True}
2025-11-04 01:19:45,312 : INFO : EventManager : Event: ======'slide__removed'====== Args={'_from_bcp': True}
2025-11-04 01:19:45,312 : INFO : EventManager : Event: ======'slide_attract_active'====== Args={'original_context': 'attract', 'original_calling_context': 'mode_attract_started', 'priority': 10.0, 'cmd': 'slides_play', '_from_bcp': True}
2025-11-04 01:19:45,680 : INFO : BcpServer : New client connected.
2025-11-04 01:19:47,443 : INFO : SwitchController : <<<<<<< 's_start' active >>>>>>>
2025-11-04 01:19:47,545 : INFO : SwitchController : <<<<<<< 's_start' inactive >>>>>>>
2025-11-04 01:19:47,545 : INFO : EventManager : Event: ======'request_to_start_game'====== Args={}
2025-11-04 01:19:47,546 : INFO : EventManager : Event: ======'game_start'====== Args={'buttons': [], 'hold_time': 0.10231549997115508}
2025-11-04 01:19:47,547 : INFO : EventManager : Event: ======'mode_game_will_start'====== Args={'buttons': [], 'hold_time': 0.10231549997115508}
2025-11-04 01:19:47,548 : INFO : EventManager : Event: ======'mode_game_starting'====== Args={'buttons': [], 'hold_time': 0.10231549997115508}
2025-11-04 01:19:47,549 : INFO : EventManager : Event: ======'mode_attract_will_stop'====== Args={}
2025-11-04 01:19:47,549 : INFO : EventManager : Event: ======'mode_attract_stopping'====== Args={}
2025-11-04 01:19:47,549 : INFO : Mode.attract : Stopped.
2025-11-04 01:19:47,550 : INFO : EventManager : Event: ======'modes_active_modes_changed'====== Args={}
2025-11-04 01:19:47,550 : INFO : EventManager : Event: ======'mode_attract_stopped'====== Args={}
2025-11-04 01:19:47,550 : INFO : EventManager : Event: ======'clear'====== Args={'key': 'attract'}
2025-11-04 01:19:47,551 : INFO : Timer.attract_carousel_timer : Stopping Timer
2025-11-04 01:19:47,551 : INFO : EventManager : Event: ======'timer_attract_carousel_timer_stopped'====== Args={'ticks': 0, 'ticks_remaining': 1}
2025-11-04 01:19:47,552 : INFO : Mode.game : Started. Priority: 20
2025-11-04 01:19:47,552 : INFO : EventManager : Event: ======'modes_active_modes_changed'====== Args={}
2025-11-04 01:19:47,552 : INFO : EventManager : Event: ======'mode_game_started'====== Args={'buttons': [], 'hold_time': 0.10231549997115508}
2025-11-04 01:19:47,553 : INFO : EventManager : Event: ======'game_will_start'====== Args={}
2025-11-04 01:19:47,554 : INFO : EventManager : Event: ======'game_starting'====== Args={'game': <Mode.game>}
2025-11-04 01:19:47,555 : INFO : EventManager : Unordered handler for class <Auditor> on event game_ended with priority 1. Handlers: [RegisteredHandler(callback=<bound method Auditor.disable of <Auditor>>, priority=1, kwargs={}, key=UUID('b31d86a9-7f98-49ce-8e68-6e7ac7577e32'), condition=None, blocking_facility=None), RegisteredHandler(callback=<bound method Auditor._save_audits of <Auditor>>, priority=1, kwargs={}, key=UUID('d0c6e668-88d1-4e92-ac85-0b0c256d000d'), condition=None, blocking_facility=None)]. The order of those handlers is not defined and they will be executed in random order. This might lead to race conditions and potential bugs.
2025-11-04 01:19:47,555 : INFO : EventManager : Event: ======'player_add_request'====== Args={}
2025-11-04 01:19:47,555 : INFO : EventManager : Event: ======'player_will_add'====== Args={'number': 1}
2025-11-04 01:19:47,555 : INFO : EventManager : Event: ======'player_adding'====== Args={'player': <Player 1>, 'number': 1}
2025-11-04 01:19:47,556 : INFO : EventManager : Event: ======'player_added'====== Args={'player': <Player 1>, 'num': 1}
2025-11-04 01:19:47,556 : INFO : Mode.game : Player added successfully. Total players: 1
2025-11-04 01:19:47,556 : INFO : EventManager : Event: ======'player_index'====== Args={'value': 0, 'prev_value': 0, 'change': 0, 'player_num': 1}
2025-11-04 01:19:47,557 : INFO : EventManager : Event: ======'player_number'====== Args={'value': 1, 'prev_value': 1, 'change': 0, 'player_num': 1}
2025-11-04 01:19:47,557 : INFO : EventManager : Event: ======'player_score'====== Args={'value': 0, 'prev_value': 0, 'change': 0, 'player_num': 1}
2025-11-04 01:19:47,558 : INFO : EventManager : Event: ======'game_started'====== Args={}
2025-11-04 01:19:47,558 : INFO : EventManager : Event: ======'player_turn_will_start'====== Args={'player': <Player 1>, 'number': 1}
2025-11-04 01:19:47,564 : INFO : EventManager : Event: ======'player_turn_starting'====== Args={'player': <Player 1>, 'number': 1}
2025-11-04 01:19:47,565 : INFO : EventManager : Event: ======'player_ball'====== Args={'value': 1, 'prev_value': 0, 'change': 1, 'player_num': 1}
2025-11-04 01:19:47,565 : INFO : EventManager : Event: ======'player_turn_started'====== Args={'player': <Player 1>, 'number': 1}
2025-11-04 01:19:47,565 : INFO : EventManager : Event: ======'ball_will_start'====== Args={'player': 1, 'ball': 1, 'balls_remaining': 2, 'is_extra_ball': False}
2025-11-04 01:19:47,566 : INFO : EventManager : Event: ======'ball_starting'====== Args={'player': 1, 'ball': 1, 'balls_remaining': 2, 'is_extra_ball': False}
2025-11-04 01:19:47,566 : INFO : EventManager : Event: ======'mode_base_will_start'====== Args={'queue': <QueuedEvent>, 'player': 1, 'ball': 1, 'balls_remaining': 2, 'is_extra_ball': False}
2025-11-04 01:19:47,566 : INFO : EventManager : Event: ======'player_base_player_added_timer_tick'====== Args={'value': 0, 'prev_value': 0, 'change': 0, 'player_num': 1}
2025-11-04 01:19:47,567 : INFO : Timer.player_added_timer : Starting Timer.
2025-11-04 01:19:47,567 : INFO : EventManager : Event: ======'timer_player_added_timer_started'====== Args={'ticks': 0, 'ticks_remaining': 1}
2025-11-04 01:19:47,567 : INFO : EventManager : Event: ======'timer_player_added_timer_tick'====== Args={'ticks': 0, 'ticks_remaining': 1}
2025-11-04 01:19:47,568 : INFO : EventManager : Event: ======'mode_base_starting'====== Args={'queue': <QueuedEvent>, 'player': 1, 'ball': 1, 'balls_remaining': 2, 'is_extra_ball': False}
2025-11-04 01:19:47,568 : INFO : Mode.base : Started. Priority: 100
2025-11-04 01:19:47,568 : INFO : EventManager : Event: ======'modes_active_modes_changed'====== Args={}
2025-11-04 01:19:47,568 : INFO : EventManager : Event: ======'mode_base_started'====== Args={'queue': <QueuedEvent>, 'player': 1, 'ball': 1, 'balls_remaining': 2, 'is_extra_ball': False}
2025-11-04 01:19:47,568 : INFO : EventManager : Event: ======'start_mode_bumpers'====== Args={'priority': 0}
2025-11-04 01:19:47,569 : INFO : EventManager : Event: ======'mode_bumpers_will_start'====== Args={'priority': 0}
2025-11-04 01:19:47,569 : INFO : EventManager : Event: ======'player_shot_bumper1_enabled'====== Args={'value': True, 'prev_value': 0, 'change': 1, 'player_num': 1}
2025-11-04 01:19:47,569 : INFO : EventManager : Event: ======'player_shot_bumper2_enabled'====== Args={'value': True, 'prev_value': 0, 'change': 1, 'player_num': 1}
2025-11-04 01:19:47,570 : INFO : EventManager : Event: ======'player_shot_bumper3_enabled'====== Args={'value': True, 'prev_value': 0, 'change': 1, 'player_num': 1}
2025-11-04 01:19:47,570 : INFO : EventManager : Event: ======'bumpers_complete'====== Args={'state': 'unlit'}
2025-11-04 01:19:47,570 : INFO : EventManager : Event: ======'bumpers_unlit_complete'====== Args={}
2025-11-04 01:19:47,571 : INFO : EventManager : Event: ======'mode_bumpers_starting'====== Args={'priority': 0}
2025-11-04 01:19:47,571 : INFO : Mode.bumpers : Started. Priority: 200
2025-11-04 01:19:47,571 : INFO : EventManager : Event: ======'modes_active_modes_changed'====== Args={}
2025-11-04 01:19:47,571 : INFO : EventManager : Event: ======'mode_bumpers_started'====== Args={'priority': 0}
2025-11-04 01:19:47,571 : INFO : EventManager : Event: ======'balls_in_play'====== Args={'balls': 1}
2025-11-04 01:19:47,571 : INFO : EventManager : Event: ======'ball_started'====== Args={'player': 1, 'ball': 1, 'balls_remaining': 2, 'is_extra_ball': False}
2025-11-04 01:19:47,572 : INFO : EventManager : Event: ======'single_player_ball_started'====== Args={}
2025-11-04 01:19:47,572 : INFO : EventManager : Event: ======'ball_start_target'====== Args={'target': 'playfield'}
2025-11-04 01:19:47,572 : INFO : ball_device.bd_trough : Setting up player-controlled eject. Balls: 1, Target: <playfield.playfield>, player_controlled_eject_event: None
2025-11-04 01:19:47,572 : INFO : ball_device.bd_trough : Adding 1 ball(s) to the eject_queue with target <playfield.playfield>.
2025-11-04 01:19:47,573 : INFO : EventManager : Event: ======'balldevice_balls_available'====== Args={}
2025-11-04 01:19:47,573 : INFO : ball_device.bd_trough : State: waiting_for_target_ready
2025-11-04 01:19:47,574 : INFO : EventManager : Event: ======'balldevice_bd_trough_ball_eject_attempt'====== Args={'balls': 1, 'target': <ball_device.bd_plunger>, 'source': <ball_device.bd_trough>, 'mechanical_eject': False, 'num_attempts': 0}
2025-11-04 01:19:47,574 : INFO : ball_device.bd_plunger : State: waiting_for_ball
2025-11-04 01:19:47,574 : INFO : ball_device.bd_trough : State: ejecting
2025-11-04 01:19:47,575 : INFO : ball_device.bd_trough : Ejecting ball to <ball_device.bd_plunger>
2025-11-04 01:19:47,575 : INFO : EventManager : Event: ======'balldevice_bd_trough_ejecting_ball'====== Args={'balls': 1, 'target': <ball_device.bd_plunger>, 'source': <ball_device.bd_trough>, 'mechanical_eject': False, 'num_attempts': 0}
2025-11-04 01:19:47,575 : INFO : ball_device.bd_trough : Wait for ball to leave device
2025-11-04 01:19:47,575 : INFO : coil.c_trough_eject : Pulsing Driver for 20ms (1.0 pulse_power)
2025-11-04 01:19:47,575 : INFO : SwitchController : <<<<<<< 's_trough1' inactive >>>>>>>
2025-11-04 01:19:47,576 : INFO : ball_device.bd_trough : State: ball_left
2025-11-04 01:19:47,576 : INFO : ball_device.bd_trough : Ball left
2025-11-04 01:19:47,576 : INFO : ball_device.bd_trough : Wait for confirm with timeout 3.0
2025-11-04 01:19:47,677 : INFO : SwitchController : <<<<<<< 's_plunger_lane' active >>>>>>>
2025-11-04 01:19:47,677 : INFO : EventManager : Event: ======'machine_var_audits_switches_s_plunger_lane'====== Args={'value': 705, 'prev_value': 704, 'change': 1}
2025-11-04 01:19:47,730 : INFO : EventManager : Event: ======'slide_base_slide_created'====== Args={'_from_bcp': True}
2025-11-04 01:19:47,731 : INFO : EventManager : Event: ======'slide_attract_inactive'====== Args={'is_removing': True, '_from_bcp': True}
2025-11-04 01:19:47,731 : INFO : EventManager : Event: ======'slide_base_slide_active'====== Args={'original_context': 'base', 'original_calling_context': 'mode_base_started', 'priority': 100.0, 'queue': '<QueuedEvent>', 'player': 1.0, 'ball': 1.0, 'balls_remaining': 2.0, 'is_extra_ball': False, 'cmd': 'slides_play', '_from_bcp': True}
2025-11-04 01:19:47,732 : INFO : EventManager : Event: ======'slide_attract_removed'====== Args={'_from_bcp': True}
2025-11-04 01:19:48,178 : INFO : ball_device.bd_plunger : Received ball from <ball_device.bd_trough>
2025-11-04 01:19:48,178 : INFO : EventManager : Event: ======'balldevice_bd_plunger_ball_enter'====== Args={'new_balls': 1, 'unclaimed_balls': 0, 'new_available_balls': 0, 'device': <ball_device.bd_plunger>}
2025-11-04 01:19:48,180 : INFO : EventManager : Event: ======'balldevice_bd_plunger_ball_entered'====== Args={'new_balls': 0, 'device': <ball_device.bd_plunger>}
2025-11-04 01:19:48,180 : INFO : EventManager : Event: ======'balldevice_bd_plunger_ball_count_changed'====== Args={'balls': 1}
2025-11-04 01:19:48,181 : INFO : ball_device.bd_trough : Got eject confirm
2025-11-04 01:19:48,181 : INFO : ball_device.bd_trough : Eject successful
2025-11-04 01:19:48,181 : INFO : EventManager : Event: ======'balldevice_bd_trough_ball_eject_success'====== Args={'balls': 1, 'target': <ball_device.bd_plunger>}
2025-11-04 01:19:48,181 : INFO : EventManager : Event: ======'balldevice_bd_trough_ball_count_changed'====== Args={'balls': 3}
2025-11-04 01:19:48,182 : INFO : ball_device.bd_trough : State: idle
2025-11-04 01:19:48,182 : INFO : ball_device.bd_plunger : State: waiting_for_target_ready
2025-11-04 01:19:48,182 : INFO : EventManager : Event: ======'balldevice_bd_plunger_ball_eject_attempt'====== Args={'balls': 1, 'target': <playfield.playfield>, 'source': <ball_device.bd_plunger>, 'mechanical_eject': False, 'num_attempts': 0}
2025-11-04 01:19:48,183 : INFO : ball_device.bd_plunger : State: ejecting
2025-11-04 01:19:48,183 : INFO : ball_device.bd_plunger : Ejecting ball to <playfield.playfield>
2025-11-04 01:19:48,183 : INFO : EventManager : Event: ======'balldevice_bd_plunger_ejecting_ball'====== Args={'balls': 1, 'target': <playfield.playfield>, 'source': <ball_device.bd_plunger>, 'mechanical_eject': False, 'num_attempts': 0}
2025-11-04 01:19:48,184 : INFO : ball_device.bd_plunger : Wait for ball to leave device
2025-11-04 01:19:48,184 : INFO : coil.c_plunger : Pulsing Driver for 20ms (1.0 pulse_power)
2025-11-04 01:19:48,184 : INFO : SwitchController : <<<<<<< 's_plunger_lane' inactive >>>>>>>
2025-11-04 01:19:48,185 : INFO : ball_device.bd_plunger : State: ball_left
2025-11-04 01:19:48,185 : INFO : ball_device.bd_plunger : Ball left
2025-11-04 01:19:48,186 : INFO : ball_device.bd_plunger : Wait for confirm with timeout 3.0
2025-11-04 01:19:48,268 : INFO : EventManager : Event: ======'player_base_player_added_timer_tick'====== Args={'value': 1, 'prev_value': 0, 'change': 1, 'player_num': 1}
2025-11-04 01:19:48,268 : INFO : Timer.player_added_timer : Timer Complete
2025-11-04 01:19:48,268 : INFO : Timer.player_added_timer : Stopping Timer
2025-11-04 01:19:48,268 : INFO : EventManager : Event: ======'timer_player_added_timer_stopped'====== Args={'ticks': 1, 'ticks_remaining': 1}
2025-11-04 01:19:48,269 : INFO : EventManager : Event: ======'timer_player_added_timer_complete'====== Args={'ticks': 1, 'ticks_remaining': 1}
2025-11-04 01:19:49,359 : INFO : SwitchController : <<<<<<< 's_scoop' active >>>>>>>
2025-11-04 01:19:49,360 : INFO : EventManager : Event: ======'s_scoop_active'====== Args={}
2025-11-04 01:19:49,360 : INFO : EventManager : Event: ======'machine_var_audits_switches_s_scoop'====== Args={'value': 324, 'prev_value': 323, 'change': 1}
2025-11-04 01:19:49,361 : INFO : EventManager : Event: ======'start_mode_selectmission'====== Args={'priority': 0}
2025-11-04 01:19:49,361 : INFO : EventManager : Event: ======'mode_selectmission_will_start'====== Args={'priority': 0}
2025-11-04 01:19:49,362 : INFO : EventManager : Event: ======'mode_selectmission_starting'====== Args={'priority': 0}
2025-11-04 01:19:49,363 : INFO : Mode.selectmission : Started. Priority: 200
2025-11-04 01:19:49,363 : INFO : EventManager : Event: ======'modes_active_modes_changed'====== Args={}
2025-11-04 01:19:49,363 : INFO : EventManager : Event: ======'mode_selectmission_started'====== Args={'priority': 0}
2025-11-04 01:19:49,364 : INFO : EventManager : Event: ======'carousel_item_highlighted'====== Args={'carousel': 'selectmission', 'direction': None, 'item': 'mission1'}
2025-11-04 01:19:49,379 : INFO : EventManager : Event: ======'widget_selectmission_widget_active'====== Args={'original_context': 'selectmission', 'original_calling_context': 'mode_selectmission_started', 'priority': 200.0, 'cmd': 'widgets_play', '_from_bcp': True}
2025-11-04 01:19:49,441 : INFO : SwitchController : <<<<<<< 's_scoop' inactive >>>>>>>
2025-11-04 01:19:51,187 : INFO : ball_device.bd_plunger : State: failed_confirm
2025-11-04 01:19:51,188 : INFO : ball_device.bd_plunger : Got timeout (3.0s) before confirm from <playfield.playfield>
2025-11-04 01:19:51,289 : INFO : ball_device.bd_plunger : Confirming eject because target is playfield and ball did not return.
2025-11-04 01:19:51,289 : INFO : ball_device.bd_plunger : Eject successful
2025-11-04 01:19:51,290 : INFO : EventManager : Event: ======'balldevice_bd_plunger_ball_eject_success'====== Args={'balls': 1, 'target': <playfield.playfield>}
2025-11-04 01:19:51,291 : INFO : EventManager : Event: ======'balldevice_playfield_ball_enter'====== Args={'new_balls': 1, 'unclaimed_balls': 1, 'device': <playfield.playfield>}
2025-11-04 01:19:51,291 : INFO : EventManager : Event: ======'playfield_ball_count_change'====== Args={'balls': 1, 'change': 1}
2025-11-04 01:19:51,292 : INFO : EventManager : Event: ======'balldevice_bd_plunger_ball_count_changed'====== Args={'balls': 0}
2025-11-04 01:19:51,293 : INFO : ball_device.bd_plunger : State: idle
2025-11-04 01:19:55,242 : INFO : SwitchController : <<<<<<< 's_left_flipper' active >>>>>>>
2025-11-04 01:19:55,243 : INFO : EventManager : Event: ======'s_left_flipper_active'====== Args={}
2025-11-04 01:19:55,244 : INFO : EventManager : Event: ======'machine_var_audits_switches_s_left_flipper'====== Args={'value': 265, 'prev_value': 264, 'change': 1}
2025-11-04 01:19:55,245 : INFO : EventManager : Event: ======'carousel_item_highlighted'====== Args={'carousel': 'selectmission', 'direction': 'backwards', 'item': 'mission4'}
2025-11-04 01:19:55,260 : INFO : SwitchController : <<<<<<< 's_right_flipper' active >>>>>>>
2025-11-04 01:19:55,260 : INFO : EventManager : Event: ======'s_right_flipper_active'====== Args={}
2025-11-04 01:19:55,260 : INFO : EventManager : Event: ======'flipper_cancel'====== Args={'triggering_group': 2, 'triggering_switch': 's_right_flipper'}
2025-11-04 01:19:55,261 : INFO : EventManager : Event: ======'machine_var_audits_switches_s_right_flipper'====== Args={'value': 456, 'prev_value': 455, 'change': 1}
2025-11-04 01:19:55,261 : INFO : EventManager : Event: ======'carousel_item_highlighted'====== Args={'carousel': 'selectmission', 'direction': 'forwards', 'item': 'mission1'}
2025-11-04 01:19:55,526 : INFO : SwitchController : <<<<<<< 's_right_flipper' inactive >>>>>>>
2025-11-04 01:19:55,526 : INFO : EventManager : Event: ======'both_flippers_one'====== Args={'triggering_group': 2, 'triggering_switch': 's_right_flipper'}
2025-11-04 01:19:55,543 : INFO : SwitchController : <<<<<<< 's_left_flipper' inactive >>>>>>>
2025-11-04 01:19:55,543 : INFO : EventManager : Event: ======'both_flippers_inactive'====== Args={'triggering_group': 1, 'triggering_switch': 's_left_flipper'}
2025-11-04 01:20:06,426 : INFO : SwitchController : <<<<<<< 's_right_flipper' active >>>>>>>
2025-11-04 01:20:06,426 : INFO : EventManager : Event: ======'s_right_flipper_active'====== Args={}
2025-11-04 01:20:06,427 : INFO : EventManager : Event: ======'machine_var_audits_switches_s_right_flipper'====== Args={'value': 457, 'prev_value': 456, 'change': 1}
2025-11-04 01:20:06,428 : INFO : EventManager : Event: ======'carousel_item_highlighted'====== Args={'carousel': 'selectmission', 'direction': 'forwards', 'item': 'mission2'}
2025-11-04 01:20:06,459 : INFO : SwitchController : <<<<<<< 's_left_flipper' active >>>>>>>
2025-11-04 01:20:06,459 : INFO : EventManager : Event: ======'s_left_flipper_active'====== Args={}
2025-11-04 01:20:06,460 : INFO : EventManager : Event: ======'flipper_cancel'====== Args={'triggering_group': 1, 'triggering_switch': 's_left_flipper'}
2025-11-04 01:20:06,460 : INFO : EventManager : Event: ======'machine_var_audits_switches_s_left_flipper'====== Args={'value': 266, 'prev_value': 265, 'change': 1}
2025-11-04 01:20:06,461 : INFO : EventManager : Event: ======'carousel_item_highlighted'====== Args={'carousel': 'selectmission', 'direction': 'backwards', 'item': 'mission1'}
2025-11-04 01:20:06,743 : INFO : SwitchController : <<<<<<< 's_left_flipper' inactive >>>>>>>
2025-11-04 01:20:06,743 : INFO : EventManager : Event: ======'both_flippers_one'====== Args={'triggering_group': 1, 'triggering_switch': 's_left_flipper'}
2025-11-04 01:20:06,744 : INFO : SwitchController : <<<<<<< 's_right_flipper' inactive >>>>>>>
2025-11-04 01:20:06,744 : INFO : EventManager : Event: ======'both_flippers_inactive'====== Args={'triggering_group': 2, 'triggering_switch': 's_right_flipper'}
2025-11-04 01:20:13,776 : INFO : SwitchController : <<<<<<< 's_right_flipper' active >>>>>>>
2025-11-04 01:20:13,776 : INFO : EventManager : Event: ======'s_right_flipper_active'====== Args={}
2025-11-04 01:20:13,777 : INFO : EventManager : Event: ======'machine_var_audits_switches_s_right_flipper'====== Args={'value': 458, 'prev_value': 457, 'change': 1}
2025-11-04 01:20:13,778 : INFO : EventManager : Event: ======'carousel_item_highlighted'====== Args={'carousel': 'selectmission', 'direction': 'forwards', 'item': 'mission2'}
2025-11-04 01:20:13,792 : INFO : SwitchController : <<<<<<< 's_left_flipper' active >>>>>>>
2025-11-04 01:20:13,793 : INFO : EventManager : Event: ======'s_left_flipper_active'====== Args={}
2025-11-04 01:20:13,794 : INFO : EventManager : Event: ======'flipper_cancel'====== Args={'triggering_group': 1, 'triggering_switch': 's_left_flipper'}
2025-11-04 01:20:13,794 : INFO : EventManager : Event: ======'machine_var_audits_switches_s_left_flipper'====== Args={'value': 267, 'prev_value': 266, 'change': 1}
2025-11-04 01:20:13,795 : INFO : EventManager : Event: ======'carousel_item_highlighted'====== Args={'carousel': 'selectmission', 'direction': 'backwards', 'item': 'mission1'}
2025-11-04 01:20:16,775 : INFO : EventManager : Event: ======'flipper_cradle'====== Args={}
2025-11-04 01:20:24,426 : INFO : SwitchController : <<<<<<< 's_right_flipper' inactive >>>>>>>
2025-11-04 01:20:24,426 : INFO : EventManager : Event: ======'both_flippers_one'====== Args={'triggering_group': 2, 'triggering_switch': 's_right_flipper'}
2025-11-04 01:20:24,442 : INFO : SwitchController : <<<<<<< 's_left_flipper' inactive >>>>>>>
2025-11-04 01:20:24,442 : INFO : EventManager : Event: ======'both_flippers_inactive'====== Args={'triggering_group': 1, 'triggering_switch': 's_left_flipper'}
2025-11-04 01:20:24,443 : INFO : EventManager : Event: ======'flipper_cradle_release'====== Args={}
2025-11-04 01:20:25,543 : INFO : SwitchController : <<<<<<< 's_left_flipper' active >>>>>>>
2025-11-04 01:20:25,543 : INFO : EventManager : Event: ======'s_left_flipper_active'====== Args={}
2025-11-04 01:20:25,544 : INFO : EventManager : Event: ======'machine_var_audits_switches_s_left_flipper'====== Args={'value': 268, 'prev_value': 267, 'change': 1}
2025-11-04 01:20:25,545 : INFO : EventManager : Event: ======'carousel_item_highlighted'====== Args={'carousel': 'selectmission', 'direction': 'backwards', 'item': 'mission4'}
2025-11-04 01:20:25,552 : INFO : SwitchController : <<<<<<< 's_right_flipper' active >>>>>>>
2025-11-04 01:20:25,552 : INFO : EventManager : Event: ======'s_right_flipper_active'====== Args={}
2025-11-04 01:20:25,554 : INFO : EventManager : Event: ======'flipper_cancel'====== Args={'triggering_group': 2, 'triggering_switch': 's_right_flipper'}
2025-11-04 01:20:25,554 : INFO : EventManager : Event: ======'machine_var_audits_switches_s_right_flipper'====== Args={'value': 459, 'prev_value': 458, 'change': 1}
2025-11-04 01:20:25,555 : INFO : EventManager : Event: ======'carousel_item_highlighted'====== Args={'carousel': 'selectmission', 'direction': 'forwards', 'item': 'mission1'}
2025-11-04 01:20:27,142 : INFO : SwitchController : <<<<<<< 's_left_flipper' inactive >>>>>>>
2025-11-04 01:20:27,143 : INFO : EventManager : Event: ======'both_flippers_one'====== Args={'triggering_group': 1, 'triggering_switch': 's_left_flipper'}
2025-11-04 01:20:27,144 : INFO : SwitchController : <<<<<<< 's_right_flipper' inactive >>>>>>>
2025-11-04 01:20:27,144 : INFO : EventManager : Event: ======'both_flippers_inactive'====== Args={'triggering_group': 2, 'triggering_switch': 's_right_flipper'}
2025-11-04 01:20:28,342 : INFO : SwitchController : <<<<<<< 's_right_flipper' active >>>>>>>
2025-11-04 01:20:28,343 : INFO : EventManager : Event: ======'s_right_flipper_active'====== Args={}
2025-11-04 01:20:28,343 : INFO : EventManager : Event: ======'machine_var_audits_switches_s_right_flipper'====== Args={'value': 460, 'prev_value': 459, 'change': 1}
2025-11-04 01:20:28,344 : INFO : EventManager : Event: ======'carousel_item_highlighted'====== Args={'carousel': 'selectmission', 'direction': 'forwards', 'item': 'mission2'}
2025-11-04 01:20:28,375 : INFO : SwitchController : <<<<<<< 's_left_flipper' active >>>>>>>
2025-11-04 01:20:28,376 : INFO : EventManager : Event: ======'s_left_flipper_active'====== Args={}
2025-11-04 01:20:28,376 : INFO : EventManager : Event: ======'flipper_cancel'====== Args={'triggering_group': 1, 'triggering_switch': 's_left_flipper'}
2025-11-04 01:20:28,376 : INFO : EventManager : Event: ======'machine_var_audits_switches_s_left_flipper'====== Args={'value': 269, 'prev_value': 268, 'change': 1}
2025-11-04 01:20:28,376 : INFO : EventManager : Event: ======'carousel_item_highlighted'====== Args={'carousel': 'selectmission', 'direction': 'backwards', 'item': 'mission1'}
2025-11-04 01:20:31,092 : INFO : SwitchController : <<<<<<< 's_right_flipper' inactive >>>>>>>
2025-11-04 01:20:31,093 : INFO : EventManager : Event: ======'both_flippers_one'====== Args={'triggering_group': 2, 'triggering_switch': 's_right_flipper'}
2025-11-04 01:20:31,112 : INFO : SwitchController : <<<<<<< 's_left_flipper' inactive >>>>>>>
2025-11-04 01:20:31,112 : INFO : EventManager : Event: ======'both_flippers_inactive'====== Args={'triggering_group': 1, 'triggering_switch': 's_left_flipper'}
2025-11-04 01:20:31,876 : INFO : SwitchController : <<<<<<< 's_left_flipper' active >>>>>>>
2025-11-04 01:20:31,876 : INFO : EventManager : Event: ======'s_left_flipper_active'====== Args={}
2025-11-04 01:20:31,877 : INFO : EventManager : Event: ======'machine_var_audits_switches_s_left_flipper'====== Args={'value': 270, 'prev_value': 269, 'change': 1}
2025-11-04 01:20:31,878 : INFO : EventManager : Event: ======'carousel_item_highlighted'====== Args={'carousel': 'selectmission', 'direction': 'backwards', 'item': 'mission4'}
2025-11-04 01:20:31,992 : INFO : SwitchController : <<<<<<< 's_right_flipper' active >>>>>>>
2025-11-04 01:20:31,992 : INFO : EventManager : Event: ======'s_right_flipper_active'====== Args={}
2025-11-04 01:20:31,992 : INFO : EventManager : Event: ======'flipper_cancel'====== Args={'triggering_group': 2, 'triggering_switch': 's_right_flipper'}
2025-11-04 01:20:31,992 : INFO : EventManager : Event: ======'machine_var_audits_switches_s_right_flipper'====== Args={'value': 461, 'prev_value': 460, 'change': 1}
2025-11-04 01:20:31,993 : INFO : EventManager : Event: ======'carousel_item_highlighted'====== Args={'carousel': 'selectmission', 'direction': 'forwards', 'item': 'mission1'}
2025-11-04 01:20:33,543 : INFO : SwitchController : <<<<<<< 's_right_flipper' inactive >>>>>>>
2025-11-04 01:20:33,543 : INFO : EventManager : Event: ======'both_flippers_one'====== Args={'triggering_group': 2, 'triggering_switch': 's_right_flipper'}
2025-11-04 01:20:33,559 : INFO : SwitchController : <<<<<<< 's_left_flipper' inactive >>>>>>>
2025-11-04 01:20:33,559 : INFO : EventManager : Event: ======'both_flippers_inactive'====== Args={'triggering_group': 1, 'triggering_switch': 's_left_flipper'}
2025-11-04 01:20:33,943 : INFO : SwitchController : <<<<<<< 's_left_flipper' active >>>>>>>
2025-11-04 01:20:33,943 : INFO : EventManager : Event: ======'s_left_flipper_active'====== Args={}
2025-11-04 01:20:33,944 : INFO : EventManager : Event: ======'machine_var_audits_switches_s_left_flipper'====== Args={'value': 271, 'prev_value': 270, 'change': 1}
2025-11-04 01:20:33,945 : INFO : EventManager : Event: ======'carousel_item_highlighted'====== Args={'carousel': 'selectmission', 'direction': 'backwards', 'item': 'mission4'}
2025-11-04 01:20:33,952 : INFO : SwitchController : <<<<<<< 's_right_flipper' active >>>>>>>
2025-11-04 01:20:33,952 : INFO : EventManager : Event: ======'s_right_flipper_active'====== Args={}
2025-11-04 01:20:33,952 : INFO : EventManager : Event: ======'flipper_cancel'====== Args={'triggering_group': 2, 'triggering_switch': 's_right_flipper'}
2025-11-04 01:20:33,953 : INFO : EventManager : Event: ======'machine_var_audits_switches_s_right_flipper'====== Args={'value': 462, 'prev_value': 461, 'change': 1}
2025-11-04 01:20:33,953 : INFO : EventManager : Event: ======'carousel_item_highlighted'====== Args={'carousel': 'selectmission', 'direction': 'forwards', 'item': 'mission1'}
2025-11-04 01:20:35,576 : INFO : SwitchController : <<<<<<< 's_right_flipper' inactive >>>>>>>
2025-11-04 01:20:35,576 : INFO : EventManager : Event: ======'both_flippers_one'====== Args={'triggering_group': 2, 'triggering_switch': 's_right_flipper'}
2025-11-04 01:20:35,578 : INFO : SwitchController : <<<<<<< 's_left_flipper' inactive >>>>>>>
2025-11-04 01:20:35,578 : INFO : EventManager : Event: ======'both_flippers_inactive'====== Args={'triggering_group': 1, 'triggering_switch': 's_left_flipper'}
2025-11-04 01:20:35,826 : INFO : SwitchController : <<<<<<< 's_left_flipper' active >>>>>>>
2025-11-04 01:20:35,826 : INFO : EventManager : Event: ======'s_left_flipper_active'====== Args={}
2025-11-04 01:20:35,827 : INFO : EventManager : Event: ======'machine_var_audits_switches_s_left_flipper'====== Args={'value': 272, 'prev_value': 271, 'change': 1}
2025-11-04 01:20:35,828 : INFO : EventManager : Event: ======'carousel_item_highlighted'====== Args={'carousel': 'selectmission', 'direction': 'backwards', 'item': 'mission4'}
2025-11-04 01:20:35,842 : INFO : SwitchController : <<<<<<< 's_right_flipper' active >>>>>>>
2025-11-04 01:20:35,842 : INFO : EventManager : Event: ======'s_right_flipper_active'====== Args={}
2025-11-04 01:20:35,843 : INFO : EventManager : Event: ======'flipper_cancel'====== Args={'triggering_group': 2, 'triggering_switch': 's_right_flipper'}
2025-11-04 01:20:35,843 : INFO : EventManager : Event: ======'machine_var_audits_switches_s_right_flipper'====== Args={'value': 463, 'prev_value': 462, 'change': 1}
2025-11-04 01:20:35,844 : INFO : EventManager : Event: ======'carousel_item_highlighted'====== Args={'carousel': 'selectmission', 'direction': 'forwards', 'item': 'mission1'}
2025-11-04 01:20:36,375 : INFO : SwitchController : <<<<<<< 's_left_flipper' inactive >>>>>>>
2025-11-04 01:20:36,376 : INFO : EventManager : Event: ======'both_flippers_one'====== Args={'triggering_group': 1, 'triggering_switch': 's_left_flipper'}
2025-11-04 01:20:36,392 : INFO : SwitchController : <<<<<<< 's_right_flipper' inactive >>>>>>>
2025-11-04 01:20:36,392 : INFO : EventManager : Event: ======'both_flippers_inactive'====== Args={'triggering_group': 2, 'triggering_switch': 's_right_flipper'}
2025-11-04 01:20:36,809 : INFO : SwitchController : <<<<<<< 's_right_flipper' active >>>>>>>
2025-11-04 01:20:36,809 : INFO : EventManager : Event: ======'s_right_flipper_active'====== Args={}
2025-11-04 01:20:36,810 : INFO : EventManager : Event: ======'machine_var_audits_switches_s_right_flipper'====== Args={'value': 464, 'prev_value': 463, 'change': 1}
2025-11-04 01:20:36,811 : INFO : EventManager : Event: ======'carousel_item_highlighted'====== Args={'carousel': 'selectmission', 'direction': 'forwards', 'item': 'mission2'}
2025-11-04 01:20:36,812 : INFO : SwitchController : <<<<<<< 's_left_flipper' active >>>>>>>
2025-11-04 01:20:36,812 : INFO : EventManager : Event: ======'s_left_flipper_active'====== Args={}
2025-11-04 01:20:36,812 : INFO : EventManager : Event: ======'flipper_cancel'====== Args={'triggering_group': 1, 'triggering_switch': 's_left_flipper'}
2025-11-04 01:20:36,812 : INFO : EventManager : Event: ======'machine_var_audits_switches_s_left_flipper'====== Args={'value': 273, 'prev_value': 272, 'change': 1}
2025-11-04 01:20:36,813 : INFO : EventManager : Event: ======'carousel_item_highlighted'====== Args={'carousel': 'selectmission', 'direction': 'backwards', 'item': 'mission1'}
2025-11-04 01:20:37,009 : INFO : SwitchController : <<<<<<< 's_left_flipper' inactive >>>>>>>
2025-11-04 01:20:37,009 : INFO : EventManager : Event: ======'both_flippers_one'====== Args={'triggering_group': 1, 'triggering_switch': 's_left_flipper'}
2025-11-04 01:20:37,142 : INFO : SwitchController : <<<<<<< 's_left_flipper' active >>>>>>>
2025-11-04 01:20:37,142 : INFO : EventManager : Event: ======'s_left_flipper_active'====== Args={}
2025-11-04 01:20:37,142 : INFO : EventManager : Event: ======'flipper_cancel'====== Args={'triggering_group': 1, 'triggering_switch': 's_left_flipper'}
2025-11-04 01:20:37,143 : INFO : EventManager : Event: ======'machine_var_audits_switches_s_left_flipper'====== Args={'value': 274, 'prev_value': 273, 'change': 1}
2025-11-04 01:20:37,143 : INFO : EventManager : Event: ======'carousel_item_highlighted'====== Args={'carousel': 'selectmission', 'direction': 'backwards', 'item': 'mission4'}
2025-11-04 01:20:37,409 : INFO : SwitchController : <<<<<<< 's_left_flipper' inactive >>>>>>>
2025-11-04 01:20:37,410 : INFO : EventManager : Event: ======'both_flippers_one'====== Args={'triggering_group': 1, 'triggering_switch': 's_left_flipper'}
2025-11-04 01:20:37,442 : INFO : SwitchController : <<<<<<< 's_right_flipper' inactive >>>>>>>
2025-11-04 01:20:37,442 : INFO : EventManager : Event: ======'both_flippers_inactive'====== Args={'triggering_group': 2, 'triggering_switch': 's_right_flipper'}
2025-11-04 01:20:38,009 : INFO : SwitchController : <<<<<<< 's_left_flipper' active >>>>>>>
2025-11-04 01:20:38,009 : INFO : EventManager : Event: ======'s_left_flipper_active'====== Args={}
2025-11-04 01:20:38,010 : INFO : EventManager : Event: ======'machine_var_audits_switches_s_left_flipper'====== Args={'value': 275, 'prev_value': 274, 'change': 1}
2025-11-04 01:20:38,011 : INFO : EventManager : Event: ======'carousel_item_highlighted'====== Args={'carousel': 'selectmission', 'direction': 'backwards', 'item': 'mission3'}
2025-11-04 01:20:38,011 : INFO : SwitchController : <<<<<<< 's_right_flipper' active >>>>>>>
2025-11-04 01:20:38,011 : INFO : EventManager : Event: ======'s_right_flipper_active'====== Args={}
2025-11-04 01:20:38,011 : INFO : EventManager : Event: ======'flipper_cancel'====== Args={'triggering_group': 2, 'triggering_switch': 's_right_flipper'}
2025-11-04 01:20:38,012 : INFO : EventManager : Event: ======'machine_var_audits_switches_s_right_flipper'====== Args={'value': 465, 'prev_value': 464, 'change': 1}
2025-11-04 01:20:38,012 : INFO : EventManager : Event: ======'carousel_item_highlighted'====== Args={'carousel': 'selectmission', 'direction': 'forwards', 'item': 'mission4'}
2025-11-04 01:20:41,010 : INFO : EventManager : Event: ======'flipper_cradle'====== Args={}
2025-11-04 01:20:41,809 : INFO : SwitchController : <<<<<<< 's_right_flipper' inactive >>>>>>>
2025-11-04 01:20:41,810 : INFO : EventManager : Event: ======'both_flippers_one'====== Args={'triggering_group': 2, 'triggering_switch': 's_right_flipper'}
2025-11-04 01:20:41,811 : INFO : SwitchController : <<<<<<< 's_left_flipper' inactive >>>>>>>
2025-11-04 01:20:41,811 : INFO : EventManager : Event: ======'both_flippers_inactive'====== Args={'triggering_group': 1, 'triggering_switch': 's_left_flipper'}
2025-11-04 01:20:41,811 : INFO : EventManager : Event: ======'flipper_cradle_release'====== Args={}
2025-11-04 01:20:43,542 : INFO : SwitchController : <<<<<<< 's_right_flipper' active >>>>>>>
2025-11-04 01:20:43,542 : INFO : EventManager : Event: ======'s_right_flipper_active'====== Args={}
2025-11-04 01:20:43,543 : INFO : EventManager : Event: ======'machine_var_audits_switches_s_right_flipper'====== Args={'value': 466, 'prev_value': 465, 'change': 1}
2025-11-04 01:20:43,544 : INFO : EventManager : Event: ======'carousel_item_highlighted'====== Args={'carousel': 'selectmission', 'direction': 'forwards', 'item': 'mission1'}
2025-11-04 01:20:43,545 : INFO : SwitchController : <<<<<<< 's_left_flipper' active >>>>>>>
2025-11-04 01:20:43,545 : INFO : EventManager : Event: ======'s_left_flipper_active'====== Args={}
2025-11-04 01:20:43,545 : INFO : EventManager : Event: ======'flipper_cancel'====== Args={'triggering_group': 1, 'triggering_switch': 's_left_flipper'}
2025-11-04 01:20:43,545 : INFO : EventManager : Event: ======'machine_var_audits_switches_s_left_flipper'====== Args={'value': 276, 'prev_value': 275, 'change': 1}
2025-11-04 01:20:43,553 : INFO : EventManager : Event: ======'carousel_item_highlighted'====== Args={'carousel': 'selectmission', 'direction': 'backwards', 'item': 'mission4'}
2025-11-04 01:20:45,809 : INFO : SwitchController : <<<<<<< 's_right_flipper' inactive >>>>>>>
2025-11-04 01:20:45,809 : INFO : EventManager : Event: ======'both_flippers_one'====== Args={'triggering_group': 2, 'triggering_switch': 's_right_flipper'}
2025-11-04 01:20:45,826 : INFO : SwitchController : <<<<<<< 's_left_flipper' inactive >>>>>>>
2025-11-04 01:20:45,826 : INFO : EventManager : Event: ======'both_flippers_inactive'====== Args={'triggering_group': 1, 'triggering_switch': 's_left_flipper'}
2025-11-04 01:20:49,359 : INFO : SwitchController : <<<<<<< 's_right_flipper' active >>>>>>>
2025-11-04 01:20:49,359 : INFO : EventManager : Event: ======'s_right_flipper_active'====== Args={}
2025-11-04 01:20:49,360 : INFO : EventManager : Event: ======'machine_var_audits_switches_s_right_flipper'====== Args={'value': 467, 'prev_value': 466, 'change': 1}
2025-11-04 01:20:49,361 : INFO : EventManager : Event: ======'carousel_item_highlighted'====== Args={'carousel': 'selectmission', 'direction': 'forwards', 'item': 'mission1'}
2025-11-04 01:20:49,475 : INFO : SwitchController : <<<<<<< 's_left_flipper' active >>>>>>>
2025-11-04 01:20:49,476 : INFO : EventManager : Event: ======'s_left_flipper_active'====== Args={}
2025-11-04 01:20:49,476 : INFO : EventManager : Event: ======'flipper_cancel'====== Args={'triggering_group': 1, 'triggering_switch': 's_left_flipper'}
2025-11-04 01:20:49,476 : INFO : EventManager : Event: ======'machine_var_audits_switches_s_left_flipper'====== Args={'value': 277, 'prev_value': 276, 'change': 1}
2025-11-04 01:20:49,476 : INFO : EventManager : Event: ======'carousel_item_highlighted'====== Args={'carousel': 'selectmission', 'direction': 'backwards', 'item': 'mission4'}
2025-11-04 01:20:51,959 : INFO : SwitchController : <<<<<<< 's_right_flipper' inactive >>>>>>>
2025-11-04 01:20:51,960 : INFO : EventManager : Event: ======'both_flippers_one'====== Args={'triggering_group': 2, 'triggering_switch': 's_right_flipper'}
2025-11-04 01:20:51,961 : INFO : SwitchController : <<<<<<< 's_left_flipper' inactive >>>>>>>
2025-11-04 01:20:51,961 : INFO : EventManager : Event: ======'both_flippers_inactive'====== Args={'triggering_group': 1, 'triggering_switch': 's_left_flipper'}
2025-11-04 01:20:57,309 : INFO : SwitchController : <<<<<<< 's_right_flipper' active >>>>>>>
2025-11-04 01:20:57,309 : INFO : EventManager : Event: ======'s_right_flipper_active'====== Args={}
2025-11-04 01:20:57,310 : INFO : EventManager : Event: ======'machine_var_audits_switches_s_right_flipper'====== Args={'value': 468, 'prev_value': 467, 'change': 1}
2025-11-04 01:20:57,311 : INFO : EventManager : Event: ======'carousel_item_highlighted'====== Args={'carousel': 'selectmission', 'direction': 'forwards', 'item': 'mission1'}
2025-11-04 01:20:57,312 : INFO : SwitchController : <<<<<<< 's_left_flipper' active >>>>>>>
2025-11-04 01:20:57,312 : INFO : EventManager : Event: ======'s_left_flipper_active'====== Args={}
2025-11-04 01:20:57,312 : INFO : EventManager : Event: ======'flipper_cancel'====== Args={'triggering_group': 1, 'triggering_switch': 's_left_flipper'}
2025-11-04 01:20:57,320 : INFO : EventManager : Event: ======'machine_var_audits_switches_s_left_flipper'====== Args={'value': 278, 'prev_value': 277, 'change': 1}
2025-11-04 01:20:57,321 : INFO : EventManager : Event: ======'carousel_item_highlighted'====== Args={'carousel': 'selectmission', 'direction': 'backwards', 'item': 'mission4'}
2025-11-04 01:20:57,559 : INFO : SwitchController : <<<<<<< 's_right_flipper' inactive >>>>>>>
2025-11-04 01:20:57,559 : INFO : EventManager : Event: ======'both_flippers_one'====== Args={'triggering_group': 2, 'triggering_switch': 's_right_flipper'}
2025-11-04 01:20:57,560 : INFO : SwitchController : <<<<<<< 's_left_flipper' inactive >>>>>>>
2025-11-04 01:20:57,560 : INFO : EventManager : Event: ======'both_flippers_inactive'====== Args={'triggering_group': 1, 'triggering_switch': 's_left_flipper'}
2025-11-04 01:20:58,692 : INFO : SwitchController : <<<<<<< 's_left_flipper' active >>>>>>>
2025-11-04 01:20:58,692 : INFO : EventManager : Event: ======'s_left_flipper_active'====== Args={}
2025-11-04 01:20:58,693 : INFO : EventManager : Event: ======'machine_var_audits_switches_s_left_flipper'====== Args={'value': 279, 'prev_value': 278, 'change': 1}
2025-11-04 01:20:58,693 : INFO : EventManager : Event: ======'carousel_item_highlighted'====== Args={'carousel': 'selectmission', 'direction': 'backwards', 'item': 'mission3'}
2025-11-04 01:20:58,709 : INFO : SwitchController : <<<<<<< 's_right_flipper' active >>>>>>>
2025-11-04 01:20:58,709 : INFO : EventManager : Event: ======'s_right_flipper_active'====== Args={}
2025-11-04 01:20:58,710 : INFO : EventManager : Event: ======'flipper_cancel'====== Args={'triggering_group': 2, 'triggering_switch': 's_right_flipper'}
2025-11-04 01:20:58,710 : INFO : EventManager : Event: ======'machine_var_audits_switches_s_right_flipper'====== Args={'value': 469, 'prev_value': 468, 'change': 1}
2025-11-04 01:20:58,711 : INFO : EventManager : Event: ======'carousel_item_highlighted'====== Args={'carousel': 'selectmission', 'direction': 'forwards', 'item': 'mission4'}
2025-11-04 01:20:58,942 : INFO : SwitchController : <<<<<<< 's_left_flipper' inactive >>>>>>>
2025-11-04 01:20:58,942 : INFO : EventManager : Event: ======'both_flippers_one'====== Args={'triggering_group': 1, 'triggering_switch': 's_left_flipper'}
2025-11-04 01:20:58,943 : INFO : SwitchController : <<<<<<< 's_right_flipper' inactive >>>>>>>
2025-11-04 01:20:58,943 : INFO : EventManager : Event: ======'both_flippers_inactive'====== Args={'triggering_group': 2, 'triggering_switch': 's_right_flipper'}
2025-11-04 01:20:59,609 : INFO : SwitchController : <<<<<<< 's_left_flipper' active >>>>>>>
2025-11-04 01:20:59,609 : INFO : EventManager : Event: ======'s_left_flipper_active'====== Args={}
2025-11-04 01:20:59,610 : INFO : EventManager : Event: ======'machine_var_audits_switches_s_left_flipper'====== Args={'value': 280, 'prev_value': 279, 'change': 1}
2025-11-04 01:20:59,611 : INFO : EventManager : Event: ======'carousel_item_highlighted'====== Args={'carousel': 'selectmission', 'direction': 'backwards', 'item': 'mission3'}
2025-11-04 01:20:59,612 : INFO : SwitchController : <<<<<<< 's_right_flipper' active >>>>>>>
2025-11-04 01:20:59,612 : INFO : EventManager : Event: ======'s_right_flipper_active'====== Args={}
2025-11-04 01:20:59,612 : INFO : EventManager : Event: ======'flipper_cancel'====== Args={'triggering_group': 2, 'triggering_switch': 's_right_flipper'}
2025-11-04 01:20:59,612 : INFO : EventManager : Event: ======'machine_var_audits_switches_s_right_flipper'====== Args={'value': 470, 'prev_value': 469, 'change': 1}
2025-11-04 01:20:59,613 : INFO : EventManager : Event: ======'carousel_item_highlighted'====== Args={'carousel': 'selectmission', 'direction': 'forwards', 'item': 'mission4'}
2025-11-04 01:20:59,825 : INFO : SwitchController : <<<<<<< 's_right_flipper' inactive >>>>>>>
2025-11-04 01:20:59,826 : INFO : EventManager : Event: ======'both_flippers_one'====== Args={'triggering_group': 2, 'triggering_switch': 's_right_flipper'}
2025-11-04 01:20:59,826 : INFO : SwitchController : <<<<<<< 's_left_flipper' inactive >>>>>>>
2025-11-04 01:20:59,826 : INFO : EventManager : Event: ======'both_flippers_inactive'====== Args={'triggering_group': 1, 'triggering_switch': 's_left_flipper'}
2025-11-04 01:21:00,476 : INFO : SwitchController : <<<<<<< 's_left_flipper' active >>>>>>>
2025-11-04 01:21:00,476 : INFO : EventManager : Event: ======'s_left_flipper_active'====== Args={}
2025-11-04 01:21:00,476 : INFO : EventManager : Event: ======'machine_var_audits_switches_s_left_flipper'====== Args={'value': 281, 'prev_value': 280, 'change': 1}
2025-11-04 01:21:00,477 : INFO : EventManager : Event: ======'carousel_item_highlighted'====== Args={'carousel': 'selectmission', 'direction': 'backwards', 'item': 'mission3'}
2025-11-04 01:21:00,478 : INFO : SwitchController : <<<<<<< 's_right_flipper' active >>>>>>>
2025-11-04 01:21:00,478 : INFO : EventManager : Event: ======'s_right_flipper_active'====== Args={}
2025-11-04 01:21:00,478 : INFO : EventManager : Event: ======'flipper_cancel'====== Args={'triggering_group': 2, 'triggering_switch': 's_right_flipper'}
2025-11-04 01:21:00,479 : INFO : EventManager : Event: ======'machine_var_audits_switches_s_right_flipper'====== Args={'value': 471, 'prev_value': 470, 'change': 1}
2025-11-04 01:21:00,480 : INFO : EventManager : Event: ======'carousel_item_highlighted'====== Args={'carousel': 'selectmission', 'direction': 'forwards', 'item': 'mission4'}
2025-11-04 01:21:00,659 : INFO : SwitchController : <<<<<<< 's_right_flipper' inactive >>>>>>>
2025-11-04 01:21:00,659 : INFO : EventManager : Event: ======'both_flippers_one'====== Args={'triggering_group': 2, 'triggering_switch': 's_right_flipper'}
2025-11-04 01:21:00,660 : INFO : SwitchController : <<<<<<< 's_left_flipper' inactive >>>>>>>
2025-11-04 01:21:00,660 : INFO : EventManager : Event: ======'both_flippers_inactive'====== Args={'triggering_group': 1, 'triggering_switch': 's_left_flipper'}
2025-11-04 01:21:01,526 : INFO : SwitchController : <<<<<<< 's_left_flipper' active >>>>>>>
2025-11-04 01:21:01,526 : INFO : EventManager : Event: ======'s_left_flipper_active'====== Args={}
2025-11-04 01:21:01,526 : INFO : EventManager : Event: ======'machine_var_audits_switches_s_left_flipper'====== Args={'value': 282, 'prev_value': 281, 'change': 1}
2025-11-04 01:21:01,527 : INFO : EventManager : Event: ======'carousel_item_highlighted'====== Args={'carousel': 'selectmission', 'direction': 'backwards', 'item': 'mission3'}
2025-11-04 01:21:01,542 : INFO : SwitchController : <<<<<<< 's_right_flipper' active >>>>>>>
2025-11-04 01:21:01,543 : INFO : EventManager : Event: ======'s_right_flipper_active'====== Args={}
2025-11-04 01:21:01,543 : INFO : EventManager : Event: ======'flipper_cancel'====== Args={'triggering_group': 2, 'triggering_switch': 's_right_flipper'}
2025-11-04 01:21:01,544 : INFO : EventManager : Event: ======'machine_var_audits_switches_s_right_flipper'====== Args={'value': 472, 'prev_value': 471, 'change': 1}
2025-11-04 01:21:01,544 : INFO : EventManager : Event: ======'carousel_item_highlighted'====== Args={'carousel': 'selectmission', 'direction': 'forwards', 'item': 'mission4'}
2025-11-04 01:21:01,742 : INFO : SwitchController : <<<<<<< 's_right_flipper' inactive >>>>>>>
2025-11-04 01:21:01,742 : INFO : EventManager : Event: ======'both_flippers_one'====== Args={'triggering_group': 2, 'triggering_switch': 's_right_flipper'}
2025-11-04 01:21:01,758 : INFO : SwitchController : <<<<<<< 's_left_flipper' inactive >>>>>>>
2025-11-04 01:21:01,758 : INFO : EventManager : Event: ======'both_flippers_inactive'====== Args={'triggering_group': 1, 'triggering_switch': 's_left_flipper'}
2025-11-04 01:21:03,709 : INFO : SwitchController : <<<<<<< 's_left_flipper' active >>>>>>>
2025-11-04 01:21:03,710 : INFO : EventManager : Event: ======'s_left_flipper_active'====== Args={}
2025-11-04 01:21:03,711 : INFO : EventManager : Event: ======'machine_var_audits_switches_s_left_flipper'====== Args={'value': 283, 'prev_value': 282, 'change': 1}
2025-11-04 01:21:03,712 : INFO : EventManager : Event: ======'carousel_item_highlighted'====== Args={'carousel': 'selectmission', 'direction': 'backwards', 'item': 'mission3'}
2025-11-04 01:21:03,713 : INFO : SwitchController : <<<<<<< 's_right_flipper' active >>>>>>>
2025-11-04 01:21:03,713 : INFO : EventManager : Event: ======'s_right_flipper_active'====== Args={}
2025-11-04 01:21:03,720 : INFO : EventManager : Event: ======'flipper_cancel'====== Args={'triggering_group': 2, 'triggering_switch': 's_right_flipper'}
2025-11-04 01:21:03,721 : INFO : EventManager : Event: ======'machine_var_audits_switches_s_right_flipper'====== Args={'value': 473, 'prev_value': 472, 'change': 1}
2025-11-04 01:21:03,721 : INFO : EventManager : Event: ======'carousel_item_highlighted'====== Args={'carousel': 'selectmission', 'direction': 'forwards', 'item': 'mission4'}
2025-11-04 01:21:03,858 : INFO : SwitchController : <<<<<<< 's_right_flipper' inactive >>>>>>>
2025-11-04 01:21:03,859 : INFO : EventManager : Event: ======'both_flippers_one'====== Args={'triggering_group': 2, 'triggering_switch': 's_right_flipper'}
2025-11-04 01:21:03,859 : INFO : SwitchController : <<<<<<< 's_left_flipper' inactive >>>>>>>
2025-11-04 01:21:03,859 : INFO : EventManager : Event: ======'both_flippers_inactive'====== Args={'triggering_group': 1, 'triggering_switch': 's_left_flipper'}
2025-11-04 01:21:05,109 : INFO : SwitchController : <<<<<<< 's_right_flipper' active >>>>>>>
2025-11-04 01:21:05,109 : INFO : EventManager : Event: ======'s_right_flipper_active'====== Args={}
2025-11-04 01:21:05,110 : INFO : EventManager : Event: ======'machine_var_audits_switches_s_right_flipper'====== Args={'value': 474, 'prev_value': 473, 'change': 1}
2025-11-04 01:21:05,111 : INFO : EventManager : Event: ======'carousel_item_highlighted'====== Args={'carousel': 'selectmission', 'direction': 'forwards', 'item': 'mission1'}
2025-11-04 01:21:05,126 : INFO : SwitchController : <<<<<<< 's_left_flipper' active >>>>>>>
2025-11-04 01:21:05,127 : INFO : EventManager : Event: ======'s_left_flipper_active'====== Args={}
2025-11-04 01:21:05,127 : INFO : EventManager : Event: ======'flipper_cancel'====== Args={'triggering_group': 1, 'triggering_switch': 's_left_flipper'}
2025-11-04 01:21:05,128 : INFO : EventManager : Event: ======'machine_var_audits_switches_s_left_flipper'====== Args={'value': 284, 'prev_value': 283, 'change': 1}
2025-11-04 01:21:05,129 : INFO : EventManager : Event: ======'carousel_item_highlighted'====== Args={'carousel': 'selectmission', 'direction': 'backwards', 'item': 'mission4'}
2025-11-04 01:21:05,242 : INFO : SwitchController : <<<<<<< 's_left_flipper' inactive >>>>>>>
2025-11-04 01:21:05,242 : INFO : EventManager : Event: ======'both_flippers_one'====== Args={'triggering_group': 1, 'triggering_switch': 's_left_flipper'}
2025-11-04 01:21:05,258 : INFO : SwitchController : <<<<<<< 's_right_flipper' inactive >>>>>>>
2025-11-04 01:21:05,258 : INFO : EventManager : Event: ======'both_flippers_inactive'====== Args={'triggering_group': 2, 'triggering_switch': 's_right_flipper'}
2025-11-04 01:21:05,826 : INFO : SwitchController : <<<<<<< 's_left_flipper' active >>>>>>>
2025-11-04 01:21:05,826 : INFO : EventManager : Event: ======'s_left_flipper_active'====== Args={}
2025-11-04 01:21:05,827 : INFO : EventManager : Event: ======'machine_var_audits_switches_s_left_flipper'====== Args={'value': 285, 'prev_value': 284, 'change': 1}
2025-11-04 01:21:05,828 : INFO : EventManager : Event: ======'carousel_item_highlighted'====== Args={'carousel': 'selectmission', 'direction': 'backwards', 'item': 'mission3'}
2025-11-04 01:21:05,859 : INFO : SwitchController : <<<<<<< 's_right_flipper' active >>>>>>>
2025-11-04 01:21:05,859 : INFO : EventManager : Event: ======'s_right_flipper_active'====== Args={}
2025-11-04 01:21:05,859 : INFO : EventManager : Event: ======'flipper_cancel'====== Args={'triggering_group': 2, 'triggering_switch': 's_right_flipper'}
2025-11-04 01:21:05,859 : INFO : EventManager : Event: ======'machine_var_audits_switches_s_right_flipper'====== Args={'value': 475, 'prev_value': 474, 'change': 1}
2025-11-04 01:21:05,860 : INFO : EventManager : Event: ======'carousel_item_highlighted'====== Args={'carousel': 'selectmission', 'direction': 'forwards', 'item': 'mission4'}
2025-11-04 01:21:05,992 : INFO : SwitchController : <<<<<<< 's_left_flipper' inactive >>>>>>>
2025-11-04 01:21:05,992 : INFO : EventManager : Event: ======'both_flippers_one'====== Args={'triggering_group': 1, 'triggering_switch': 's_left_flipper'}
2025-11-04 01:21:05,992 : INFO : SwitchController : <<<<<<< 's_right_flipper' inactive >>>>>>>
2025-11-04 01:21:05,992 : INFO : EventManager : Event: ======'both_flippers_inactive'====== Args={'triggering_group': 2, 'triggering_switch': 's_right_flipper'}
2025-11-04 01:21:06,576 : INFO : SwitchController : <<<<<<< 's_left_flipper' active >>>>>>>
2025-11-04 01:21:06,577 : INFO : EventManager : Event: ======'s_left_flipper_active'====== Args={}
2025-11-04 01:21:06,577 : INFO : EventManager : Event: ======'machine_var_audits_switches_s_left_flipper'====== Args={'value': 286, 'prev_value': 285, 'change': 1}
2025-11-04 01:21:06,578 : INFO : EventManager : Event: ======'carousel_item_highlighted'====== Args={'carousel': 'selectmission', 'direction': 'backwards', 'item': 'mission3'}
2025-11-04 01:21:06,579 : INFO : SwitchController : <<<<<<< 's_right_flipper' active >>>>>>>
2025-11-04 01:21:06,579 : INFO : EventManager : Event: ======'s_right_flipper_active'====== Args={}
2025-11-04 01:21:06,580 : INFO : EventManager : Event: ======'flipper_cancel'====== Args={'triggering_group': 2, 'triggering_switch': 's_right_flipper'}
2025-11-04 01:21:06,580 : INFO : EventManager : Event: ======'machine_var_audits_switches_s_right_flipper'====== Args={'value': 476, 'prev_value': 475, 'change': 1}
2025-11-04 01:21:06,580 : INFO : EventManager : Event: ======'carousel_item_highlighted'====== Args={'carousel': 'selectmission', 'direction': 'forwards', 'item': 'mission4'}
2025-11-04 01:21:06,726 : INFO : SwitchController : <<<<<<< 's_right_flipper' inactive >>>>>>>
2025-11-04 01:21:06,726 : INFO : EventManager : Event: ======'both_flippers_one'====== Args={'triggering_group': 2, 'triggering_switch': 's_right_flipper'}
2025-11-04 01:21:06,727 : INFO : SwitchController : <<<<<<< 's_left_flipper' inactive >>>>>>>
2025-11-04 01:21:06,727 : INFO : EventManager : Event: ======'both_flippers_inactive'====== Args={'triggering_group': 1, 'triggering_switch': 's_left_flipper'}
2025-11-04 01:21:08,092 : INFO : SwitchController : <<<<<<< 's_right_flipper' active >>>>>>>
2025-11-04 01:21:08,092 : INFO : EventManager : Event: ======'s_right_flipper_active'====== Args={}
2025-11-04 01:21:08,093 : INFO : EventManager : Event: ======'machine_var_audits_switches_s_right_flipper'====== Args={'value': 477, 'prev_value': 476, 'change': 1}
2025-11-04 01:21:08,094 : INFO : EventManager : Event: ======'carousel_item_highlighted'====== Args={'carousel': 'selectmission', 'direction': 'forwards', 'item': 'mission1'}
2025-11-04 01:21:08,103 : INFO : SwitchController : <<<<<<< 's_left_flipper' active >>>>>>>
2025-11-04 01:21:08,103 : INFO : EventManager : Event: ======'s_left_flipper_active'====== Args={}
2025-11-04 01:21:08,103 : INFO : EventManager : Event: ======'flipper_cancel'====== Args={'triggering_group': 1, 'triggering_switch': 's_left_flipper'}
2025-11-04 01:21:08,104 : INFO : EventManager : Event: ======'machine_var_audits_switches_s_left_flipper'====== Args={'value': 287, 'prev_value': 286, 'change': 1}
2025-11-04 01:21:08,104 : INFO : EventManager : Event: ======'carousel_item_highlighted'====== Args={'carousel': 'selectmission', 'direction': 'backwards', 'item': 'mission4'}
2025-11-04 01:21:08,242 : INFO : SwitchController : <<<<<<< 's_right_flipper' inactive >>>>>>>
2025-11-04 01:21:08,242 : INFO : EventManager : Event: ======'both_flippers_one'====== Args={'triggering_group': 2, 'triggering_switch': 's_right_flipper'}
2025-11-04 01:21:08,243 : INFO : SwitchController : <<<<<<< 's_left_flipper' inactive >>>>>>>
2025-11-04 01:21:08,243 : INFO : EventManager : Event: ======'both_flippers_inactive'====== Args={'triggering_group': 1, 'triggering_switch': 's_left_flipper'}
2025-11-04 01:21:09,926 : INFO : SwitchController : <<<<<<< 's_right_flipper' active >>>>>>>
2025-11-04 01:21:09,926 : INFO : EventManager : Event: ======'s_right_flipper_active'====== Args={}
2025-11-04 01:21:09,927 : INFO : EventManager : Event: ======'machine_var_audits_switches_s_right_flipper'====== Args={'value': 478, 'prev_value': 477, 'change': 1}
2025-11-04 01:21:09,927 : INFO : EventManager : Event: ======'carousel_item_highlighted'====== Args={'carousel': 'selectmission', 'direction': 'forwards', 'item': 'mission1'}
2025-11-04 01:21:09,928 : INFO : SwitchController : <<<<<<< 's_left_flipper' active >>>>>>>
2025-11-04 01:21:09,928 : INFO : EventManager : Event: ======'s_left_flipper_active'====== Args={}
2025-11-04 01:21:09,929 : INFO : EventManager : Event: ======'flipper_cancel'====== Args={'triggering_group': 1, 'triggering_switch': 's_left_flipper'}
2025-11-04 01:21:09,929 : INFO : EventManager : Event: ======'machine_var_audits_switches_s_left_flipper'====== Args={'value': 288, 'prev_value': 287, 'change': 1}
2025-11-04 01:21:09,929 : INFO : EventManager : Event: ======'carousel_item_highlighted'====== Args={'carousel': 'selectmission', 'direction': 'backwards', 'item': 'mission4'}
2025-11-04 01:21:10,058 : INFO : SwitchController : <<<<<<< 's_right_flipper' inactive >>>>>>>
2025-11-04 01:21:10,058 : INFO : EventManager : Event: ======'both_flippers_one'====== Args={'triggering_group': 2, 'triggering_switch': 's_right_flipper'}
2025-11-04 01:21:10,074 : INFO : SwitchController : <<<<<<< 's_left_flipper' inactive >>>>>>>
2025-11-04 01:21:10,074 : INFO : EventManager : Event: ======'both_flippers_inactive'====== Args={'triggering_group': 1, 'triggering_switch': 's_left_flipper'}
2025-11-04 01:21:11,110 : INFO : SwitchController : <<<<<<< 's_left_flipper' active >>>>>>>
2025-11-04 01:21:11,111 : INFO : EventManager : Event: ======'s_left_flipper_active'====== Args={}
2025-11-04 01:21:11,111 : INFO : EventManager : Event: ======'machine_var_audits_switches_s_left_flipper'====== Args={'value': 289, 'prev_value': 288, 'change': 1}
2025-11-04 01:21:11,112 : INFO : EventManager : Event: ======'carousel_item_highlighted'====== Args={'carousel': 'selectmission', 'direction': 'backwards', 'item': 'mission3'}
2025-11-04 01:21:11,144 : INFO : SwitchController : <<<<<<< 's_right_flipper' active >>>>>>>
2025-11-04 01:21:11,144 : INFO : EventManager : Event: ======'s_right_flipper_active'====== Args={}
2025-11-04 01:21:11,145 : INFO : EventManager : Event: ======'flipper_cancel'====== Args={'triggering_group': 2, 'triggering_switch': 's_right_flipper'}
2025-11-04 01:21:11,145 : INFO : EventManager : Event: ======'machine_var_audits_switches_s_right_flipper'====== Args={'value': 479, 'prev_value': 478, 'change': 1}
2025-11-04 01:21:11,146 : INFO : EventManager : Event: ======'carousel_item_highlighted'====== Args={'carousel': 'selectmission', 'direction': 'forwards', 'item': 'mission4'}
2025-11-04 01:21:11,225 : INFO : SwitchController : <<<<<<< 's_right_flipper' inactive >>>>>>>
2025-11-04 01:21:11,225 : INFO : EventManager : Event: ======'both_flippers_one'====== Args={'triggering_group': 2, 'triggering_switch': 's_right_flipper'}
2025-11-04 01:21:11,258 : INFO : SwitchController : <<<<<<< 's_left_flipper' inactive >>>>>>>
2025-11-04 01:21:11,258 : INFO : EventManager : Event: ======'both_flippers_inactive'====== Args={'triggering_group': 1, 'triggering_switch': 's_left_flipper'}
2025-11-04 01:21:11,892 : INFO : SwitchController : <<<<<<< 's_right_flipper' active >>>>>>>
2025-11-04 01:21:11,893 : INFO : EventManager : Event: ======'s_right_flipper_active'====== Args={}
2025-11-04 01:21:11,893 : INFO : EventManager : Event: ======'machine_var_audits_switches_s_right_flipper'====== Args={'value': 480, 'prev_value': 479, 'change': 1}
2025-11-04 01:21:11,894 : INFO : EventManager : Event: ======'carousel_item_highlighted'====== Args={'carousel': 'selectmission', 'direction': 'forwards', 'item': 'mission1'}
2025-11-04 01:21:11,895 : INFO : SwitchController : <<<<<<< 's_left_flipper' active >>>>>>>
2025-11-04 01:21:11,895 : INFO : EventManager : Event: ======'s_left_flipper_active'====== Args={}
2025-11-04 01:21:11,896 : INFO : EventManager : Event: ======'flipper_cancel'====== Args={'triggering_group': 1, 'triggering_switch': 's_left_flipper'}
2025-11-04 01:21:11,896 : INFO : EventManager : Event: ======'machine_var_audits_switches_s_left_flipper'====== Args={'value': 290, 'prev_value': 289, 'change': 1}
2025-11-04 01:21:11,897 : INFO : EventManager : Event: ======'carousel_item_highlighted'====== Args={'carousel': 'selectmission', 'direction': 'backwards', 'item': 'mission4'}
2025-11-04 01:21:12,009 : INFO : SwitchController : <<<<<<< 's_right_flipper' inactive >>>>>>>
2025-11-04 01:21:12,009 : INFO : EventManager : Event: ======'both_flippers_one'====== Args={'triggering_group': 2, 'triggering_switch': 's_right_flipper'}
2025-11-04 01:21:12,025 : INFO : SwitchController : <<<<<<< 's_left_flipper' inactive >>>>>>>
2025-11-04 01:21:12,025 : INFO : EventManager : Event: ======'both_flippers_inactive'====== Args={'triggering_group': 1, 'triggering_switch': 's_left_flipper'}
2025-11-04 01:21:47,559 : INFO : Machine : Shutting down...
2025-11-04 01:21:47,559 : INFO : EventManager : Event: ======'shutdown'====== Args={}
2025-11-04 01:21:47,560 : INFO : EventManager : Event: ======'mode_game_will_stop'====== Args={}
2025-11-04 01:21:47,561 : INFO : EventManager : Event: ======'mode_game_stopping'====== Args={}
2025-11-04 01:21:47,561 : INFO : EventManager : Event: ======'mode_base_will_stop'====== Args={}
2025-11-04 01:21:47,561 : INFO : EventManager : Event: ======'mode_base_stopping'====== Args={}
2025-11-04 01:21:47,561 : INFO : EventManager : Event: ======'mode_selectmission_will_stop'====== Args={}
2025-11-04 01:21:47,562 : INFO : EventManager : Event: ======'mode_selectmission_stopping'====== Args={}
2025-11-04 01:21:47,562 : INFO : EventManager : Event: ======'mode_bumpers_will_stop'====== Args={}
2025-11-04 01:21:47,562 : INFO : EventManager : Event: ======'mode_bumpers_stopping'====== Args={}
2025-11-04 01:21:47,562 : INFO : EventManager : Event: ======'stop_mode_bumpers'====== Args={'priority': 0}
2025-11-04 01:21:47,562 : INFO : Mode.bumpers : Stopped.
2025-11-04 01:21:47,562 : INFO : EventManager : Event: ======'modes_active_modes_changed'====== Args={}
2025-11-04 01:21:47,563 : INFO : EventManager : Event: ======'mode_bumpers_stopped'====== Args={}
2025-11-04 01:21:47,563 : INFO : EventManager : Event: ======'clear'====== Args={'key': 'bumpers'}
2025-11-04 01:21:47,563 : INFO : Mode.selectmission : Stopped.
2025-11-04 01:21:47,563 : INFO : EventManager : Event: ======'modes_active_modes_changed'====== Args={}
2025-11-04 01:21:47,563 : INFO : EventManager : Event: ======'mode_selectmission_stopped'====== Args={}
2025-11-04 01:21:47,563 : INFO : EventManager : Event: ======'clear'====== Args={'key': 'selectmission'}
2025-11-04 01:21:47,563 : INFO : Mode.base : Stopped.
2025-11-04 01:21:47,563 : INFO : EventManager : Event: ======'modes_active_modes_changed'====== Args={}
2025-11-04 01:21:47,563 : INFO : EventManager : Event: ======'mode_base_stopped'====== Args={}
2025-11-04 01:21:47,563 : INFO : EventManager : Event: ======'clear'====== Args={'key': 'base'}
2025-11-04 01:21:47,563 : INFO : Timer.player_added_timer : Stopping Timer
2025-11-04 01:21:47,563 : INFO : EventManager : Event: ======'timer_player_added_timer_stopped'====== Args={'ticks': 1, 'ticks_remaining': 1}
2025-11-04 01:21:47,564 : INFO : Mode.game : Stopped.
2025-11-04 01:21:47,564 : INFO : EventManager : Event: ======'modes_active_modes_changed'====== Args={}
2025-11-04 01:21:47,564 : INFO : EventManager : Event: ======'mode_game_stopped'====== Args={}
2025-11-04 01:21:47,564 : INFO : EventManager : Event: ======'clear'====== Args={'key': 'game'}
2025-11-04 01:21:47,567 : INFO : root : MPF run loop ended.
