2025-11-09 12:31:08,632 : INFO : root : Loading config.
2025-11-09 12:31:08,634 : INFO : YamlMultifileConfigLoader : Machine config file #1: config.yaml
2025-11-09 12:31:08,634 : INFO : ConfigProcessor : Loading config from cache: /var/folders/m3/0d4y64_n3fn8tnkv3ydlhztw0000gn/T/5ca32a6c950d03116abbed96ca44d372.mpf_cache
2025-11-09 12:31:08,646 : INFO : ConfigProcessor : Loading config from cache: /var/folders/m3/0d4y64_n3fn8tnkv3ydlhztw0000gn/T/01c495fa7450a81b4be96cb699872531.mpf_cache
2025-11-09 12:31:08,646 : INFO : ConfigProcessor : Loading config from cache: /var/folders/m3/0d4y64_n3fn8tnkv3ydlhztw0000gn/T/bfde29b5bb803376b0637bb8f0da27a7.mpf_cache
2025-11-09 12:31:08,646 : INFO : ConfigProcessor : Loading config from cache: /var/folders/m3/0d4y64_n3fn8tnkv3ydlhztw0000gn/T/01c495fa7450a81b4be96cb699872531.mpf_cache
2025-11-09 12:31:08,646 : INFO : ConfigProcessor : Loading config from cache: /var/folders/m3/0d4y64_n3fn8tnkv3ydlhztw0000gn/T/3ae89e09515ff8d8b11d68f672b2cc51.mpf_cache
2025-11-09 12:31:08,646 : INFO : ConfigProcessor : Loading config from cache: /var/folders/m3/0d4y64_n3fn8tnkv3ydlhztw0000gn/T/4c420229fa75118c2461cfc9ff5a44e2.mpf_cache
2025-11-09 12:31:08,646 : INFO : ConfigProcessor : Loading config from cache: /var/folders/m3/0d4y64_n3fn8tnkv3ydlhztw0000gn/T/f5ee6852f1764324c8553249cc53c871.mpf_cache
2025-11-09 12:31:08,646 : INFO : ConfigProcessor : Loading config from cache: /var/folders/m3/0d4y64_n3fn8tnkv3ydlhztw0000gn/T/73ac54cb7a83dfa5473900e439743a84.mpf_cache
2025-11-09 12:31:08,647 : INFO : ConfigProcessor : Loading config from cache: /var/folders/m3/0d4y64_n3fn8tnkv3ydlhztw0000gn/T/97c87487bc6ae826da86d36a6e042c78.mpf_cache
2025-11-09 12:31:08,647 : INFO : Machine : Mission Pinball Framework Core Engine v0.80.0.dev10
2025-11-09 12:31:08,647 : INFO : Machine : Command line arguments: {'no_load_cache': False, 'create_config_cache': True, 'bcp': True, 'configfile': ['config.yaml'], 'force_assets_load': False, 'platform_integration_test': False, 'jsonlogging': False, 'logfile': 'logs/2025-11-09-12-31-08-mpf-mac.home.log', 'pause': False, 'production': False, 'text_ui': False, 'loglevel': 15, 'consoleloglevel': 20, 'force_platform': 'smart_virtual', 'syslog_address': None, 'full_logfile_path': '/Users/didiergilbin/Desktop/Homebrew_CSI/logs/2025-11-09-12-31-08-mpf-mac.home.log'}
2025-11-09 12:31:08,647 : INFO : Machine : MPF path: /Users/didiergilbin/mpfenv/lib/python3.13/site-packages/mpf
2025-11-09 12:31:08,647 : INFO : Machine : Machine path: /Users/didiergilbin/Desktop/Homebrew_CSI
2025-11-09 12:31:08,647 : INFO : Machine : Platform: darwin
2025-11-09 12:31:08,647 : INFO : Machine : Python executable location: /Users/didiergilbin/mpfenv/bin/python3.13
2025-11-09 12:31:08,647 : INFO : Machine : Python version: 3.13.7 (64-bit)
2025-11-09 12:31:08,647 : INFO : Machine : Initializing MPF...
2025-11-09 12:31:08,660 : INFO : EventManager : Event: ======'machine_var_credits_string'====== Args={'value': 'FREE PLAY', 'prev_value': None, 'change': True}
2025-11-09 12:31:08,663 : INFO : EventManager : Event: ======'machine_var_master_volume'====== Args={'value': 0.5, 'prev_value': None, 'change': True}
2025-11-09 12:31:08,663 : INFO : EventManager : Event: ======'machine_var_player1_score'====== Args={'value': 368000, 'prev_value': None, 'change': True}
2025-11-09 12:31:08,663 : INFO : EventManager : Event: ======'machine_var_player2_score'====== Args={'value': 24000, 'prev_value': None, 'change': True}
2025-11-09 12:31:08,663 : INFO : EventManager : Event: ======'machine_var_player3_score'====== Args={'value': 21000, 'prev_value': None, 'change': True}
2025-11-09 12:31:08,663 : INFO : EventManager : Event: ======'machine_var_player4_score'====== Args={'value': 0, 'prev_value': None, 'change': True}
2025-11-09 12:31:08,663 : INFO : EventManager : Event: ======'machine_var_mpf_version'====== Args={'value': 'Mission Pinball Framework v0.80.0.dev10', 'prev_value': None, 'change': True}
2025-11-09 12:31:08,663 : INFO : EventManager : Event: ======'machine_var_mpf_extended_version'====== Args={'value': 'Mission Pinball Framework v0.80.0.dev10, Config version:6, Show version: 6, BCP version:1.1', 'prev_value': None, 'change': True}
2025-11-09 12:31:08,664 : INFO : EventManager : Event: ======'machine_var_python_version'====== Args={'value': '3.13.7', 'prev_value': None, 'change': True}
2025-11-09 12:31:08,669 : INFO : EventManager : Event: ======'machine_var_platform'====== Args={'value': 'macOS-15.6.1-arm64-arm-64bit-Mach-O', 'prev_value': None, 'change': True}
2025-11-09 12:31:08,669 : INFO : EventManager : Event: ======'machine_var_platform_system'====== Args={'value': 'Darwin', 'prev_value': None, 'change': True}
2025-11-09 12:31:08,669 : INFO : EventManager : Event: ======'machine_var_platform_release'====== Args={'value': '24.6.0', 'prev_value': None, 'change': True}
2025-11-09 12:31:08,669 : INFO : EventManager : Event: ======'machine_var_platform_version'====== Args={'value': 'Darwin Kernel Version 24.6.0: Mon Jul 14 11:30:40 PDT 2025; root:xnu-11417.140.69~1/RELEASE_ARM64_T8132', 'prev_value': None, 'change': True}
2025-11-09 12:31:08,669 : INFO : EventManager : Event: ======'machine_var_platform_machine'====== Args={'value': 'arm64', 'prev_value': None, 'change': True}
2025-11-09 12:31:08,669 : INFO : EventManager : Event: ======'machine_var_log_file_path'====== Args={'value': '/Users/didiergilbin/Desktop/Homebrew_CSI/logs/2025-11-09-12-31-08-mpf-mac.home.log', 'prev_value': None, 'change': True}
2025-11-09 12:31:08,669 : INFO : EventManager : Event: ======'init_phase_1'====== Args={}
2025-11-09 12:31:08,675 : INFO : EventManager : Event: ======'init_phase_2'====== Args={}
2025-11-09 12:31:08,676 : INFO : SwitchController : Found active switch: ('2', <Platform.SmartVirtual>) <switch.s_trough1>
2025-11-09 12:31:08,676 : INFO : SwitchController : Found active switch: ('3', <Platform.SmartVirtual>) <switch.s_trough2>
2025-11-09 12:31:08,676 : INFO : SwitchController : Found active switch: ('4', <Platform.SmartVirtual>) <switch.s_trough3>
2025-11-09 12:31:08,676 : INFO : SwitchController : Found active switch: ('5', <Platform.SmartVirtual>) <switch.s_trough4>
2025-11-09 12:31:08,677 : INFO : EventManager : Event: ======'bcp_connection_attempt'====== Args={'name': 'local_display', 'host': 'localhost', 'port': 5050}
2025-11-09 12:31:08,677 : INFO : BCPClientSocket : Connecting BCP to 'local_display' at localhost:5050...
2025-11-09 12:31:08,679 : INFO : BCPClientSocket : Connected BCP to 'local_display' localhost:5050
2025-11-09 12:31:08,679 : INFO : EventManager : Event: ======'bcp_clients_connected'====== Args={}
2025-11-09 12:31:08,680 : INFO : ball_device.bd_drain : BCH: Initial count: 0
2025-11-09 12:31:08,680 : INFO : ball_device.bd_drain : State: idle
2025-11-09 12:31:08,680 : INFO : ball_device.bd_trough : BCH: Initial count: 4
2025-11-09 12:31:08,680 : INFO : ball_device.bd_trough : State: idle
2025-11-09 12:31:08,680 : INFO : ball_device.bd_plunger : BCH: Initial count: 0
2025-11-09 12:31:08,680 : INFO : ball_device.bd_plunger : State: idle
2025-11-09 12:31:08,684 : INFO : EventManager : Event: ======'init_phase_3'====== Args={}
2025-11-09 12:31:08,684 : INFO : EventManager : Event: ======'init_phase_4'====== Args={}
2025-11-09 12:31:08,684 : INFO : BallController : Initial balls found: 4
2025-11-09 12:31:08,684 : INFO : EventManager : Event: ======'machine_var_audits_events_game_ended'====== Args={'value': 54, 'prev_value': None, 'change': True}
2025-11-09 12:31:08,684 : INFO : EventManager : Event: ======'machine_var_audits_events_game_started'====== Args={'value': 446, 'prev_value': None, 'change': True}
2025-11-09 12:31:08,684 : INFO : EventManager : Event: ======'machine_var_audits_missing_switches_s_drain'====== Args={'value': 7, 'prev_value': None, 'change': True}
2025-11-09 12:31:08,684 : INFO : EventManager : Event: ======'machine_var_audits_missing_switches_s_launch_button'====== Args={'value': 93, 'prev_value': None, 'change': True}
2025-11-09 12:31:08,684 : INFO : EventManager : Event: ======'machine_var_audits_missing_switches_s_left_flipper'====== Args={'value': 7, 'prev_value': None, 'change': True}
2025-11-09 12:31:08,684 : INFO : EventManager : Event: ======'machine_var_audits_missing_switches_s_left_inlane1'====== Args={'value': 6, 'prev_value': None, 'change': True}
2025-11-09 12:31:08,684 : INFO : EventManager : Event: ======'machine_var_audits_missing_switches_s_left_inlane2'====== Args={'value': 6, 'prev_value': None, 'change': True}
2025-11-09 12:31:08,684 : INFO : EventManager : Event: ======'machine_var_audits_missing_switches_s_left_outlane'====== Args={'value': 61, 'prev_value': None, 'change': True}
2025-11-09 12:31:08,684 : INFO : EventManager : Event: ======'machine_var_audits_missing_switches_s_popbumper1'====== Args={'value': 7, 'prev_value': None, 'change': True}
2025-11-09 12:31:08,684 : INFO : EventManager : Event: ======'machine_var_audits_missing_switches_s_popbumper2'====== Args={'value': 7, 'prev_value': None, 'change': True}
2025-11-09 12:31:08,685 : INFO : EventManager : Event: ======'machine_var_audits_missing_switches_s_popbumper3'====== Args={'value': 7, 'prev_value': None, 'change': True}
2025-11-09 12:31:08,685 : INFO : EventManager : Event: ======'machine_var_audits_missing_switches_s_right_flipper'====== Args={'value': 7, 'prev_value': None, 'change': True}
2025-11-09 12:31:08,685 : INFO : EventManager : Event: ======'machine_var_audits_missing_switches_s_right_inlane'====== Args={'value': 6, 'prev_value': None, 'change': True}
2025-11-09 12:31:08,685 : INFO : EventManager : Event: ======'machine_var_audits_missing_switches_s_right_orbit'====== Args={'value': 6, 'prev_value': None, 'change': True}
2025-11-09 12:31:08,685 : INFO : EventManager : Event: ======'machine_var_audits_missing_switches_s_right_outlane'====== Args={'value': 61, 'prev_value': None, 'change': True}
2025-11-09 12:31:08,685 : INFO : EventManager : Event: ======'machine_var_audits_missing_switches_s_scoop'====== Args={'value': 6, 'prev_value': None, 'change': True}
2025-11-09 12:31:08,685 : INFO : EventManager : Event: ======'machine_var_audits_missing_switches_s_sling_left'====== Args={'value': 446, 'prev_value': None, 'change': True}
2025-11-09 12:31:08,685 : INFO : EventManager : Event: ======'machine_var_audits_missing_switches_s_sling_right'====== Args={'value': 446, 'prev_value': None, 'change': True}
2025-11-09 12:31:08,685 : INFO : EventManager : Event: ======'machine_var_audits_missing_switches_s_start'====== Args={'value': 7, 'prev_value': None, 'change': True}
2025-11-09 12:31:08,685 : INFO : EventManager : Event: ======'machine_var_audits_missing_switches_s_trough1'====== Args={'value': 7, 'prev_value': None, 'change': True}
2025-11-09 12:31:08,685 : INFO : EventManager : Event: ======'machine_var_audits_missing_switches_s_trough2'====== Args={'value': 7, 'prev_value': None, 'change': True}
2025-11-09 12:31:08,685 : INFO : EventManager : Event: ======'machine_var_audits_missing_switches_s_trough3'====== Args={'value': 224, 'prev_value': None, 'change': True}
2025-11-09 12:31:08,685 : INFO : EventManager : Event: ======'machine_var_audits_missing_switches_s_trough4'====== Args={'value': 224, 'prev_value': None, 'change': True}
2025-11-09 12:31:08,685 : INFO : EventManager : Event: ======'machine_var_audits_missing_switches_s_trough_jam'====== Args={'value': 160, 'prev_value': None, 'change': True}
2025-11-09 12:31:08,685 : INFO : EventManager : Event: ======'machine_var_audits_player_score'====== Args={'value': {'average': 215167, 'top': [10210000, 1550000, 1070000, 1070000, 810000, 710000, 640000, 570000, 530000, 480000], 'total': 118}, 'prev_value': None, 'change': True}
2025-11-09 12:31:08,685 : INFO : EventManager : Event: ======'machine_var_audits_shots_bumper1'====== Args={'value': 3803, 'prev_value': None, 'change': True}
2025-11-09 12:31:08,685 : INFO : EventManager : Event: ======'machine_var_audits_shots_bumper2'====== Args={'value': 3746, 'prev_value': None, 'change': True}
2025-11-09 12:31:08,685 : INFO : EventManager : Event: ======'machine_var_audits_shots_bumper3'====== Args={'value': 3632, 'prev_value': None, 'change': True}
2025-11-09 12:31:08,685 : INFO : EventManager : Event: ======'machine_var_audits_shots_c_shot'====== Args={'value': 161, 'prev_value': None, 'change': True}
2025-11-09 12:31:08,685 : INFO : EventManager : Event: ======'machine_var_audits_shots_csi_shot'====== Args={'value': 9, 'prev_value': None, 'change': True}
2025-11-09 12:31:08,685 : INFO : EventManager : Event: ======'machine_var_audits_shots_i_shot'====== Args={'value': 134, 'prev_value': None, 'change': True}
2025-11-09 12:31:08,685 : INFO : EventManager : Event: ======'machine_var_audits_shots_s_shot'====== Args={'value': 151, 'prev_value': None, 'change': True}
2025-11-09 12:31:08,685 : INFO : EventManager : Event: ======'machine_var_audits_shots_switch_shot'====== Args={'value': 245, 'prev_value': None, 'change': True}
2025-11-09 12:31:08,685 : INFO : EventManager : Event: ======'machine_var_audits_switches_s_drain'====== Args={'value': 540, 'prev_value': None, 'change': True}
2025-11-09 12:31:08,685 : INFO : EventManager : Event: ======'machine_var_audits_switches_s_launch_button'====== Args={'value': 1, 'prev_value': None, 'change': True}
2025-11-09 12:31:08,685 : INFO : EventManager : Event: ======'machine_var_audits_switches_s_left_flipper'====== Args={'value': 374, 'prev_value': None, 'change': True}
2025-11-09 12:31:08,685 : INFO : EventManager : Event: ======'machine_var_audits_switches_s_left_inlane1'====== Args={'value': 171, 'prev_value': None, 'change': True}
2025-11-09 12:31:08,685 : INFO : EventManager : Event: ======'machine_var_audits_switches_s_left_inlane2'====== Args={'value': 158, 'prev_value': None, 'change': True}
2025-11-09 12:31:08,685 : INFO : EventManager : Event: ======'machine_var_audits_switches_s_left_outlane'====== Args={'value': 1, 'prev_value': None, 'change': True}
2025-11-09 12:31:08,685 : INFO : EventManager : Event: ======'machine_var_audits_switches_s_plunger_lane'====== Args={'value': 826, 'prev_value': None, 'change': True}
2025-11-09 12:31:08,685 : INFO : EventManager : Event: ======'machine_var_audits_switches_s_popbumper1'====== Args={'value': 3847, 'prev_value': None, 'change': True}
2025-11-09 12:31:08,685 : INFO : EventManager : Event: ======'machine_var_audits_switches_s_popbumper2'====== Args={'value': 3787, 'prev_value': None, 'change': True}
2025-11-09 12:31:08,685 : INFO : EventManager : Event: ======'machine_var_audits_switches_s_popbumper3'====== Args={'value': 3674, 'prev_value': None, 'change': True}
2025-11-09 12:31:08,685 : INFO : EventManager : Event: ======'machine_var_audits_switches_s_ramp'====== Args={'value': 306, 'prev_value': None, 'change': True}
2025-11-09 12:31:08,685 : INFO : EventManager : Event: ======'machine_var_audits_switches_s_right_flipper'====== Args={'value': 650, 'prev_value': None, 'change': True}
2025-11-09 12:31:08,685 : INFO : EventManager : Event: ======'machine_var_audits_switches_s_right_inlane'====== Args={'value': 140, 'prev_value': None, 'change': True}
2025-11-09 12:31:08,685 : INFO : EventManager : Event: ======'machine_var_audits_switches_s_right_orbit'====== Args={'value': 46, 'prev_value': None, 'change': True}
2025-11-09 12:31:08,685 : INFO : EventManager : Event: ======'machine_var_audits_switches_s_right_outlane'====== Args={'value': 5, 'prev_value': None, 'change': True}
2025-11-09 12:31:08,685 : INFO : EventManager : Event: ======'machine_var_audits_switches_s_scoop'====== Args={'value': 427, 'prev_value': None, 'change': True}
2025-11-09 12:31:08,685 : INFO : EventManager : Event: ======'machine_var_audits_switches_s_skull_lock1'====== Args={'value': 10, 'prev_value': None, 'change': True}
2025-11-09 12:31:08,685 : INFO : EventManager : Event: ======'machine_var_audits_switches_s_skull_lock2'====== Args={'value': 10, 'prev_value': None, 'change': True}
2025-11-09 12:31:08,685 : INFO : EventManager : Event: ======'machine_var_audits_switches_s_sling_left'====== Args={'value': 0, 'prev_value': None, 'change': True}
2025-11-09 12:31:08,685 : INFO : EventManager : Event: ======'machine_var_audits_switches_s_sling_right'====== Args={'value': 0, 'prev_value': None, 'change': True}
2025-11-09 12:31:08,685 : INFO : EventManager : Event: ======'machine_var_audits_switches_s_start'====== Args={'value': 657, 'prev_value': None, 'change': True}
2025-11-09 12:31:08,685 : INFO : EventManager : Event: ======'machine_var_audits_switches_s_trough1'====== Args={'value': 381, 'prev_value': None, 'change': True}
2025-11-09 12:31:08,685 : INFO : EventManager : Event: ======'machine_var_audits_switches_s_trough2'====== Args={'value': 18, 'prev_value': None, 'change': True}
2025-11-09 12:31:08,685 : INFO : EventManager : Event: ======'machine_var_audits_switches_s_trough3'====== Args={'value': 1, 'prev_value': None, 'change': True}
2025-11-09 12:31:08,685 : INFO : EventManager : Event: ======'machine_var_audits_switches_s_trough4'====== Args={'value': 1, 'prev_value': None, 'change': True}
2025-11-09 12:31:08,685 : INFO : EventManager : Event: ======'machine_var_audits_switches_s_trough_jam'====== Args={'value': 8, 'prev_value': None, 'change': True}
2025-11-09 12:31:08,685 : INFO : EventManager : Event: ======'init_phase_5'====== Args={}
2025-11-09 12:31:08,685 : INFO : EventManager : Event: ======'init_done'====== Args={}
2025-11-09 12:31:08,685 : INFO : EventManager : Event: ======'machine_reset_phase_1'====== Args={}
2025-11-09 12:31:08,694 : INFO : EventManager : Event: ======'machine_reset_phase_2'====== Args={}
2025-11-09 12:31:08,695 : INFO : EventManager : Event: ======'machine_reset_phase_3'====== Args={}
2025-11-09 12:31:08,696 : INFO : EventManager : Event: ======'reset_complete'====== Args={}
2025-11-09 12:31:08,696 : INFO : EventManager : Event: ======'mode_attract_will_start'====== Args={}
2025-11-09 12:31:08,696 : INFO : Timer.attract_carousel_timer : Starting Timer.
2025-11-09 12:31:08,696 : INFO : EventManager : Event: ======'timer_attract_carousel_timer_started'====== Args={'ticks': 0, 'ticks_remaining': 1}
2025-11-09 12:31:08,696 : INFO : EventManager : Event: ======'timer_attract_carousel_timer_tick'====== Args={'ticks': 0, 'ticks_remaining': 1}
2025-11-09 12:31:08,696 : INFO : EventManager : Event: ======'mode_attract_starting'====== Args={}
2025-11-09 12:31:08,696 : INFO : Mode.attract : Started. Priority: 10
2025-11-09 12:31:08,696 : INFO : EventManager : Event: ======'modes_active_modes_changed'====== Args={}
2025-11-09 12:31:08,696 : INFO : EventManager : Event: ======'mode_attract_started'====== Args={}
2025-11-09 12:31:08,696 : INFO : EventManager : Event: ======'collecting_balls_complete'====== Args={}
2025-11-09 12:31:08,696 : INFO : EventManager : Event: ======'carousel_item_highlighted'====== Args={'carousel': 'attract', 'direction': None, 'item': 'title'}
2025-11-09 12:31:08,696 : INFO : Machine : Starting the main run loop with active modes: [<Mode.attract>]
2025-11-09 12:31:09,097 : INFO : EventManager : Event: ======'slide_attract_created'====== Args={'_from_bcp': True}
2025-11-09 12:31:09,097 : INFO : EventManager : Event: ======'slide__removed'====== Args={'_from_bcp': True}
2025-11-09 12:31:09,097 : INFO : EventManager : Event: ======'slide_attract_active'====== Args={'original_context': 'attract', 'original_calling_context': 'mode_attract_started', 'priority': 10.0, 'cmd': 'slides_play', '_from_bcp': True}
2025-11-09 12:31:09,629 : INFO : BcpServer : New client connected.
2025-11-09 12:31:13,697 : INFO : Timer.attract_carousel_timer : Timer Complete
2025-11-09 12:31:13,697 : INFO : Timer.attract_carousel_timer : Stopping Timer
2025-11-09 12:31:13,697 : INFO : EventManager : Event: ======'timer_attract_carousel_timer_stopped'====== Args={'ticks': 1, 'ticks_remaining': 1}
2025-11-09 12:31:13,698 : INFO : EventManager : Event: ======'timer_attract_carousel_timer_complete'====== Args={'ticks': 1, 'ticks_remaining': 1}
2025-11-09 12:31:13,698 : INFO : EventManager : Event: ======'carousel_item_highlighted'====== Args={'carousel': 'attract', 'direction': 'forwards', 'item': 'credits'}
2025-11-09 12:31:14,061 : INFO : SwitchController : <<<<<<< 's_start' active >>>>>>>
2025-11-09 12:31:14,129 : INFO : SwitchController : <<<<<<< 's_start' inactive >>>>>>>
2025-11-09 12:31:14,130 : INFO : EventManager : Event: ======'request_to_start_game'====== Args={}
2025-11-09 12:31:14,131 : INFO : EventManager : Event: ======'game_start'====== Args={'buttons': [], 'hold_time': 0.06800841703079641}
2025-11-09 12:31:14,132 : INFO : EventManager : Event: ======'mode_game_will_start'====== Args={'buttons': [], 'hold_time': 0.06800841703079641}
2025-11-09 12:31:14,133 : INFO : EventManager : Event: ======'mode_game_starting'====== Args={'buttons': [], 'hold_time': 0.06800841703079641}
2025-11-09 12:31:14,134 : INFO : EventManager : Event: ======'mode_attract_will_stop'====== Args={}
2025-11-09 12:31:14,134 : INFO : EventManager : Event: ======'mode_attract_stopping'====== Args={}
2025-11-09 12:31:14,135 : INFO : Mode.attract : Stopped.
2025-11-09 12:31:14,135 : INFO : EventManager : Event: ======'modes_active_modes_changed'====== Args={}
2025-11-09 12:31:14,135 : INFO : EventManager : Event: ======'mode_attract_stopped'====== Args={}
2025-11-09 12:31:14,136 : INFO : EventManager : Event: ======'clear'====== Args={'key': 'attract'}
2025-11-09 12:31:14,136 : INFO : Timer.attract_carousel_timer : Stopping Timer
2025-11-09 12:31:14,136 : INFO : EventManager : Event: ======'timer_attract_carousel_timer_stopped'====== Args={'ticks': 1, 'ticks_remaining': 1}
2025-11-09 12:31:14,137 : INFO : Mode.game : Started. Priority: 20
2025-11-09 12:31:14,137 : INFO : EventManager : Event: ======'modes_active_modes_changed'====== Args={}
2025-11-09 12:31:14,137 : INFO : EventManager : Event: ======'mode_game_started'====== Args={'buttons': [], 'hold_time': 0.06800841703079641}
2025-11-09 12:31:14,138 : INFO : EventManager : Event: ======'game_will_start'====== Args={}
2025-11-09 12:31:14,138 : INFO : EventManager : Event: ======'game_starting'====== Args={'game': <Mode.game>}
2025-11-09 12:31:14,139 : INFO : EventManager : Unordered handler for class <Auditor> on event game_ended with priority 1. Handlers: [RegisteredHandler(callback=<bound method Auditor.disable of <Auditor>>, priority=1, kwargs={}, key=UUID('94a9f28f-b056-41b6-81a1-fb44a029de70'), condition=None, blocking_facility=None), RegisteredHandler(callback=<bound method Auditor._save_audits of <Auditor>>, priority=1, kwargs={}, key=UUID('d08e8945-2175-4ded-8626-da8050288a5e'), condition=None, blocking_facility=None)]. The order of those handlers is not defined and they will be executed in random order. This might lead to race conditions and potential bugs.
2025-11-09 12:31:14,139 : INFO : EventManager : Event: ======'player_add_request'====== Args={}
2025-11-09 12:31:14,139 : INFO : EventManager : Event: ======'player_will_add'====== Args={'number': 1}
2025-11-09 12:31:14,140 : INFO : EventManager : Event: ======'player_adding'====== Args={'player': <Player 1>, 'number': 1}
2025-11-09 12:31:14,140 : INFO : EventManager : Event: ======'player_added'====== Args={'player': <Player 1>, 'num': 1}
2025-11-09 12:31:14,140 : INFO : Mode.game : Player added successfully. Total players: 1
2025-11-09 12:31:14,140 : INFO : EventManager : Event: ======'player_index'====== Args={'value': 0, 'prev_value': 0, 'change': 0, 'player_num': 1}
2025-11-09 12:31:14,141 : INFO : EventManager : Event: ======'player_number'====== Args={'value': 1, 'prev_value': 1, 'change': 0, 'player_num': 1}
2025-11-09 12:31:14,141 : INFO : EventManager : Event: ======'player_bonus_multiplier'====== Args={'value': 1, 'prev_value': 1, 'change': 0, 'player_num': 1}
2025-11-09 12:31:14,141 : INFO : EventManager : Event: ======'player_skull_ramp_nb'====== Args={'value': 0, 'prev_value': 0, 'change': 0, 'player_num': 1}
2025-11-09 12:31:14,142 : INFO : EventManager : Event: ======'player_score'====== Args={'value': 0, 'prev_value': 0, 'change': 0, 'player_num': 1}
2025-11-09 12:31:14,142 : INFO : EventManager : Event: ======'game_started'====== Args={}
2025-11-09 12:31:14,142 : INFO : EventManager : Event: ======'player_turn_will_start'====== Args={'player': <Player 1>, 'number': 1}
2025-11-09 12:31:14,143 : INFO : EventManager : Event: ======'player_turn_starting'====== Args={'player': <Player 1>, 'number': 1}
2025-11-09 12:31:14,151 : INFO : EventManager : Event: ======'player_ball'====== Args={'value': 1, 'prev_value': 0, 'change': 1, 'player_num': 1}
2025-11-09 12:31:14,152 : INFO : EventManager : Event: ======'player_turn_started'====== Args={'player': <Player 1>, 'number': 1}
2025-11-09 12:31:14,152 : INFO : EventManager : Event: ======'ball_will_start'====== Args={'player': 1, 'ball': 1, 'balls_remaining': 2, 'is_extra_ball': False}
2025-11-09 12:31:14,152 : INFO : EventManager : Event: ======'ball_starting'====== Args={'player': 1, 'ball': 1, 'balls_remaining': 2, 'is_extra_ball': False}
2025-11-09 12:31:14,153 : INFO : EventManager : Event: ======'mode_base_will_start'====== Args={'queue': <QueuedEvent>, 'player': 1, 'ball': 1, 'balls_remaining': 2, 'is_extra_ball': False}
2025-11-09 12:31:14,153 : INFO : EventManager : Event: ======'player_base_player_added_timer_tick'====== Args={'value': 0, 'prev_value': 0, 'change': 0, 'player_num': 1}
2025-11-09 12:31:14,153 : INFO : Timer.player_added_timer : Starting Timer.
2025-11-09 12:31:14,153 : INFO : EventManager : Event: ======'timer_player_added_timer_started'====== Args={'ticks': 0, 'ticks_remaining': 1}
2025-11-09 12:31:14,154 : INFO : EventManager : Event: ======'timer_player_added_timer_tick'====== Args={'ticks': 0, 'ticks_remaining': 1}
2025-11-09 12:31:14,154 : INFO : EventManager : Event: ======'mode_base_starting'====== Args={'queue': <QueuedEvent>, 'player': 1, 'ball': 1, 'balls_remaining': 2, 'is_extra_ball': False}
2025-11-09 12:31:14,155 : INFO : Mode.base : Started. Priority: 100
2025-11-09 12:31:14,155 : INFO : EventManager : Event: ======'modes_active_modes_changed'====== Args={}
2025-11-09 12:31:14,155 : INFO : EventManager : Event: ======'mode_base_started'====== Args={'queue': <QueuedEvent>, 'player': 1, 'ball': 1, 'balls_remaining': 2, 'is_extra_ball': False}
2025-11-09 12:31:14,155 : INFO : EventManager : Event: ======'start_mode_bumpers'====== Args={'priority': 0}
2025-11-09 12:31:14,156 : INFO : EventManager : Event: ======'start_mode_csi_lanes'====== Args={'priority': 0}
2025-11-09 12:31:14,156 : INFO : EventManager : Event: ======'start_mode_skull'====== Args={'priority': 0}
2025-11-09 12:31:14,156 : INFO : EventManager : Event: ======'mode_bumpers_will_start'====== Args={'priority': 0}
2025-11-09 12:31:14,157 : INFO : EventManager : Event: ======'player_shot_bumper1_enabled'====== Args={'value': True, 'prev_value': 0, 'change': 1, 'player_num': 1}
2025-11-09 12:31:14,157 : INFO : EventManager : Event: ======'player_shot_bumper2_enabled'====== Args={'value': True, 'prev_value': 0, 'change': 1, 'player_num': 1}
2025-11-09 12:31:14,158 : INFO : EventManager : Event: ======'player_shot_bumper3_enabled'====== Args={'value': True, 'prev_value': 0, 'change': 1, 'player_num': 1}
2025-11-09 12:31:14,158 : INFO : EventManager : Event: ======'bumpers_complete'====== Args={'state': 'unlit'}
2025-11-09 12:31:14,158 : INFO : EventManager : Event: ======'bumpers_unlit_complete'====== Args={}
2025-11-09 12:31:14,159 : INFO : EventManager : Event: ======'player_bumpers_bumper_timer_tick'====== Args={'value': 0, 'prev_value': 0, 'change': 0, 'player_num': 1}
2025-11-09 12:31:14,159 : INFO : Timer.bumper_timer : Starting Timer.
2025-11-09 12:31:14,159 : INFO : EventManager : Event: ======'timer_bumper_timer_started'====== Args={'ticks': 0, 'ticks_remaining': 1}
2025-11-09 12:31:14,159 : INFO : EventManager : Event: ======'timer_bumper_timer_tick'====== Args={'ticks': 0, 'ticks_remaining': 1}
2025-11-09 12:31:14,160 : INFO : EventManager : Event: ======'mode_bumpers_starting'====== Args={'priority': 0}
2025-11-09 12:31:14,160 : INFO : EventManager : Event: ======'mode_csi_lanes_will_start'====== Args={'priority': 0}
2025-11-09 12:31:14,160 : INFO : EventManager : Event: ======'player_shot_c_shot_enabled'====== Args={'value': True, 'prev_value': 0, 'change': 1, 'player_num': 1}
2025-11-09 12:31:14,161 : INFO : EventManager : Event: ======'player_shot_s_shot_enabled'====== Args={'value': True, 'prev_value': 0, 'change': 1, 'player_num': 1}
2025-11-09 12:31:14,161 : INFO : EventManager : Event: ======'player_shot_i_shot_enabled'====== Args={'value': True, 'prev_value': 0, 'change': 1, 'player_num': 1}
2025-11-09 12:31:14,162 : INFO : EventManager : Event: ======'csi_shots_complete'====== Args={'state': 'unlit'}
2025-11-09 12:31:14,162 : INFO : EventManager : Event: ======'csi_shots_unlit_complete'====== Args={}
2025-11-09 12:31:14,163 : INFO : EventManager : Event: ======'player_csi_lanes_csi_lanes_timer_tick'====== Args={'value': 0, 'prev_value': 0, 'change': 0, 'player_num': 1}
2025-11-09 12:31:14,163 : INFO : Timer.csi_lanes_timer : Starting Timer.
2025-11-09 12:31:14,163 : INFO : EventManager : Event: ======'timer_csi_lanes_timer_started'====== Args={'ticks': 0, 'ticks_remaining': 1}
2025-11-09 12:31:14,163 : INFO : EventManager : Event: ======'timer_csi_lanes_timer_tick'====== Args={'ticks': 0, 'ticks_remaining': 1}
2025-11-09 12:31:14,163 : INFO : EventManager : Event: ======'player_csi_lanes_csi_right_orbit_timer_tick'====== Args={'value': 0, 'prev_value': 0, 'change': 0, 'player_num': 1}
2025-11-09 12:31:14,164 : INFO : EventManager : Event: ======'mode_csi_lanes_starting'====== Args={'priority': 0}
2025-11-09 12:31:14,165 : INFO : EventManager : Event: ======'mode_skull_will_start'====== Args={'priority': 0}
2025-11-09 12:31:14,165 : INFO : EventManager : Event: ======'player_skull_pause_timer_tick'====== Args={'value': 0, 'prev_value': 0, 'change': 0, 'player_num': 1}
2025-11-09 12:31:14,165 : INFO : Timer.pause_timer : Starting Timer.
2025-11-09 12:31:14,165 : INFO : EventManager : Event: ======'timer_pause_timer_started'====== Args={'ticks': 0, 'ticks_remaining': 1}
2025-11-09 12:31:14,165 : INFO : EventManager : Event: ======'timer_pause_timer_tick'====== Args={'ticks': 0, 'ticks_remaining': 1}
2025-11-09 12:31:14,166 : INFO : EventManager : Event: ======'mode_skull_starting'====== Args={'priority': 0}
2025-11-09 12:31:14,166 : INFO : Mode.bumpers : Started. Priority: 200
2025-11-09 12:31:14,166 : INFO : EventManager : Event: ======'modes_active_modes_changed'====== Args={}
2025-11-09 12:31:14,166 : INFO : EventManager : Event: ======'mode_bumpers_started'====== Args={'priority': 0}
2025-11-09 12:31:14,166 : INFO : EventManager : Event: ======'balls_in_play'====== Args={'balls': 1}
2025-11-09 12:31:14,167 : INFO : EventManager : Event: ======'ball_started'====== Args={'player': 1, 'ball': 1, 'balls_remaining': 2, 'is_extra_ball': False}
2025-11-09 12:31:14,167 : INFO : EventManager : Event: ======'logicblock_csi_lanes_then_scoop_updated'====== Args={'value': 0, 'enabled': True}
2025-11-09 12:31:14,167 : INFO : EventManager : Event: ======'logicblock_csi_lanes_then_scoop_then_right_orbit_updated'====== Args={'value': 0, 'enabled': True}
2025-11-09 12:31:14,168 : INFO : EventManager : Event: ======'logicblock_csi_lanes_then_scoop_updated'====== Args={'value': 0, 'enabled': True}
2025-11-09 12:31:14,168 : INFO : EventManager : Event: ======'logicblock_csi_lanes_then_scoop_then_right_orbit_updated'====== Args={'value': 0, 'enabled': True}
2025-11-09 12:31:14,168 : INFO : Mode.csi_lanes : Started. Priority: 200
2025-11-09 12:31:14,168 : INFO : EventManager : Event: ======'modes_active_modes_changed'====== Args={}
2025-11-09 12:31:14,168 : INFO : EventManager : Event: ======'mode_csi_lanes_started'====== Args={'priority': 0}
2025-11-09 12:31:14,168 : INFO : EventManager : Event: ======'player_multiplier'====== Args={'value': 1, 'prev_value': 0, 'change': 1, 'player_num': 1, 'source': 'csi_lanes'}
2025-11-09 12:31:14,168 : INFO : EventManager : Event: ======'logicblock_seq_lock1_updated'====== Args={'value': 0, 'enabled': True}
2025-11-09 12:31:14,168 : INFO : EventManager : Event: ======'logicblock_seq_lock2_updated'====== Args={'value': 0, 'enabled': True}
2025-11-09 12:31:14,168 : INFO : EventManager : Event: ======'logicblock_seq_ready_for_MB_updated'====== Args={'value': 0, 'enabled': True}
2025-11-09 12:31:14,168 : INFO : EventManager : Event: ======'logicblock_seq_lock1_updated'====== Args={'value': 0, 'enabled': True}
2025-11-09 12:31:14,168 : INFO : EventManager : Event: ======'logicblock_seq_lock2_updated'====== Args={'value': 0, 'enabled': True}
2025-11-09 12:31:14,168 : INFO : EventManager : Event: ======'logicblock_seq_ready_for_MB_updated'====== Args={'value': 0, 'enabled': True}
2025-11-09 12:31:14,168 : INFO : Mode.skull : Started. Priority: 200
2025-11-09 12:31:14,168 : INFO : EventManager : Event: ======'modes_active_modes_changed'====== Args={}
2025-11-09 12:31:14,169 : INFO : EventManager : Event: ======'mode_skull_started'====== Args={'priority': 0}
2025-11-09 12:31:14,169 : INFO : EventManager : Event: ======'single_player_ball_started'====== Args={}
2025-11-09 12:31:14,169 : INFO : EventManager : Event: ======'ball_start_target'====== Args={'target': 'playfield'}
2025-11-09 12:31:14,169 : INFO : ball_device.bd_trough : Setting up player-controlled eject. Balls: 1, Target: <playfield.playfield>, player_controlled_eject_event: None
2025-11-09 12:31:14,169 : INFO : ball_device.bd_trough : Adding 1 ball(s) to the eject_queue with target <playfield.playfield>.
2025-11-09 12:31:14,169 : INFO : EventManager : Event: ======'balldevice_balls_available'====== Args={}
2025-11-09 12:31:14,170 : INFO : ball_device.bd_trough : State: waiting_for_target_ready
2025-11-09 12:31:14,170 : INFO : EventManager : Event: ======'balldevice_bd_trough_ball_eject_attempt'====== Args={'balls': 1, 'target': <ball_device.bd_plunger>, 'source': <ball_device.bd_trough>, 'mechanical_eject': False, 'num_attempts': 0}
2025-11-09 12:31:14,170 : INFO : ball_device.bd_plunger : State: waiting_for_ball
2025-11-09 12:31:14,170 : INFO : ball_device.bd_trough : State: ejecting
2025-11-09 12:31:14,170 : INFO : ball_device.bd_trough : Ejecting ball to <ball_device.bd_plunger>
2025-11-09 12:31:14,171 : INFO : EventManager : Event: ======'balldevice_bd_trough_ejecting_ball'====== Args={'balls': 1, 'target': <ball_device.bd_plunger>, 'source': <ball_device.bd_trough>, 'mechanical_eject': False, 'num_attempts': 0}
2025-11-09 12:31:14,171 : INFO : ball_device.bd_trough : Wait for ball to leave device
2025-11-09 12:31:14,171 : INFO : coil.c_trough_eject : Pulsing Driver for 20ms (1.0 pulse_power)
2025-11-09 12:31:14,171 : INFO : SwitchController : <<<<<<< 's_trough1' inactive >>>>>>>
2025-11-09 12:31:14,171 : INFO : ball_device.bd_trough : State: ball_left
2025-11-09 12:31:14,172 : INFO : ball_device.bd_trough : Ball left
2025-11-09 12:31:14,172 : INFO : ball_device.bd_trough : Wait for confirm with timeout 3.0
2025-11-09 12:31:14,272 : INFO : SwitchController : <<<<<<< 's_plunger_lane' active >>>>>>>
2025-11-09 12:31:14,272 : INFO : EventManager : Event: ======'machine_var_audits_switches_s_plunger_lane'====== Args={'value': 827, 'prev_value': 826, 'change': 1}
2025-11-09 12:31:14,324 : INFO : EventManager : Event: ======'slide_base_slide_created'====== Args={'_from_bcp': True}
2025-11-09 12:31:14,324 : INFO : EventManager : Event: ======'slide_attract_inactive'====== Args={'is_removing': True, '_from_bcp': True}
2025-11-09 12:31:14,324 : INFO : EventManager : Event: ======'slide_base_slide_active'====== Args={'original_context': 'base', 'original_calling_context': 'mode_base_started', 'priority': 100.0, 'queue': '<QueuedEvent>', 'player': 1.0, 'ball': 1.0, 'balls_remaining': 2.0, 'is_extra_ball': False, 'cmd': 'slides_play', '_from_bcp': True}
2025-11-09 12:31:14,325 : INFO : EventManager : Event: ======'slide_attract_removed'====== Args={'_from_bcp': True}
2025-11-09 12:31:14,360 : INFO : EventManager : Event: ======'player_bumpers_bumper_timer_tick'====== Args={'value': 1, 'prev_value': 0, 'change': 1, 'player_num': 1}
2025-11-09 12:31:14,360 : INFO : Timer.bumper_timer : Timer Complete
2025-11-09 12:31:14,360 : INFO : Timer.bumper_timer : Stopping Timer
2025-11-09 12:31:14,360 : INFO : EventManager : Event: ======'timer_bumper_timer_stopped'====== Args={'ticks': 1, 'ticks_remaining': 1}
2025-11-09 12:31:14,360 : INFO : EventManager : Event: ======'timer_bumper_timer_complete'====== Args={'ticks': 1, 'ticks_remaining': 1}
2025-11-09 12:31:14,773 : INFO : ball_device.bd_plunger : Received ball from <ball_device.bd_trough>
2025-11-09 12:31:14,774 : INFO : EventManager : Event: ======'balldevice_bd_plunger_ball_enter'====== Args={'new_balls': 1, 'unclaimed_balls': 0, 'new_available_balls': 0, 'device': <ball_device.bd_plunger>}
2025-11-09 12:31:14,774 : INFO : EventManager : Event: ======'balldevice_bd_plunger_ball_entered'====== Args={'new_balls': 0, 'device': <ball_device.bd_plunger>}
2025-11-09 12:31:14,775 : INFO : EventManager : Event: ======'balldevice_bd_plunger_ball_count_changed'====== Args={'balls': 1}
2025-11-09 12:31:14,775 : INFO : ball_device.bd_trough : Got eject confirm
2025-11-09 12:31:14,775 : INFO : ball_device.bd_trough : Eject successful
2025-11-09 12:31:14,775 : INFO : EventManager : Event: ======'balldevice_bd_trough_ball_eject_success'====== Args={'balls': 1, 'target': <ball_device.bd_plunger>}
2025-11-09 12:31:14,776 : INFO : EventManager : Event: ======'balldevice_bd_trough_ball_count_changed'====== Args={'balls': 3}
2025-11-09 12:31:14,776 : INFO : ball_device.bd_trough : State: idle
2025-11-09 12:31:14,777 : INFO : ball_device.bd_plunger : State: waiting_for_target_ready
2025-11-09 12:31:14,777 : INFO : EventManager : Event: ======'balldevice_bd_plunger_ball_eject_attempt'====== Args={'balls': 1, 'target': <playfield.playfield>, 'source': <ball_device.bd_plunger>, 'mechanical_eject': False, 'num_attempts': 0}
2025-11-09 12:31:14,778 : INFO : ball_device.bd_plunger : State: ejecting
2025-11-09 12:31:14,778 : INFO : ball_device.bd_plunger : Ejecting ball to <playfield.playfield>
2025-11-09 12:31:14,779 : INFO : EventManager : Event: ======'balldevice_bd_plunger_ejecting_ball'====== Args={'balls': 1, 'target': <playfield.playfield>, 'source': <ball_device.bd_plunger>, 'mechanical_eject': False, 'num_attempts': 0}
2025-11-09 12:31:14,780 : INFO : ball_device.bd_plunger : Wait for ball to leave device
2025-11-09 12:31:14,780 : INFO : coil.c_plunger : Pulsing Driver for 20ms (1.0 pulse_power)
2025-11-09 12:31:14,780 : INFO : SwitchController : <<<<<<< 's_plunger_lane' inactive >>>>>>>
2025-11-09 12:31:14,781 : INFO : ball_device.bd_plunger : State: ball_left
2025-11-09 12:31:14,781 : INFO : ball_device.bd_plunger : Ball left
2025-11-09 12:31:14,781 : INFO : ball_device.bd_plunger : Wait for confirm with timeout 3.0
2025-11-09 12:31:14,855 : INFO : EventManager : Event: ======'player_base_player_added_timer_tick'====== Args={'value': 1, 'prev_value': 0, 'change': 1, 'player_num': 1}
2025-11-09 12:31:14,855 : INFO : Timer.player_added_timer : Timer Complete
2025-11-09 12:31:14,855 : INFO : Timer.player_added_timer : Stopping Timer
2025-11-09 12:31:14,855 : INFO : EventManager : Event: ======'timer_player_added_timer_stopped'====== Args={'ticks': 1, 'ticks_remaining': 1}
2025-11-09 12:31:14,856 : INFO : EventManager : Event: ======'timer_player_added_timer_complete'====== Args={'ticks': 1, 'ticks_remaining': 1}
2025-11-09 12:31:14,863 : INFO : EventManager : Event: ======'player_csi_lanes_csi_lanes_timer_tick'====== Args={'value': 1, 'prev_value': 0, 'change': 1, 'player_num': 1}
2025-11-09 12:31:14,863 : INFO : Timer.csi_lanes_timer : Timer Complete
2025-11-09 12:31:14,863 : INFO : Timer.csi_lanes_timer : Stopping Timer
2025-11-09 12:31:14,864 : INFO : EventManager : Event: ======'timer_csi_lanes_timer_stopped'====== Args={'ticks': 1, 'ticks_remaining': 1}
2025-11-09 12:31:14,864 : INFO : EventManager : Event: ======'timer_csi_lanes_timer_complete'====== Args={'ticks': 1, 'ticks_remaining': 1}
2025-11-09 12:31:17,782 : INFO : ball_device.bd_plunger : State: failed_confirm
2025-11-09 12:31:17,782 : INFO : ball_device.bd_plunger : Got timeout (3.0s) before confirm from <playfield.playfield>
2025-11-09 12:31:17,883 : INFO : ball_device.bd_plunger : Confirming eject because target is playfield and ball did not return.
2025-11-09 12:31:17,883 : INFO : ball_device.bd_plunger : Eject successful
2025-11-09 12:31:17,883 : INFO : EventManager : Event: ======'balldevice_bd_plunger_ball_eject_success'====== Args={'balls': 1, 'target': <playfield.playfield>}
2025-11-09 12:31:17,884 : INFO : EventManager : Event: ======'balldevice_playfield_ball_enter'====== Args={'new_balls': 1, 'unclaimed_balls': 1, 'device': <playfield.playfield>}
2025-11-09 12:31:17,884 : INFO : EventManager : Event: ======'playfield_ball_count_change'====== Args={'balls': 1, 'change': 1}
2025-11-09 12:31:17,885 : INFO : EventManager : Event: ======'balldevice_bd_plunger_ball_count_changed'====== Args={'balls': 0}
2025-11-09 12:31:17,885 : INFO : ball_device.bd_plunger : State: idle
2025-11-09 12:31:18,114 : INFO : SwitchController : <<<<<<< 's_ramp' active >>>>>>>
2025-11-09 12:31:18,114 : INFO : EventManager : Event: ======'s_ramp_active'====== Args={}
2025-11-09 12:31:18,115 : INFO : EventManager : Event: ======'machine_var_audits_switches_s_ramp'====== Args={'value': 307, 'prev_value': 306, 'change': 1}
2025-11-09 12:31:18,116 : INFO : EventManager : Event: ======'player_skull_ramp_nb'====== Args={'value': 1, 'prev_value': 0, 'change': 1, 'player_num': 1, 'source': 'skull'}
2025-11-09 12:31:18,263 : INFO : SwitchController : <<<<<<< 's_ramp' inactive >>>>>>>
2025-11-09 12:31:18,332 : INFO : SwitchController : <<<<<<< 's_ramp' active >>>>>>>
2025-11-09 12:31:18,332 : INFO : EventManager : Event: ======'s_ramp_active'====== Args={}
2025-11-09 12:31:18,333 : INFO : EventManager : Event: ======'machine_var_audits_switches_s_ramp'====== Args={'value': 308, 'prev_value': 307, 'change': 1}
2025-11-09 12:31:18,333 : INFO : EventManager : Event: ======'player_skull_ramp_nb'====== Args={'value': 2, 'prev_value': 1, 'change': 1, 'player_num': 1, 'source': 'skull'}
2025-11-09 12:31:18,447 : INFO : SwitchController : <<<<<<< 's_ramp' inactive >>>>>>>
2025-11-09 12:31:18,548 : INFO : SwitchController : <<<<<<< 's_ramp' active >>>>>>>
2025-11-09 12:31:18,548 : INFO : EventManager : Event: ======'s_ramp_active'====== Args={}
2025-11-09 12:31:18,549 : INFO : EventManager : Event: ======'machine_var_audits_switches_s_ramp'====== Args={'value': 309, 'prev_value': 308, 'change': 1}
2025-11-09 12:31:18,550 : INFO : EventManager : Event: ======'player_skull_ramp_nb'====== Args={'value': 3, 'prev_value': 2, 'change': 1, 'player_num': 1, 'source': 'skull'}
2025-11-09 12:31:18,714 : INFO : SwitchController : <<<<<<< 's_ramp' inactive >>>>>>>
2025-11-09 12:31:18,816 : INFO : SwitchController : <<<<<<< 's_ramp' active >>>>>>>
2025-11-09 12:31:18,817 : INFO : EventManager : Event: ======'s_ramp_active'====== Args={}
2025-11-09 12:31:18,817 : INFO : EventManager : Event: ======'machine_var_audits_switches_s_ramp'====== Args={'value': 310, 'prev_value': 309, 'change': 1}
2025-11-09 12:31:18,818 : INFO : EventManager : Event: ======'player_skull_ramp_nb'====== Args={'value': 4, 'prev_value': 3, 'change': 1, 'player_num': 1, 'source': 'skull'}
2025-11-09 12:31:18,947 : INFO : SwitchController : <<<<<<< 's_ramp' inactive >>>>>>>
2025-11-09 12:31:19,030 : INFO : SwitchController : <<<<<<< 's_ramp' active >>>>>>>
2025-11-09 12:31:19,030 : INFO : EventManager : Event: ======'s_ramp_active'====== Args={}
2025-11-09 12:31:19,031 : INFO : EventManager : Event: ======'machine_var_audits_switches_s_ramp'====== Args={'value': 311, 'prev_value': 310, 'change': 1}
2025-11-09 12:31:19,031 : INFO : EventManager : Event: ======'player_skull_ramp_nb'====== Args={'value': 5, 'prev_value': 4, 'change': 1, 'player_num': 1, 'source': 'skull'}
2025-11-09 12:31:19,130 : INFO : SwitchController : <<<<<<< 's_ramp' inactive >>>>>>>
2025-11-09 12:31:19,250 : INFO : SwitchController : <<<<<<< 's_ramp' active >>>>>>>
2025-11-09 12:31:19,250 : INFO : EventManager : Event: ======'s_ramp_active'====== Args={}
2025-11-09 12:31:19,250 : INFO : EventManager : Event: ======'machine_var_audits_switches_s_ramp'====== Args={'value': 312, 'prev_value': 311, 'change': 1}
2025-11-09 12:31:19,251 : INFO : EventManager : Event: ======'player_skull_ramp_nb'====== Args={'value': 6, 'prev_value': 5, 'change': 1, 'player_num': 1, 'source': 'skull'}
2025-11-09 12:31:19,397 : INFO : SwitchController : <<<<<<< 's_ramp' inactive >>>>>>>
2025-11-09 12:31:19,498 : INFO : SwitchController : <<<<<<< 's_ramp' active >>>>>>>
2025-11-09 12:31:19,498 : INFO : EventManager : Event: ======'s_ramp_active'====== Args={}
2025-11-09 12:31:19,498 : INFO : EventManager : Event: ======'machine_var_audits_switches_s_ramp'====== Args={'value': 313, 'prev_value': 312, 'change': 1}
2025-11-09 12:31:19,499 : INFO : EventManager : Event: ======'player_skull_ramp_nb'====== Args={'value': 7, 'prev_value': 6, 'change': 1, 'player_num': 1, 'source': 'skull'}
2025-11-09 12:31:19,647 : INFO : SwitchController : <<<<<<< 's_ramp' inactive >>>>>>>
2025-11-09 12:31:19,748 : INFO : SwitchController : <<<<<<< 's_ramp' active >>>>>>>
2025-11-09 12:31:19,749 : INFO : EventManager : Event: ======'s_ramp_active'====== Args={}
2025-11-09 12:31:19,749 : INFO : EventManager : Event: ======'machine_var_audits_switches_s_ramp'====== Args={'value': 314, 'prev_value': 313, 'change': 1}
2025-11-09 12:31:19,750 : INFO : EventManager : Event: ======'player_skull_ramp_nb'====== Args={'value': 8, 'prev_value': 7, 'change': 1, 'player_num': 1, 'source': 'skull'}
2025-11-09 12:31:19,881 : INFO : SwitchController : <<<<<<< 's_ramp' inactive >>>>>>>
2025-11-09 12:31:20,197 : INFO : SwitchController : <<<<<<< 's_ramp' active >>>>>>>
2025-11-09 12:31:20,198 : INFO : EventManager : Event: ======'s_ramp_active'====== Args={}
2025-11-09 12:31:20,198 : INFO : EventManager : Event: ======'machine_var_audits_switches_s_ramp'====== Args={'value': 315, 'prev_value': 314, 'change': 1}
2025-11-09 12:31:20,199 : INFO : EventManager : Event: ======'player_skull_ramp_nb'====== Args={'value': 9, 'prev_value': 8, 'change': 1, 'player_num': 1, 'source': 'skull'}
2025-11-09 12:31:20,313 : INFO : SwitchController : <<<<<<< 's_ramp' inactive >>>>>>>
2025-11-09 12:31:20,583 : INFO : SwitchController : <<<<<<< 's_ramp' active >>>>>>>
2025-11-09 12:31:20,583 : INFO : EventManager : Event: ======'s_ramp_active'====== Args={}
2025-11-09 12:31:20,583 : INFO : EventManager : Event: ======'machine_var_audits_switches_s_ramp'====== Args={'value': 316, 'prev_value': 315, 'change': 1}
2025-11-09 12:31:20,584 : INFO : EventManager : Event: ======'player_skull_ramp_nb'====== Args={'value': 10, 'prev_value': 9, 'change': 1, 'player_num': 1, 'source': 'skull'}
2025-11-09 12:31:20,585 : INFO : EventManager : Event: ======'logicblock_seq_lock1_updated'====== Args={'value': 1, 'enabled': True}
2025-11-09 12:31:20,585 : INFO : EventManager : Event: ======'logicblock_seq_lock1_hit'====== Args={'step': 1}
2025-11-09 12:31:20,680 : INFO : SwitchController : <<<<<<< 's_ramp' inactive >>>>>>>
2025-11-09 12:31:21,364 : INFO : SwitchController : <<<<<<< 's_ramp' active >>>>>>>
2025-11-09 12:31:21,364 : INFO : EventManager : Event: ======'s_ramp_active'====== Args={}
2025-11-09 12:31:21,364 : INFO : EventManager : Event: ======'machine_var_audits_switches_s_ramp'====== Args={'value': 317, 'prev_value': 316, 'change': 1}
2025-11-09 12:31:21,365 : INFO : EventManager : Event: ======'player_skull_ramp_nb'====== Args={'value': 11, 'prev_value': 10, 'change': 1, 'player_num': 1, 'source': 'skull'}
2025-11-09 12:31:21,482 : INFO : SwitchController : <<<<<<< 's_ramp' inactive >>>>>>>
2025-11-09 12:31:23,231 : INFO : SwitchController : <<<<<<< 's_skull_lock1' active >>>>>>>
2025-11-09 12:31:23,232 : INFO : EventManager : Event: ======'s_skull_lock1_active'====== Args={}
2025-11-09 12:31:23,232 : INFO : EventManager : Event: ======'machine_var_audits_switches_s_skull_lock1'====== Args={'value': 11, 'prev_value': 10, 'change': 1}
2025-11-09 12:31:23,233 : INFO : EventManager : Event: ======'logicblock_seq_lock1_updated'====== Args={'value': 2, 'enabled': True}
2025-11-09 12:31:23,233 : INFO : EventManager : Event: ======'logicblock_seq_lock1_hit'====== Args={'step': 2}
2025-11-09 12:31:23,239 : INFO : EventManager : Event: ======'seq_lock1_done'====== Args={}
2025-11-09 12:31:23,239 : INFO : EventManager : Event: ======'logicblock_seq_lock1_updated'====== Args={'value': 0, 'enabled': True}
2025-11-09 12:31:23,240 : INFO : EventManager : Event: ======'logicblock_seq_lock2_updated'====== Args={'value': 1, 'enabled': True}
2025-11-09 12:31:23,240 : INFO : EventManager : Event: ======'logicblock_seq_lock2_hit'====== Args={'step': 1}
2025-11-09 12:31:23,332 : INFO : SwitchController : <<<<<<< 's_skull_lock1' inactive >>>>>>>
2025-11-09 12:31:24,165 : INFO : SwitchController : <<<<<<< 's_skull_lock2' active >>>>>>>
2025-11-09 12:31:24,166 : INFO : EventManager : Event: ======'s_skull_lock2_active'====== Args={}
2025-11-09 12:31:24,166 : INFO : EventManager : Event: ======'machine_var_audits_switches_s_skull_lock2'====== Args={'value': 11, 'prev_value': 10, 'change': 1}
2025-11-09 12:31:24,167 : INFO : EventManager : Event: ======'logicblock_seq_lock2_updated'====== Args={'value': 2, 'enabled': True}
2025-11-09 12:31:24,167 : INFO : EventManager : Event: ======'logicblock_seq_lock2_hit'====== Args={'step': 2}
2025-11-09 12:31:24,167 : INFO : EventManager : Event: ======'seq_lock2_done'====== Args={}
2025-11-09 12:31:24,167 : INFO : EventManager : Event: ======'logicblock_seq_lock2_updated'====== Args={'value': 0, 'enabled': True}
2025-11-09 12:31:24,168 : INFO : EventManager : Event: ======'timer_pause_timer_tick'====== Args={'ticks': 0, 'ticks_remaining': 1}
2025-11-09 12:31:24,168 : INFO : EventManager : Event: ======'logicblock_seq_ready_for_MB_updated'====== Args={'value': 1, 'enabled': True}
2025-11-09 12:31:24,168 : INFO : EventManager : Event: ======'logicblock_seq_ready_for_MB_hit'====== Args={'step': 1}
2025-11-09 12:31:24,316 : INFO : SwitchController : <<<<<<< 's_skull_lock2' inactive >>>>>>>
2025-11-09 12:31:29,194 : INFO : SwitchController : <<<<<<< 's_right_flipper' active >>>>>>>
2025-11-09 12:31:29,195 : INFO : EventManager : Event: ======'s_right_flipper_active'====== Args={}
2025-11-09 12:31:29,195 : INFO : EventManager : Event: ======'machine_var_audits_switches_s_right_flipper'====== Args={'value': 651, 'prev_value': 650, 'change': 1}
2025-11-09 12:31:29,212 : INFO : SwitchController : <<<<<<< 's_left_flipper' active >>>>>>>
2025-11-09 12:31:29,212 : INFO : EventManager : Event: ======'s_left_flipper_active'====== Args={}
2025-11-09 12:31:29,213 : INFO : EventManager : Event: ======'flipper_cancel'====== Args={'triggering_group': 1, 'triggering_switch': 's_left_flipper'}
2025-11-09 12:31:29,213 : INFO : EventManager : Event: ======'machine_var_audits_switches_s_left_flipper'====== Args={'value': 375, 'prev_value': 374, 'change': 1}
2025-11-09 12:31:29,377 : INFO : SwitchController : <<<<<<< 's_left_flipper' inactive >>>>>>>
2025-11-09 12:31:29,377 : INFO : EventManager : Event: ======'both_flippers_one'====== Args={'triggering_group': 1, 'triggering_switch': 's_left_flipper'}
2025-11-09 12:31:29,377 : INFO : Timer.pause_timer : Stopping Timer
2025-11-09 12:31:29,378 : INFO : EventManager : Event: ======'timer_pause_timer_stopped'====== Args={'ticks': 0, 'ticks_remaining': 1}
2025-11-09 12:31:29,378 : INFO : SwitchController : <<<<<<< 's_right_flipper' inactive >>>>>>>
2025-11-09 12:31:29,378 : INFO : EventManager : Event: ======'both_flippers_inactive'====== Args={'triggering_group': 2, 'triggering_switch': 's_right_flipper'}
2025-11-09 12:31:30,295 : INFO : SwitchController : <<<<<<< 's_left_flipper' active >>>>>>>
2025-11-09 12:31:30,295 : INFO : EventManager : Event: ======'s_left_flipper_active'====== Args={}
2025-11-09 12:31:30,296 : INFO : EventManager : Event: ======'machine_var_audits_switches_s_left_flipper'====== Args={'value': 376, 'prev_value': 375, 'change': 1}
2025-11-09 12:31:30,328 : INFO : SwitchController : <<<<<<< 's_right_flipper' active >>>>>>>
2025-11-09 12:31:30,328 : INFO : EventManager : Event: ======'s_right_flipper_active'====== Args={}
2025-11-09 12:31:30,328 : INFO : EventManager : Event: ======'flipper_cancel'====== Args={'triggering_group': 2, 'triggering_switch': 's_right_flipper'}
2025-11-09 12:31:30,329 : INFO : EventManager : Event: ======'machine_var_audits_switches_s_right_flipper'====== Args={'value': 652, 'prev_value': 651, 'change': 1}
2025-11-09 12:31:30,511 : INFO : SwitchController : <<<<<<< 's_left_flipper' inactive >>>>>>>
2025-11-09 12:31:30,511 : INFO : EventManager : Event: ======'both_flippers_one'====== Args={'triggering_group': 1, 'triggering_switch': 's_left_flipper'}
2025-11-09 12:31:30,512 : INFO : Timer.pause_timer : Stopping Timer
2025-11-09 12:31:30,512 : INFO : EventManager : Event: ======'timer_pause_timer_stopped'====== Args={'ticks': 0, 'ticks_remaining': 1}
2025-11-09 12:31:30,544 : INFO : SwitchController : <<<<<<< 's_right_flipper' inactive >>>>>>>
2025-11-09 12:31:30,544 : INFO : EventManager : Event: ======'both_flippers_inactive'====== Args={'triggering_group': 2, 'triggering_switch': 's_right_flipper'}
2025-11-09 12:31:30,694 : INFO : SwitchController : <<<<<<< 's_right_flipper' active >>>>>>>
2025-11-09 12:31:30,694 : INFO : EventManager : Event: ======'s_right_flipper_active'====== Args={}
2025-11-09 12:31:30,694 : INFO : EventManager : Event: ======'machine_var_audits_switches_s_right_flipper'====== Args={'value': 653, 'prev_value': 652, 'change': 1}
2025-11-09 12:31:30,710 : INFO : SwitchController : <<<<<<< 's_left_flipper' active >>>>>>>
2025-11-09 12:31:30,710 : INFO : EventManager : Event: ======'s_left_flipper_active'====== Args={}
2025-11-09 12:31:30,710 : INFO : EventManager : Event: ======'flipper_cancel'====== Args={'triggering_group': 1, 'triggering_switch': 's_left_flipper'}
2025-11-09 12:31:30,710 : INFO : EventManager : Event: ======'machine_var_audits_switches_s_left_flipper'====== Args={'value': 377, 'prev_value': 376, 'change': 1}
2025-11-09 12:31:30,926 : INFO : SwitchController : <<<<<<< 's_left_flipper' inactive >>>>>>>
2025-11-09 12:31:30,926 : INFO : EventManager : Event: ======'both_flippers_one'====== Args={'triggering_group': 1, 'triggering_switch': 's_left_flipper'}
2025-11-09 12:31:30,927 : INFO : Timer.pause_timer : Stopping Timer
2025-11-09 12:31:30,927 : INFO : EventManager : Event: ======'timer_pause_timer_stopped'====== Args={'ticks': 0, 'ticks_remaining': 1}
2025-11-09 12:31:30,928 : INFO : SwitchController : <<<<<<< 's_right_flipper' inactive >>>>>>>
2025-11-09 12:31:30,928 : INFO : EventManager : Event: ======'both_flippers_inactive'====== Args={'triggering_group': 2, 'triggering_switch': 's_right_flipper'}
2025-11-09 12:31:31,232 : INFO : SwitchController : <<<<<<< 's_left_flipper' active >>>>>>>
2025-11-09 12:31:31,232 : INFO : EventManager : Event: ======'s_left_flipper_active'====== Args={}
2025-11-09 12:31:31,233 : INFO : EventManager : Event: ======'machine_var_audits_switches_s_left_flipper'====== Args={'value': 378, 'prev_value': 377, 'change': 1}
2025-11-09 12:31:31,233 : INFO : SwitchController : <<<<<<< 's_right_flipper' active >>>>>>>
2025-11-09 12:31:31,233 : INFO : EventManager : Event: ======'s_right_flipper_active'====== Args={}
2025-11-09 12:31:31,234 : INFO : EventManager : Event: ======'flipper_cancel'====== Args={'triggering_group': 2, 'triggering_switch': 's_right_flipper'}
2025-11-09 12:31:31,234 : INFO : EventManager : Event: ======'machine_var_audits_switches_s_right_flipper'====== Args={'value': 654, 'prev_value': 653, 'change': 1}
2025-11-09 12:31:31,395 : INFO : SwitchController : <<<<<<< 's_right_flipper' inactive >>>>>>>
2025-11-09 12:31:31,395 : INFO : EventManager : Event: ======'both_flippers_one'====== Args={'triggering_group': 2, 'triggering_switch': 's_right_flipper'}
2025-11-09 12:31:31,395 : INFO : Timer.pause_timer : Stopping Timer
2025-11-09 12:31:31,395 : INFO : EventManager : Event: ======'timer_pause_timer_stopped'====== Args={'ticks': 0, 'ticks_remaining': 1}
2025-11-09 12:31:31,411 : INFO : SwitchController : <<<<<<< 's_left_flipper' inactive >>>>>>>
2025-11-09 12:31:31,411 : INFO : EventManager : Event: ======'both_flippers_inactive'====== Args={'triggering_group': 1, 'triggering_switch': 's_left_flipper'}
2025-11-09 12:31:31,894 : INFO : SwitchController : <<<<<<< 's_left_flipper' active >>>>>>>
2025-11-09 12:31:31,895 : INFO : EventManager : Event: ======'s_left_flipper_active'====== Args={}
2025-11-09 12:31:31,896 : INFO : EventManager : Event: ======'machine_var_audits_switches_s_left_flipper'====== Args={'value': 379, 'prev_value': 378, 'change': 1}
2025-11-09 12:31:31,911 : INFO : SwitchController : <<<<<<< 's_right_flipper' active >>>>>>>
2025-11-09 12:31:31,911 : INFO : EventManager : Event: ======'s_right_flipper_active'====== Args={}
2025-11-09 12:31:31,911 : INFO : EventManager : Event: ======'flipper_cancel'====== Args={'triggering_group': 2, 'triggering_switch': 's_right_flipper'}
2025-11-09 12:31:31,912 : INFO : EventManager : Event: ======'machine_var_audits_switches_s_right_flipper'====== Args={'value': 655, 'prev_value': 654, 'change': 1}
2025-11-09 12:31:32,077 : INFO : SwitchController : <<<<<<< 's_right_flipper' inactive >>>>>>>
2025-11-09 12:31:32,077 : INFO : EventManager : Event: ======'both_flippers_one'====== Args={'triggering_group': 2, 'triggering_switch': 's_right_flipper'}
2025-11-09 12:31:32,077 : INFO : Timer.pause_timer : Stopping Timer
2025-11-09 12:31:32,077 : INFO : EventManager : Event: ======'timer_pause_timer_stopped'====== Args={'ticks': 0, 'ticks_remaining': 1}
2025-11-09 12:31:32,078 : INFO : SwitchController : <<<<<<< 's_left_flipper' inactive >>>>>>>
2025-11-09 12:31:32,078 : INFO : EventManager : Event: ======'both_flippers_inactive'====== Args={'triggering_group': 1, 'triggering_switch': 's_left_flipper'}
2025-11-09 12:31:32,529 : INFO : SwitchController : <<<<<<< 's_left_flipper' active >>>>>>>
2025-11-09 12:31:32,529 : INFO : EventManager : Event: ======'s_left_flipper_active'====== Args={}
2025-11-09 12:31:32,530 : INFO : EventManager : Event: ======'machine_var_audits_switches_s_left_flipper'====== Args={'value': 380, 'prev_value': 379, 'change': 1}
2025-11-09 12:31:32,531 : INFO : SwitchController : <<<<<<< 's_right_flipper' active >>>>>>>
2025-11-09 12:31:32,531 : INFO : EventManager : Event: ======'s_right_flipper_active'====== Args={}
2025-11-09 12:31:32,531 : INFO : EventManager : Event: ======'flipper_cancel'====== Args={'triggering_group': 2, 'triggering_switch': 's_right_flipper'}
2025-11-09 12:31:32,532 : INFO : EventManager : Event: ======'machine_var_audits_switches_s_right_flipper'====== Args={'value': 656, 'prev_value': 655, 'change': 1}
2025-11-09 12:31:32,711 : INFO : SwitchController : <<<<<<< 's_right_flipper' inactive >>>>>>>
2025-11-09 12:31:32,711 : INFO : EventManager : Event: ======'both_flippers_one'====== Args={'triggering_group': 2, 'triggering_switch': 's_right_flipper'}
2025-11-09 12:31:32,712 : INFO : Timer.pause_timer : Stopping Timer
2025-11-09 12:31:32,712 : INFO : EventManager : Event: ======'timer_pause_timer_stopped'====== Args={'ticks': 0, 'ticks_remaining': 1}
2025-11-09 12:31:32,728 : INFO : SwitchController : <<<<<<< 's_left_flipper' inactive >>>>>>>
2025-11-09 12:31:32,728 : INFO : EventManager : Event: ======'both_flippers_inactive'====== Args={'triggering_group': 1, 'triggering_switch': 's_left_flipper'}
2025-11-09 12:31:33,228 : INFO : SwitchController : <<<<<<< 's_left_flipper' active >>>>>>>
2025-11-09 12:31:33,228 : INFO : EventManager : Event: ======'s_left_flipper_active'====== Args={}
2025-11-09 12:31:33,229 : INFO : EventManager : Event: ======'machine_var_audits_switches_s_left_flipper'====== Args={'value': 381, 'prev_value': 380, 'change': 1}
2025-11-09 12:31:33,229 : INFO : SwitchController : <<<<<<< 's_right_flipper' active >>>>>>>
2025-11-09 12:31:33,229 : INFO : EventManager : Event: ======'s_right_flipper_active'====== Args={}
2025-11-09 12:31:33,230 : INFO : EventManager : Event: ======'flipper_cancel'====== Args={'triggering_group': 2, 'triggering_switch': 's_right_flipper'}
2025-11-09 12:31:33,230 : INFO : EventManager : Event: ======'machine_var_audits_switches_s_right_flipper'====== Args={'value': 657, 'prev_value': 656, 'change': 1}
2025-11-09 12:31:33,428 : INFO : SwitchController : <<<<<<< 's_left_flipper' inactive >>>>>>>
2025-11-09 12:31:33,428 : INFO : EventManager : Event: ======'both_flippers_one'====== Args={'triggering_group': 1, 'triggering_switch': 's_left_flipper'}
2025-11-09 12:31:33,429 : INFO : Timer.pause_timer : Stopping Timer
2025-11-09 12:31:33,429 : INFO : EventManager : Event: ======'timer_pause_timer_stopped'====== Args={'ticks': 0, 'ticks_remaining': 1}
2025-11-09 12:31:33,445 : INFO : SwitchController : <<<<<<< 's_right_flipper' inactive >>>>>>>
2025-11-09 12:31:33,445 : INFO : EventManager : Event: ======'both_flippers_inactive'====== Args={'triggering_group': 2, 'triggering_switch': 's_right_flipper'}
2025-11-09 18:49:15,596 : INFO : Machine : Shutting down...
2025-11-09 18:49:15,596 : INFO : EventManager : Event: ======'shutdown'====== Args={}
2025-11-09 18:49:15,599 : INFO : EventManager : Event: ======'mode_game_will_stop'====== Args={}
2025-11-09 18:49:15,600 : INFO : EventManager : Event: ======'mode_game_stopping'====== Args={}
2025-11-09 18:49:15,600 : INFO : EventManager : Event: ======'mode_base_will_stop'====== Args={}
2025-11-09 18:49:15,600 : INFO : EventManager : Event: ======'mode_base_stopping'====== Args={}
2025-11-09 18:49:15,600 : INFO : EventManager : Event: ======'mode_skull_will_stop'====== Args={}
2025-11-09 18:49:15,600 : INFO : EventManager : Event: ======'mode_skull_stopping'====== Args={}
2025-11-09 18:49:15,600 : INFO : EventManager : Event: ======'mode_bumpers_will_stop'====== Args={}
2025-11-09 18:49:15,600 : INFO : EventManager : Event: ======'mode_bumpers_stopping'====== Args={}
2025-11-09 18:49:15,601 : INFO : EventManager : Event: ======'mode_csi_lanes_will_stop'====== Args={}
2025-11-09 18:49:15,601 : INFO : EventManager : Event: ======'mode_csi_lanes_stopping'====== Args={}
2025-11-09 18:49:15,601 : INFO : EventManager : Event: ======'stop_mode_bumpers'====== Args={'priority': 0}
2025-11-09 18:49:15,601 : INFO : EventManager : Event: ======'stop_mode_csi_lanes'====== Args={'priority': 0}
2025-11-09 18:49:15,601 : INFO : EventManager : Event: ======'stop_mode_skull'====== Args={'priority': 0}
2025-11-09 18:49:15,601 : INFO : Mode.csi_lanes : Stopped.
2025-11-09 18:49:15,601 : INFO : EventManager : Event: ======'modes_active_modes_changed'====== Args={}
2025-11-09 18:49:15,602 : INFO : EventManager : Event: ======'mode_csi_lanes_stopped'====== Args={}
2025-11-09 18:49:15,602 : INFO : EventManager : Event: ======'clear'====== Args={'key': 'csi_lanes'}
2025-11-09 18:49:15,602 : INFO : Timer.csi_right_orbit_timer : Stopping Timer
2025-11-09 18:49:15,602 : INFO : EventManager : Event: ======'timer_csi_right_orbit_timer_stopped'====== Args={'ticks': 0, 'ticks_remaining': 0}
2025-11-09 18:49:15,603 : INFO : Timer.csi_lanes_timer : Stopping Timer
2025-11-09 18:49:15,603 : INFO : EventManager : Event: ======'timer_csi_lanes_timer_stopped'====== Args={'ticks': 1, 'ticks_remaining': 1}
2025-11-09 18:49:15,603 : INFO : Mode.bumpers : Stopped.
2025-11-09 18:49:15,603 : INFO : EventManager : Event: ======'modes_active_modes_changed'====== Args={}
2025-11-09 18:49:15,603 : INFO : EventManager : Event: ======'mode_bumpers_stopped'====== Args={}
2025-11-09 18:49:15,603 : INFO : EventManager : Event: ======'clear'====== Args={'key': 'bumpers'}
2025-11-09 18:49:15,603 : INFO : Timer.bumper_timer : Stopping Timer
2025-11-09 18:49:15,603 : INFO : EventManager : Event: ======'timer_bumper_timer_stopped'====== Args={'ticks': 1, 'ticks_remaining': 1}
2025-11-09 18:49:15,604 : INFO : Mode.skull : Stopped.
2025-11-09 18:49:15,604 : INFO : EventManager : Event: ======'modes_active_modes_changed'====== Args={}
2025-11-09 18:49:15,604 : INFO : EventManager : Event: ======'mode_skull_stopped'====== Args={}
2025-11-09 18:49:15,604 : INFO : EventManager : Event: ======'clear'====== Args={'key': 'skull'}
2025-11-09 18:49:15,604 : INFO : Timer.pause_timer : Stopping Timer
2025-11-09 18:49:15,604 : INFO : EventManager : Event: ======'timer_pause_timer_stopped'====== Args={'ticks': 0, 'ticks_remaining': 1}
2025-11-09 18:49:15,604 : INFO : Mode.base : Stopped.
2025-11-09 18:49:15,604 : INFO : EventManager : Event: ======'modes_active_modes_changed'====== Args={}
2025-11-09 18:49:15,604 : INFO : EventManager : Event: ======'mode_base_stopped'====== Args={}
2025-11-09 18:49:15,604 : INFO : EventManager : Event: ======'clear'====== Args={'key': 'base'}
2025-11-09 18:49:15,604 : INFO : Timer.player_added_timer : Stopping Timer
2025-11-09 18:49:15,604 : INFO : EventManager : Event: ======'timer_player_added_timer_stopped'====== Args={'ticks': 1, 'ticks_remaining': 1}
2025-11-09 18:49:15,605 : INFO : Mode.game : Stopped.
2025-11-09 18:49:15,605 : INFO : EventManager : Event: ======'modes_active_modes_changed'====== Args={}
2025-11-09 18:49:15,605 : INFO : EventManager : Event: ======'mode_game_stopped'====== Args={}
2025-11-09 18:49:15,605 : INFO : EventManager : Event: ======'clear'====== Args={'key': 'game'}
2025-11-09 18:49:15,607 : INFO : root : MPF run loop ended.
