2025-11-02 00:50:49,709 : INFO : root : Loading config.
2025-11-02 00:50:49,710 : INFO : YamlMultifileConfigLoader : Machine config file #1: config.yaml
2025-11-02 00:50:49,710 : INFO : ConfigProcessor : Loading config from cache: /var/folders/m3/0d4y64_n3fn8tnkv3ydlhztw0000gn/T/5ca32a6c950d03116abbed96ca44d372.mpf_cache
2025-11-02 00:50:49,722 : INFO : ConfigProcessor : Loading config from cache: /var/folders/m3/0d4y64_n3fn8tnkv3ydlhztw0000gn/T/01c495fa7450a81b4be96cb699872531.mpf_cache
2025-11-02 00:50:49,722 : INFO : ConfigProcessor : Loading config from cache: /var/folders/m3/0d4y64_n3fn8tnkv3ydlhztw0000gn/T/bfde29b5bb803376b0637bb8f0da27a7.mpf_cache
2025-11-02 00:50:49,722 : INFO : ConfigProcessor : Loading config from cache: /var/folders/m3/0d4y64_n3fn8tnkv3ydlhztw0000gn/T/01c495fa7450a81b4be96cb699872531.mpf_cache
2025-11-02 00:50:49,722 : INFO : ConfigProcessor : Loading config from cache: /var/folders/m3/0d4y64_n3fn8tnkv3ydlhztw0000gn/T/3ae89e09515ff8d8b11d68f672b2cc51.mpf_cache
2025-11-02 00:50:49,722 : INFO : ConfigProcessor : Loading config from cache: /var/folders/m3/0d4y64_n3fn8tnkv3ydlhztw0000gn/T/4c420229fa75118c2461cfc9ff5a44e2.mpf_cache
2025-11-02 00:50:49,722 : INFO : Machine : Mission Pinball Framework Core Engine v0.80.0.dev10
2025-11-02 00:50:49,722 : INFO : Machine : Command line arguments: {'no_load_cache': False, 'create_config_cache': True, 'bcp': True, 'configfile': ['config.yaml'], 'force_assets_load': False, 'platform_integration_test': False, 'jsonlogging': False, 'logfile': 'logs/2025-11-02-00-50-49-mpf-mac.home.log', 'pause': False, 'production': False, 'text_ui': False, 'loglevel': 15, 'consoleloglevel': 20, 'force_platform': 'smart_virtual', 'syslog_address': None, 'full_logfile_path': '/Users/didiergilbin/Desktop/Homebrew_CSI/logs/2025-11-02-00-50-49-mpf-mac.home.log'}
2025-11-02 00:50:49,722 : INFO : Machine : MPF path: /Users/didiergilbin/mpfenv/lib/python3.13/site-packages/mpf
2025-11-02 00:50:49,722 : INFO : Machine : Machine path: /Users/didiergilbin/Desktop/Homebrew_CSI
2025-11-02 00:50:49,722 : INFO : Machine : Platform: darwin
2025-11-02 00:50:49,722 : INFO : Machine : Python executable location: /Users/didiergilbin/mpfenv/bin/python3.13
2025-11-02 00:50:49,722 : INFO : Machine : Python version: 3.13.7 (64-bit)
2025-11-02 00:50:49,723 : INFO : Machine : Initializing MPF...
2025-11-02 00:50:49,735 : INFO : EventManager : Event: ======'machine_var_credits_string'====== Args={'value': 'FREE PLAY', 'prev_value': None, 'change': True}
2025-11-02 00:50:49,738 : INFO : EventManager : Event: ======'machine_var_master_volume'====== Args={'value': 0.5, 'prev_value': None, 'change': True}
2025-11-02 00:50:49,738 : INFO : EventManager : Event: ======'machine_var_player1_score'====== Args={'value': 0, 'prev_value': None, 'change': True}
2025-11-02 00:50:49,738 : INFO : EventManager : Event: ======'machine_var_mpf_version'====== Args={'value': 'Mission Pinball Framework v0.80.0.dev10', 'prev_value': None, 'change': True}
2025-11-02 00:50:49,738 : INFO : EventManager : Event: ======'machine_var_mpf_extended_version'====== Args={'value': 'Mission Pinball Framework v0.80.0.dev10, Config version:6, Show version: 6, BCP version:1.1', 'prev_value': None, 'change': True}
2025-11-02 00:50:49,738 : INFO : EventManager : Event: ======'machine_var_python_version'====== Args={'value': '3.13.7', 'prev_value': None, 'change': True}
2025-11-02 00:50:49,744 : INFO : EventManager : Event: ======'machine_var_platform'====== Args={'value': 'macOS-15.6.1-arm64-arm-64bit-Mach-O', 'prev_value': None, 'change': True}
2025-11-02 00:50:49,744 : INFO : EventManager : Event: ======'machine_var_platform_system'====== Args={'value': 'Darwin', 'prev_value': None, 'change': True}
2025-11-02 00:50:49,744 : INFO : EventManager : Event: ======'machine_var_platform_release'====== Args={'value': '24.6.0', 'prev_value': None, 'change': True}
2025-11-02 00:50:49,744 : INFO : EventManager : Event: ======'machine_var_platform_version'====== Args={'value': 'Darwin Kernel Version 24.6.0: Mon Jul 14 11:30:40 PDT 2025; root:xnu-11417.140.69~1/RELEASE_ARM64_T8132', 'prev_value': None, 'change': True}
2025-11-02 00:50:49,744 : INFO : EventManager : Event: ======'machine_var_platform_machine'====== Args={'value': 'arm64', 'prev_value': None, 'change': True}
2025-11-02 00:50:49,744 : INFO : EventManager : Event: ======'machine_var_log_file_path'====== Args={'value': '/Users/didiergilbin/Desktop/Homebrew_CSI/logs/2025-11-02-00-50-49-mpf-mac.home.log', 'prev_value': None, 'change': True}
2025-11-02 00:50:49,744 : INFO : EventManager : Event: ======'init_phase_1'====== Args={}
2025-11-02 00:50:49,749 : INFO : EventManager : Event: ======'init_phase_2'====== Args={}
2025-11-02 00:50:49,749 : INFO : SwitchController : Found active switch: ('2', <Platform.SmartVirtual>) <switch.s_trough1>
2025-11-02 00:50:49,749 : INFO : SwitchController : Found active switch: ('3', <Platform.SmartVirtual>) <switch.s_trough2>
2025-11-02 00:50:49,749 : INFO : SwitchController : Found active switch: ('4', <Platform.SmartVirtual>) <switch.s_trough3>
2025-11-02 00:50:49,749 : INFO : SwitchController : Found active switch: ('5', <Platform.SmartVirtual>) <switch.s_trough4>
2025-11-02 00:50:49,750 : INFO : EventManager : Event: ======'bcp_connection_attempt'====== Args={'name': 'local_display', 'host': 'localhost', 'port': 5050}
2025-11-02 00:50:49,750 : INFO : BCPClientSocket : Connecting BCP to 'local_display' at localhost:5050...
2025-11-02 00:50:49,753 : INFO : BCPClientSocket : Connected BCP to 'local_display' localhost:5050
2025-11-02 00:50:49,753 : INFO : EventManager : Event: ======'bcp_clients_connected'====== Args={}
2025-11-02 00:50:49,753 : INFO : ball_device.bd_drain : BCH: Initial count: 0
2025-11-02 00:50:49,753 : INFO : ball_device.bd_drain : State: idle
2025-11-02 00:50:49,753 : INFO : ball_device.bd_trough : BCH: Initial count: 4
2025-11-02 00:50:49,753 : INFO : ball_device.bd_trough : State: idle
2025-11-02 00:50:49,754 : INFO : ball_device.bd_plunger : BCH: Initial count: 0
2025-11-02 00:50:49,754 : INFO : ball_device.bd_plunger : State: idle
2025-11-02 00:50:49,756 : INFO : EventManager : Event: ======'init_phase_3'====== Args={}
2025-11-02 00:50:49,757 : INFO : EventManager : Event: ======'init_phase_4'====== Args={}
2025-11-02 00:50:49,757 : INFO : BallController : Initial balls found: 4
2025-11-02 00:50:49,757 : INFO : EventManager : Event: ======'machine_var_audits_events_game_ended'====== Args={'value': 45, 'prev_value': None, 'change': True}
2025-11-02 00:50:49,757 : INFO : EventManager : Event: ======'machine_var_audits_events_game_started'====== Args={'value': 267, 'prev_value': None, 'change': True}
2025-11-02 00:50:49,757 : INFO : EventManager : Event: ======'machine_var_audits_missing_switches_s_launch_button'====== Args={'value': 267, 'prev_value': None, 'change': True}
2025-11-02 00:50:49,757 : INFO : EventManager : Event: ======'machine_var_audits_missing_switches_s_left_flipper'====== Args={'value': 2, 'prev_value': None, 'change': True}
2025-11-02 00:50:49,757 : INFO : EventManager : Event: ======'machine_var_audits_missing_switches_s_popbumper1'====== Args={'value': 1, 'prev_value': None, 'change': True}
2025-11-02 00:50:49,757 : INFO : EventManager : Event: ======'machine_var_audits_missing_switches_s_popbumper2'====== Args={'value': 1, 'prev_value': None, 'change': True}
2025-11-02 00:50:49,757 : INFO : EventManager : Event: ======'machine_var_audits_missing_switches_s_popbumper3'====== Args={'value': 1, 'prev_value': None, 'change': True}
2025-11-02 00:50:49,757 : INFO : EventManager : Event: ======'machine_var_audits_missing_switches_s_right_flipper'====== Args={'value': 2, 'prev_value': None, 'change': True}
2025-11-02 00:50:49,757 : INFO : EventManager : Event: ======'machine_var_audits_missing_switches_s_scoop'====== Args={'value': 45, 'prev_value': None, 'change': True}
2025-11-02 00:50:49,757 : INFO : EventManager : Event: ======'machine_var_audits_missing_switches_s_sling_left'====== Args={'value': 267, 'prev_value': None, 'change': True}
2025-11-02 00:50:49,757 : INFO : EventManager : Event: ======'machine_var_audits_missing_switches_s_sling_right'====== Args={'value': 267, 'prev_value': None, 'change': True}
2025-11-02 00:50:49,757 : INFO : EventManager : Event: ======'machine_var_audits_missing_switches_s_start'====== Args={'value': 1, 'prev_value': None, 'change': True}
2025-11-02 00:50:49,757 : INFO : EventManager : Event: ======'machine_var_audits_missing_switches_s_trough3'====== Args={'value': 45, 'prev_value': None, 'change': True}
2025-11-02 00:50:49,757 : INFO : EventManager : Event: ======'machine_var_audits_missing_switches_s_trough4'====== Args={'value': 45, 'prev_value': None, 'change': True}
2025-11-02 00:50:49,757 : INFO : EventManager : Event: ======'machine_var_audits_missing_switches_s_trough_jam'====== Args={'value': 1, 'prev_value': None, 'change': True}
2025-11-02 00:50:49,757 : INFO : EventManager : Event: ======'machine_var_audits_player_score'====== Args={'value': {'average': 225854, 'top': [10210000, 1550000, 1070000, 1070000, 810000, 640000, 530000, 460000, 410000, 410000], 'total': 97}, 'prev_value': None, 'change': True}
2025-11-02 00:50:49,757 : INFO : EventManager : Event: ======'machine_var_audits_shots_bumper1'====== Args={'value': 3128, 'prev_value': None, 'change': True}
2025-11-02 00:50:49,757 : INFO : EventManager : Event: ======'machine_var_audits_shots_bumper2'====== Args={'value': 3072, 'prev_value': None, 'change': True}
2025-11-02 00:50:49,757 : INFO : EventManager : Event: ======'machine_var_audits_shots_bumper3'====== Args={'value': 2774, 'prev_value': None, 'change': True}
2025-11-02 00:50:49,757 : INFO : EventManager : Event: ======'machine_var_audits_switches_s_drain'====== Args={'value': 438, 'prev_value': None, 'change': True}
2025-11-02 00:50:49,757 : INFO : EventManager : Event: ======'machine_var_audits_switches_s_launch_button'====== Args={'value': 0, 'prev_value': None, 'change': True}
2025-11-02 00:50:49,757 : INFO : EventManager : Event: ======'machine_var_audits_switches_s_left_flipper'====== Args={'value': 45, 'prev_value': None, 'change': True}
2025-11-02 00:50:49,757 : INFO : EventManager : Event: ======'machine_var_audits_switches_s_plunger_lane'====== Args={'value': 582, 'prev_value': None, 'change': True}
2025-11-02 00:50:49,757 : INFO : EventManager : Event: ======'machine_var_audits_switches_s_popbumper1'====== Args={'value': 3142, 'prev_value': None, 'change': True}
2025-11-02 00:50:49,757 : INFO : EventManager : Event: ======'machine_var_audits_switches_s_popbumper2'====== Args={'value': 3082, 'prev_value': None, 'change': True}
2025-11-02 00:50:49,757 : INFO : EventManager : Event: ======'machine_var_audits_switches_s_popbumper3'====== Args={'value': 2786, 'prev_value': None, 'change': True}
2025-11-02 00:50:49,757 : INFO : EventManager : Event: ======'machine_var_audits_switches_s_right_flipper'====== Args={'value': 76, 'prev_value': None, 'change': True}
2025-11-02 00:50:49,757 : INFO : EventManager : Event: ======'machine_var_audits_switches_s_scoop'====== Args={'value': 59, 'prev_value': None, 'change': True}
2025-11-02 00:50:49,757 : INFO : EventManager : Event: ======'machine_var_audits_switches_s_sling_left'====== Args={'value': 0, 'prev_value': None, 'change': True}
2025-11-02 00:50:49,757 : INFO : EventManager : Event: ======'machine_var_audits_switches_s_sling_right'====== Args={'value': 0, 'prev_value': None, 'change': True}
2025-11-02 00:50:49,757 : INFO : EventManager : Event: ======'machine_var_audits_switches_s_start'====== Args={'value': 560, 'prev_value': None, 'change': True}
2025-11-02 00:50:49,757 : INFO : EventManager : Event: ======'machine_var_audits_switches_s_trough1'====== Args={'value': 312, 'prev_value': None, 'change': True}
2025-11-02 00:50:49,757 : INFO : EventManager : Event: ======'machine_var_audits_switches_s_trough2'====== Args={'value': 11, 'prev_value': None, 'change': True}
2025-11-02 00:50:49,757 : INFO : EventManager : Event: ======'machine_var_audits_switches_s_trough3'====== Args={'value': 1, 'prev_value': None, 'change': True}
2025-11-02 00:50:49,757 : INFO : EventManager : Event: ======'machine_var_audits_switches_s_trough4'====== Args={'value': 1, 'prev_value': None, 'change': True}
2025-11-02 00:50:49,757 : INFO : EventManager : Event: ======'machine_var_audits_switches_s_trough_jam'====== Args={'value': 6, 'prev_value': None, 'change': True}
2025-11-02 00:50:49,758 : INFO : EventManager : Event: ======'init_phase_5'====== Args={}
2025-11-02 00:50:49,758 : INFO : EventManager : Event: ======'init_done'====== Args={}
2025-11-02 00:50:49,758 : INFO : EventManager : Event: ======'machine_reset_phase_1'====== Args={}
2025-11-02 00:50:49,770 : INFO : EventManager : Event: ======'machine_reset_phase_2'====== Args={}
2025-11-02 00:50:49,770 : INFO : EventManager : Event: ======'machine_reset_phase_3'====== Args={}
2025-11-02 00:50:49,770 : INFO : EventManager : Event: ======'reset_complete'====== Args={}
2025-11-02 00:50:49,770 : INFO : EventManager : Event: ======'mode_attract_will_start'====== Args={}
2025-11-02 00:50:49,770 : INFO : Timer.attract_carousel_timer : Starting Timer.
2025-11-02 00:50:49,770 : INFO : EventManager : Event: ======'timer_attract_carousel_timer_started'====== Args={'ticks': 0, 'ticks_remaining': 1}
2025-11-02 00:50:49,770 : INFO : EventManager : Event: ======'timer_attract_carousel_timer_tick'====== Args={'ticks': 0, 'ticks_remaining': 1}
2025-11-02 00:50:49,771 : INFO : EventManager : Event: ======'mode_attract_starting'====== Args={}
2025-11-02 00:50:49,771 : INFO : Mode.attract : Started. Priority: 10
2025-11-02 00:50:49,771 : INFO : EventManager : Event: ======'modes_active_modes_changed'====== Args={}
2025-11-02 00:50:49,771 : INFO : EventManager : Event: ======'mode_attract_started'====== Args={}
2025-11-02 00:50:49,771 : INFO : EventManager : Event: ======'collecting_balls_complete'====== Args={}
2025-11-02 00:50:49,771 : INFO : EventManager : Event: ======'carousel_item_highlighted'====== Args={'carousel': 'attract', 'direction': None, 'item': 'title'}
2025-11-02 00:50:49,772 : INFO : Machine : Starting the main run loop with active modes: [<Mode.attract>]
2025-11-02 00:50:49,839 : INFO : EventManager : Event: ======'slide_attract_created'====== Args={'_from_bcp': True}
2025-11-02 00:50:49,840 : INFO : EventManager : Event: ======'slide__removed'====== Args={'_from_bcp': True}
2025-11-02 00:50:49,840 : INFO : EventManager : Event: ======'slide_attract_active'====== Args={'original_context': 'attract', 'original_calling_context': 'mode_attract_started', 'priority': 10.0, 'cmd': 'slides_play', '_from_bcp': True}
2025-11-02 00:50:52,202 : INFO : SwitchController : <<<<<<< 's_start' active >>>>>>>
2025-11-02 00:50:52,320 : INFO : SwitchController : <<<<<<< 's_start' inactive >>>>>>>
2025-11-02 00:50:52,320 : INFO : EventManager : Event: ======'request_to_start_game'====== Args={}
2025-11-02 00:50:52,321 : INFO : EventManager : Event: ======'game_start'====== Args={'buttons': [], 'hold_time': 0.11719095800071955}
2025-11-02 00:50:52,321 : INFO : EventManager : Event: ======'mode_game_will_start'====== Args={'buttons': [], 'hold_time': 0.11719095800071955}
2025-11-02 00:50:52,322 : INFO : EventManager : Event: ======'mode_game_starting'====== Args={'buttons': [], 'hold_time': 0.11719095800071955}
2025-11-02 00:50:52,322 : INFO : EventManager : Event: ======'mode_attract_will_stop'====== Args={}
2025-11-02 00:50:52,322 : INFO : EventManager : Event: ======'mode_attract_stopping'====== Args={}
2025-11-02 00:50:52,322 : INFO : Mode.attract : Stopped.
2025-11-02 00:50:52,322 : INFO : EventManager : Event: ======'modes_active_modes_changed'====== Args={}
2025-11-02 00:50:52,323 : INFO : EventManager : Event: ======'mode_attract_stopped'====== Args={}
2025-11-02 00:50:52,323 : INFO : EventManager : Event: ======'clear'====== Args={'key': 'attract'}
2025-11-02 00:50:52,324 : INFO : Timer.attract_carousel_timer : Stopping Timer
2025-11-02 00:50:52,324 : INFO : EventManager : Event: ======'timer_attract_carousel_timer_stopped'====== Args={'ticks': 0, 'ticks_remaining': 1}
2025-11-02 00:50:52,324 : INFO : Mode.game : Started. Priority: 20
2025-11-02 00:50:52,324 : INFO : EventManager : Event: ======'modes_active_modes_changed'====== Args={}
2025-11-02 00:50:52,324 : INFO : EventManager : Event: ======'mode_game_started'====== Args={'buttons': [], 'hold_time': 0.11719095800071955}
2025-11-02 00:50:52,325 : INFO : EventManager : Event: ======'game_will_start'====== Args={}
2025-11-02 00:50:52,326 : INFO : EventManager : Event: ======'game_starting'====== Args={'game': <Mode.game>}
2025-11-02 00:50:52,326 : INFO : EventManager : Unordered handler for class <Auditor> on event game_ended with priority 1. Handlers: [RegisteredHandler(callback=<bound method Auditor.disable of <Auditor>>, priority=1, kwargs={}, key=UUID('db589760-840c-4a8b-a510-207b190d3fe2'), condition=None, blocking_facility=None), RegisteredHandler(callback=<bound method Auditor._save_audits of <Auditor>>, priority=1, kwargs={}, key=UUID('d7ca4578-95a7-444c-bc13-5237d0d25c32'), condition=None, blocking_facility=None)]. The order of those handlers is not defined and they will be executed in random order. This might lead to race conditions and potential bugs.
2025-11-02 00:50:52,327 : INFO : EventManager : Event: ======'player_add_request'====== Args={}
2025-11-02 00:50:52,327 : INFO : EventManager : Event: ======'player_will_add'====== Args={'number': 1}
2025-11-02 00:50:52,327 : INFO : EventManager : Event: ======'player_adding'====== Args={'player': <Player 1>, 'number': 1}
2025-11-02 00:50:52,327 : INFO : EventManager : Event: ======'player_added'====== Args={'player': <Player 1>, 'num': 1}
2025-11-02 00:50:52,327 : INFO : Mode.game : Player added successfully. Total players: 1
2025-11-02 00:50:52,328 : INFO : EventManager : Event: ======'player_index'====== Args={'value': 0, 'prev_value': 0, 'change': 0, 'player_num': 1}
2025-11-02 00:50:52,328 : INFO : EventManager : Event: ======'player_number'====== Args={'value': 1, 'prev_value': 1, 'change': 0, 'player_num': 1}
2025-11-02 00:50:52,328 : INFO : EventManager : Event: ======'player_score'====== Args={'value': 0, 'prev_value': 0, 'change': 0, 'player_num': 1}
2025-11-02 00:50:52,329 : INFO : EventManager : Event: ======'game_started'====== Args={}
2025-11-02 00:50:52,329 : INFO : EventManager : Event: ======'player_turn_will_start'====== Args={'player': <Player 1>, 'number': 1}
2025-11-02 00:50:52,330 : INFO : EventManager : Event: ======'player_turn_starting'====== Args={'player': <Player 1>, 'number': 1}
2025-11-02 00:50:52,335 : INFO : EventManager : Event: ======'player_ball'====== Args={'value': 1, 'prev_value': 0, 'change': 1, 'player_num': 1}
2025-11-02 00:50:52,336 : INFO : EventManager : Event: ======'player_turn_started'====== Args={'player': <Player 1>, 'number': 1}
2025-11-02 00:50:52,337 : INFO : EventManager : Event: ======'ball_will_start'====== Args={'player': 1, 'ball': 1, 'balls_remaining': 2, 'is_extra_ball': False}
2025-11-02 00:50:52,337 : INFO : EventManager : Event: ======'ball_starting'====== Args={'player': 1, 'ball': 1, 'balls_remaining': 2, 'is_extra_ball': False}
2025-11-02 00:50:52,338 : INFO : EventManager : Event: ======'mode_base_will_start'====== Args={'queue': <QueuedEvent>, 'player': 1, 'ball': 1, 'balls_remaining': 2, 'is_extra_ball': False}
2025-11-02 00:50:52,338 : INFO : EventManager : Event: ======'player_base_player_added_timer_tick'====== Args={'value': 0, 'prev_value': 0, 'change': 0, 'player_num': 1}
2025-11-02 00:50:52,338 : INFO : Timer.player_added_timer : Starting Timer.
2025-11-02 00:50:52,338 : INFO : EventManager : Event: ======'timer_player_added_timer_started'====== Args={'ticks': 0, 'ticks_remaining': 1}
2025-11-02 00:50:52,338 : INFO : EventManager : Event: ======'timer_player_added_timer_tick'====== Args={'ticks': 0, 'ticks_remaining': 1}
2025-11-02 00:50:52,339 : INFO : EventManager : Event: ======'mode_base_starting'====== Args={'queue': <QueuedEvent>, 'player': 1, 'ball': 1, 'balls_remaining': 2, 'is_extra_ball': False}
2025-11-02 00:50:52,339 : INFO : Mode.base : Started. Priority: 100
2025-11-02 00:50:52,339 : INFO : EventManager : Event: ======'modes_active_modes_changed'====== Args={}
2025-11-02 00:50:52,339 : INFO : EventManager : Event: ======'mode_base_started'====== Args={'queue': <QueuedEvent>, 'player': 1, 'ball': 1, 'balls_remaining': 2, 'is_extra_ball': False}
2025-11-02 00:50:52,340 : INFO : EventManager : Event: ======'start_mode_bumpers'====== Args={'priority': 0}
2025-11-02 00:50:52,340 : INFO : EventManager : Event: ======'mode_bumpers_will_start'====== Args={'priority': 0}
2025-11-02 00:50:52,340 : INFO : EventManager : Event: ======'player_shot_bumper1_enabled'====== Args={'value': True, 'prev_value': 0, 'change': 1, 'player_num': 1}
2025-11-02 00:50:52,340 : INFO : EventManager : Event: ======'player_shot_bumper2_enabled'====== Args={'value': True, 'prev_value': 0, 'change': 1, 'player_num': 1}
2025-11-02 00:50:52,341 : INFO : EventManager : Event: ======'player_shot_bumper3_enabled'====== Args={'value': True, 'prev_value': 0, 'change': 1, 'player_num': 1}
2025-11-02 00:50:52,341 : INFO : EventManager : Event: ======'bumpers_complete'====== Args={'state': 'unlit'}
2025-11-02 00:50:52,341 : INFO : EventManager : Event: ======'bumpers_unlit_complete'====== Args={}
2025-11-02 00:50:52,342 : INFO : EventManager : Event: ======'mode_bumpers_starting'====== Args={'priority': 0}
2025-11-02 00:50:52,342 : INFO : Mode.bumpers : Started. Priority: 200
2025-11-02 00:50:52,342 : INFO : EventManager : Event: ======'modes_active_modes_changed'====== Args={}
2025-11-02 00:50:52,342 : INFO : EventManager : Event: ======'mode_bumpers_started'====== Args={'priority': 0}
2025-11-02 00:50:52,342 : INFO : EventManager : Event: ======'balls_in_play'====== Args={'balls': 1}
2025-11-02 00:50:52,342 : INFO : EventManager : Event: ======'ball_started'====== Args={'player': 1, 'ball': 1, 'balls_remaining': 2, 'is_extra_ball': False}
2025-11-02 00:50:52,342 : INFO : EventManager : Event: ======'single_player_ball_started'====== Args={}
2025-11-02 00:50:52,343 : INFO : EventManager : Event: ======'ball_start_target'====== Args={'target': 'playfield'}
2025-11-02 00:50:52,343 : INFO : ball_device.bd_trough : Setting up player-controlled eject. Balls: 1, Target: <playfield.playfield>, player_controlled_eject_event: None
2025-11-02 00:50:52,343 : INFO : ball_device.bd_trough : Adding 1 ball(s) to the eject_queue with target <playfield.playfield>.
2025-11-02 00:50:52,343 : INFO : EventManager : Event: ======'balldevice_balls_available'====== Args={}
2025-11-02 00:50:52,343 : INFO : ball_device.bd_trough : State: waiting_for_target_ready
2025-11-02 00:50:52,344 : INFO : EventManager : Event: ======'balldevice_bd_trough_ball_eject_attempt'====== Args={'balls': 1, 'target': <ball_device.bd_plunger>, 'source': <ball_device.bd_trough>, 'mechanical_eject': False, 'num_attempts': 0}
2025-11-02 00:50:52,344 : INFO : ball_device.bd_plunger : State: waiting_for_ball
2025-11-02 00:50:52,344 : INFO : ball_device.bd_trough : State: ejecting
2025-11-02 00:50:52,344 : INFO : ball_device.bd_trough : Ejecting ball to <ball_device.bd_plunger>
2025-11-02 00:50:52,344 : INFO : EventManager : Event: ======'balldevice_bd_trough_ejecting_ball'====== Args={'balls': 1, 'target': <ball_device.bd_plunger>, 'source': <ball_device.bd_trough>, 'mechanical_eject': False, 'num_attempts': 0}
2025-11-02 00:50:52,344 : INFO : ball_device.bd_trough : Wait for ball to leave device
2025-11-02 00:50:52,345 : INFO : coil.c_trough_eject : Pulsing Driver for 20ms (1.0 pulse_power)
2025-11-02 00:50:52,345 : INFO : SwitchController : <<<<<<< 's_trough1' inactive >>>>>>>
2025-11-02 00:50:52,345 : INFO : ball_device.bd_trough : State: ball_left
2025-11-02 00:50:52,345 : INFO : ball_device.bd_trough : Ball left
2025-11-02 00:50:52,345 : INFO : ball_device.bd_trough : Wait for confirm with timeout 3.0
2025-11-02 00:50:52,446 : INFO : SwitchController : <<<<<<< 's_plunger_lane' active >>>>>>>
2025-11-02 00:50:52,446 : INFO : EventManager : Event: ======'machine_var_audits_switches_s_plunger_lane'====== Args={'value': 583, 'prev_value': 582, 'change': 1}
2025-11-02 00:50:52,522 : INFO : EventManager : Event: ======'slide_base_slide_created'====== Args={'_from_bcp': True}
2025-11-02 00:50:52,522 : INFO : EventManager : Event: ======'slide_attract_inactive'====== Args={'is_removing': True, '_from_bcp': True}
2025-11-02 00:50:52,522 : INFO : EventManager : Event: ======'slide_base_slide_active'====== Args={'original_context': 'base', 'original_calling_context': 'mode_base_started', 'priority': 100.0, 'queue': '<QueuedEvent>', 'player': 1.0, 'ball': 1.0, 'balls_remaining': 2.0, 'is_extra_ball': False, 'cmd': 'slides_play', '_from_bcp': True}
2025-11-02 00:50:52,523 : INFO : EventManager : Event: ======'slide_attract_removed'====== Args={'_from_bcp': True}
2025-11-02 00:50:52,947 : INFO : ball_device.bd_plunger : Received ball from <ball_device.bd_trough>
2025-11-02 00:50:52,948 : INFO : EventManager : Event: ======'balldevice_bd_plunger_ball_enter'====== Args={'new_balls': 1, 'unclaimed_balls': 0, 'new_available_balls': 0, 'device': <ball_device.bd_plunger>}
2025-11-02 00:50:52,949 : INFO : EventManager : Event: ======'balldevice_bd_plunger_ball_entered'====== Args={'new_balls': 0, 'device': <ball_device.bd_plunger>}
2025-11-02 00:50:52,949 : INFO : EventManager : Event: ======'balldevice_bd_plunger_ball_count_changed'====== Args={'balls': 1}
2025-11-02 00:50:52,949 : INFO : ball_device.bd_trough : Got eject confirm
2025-11-02 00:50:52,949 : INFO : ball_device.bd_trough : Eject successful
2025-11-02 00:50:52,949 : INFO : EventManager : Event: ======'balldevice_bd_trough_ball_eject_success'====== Args={'balls': 1, 'target': <ball_device.bd_plunger>}
2025-11-02 00:50:52,950 : INFO : ball_device.bd_plunger : State: waiting_for_target_ready
2025-11-02 00:50:52,950 : INFO : EventManager : Event: ======'balldevice_bd_plunger_ball_eject_attempt'====== Args={'balls': 1, 'target': <playfield.playfield>, 'source': <ball_device.bd_plunger>, 'mechanical_eject': False, 'num_attempts': 0}
2025-11-02 00:50:52,950 : INFO : EventManager : Event: ======'balldevice_bd_trough_ball_count_changed'====== Args={'balls': 3}
2025-11-02 00:50:52,950 : INFO : ball_device.bd_trough : State: idle
2025-11-02 00:50:52,950 : INFO : ball_device.bd_plunger : State: ejecting
2025-11-02 00:50:52,950 : INFO : ball_device.bd_plunger : Ejecting ball to <playfield.playfield>
2025-11-02 00:50:52,951 : INFO : EventManager : Event: ======'balldevice_bd_plunger_ejecting_ball'====== Args={'balls': 1, 'target': <playfield.playfield>, 'source': <ball_device.bd_plunger>, 'mechanical_eject': False, 'num_attempts': 0}
2025-11-02 00:50:52,952 : INFO : ball_device.bd_plunger : Wait for ball to leave device
2025-11-02 00:50:52,952 : INFO : coil.c_plunger : Pulsing Driver for 20ms (1.0 pulse_power)
2025-11-02 00:50:52,952 : INFO : SwitchController : <<<<<<< 's_plunger_lane' inactive >>>>>>>
2025-11-02 00:50:52,953 : INFO : ball_device.bd_plunger : State: ball_left
2025-11-02 00:50:52,954 : INFO : ball_device.bd_plunger : Ball left
2025-11-02 00:50:52,954 : INFO : ball_device.bd_plunger : Wait for confirm with timeout 3.0
2025-11-02 00:50:53,040 : INFO : EventManager : Event: ======'player_base_player_added_timer_tick'====== Args={'value': 1, 'prev_value': 0, 'change': 1, 'player_num': 1}
2025-11-02 00:50:53,040 : INFO : Timer.player_added_timer : Timer Complete
2025-11-02 00:50:53,040 : INFO : Timer.player_added_timer : Stopping Timer
2025-11-02 00:50:53,040 : INFO : EventManager : Event: ======'timer_player_added_timer_stopped'====== Args={'ticks': 1, 'ticks_remaining': 1}
2025-11-02 00:50:53,041 : INFO : EventManager : Event: ======'timer_player_added_timer_complete'====== Args={'ticks': 1, 'ticks_remaining': 1}
2025-11-02 00:50:54,503 : INFO : SwitchController : <<<<<<< 's_drain' active >>>>>>>
2025-11-02 00:50:54,503 : INFO : EventManager : Event: ======'machine_var_audits_switches_s_drain'====== Args={'value': 439, 'prev_value': 438, 'change': 1}
2025-11-02 00:50:55,003 : INFO : EventManager : Event: ======'balldevice_bd_drain_ball_count_changed'====== Args={'balls': 1}
2025-11-02 00:50:55,003 : INFO : ball_device.bd_drain : Received unexpected ball
2025-11-02 00:50:55,004 : INFO : EventManager : Event: ======'balldevice_captured_from_playfield'====== Args={'balls': 1}
2025-11-02 00:50:55,004 : INFO : EventManager : Event: ======'sw_playfield_active'====== Args={'balls': 1}
2025-11-02 00:50:55,004 : INFO : EventManager : Event: ======'playfield_active'====== Args={'source': None}
2025-11-02 00:50:55,004 : INFO : EventManager : Event: ======'playfield_ball_count_change'====== Args={'balls': -1, 'change': -1}
2025-11-02 00:50:55,005 : INFO : EventManager : Event: ======'balldevice_bd_drain_ball_enter'====== Args={'new_balls': 1, 'unclaimed_balls': 1, 'new_available_balls': 1, 'device': <ball_device.bd_drain>}
2025-11-02 00:50:55,005 : INFO : EventManager : Event: ======'ball_drain'====== Args={'device': <ball_device.bd_drain>, 'balls': 1}
2025-11-02 00:50:55,005 : INFO : ball_device.bd_plunger : Got eject confirm
2025-11-02 00:50:55,006 : INFO : ball_device.bd_plunger : Eject successful
2025-11-02 00:50:55,006 : INFO : EventManager : Event: ======'balldevice_bd_plunger_ball_eject_success'====== Args={'balls': 1, 'target': <playfield.playfield>}
2025-11-02 00:50:55,006 : INFO : EventManager : Event: ======'balldevice_playfield_ball_enter'====== Args={'new_balls': 1, 'unclaimed_balls': 1, 'device': <playfield.playfield>}
2025-11-02 00:50:55,006 : INFO : EventManager : Event: ======'playfield_ball_count_change'====== Args={'balls': 0, 'change': 1}
2025-11-02 00:50:55,006 : INFO : EventManager : Event: ======'ball_will_end'====== Args={}
2025-11-02 00:50:55,006 : INFO : EventManager : Event: ======'balldevice_balls_available'====== Args={}
2025-11-02 00:50:55,006 : INFO : EventManager : Event: ======'balldevice_balls_available'====== Args={}
2025-11-02 00:50:55,006 : INFO : EventManager : Event: ======'balldevice_bd_drain_ball_entered'====== Args={'new_balls': 1, 'device': <ball_device.bd_drain>}
2025-11-02 00:50:55,007 : INFO : EventManager : Event: ======'mode_base_will_stop'====== Args={}
2025-11-02 00:50:55,007 : INFO : EventManager : Event: ======'mode_base_stopping'====== Args={}
2025-11-02 00:50:55,008 : INFO : EventManager : Event: ======'stop_mode_bumpers'====== Args={'priority': 0}
2025-11-02 00:50:55,008 : INFO : EventManager : Event: ======'mode_bumpers_will_stop'====== Args={}
2025-11-02 00:50:55,008 : INFO : EventManager : Event: ======'mode_bumpers_stopping'====== Args={}
2025-11-02 00:50:55,008 : INFO : Mode.base : Stopped.
2025-11-02 00:50:55,008 : INFO : EventManager : Event: ======'modes_active_modes_changed'====== Args={}
2025-11-02 00:50:55,009 : INFO : EventManager : Event: ======'mode_base_stopped'====== Args={}
2025-11-02 00:50:55,009 : INFO : EventManager : Event: ======'clear'====== Args={'key': 'base'}
2025-11-02 00:50:55,009 : INFO : Timer.player_added_timer : Stopping Timer
2025-11-02 00:50:55,009 : INFO : EventManager : Event: ======'timer_player_added_timer_stopped'====== Args={'ticks': 1, 'ticks_remaining': 1}
2025-11-02 00:50:55,009 : INFO : Mode.bumpers : Stopped.
2025-11-02 00:50:55,009 : INFO : EventManager : Event: ======'modes_active_modes_changed'====== Args={}
2025-11-02 00:50:55,009 : INFO : EventManager : Event: ======'mode_bumpers_stopped'====== Args={}
2025-11-02 00:50:55,010 : INFO : EventManager : Event: ======'clear'====== Args={'key': 'bumpers'}
2025-11-02 00:50:55,010 : INFO : EventManager : Event: ======'balldevice_bd_plunger_ball_count_changed'====== Args={'balls': 0}
2025-11-02 00:50:55,010 : INFO : ball_device.bd_plunger : State: idle
2025-11-02 00:50:55,011 : INFO : EventManager : Event: ======'ball_ending'====== Args={}
2025-11-02 00:50:55,011 : INFO : EventManager : Event: ======'ball_ended'====== Args={}
2025-11-02 00:50:55,012 : INFO : EventManager : Event: ======'player_turn_will_end'====== Args={'player': <Player 1>, 'number': 1}
2025-11-02 00:50:55,012 : INFO : ball_device.bd_drain : State: waiting_for_target_ready
2025-11-02 00:50:55,012 : INFO : EventManager : Event: ======'balldevice_bd_drain_ball_eject_attempt'====== Args={'balls': 1, 'target': <ball_device.bd_trough>, 'source': <ball_device.bd_drain>, 'mechanical_eject': False, 'num_attempts': 0}
2025-11-02 00:50:55,013 : INFO : ball_device.bd_drain : State: ejecting
2025-11-02 00:50:55,013 : INFO : ball_device.bd_drain : Ejecting ball to <ball_device.bd_trough>
2025-11-02 00:50:55,013 : INFO : EventManager : Event: ======'balldevice_bd_drain_ejecting_ball'====== Args={'balls': 1, 'target': <ball_device.bd_trough>, 'source': <ball_device.bd_drain>, 'mechanical_eject': False, 'num_attempts': 0}
2025-11-02 00:50:55,013 : INFO : EventManager : Event: ======'player_turn_ending'====== Args={'player': <Player 1>, 'number': 1}
2025-11-02 00:50:55,013 : INFO : EventManager : Event: ======'player_turn_ended'====== Args={'player': <Player 1>, 'number': 1}
2025-11-02 00:50:55,013 : INFO : EventManager : Event: ======'player_turn_will_start'====== Args={'player': <Player 1>, 'number': 1}
2025-11-02 00:50:55,013 : INFO : ball_device.bd_drain : Wait for ball to leave device
2025-11-02 00:50:55,014 : INFO : coil.c_drain_eject : Pulsing Driver for 20ms (1.0 pulse_power)
2025-11-02 00:50:55,014 : INFO : SwitchController : <<<<<<< 's_drain' inactive >>>>>>>
2025-11-02 00:50:55,014 : INFO : EventManager : Event: ======'player_turn_starting'====== Args={'player': <Player 1>, 'number': 1}
2025-11-02 00:50:55,014 : INFO : EventManager : Event: ======'player_ball'====== Args={'value': 2, 'prev_value': 1, 'change': 1, 'player_num': 1}
2025-11-02 00:50:55,015 : INFO : EventManager : Event: ======'player_turn_started'====== Args={'player': <Player 1>, 'number': 1}
2025-11-02 00:50:55,015 : INFO : EventManager : Event: ======'ball_will_start'====== Args={'player': 1, 'ball': 2, 'balls_remaining': 1, 'is_extra_ball': False}
2025-11-02 00:50:55,015 : INFO : ball_device.bd_drain : State: ball_left
2025-11-02 00:50:55,015 : INFO : ball_device.bd_drain : Ball left
2025-11-02 00:50:55,015 : INFO : ball_device.bd_drain : Wait for confirm with timeout 10.0
2025-11-02 00:50:55,015 : INFO : EventManager : Event: ======'ball_starting'====== Args={'player': 1, 'ball': 2, 'balls_remaining': 1, 'is_extra_ball': False}
2025-11-02 00:50:55,016 : INFO : EventManager : Event: ======'mode_base_will_start'====== Args={'queue': <QueuedEvent>, 'player': 1, 'ball': 2, 'balls_remaining': 1, 'is_extra_ball': False}
2025-11-02 00:50:55,016 : INFO : EventManager : Event: ======'player_base_player_added_timer_tick'====== Args={'value': 0, 'prev_value': 1, 'change': -1, 'player_num': 1}
2025-11-02 00:50:55,016 : INFO : Timer.player_added_timer : Starting Timer.
2025-11-02 00:50:55,016 : INFO : EventManager : Event: ======'timer_player_added_timer_started'====== Args={'ticks': 0, 'ticks_remaining': 1}
2025-11-02 00:50:55,016 : INFO : EventManager : Event: ======'timer_player_added_timer_tick'====== Args={'ticks': 0, 'ticks_remaining': 1}
2025-11-02 00:50:55,017 : INFO : EventManager : Event: ======'mode_base_starting'====== Args={'queue': <QueuedEvent>, 'player': 1, 'ball': 2, 'balls_remaining': 1, 'is_extra_ball': False}
2025-11-02 00:50:55,017 : INFO : Mode.base : Started. Priority: 100
2025-11-02 00:50:55,017 : INFO : EventManager : Event: ======'modes_active_modes_changed'====== Args={}
2025-11-02 00:50:55,017 : INFO : EventManager : Event: ======'mode_base_started'====== Args={'queue': <QueuedEvent>, 'player': 1, 'ball': 2, 'balls_remaining': 1, 'is_extra_ball': False}
2025-11-02 00:50:55,018 : INFO : EventManager : Event: ======'start_mode_bumpers'====== Args={'priority': 0}
2025-11-02 00:50:55,018 : INFO : EventManager : Event: ======'mode_bumpers_will_start'====== Args={'priority': 0}
2025-11-02 00:50:55,020 : INFO : EventManager : Event: ======'mode_bumpers_starting'====== Args={'priority': 0}
2025-11-02 00:50:55,020 : INFO : Mode.bumpers : Started. Priority: 200
2025-11-02 00:50:55,020 : INFO : EventManager : Event: ======'modes_active_modes_changed'====== Args={}
2025-11-02 00:50:55,020 : INFO : EventManager : Event: ======'mode_bumpers_started'====== Args={'priority': 0}
2025-11-02 00:50:55,021 : INFO : EventManager : Event: ======'balls_in_play'====== Args={'balls': 1}
2025-11-02 00:50:55,021 : INFO : EventManager : Event: ======'ball_started'====== Args={'player': 1, 'ball': 2, 'balls_remaining': 1, 'is_extra_ball': False}
2025-11-02 00:50:55,021 : INFO : EventManager : Event: ======'single_player_ball_started'====== Args={}
2025-11-02 00:50:55,021 : INFO : EventManager : Event: ======'ball_start_target'====== Args={'target': 'playfield'}
2025-11-02 00:50:55,022 : INFO : ball_device.bd_trough : Setting up player-controlled eject. Balls: 1, Target: <playfield.playfield>, player_controlled_eject_event: None
2025-11-02 00:50:55,022 : INFO : ball_device.bd_trough : Adding 1 ball(s) to the eject_queue with target <playfield.playfield>.
2025-11-02 00:50:55,022 : INFO : EventManager : Event: ======'balldevice_balls_available'====== Args={}
2025-11-02 00:50:55,022 : INFO : ball_device.bd_trough : State: waiting_for_target_ready
2025-11-02 00:50:55,022 : INFO : EventManager : Event: ======'balldevice_bd_trough_ball_eject_attempt'====== Args={'balls': 1, 'target': <ball_device.bd_plunger>, 'source': <ball_device.bd_trough>, 'mechanical_eject': False, 'num_attempts': 0}
2025-11-02 00:50:55,022 : INFO : ball_device.bd_plunger : State: waiting_for_ball
2025-11-02 00:50:55,023 : INFO : ball_device.bd_trough : State: ejecting
2025-11-02 00:50:55,023 : INFO : ball_device.bd_trough : Ejecting ball to <ball_device.bd_plunger>
2025-11-02 00:50:55,023 : INFO : EventManager : Event: ======'balldevice_bd_trough_ejecting_ball'====== Args={'balls': 1, 'target': <ball_device.bd_plunger>, 'source': <ball_device.bd_trough>, 'mechanical_eject': False, 'num_attempts': 0}
2025-11-02 00:50:55,023 : INFO : ball_device.bd_trough : Wait for ball to leave device
2025-11-02 00:50:55,040 : INFO : EventManager : Event: ======'slide_base_slide_created'====== Args={'_from_bcp': True}
2025-11-02 00:50:55,041 : INFO : EventManager : Event: ======'slide_base_slide_inactive'====== Args={'is_removing': True, '_from_bcp': True}
2025-11-02 00:50:55,042 : INFO : EventManager : Event: ======'slide_base_slide_active'====== Args={'original_context': 'base', 'original_calling_context': 'mode_base_started', 'priority': 100.0, 'queue': '<QueuedEvent>', 'player': 1.0, 'ball': 2.0, 'balls_remaining': 1.0, 'is_extra_ball': False, 'cmd': 'slides_play', '_from_bcp': True}
2025-11-02 00:50:55,042 : INFO : EventManager : Event: ======'slide_base_slide_removed'====== Args={'_from_bcp': True}
2025-11-02 00:50:55,044 : INFO : coil.c_trough_eject : Pulsing Driver for 20ms (1.0 pulse_power)
2025-11-02 00:50:55,044 : INFO : SwitchController : <<<<<<< 's_trough2' inactive >>>>>>>
2025-11-02 00:50:55,045 : INFO : ball_device.bd_trough : State: ball_left
2025-11-02 00:50:55,045 : INFO : ball_device.bd_trough : Ball left
2025-11-02 00:50:55,045 : INFO : ball_device.bd_trough : Wait for confirm with timeout 3.0
2025-11-02 00:50:55,115 : INFO : SwitchController : <<<<<<< 's_trough1' active >>>>>>>
2025-11-02 00:50:55,115 : INFO : EventManager : Event: ======'machine_var_audits_switches_s_trough1'====== Args={'value': 313, 'prev_value': 312, 'change': 1}
2025-11-02 00:50:55,146 : INFO : SwitchController : <<<<<<< 's_plunger_lane' active >>>>>>>
2025-11-02 00:50:55,146 : INFO : EventManager : Event: ======'machine_var_audits_switches_s_plunger_lane'====== Args={'value': 584, 'prev_value': 583, 'change': 1}
2025-11-02 00:50:55,202 : WARNING : SwitchController : Received duplicate switch state 0 for switch s_drain from the platform interface. Log Code: Log-SwitchController-1 (https://missionpinball.org/logs)
2025-11-02 00:50:55,402 : INFO : SwitchController : <<<<<<< 's_drain' active >>>>>>>
2025-11-02 00:50:55,402 : INFO : EventManager : Event: ======'machine_var_audits_switches_s_drain'====== Args={'value': 440, 'prev_value': 439, 'change': 1}
2025-11-02 00:50:55,647 : INFO : ball_device.bd_plunger : Received ball from <ball_device.bd_trough>
2025-11-02 00:50:55,648 : INFO : EventManager : Event: ======'balldevice_bd_plunger_ball_enter'====== Args={'new_balls': 1, 'unclaimed_balls': 0, 'new_available_balls': 0, 'device': <ball_device.bd_plunger>}
2025-11-02 00:50:55,649 : INFO : EventManager : Event: ======'balldevice_bd_plunger_ball_entered'====== Args={'new_balls': 0, 'device': <ball_device.bd_plunger>}
2025-11-02 00:50:55,649 : INFO : EventManager : Event: ======'balldevice_bd_plunger_ball_count_changed'====== Args={'balls': 1}
2025-11-02 00:50:55,649 : INFO : ball_device.bd_trough : Got eject confirm
2025-11-02 00:50:55,649 : INFO : ball_device.bd_trough : Eject successful
2025-11-02 00:50:55,649 : INFO : EventManager : Event: ======'balldevice_bd_trough_ball_eject_success'====== Args={'balls': 1, 'target': <ball_device.bd_plunger>}
2025-11-02 00:50:55,650 : INFO : ball_device.bd_plunger : State: waiting_for_target_ready
2025-11-02 00:50:55,650 : INFO : EventManager : Event: ======'balldevice_bd_plunger_ball_eject_attempt'====== Args={'balls': 1, 'target': <playfield.playfield>, 'source': <ball_device.bd_plunger>, 'mechanical_eject': False, 'num_attempts': 0}
2025-11-02 00:50:55,650 : INFO : EventManager : Event: ======'balldevice_bd_trough_ball_count_changed'====== Args={'balls': 2}
2025-11-02 00:50:55,650 : INFO : ball_device.bd_trough : State: idle
2025-11-02 00:50:55,651 : INFO : EventManager : Event: ======'balldevice_bd_trough_ball_count_changed'====== Args={'balls': 3}
2025-11-02 00:50:55,651 : INFO : ball_device.bd_trough : Received ball from <ball_device.bd_drain>
2025-11-02 00:50:55,651 : INFO : EventManager : Event: ======'balldevice_bd_trough_ball_enter'====== Args={'new_balls': 1, 'unclaimed_balls': 0, 'new_available_balls': 0, 'device': <ball_device.bd_trough>}
2025-11-02 00:50:55,651 : INFO : ball_device.bd_plunger : State: ejecting
2025-11-02 00:50:55,651 : INFO : ball_device.bd_plunger : Ejecting ball to <playfield.playfield>
2025-11-02 00:50:55,651 : INFO : EventManager : Event: ======'balldevice_bd_plunger_ejecting_ball'====== Args={'balls': 1, 'target': <playfield.playfield>, 'source': <ball_device.bd_plunger>, 'mechanical_eject': False, 'num_attempts': 0}
2025-11-02 00:50:55,652 : INFO : EventManager : Event: ======'ball_drain'====== Args={'device': <ball_device.bd_trough>, 'balls': 0}
2025-11-02 00:50:55,653 : INFO : EventManager : Event: ======'balldevice_bd_trough_ball_entered'====== Args={'new_balls': 0, 'device': <ball_device.bd_trough>}
2025-11-02 00:50:55,653 : INFO : ball_device.bd_drain : Got eject confirm
2025-11-02 00:50:55,653 : INFO : ball_device.bd_drain : Eject successful
2025-11-02 00:50:55,653 : INFO : EventManager : Event: ======'balldevice_bd_drain_ball_eject_success'====== Args={'balls': 1, 'target': <ball_device.bd_trough>}
2025-11-02 00:50:55,654 : INFO : ball_device.bd_plunger : Wait for ball to leave device
2025-11-02 00:50:55,654 : INFO : coil.c_plunger : Pulsing Driver for 20ms (1.0 pulse_power)
2025-11-02 00:50:55,654 : INFO : SwitchController : <<<<<<< 's_plunger_lane' inactive >>>>>>>
2025-11-02 00:50:55,655 : INFO : EventManager : Event: ======'balldevice_bd_drain_ball_count_changed'====== Args={'balls': 0}
2025-11-02 00:50:55,656 : INFO : ball_device.bd_plunger : State: ball_left
2025-11-02 00:50:55,656 : INFO : ball_device.bd_plunger : Ball left
2025-11-02 00:50:55,656 : INFO : ball_device.bd_plunger : Wait for confirm with timeout 3.0
2025-11-02 00:50:55,717 : INFO : EventManager : Event: ======'player_base_player_added_timer_tick'====== Args={'value': 1, 'prev_value': 0, 'change': 1, 'player_num': 1}
2025-11-02 00:50:55,717 : INFO : Timer.player_added_timer : Timer Complete
2025-11-02 00:50:55,718 : INFO : Timer.player_added_timer : Stopping Timer
2025-11-02 00:50:55,718 : INFO : EventManager : Event: ======'timer_player_added_timer_stopped'====== Args={'ticks': 1, 'ticks_remaining': 1}
2025-11-02 00:50:55,718 : INFO : EventManager : Event: ======'timer_player_added_timer_complete'====== Args={'ticks': 1, 'ticks_remaining': 1}
2025-11-02 00:50:55,903 : INFO : ball_device.bd_drain : State: idle
2025-11-02 00:50:55,904 : INFO : EventManager : Event: ======'balldevice_bd_drain_ball_count_changed'====== Args={'balls': 1}
2025-11-02 00:50:55,904 : INFO : ball_device.bd_drain : Received unexpected ball
2025-11-02 00:50:55,904 : INFO : EventManager : Event: ======'balldevice_captured_from_playfield'====== Args={'balls': 1}
2025-11-02 00:50:55,904 : INFO : EventManager : Event: ======'sw_playfield_active'====== Args={'balls': 1}
2025-11-02 00:50:55,905 : INFO : EventManager : Event: ======'playfield_active'====== Args={'source': None}
2025-11-02 00:50:55,905 : INFO : EventManager : Event: ======'playfield_ball_count_change'====== Args={'balls': -1, 'change': -1}
2025-11-02 00:50:55,905 : INFO : EventManager : Event: ======'balldevice_bd_drain_ball_enter'====== Args={'new_balls': 1, 'unclaimed_balls': 1, 'new_available_balls': 1, 'device': <ball_device.bd_drain>}
2025-11-02 00:50:55,906 : INFO : EventManager : Event: ======'ball_drain'====== Args={'device': <ball_device.bd_drain>, 'balls': 1}
2025-11-02 00:50:55,906 : INFO : ball_device.bd_plunger : Got eject confirm
2025-11-02 00:50:55,906 : INFO : ball_device.bd_plunger : Eject successful
2025-11-02 00:50:55,906 : INFO : EventManager : Event: ======'balldevice_bd_plunger_ball_eject_success'====== Args={'balls': 1, 'target': <playfield.playfield>}
2025-11-02 00:50:55,906 : INFO : EventManager : Event: ======'balldevice_playfield_ball_enter'====== Args={'new_balls': 1, 'unclaimed_balls': 1, 'device': <playfield.playfield>}
2025-11-02 00:50:55,906 : INFO : EventManager : Event: ======'playfield_ball_count_change'====== Args={'balls': 0, 'change': 1}
2025-11-02 00:50:55,907 : INFO : EventManager : Event: ======'ball_will_end'====== Args={}
2025-11-02 00:50:55,907 : INFO : EventManager : Event: ======'balldevice_balls_available'====== Args={}
2025-11-02 00:50:55,907 : INFO : EventManager : Event: ======'balldevice_balls_available'====== Args={}
2025-11-02 00:50:55,907 : INFO : EventManager : Event: ======'balldevice_bd_drain_ball_entered'====== Args={'new_balls': 1, 'device': <ball_device.bd_drain>}
2025-11-02 00:50:55,907 : INFO : EventManager : Event: ======'mode_base_will_stop'====== Args={}
2025-11-02 00:50:55,907 : INFO : EventManager : Event: ======'mode_base_stopping'====== Args={}
2025-11-02 00:50:55,908 : INFO : EventManager : Event: ======'stop_mode_bumpers'====== Args={'priority': 0}
2025-11-02 00:50:55,908 : INFO : EventManager : Event: ======'mode_bumpers_will_stop'====== Args={}
2025-11-02 00:50:55,908 : INFO : EventManager : Event: ======'mode_bumpers_stopping'====== Args={}
2025-11-02 00:50:55,908 : INFO : Mode.base : Stopped.
2025-11-02 00:50:55,908 : INFO : EventManager : Event: ======'modes_active_modes_changed'====== Args={}
2025-11-02 00:50:55,909 : INFO : EventManager : Event: ======'mode_base_stopped'====== Args={}
2025-11-02 00:50:55,909 : INFO : EventManager : Event: ======'clear'====== Args={'key': 'base'}
2025-11-02 00:50:55,910 : INFO : Timer.player_added_timer : Stopping Timer
2025-11-02 00:50:55,910 : INFO : EventManager : Event: ======'timer_player_added_timer_stopped'====== Args={'ticks': 1, 'ticks_remaining': 1}
2025-11-02 00:50:55,910 : INFO : Mode.bumpers : Stopped.
2025-11-02 00:50:55,910 : INFO : EventManager : Event: ======'modes_active_modes_changed'====== Args={}
2025-11-02 00:50:55,910 : INFO : EventManager : Event: ======'mode_bumpers_stopped'====== Args={}
2025-11-02 00:50:55,910 : INFO : EventManager : Event: ======'clear'====== Args={'key': 'bumpers'}
2025-11-02 00:50:55,911 : INFO : EventManager : Event: ======'balldevice_bd_plunger_ball_count_changed'====== Args={'balls': 0}
2025-11-02 00:50:55,911 : INFO : ball_device.bd_plunger : State: idle
2025-11-02 00:50:55,912 : INFO : EventManager : Event: ======'ball_ending'====== Args={}
2025-11-02 00:50:55,912 : INFO : ball_device.bd_drain : State: waiting_for_target_ready
2025-11-02 00:50:55,912 : INFO : EventManager : Event: ======'balldevice_bd_drain_ball_eject_attempt'====== Args={'balls': 1, 'target': <ball_device.bd_trough>, 'source': <ball_device.bd_drain>, 'mechanical_eject': False, 'num_attempts': 0}
2025-11-02 00:50:55,913 : INFO : EventManager : Event: ======'ball_ended'====== Args={}
2025-11-02 00:50:55,913 : INFO : EventManager : Event: ======'player_turn_will_end'====== Args={'player': <Player 1>, 'number': 1}
2025-11-02 00:50:55,913 : INFO : ball_device.bd_drain : State: ejecting
2025-11-02 00:50:55,913 : INFO : ball_device.bd_drain : Ejecting ball to <ball_device.bd_trough>
2025-11-02 00:50:55,913 : INFO : EventManager : Event: ======'balldevice_bd_drain_ejecting_ball'====== Args={'balls': 1, 'target': <ball_device.bd_trough>, 'source': <ball_device.bd_drain>, 'mechanical_eject': False, 'num_attempts': 0}
2025-11-02 00:50:55,913 : INFO : EventManager : Event: ======'player_turn_ending'====== Args={'player': <Player 1>, 'number': 1}
2025-11-02 00:50:55,914 : INFO : ball_device.bd_drain : Wait for ball to leave device
2025-11-02 00:50:55,914 : INFO : coil.c_drain_eject : Pulsing Driver for 20ms (1.0 pulse_power)
2025-11-02 00:50:55,914 : INFO : SwitchController : <<<<<<< 's_drain' inactive >>>>>>>
2025-11-02 00:50:55,914 : INFO : EventManager : Event: ======'player_turn_ended'====== Args={'player': <Player 1>, 'number': 1}
2025-11-02 00:50:55,915 : INFO : EventManager : Event: ======'player_turn_will_start'====== Args={'player': <Player 1>, 'number': 1}
2025-11-02 00:50:55,915 : INFO : EventManager : Event: ======'player_turn_starting'====== Args={'player': <Player 1>, 'number': 1}
2025-11-02 00:50:55,916 : INFO : ball_device.bd_drain : State: ball_left
2025-11-02 00:50:55,916 : INFO : ball_device.bd_drain : Ball left
2025-11-02 00:50:55,916 : INFO : ball_device.bd_drain : Wait for confirm with timeout 10.0
2025-11-02 00:50:55,916 : INFO : EventManager : Event: ======'player_ball'====== Args={'value': 3, 'prev_value': 2, 'change': 1, 'player_num': 1}
2025-11-02 00:50:55,916 : INFO : EventManager : Event: ======'player_turn_started'====== Args={'player': <Player 1>, 'number': 1}
2025-11-02 00:50:55,916 : INFO : EventManager : Event: ======'ball_will_start'====== Args={'player': 1, 'ball': 3, 'balls_remaining': 0, 'is_extra_ball': False}
2025-11-02 00:50:55,917 : INFO : EventManager : Event: ======'ball_starting'====== Args={'player': 1, 'ball': 3, 'balls_remaining': 0, 'is_extra_ball': False}
2025-11-02 00:50:55,917 : INFO : EventManager : Event: ======'mode_base_will_start'====== Args={'queue': <QueuedEvent>, 'player': 1, 'ball': 3, 'balls_remaining': 0, 'is_extra_ball': False}
2025-11-02 00:50:55,917 : INFO : EventManager : Event: ======'player_base_player_added_timer_tick'====== Args={'value': 0, 'prev_value': 1, 'change': -1, 'player_num': 1}
2025-11-02 00:50:55,917 : INFO : Timer.player_added_timer : Starting Timer.
2025-11-02 00:50:55,918 : INFO : EventManager : Event: ======'timer_player_added_timer_started'====== Args={'ticks': 0, 'ticks_remaining': 1}
2025-11-02 00:50:55,918 : INFO : EventManager : Event: ======'timer_player_added_timer_tick'====== Args={'ticks': 0, 'ticks_remaining': 1}
2025-11-02 00:50:55,919 : INFO : EventManager : Event: ======'mode_base_starting'====== Args={'queue': <QueuedEvent>, 'player': 1, 'ball': 3, 'balls_remaining': 0, 'is_extra_ball': False}
2025-11-02 00:50:55,919 : INFO : Mode.base : Started. Priority: 100
2025-11-02 00:50:55,919 : INFO : EventManager : Event: ======'modes_active_modes_changed'====== Args={}
2025-11-02 00:50:55,919 : INFO : EventManager : Event: ======'mode_base_started'====== Args={'queue': <QueuedEvent>, 'player': 1, 'ball': 3, 'balls_remaining': 0, 'is_extra_ball': False}
2025-11-02 00:50:55,920 : INFO : EventManager : Event: ======'start_mode_bumpers'====== Args={'priority': 0}
2025-11-02 00:50:55,920 : INFO : EventManager : Event: ======'mode_bumpers_will_start'====== Args={'priority': 0}
2025-11-02 00:50:55,921 : INFO : EventManager : Event: ======'mode_bumpers_starting'====== Args={'priority': 0}
2025-11-02 00:50:55,921 : INFO : Mode.bumpers : Started. Priority: 200
2025-11-02 00:50:55,921 : INFO : EventManager : Event: ======'modes_active_modes_changed'====== Args={}
2025-11-02 00:50:55,921 : INFO : EventManager : Event: ======'mode_bumpers_started'====== Args={'priority': 0}
2025-11-02 00:50:55,921 : INFO : EventManager : Event: ======'balls_in_play'====== Args={'balls': 1}
2025-11-02 00:50:55,922 : INFO : EventManager : Event: ======'ball_started'====== Args={'player': 1, 'ball': 3, 'balls_remaining': 0, 'is_extra_ball': False}
2025-11-02 00:50:55,922 : INFO : EventManager : Event: ======'single_player_ball_started'====== Args={}
2025-11-02 00:50:55,922 : INFO : EventManager : Event: ======'ball_start_target'====== Args={'target': 'playfield'}
2025-11-02 00:50:55,922 : INFO : ball_device.bd_trough : Setting up player-controlled eject. Balls: 1, Target: <playfield.playfield>, player_controlled_eject_event: None
2025-11-02 00:50:55,922 : INFO : ball_device.bd_trough : Adding 1 ball(s) to the eject_queue with target <playfield.playfield>.
2025-11-02 00:50:55,923 : INFO : EventManager : Event: ======'balldevice_balls_available'====== Args={}
2025-11-02 00:50:55,923 : INFO : ball_device.bd_trough : State: waiting_for_target_ready
2025-11-02 00:50:55,923 : INFO : EventManager : Event: ======'balldevice_bd_trough_ball_eject_attempt'====== Args={'balls': 1, 'target': <ball_device.bd_plunger>, 'source': <ball_device.bd_trough>, 'mechanical_eject': False, 'num_attempts': 0}
2025-11-02 00:50:55,940 : INFO : EventManager : Event: ======'slide_base_slide_created'====== Args={'_from_bcp': True}
2025-11-02 00:50:55,940 : INFO : EventManager : Event: ======'slide_base_slide_inactive'====== Args={'is_removing': True, '_from_bcp': True}
2025-11-02 00:50:55,940 : INFO : EventManager : Event: ======'slide_base_slide_active'====== Args={'original_context': 'base', 'original_calling_context': 'mode_base_started', 'priority': 100.0, 'queue': '<QueuedEvent>', 'player': 1.0, 'ball': 3.0, 'balls_remaining': 0.0, 'is_extra_ball': False, 'cmd': 'slides_play', '_from_bcp': True}
2025-11-02 00:50:55,941 : INFO : EventManager : Event: ======'slide_base_slide_removed'====== Args={'_from_bcp': True}
2025-11-02 00:50:56,016 : INFO : SwitchController : <<<<<<< 's_trough2' active >>>>>>>
2025-11-02 00:50:56,016 : INFO : EventManager : Event: ======'machine_var_audits_switches_s_trough2'====== Args={'value': 12, 'prev_value': 11, 'change': 1}
2025-11-02 00:50:56,119 : WARNING : SwitchController : Received duplicate switch state 0 for switch s_drain from the platform interface. Log Code: Log-SwitchController-1 (https://missionpinball.org/logs)
2025-11-02 00:50:56,155 : INFO : ball_device.bd_trough : State: ejecting
2025-11-02 00:50:56,155 : INFO : ball_device.bd_trough : Ejecting ball to <ball_device.bd_plunger>
2025-11-02 00:50:56,155 : INFO : EventManager : Event: ======'balldevice_bd_trough_ejecting_ball'====== Args={'balls': 1, 'target': <ball_device.bd_plunger>, 'source': <ball_device.bd_trough>, 'mechanical_eject': False, 'num_attempts': 0}
2025-11-02 00:50:56,156 : INFO : ball_device.bd_plunger : State: waiting_for_ball
2025-11-02 00:50:56,352 : INFO : SwitchController : <<<<<<< 's_drain' active >>>>>>>
2025-11-02 00:50:56,352 : INFO : EventManager : Event: ======'machine_var_audits_switches_s_drain'====== Args={'value': 441, 'prev_value': 440, 'change': 1}
2025-11-02 00:50:56,517 : INFO : ball_device.bd_trough : Wait for ball to leave device
2025-11-02 00:50:56,517 : INFO : coil.c_trough_eject : Pulsing Driver for 20ms (1.0 pulse_power)
2025-11-02 00:50:56,518 : INFO : SwitchController : <<<<<<< 's_trough1' inactive >>>>>>>
2025-11-02 00:50:56,519 : INFO : ball_device.bd_trough : State: ball_left
2025-11-02 00:50:56,520 : INFO : ball_device.bd_trough : Ball left
2025-11-02 00:50:56,520 : INFO : ball_device.bd_trough : Wait for confirm with timeout 3.0
2025-11-02 00:50:56,619 : INFO : EventManager : Event: ======'player_base_player_added_timer_tick'====== Args={'value': 1, 'prev_value': 0, 'change': 1, 'player_num': 1}
2025-11-02 00:50:56,620 : INFO : Timer.player_added_timer : Timer Complete
2025-11-02 00:50:56,620 : INFO : Timer.player_added_timer : Stopping Timer
2025-11-02 00:50:56,620 : INFO : EventManager : Event: ======'timer_player_added_timer_stopped'====== Args={'ticks': 1, 'ticks_remaining': 1}
2025-11-02 00:50:56,620 : INFO : EventManager : Event: ======'timer_player_added_timer_complete'====== Args={'ticks': 1, 'ticks_remaining': 1}
2025-11-02 00:50:56,620 : INFO : SwitchController : <<<<<<< 's_plunger_lane' active >>>>>>>
2025-11-02 00:50:56,620 : INFO : EventManager : Event: ======'machine_var_audits_switches_s_plunger_lane'====== Args={'value': 585, 'prev_value': 584, 'change': 1}
2025-11-02 00:50:56,969 : INFO : SwitchController : <<<<<<< 's_drain' inactive >>>>>>>
2025-11-02 00:50:57,121 : INFO : ball_device.bd_plunger : Received ball from <ball_device.bd_trough>
2025-11-02 00:50:57,121 : INFO : EventManager : Event: ======'balldevice_bd_plunger_ball_enter'====== Args={'new_balls': 1, 'unclaimed_balls': 0, 'new_available_balls': 0, 'device': <ball_device.bd_plunger>}
2025-11-02 00:50:57,122 : INFO : EventManager : Event: ======'balldevice_bd_plunger_ball_entered'====== Args={'new_balls': 0, 'device': <ball_device.bd_plunger>}
2025-11-02 00:50:57,122 : INFO : EventManager : Event: ======'balldevice_bd_plunger_ball_count_changed'====== Args={'balls': 1}
2025-11-02 00:50:57,122 : INFO : ball_device.bd_trough : Got eject confirm
2025-11-02 00:50:57,122 : INFO : ball_device.bd_trough : Eject successful
2025-11-02 00:50:57,122 : INFO : EventManager : Event: ======'balldevice_bd_trough_ball_eject_success'====== Args={'balls': 1, 'target': <ball_device.bd_plunger>}
2025-11-02 00:50:57,123 : INFO : ball_device.bd_plunger : State: waiting_for_target_ready
2025-11-02 00:50:57,123 : INFO : EventManager : Event: ======'balldevice_bd_plunger_ball_eject_attempt'====== Args={'balls': 1, 'target': <playfield.playfield>, 'source': <ball_device.bd_plunger>, 'mechanical_eject': False, 'num_attempts': 0}
2025-11-02 00:50:57,123 : INFO : EventManager : Event: ======'balldevice_bd_trough_ball_count_changed'====== Args={'balls': 2}
2025-11-02 00:50:57,123 : INFO : ball_device.bd_trough : State: idle
2025-11-02 00:50:57,123 : INFO : EventManager : Event: ======'balldevice_bd_trough_ball_count_changed'====== Args={'balls': 3}
2025-11-02 00:50:57,123 : INFO : ball_device.bd_trough : Received ball from <ball_device.bd_drain>
2025-11-02 00:50:57,123 : INFO : EventManager : Event: ======'balldevice_bd_trough_ball_enter'====== Args={'new_balls': 1, 'unclaimed_balls': 0, 'new_available_balls': 0, 'device': <ball_device.bd_trough>}
2025-11-02 00:50:57,123 : INFO : ball_device.bd_plunger : State: ejecting
2025-11-02 00:50:57,123 : INFO : ball_device.bd_plunger : Ejecting ball to <playfield.playfield>
2025-11-02 00:50:57,123 : INFO : EventManager : Event: ======'balldevice_bd_plunger_ejecting_ball'====== Args={'balls': 1, 'target': <playfield.playfield>, 'source': <ball_device.bd_plunger>, 'mechanical_eject': False, 'num_attempts': 0}
2025-11-02 00:50:57,124 : INFO : EventManager : Event: ======'ball_drain'====== Args={'device': <ball_device.bd_trough>, 'balls': 0}
2025-11-02 00:50:57,124 : INFO : EventManager : Event: ======'balldevice_bd_trough_ball_entered'====== Args={'new_balls': 0, 'device': <ball_device.bd_trough>}
2025-11-02 00:50:57,124 : INFO : ball_device.bd_drain : Got eject confirm
2025-11-02 00:50:57,124 : INFO : ball_device.bd_drain : Eject successful
2025-11-02 00:50:57,124 : INFO : EventManager : Event: ======'balldevice_bd_drain_ball_eject_success'====== Args={'balls': 1, 'target': <ball_device.bd_trough>}
2025-11-02 00:50:57,124 : INFO : ball_device.bd_plunger : Wait for ball to leave device
2025-11-02 00:50:57,125 : INFO : coil.c_plunger : Pulsing Driver for 20ms (1.0 pulse_power)
2025-11-02 00:50:57,125 : INFO : SwitchController : <<<<<<< 's_plunger_lane' inactive >>>>>>>
2025-11-02 00:50:57,125 : INFO : EventManager : Event: ======'balldevice_bd_drain_ball_count_changed'====== Args={'balls': 0}
2025-11-02 00:50:57,125 : INFO : ball_device.bd_plunger : State: ball_left
2025-11-02 00:50:57,125 : INFO : ball_device.bd_plunger : Ball left
2025-11-02 00:50:57,125 : INFO : ball_device.bd_plunger : Wait for confirm with timeout 3.0
2025-11-02 00:50:57,471 : INFO : ball_device.bd_drain : State: idle
2025-11-02 00:50:58,169 : INFO : SwitchController : <<<<<<< 's_drain' active >>>>>>>
2025-11-02 00:50:58,169 : INFO : EventManager : Event: ======'machine_var_audits_switches_s_drain'====== Args={'value': 442, 'prev_value': 441, 'change': 1}
2025-11-02 00:50:58,670 : INFO : EventManager : Event: ======'balldevice_bd_drain_ball_count_changed'====== Args={'balls': 1}
2025-11-02 00:50:58,670 : INFO : ball_device.bd_drain : Received unexpected ball
2025-11-02 00:50:58,670 : INFO : EventManager : Event: ======'balldevice_captured_from_playfield'====== Args={'balls': 1}
2025-11-02 00:50:58,671 : INFO : EventManager : Event: ======'sw_playfield_active'====== Args={'balls': 1}
2025-11-02 00:50:58,671 : INFO : EventManager : Event: ======'playfield_active'====== Args={'source': None}
2025-11-02 00:50:58,671 : INFO : EventManager : Event: ======'playfield_ball_count_change'====== Args={'balls': -1, 'change': -1}
2025-11-02 00:50:58,672 : INFO : EventManager : Event: ======'balldevice_bd_drain_ball_enter'====== Args={'new_balls': 1, 'unclaimed_balls': 1, 'new_available_balls': 1, 'device': <ball_device.bd_drain>}
2025-11-02 00:50:58,672 : INFO : EventManager : Event: ======'ball_drain'====== Args={'device': <ball_device.bd_drain>, 'balls': 1}
2025-11-02 00:50:58,672 : INFO : ball_device.bd_plunger : Got eject confirm
2025-11-02 00:50:58,672 : INFO : ball_device.bd_plunger : Eject successful
2025-11-02 00:50:58,673 : INFO : EventManager : Event: ======'balldevice_bd_plunger_ball_eject_success'====== Args={'balls': 1, 'target': <playfield.playfield>}
2025-11-02 00:50:58,673 : INFO : EventManager : Event: ======'balldevice_playfield_ball_enter'====== Args={'new_balls': 1, 'unclaimed_balls': 1, 'device': <playfield.playfield>}
2025-11-02 00:50:58,673 : INFO : EventManager : Event: ======'playfield_ball_count_change'====== Args={'balls': 0, 'change': 1}
2025-11-02 00:50:58,673 : INFO : EventManager : Event: ======'ball_will_end'====== Args={}
2025-11-02 00:50:58,673 : INFO : EventManager : Event: ======'balldevice_balls_available'====== Args={}
2025-11-02 00:50:58,673 : INFO : EventManager : Event: ======'balldevice_balls_available'====== Args={}
2025-11-02 00:50:58,673 : INFO : EventManager : Event: ======'balldevice_bd_drain_ball_entered'====== Args={'new_balls': 1, 'device': <ball_device.bd_drain>}
2025-11-02 00:50:58,674 : INFO : EventManager : Event: ======'mode_base_will_stop'====== Args={}
2025-11-02 00:50:58,674 : INFO : EventManager : Event: ======'mode_base_stopping'====== Args={}
2025-11-02 00:50:58,674 : INFO : EventManager : Event: ======'stop_mode_bumpers'====== Args={'priority': 0}
2025-11-02 00:50:58,674 : INFO : EventManager : Event: ======'mode_bumpers_will_stop'====== Args={}
2025-11-02 00:50:58,674 : INFO : EventManager : Event: ======'mode_bumpers_stopping'====== Args={}
2025-11-02 00:50:58,675 : INFO : Mode.base : Stopped.
2025-11-02 00:50:58,675 : INFO : EventManager : Event: ======'modes_active_modes_changed'====== Args={}
2025-11-02 00:50:58,675 : INFO : EventManager : Event: ======'mode_base_stopped'====== Args={}
2025-11-02 00:50:58,676 : INFO : EventManager : Event: ======'clear'====== Args={'key': 'base'}
2025-11-02 00:50:58,676 : INFO : Timer.player_added_timer : Stopping Timer
2025-11-02 00:50:58,676 : INFO : EventManager : Event: ======'timer_player_added_timer_stopped'====== Args={'ticks': 1, 'ticks_remaining': 1}
2025-11-02 00:50:58,676 : INFO : Mode.bumpers : Stopped.
2025-11-02 00:50:58,676 : INFO : EventManager : Event: ======'modes_active_modes_changed'====== Args={}
2025-11-02 00:50:58,677 : INFO : EventManager : Event: ======'mode_bumpers_stopped'====== Args={}
2025-11-02 00:50:58,677 : INFO : EventManager : Event: ======'clear'====== Args={'key': 'bumpers'}
2025-11-02 00:50:58,677 : INFO : EventManager : Event: ======'balldevice_bd_plunger_ball_count_changed'====== Args={'balls': 0}
2025-11-02 00:50:58,678 : INFO : ball_device.bd_plunger : State: idle
2025-11-02 00:50:58,678 : INFO : EventManager : Event: ======'ball_ending'====== Args={}
2025-11-02 00:50:58,679 : INFO : EventManager : Event: ======'ball_ended'====== Args={}
2025-11-02 00:50:58,680 : INFO : EventManager : Event: ======'player_turn_will_end'====== Args={'player': <Player 1>, 'number': 1}
2025-11-02 00:50:58,680 : INFO : ball_device.bd_drain : State: waiting_for_target_ready
2025-11-02 00:50:58,680 : INFO : EventManager : Event: ======'balldevice_bd_drain_ball_eject_attempt'====== Args={'balls': 1, 'target': <ball_device.bd_trough>, 'source': <ball_device.bd_drain>, 'mechanical_eject': False, 'num_attempts': 0}
2025-11-02 00:50:58,680 : INFO : ball_device.bd_drain : State: ejecting
2025-11-02 00:50:58,680 : INFO : ball_device.bd_drain : Ejecting ball to <ball_device.bd_trough>
2025-11-02 00:50:58,680 : INFO : EventManager : Event: ======'balldevice_bd_drain_ejecting_ball'====== Args={'balls': 1, 'target': <ball_device.bd_trough>, 'source': <ball_device.bd_drain>, 'mechanical_eject': False, 'num_attempts': 0}
2025-11-02 00:50:58,680 : INFO : EventManager : Event: ======'player_turn_ending'====== Args={'player': <Player 1>, 'number': 1}
2025-11-02 00:50:58,681 : INFO : EventManager : Event: ======'player_turn_ended'====== Args={'player': <Player 1>, 'number': 1}
2025-11-02 00:50:58,681 : INFO : EventManager : Event: ======'game_will_end'====== Args={}
2025-11-02 00:50:58,681 : INFO : ball_device.bd_drain : Wait for ball to leave device
2025-11-02 00:50:58,681 : INFO : coil.c_drain_eject : Pulsing Driver for 20ms (1.0 pulse_power)
2025-11-02 00:50:58,682 : INFO : SwitchController : <<<<<<< 's_drain' inactive >>>>>>>
2025-11-02 00:50:58,682 : INFO : EventManager : Event: ======'game_ending'====== Args={}
2025-11-02 00:50:58,682 : INFO : EventManager : Event: ======'game_ended'====== Args={}
2025-11-02 00:50:58,683 : INFO : EventManager : Event: ======'mode_game_will_stop'====== Args={}
2025-11-02 00:50:58,683 : INFO : EventManager : Event: ======'mode_game_stopping'====== Args={}
2025-11-02 00:50:58,683 : INFO : EventManager : Event: ======'mode_attract_will_start'====== Args={}
2025-11-02 00:50:58,683 : INFO : Timer.attract_carousel_timer : Starting Timer.
2025-11-02 00:50:58,683 : INFO : EventManager : Event: ======'timer_attract_carousel_timer_started'====== Args={'ticks': 0, 'ticks_remaining': 1}
2025-11-02 00:50:58,684 : INFO : EventManager : Event: ======'timer_attract_carousel_timer_tick'====== Args={'ticks': 0, 'ticks_remaining': 1}
2025-11-02 00:50:58,684 : INFO : EventManager : Event: ======'mode_attract_starting'====== Args={}
2025-11-02 00:50:58,684 : INFO : Mode.attract : Started. Priority: 10
2025-11-02 00:50:58,684 : INFO : EventManager : Event: ======'modes_active_modes_changed'====== Args={}
2025-11-02 00:50:58,685 : INFO : EventManager : Event: ======'mode_attract_started'====== Args={}
2025-11-02 00:50:58,685 : INFO : EventManager : Event: ======'collecting_balls_complete'====== Args={}
2025-11-02 00:50:58,686 : INFO : EventManager : Event: ======'carousel_item_highlighted'====== Args={'carousel': 'attract', 'direction': None, 'item': 'title'}
2025-11-02 00:50:58,686 : INFO : ball_device.bd_drain : State: ball_left
2025-11-02 00:50:58,686 : INFO : ball_device.bd_drain : Ball left
2025-11-02 00:50:58,686 : INFO : ball_device.bd_drain : Wait for confirm with timeout 10.0
2025-11-02 00:50:58,687 : INFO : Mode.game : Stopped.
2025-11-02 00:50:58,687 : INFO : EventManager : Event: ======'modes_active_modes_changed'====== Args={}
2025-11-02 00:50:58,687 : INFO : EventManager : Event: ======'mode_game_stopped'====== Args={}
2025-11-02 00:50:58,687 : INFO : EventManager : Event: ======'clear'====== Args={'key': 'game'}
2025-11-02 00:50:58,732 : INFO : EventManager : Event: ======'slide_attract_created'====== Args={'_from_bcp': True}
2025-11-02 00:50:58,732 : INFO : EventManager : Event: ======'slide_base_slide_inactive'====== Args={'is_removing': True, '_from_bcp': True}
2025-11-02 00:50:58,732 : INFO : EventManager : Event: ======'slide_attract_active'====== Args={'original_context': 'attract', 'original_calling_context': 'mode_attract_started', 'priority': 10.0, 'cmd': 'slides_play', '_from_bcp': True}
2025-11-02 00:50:58,733 : INFO : EventManager : Event: ======'slide_base_slide_removed'====== Args={'_from_bcp': True}
2025-11-02 00:50:58,783 : INFO : SwitchController : <<<<<<< 's_trough1' active >>>>>>>
2025-11-02 00:50:58,935 : WARNING : SwitchController : Received duplicate switch state 0 for switch s_drain from the platform interface. Log Code: Log-SwitchController-1 (https://missionpinball.org/logs)
2025-11-02 00:50:59,284 : INFO : EventManager : Event: ======'balldevice_bd_trough_ball_count_changed'====== Args={'balls': 4}
2025-11-02 00:50:59,284 : INFO : ball_device.bd_trough : Received ball from <ball_device.bd_drain>
2025-11-02 00:50:59,284 : INFO : EventManager : Event: ======'balldevice_bd_trough_ball_enter'====== Args={'new_balls': 1, 'unclaimed_balls': 0, 'new_available_balls': 0, 'device': <ball_device.bd_trough>}
2025-11-02 00:50:59,285 : INFO : EventManager : Event: ======'ball_drain'====== Args={'device': <ball_device.bd_trough>, 'balls': 0}
2025-11-02 00:50:59,286 : INFO : EventManager : Event: ======'balldevice_bd_trough_ball_entered'====== Args={'new_balls': 0, 'device': <ball_device.bd_trough>}
2025-11-02 00:50:59,287 : INFO : ball_device.bd_drain : Got eject confirm
2025-11-02 00:50:59,287 : INFO : ball_device.bd_drain : Eject successful
2025-11-02 00:50:59,287 : INFO : EventManager : Event: ======'balldevice_bd_drain_ball_eject_success'====== Args={'balls': 1, 'target': <ball_device.bd_trough>}
2025-11-02 00:50:59,288 : INFO : EventManager : Event: ======'balldevice_bd_drain_ball_count_changed'====== Args={'balls': 0}
2025-11-02 00:50:59,288 : INFO : ball_device.bd_drain : State: idle
2025-11-02 00:50:59,819 : INFO : SwitchController : <<<<<<< 's_right_flipper' active >>>>>>>
2025-11-02 00:50:59,819 : INFO : EventManager : Event: ======'s_right_flipper_active'====== Args={}
2025-11-02 00:50:59,820 : INFO : EventManager : Event: ======'carousel_item_highlighted'====== Args={'carousel': 'attract', 'direction': 'forwards', 'item': 'credits'}
2025-11-02 00:50:59,936 : INFO : SwitchController : <<<<<<< 's_right_flipper' inactive >>>>>>>
2025-11-02 00:51:03,685 : INFO : Timer.attract_carousel_timer : Timer Complete
2025-11-02 00:51:03,685 : INFO : Timer.attract_carousel_timer : Stopping Timer
2025-11-02 00:51:03,685 : INFO : EventManager : Event: ======'timer_attract_carousel_timer_stopped'====== Args={'ticks': 1, 'ticks_remaining': 1}
2025-11-02 00:51:03,685 : INFO : EventManager : Event: ======'timer_attract_carousel_timer_complete'====== Args={'ticks': 1, 'ticks_remaining': 1}
2025-11-02 00:51:03,686 : INFO : EventManager : Event: ======'carousel_item_highlighted'====== Args={'carousel': 'attract', 'direction': 'forwards', 'item': 'logo'}
2025-11-02 00:51:07,102 : INFO : SwitchController : <<<<<<< 's_left_flipper' active >>>>>>>
2025-11-02 00:51:07,102 : INFO : EventManager : Event: ======'s_left_flipper_active'====== Args={}
2025-11-02 00:51:07,103 : INFO : EventManager : Event: ======'carousel_item_highlighted'====== Args={'carousel': 'attract', 'direction': 'backwards', 'item': 'credits'}
2025-11-02 00:51:07,236 : INFO : SwitchController : <<<<<<< 's_left_flipper' inactive >>>>>>>
2025-11-02 00:51:16,653 : INFO : Machine : Shutting down...
2025-11-02 00:51:16,654 : INFO : EventManager : Event: ======'shutdown'====== Args={}
2025-11-02 00:51:16,656 : INFO : root : MPF run loop ended.
