2025-11-01 13:50:15,005 : INFO : root : Loading config.
2025-11-01 13:50:15,006 : INFO : YamlMultifileConfigLoader : Machine config file #1: config.yaml
2025-11-01 13:50:15,006 : INFO : ConfigProcessor : Loading config from cache: /var/folders/m3/0d4y64_n3fn8tnkv3ydlhztw0000gn/T/5ca32a6c950d03116abbed96ca44d372.mpf_cache
2025-11-01 13:50:15,018 : INFO : ConfigProcessor : Loading config from cache: /var/folders/m3/0d4y64_n3fn8tnkv3ydlhztw0000gn/T/01c495fa7450a81b4be96cb699872531.mpf_cache
2025-11-01 13:50:15,018 : INFO : ConfigProcessor : Loading config from cache: /var/folders/m3/0d4y64_n3fn8tnkv3ydlhztw0000gn/T/bfde29b5bb803376b0637bb8f0da27a7.mpf_cache
2025-11-01 13:50:15,018 : INFO : ConfigProcessor : Loading config from cache: /var/folders/m3/0d4y64_n3fn8tnkv3ydlhztw0000gn/T/01c495fa7450a81b4be96cb699872531.mpf_cache
2025-11-01 13:50:15,018 : INFO : ConfigProcessor : Loading config from cache: /var/folders/m3/0d4y64_n3fn8tnkv3ydlhztw0000gn/T/3ae89e09515ff8d8b11d68f672b2cc51.mpf_cache
2025-11-01 13:50:15,018 : INFO : ConfigProcessor : Loading config from cache: /var/folders/m3/0d4y64_n3fn8tnkv3ydlhztw0000gn/T/4c420229fa75118c2461cfc9ff5a44e2.mpf_cache
2025-11-01 13:50:15,018 : INFO : Machine : Mission Pinball Framework Core Engine v0.80.0.dev10
2025-11-01 13:50:15,018 : INFO : Machine : Command line arguments: {'no_load_cache': False, 'create_config_cache': True, 'bcp': True, 'configfile': ['config.yaml'], 'force_assets_load': False, 'platform_integration_test': False, 'jsonlogging': False, 'logfile': 'logs/2025-11-01-13-50-15-mpf-mac.home.log', 'pause': False, 'production': False, 'text_ui': False, 'loglevel': 15, 'consoleloglevel': 20, 'force_platform': 'smart_virtual', 'syslog_address': None, 'full_logfile_path': '/Users/didiergilbin/Desktop/Homebrew_CSI/logs/2025-11-01-13-50-15-mpf-mac.home.log'}
2025-11-01 13:50:15,018 : INFO : Machine : MPF path: /Users/didiergilbin/mpfenv/lib/python3.13/site-packages/mpf
2025-11-01 13:50:15,018 : INFO : Machine : Machine path: /Users/didiergilbin/Desktop/Homebrew_CSI
2025-11-01 13:50:15,018 : INFO : Machine : Platform: darwin
2025-11-01 13:50:15,018 : INFO : Machine : Python executable location: /Users/didiergilbin/mpfenv/bin/python3.13
2025-11-01 13:50:15,018 : INFO : Machine : Python version: 3.13.7 (64-bit)
2025-11-01 13:50:15,018 : INFO : Machine : Initializing MPF...
2025-11-01 13:50:15,030 : INFO : EventManager : Event: ======'machine_var_credits_string'====== Args={'value': 'FREE PLAY', 'prev_value': None, 'change': True}
2025-11-01 13:50:15,034 : INFO : EventManager : Event: ======'machine_var_master_volume'====== Args={'value': 0.5, 'prev_value': None, 'change': True}
2025-11-01 13:50:15,034 : INFO : EventManager : Event: ======'machine_var_player1_score'====== Args={'value': 0, 'prev_value': None, 'change': True}
2025-11-01 13:50:15,034 : INFO : EventManager : Event: ======'machine_var_mpf_version'====== Args={'value': 'Mission Pinball Framework v0.80.0.dev10', 'prev_value': None, 'change': True}
2025-11-01 13:50:15,034 : INFO : EventManager : Event: ======'machine_var_mpf_extended_version'====== Args={'value': 'Mission Pinball Framework v0.80.0.dev10, Config version:6, Show version: 6, BCP version:1.1', 'prev_value': None, 'change': True}
2025-11-01 13:50:15,034 : INFO : EventManager : Event: ======'machine_var_python_version'====== Args={'value': '3.13.7', 'prev_value': None, 'change': True}
2025-11-01 13:50:15,039 : INFO : EventManager : Event: ======'machine_var_platform'====== Args={'value': 'macOS-15.6.1-arm64-arm-64bit-Mach-O', 'prev_value': None, 'change': True}
2025-11-01 13:50:15,039 : INFO : EventManager : Event: ======'machine_var_platform_system'====== Args={'value': 'Darwin', 'prev_value': None, 'change': True}
2025-11-01 13:50:15,039 : INFO : EventManager : Event: ======'machine_var_platform_release'====== Args={'value': '24.6.0', 'prev_value': None, 'change': True}
2025-11-01 13:50:15,039 : INFO : EventManager : Event: ======'machine_var_platform_version'====== Args={'value': 'Darwin Kernel Version 24.6.0: Mon Jul 14 11:30:40 PDT 2025; root:xnu-11417.140.69~1/RELEASE_ARM64_T8132', 'prev_value': None, 'change': True}
2025-11-01 13:50:15,039 : INFO : EventManager : Event: ======'machine_var_platform_machine'====== Args={'value': 'arm64', 'prev_value': None, 'change': True}
2025-11-01 13:50:15,039 : INFO : EventManager : Event: ======'machine_var_log_file_path'====== Args={'value': '/Users/didiergilbin/Desktop/Homebrew_CSI/logs/2025-11-01-13-50-15-mpf-mac.home.log', 'prev_value': None, 'change': True}
2025-11-01 13:50:15,039 : INFO : EventManager : Event: ======'init_phase_1'====== Args={}
2025-11-01 13:50:15,044 : INFO : EventManager : Event: ======'init_phase_2'====== Args={}
2025-11-01 13:50:15,044 : INFO : SwitchController : Found active switch: ('2', <Platform.SmartVirtual>) <switch.s_trough1>
2025-11-01 13:50:15,044 : INFO : SwitchController : Found active switch: ('3', <Platform.SmartVirtual>) <switch.s_trough2>
2025-11-01 13:50:15,044 : INFO : SwitchController : Found active switch: ('4', <Platform.SmartVirtual>) <switch.s_trough3>
2025-11-01 13:50:15,044 : INFO : SwitchController : Found active switch: ('5', <Platform.SmartVirtual>) <switch.s_trough4>
2025-11-01 13:50:15,045 : INFO : EventManager : Event: ======'bcp_connection_attempt'====== Args={'name': 'local_display', 'host': 'localhost', 'port': 5050}
2025-11-01 13:50:15,046 : INFO : BCPClientSocket : Connecting BCP to 'local_display' at localhost:5050...
2025-11-01 13:50:15,048 : INFO : BCPClientSocket : Connected BCP to 'local_display' localhost:5050
2025-11-01 13:50:15,048 : INFO : EventManager : Event: ======'bcp_clients_connected'====== Args={}
2025-11-01 13:50:15,048 : INFO : ball_device.bd_drain : BCH: Initial count: 0
2025-11-01 13:50:15,048 : INFO : ball_device.bd_drain : State: idle
2025-11-01 13:50:15,048 : INFO : ball_device.bd_trough : BCH: Initial count: 4
2025-11-01 13:50:15,048 : INFO : ball_device.bd_trough : State: idle
2025-11-01 13:50:15,049 : INFO : ball_device.bd_plunger : BCH: Initial count: 0
2025-11-01 13:50:15,049 : INFO : ball_device.bd_plunger : State: idle
2025-11-01 13:50:15,051 : INFO : EventManager : Event: ======'init_phase_3'====== Args={}
2025-11-01 13:50:15,052 : INFO : EventManager : Event: ======'init_phase_4'====== Args={}
2025-11-01 13:50:15,052 : INFO : BallController : Initial balls found: 4
2025-11-01 13:50:15,052 : INFO : EventManager : Event: ======'machine_var_audits_events_game_ended'====== Args={'value': 40, 'prev_value': None, 'change': True}
2025-11-01 13:50:15,052 : INFO : EventManager : Event: ======'machine_var_audits_events_game_started'====== Args={'value': 255, 'prev_value': None, 'change': True}
2025-11-01 13:50:15,052 : INFO : EventManager : Event: ======'machine_var_audits_missing_switches_s_drain'====== Args={'value': 2, 'prev_value': None, 'change': True}
2025-11-01 13:50:15,052 : INFO : EventManager : Event: ======'machine_var_audits_missing_switches_s_launch_button'====== Args={'value': 255, 'prev_value': None, 'change': True}
2025-11-01 13:50:15,052 : INFO : EventManager : Event: ======'machine_var_audits_missing_switches_s_left_flipper'====== Args={'value': 33, 'prev_value': None, 'change': True}
2025-11-01 13:50:15,052 : INFO : EventManager : Event: ======'machine_var_audits_missing_switches_s_popbumper1'====== Args={'value': 33, 'prev_value': None, 'change': True}
2025-11-01 13:50:15,052 : INFO : EventManager : Event: ======'machine_var_audits_missing_switches_s_popbumper2'====== Args={'value': 33, 'prev_value': None, 'change': True}
2025-11-01 13:50:15,052 : INFO : EventManager : Event: ======'machine_var_audits_missing_switches_s_popbumper3'====== Args={'value': 33, 'prev_value': None, 'change': True}
2025-11-01 13:50:15,052 : INFO : EventManager : Event: ======'machine_var_audits_missing_switches_s_right_flipper'====== Args={'value': 33, 'prev_value': None, 'change': True}
2025-11-01 13:50:15,052 : INFO : EventManager : Event: ======'machine_var_audits_missing_switches_s_scoop'====== Args={'value': 33, 'prev_value': None, 'change': True}
2025-11-01 13:50:15,052 : INFO : EventManager : Event: ======'machine_var_audits_missing_switches_s_sling_left'====== Args={'value': 255, 'prev_value': None, 'change': True}
2025-11-01 13:50:15,052 : INFO : EventManager : Event: ======'machine_var_audits_missing_switches_s_sling_right'====== Args={'value': 255, 'prev_value': None, 'change': True}
2025-11-01 13:50:15,052 : INFO : EventManager : Event: ======'machine_var_audits_missing_switches_s_start'====== Args={'value': 2, 'prev_value': None, 'change': True}
2025-11-01 13:50:15,052 : INFO : EventManager : Event: ======'machine_var_audits_missing_switches_s_trough1'====== Args={'value': 2, 'prev_value': None, 'change': True}
2025-11-01 13:50:15,052 : INFO : EventManager : Event: ======'machine_var_audits_missing_switches_s_trough2'====== Args={'value': 5, 'prev_value': None, 'change': True}
2025-11-01 13:50:15,052 : INFO : EventManager : Event: ======'machine_var_audits_missing_switches_s_trough3'====== Args={'value': 33, 'prev_value': None, 'change': True}
2025-11-01 13:50:15,052 : INFO : EventManager : Event: ======'machine_var_audits_missing_switches_s_trough4'====== Args={'value': 33, 'prev_value': None, 'change': True}
2025-11-01 13:50:15,052 : INFO : EventManager : Event: ======'machine_var_audits_missing_switches_s_trough_jam'====== Args={'value': 14, 'prev_value': None, 'change': True}
2025-11-01 13:50:15,052 : INFO : EventManager : Event: ======'machine_var_audits_player_score'====== Args={'value': {'average': 238394, 'top': [10210000, 1550000, 1070000, 1070000, 810000, 640000, 410000, 380000, 370000, 330000], 'total': 82}, 'prev_value': None, 'change': True}
2025-11-01 13:50:15,052 : INFO : EventManager : Event: ======'machine_var_audits_shots_bumper1'====== Args={'value': 3005, 'prev_value': None, 'change': True}
2025-11-01 13:50:15,052 : INFO : EventManager : Event: ======'machine_var_audits_shots_bumper2'====== Args={'value': 2995, 'prev_value': None, 'change': True}
2025-11-01 13:50:15,053 : INFO : EventManager : Event: ======'machine_var_audits_shots_bumper3'====== Args={'value': 2627, 'prev_value': None, 'change': True}
2025-11-01 13:50:15,053 : INFO : EventManager : Event: ======'machine_var_audits_switches_s_drain'====== Args={'value': 374, 'prev_value': None, 'change': True}
2025-11-01 13:50:15,053 : INFO : EventManager : Event: ======'machine_var_audits_switches_s_launch_button'====== Args={'value': 0, 'prev_value': None, 'change': True}
2025-11-01 13:50:15,053 : INFO : EventManager : Event: ======'machine_var_audits_switches_s_left_flipper'====== Args={'value': 45, 'prev_value': None, 'change': True}
2025-11-01 13:50:15,053 : INFO : EventManager : Event: ======'machine_var_audits_switches_s_plunger_lane'====== Args={'value': 519, 'prev_value': None, 'change': True}
2025-11-01 13:50:15,053 : INFO : EventManager : Event: ======'machine_var_audits_switches_s_popbumper1'====== Args={'value': 3019, 'prev_value': None, 'change': True}
2025-11-01 13:50:15,053 : INFO : EventManager : Event: ======'machine_var_audits_switches_s_popbumper2'====== Args={'value': 3005, 'prev_value': None, 'change': True}
2025-11-01 13:50:15,053 : INFO : EventManager : Event: ======'machine_var_audits_switches_s_popbumper3'====== Args={'value': 2639, 'prev_value': None, 'change': True}
2025-11-01 13:50:15,053 : INFO : EventManager : Event: ======'machine_var_audits_switches_s_right_flipper'====== Args={'value': 76, 'prev_value': None, 'change': True}
2025-11-01 13:50:15,053 : INFO : EventManager : Event: ======'machine_var_audits_switches_s_scoop'====== Args={'value': 59, 'prev_value': None, 'change': True}
2025-11-01 13:50:15,053 : INFO : EventManager : Event: ======'machine_var_audits_switches_s_sling_left'====== Args={'value': 0, 'prev_value': None, 'change': True}
2025-11-01 13:50:15,053 : INFO : EventManager : Event: ======'machine_var_audits_switches_s_sling_right'====== Args={'value': 0, 'prev_value': None, 'change': True}
2025-11-01 13:50:15,053 : INFO : EventManager : Event: ======'machine_var_audits_switches_s_start'====== Args={'value': 533, 'prev_value': None, 'change': True}
2025-11-01 13:50:15,053 : INFO : EventManager : Event: ======'machine_var_audits_switches_s_trough1'====== Args={'value': 262, 'prev_value': None, 'change': True}
2025-11-01 13:50:15,053 : INFO : EventManager : Event: ======'machine_var_audits_switches_s_trough2'====== Args={'value': 9, 'prev_value': None, 'change': True}
2025-11-01 13:50:15,053 : INFO : EventManager : Event: ======'machine_var_audits_switches_s_trough3'====== Args={'value': 1, 'prev_value': None, 'change': True}
2025-11-01 13:50:15,053 : INFO : EventManager : Event: ======'machine_var_audits_switches_s_trough4'====== Args={'value': 1, 'prev_value': None, 'change': True}
2025-11-01 13:50:15,053 : INFO : EventManager : Event: ======'machine_var_audits_switches_s_trough_jam'====== Args={'value': 5, 'prev_value': None, 'change': True}
2025-11-01 13:50:15,053 : INFO : EventManager : Event: ======'init_phase_5'====== Args={}
2025-11-01 13:50:15,053 : INFO : EventManager : Event: ======'init_done'====== Args={}
2025-11-01 13:50:15,053 : INFO : EventManager : Event: ======'machine_reset_phase_1'====== Args={}
2025-11-01 13:50:15,091 : INFO : EventManager : Event: ======'machine_reset_phase_2'====== Args={}
2025-11-01 13:50:15,092 : INFO : EventManager : Event: ======'machine_reset_phase_3'====== Args={}
2025-11-01 13:50:15,092 : INFO : EventManager : Event: ======'reset_complete'====== Args={}
2025-11-01 13:50:15,092 : INFO : EventManager : Event: ======'mode_attract_will_start'====== Args={}
2025-11-01 13:50:15,092 : INFO : Timer.attract_carousel_timer : Starting Timer.
2025-11-01 13:50:15,092 : INFO : EventManager : Event: ======'timer_attract_carousel_timer_started'====== Args={'ticks': 0, 'ticks_remaining': 1}
2025-11-01 13:50:15,092 : INFO : EventManager : Event: ======'timer_attract_carousel_timer_tick'====== Args={'ticks': 0, 'ticks_remaining': 1}
2025-11-01 13:50:15,092 : INFO : EventManager : Event: ======'mode_attract_starting'====== Args={}
2025-11-01 13:50:15,092 : INFO : Mode.attract : Started. Priority: 10
2025-11-01 13:50:15,092 : INFO : EventManager : Event: ======'modes_active_modes_changed'====== Args={}
2025-11-01 13:50:15,092 : INFO : EventManager : Event: ======'mode_attract_started'====== Args={}
2025-11-01 13:50:15,093 : INFO : EventManager : Event: ======'collecting_balls_complete'====== Args={}
2025-11-01 13:50:15,093 : INFO : EventManager : Event: ======'carousel_item_highlighted'====== Args={'carousel': 'attract', 'direction': None, 'item': 'title'}
2025-11-01 13:50:15,093 : INFO : Machine : Starting the main run loop with active modes: [<Mode.attract>]
2025-11-01 13:50:15,470 : INFO : EventManager : Event: ======'slide_attract_created'====== Args={'_from_bcp': True}
2025-11-01 13:50:15,470 : INFO : EventManager : Event: ======'slide__removed'====== Args={'_from_bcp': True}
2025-11-01 13:50:15,471 : INFO : EventManager : Event: ======'slide_attract_active'====== Args={'original_context': 'attract', 'original_calling_context': 'mode_attract_started', 'priority': 10.0, 'cmd': 'slides_play', '_from_bcp': True}
2025-11-01 13:50:16,802 : INFO : SwitchController : <<<<<<< 's_start' active >>>>>>>
2025-11-01 13:50:16,885 : INFO : SwitchController : <<<<<<< 's_start' inactive >>>>>>>
2025-11-01 13:50:16,885 : INFO : EventManager : Event: ======'request_to_start_game'====== Args={}
2025-11-01 13:50:16,886 : INFO : EventManager : Event: ======'game_start'====== Args={'buttons': [], 'hold_time': 0.08254129195120186}
2025-11-01 13:50:16,886 : INFO : EventManager : Event: ======'mode_game_will_start'====== Args={'buttons': [], 'hold_time': 0.08254129195120186}
2025-11-01 13:50:16,888 : INFO : EventManager : Event: ======'mode_game_starting'====== Args={'buttons': [], 'hold_time': 0.08254129195120186}
2025-11-01 13:50:16,888 : INFO : EventManager : Event: ======'mode_attract_will_stop'====== Args={}
2025-11-01 13:50:16,888 : INFO : EventManager : Event: ======'mode_attract_stopping'====== Args={}
2025-11-01 13:50:16,888 : INFO : Mode.attract : Stopped.
2025-11-01 13:50:16,888 : INFO : EventManager : Event: ======'modes_active_modes_changed'====== Args={}
2025-11-01 13:50:16,889 : INFO : EventManager : Event: ======'mode_attract_stopped'====== Args={}
2025-11-01 13:50:16,889 : INFO : EventManager : Event: ======'clear'====== Args={'key': 'attract'}
2025-11-01 13:50:16,889 : INFO : Timer.attract_carousel_timer : Stopping Timer
2025-11-01 13:50:16,889 : INFO : EventManager : Event: ======'timer_attract_carousel_timer_stopped'====== Args={'ticks': 0, 'ticks_remaining': 1}
2025-11-01 13:50:16,890 : INFO : Mode.game : Started. Priority: 20
2025-11-01 13:50:16,890 : INFO : EventManager : Event: ======'modes_active_modes_changed'====== Args={}
2025-11-01 13:50:16,890 : INFO : EventManager : Event: ======'mode_game_started'====== Args={'buttons': [], 'hold_time': 0.08254129195120186}
2025-11-01 13:50:16,891 : INFO : EventManager : Event: ======'game_will_start'====== Args={}
2025-11-01 13:50:16,891 : INFO : EventManager : Event: ======'game_starting'====== Args={'game': <Mode.game>}
2025-11-01 13:50:16,892 : INFO : EventManager : Unordered handler for class <Auditor> on event game_ended with priority 1. Handlers: [RegisteredHandler(callback=<bound method Auditor.disable of <Auditor>>, priority=1, kwargs={}, key=UUID('15e61509-73c6-4ef8-83e8-c3f7700ed0e0'), condition=None, blocking_facility=None), RegisteredHandler(callback=<bound method Auditor._save_audits of <Auditor>>, priority=1, kwargs={}, key=UUID('f2083675-4592-46b4-ad1a-9b52da37e0e8'), condition=None, blocking_facility=None)]. The order of those handlers is not defined and they will be executed in random order. This might lead to race conditions and potential bugs.
2025-11-01 13:50:16,893 : INFO : EventManager : Event: ======'player_add_request'====== Args={}
2025-11-01 13:50:16,893 : INFO : EventManager : Event: ======'player_will_add'====== Args={'number': 1}
2025-11-01 13:50:16,893 : INFO : EventManager : Event: ======'player_adding'====== Args={'player': <Player 1>, 'number': 1}
2025-11-01 13:50:16,893 : INFO : EventManager : Event: ======'player_added'====== Args={'player': <Player 1>, 'num': 1}
2025-11-01 13:50:16,893 : INFO : Mode.game : Player added successfully. Total players: 1
2025-11-01 13:50:16,893 : INFO : EventManager : Event: ======'player_index'====== Args={'value': 0, 'prev_value': 0, 'change': 0, 'player_num': 1}
2025-11-01 13:50:16,894 : INFO : EventManager : Event: ======'player_number'====== Args={'value': 1, 'prev_value': 1, 'change': 0, 'player_num': 1}
2025-11-01 13:50:16,894 : INFO : EventManager : Event: ======'player_score'====== Args={'value': 0, 'prev_value': 0, 'change': 0, 'player_num': 1}
2025-11-01 13:50:16,894 : INFO : EventManager : Event: ======'game_started'====== Args={}
2025-11-01 13:50:16,895 : INFO : EventManager : Event: ======'player_turn_will_start'====== Args={'player': <Player 1>, 'number': 1}
2025-11-01 13:50:16,895 : INFO : EventManager : Event: ======'player_turn_starting'====== Args={'player': <Player 1>, 'number': 1}
2025-11-01 13:50:16,901 : INFO : EventManager : Event: ======'player_ball'====== Args={'value': 1, 'prev_value': 0, 'change': 1, 'player_num': 1}
2025-11-01 13:50:16,901 : INFO : EventManager : Event: ======'player_turn_started'====== Args={'player': <Player 1>, 'number': 1}
2025-11-01 13:50:16,902 : INFO : EventManager : Event: ======'ball_will_start'====== Args={'player': 1, 'ball': 1, 'balls_remaining': 2, 'is_extra_ball': False}
2025-11-01 13:50:16,902 : INFO : EventManager : Event: ======'ball_starting'====== Args={'player': 1, 'ball': 1, 'balls_remaining': 2, 'is_extra_ball': False}
2025-11-01 13:50:16,902 : INFO : EventManager : Event: ======'mode_base_will_start'====== Args={'queue': <QueuedEvent>, 'player': 1, 'ball': 1, 'balls_remaining': 2, 'is_extra_ball': False}
2025-11-01 13:50:16,902 : INFO : EventManager : Event: ======'player_base_player_added_timer_tick'====== Args={'value': 0, 'prev_value': 0, 'change': 0, 'player_num': 1}
2025-11-01 13:50:16,903 : INFO : Timer.player_added_timer : Starting Timer.
2025-11-01 13:50:16,903 : INFO : EventManager : Event: ======'timer_player_added_timer_started'====== Args={'ticks': 0, 'ticks_remaining': 1}
2025-11-01 13:50:16,903 : INFO : EventManager : Event: ======'timer_player_added_timer_tick'====== Args={'ticks': 0, 'ticks_remaining': 1}
2025-11-01 13:50:16,904 : INFO : EventManager : Event: ======'mode_base_starting'====== Args={'queue': <QueuedEvent>, 'player': 1, 'ball': 1, 'balls_remaining': 2, 'is_extra_ball': False}
2025-11-01 13:50:16,904 : INFO : Mode.base : Started. Priority: 100
2025-11-01 13:50:16,904 : INFO : EventManager : Event: ======'modes_active_modes_changed'====== Args={}
2025-11-01 13:50:16,904 : INFO : EventManager : Event: ======'mode_base_started'====== Args={'queue': <QueuedEvent>, 'player': 1, 'ball': 1, 'balls_remaining': 2, 'is_extra_ball': False}
2025-11-01 13:50:16,904 : INFO : EventManager : Event: ======'start_mode_bumpers'====== Args={'priority': 0}
2025-11-01 13:50:16,904 : INFO : EventManager : Event: ======'mode_bumpers_will_start'====== Args={'priority': 0}
2025-11-01 13:50:16,905 : INFO : EventManager : Event: ======'player_shot_bumper1_enabled'====== Args={'value': True, 'prev_value': 0, 'change': 1, 'player_num': 1}
2025-11-01 13:50:16,905 : INFO : EventManager : Event: ======'player_shot_bumper2_enabled'====== Args={'value': True, 'prev_value': 0, 'change': 1, 'player_num': 1}
2025-11-01 13:50:16,905 : INFO : EventManager : Event: ======'player_shot_bumper3_enabled'====== Args={'value': True, 'prev_value': 0, 'change': 1, 'player_num': 1}
2025-11-01 13:50:16,906 : INFO : EventManager : Event: ======'bumpers_complete'====== Args={'state': 'unlit'}
2025-11-01 13:50:16,906 : INFO : EventManager : Event: ======'bumpers_unlit_complete'====== Args={}
2025-11-01 13:50:16,906 : INFO : EventManager : Event: ======'mode_bumpers_starting'====== Args={'priority': 0}
2025-11-01 13:50:16,906 : INFO : Mode.bumpers : Started. Priority: 200
2025-11-01 13:50:16,906 : INFO : EventManager : Event: ======'modes_active_modes_changed'====== Args={}
2025-11-01 13:50:16,906 : INFO : EventManager : Event: ======'mode_bumpers_started'====== Args={'priority': 0}
2025-11-01 13:50:16,906 : INFO : EventManager : Event: ======'balls_in_play'====== Args={'balls': 1}
2025-11-01 13:50:16,906 : INFO : EventManager : Event: ======'ball_started'====== Args={'player': 1, 'ball': 1, 'balls_remaining': 2, 'is_extra_ball': False}
2025-11-01 13:50:16,907 : INFO : EventManager : Event: ======'single_player_ball_started'====== Args={}
2025-11-01 13:50:16,907 : INFO : EventManager : Event: ======'ball_start_target'====== Args={'target': 'playfield'}
2025-11-01 13:50:16,907 : INFO : ball_device.bd_trough : Setting up player-controlled eject. Balls: 1, Target: <playfield.playfield>, player_controlled_eject_event: None
2025-11-01 13:50:16,907 : INFO : ball_device.bd_trough : Adding 1 ball(s) to the eject_queue with target <playfield.playfield>.
2025-11-01 13:50:16,908 : INFO : EventManager : Event: ======'balldevice_balls_available'====== Args={}
2025-11-01 13:50:16,908 : INFO : ball_device.bd_trough : State: waiting_for_target_ready
2025-11-01 13:50:16,908 : INFO : EventManager : Event: ======'balldevice_bd_trough_ball_eject_attempt'====== Args={'balls': 1, 'target': <ball_device.bd_plunger>, 'source': <ball_device.bd_trough>, 'mechanical_eject': False, 'num_attempts': 0}
2025-11-01 13:50:16,908 : INFO : ball_device.bd_plunger : State: waiting_for_ball
2025-11-01 13:50:16,909 : INFO : ball_device.bd_trough : State: ejecting
2025-11-01 13:50:16,909 : INFO : ball_device.bd_trough : Ejecting ball to <ball_device.bd_plunger>
2025-11-01 13:50:16,909 : INFO : EventManager : Event: ======'balldevice_bd_trough_ejecting_ball'====== Args={'balls': 1, 'target': <ball_device.bd_plunger>, 'source': <ball_device.bd_trough>, 'mechanical_eject': False, 'num_attempts': 0}
2025-11-01 13:50:16,909 : INFO : ball_device.bd_trough : Wait for ball to leave device
2025-11-01 13:50:16,909 : INFO : coil.c_trough_eject : Pulsing Driver for 20ms (1.0 pulse_power)
2025-11-01 13:50:16,909 : INFO : SwitchController : <<<<<<< 's_trough1' inactive >>>>>>>
2025-11-01 13:50:16,910 : INFO : ball_device.bd_trough : State: ball_left
2025-11-01 13:50:16,910 : INFO : ball_device.bd_trough : Ball left
2025-11-01 13:50:16,910 : INFO : ball_device.bd_trough : Wait for confirm with timeout 3.0
2025-11-01 13:50:17,011 : INFO : SwitchController : <<<<<<< 's_plunger_lane' active >>>>>>>
2025-11-01 13:50:17,011 : INFO : EventManager : Event: ======'machine_var_audits_switches_s_plunger_lane'====== Args={'value': 520, 'prev_value': 519, 'change': 1}
2025-11-01 13:50:17,137 : INFO : EventManager : Event: ======'slide_base_slide_created'====== Args={'_from_bcp': True}
2025-11-01 13:50:17,137 : INFO : EventManager : Event: ======'slide_attract_inactive'====== Args={'is_removing': True, '_from_bcp': True}
2025-11-01 13:50:17,137 : INFO : EventManager : Event: ======'slide_base_slide_active'====== Args={'original_context': 'base', 'original_calling_context': 'mode_base_started', 'priority': 100.0, 'queue': '<QueuedEvent>', 'player': 1.0, 'ball': 1.0, 'balls_remaining': 2.0, 'is_extra_ball': False, 'cmd': 'slides_play', '_from_bcp': True}
2025-11-01 13:50:17,138 : INFO : EventManager : Event: ======'slide_attract_removed'====== Args={'_from_bcp': True}
2025-11-01 13:50:17,511 : INFO : ball_device.bd_plunger : Received ball from <ball_device.bd_trough>
2025-11-01 13:50:17,511 : INFO : EventManager : Event: ======'balldevice_bd_plunger_ball_enter'====== Args={'new_balls': 1, 'unclaimed_balls': 0, 'new_available_balls': 0, 'device': <ball_device.bd_plunger>}
2025-11-01 13:50:17,512 : INFO : EventManager : Event: ======'balldevice_bd_plunger_ball_entered'====== Args={'new_balls': 0, 'device': <ball_device.bd_plunger>}
2025-11-01 13:50:17,512 : INFO : EventManager : Event: ======'balldevice_bd_plunger_ball_count_changed'====== Args={'balls': 1}
2025-11-01 13:50:17,512 : INFO : ball_device.bd_trough : Got eject confirm
2025-11-01 13:50:17,512 : INFO : ball_device.bd_trough : Eject successful
2025-11-01 13:50:17,512 : INFO : EventManager : Event: ======'balldevice_bd_trough_ball_eject_success'====== Args={'balls': 1, 'target': <ball_device.bd_plunger>}
2025-11-01 13:50:17,513 : INFO : ball_device.bd_plunger : State: waiting_for_target_ready
2025-11-01 13:50:17,513 : INFO : EventManager : Event: ======'balldevice_bd_plunger_ball_eject_attempt'====== Args={'balls': 1, 'target': <playfield.playfield>, 'source': <ball_device.bd_plunger>, 'mechanical_eject': False, 'num_attempts': 0}
2025-11-01 13:50:17,513 : INFO : EventManager : Event: ======'balldevice_bd_trough_ball_count_changed'====== Args={'balls': 3}
2025-11-01 13:50:17,513 : INFO : ball_device.bd_trough : State: idle
2025-11-01 13:50:17,513 : INFO : ball_device.bd_plunger : State: ejecting
2025-11-01 13:50:17,513 : INFO : ball_device.bd_plunger : Ejecting ball to <playfield.playfield>
2025-11-01 13:50:17,513 : INFO : EventManager : Event: ======'balldevice_bd_plunger_ejecting_ball'====== Args={'balls': 1, 'target': <playfield.playfield>, 'source': <ball_device.bd_plunger>, 'mechanical_eject': False, 'num_attempts': 0}
2025-11-01 13:50:17,514 : INFO : ball_device.bd_plunger : Wait for ball to leave device
2025-11-01 13:50:17,514 : INFO : coil.c_plunger : Pulsing Driver for 20ms (1.0 pulse_power)
2025-11-01 13:50:17,514 : INFO : SwitchController : <<<<<<< 's_plunger_lane' inactive >>>>>>>
2025-11-01 13:50:17,514 : INFO : ball_device.bd_plunger : State: ball_left
2025-11-01 13:50:17,514 : INFO : ball_device.bd_plunger : Ball left
2025-11-01 13:50:17,514 : INFO : ball_device.bd_plunger : Wait for confirm with timeout 3.0
2025-11-01 13:50:17,604 : INFO : EventManager : Event: ======'player_base_player_added_timer_tick'====== Args={'value': 1, 'prev_value': 0, 'change': 1, 'player_num': 1}
2025-11-01 13:50:17,605 : INFO : Timer.player_added_timer : Timer Complete
2025-11-01 13:50:17,605 : INFO : Timer.player_added_timer : Stopping Timer
2025-11-01 13:50:17,605 : INFO : EventManager : Event: ======'timer_player_added_timer_stopped'====== Args={'ticks': 1, 'ticks_remaining': 1}
2025-11-01 13:50:17,605 : INFO : EventManager : Event: ======'timer_player_added_timer_complete'====== Args={'ticks': 1, 'ticks_remaining': 1}
2025-11-01 13:50:20,516 : INFO : ball_device.bd_plunger : State: failed_confirm
2025-11-01 13:50:20,516 : INFO : ball_device.bd_plunger : Got timeout (3.0s) before confirm from <playfield.playfield>
2025-11-01 13:50:20,618 : INFO : ball_device.bd_plunger : Confirming eject because target is playfield and ball did not return.
2025-11-01 13:50:20,618 : INFO : ball_device.bd_plunger : Eject successful
2025-11-01 13:50:20,618 : INFO : EventManager : Event: ======'balldevice_bd_plunger_ball_eject_success'====== Args={'balls': 1, 'target': <playfield.playfield>}
2025-11-01 13:50:20,619 : INFO : EventManager : Event: ======'balldevice_playfield_ball_enter'====== Args={'new_balls': 1, 'unclaimed_balls': 1, 'device': <playfield.playfield>}
2025-11-01 13:50:20,619 : INFO : EventManager : Event: ======'playfield_ball_count_change'====== Args={'balls': 1, 'change': 1}
2025-11-01 13:50:20,619 : INFO : EventManager : Event: ======'balldevice_bd_plunger_ball_count_changed'====== Args={'balls': 0}
2025-11-01 13:50:20,619 : INFO : ball_device.bd_plunger : State: idle
2025-11-01 13:50:20,851 : INFO : SwitchController : <<<<<<< 's_start' active >>>>>>>
2025-11-01 13:50:20,851 : INFO : EventManager : Event: ======'sw_start'====== Args={}
2025-11-01 13:50:20,851 : INFO : EventManager : Event: ======'machine_var_audits_switches_s_start'====== Args={'value': 534, 'prev_value': 533, 'change': 1}
2025-11-01 13:50:20,852 : INFO : EventManager : Event: ======'player_add_request'====== Args={}
2025-11-01 13:50:20,852 : INFO : EventManager : Event: ======'player_will_add'====== Args={'number': 2}
2025-11-01 13:50:20,852 : INFO : EventManager : Event: ======'player_adding'====== Args={'player': <Player 2>, 'number': 2}
2025-11-01 13:50:20,852 : INFO : EventManager : Event: ======'player_added'====== Args={'player': <Player 2>, 'num': 2}
2025-11-01 13:50:20,852 : INFO : Mode.game : Player added successfully. Total players: 2
2025-11-01 13:50:20,853 : INFO : EventManager : Event: ======'multiplayer_game'====== Args={}
2025-11-01 13:50:20,853 : INFO : EventManager : Event: ======'player_base_player_added_timer_tick'====== Args={'value': 0, 'prev_value': 1, 'change': -1, 'player_num': 1}
2025-11-01 13:50:20,853 : INFO : Timer.player_added_timer : Starting Timer.
2025-11-01 13:50:20,853 : INFO : EventManager : Event: ======'timer_player_added_timer_started'====== Args={'ticks': 0, 'ticks_remaining': 1}
2025-11-01 13:50:20,853 : INFO : EventManager : Event: ======'timer_player_added_timer_tick'====== Args={'ticks': 0, 'ticks_remaining': 1}
2025-11-01 13:50:20,853 : INFO : EventManager : Event: ======'player_index'====== Args={'value': 1, 'prev_value': 1, 'change': 0, 'player_num': 2}
2025-11-01 13:50:20,853 : INFO : EventManager : Event: ======'player_number'====== Args={'value': 2, 'prev_value': 2, 'change': 0, 'player_num': 2}
2025-11-01 13:50:20,854 : INFO : EventManager : Event: ======'player_score'====== Args={'value': 0, 'prev_value': 0, 'change': 0, 'player_num': 2}
2025-11-01 13:50:20,881 : INFO : EventManager : Event: ======'widget_player_addded_widget_active'====== Args={'original_context': 'base', 'original_calling_context': 'player_added', 'priority': 100.0, 'player': '<Player 2>', 'num': 2.0, 'cmd': 'widgets_play', '_from_bcp': True}
2025-11-01 13:50:20,967 : INFO : SwitchController : <<<<<<< 's_start' inactive >>>>>>>
2025-11-01 13:50:21,554 : INFO : EventManager : Event: ======'player_base_player_added_timer_tick'====== Args={'value': 1, 'prev_value': 0, 'change': 1, 'player_num': 1}
2025-11-01 13:50:21,555 : INFO : Timer.player_added_timer : Timer Complete
2025-11-01 13:50:21,555 : INFO : Timer.player_added_timer : Stopping Timer
2025-11-01 13:50:21,555 : INFO : EventManager : Event: ======'timer_player_added_timer_stopped'====== Args={'ticks': 1, 'ticks_remaining': 1}
2025-11-01 13:50:21,555 : INFO : EventManager : Event: ======'timer_player_added_timer_complete'====== Args={'ticks': 1, 'ticks_remaining': 1}
2025-11-01 13:50:21,568 : INFO : EventManager : Event: ======'widget_player_addded_widget_removed'====== Args={'_from_bcp': True}
2025-11-01 13:50:26,984 : INFO : SwitchController : <<<<<<< 's_start' active >>>>>>>
2025-11-01 13:50:26,984 : INFO : EventManager : Event: ======'sw_start'====== Args={}
2025-11-01 13:50:26,985 : INFO : EventManager : Event: ======'machine_var_audits_switches_s_start'====== Args={'value': 535, 'prev_value': 534, 'change': 1}
2025-11-01 13:50:26,985 : INFO : EventManager : Event: ======'player_add_request'====== Args={}
2025-11-01 13:50:26,986 : INFO : EventManager : Event: ======'player_will_add'====== Args={'number': 3}
2025-11-01 13:50:26,986 : INFO : EventManager : Event: ======'player_adding'====== Args={'player': <Player 3>, 'number': 3}
2025-11-01 13:50:26,986 : INFO : EventManager : Event: ======'player_added'====== Args={'player': <Player 3>, 'num': 3}
2025-11-01 13:50:26,986 : INFO : Mode.game : Player added successfully. Total players: 3
2025-11-01 13:50:26,987 : INFO : EventManager : Event: ======'player_base_player_added_timer_tick'====== Args={'value': 0, 'prev_value': 1, 'change': -1, 'player_num': 1}
2025-11-01 13:50:26,987 : INFO : Timer.player_added_timer : Starting Timer.
2025-11-01 13:50:26,988 : INFO : EventManager : Event: ======'timer_player_added_timer_started'====== Args={'ticks': 0, 'ticks_remaining': 1}
2025-11-01 13:50:26,988 : INFO : EventManager : Event: ======'timer_player_added_timer_tick'====== Args={'ticks': 0, 'ticks_remaining': 1}
2025-11-01 13:50:26,988 : INFO : EventManager : Event: ======'player_index'====== Args={'value': 2, 'prev_value': 2, 'change': 0, 'player_num': 3}
2025-11-01 13:50:26,994 : INFO : EventManager : Event: ======'player_number'====== Args={'value': 3, 'prev_value': 3, 'change': 0, 'player_num': 3}
2025-11-01 13:50:26,996 : INFO : EventManager : Event: ======'player_score'====== Args={'value': 0, 'prev_value': 0, 'change': 0, 'player_num': 3}
2025-11-01 13:50:27,019 : INFO : EventManager : Event: ======'widget_player_addded_widget_active'====== Args={'original_context': 'base', 'original_calling_context': 'player_added', 'priority': 100.0, 'player': '<Player 3>', 'num': 3.0, 'cmd': 'widgets_play', '_from_bcp': True}
2025-11-01 13:50:27,084 : INFO : SwitchController : <<<<<<< 's_start' inactive >>>>>>>
2025-11-01 13:50:27,689 : INFO : EventManager : Event: ======'player_base_player_added_timer_tick'====== Args={'value': 1, 'prev_value': 0, 'change': 1, 'player_num': 1}
2025-11-01 13:50:27,689 : INFO : Timer.player_added_timer : Timer Complete
2025-11-01 13:50:27,689 : INFO : Timer.player_added_timer : Stopping Timer
2025-11-01 13:50:27,690 : INFO : EventManager : Event: ======'timer_player_added_timer_stopped'====== Args={'ticks': 1, 'ticks_remaining': 1}
2025-11-01 13:50:27,690 : INFO : EventManager : Event: ======'timer_player_added_timer_complete'====== Args={'ticks': 1, 'ticks_remaining': 1}
2025-11-01 13:50:27,717 : INFO : EventManager : Event: ======'widget_player_addded_widget_removed'====== Args={'_from_bcp': True}
2025-11-01 13:50:29,601 : INFO : SwitchController : <<<<<<< 's_start' active >>>>>>>
2025-11-01 13:50:29,601 : INFO : EventManager : Event: ======'sw_start'====== Args={}
2025-11-01 13:50:29,602 : INFO : EventManager : Event: ======'machine_var_audits_switches_s_start'====== Args={'value': 536, 'prev_value': 535, 'change': 1}
2025-11-01 13:50:29,602 : INFO : EventManager : Event: ======'player_add_request'====== Args={}
2025-11-01 13:50:29,602 : INFO : EventManager : Event: ======'player_will_add'====== Args={'number': 4}
2025-11-01 13:50:29,602 : INFO : EventManager : Event: ======'player_adding'====== Args={'player': <Player 4>, 'number': 4}
2025-11-01 13:50:29,603 : INFO : EventManager : Event: ======'player_added'====== Args={'player': <Player 4>, 'num': 4}
2025-11-01 13:50:29,603 : INFO : Mode.game : Player added successfully. Total players: 4
2025-11-01 13:50:29,610 : INFO : EventManager : Event: ======'player_base_player_added_timer_tick'====== Args={'value': 0, 'prev_value': 1, 'change': -1, 'player_num': 1}
2025-11-01 13:50:29,612 : INFO : Timer.player_added_timer : Starting Timer.
2025-11-01 13:50:29,612 : INFO : EventManager : Event: ======'timer_player_added_timer_started'====== Args={'ticks': 0, 'ticks_remaining': 1}
2025-11-01 13:50:29,612 : INFO : EventManager : Event: ======'timer_player_added_timer_tick'====== Args={'ticks': 0, 'ticks_remaining': 1}
2025-11-01 13:50:29,612 : INFO : EventManager : Event: ======'player_index'====== Args={'value': 3, 'prev_value': 3, 'change': 0, 'player_num': 4}
2025-11-01 13:50:29,612 : INFO : EventManager : Event: ======'player_number'====== Args={'value': 4, 'prev_value': 4, 'change': 0, 'player_num': 4}
2025-11-01 13:50:29,612 : INFO : EventManager : Event: ======'player_score'====== Args={'value': 0, 'prev_value': 0, 'change': 0, 'player_num': 4}
2025-11-01 13:50:29,635 : INFO : EventManager : Event: ======'widget_player_addded_widget_active'====== Args={'original_context': 'base', 'original_calling_context': 'player_added', 'priority': 100.0, 'player': '<Player 4>', 'num': 4.0, 'cmd': 'widgets_play', '_from_bcp': True}
2025-11-01 13:50:29,684 : INFO : SwitchController : <<<<<<< 's_start' inactive >>>>>>>
2025-11-01 13:50:30,313 : INFO : EventManager : Event: ======'player_base_player_added_timer_tick'====== Args={'value': 1, 'prev_value': 0, 'change': 1, 'player_num': 1}
2025-11-01 13:50:30,313 : INFO : Timer.player_added_timer : Timer Complete
2025-11-01 13:50:30,314 : INFO : Timer.player_added_timer : Stopping Timer
2025-11-01 13:50:30,314 : INFO : EventManager : Event: ======'timer_player_added_timer_stopped'====== Args={'ticks': 1, 'ticks_remaining': 1}
2025-11-01 13:50:30,314 : INFO : EventManager : Event: ======'timer_player_added_timer_complete'====== Args={'ticks': 1, 'ticks_remaining': 1}
2025-11-01 13:50:30,334 : INFO : EventManager : Event: ======'widget_player_addded_widget_removed'====== Args={'_from_bcp': True}
2025-11-01 13:50:31,450 : INFO : SwitchController : <<<<<<< 's_drain' active >>>>>>>
2025-11-01 13:50:31,450 : INFO : EventManager : Event: ======'machine_var_audits_switches_s_drain'====== Args={'value': 375, 'prev_value': 374, 'change': 1}
2025-11-01 13:50:31,951 : INFO : EventManager : Event: ======'balldevice_bd_drain_ball_count_changed'====== Args={'balls': 1}
2025-11-01 13:50:31,951 : INFO : ball_device.bd_drain : Received unexpected ball
2025-11-01 13:50:31,952 : INFO : EventManager : Event: ======'balldevice_captured_from_playfield'====== Args={'balls': 1}
2025-11-01 13:50:31,952 : INFO : EventManager : Event: ======'sw_playfield_active'====== Args={'balls': 1}
2025-11-01 13:50:31,952 : INFO : EventManager : Event: ======'playfield_ball_count_change'====== Args={'balls': 0, 'change': -1}
2025-11-01 13:50:31,953 : INFO : EventManager : Event: ======'balldevice_bd_drain_ball_enter'====== Args={'new_balls': 1, 'unclaimed_balls': 1, 'new_available_balls': 1, 'device': <ball_device.bd_drain>}
2025-11-01 13:50:31,953 : INFO : EventManager : Event: ======'ball_drain'====== Args={'device': <ball_device.bd_drain>, 'balls': 1}
2025-11-01 13:50:31,954 : INFO : EventManager : Event: ======'ball_will_end'====== Args={}
2025-11-01 13:50:31,954 : INFO : EventManager : Event: ======'balldevice_balls_available'====== Args={}
2025-11-01 13:50:31,954 : INFO : EventManager : Event: ======'balldevice_balls_available'====== Args={}
2025-11-01 13:50:31,954 : INFO : EventManager : Event: ======'balldevice_bd_drain_ball_entered'====== Args={'new_balls': 1, 'device': <ball_device.bd_drain>}
2025-11-01 13:50:31,955 : INFO : EventManager : Event: ======'mode_base_will_stop'====== Args={}
2025-11-01 13:50:31,955 : INFO : EventManager : Event: ======'mode_base_stopping'====== Args={}
2025-11-01 13:50:31,955 : INFO : EventManager : Event: ======'stop_mode_bumpers'====== Args={'priority': 0}
2025-11-01 13:50:31,955 : INFO : EventManager : Event: ======'mode_bumpers_will_stop'====== Args={}
2025-11-01 13:50:31,955 : INFO : EventManager : Event: ======'mode_bumpers_stopping'====== Args={}
2025-11-01 13:50:31,955 : INFO : Mode.base : Stopped.
2025-11-01 13:50:31,955 : INFO : EventManager : Event: ======'modes_active_modes_changed'====== Args={}
2025-11-01 13:50:31,956 : INFO : EventManager : Event: ======'mode_base_stopped'====== Args={}
2025-11-01 13:50:31,956 : INFO : EventManager : Event: ======'clear'====== Args={'key': 'base'}
2025-11-01 13:50:31,957 : INFO : Timer.player_added_timer : Stopping Timer
2025-11-01 13:50:31,957 : INFO : EventManager : Event: ======'timer_player_added_timer_stopped'====== Args={'ticks': 1, 'ticks_remaining': 1}
2025-11-01 13:50:31,957 : INFO : Mode.bumpers : Stopped.
2025-11-01 13:50:31,957 : INFO : EventManager : Event: ======'modes_active_modes_changed'====== Args={}
2025-11-01 13:50:31,957 : INFO : EventManager : Event: ======'mode_bumpers_stopped'====== Args={}
2025-11-01 13:50:31,957 : INFO : EventManager : Event: ======'clear'====== Args={'key': 'bumpers'}
2025-11-01 13:50:31,958 : INFO : EventManager : Event: ======'ball_ending'====== Args={}
2025-11-01 13:50:31,959 : INFO : EventManager : Event: ======'ball_ended'====== Args={}
2025-11-01 13:50:31,959 : INFO : EventManager : Event: ======'player_turn_will_end'====== Args={'player': <Player 1>, 'number': 1}
2025-11-01 13:50:31,960 : INFO : ball_device.bd_drain : State: waiting_for_target_ready
2025-11-01 13:50:31,960 : INFO : EventManager : Event: ======'balldevice_bd_drain_ball_eject_attempt'====== Args={'balls': 1, 'target': <ball_device.bd_trough>, 'source': <ball_device.bd_drain>, 'mechanical_eject': False, 'num_attempts': 0}
2025-11-01 13:50:31,960 : INFO : ball_device.bd_drain : State: ejecting
2025-11-01 13:50:31,960 : INFO : ball_device.bd_drain : Ejecting ball to <ball_device.bd_trough>
2025-11-01 13:50:31,960 : INFO : EventManager : Event: ======'balldevice_bd_drain_ejecting_ball'====== Args={'balls': 1, 'target': <ball_device.bd_trough>, 'source': <ball_device.bd_drain>, 'mechanical_eject': False, 'num_attempts': 0}
2025-11-01 13:50:31,960 : INFO : EventManager : Event: ======'player_turn_ending'====== Args={'player': <Player 1>, 'number': 1}
2025-11-01 13:50:31,961 : INFO : EventManager : Event: ======'player_turn_ended'====== Args={'player': <Player 1>, 'number': 1}
2025-11-01 13:50:31,962 : INFO : EventManager : Event: ======'player_turn_will_start'====== Args={'player': <Player 2>, 'number': 2}
2025-11-01 13:50:31,962 : INFO : ball_device.bd_drain : Wait for ball to leave device
2025-11-01 13:50:31,962 : INFO : coil.c_drain_eject : Pulsing Driver for 20ms (1.0 pulse_power)
2025-11-01 13:50:31,962 : INFO : SwitchController : <<<<<<< 's_drain' inactive >>>>>>>
2025-11-01 13:50:31,963 : INFO : EventManager : Event: ======'player_turn_starting'====== Args={'player': <Player 2>, 'number': 2}
2025-11-01 13:50:31,963 : INFO : EventManager : Event: ======'player_ball'====== Args={'value': 1, 'prev_value': 0, 'change': 1, 'player_num': 2}
2025-11-01 13:50:31,963 : INFO : EventManager : Event: ======'player_turn_started'====== Args={'player': <Player 2>, 'number': 2}
2025-11-01 13:50:31,963 : INFO : EventManager : Event: ======'ball_will_start'====== Args={'player': 2, 'ball': 1, 'balls_remaining': 2, 'is_extra_ball': False}
2025-11-01 13:50:31,964 : INFO : ball_device.bd_drain : State: ball_left
2025-11-01 13:50:31,964 : INFO : ball_device.bd_drain : Ball left
2025-11-01 13:50:31,964 : INFO : ball_device.bd_drain : Wait for confirm with timeout 10.0
2025-11-01 13:50:31,964 : INFO : EventManager : Event: ======'ball_starting'====== Args={'player': 2, 'ball': 1, 'balls_remaining': 2, 'is_extra_ball': False}
2025-11-01 13:50:31,964 : INFO : EventManager : Event: ======'mode_base_will_start'====== Args={'queue': <QueuedEvent>, 'player': 2, 'ball': 1, 'balls_remaining': 2, 'is_extra_ball': False}
2025-11-01 13:50:31,964 : INFO : EventManager : Event: ======'player_base_player_added_timer_tick'====== Args={'value': 0, 'prev_value': 0, 'change': 0, 'player_num': 2}
2025-11-01 13:50:31,965 : INFO : Timer.player_added_timer : Starting Timer.
2025-11-01 13:50:31,965 : INFO : EventManager : Event: ======'timer_player_added_timer_started'====== Args={'ticks': 0, 'ticks_remaining': 1}
2025-11-01 13:50:31,965 : INFO : EventManager : Event: ======'timer_player_added_timer_tick'====== Args={'ticks': 0, 'ticks_remaining': 1}
2025-11-01 13:50:31,966 : INFO : EventManager : Event: ======'mode_base_starting'====== Args={'queue': <QueuedEvent>, 'player': 2, 'ball': 1, 'balls_remaining': 2, 'is_extra_ball': False}
2025-11-01 13:50:31,966 : INFO : Mode.base : Started. Priority: 100
2025-11-01 13:50:31,966 : INFO : EventManager : Event: ======'modes_active_modes_changed'====== Args={}
2025-11-01 13:50:31,966 : INFO : EventManager : Event: ======'mode_base_started'====== Args={'queue': <QueuedEvent>, 'player': 2, 'ball': 1, 'balls_remaining': 2, 'is_extra_ball': False}
2025-11-01 13:50:31,966 : INFO : EventManager : Event: ======'start_mode_bumpers'====== Args={'priority': 0}
2025-11-01 13:50:31,967 : INFO : EventManager : Event: ======'mode_bumpers_will_start'====== Args={'priority': 0}
2025-11-01 13:50:31,967 : INFO : EventManager : Event: ======'player_shot_bumper1_enabled'====== Args={'value': True, 'prev_value': 0, 'change': 1, 'player_num': 2}
2025-11-01 13:50:31,968 : INFO : EventManager : Event: ======'player_shot_bumper2_enabled'====== Args={'value': True, 'prev_value': 0, 'change': 1, 'player_num': 2}
2025-11-01 13:50:31,968 : INFO : EventManager : Event: ======'player_shot_bumper3_enabled'====== Args={'value': True, 'prev_value': 0, 'change': 1, 'player_num': 2}
2025-11-01 13:50:31,969 : INFO : EventManager : Event: ======'mode_bumpers_starting'====== Args={'priority': 0}
2025-11-01 13:50:31,969 : INFO : Mode.bumpers : Started. Priority: 200
2025-11-01 13:50:31,969 : INFO : EventManager : Event: ======'modes_active_modes_changed'====== Args={}
2025-11-01 13:50:31,969 : INFO : EventManager : Event: ======'mode_bumpers_started'====== Args={'priority': 0}
2025-11-01 13:50:31,969 : INFO : EventManager : Event: ======'balls_in_play'====== Args={'balls': 1}
2025-11-01 13:50:31,969 : INFO : EventManager : Event: ======'ball_started'====== Args={'player': 2, 'ball': 1, 'balls_remaining': 2, 'is_extra_ball': False}
2025-11-01 13:50:31,970 : INFO : EventManager : Event: ======'multi_player_ball_started'====== Args={}
2025-11-01 13:50:31,970 : INFO : EventManager : Event: ======'player_2_ball_started'====== Args={}
2025-11-01 13:50:31,970 : INFO : EventManager : Event: ======'ball_start_target'====== Args={'target': 'playfield'}
2025-11-01 13:50:31,971 : INFO : ball_device.bd_trough : Setting up player-controlled eject. Balls: 1, Target: <playfield.playfield>, player_controlled_eject_event: None
2025-11-01 13:50:31,971 : INFO : ball_device.bd_trough : Adding 1 ball(s) to the eject_queue with target <playfield.playfield>.
2025-11-01 13:50:31,971 : INFO : EventManager : Event: ======'balldevice_balls_available'====== Args={}
2025-11-01 13:50:31,971 : INFO : ball_device.bd_trough : State: waiting_for_target_ready
2025-11-01 13:50:31,971 : INFO : EventManager : Event: ======'balldevice_bd_trough_ball_eject_attempt'====== Args={'balls': 1, 'target': <ball_device.bd_plunger>, 'source': <ball_device.bd_trough>, 'mechanical_eject': False, 'num_attempts': 0}
2025-11-01 13:50:31,971 : INFO : ball_device.bd_plunger : State: waiting_for_ball
2025-11-01 13:50:31,972 : INFO : ball_device.bd_trough : State: ejecting
2025-11-01 13:50:31,972 : INFO : ball_device.bd_trough : Ejecting ball to <ball_device.bd_plunger>
2025-11-01 13:50:31,972 : INFO : EventManager : Event: ======'balldevice_bd_trough_ejecting_ball'====== Args={'balls': 1, 'target': <ball_device.bd_plunger>, 'source': <ball_device.bd_trough>, 'mechanical_eject': False, 'num_attempts': 0}
2025-11-01 13:50:31,972 : INFO : ball_device.bd_trough : Wait for ball to leave device
2025-11-01 13:50:31,993 : INFO : coil.c_trough_eject : Pulsing Driver for 20ms (1.0 pulse_power)
2025-11-01 13:50:31,993 : INFO : SwitchController : <<<<<<< 's_trough2' inactive >>>>>>>
2025-11-01 13:50:31,994 : INFO : ball_device.bd_trough : State: ball_left
2025-11-01 13:50:31,995 : INFO : ball_device.bd_trough : Ball left
2025-11-01 13:50:31,995 : INFO : ball_device.bd_trough : Wait for confirm with timeout 3.0
2025-11-01 13:50:32,064 : INFO : SwitchController : <<<<<<< 's_trough1' active >>>>>>>
2025-11-01 13:50:32,064 : INFO : EventManager : Event: ======'machine_var_audits_switches_s_trough1'====== Args={'value': 263, 'prev_value': 262, 'change': 1}
2025-11-01 13:50:32,095 : INFO : SwitchController : <<<<<<< 's_plunger_lane' active >>>>>>>
2025-11-01 13:50:32,095 : INFO : EventManager : Event: ======'machine_var_audits_switches_s_plunger_lane'====== Args={'value': 521, 'prev_value': 520, 'change': 1}
2025-11-01 13:50:32,596 : INFO : ball_device.bd_plunger : Received ball from <ball_device.bd_trough>
2025-11-01 13:50:32,596 : INFO : EventManager : Event: ======'balldevice_bd_plunger_ball_enter'====== Args={'new_balls': 1, 'unclaimed_balls': 0, 'new_available_balls': 0, 'device': <ball_device.bd_plunger>}
2025-11-01 13:50:32,597 : INFO : EventManager : Event: ======'balldevice_bd_plunger_ball_entered'====== Args={'new_balls': 0, 'device': <ball_device.bd_plunger>}
2025-11-01 13:50:32,597 : INFO : EventManager : Event: ======'balldevice_bd_plunger_ball_count_changed'====== Args={'balls': 1}
2025-11-01 13:50:32,598 : INFO : ball_device.bd_trough : Got eject confirm
2025-11-01 13:50:32,598 : INFO : ball_device.bd_trough : Eject successful
2025-11-01 13:50:32,598 : INFO : EventManager : Event: ======'balldevice_bd_trough_ball_eject_success'====== Args={'balls': 1, 'target': <ball_device.bd_plunger>}
2025-11-01 13:50:32,598 : INFO : ball_device.bd_plunger : State: waiting_for_target_ready
2025-11-01 13:50:32,598 : INFO : EventManager : Event: ======'balldevice_bd_plunger_ball_eject_attempt'====== Args={'balls': 1, 'target': <playfield.playfield>, 'source': <ball_device.bd_plunger>, 'mechanical_eject': False, 'num_attempts': 0}
2025-11-01 13:50:32,599 : INFO : EventManager : Event: ======'balldevice_bd_trough_ball_count_changed'====== Args={'balls': 2}
2025-11-01 13:50:32,599 : INFO : ball_device.bd_trough : State: idle
2025-11-01 13:50:32,599 : INFO : EventManager : Event: ======'balldevice_bd_trough_ball_count_changed'====== Args={'balls': 3}
2025-11-01 13:50:32,599 : INFO : ball_device.bd_trough : Received ball from <ball_device.bd_drain>
2025-11-01 13:50:32,599 : INFO : EventManager : Event: ======'balldevice_bd_trough_ball_enter'====== Args={'new_balls': 1, 'unclaimed_balls': 0, 'new_available_balls': 0, 'device': <ball_device.bd_trough>}
2025-11-01 13:50:32,599 : INFO : ball_device.bd_plunger : State: ejecting
2025-11-01 13:50:32,599 : INFO : ball_device.bd_plunger : Ejecting ball to <playfield.playfield>
2025-11-01 13:50:32,600 : INFO : EventManager : Event: ======'balldevice_bd_plunger_ejecting_ball'====== Args={'balls': 1, 'target': <playfield.playfield>, 'source': <ball_device.bd_plunger>, 'mechanical_eject': False, 'num_attempts': 0}
2025-11-01 13:50:32,600 : INFO : EventManager : Event: ======'ball_drain'====== Args={'device': <ball_device.bd_trough>, 'balls': 0}
2025-11-01 13:50:32,601 : INFO : EventManager : Event: ======'balldevice_bd_trough_ball_entered'====== Args={'new_balls': 0, 'device': <ball_device.bd_trough>}
2025-11-01 13:50:32,601 : INFO : ball_device.bd_drain : Got eject confirm
2025-11-01 13:50:32,601 : INFO : ball_device.bd_drain : Eject successful
2025-11-01 13:50:32,601 : INFO : EventManager : Event: ======'balldevice_bd_drain_ball_eject_success'====== Args={'balls': 1, 'target': <ball_device.bd_trough>}
2025-11-01 13:50:32,602 : INFO : ball_device.bd_plunger : Wait for ball to leave device
2025-11-01 13:50:32,602 : INFO : coil.c_plunger : Pulsing Driver for 20ms (1.0 pulse_power)
2025-11-01 13:50:32,602 : INFO : SwitchController : <<<<<<< 's_plunger_lane' inactive >>>>>>>
2025-11-01 13:50:32,602 : INFO : EventManager : Event: ======'balldevice_bd_drain_ball_count_changed'====== Args={'balls': 0}
2025-11-01 13:50:32,602 : INFO : ball_device.bd_drain : State: idle
2025-11-01 13:50:32,603 : INFO : ball_device.bd_plunger : State: ball_left
2025-11-01 13:50:32,604 : INFO : ball_device.bd_plunger : Ball left
2025-11-01 13:50:32,604 : INFO : ball_device.bd_plunger : Wait for confirm with timeout 3.0
2025-11-01 13:50:32,666 : INFO : EventManager : Event: ======'player_base_player_added_timer_tick'====== Args={'value': 1, 'prev_value': 0, 'change': 1, 'player_num': 2}
2025-11-01 13:50:32,667 : INFO : Timer.player_added_timer : Timer Complete
2025-11-01 13:50:32,667 : INFO : Timer.player_added_timer : Stopping Timer
2025-11-01 13:50:32,667 : INFO : EventManager : Event: ======'timer_player_added_timer_stopped'====== Args={'ticks': 1, 'ticks_remaining': 1}
2025-11-01 13:50:32,667 : INFO : EventManager : Event: ======'timer_player_added_timer_complete'====== Args={'ticks': 1, 'ticks_remaining': 1}
2025-11-01 13:50:35,605 : INFO : ball_device.bd_plunger : State: failed_confirm
2025-11-01 13:50:35,605 : INFO : ball_device.bd_plunger : Got timeout (3.0s) before confirm from <playfield.playfield>
2025-11-01 13:50:35,706 : INFO : ball_device.bd_plunger : Confirming eject because target is playfield and ball did not return.
2025-11-01 13:50:35,706 : INFO : ball_device.bd_plunger : Eject successful
2025-11-01 13:50:35,706 : INFO : EventManager : Event: ======'balldevice_bd_plunger_ball_eject_success'====== Args={'balls': 1, 'target': <playfield.playfield>}
2025-11-01 13:50:35,707 : INFO : EventManager : Event: ======'balldevice_playfield_ball_enter'====== Args={'new_balls': 1, 'unclaimed_balls': 1, 'device': <playfield.playfield>}
2025-11-01 13:50:35,707 : INFO : EventManager : Event: ======'playfield_ball_count_change'====== Args={'balls': 1, 'change': 1}
2025-11-01 13:50:35,707 : INFO : EventManager : Event: ======'balldevice_bd_plunger_ball_count_changed'====== Args={'balls': 0}
2025-11-01 13:50:35,707 : INFO : ball_device.bd_plunger : State: idle
2025-11-01 13:50:40,878 : INFO : Machine : Shutting down...
2025-11-01 13:50:40,878 : INFO : EventManager : Event: ======'shutdown'====== Args={}
2025-11-01 13:50:40,878 : INFO : EventManager : Event: ======'mode_game_will_stop'====== Args={}
2025-11-01 13:50:40,878 : INFO : EventManager : Event: ======'mode_game_stopping'====== Args={}
2025-11-01 13:50:40,879 : INFO : EventManager : Event: ======'mode_bumpers_will_stop'====== Args={}
2025-11-01 13:50:40,879 : INFO : EventManager : Event: ======'mode_bumpers_stopping'====== Args={}
2025-11-01 13:50:40,879 : INFO : EventManager : Event: ======'mode_base_will_stop'====== Args={}
2025-11-01 13:50:40,879 : INFO : EventManager : Event: ======'mode_base_stopping'====== Args={}
2025-11-01 13:50:40,879 : INFO : EventManager : Event: ======'stop_mode_bumpers'====== Args={'priority': 0}
2025-11-01 13:50:40,879 : INFO : Mode.base : Stopped.
2025-11-01 13:50:40,879 : INFO : EventManager : Event: ======'modes_active_modes_changed'====== Args={}
2025-11-01 13:50:40,879 : INFO : EventManager : Event: ======'mode_base_stopped'====== Args={}
2025-11-01 13:50:40,879 : INFO : EventManager : Event: ======'clear'====== Args={'key': 'base'}
2025-11-01 13:50:40,879 : INFO : Timer.player_added_timer : Stopping Timer
2025-11-01 13:50:40,879 : INFO : EventManager : Event: ======'timer_player_added_timer_stopped'====== Args={'ticks': 1, 'ticks_remaining': 1}
2025-11-01 13:50:40,879 : INFO : Mode.bumpers : Stopped.
2025-11-01 13:50:40,879 : INFO : EventManager : Event: ======'modes_active_modes_changed'====== Args={}
2025-11-01 13:50:40,879 : INFO : EventManager : Event: ======'mode_bumpers_stopped'====== Args={}
2025-11-01 13:50:40,879 : INFO : EventManager : Event: ======'clear'====== Args={'key': 'bumpers'}
2025-11-01 13:50:40,880 : INFO : Mode.game : Stopped.
2025-11-01 13:50:40,880 : INFO : EventManager : Event: ======'modes_active_modes_changed'====== Args={}
2025-11-01 13:50:40,880 : INFO : EventManager : Event: ======'mode_game_stopped'====== Args={}
2025-11-01 13:50:40,880 : INFO : EventManager : Event: ======'clear'====== Args={'key': 'game'}
2025-11-01 13:50:40,882 : INFO : root : MPF run loop ended.
