2025-10-12 01:31:49,083 : INFO : root : Loading config.
2025-10-12 01:31:49,084 : INFO : YamlMultifileConfigLoader : Machine config file #1: config.yaml
2025-10-12 01:31:49,084 : INFO : ConfigProcessor : Loading config from cache: /var/folders/m3/0d4y64_n3fn8tnkv3ydlhztw0000gn/T/5ca32a6c950d03116abbed96ca44d372.mpf_cache
2025-10-12 01:31:49,085 : WARNING : ConfigProcessor : Config file in cache changed: /Users/didiergilbin/Desktop/Homebrew_CSI/config/config_hardware.yaml
2025-10-12 01:31:49,085 : INFO : ConfigProcessor : Loading config from file /Users/didiergilbin/mpfenv/lib/python3.13/site-packages/mpf/mpfconfig.yaml.
2025-10-12 01:31:49,099 : INFO : ConfigProcessor : Loading config: /Users/didiergilbin/mpfenv/lib/python3.13/site-packages/mpf/mpfconfig.yaml
2025-10-12 01:31:49,099 : INFO : ConfigProcessor : Loading config from file /Users/didiergilbin/Desktop/Homebrew_CSI/config/config.yaml.
2025-10-12 01:31:49,099 : INFO : ConfigProcessor : Loading config: /Users/didiergilbin/Desktop/Homebrew_CSI/config/config.yaml
2025-10-12 01:31:49,113 : INFO : ConfigProcessor : Loading config: /Users/didiergilbin/Desktop/Homebrew_CSI/config/config_settings.yaml
2025-10-12 01:31:49,116 : INFO : ConfigProcessor : Loading config: /Users/didiergilbin/Desktop/Homebrew_CSI/config/config_hardware.yaml
2025-10-12 01:31:49,116 : INFO : ConfigProcessor : Config file cache created: /var/folders/m3/0d4y64_n3fn8tnkv3ydlhztw0000gn/T/5ca32a6c950d03116abbed96ca44d372.mpf_cache
2025-10-12 01:31:49,128 : INFO : ConfigProcessor : Loading config from cache: /var/folders/m3/0d4y64_n3fn8tnkv3ydlhztw0000gn/T/01c495fa7450a81b4be96cb699872531.mpf_cache
2025-10-12 01:31:49,128 : INFO : ConfigProcessor : Loading config from cache: /var/folders/m3/0d4y64_n3fn8tnkv3ydlhztw0000gn/T/bfde29b5bb803376b0637bb8f0da27a7.mpf_cache
2025-10-12 01:31:49,128 : INFO : ConfigProcessor : Loading config from cache: /var/folders/m3/0d4y64_n3fn8tnkv3ydlhztw0000gn/T/01c495fa7450a81b4be96cb699872531.mpf_cache
2025-10-12 01:31:49,128 : INFO : ConfigProcessor : Loading config from cache: /var/folders/m3/0d4y64_n3fn8tnkv3ydlhztw0000gn/T/3ae89e09515ff8d8b11d68f672b2cc51.mpf_cache
2025-10-12 01:31:49,128 : INFO : Machine : Mission Pinball Framework Core Engine v0.80.0.dev10
2025-10-12 01:31:49,128 : INFO : Machine : Command line arguments: {'no_load_cache': False, 'create_config_cache': True, 'bcp': True, 'configfile': ['config.yaml'], 'force_assets_load': False, 'platform_integration_test': False, 'jsonlogging': False, 'logfile': 'logs/2025-10-12-01-31-49-mpf-mac.home.log', 'pause': False, 'production': False, 'text_ui': True, 'loglevel': 15, 'consoleloglevel': 20, 'force_platform': 'smart_virtual', 'syslog_address': None, 'full_logfile_path': '/Users/didiergilbin/Desktop/Homebrew_CSI/logs/2025-10-12-01-31-49-mpf-mac.home.log'}
2025-10-12 01:31:49,128 : INFO : Machine : MPF path: /Users/didiergilbin/mpfenv/lib/python3.13/site-packages/mpf
2025-10-12 01:31:49,128 : INFO : Machine : Machine path: /Users/didiergilbin/Desktop/Homebrew_CSI
2025-10-12 01:31:49,129 : INFO : Machine : Platform: darwin
2025-10-12 01:31:49,129 : INFO : Machine : Python executable location: /Users/didiergilbin/mpfenv/bin/python3.13
2025-10-12 01:31:49,129 : INFO : Machine : Python version: 3.13.7 (64-bit)
2025-10-12 01:31:49,129 : INFO : Machine : Initializing MPF...
2025-10-12 01:31:49,143 : INFO : EventManager : Event: ======'machine_var_credits_string'====== Args={'value': 'FREE PLAY', 'prev_value': None, 'change': True}
2025-10-12 01:31:49,146 : INFO : EventManager : Event: ======'machine_var_master_volume'====== Args={'value': 0.5, 'prev_value': None, 'change': True}
2025-10-12 01:31:49,146 : INFO : EventManager : Event: ======'machine_var_mpf_version'====== Args={'value': 'Mission Pinball Framework v0.80.0.dev10', 'prev_value': None, 'change': True}
2025-10-12 01:31:49,146 : INFO : EventManager : Event: ======'machine_var_mpf_extended_version'====== Args={'value': 'Mission Pinball Framework v0.80.0.dev10, Config version:6, Show version: 6, BCP version:1.1', 'prev_value': None, 'change': True}
2025-10-12 01:31:49,146 : INFO : EventManager : Event: ======'machine_var_python_version'====== Args={'value': '3.13.7', 'prev_value': None, 'change': True}
2025-10-12 01:31:49,152 : INFO : EventManager : Event: ======'machine_var_platform'====== Args={'value': 'macOS-15.6.1-arm64-arm-64bit-Mach-O', 'prev_value': None, 'change': True}
2025-10-12 01:31:49,152 : INFO : EventManager : Event: ======'machine_var_platform_system'====== Args={'value': 'Darwin', 'prev_value': None, 'change': True}
2025-10-12 01:31:49,152 : INFO : EventManager : Event: ======'machine_var_platform_release'====== Args={'value': '24.6.0', 'prev_value': None, 'change': True}
2025-10-12 01:31:49,152 : INFO : EventManager : Event: ======'machine_var_platform_version'====== Args={'value': 'Darwin Kernel Version 24.6.0: Mon Jul 14 11:30:40 PDT 2025; root:xnu-11417.140.69~1/RELEASE_ARM64_T8132', 'prev_value': None, 'change': True}
2025-10-12 01:31:49,152 : INFO : EventManager : Event: ======'machine_var_platform_machine'====== Args={'value': 'arm64', 'prev_value': None, 'change': True}
2025-10-12 01:31:49,152 : INFO : EventManager : Event: ======'machine_var_log_file_path'====== Args={'value': '/Users/didiergilbin/Desktop/Homebrew_CSI/logs/2025-10-12-01-31-49-mpf-mac.home.log', 'prev_value': None, 'change': True}
2025-10-12 01:31:49,152 : INFO : EventManager : Event: ======'init_phase_1'====== Args={}
2025-10-12 01:31:49,155 : INFO : EventManager : Event: ======'init_phase_2'====== Args={}
2025-10-12 01:31:49,155 : INFO : EventManager : Event: ======'bcp_connection_attempt'====== Args={'name': 'local_display', 'host': 'localhost', 'port': 5050}
2025-10-12 01:31:49,156 : INFO : BCPClientSocket : Connecting BCP to 'local_display' at localhost:5050...
2025-10-12 01:31:49,158 : INFO : BCPClientSocket : Connected BCP to 'local_display' localhost:5050
2025-10-12 01:31:49,158 : INFO : EventManager : Event: ======'bcp_clients_connected'====== Args={}
2025-10-12 01:31:49,159 : INFO : EventManager : Event: ======'init_phase_3'====== Args={}
2025-10-12 01:31:49,160 : INFO : EventManager : Event: ======'init_phase_4'====== Args={}
2025-10-12 01:31:49,160 : INFO : EventManager : Event: ======'machine_var_audits_switches_s_sling_left'====== Args={'value': 0, 'prev_value': None, 'change': True}
2025-10-12 01:31:49,160 : INFO : EventManager : Event: ======'machine_var_audits_switches_s_right_flipper'====== Args={'value': 0, 'prev_value': None, 'change': True}
2025-10-12 01:31:49,160 : INFO : EventManager : Event: ======'machine_var_audits_switches_s_left_flipper'====== Args={'value': 0, 'prev_value': None, 'change': True}
2025-10-12 01:31:49,160 : INFO : EventManager : Event: ======'machine_var_audits_switches_s_sling_right'====== Args={'value': 0, 'prev_value': None, 'change': True}
2025-10-12 01:31:49,160 : INFO : EventManager : Event: ======'machine_var_audits_events_game_started'====== Args={'value': 0, 'prev_value': None, 'change': True}
2025-10-12 01:31:49,160 : INFO : EventManager : Event: ======'machine_var_audits_events_game_ended'====== Args={'value': 0, 'prev_value': None, 'change': True}
2025-10-12 01:31:49,160 : INFO : EventManager : Event: ======'machine_var_audits_player_score'====== Args={'value': {'top': [], 'average': 0, 'total': 0}, 'prev_value': None, 'change': True}
2025-10-12 01:31:49,161 : INFO : EventManager : Event: ======'init_phase_5'====== Args={}
2025-10-12 01:31:49,161 : INFO : EventManager : Event: ======'init_done'====== Args={}
2025-10-12 01:31:49,161 : INFO : EventManager : Event: ======'machine_reset_phase_1'====== Args={}
2025-10-12 01:31:49,170 : INFO : EventManager : Event: ======'machine_reset_phase_2'====== Args={}
2025-10-12 01:31:49,171 : INFO : EventManager : Event: ======'machine_reset_phase_3'====== Args={}
2025-10-12 01:31:49,171 : INFO : EventManager : Event: ======'reset_complete'====== Args={}
2025-10-12 01:31:49,171 : INFO : EventManager : Event: ======'mode_attract_will_start'====== Args={}
2025-10-12 01:31:49,171 : INFO : EventManager : Event: ======'mode_attract_starting'====== Args={}
2025-10-12 01:31:49,171 : INFO : Mode.attract : Started. Priority: 10
2025-10-12 01:31:49,171 : INFO : EventManager : Event: ======'modes_active_modes_changed'====== Args={}
2025-10-12 01:31:49,171 : INFO : EventManager : Event: ======'mode_attract_started'====== Args={}
2025-10-12 01:31:49,171 : INFO : EventManager : Event: ======'collecting_balls_complete'====== Args={}
2025-10-12 01:31:49,171 : INFO : Machine : Starting the main run loop with active modes: [<Mode.attract>]
2025-10-12 01:31:49,221 : INFO : EventManager : Event: ======'slide_attract_created'====== Args={'_from_bcp': True}
2025-10-12 01:31:49,222 : INFO : EventManager : Event: ======'slide__removed'====== Args={'_from_bcp': True}
2025-10-12 01:31:49,222 : INFO : EventManager : Event: ======'slide_attract_active'====== Args={'original_context': 'attract', 'original_calling_context': 'mode_attract_started', 'priority': 10.0, 'cmd': 'slides_play', '_from_bcp': True}
2025-10-12 01:32:12,344 : INFO : SwitchController : <<<<<<< 's_left_flipper' active >>>>>>>
2025-10-12 01:32:12,626 : INFO : SwitchController : <<<<<<< 's_right_flipper' active >>>>>>>
2025-10-12 01:32:12,627 : INFO : EventManager : Event: ======'flipper_cancel'====== Args={'triggering_group': 2, 'triggering_switch': 's_right_flipper'}
2025-10-12 01:32:12,676 : INFO : SwitchController : <<<<<<< 's_left_flipper' inactive >>>>>>>
2025-10-12 01:32:12,677 : INFO : EventManager : Event: ======'both_flippers_one'====== Args={'triggering_group': 1, 'triggering_switch': 's_left_flipper'}
2025-10-12 01:32:12,727 : INFO : SwitchController : <<<<<<< 's_right_flipper' inactive >>>>>>>
2025-10-12 01:32:12,727 : INFO : EventManager : Event: ======'both_flippers_inactive'====== Args={'triggering_group': 2, 'triggering_switch': 's_right_flipper'}
2025-10-12 01:32:12,894 : INFO : SwitchController : <<<<<<< 's_right_flipper' active >>>>>>>
2025-10-12 01:32:13,043 : INFO : SwitchController : <<<<<<< 's_right_flipper' inactive >>>>>>>
2025-10-12 01:32:13,143 : INFO : SwitchController : <<<<<<< 's_left_flipper' active >>>>>>>
2025-10-12 01:32:13,310 : INFO : SwitchController : <<<<<<< 's_right_flipper' active >>>>>>>
2025-10-12 01:32:13,310 : INFO : EventManager : Event: ======'flipper_cancel'====== Args={'triggering_group': 2, 'triggering_switch': 's_right_flipper'}
2025-10-12 01:32:13,310 : INFO : SwitchController : <<<<<<< 's_left_flipper' inactive >>>>>>>
2025-10-12 01:32:13,310 : INFO : EventManager : Event: ======'both_flippers_one'====== Args={'triggering_group': 1, 'triggering_switch': 's_left_flipper'}
2025-10-12 01:32:13,443 : INFO : SwitchController : <<<<<<< 's_right_flipper' inactive >>>>>>>
2025-10-12 01:32:13,444 : INFO : EventManager : Event: ======'both_flippers_inactive'====== Args={'triggering_group': 2, 'triggering_switch': 's_right_flipper'}
2025-10-12 01:32:13,527 : INFO : SwitchController : <<<<<<< 's_right_flipper' active >>>>>>>
2025-10-12 01:32:13,627 : INFO : SwitchController : <<<<<<< 's_right_flipper' inactive >>>>>>>
2025-10-12 01:32:13,910 : INFO : SwitchController : <<<<<<< 's_left_flipper' active >>>>>>>
2025-10-12 01:32:14,127 : INFO : SwitchController : <<<<<<< 's_right_flipper' active >>>>>>>
2025-10-12 01:32:14,127 : INFO : EventManager : Event: ======'flipper_cancel'====== Args={'triggering_group': 2, 'triggering_switch': 's_right_flipper'}
2025-10-12 01:32:14,176 : INFO : SwitchController : <<<<<<< 's_left_flipper' inactive >>>>>>>
2025-10-12 01:32:14,177 : INFO : EventManager : Event: ======'both_flippers_one'====== Args={'triggering_group': 1, 'triggering_switch': 's_left_flipper'}
2025-10-12 01:32:14,310 : INFO : SwitchController : <<<<<<< 's_right_flipper' inactive >>>>>>>
2025-10-12 01:32:14,310 : INFO : EventManager : Event: ======'both_flippers_inactive'====== Args={'triggering_group': 2, 'triggering_switch': 's_right_flipper'}
2025-10-12 01:32:14,427 : INFO : SwitchController : <<<<<<< 's_left_flipper' active >>>>>>>
2025-10-12 01:32:14,443 : INFO : SwitchController : <<<<<<< 's_right_flipper' active >>>>>>>
2025-10-12 01:32:14,444 : INFO : EventManager : Event: ======'flipper_cancel'====== Args={'triggering_group': 2, 'triggering_switch': 's_right_flipper'}
2025-10-12 01:32:14,526 : INFO : SwitchController : <<<<<<< 's_right_flipper' inactive >>>>>>>
2025-10-12 01:32:14,527 : INFO : EventManager : Event: ======'both_flippers_one'====== Args={'triggering_group': 2, 'triggering_switch': 's_right_flipper'}
2025-10-12 01:32:14,543 : INFO : SwitchController : <<<<<<< 's_left_flipper' inactive >>>>>>>
2025-10-12 01:32:14,543 : INFO : EventManager : Event: ======'both_flippers_inactive'====== Args={'triggering_group': 1, 'triggering_switch': 's_left_flipper'}
2025-10-12 01:32:14,660 : INFO : SwitchController : <<<<<<< 's_right_flipper' active >>>>>>>
2025-10-12 01:32:14,676 : INFO : SwitchController : <<<<<<< 's_left_flipper' active >>>>>>>
2025-10-12 01:32:14,677 : INFO : EventManager : Event: ======'flipper_cancel'====== Args={'triggering_group': 1, 'triggering_switch': 's_left_flipper'}
2025-10-12 01:32:14,727 : INFO : SwitchController : <<<<<<< 's_right_flipper' inactive >>>>>>>
2025-10-12 01:32:14,727 : INFO : EventManager : Event: ======'both_flippers_one'====== Args={'triggering_group': 2, 'triggering_switch': 's_right_flipper'}
2025-10-12 01:32:14,843 : INFO : SwitchController : <<<<<<< 's_right_flipper' active >>>>>>>
2025-10-12 01:32:14,843 : INFO : EventManager : Event: ======'flipper_cancel'====== Args={'triggering_group': 2, 'triggering_switch': 's_right_flipper'}
2025-10-12 01:32:14,893 : INFO : SwitchController : <<<<<<< 's_left_flipper' inactive >>>>>>>
2025-10-12 01:32:14,894 : INFO : EventManager : Event: ======'both_flippers_one'====== Args={'triggering_group': 1, 'triggering_switch': 's_left_flipper'}
2025-10-12 01:32:14,943 : INFO : SwitchController : <<<<<<< 's_right_flipper' inactive >>>>>>>
2025-10-12 01:32:14,943 : INFO : EventManager : Event: ======'both_flippers_inactive'====== Args={'triggering_group': 2, 'triggering_switch': 's_right_flipper'}
2025-10-12 01:32:15,060 : INFO : SwitchController : <<<<<<< 's_left_flipper' active >>>>>>>
2025-10-12 01:32:15,143 : INFO : SwitchController : <<<<<<< 's_left_flipper' inactive >>>>>>>
2025-10-12 01:32:15,159 : INFO : SwitchController : <<<<<<< 's_left_flipper' active >>>>>>>
2025-10-12 01:32:15,210 : INFO : SwitchController : <<<<<<< 's_right_flipper' active >>>>>>>
2025-10-12 01:32:15,211 : INFO : EventManager : Event: ======'flipper_cancel'====== Args={'triggering_group': 2, 'triggering_switch': 's_right_flipper'}
2025-10-12 01:32:15,293 : INFO : SwitchController : <<<<<<< 's_left_flipper' inactive >>>>>>>
2025-10-12 01:32:15,294 : INFO : EventManager : Event: ======'both_flippers_one'====== Args={'triggering_group': 1, 'triggering_switch': 's_left_flipper'}
2025-10-12 01:32:15,327 : INFO : SwitchController : <<<<<<< 's_right_flipper' inactive >>>>>>>
2025-10-12 01:32:15,327 : INFO : EventManager : Event: ======'both_flippers_inactive'====== Args={'triggering_group': 2, 'triggering_switch': 's_right_flipper'}
2025-10-12 01:32:15,393 : INFO : SwitchController : <<<<<<< 's_right_flipper' active >>>>>>>
2025-10-12 01:32:15,394 : INFO : SwitchController : <<<<<<< 's_left_flipper' active >>>>>>>
2025-10-12 01:32:15,394 : INFO : EventManager : Event: ======'flipper_cancel'====== Args={'triggering_group': 1, 'triggering_switch': 's_left_flipper'}
2025-10-12 01:32:15,493 : INFO : SwitchController : <<<<<<< 's_right_flipper' inactive >>>>>>>
2025-10-12 01:32:15,494 : INFO : EventManager : Event: ======'both_flippers_one'====== Args={'triggering_group': 2, 'triggering_switch': 's_right_flipper'}
2025-10-12 01:32:15,610 : INFO : SwitchController : <<<<<<< 's_right_flipper' active >>>>>>>
2025-10-12 01:32:15,611 : INFO : EventManager : Event: ======'flipper_cancel'====== Args={'triggering_group': 2, 'triggering_switch': 's_right_flipper'}
2025-10-12 01:32:15,710 : INFO : SwitchController : <<<<<<< 's_right_flipper' inactive >>>>>>>
2025-10-12 01:32:15,710 : INFO : EventManager : Event: ======'both_flippers_one'====== Args={'triggering_group': 2, 'triggering_switch': 's_right_flipper'}
2025-10-12 01:32:15,760 : INFO : SwitchController : <<<<<<< 's_left_flipper' inactive >>>>>>>
2025-10-12 01:32:15,761 : INFO : EventManager : Event: ======'both_flippers_inactive'====== Args={'triggering_group': 1, 'triggering_switch': 's_left_flipper'}
2025-10-12 01:32:15,827 : INFO : SwitchController : <<<<<<< 's_right_flipper' active >>>>>>>
2025-10-12 01:32:15,927 : INFO : SwitchController : <<<<<<< 's_right_flipper' inactive >>>>>>>
2025-10-12 01:32:16,044 : INFO : SwitchController : <<<<<<< 's_left_flipper' active >>>>>>>
2025-10-12 01:32:16,061 : INFO : SwitchController : <<<<<<< 's_right_flipper' active >>>>>>>
2025-10-12 01:32:16,061 : INFO : EventManager : Event: ======'flipper_cancel'====== Args={'triggering_group': 2, 'triggering_switch': 's_right_flipper'}
2025-10-12 01:32:16,127 : INFO : SwitchController : <<<<<<< 's_left_flipper' inactive >>>>>>>
2025-10-12 01:32:16,127 : INFO : EventManager : Event: ======'both_flippers_one'====== Args={'triggering_group': 1, 'triggering_switch': 's_left_flipper'}
2025-10-12 01:32:16,227 : INFO : SwitchController : <<<<<<< 's_right_flipper' inactive >>>>>>>
2025-10-12 01:32:16,227 : INFO : EventManager : Event: ======'both_flippers_inactive'====== Args={'triggering_group': 2, 'triggering_switch': 's_right_flipper'}
2025-10-12 01:32:16,360 : INFO : SwitchController : <<<<<<< 's_left_flipper' active >>>>>>>
2025-10-12 01:32:16,361 : INFO : SwitchController : <<<<<<< 's_right_flipper' active >>>>>>>
2025-10-12 01:32:16,361 : INFO : EventManager : Event: ======'flipper_cancel'====== Args={'triggering_group': 2, 'triggering_switch': 's_right_flipper'}
2025-10-12 01:32:16,476 : INFO : SwitchController : <<<<<<< 's_right_flipper' inactive >>>>>>>
2025-10-12 01:32:16,477 : INFO : EventManager : Event: ======'both_flippers_one'====== Args={'triggering_group': 2, 'triggering_switch': 's_right_flipper'}
2025-10-12 01:32:16,510 : INFO : SwitchController : <<<<<<< 's_left_flipper' inactive >>>>>>>
2025-10-12 01:32:16,511 : INFO : EventManager : Event: ======'both_flippers_inactive'====== Args={'triggering_group': 1, 'triggering_switch': 's_left_flipper'}
2025-10-12 01:32:16,560 : INFO : SwitchController : <<<<<<< 's_right_flipper' active >>>>>>>
2025-10-12 01:32:16,643 : INFO : SwitchController : <<<<<<< 's_right_flipper' inactive >>>>>>>
2025-10-12 01:32:16,727 : INFO : SwitchController : <<<<<<< 's_left_flipper' active >>>>>>>
2025-10-12 01:32:16,744 : INFO : SwitchController : <<<<<<< 's_right_flipper' active >>>>>>>
2025-10-12 01:32:16,744 : INFO : EventManager : Event: ======'flipper_cancel'====== Args={'triggering_group': 2, 'triggering_switch': 's_right_flipper'}
2025-10-12 01:32:16,826 : INFO : SwitchController : <<<<<<< 's_right_flipper' inactive >>>>>>>
2025-10-12 01:32:16,827 : INFO : EventManager : Event: ======'both_flippers_one'====== Args={'triggering_group': 2, 'triggering_switch': 's_right_flipper'}
2025-10-12 01:32:16,893 : INFO : SwitchController : <<<<<<< 's_left_flipper' inactive >>>>>>>
2025-10-12 01:32:16,894 : INFO : EventManager : Event: ======'both_flippers_inactive'====== Args={'triggering_group': 1, 'triggering_switch': 's_left_flipper'}
2025-10-12 01:32:16,993 : INFO : SwitchController : <<<<<<< 's_right_flipper' active >>>>>>>
2025-10-12 01:32:17,026 : INFO : SwitchController : <<<<<<< 's_left_flipper' active >>>>>>>
2025-10-12 01:32:17,027 : INFO : EventManager : Event: ======'flipper_cancel'====== Args={'triggering_group': 1, 'triggering_switch': 's_left_flipper'}
2025-10-12 01:32:17,126 : INFO : SwitchController : <<<<<<< 's_right_flipper' inactive >>>>>>>
2025-10-12 01:32:17,127 : INFO : EventManager : Event: ======'both_flippers_one'====== Args={'triggering_group': 2, 'triggering_switch': 's_right_flipper'}
2025-10-12 01:32:17,144 : INFO : SwitchController : <<<<<<< 's_left_flipper' inactive >>>>>>>
2025-10-12 01:32:17,144 : INFO : EventManager : Event: ======'both_flippers_inactive'====== Args={'triggering_group': 1, 'triggering_switch': 's_left_flipper'}
2025-10-12 01:32:17,226 : INFO : SwitchController : <<<<<<< 's_right_flipper' active >>>>>>>
2025-10-12 01:32:17,227 : INFO : SwitchController : <<<<<<< 's_left_flipper' active >>>>>>>
2025-10-12 01:32:17,227 : INFO : EventManager : Event: ======'flipper_cancel'====== Args={'triggering_group': 1, 'triggering_switch': 's_left_flipper'}
2025-10-12 01:32:17,326 : INFO : SwitchController : <<<<<<< 's_right_flipper' inactive >>>>>>>
2025-10-12 01:32:17,327 : INFO : EventManager : Event: ======'both_flippers_one'====== Args={'triggering_group': 2, 'triggering_switch': 's_right_flipper'}
2025-10-12 01:32:17,360 : INFO : SwitchController : <<<<<<< 's_left_flipper' inactive >>>>>>>
2025-10-12 01:32:17,360 : INFO : EventManager : Event: ======'both_flippers_inactive'====== Args={'triggering_group': 1, 'triggering_switch': 's_left_flipper'}
2025-10-12 01:32:17,393 : INFO : SwitchController : <<<<<<< 's_left_flipper' active >>>>>>>
2025-10-12 01:32:17,426 : INFO : SwitchController : <<<<<<< 's_right_flipper' active >>>>>>>
2025-10-12 01:32:17,427 : INFO : EventManager : Event: ======'flipper_cancel'====== Args={'triggering_group': 2, 'triggering_switch': 's_right_flipper'}
2025-10-12 01:32:17,526 : INFO : SwitchController : <<<<<<< 's_right_flipper' inactive >>>>>>>
2025-10-12 01:32:17,527 : INFO : EventManager : Event: ======'both_flippers_one'====== Args={'triggering_group': 2, 'triggering_switch': 's_right_flipper'}
2025-10-12 01:32:17,593 : INFO : SwitchController : <<<<<<< 's_left_flipper' inactive >>>>>>>
2025-10-12 01:32:17,594 : INFO : EventManager : Event: ======'both_flippers_inactive'====== Args={'triggering_group': 1, 'triggering_switch': 's_left_flipper'}
2025-10-12 01:32:17,627 : INFO : SwitchController : <<<<<<< 's_left_flipper' active >>>>>>>
2025-10-12 01:32:17,643 : INFO : SwitchController : <<<<<<< 's_right_flipper' active >>>>>>>
2025-10-12 01:32:17,643 : INFO : EventManager : Event: ======'flipper_cancel'====== Args={'triggering_group': 2, 'triggering_switch': 's_right_flipper'}
2025-10-12 01:32:17,760 : INFO : SwitchController : <<<<<<< 's_right_flipper' inactive >>>>>>>
2025-10-12 01:32:17,760 : INFO : EventManager : Event: ======'both_flippers_one'====== Args={'triggering_group': 2, 'triggering_switch': 's_right_flipper'}
2025-10-12 01:32:17,793 : INFO : SwitchController : <<<<<<< 's_left_flipper' inactive >>>>>>>
2025-10-12 01:32:17,793 : INFO : EventManager : Event: ======'both_flippers_inactive'====== Args={'triggering_group': 1, 'triggering_switch': 's_left_flipper'}
2025-10-12 01:32:17,893 : INFO : SwitchController : <<<<<<< 's_right_flipper' active >>>>>>>
2025-10-12 01:32:17,894 : INFO : SwitchController : <<<<<<< 's_left_flipper' active >>>>>>>
2025-10-12 01:32:17,895 : INFO : EventManager : Event: ======'flipper_cancel'====== Args={'triggering_group': 1, 'triggering_switch': 's_left_flipper'}
2025-10-12 01:32:17,960 : INFO : SwitchController : <<<<<<< 's_right_flipper' inactive >>>>>>>
2025-10-12 01:32:17,960 : INFO : EventManager : Event: ======'both_flippers_one'====== Args={'triggering_group': 2, 'triggering_switch': 's_right_flipper'}
2025-10-12 01:32:18,060 : INFO : SwitchController : <<<<<<< 's_left_flipper' inactive >>>>>>>
2025-10-12 01:32:18,060 : INFO : EventManager : Event: ======'both_flippers_inactive'====== Args={'triggering_group': 1, 'triggering_switch': 's_left_flipper'}
2025-10-12 01:32:18,127 : INFO : SwitchController : <<<<<<< 's_right_flipper' active >>>>>>>
2025-10-12 01:32:18,176 : INFO : SwitchController : <<<<<<< 's_left_flipper' active >>>>>>>
2025-10-12 01:32:18,177 : INFO : EventManager : Event: ======'flipper_cancel'====== Args={'triggering_group': 1, 'triggering_switch': 's_left_flipper'}
2025-10-12 01:32:18,227 : INFO : SwitchController : <<<<<<< 's_right_flipper' inactive >>>>>>>
2025-10-12 01:32:18,227 : INFO : EventManager : Event: ======'both_flippers_one'====== Args={'triggering_group': 2, 'triggering_switch': 's_right_flipper'}
2025-10-12 01:32:18,326 : INFO : SwitchController : <<<<<<< 's_left_flipper' inactive >>>>>>>
2025-10-12 01:32:18,327 : INFO : EventManager : Event: ======'both_flippers_inactive'====== Args={'triggering_group': 1, 'triggering_switch': 's_left_flipper'}
2025-10-12 01:32:18,377 : INFO : SwitchController : <<<<<<< 's_right_flipper' active >>>>>>>
2025-10-12 01:32:18,410 : INFO : SwitchController : <<<<<<< 's_left_flipper' active >>>>>>>
2025-10-12 01:32:18,410 : INFO : EventManager : Event: ======'flipper_cancel'====== Args={'triggering_group': 1, 'triggering_switch': 's_left_flipper'}
2025-10-12 01:32:18,477 : INFO : SwitchController : <<<<<<< 's_right_flipper' inactive >>>>>>>
2025-10-12 01:32:18,477 : INFO : EventManager : Event: ======'both_flippers_one'====== Args={'triggering_group': 2, 'triggering_switch': 's_right_flipper'}
2025-10-12 01:32:18,560 : INFO : SwitchController : <<<<<<< 's_left_flipper' inactive >>>>>>>
2025-10-12 01:32:18,560 : INFO : EventManager : Event: ======'both_flippers_inactive'====== Args={'triggering_group': 1, 'triggering_switch': 's_left_flipper'}
2025-10-12 01:32:18,593 : INFO : SwitchController : <<<<<<< 's_right_flipper' active >>>>>>>
2025-10-12 01:32:18,643 : INFO : SwitchController : <<<<<<< 's_left_flipper' active >>>>>>>
2025-10-12 01:32:18,644 : INFO : EventManager : Event: ======'flipper_cancel'====== Args={'triggering_group': 1, 'triggering_switch': 's_left_flipper'}
2025-10-12 01:32:18,726 : INFO : SwitchController : <<<<<<< 's_right_flipper' inactive >>>>>>>
2025-10-12 01:32:18,727 : INFO : EventManager : Event: ======'both_flippers_one'====== Args={'triggering_group': 2, 'triggering_switch': 's_right_flipper'}
2025-10-12 01:32:18,877 : INFO : SwitchController : <<<<<<< 's_right_flipper' active >>>>>>>
2025-10-12 01:32:18,877 : INFO : EventManager : Event: ======'flipper_cancel'====== Args={'triggering_group': 2, 'triggering_switch': 's_right_flipper'}
2025-10-12 01:32:18,993 : INFO : SwitchController : <<<<<<< 's_right_flipper' inactive >>>>>>>
2025-10-12 01:32:18,993 : INFO : EventManager : Event: ======'both_flippers_one'====== Args={'triggering_group': 2, 'triggering_switch': 's_right_flipper'}
2025-10-12 01:32:19,043 : INFO : SwitchController : <<<<<<< 's_left_flipper' inactive >>>>>>>
2025-10-12 01:32:19,044 : INFO : EventManager : Event: ======'both_flippers_inactive'====== Args={'triggering_group': 1, 'triggering_switch': 's_left_flipper'}
2025-10-12 01:32:19,045 : INFO : SwitchController : <<<<<<< 's_left_flipper' active >>>>>>>
2025-10-12 01:32:19,094 : INFO : SwitchController : <<<<<<< 's_right_flipper' active >>>>>>>
2025-10-12 01:32:19,094 : INFO : EventManager : Event: ======'flipper_cancel'====== Args={'triggering_group': 2, 'triggering_switch': 's_right_flipper'}
2025-10-12 01:32:19,243 : INFO : SwitchController : <<<<<<< 's_right_flipper' inactive >>>>>>>
2025-10-12 01:32:19,243 : INFO : EventManager : Event: ======'both_flippers_one'====== Args={'triggering_group': 2, 'triggering_switch': 's_right_flipper'}
2025-10-12 01:32:19,293 : INFO : SwitchController : <<<<<<< 's_left_flipper' inactive >>>>>>>
2025-10-12 01:32:19,294 : INFO : EventManager : Event: ======'both_flippers_inactive'====== Args={'triggering_group': 1, 'triggering_switch': 's_left_flipper'}
2025-10-12 01:32:22,987 : INFO : Machine : Shutting down...
2025-10-12 01:32:22,987 : INFO : EventManager : Event: ======'shutdown'====== Args={}
2025-10-12 01:32:22,990 : INFO : root : MPF run loop ended.
