2025-11-15 21:17:43,559 : INFO : root : Loading config.
2025-11-15 21:17:43,561 : INFO : YamlMultifileConfigLoader : Machine config file #1: config.yaml
2025-11-15 21:17:43,561 : INFO : ConfigProcessor : Loading config from cache: /var/folders/m3/0d4y64_n3fn8tnkv3ydlhztw0000gn/T/5ca32a6c950d03116abbed96ca44d372.mpf_cache
2025-11-15 21:17:43,582 : INFO : ConfigProcessor : Loading config from cache: /var/folders/m3/0d4y64_n3fn8tnkv3ydlhztw0000gn/T/01c495fa7450a81b4be96cb699872531.mpf_cache
2025-11-15 21:17:43,583 : INFO : ConfigProcessor : Loading config from cache: /var/folders/m3/0d4y64_n3fn8tnkv3ydlhztw0000gn/T/bfde29b5bb803376b0637bb8f0da27a7.mpf_cache
2025-11-15 21:17:43,583 : INFO : ConfigProcessor : Loading config from cache: /var/folders/m3/0d4y64_n3fn8tnkv3ydlhztw0000gn/T/01c495fa7450a81b4be96cb699872531.mpf_cache
2025-11-15 21:17:43,583 : INFO : ConfigProcessor : Loading config from cache: /var/folders/m3/0d4y64_n3fn8tnkv3ydlhztw0000gn/T/3ae89e09515ff8d8b11d68f672b2cc51.mpf_cache
2025-11-15 21:17:43,583 : INFO : ConfigProcessor : Loading config from cache: /var/folders/m3/0d4y64_n3fn8tnkv3ydlhztw0000gn/T/b96d5c0baa304abadecf96d33832535c.mpf_cache
2025-11-15 21:17:43,583 : INFO : ConfigProcessor : Loading config from cache: /var/folders/m3/0d4y64_n3fn8tnkv3ydlhztw0000gn/T/4c420229fa75118c2461cfc9ff5a44e2.mpf_cache
2025-11-15 21:17:43,584 : INFO : ConfigProcessor : Loading config from cache: /var/folders/m3/0d4y64_n3fn8tnkv3ydlhztw0000gn/T/f5ee6852f1764324c8553249cc53c871.mpf_cache
2025-11-15 21:17:43,584 : INFO : ConfigProcessor : Loading config from cache: /var/folders/m3/0d4y64_n3fn8tnkv3ydlhztw0000gn/T/73ac54cb7a83dfa5473900e439743a84.mpf_cache
2025-11-15 21:17:43,584 : INFO : ConfigProcessor : Loading config from cache: /var/folders/m3/0d4y64_n3fn8tnkv3ydlhztw0000gn/T/7c5f2517df41a83e1a0c76653d0588fe.mpf_cache
2025-11-15 21:17:43,584 : INFO : ConfigProcessor : Loading config from cache: /var/folders/m3/0d4y64_n3fn8tnkv3ydlhztw0000gn/T/423d2ecbb461580bfe7f1bd97652966d.mpf_cache
2025-11-15 21:17:43,584 : INFO : ConfigProcessor : Loading config from cache: /var/folders/m3/0d4y64_n3fn8tnkv3ydlhztw0000gn/T/97c87487bc6ae826da86d36a6e042c78.mpf_cache
2025-11-15 21:17:43,584 : INFO : Machine : Mission Pinball Framework Core Engine v0.80.0.dev10
2025-11-15 21:17:43,584 : INFO : Machine : Command line arguments: {'no_load_cache': False, 'create_config_cache': True, 'bcp': True, 'configfile': ['config.yaml'], 'force_assets_load': False, 'platform_integration_test': False, 'jsonlogging': False, 'logfile': 'logs/2025-11-15-21-17-43-mpf-mac.home.log', 'pause': False, 'production': False, 'text_ui': False, 'loglevel': 15, 'consoleloglevel': 20, 'force_platform': 'smart_virtual', 'syslog_address': None, 'full_logfile_path': '/Users/didiergilbin/Desktop/Homebrew_CSI/logs/2025-11-15-21-17-43-mpf-mac.home.log'}
2025-11-15 21:17:43,584 : INFO : Machine : MPF path: /Users/didiergilbin/mpfenv/lib/python3.13/site-packages/mpf
2025-11-15 21:17:43,584 : INFO : Machine : Machine path: /Users/didiergilbin/Desktop/Homebrew_CSI
2025-11-15 21:17:43,584 : INFO : Machine : Platform: darwin
2025-11-15 21:17:43,584 : INFO : Machine : Python executable location: /Users/didiergilbin/mpfenv/bin/python3.13
2025-11-15 21:17:43,584 : INFO : Machine : Python version: 3.13.7 (64-bit)
2025-11-15 21:17:43,585 : INFO : Machine : Initializing MPF...
2025-11-15 21:17:43,605 : INFO : EventManager : Event: ======'machine_var_credits_string'====== Args={'value': 'FREE PLAY', 'prev_value': None, 'change': True}
2025-11-15 21:17:43,610 : INFO : EventManager : Event: ======'machine_var_master_volume'====== Args={'value': 0.5, 'prev_value': None, 'change': True}
2025-11-15 21:17:43,610 : INFO : EventManager : Event: ======'machine_var_player1_score'====== Args={'value': 368000, 'prev_value': None, 'change': True}
2025-11-15 21:17:43,610 : INFO : EventManager : Event: ======'machine_var_player2_score'====== Args={'value': 24000, 'prev_value': None, 'change': True}
2025-11-15 21:17:43,610 : INFO : EventManager : Event: ======'machine_var_player3_score'====== Args={'value': 21000, 'prev_value': None, 'change': True}
2025-11-15 21:17:43,610 : INFO : EventManager : Event: ======'machine_var_player4_score'====== Args={'value': 0, 'prev_value': None, 'change': True}
2025-11-15 21:17:43,610 : INFO : EventManager : Event: ======'machine_var_mpf_version'====== Args={'value': 'Mission Pinball Framework v0.80.0.dev10', 'prev_value': None, 'change': True}
2025-11-15 21:17:43,610 : INFO : EventManager : Event: ======'machine_var_mpf_extended_version'====== Args={'value': 'Mission Pinball Framework v0.80.0.dev10, Config version:6, Show version: 6, BCP version:1.1', 'prev_value': None, 'change': True}
2025-11-15 21:17:43,610 : INFO : EventManager : Event: ======'machine_var_python_version'====== Args={'value': '3.13.7', 'prev_value': None, 'change': True}
2025-11-15 21:17:43,616 : INFO : EventManager : Event: ======'machine_var_platform'====== Args={'value': 'macOS-15.6.1-arm64-arm-64bit-Mach-O', 'prev_value': None, 'change': True}
2025-11-15 21:17:43,616 : INFO : EventManager : Event: ======'machine_var_platform_system'====== Args={'value': 'Darwin', 'prev_value': None, 'change': True}
2025-11-15 21:17:43,617 : INFO : EventManager : Event: ======'machine_var_platform_release'====== Args={'value': '24.6.0', 'prev_value': None, 'change': True}
2025-11-15 21:17:43,617 : INFO : EventManager : Event: ======'machine_var_platform_version'====== Args={'value': 'Darwin Kernel Version 24.6.0: Mon Jul 14 11:30:40 PDT 2025; root:xnu-11417.140.69~1/RELEASE_ARM64_T8132', 'prev_value': None, 'change': True}
2025-11-15 21:17:43,617 : INFO : EventManager : Event: ======'machine_var_platform_machine'====== Args={'value': 'arm64', 'prev_value': None, 'change': True}
2025-11-15 21:17:43,617 : INFO : EventManager : Event: ======'machine_var_log_file_path'====== Args={'value': '/Users/didiergilbin/Desktop/Homebrew_CSI/logs/2025-11-15-21-17-43-mpf-mac.home.log', 'prev_value': None, 'change': True}
2025-11-15 21:17:43,617 : INFO : EventManager : Event: ======'init_phase_1'====== Args={}
2025-11-15 21:17:43,625 : INFO : EventManager : Event: ======'init_phase_2'====== Args={}
2025-11-15 21:17:43,625 : INFO : SwitchController : Found active switch: ('2', <Platform.SmartVirtual>) <switch.s_trough1>
2025-11-15 21:17:43,625 : INFO : SwitchController : Found active switch: ('3', <Platform.SmartVirtual>) <switch.s_trough2>
2025-11-15 21:17:43,625 : INFO : SwitchController : Found active switch: ('4', <Platform.SmartVirtual>) <switch.s_trough3>
2025-11-15 21:17:43,625 : INFO : SwitchController : Found active switch: ('5', <Platform.SmartVirtual>) <switch.s_trough4>
2025-11-15 21:17:43,626 : INFO : EventManager : Event: ======'bcp_connection_attempt'====== Args={'name': 'local_display', 'host': 'localhost', 'port': 5050}
2025-11-15 21:17:43,627 : INFO : BCPClientSocket : Connecting BCP to 'local_display' at localhost:5050...
2025-11-15 21:17:43,630 : INFO : BCPClientSocket : Connected BCP to 'local_display' localhost:5050
2025-11-15 21:17:43,630 : INFO : EventManager : Event: ======'bcp_clients_connected'====== Args={}
2025-11-15 21:17:43,630 : INFO : ball_device.bd_drain : BCH: Initial count: 0
2025-11-15 21:17:43,630 : INFO : ball_device.bd_drain : State: idle
2025-11-15 21:17:43,630 : INFO : ball_device.bd_trough : BCH: Initial count: 4
2025-11-15 21:17:43,630 : INFO : ball_device.bd_trough : State: idle
2025-11-15 21:17:43,630 : INFO : ball_device.bd_plunger : BCH: Initial count: 0
2025-11-15 21:17:43,630 : INFO : ball_device.bd_plunger : State: idle
2025-11-15 21:17:43,636 : INFO : EventManager : Event: ======'init_phase_3'====== Args={}
2025-11-15 21:17:43,636 : INFO : EventManager : Event: ======'init_phase_4'====== Args={}
2025-11-15 21:17:43,636 : INFO : BallController : Initial balls found: 4
2025-11-15 21:17:43,636 : INFO : EventManager : Event: ======'machine_var_audits_events_game_ended'====== Args={'value': 54, 'prev_value': None, 'change': True}
2025-11-15 21:17:43,636 : INFO : EventManager : Event: ======'machine_var_audits_events_game_started'====== Args={'value': 577, 'prev_value': None, 'change': True}
2025-11-15 21:17:43,636 : INFO : EventManager : Event: ======'machine_var_audits_missing_switches_s_drain'====== Args={'value': 1, 'prev_value': None, 'change': True}
2025-11-15 21:17:43,636 : INFO : EventManager : Event: ======'machine_var_audits_missing_switches_s_launch_button'====== Args={'value': 224, 'prev_value': None, 'change': True}
2025-11-15 21:17:43,636 : INFO : EventManager : Event: ======'machine_var_audits_missing_switches_s_left_flipper'====== Args={'value': 43, 'prev_value': None, 'change': True}
2025-11-15 21:17:43,636 : INFO : EventManager : Event: ======'machine_var_audits_missing_switches_s_left_inlane1'====== Args={'value': 3, 'prev_value': None, 'change': True}
2025-11-15 21:17:43,636 : INFO : EventManager : Event: ======'machine_var_audits_missing_switches_s_left_inlane2'====== Args={'value': 3, 'prev_value': None, 'change': True}
2025-11-15 21:17:43,636 : INFO : EventManager : Event: ======'machine_var_audits_missing_switches_s_left_outlane'====== Args={'value': 192, 'prev_value': None, 'change': True}
2025-11-15 21:17:43,637 : INFO : EventManager : Event: ======'machine_var_audits_missing_switches_s_popbumper1'====== Args={'value': 4, 'prev_value': None, 'change': True}
2025-11-15 21:17:43,637 : INFO : EventManager : Event: ======'machine_var_audits_missing_switches_s_popbumper2'====== Args={'value': 31, 'prev_value': None, 'change': True}
2025-11-15 21:17:43,637 : INFO : EventManager : Event: ======'machine_var_audits_missing_switches_s_popbumper3'====== Args={'value': 34, 'prev_value': None, 'change': True}
2025-11-15 21:17:43,637 : INFO : EventManager : Event: ======'machine_var_audits_missing_switches_s_right_flipper'====== Args={'value': 41, 'prev_value': None, 'change': True}
2025-11-15 21:17:43,637 : INFO : EventManager : Event: ======'machine_var_audits_missing_switches_s_right_inlane'====== Args={'value': 3, 'prev_value': None, 'change': True}
2025-11-15 21:17:43,637 : INFO : EventManager : Event: ======'machine_var_audits_missing_switches_s_right_outlane'====== Args={'value': 192, 'prev_value': None, 'change': True}
2025-11-15 21:17:43,637 : INFO : EventManager : Event: ======'machine_var_audits_missing_switches_s_skull_pos_down'====== Args={'value': 5, 'prev_value': None, 'change': True}
2025-11-15 21:17:43,637 : INFO : EventManager : Event: ======'machine_var_audits_missing_switches_s_skull_pos_mid'====== Args={'value': 5, 'prev_value': None, 'change': True}
2025-11-15 21:17:43,637 : INFO : EventManager : Event: ======'machine_var_audits_missing_switches_s_skull_pos_up'====== Args={'value': 5, 'prev_value': None, 'change': True}
2025-11-15 21:17:43,637 : INFO : EventManager : Event: ======'machine_var_audits_missing_switches_s_sling_left'====== Args={'value': 577, 'prev_value': None, 'change': True}
2025-11-15 21:17:43,637 : INFO : EventManager : Event: ======'machine_var_audits_missing_switches_s_sling_right'====== Args={'value': 577, 'prev_value': None, 'change': True}
2025-11-15 21:17:43,637 : INFO : EventManager : Event: ======'machine_var_audits_missing_switches_s_start'====== Args={'value': 17, 'prev_value': None, 'change': True}
2025-11-15 21:17:43,637 : INFO : EventManager : Event: ======'machine_var_audits_missing_switches_s_trough1'====== Args={'value': 1, 'prev_value': None, 'change': True}
2025-11-15 21:17:43,637 : INFO : EventManager : Event: ======'machine_var_audits_missing_switches_s_trough2'====== Args={'value': 138, 'prev_value': None, 'change': True}
2025-11-15 21:17:43,637 : INFO : EventManager : Event: ======'machine_var_audits_missing_switches_s_trough3'====== Args={'value': 355, 'prev_value': None, 'change': True}
2025-11-15 21:17:43,637 : INFO : EventManager : Event: ======'machine_var_audits_missing_switches_s_trough4'====== Args={'value': 355, 'prev_value': None, 'change': True}
2025-11-15 21:17:43,637 : INFO : EventManager : Event: ======'machine_var_audits_missing_switches_s_trough_jam'====== Args={'value': 291, 'prev_value': None, 'change': True}
2025-11-15 21:17:43,637 : INFO : EventManager : Event: ======'machine_var_audits_player_score'====== Args={'value': {'average': 215167, 'top': [10210000, 1550000, 1070000, 1070000, 810000, 710000, 640000, 570000, 530000, 480000], 'total': 118}, 'prev_value': None, 'change': True}
2025-11-15 21:17:43,637 : INFO : EventManager : Event: ======'machine_var_audits_shots_bumper1'====== Args={'value': 4522, 'prev_value': None, 'change': True}
2025-11-15 21:17:43,637 : INFO : EventManager : Event: ======'machine_var_audits_shots_bumper2'====== Args={'value': 4420, 'prev_value': None, 'change': True}
2025-11-15 21:17:43,637 : INFO : EventManager : Event: ======'machine_var_audits_shots_bumper3'====== Args={'value': 4261, 'prev_value': None, 'change': True}
2025-11-15 21:17:43,637 : INFO : EventManager : Event: ======'machine_var_audits_shots_c_shot'====== Args={'value': 179, 'prev_value': None, 'change': True}
2025-11-15 21:17:43,637 : INFO : EventManager : Event: ======'machine_var_audits_shots_csi_shot'====== Args={'value': 9, 'prev_value': None, 'change': True}
2025-11-15 21:17:43,637 : INFO : EventManager : Event: ======'machine_var_audits_shots_i_shot'====== Args={'value': 151, 'prev_value': None, 'change': True}
2025-11-15 21:17:43,637 : INFO : EventManager : Event: ======'machine_var_audits_shots_s10'====== Args={'value': 10, 'prev_value': None, 'change': True}
2025-11-15 21:17:43,637 : INFO : EventManager : Event: ======'machine_var_audits_shots_s11'====== Args={'value': 8, 'prev_value': None, 'change': True}
2025-11-15 21:17:43,637 : INFO : EventManager : Event: ======'machine_var_audits_shots_s12'====== Args={'value': 2, 'prev_value': None, 'change': True}
2025-11-15 21:17:43,637 : INFO : EventManager : Event: ======'machine_var_audits_shots_s13'====== Args={'value': 3, 'prev_value': None, 'change': True}
2025-11-15 21:17:43,637 : INFO : EventManager : Event: ======'machine_var_audits_shots_s2'====== Args={'value': 33, 'prev_value': None, 'change': True}
2025-11-15 21:17:43,637 : INFO : EventManager : Event: ======'machine_var_audits_shots_s5'====== Args={'value': 13, 'prev_value': None, 'change': True}
2025-11-15 21:17:43,637 : INFO : EventManager : Event: ======'machine_var_audits_shots_s6'====== Args={'value': 10, 'prev_value': None, 'change': True}
2025-11-15 21:17:43,637 : INFO : EventManager : Event: ======'machine_var_audits_shots_s7'====== Args={'value': 20, 'prev_value': None, 'change': True}
2025-11-15 21:17:43,637 : INFO : EventManager : Event: ======'machine_var_audits_shots_s8'====== Args={'value': 9, 'prev_value': None, 'change': True}
2025-11-15 21:17:43,637 : INFO : EventManager : Event: ======'machine_var_audits_shots_s9'====== Args={'value': 246, 'prev_value': None, 'change': True}
2025-11-15 21:17:43,637 : INFO : EventManager : Event: ======'machine_var_audits_shots_s_shot'====== Args={'value': 164, 'prev_value': None, 'change': True}
2025-11-15 21:17:43,637 : INFO : EventManager : Event: ======'machine_var_audits_shots_sa1'====== Args={'value': 13, 'prev_value': None, 'change': True}
2025-11-15 21:17:43,637 : INFO : EventManager : Event: ======'machine_var_audits_shots_sa2'====== Args={'value': 12, 'prev_value': None, 'change': True}
2025-11-15 21:17:43,637 : INFO : EventManager : Event: ======'machine_var_audits_shots_sa3'====== Args={'value': 12, 'prev_value': None, 'change': True}
2025-11-15 21:17:43,637 : INFO : EventManager : Event: ======'machine_var_audits_shots_sa4'====== Args={'value': 12, 'prev_value': None, 'change': True}
2025-11-15 21:17:43,637 : INFO : EventManager : Event: ======'machine_var_audits_shots_sa5'====== Args={'value': 12, 'prev_value': None, 'change': True}
2025-11-15 21:17:43,637 : INFO : EventManager : Event: ======'machine_var_audits_shots_sa6'====== Args={'value': 14, 'prev_value': None, 'change': True}
2025-11-15 21:17:43,637 : INFO : EventManager : Event: ======'machine_var_audits_shots_sb1'====== Args={'value': 7, 'prev_value': None, 'change': True}
2025-11-15 21:17:43,637 : INFO : EventManager : Event: ======'machine_var_audits_shots_sb2'====== Args={'value': 5, 'prev_value': None, 'change': True}
2025-11-15 21:17:43,637 : INFO : EventManager : Event: ======'machine_var_audits_shots_sb3'====== Args={'value': 6, 'prev_value': None, 'change': True}
2025-11-15 21:17:43,637 : INFO : EventManager : Event: ======'machine_var_audits_shots_sb4'====== Args={'value': 6, 'prev_value': None, 'change': True}
2025-11-15 21:17:43,637 : INFO : EventManager : Event: ======'machine_var_audits_shots_sb5'====== Args={'value': 6, 'prev_value': None, 'change': True}
2025-11-15 21:17:43,637 : INFO : EventManager : Event: ======'machine_var_audits_shots_sb6'====== Args={'value': 8, 'prev_value': None, 'change': True}
2025-11-15 21:17:43,637 : INFO : EventManager : Event: ======'machine_var_audits_shots_switch_shot'====== Args={'value': 245, 'prev_value': None, 'change': True}
2025-11-15 21:17:43,637 : INFO : EventManager : Event: ======'machine_var_audits_switches_s_bullet1'====== Args={'value': 10, 'prev_value': None, 'change': True}
2025-11-15 21:17:43,637 : INFO : EventManager : Event: ======'machine_var_audits_switches_s_bullet2'====== Args={'value': 7, 'prev_value': None, 'change': True}
2025-11-15 21:17:43,637 : INFO : EventManager : Event: ======'machine_var_audits_switches_s_bullet3'====== Args={'value': 7, 'prev_value': None, 'change': True}
2025-11-15 21:17:43,637 : INFO : EventManager : Event: ======'machine_var_audits_switches_s_bullet4'====== Args={'value': 6, 'prev_value': None, 'change': True}
2025-11-15 21:17:43,637 : INFO : EventManager : Event: ======'machine_var_audits_switches_s_bullet5'====== Args={'value': 7, 'prev_value': None, 'change': True}
2025-11-15 21:17:43,637 : INFO : EventManager : Event: ======'machine_var_audits_switches_s_centriguge_enter'====== Args={'value': 26, 'prev_value': None, 'change': True}
2025-11-15 21:17:43,637 : INFO : EventManager : Event: ======'machine_var_audits_switches_s_drain'====== Args={'value': 562, 'prev_value': None, 'change': True}
2025-11-15 21:17:43,637 : INFO : EventManager : Event: ======'machine_var_audits_switches_s_launch_button'====== Args={'value': 1, 'prev_value': None, 'change': True}
2025-11-15 21:17:43,637 : INFO : EventManager : Event: ======'machine_var_audits_switches_s_left_flipper'====== Args={'value': 478, 'prev_value': None, 'change': True}
2025-11-15 21:17:43,637 : INFO : EventManager : Event: ======'machine_var_audits_switches_s_left_inlane1'====== Args={'value': 189, 'prev_value': None, 'change': True}
2025-11-15 21:17:43,637 : INFO : EventManager : Event: ======'machine_var_audits_switches_s_left_inlane2'====== Args={'value': 171, 'prev_value': None, 'change': True}
2025-11-15 21:17:43,637 : INFO : EventManager : Event: ======'machine_var_audits_switches_s_left_orbit'====== Args={'value': 18, 'prev_value': None, 'change': True}
2025-11-15 21:17:43,637 : INFO : EventManager : Event: ======'machine_var_audits_switches_s_left_outlane'====== Args={'value': 1, 'prev_value': None, 'change': True}
2025-11-15 21:17:43,637 : INFO : EventManager : Event: ======'machine_var_audits_switches_s_microscope_left'====== Args={'value': 17, 'prev_value': None, 'change': True}
2025-11-15 21:17:43,637 : INFO : EventManager : Event: ======'machine_var_audits_switches_s_microscope_right'====== Args={'value': 16, 'prev_value': None, 'change': True}
2025-11-15 21:17:43,637 : INFO : EventManager : Event: ======'machine_var_audits_switches_s_morgue'====== Args={'value': 73, 'prev_value': None, 'change': True}
2025-11-15 21:17:43,637 : INFO : EventManager : Event: ======'machine_var_audits_switches_s_plunger_lane'====== Args={'value': 1036, 'prev_value': None, 'change': True}
2025-11-15 21:17:43,637 : INFO : EventManager : Event: ======'machine_var_audits_switches_s_popbumper1'====== Args={'value': 4566, 'prev_value': None, 'change': True}
2025-11-15 21:17:43,637 : INFO : EventManager : Event: ======'machine_var_audits_switches_s_popbumper2'====== Args={'value': 4461, 'prev_value': None, 'change': True}
2025-11-15 21:17:43,637 : INFO : EventManager : Event: ======'machine_var_audits_switches_s_popbumper3'====== Args={'value': 4303, 'prev_value': None, 'change': True}
2025-11-15 21:17:43,637 : INFO : EventManager : Event: ======'machine_var_audits_switches_s_ramp'====== Args={'value': 1351, 'prev_value': None, 'change': True}
2025-11-15 21:17:43,637 : INFO : EventManager : Event: ======'machine_var_audits_switches_s_right_flipper'====== Args={'value': 787, 'prev_value': None, 'change': True}
2025-11-15 21:17:43,637 : INFO : EventManager : Event: ======'machine_var_audits_switches_s_right_inlane'====== Args={'value': 157, 'prev_value': None, 'change': True}
2025-11-15 21:17:43,637 : INFO : EventManager : Event: ======'machine_var_audits_switches_s_right_orbit'====== Args={'value': 122, 'prev_value': None, 'change': True}
2025-11-15 21:17:43,637 : INFO : EventManager : Event: ======'machine_var_audits_switches_s_right_outlane'====== Args={'value': 5, 'prev_value': None, 'change': True}
2025-11-15 21:17:43,637 : INFO : EventManager : Event: ======'machine_var_audits_switches_s_right_spinner'====== Args={'value': 17, 'prev_value': None, 'change': True}
2025-11-15 21:17:43,637 : INFO : EventManager : Event: ======'machine_var_audits_switches_s_scoop'====== Args={'value': 459, 'prev_value': None, 'change': True}
2025-11-15 21:17:43,637 : INFO : EventManager : Event: ======'machine_var_audits_switches_s_skull_lock1'====== Args={'value': 104, 'prev_value': None, 'change': True}
2025-11-15 21:17:43,637 : INFO : EventManager : Event: ======'machine_var_audits_switches_s_skull_lock2'====== Args={'value': 110, 'prev_value': None, 'change': True}
2025-11-15 21:17:43,637 : INFO : EventManager : Event: ======'machine_var_audits_switches_s_skull_pos_down'====== Args={'value': 0, 'prev_value': None, 'change': True}
2025-11-15 21:17:43,637 : INFO : EventManager : Event: ======'machine_var_audits_switches_s_skull_pos_mid'====== Args={'value': 0, 'prev_value': None, 'change': True}
2025-11-15 21:17:43,637 : INFO : EventManager : Event: ======'machine_var_audits_switches_s_skull_pos_up'====== Args={'value': 0, 'prev_value': None, 'change': True}
2025-11-15 21:17:43,637 : INFO : EventManager : Event: ======'machine_var_audits_switches_s_sling_left'====== Args={'value': 0, 'prev_value': None, 'change': True}
2025-11-15 21:17:43,637 : INFO : EventManager : Event: ======'machine_var_audits_switches_s_sling_right'====== Args={'value': 0, 'prev_value': None, 'change': True}
2025-11-15 21:17:43,637 : INFO : EventManager : Event: ======'machine_var_audits_switches_s_start'====== Args={'value': 685, 'prev_value': None, 'change': True}
2025-11-15 21:17:43,637 : INFO : EventManager : Event: ======'machine_var_audits_switches_s_trough1'====== Args={'value': 397, 'prev_value': None, 'change': True}
2025-11-15 21:17:43,637 : INFO : EventManager : Event: ======'machine_var_audits_switches_s_trough2'====== Args={'value': 18, 'prev_value': None, 'change': True}
2025-11-15 21:17:43,637 : INFO : EventManager : Event: ======'machine_var_audits_switches_s_trough3'====== Args={'value': 1, 'prev_value': None, 'change': True}
2025-11-15 21:17:43,637 : INFO : EventManager : Event: ======'machine_var_audits_switches_s_trough4'====== Args={'value': 1, 'prev_value': None, 'change': True}
2025-11-15 21:17:43,637 : INFO : EventManager : Event: ======'machine_var_audits_switches_s_trough_jam'====== Args={'value': 8, 'prev_value': None, 'change': True}
2025-11-15 21:17:43,637 : INFO : EventManager : Event: ======'init_phase_5'====== Args={}
2025-11-15 21:17:43,638 : INFO : EventManager : Event: ======'init_done'====== Args={}
2025-11-15 21:17:43,638 : INFO : EventManager : Event: ======'machine_reset_phase_1'====== Args={}
2025-11-15 21:17:43,647 : INFO : EventManager : Event: ======'machine_reset_phase_2'====== Args={}
2025-11-15 21:17:43,648 : INFO : EventManager : Event: ======'machine_reset_phase_3'====== Args={}
2025-11-15 21:17:43,648 : INFO : motor.skull_motor : Moving motor to position home
2025-11-15 21:17:43,648 : INFO : EventManager : Event: ======'reset_complete'====== Args={}
2025-11-15 21:17:43,648 : INFO : EventManager : Event: ======'mode_attract_will_start'====== Args={}
2025-11-15 21:17:43,648 : INFO : Timer.attract_carousel_timer : Starting Timer.
2025-11-15 21:17:43,648 : INFO : EventManager : Event: ======'timer_attract_carousel_timer_started'====== Args={'ticks': 0, 'ticks_remaining': 1}
2025-11-15 21:17:43,648 : INFO : EventManager : Event: ======'timer_attract_carousel_timer_tick'====== Args={'ticks': 0, 'ticks_remaining': 1}
2025-11-15 21:17:43,649 : INFO : EventManager : Event: ======'mode_attract_starting'====== Args={}
2025-11-15 21:17:43,649 : INFO : Mode.attract : Started. Priority: 10
2025-11-15 21:17:43,649 : INFO : EventManager : Event: ======'modes_active_modes_changed'====== Args={}
2025-11-15 21:17:43,649 : INFO : EventManager : Event: ======'mode_attract_started'====== Args={}
2025-11-15 21:17:43,649 : INFO : EventManager : Event: ======'collecting_balls_complete'====== Args={}
2025-11-15 21:17:43,649 : INFO : EventManager : Event: ======'carousel_item_highlighted'====== Args={'carousel': 'attract', 'direction': None, 'item': 'title'}
2025-11-15 21:17:43,649 : INFO : Machine : Starting the main run loop with active modes: [<Mode.attract>]
2025-11-15 21:17:44,081 : INFO : EventManager : Event: ======'slide_attract_created'====== Args={'_from_bcp': True}
2025-11-15 21:17:44,082 : INFO : EventManager : Event: ======'slide__removed'====== Args={'_from_bcp': True}
2025-11-15 21:17:44,082 : INFO : EventManager : Event: ======'slide_attract_active'====== Args={'original_context': 'attract', 'original_calling_context': 'mode_attract_started', 'priority': 10.0, 'cmd': 'slides_play', '_from_bcp': True}
2025-11-15 21:17:44,120 : INFO : BcpServer : New client connected.
2025-11-15 21:17:46,814 : INFO : SwitchController : <<<<<<< 's_start' active >>>>>>>
2025-11-15 21:17:46,898 : INFO : SwitchController : <<<<<<< 's_start' inactive >>>>>>>
2025-11-15 21:17:46,898 : INFO : EventManager : Event: ======'request_to_start_game'====== Args={}
2025-11-15 21:17:46,899 : INFO : EventManager : Event: ======'game_start'====== Args={'buttons': [], 'hold_time': 0.08394704200327396}
2025-11-15 21:17:46,900 : INFO : EventManager : Event: ======'mode_game_will_start'====== Args={'buttons': [], 'hold_time': 0.08394704200327396}
2025-11-15 21:17:46,901 : INFO : EventManager : Event: ======'mode_game_starting'====== Args={'buttons': [], 'hold_time': 0.08394704200327396}
2025-11-15 21:17:46,901 : INFO : EventManager : Event: ======'mode_attract_will_stop'====== Args={}
2025-11-15 21:17:46,902 : INFO : EventManager : Event: ======'mode_attract_stopping'====== Args={}
2025-11-15 21:17:46,902 : INFO : Mode.attract : Stopped.
2025-11-15 21:17:46,902 : INFO : EventManager : Event: ======'modes_active_modes_changed'====== Args={}
2025-11-15 21:17:46,903 : INFO : EventManager : Event: ======'mode_attract_stopped'====== Args={}
2025-11-15 21:17:46,903 : INFO : EventManager : Event: ======'clear'====== Args={'key': 'attract'}
2025-11-15 21:17:46,903 : INFO : Timer.attract_carousel_timer : Stopping Timer
2025-11-15 21:17:46,903 : INFO : EventManager : Event: ======'timer_attract_carousel_timer_stopped'====== Args={'ticks': 0, 'ticks_remaining': 1}
2025-11-15 21:17:46,904 : INFO : Mode.game : Started. Priority: 20
2025-11-15 21:17:46,904 : INFO : EventManager : Event: ======'modes_active_modes_changed'====== Args={}
2025-11-15 21:17:46,904 : INFO : EventManager : Event: ======'mode_game_started'====== Args={'buttons': [], 'hold_time': 0.08394704200327396}
2025-11-15 21:17:46,904 : INFO : EventManager : Event: ======'game_will_start'====== Args={}
2025-11-15 21:17:46,904 : INFO : EventManager : Event: ======'game_starting'====== Args={'game': <Mode.game>}
2025-11-15 21:17:46,905 : INFO : EventManager : Unordered handler for class <Auditor> on event game_ended with priority 1. Handlers: [RegisteredHandler(callback=<bound method Auditor.disable of <Auditor>>, priority=1, kwargs={}, key=UUID('9b867da5-bfe1-46a6-8a72-13da6e26451d'), condition=None, blocking_facility=None), RegisteredHandler(callback=<bound method Auditor._save_audits of <Auditor>>, priority=1, kwargs={}, key=UUID('e24b9557-8a49-4718-a1e6-e4975bfe04c9'), condition=None, blocking_facility=None)]. The order of those handlers is not defined and they will be executed in random order. This might lead to race conditions and potential bugs.
2025-11-15 21:17:46,905 : INFO : EventManager : Event: ======'player_add_request'====== Args={}
2025-11-15 21:17:46,905 : INFO : EventManager : Event: ======'player_will_add'====== Args={'number': 1}
2025-11-15 21:17:46,906 : INFO : EventManager : Event: ======'player_adding'====== Args={'player': <Player 1>, 'number': 1}
2025-11-15 21:17:46,906 : INFO : EventManager : Event: ======'player_added'====== Args={'player': <Player 1>, 'num': 1}
2025-11-15 21:17:46,906 : INFO : Mode.game : Player added successfully. Total players: 1
2025-11-15 21:17:46,906 : INFO : EventManager : Event: ======'player_index'====== Args={'value': 0, 'prev_value': 0, 'change': 0, 'player_num': 1}
2025-11-15 21:17:46,906 : INFO : EventManager : Event: ======'player_number'====== Args={'value': 1, 'prev_value': 1, 'change': 0, 'player_num': 1}
2025-11-15 21:17:46,907 : INFO : EventManager : Event: ======'player_bonus_multiplier'====== Args={'value': 1, 'prev_value': 1, 'change': 0, 'player_num': 1}
2025-11-15 21:17:46,907 : INFO : EventManager : Event: ======'player_skull_ramp_nb'====== Args={'value': 0, 'prev_value': 0, 'change': 0, 'player_num': 1}
2025-11-15 21:17:46,907 : INFO : EventManager : Event: ======'player_skillshot'====== Args={'value': 0, 'prev_value': 0, 'change': 0, 'player_num': 1}
2025-11-15 21:17:46,907 : INFO : EventManager : Event: ======'player_skillshot_count'====== Args={'value': 0, 'prev_value': 0, 'change': 0, 'player_num': 1}
2025-11-15 21:17:46,907 : INFO : EventManager : Event: ======'player_tmp_int'====== Args={'value': 0, 'prev_value': 0, 'change': 0, 'player_num': 1}
2025-11-15 21:17:46,908 : INFO : EventManager : Event: ======'player_score'====== Args={'value': 0, 'prev_value': 0, 'change': 0, 'player_num': 1}
2025-11-15 21:17:46,908 : INFO : EventManager : Event: ======'game_started'====== Args={}
2025-11-15 21:17:46,909 : INFO : EventManager : Event: ======'player_turn_will_start'====== Args={'player': <Player 1>, 'number': 1}
2025-11-15 21:17:46,909 : INFO : EventManager : Event: ======'player_turn_starting'====== Args={'player': <Player 1>, 'number': 1}
2025-11-15 21:17:46,919 : INFO : EventManager : Event: ======'player_ball'====== Args={'value': 1, 'prev_value': 0, 'change': 1, 'player_num': 1}
2025-11-15 21:17:46,920 : INFO : EventManager : Event: ======'player_turn_started'====== Args={'player': <Player 1>, 'number': 1}
2025-11-15 21:17:46,921 : INFO : EventManager : Event: ======'ball_will_start'====== Args={'player': 1, 'ball': 1, 'balls_remaining': 2, 'is_extra_ball': False}
2025-11-15 21:17:46,921 : INFO : EventManager : Event: ======'ball_starting'====== Args={'player': 1, 'ball': 1, 'balls_remaining': 2, 'is_extra_ball': False}
2025-11-15 21:17:46,921 : INFO : EventManager : Event: ======'mode_base_will_start'====== Args={'queue': <QueuedEvent>, 'player': 1, 'ball': 1, 'balls_remaining': 2, 'is_extra_ball': False}
2025-11-15 21:17:46,922 : INFO : EventManager : Event: ======'player_base_player_added_timer_tick'====== Args={'value': 0, 'prev_value': 0, 'change': 0, 'player_num': 1}
2025-11-15 21:17:46,922 : INFO : Timer.player_added_timer : Starting Timer.
2025-11-15 21:17:46,922 : INFO : EventManager : Event: ======'timer_player_added_timer_started'====== Args={'ticks': 0, 'ticks_remaining': 1}
2025-11-15 21:17:46,922 : INFO : EventManager : Event: ======'timer_player_added_timer_tick'====== Args={'ticks': 0, 'ticks_remaining': 1}
2025-11-15 21:17:46,923 : INFO : EventManager : Event: ======'mode_base_starting'====== Args={'queue': <QueuedEvent>, 'player': 1, 'ball': 1, 'balls_remaining': 2, 'is_extra_ball': False}
2025-11-15 21:17:46,923 : INFO : motor.skull_motor : Moving motor to position home
2025-11-15 21:17:46,923 : INFO : Mode.base : Started. Priority: 100
2025-11-15 21:17:46,924 : INFO : EventManager : Event: ======'modes_active_modes_changed'====== Args={}
2025-11-15 21:17:46,924 : INFO : EventManager : Event: ======'mode_base_started'====== Args={'queue': <QueuedEvent>, 'player': 1, 'ball': 1, 'balls_remaining': 2, 'is_extra_ball': False}
2025-11-15 21:17:46,924 : INFO : EventManager : Event: ======'start_mode_bumpers'====== Args={'priority': 0}
2025-11-15 21:17:46,924 : INFO : EventManager : Event: ======'start_mode_csi_lanes'====== Args={'priority': 0}
2025-11-15 21:17:46,924 : INFO : EventManager : Event: ======'start_mode_skull'====== Args={'priority': 0}
2025-11-15 21:17:46,924 : INFO : EventManager : Event: ======'stop_skull_motor'====== Args={'priority': 0}
2025-11-15 21:17:46,925 : INFO : EventManager : Event: ======'mode_bumpers_will_start'====== Args={'priority': 0}
2025-11-15 21:17:46,925 : INFO : EventManager : Event: ======'player_shot_bumper1_enabled'====== Args={'value': True, 'prev_value': 0, 'change': 1, 'player_num': 1}
2025-11-15 21:17:46,925 : INFO : EventManager : Event: ======'player_shot_bumper2_enabled'====== Args={'value': True, 'prev_value': 0, 'change': 1, 'player_num': 1}
2025-11-15 21:17:46,926 : INFO : EventManager : Event: ======'player_shot_bumper3_enabled'====== Args={'value': True, 'prev_value': 0, 'change': 1, 'player_num': 1}
2025-11-15 21:17:46,926 : INFO : EventManager : Event: ======'bumpers_complete'====== Args={'state': 'unlit'}
2025-11-15 21:17:46,926 : INFO : EventManager : Event: ======'bumpers_unlit_complete'====== Args={}
2025-11-15 21:17:46,927 : INFO : EventManager : Event: ======'player_bumpers_bumper_timer_tick'====== Args={'value': 0, 'prev_value': 0, 'change': 0, 'player_num': 1}
2025-11-15 21:17:46,927 : INFO : Timer.bumper_timer : Starting Timer.
2025-11-15 21:17:46,927 : INFO : EventManager : Event: ======'timer_bumper_timer_started'====== Args={'ticks': 0, 'ticks_remaining': 1}
2025-11-15 21:17:46,928 : INFO : EventManager : Event: ======'timer_bumper_timer_tick'====== Args={'ticks': 0, 'ticks_remaining': 1}
2025-11-15 21:17:46,928 : INFO : EventManager : Event: ======'mode_bumpers_starting'====== Args={'priority': 0}
2025-11-15 21:17:46,928 : INFO : EventManager : Event: ======'mode_csi_lanes_will_start'====== Args={'priority': 0}
2025-11-15 21:17:46,928 : INFO : EventManager : Event: ======'player_shot_c_shot_enabled'====== Args={'value': True, 'prev_value': 0, 'change': 1, 'player_num': 1}
2025-11-15 21:17:46,929 : INFO : EventManager : Event: ======'player_shot_s_shot_enabled'====== Args={'value': True, 'prev_value': 0, 'change': 1, 'player_num': 1}
2025-11-15 21:17:46,929 : INFO : EventManager : Event: ======'player_shot_i_shot_enabled'====== Args={'value': True, 'prev_value': 0, 'change': 1, 'player_num': 1}
2025-11-15 21:17:46,930 : INFO : EventManager : Event: ======'csi_shots_complete'====== Args={'state': 'unlit'}
2025-11-15 21:17:46,930 : INFO : EventManager : Event: ======'csi_shots_unlit_complete'====== Args={}
2025-11-15 21:17:46,930 : INFO : EventManager : Event: ======'player_csi_lanes_csi_lanes_timer_tick'====== Args={'value': 0, 'prev_value': 0, 'change': 0, 'player_num': 1}
2025-11-15 21:17:46,930 : INFO : Timer.csi_lanes_timer : Starting Timer.
2025-11-15 21:17:46,931 : INFO : EventManager : Event: ======'timer_csi_lanes_timer_started'====== Args={'ticks': 0, 'ticks_remaining': 1}
2025-11-15 21:17:46,931 : INFO : EventManager : Event: ======'timer_csi_lanes_timer_tick'====== Args={'ticks': 0, 'ticks_remaining': 1}
2025-11-15 21:17:46,931 : INFO : EventManager : Event: ======'player_csi_lanes_csi_right_orbit_timer_tick'====== Args={'value': 0, 'prev_value': 0, 'change': 0, 'player_num': 1}
2025-11-15 21:17:46,932 : INFO : EventManager : Event: ======'mode_csi_lanes_starting'====== Args={'priority': 0}
2025-11-15 21:17:46,932 : INFO : EventManager : Event: ======'mode_skull_will_start'====== Args={'priority': 0}
2025-11-15 21:17:46,932 : INFO : EventManager : Event: ======'player_skull_pause_timer_tick'====== Args={'value': 0, 'prev_value': 0, 'change': 0, 'player_num': 1}
2025-11-15 21:17:46,933 : INFO : Timer.pause_timer : Starting Timer.
2025-11-15 21:17:46,933 : INFO : EventManager : Event: ======'timer_pause_timer_started'====== Args={'ticks': 0, 'ticks_remaining': 1}
2025-11-15 21:17:46,933 : INFO : EventManager : Event: ======'timer_pause_timer_tick'====== Args={'ticks': 0, 'ticks_remaining': 1}
2025-11-15 21:17:46,934 : INFO : EventManager : Event: ======'mode_skull_starting'====== Args={'priority': 0}
2025-11-15 21:17:46,934 : INFO : motor.skull_motor : Moving motor to position home
2025-11-15 21:17:46,934 : INFO : Mode.bumpers : Started. Priority: 200
2025-11-15 21:17:46,934 : INFO : EventManager : Event: ======'modes_active_modes_changed'====== Args={}
2025-11-15 21:17:46,934 : INFO : EventManager : Event: ======'mode_bumpers_started'====== Args={'priority': 0}
2025-11-15 21:17:46,934 : INFO : EventManager : Event: ======'balls_in_play'====== Args={'balls': 1}
2025-11-15 21:17:46,934 : INFO : EventManager : Event: ======'ball_started'====== Args={'player': 1, 'ball': 1, 'balls_remaining': 2, 'is_extra_ball': False}
2025-11-15 21:17:46,935 : INFO : EventManager : Event: ======'mode_skillshot_will_start'====== Args={'player': 1, 'ball': 1, 'balls_remaining': 2, 'is_extra_ball': False}
2025-11-15 21:17:46,935 : INFO : EventManager : Event: ======'player_shot_s1_enabled'====== Args={'value': True, 'prev_value': 0, 'change': 1, 'player_num': 1}
2025-11-15 21:17:46,935 : INFO : EventManager : Event: ======'player_shot_s2_enabled'====== Args={'value': True, 'prev_value': 0, 'change': 1, 'player_num': 1}
2025-11-15 21:17:46,935 : INFO : EventManager : Event: ======'player_shot_s3_enabled'====== Args={'value': True, 'prev_value': 0, 'change': 1, 'player_num': 1}
2025-11-15 21:17:46,935 : INFO : EventManager : Event: ======'player_shot_s4_enabled'====== Args={'value': True, 'prev_value': 0, 'change': 1, 'player_num': 1}
2025-11-15 21:17:46,935 : INFO : EventManager : Event: ======'player_shot_s5_enabled'====== Args={'value': True, 'prev_value': 0, 'change': 1, 'player_num': 1}
2025-11-15 21:17:46,936 : INFO : EventManager : Event: ======'player_shot_s6_enabled'====== Args={'value': True, 'prev_value': 0, 'change': 1, 'player_num': 1}
2025-11-15 21:17:46,936 : INFO : EventManager : Event: ======'player_shot_s7_enabled'====== Args={'value': True, 'prev_value': 0, 'change': 1, 'player_num': 1}
2025-11-15 21:17:46,936 : INFO : EventManager : Event: ======'player_shot_s8_enabled'====== Args={'value': True, 'prev_value': 0, 'change': 1, 'player_num': 1}
2025-11-15 21:17:46,937 : INFO : EventManager : Event: ======'player_shot_s9_enabled'====== Args={'value': True, 'prev_value': 0, 'change': 1, 'player_num': 1}
2025-11-15 21:17:46,937 : INFO : EventManager : Event: ======'player_shot_s10_enabled'====== Args={'value': True, 'prev_value': 0, 'change': 1, 'player_num': 1}
2025-11-15 21:17:46,937 : INFO : EventManager : Event: ======'player_shot_s11_enabled'====== Args={'value': True, 'prev_value': 0, 'change': 1, 'player_num': 1}
2025-11-15 21:17:46,937 : INFO : EventManager : Event: ======'player_shot_s12_enabled'====== Args={'value': True, 'prev_value': 0, 'change': 1, 'player_num': 1}
2025-11-15 21:17:46,938 : INFO : EventManager : Event: ======'player_shot_s13_enabled'====== Args={'value': True, 'prev_value': 0, 'change': 1, 'player_num': 1}
2025-11-15 21:17:46,938 : INFO : EventManager : Event: ======'player_shot_s14_enabled'====== Args={'value': True, 'prev_value': 0, 'change': 1, 'player_num': 1}
2025-11-15 21:17:46,938 : INFO : EventManager : Event: ======'not_skillshot_complete'====== Args={'state': 'unlit'}
2025-11-15 21:17:46,938 : INFO : EventManager : Event: ======'not_skillshot_unlit_complete'====== Args={}
2025-11-15 21:17:46,939 : INFO : EventManager : Event: ======'mode_skillshot_starting'====== Args={'player': 1, 'ball': 1, 'balls_remaining': 2, 'is_extra_ball': False}
2025-11-15 21:17:46,939 : INFO : EventManager : Event: ======'logicblock_csi_lanes_then_scoop_updated'====== Args={'value': 0, 'enabled': True}
2025-11-15 21:17:46,939 : INFO : EventManager : Event: ======'logicblock_csi_lanes_then_scoop_then_right_orbit_updated'====== Args={'value': 0, 'enabled': True}
2025-11-15 21:17:46,939 : INFO : EventManager : Event: ======'logicblock_csi_lanes_then_scoop_updated'====== Args={'value': 0, 'enabled': True}
2025-11-15 21:17:46,939 : INFO : EventManager : Event: ======'logicblock_csi_lanes_then_scoop_then_right_orbit_updated'====== Args={'value': 0, 'enabled': True}
2025-11-15 21:17:46,939 : INFO : Mode.csi_lanes : Started. Priority: 200
2025-11-15 21:17:46,939 : INFO : EventManager : Event: ======'modes_active_modes_changed'====== Args={}
2025-11-15 21:17:46,939 : INFO : EventManager : Event: ======'mode_csi_lanes_started'====== Args={'priority': 0}
2025-11-15 21:17:46,939 : INFO : EventManager : Event: ======'player_multiplier'====== Args={'value': 1, 'prev_value': 0, 'change': 1, 'player_num': 1, 'source': 'csi_lanes'}
2025-11-15 21:17:46,940 : INFO : EventManager : Event: ======'logicblock_seq_lock1_updated'====== Args={'value': 0, 'enabled': True}
2025-11-15 21:17:46,940 : INFO : EventManager : Event: ======'logicblock_seq_lock2_updated'====== Args={'value': 0, 'enabled': True}
2025-11-15 21:17:46,940 : INFO : EventManager : Event: ======'logicblock_seq_ready_for_MB_updated'====== Args={'value': 0, 'enabled': True}
2025-11-15 21:17:46,940 : INFO : EventManager : Event: ======'logicblock_seq_ready_for_wave1_updated'====== Args={'value': 0, 'enabled': True}
2025-11-15 21:17:46,940 : INFO : EventManager : Event: ======'logicblock_seq_lock1_updated'====== Args={'value': 0, 'enabled': True}
2025-11-15 21:17:46,940 : INFO : EventManager : Event: ======'logicblock_seq_lock2_updated'====== Args={'value': 0, 'enabled': True}
2025-11-15 21:17:46,940 : INFO : EventManager : Event: ======'logicblock_seq_ready_for_MB_updated'====== Args={'value': 0, 'enabled': True}
2025-11-15 21:17:46,940 : INFO : EventManager : Event: ======'logicblock_seq_ready_for_wave1_updated'====== Args={'value': 0, 'enabled': True}
2025-11-15 21:17:46,940 : INFO : Mode.skull : Started. Priority: 200
2025-11-15 21:17:46,940 : INFO : EventManager : Event: ======'modes_active_modes_changed'====== Args={}
2025-11-15 21:17:46,940 : INFO : EventManager : Event: ======'mode_skull_started'====== Args={'priority': 0}
2025-11-15 21:17:46,941 : INFO : EventManager : Event: ======'logicblock_seq_skillshot_success_updated'====== Args={'value': 0, 'enabled': True}
2025-11-15 21:17:46,941 : INFO : EventManager : Event: ======'logicblock_seq_skillshot_success_updated'====== Args={'value': 0, 'enabled': True}
2025-11-15 21:17:46,941 : INFO : Mode.skillshot : Started. Priority: 200
2025-11-15 21:17:46,941 : INFO : EventManager : Event: ======'modes_active_modes_changed'====== Args={}
2025-11-15 21:17:46,941 : INFO : EventManager : Event: ======'mode_skillshot_started'====== Args={'player': 1, 'ball': 1, 'balls_remaining': 2, 'is_extra_ball': False}
2025-11-15 21:17:46,941 : INFO : EventManager : Event: ======'single_player_ball_started'====== Args={}
2025-11-15 21:17:46,941 : INFO : EventManager : Event: ======'ball_start_target'====== Args={'target': 'playfield'}
2025-11-15 21:17:46,942 : INFO : ball_device.bd_trough : Setting up player-controlled eject. Balls: 1, Target: <playfield.playfield>, player_controlled_eject_event: None
2025-11-15 21:17:46,942 : INFO : ball_device.bd_trough : Adding 1 ball(s) to the eject_queue with target <playfield.playfield>.
2025-11-15 21:17:46,942 : INFO : EventManager : Event: ======'balldevice_balls_available'====== Args={}
2025-11-15 21:17:46,942 : INFO : ball_device.bd_trough : State: waiting_for_target_ready
2025-11-15 21:17:46,942 : INFO : EventManager : Event: ======'balldevice_bd_trough_ball_eject_attempt'====== Args={'balls': 1, 'target': <ball_device.bd_plunger>, 'source': <ball_device.bd_trough>, 'mechanical_eject': False, 'num_attempts': 0}
2025-11-15 21:17:46,942 : INFO : ball_device.bd_plunger : State: waiting_for_ball
2025-11-15 21:17:46,943 : INFO : ball_device.bd_trough : State: ejecting
2025-11-15 21:17:46,943 : INFO : ball_device.bd_trough : Ejecting ball to <ball_device.bd_plunger>
2025-11-15 21:17:46,943 : INFO : EventManager : Event: ======'balldevice_bd_trough_ejecting_ball'====== Args={'balls': 1, 'target': <ball_device.bd_plunger>, 'source': <ball_device.bd_trough>, 'mechanical_eject': False, 'num_attempts': 0}
2025-11-15 21:17:46,943 : INFO : ball_device.bd_trough : Wait for ball to leave device
2025-11-15 21:17:46,943 : INFO : coil.c_trough_eject : Pulsing Driver for 20ms (1.0 pulse_power)
2025-11-15 21:17:46,943 : INFO : SwitchController : <<<<<<< 's_trough1' inactive >>>>>>>
2025-11-15 21:17:46,944 : INFO : ball_device.bd_trough : State: ball_left
2025-11-15 21:17:46,944 : INFO : ball_device.bd_trough : Ball left
2025-11-15 21:17:46,944 : INFO : ball_device.bd_trough : Wait for confirm with timeout 3.0
2025-11-15 21:17:47,044 : INFO : SwitchController : <<<<<<< 's_plunger_lane' active >>>>>>>
2025-11-15 21:17:47,044 : INFO : EventManager : Event: ======'machine_var_audits_switches_s_plunger_lane'====== Args={'value': 1037, 'prev_value': 1036, 'change': 1}
2025-11-15 21:17:47,071 : INFO : EventManager : Event: ======'slide_base_slide_created'====== Args={'_from_bcp': True}
2025-11-15 21:17:47,071 : INFO : EventManager : Event: ======'slide_attract_inactive'====== Args={'is_removing': True, '_from_bcp': True}
2025-11-15 21:17:47,071 : INFO : EventManager : Event: ======'slide_base_slide_active'====== Args={'original_context': 'base', 'original_calling_context': 'mode_base_started', 'priority': 100.0, 'queue': '<QueuedEvent>', 'player': 1.0, 'ball': 1.0, 'balls_remaining': 2.0, 'is_extra_ball': False, 'cmd': 'slides_play', '_from_bcp': True}
2025-11-15 21:17:47,072 : INFO : EventManager : Event: ======'slide_attract_removed'====== Args={'_from_bcp': True}
2025-11-15 21:17:47,428 : INFO : EventManager : Event: ======'player_bumpers_bumper_timer_tick'====== Args={'value': 1, 'prev_value': 0, 'change': 1, 'player_num': 1}
2025-11-15 21:17:47,429 : INFO : Timer.bumper_timer : Timer Complete
2025-11-15 21:17:47,429 : INFO : Timer.bumper_timer : Stopping Timer
2025-11-15 21:17:47,429 : INFO : EventManager : Event: ======'timer_bumper_timer_stopped'====== Args={'ticks': 1, 'ticks_remaining': 1}
2025-11-15 21:17:47,429 : INFO : EventManager : Event: ======'timer_bumper_timer_complete'====== Args={'ticks': 1, 'ticks_remaining': 1}
2025-11-15 21:17:47,546 : INFO : ball_device.bd_plunger : Received ball from <ball_device.bd_trough>
2025-11-15 21:17:47,546 : INFO : EventManager : Event: ======'balldevice_bd_plunger_ball_enter'====== Args={'new_balls': 1, 'unclaimed_balls': 0, 'new_available_balls': 0, 'device': <ball_device.bd_plunger>}
2025-11-15 21:17:47,547 : INFO : EventManager : Event: ======'balldevice_bd_plunger_ball_entered'====== Args={'new_balls': 0, 'device': <ball_device.bd_plunger>}
2025-11-15 21:17:47,547 : INFO : EventManager : Event: ======'balldevice_bd_plunger_ball_count_changed'====== Args={'balls': 1}
2025-11-15 21:17:47,548 : INFO : ball_device.bd_trough : Got eject confirm
2025-11-15 21:17:47,548 : INFO : ball_device.bd_trough : Eject successful
2025-11-15 21:17:47,548 : INFO : EventManager : Event: ======'balldevice_bd_trough_ball_eject_success'====== Args={'balls': 1, 'target': <ball_device.bd_plunger>}
2025-11-15 21:17:47,548 : INFO : EventManager : Event: ======'balldevice_bd_trough_ball_count_changed'====== Args={'balls': 3}
2025-11-15 21:17:47,548 : INFO : ball_device.bd_trough : State: idle
2025-11-15 21:17:47,549 : INFO : ball_device.bd_plunger : State: waiting_for_target_ready
2025-11-15 21:17:47,549 : INFO : EventManager : Event: ======'balldevice_bd_plunger_ball_eject_attempt'====== Args={'balls': 1, 'target': <playfield.playfield>, 'source': <ball_device.bd_plunger>, 'mechanical_eject': False, 'num_attempts': 0}
2025-11-15 21:17:47,549 : INFO : ball_device.bd_plunger : State: ejecting
2025-11-15 21:17:47,549 : INFO : ball_device.bd_plunger : Ejecting ball to <playfield.playfield>
2025-11-15 21:17:47,549 : INFO : EventManager : Event: ======'balldevice_bd_plunger_ejecting_ball'====== Args={'balls': 1, 'target': <playfield.playfield>, 'source': <ball_device.bd_plunger>, 'mechanical_eject': False, 'num_attempts': 0}
2025-11-15 21:17:47,550 : INFO : ball_device.bd_plunger : Wait for ball to leave device
2025-11-15 21:17:47,550 : INFO : coil.c_plunger : Pulsing Driver for 20ms (1.0 pulse_power)
2025-11-15 21:17:47,550 : INFO : SwitchController : <<<<<<< 's_plunger_lane' inactive >>>>>>>
2025-11-15 21:17:47,550 : INFO : EventManager : Event: ======'s_plunger_lane_inactive'====== Args={}
2025-11-15 21:17:47,551 : INFO : EventManager : Event: ======'logicblock_seq_skillshot_success_updated'====== Args={'value': 1, 'enabled': True}
2025-11-15 21:17:47,551 : INFO : EventManager : Event: ======'logicblock_seq_skillshot_success_hit'====== Args={'step': 1}
2025-11-15 21:17:47,551 : INFO : ball_device.bd_plunger : State: ball_left
2025-11-15 21:17:47,552 : INFO : ball_device.bd_plunger : Ball left
2025-11-15 21:17:47,552 : INFO : ball_device.bd_plunger : Wait for confirm with timeout 3.0
2025-11-15 21:17:47,623 : INFO : EventManager : Event: ======'player_base_player_added_timer_tick'====== Args={'value': 1, 'prev_value': 0, 'change': 1, 'player_num': 1}
2025-11-15 21:17:47,624 : INFO : Timer.player_added_timer : Timer Complete
2025-11-15 21:17:47,624 : INFO : Timer.player_added_timer : Stopping Timer
2025-11-15 21:17:47,624 : INFO : EventManager : Event: ======'timer_player_added_timer_stopped'====== Args={'ticks': 1, 'ticks_remaining': 1}
2025-11-15 21:17:47,624 : INFO : EventManager : Event: ======'timer_player_added_timer_complete'====== Args={'ticks': 1, 'ticks_remaining': 1}
2025-11-15 21:17:47,631 : INFO : EventManager : Event: ======'player_csi_lanes_csi_lanes_timer_tick'====== Args={'value': 1, 'prev_value': 0, 'change': 1, 'player_num': 1}
2025-11-15 21:17:47,632 : INFO : Timer.csi_lanes_timer : Timer Complete
2025-11-15 21:17:47,632 : INFO : Timer.csi_lanes_timer : Stopping Timer
2025-11-15 21:17:47,632 : INFO : EventManager : Event: ======'timer_csi_lanes_timer_stopped'====== Args={'ticks': 1, 'ticks_remaining': 1}
2025-11-15 21:17:47,632 : INFO : EventManager : Event: ======'timer_csi_lanes_timer_complete'====== Args={'ticks': 1, 'ticks_remaining': 1}
2025-11-15 21:17:50,553 : INFO : ball_device.bd_plunger : State: failed_confirm
2025-11-15 21:17:50,553 : INFO : ball_device.bd_plunger : Got timeout (3.0s) before confirm from <playfield.playfield>
2025-11-15 21:17:50,654 : INFO : ball_device.bd_plunger : Confirming eject because target is playfield and ball did not return.
2025-11-15 21:17:50,654 : INFO : ball_device.bd_plunger : Eject successful
2025-11-15 21:17:50,654 : INFO : EventManager : Event: ======'balldevice_bd_plunger_ball_eject_success'====== Args={'balls': 1, 'target': <playfield.playfield>}
2025-11-15 21:17:50,655 : INFO : EventManager : Event: ======'balldevice_playfield_ball_enter'====== Args={'new_balls': 1, 'unclaimed_balls': 1, 'device': <playfield.playfield>}
2025-11-15 21:17:50,655 : INFO : EventManager : Event: ======'playfield_ball_count_change'====== Args={'balls': 1, 'change': 1}
2025-11-15 21:17:50,656 : INFO : EventManager : Event: ======'balldevice_bd_plunger_ball_count_changed'====== Args={'balls': 0}
2025-11-15 21:17:50,656 : INFO : ball_device.bd_plunger : State: idle
2025-11-15 21:17:53,501 : INFO : SwitchController : <<<<<<< 's_ramp' active >>>>>>>
2025-11-15 21:17:53,501 : INFO : EventManager : Event: ======'s_ramp_active'====== Args={}
2025-11-15 21:17:53,502 : INFO : EventManager : Event: ======'machine_var_audits_switches_s_ramp'====== Args={'value': 1352, 'prev_value': 1351, 'change': 1}
2025-11-15 21:17:53,502 : INFO : EventManager : Event: ======'player_shot_s9'====== Args={'value': 1, 'prev_value': 0, 'change': 1, 'player_num': 1}
2025-11-15 21:17:53,511 : INFO : EventManager : Event: ======'machine_var_audits_shots_s9'====== Args={'value': 247, 'prev_value': 246, 'change': 1}
2025-11-15 21:17:53,512 : INFO : EventManager : Event: ======'s9_hit'====== Args={'profile': 'default', 'state': 'unlit', 'advancing': True}
2025-11-15 21:17:53,512 : INFO : EventManager : Event: ======'s9_default_hit'====== Args={'profile': 'default', 'state': 'unlit', 'advancing': True}
2025-11-15 21:17:53,512 : INFO : EventManager : Event: ======'s9_default_unlit_hit'====== Args={'profile': 'default', 'state': 'unlit', 'advancing': True}
2025-11-15 21:17:53,512 : INFO : EventManager : Event: ======'s9_unlit_hit'====== Args={'profile': 'default', 'state': 'unlit', 'advancing': True}
2025-11-15 21:17:53,512 : INFO : EventManager : Event: ======'player_skull_ramp_nb'====== Args={'value': 1, 'prev_value': 0, 'change': 1, 'player_num': 1, 'source': 'skull'}
2025-11-15 21:17:53,513 : INFO : EventManager : Event: ======'not_skillshot_hit'====== Args={'shot': 's9'}
2025-11-15 21:17:53,513 : INFO : EventManager : Event: ======'not_skillshot_unlit_hit'====== Args={'shot': 's9'}
2025-11-15 21:17:53,537 : INFO : EventManager : Event: ======'widget_skillshot_widget_active'====== Args={'original_context': 'skillshot', 'original_calling_context': 'not_skillshot_hit', 'priority': 200.0, 'shot': 's9', 'cmd': 'widgets_play', '_from_bcp': True}
2025-11-15 21:17:53,650 : INFO : SwitchController : <<<<<<< 's_ramp' inactive >>>>>>>
2025-11-15 21:17:55,530 : INFO : EventManager : Event: ======'widget_skillshot_widget_removed'====== Args={'_from_bcp': True}
2025-11-15 21:17:55,531 : INFO : EventManager : Event: ======'skillshoot_ended'====== Args={'priority': 0}
2025-11-15 21:17:55,531 : INFO : EventManager : Event: ======'mode_skillshot_will_stop'====== Args={}
2025-11-15 21:17:55,531 : INFO : EventManager : Event: ======'mode_skillshot_stopping'====== Args={}
2025-11-15 21:17:55,531 : INFO : Mode.skillshot : Stopped.
2025-11-15 21:17:55,531 : INFO : EventManager : Event: ======'modes_active_modes_changed'====== Args={}
2025-11-15 21:17:55,532 : INFO : EventManager : Event: ======'mode_skillshot_stopped'====== Args={}
2025-11-15 21:17:55,532 : INFO : EventManager : Event: ======'clear'====== Args={'key': 'skillshot'}
2025-11-15 21:17:56,350 : INFO : SwitchController : <<<<<<< 's_ramp' active >>>>>>>
2025-11-15 21:17:56,350 : INFO : EventManager : Event: ======'s_ramp_active'====== Args={}
2025-11-15 21:17:56,351 : INFO : EventManager : Event: ======'machine_var_audits_switches_s_ramp'====== Args={'value': 1353, 'prev_value': 1352, 'change': 1}
2025-11-15 21:17:56,351 : INFO : EventManager : Event: ======'player_skull_ramp_nb'====== Args={'value': 2, 'prev_value': 1, 'change': 1, 'player_num': 1, 'source': 'skull'}
2025-11-15 21:17:56,482 : INFO : SwitchController : <<<<<<< 's_ramp' inactive >>>>>>>
2025-11-15 21:17:56,933 : INFO : EventManager : Event: ======'player_skull_pause_timer_tick'====== Args={'value': 1, 'prev_value': 0, 'change': 1, 'player_num': 1}
2025-11-15 21:17:56,934 : INFO : Timer.pause_timer : Timer Complete
2025-11-15 21:17:56,934 : INFO : Timer.pause_timer : Stopping Timer
2025-11-15 21:17:56,934 : INFO : EventManager : Event: ======'timer_pause_timer_stopped'====== Args={'ticks': 1, 'ticks_remaining': 1}
2025-11-15 21:17:56,935 : INFO : EventManager : Event: ======'timer_pause_timer_complete'====== Args={'ticks': 1, 'ticks_remaining': 1}
2025-11-15 21:17:57,100 : INFO : SwitchController : <<<<<<< 's_ramp' active >>>>>>>
2025-11-15 21:17:57,100 : INFO : EventManager : Event: ======'s_ramp_active'====== Args={}
2025-11-15 21:17:57,101 : INFO : EventManager : Event: ======'machine_var_audits_switches_s_ramp'====== Args={'value': 1354, 'prev_value': 1353, 'change': 1}
2025-11-15 21:17:57,101 : INFO : EventManager : Event: ======'player_skull_ramp_nb'====== Args={'value': 3, 'prev_value': 2, 'change': 1, 'player_num': 1, 'source': 'skull'}
2025-11-15 21:17:57,267 : INFO : SwitchController : <<<<<<< 's_ramp' inactive >>>>>>>
2025-11-15 21:17:57,917 : INFO : SwitchController : <<<<<<< 's_ramp' active >>>>>>>
2025-11-15 21:17:57,917 : INFO : EventManager : Event: ======'s_ramp_active'====== Args={}
2025-11-15 21:17:57,918 : INFO : EventManager : Event: ======'machine_var_audits_switches_s_ramp'====== Args={'value': 1355, 'prev_value': 1354, 'change': 1}
2025-11-15 21:17:57,918 : INFO : EventManager : Event: ======'player_skull_ramp_nb'====== Args={'value': 4, 'prev_value': 3, 'change': 1, 'player_num': 1, 'source': 'skull'}
2025-11-15 21:17:58,018 : INFO : SwitchController : <<<<<<< 's_ramp' inactive >>>>>>>
2025-11-15 21:17:58,568 : INFO : SwitchController : <<<<<<< 's_ramp' active >>>>>>>
2025-11-15 21:17:58,568 : INFO : EventManager : Event: ======'s_ramp_active'====== Args={}
2025-11-15 21:17:58,568 : INFO : EventManager : Event: ======'machine_var_audits_switches_s_ramp'====== Args={'value': 1356, 'prev_value': 1355, 'change': 1}
2025-11-15 21:17:58,569 : INFO : EventManager : Event: ======'player_skull_ramp_nb'====== Args={'value': 5, 'prev_value': 4, 'change': 1, 'player_num': 1, 'source': 'skull'}
2025-11-15 21:17:58,733 : INFO : SwitchController : <<<<<<< 's_ramp' inactive >>>>>>>
2025-11-15 21:17:59,384 : INFO : SwitchController : <<<<<<< 's_ramp' active >>>>>>>
2025-11-15 21:17:59,384 : INFO : EventManager : Event: ======'s_ramp_active'====== Args={}
2025-11-15 21:17:59,385 : INFO : EventManager : Event: ======'machine_var_audits_switches_s_ramp'====== Args={'value': 1357, 'prev_value': 1356, 'change': 1}
2025-11-15 21:17:59,385 : INFO : EventManager : Event: ======'player_skull_ramp_nb'====== Args={'value': 6, 'prev_value': 5, 'change': 1, 'player_num': 1, 'source': 'skull'}
2025-11-15 21:17:59,466 : INFO : SwitchController : <<<<<<< 's_ramp' inactive >>>>>>>
2025-11-15 21:18:00,367 : INFO : SwitchController : <<<<<<< 's_ramp' active >>>>>>>
2025-11-15 21:18:00,367 : INFO : EventManager : Event: ======'s_ramp_active'====== Args={}
2025-11-15 21:18:00,368 : INFO : EventManager : Event: ======'machine_var_audits_switches_s_ramp'====== Args={'value': 1358, 'prev_value': 1357, 'change': 1}
2025-11-15 21:18:00,369 : INFO : EventManager : Event: ======'player_skull_ramp_nb'====== Args={'value': 7, 'prev_value': 6, 'change': 1, 'player_num': 1, 'source': 'skull'}
2025-11-15 21:18:00,482 : INFO : SwitchController : <<<<<<< 's_ramp' inactive >>>>>>>
2025-11-15 21:18:01,367 : INFO : SwitchController : <<<<<<< 's_ramp' active >>>>>>>
2025-11-15 21:18:01,368 : INFO : EventManager : Event: ======'s_ramp_active'====== Args={}
2025-11-15 21:18:01,368 : INFO : EventManager : Event: ======'machine_var_audits_switches_s_ramp'====== Args={'value': 1359, 'prev_value': 1358, 'change': 1}
2025-11-15 21:18:01,369 : INFO : EventManager : Event: ======'player_skull_ramp_nb'====== Args={'value': 8, 'prev_value': 7, 'change': 1, 'player_num': 1, 'source': 'skull'}
2025-11-15 21:18:01,483 : INFO : SwitchController : <<<<<<< 's_ramp' inactive >>>>>>>
2025-11-15 21:18:02,268 : INFO : SwitchController : <<<<<<< 's_ramp' active >>>>>>>
2025-11-15 21:18:02,268 : INFO : EventManager : Event: ======'s_ramp_active'====== Args={}
2025-11-15 21:18:02,268 : INFO : EventManager : Event: ======'machine_var_audits_switches_s_ramp'====== Args={'value': 1360, 'prev_value': 1359, 'change': 1}
2025-11-15 21:18:02,269 : INFO : EventManager : Event: ======'player_skull_ramp_nb'====== Args={'value': 9, 'prev_value': 8, 'change': 1, 'player_num': 1, 'source': 'skull'}
2025-11-15 21:18:02,383 : INFO : SwitchController : <<<<<<< 's_ramp' inactive >>>>>>>
2025-11-15 21:18:03,718 : INFO : SwitchController : <<<<<<< 's_ramp' active >>>>>>>
2025-11-15 21:18:03,718 : INFO : EventManager : Event: ======'s_ramp_active'====== Args={}
2025-11-15 21:18:03,718 : INFO : EventManager : Event: ======'machine_var_audits_switches_s_ramp'====== Args={'value': 1361, 'prev_value': 1360, 'change': 1}
2025-11-15 21:18:03,719 : INFO : EventManager : Event: ======'player_skull_ramp_nb'====== Args={'value': 10, 'prev_value': 9, 'change': 1, 'player_num': 1, 'source': 'skull'}
2025-11-15 21:18:03,728 : INFO : EventManager : Event: ======'logicblock_seq_lock1_updated'====== Args={'value': 1, 'enabled': True}
2025-11-15 21:18:03,728 : INFO : EventManager : Event: ======'logicblock_seq_lock1_hit'====== Args={'step': 1}
2025-11-15 21:18:03,748 : INFO : EventManager : Event: ======'widget_skull_light_lock_widget_active'====== Args={'original_context': 'skull', 'original_calling_context': 's_ramp_active{current_player.skull_ramp_nb==10}', 'priority': 200.0, 'cmd': 'widgets_play', '_from_bcp': True}
2025-11-15 21:18:03,799 : INFO : SwitchController : <<<<<<< 's_ramp' inactive >>>>>>>
2025-11-15 21:22:09,402 : INFO : SwitchController : <<<<<<< 's_skull_lock1' active >>>>>>>
2025-11-15 21:22:09,402 : INFO : EventManager : Event: ======'s_skull_lock1_active'====== Args={}
2025-11-15 21:22:09,402 : INFO : EventManager : Event: ======'machine_var_audits_switches_s_skull_lock1'====== Args={'value': 105, 'prev_value': 104, 'change': 1}
2025-11-15 21:22:09,403 : INFO : EventManager : Event: ======'logicblock_seq_lock1_updated'====== Args={'value': 2, 'enabled': True}
2025-11-15 21:22:09,403 : INFO : EventManager : Event: ======'logicblock_seq_lock1_hit'====== Args={'step': 2}
2025-11-15 21:22:09,403 : INFO : EventManager : Event: ======'seq_lock1_done'====== Args={}
2025-11-15 21:22:09,412 : INFO : EventManager : Event: ======'logicblock_seq_lock1_updated'====== Args={'value': 0, 'enabled': True}
2025-11-15 21:22:09,412 : INFO : EventManager : Event: ======'logicblock_seq_lock2_updated'====== Args={'value': 1, 'enabled': True}
2025-11-15 21:22:09,412 : INFO : EventManager : Event: ======'logicblock_seq_lock2_hit'====== Args={'step': 1}
2025-11-15 21:22:09,600 : INFO : SwitchController : <<<<<<< 's_skull_lock1' inactive >>>>>>>
2025-11-15 21:22:09,613 : INFO : EventManager : Event: ======'widget_skull_lock1_widget_active'====== Args={'original_context': 'skull', 'original_calling_context': 'seq_lock1_done', 'priority': 200.0, 'cmd': 'widgets_play', '_from_bcp': True}
2025-11-15 21:22:37,535 : INFO : SwitchController : <<<<<<< 's_skull_lock2' active >>>>>>>
2025-11-15 21:22:37,535 : INFO : EventManager : Event: ======'s_skull_lock2_active'====== Args={}
2025-11-15 21:22:37,536 : INFO : EventManager : Event: ======'machine_var_audits_switches_s_skull_lock2'====== Args={'value': 111, 'prev_value': 110, 'change': 1}
2025-11-15 21:22:37,537 : INFO : EventManager : Event: ======'logicblock_seq_lock2_updated'====== Args={'value': 2, 'enabled': True}
2025-11-15 21:22:37,537 : INFO : EventManager : Event: ======'logicblock_seq_lock2_hit'====== Args={'step': 2}
2025-11-15 21:22:37,546 : INFO : EventManager : Event: ======'seq_lock2_done'====== Args={}
2025-11-15 21:22:37,546 : INFO : EventManager : Event: ======'logicblock_seq_lock2_updated'====== Args={'value': 0, 'enabled': True}
2025-11-15 21:22:37,547 : INFO : EventManager : Event: ======'player_skull_pause_timer_tick'====== Args={'value': 0, 'prev_value': 1, 'change': -1, 'player_num': 1}
2025-11-15 21:22:37,548 : INFO : Timer.pause_timer : Starting Timer.
2025-11-15 21:22:37,548 : INFO : EventManager : Event: ======'timer_pause_timer_started'====== Args={'ticks': 0, 'ticks_remaining': 1}
2025-11-15 21:22:37,548 : INFO : EventManager : Event: ======'timer_pause_timer_tick'====== Args={'ticks': 0, 'ticks_remaining': 1}
2025-11-15 21:22:37,548 : INFO : EventManager : Event: ======'logicblock_seq_ready_for_MB_updated'====== Args={'value': 1, 'enabled': True}
2025-11-15 21:22:37,548 : INFO : EventManager : Event: ======'logicblock_seq_ready_for_MB_hit'====== Args={'step': 1}
2025-11-15 21:22:37,582 : INFO : EventManager : Event: ======'widget_skull_lock2_widget_active'====== Args={'original_context': 'skull', 'original_calling_context': 'seq_lock2_done', 'priority': 200.0, 'cmd': 'widgets_play', '_from_bcp': True}
2025-11-15 21:22:37,655 : INFO : SwitchController : <<<<<<< 's_skull_lock2' inactive >>>>>>>
2025-11-15 21:22:47,548 : INFO : EventManager : Event: ======'player_skull_pause_timer_tick'====== Args={'value': 1, 'prev_value': 0, 'change': 1, 'player_num': 1}
2025-11-15 21:22:47,549 : INFO : Timer.pause_timer : Timer Complete
2025-11-15 21:22:47,549 : INFO : Timer.pause_timer : Stopping Timer
2025-11-15 21:22:47,550 : INFO : EventManager : Event: ======'timer_pause_timer_stopped'====== Args={'ticks': 1, 'ticks_remaining': 1}
2025-11-15 21:22:47,550 : INFO : EventManager : Event: ======'timer_pause_timer_complete'====== Args={'ticks': 1, 'ticks_remaining': 1}
2025-11-15 21:22:47,550 : INFO : EventManager : Event: ======'logicblock_seq_ready_for_MB_updated'====== Args={'value': 2, 'enabled': True}
2025-11-15 21:22:47,550 : INFO : EventManager : Event: ======'logicblock_seq_ready_for_MB_hit'====== Args={'step': 2}
2025-11-15 21:22:47,551 : INFO : EventManager : Event: ======'seq_ready_for_multiball_done'====== Args={}
2025-11-15 21:22:47,551 : INFO : EventManager : Event: ======'logicblock_seq_ready_for_MB_updated'====== Args={'value': 0, 'enabled': True}
2025-11-15 21:22:47,551 : INFO : EventManager : Event: ======'player_skull_ramp_nb'====== Args={'value': 0, 'prev_value': 10, 'change': -10, 'player_num': 1, 'source': 'skull'}
2025-11-15 21:22:47,552 : INFO : EventManager : Event: ======'player_skull_pause_timer_tick'====== Args={'value': 0, 'prev_value': 1, 'change': -1, 'player_num': 1}
2025-11-15 21:22:47,552 : INFO : Timer.pause_timer : Starting Timer.
2025-11-15 21:22:47,552 : INFO : EventManager : Event: ======'timer_pause_timer_started'====== Args={'ticks': 0, 'ticks_remaining': 1}
2025-11-15 21:22:47,552 : INFO : EventManager : Event: ======'timer_pause_timer_tick'====== Args={'ticks': 0, 'ticks_remaining': 1}
2025-11-15 21:22:47,553 : INFO : EventManager : Event: ======'logicblock_seq_ready_for_wave1_updated'====== Args={'value': 1, 'enabled': True}
2025-11-15 21:22:47,553 : INFO : EventManager : Event: ======'logicblock_seq_ready_for_wave1_hit'====== Args={'step': 1}
2025-11-15 21:22:47,569 : INFO : EventManager : Event: ======'widget_skull_start_multiball_widget_active'====== Args={'original_context': 'skull', 'original_calling_context': 'seq_ready_for_multiball_done', 'priority': 200.0, 'cmd': 'widgets_play', '_from_bcp': True}
2025-11-15 21:22:57,553 : INFO : EventManager : Event: ======'player_skull_pause_timer_tick'====== Args={'value': 1, 'prev_value': 0, 'change': 1, 'player_num': 1}
2025-11-15 21:22:57,554 : INFO : Timer.pause_timer : Timer Complete
2025-11-15 21:22:57,554 : INFO : Timer.pause_timer : Stopping Timer
2025-11-15 21:22:57,554 : INFO : EventManager : Event: ======'timer_pause_timer_stopped'====== Args={'ticks': 1, 'ticks_remaining': 1}
2025-11-15 21:22:57,555 : INFO : EventManager : Event: ======'timer_pause_timer_complete'====== Args={'ticks': 1, 'ticks_remaining': 1}
2025-11-15 21:22:57,555 : INFO : EventManager : Event: ======'logicblock_seq_ready_for_wave1_updated'====== Args={'value': 2, 'enabled': True}
2025-11-15 21:22:57,555 : INFO : EventManager : Event: ======'logicblock_seq_ready_for_wave1_hit'====== Args={'step': 2}
2025-11-15 21:22:57,555 : INFO : EventManager : Event: ======'seq_ready_for_wave1_done'====== Args={}
2025-11-15 21:22:57,556 : INFO : EventManager : Event: ======'logicblock_seq_ready_for_wave1_updated'====== Args={'value': 0, 'enabled': True}
2025-11-15 21:22:57,556 : INFO : EventManager : Event: ======'go_position2'====== Args={'priority': 0}
2025-11-15 21:22:57,556 : INFO : EventManager : Event: ======'start_mode_skull_wave1'====== Args={'priority': 0}
2025-11-15 21:22:57,556 : INFO : motor.skull_motor : Moving motor to position pos2
2025-11-15 21:22:57,556 : INFO : EventManager : Event: ======'mode_skull_wave1_will_start'====== Args={'priority': 0}
2025-11-15 21:22:57,557 : INFO : EventManager : Event: ======'player_shot_sa1_enabled'====== Args={'value': True, 'prev_value': 0, 'change': 1, 'player_num': 1}
2025-11-15 21:22:57,557 : INFO : EventManager : Event: ======'player_shot_sa2_enabled'====== Args={'value': True, 'prev_value': 0, 'change': 1, 'player_num': 1}
2025-11-15 21:22:57,558 : INFO : EventManager : Event: ======'player_shot_sa3_enabled'====== Args={'value': True, 'prev_value': 0, 'change': 1, 'player_num': 1}
2025-11-15 21:22:57,558 : INFO : EventManager : Event: ======'player_shot_sa4_enabled'====== Args={'value': True, 'prev_value': 0, 'change': 1, 'player_num': 1}
2025-11-15 21:22:57,559 : INFO : EventManager : Event: ======'player_shot_sa5_enabled'====== Args={'value': True, 'prev_value': 0, 'change': 1, 'player_num': 1}
2025-11-15 21:22:57,559 : INFO : EventManager : Event: ======'player_shot_sa6_enabled'====== Args={'value': True, 'prev_value': 0, 'change': 1, 'player_num': 1}
2025-11-15 21:22:57,560 : INFO : EventManager : Event: ======'arrow_shots_complete'====== Args={'state': 'lit'}
2025-11-15 21:22:57,560 : INFO : EventManager : Event: ======'arrow_shots_lit_complete'====== Args={}
2025-11-15 21:22:57,561 : INFO : EventManager : Event: ======'mode_skull_wave1_starting'====== Args={'priority': 0}
2025-11-15 21:22:57,561 : INFO : Mode.skull_wave1 : Started. Priority: 200
2025-11-15 21:22:57,561 : INFO : EventManager : Event: ======'modes_active_modes_changed'====== Args={}
2025-11-15 21:22:57,561 : INFO : EventManager : Event: ======'mode_skull_wave1_started'====== Args={'priority': 0}
2025-11-15 21:23:02,902 : INFO : SwitchController : <<<<<<< 's_left_orbit' active >>>>>>>
2025-11-15 21:23:02,902 : INFO : EventManager : Event: ======'s_left_orbit_active'====== Args={}
2025-11-15 21:23:02,902 : INFO : EventManager : Event: ======'machine_var_audits_switches_s_left_orbit'====== Args={'value': 19, 'prev_value': 18, 'change': 1}
2025-11-15 21:23:02,903 : INFO : EventManager : Event: ======'player_shot_sa1'====== Args={'value': 1, 'prev_value': 0, 'change': 1, 'player_num': 1}
2025-11-15 21:23:02,911 : INFO : EventManager : Event: ======'machine_var_audits_shots_sa1'====== Args={'value': 14, 'prev_value': 13, 'change': 1}
2025-11-15 21:23:02,912 : INFO : EventManager : Event: ======'sa1_hit'====== Args={'profile': 'arrow_shot_profile', 'state': 'lit', 'advancing': True}
2025-11-15 21:23:02,912 : INFO : EventManager : Event: ======'sa1_arrow_shot_profile_hit'====== Args={'profile': 'arrow_shot_profile', 'state': 'lit', 'advancing': True}
2025-11-15 21:23:02,912 : INFO : EventManager : Event: ======'sa1_arrow_shot_profile_lit_hit'====== Args={'profile': 'arrow_shot_profile', 'state': 'lit', 'advancing': True}
2025-11-15 21:23:02,912 : INFO : EventManager : Event: ======'sa1_lit_hit'====== Args={'profile': 'arrow_shot_profile', 'state': 'lit', 'advancing': True}
2025-11-15 21:23:02,913 : INFO : EventManager : Event: ======'arrow_shots_hit'====== Args={'shot': 'sa1'}
2025-11-15 21:23:02,913 : INFO : EventManager : Event: ======'arrow_shots_lit_hit'====== Args={'shot': 'sa1'}
2025-11-15 21:23:02,913 : INFO : EventManager : Event: ======'player_score'====== Args={'value': 250000, 'prev_value': 0, 'change': 250000, 'player_num': 1, 'source': 'skull_wave1'}
2025-11-15 21:23:03,017 : INFO : SwitchController : <<<<<<< 's_left_orbit' inactive >>>>>>>
2025-11-15 21:23:07,969 : INFO : SwitchController : <<<<<<< 's_centriguge_enter' active >>>>>>>
2025-11-15 21:23:07,969 : INFO : EventManager : Event: ======'s_centriguge_enter_active'====== Args={}
2025-11-15 21:23:07,969 : INFO : EventManager : Event: ======'machine_var_audits_switches_s_centriguge_enter'====== Args={'value': 27, 'prev_value': 26, 'change': 1}
2025-11-15 21:23:07,970 : INFO : EventManager : Event: ======'player_shot_sa2'====== Args={'value': 1, 'prev_value': 0, 'change': 1, 'player_num': 1}
2025-11-15 21:23:07,978 : INFO : EventManager : Event: ======'machine_var_audits_shots_sa2'====== Args={'value': 13, 'prev_value': 12, 'change': 1}
2025-11-15 21:23:07,978 : INFO : EventManager : Event: ======'sa2_hit'====== Args={'profile': 'arrow_shot_profile', 'state': 'lit', 'advancing': True}
2025-11-15 21:23:07,979 : INFO : EventManager : Event: ======'sa2_arrow_shot_profile_hit'====== Args={'profile': 'arrow_shot_profile', 'state': 'lit', 'advancing': True}
2025-11-15 21:23:07,979 : INFO : EventManager : Event: ======'sa2_arrow_shot_profile_lit_hit'====== Args={'profile': 'arrow_shot_profile', 'state': 'lit', 'advancing': True}
2025-11-15 21:23:07,979 : INFO : EventManager : Event: ======'sa2_lit_hit'====== Args={'profile': 'arrow_shot_profile', 'state': 'lit', 'advancing': True}
2025-11-15 21:23:07,979 : INFO : EventManager : Event: ======'arrow_shots_hit'====== Args={'shot': 'sa2'}
2025-11-15 21:23:07,979 : INFO : EventManager : Event: ======'arrow_shots_lit_hit'====== Args={'shot': 'sa2'}
2025-11-15 21:23:07,980 : INFO : EventManager : Event: ======'player_score'====== Args={'value': 500000, 'prev_value': 250000, 'change': 250000, 'player_num': 1, 'source': 'skull_wave1'}
2025-11-15 21:23:08,151 : INFO : SwitchController : <<<<<<< 's_centriguge_enter' inactive >>>>>>>
2025-11-15 21:23:10,401 : INFO : SwitchController : <<<<<<< 's_ramp' active >>>>>>>
2025-11-15 21:23:10,401 : INFO : EventManager : Event: ======'s_ramp_active'====== Args={}
2025-11-15 21:23:10,402 : INFO : EventManager : Event: ======'machine_var_audits_switches_s_ramp'====== Args={'value': 1362, 'prev_value': 1361, 'change': 1}
2025-11-15 21:23:10,403 : INFO : EventManager : Event: ======'player_shot_sa3'====== Args={'value': 1, 'prev_value': 0, 'change': 1, 'player_num': 1}
2025-11-15 21:23:10,411 : INFO : EventManager : Event: ======'machine_var_audits_shots_sa3'====== Args={'value': 13, 'prev_value': 12, 'change': 1}
2025-11-15 21:23:10,411 : INFO : EventManager : Event: ======'sa3_hit'====== Args={'profile': 'arrow_shot_profile', 'state': 'lit', 'advancing': True}
2025-11-15 21:23:10,411 : INFO : EventManager : Event: ======'sa3_arrow_shot_profile_hit'====== Args={'profile': 'arrow_shot_profile', 'state': 'lit', 'advancing': True}
2025-11-15 21:23:10,411 : INFO : EventManager : Event: ======'sa3_arrow_shot_profile_lit_hit'====== Args={'profile': 'arrow_shot_profile', 'state': 'lit', 'advancing': True}
2025-11-15 21:23:10,412 : INFO : EventManager : Event: ======'sa3_lit_hit'====== Args={'profile': 'arrow_shot_profile', 'state': 'lit', 'advancing': True}
2025-11-15 21:23:10,412 : INFO : EventManager : Event: ======'player_skull_ramp_nb'====== Args={'value': 1, 'prev_value': 0, 'change': 1, 'player_num': 1, 'source': 'skull'}
2025-11-15 21:23:10,412 : INFO : EventManager : Event: ======'arrow_shots_hit'====== Args={'shot': 'sa3'}
2025-11-15 21:23:10,412 : INFO : EventManager : Event: ======'arrow_shots_lit_hit'====== Args={'shot': 'sa3'}
2025-11-15 21:23:10,412 : INFO : EventManager : Event: ======'player_score'====== Args={'value': 750000, 'prev_value': 500000, 'change': 250000, 'player_num': 1, 'source': 'skull_wave1'}
2025-11-15 21:23:10,552 : INFO : SwitchController : <<<<<<< 's_ramp' inactive >>>>>>>
2025-11-15 21:23:11,519 : INFO : SwitchController : <<<<<<< 's_right_spinner' active >>>>>>>
2025-11-15 21:23:11,519 : INFO : EventManager : Event: ======'s_right_spinner_active'====== Args={}
2025-11-15 21:23:11,520 : INFO : EventManager : Event: ======'machine_var_audits_switches_s_right_spinner'====== Args={'value': 18, 'prev_value': 17, 'change': 1}
2025-11-15 21:23:11,520 : INFO : EventManager : Event: ======'player_shot_sa6'====== Args={'value': 1, 'prev_value': 0, 'change': 1, 'player_num': 1}
2025-11-15 21:23:11,521 : INFO : EventManager : Event: ======'machine_var_audits_shots_sa6'====== Args={'value': 15, 'prev_value': 14, 'change': 1}
2025-11-15 21:23:11,521 : INFO : EventManager : Event: ======'sa6_hit'====== Args={'profile': 'arrow_shot_profile', 'state': 'lit', 'advancing': True}
2025-11-15 21:23:11,521 : INFO : EventManager : Event: ======'sa6_arrow_shot_profile_hit'====== Args={'profile': 'arrow_shot_profile', 'state': 'lit', 'advancing': True}
2025-11-15 21:23:11,522 : INFO : EventManager : Event: ======'sa6_arrow_shot_profile_lit_hit'====== Args={'profile': 'arrow_shot_profile', 'state': 'lit', 'advancing': True}
2025-11-15 21:23:11,522 : INFO : EventManager : Event: ======'sa6_lit_hit'====== Args={'profile': 'arrow_shot_profile', 'state': 'lit', 'advancing': True}
2025-11-15 21:23:11,522 : INFO : EventManager : Event: ======'arrow_shots_hit'====== Args={'shot': 'sa6'}
2025-11-15 21:23:11,522 : INFO : EventManager : Event: ======'arrow_shots_lit_hit'====== Args={'shot': 'sa6'}
2025-11-15 21:23:11,522 : INFO : EventManager : Event: ======'player_score'====== Args={'value': 1000000, 'prev_value': 750000, 'change': 250000, 'player_num': 1, 'source': 'skull_wave1'}
2025-11-15 21:23:11,635 : INFO : SwitchController : <<<<<<< 's_right_spinner' inactive >>>>>>>
2025-11-15 21:23:12,802 : INFO : SwitchController : <<<<<<< 's_microscope_left' active >>>>>>>
2025-11-15 21:23:12,802 : INFO : EventManager : Event: ======'s_microscope_left_active'====== Args={}
2025-11-15 21:23:12,802 : INFO : EventManager : Event: ======'machine_var_audits_switches_s_microscope_left'====== Args={'value': 18, 'prev_value': 17, 'change': 1}
2025-11-15 21:23:12,803 : INFO : EventManager : Event: ======'player_shot_sa4'====== Args={'value': 1, 'prev_value': 0, 'change': 1, 'player_num': 1}
2025-11-15 21:23:12,804 : INFO : EventManager : Event: ======'machine_var_audits_shots_sa4'====== Args={'value': 13, 'prev_value': 12, 'change': 1}
2025-11-15 21:23:12,804 : INFO : EventManager : Event: ======'sa4_hit'====== Args={'profile': 'arrow_shot_profile', 'state': 'lit', 'advancing': True}
2025-11-15 21:23:12,804 : INFO : EventManager : Event: ======'sa4_arrow_shot_profile_hit'====== Args={'profile': 'arrow_shot_profile', 'state': 'lit', 'advancing': True}
2025-11-15 21:23:12,804 : INFO : EventManager : Event: ======'sa4_arrow_shot_profile_lit_hit'====== Args={'profile': 'arrow_shot_profile', 'state': 'lit', 'advancing': True}
2025-11-15 21:23:12,804 : INFO : EventManager : Event: ======'sa4_lit_hit'====== Args={'profile': 'arrow_shot_profile', 'state': 'lit', 'advancing': True}
2025-11-15 21:23:12,805 : INFO : EventManager : Event: ======'arrow_shots_hit'====== Args={'shot': 'sa4'}
2025-11-15 21:23:12,805 : INFO : EventManager : Event: ======'arrow_shots_lit_hit'====== Args={'shot': 'sa4'}
2025-11-15 21:23:12,805 : INFO : EventManager : Event: ======'player_score'====== Args={'value': 1250000, 'prev_value': 1000000, 'change': 250000, 'player_num': 1, 'source': 'skull_wave1'}
2025-11-15 21:23:12,917 : INFO : SwitchController : <<<<<<< 's_microscope_left' inactive >>>>>>>
2025-11-15 21:23:14,702 : INFO : SwitchController : <<<<<<< 's_microscope_right' active >>>>>>>
2025-11-15 21:23:14,702 : INFO : EventManager : Event: ======'s_microscope_right_active'====== Args={}
2025-11-15 21:23:14,702 : INFO : EventManager : Event: ======'machine_var_audits_switches_s_microscope_right'====== Args={'value': 17, 'prev_value': 16, 'change': 1}
2025-11-15 21:23:14,703 : INFO : EventManager : Event: ======'player_shot_sa5'====== Args={'value': 1, 'prev_value': 0, 'change': 1, 'player_num': 1}
2025-11-15 21:23:14,704 : INFO : EventManager : Event: ======'machine_var_audits_shots_sa5'====== Args={'value': 13, 'prev_value': 12, 'change': 1}
2025-11-15 21:23:14,712 : INFO : EventManager : Event: ======'sa5_hit'====== Args={'profile': 'arrow_shot_profile', 'state': 'lit', 'advancing': True}
2025-11-15 21:23:14,712 : INFO : EventManager : Event: ======'sa5_arrow_shot_profile_hit'====== Args={'profile': 'arrow_shot_profile', 'state': 'lit', 'advancing': True}
2025-11-15 21:23:14,712 : INFO : EventManager : Event: ======'sa5_arrow_shot_profile_lit_hit'====== Args={'profile': 'arrow_shot_profile', 'state': 'lit', 'advancing': True}
2025-11-15 21:23:14,713 : INFO : EventManager : Event: ======'sa5_lit_hit'====== Args={'profile': 'arrow_shot_profile', 'state': 'lit', 'advancing': True}
2025-11-15 21:23:14,713 : INFO : EventManager : Event: ======'arrow_shots_complete'====== Args={'state': 'unlit'}
2025-11-15 21:23:14,713 : INFO : EventManager : Event: ======'arrow_shots_unlit_complete'====== Args={}
2025-11-15 21:23:14,713 : INFO : EventManager : Event: ======'stop_mode_skull_wave1'====== Args={'priority': 0}
2025-11-15 21:23:14,713 : INFO : EventManager : Event: ======'mode_skull_wave1_will_stop'====== Args={}
2025-11-15 21:23:14,714 : INFO : EventManager : Event: ======'mode_skull_wave1_stopping'====== Args={}
2025-11-15 21:23:14,714 : INFO : EventManager : Event: ======'arrow_shots_hit'====== Args={'shot': 'sa5'}
2025-11-15 21:23:14,714 : INFO : EventManager : Event: ======'arrow_shots_lit_hit'====== Args={'shot': 'sa5'}
2025-11-15 21:23:14,714 : INFO : EventManager : Event: ======'player_score'====== Args={'value': 1500000, 'prev_value': 1250000, 'change': 250000, 'player_num': 1, 'source': 'skull_wave1'}
2025-11-15 21:23:14,714 : INFO : Mode.skull_wave1 : Stopped.
2025-11-15 21:23:14,714 : INFO : EventManager : Event: ======'modes_active_modes_changed'====== Args={}
2025-11-15 21:23:14,715 : INFO : EventManager : Event: ======'mode_skull_wave1_stopped'====== Args={}
2025-11-15 21:23:14,715 : INFO : EventManager : Event: ======'clear'====== Args={'key': 'skull_wave1'}
2025-11-15 21:23:14,715 : INFO : EventManager : Event: ======'go_position2'====== Args={'priority': 0}
2025-11-15 21:23:14,716 : INFO : EventManager : Event: ======'start_mode_skull_wave2'====== Args={'priority': 0}
2025-11-15 21:23:14,716 : INFO : motor.skull_motor : Moving motor to position pos2
2025-11-15 21:23:14,716 : INFO : EventManager : Event: ======'mode_skull_wave2_will_start'====== Args={'priority': 0}
2025-11-15 21:23:14,716 : INFO : EventManager : Event: ======'player_shot_sb1_enabled'====== Args={'value': True, 'prev_value': 0, 'change': 1, 'player_num': 1}
2025-11-15 21:23:14,717 : INFO : EventManager : Event: ======'player_shot_sb2_enabled'====== Args={'value': True, 'prev_value': 0, 'change': 1, 'player_num': 1}
2025-11-15 21:23:14,717 : INFO : EventManager : Event: ======'player_shot_sb3_enabled'====== Args={'value': True, 'prev_value': 0, 'change': 1, 'player_num': 1}
2025-11-15 21:23:14,718 : INFO : EventManager : Event: ======'player_shot_sb4_enabled'====== Args={'value': True, 'prev_value': 0, 'change': 1, 'player_num': 1}
2025-11-15 21:23:14,718 : INFO : EventManager : Event: ======'player_shot_sb5_enabled'====== Args={'value': True, 'prev_value': 0, 'change': 1, 'player_num': 1}
2025-11-15 21:23:14,719 : INFO : EventManager : Event: ======'player_shot_sb6_enabled'====== Args={'value': True, 'prev_value': 0, 'change': 1, 'player_num': 1}
2025-11-15 21:23:14,719 : INFO : EventManager : Event: ======'bullet_shots_complete'====== Args={'state': 'unlit'}
2025-11-15 21:23:14,719 : INFO : EventManager : Event: ======'bullet_shots_unlit_complete'====== Args={}
2025-11-15 21:23:14,720 : INFO : EventManager : Event: ======'mode_skull_wave2_starting'====== Args={'priority': 0}
2025-11-15 21:23:14,720 : INFO : Mode.skull_wave2 : Started. Priority: 200
2025-11-15 21:23:14,720 : INFO : EventManager : Event: ======'modes_active_modes_changed'====== Args={}
2025-11-15 21:23:14,721 : INFO : EventManager : Event: ======'mode_skull_wave2_started'====== Args={'priority': 0}
2025-11-15 21:23:14,721 : INFO : EventManager : Event: ======'player_shot_sa1'====== Args={'value': 0, 'prev_value': 1, 'change': -1, 'player_num': 1}
2025-11-15 21:23:14,721 : INFO : EventManager : Event: ======'player_shot_sa2'====== Args={'value': 0, 'prev_value': 1, 'change': -1, 'player_num': 1}
2025-11-15 21:23:14,721 : INFO : EventManager : Event: ======'player_shot_sa3'====== Args={'value': 0, 'prev_value': 1, 'change': -1, 'player_num': 1}
2025-11-15 21:23:14,721 : INFO : EventManager : Event: ======'player_shot_sa4'====== Args={'value': 0, 'prev_value': 1, 'change': -1, 'player_num': 1}
2025-11-15 21:23:14,722 : INFO : EventManager : Event: ======'player_shot_sa5'====== Args={'value': 0, 'prev_value': 1, 'change': -1, 'player_num': 1}
2025-11-15 21:23:14,722 : INFO : EventManager : Event: ======'player_shot_sa6'====== Args={'value': 0, 'prev_value': 1, 'change': -1, 'player_num': 1}
2025-11-15 21:23:14,722 : INFO : EventManager : Event: ======'arrow_shots_complete'====== Args={'state': 'lit'}
2025-11-15 21:23:14,722 : INFO : EventManager : Event: ======'arrow_shots_lit_complete'====== Args={}
2025-11-15 21:23:14,722 : INFO : EventManager : Event: ======'bullet_shots_complete'====== Args={'state': 'lit'}
2025-11-15 21:23:14,722 : INFO : EventManager : Event: ======'bullet_shots_lit_complete'====== Args={}
2025-11-15 21:23:14,867 : INFO : SwitchController : <<<<<<< 's_microscope_right' inactive >>>>>>>
2025-11-15 21:23:30,618 : INFO : SwitchController : <<<<<<< 's_bullet1' active >>>>>>>
2025-11-15 21:23:30,619 : INFO : EventManager : Event: ======'s_bullet1_active'====== Args={}
2025-11-15 21:23:30,619 : INFO : EventManager : Event: ======'machine_var_audits_switches_s_bullet1'====== Args={'value': 11, 'prev_value': 10, 'change': 1}
2025-11-15 21:23:30,620 : INFO : EventManager : Event: ======'player_shot_sb1'====== Args={'value': 1, 'prev_value': 0, 'change': 1, 'player_num': 1}
2025-11-15 21:23:30,627 : INFO : EventManager : Event: ======'machine_var_audits_shots_sb1'====== Args={'value': 8, 'prev_value': 7, 'change': 1}
2025-11-15 21:23:30,628 : INFO : EventManager : Event: ======'sb1_hit'====== Args={'profile': 'bullet_shot_profile', 'state': 'lit', 'advancing': True}
2025-11-15 21:23:30,628 : INFO : EventManager : Event: ======'sb1_bullet_shot_profile_hit'====== Args={'profile': 'bullet_shot_profile', 'state': 'lit', 'advancing': True}
2025-11-15 21:23:30,628 : INFO : EventManager : Event: ======'sb1_bullet_shot_profile_lit_hit'====== Args={'profile': 'bullet_shot_profile', 'state': 'lit', 'advancing': True}
2025-11-15 21:23:30,628 : INFO : EventManager : Event: ======'sb1_lit_hit'====== Args={'profile': 'bullet_shot_profile', 'state': 'lit', 'advancing': True}
2025-11-15 21:23:30,784 : INFO : SwitchController : <<<<<<< 's_bullet1' inactive >>>>>>>
2025-11-15 21:23:31,469 : INFO : SwitchController : <<<<<<< 's_scoop' active >>>>>>>
2025-11-15 21:23:31,469 : INFO : EventManager : Event: ======'s_scoop_active'====== Args={}
2025-11-15 21:23:31,469 : INFO : EventManager : Event: ======'machine_var_audits_switches_s_scoop'====== Args={'value': 460, 'prev_value': 459, 'change': 1}
2025-11-15 21:23:31,470 : INFO : EventManager : Event: ======'player_shot_sb6'====== Args={'value': 1, 'prev_value': 0, 'change': 1, 'player_num': 1}
2025-11-15 21:23:31,470 : INFO : EventManager : Event: ======'machine_var_audits_shots_sb6'====== Args={'value': 9, 'prev_value': 8, 'change': 1}
2025-11-15 21:23:31,471 : INFO : EventManager : Event: ======'sb6_hit'====== Args={'profile': 'bullet_shot_profile', 'state': 'lit', 'advancing': True}
2025-11-15 21:23:31,471 : INFO : EventManager : Event: ======'sb6_bullet_shot_profile_hit'====== Args={'profile': 'bullet_shot_profile', 'state': 'lit', 'advancing': True}
2025-11-15 21:23:31,471 : INFO : EventManager : Event: ======'sb6_bullet_shot_profile_lit_hit'====== Args={'profile': 'bullet_shot_profile', 'state': 'lit', 'advancing': True}
2025-11-15 21:23:31,471 : INFO : EventManager : Event: ======'sb6_lit_hit'====== Args={'profile': 'bullet_shot_profile', 'state': 'lit', 'advancing': True}
2025-11-15 21:23:31,618 : INFO : SwitchController : <<<<<<< 's_scoop' inactive >>>>>>>
2025-11-15 21:23:32,571 : INFO : SwitchController : <<<<<<< 's_bullet2' active >>>>>>>
2025-11-15 21:23:32,571 : INFO : EventManager : Event: ======'s_bullet2_active'====== Args={}
2025-11-15 21:23:32,572 : INFO : EventManager : Event: ======'machine_var_audits_switches_s_bullet2'====== Args={'value': 8, 'prev_value': 7, 'change': 1}
2025-11-15 21:23:32,572 : INFO : EventManager : Event: ======'player_shot_sb2'====== Args={'value': 1, 'prev_value': 0, 'change': 1, 'player_num': 1}
2025-11-15 21:23:32,573 : INFO : EventManager : Event: ======'machine_var_audits_shots_sb2'====== Args={'value': 6, 'prev_value': 5, 'change': 1}
2025-11-15 21:23:32,573 : INFO : EventManager : Event: ======'sb2_hit'====== Args={'profile': 'bullet_shot_profile', 'state': 'lit', 'advancing': True}
2025-11-15 21:23:32,573 : INFO : EventManager : Event: ======'sb2_bullet_shot_profile_hit'====== Args={'profile': 'bullet_shot_profile', 'state': 'lit', 'advancing': True}
2025-11-15 21:23:32,573 : INFO : EventManager : Event: ======'sb2_bullet_shot_profile_lit_hit'====== Args={'profile': 'bullet_shot_profile', 'state': 'lit', 'advancing': True}
2025-11-15 21:23:32,573 : INFO : EventManager : Event: ======'sb2_lit_hit'====== Args={'profile': 'bullet_shot_profile', 'state': 'lit', 'advancing': True}
2025-11-15 21:23:32,736 : INFO : SwitchController : <<<<<<< 's_bullet2' inactive >>>>>>>
2025-11-15 21:23:34,118 : INFO : SwitchController : <<<<<<< 's_bullet3' active >>>>>>>
2025-11-15 21:23:34,118 : INFO : EventManager : Event: ======'s_bullet3_active'====== Args={}
2025-11-15 21:23:34,119 : INFO : EventManager : Event: ======'machine_var_audits_switches_s_bullet3'====== Args={'value': 8, 'prev_value': 7, 'change': 1}
2025-11-15 21:23:34,119 : INFO : EventManager : Event: ======'player_shot_sb3'====== Args={'value': 1, 'prev_value': 0, 'change': 1, 'player_num': 1}
2025-11-15 21:23:34,128 : INFO : EventManager : Event: ======'machine_var_audits_shots_sb3'====== Args={'value': 7, 'prev_value': 6, 'change': 1}
2025-11-15 21:23:34,128 : INFO : EventManager : Event: ======'sb3_hit'====== Args={'profile': 'bullet_shot_profile', 'state': 'lit', 'advancing': True}
2025-11-15 21:23:34,128 : INFO : EventManager : Event: ======'sb3_bullet_shot_profile_hit'====== Args={'profile': 'bullet_shot_profile', 'state': 'lit', 'advancing': True}
2025-11-15 21:23:34,129 : INFO : EventManager : Event: ======'sb3_bullet_shot_profile_lit_hit'====== Args={'profile': 'bullet_shot_profile', 'state': 'lit', 'advancing': True}
2025-11-15 21:23:34,129 : INFO : EventManager : Event: ======'sb3_lit_hit'====== Args={'profile': 'bullet_shot_profile', 'state': 'lit', 'advancing': True}
2025-11-15 21:23:34,269 : INFO : SwitchController : <<<<<<< 's_bullet3' inactive >>>>>>>
2025-11-15 21:23:35,219 : INFO : SwitchController : <<<<<<< 's_bullet4' active >>>>>>>
2025-11-15 21:23:35,219 : INFO : EventManager : Event: ======'s_bullet4_active'====== Args={}
2025-11-15 21:23:35,219 : INFO : EventManager : Event: ======'machine_var_audits_switches_s_bullet4'====== Args={'value': 7, 'prev_value': 6, 'change': 1}
2025-11-15 21:23:35,220 : INFO : EventManager : Event: ======'player_shot_sb4'====== Args={'value': 1, 'prev_value': 0, 'change': 1, 'player_num': 1}
2025-11-15 21:23:35,221 : INFO : EventManager : Event: ======'machine_var_audits_shots_sb4'====== Args={'value': 7, 'prev_value': 6, 'change': 1}
2025-11-15 21:23:35,221 : INFO : EventManager : Event: ======'sb4_hit'====== Args={'profile': 'bullet_shot_profile', 'state': 'lit', 'advancing': True}
2025-11-15 21:23:35,221 : INFO : EventManager : Event: ======'sb4_bullet_shot_profile_hit'====== Args={'profile': 'bullet_shot_profile', 'state': 'lit', 'advancing': True}
2025-11-15 21:23:35,221 : INFO : EventManager : Event: ======'sb4_bullet_shot_profile_lit_hit'====== Args={'profile': 'bullet_shot_profile', 'state': 'lit', 'advancing': True}
2025-11-15 21:23:35,222 : INFO : EventManager : Event: ======'sb4_lit_hit'====== Args={'profile': 'bullet_shot_profile', 'state': 'lit', 'advancing': True}
2025-11-15 21:23:35,353 : INFO : SwitchController : <<<<<<< 's_bullet4' inactive >>>>>>>
2025-11-15 21:23:37,841 : INFO : SwitchController : <<<<<<< 's_bullet5' active >>>>>>>
2025-11-15 21:23:37,841 : INFO : EventManager : Event: ======'s_bullet5_active'====== Args={}
2025-11-15 21:23:37,841 : INFO : EventManager : Event: ======'machine_var_audits_switches_s_bullet5'====== Args={'value': 8, 'prev_value': 7, 'change': 1}
2025-11-15 21:23:37,842 : INFO : EventManager : Event: ======'player_shot_sb5'====== Args={'value': 1, 'prev_value': 0, 'change': 1, 'player_num': 1}
2025-11-15 21:23:37,849 : INFO : EventManager : Event: ======'machine_var_audits_shots_sb5'====== Args={'value': 7, 'prev_value': 6, 'change': 1}
2025-11-15 21:23:37,851 : INFO : EventManager : Event: ======'sb5_hit'====== Args={'profile': 'bullet_shot_profile', 'state': 'lit', 'advancing': True}
2025-11-15 21:23:37,852 : INFO : EventManager : Event: ======'sb5_bullet_shot_profile_hit'====== Args={'profile': 'bullet_shot_profile', 'state': 'lit', 'advancing': True}
2025-11-15 21:23:37,852 : INFO : EventManager : Event: ======'sb5_bullet_shot_profile_lit_hit'====== Args={'profile': 'bullet_shot_profile', 'state': 'lit', 'advancing': True}
2025-11-15 21:23:37,852 : INFO : EventManager : Event: ======'sb5_lit_hit'====== Args={'profile': 'bullet_shot_profile', 'state': 'lit', 'advancing': True}
2025-11-15 21:23:37,919 : INFO : SwitchController : <<<<<<< 's_bullet5' inactive >>>>>>>
2025-11-15 21:24:47,843 : INFO : Machine : Shutting down...
2025-11-15 21:24:47,843 : INFO : EventManager : Event: ======'shutdown'====== Args={}
2025-11-15 21:24:47,844 : INFO : EventManager : Event: ======'mode_game_will_stop'====== Args={}
2025-11-15 21:24:47,845 : INFO : EventManager : Event: ======'mode_game_stopping'====== Args={}
2025-11-15 21:24:47,845 : INFO : EventManager : Event: ======'mode_base_will_stop'====== Args={}
2025-11-15 21:24:47,845 : INFO : EventManager : Event: ======'mode_base_stopping'====== Args={}
2025-11-15 21:24:47,845 : INFO : EventManager : Event: ======'mode_skull_wave2_will_stop'====== Args={}
2025-11-15 21:24:47,845 : INFO : EventManager : Event: ======'mode_skull_wave2_stopping'====== Args={}
2025-11-15 21:24:47,845 : INFO : EventManager : Event: ======'mode_bumpers_will_stop'====== Args={}
2025-11-15 21:24:47,845 : INFO : EventManager : Event: ======'mode_bumpers_stopping'====== Args={}
2025-11-15 21:24:47,845 : INFO : EventManager : Event: ======'mode_csi_lanes_will_stop'====== Args={}
2025-11-15 21:24:47,845 : INFO : EventManager : Event: ======'mode_csi_lanes_stopping'====== Args={}
2025-11-15 21:24:47,845 : INFO : EventManager : Event: ======'mode_skull_will_stop'====== Args={}
2025-11-15 21:24:47,845 : INFO : EventManager : Event: ======'mode_skull_stopping'====== Args={}
2025-11-15 21:24:47,845 : INFO : EventManager : Event: ======'stop_mode_bumpers'====== Args={'priority': 0}
2025-11-15 21:24:47,845 : INFO : EventManager : Event: ======'stop_mode_csi_lanes'====== Args={'priority': 0}
2025-11-15 21:24:47,846 : INFO : EventManager : Event: ======'stop_mode_skull'====== Args={'priority': 0}
2025-11-15 21:24:47,846 : INFO : EventManager : Event: ======'stop_skull_motor'====== Args={'priority': 0}
2025-11-15 21:24:47,846 : INFO : motor.skull_motor : Moving motor to position home
2025-11-15 21:24:47,846 : INFO : Mode.skull : Stopped.
2025-11-15 21:24:47,846 : INFO : EventManager : Event: ======'modes_active_modes_changed'====== Args={}
2025-11-15 21:24:47,846 : INFO : EventManager : Event: ======'mode_skull_stopped'====== Args={}
2025-11-15 21:24:47,846 : INFO : EventManager : Event: ======'clear'====== Args={'key': 'skull'}
2025-11-15 21:24:47,846 : INFO : Timer.pause_timer : Stopping Timer
2025-11-15 21:24:47,846 : INFO : EventManager : Event: ======'timer_pause_timer_stopped'====== Args={'ticks': 1, 'ticks_remaining': 1}
2025-11-15 21:24:47,846 : INFO : Mode.csi_lanes : Stopped.
2025-11-15 21:24:47,846 : INFO : EventManager : Event: ======'modes_active_modes_changed'====== Args={}
2025-11-15 21:24:47,847 : INFO : EventManager : Event: ======'mode_csi_lanes_stopped'====== Args={}
2025-11-15 21:24:47,847 : INFO : EventManager : Event: ======'clear'====== Args={'key': 'csi_lanes'}
2025-11-15 21:24:47,847 : INFO : Timer.csi_lanes_timer : Stopping Timer
2025-11-15 21:24:47,847 : INFO : EventManager : Event: ======'timer_csi_lanes_timer_stopped'====== Args={'ticks': 1, 'ticks_remaining': 1}
2025-11-15 21:24:47,847 : INFO : Timer.csi_right_orbit_timer : Stopping Timer
2025-11-15 21:24:47,847 : INFO : EventManager : Event: ======'timer_csi_right_orbit_timer_stopped'====== Args={'ticks': 0, 'ticks_remaining': 0}
2025-11-15 21:24:47,847 : INFO : Mode.bumpers : Stopped.
2025-11-15 21:24:47,847 : INFO : EventManager : Event: ======'modes_active_modes_changed'====== Args={}
2025-11-15 21:24:47,847 : INFO : EventManager : Event: ======'mode_bumpers_stopped'====== Args={}
2025-11-15 21:24:47,847 : INFO : EventManager : Event: ======'clear'====== Args={'key': 'bumpers'}
2025-11-15 21:24:47,847 : INFO : Timer.bumper_timer : Stopping Timer
2025-11-15 21:24:47,847 : INFO : EventManager : Event: ======'timer_bumper_timer_stopped'====== Args={'ticks': 1, 'ticks_remaining': 1}
2025-11-15 21:24:47,848 : INFO : Mode.skull_wave2 : Stopped.
2025-11-15 21:24:47,848 : INFO : EventManager : Event: ======'modes_active_modes_changed'====== Args={}
2025-11-15 21:24:47,848 : INFO : EventManager : Event: ======'mode_skull_wave2_stopped'====== Args={}
2025-11-15 21:24:47,848 : INFO : EventManager : Event: ======'clear'====== Args={'key': 'skull_wave2'}
2025-11-15 21:24:47,849 : INFO : Mode.base : Stopped.
2025-11-15 21:24:47,849 : INFO : EventManager : Event: ======'modes_active_modes_changed'====== Args={}
2025-11-15 21:24:47,849 : INFO : EventManager : Event: ======'mode_base_stopped'====== Args={}
2025-11-15 21:24:47,849 : INFO : EventManager : Event: ======'clear'====== Args={'key': 'base'}
2025-11-15 21:24:47,849 : INFO : Timer.player_added_timer : Stopping Timer
2025-11-15 21:24:47,849 : INFO : EventManager : Event: ======'timer_player_added_timer_stopped'====== Args={'ticks': 1, 'ticks_remaining': 1}
2025-11-15 21:24:47,849 : INFO : Mode.game : Stopped.
2025-11-15 21:24:47,849 : INFO : EventManager : Event: ======'modes_active_modes_changed'====== Args={}
2025-11-15 21:24:47,849 : INFO : EventManager : Event: ======'mode_game_stopped'====== Args={}
2025-11-15 21:24:47,849 : INFO : EventManager : Event: ======'clear'====== Args={'key': 'game'}
2025-11-15 21:24:47,857 : INFO : root : MPF run loop ended.
