2025-11-09 18:49:28,733 : INFO : root : Loading config.
2025-11-09 18:49:28,735 : INFO : YamlMultifileConfigLoader : Machine config file #1: config.yaml
2025-11-09 18:49:28,735 : INFO : ConfigProcessor : Loading config from cache: /var/folders/m3/0d4y64_n3fn8tnkv3ydlhztw0000gn/T/5ca32a6c950d03116abbed96ca44d372.mpf_cache
2025-11-09 18:49:28,759 : INFO : ConfigProcessor : Loading config from cache: /var/folders/m3/0d4y64_n3fn8tnkv3ydlhztw0000gn/T/01c495fa7450a81b4be96cb699872531.mpf_cache
2025-11-09 18:49:28,759 : INFO : ConfigProcessor : Loading config from cache: /var/folders/m3/0d4y64_n3fn8tnkv3ydlhztw0000gn/T/bfde29b5bb803376b0637bb8f0da27a7.mpf_cache
2025-11-09 18:49:28,759 : INFO : ConfigProcessor : Loading config from cache: /var/folders/m3/0d4y64_n3fn8tnkv3ydlhztw0000gn/T/01c495fa7450a81b4be96cb699872531.mpf_cache
2025-11-09 18:49:28,759 : INFO : ConfigProcessor : Loading config from cache: /var/folders/m3/0d4y64_n3fn8tnkv3ydlhztw0000gn/T/3ae89e09515ff8d8b11d68f672b2cc51.mpf_cache
2025-11-09 18:49:28,760 : INFO : ConfigProcessor : Loading config from cache: /var/folders/m3/0d4y64_n3fn8tnkv3ydlhztw0000gn/T/4c420229fa75118c2461cfc9ff5a44e2.mpf_cache
2025-11-09 18:49:28,760 : INFO : ConfigProcessor : Loading config from cache: /var/folders/m3/0d4y64_n3fn8tnkv3ydlhztw0000gn/T/f5ee6852f1764324c8553249cc53c871.mpf_cache
2025-11-09 18:49:28,760 : INFO : ConfigProcessor : Loading config from cache: /var/folders/m3/0d4y64_n3fn8tnkv3ydlhztw0000gn/T/73ac54cb7a83dfa5473900e439743a84.mpf_cache
2025-11-09 18:49:28,760 : INFO : ConfigProcessor : Loading config from cache: /var/folders/m3/0d4y64_n3fn8tnkv3ydlhztw0000gn/T/97c87487bc6ae826da86d36a6e042c78.mpf_cache
2025-11-09 18:49:28,761 : INFO : Machine : Mission Pinball Framework Core Engine v0.80.0.dev10
2025-11-09 18:49:28,761 : INFO : Machine : Command line arguments: {'no_load_cache': False, 'create_config_cache': True, 'bcp': True, 'configfile': ['config.yaml'], 'force_assets_load': False, 'platform_integration_test': False, 'jsonlogging': False, 'logfile': 'logs/2025-11-09-18-49-28-mpf-mac.home.log', 'pause': False, 'production': False, 'text_ui': False, 'loglevel': 15, 'consoleloglevel': 20, 'force_platform': 'smart_virtual', 'syslog_address': None, 'full_logfile_path': '/Users/didiergilbin/Desktop/Homebrew_CSI/logs/2025-11-09-18-49-28-mpf-mac.home.log'}
2025-11-09 18:49:28,761 : INFO : Machine : MPF path: /Users/didiergilbin/mpfenv/lib/python3.13/site-packages/mpf
2025-11-09 18:49:28,761 : INFO : Machine : Machine path: /Users/didiergilbin/Desktop/Homebrew_CSI
2025-11-09 18:49:28,761 : INFO : Machine : Platform: darwin
2025-11-09 18:49:28,761 : INFO : Machine : Python executable location: /Users/didiergilbin/mpfenv/bin/python3.13
2025-11-09 18:49:28,761 : INFO : Machine : Python version: 3.13.7 (64-bit)
2025-11-09 18:49:28,761 : INFO : Machine : Initializing MPF...
2025-11-09 18:49:28,782 : INFO : EventManager : Event: ======'machine_var_credits_string'====== Args={'value': 'FREE PLAY', 'prev_value': None, 'change': True}
2025-11-09 18:49:28,788 : INFO : EventManager : Event: ======'machine_var_master_volume'====== Args={'value': 0.5, 'prev_value': None, 'change': True}
2025-11-09 18:49:28,788 : INFO : EventManager : Event: ======'machine_var_player1_score'====== Args={'value': 368000, 'prev_value': None, 'change': True}
2025-11-09 18:49:28,788 : INFO : EventManager : Event: ======'machine_var_player2_score'====== Args={'value': 24000, 'prev_value': None, 'change': True}
2025-11-09 18:49:28,788 : INFO : EventManager : Event: ======'machine_var_player3_score'====== Args={'value': 21000, 'prev_value': None, 'change': True}
2025-11-09 18:49:28,788 : INFO : EventManager : Event: ======'machine_var_player4_score'====== Args={'value': 0, 'prev_value': None, 'change': True}
2025-11-09 18:49:28,788 : INFO : EventManager : Event: ======'machine_var_mpf_version'====== Args={'value': 'Mission Pinball Framework v0.80.0.dev10', 'prev_value': None, 'change': True}
2025-11-09 18:49:28,788 : INFO : EventManager : Event: ======'machine_var_mpf_extended_version'====== Args={'value': 'Mission Pinball Framework v0.80.0.dev10, Config version:6, Show version: 6, BCP version:1.1', 'prev_value': None, 'change': True}
2025-11-09 18:49:28,788 : INFO : EventManager : Event: ======'machine_var_python_version'====== Args={'value': '3.13.7', 'prev_value': None, 'change': True}
2025-11-09 18:49:28,798 : INFO : EventManager : Event: ======'machine_var_platform'====== Args={'value': 'macOS-15.6.1-arm64-arm-64bit-Mach-O', 'prev_value': None, 'change': True}
2025-11-09 18:49:28,798 : INFO : EventManager : Event: ======'machine_var_platform_system'====== Args={'value': 'Darwin', 'prev_value': None, 'change': True}
2025-11-09 18:49:28,798 : INFO : EventManager : Event: ======'machine_var_platform_release'====== Args={'value': '24.6.0', 'prev_value': None, 'change': True}
2025-11-09 18:49:28,798 : INFO : EventManager : Event: ======'machine_var_platform_version'====== Args={'value': 'Darwin Kernel Version 24.6.0: Mon Jul 14 11:30:40 PDT 2025; root:xnu-11417.140.69~1/RELEASE_ARM64_T8132', 'prev_value': None, 'change': True}
2025-11-09 18:49:28,798 : INFO : EventManager : Event: ======'machine_var_platform_machine'====== Args={'value': 'arm64', 'prev_value': None, 'change': True}
2025-11-09 18:49:28,798 : INFO : EventManager : Event: ======'machine_var_log_file_path'====== Args={'value': '/Users/didiergilbin/Desktop/Homebrew_CSI/logs/2025-11-09-18-49-28-mpf-mac.home.log', 'prev_value': None, 'change': True}
2025-11-09 18:49:28,798 : INFO : EventManager : Event: ======'init_phase_1'====== Args={}
2025-11-09 18:49:28,805 : INFO : EventManager : Event: ======'init_phase_2'====== Args={}
2025-11-09 18:49:28,806 : INFO : SwitchController : Found active switch: ('2', <Platform.SmartVirtual>) <switch.s_trough1>
2025-11-09 18:49:28,806 : INFO : SwitchController : Found active switch: ('3', <Platform.SmartVirtual>) <switch.s_trough2>
2025-11-09 18:49:28,806 : INFO : SwitchController : Found active switch: ('4', <Platform.SmartVirtual>) <switch.s_trough3>
2025-11-09 18:49:28,806 : INFO : SwitchController : Found active switch: ('5', <Platform.SmartVirtual>) <switch.s_trough4>
2025-11-09 18:49:28,807 : INFO : EventManager : Event: ======'bcp_connection_attempt'====== Args={'name': 'local_display', 'host': 'localhost', 'port': 5050}
2025-11-09 18:49:28,807 : INFO : BCPClientSocket : Connecting BCP to 'local_display' at localhost:5050...
2025-11-09 18:49:28,810 : INFO : BCPClientSocket : Connected BCP to 'local_display' localhost:5050
2025-11-09 18:49:28,810 : INFO : EventManager : Event: ======'bcp_clients_connected'====== Args={}
2025-11-09 18:49:28,810 : INFO : ball_device.bd_drain : BCH: Initial count: 0
2025-11-09 18:49:28,810 : INFO : ball_device.bd_drain : State: idle
2025-11-09 18:49:28,810 : INFO : ball_device.bd_trough : BCH: Initial count: 4
2025-11-09 18:49:28,810 : INFO : ball_device.bd_trough : State: idle
2025-11-09 18:49:28,810 : INFO : ball_device.bd_plunger : BCH: Initial count: 0
2025-11-09 18:49:28,811 : INFO : ball_device.bd_plunger : State: idle
2025-11-09 18:49:28,815 : INFO : EventManager : Event: ======'init_phase_3'====== Args={}
2025-11-09 18:49:28,815 : INFO : EventManager : Event: ======'init_phase_4'====== Args={}
2025-11-09 18:49:28,815 : INFO : BallController : Initial balls found: 4
2025-11-09 18:49:28,816 : INFO : EventManager : Event: ======'machine_var_audits_events_game_ended'====== Args={'value': 54, 'prev_value': None, 'change': True}
2025-11-09 18:49:28,816 : INFO : EventManager : Event: ======'machine_var_audits_events_game_started'====== Args={'value': 447, 'prev_value': None, 'change': True}
2025-11-09 18:49:28,816 : INFO : EventManager : Event: ======'machine_var_audits_missing_switches_s_drain'====== Args={'value': 8, 'prev_value': None, 'change': True}
2025-11-09 18:49:28,816 : INFO : EventManager : Event: ======'machine_var_audits_missing_switches_s_launch_button'====== Args={'value': 94, 'prev_value': None, 'change': True}
2025-11-09 18:49:28,816 : INFO : EventManager : Event: ======'machine_var_audits_missing_switches_s_left_inlane1'====== Args={'value': 7, 'prev_value': None, 'change': True}
2025-11-09 18:49:28,816 : INFO : EventManager : Event: ======'machine_var_audits_missing_switches_s_left_inlane2'====== Args={'value': 7, 'prev_value': None, 'change': True}
2025-11-09 18:49:28,816 : INFO : EventManager : Event: ======'machine_var_audits_missing_switches_s_left_outlane'====== Args={'value': 62, 'prev_value': None, 'change': True}
2025-11-09 18:49:28,816 : INFO : EventManager : Event: ======'machine_var_audits_missing_switches_s_popbumper1'====== Args={'value': 8, 'prev_value': None, 'change': True}
2025-11-09 18:49:28,816 : INFO : EventManager : Event: ======'machine_var_audits_missing_switches_s_popbumper2'====== Args={'value': 8, 'prev_value': None, 'change': True}
2025-11-09 18:49:28,816 : INFO : EventManager : Event: ======'machine_var_audits_missing_switches_s_popbumper3'====== Args={'value': 8, 'prev_value': None, 'change': True}
2025-11-09 18:49:28,816 : INFO : EventManager : Event: ======'machine_var_audits_missing_switches_s_right_inlane'====== Args={'value': 7, 'prev_value': None, 'change': True}
2025-11-09 18:49:28,816 : INFO : EventManager : Event: ======'machine_var_audits_missing_switches_s_right_orbit'====== Args={'value': 7, 'prev_value': None, 'change': True}
2025-11-09 18:49:28,816 : INFO : EventManager : Event: ======'machine_var_audits_missing_switches_s_right_outlane'====== Args={'value': 62, 'prev_value': None, 'change': True}
2025-11-09 18:49:28,816 : INFO : EventManager : Event: ======'machine_var_audits_missing_switches_s_scoop'====== Args={'value': 7, 'prev_value': None, 'change': True}
2025-11-09 18:49:28,816 : INFO : EventManager : Event: ======'machine_var_audits_missing_switches_s_sling_left'====== Args={'value': 447, 'prev_value': None, 'change': True}
2025-11-09 18:49:28,816 : INFO : EventManager : Event: ======'machine_var_audits_missing_switches_s_sling_right'====== Args={'value': 447, 'prev_value': None, 'change': True}
2025-11-09 18:49:28,816 : INFO : EventManager : Event: ======'machine_var_audits_missing_switches_s_start'====== Args={'value': 8, 'prev_value': None, 'change': True}
2025-11-09 18:49:28,816 : INFO : EventManager : Event: ======'machine_var_audits_missing_switches_s_trough1'====== Args={'value': 8, 'prev_value': None, 'change': True}
2025-11-09 18:49:28,816 : INFO : EventManager : Event: ======'machine_var_audits_missing_switches_s_trough2'====== Args={'value': 8, 'prev_value': None, 'change': True}
2025-11-09 18:49:28,816 : INFO : EventManager : Event: ======'machine_var_audits_missing_switches_s_trough3'====== Args={'value': 225, 'prev_value': None, 'change': True}
2025-11-09 18:49:28,816 : INFO : EventManager : Event: ======'machine_var_audits_missing_switches_s_trough4'====== Args={'value': 225, 'prev_value': None, 'change': True}
2025-11-09 18:49:28,816 : INFO : EventManager : Event: ======'machine_var_audits_missing_switches_s_trough_jam'====== Args={'value': 161, 'prev_value': None, 'change': True}
2025-11-09 18:49:28,816 : INFO : EventManager : Event: ======'machine_var_audits_player_score'====== Args={'value': {'average': 215167, 'top': [10210000, 1550000, 1070000, 1070000, 810000, 710000, 640000, 570000, 530000, 480000], 'total': 118}, 'prev_value': None, 'change': True}
2025-11-09 18:49:28,816 : INFO : EventManager : Event: ======'machine_var_audits_shots_bumper1'====== Args={'value': 3803, 'prev_value': None, 'change': True}
2025-11-09 18:49:28,816 : INFO : EventManager : Event: ======'machine_var_audits_shots_bumper2'====== Args={'value': 3746, 'prev_value': None, 'change': True}
2025-11-09 18:49:28,816 : INFO : EventManager : Event: ======'machine_var_audits_shots_bumper3'====== Args={'value': 3632, 'prev_value': None, 'change': True}
2025-11-09 18:49:28,816 : INFO : EventManager : Event: ======'machine_var_audits_shots_c_shot'====== Args={'value': 161, 'prev_value': None, 'change': True}
2025-11-09 18:49:28,816 : INFO : EventManager : Event: ======'machine_var_audits_shots_csi_shot'====== Args={'value': 9, 'prev_value': None, 'change': True}
2025-11-09 18:49:28,816 : INFO : EventManager : Event: ======'machine_var_audits_shots_i_shot'====== Args={'value': 134, 'prev_value': None, 'change': True}
2025-11-09 18:49:28,816 : INFO : EventManager : Event: ======'machine_var_audits_shots_s_shot'====== Args={'value': 151, 'prev_value': None, 'change': True}
2025-11-09 18:49:28,816 : INFO : EventManager : Event: ======'machine_var_audits_shots_switch_shot'====== Args={'value': 245, 'prev_value': None, 'change': True}
2025-11-09 18:49:28,816 : INFO : EventManager : Event: ======'machine_var_audits_switches_s_drain'====== Args={'value': 540, 'prev_value': None, 'change': True}
2025-11-09 18:49:28,816 : INFO : EventManager : Event: ======'machine_var_audits_switches_s_launch_button'====== Args={'value': 1, 'prev_value': None, 'change': True}
2025-11-09 18:49:28,816 : INFO : EventManager : Event: ======'machine_var_audits_switches_s_left_flipper'====== Args={'value': 381, 'prev_value': None, 'change': True}
2025-11-09 18:49:28,816 : INFO : EventManager : Event: ======'machine_var_audits_switches_s_left_inlane1'====== Args={'value': 171, 'prev_value': None, 'change': True}
2025-11-09 18:49:28,816 : INFO : EventManager : Event: ======'machine_var_audits_switches_s_left_inlane2'====== Args={'value': 158, 'prev_value': None, 'change': True}
2025-11-09 18:49:28,816 : INFO : EventManager : Event: ======'machine_var_audits_switches_s_left_outlane'====== Args={'value': 1, 'prev_value': None, 'change': True}
2025-11-09 18:49:28,816 : INFO : EventManager : Event: ======'machine_var_audits_switches_s_plunger_lane'====== Args={'value': 827, 'prev_value': None, 'change': True}
2025-11-09 18:49:28,816 : INFO : EventManager : Event: ======'machine_var_audits_switches_s_popbumper1'====== Args={'value': 3847, 'prev_value': None, 'change': True}
2025-11-09 18:49:28,816 : INFO : EventManager : Event: ======'machine_var_audits_switches_s_popbumper2'====== Args={'value': 3787, 'prev_value': None, 'change': True}
2025-11-09 18:49:28,816 : INFO : EventManager : Event: ======'machine_var_audits_switches_s_popbumper3'====== Args={'value': 3674, 'prev_value': None, 'change': True}
2025-11-09 18:49:28,816 : INFO : EventManager : Event: ======'machine_var_audits_switches_s_ramp'====== Args={'value': 317, 'prev_value': None, 'change': True}
2025-11-09 18:49:28,816 : INFO : EventManager : Event: ======'machine_var_audits_switches_s_right_flipper'====== Args={'value': 657, 'prev_value': None, 'change': True}
2025-11-09 18:49:28,816 : INFO : EventManager : Event: ======'machine_var_audits_switches_s_right_inlane'====== Args={'value': 140, 'prev_value': None, 'change': True}
2025-11-09 18:49:28,816 : INFO : EventManager : Event: ======'machine_var_audits_switches_s_right_orbit'====== Args={'value': 46, 'prev_value': None, 'change': True}
2025-11-09 18:49:28,816 : INFO : EventManager : Event: ======'machine_var_audits_switches_s_right_outlane'====== Args={'value': 5, 'prev_value': None, 'change': True}
2025-11-09 18:49:28,816 : INFO : EventManager : Event: ======'machine_var_audits_switches_s_scoop'====== Args={'value': 427, 'prev_value': None, 'change': True}
2025-11-09 18:49:28,816 : INFO : EventManager : Event: ======'machine_var_audits_switches_s_skull_lock1'====== Args={'value': 11, 'prev_value': None, 'change': True}
2025-11-09 18:49:28,816 : INFO : EventManager : Event: ======'machine_var_audits_switches_s_skull_lock2'====== Args={'value': 11, 'prev_value': None, 'change': True}
2025-11-09 18:49:28,816 : INFO : EventManager : Event: ======'machine_var_audits_switches_s_sling_left'====== Args={'value': 0, 'prev_value': None, 'change': True}
2025-11-09 18:49:28,816 : INFO : EventManager : Event: ======'machine_var_audits_switches_s_sling_right'====== Args={'value': 0, 'prev_value': None, 'change': True}
2025-11-09 18:49:28,816 : INFO : EventManager : Event: ======'machine_var_audits_switches_s_start'====== Args={'value': 657, 'prev_value': None, 'change': True}
2025-11-09 18:49:28,816 : INFO : EventManager : Event: ======'machine_var_audits_switches_s_trough1'====== Args={'value': 381, 'prev_value': None, 'change': True}
2025-11-09 18:49:28,816 : INFO : EventManager : Event: ======'machine_var_audits_switches_s_trough2'====== Args={'value': 18, 'prev_value': None, 'change': True}
2025-11-09 18:49:28,816 : INFO : EventManager : Event: ======'machine_var_audits_switches_s_trough3'====== Args={'value': 1, 'prev_value': None, 'change': True}
2025-11-09 18:49:28,816 : INFO : EventManager : Event: ======'machine_var_audits_switches_s_trough4'====== Args={'value': 1, 'prev_value': None, 'change': True}
2025-11-09 18:49:28,816 : INFO : EventManager : Event: ======'machine_var_audits_switches_s_trough_jam'====== Args={'value': 8, 'prev_value': None, 'change': True}
2025-11-09 18:49:28,816 : INFO : EventManager : Event: ======'init_phase_5'====== Args={}
2025-11-09 18:49:28,817 : INFO : EventManager : Event: ======'init_done'====== Args={}
2025-11-09 18:49:28,817 : INFO : EventManager : Event: ======'machine_reset_phase_1'====== Args={}
2025-11-09 18:49:28,851 : INFO : EventManager : Event: ======'machine_reset_phase_2'====== Args={}
2025-11-09 18:49:28,852 : INFO : EventManager : Event: ======'machine_reset_phase_3'====== Args={}
2025-11-09 18:49:28,853 : INFO : EventManager : Event: ======'reset_complete'====== Args={}
2025-11-09 18:49:28,853 : INFO : EventManager : Event: ======'mode_attract_will_start'====== Args={}
2025-11-09 18:49:28,853 : INFO : Timer.attract_carousel_timer : Starting Timer.
2025-11-09 18:49:28,853 : INFO : EventManager : Event: ======'timer_attract_carousel_timer_started'====== Args={'ticks': 0, 'ticks_remaining': 1}
2025-11-09 18:49:28,853 : INFO : EventManager : Event: ======'timer_attract_carousel_timer_tick'====== Args={'ticks': 0, 'ticks_remaining': 1}
2025-11-09 18:49:28,853 : INFO : EventManager : Event: ======'mode_attract_starting'====== Args={}
2025-11-09 18:49:28,853 : INFO : Mode.attract : Started. Priority: 10
2025-11-09 18:49:28,853 : INFO : EventManager : Event: ======'modes_active_modes_changed'====== Args={}
2025-11-09 18:49:28,853 : INFO : EventManager : Event: ======'mode_attract_started'====== Args={}
2025-11-09 18:49:28,853 : INFO : EventManager : Event: ======'collecting_balls_complete'====== Args={}
2025-11-09 18:49:28,853 : INFO : EventManager : Event: ======'carousel_item_highlighted'====== Args={'carousel': 'attract', 'direction': None, 'item': 'title'}
2025-11-09 18:49:28,854 : INFO : Machine : Starting the main run loop with active modes: [<Mode.attract>]
2025-11-09 18:49:29,242 : INFO : EventManager : Event: ======'slide_attract_created'====== Args={'_from_bcp': True}
2025-11-09 18:49:29,242 : INFO : EventManager : Event: ======'slide__removed'====== Args={'_from_bcp': True}
2025-11-09 18:49:29,242 : INFO : EventManager : Event: ======'slide_attract_active'====== Args={'original_context': 'attract', 'original_calling_context': 'mode_attract_started', 'priority': 10.0, 'cmd': 'slides_play', '_from_bcp': True}
2025-11-09 18:49:29,503 : INFO : BcpServer : New client connected.
2025-11-09 18:49:32,714 : INFO : SwitchController : <<<<<<< 's_start' active >>>>>>>
2025-11-09 18:49:32,798 : INFO : SwitchController : <<<<<<< 's_start' inactive >>>>>>>
2025-11-09 18:49:32,798 : INFO : EventManager : Event: ======'request_to_start_game'====== Args={}
2025-11-09 18:49:32,799 : INFO : EventManager : Event: ======'game_start'====== Args={'buttons': [], 'hold_time': 0.08319529192522168}
2025-11-09 18:49:32,800 : INFO : EventManager : Event: ======'mode_game_will_start'====== Args={'buttons': [], 'hold_time': 0.08319529192522168}
2025-11-09 18:49:32,801 : INFO : EventManager : Event: ======'mode_game_starting'====== Args={'buttons': [], 'hold_time': 0.08319529192522168}
2025-11-09 18:49:32,801 : INFO : EventManager : Event: ======'mode_attract_will_stop'====== Args={}
2025-11-09 18:49:32,802 : INFO : EventManager : Event: ======'mode_attract_stopping'====== Args={}
2025-11-09 18:49:32,802 : INFO : Mode.attract : Stopped.
2025-11-09 18:49:32,802 : INFO : EventManager : Event: ======'modes_active_modes_changed'====== Args={}
2025-11-09 18:49:32,803 : INFO : EventManager : Event: ======'mode_attract_stopped'====== Args={}
2025-11-09 18:49:32,803 : INFO : EventManager : Event: ======'clear'====== Args={'key': 'attract'}
2025-11-09 18:49:32,804 : INFO : Timer.attract_carousel_timer : Stopping Timer
2025-11-09 18:49:32,804 : INFO : EventManager : Event: ======'timer_attract_carousel_timer_stopped'====== Args={'ticks': 0, 'ticks_remaining': 1}
2025-11-09 18:49:32,804 : INFO : Mode.game : Started. Priority: 20
2025-11-09 18:49:32,804 : INFO : EventManager : Event: ======'modes_active_modes_changed'====== Args={}
2025-11-09 18:49:32,804 : INFO : EventManager : Event: ======'mode_game_started'====== Args={'buttons': [], 'hold_time': 0.08319529192522168}
2025-11-09 18:49:32,805 : INFO : EventManager : Event: ======'game_will_start'====== Args={}
2025-11-09 18:49:32,806 : INFO : EventManager : Event: ======'game_starting'====== Args={'game': <Mode.game>}
2025-11-09 18:49:32,807 : INFO : EventManager : Unordered handler for class <Auditor> on event game_ended with priority 1. Handlers: [RegisteredHandler(callback=<bound method Auditor.disable of <Auditor>>, priority=1, kwargs={}, key=UUID('42b62c1d-ab84-4329-b797-e4ef98ed0bcb'), condition=None, blocking_facility=None), RegisteredHandler(callback=<bound method Auditor._save_audits of <Auditor>>, priority=1, kwargs={}, key=UUID('f0e3a873-c15f-4c0d-b2f7-71f5c6e99f19'), condition=None, blocking_facility=None)]. The order of those handlers is not defined and they will be executed in random order. This might lead to race conditions and potential bugs.
2025-11-09 18:49:32,807 : INFO : EventManager : Event: ======'player_add_request'====== Args={}
2025-11-09 18:49:32,807 : INFO : EventManager : Event: ======'player_will_add'====== Args={'number': 1}
2025-11-09 18:49:32,808 : INFO : EventManager : Event: ======'player_adding'====== Args={'player': <Player 1>, 'number': 1}
2025-11-09 18:49:32,808 : INFO : EventManager : Event: ======'player_added'====== Args={'player': <Player 1>, 'num': 1}
2025-11-09 18:49:32,808 : INFO : Mode.game : Player added successfully. Total players: 1
2025-11-09 18:49:32,808 : INFO : EventManager : Event: ======'player_index'====== Args={'value': 0, 'prev_value': 0, 'change': 0, 'player_num': 1}
2025-11-09 18:49:32,809 : INFO : EventManager : Event: ======'player_number'====== Args={'value': 1, 'prev_value': 1, 'change': 0, 'player_num': 1}
2025-11-09 18:49:32,809 : INFO : EventManager : Event: ======'player_bonus_multiplier'====== Args={'value': 1, 'prev_value': 1, 'change': 0, 'player_num': 1}
2025-11-09 18:49:32,809 : INFO : EventManager : Event: ======'player_skull_ramp_nb'====== Args={'value': 0, 'prev_value': 0, 'change': 0, 'player_num': 1}
2025-11-09 18:49:32,810 : INFO : EventManager : Event: ======'player_score'====== Args={'value': 0, 'prev_value': 0, 'change': 0, 'player_num': 1}
2025-11-09 18:49:32,810 : INFO : EventManager : Event: ======'game_started'====== Args={}
2025-11-09 18:49:32,810 : INFO : EventManager : Event: ======'player_turn_will_start'====== Args={'player': <Player 1>, 'number': 1}
2025-11-09 18:49:32,811 : INFO : EventManager : Event: ======'player_turn_starting'====== Args={'player': <Player 1>, 'number': 1}
2025-11-09 18:49:32,819 : INFO : EventManager : Event: ======'player_ball'====== Args={'value': 1, 'prev_value': 0, 'change': 1, 'player_num': 1}
2025-11-09 18:49:32,819 : INFO : EventManager : Event: ======'player_turn_started'====== Args={'player': <Player 1>, 'number': 1}
2025-11-09 18:49:32,820 : INFO : EventManager : Event: ======'ball_will_start'====== Args={'player': 1, 'ball': 1, 'balls_remaining': 2, 'is_extra_ball': False}
2025-11-09 18:49:32,820 : INFO : EventManager : Event: ======'ball_starting'====== Args={'player': 1, 'ball': 1, 'balls_remaining': 2, 'is_extra_ball': False}
2025-11-09 18:49:32,821 : INFO : EventManager : Event: ======'mode_base_will_start'====== Args={'queue': <QueuedEvent>, 'player': 1, 'ball': 1, 'balls_remaining': 2, 'is_extra_ball': False}
2025-11-09 18:49:32,821 : INFO : EventManager : Event: ======'player_base_player_added_timer_tick'====== Args={'value': 0, 'prev_value': 0, 'change': 0, 'player_num': 1}
2025-11-09 18:49:32,821 : INFO : Timer.player_added_timer : Starting Timer.
2025-11-09 18:49:32,822 : INFO : EventManager : Event: ======'timer_player_added_timer_started'====== Args={'ticks': 0, 'ticks_remaining': 1}
2025-11-09 18:49:32,822 : INFO : EventManager : Event: ======'timer_player_added_timer_tick'====== Args={'ticks': 0, 'ticks_remaining': 1}
2025-11-09 18:49:32,823 : INFO : EventManager : Event: ======'mode_base_starting'====== Args={'queue': <QueuedEvent>, 'player': 1, 'ball': 1, 'balls_remaining': 2, 'is_extra_ball': False}
2025-11-09 18:49:32,823 : INFO : Mode.base : Started. Priority: 100
2025-11-09 18:49:32,823 : INFO : EventManager : Event: ======'modes_active_modes_changed'====== Args={}
2025-11-09 18:49:32,823 : INFO : EventManager : Event: ======'mode_base_started'====== Args={'queue': <QueuedEvent>, 'player': 1, 'ball': 1, 'balls_remaining': 2, 'is_extra_ball': False}
2025-11-09 18:49:32,824 : INFO : EventManager : Event: ======'start_mode_bumpers'====== Args={'priority': 0}
2025-11-09 18:49:32,824 : INFO : EventManager : Event: ======'start_mode_csi_lanes'====== Args={'priority': 0}
2025-11-09 18:49:32,824 : INFO : EventManager : Event: ======'start_mode_skull'====== Args={'priority': 0}
2025-11-09 18:49:32,825 : INFO : EventManager : Event: ======'mode_bumpers_will_start'====== Args={'priority': 0}
2025-11-09 18:49:32,825 : INFO : EventManager : Event: ======'player_shot_bumper1_enabled'====== Args={'value': True, 'prev_value': 0, 'change': 1, 'player_num': 1}
2025-11-09 18:49:32,826 : INFO : EventManager : Event: ======'player_shot_bumper2_enabled'====== Args={'value': True, 'prev_value': 0, 'change': 1, 'player_num': 1}
2025-11-09 18:49:32,826 : INFO : EventManager : Event: ======'player_shot_bumper3_enabled'====== Args={'value': True, 'prev_value': 0, 'change': 1, 'player_num': 1}
2025-11-09 18:49:32,827 : INFO : EventManager : Event: ======'bumpers_complete'====== Args={'state': 'unlit'}
2025-11-09 18:49:32,827 : INFO : EventManager : Event: ======'bumpers_unlit_complete'====== Args={}
2025-11-09 18:49:32,827 : INFO : EventManager : Event: ======'player_bumpers_bumper_timer_tick'====== Args={'value': 0, 'prev_value': 0, 'change': 0, 'player_num': 1}
2025-11-09 18:49:32,828 : INFO : Timer.bumper_timer : Starting Timer.
2025-11-09 18:49:32,828 : INFO : EventManager : Event: ======'timer_bumper_timer_started'====== Args={'ticks': 0, 'ticks_remaining': 1}
2025-11-09 18:49:32,828 : INFO : EventManager : Event: ======'timer_bumper_timer_tick'====== Args={'ticks': 0, 'ticks_remaining': 1}
2025-11-09 18:49:32,828 : INFO : EventManager : Event: ======'mode_bumpers_starting'====== Args={'priority': 0}
2025-11-09 18:49:32,829 : INFO : EventManager : Event: ======'mode_csi_lanes_will_start'====== Args={'priority': 0}
2025-11-09 18:49:32,829 : INFO : EventManager : Event: ======'player_shot_c_shot_enabled'====== Args={'value': True, 'prev_value': 0, 'change': 1, 'player_num': 1}
2025-11-09 18:49:32,829 : INFO : EventManager : Event: ======'player_shot_s_shot_enabled'====== Args={'value': True, 'prev_value': 0, 'change': 1, 'player_num': 1}
2025-11-09 18:49:32,830 : INFO : EventManager : Event: ======'player_shot_i_shot_enabled'====== Args={'value': True, 'prev_value': 0, 'change': 1, 'player_num': 1}
2025-11-09 18:49:32,830 : INFO : EventManager : Event: ======'csi_shots_complete'====== Args={'state': 'unlit'}
2025-11-09 18:49:32,830 : INFO : EventManager : Event: ======'csi_shots_unlit_complete'====== Args={}
2025-11-09 18:49:32,831 : INFO : EventManager : Event: ======'player_csi_lanes_csi_lanes_timer_tick'====== Args={'value': 0, 'prev_value': 0, 'change': 0, 'player_num': 1}
2025-11-09 18:49:32,832 : INFO : Timer.csi_lanes_timer : Starting Timer.
2025-11-09 18:49:32,832 : INFO : EventManager : Event: ======'timer_csi_lanes_timer_started'====== Args={'ticks': 0, 'ticks_remaining': 1}
2025-11-09 18:49:32,832 : INFO : EventManager : Event: ======'timer_csi_lanes_timer_tick'====== Args={'ticks': 0, 'ticks_remaining': 1}
2025-11-09 18:49:32,832 : INFO : EventManager : Event: ======'player_csi_lanes_csi_right_orbit_timer_tick'====== Args={'value': 0, 'prev_value': 0, 'change': 0, 'player_num': 1}
2025-11-09 18:49:32,833 : INFO : EventManager : Event: ======'mode_csi_lanes_starting'====== Args={'priority': 0}
2025-11-09 18:49:32,833 : INFO : EventManager : Event: ======'mode_skull_will_start'====== Args={'priority': 0}
2025-11-09 18:49:32,834 : INFO : EventManager : Event: ======'player_skull_pause_timer_tick'====== Args={'value': 0, 'prev_value': 0, 'change': 0, 'player_num': 1}
2025-11-09 18:49:32,834 : INFO : Timer.pause_timer : Starting Timer.
2025-11-09 18:49:32,834 : INFO : EventManager : Event: ======'timer_pause_timer_started'====== Args={'ticks': 0, 'ticks_remaining': 1}
2025-11-09 18:49:32,834 : INFO : EventManager : Event: ======'timer_pause_timer_tick'====== Args={'ticks': 0, 'ticks_remaining': 1}
2025-11-09 18:49:32,835 : INFO : EventManager : Event: ======'mode_skull_starting'====== Args={'priority': 0}
2025-11-09 18:49:32,835 : INFO : Mode.bumpers : Started. Priority: 200
2025-11-09 18:49:32,835 : INFO : EventManager : Event: ======'modes_active_modes_changed'====== Args={}
2025-11-09 18:49:32,835 : INFO : EventManager : Event: ======'mode_bumpers_started'====== Args={'priority': 0}
2025-11-09 18:49:32,835 : INFO : EventManager : Event: ======'balls_in_play'====== Args={'balls': 1}
2025-11-09 18:49:32,835 : INFO : EventManager : Event: ======'ball_started'====== Args={'player': 1, 'ball': 1, 'balls_remaining': 2, 'is_extra_ball': False}
2025-11-09 18:49:32,836 : INFO : EventManager : Event: ======'logicblock_csi_lanes_then_scoop_updated'====== Args={'value': 0, 'enabled': True}
2025-11-09 18:49:32,836 : INFO : EventManager : Event: ======'logicblock_csi_lanes_then_scoop_then_right_orbit_updated'====== Args={'value': 0, 'enabled': True}
2025-11-09 18:49:32,836 : INFO : EventManager : Event: ======'logicblock_csi_lanes_then_scoop_updated'====== Args={'value': 0, 'enabled': True}
2025-11-09 18:49:32,836 : INFO : EventManager : Event: ======'logicblock_csi_lanes_then_scoop_then_right_orbit_updated'====== Args={'value': 0, 'enabled': True}
2025-11-09 18:49:32,836 : INFO : Mode.csi_lanes : Started. Priority: 200
2025-11-09 18:49:32,836 : INFO : EventManager : Event: ======'modes_active_modes_changed'====== Args={}
2025-11-09 18:49:32,836 : INFO : EventManager : Event: ======'mode_csi_lanes_started'====== Args={'priority': 0}
2025-11-09 18:49:32,837 : INFO : EventManager : Event: ======'player_multiplier'====== Args={'value': 1, 'prev_value': 0, 'change': 1, 'player_num': 1, 'source': 'csi_lanes'}
2025-11-09 18:49:32,837 : INFO : EventManager : Event: ======'logicblock_seq_lock1_updated'====== Args={'value': 0, 'enabled': True}
2025-11-09 18:49:32,837 : INFO : EventManager : Event: ======'logicblock_seq_lock2_updated'====== Args={'value': 0, 'enabled': True}
2025-11-09 18:49:32,837 : INFO : EventManager : Event: ======'logicblock_seq_ready_for_MB_updated'====== Args={'value': 0, 'enabled': True}
2025-11-09 18:49:32,837 : INFO : EventManager : Event: ======'logicblock_seq_lock1_updated'====== Args={'value': 0, 'enabled': True}
2025-11-09 18:49:32,837 : INFO : EventManager : Event: ======'logicblock_seq_lock2_updated'====== Args={'value': 0, 'enabled': True}
2025-11-09 18:49:32,837 : INFO : EventManager : Event: ======'logicblock_seq_ready_for_MB_updated'====== Args={'value': 0, 'enabled': True}
2025-11-09 18:49:32,837 : INFO : Mode.skull : Started. Priority: 200
2025-11-09 18:49:32,837 : INFO : EventManager : Event: ======'modes_active_modes_changed'====== Args={}
2025-11-09 18:49:32,837 : INFO : EventManager : Event: ======'mode_skull_started'====== Args={'priority': 0}
2025-11-09 18:49:32,838 : INFO : EventManager : Event: ======'single_player_ball_started'====== Args={}
2025-11-09 18:49:32,838 : INFO : EventManager : Event: ======'ball_start_target'====== Args={'target': 'playfield'}
2025-11-09 18:49:32,838 : INFO : ball_device.bd_trough : Setting up player-controlled eject. Balls: 1, Target: <playfield.playfield>, player_controlled_eject_event: None
2025-11-09 18:49:32,838 : INFO : ball_device.bd_trough : Adding 1 ball(s) to the eject_queue with target <playfield.playfield>.
2025-11-09 18:49:32,838 : INFO : EventManager : Event: ======'balldevice_balls_available'====== Args={}
2025-11-09 18:49:32,839 : INFO : ball_device.bd_trough : State: waiting_for_target_ready
2025-11-09 18:49:32,839 : INFO : EventManager : Event: ======'balldevice_bd_trough_ball_eject_attempt'====== Args={'balls': 1, 'target': <ball_device.bd_plunger>, 'source': <ball_device.bd_trough>, 'mechanical_eject': False, 'num_attempts': 0}
2025-11-09 18:49:32,839 : INFO : ball_device.bd_plunger : State: waiting_for_ball
2025-11-09 18:49:32,839 : INFO : ball_device.bd_trough : State: ejecting
2025-11-09 18:49:32,839 : INFO : ball_device.bd_trough : Ejecting ball to <ball_device.bd_plunger>
2025-11-09 18:49:32,839 : INFO : EventManager : Event: ======'balldevice_bd_trough_ejecting_ball'====== Args={'balls': 1, 'target': <ball_device.bd_plunger>, 'source': <ball_device.bd_trough>, 'mechanical_eject': False, 'num_attempts': 0}
2025-11-09 18:49:32,840 : INFO : ball_device.bd_trough : Wait for ball to leave device
2025-11-09 18:49:32,840 : INFO : coil.c_trough_eject : Pulsing Driver for 20ms (1.0 pulse_power)
2025-11-09 18:49:32,840 : INFO : SwitchController : <<<<<<< 's_trough1' inactive >>>>>>>
2025-11-09 18:49:32,840 : INFO : ball_device.bd_trough : State: ball_left
2025-11-09 18:49:32,840 : INFO : ball_device.bd_trough : Ball left
2025-11-09 18:49:32,840 : INFO : ball_device.bd_trough : Wait for confirm with timeout 3.0
2025-11-09 18:49:32,941 : INFO : SwitchController : <<<<<<< 's_plunger_lane' active >>>>>>>
2025-11-09 18:49:32,941 : INFO : EventManager : Event: ======'machine_var_audits_switches_s_plunger_lane'====== Args={'value': 828, 'prev_value': 827, 'change': 1}
2025-11-09 18:49:32,987 : INFO : EventManager : Event: ======'slide_base_slide_created'====== Args={'_from_bcp': True}
2025-11-09 18:49:32,987 : INFO : EventManager : Event: ======'slide_attract_inactive'====== Args={'is_removing': True, '_from_bcp': True}
2025-11-09 18:49:32,988 : INFO : EventManager : Event: ======'slide_base_slide_active'====== Args={'original_context': 'base', 'original_calling_context': 'mode_base_started', 'priority': 100.0, 'queue': '<QueuedEvent>', 'player': 1.0, 'ball': 1.0, 'balls_remaining': 2.0, 'is_extra_ball': False, 'cmd': 'slides_play', '_from_bcp': True}
2025-11-09 18:49:32,988 : INFO : EventManager : Event: ======'slide_attract_removed'====== Args={'_from_bcp': True}
2025-11-09 18:49:33,028 : INFO : EventManager : Event: ======'player_bumpers_bumper_timer_tick'====== Args={'value': 1, 'prev_value': 0, 'change': 1, 'player_num': 1}
2025-11-09 18:49:33,028 : INFO : Timer.bumper_timer : Timer Complete
2025-11-09 18:49:33,028 : INFO : Timer.bumper_timer : Stopping Timer
2025-11-09 18:49:33,029 : INFO : EventManager : Event: ======'timer_bumper_timer_stopped'====== Args={'ticks': 1, 'ticks_remaining': 1}
2025-11-09 18:49:33,029 : INFO : EventManager : Event: ======'timer_bumper_timer_complete'====== Args={'ticks': 1, 'ticks_remaining': 1}
2025-11-09 18:49:33,443 : INFO : ball_device.bd_plunger : Received ball from <ball_device.bd_trough>
2025-11-09 18:49:33,443 : INFO : EventManager : Event: ======'balldevice_bd_plunger_ball_enter'====== Args={'new_balls': 1, 'unclaimed_balls': 0, 'new_available_balls': 0, 'device': <ball_device.bd_plunger>}
2025-11-09 18:49:33,444 : INFO : EventManager : Event: ======'balldevice_bd_plunger_ball_entered'====== Args={'new_balls': 0, 'device': <ball_device.bd_plunger>}
2025-11-09 18:49:33,445 : INFO : EventManager : Event: ======'balldevice_bd_plunger_ball_count_changed'====== Args={'balls': 1}
2025-11-09 18:49:33,445 : INFO : ball_device.bd_trough : Got eject confirm
2025-11-09 18:49:33,445 : INFO : ball_device.bd_trough : Eject successful
2025-11-09 18:49:33,445 : INFO : EventManager : Event: ======'balldevice_bd_trough_ball_eject_success'====== Args={'balls': 1, 'target': <ball_device.bd_plunger>}
2025-11-09 18:49:33,446 : INFO : EventManager : Event: ======'balldevice_bd_trough_ball_count_changed'====== Args={'balls': 3}
2025-11-09 18:49:33,446 : INFO : ball_device.bd_trough : State: idle
2025-11-09 18:49:33,446 : INFO : ball_device.bd_plunger : State: waiting_for_target_ready
2025-11-09 18:49:33,447 : INFO : EventManager : Event: ======'balldevice_bd_plunger_ball_eject_attempt'====== Args={'balls': 1, 'target': <playfield.playfield>, 'source': <ball_device.bd_plunger>, 'mechanical_eject': False, 'num_attempts': 0}
2025-11-09 18:49:33,447 : INFO : ball_device.bd_plunger : State: ejecting
2025-11-09 18:49:33,448 : INFO : ball_device.bd_plunger : Ejecting ball to <playfield.playfield>
2025-11-09 18:49:33,448 : INFO : EventManager : Event: ======'balldevice_bd_plunger_ejecting_ball'====== Args={'balls': 1, 'target': <playfield.playfield>, 'source': <ball_device.bd_plunger>, 'mechanical_eject': False, 'num_attempts': 0}
2025-11-09 18:49:33,449 : INFO : ball_device.bd_plunger : Wait for ball to leave device
2025-11-09 18:49:33,449 : INFO : coil.c_plunger : Pulsing Driver for 20ms (1.0 pulse_power)
2025-11-09 18:49:33,449 : INFO : SwitchController : <<<<<<< 's_plunger_lane' inactive >>>>>>>
2025-11-09 18:49:33,450 : INFO : ball_device.bd_plunger : State: ball_left
2025-11-09 18:49:33,450 : INFO : ball_device.bd_plunger : Ball left
2025-11-09 18:49:33,450 : INFO : ball_device.bd_plunger : Wait for confirm with timeout 3.0
2025-11-09 18:49:33,523 : INFO : EventManager : Event: ======'player_base_player_added_timer_tick'====== Args={'value': 1, 'prev_value': 0, 'change': 1, 'player_num': 1}
2025-11-09 18:49:33,523 : INFO : Timer.player_added_timer : Timer Complete
2025-11-09 18:49:33,523 : INFO : Timer.player_added_timer : Stopping Timer
2025-11-09 18:49:33,523 : INFO : EventManager : Event: ======'timer_player_added_timer_stopped'====== Args={'ticks': 1, 'ticks_remaining': 1}
2025-11-09 18:49:33,523 : INFO : EventManager : Event: ======'timer_player_added_timer_complete'====== Args={'ticks': 1, 'ticks_remaining': 1}
2025-11-09 18:49:33,532 : INFO : EventManager : Event: ======'player_csi_lanes_csi_lanes_timer_tick'====== Args={'value': 1, 'prev_value': 0, 'change': 1, 'player_num': 1}
2025-11-09 18:49:33,532 : INFO : Timer.csi_lanes_timer : Timer Complete
2025-11-09 18:49:33,532 : INFO : Timer.csi_lanes_timer : Stopping Timer
2025-11-09 18:49:33,532 : INFO : EventManager : Event: ======'timer_csi_lanes_timer_stopped'====== Args={'ticks': 1, 'ticks_remaining': 1}
2025-11-09 18:49:33,532 : INFO : EventManager : Event: ======'timer_csi_lanes_timer_complete'====== Args={'ticks': 1, 'ticks_remaining': 1}
2025-11-09 18:49:36,451 : INFO : ball_device.bd_plunger : State: failed_confirm
2025-11-09 18:49:36,452 : INFO : ball_device.bd_plunger : Got timeout (3.0s) before confirm from <playfield.playfield>
2025-11-09 18:49:36,554 : INFO : ball_device.bd_plunger : Confirming eject because target is playfield and ball did not return.
2025-11-09 18:49:36,554 : INFO : ball_device.bd_plunger : Eject successful
2025-11-09 18:49:36,554 : INFO : EventManager : Event: ======'balldevice_bd_plunger_ball_eject_success'====== Args={'balls': 1, 'target': <playfield.playfield>}
2025-11-09 18:49:36,555 : INFO : EventManager : Event: ======'balldevice_playfield_ball_enter'====== Args={'new_balls': 1, 'unclaimed_balls': 1, 'device': <playfield.playfield>}
2025-11-09 18:49:36,556 : INFO : EventManager : Event: ======'playfield_ball_count_change'====== Args={'balls': 1, 'change': 1}
2025-11-09 18:49:36,557 : INFO : EventManager : Event: ======'balldevice_bd_plunger_ball_count_changed'====== Args={'balls': 0}
2025-11-09 18:49:36,557 : INFO : ball_device.bd_plunger : State: idle
2025-11-09 18:49:40,818 : INFO : SwitchController : <<<<<<< 's_popbumper2' active >>>>>>>
2025-11-09 18:49:40,818 : INFO : EventManager : Event: ======'s_popbumper2_active'====== Args={}
2025-11-09 18:49:40,819 : INFO : EventManager : Event: ======'machine_var_audits_switches_s_popbumper2'====== Args={'value': 3788, 'prev_value': 3787, 'change': 1}
2025-11-09 18:49:40,819 : INFO : EventManager : Event: ======'player_shot_bumper2'====== Args={'value': 1, 'prev_value': 0, 'change': 1, 'player_num': 1}
2025-11-09 18:49:40,826 : INFO : EventManager : Event: ======'machine_var_audits_shots_bumper2'====== Args={'value': 3747, 'prev_value': 3746, 'change': 1}
2025-11-09 18:49:40,827 : INFO : EventManager : Event: ======'bumper2_hit'====== Args={'profile': 'default', 'state': 'unlit', 'advancing': True}
2025-11-09 18:49:40,827 : INFO : EventManager : Event: ======'bumper2_default_hit'====== Args={'profile': 'default', 'state': 'unlit', 'advancing': True}
2025-11-09 18:49:40,827 : INFO : EventManager : Event: ======'bumper2_default_unlit_hit'====== Args={'profile': 'default', 'state': 'unlit', 'advancing': True}
2025-11-09 18:49:40,827 : INFO : EventManager : Event: ======'bumper2_unlit_hit'====== Args={'profile': 'default', 'state': 'unlit', 'advancing': True}
2025-11-09 18:49:40,827 : INFO : EventManager : Event: ======'bumpers_hit'====== Args={'shot': 'bumper2'}
2025-11-09 18:49:40,828 : INFO : EventManager : Event: ======'bumpers_unlit_hit'====== Args={'shot': 'bumper2'}
2025-11-09 18:49:40,828 : INFO : EventManager : Event: ======'player_score'====== Args={'value': 3000, 'prev_value': 0, 'change': 3000, 'player_num': 1, 'source': 'bumpers'}
2025-11-09 18:49:40,828 : INFO : EventManager : Event: ======'player_bumpers_bumper_timer_tick'====== Args={'value': 0, 'prev_value': 1, 'change': -1, 'player_num': 1}
2025-11-09 18:49:40,829 : INFO : Timer.bumper_timer : Starting Timer.
2025-11-09 18:49:40,829 : INFO : EventManager : Event: ======'timer_bumper_timer_started'====== Args={'ticks': 0, 'ticks_remaining': 1}
2025-11-09 18:49:40,829 : INFO : EventManager : Event: ======'timer_bumper_timer_tick'====== Args={'ticks': 0, 'ticks_remaining': 1}
2025-11-09 18:49:40,887 : INFO : EventManager : Event: ======'widget_bumper_widget_active'====== Args={'original_context': 'bumpers', 'original_calling_context': 'bumpers_hit', 'priority': 200.0, 'shot': 'bumper2', 'cmd': 'widgets_play', '_from_bcp': True}
2025-11-09 18:49:40,982 : INFO : SwitchController : <<<<<<< 's_popbumper2' inactive >>>>>>>
2025-11-09 18:49:41,030 : INFO : EventManager : Event: ======'player_bumpers_bumper_timer_tick'====== Args={'value': 1, 'prev_value': 0, 'change': 1, 'player_num': 1}
2025-11-09 18:49:41,030 : INFO : Timer.bumper_timer : Timer Complete
2025-11-09 18:49:41,030 : INFO : Timer.bumper_timer : Stopping Timer
2025-11-09 18:49:41,030 : INFO : EventManager : Event: ======'timer_bumper_timer_stopped'====== Args={'ticks': 1, 'ticks_remaining': 1}
2025-11-09 18:49:41,030 : INFO : EventManager : Event: ======'timer_bumper_timer_complete'====== Args={'ticks': 1, 'ticks_remaining': 1}
2025-11-09 18:49:41,094 : INFO : EventManager : Event: ======'widget_bumper_widget_removed'====== Args={'_from_bcp': True}
2025-11-09 18:49:41,719 : INFO : SwitchController : <<<<<<< 's_popbumper2' active >>>>>>>
2025-11-09 18:49:41,719 : INFO : EventManager : Event: ======'s_popbumper2_active'====== Args={}
2025-11-09 18:49:41,720 : INFO : EventManager : Event: ======'machine_var_audits_switches_s_popbumper2'====== Args={'value': 3789, 'prev_value': 3788, 'change': 1}
2025-11-09 18:49:41,720 : INFO : EventManager : Event: ======'machine_var_audits_shots_bumper2'====== Args={'value': 3748, 'prev_value': 3747, 'change': 1}
2025-11-09 18:49:41,721 : INFO : EventManager : Event: ======'bumper2_hit'====== Args={'profile': 'default', 'state': 'lit', 'advancing': False}
2025-11-09 18:49:41,721 : INFO : EventManager : Event: ======'bumper2_default_hit'====== Args={'profile': 'default', 'state': 'lit', 'advancing': False}
2025-11-09 18:49:41,721 : INFO : EventManager : Event: ======'bumper2_default_lit_hit'====== Args={'profile': 'default', 'state': 'lit', 'advancing': False}
2025-11-09 18:49:41,721 : INFO : EventManager : Event: ======'bumper2_lit_hit'====== Args={'profile': 'default', 'state': 'lit', 'advancing': False}
2025-11-09 18:49:41,721 : INFO : EventManager : Event: ======'bumpers_hit'====== Args={'shot': 'bumper2'}
2025-11-09 18:49:41,722 : INFO : EventManager : Event: ======'bumpers_lit_hit'====== Args={'shot': 'bumper2'}
2025-11-09 18:49:41,722 : INFO : EventManager : Event: ======'player_score'====== Args={'value': 6000, 'prev_value': 3000, 'change': 3000, 'player_num': 1, 'source': 'bumpers'}
2025-11-09 18:49:41,722 : INFO : EventManager : Event: ======'player_bumpers_bumper_timer_tick'====== Args={'value': 0, 'prev_value': 1, 'change': -1, 'player_num': 1}
2025-11-09 18:49:41,723 : INFO : Timer.bumper_timer : Starting Timer.
2025-11-09 18:49:41,723 : INFO : EventManager : Event: ======'timer_bumper_timer_started'====== Args={'ticks': 0, 'ticks_remaining': 1}
2025-11-09 18:49:41,723 : INFO : EventManager : Event: ======'timer_bumper_timer_tick'====== Args={'ticks': 0, 'ticks_remaining': 1}
2025-11-09 18:49:41,747 : INFO : EventManager : Event: ======'widget_bumper_widget_active'====== Args={'original_context': 'bumpers', 'original_calling_context': 'bumpers_hit', 'priority': 200.0, 'shot': 'bumper2', 'cmd': 'widgets_play', '_from_bcp': True}
2025-11-09 18:49:41,835 : INFO : SwitchController : <<<<<<< 's_popbumper2' inactive >>>>>>>
2025-11-09 18:49:41,924 : INFO : EventManager : Event: ======'player_bumpers_bumper_timer_tick'====== Args={'value': 1, 'prev_value': 0, 'change': 1, 'player_num': 1}
2025-11-09 18:49:41,924 : INFO : Timer.bumper_timer : Timer Complete
2025-11-09 18:49:41,924 : INFO : Timer.bumper_timer : Stopping Timer
2025-11-09 18:49:41,924 : INFO : EventManager : Event: ======'timer_bumper_timer_stopped'====== Args={'ticks': 1, 'ticks_remaining': 1}
2025-11-09 18:49:41,924 : INFO : EventManager : Event: ======'timer_bumper_timer_complete'====== Args={'ticks': 1, 'ticks_remaining': 1}
2025-11-09 18:49:41,931 : INFO : EventManager : Event: ======'widget_bumper_widget_removed'====== Args={'_from_bcp': True}
2025-11-09 18:49:42,134 : INFO : SwitchController : <<<<<<< 's_popbumper2' active >>>>>>>
2025-11-09 18:49:42,134 : INFO : EventManager : Event: ======'s_popbumper2_active'====== Args={}
2025-11-09 18:49:42,134 : INFO : EventManager : Event: ======'machine_var_audits_switches_s_popbumper2'====== Args={'value': 3790, 'prev_value': 3789, 'change': 1}
2025-11-09 18:49:42,135 : INFO : EventManager : Event: ======'machine_var_audits_shots_bumper2'====== Args={'value': 3749, 'prev_value': 3748, 'change': 1}
2025-11-09 18:49:42,135 : INFO : EventManager : Event: ======'bumper2_hit'====== Args={'profile': 'default', 'state': 'lit', 'advancing': False}
2025-11-09 18:49:42,135 : INFO : EventManager : Event: ======'bumper2_default_hit'====== Args={'profile': 'default', 'state': 'lit', 'advancing': False}
2025-11-09 18:49:42,136 : INFO : EventManager : Event: ======'bumper2_default_lit_hit'====== Args={'profile': 'default', 'state': 'lit', 'advancing': False}
2025-11-09 18:49:42,136 : INFO : EventManager : Event: ======'bumper2_lit_hit'====== Args={'profile': 'default', 'state': 'lit', 'advancing': False}
2025-11-09 18:49:42,136 : INFO : EventManager : Event: ======'bumpers_hit'====== Args={'shot': 'bumper2'}
2025-11-09 18:49:42,136 : INFO : EventManager : Event: ======'bumpers_lit_hit'====== Args={'shot': 'bumper2'}
2025-11-09 18:49:42,136 : INFO : EventManager : Event: ======'player_score'====== Args={'value': 9000, 'prev_value': 6000, 'change': 3000, 'player_num': 1, 'source': 'bumpers'}
2025-11-09 18:49:42,137 : INFO : EventManager : Event: ======'player_bumpers_bumper_timer_tick'====== Args={'value': 0, 'prev_value': 1, 'change': -1, 'player_num': 1}
2025-11-09 18:49:42,137 : INFO : Timer.bumper_timer : Starting Timer.
2025-11-09 18:49:42,137 : INFO : EventManager : Event: ======'timer_bumper_timer_started'====== Args={'ticks': 0, 'ticks_remaining': 1}
2025-11-09 18:49:42,137 : INFO : EventManager : Event: ======'timer_bumper_timer_tick'====== Args={'ticks': 0, 'ticks_remaining': 1}
2025-11-09 18:49:42,147 : INFO : EventManager : Event: ======'widget_bumper_widget_active'====== Args={'original_context': 'bumpers', 'original_calling_context': 'bumpers_hit', 'priority': 200.0, 'shot': 'bumper2', 'cmd': 'widgets_play', '_from_bcp': True}
2025-11-09 18:49:42,334 : INFO : SwitchController : <<<<<<< 's_popbumper2' inactive >>>>>>>
2025-11-09 18:49:42,337 : INFO : EventManager : Event: ======'player_bumpers_bumper_timer_tick'====== Args={'value': 1, 'prev_value': 0, 'change': 1, 'player_num': 1}
2025-11-09 18:49:42,338 : INFO : Timer.bumper_timer : Timer Complete
2025-11-09 18:49:42,338 : INFO : Timer.bumper_timer : Stopping Timer
2025-11-09 18:49:42,338 : INFO : EventManager : Event: ======'timer_bumper_timer_stopped'====== Args={'ticks': 1, 'ticks_remaining': 1}
2025-11-09 18:49:42,338 : INFO : EventManager : Event: ======'timer_bumper_timer_complete'====== Args={'ticks': 1, 'ticks_remaining': 1}
2025-11-09 18:49:42,363 : INFO : EventManager : Event: ======'widget_bumper_widget_removed'====== Args={'_from_bcp': True}
2025-11-09 18:49:42,584 : INFO : SwitchController : <<<<<<< 's_popbumper2' active >>>>>>>
2025-11-09 18:49:42,584 : INFO : EventManager : Event: ======'s_popbumper2_active'====== Args={}
2025-11-09 18:49:42,584 : INFO : EventManager : Event: ======'machine_var_audits_switches_s_popbumper2'====== Args={'value': 3791, 'prev_value': 3790, 'change': 1}
2025-11-09 18:49:42,585 : INFO : EventManager : Event: ======'machine_var_audits_shots_bumper2'====== Args={'value': 3750, 'prev_value': 3749, 'change': 1}
2025-11-09 18:49:42,585 : INFO : EventManager : Event: ======'bumper2_hit'====== Args={'profile': 'default', 'state': 'lit', 'advancing': False}
2025-11-09 18:49:42,585 : INFO : EventManager : Event: ======'bumper2_default_hit'====== Args={'profile': 'default', 'state': 'lit', 'advancing': False}
2025-11-09 18:49:42,586 : INFO : EventManager : Event: ======'bumper2_default_lit_hit'====== Args={'profile': 'default', 'state': 'lit', 'advancing': False}
2025-11-09 18:49:42,586 : INFO : EventManager : Event: ======'bumper2_lit_hit'====== Args={'profile': 'default', 'state': 'lit', 'advancing': False}
2025-11-09 18:49:42,586 : INFO : EventManager : Event: ======'bumpers_hit'====== Args={'shot': 'bumper2'}
2025-11-09 18:49:42,586 : INFO : EventManager : Event: ======'bumpers_lit_hit'====== Args={'shot': 'bumper2'}
2025-11-09 18:49:42,586 : INFO : EventManager : Event: ======'player_score'====== Args={'value': 12000, 'prev_value': 9000, 'change': 3000, 'player_num': 1, 'source': 'bumpers'}
2025-11-09 18:49:42,587 : INFO : EventManager : Event: ======'player_bumpers_bumper_timer_tick'====== Args={'value': 0, 'prev_value': 1, 'change': -1, 'player_num': 1}
2025-11-09 18:49:42,587 : INFO : Timer.bumper_timer : Starting Timer.
2025-11-09 18:49:42,587 : INFO : EventManager : Event: ======'timer_bumper_timer_started'====== Args={'ticks': 0, 'ticks_remaining': 1}
2025-11-09 18:49:42,587 : INFO : EventManager : Event: ======'timer_bumper_timer_tick'====== Args={'ticks': 0, 'ticks_remaining': 1}
2025-11-09 18:49:42,614 : INFO : EventManager : Event: ======'widget_bumper_widget_active'====== Args={'original_context': 'bumpers', 'original_calling_context': 'bumpers_hit', 'priority': 200.0, 'shot': 'bumper2', 'cmd': 'widgets_play', '_from_bcp': True}
2025-11-09 18:49:42,685 : INFO : SwitchController : <<<<<<< 's_popbumper2' inactive >>>>>>>
2025-11-09 18:49:42,788 : INFO : EventManager : Event: ======'player_bumpers_bumper_timer_tick'====== Args={'value': 1, 'prev_value': 0, 'change': 1, 'player_num': 1}
2025-11-09 18:49:42,789 : INFO : Timer.bumper_timer : Timer Complete
2025-11-09 18:49:42,789 : INFO : Timer.bumper_timer : Stopping Timer
2025-11-09 18:49:42,789 : INFO : EventManager : Event: ======'timer_bumper_timer_stopped'====== Args={'ticks': 1, 'ticks_remaining': 1}
2025-11-09 18:49:42,789 : INFO : EventManager : Event: ======'timer_bumper_timer_complete'====== Args={'ticks': 1, 'ticks_remaining': 1}
2025-11-09 18:49:42,812 : INFO : EventManager : Event: ======'widget_bumper_widget_removed'====== Args={'_from_bcp': True}
2025-11-09 18:49:42,835 : INFO : EventManager : Event: ======'player_skull_pause_timer_tick'====== Args={'value': 1, 'prev_value': 0, 'change': 1, 'player_num': 1}
2025-11-09 18:49:42,835 : INFO : Timer.pause_timer : Timer Complete
2025-11-09 18:49:42,835 : INFO : Timer.pause_timer : Stopping Timer
2025-11-09 18:49:42,835 : INFO : EventManager : Event: ======'timer_pause_timer_stopped'====== Args={'ticks': 1, 'ticks_remaining': 1}
2025-11-09 18:49:42,835 : INFO : EventManager : Event: ======'timer_pause_timer_complete'====== Args={'ticks': 1, 'ticks_remaining': 1}
2025-11-09 18:49:43,068 : INFO : SwitchController : <<<<<<< 's_popbumper2' active >>>>>>>
2025-11-09 18:49:43,069 : INFO : EventManager : Event: ======'s_popbumper2_active'====== Args={}
2025-11-09 18:49:43,069 : INFO : EventManager : Event: ======'machine_var_audits_switches_s_popbumper2'====== Args={'value': 3792, 'prev_value': 3791, 'change': 1}
2025-11-09 18:49:43,070 : INFO : EventManager : Event: ======'machine_var_audits_shots_bumper2'====== Args={'value': 3751, 'prev_value': 3750, 'change': 1}
2025-11-09 18:49:43,070 : INFO : EventManager : Event: ======'bumper2_hit'====== Args={'profile': 'default', 'state': 'lit', 'advancing': False}
2025-11-09 18:49:43,070 : INFO : EventManager : Event: ======'bumper2_default_hit'====== Args={'profile': 'default', 'state': 'lit', 'advancing': False}
2025-11-09 18:49:43,071 : INFO : EventManager : Event: ======'bumper2_default_lit_hit'====== Args={'profile': 'default', 'state': 'lit', 'advancing': False}
2025-11-09 18:49:43,071 : INFO : EventManager : Event: ======'bumper2_lit_hit'====== Args={'profile': 'default', 'state': 'lit', 'advancing': False}
2025-11-09 18:49:43,071 : INFO : EventManager : Event: ======'bumpers_hit'====== Args={'shot': 'bumper2'}
2025-11-09 18:49:43,071 : INFO : EventManager : Event: ======'bumpers_lit_hit'====== Args={'shot': 'bumper2'}
2025-11-09 18:49:43,071 : INFO : EventManager : Event: ======'player_score'====== Args={'value': 15000, 'prev_value': 12000, 'change': 3000, 'player_num': 1, 'source': 'bumpers'}
2025-11-09 18:49:43,072 : INFO : EventManager : Event: ======'player_bumpers_bumper_timer_tick'====== Args={'value': 0, 'prev_value': 1, 'change': -1, 'player_num': 1}
2025-11-09 18:49:43,072 : INFO : Timer.bumper_timer : Starting Timer.
2025-11-09 18:49:43,072 : INFO : EventManager : Event: ======'timer_bumper_timer_started'====== Args={'ticks': 0, 'ticks_remaining': 1}
2025-11-09 18:49:43,072 : INFO : EventManager : Event: ======'timer_bumper_timer_tick'====== Args={'ticks': 0, 'ticks_remaining': 1}
2025-11-09 18:49:43,097 : INFO : EventManager : Event: ======'widget_bumper_widget_active'====== Args={'original_context': 'bumpers', 'original_calling_context': 'bumpers_hit', 'priority': 200.0, 'shot': 'bumper2', 'cmd': 'widgets_play', '_from_bcp': True}
2025-11-09 18:49:43,273 : INFO : EventManager : Event: ======'player_bumpers_bumper_timer_tick'====== Args={'value': 1, 'prev_value': 0, 'change': 1, 'player_num': 1}
2025-11-09 18:49:43,274 : INFO : Timer.bumper_timer : Timer Complete
2025-11-09 18:49:43,274 : INFO : Timer.bumper_timer : Stopping Timer
2025-11-09 18:49:43,274 : INFO : EventManager : Event: ======'timer_bumper_timer_stopped'====== Args={'ticks': 1, 'ticks_remaining': 1}
2025-11-09 18:49:43,274 : INFO : EventManager : Event: ======'timer_bumper_timer_complete'====== Args={'ticks': 1, 'ticks_remaining': 1}
2025-11-09 18:49:43,282 : INFO : SwitchController : <<<<<<< 's_popbumper2' inactive >>>>>>>
2025-11-09 18:49:43,296 : INFO : EventManager : Event: ======'widget_bumper_widget_removed'====== Args={'_from_bcp': True}
2025-11-09 18:49:43,432 : INFO : SwitchController : <<<<<<< 's_popbumper2' active >>>>>>>
2025-11-09 18:49:43,432 : INFO : EventManager : Event: ======'s_popbumper2_active'====== Args={}
2025-11-09 18:49:43,432 : INFO : EventManager : Event: ======'machine_var_audits_switches_s_popbumper2'====== Args={'value': 3793, 'prev_value': 3792, 'change': 1}
2025-11-09 18:49:43,433 : INFO : EventManager : Event: ======'machine_var_audits_shots_bumper2'====== Args={'value': 3752, 'prev_value': 3751, 'change': 1}
2025-11-09 18:49:43,433 : INFO : EventManager : Event: ======'bumper2_hit'====== Args={'profile': 'default', 'state': 'lit', 'advancing': False}
2025-11-09 18:49:43,433 : INFO : EventManager : Event: ======'bumper2_default_hit'====== Args={'profile': 'default', 'state': 'lit', 'advancing': False}
2025-11-09 18:49:43,433 : INFO : EventManager : Event: ======'bumper2_default_lit_hit'====== Args={'profile': 'default', 'state': 'lit', 'advancing': False}
2025-11-09 18:49:43,433 : INFO : EventManager : Event: ======'bumper2_lit_hit'====== Args={'profile': 'default', 'state': 'lit', 'advancing': False}
2025-11-09 18:49:43,433 : INFO : EventManager : Event: ======'bumpers_hit'====== Args={'shot': 'bumper2'}
2025-11-09 18:49:43,433 : INFO : EventManager : Event: ======'bumpers_lit_hit'====== Args={'shot': 'bumper2'}
2025-11-09 18:49:43,433 : INFO : EventManager : Event: ======'player_score'====== Args={'value': 18000, 'prev_value': 15000, 'change': 3000, 'player_num': 1, 'source': 'bumpers'}
2025-11-09 18:49:43,434 : INFO : EventManager : Event: ======'player_bumpers_bumper_timer_tick'====== Args={'value': 0, 'prev_value': 1, 'change': -1, 'player_num': 1}
2025-11-09 18:49:43,434 : INFO : Timer.bumper_timer : Starting Timer.
2025-11-09 18:49:43,434 : INFO : EventManager : Event: ======'timer_bumper_timer_started'====== Args={'ticks': 0, 'ticks_remaining': 1}
2025-11-09 18:49:43,434 : INFO : EventManager : Event: ======'timer_bumper_timer_tick'====== Args={'ticks': 0, 'ticks_remaining': 1}
2025-11-09 18:49:43,462 : INFO : EventManager : Event: ======'widget_bumper_widget_active'====== Args={'original_context': 'bumpers', 'original_calling_context': 'bumpers_hit', 'priority': 200.0, 'shot': 'bumper2', 'cmd': 'widgets_play', '_from_bcp': True}
2025-11-09 18:49:43,567 : INFO : SwitchController : <<<<<<< 's_popbumper2' inactive >>>>>>>
2025-11-09 18:49:43,635 : INFO : EventManager : Event: ======'player_bumpers_bumper_timer_tick'====== Args={'value': 1, 'prev_value': 0, 'change': 1, 'player_num': 1}
2025-11-09 18:49:43,636 : INFO : Timer.bumper_timer : Timer Complete
2025-11-09 18:49:43,636 : INFO : Timer.bumper_timer : Stopping Timer
2025-11-09 18:49:43,636 : INFO : EventManager : Event: ======'timer_bumper_timer_stopped'====== Args={'ticks': 1, 'ticks_remaining': 1}
2025-11-09 18:49:43,636 : INFO : EventManager : Event: ======'timer_bumper_timer_complete'====== Args={'ticks': 1, 'ticks_remaining': 1}
2025-11-09 18:49:43,637 : INFO : SwitchController : <<<<<<< 's_popbumper2' active >>>>>>>
2025-11-09 18:49:43,637 : INFO : EventManager : Event: ======'s_popbumper2_active'====== Args={}
2025-11-09 18:49:43,637 : INFO : EventManager : Event: ======'machine_var_audits_switches_s_popbumper2'====== Args={'value': 3794, 'prev_value': 3793, 'change': 1}
2025-11-09 18:49:43,637 : INFO : EventManager : Event: ======'machine_var_audits_shots_bumper2'====== Args={'value': 3753, 'prev_value': 3752, 'change': 1}
2025-11-09 18:49:43,638 : INFO : EventManager : Event: ======'bumper2_hit'====== Args={'profile': 'default', 'state': 'lit', 'advancing': False}
2025-11-09 18:49:43,638 : INFO : EventManager : Event: ======'bumper2_default_hit'====== Args={'profile': 'default', 'state': 'lit', 'advancing': False}
2025-11-09 18:49:43,638 : INFO : EventManager : Event: ======'bumper2_default_lit_hit'====== Args={'profile': 'default', 'state': 'lit', 'advancing': False}
2025-11-09 18:49:43,638 : INFO : EventManager : Event: ======'bumper2_lit_hit'====== Args={'profile': 'default', 'state': 'lit', 'advancing': False}
2025-11-09 18:49:43,638 : INFO : EventManager : Event: ======'bumpers_hit'====== Args={'shot': 'bumper2'}
2025-11-09 18:49:43,638 : INFO : EventManager : Event: ======'bumpers_lit_hit'====== Args={'shot': 'bumper2'}
2025-11-09 18:49:43,639 : INFO : EventManager : Event: ======'player_score'====== Args={'value': 21000, 'prev_value': 18000, 'change': 3000, 'player_num': 1, 'source': 'bumpers'}
2025-11-09 18:49:43,639 : INFO : EventManager : Event: ======'player_bumpers_bumper_timer_tick'====== Args={'value': 0, 'prev_value': 1, 'change': -1, 'player_num': 1}
2025-11-09 18:49:43,639 : INFO : Timer.bumper_timer : Starting Timer.
2025-11-09 18:49:43,639 : INFO : EventManager : Event: ======'timer_bumper_timer_started'====== Args={'ticks': 0, 'ticks_remaining': 1}
2025-11-09 18:49:43,639 : INFO : EventManager : Event: ======'timer_bumper_timer_tick'====== Args={'ticks': 0, 'ticks_remaining': 1}
2025-11-09 18:49:43,646 : INFO : EventManager : Event: ======'widget_bumper_widget_removed'====== Args={'_from_bcp': True}
2025-11-09 18:49:43,647 : INFO : EventManager : Event: ======'widget_bumper_widget_active'====== Args={'original_context': 'bumpers', 'original_calling_context': 'bumpers_hit', 'priority': 200.0, 'shot': 'bumper2', 'cmd': 'widgets_play', '_from_bcp': True}
2025-11-09 18:49:43,840 : INFO : EventManager : Event: ======'player_bumpers_bumper_timer_tick'====== Args={'value': 1, 'prev_value': 0, 'change': 1, 'player_num': 1}
2025-11-09 18:49:43,842 : INFO : Timer.bumper_timer : Timer Complete
2025-11-09 18:49:43,842 : INFO : Timer.bumper_timer : Stopping Timer
2025-11-09 18:49:43,842 : INFO : EventManager : Event: ======'timer_bumper_timer_stopped'====== Args={'ticks': 1, 'ticks_remaining': 1}
2025-11-09 18:49:43,842 : INFO : EventManager : Event: ======'timer_bumper_timer_complete'====== Args={'ticks': 1, 'ticks_remaining': 1}
2025-11-09 18:49:43,863 : INFO : EventManager : Event: ======'widget_bumper_widget_removed'====== Args={'_from_bcp': True}
2025-11-09 18:49:44,751 : INFO : SwitchController : <<<<<<< 's_popbumper2' inactive >>>>>>>
2025-11-09 18:49:44,817 : INFO : SwitchController : <<<<<<< 's_popbumper2' active >>>>>>>
2025-11-09 18:49:44,817 : INFO : EventManager : Event: ======'s_popbumper2_active'====== Args={}
2025-11-09 18:49:44,818 : INFO : EventManager : Event: ======'machine_var_audits_switches_s_popbumper2'====== Args={'value': 3795, 'prev_value': 3794, 'change': 1}
2025-11-09 18:49:44,818 : INFO : EventManager : Event: ======'machine_var_audits_shots_bumper2'====== Args={'value': 3754, 'prev_value': 3753, 'change': 1}
2025-11-09 18:49:44,818 : INFO : EventManager : Event: ======'bumper2_hit'====== Args={'profile': 'default', 'state': 'lit', 'advancing': False}
2025-11-09 18:49:44,818 : INFO : EventManager : Event: ======'bumper2_default_hit'====== Args={'profile': 'default', 'state': 'lit', 'advancing': False}
2025-11-09 18:49:44,819 : INFO : EventManager : Event: ======'bumper2_default_lit_hit'====== Args={'profile': 'default', 'state': 'lit', 'advancing': False}
2025-11-09 18:49:44,819 : INFO : EventManager : Event: ======'bumper2_lit_hit'====== Args={'profile': 'default', 'state': 'lit', 'advancing': False}
2025-11-09 18:49:44,819 : INFO : EventManager : Event: ======'bumpers_hit'====== Args={'shot': 'bumper2'}
2025-11-09 18:49:44,819 : INFO : EventManager : Event: ======'bumpers_lit_hit'====== Args={'shot': 'bumper2'}
2025-11-09 18:49:44,819 : INFO : EventManager : Event: ======'player_score'====== Args={'value': 24000, 'prev_value': 21000, 'change': 3000, 'player_num': 1, 'source': 'bumpers'}
2025-11-09 18:49:44,820 : INFO : EventManager : Event: ======'player_bumpers_bumper_timer_tick'====== Args={'value': 0, 'prev_value': 1, 'change': -1, 'player_num': 1}
2025-11-09 18:49:44,820 : INFO : Timer.bumper_timer : Starting Timer.
2025-11-09 18:49:44,820 : INFO : EventManager : Event: ======'timer_bumper_timer_started'====== Args={'ticks': 0, 'ticks_remaining': 1}
2025-11-09 18:49:44,820 : INFO : EventManager : Event: ======'timer_bumper_timer_tick'====== Args={'ticks': 0, 'ticks_remaining': 1}
2025-11-09 18:49:44,863 : INFO : EventManager : Event: ======'widget_bumper_widget_active'====== Args={'original_context': 'bumpers', 'original_calling_context': 'bumpers_hit', 'priority': 200.0, 'shot': 'bumper2', 'cmd': 'widgets_play', '_from_bcp': True}
2025-11-09 18:49:44,901 : INFO : SwitchController : <<<<<<< 's_popbumper2' inactive >>>>>>>
2025-11-09 18:49:44,982 : INFO : SwitchController : <<<<<<< 's_popbumper2' active >>>>>>>
2025-11-09 18:49:44,982 : INFO : EventManager : Event: ======'s_popbumper2_active'====== Args={}
2025-11-09 18:49:44,983 : INFO : EventManager : Event: ======'machine_var_audits_switches_s_popbumper2'====== Args={'value': 3796, 'prev_value': 3795, 'change': 1}
2025-11-09 18:49:44,983 : INFO : EventManager : Event: ======'machine_var_audits_shots_bumper2'====== Args={'value': 3755, 'prev_value': 3754, 'change': 1}
2025-11-09 18:49:44,983 : INFO : EventManager : Event: ======'bumper2_hit'====== Args={'profile': 'default', 'state': 'lit', 'advancing': False}
2025-11-09 18:49:44,983 : INFO : EventManager : Event: ======'bumper2_default_hit'====== Args={'profile': 'default', 'state': 'lit', 'advancing': False}
2025-11-09 18:49:44,983 : INFO : EventManager : Event: ======'bumper2_default_lit_hit'====== Args={'profile': 'default', 'state': 'lit', 'advancing': False}
2025-11-09 18:49:44,983 : INFO : EventManager : Event: ======'bumper2_lit_hit'====== Args={'profile': 'default', 'state': 'lit', 'advancing': False}
2025-11-09 18:49:44,983 : INFO : EventManager : Event: ======'bumpers_hit'====== Args={'shot': 'bumper2'}
2025-11-09 18:49:44,983 : INFO : EventManager : Event: ======'bumpers_lit_hit'====== Args={'shot': 'bumper2'}
2025-11-09 18:49:44,983 : INFO : EventManager : Event: ======'player_score'====== Args={'value': 27000, 'prev_value': 24000, 'change': 3000, 'player_num': 1, 'source': 'bumpers'}
2025-11-09 18:49:44,984 : INFO : EventManager : Event: ======'timer_bumper_timer_tick'====== Args={'ticks': 0, 'ticks_remaining': 1}
2025-11-09 18:49:45,185 : INFO : EventManager : Event: ======'player_bumpers_bumper_timer_tick'====== Args={'value': 1, 'prev_value': 0, 'change': 1, 'player_num': 1}
2025-11-09 18:49:45,186 : INFO : Timer.bumper_timer : Timer Complete
2025-11-09 18:49:45,186 : INFO : Timer.bumper_timer : Stopping Timer
2025-11-09 18:49:45,186 : INFO : EventManager : Event: ======'timer_bumper_timer_stopped'====== Args={'ticks': 1, 'ticks_remaining': 1}
2025-11-09 18:49:45,186 : INFO : EventManager : Event: ======'timer_bumper_timer_complete'====== Args={'ticks': 1, 'ticks_remaining': 1}
2025-11-09 18:49:45,213 : INFO : EventManager : Event: ======'widget_bumper_widget_removed'====== Args={'_from_bcp': True}
2025-11-09 18:49:45,278 : INFO : SwitchController : <<<<<<< 's_popbumper2' inactive >>>>>>>
2025-11-09 18:49:45,349 : INFO : SwitchController : <<<<<<< 's_popbumper2' active >>>>>>>
2025-11-09 18:49:45,349 : INFO : EventManager : Event: ======'s_popbumper2_active'====== Args={}
2025-11-09 18:49:45,350 : INFO : EventManager : Event: ======'machine_var_audits_switches_s_popbumper2'====== Args={'value': 3797, 'prev_value': 3796, 'change': 1}
2025-11-09 18:49:45,350 : INFO : EventManager : Event: ======'machine_var_audits_shots_bumper2'====== Args={'value': 3756, 'prev_value': 3755, 'change': 1}
2025-11-09 18:49:45,350 : INFO : EventManager : Event: ======'bumper2_hit'====== Args={'profile': 'default', 'state': 'lit', 'advancing': False}
2025-11-09 18:49:45,350 : INFO : EventManager : Event: ======'bumper2_default_hit'====== Args={'profile': 'default', 'state': 'lit', 'advancing': False}
2025-11-09 18:49:45,350 : INFO : EventManager : Event: ======'bumper2_default_lit_hit'====== Args={'profile': 'default', 'state': 'lit', 'advancing': False}
2025-11-09 18:49:45,350 : INFO : EventManager : Event: ======'bumper2_lit_hit'====== Args={'profile': 'default', 'state': 'lit', 'advancing': False}
2025-11-09 18:49:45,350 : INFO : EventManager : Event: ======'bumpers_hit'====== Args={'shot': 'bumper2'}
2025-11-09 18:49:45,350 : INFO : EventManager : Event: ======'bumpers_lit_hit'====== Args={'shot': 'bumper2'}
2025-11-09 18:49:45,350 : INFO : EventManager : Event: ======'player_score'====== Args={'value': 30000, 'prev_value': 27000, 'change': 3000, 'player_num': 1, 'source': 'bumpers'}
2025-11-09 18:49:45,351 : INFO : EventManager : Event: ======'player_bumpers_bumper_timer_tick'====== Args={'value': 0, 'prev_value': 1, 'change': -1, 'player_num': 1}
2025-11-09 18:49:45,351 : INFO : Timer.bumper_timer : Starting Timer.
2025-11-09 18:49:45,351 : INFO : EventManager : Event: ======'timer_bumper_timer_started'====== Args={'ticks': 0, 'ticks_remaining': 1}
2025-11-09 18:49:45,351 : INFO : EventManager : Event: ======'timer_bumper_timer_tick'====== Args={'ticks': 0, 'ticks_remaining': 1}
2025-11-09 18:49:45,380 : INFO : EventManager : Event: ======'widget_bumper_widget_active'====== Args={'original_context': 'bumpers', 'original_calling_context': 'bumpers_hit', 'priority': 200.0, 'shot': 'bumper2', 'cmd': 'widgets_play', '_from_bcp': True}
2025-11-09 18:49:45,483 : INFO : SwitchController : <<<<<<< 's_popbumper2' inactive >>>>>>>
2025-11-09 18:49:45,549 : INFO : SwitchController : <<<<<<< 's_popbumper2' active >>>>>>>
2025-11-09 18:49:45,549 : INFO : EventManager : Event: ======'s_popbumper2_active'====== Args={}
2025-11-09 18:49:45,549 : INFO : EventManager : Event: ======'machine_var_audits_switches_s_popbumper2'====== Args={'value': 3798, 'prev_value': 3797, 'change': 1}
2025-11-09 18:49:45,549 : INFO : EventManager : Event: ======'machine_var_audits_shots_bumper2'====== Args={'value': 3757, 'prev_value': 3756, 'change': 1}
2025-11-09 18:49:45,550 : INFO : EventManager : Event: ======'bumper2_hit'====== Args={'profile': 'default', 'state': 'lit', 'advancing': False}
2025-11-09 18:49:45,550 : INFO : EventManager : Event: ======'bumper2_default_hit'====== Args={'profile': 'default', 'state': 'lit', 'advancing': False}
2025-11-09 18:49:45,550 : INFO : EventManager : Event: ======'bumper2_default_lit_hit'====== Args={'profile': 'default', 'state': 'lit', 'advancing': False}
2025-11-09 18:49:45,550 : INFO : EventManager : Event: ======'bumper2_lit_hit'====== Args={'profile': 'default', 'state': 'lit', 'advancing': False}
2025-11-09 18:49:45,550 : INFO : EventManager : Event: ======'bumpers_hit'====== Args={'shot': 'bumper2'}
2025-11-09 18:49:45,550 : INFO : EventManager : Event: ======'bumpers_lit_hit'====== Args={'shot': 'bumper2'}
2025-11-09 18:49:45,550 : INFO : EventManager : Event: ======'player_score'====== Args={'value': 33000, 'prev_value': 30000, 'change': 3000, 'player_num': 1, 'source': 'bumpers'}
2025-11-09 18:49:45,551 : INFO : EventManager : Event: ======'timer_bumper_timer_tick'====== Args={'ticks': 0, 'ticks_remaining': 1}
2025-11-09 18:49:45,665 : INFO : SwitchController : <<<<<<< 's_popbumper2' inactive >>>>>>>
2025-11-09 18:49:45,750 : INFO : SwitchController : <<<<<<< 's_popbumper2' active >>>>>>>
2025-11-09 18:49:45,751 : INFO : EventManager : Event: ======'s_popbumper2_active'====== Args={}
2025-11-09 18:49:45,751 : INFO : EventManager : Event: ======'machine_var_audits_switches_s_popbumper2'====== Args={'value': 3799, 'prev_value': 3798, 'change': 1}
2025-11-09 18:49:45,752 : INFO : EventManager : Event: ======'machine_var_audits_shots_bumper2'====== Args={'value': 3758, 'prev_value': 3757, 'change': 1}
2025-11-09 18:49:45,752 : INFO : EventManager : Event: ======'bumper2_hit'====== Args={'profile': 'default', 'state': 'lit', 'advancing': False}
2025-11-09 18:49:45,753 : INFO : EventManager : Event: ======'bumper2_default_hit'====== Args={'profile': 'default', 'state': 'lit', 'advancing': False}
2025-11-09 18:49:45,753 : INFO : EventManager : Event: ======'bumper2_default_lit_hit'====== Args={'profile': 'default', 'state': 'lit', 'advancing': False}
2025-11-09 18:49:45,753 : INFO : EventManager : Event: ======'bumper2_lit_hit'====== Args={'profile': 'default', 'state': 'lit', 'advancing': False}
2025-11-09 18:49:45,753 : INFO : EventManager : Event: ======'bumpers_hit'====== Args={'shot': 'bumper2'}
2025-11-09 18:49:45,754 : INFO : EventManager : Event: ======'bumpers_lit_hit'====== Args={'shot': 'bumper2'}
2025-11-09 18:49:45,754 : INFO : EventManager : Event: ======'player_score'====== Args={'value': 36000, 'prev_value': 33000, 'change': 3000, 'player_num': 1, 'source': 'bumpers'}
2025-11-09 18:49:45,754 : INFO : EventManager : Event: ======'timer_bumper_timer_tick'====== Args={'ticks': 0, 'ticks_remaining': 1}
2025-11-09 18:49:45,835 : INFO : SwitchController : <<<<<<< 's_popbumper2' inactive >>>>>>>
2025-11-09 18:49:45,916 : INFO : SwitchController : <<<<<<< 's_popbumper2' active >>>>>>>
2025-11-09 18:49:45,916 : INFO : EventManager : Event: ======'s_popbumper2_active'====== Args={}
2025-11-09 18:49:45,916 : INFO : EventManager : Event: ======'machine_var_audits_switches_s_popbumper2'====== Args={'value': 3800, 'prev_value': 3799, 'change': 1}
2025-11-09 18:49:45,916 : INFO : EventManager : Event: ======'machine_var_audits_shots_bumper2'====== Args={'value': 3759, 'prev_value': 3758, 'change': 1}
2025-11-09 18:49:45,916 : INFO : EventManager : Event: ======'bumper2_hit'====== Args={'profile': 'default', 'state': 'lit', 'advancing': False}
2025-11-09 18:49:45,916 : INFO : EventManager : Event: ======'bumper2_default_hit'====== Args={'profile': 'default', 'state': 'lit', 'advancing': False}
2025-11-09 18:49:45,916 : INFO : EventManager : Event: ======'bumper2_default_lit_hit'====== Args={'profile': 'default', 'state': 'lit', 'advancing': False}
2025-11-09 18:49:45,916 : INFO : EventManager : Event: ======'bumper2_lit_hit'====== Args={'profile': 'default', 'state': 'lit', 'advancing': False}
2025-11-09 18:49:45,916 : INFO : EventManager : Event: ======'bumpers_hit'====== Args={'shot': 'bumper2'}
2025-11-09 18:49:45,917 : INFO : EventManager : Event: ======'bumpers_lit_hit'====== Args={'shot': 'bumper2'}
2025-11-09 18:49:45,917 : INFO : EventManager : Event: ======'player_score'====== Args={'value': 39000, 'prev_value': 36000, 'change': 3000, 'player_num': 1, 'source': 'bumpers'}
2025-11-09 18:49:45,917 : INFO : EventManager : Event: ======'timer_bumper_timer_tick'====== Args={'ticks': 0, 'ticks_remaining': 1}
2025-11-09 18:49:46,118 : INFO : EventManager : Event: ======'player_bumpers_bumper_timer_tick'====== Args={'value': 1, 'prev_value': 0, 'change': 1, 'player_num': 1}
2025-11-09 18:49:46,119 : INFO : Timer.bumper_timer : Timer Complete
2025-11-09 18:49:46,119 : INFO : Timer.bumper_timer : Stopping Timer
2025-11-09 18:49:46,119 : INFO : EventManager : Event: ======'timer_bumper_timer_stopped'====== Args={'ticks': 1, 'ticks_remaining': 1}
2025-11-09 18:49:46,120 : INFO : EventManager : Event: ======'timer_bumper_timer_complete'====== Args={'ticks': 1, 'ticks_remaining': 1}
2025-11-09 18:49:46,146 : INFO : EventManager : Event: ======'widget_bumper_widget_removed'====== Args={'_from_bcp': True}
2025-11-09 18:49:46,483 : INFO : SwitchController : <<<<<<< 's_popbumper2' inactive >>>>>>>
2025-11-09 18:49:46,601 : INFO : SwitchController : <<<<<<< 's_popbumper2' active >>>>>>>
2025-11-09 18:49:46,601 : INFO : EventManager : Event: ======'s_popbumper2_active'====== Args={}
2025-11-09 18:49:46,601 : INFO : EventManager : Event: ======'machine_var_audits_switches_s_popbumper2'====== Args={'value': 3801, 'prev_value': 3800, 'change': 1}
2025-11-09 18:49:46,602 : INFO : EventManager : Event: ======'machine_var_audits_shots_bumper2'====== Args={'value': 3760, 'prev_value': 3759, 'change': 1}
2025-11-09 18:49:46,603 : INFO : EventManager : Event: ======'bumper2_hit'====== Args={'profile': 'default', 'state': 'lit', 'advancing': False}
2025-11-09 18:49:46,603 : INFO : EventManager : Event: ======'bumper2_default_hit'====== Args={'profile': 'default', 'state': 'lit', 'advancing': False}
2025-11-09 18:49:46,603 : INFO : EventManager : Event: ======'bumper2_default_lit_hit'====== Args={'profile': 'default', 'state': 'lit', 'advancing': False}
2025-11-09 18:49:46,603 : INFO : EventManager : Event: ======'bumper2_lit_hit'====== Args={'profile': 'default', 'state': 'lit', 'advancing': False}
2025-11-09 18:49:46,604 : INFO : EventManager : Event: ======'bumpers_hit'====== Args={'shot': 'bumper2'}
2025-11-09 18:49:46,604 : INFO : EventManager : Event: ======'bumpers_lit_hit'====== Args={'shot': 'bumper2'}
2025-11-09 18:49:46,604 : INFO : EventManager : Event: ======'player_score'====== Args={'value': 42000, 'prev_value': 39000, 'change': 3000, 'player_num': 1, 'source': 'bumpers'}
2025-11-09 18:49:46,604 : INFO : EventManager : Event: ======'player_bumpers_bumper_timer_tick'====== Args={'value': 0, 'prev_value': 1, 'change': -1, 'player_num': 1}
2025-11-09 18:49:46,605 : INFO : Timer.bumper_timer : Starting Timer.
2025-11-09 18:49:46,605 : INFO : EventManager : Event: ======'timer_bumper_timer_started'====== Args={'ticks': 0, 'ticks_remaining': 1}
2025-11-09 18:49:46,605 : INFO : EventManager : Event: ======'timer_bumper_timer_tick'====== Args={'ticks': 0, 'ticks_remaining': 1}
2025-11-09 18:49:46,630 : INFO : EventManager : Event: ======'widget_bumper_widget_active'====== Args={'original_context': 'bumpers', 'original_calling_context': 'bumpers_hit', 'priority': 200.0, 'shot': 'bumper2', 'cmd': 'widgets_play', '_from_bcp': True}
2025-11-09 18:49:46,806 : INFO : EventManager : Event: ======'player_bumpers_bumper_timer_tick'====== Args={'value': 1, 'prev_value': 0, 'change': 1, 'player_num': 1}
2025-11-09 18:49:46,806 : INFO : Timer.bumper_timer : Timer Complete
2025-11-09 18:49:46,806 : INFO : Timer.bumper_timer : Stopping Timer
2025-11-09 18:49:46,806 : INFO : EventManager : Event: ======'timer_bumper_timer_stopped'====== Args={'ticks': 1, 'ticks_remaining': 1}
2025-11-09 18:49:46,807 : INFO : EventManager : Event: ======'timer_bumper_timer_complete'====== Args={'ticks': 1, 'ticks_remaining': 1}
2025-11-09 18:49:46,829 : INFO : EventManager : Event: ======'widget_bumper_widget_removed'====== Args={'_from_bcp': True}
2025-11-09 18:49:47,338 : INFO : SwitchController : <<<<<<< 's_popbumper2' inactive >>>>>>>
2025-11-09 18:49:47,450 : INFO : SwitchController : <<<<<<< 's_popbumper2' active >>>>>>>
2025-11-09 18:49:47,451 : INFO : EventManager : Event: ======'s_popbumper2_active'====== Args={}
2025-11-09 18:49:47,451 : INFO : EventManager : Event: ======'machine_var_audits_switches_s_popbumper2'====== Args={'value': 3802, 'prev_value': 3801, 'change': 1}
2025-11-09 18:49:47,452 : INFO : EventManager : Event: ======'machine_var_audits_shots_bumper2'====== Args={'value': 3761, 'prev_value': 3760, 'change': 1}
2025-11-09 18:49:47,452 : INFO : EventManager : Event: ======'bumper2_hit'====== Args={'profile': 'default', 'state': 'lit', 'advancing': False}
2025-11-09 18:49:47,452 : INFO : EventManager : Event: ======'bumper2_default_hit'====== Args={'profile': 'default', 'state': 'lit', 'advancing': False}
2025-11-09 18:49:47,452 : INFO : EventManager : Event: ======'bumper2_default_lit_hit'====== Args={'profile': 'default', 'state': 'lit', 'advancing': False}
2025-11-09 18:49:47,452 : INFO : EventManager : Event: ======'bumper2_lit_hit'====== Args={'profile': 'default', 'state': 'lit', 'advancing': False}
2025-11-09 18:49:47,453 : INFO : EventManager : Event: ======'bumpers_hit'====== Args={'shot': 'bumper2'}
2025-11-09 18:49:47,453 : INFO : EventManager : Event: ======'bumpers_lit_hit'====== Args={'shot': 'bumper2'}
2025-11-09 18:49:47,453 : INFO : EventManager : Event: ======'player_score'====== Args={'value': 45000, 'prev_value': 42000, 'change': 3000, 'player_num': 1, 'source': 'bumpers'}
2025-11-09 18:49:47,454 : INFO : EventManager : Event: ======'player_bumpers_bumper_timer_tick'====== Args={'value': 0, 'prev_value': 1, 'change': -1, 'player_num': 1}
2025-11-09 18:49:47,454 : INFO : Timer.bumper_timer : Starting Timer.
2025-11-09 18:49:47,454 : INFO : EventManager : Event: ======'timer_bumper_timer_started'====== Args={'ticks': 0, 'ticks_remaining': 1}
2025-11-09 18:49:47,454 : INFO : EventManager : Event: ======'timer_bumper_timer_tick'====== Args={'ticks': 0, 'ticks_remaining': 1}
2025-11-09 18:49:47,497 : INFO : EventManager : Event: ======'widget_bumper_widget_active'====== Args={'original_context': 'bumpers', 'original_calling_context': 'bumpers_hit', 'priority': 200.0, 'shot': 'bumper2', 'cmd': 'widgets_play', '_from_bcp': True}
2025-11-09 18:49:47,654 : INFO : EventManager : Event: ======'player_bumpers_bumper_timer_tick'====== Args={'value': 1, 'prev_value': 0, 'change': 1, 'player_num': 1}
2025-11-09 18:49:47,655 : INFO : Timer.bumper_timer : Timer Complete
2025-11-09 18:49:47,655 : INFO : Timer.bumper_timer : Stopping Timer
2025-11-09 18:49:47,655 : INFO : EventManager : Event: ======'timer_bumper_timer_stopped'====== Args={'ticks': 1, 'ticks_remaining': 1}
2025-11-09 18:49:47,655 : INFO : EventManager : Event: ======'timer_bumper_timer_complete'====== Args={'ticks': 1, 'ticks_remaining': 1}
2025-11-09 18:49:47,679 : INFO : EventManager : Event: ======'widget_bumper_widget_removed'====== Args={'_from_bcp': True}
2025-11-09 18:49:48,118 : INFO : SwitchController : <<<<<<< 's_popbumper2' inactive >>>>>>>
2025-11-09 18:49:48,234 : INFO : SwitchController : <<<<<<< 's_popbumper2' active >>>>>>>
2025-11-09 18:49:48,234 : INFO : EventManager : Event: ======'s_popbumper2_active'====== Args={}
2025-11-09 18:49:48,234 : INFO : EventManager : Event: ======'machine_var_audits_switches_s_popbumper2'====== Args={'value': 3803, 'prev_value': 3802, 'change': 1}
2025-11-09 18:49:48,235 : INFO : EventManager : Event: ======'machine_var_audits_shots_bumper2'====== Args={'value': 3762, 'prev_value': 3761, 'change': 1}
2025-11-09 18:49:48,235 : INFO : EventManager : Event: ======'bumper2_hit'====== Args={'profile': 'default', 'state': 'lit', 'advancing': False}
2025-11-09 18:49:48,235 : INFO : EventManager : Event: ======'bumper2_default_hit'====== Args={'profile': 'default', 'state': 'lit', 'advancing': False}
2025-11-09 18:49:48,236 : INFO : EventManager : Event: ======'bumper2_default_lit_hit'====== Args={'profile': 'default', 'state': 'lit', 'advancing': False}
2025-11-09 18:49:48,236 : INFO : EventManager : Event: ======'bumper2_lit_hit'====== Args={'profile': 'default', 'state': 'lit', 'advancing': False}
2025-11-09 18:49:48,236 : INFO : EventManager : Event: ======'bumpers_hit'====== Args={'shot': 'bumper2'}
2025-11-09 18:49:48,236 : INFO : EventManager : Event: ======'bumpers_lit_hit'====== Args={'shot': 'bumper2'}
2025-11-09 18:49:48,236 : INFO : EventManager : Event: ======'player_score'====== Args={'value': 48000, 'prev_value': 45000, 'change': 3000, 'player_num': 1, 'source': 'bumpers'}
2025-11-09 18:49:48,237 : INFO : EventManager : Event: ======'player_bumpers_bumper_timer_tick'====== Args={'value': 0, 'prev_value': 1, 'change': -1, 'player_num': 1}
2025-11-09 18:49:48,237 : INFO : Timer.bumper_timer : Starting Timer.
2025-11-09 18:49:48,237 : INFO : EventManager : Event: ======'timer_bumper_timer_started'====== Args={'ticks': 0, 'ticks_remaining': 1}
2025-11-09 18:49:48,238 : INFO : EventManager : Event: ======'timer_bumper_timer_tick'====== Args={'ticks': 0, 'ticks_remaining': 1}
2025-11-09 18:49:48,281 : INFO : EventManager : Event: ======'widget_bumper_widget_active'====== Args={'original_context': 'bumpers', 'original_calling_context': 'bumpers_hit', 'priority': 200.0, 'shot': 'bumper2', 'cmd': 'widgets_play', '_from_bcp': True}
2025-11-09 18:49:48,438 : INFO : EventManager : Event: ======'player_bumpers_bumper_timer_tick'====== Args={'value': 1, 'prev_value': 0, 'change': 1, 'player_num': 1}
2025-11-09 18:49:48,438 : INFO : Timer.bumper_timer : Timer Complete
2025-11-09 18:49:48,438 : INFO : Timer.bumper_timer : Stopping Timer
2025-11-09 18:49:48,438 : INFO : EventManager : Event: ======'timer_bumper_timer_stopped'====== Args={'ticks': 1, 'ticks_remaining': 1}
2025-11-09 18:49:48,438 : INFO : EventManager : Event: ======'timer_bumper_timer_complete'====== Args={'ticks': 1, 'ticks_remaining': 1}
2025-11-09 18:49:48,446 : INFO : EventManager : Event: ======'widget_bumper_widget_removed'====== Args={'_from_bcp': True}
2025-11-09 18:49:48,884 : INFO : SwitchController : <<<<<<< 's_popbumper2' inactive >>>>>>>
2025-11-09 18:49:49,017 : INFO : SwitchController : <<<<<<< 's_popbumper2' active >>>>>>>
2025-11-09 18:49:49,017 : INFO : EventManager : Event: ======'s_popbumper2_active'====== Args={}
2025-11-09 18:49:49,018 : INFO : EventManager : Event: ======'machine_var_audits_switches_s_popbumper2'====== Args={'value': 3804, 'prev_value': 3803, 'change': 1}
2025-11-09 18:49:49,018 : INFO : EventManager : Event: ======'machine_var_audits_shots_bumper2'====== Args={'value': 3763, 'prev_value': 3762, 'change': 1}
2025-11-09 18:49:49,019 : INFO : EventManager : Event: ======'bumper2_hit'====== Args={'profile': 'default', 'state': 'lit', 'advancing': False}
2025-11-09 18:49:49,019 : INFO : EventManager : Event: ======'bumper2_default_hit'====== Args={'profile': 'default', 'state': 'lit', 'advancing': False}
2025-11-09 18:49:49,019 : INFO : EventManager : Event: ======'bumper2_default_lit_hit'====== Args={'profile': 'default', 'state': 'lit', 'advancing': False}
2025-11-09 18:49:49,019 : INFO : EventManager : Event: ======'bumper2_lit_hit'====== Args={'profile': 'default', 'state': 'lit', 'advancing': False}
2025-11-09 18:49:49,019 : INFO : EventManager : Event: ======'bumpers_hit'====== Args={'shot': 'bumper2'}
2025-11-09 18:49:49,020 : INFO : EventManager : Event: ======'bumpers_lit_hit'====== Args={'shot': 'bumper2'}
2025-11-09 18:49:49,020 : INFO : EventManager : Event: ======'player_score'====== Args={'value': 51000, 'prev_value': 48000, 'change': 3000, 'player_num': 1, 'source': 'bumpers'}
2025-11-09 18:49:49,020 : INFO : EventManager : Event: ======'player_bumpers_bumper_timer_tick'====== Args={'value': 0, 'prev_value': 1, 'change': -1, 'player_num': 1}
2025-11-09 18:49:49,021 : INFO : Timer.bumper_timer : Starting Timer.
2025-11-09 18:49:49,021 : INFO : EventManager : Event: ======'timer_bumper_timer_started'====== Args={'ticks': 0, 'ticks_remaining': 1}
2025-11-09 18:49:49,021 : INFO : EventManager : Event: ======'timer_bumper_timer_tick'====== Args={'ticks': 0, 'ticks_remaining': 1}
2025-11-09 18:49:49,047 : INFO : EventManager : Event: ======'widget_bumper_widget_active'====== Args={'original_context': 'bumpers', 'original_calling_context': 'bumpers_hit', 'priority': 200.0, 'shot': 'bumper2', 'cmd': 'widgets_play', '_from_bcp': True}
2025-11-09 18:49:49,221 : INFO : EventManager : Event: ======'player_bumpers_bumper_timer_tick'====== Args={'value': 1, 'prev_value': 0, 'change': 1, 'player_num': 1}
2025-11-09 18:49:49,222 : INFO : Timer.bumper_timer : Timer Complete
2025-11-09 18:49:49,222 : INFO : Timer.bumper_timer : Stopping Timer
2025-11-09 18:49:49,222 : INFO : EventManager : Event: ======'timer_bumper_timer_stopped'====== Args={'ticks': 1, 'ticks_remaining': 1}
2025-11-09 18:49:49,223 : INFO : EventManager : Event: ======'timer_bumper_timer_complete'====== Args={'ticks': 1, 'ticks_remaining': 1}
2025-11-09 18:49:49,263 : INFO : EventManager : Event: ======'widget_bumper_widget_removed'====== Args={'_from_bcp': True}
2025-11-09 18:49:49,701 : INFO : SwitchController : <<<<<<< 's_popbumper2' inactive >>>>>>>
2025-11-09 18:49:49,934 : INFO : SwitchController : <<<<<<< 's_popbumper2' active >>>>>>>
2025-11-09 18:49:49,934 : INFO : EventManager : Event: ======'s_popbumper2_active'====== Args={}
2025-11-09 18:49:49,935 : INFO : EventManager : Event: ======'machine_var_audits_switches_s_popbumper2'====== Args={'value': 3805, 'prev_value': 3804, 'change': 1}
2025-11-09 18:49:49,935 : INFO : EventManager : Event: ======'machine_var_audits_shots_bumper2'====== Args={'value': 3764, 'prev_value': 3763, 'change': 1}
2025-11-09 18:49:49,936 : INFO : EventManager : Event: ======'bumper2_hit'====== Args={'profile': 'default', 'state': 'lit', 'advancing': False}
2025-11-09 18:49:49,936 : INFO : EventManager : Event: ======'bumper2_default_hit'====== Args={'profile': 'default', 'state': 'lit', 'advancing': False}
2025-11-09 18:49:49,936 : INFO : EventManager : Event: ======'bumper2_default_lit_hit'====== Args={'profile': 'default', 'state': 'lit', 'advancing': False}
2025-11-09 18:49:49,937 : INFO : EventManager : Event: ======'bumper2_lit_hit'====== Args={'profile': 'default', 'state': 'lit', 'advancing': False}
2025-11-09 18:49:49,937 : INFO : EventManager : Event: ======'bumpers_hit'====== Args={'shot': 'bumper2'}
2025-11-09 18:49:49,937 : INFO : EventManager : Event: ======'bumpers_lit_hit'====== Args={'shot': 'bumper2'}
2025-11-09 18:49:49,937 : INFO : EventManager : Event: ======'player_score'====== Args={'value': 54000, 'prev_value': 51000, 'change': 3000, 'player_num': 1, 'source': 'bumpers'}
2025-11-09 18:49:49,938 : INFO : EventManager : Event: ======'player_bumpers_bumper_timer_tick'====== Args={'value': 0, 'prev_value': 1, 'change': -1, 'player_num': 1}
2025-11-09 18:49:49,938 : INFO : Timer.bumper_timer : Starting Timer.
2025-11-09 18:49:49,938 : INFO : EventManager : Event: ======'timer_bumper_timer_started'====== Args={'ticks': 0, 'ticks_remaining': 1}
2025-11-09 18:49:49,938 : INFO : EventManager : Event: ======'timer_bumper_timer_tick'====== Args={'ticks': 0, 'ticks_remaining': 1}
2025-11-09 18:49:49,964 : INFO : EventManager : Event: ======'widget_bumper_widget_active'====== Args={'original_context': 'bumpers', 'original_calling_context': 'bumpers_hit', 'priority': 200.0, 'shot': 'bumper2', 'cmd': 'widgets_play', '_from_bcp': True}
2025-11-09 18:49:50,139 : INFO : EventManager : Event: ======'player_bumpers_bumper_timer_tick'====== Args={'value': 1, 'prev_value': 0, 'change': 1, 'player_num': 1}
2025-11-09 18:49:50,140 : INFO : Timer.bumper_timer : Timer Complete
2025-11-09 18:49:50,140 : INFO : Timer.bumper_timer : Stopping Timer
2025-11-09 18:49:50,140 : INFO : EventManager : Event: ======'timer_bumper_timer_stopped'====== Args={'ticks': 1, 'ticks_remaining': 1}
2025-11-09 18:49:50,140 : INFO : EventManager : Event: ======'timer_bumper_timer_complete'====== Args={'ticks': 1, 'ticks_remaining': 1}
2025-11-09 18:49:50,179 : INFO : EventManager : Event: ======'widget_bumper_widget_removed'====== Args={'_from_bcp': True}
2025-11-09 18:50:20,163 : INFO : Machine : Shutting down...
2025-11-09 18:50:20,163 : INFO : EventManager : Event: ======'shutdown'====== Args={}
2025-11-09 18:50:20,165 : INFO : EventManager : Event: ======'mode_game_will_stop'====== Args={}
2025-11-09 18:50:20,165 : INFO : EventManager : Event: ======'mode_game_stopping'====== Args={}
2025-11-09 18:50:20,166 : INFO : EventManager : Event: ======'mode_base_will_stop'====== Args={}
2025-11-09 18:50:20,166 : INFO : EventManager : Event: ======'mode_base_stopping'====== Args={}
2025-11-09 18:50:20,166 : INFO : EventManager : Event: ======'mode_skull_will_stop'====== Args={}
2025-11-09 18:50:20,166 : INFO : EventManager : Event: ======'mode_skull_stopping'====== Args={}
2025-11-09 18:50:20,166 : INFO : EventManager : Event: ======'mode_csi_lanes_will_stop'====== Args={}
2025-11-09 18:50:20,166 : INFO : EventManager : Event: ======'mode_csi_lanes_stopping'====== Args={}
2025-11-09 18:50:20,166 : INFO : EventManager : Event: ======'mode_bumpers_will_stop'====== Args={}
2025-11-09 18:50:20,167 : INFO : EventManager : Event: ======'mode_bumpers_stopping'====== Args={}
2025-11-09 18:50:20,167 : INFO : EventManager : Event: ======'stop_mode_bumpers'====== Args={'priority': 0}
2025-11-09 18:50:20,167 : INFO : EventManager : Event: ======'stop_mode_csi_lanes'====== Args={'priority': 0}
2025-11-09 18:50:20,167 : INFO : EventManager : Event: ======'stop_mode_skull'====== Args={'priority': 0}
2025-11-09 18:50:20,167 : INFO : Mode.bumpers : Stopped.
2025-11-09 18:50:20,167 : INFO : EventManager : Event: ======'modes_active_modes_changed'====== Args={}
2025-11-09 18:50:20,167 : INFO : EventManager : Event: ======'mode_bumpers_stopped'====== Args={}
2025-11-09 18:50:20,167 : INFO : EventManager : Event: ======'clear'====== Args={'key': 'bumpers'}
2025-11-09 18:50:20,167 : INFO : Timer.bumper_timer : Stopping Timer
2025-11-09 18:50:20,167 : INFO : EventManager : Event: ======'timer_bumper_timer_stopped'====== Args={'ticks': 1, 'ticks_remaining': 1}
2025-11-09 18:50:20,168 : INFO : Mode.csi_lanes : Stopped.
2025-11-09 18:50:20,168 : INFO : EventManager : Event: ======'modes_active_modes_changed'====== Args={}
2025-11-09 18:50:20,168 : INFO : EventManager : Event: ======'mode_csi_lanes_stopped'====== Args={}
2025-11-09 18:50:20,168 : INFO : EventManager : Event: ======'clear'====== Args={'key': 'csi_lanes'}
2025-11-09 18:50:20,168 : INFO : Timer.csi_lanes_timer : Stopping Timer
2025-11-09 18:50:20,168 : INFO : EventManager : Event: ======'timer_csi_lanes_timer_stopped'====== Args={'ticks': 1, 'ticks_remaining': 1}
2025-11-09 18:50:20,169 : INFO : Timer.csi_right_orbit_timer : Stopping Timer
2025-11-09 18:50:20,169 : INFO : EventManager : Event: ======'timer_csi_right_orbit_timer_stopped'====== Args={'ticks': 0, 'ticks_remaining': 0}
2025-11-09 18:50:20,169 : INFO : Mode.skull : Stopped.
2025-11-09 18:50:20,169 : INFO : EventManager : Event: ======'modes_active_modes_changed'====== Args={}
2025-11-09 18:50:20,169 : INFO : EventManager : Event: ======'mode_skull_stopped'====== Args={}
2025-11-09 18:50:20,169 : INFO : EventManager : Event: ======'clear'====== Args={'key': 'skull'}
2025-11-09 18:50:20,169 : INFO : Timer.pause_timer : Stopping Timer
2025-11-09 18:50:20,169 : INFO : EventManager : Event: ======'timer_pause_timer_stopped'====== Args={'ticks': 1, 'ticks_remaining': 1}
2025-11-09 18:50:20,169 : INFO : Mode.base : Stopped.
2025-11-09 18:50:20,169 : INFO : EventManager : Event: ======'modes_active_modes_changed'====== Args={}
2025-11-09 18:50:20,169 : INFO : EventManager : Event: ======'mode_base_stopped'====== Args={}
2025-11-09 18:50:20,169 : INFO : EventManager : Event: ======'clear'====== Args={'key': 'base'}
2025-11-09 18:50:20,170 : INFO : Timer.player_added_timer : Stopping Timer
2025-11-09 18:50:20,170 : INFO : EventManager : Event: ======'timer_player_added_timer_stopped'====== Args={'ticks': 1, 'ticks_remaining': 1}
2025-11-09 18:50:20,170 : INFO : Mode.game : Stopped.
2025-11-09 18:50:20,170 : INFO : EventManager : Event: ======'modes_active_modes_changed'====== Args={}
2025-11-09 18:50:20,170 : INFO : EventManager : Event: ======'mode_game_stopped'====== Args={}
2025-11-09 18:50:20,170 : INFO : EventManager : Event: ======'clear'====== Args={'key': 'game'}
2025-11-09 18:50:20,177 : INFO : root : MPF run loop ended.
