2025-11-04 01:08:27,109 : INFO : root : Loading config.
2025-11-04 01:08:27,112 : INFO : YamlMultifileConfigLoader : Machine config file #1: config.yaml
2025-11-04 01:08:27,112 : INFO : ConfigProcessor : Loading config from cache: /var/folders/m3/0d4y64_n3fn8tnkv3ydlhztw0000gn/T/5ca32a6c950d03116abbed96ca44d372.mpf_cache
2025-11-04 01:08:27,123 : INFO : ConfigProcessor : Loading config from cache: /var/folders/m3/0d4y64_n3fn8tnkv3ydlhztw0000gn/T/01c495fa7450a81b4be96cb699872531.mpf_cache
2025-11-04 01:08:27,124 : INFO : ConfigProcessor : Loading config from cache: /var/folders/m3/0d4y64_n3fn8tnkv3ydlhztw0000gn/T/bfde29b5bb803376b0637bb8f0da27a7.mpf_cache
2025-11-04 01:08:27,124 : INFO : ConfigProcessor : Loading config from cache: /var/folders/m3/0d4y64_n3fn8tnkv3ydlhztw0000gn/T/01c495fa7450a81b4be96cb699872531.mpf_cache
2025-11-04 01:08:27,124 : INFO : ConfigProcessor : Loading config from cache: /var/folders/m3/0d4y64_n3fn8tnkv3ydlhztw0000gn/T/3ae89e09515ff8d8b11d68f672b2cc51.mpf_cache
2025-11-04 01:08:27,124 : INFO : ConfigProcessor : Loading config from cache: /var/folders/m3/0d4y64_n3fn8tnkv3ydlhztw0000gn/T/4c420229fa75118c2461cfc9ff5a44e2.mpf_cache
2025-11-04 01:08:27,124 : WARNING : ConfigProcessor : Config file in cache changed: /Users/didiergilbin/Desktop/Homebrew_CSI/modes/selectmission/config/selectmission.yaml
2025-11-04 01:08:27,124 : INFO : ConfigProcessor : Loading config from file /Users/didiergilbin/Desktop/Homebrew_CSI/modes/selectmission/config/selectmission.yaml.
2025-11-04 01:08:27,125 : INFO : ConfigProcessor : Loading config: /Users/didiergilbin/Desktop/Homebrew_CSI/modes/selectmission/config/selectmission.yaml
2025-11-04 01:08:27,125 : INFO : ConfigProcessor : Config file cache created: /var/folders/m3/0d4y64_n3fn8tnkv3ydlhztw0000gn/T/f5ee6852f1764324c8553249cc53c871.mpf_cache
2025-11-04 01:08:27,125 : INFO : Machine : Mission Pinball Framework Core Engine v0.80.0.dev10
2025-11-04 01:08:27,125 : INFO : Machine : Command line arguments: {'no_load_cache': False, 'create_config_cache': True, 'bcp': True, 'configfile': ['config.yaml'], 'force_assets_load': False, 'platform_integration_test': False, 'jsonlogging': False, 'logfile': 'logs/2025-11-04-01-08-27-mpf-mac.home.log', 'pause': False, 'production': False, 'text_ui': False, 'loglevel': 15, 'consoleloglevel': 20, 'force_platform': 'smart_virtual', 'syslog_address': None, 'full_logfile_path': '/Users/didiergilbin/Desktop/Homebrew_CSI/logs/2025-11-04-01-08-27-mpf-mac.home.log'}
2025-11-04 01:08:27,125 : INFO : Machine : MPF path: /Users/didiergilbin/mpfenv/lib/python3.13/site-packages/mpf
2025-11-04 01:08:27,125 : INFO : Machine : Machine path: /Users/didiergilbin/Desktop/Homebrew_CSI
2025-11-04 01:08:27,125 : INFO : Machine : Platform: darwin
2025-11-04 01:08:27,126 : INFO : Machine : Python executable location: /Users/didiergilbin/mpfenv/bin/python3.13
2025-11-04 01:08:27,126 : INFO : Machine : Python version: 3.13.7 (64-bit)
2025-11-04 01:08:27,126 : INFO : Machine : Initializing MPF...
2025-11-04 01:08:27,138 : INFO : EventManager : Event: ======'machine_var_credits_string'====== Args={'value': 'FREE PLAY', 'prev_value': None, 'change': True}
2025-11-04 01:08:27,141 : INFO : EventManager : Event: ======'machine_var_master_volume'====== Args={'value': 0.5, 'prev_value': None, 'change': True}
2025-11-04 01:08:27,141 : INFO : EventManager : Event: ======'machine_var_player1_score'====== Args={'value': 0, 'prev_value': None, 'change': True}
2025-11-04 01:08:27,141 : INFO : EventManager : Event: ======'machine_var_mpf_version'====== Args={'value': 'Mission Pinball Framework v0.80.0.dev10', 'prev_value': None, 'change': True}
2025-11-04 01:08:27,141 : INFO : EventManager : Event: ======'machine_var_mpf_extended_version'====== Args={'value': 'Mission Pinball Framework v0.80.0.dev10, Config version:6, Show version: 6, BCP version:1.1', 'prev_value': None, 'change': True}
2025-11-04 01:08:27,141 : INFO : EventManager : Event: ======'machine_var_python_version'====== Args={'value': '3.13.7', 'prev_value': None, 'change': True}
2025-11-04 01:08:27,147 : INFO : EventManager : Event: ======'machine_var_platform'====== Args={'value': 'macOS-15.6.1-arm64-arm-64bit-Mach-O', 'prev_value': None, 'change': True}
2025-11-04 01:08:27,147 : INFO : EventManager : Event: ======'machine_var_platform_system'====== Args={'value': 'Darwin', 'prev_value': None, 'change': True}
2025-11-04 01:08:27,147 : INFO : EventManager : Event: ======'machine_var_platform_release'====== Args={'value': '24.6.0', 'prev_value': None, 'change': True}
2025-11-04 01:08:27,147 : INFO : EventManager : Event: ======'machine_var_platform_version'====== Args={'value': 'Darwin Kernel Version 24.6.0: Mon Jul 14 11:30:40 PDT 2025; root:xnu-11417.140.69~1/RELEASE_ARM64_T8132', 'prev_value': None, 'change': True}
2025-11-04 01:08:27,147 : INFO : EventManager : Event: ======'machine_var_platform_machine'====== Args={'value': 'arm64', 'prev_value': None, 'change': True}
2025-11-04 01:08:27,147 : INFO : EventManager : Event: ======'machine_var_log_file_path'====== Args={'value': '/Users/didiergilbin/Desktop/Homebrew_CSI/logs/2025-11-04-01-08-27-mpf-mac.home.log', 'prev_value': None, 'change': True}
2025-11-04 01:08:27,147 : INFO : EventManager : Event: ======'init_phase_1'====== Args={}
2025-11-04 01:08:27,152 : INFO : EventManager : Event: ======'init_phase_2'====== Args={}
2025-11-04 01:08:27,152 : INFO : SwitchController : Found active switch: ('2', <Platform.SmartVirtual>) <switch.s_trough1>
2025-11-04 01:08:27,152 : INFO : SwitchController : Found active switch: ('3', <Platform.SmartVirtual>) <switch.s_trough2>
2025-11-04 01:08:27,152 : INFO : SwitchController : Found active switch: ('4', <Platform.SmartVirtual>) <switch.s_trough3>
2025-11-04 01:08:27,152 : INFO : SwitchController : Found active switch: ('5', <Platform.SmartVirtual>) <switch.s_trough4>
2025-11-04 01:08:27,153 : INFO : EventManager : Event: ======'bcp_connection_attempt'====== Args={'name': 'local_display', 'host': 'localhost', 'port': 5050}
2025-11-04 01:08:27,153 : INFO : BCPClientSocket : Connecting BCP to 'local_display' at localhost:5050...
2025-11-04 01:08:27,155 : INFO : BCPClientSocket : Connected BCP to 'local_display' localhost:5050
2025-11-04 01:08:27,155 : INFO : EventManager : Event: ======'bcp_clients_connected'====== Args={}
2025-11-04 01:08:27,156 : INFO : ball_device.bd_drain : BCH: Initial count: 0
2025-11-04 01:08:27,156 : INFO : ball_device.bd_drain : State: idle
2025-11-04 01:08:27,156 : INFO : ball_device.bd_trough : BCH: Initial count: 4
2025-11-04 01:08:27,156 : INFO : ball_device.bd_trough : State: idle
2025-11-04 01:08:27,156 : INFO : ball_device.bd_plunger : BCH: Initial count: 0
2025-11-04 01:08:27,156 : INFO : ball_device.bd_plunger : State: idle
2025-11-04 01:08:27,159 : INFO : EventManager : Event: ======'init_phase_3'====== Args={}
2025-11-04 01:08:27,159 : INFO : EventManager : Event: ======'init_phase_4'====== Args={}
2025-11-04 01:08:27,159 : INFO : BallController : Initial balls found: 4
2025-11-04 01:08:27,160 : INFO : EventManager : Event: ======'machine_var_audits_events_game_ended'====== Args={'value': 51, 'prev_value': None, 'change': True}
2025-11-04 01:08:27,160 : INFO : EventManager : Event: ======'machine_var_audits_events_game_started'====== Args={'value': 345, 'prev_value': None, 'change': True}
2025-11-04 01:08:27,160 : INFO : EventManager : Event: ======'machine_var_audits_missing_switches_s_drain'====== Args={'value': 6, 'prev_value': None, 'change': True}
2025-11-04 01:08:27,160 : INFO : EventManager : Event: ======'machine_var_audits_missing_switches_s_launch_button'====== Args={'value': 345, 'prev_value': None, 'change': True}
2025-11-04 01:08:27,160 : INFO : EventManager : Event: ======'machine_var_audits_missing_switches_s_popbumper1'====== Args={'value': 8, 'prev_value': None, 'change': True}
2025-11-04 01:08:27,160 : INFO : EventManager : Event: ======'machine_var_audits_missing_switches_s_popbumper2'====== Args={'value': 8, 'prev_value': None, 'change': True}
2025-11-04 01:08:27,160 : INFO : EventManager : Event: ======'machine_var_audits_missing_switches_s_popbumper3'====== Args={'value': 12, 'prev_value': None, 'change': True}
2025-11-04 01:08:27,160 : INFO : EventManager : Event: ======'machine_var_audits_missing_switches_s_sling_left'====== Args={'value': 345, 'prev_value': None, 'change': True}
2025-11-04 01:08:27,160 : INFO : EventManager : Event: ======'machine_var_audits_missing_switches_s_sling_right'====== Args={'value': 345, 'prev_value': None, 'change': True}
2025-11-04 01:08:27,160 : INFO : EventManager : Event: ======'machine_var_audits_missing_switches_s_start'====== Args={'value': 6, 'prev_value': None, 'change': True}
2025-11-04 01:08:27,160 : INFO : EventManager : Event: ======'machine_var_audits_missing_switches_s_trough1'====== Args={'value': 6, 'prev_value': None, 'change': True}
2025-11-04 01:08:27,160 : INFO : EventManager : Event: ======'machine_var_audits_missing_switches_s_trough2'====== Args={'value': 6, 'prev_value': None, 'change': True}
2025-11-04 01:08:27,160 : INFO : EventManager : Event: ======'machine_var_audits_missing_switches_s_trough3'====== Args={'value': 123, 'prev_value': None, 'change': True}
2025-11-04 01:08:27,160 : INFO : EventManager : Event: ======'machine_var_audits_missing_switches_s_trough4'====== Args={'value': 123, 'prev_value': None, 'change': True}
2025-11-04 01:08:27,160 : INFO : EventManager : Event: ======'machine_var_audits_missing_switches_s_trough_jam'====== Args={'value': 59, 'prev_value': None, 'change': True}
2025-11-04 01:08:27,160 : INFO : EventManager : Event: ======'machine_var_audits_player_score'====== Args={'value': {'average': 221066, 'top': [10210000, 1550000, 1070000, 1070000, 810000, 710000, 640000, 570000, 530000, 480000], 'total': 110}, 'prev_value': None, 'change': True}
2025-11-04 01:08:27,160 : INFO : EventManager : Event: ======'machine_var_audits_shots_bumper1'====== Args={'value': 3302, 'prev_value': None, 'change': True}
2025-11-04 01:08:27,160 : INFO : EventManager : Event: ======'machine_var_audits_shots_bumper2'====== Args={'value': 3252, 'prev_value': None, 'change': True}
2025-11-04 01:08:27,160 : INFO : EventManager : Event: ======'machine_var_audits_shots_bumper3'====== Args={'value': 2975, 'prev_value': None, 'change': True}
2025-11-04 01:08:27,160 : INFO : EventManager : Event: ======'machine_var_audits_switches_s_drain'====== Args={'value': 501, 'prev_value': None, 'change': True}
2025-11-04 01:08:27,160 : INFO : EventManager : Event: ======'machine_var_audits_switches_s_launch_button'====== Args={'value': 0, 'prev_value': None, 'change': True}
2025-11-04 01:08:27,160 : INFO : EventManager : Event: ======'machine_var_audits_switches_s_left_flipper'====== Args={'value': 245, 'prev_value': None, 'change': True}
2025-11-04 01:08:27,160 : INFO : EventManager : Event: ======'machine_var_audits_switches_s_plunger_lane'====== Args={'value': 699, 'prev_value': None, 'change': True}
2025-11-04 01:08:27,160 : INFO : EventManager : Event: ======'machine_var_audits_switches_s_popbumper1'====== Args={'value': 3346, 'prev_value': None, 'change': True}
2025-11-04 01:08:27,160 : INFO : EventManager : Event: ======'machine_var_audits_switches_s_popbumper2'====== Args={'value': 3293, 'prev_value': None, 'change': True}
2025-11-04 01:08:27,160 : INFO : EventManager : Event: ======'machine_var_audits_switches_s_popbumper3'====== Args={'value': 3017, 'prev_value': None, 'change': True}
2025-11-04 01:08:27,160 : INFO : EventManager : Event: ======'machine_var_audits_switches_s_right_flipper'====== Args={'value': 429, 'prev_value': None, 'change': True}
2025-11-04 01:08:27,160 : INFO : EventManager : Event: ======'machine_var_audits_switches_s_scoop'====== Args={'value': 311, 'prev_value': None, 'change': True}
2025-11-04 01:08:27,160 : INFO : EventManager : Event: ======'machine_var_audits_switches_s_sling_left'====== Args={'value': 0, 'prev_value': None, 'change': True}
2025-11-04 01:08:27,160 : INFO : EventManager : Event: ======'machine_var_audits_switches_s_sling_right'====== Args={'value': 0, 'prev_value': None, 'change': True}
2025-11-04 01:08:27,160 : INFO : EventManager : Event: ======'machine_var_audits_switches_s_start'====== Args={'value': 622, 'prev_value': None, 'change': True}
2025-11-04 01:08:27,160 : INFO : EventManager : Event: ======'machine_var_audits_switches_s_trough1'====== Args={'value': 351, 'prev_value': None, 'change': True}
2025-11-04 01:08:27,160 : INFO : EventManager : Event: ======'machine_var_audits_switches_s_trough2'====== Args={'value': 15, 'prev_value': None, 'change': True}
2025-11-04 01:08:27,160 : INFO : EventManager : Event: ======'machine_var_audits_switches_s_trough3'====== Args={'value': 1, 'prev_value': None, 'change': True}
2025-11-04 01:08:27,160 : INFO : EventManager : Event: ======'machine_var_audits_switches_s_trough4'====== Args={'value': 1, 'prev_value': None, 'change': True}
2025-11-04 01:08:27,160 : INFO : EventManager : Event: ======'machine_var_audits_switches_s_trough_jam'====== Args={'value': 8, 'prev_value': None, 'change': True}
2025-11-04 01:08:27,160 : INFO : EventManager : Event: ======'init_phase_5'====== Args={}
2025-11-04 01:08:27,161 : INFO : EventManager : Event: ======'init_done'====== Args={}
2025-11-04 01:08:27,161 : INFO : EventManager : Event: ======'machine_reset_phase_1'====== Args={}
2025-11-04 01:08:27,163 : INFO : EventManager : Event: ======'machine_reset_phase_2'====== Args={}
2025-11-04 01:08:27,163 : INFO : EventManager : Event: ======'machine_reset_phase_3'====== Args={}
2025-11-04 01:08:27,164 : INFO : EventManager : Event: ======'reset_complete'====== Args={}
2025-11-04 01:08:27,164 : INFO : EventManager : Event: ======'mode_attract_will_start'====== Args={}
2025-11-04 01:08:27,164 : INFO : Timer.attract_carousel_timer : Starting Timer.
2025-11-04 01:08:27,164 : INFO : EventManager : Event: ======'timer_attract_carousel_timer_started'====== Args={'ticks': 0, 'ticks_remaining': 1}
2025-11-04 01:08:27,164 : INFO : EventManager : Event: ======'timer_attract_carousel_timer_tick'====== Args={'ticks': 0, 'ticks_remaining': 1}
2025-11-04 01:08:27,164 : INFO : EventManager : Event: ======'mode_attract_starting'====== Args={}
2025-11-04 01:08:27,164 : INFO : Mode.attract : Started. Priority: 10
2025-11-04 01:08:27,164 : INFO : EventManager : Event: ======'modes_active_modes_changed'====== Args={}
2025-11-04 01:08:27,164 : INFO : EventManager : Event: ======'mode_attract_started'====== Args={}
2025-11-04 01:08:27,164 : INFO : EventManager : Event: ======'collecting_balls_complete'====== Args={}
2025-11-04 01:08:27,164 : INFO : EventManager : Event: ======'carousel_item_highlighted'====== Args={'carousel': 'attract', 'direction': None, 'item': 'title'}
2025-11-04 01:08:27,165 : INFO : Machine : Starting the main run loop with active modes: [<Mode.attract>]
2025-11-04 01:08:27,580 : INFO : EventManager : Event: ======'slide_attract_created'====== Args={'_from_bcp': True}
2025-11-04 01:08:27,580 : INFO : EventManager : Event: ======'slide__removed'====== Args={'_from_bcp': True}
2025-11-04 01:08:27,580 : INFO : EventManager : Event: ======'slide_attract_active'====== Args={'original_context': 'attract', 'original_calling_context': 'mode_attract_started', 'priority': 10.0, 'cmd': 'slides_play', '_from_bcp': True}
2025-11-04 01:08:27,651 : INFO : BcpServer : New client connected.
2025-11-04 01:08:29,713 : INFO : SwitchController : <<<<<<< 's_start' active >>>>>>>
2025-11-04 01:08:29,846 : INFO : SwitchController : <<<<<<< 's_start' inactive >>>>>>>
2025-11-04 01:08:29,847 : INFO : EventManager : Event: ======'request_to_start_game'====== Args={}
2025-11-04 01:08:29,848 : INFO : EventManager : Event: ======'game_start'====== Args={'buttons': [], 'hold_time': 0.1331589169567451}
2025-11-04 01:08:29,849 : INFO : EventManager : Event: ======'mode_game_will_start'====== Args={'buttons': [], 'hold_time': 0.1331589169567451}
2025-11-04 01:08:29,850 : INFO : EventManager : Event: ======'mode_game_starting'====== Args={'buttons': [], 'hold_time': 0.1331589169567451}
2025-11-04 01:08:29,850 : INFO : EventManager : Event: ======'mode_attract_will_stop'====== Args={}
2025-11-04 01:08:29,850 : INFO : EventManager : Event: ======'mode_attract_stopping'====== Args={}
2025-11-04 01:08:29,851 : INFO : Mode.attract : Stopped.
2025-11-04 01:08:29,851 : INFO : EventManager : Event: ======'modes_active_modes_changed'====== Args={}
2025-11-04 01:08:29,852 : INFO : EventManager : Event: ======'mode_attract_stopped'====== Args={}
2025-11-04 01:08:29,852 : INFO : EventManager : Event: ======'clear'====== Args={'key': 'attract'}
2025-11-04 01:08:29,853 : INFO : Timer.attract_carousel_timer : Stopping Timer
2025-11-04 01:08:29,853 : INFO : EventManager : Event: ======'timer_attract_carousel_timer_stopped'====== Args={'ticks': 0, 'ticks_remaining': 1}
2025-11-04 01:08:29,853 : INFO : Mode.game : Started. Priority: 20
2025-11-04 01:08:29,853 : INFO : EventManager : Event: ======'modes_active_modes_changed'====== Args={}
2025-11-04 01:08:29,853 : INFO : EventManager : Event: ======'mode_game_started'====== Args={'buttons': [], 'hold_time': 0.1331589169567451}
2025-11-04 01:08:29,854 : INFO : EventManager : Event: ======'game_will_start'====== Args={}
2025-11-04 01:08:29,855 : INFO : EventManager : Event: ======'game_starting'====== Args={'game': <Mode.game>}
2025-11-04 01:08:29,855 : INFO : EventManager : Unordered handler for class <Auditor> on event game_ended with priority 1. Handlers: [RegisteredHandler(callback=<bound method Auditor.disable of <Auditor>>, priority=1, kwargs={}, key=UUID('5d835e30-f55b-4653-9ce3-e1d2d91b2b90'), condition=None, blocking_facility=None), RegisteredHandler(callback=<bound method Auditor._save_audits of <Auditor>>, priority=1, kwargs={}, key=UUID('a39f51c7-d44a-4035-a1c7-3a111fc5b262'), condition=None, blocking_facility=None)]. The order of those handlers is not defined and they will be executed in random order. This might lead to race conditions and potential bugs.
2025-11-04 01:08:29,856 : INFO : EventManager : Event: ======'player_add_request'====== Args={}
2025-11-04 01:08:29,856 : INFO : EventManager : Event: ======'player_will_add'====== Args={'number': 1}
2025-11-04 01:08:29,856 : INFO : EventManager : Event: ======'player_adding'====== Args={'player': <Player 1>, 'number': 1}
2025-11-04 01:08:29,856 : INFO : EventManager : Event: ======'player_added'====== Args={'player': <Player 1>, 'num': 1}
2025-11-04 01:08:29,856 : INFO : Mode.game : Player added successfully. Total players: 1
2025-11-04 01:08:29,857 : INFO : EventManager : Event: ======'player_index'====== Args={'value': 0, 'prev_value': 0, 'change': 0, 'player_num': 1}
2025-11-04 01:08:29,857 : INFO : EventManager : Event: ======'player_number'====== Args={'value': 1, 'prev_value': 1, 'change': 0, 'player_num': 1}
2025-11-04 01:08:29,857 : INFO : EventManager : Event: ======'player_score'====== Args={'value': 0, 'prev_value': 0, 'change': 0, 'player_num': 1}
2025-11-04 01:08:29,857 : INFO : EventManager : Event: ======'game_started'====== Args={}
2025-11-04 01:08:29,858 : INFO : EventManager : Event: ======'player_turn_will_start'====== Args={'player': <Player 1>, 'number': 1}
2025-11-04 01:08:29,858 : INFO : EventManager : Event: ======'player_turn_starting'====== Args={'player': <Player 1>, 'number': 1}
2025-11-04 01:08:29,864 : INFO : EventManager : Event: ======'player_ball'====== Args={'value': 1, 'prev_value': 0, 'change': 1, 'player_num': 1}
2025-11-04 01:08:29,865 : INFO : EventManager : Event: ======'player_turn_started'====== Args={'player': <Player 1>, 'number': 1}
2025-11-04 01:08:29,865 : INFO : EventManager : Event: ======'ball_will_start'====== Args={'player': 1, 'ball': 1, 'balls_remaining': 2, 'is_extra_ball': False}
2025-11-04 01:08:29,866 : INFO : EventManager : Event: ======'ball_starting'====== Args={'player': 1, 'ball': 1, 'balls_remaining': 2, 'is_extra_ball': False}
2025-11-04 01:08:29,866 : INFO : EventManager : Event: ======'mode_base_will_start'====== Args={'queue': <QueuedEvent>, 'player': 1, 'ball': 1, 'balls_remaining': 2, 'is_extra_ball': False}
2025-11-04 01:08:29,866 : INFO : EventManager : Event: ======'player_base_player_added_timer_tick'====== Args={'value': 0, 'prev_value': 0, 'change': 0, 'player_num': 1}
2025-11-04 01:08:29,867 : INFO : Timer.player_added_timer : Starting Timer.
2025-11-04 01:08:29,867 : INFO : EventManager : Event: ======'timer_player_added_timer_started'====== Args={'ticks': 0, 'ticks_remaining': 1}
2025-11-04 01:08:29,867 : INFO : EventManager : Event: ======'timer_player_added_timer_tick'====== Args={'ticks': 0, 'ticks_remaining': 1}
2025-11-04 01:08:29,868 : INFO : EventManager : Event: ======'mode_base_starting'====== Args={'queue': <QueuedEvent>, 'player': 1, 'ball': 1, 'balls_remaining': 2, 'is_extra_ball': False}
2025-11-04 01:08:29,868 : INFO : Mode.base : Started. Priority: 100
2025-11-04 01:08:29,868 : INFO : EventManager : Event: ======'modes_active_modes_changed'====== Args={}
2025-11-04 01:08:29,868 : INFO : EventManager : Event: ======'mode_base_started'====== Args={'queue': <QueuedEvent>, 'player': 1, 'ball': 1, 'balls_remaining': 2, 'is_extra_ball': False}
2025-11-04 01:08:29,868 : INFO : EventManager : Event: ======'start_mode_bumpers'====== Args={'priority': 0}
2025-11-04 01:08:29,869 : INFO : EventManager : Event: ======'mode_bumpers_will_start'====== Args={'priority': 0}
2025-11-04 01:08:29,869 : INFO : EventManager : Event: ======'player_shot_bumper1_enabled'====== Args={'value': True, 'prev_value': 0, 'change': 1, 'player_num': 1}
2025-11-04 01:08:29,869 : INFO : EventManager : Event: ======'player_shot_bumper2_enabled'====== Args={'value': True, 'prev_value': 0, 'change': 1, 'player_num': 1}
2025-11-04 01:08:29,870 : INFO : EventManager : Event: ======'player_shot_bumper3_enabled'====== Args={'value': True, 'prev_value': 0, 'change': 1, 'player_num': 1}
2025-11-04 01:08:29,870 : INFO : EventManager : Event: ======'bumpers_complete'====== Args={'state': 'unlit'}
2025-11-04 01:08:29,870 : INFO : EventManager : Event: ======'bumpers_unlit_complete'====== Args={}
2025-11-04 01:08:29,871 : INFO : EventManager : Event: ======'mode_bumpers_starting'====== Args={'priority': 0}
2025-11-04 01:08:29,871 : INFO : Mode.bumpers : Started. Priority: 200
2025-11-04 01:08:29,871 : INFO : EventManager : Event: ======'modes_active_modes_changed'====== Args={}
2025-11-04 01:08:29,871 : INFO : EventManager : Event: ======'mode_bumpers_started'====== Args={'priority': 0}
2025-11-04 01:08:29,871 : INFO : EventManager : Event: ======'balls_in_play'====== Args={'balls': 1}
2025-11-04 01:08:29,872 : INFO : EventManager : Event: ======'ball_started'====== Args={'player': 1, 'ball': 1, 'balls_remaining': 2, 'is_extra_ball': False}
2025-11-04 01:08:29,872 : INFO : EventManager : Event: ======'single_player_ball_started'====== Args={}
2025-11-04 01:08:29,872 : INFO : EventManager : Event: ======'ball_start_target'====== Args={'target': 'playfield'}
2025-11-04 01:08:29,873 : INFO : ball_device.bd_trough : Setting up player-controlled eject. Balls: 1, Target: <playfield.playfield>, player_controlled_eject_event: None
2025-11-04 01:08:29,873 : INFO : ball_device.bd_trough : Adding 1 ball(s) to the eject_queue with target <playfield.playfield>.
2025-11-04 01:08:29,873 : INFO : EventManager : Event: ======'balldevice_balls_available'====== Args={}
2025-11-04 01:08:29,874 : INFO : ball_device.bd_trough : State: waiting_for_target_ready
2025-11-04 01:08:29,874 : INFO : EventManager : Event: ======'balldevice_bd_trough_ball_eject_attempt'====== Args={'balls': 1, 'target': <ball_device.bd_plunger>, 'source': <ball_device.bd_trough>, 'mechanical_eject': False, 'num_attempts': 0}
2025-11-04 01:08:29,874 : INFO : ball_device.bd_plunger : State: waiting_for_ball
2025-11-04 01:08:29,874 : INFO : ball_device.bd_trough : State: ejecting
2025-11-04 01:08:29,874 : INFO : ball_device.bd_trough : Ejecting ball to <ball_device.bd_plunger>
2025-11-04 01:08:29,874 : INFO : EventManager : Event: ======'balldevice_bd_trough_ejecting_ball'====== Args={'balls': 1, 'target': <ball_device.bd_plunger>, 'source': <ball_device.bd_trough>, 'mechanical_eject': False, 'num_attempts': 0}
2025-11-04 01:08:29,875 : INFO : ball_device.bd_trough : Wait for ball to leave device
2025-11-04 01:08:29,875 : INFO : coil.c_trough_eject : Pulsing Driver for 20ms (1.0 pulse_power)
2025-11-04 01:08:29,875 : INFO : SwitchController : <<<<<<< 's_trough1' inactive >>>>>>>
2025-11-04 01:08:29,876 : INFO : ball_device.bd_trough : State: ball_left
2025-11-04 01:08:29,876 : INFO : ball_device.bd_trough : Ball left
2025-11-04 01:08:29,876 : INFO : ball_device.bd_trough : Wait for confirm with timeout 3.0
2025-11-04 01:08:29,977 : INFO : SwitchController : <<<<<<< 's_plunger_lane' active >>>>>>>
2025-11-04 01:08:29,977 : INFO : EventManager : Event: ======'machine_var_audits_switches_s_plunger_lane'====== Args={'value': 700, 'prev_value': 699, 'change': 1}
2025-11-04 01:08:30,028 : INFO : EventManager : Event: ======'slide_base_slide_created'====== Args={'_from_bcp': True}
2025-11-04 01:08:30,029 : INFO : EventManager : Event: ======'slide_attract_inactive'====== Args={'is_removing': True, '_from_bcp': True}
2025-11-04 01:08:30,029 : INFO : EventManager : Event: ======'slide_base_slide_active'====== Args={'original_context': 'base', 'original_calling_context': 'mode_base_started', 'priority': 100.0, 'queue': '<QueuedEvent>', 'player': 1.0, 'ball': 1.0, 'balls_remaining': 2.0, 'is_extra_ball': False, 'cmd': 'slides_play', '_from_bcp': True}
2025-11-04 01:08:30,030 : INFO : EventManager : Event: ======'slide_attract_removed'====== Args={'_from_bcp': True}
2025-11-04 01:08:30,477 : INFO : ball_device.bd_plunger : Received ball from <ball_device.bd_trough>
2025-11-04 01:08:30,477 : INFO : EventManager : Event: ======'balldevice_bd_plunger_ball_enter'====== Args={'new_balls': 1, 'unclaimed_balls': 0, 'new_available_balls': 0, 'device': <ball_device.bd_plunger>}
2025-11-04 01:08:30,479 : INFO : EventManager : Event: ======'balldevice_bd_plunger_ball_entered'====== Args={'new_balls': 0, 'device': <ball_device.bd_plunger>}
2025-11-04 01:08:30,480 : INFO : EventManager : Event: ======'balldevice_bd_plunger_ball_count_changed'====== Args={'balls': 1}
2025-11-04 01:08:30,480 : INFO : ball_device.bd_trough : Got eject confirm
2025-11-04 01:08:30,481 : INFO : ball_device.bd_trough : Eject successful
2025-11-04 01:08:30,481 : INFO : EventManager : Event: ======'balldevice_bd_trough_ball_eject_success'====== Args={'balls': 1, 'target': <ball_device.bd_plunger>}
2025-11-04 01:08:30,482 : INFO : EventManager : Event: ======'balldevice_bd_trough_ball_count_changed'====== Args={'balls': 3}
2025-11-04 01:08:30,482 : INFO : ball_device.bd_trough : State: idle
2025-11-04 01:08:30,482 : INFO : ball_device.bd_plunger : State: waiting_for_target_ready
2025-11-04 01:08:30,483 : INFO : EventManager : Event: ======'balldevice_bd_plunger_ball_eject_attempt'====== Args={'balls': 1, 'target': <playfield.playfield>, 'source': <ball_device.bd_plunger>, 'mechanical_eject': False, 'num_attempts': 0}
2025-11-04 01:08:30,483 : INFO : ball_device.bd_plunger : State: ejecting
2025-11-04 01:08:30,483 : INFO : ball_device.bd_plunger : Ejecting ball to <playfield.playfield>
2025-11-04 01:08:30,483 : INFO : EventManager : Event: ======'balldevice_bd_plunger_ejecting_ball'====== Args={'balls': 1, 'target': <playfield.playfield>, 'source': <ball_device.bd_plunger>, 'mechanical_eject': False, 'num_attempts': 0}
2025-11-04 01:08:30,485 : INFO : ball_device.bd_plunger : Wait for ball to leave device
2025-11-04 01:08:30,485 : INFO : coil.c_plunger : Pulsing Driver for 20ms (1.0 pulse_power)
2025-11-04 01:08:30,485 : INFO : SwitchController : <<<<<<< 's_plunger_lane' inactive >>>>>>>
2025-11-04 01:08:30,486 : INFO : ball_device.bd_plunger : State: ball_left
2025-11-04 01:08:30,486 : INFO : ball_device.bd_plunger : Ball left
2025-11-04 01:08:30,486 : INFO : ball_device.bd_plunger : Wait for confirm with timeout 3.0
2025-11-04 01:08:30,568 : INFO : EventManager : Event: ======'player_base_player_added_timer_tick'====== Args={'value': 1, 'prev_value': 0, 'change': 1, 'player_num': 1}
2025-11-04 01:08:30,568 : INFO : Timer.player_added_timer : Timer Complete
2025-11-04 01:08:30,568 : INFO : Timer.player_added_timer : Stopping Timer
2025-11-04 01:08:30,568 : INFO : EventManager : Event: ======'timer_player_added_timer_stopped'====== Args={'ticks': 1, 'ticks_remaining': 1}
2025-11-04 01:08:30,569 : INFO : EventManager : Event: ======'timer_player_added_timer_complete'====== Args={'ticks': 1, 'ticks_remaining': 1}
2025-11-04 01:08:31,263 : INFO : SwitchController : <<<<<<< 's_scoop' active >>>>>>>
2025-11-04 01:08:31,263 : INFO : EventManager : Event: ======'s_scoop_active'====== Args={}
2025-11-04 01:08:31,264 : INFO : EventManager : Event: ======'machine_var_audits_switches_s_scoop'====== Args={'value': 312, 'prev_value': 311, 'change': 1}
2025-11-04 01:08:31,264 : INFO : EventManager : Event: ======'start_mode_selectmission'====== Args={'priority': 0}
2025-11-04 01:08:31,265 : INFO : EventManager : Event: ======'mode_selectmission_will_start'====== Args={'priority': 0}
2025-11-04 01:08:31,266 : INFO : EventManager : Event: ======'mode_selectmission_starting'====== Args={'priority': 0}
2025-11-04 01:08:31,266 : INFO : Mode.selectmission : Started. Priority: 200
2025-11-04 01:08:31,267 : INFO : EventManager : Event: ======'modes_active_modes_changed'====== Args={}
2025-11-04 01:08:31,267 : INFO : EventManager : Event: ======'mode_selectmission_started'====== Args={'priority': 0}
2025-11-04 01:08:31,315 : INFO : EventManager : Event: ======'widget_selectmission_widget_active'====== Args={'original_context': 'selectmission', 'original_calling_context': 'mode_selectmission_started', 'priority': 200.0, 'cmd': 'widgets_play', '_from_bcp': True}
2025-11-04 01:08:31,378 : INFO : SwitchController : <<<<<<< 's_scoop' inactive >>>>>>>
2025-11-04 01:08:32,129 : INFO : SwitchController : <<<<<<< 's_right_flipper' active >>>>>>>
2025-11-04 01:08:32,130 : INFO : EventManager : Event: ======'machine_var_audits_switches_s_right_flipper'====== Args={'value': 430, 'prev_value': 429, 'change': 1}
2025-11-04 01:08:32,262 : INFO : SwitchController : <<<<<<< 's_right_flipper' inactive >>>>>>>
2025-11-04 01:08:32,412 : INFO : SwitchController : <<<<<<< 's_right_flipper' active >>>>>>>
2025-11-04 01:08:32,413 : INFO : EventManager : Event: ======'machine_var_audits_switches_s_right_flipper'====== Args={'value': 431, 'prev_value': 430, 'change': 1}
2025-11-04 01:08:32,563 : INFO : SwitchController : <<<<<<< 's_right_flipper' inactive >>>>>>>
2025-11-04 01:08:32,812 : INFO : SwitchController : <<<<<<< 's_right_flipper' active >>>>>>>
2025-11-04 01:08:32,812 : INFO : EventManager : Event: ======'machine_var_audits_switches_s_right_flipper'====== Args={'value': 432, 'prev_value': 431, 'change': 1}
2025-11-04 01:08:32,896 : INFO : SwitchController : <<<<<<< 's_right_flipper' inactive >>>>>>>
2025-11-04 01:08:32,912 : INFO : SwitchController : <<<<<<< 's_left_flipper' active >>>>>>>
2025-11-04 01:08:32,912 : INFO : EventManager : Event: ======'machine_var_audits_switches_s_left_flipper'====== Args={'value': 246, 'prev_value': 245, 'change': 1}
2025-11-04 01:08:33,113 : INFO : SwitchController : <<<<<<< 's_left_flipper' inactive >>>>>>>
2025-11-04 01:08:33,263 : INFO : SwitchController : <<<<<<< 's_left_flipper' active >>>>>>>
2025-11-04 01:08:33,263 : INFO : EventManager : Event: ======'machine_var_audits_switches_s_left_flipper'====== Args={'value': 247, 'prev_value': 246, 'change': 1}
2025-11-04 01:08:33,265 : INFO : SwitchController : <<<<<<< 's_right_flipper' active >>>>>>>
2025-11-04 01:08:33,265 : INFO : EventManager : Event: ======'flipper_cancel'====== Args={'triggering_group': 2, 'triggering_switch': 's_right_flipper'}
2025-11-04 01:08:33,266 : INFO : EventManager : Event: ======'machine_var_audits_switches_s_right_flipper'====== Args={'value': 433, 'prev_value': 432, 'change': 1}
2025-11-04 01:08:33,296 : INFO : SwitchController : <<<<<<< 's_right_flipper' inactive >>>>>>>
2025-11-04 01:08:33,296 : INFO : EventManager : Event: ======'both_flippers_one'====== Args={'triggering_group': 2, 'triggering_switch': 's_right_flipper'}
2025-11-04 01:08:33,395 : INFO : SwitchController : <<<<<<< 's_left_flipper' inactive >>>>>>>
2025-11-04 01:08:33,395 : INFO : EventManager : Event: ======'both_flippers_inactive'====== Args={'triggering_group': 1, 'triggering_switch': 's_left_flipper'}
2025-11-04 01:08:33,487 : INFO : ball_device.bd_plunger : State: failed_confirm
2025-11-04 01:08:33,487 : INFO : ball_device.bd_plunger : Got timeout (3.0s) before confirm from <playfield.playfield>
2025-11-04 01:08:33,511 : INFO : SwitchController : <<<<<<< 's_right_flipper' active >>>>>>>
2025-11-04 01:08:33,511 : INFO : EventManager : Event: ======'machine_var_audits_switches_s_right_flipper'====== Args={'value': 434, 'prev_value': 433, 'change': 1}
2025-11-04 01:08:33,579 : INFO : SwitchController : <<<<<<< 's_left_flipper' active >>>>>>>
2025-11-04 01:08:33,579 : INFO : EventManager : Event: ======'flipper_cancel'====== Args={'triggering_group': 1, 'triggering_switch': 's_left_flipper'}
2025-11-04 01:08:33,579 : INFO : EventManager : Event: ======'machine_var_audits_switches_s_left_flipper'====== Args={'value': 248, 'prev_value': 247, 'change': 1}
2025-11-04 01:08:33,588 : INFO : ball_device.bd_plunger : Confirming eject because target is playfield and ball did not return.
2025-11-04 01:08:33,588 : INFO : ball_device.bd_plunger : Eject successful
2025-11-04 01:08:33,588 : INFO : EventManager : Event: ======'balldevice_bd_plunger_ball_eject_success'====== Args={'balls': 1, 'target': <playfield.playfield>}
2025-11-04 01:08:33,589 : INFO : EventManager : Event: ======'balldevice_playfield_ball_enter'====== Args={'new_balls': 1, 'unclaimed_balls': 1, 'device': <playfield.playfield>}
2025-11-04 01:08:33,589 : INFO : EventManager : Event: ======'playfield_ball_count_change'====== Args={'balls': 1, 'change': 1}
2025-11-04 01:08:33,589 : INFO : EventManager : Event: ======'balldevice_bd_plunger_ball_count_changed'====== Args={'balls': 0}
2025-11-04 01:08:33,589 : INFO : ball_device.bd_plunger : State: idle
2025-11-04 01:08:33,628 : INFO : SwitchController : <<<<<<< 's_right_flipper' inactive >>>>>>>
2025-11-04 01:08:33,628 : INFO : EventManager : Event: ======'both_flippers_one'====== Args={'triggering_group': 2, 'triggering_switch': 's_right_flipper'}
2025-11-04 01:08:33,661 : INFO : SwitchController : <<<<<<< 's_left_flipper' inactive >>>>>>>
2025-11-04 01:08:33,661 : INFO : EventManager : Event: ======'both_flippers_inactive'====== Args={'triggering_group': 1, 'triggering_switch': 's_left_flipper'}
2025-11-04 01:08:33,779 : INFO : SwitchController : <<<<<<< 's_left_flipper' active >>>>>>>
2025-11-04 01:08:33,779 : INFO : EventManager : Event: ======'machine_var_audits_switches_s_left_flipper'====== Args={'value': 249, 'prev_value': 248, 'change': 1}
2025-11-04 01:08:33,862 : INFO : SwitchController : <<<<<<< 's_left_flipper' inactive >>>>>>>
2025-11-04 01:08:36,929 : WARNING : SwitchController : Received duplicate switch state 0 for switch s_popbumper3 from the platform interface. Log Code: Log-SwitchController-1 (https://missionpinball.org/logs)
2025-11-04 01:08:39,129 : WARNING : SwitchController : Received duplicate switch state 0 for switch s_popbumper3 from the platform interface. Log Code: Log-SwitchController-1 (https://missionpinball.org/logs)
2025-11-04 01:08:41,996 : INFO : Machine : Shutting down...
2025-11-04 01:08:41,996 : INFO : EventManager : Event: ======'shutdown'====== Args={}
2025-11-04 01:08:41,998 : INFO : EventManager : Event: ======'mode_game_will_stop'====== Args={}
2025-11-04 01:08:41,998 : INFO : EventManager : Event: ======'mode_game_stopping'====== Args={}
2025-11-04 01:08:41,999 : INFO : EventManager : Event: ======'mode_selectmission_will_stop'====== Args={}
2025-11-04 01:08:41,999 : INFO : EventManager : Event: ======'mode_selectmission_stopping'====== Args={}
2025-11-04 01:08:41,999 : INFO : EventManager : Event: ======'mode_base_will_stop'====== Args={}
2025-11-04 01:08:41,999 : INFO : EventManager : Event: ======'mode_base_stopping'====== Args={}
2025-11-04 01:08:41,999 : INFO : EventManager : Event: ======'mode_bumpers_will_stop'====== Args={}
2025-11-04 01:08:42,000 : INFO : EventManager : Event: ======'mode_bumpers_stopping'====== Args={}
2025-11-04 01:08:42,000 : INFO : EventManager : Event: ======'stop_mode_bumpers'====== Args={'priority': 0}
2025-11-04 01:08:42,000 : INFO : Mode.bumpers : Stopped.
2025-11-04 01:08:42,000 : INFO : EventManager : Event: ======'modes_active_modes_changed'====== Args={}
2025-11-04 01:08:42,000 : INFO : EventManager : Event: ======'mode_bumpers_stopped'====== Args={}
2025-11-04 01:08:42,001 : INFO : EventManager : Event: ======'clear'====== Args={'key': 'bumpers'}
2025-11-04 01:08:42,001 : INFO : Mode.base : Stopped.
2025-11-04 01:08:42,001 : INFO : EventManager : Event: ======'modes_active_modes_changed'====== Args={}
2025-11-04 01:08:42,002 : INFO : EventManager : Event: ======'mode_base_stopped'====== Args={}
2025-11-04 01:08:42,002 : INFO : EventManager : Event: ======'clear'====== Args={'key': 'base'}
2025-11-04 01:08:42,002 : INFO : Timer.player_added_timer : Stopping Timer
2025-11-04 01:08:42,002 : INFO : EventManager : Event: ======'timer_player_added_timer_stopped'====== Args={'ticks': 1, 'ticks_remaining': 1}
2025-11-04 01:08:42,002 : INFO : Mode.selectmission : Stopped.
2025-11-04 01:08:42,002 : INFO : EventManager : Event: ======'modes_active_modes_changed'====== Args={}
2025-11-04 01:08:42,002 : INFO : EventManager : Event: ======'mode_selectmission_stopped'====== Args={}
2025-11-04 01:08:42,002 : INFO : EventManager : Event: ======'clear'====== Args={'key': 'selectmission'}
2025-11-04 01:08:42,002 : INFO : Mode.game : Stopped.
2025-11-04 01:08:42,002 : INFO : EventManager : Event: ======'modes_active_modes_changed'====== Args={}
2025-11-04 01:08:42,002 : INFO : EventManager : Event: ======'mode_game_stopped'====== Args={}
2025-11-04 01:08:42,003 : INFO : EventManager : Event: ======'clear'====== Args={'key': 'game'}
2025-11-04 01:08:42,005 : INFO : root : MPF run loop ended.
